-392.2531308133646
-394.3473871279721
-396.27499278116824
-398.0288217822442
-399.6025037409849
-400.9904120826754
-402.1875645287338
-403.189743700251
-403.99343859178
-404.5958534124244
-404.99486022212494
-405.18911169483715
-405.17794538677754
-404.9613836098574
-404.54017558179436
-403.9157766862339
-403.09033966968786
-402.06677120539337
-400.8486701497276
-399.44030368915566
-397.84673999192427
-396.07368451713745
-394.1275868142517
-392.01563687756015
-389.7457350574811
-387.3264891515252
-384.7672199864429
-382.07796401947553
-379.2694806990861
-375.80168108112593
-372.34327431044164
-368.894524487156
-365.45570497238833
-362.0270987553814
-358.6089988356196
-355.2017086204541
-352.340866214297
-348.8130683762398
-345.8574711294123
-342.2206440240979
-338.5909161121848
-334.96851777599494
-331.35365970240707
-327.7466214735721
-324.1476638768397
-320.5570588626795
-316.97509010787246
-314.4317601438901
-310.669489715131
-306.9122869918518
-303.16036970364195
-299.41390673358063
-295.67310584164665
-291.9382140331942
-288.20943149965996
-284.48702783822216
-280.77122742177556
-277.06232532359087
-273.360601802048
-269.66632346772354
-265.97982997339045
-262.301449186687
-258.63149860496947
-254.970371703911
-251.31845391304006
-247.6761524592714
-244.04389784055815
-240.42214541237544
-236.8113770962622
-233.21210322038132
-229.6248645028374
-226.0502617636708
-222.48887529345112
-218.94135047049102
-215.40838628643726
-211.89071081027086
-208.389098086861
-204.90435081343418
-201.4373925735479
-201.4373925735479
-197.47443405120362
-194.19416842868367
-190.90086567598843
-187.61065615058916
-184.34049668619002
-181.10816554640607
-177.93221446047457
-174.12848038383865
-171.0368100481177
-167.35135120666405
-163.68129661366697
-160.7149399797557
-157.20256027883767
-153.7148404176594
-150.9179980018193
-147.6338331275112
-144.38682907347894
-141.8096214871934
-138.8185370225781
-135.8806113892034
-132.99936722455192
-130.17858268716498
-127.42225775531102
-124.73466585286455
-122.12034533358714
-119.58410225552693
-117.13102549298172
-114.76643228187108
-112.49590253045983
-110.33048327353666
-108.72211328863578
-107.00376622369066
-105.4109602105085
-103.9494816453663
-102.62492566164892
-101.44265577866389
-100.40769834424043
-99.52464869150339
-98.79759586618283
-98.22998688504737
-98.22998688504737
-98.22998688504737
-98.22998688504737
-98.22998688504737
-98.22998688504737
-98.22998688504737
-98.22998688504737
-98.22998688504737
-98.22998688504737
-98.22998688504737
