-392.2531308133646
-394.3473871279721
-396.27499278116824
-398.0288217822442
-399.6025037409849
-400.9904120826754
-402.1875645287338
-403.189743700251
-403.99343859178
-404.5958534124244
-404.99486022212494
-405.18911169483715
-405.17794538677754
-404.9613836098574
-404.54017558179436
-403.9157766862339
-403.09033966968786
-402.06677120539337
-400.8486701497276
-399.44030368915566
-397.84673999192427
-396.07368451713745
-394.1275868142517
-392.01563687756015
-389.7457350574811
-387.3264891515252
-384.7672199864429
-382.07796401947553
-379.2694806990861
-375.80168108112593
-372.34327431044164
-368.894524487156
-365.45570497238833
-362.0270987553814
-358.6089988356196
-355.2017086204541
-352.340866214297
-348.8130683762398
-345.8574711294123
-342.2206440240979
-338.5909161121848
-334.96851777599494
-331.35365970240707
-327.7466214735721
-324.1476638768397
-320.5570588626795
-316.97509010787246
-314.7421594717486
-310.93378964603113
-307.1294374287311
-303.32924918226075
-299.53338814599664
-295.7420209647146
-291.9553227915411
-288.173477819784
-284.39670866157
-280.62519044387466
-276.8591380741473
-273.09877805276324
-269.34437784389496
-265.5961607654018
-261.8544159429738
-258.1194011850552
-254.3914420177953
-250.67082425850117
-246.95790882778184
-243.25301969747795
-239.55655838541978
-235.86892068785625
-232.19052663717414
-228.52179444062045
-224.8632261502259
-221.2153194366353
-217.5786169978063
-213.95369013645384
-210.34114769805555
-206.74165262947994
-203.15588418113268
-199.58458247910878
-196.59971472266972
-193.53191402423994
-190.39281842629
-187.19483683567609
-183.95120359058046
-180.67604039506793
-177.38432526051344
-174.0919505017866
-170.815712744962
-167.5733263026019
-164.3833889978569
-161.26533107504227
-158.2393537547368
-155.3263096168023
-151.88573972806557
-149.1321074894189
-145.90582654466866
-142.71980906058857
-139.57681241428773
-137.09015352345534
-134.223584817723
-131.4175630259692
-128.67604651841154
-126.00323394449784
-123.40360690314806
-120.8818846786991
-118.44304351756426
-116.0923088236326
-113.83513879405835
-111.67720675351833
-109.6243733559658
-107.68264969845687
-105.85815078749005
-104.157036715057
-102.58546125196128
-101.14944679978412
-99.85484223568977
-98.70721155579787
-97.71174864908697
-96.87313741518409
-96.87313741518409
-96.87313741518409
-96.87313741518409
-96.87313741518409
-96.87313741518409
-96.87313741518409
-96.87313741518409
-96.87313741518409
-96.87313741518409
-96.87313741518409
