-392.2531308133646
-394.3473871279721
-396.27499278116824
-398.0288217822442
-399.6025037409849
-400.9904120826754
-402.1875645287338
-403.189743700251
-403.99343859178
-404.5958534124244
-404.99486022212494
-405.18911169483715
-405.17794538677754
-404.9613836098574
-404.54017558179436
-403.9157766862339
-403.09033966968786
-402.06677120539337
-400.8486701497276
-399.44030368915566
-397.84673999192427
-396.07368451713745
-394.1275868142517
-392.01563687756015
-389.7457350574811
-387.3264891515252
-384.7672199864429
-382.07796401947553
-379.2694806990861
-375.80168108112593
-372.34327431044164
-368.894524487156
-365.45570497238833
-362.0270987553814
-358.6089988356196
-355.2017086204541
-352.340866214297
-348.8130683762398
-345.8574711294123
-342.2206440240979
-338.5909161121848
-334.96851777599494
-331.35365970240707
-327.7466214735721
-324.1476638768397
-320.5570588626795
-316.97509010787246
-314.7634999627794
-310.9521781662453
-307.14480065840564
-303.3415160973729
-299.5425095619006
-295.7479111422797
-291.95789792938587
-288.1726512026958
-284.3923905259401
-280.6172878273701
-276.8475833801357
-273.0834713571487
-269.32521553972333
-265.5730353739874
-261.8272213962877
-258.0880218433605
-254.35575217219585
-250.6307272703134
-246.91327468718177
-243.20374137723846
-239.5024669899833
-235.80986984356133
-232.1263639533487
-228.452389053189
-224.78841252018103
-221.1349314643559
-217.4925025837852
-213.86166167287476
-210.24300945131137
-206.63719348529534
-203.04489067969737
-199.46684525879826
-196.47663629723712
-193.4041845768606
-190.26115609474945
-187.06001999888693
-183.81406946092267
-180.53746705574164
-177.2452503110066
-173.95336700525064
-170.67867182766784
-167.43892555409616
-164.25278608977123
-161.13972294250127
-158.1199779337677
-155.2144466628213
-151.78399307211674
-148.38298121788412
-145.66426873727738
-142.48686020496353
-139.3529381918934
-136.87846808892107
-134.0239592955145
-131.23061303760616
-128.50241521375438
-125.84360566284617
-123.25867466926385
-120.75236686820115
-118.3296784022229
-115.99585055913045
-113.75635112624713
-111.61687483922832
-109.5832644627586
-107.66151937210094
-105.85823013680067
-104.17881112674894
-102.62957868803132
-101.21652654816172
-99.94541514711166
-98.82173722645618
-97.85055612358991
-97.03735065102092
-97.03735065102092
-97.03735065102092
-97.03735065102092
-97.03735065102092
-97.03735065102092
-97.03735065102092
-97.03735065102092
-97.03735065102092
-97.03735065102092
-97.03735065102092
