-392.2531308133646
-394.3473871279721
-396.27499278116824
-398.0288217822442
-399.6025037409849
-400.9904120826754
-402.1875645287338
-403.189743700251
-403.99343859178
-404.5958534124244
-404.99486022212494
-405.18911169483715
-405.17794538677754
-404.9613836098574
-404.54017558179436
-403.9157766862339
-403.09033966968786
-402.06677120539337
-400.8486701497276
-399.44030368915566
-397.84673999192427
-396.07368451713745
-394.1275868142517
-392.01563687756015
-389.7457350574811
-387.3264891515252
-384.7672199864429
-382.07796401947553
-379.2694806990861
-375.80168108112593
-372.34327431044164
-368.894524487156
-365.45570497238833
-362.0270987553814
-358.6089988356196
-355.2017086204541
-352.340866214297
-348.8130683762398
-345.8574711294123
-342.2206440240979
-338.5909161121848
-334.96851777599494
-331.35365970240707
-327.7466214735721
-324.1476638768397
-320.5570588626795
-316.97509010787246
-314.7421594717486
-310.93378964603113
-307.1294374287311
-303.3292539052723
-299.53339771161706
-295.742035496569
-291.9553424174685
-288.17350267203335
-284.396738877004
-280.62522616419284
-276.8591794461138
-273.0988199867031
-269.3444203535154
-265.59620386491605
-261.85446511012873
-258.11945659011235
-254.39150383752673
-250.67089267652537
-246.95798403489098
-243.2531018920127
-239.5566477736307
-235.86901748431012
-232.190624922343
-228.52189425575042
-224.86332753815836
-221.21542887970645
-217.57873475022075
-213.95381646324296
-210.34128287562027
-206.741796946147
-203.1560379377603
-199.58474598968843
-196.5998804136372
-193.53208890174076
-190.39300233148379
-187.19502213770986
-183.95139737729795
-180.6762423302799
-177.38453493564484
-174.09215413177503
-170.8159230472481
-167.57354261344
-164.38360322170936
-161.2655363710798
-158.23954908749508
-155.3264938255077
-151.88590382049523
-149.13225519688226
-145.9059522069274
-142.71991516067163
-139.57689805718735
-137.09029878480555
-134.223729267475
-131.41770402100556
-128.6761867244583
-126.00338787243827
-123.40375792851587
-120.88203496625006
-118.44319297616909
-116.09245735256022
-113.83528628245911
-111.67735308005797
-109.62451838862108
-107.68279329452068
-105.85829279387141
-104.1571922044417
-102.58561494597572
-101.14959850260234
-99.85499174356791
-98.70737430482023
-97.711909521885
-96.87331136065319
-96.87331136065319
-96.87331136065319
-96.87331136065319
-96.87331136065319
-96.87331136065319
-96.87331136065319
-96.87331136065319
-96.87331136065319
-96.87331136065319
-96.87331136065319
