60.0 450.0 0.38539838790893555
60.0 450.0 -0.014601409435272217
60.0 450.0 -0.41460120677948
60.0 450.0 -0.8146010041236877
60.0 450.0 -1.2146008014678955
60.0 450.0 -1.614600658416748
59.82451248168945 446.0059509277344 -1.614809513092041
59.648193359375 442.0119323730469 -1.615018367767334
59.471038818359375 438.0179443359375 -1.615227222442627
59.29304885864258 434.02398681640625 -1.61543607711792
59.114227294921875 430.03009033203125 -1.615644931793213
58.9345703125 426.0362243652344 -1.6158537864685059
58.75407791137695 422.0423889160156 -1.6160626411437988
58.57275390625 418.048583984375 -1.6162714958190918
58.390594482421875 414.0548095703125 -1.6164803504943848
58.20759963989258 410.06109619140625 -1.6166892051696777
58.023773193359375 406.0674133300781 -1.6168980598449707
57.839111328125 402.0737609863281 -1.6171069145202637
57.65361404418945 398.0801696777344 -1.6173157691955566
57.46728515625 394.08660888671875 -1.6175246238708496
57.280120849609375 390.09307861328125 -1.6177334785461426
57.09212112426758 386.0995788574219 -1.6179423332214355
56.903289794921875 382.10614013671875 -1.6181511878967285
56.713623046875 378.11273193359375 -1.6183600425720215
56.52312088012695 374.1193542480469 -1.6185688972473145
56.331787109375 370.12603759765625 -1.6187777519226074
56.139617919921875 366.13275146484375 -1.6189866065979004
55.946617126464844 362.1394958496094 -1.6191954612731934
55.75278091430664 358.14630126953125 -1.6194043159484863
55.55807876586914 354.1533203125 -1.6196328401565552
55.55807876586914 354.1533203125 -2.019632577896118
53.822940826416016 350.55157470703125 -2.019841432571411
52.08705139160156 346.9501953125 -2.020050287246704
50.350406646728516 343.34918212890625 -2.020259141921997
48.61301040649414 339.74853515625 -2.02046799659729
46.87486267089844 336.1482238769531 -2.020676851272583
45.135963439941406 332.54827880859375 -2.020885705947876
43.39631271362305 328.9486999511719 -2.021094560623169
41.65591049194336 325.3494873046875 -2.021303415298462
39.914756774902344 321.7506408691406 -2.021512269973755
38.1728515625 318.15216064453125 -2.021721124649048
36.43019485473633 314.5540466308594 -2.021929979324341
34.68678665161133 310.956298828125 -2.022138833999634
32.942626953125 307.3589172363281 -2.0223476886749268
31.197715759277344 303.76190185546875 -2.0225565433502197
29.45205307006836 300.1652526855469 -2.0227653980255127
27.705638885498047 296.5689697265625 -2.0229742527008057
25.958473205566406 292.9730529785156 -2.0231831073760986
24.210556030273438 289.37750244140625 -2.0233919620513916
22.461889266967773 285.78228759765625 -2.0236008167266846
20.71247100830078 282.18743896484375 -2.0238096714019775
18.962303161621094 278.59295654296875 -2.0240185260772705
17.211383819580078 274.99884033203125 -2.0242273807525635
17.211383819580078 274.99884033203125 -2.0244362354278564
17.211383819580078 274.99884033203125 -2.0246450901031494
17.211383819580078 274.99884033203125 -2.0248539447784424
17.211383819580078 274.99884033203125 -2.0250627994537354
17.211383819580078 274.99884033203125 -2.0252716541290283
17.211383819580078 274.99884033203125 -2.0254805088043213
17.211383819580078 274.99884033203125 -2.0256893634796143
17.211383819580078 274.99884033203125 -2.0258982181549072
17.211383819580078 274.99884033203125 -2.0261070728302
17.211383819580078 274.99884033203125 -2.026315927505493
