62.74201965332031 452.7008972167969 0.7702844738960266
65.52454376220703 455.36004638671875 0.7551707625389099
68.34693908691406 457.9768371582031 0.7400570511817932
71.20855712890625 460.5506591796875 0.7249433398246765
74.10874938964844 463.0809326171875 0.7098296284675598
77.0468521118164 465.5671081542969 0.6947159171104431
80.0221939086914 468.0085754394531 0.6796022057533264
83.03409576416016 470.4048156738281 0.6644884943962097
86.08186340332031 472.7552490234375 0.649374783039093
89.16481018066406 475.0593566894531 0.6342610716819763
92.2822265625 477.3166198730469 0.6191473603248596
95.43339538574219 479.5264892578125 0.6040336489677429
98.61760711669922 481.6885070800781 0.5889199376106262
101.8341293334961 483.8021545410156 0.5738062262535095
105.08222961425781 485.866943359375 0.5586925148963928
108.36116027832031 487.88238525390625 0.5435788035392761
111.67018127441406 489.8480529785156 0.5284650921821594
115.00852966308594 491.76348876953125 0.5133513808250427
118.37544250488281 493.6282653808594 0.49823763966560364
121.77015686035156 495.4419250488281 0.48312389850616455
125.19189453125 497.2040710449219 0.46801015734672546
128.63986206054688 498.914306640625 0.4528964161872864
132.11329650878906 500.5722351074219 0.4377826750278473
135.61138916015625 502.177490234375 0.4226689338684082
139.13333129882812 503.7297058105469 0.4075551927089691
142.6783447265625 505.228515625 0.39244145154953003
146.24559020996094 506.6735534667969 0.37732771039009094
149.8342742919922 508.06451416015625 0.36221396923065186
153.44357299804688 509.4010925292969 0.34710022807121277
157.07266235351562 510.6829833984375 0.3319864869117737
160.720703125 511.9098815917969 0.3168727457523346
164.38687133789062 513.0814819335938 0.3017590045928955
168.07032775878906 514.1975708007812 0.2866452634334564
171.77023315429688 515.2578735351562 0.27153152227401733
175.48573303222656 516.2620849609375 0.25641778111457825
179.2159881591797 517.2100219726562 0.24130403995513916
182.96014404296875 518.1015014648438 0.22619029879570007
186.71734619140625 518.936279296875 0.211076557636261
190.4867401123047 519.7141723632812 0.1959628164768219
190.4867706298828 519.7141723632812 -0.2040342390537262
190.48680114746094 519.7141723632812 -0.6040313243865967
193.6379852294922 517.5042724609375 -0.6191450357437134
196.75540161132812 515.2470092773438 -0.6342587471008301
199.83834838867188 512.9429321289062 -0.6493724584579468
202.88612365722656 510.5924987792969 -0.6644861698150635
205.8980255126953 508.1962585449219 -0.6795998811721802
208.8733673095703 505.7547912597656 -0.6947135925292969
211.8114776611328 503.2686462402344 -0.7098273038864136
214.711669921875 500.7383728027344 -0.7249410152435303
217.57330322265625 498.16455078125 -0.740054726600647
220.3957061767578 495.54779052734375 -0.7551684379577637
223.17823791503906 492.888671875 -0.7702821493148804
225.92025756835938 490.18780517578125 -0.7853958606719971
228.62115478515625 487.44580078125 -0.8005095720291138
231.28030395507812 484.66326904296875 -0.8156232833862305
233.8970947265625 481.84088134765625 -0.8307369947433472
236.47093200683594 478.9792785644531 -0.8458507061004639
239.001220703125 476.0791015625 -0.8609644174575806
241.48739624023438 473.1409912109375 -0.8760781288146973
243.9288787841797 470.1656494140625 -0.891191840171814
246.3251190185547 467.15374755859375 -0.9063055515289307
248.67556762695312 464.1059875488281 -0.9214192628860474
250.9796905517578 461.0230407714844 -0.9365329742431641
253.23695373535156 457.9056396484375 -0.9516466856002808
255.44683837890625 454.7544860839844 -0.9667603969573975
257.6088562011719 451.5702819824219 -0.9818741083145142
259.7225036621094 448.353759765625 -0.9969878196716309
261.78729248046875 445.1056823730469 -1.0121015310287476
263.8027648925781 441.8267517089844 -1.0272152423858643
265.7684326171875 438.5177307128906 -1.042328953742981
267.6838684082031 435.17938232421875 -1.0574426651000977
269.54864501953125 431.8124694824219 -1.0725563764572144
271.3623352050781 428.4177551269531 -1.087670087814331
273.12451171875 424.99603271484375 -1.1027837991714478
274.8347473144531 421.5480651855469 -1.1178975105285645
276.4927062988281 418.07464599609375 -1.1330112218856812
276.4246826171875 418.3393249511719 -1.5055252313613892
276.4246826171875 418.33935546875 -1.9055211544036865
276.4247131347656 418.3393859863281 -2.3055171966552734
276.4246826171875 418.33935546875 -2.7055141925811768
276.4246520996094 418.33935546875 -3.10551118850708
272.577392578125 418.2295837402344 -3.1206250190734863
268.7289123535156 418.177978515625 -3.1357388496398926
264.8800964355469 418.1845397949219 3.1323325634002686
261.0318298339844 418.249267578125 3.1172187328338623
257.1849670410156 418.37213134765625 3.102104902267456
253.34039306640625 418.5531311035156 3.08699107170105
249.49899291992188 418.7922058105469 3.0718772411346436
245.66165161132812 419.0893249511719 3.0567634105682373
245.92495727539062 419.0161437988281 2.6842503547668457
242.484619140625 420.74169921875 2.6691365242004395
242.7007293701172 420.5744323730469 2.2966232299804688
242.70071411132812 420.574462890625 1.8966262340545654
241.49630737304688 424.22998046875 1.8815125226974487
240.3472900390625 427.9032897949219 1.866398811340332
239.25392150878906 431.5935363769531 1.8512850999832153
238.21644592285156 435.2998962402344 1.8361713886260986
237.235107421875 439.0215148925781 1.821057677268982
236.31011962890625 442.7575378417969 1.8059439659118652
235.44171142578125 446.5071105957031 1.7908302545547485
234.63006591796875 450.2693786621094 1.7757165431976318
233.8753662109375 454.0434875488281 1.7606028318405151
233.17779541015625 457.8285827636719 1.7454891204833984
232.53750610351562 461.623779296875 1.7303754091262817
231.95465087890625 465.42822265625 1.715261697769165
231.42935180664062 469.24102783203125 1.7001479864120483
230.9617462158203 473.06134033203125 1.6850342750549316
230.5108642578125 477.01947021484375 1.6834063529968262
230.0266876220703 480.34075927734375 1.7477085590362549
229.36480712890625 484.1694030761719 1.7362545728683472
228.7078857421875 487.4017333984375 1.8063453435897827
227.82620239257812 490.58013916015625 1.8764361143112183
226.72409057617188 493.6889953613281 1.9465268850326538
225.40696716308594 496.7130126953125 2.016617774963379
223.88124084472656 499.63751220703125 2.0866940021514893
222.15455627441406 502.4478759765625 2.156784772872925
220.0061492919922 505.7160339355469 2.147893190383911
217.940185546875 508.78851318359375 2.1776325702667236
215.9654083251953 511.4304504394531 2.247723340988159
213.57723999023438 514.44873046875 2.232609510421753
211.2123260498047 517.5228271484375 2.220463752746582
209.12623596191406 520.0777587890625 2.2905545234680176
206.61102294921875 522.9910278320312 2.2754406929016113
204.38758850097656 525.4276733398438 2.3455119132995605
201.99913024902344 527.7025146484375 2.415602684020996
199.4572296142578 529.8045043945312 2.4856934547424316
196.77435302734375 531.7232666015625 2.555783748626709
193.96368408203125 533.449462890625 2.6258745193481445
191.03903198242188 534.9745483398438 2.69596529006958
188.01475524902344 536.2910766601562 2.7660560607910156
184.90570068359375 537.392578125 2.836146831512451
181.72714233398438 538.2736206054688 2.9062376022338867
178.4946746826172 538.929931640625 2.9763283729553223
174.70318603515625 539.591796875 2.961214542388916
170.922119140625 540.3108520507812 2.946101665496826
167.62278747558594 540.8524169921875 3.011693000793457
163.8102569580078 541.3798217773438 2.99657940864563
159.8524932861328 541.957763671875 2.99660587310791
156.57398986816406 542.3196411132812 3.0666966438293457
152.7382354736328 542.6366577148438 3.0515828132629395
149.44256591796875 542.818359375 3.1214487552642822
145.59521484375 542.9249877929688 3.106334924697876
141.74990844726562 543.0897216796875 3.0912210941314697
137.90753173828125 543.3125610351562 3.0761072635650635
134.0689697265625 543.5934448242188 3.0609934329986572
130.20101928710938 543.9287719726562 3.049241781234741
126.90733337402344 544.1178588867188 3.1192634105682373
123.06022644042969 544.2328491210938 3.104149580001831
119.21529388427734 544.406005859375 3.089035749435425
115.37342071533203 544.63720703125 3.0739219188690186
112.0767593383789 544.7448120117188 -3.1391725540161133
108.22798156738281 544.7645874023438 3.128898859024048
104.37994384765625 544.842529296875 3.1137850284576416
101.08161163330078 544.8186645507812 -3.0993094444274902
97.235107421875 544.68505859375 -3.1144232749938965
93.31961822509766 544.5950317382812 -3.122769832611084
90.02598571777344 544.4174194335938 -3.0526790618896484
86.18988800048828 544.1046142578125 -3.0677928924560547
82.66960144042969 543.7622680664062 -3.0215132236480713
78.69929504394531 543.2833862304688 -3.0216047763824463
75.30509948730469 542.7760620117188 -2.964841365814209
71.51123046875 542.1279907226562 -2.9799551963806152
68.27640533447266 541.4833984375 -2.9098644256591797
65.09466552734375 540.6138916015625 -2.839773654937744
61.981632232666016 539.523681640625 -2.7696828842163086
58.95259475708008 538.2181396484375 -2.699592113494873
56.022430419921875 536.7036743164062 -2.6295013427734375
53.20552444458008 534.9876708984375 -2.559410572052002
50.515708923339844 533.07861328125 -2.4893198013305664
47.9661979675293 530.9859008789062 -2.419229030609131
47.9661979675293 530.9859008789062 -2.019228935241699
46.641719818115234 527.9661254882812 -1.9490407705307007
45.5447883605957 524.883544921875 -1.876305341720581
44.663604736328125 521.7052001953125 -1.8061951398849487
44.00716781616211 518.4727783203125 -1.7361043691635132
43.57872009277344 515.2023315429688 -1.6660135984420776
43.380367279052734 511.9098815917969 -1.595922827720642
43.413082122802734 508.61163330078125 -1.5258320569992065
43.67670440673828 505.3237609863281 -1.455741286277771
44.16973114013672 502.0471496582031 -1.3871560096740723
44.84394836425781 498.2578430175781 -1.402269721031189
45.460819244384766 494.4587707519531 -1.4173834323883057
46.020206451416016 490.65081787109375 -1.4324971437454224
46.521976470947266 486.8348388671875 -1.447610855102539
46.96601867675781 483.01171875 -1.4627245664596558
47.352230072021484 479.18231201171875 -1.4778382778167725
47.68052673339844 475.3475036621094 -1.4929519891738892
47.950828552246094 471.5081787109375 -1.5080657005310059
48.1630744934082 467.66522216796875 -1.5231794118881226
48.31721878051758 463.8194885253906 -1.5382931232452393
48.539852142333984 460.5285949707031 -1.4682023525238037
48.90508270263672 456.6971435546875 -1.4833160638809204
49.21236801147461 452.860595703125 -1.498429775238037
49.46163558959961 449.01983642578125 -1.5135434865951538
49.652828216552734 445.1757507324219 -1.5286571979522705
49.78590393066406 441.3292236328125 -1.5437709093093872
49.8608283996582 437.48114013671875 -1.558884620666504
49.90847396850586 433.4814147949219 -1.558884620666504
50.063289642333984 430.1865539550781 -1.4888032674789429
50.349517822265625 426.348388671875 -1.5039169788360596
50.57770538330078 422.50634765625 -1.5190306901931763
50.747802734375 418.6612854003906 -1.534144401550293
50.85976791381836 414.8140869140625 -1.5492581129074097
50.913578033447266 410.96563720703125 -1.5643718242645264
50.90922164916992 407.1168212890625 -1.579485535621643
50.84678649902344 403.26800537109375 -1.594548225402832
50.72630310058594 399.4210510253906 -1.6096619367599487
50.54769515991211 395.5763854980469 -1.6247756481170654
50.311004638671875 391.7348327636719 -1.6398893594741821
50.01628112792969 387.8973083496094 -1.6550030708312988
49.66359329223633 384.0646667480469 -1.6701167821884155
49.25302505493164 380.23779296875 -1.6852304935455322
48.78466796875 376.4175720214844 -1.700344204902649
48.258628845214844 372.6048583984375 -1.7154579162597656
47.675025939941406 368.800537109375 -1.7305716276168823
47.033992767333984 365.0054626464844 -1.7456860542297363
47.033992767333984 365.0054626464844 -2.145686149597168
44.916873931884766 361.7912292480469 -2.160799980163574
43.17891311645508 358.9878234863281 -2.0907092094421387
41.24161148071289 355.662109375 -2.105823040008545
39.660316467285156 352.7674560546875 -2.0357327461242676
37.908687591552734 349.34033203125 -2.050846576690674
36.10546112060547 345.9400634765625 -2.06596040725708
34.640785217285156 342.98468017578125 -1.9958696365356445
33.02712631225586 339.4904479980469 -2.010983467102051
31.388092041015625 335.9610290527344 -2.0001275539398193
30.121009826660156 332.91571044921875 -1.9300367832183838
28.74071502685547 329.3229064941406 -1.9451504945755005
27.642885208129883 326.2125549316406 -1.875059723854065
26.46209716796875 322.5493469238281 -1.8901734352111816
25.226062774658203 318.90423583984375 -1.9052728414535522
25.226062774658203 318.90423583984375 -1.5052728652954102
25.44904136657715 315.0618896484375 -1.5203865766525269
25.613924026489258 311.2165832519531 -1.5355002880096436
25.720674514770508 307.3692321777344 -1.5506139993667603
25.76926612854004 303.5207214355469 -1.565727710723877
25.759689331054688 299.6719055175781 -1.5808414220809937
25.691946029663086 295.82366943359375 -1.5959551334381104
25.566051483154297 291.9768981933594 -1.611068844795227
25.382034301757812 288.1324768066406 -1.6261825561523438
25.139938354492188 284.291259765625 -1.6412962675094604
24.83942985534668 280.45758056640625 -1.656749963760376
24.839414596557617 280.45751953125 -2.0567445755004883
24.839414596557617 280.45751953125 -2.45674467086792
22.359413146972656 278.2828674316406 -2.3866539001464844
20.03780174255371 275.9398498535156 -2.316563129425049
17.88597869873047 273.44000244140625 -2.2464723587036133
17.864765167236328 273.3990478515625 -1.8511143922805786
17.864765167236328 273.3990478515625 -2.2511143684387207
17.852643966674805 273.3758544921875 -1.8537485599517822
17.852643966674805 273.3758544921875 -2.253748655319214
17.844032287597656 273.3594665527344 -1.85561203956604
17.844032287597656 273.3594665527344 -2.2556121349334717
17.837345123291016 273.3468017578125 -1.8570547103881836
17.837345123291016 273.3468017578125 -2.2570548057556152
17.83188247680664 273.33648681640625 -1.8582302331924438
17.83188247680664 273.33648681640625 -2.258230209350586
17.8272705078125 273.3277893066406 -1.8592207431793213
17.8272705078125 273.3277893066406 -2.259220838546753
17.823280334472656 273.3202819824219 -1.8600761890411377
17.823280334472656 273.3202819824219 -2.2600762844085693
17.819766998291016 273.3136901855469 -1.8608282804489136
17.819766998291016 273.3136901855469 -2.2608282566070557
17.816631317138672 273.3078308105469 -1.8614983558654785
17.816631317138672 273.3078308105469 -2.26149845123291
17.813804626464844 273.30255126953125 -1.8621019124984741
17.813804626464844 273.30255126953125 -2.262101888656616
17.81123161315918 273.2977600097656 -1.8626506328582764
17.81123161315918 273.2977600097656 -2.262650728225708
17.80887222290039 273.2933654785156 -1.863153338432312
17.80887222290039 273.2933654785156 -2.263153314590454
17.80669403076172 273.289306640625 -1.863616943359375
17.80669403076172 273.289306640625 -2.2636170387268066
17.804670333862305 273.2855529785156 -1.8640472888946533
17.804670333862305 273.2855529785156 -2.264047384262085
17.802783966064453 273.28204345703125 -1.8644481897354126
17.802783966064453 273.28204345703125 -2.2644481658935547
17.801015853881836 273.27874755859375 -1.864823579788208
17.801015853881836 273.27874755859375 -2.2648236751556396
17.799352645874023 273.2756652832031 -1.8651766777038574
17.799352645874023 273.2756652832031 -2.265176773071289
17.79778289794922 273.27276611328125 -1.8655095100402832
17.79778289794922 273.27276611328125 -2.265509605407715
17.79629898071289 273.27001953125 -1.8658242225646973
17.79629898071289 273.27001953125 -2.265824317932129
17.794891357421875 273.2674255371094 -1.8661226034164429
17.794891357421875 273.2674255371094 -2.266122579574585
17.79355239868164 273.26495361328125 -1.8664060831069946
17.79355239868164 273.26495361328125 -2.2664060592651367
17.79227638244629 273.2626037597656 -1.8666760921478271
17.79227638244629 273.2626037597656 -2.266676187515259
17.791057586669922 273.2603454589844 -1.8669339418411255
17.791057586669922 273.2603454589844 -2.2669339179992676
17.78989028930664 273.2581787109375 -1.867180585861206
17.78989028930664 273.2581787109375 -2.2671806812286377
17.78877067565918 273.256103515625 -1.8674172163009644
17.78877067565918 273.256103515625 -2.2674171924591064
17.787694931030273 273.2541198730469 -1.8676443099975586
17.787694931030273 273.2541198730469 -2.2676444053649902
17.78666114807129 273.2522277832031 -1.8678627014160156
17.78666114807129 273.2522277832031 -2.2678627967834473
17.78566551208496 273.2503967285156 -1.8680728673934937
17.78566551208496 273.2503967285156 -2.2680728435516357
17.784706115722656 273.2486267089844 -1.8682752847671509
17.784706115722656 273.2486267089844 -2.268275260925293
17.78377914428711 273.2469177246094 -1.8684706687927246
17.78377914428711 273.2469177246094 -2.2684707641601562
17.782882690429688 273.2452697753906 -1.8686596155166626
17.782882690429688 273.2452697753906 -2.2686595916748047
17.78201675415039 273.2436828613281 -1.8688421249389648
17.78201675415039 273.2436828613281 -2.2688422203063965
17.781177520751953 273.24212646484375 -1.8690189123153687
17.781177520751953 273.24212646484375 -2.2690188884735107
17.725811004638672 273.1417236328125 -1.8805561065673828
17.725811004638672 273.1417236328125 -2.2805562019348145
17.725811004638672 273.1417236328125 -1.8805562257766724
17.725811004638672 273.1417236328125 -2.2805562019348145
17.725811004638672 273.1417236328125 -1.8805562257766724
17.725811004638672 273.1417236328125 -2.2805562019348145
17.725811004638672 273.1417236328125 -1.8805562257766724
17.725811004638672 273.1417236328125 -2.2805562019348145
17.725811004638672 273.1417236328125 -1.8805562257766724
17.725811004638672 273.1417236328125 -2.2805562019348145
17.725811004638672 273.1417236328125 -1.8805562257766724
