-390.0
-390.0
-390.0
-390.0
-390.0
-390.0
-386.0059908181394
-382.0120943678377
-378.01831442391733
-374.0246549279278
-370.03115050548956
-366.0377749467604
-362.0445327495865
-358.0514286029706
-354.05846744004054
-350.06568493038543
-346.0730559309153
-342.0805861126641
-338.0883119192074
-334.09620902055616
-330.1042839633963
-326.1125435958326
-322.12102559111185
-318.12970702487456
-314.13859584843146
-310.14773089905697
-306.1570905094964
-302.16668390968516
-298.1765514433755
-294.1868564622125
-294.1868564622125
-290.617228712906
-287.05927845231037
-283.51344529846125
-279.9801893957325
-276.4599623459129
-272.95329978658566
-269.46073115934587
-265.9828115362722
-262.5201230207261
-259.0732762257669
-255.64291183354064
-252.229702238916
-248.83435328050342
-245.4576060619808
-242.10023886635574
-238.76306916539897
-235.44695572596896
-232.15280081429026
-228.88152208126402
-225.63414628116413
-222.41172004189644
-219.21534394004806
-219.21534394004806
-219.21534394004806
-219.21534394004806
-219.21534394004806
-219.21534394004806
-219.21534394004806
-219.21534394004806
-219.21534394004806
-219.21534394004806
-219.21534394004806
