-392.2531308133646
-394.3473871279721
-396.27499278116824
-398.0288217822442
-399.6025037409849
-400.9904120826754
-402.1875645287338
-403.189743700251
-403.99343859178
-404.5958534124244
-404.99486022212494
-405.18911169483715
-405.17794538677754
-404.9613836098574
-404.54017558179436
-403.9157766862339
-403.09033966968786
-402.06677120539337
-400.8486701497276
-399.44030368915566
-397.84673999192427
-396.07368451713745
-394.1275868142517
-392.01563687756015
-389.7457350574811
-387.3264891515252
-384.7672199864429
-382.07796401947553
-379.2694806990861
-375.80168108112593
-372.34327431044164
-368.894524487156
-365.45570497238833
-362.0270987553814
-358.6089988356196
-355.2017086204541
-352.340866214297
-348.8130683762398
-345.8574711294123
-342.2206440240979
-338.5909161121848
-334.96851777599494
-331.35365970240707
-327.7466214735721
-324.1476638768397
-320.5570588626795
-316.97509010787246
-314.7421594717486
-310.93378964603113
-307.1294374287311
-303.3292539052723
-299.53339771161706
-295.742035496569
-291.9553424174685
-288.17350267203335
-284.396738877004
-280.62522616419284
-276.8591742746154
-273.098814744958
-269.34441503981014
-265.59619847747405
-261.8544596471084
-258.11945104960313
-254.39149821754717
-250.67088697501896
-246.95797824972388
-243.2530960209692
-239.55664181441088
-235.86900538474174
-232.19061263668513
-228.5218817788473
-224.8633148646548
-221.21541600403805
-217.57872166660516
-213.95380316567122
-210.34126935784778
-206.74178320168545
-203.15602395986693
-199.58473177135795
-196.02886409454817
-193.0562636078158
-189.99938402733986
-186.86966125594148
-183.67931729524796
-180.44142936652378
-177.1699345077122
-173.8796705044995
-170.58637019931402
-167.3067122159502
-164.05830582603375
-160.8596756684635
-157.73021513114395
-154.6901622597323
-151.76044920640365
-148.64528448005748
-145.2866339709242
-141.96219213132852
-139.315636236065
-136.2338459033865
-133.20204397482766
-130.82070676160916
-128.09051649069465
-125.4298482770103
-122.84321976932159
-120.33540802313493
-117.91144189335226
-115.57659513157691
-113.33637802781344
-111.19651156267616
-109.16289579593493
-107.24159184745456
-105.43872298106946
-103.76046401682363
-102.21296855976827
-100.80224341744798
-99.53410455572684
-98.41407950792154
-97.44725954892672
-96.63825884415068
-96.63825884415068
-96.63825884415068
-96.63825884415068
-96.63825884415068
-96.63825884415068
-96.63825884415068
-96.63825884415068
-96.63825884415068
-96.63825884415068
-96.63825884415068
