-392.2862764031302
-394.42265008547525
-396.4022321611785
-398.21868582737443
-399.8662480130987
-401.33978422522773
-402.6347565164781
-403.7471948520409
-404.67370224831853
-405.41146612573704
-405.95830293703636
-406.3125559335671
-406.4731788572449
-406.4396739734331
-406.21215602889527
-405.7912958532703
-405.1783663339971
-404.37519542480106
-403.38418878826786
-402.2083528781096
-400.8512951810018
-399.31716781574556
-397.6107007600497
-395.7372789305044
-393.70283286951224
-391.5139096696734
-389.17763966247327
-386.7017299042766
-384.0945370309648
-381.36498112014914
-378.5225722097861
-375.5774640701322
-371.9927380612183
-368.4165614773049
-364.84918571758845
-361.29087147942425
-357.7418891568112
-354.20251925721044
-350.67305283750096
-347.68681218685145
-344.0557159854234
-340.43288929474716
-336.8185989559315
-335.20948716841013
-331.3048591524934
-327.4025333875883
-323.5025931880309
-319.6051258824907
-315.7102230551891
-311.81798080444963
-307.9285000200264
-304.0418866807911
-300.1582521745138
-296.27771364163624
-292.40039434512425
-288.5264240686896
-284.65593954589957
-280.7890849229448
-276.9260122581174
-273.06688206136175
-269.2118638776097
-265.3611369179972
-261.51489074349064
-257.6733260059333
-253.83665525205873
-250.00510379661736
-246.1789106714357
-242.3583296579764
-238.54363041181043
-234.73509968835256
-230.93304268027043
-227.13778447815938
-223.34967166740657
-219.56907407565902
-215.79638668698448
-212.0320177668574
-208.27643316814581
-204.53011678488593
-200.7935873843257
-197.06740167041426
-193.92931719311912
-190.72811906869566
-187.47505843522936
-184.1821276345989
-180.86206438936392
-177.52838866232835
-174.1954628231032
-170.8784499020468
-167.59335746002714
-164.35701317394867
-161.1870622331967
-158.10187937993004
-155.1205365051445
-151.7656804073904
-148.9553598114041
-145.68975940355875
-143.0628473449899
-140.03823634119942
-137.06362390840582
-134.14233624963353
-131.2779332727634
-128.4742198593945
-125.73525594217995
-123.06536482481373
-120.46913906198984
-117.95144309190597
-115.51741168690874
-113.64714502523651
-111.6085281593691
-109.67795358846459
-107.8612228143236
-106.16418080550093
-104.59265366486878
-103.15237821140842
-101.84892280301186
-100.68760120815499
-99.67338166945676
-98.81079397136787
-98.10383790929478
-98.10383790929478
-98.10383790929478
-98.10383790929478
-98.10383790929478
-98.10383790929478
-98.10383790929478
-98.10383790929478
-98.10383790929478
-98.10383790929478
-98.10383790929478
