62.409950256347656 452.2457275390625 0.7148767113685608
64.97215270996094 454.3160400390625 0.6443552374839783
67.67386627197266 456.20068359375 0.5738337635993958
70.50166320800781 457.8902587890625 0.5033122897148132
73.44148254394531 459.3763732910156 0.4327908158302307
76.47871398925781 460.65167236328125 0.3622693419456482
79.59825134277344 461.70977783203125 0.2917478680610657
82.78459167480469 462.5454406738281 0.22122637927532196
86.02189636230469 463.1545104980469 0.15070489048957825
89.29407501220703 463.5339660644531 0.08018340170383453
92.58485412597656 463.681884765625 0.00966191291809082
95.87787628173828 463.5975646972656 -0.06085957586765289
99.15677642822266 463.28143310546875 -0.1313810646533966
102.40524291992188 462.73504638671875 -0.20190255343914032
105.60713958740234 461.96112060546875 -0.27242404222488403
108.74654388427734 460.9635009765625 -0.34294551610946655
111.80784606933594 459.74713134765625 -0.4134669899940491
114.77583312988281 458.3180847167969 -0.4839884638786316
117.63574981689453 456.6834716796875 -0.5545099377632141
120.37337493896484 454.85137939453125 -0.6250314116477966
122.97509765625 452.8309631347656 -0.6955528855323792
125.42799377441406 450.6322326660156 -0.7660743594169617
127.71986389160156 448.26611328125 -0.8365958333015442
129.8393096923828 445.744384765625 -0.9071173071861267
131.7758026123047 443.07958984375 -0.9776387810707092
133.51971435546875 440.28497314453125 -1.0481603145599365
135.0623779296875 437.3744201660156 -1.118681788444519
136.3961181640625 434.3623962402344 -1.1892032623291016
137.51429748535156 431.2638854980469 -1.259724736213684
138.73574829101562 427.46099853515625 -1.260301947593689
139.9550018310547 423.65740966796875 -1.2608791589736938
141.17205810546875 419.8531188964844 -1.2614563703536987
142.3869171142578 416.0481262207031 -1.2620335817337036
143.59957885742188 412.242431640625 -1.2626107931137085
144.81004333496094 408.43603515625 -1.2631880044937134
146.018310546875 404.6289367675781 -1.2637652158737183
146.90257263183594 401.45574951171875 -1.3342866897583008
147.83734130859375 397.57244873046875 -1.3348639011383057
148.4939422607422 394.3444519042969 -1.4053853750228882
149.15048217773438 390.404541015625 -1.405962586402893
149.80474853515625 386.4642639160156 -1.406539797782898
150.4567413330078 382.52362060546875 -1.4071170091629028
151.10646057128906 378.58258056640625 -1.4076942205429077
151.75390625 374.64117431640625 -1.4082714319229126
152.39907836914062 370.69940185546875 -1.4088486433029175
153.04197692871094 366.75726318359375 -1.4094258546829224
153.68260192871094 362.81475830078125 -1.4100030660629272
153.87802124023438 360.4156188964844 -1.5690420866012573
153.88388061523438 356.42138671875 -1.5696192979812622
153.88743591308594 352.4271545410156 -1.570196509361267
153.888671875 348.43292236328125 -1.570773720741272
153.88760375976562 344.4386901855469 -1.5713509321212769
153.8842315673828 340.4444580078125 -1.5719281435012817
153.87855529785156 336.4502258300781 -1.5725053548812866
153.87057495117188 332.45599365234375 -1.5730825662612915
153.86029052734375 328.4617919921875 -1.5736597776412964
153.8477020263672 324.46759033203125 -1.5742369890213013
153.8328094482422 320.473388671875 -1.5748142004013062
153.81561279296875 316.47918701171875 -1.575391411781311
153.79611206054688 312.4850158691406 -1.575968623161316
153.77430725097656 308.4908447265625 -1.5765458345413208
153.75018310546875 304.4967041015625 -1.5771230459213257
153.7237548828125 300.5025634765625 -1.5777002573013306
153.6950225830078 296.5084533691406 -1.5782774686813354
153.6639862060547 292.51434326171875 -1.5788546800613403
153.63064575195312 288.520263671875 -1.5794318914413452
153.59500122070312 284.52618408203125 -1.58000910282135
153.5570526123047 280.5321350097656 -1.580586314201355
153.5167999267578 276.5381164550781 -1.5811635255813599
153.4742431640625 272.54412841796875 -1.5817407369613647
153.42938232421875 268.5501403808594 -1.5823179483413696
153.38221740722656 264.5561828613281 -1.5828951597213745
153.33273315429688 260.562255859375 -1.5834723711013794
153.28094482421875 256.568359375 -1.5840495824813843
153.2268524169922 252.57449340820312 -1.5846267938613892
153.1704559326172 248.58065795898438 -1.585204005241394
153.11175537109375 244.5868682861328 -1.585781216621399
153.05075073242188 240.59310913085938 -1.5863584280014038
152.98744201660156 236.59938049316406 -1.5869356393814087
152.81820678710938 233.30963134765625 -1.6574571132659912
152.41757202148438 230.03997802734375 -1.7279785871505737
151.7875518798828 226.8066864013672 -1.7985000610351562
150.9312744140625 223.62582397460938 -1.8690215349197388
149.8529815673828 220.51319885253906 -1.9395430088043213
148.55804443359375 217.4842987060547 -2.0100646018981934
147.0529022216797 214.55416870117188 -2.0805861949920654
145.34503173828125 211.7373809814453 -2.1511077880859375
143.44293212890625 209.0479278564453 -2.2216293811798096
141.35604858398438 206.4991912841797 -2.2921509742736816
139.0947723388672 204.1038360595703 -2.3626725673675537
136.67031860351562 201.873779296875 -2.433194160461426
134.09475708007812 199.82009887695312 -2.503715753555298
131.38088989257812 197.9530029296875 -2.57423734664917
128.0118408203125 195.80746459960938 -2.574814558029175
125.17219543457031 194.13787841796875 -2.645336151123047
121.65924072265625 192.23709106445312 -2.6459133625030518
118.14518737792969 190.3383331298828 -2.6464905738830566
114.63003540039062 188.4416046142578 -2.6470677852630615
111.67343139648438 186.97860717773438 -2.717123508453369
108.03318786621094 185.33468627929688 -2.717700719833374
104.39199829101562 183.69287109375 -2.718277931213379
100.7498550415039 182.05316162109375 -2.718855142593384
97.10676574707031 180.41554260253906 -2.7194323539733887
93.46273803710938 178.780029296875 -2.7200095653533936
89.81776428222656 177.14662170410156 -2.7205867767333984
86.17184448242188 175.51531982421875 -2.7211639881134033
82.52498626708984 173.88612365722656 -2.721741199493408
78.87718963623047 172.259033203125 -2.722318410873413
75.22845458984375 170.63404846191406 -2.722895622253418
71.57878112792969 169.01116943359375 -2.723472833633423
67.92816925048828 167.39039611816406 -2.7240500450134277
64.27662658691406 165.771728515625 -2.724627733230591
60.624149322509766 164.15516662597656 -2.7252049446105957
56.97073745727539 162.5407257080078 -2.7257821559906006
53.3163948059082 160.9283905029297 -2.7263593673706055
49.6611213684082 159.3181610107422 -2.7269365787506104
46.004920959472656 157.7100372314453 -2.7275137901306152
42.34779357910156 156.10403442382812 -2.72809100151062
38.68976974487305 154.50015258789062 -2.7286717891693115
38.68976974487305 154.50015258789062 -2.7292709350585938
38.68976974487305 154.50015258789062 -2.7298481464385986
38.68976974487305 154.50015258789062 -2.7304253578186035
38.68976974487305 154.50015258789062 -2.7310025691986084
38.68976974487305 154.50015258789062 -2.7315797805786133
38.68976974487305 154.50015258789062 -2.732156991958618
38.68976974487305 154.50015258789062 -2.732734203338623
38.68976974487305 154.50015258789062 -2.733311414718628
38.68976974487305 154.50015258789062 -2.733888626098633
38.68976974487305 154.50015258789062 -2.7344658374786377
