62.409950256347656 452.2457275390625 0.7148767113685608
64.97215270996094 454.3160400390625 0.6443552374839783
67.67386627197266 456.20068359375 0.5738337635993958
70.50166320800781 457.8902587890625 0.5033122897148132
73.44148254394531 459.3763732910156 0.4327908158302307
76.47871398925781 460.65167236328125 0.3622693419456482
79.59825134277344 461.70977783203125 0.2917478680610657
82.78459167480469 462.5454406738281 0.22122637927532196
86.02189636230469 463.1545104980469 0.15070489048957825
89.29407501220703 463.5339660644531 0.08018340170383453
92.58485412597656 463.681884765625 0.00966191291809082
95.87787628173828 463.5975646972656 -0.06085957586765289
99.15677642822266 463.28143310546875 -0.1313810646533966
102.40524291992188 462.73504638671875 -0.20190255343914032
105.60713958740234 461.96112060546875 -0.27242404222488403
108.74654388427734 460.9635009765625 -0.34294551610946655
111.80784606933594 459.74713134765625 -0.4134669899940491
114.77583312988281 458.3180847167969 -0.4839884638786316
117.63574981689453 456.6834716796875 -0.5545099377632141
120.37337493896484 454.85137939453125 -0.6250314116477966
122.97509765625 452.8309631347656 -0.6955528855323792
125.42799377441406 450.6322326660156 -0.7660743594169617
127.71986389160156 448.26611328125 -0.8365958333015442
129.8393096923828 445.744384765625 -0.9071173071861267
131.7758026123047 443.07958984375 -0.9776387810707092
133.51971435546875 440.28497314453125 -1.0481603145599365
135.0623779296875 437.3744201660156 -1.118681788444519
136.3961181640625 434.3623962402344 -1.1892032623291016
137.51429748535156 431.2638854980469 -1.259724736213684
138.73574829101562 427.46099853515625 -1.260301947593689
139.9550018310547 423.65740966796875 -1.2608791589736938
141.17205810546875 419.8531188964844 -1.2614563703536987
142.3869171142578 416.0481262207031 -1.2620335817337036
143.59957885742188 412.242431640625 -1.2626107931137085
144.81004333496094 408.43603515625 -1.2631880044937134
146.018310546875 404.6289367675781 -1.2637652158737183
146.90257263183594 401.45574951171875 -1.3342866897583008
147.83734130859375 397.57244873046875 -1.3348639011383057
148.4939422607422 394.3444519042969 -1.4053853750228882
149.15048217773438 390.404541015625 -1.405962586402893
149.80474853515625 386.4642639160156 -1.406539797782898
150.4567413330078 382.52362060546875 -1.4071170091629028
151.10646057128906 378.58258056640625 -1.4076942205429077
151.75390625 374.64117431640625 -1.4082714319229126
152.39907836914062 370.69940185546875 -1.4088486433029175
153.04197692871094 366.75726318359375 -1.4094258546829224
153.68260192871094 362.81475830078125 -1.4100030660629272
153.8779754638672 360.41583251953125 -1.5690613985061646
153.88375854492188 356.4216003417969 -1.5696386098861694
153.88722229003906 352.4273681640625 -1.5702158212661743
153.8883819580078 348.4331359863281 -1.5707930326461792
153.88723754882812 344.43890380859375 -1.571370244026184
153.8837890625 340.4446716308594 -1.571947455406189
153.87803649902344 336.450439453125 -1.5725246667861938
153.86997985839844 332.4562072753906 -1.5731018781661987
153.859619140625 328.4620056152344 -1.5736790895462036
153.84695434570312 324.4678039550781 -1.5742563009262085
153.8319854736328 320.4736022949219 -1.5748335123062134
153.81471252441406 316.4794006347656 -1.5754107236862183
153.79513549804688 312.4852294921875 -1.5759879350662231
153.7732391357422 308.4910583496094 -1.576565146446228
153.74903869628906 304.4969177246094 -1.577142357826233
153.7225341796875 300.5027770996094 -1.5777195692062378
153.6937255859375 296.5086669921875 -1.5782967805862427
153.66261291503906 292.5145568847656 -1.5788739919662476
153.6291961669922 288.5204772949219 -1.5794512033462524
153.59347534179688 284.5263977050781 -1.5800284147262573
153.55545043945312 280.5323486328125 -1.5806056261062622
153.51512145996094 276.538330078125 -1.581182837486267
153.4724884033203 272.5443420410156 -1.581760048866272
153.42755126953125 268.55035400390625 -1.5823372602462769
153.3802947998047 264.556396484375 -1.5829144716262817
153.3307342529297 260.5624694824219 -1.5834916830062866
153.27886962890625 256.5685729980469 -1.5840688943862915
153.22470092773438 252.57470703125 -1.5846461057662964
153.16822814941406 248.58087158203125 -1.5852233171463013
153.1094512939453 244.5870819091797 -1.5858005285263062
153.04837036132812 240.59332275390625 -1.586377739906311
152.9849853515625 236.59959411621094 -1.586954951286316
152.815673828125 233.30984497070312 -1.6574764251708984
152.41497802734375 230.0402069091797 -1.727997899055481
151.78489685058594 226.8069305419922 -1.7985193729400635
150.92855834960938 223.62608337402344 -1.869040846824646
149.85020446777344 220.51348876953125 -1.9395623207092285
148.55520629882812 217.48460388183594 -2.0100839138031006
147.0500030517578 214.55450439453125 -2.0806055068969727
145.3420867919922 211.7377471923828 -2.1511270999908447
143.43994140625 209.04833984375 -2.221648693084717
141.35301208496094 206.49964904785156 -2.292170286178589
139.09169006347656 204.10433959960938 -2.362691879272461
136.66720581054688 201.87432861328125 -2.433213472366333
134.09161376953125 199.82069396972656 -2.503735065460205
131.37771606445312 197.95364379882812 -2.574256658554077
128.0086212158203 195.80816650390625 -2.574833869934082
125.1689453125 194.1386260986328 -2.645355463027954
121.65595245361328 192.2379150390625 -2.645932674407959
118.14186096191406 190.3392333984375 -2.646509885787964
114.62667846679688 188.44256591796875 -2.6470870971679688
111.66886138916016 186.97877502441406 -2.7169992923736572
108.02882385253906 185.3343963623047 -2.717576503753662
104.38783264160156 183.69212341308594 -2.718153715133667
100.74589538574219 182.0519561767578 -2.718730926513672
97.10301208496094 180.4138946533203 -2.7193081378936768
93.45918273925781 178.77792358398438 -2.7198853492736816
89.81441497802734 177.14405822753906 -2.7204625606536865
86.168701171875 175.51229858398438 -2.7210397720336914
82.52204895019531 173.8826446533203 -2.7216169834136963
78.87445068359375 172.25509643554688 -2.722194194793701
75.22591400146484 170.62965393066406 -2.722771406173706
71.57644653320312 169.00631713867188 -2.723348617553711
67.92604064941406 167.3850860595703 -2.723925828933716
64.27470397949219 165.76596069335938 -2.724503517150879
60.6224250793457 164.14895629882812 -2.725080728530884
56.969215393066406 162.5340576171875 -2.7256579399108887
53.3150749206543 160.9212646484375 -2.7262351512908936
49.660003662109375 159.31057739257812 -2.7268123626708984
46.00400161743164 157.70201110839844 -2.7273895740509033
42.34707260131836 156.09555053710938 -2.727966785430908
42.34707260131836 156.09555053710938 -2.728548526763916
42.34707260131836 156.09555053710938 -2.729125738143921
42.34707260131836 156.09555053710938 -2.729702949523926
42.34707260131836 156.09555053710938 -2.7302801609039307
42.34707260131836 156.09555053710938 -2.7308573722839355
38.684593200683594 154.5017852783203 -2.7314345836639404
38.684593200683594 154.5017852783203 -2.7320375442504883
38.684593200683594 154.5017852783203 -2.732614755630493
38.684593200683594 154.5017852783203 -2.733191967010498
38.684593200683594 154.5017852783203 -2.733769178390503
38.684593200683594 154.5017852783203 -2.734346389770508
38.684593200683594 154.5017852783203 -2.7349236011505127
38.684593200683594 154.5017852783203 -2.7355008125305176
38.684593200683594 154.5017852783203 -2.7360780239105225
38.684593200683594 154.5017852783203 -2.7366552352905273
38.684593200683594 154.5017852783203 -2.7372324466705322
