62.409950256347656 452.2457275390625 0.7148767113685608
64.97215270996094 454.3160400390625 0.6443552374839783
67.67386627197266 456.20068359375 0.5738337635993958
70.50166320800781 457.8902587890625 0.5033122897148132
73.44148254394531 459.3763732910156 0.4327908158302307
76.47871398925781 460.65167236328125 0.3622693419456482
79.59825134277344 461.70977783203125 0.2917478680610657
82.78459167480469 462.5454406738281 0.22122637927532196
86.02189636230469 463.1545104980469 0.15070489048957825
89.29407501220703 463.5339660644531 0.08018340170383453
92.58485412597656 463.681884765625 0.00966191291809082
95.87787628173828 463.5975646972656 -0.06085957586765289
99.15677642822266 463.28143310546875 -0.1313810646533966
102.40524291992188 462.73504638671875 -0.20190255343914032
105.60713958740234 461.96112060546875 -0.27242404222488403
108.74654388427734 460.9635009765625 -0.34294551610946655
111.80784606933594 459.74713134765625 -0.4134669899940491
114.77583312988281 458.3180847167969 -0.4839884638786316
117.63574981689453 456.6834716796875 -0.5545099377632141
120.37337493896484 454.85137939453125 -0.6250314116477966
122.97509765625 452.8309631347656 -0.6955528855323792
125.42799377441406 450.6322326660156 -0.7660743594169617
127.71986389160156 448.26611328125 -0.8365958333015442
129.8393096923828 445.744384765625 -0.9071173071861267
131.7758026123047 443.07958984375 -0.9776387810707092
133.51971435546875 440.28497314453125 -1.0481603145599365
135.0623779296875 437.3744201660156 -1.118681788444519
136.3961181640625 434.3623962402344 -1.1892032623291016
137.51429748535156 431.2638854980469 -1.259724736213684
138.73574829101562 427.46099853515625 -1.260301947593689
139.9550018310547 423.65740966796875 -1.2608791589736938
141.17205810546875 419.8531188964844 -1.2614563703536987
142.3869171142578 416.0481262207031 -1.2620335817337036
143.59957885742188 412.242431640625 -1.2626107931137085
144.81004333496094 408.43603515625 -1.2631880044937134
146.018310546875 404.6289367675781 -1.2637652158737183
146.90257263183594 401.45574951171875 -1.3342866897583008
147.83734130859375 397.57244873046875 -1.3348639011383057
148.4939422607422 394.3444519042969 -1.4053853750228882
149.15048217773438 390.404541015625 -1.405962586402893
149.80474853515625 386.4642639160156 -1.406539797782898
150.4567413330078 382.52362060546875 -1.4071170091629028
151.10646057128906 378.58258056640625 -1.4076942205429077
151.75390625 374.64117431640625 -1.4082714319229126
152.39907836914062 370.69940185546875 -1.4088486433029175
153.04197692871094 366.75726318359375 -1.4094258546829224
153.68260192871094 362.81475830078125 -1.4100030660629272
153.87802124023438 360.4156188964844 -1.5690398216247559
153.88388061523438 356.42138671875 -1.5696170330047607
153.88743591308594 352.4271545410156 -1.5701942443847656
153.88868713378906 348.43292236328125 -1.5707714557647705
153.88763427734375 344.4386901855469 -1.5713486671447754
153.88427734375 340.4444580078125 -1.5719258785247803
153.8786163330078 336.4502258300781 -1.5725030899047852
153.8706512451172 332.45599365234375 -1.57308030128479
153.86038208007812 328.4617919921875 -1.573657512664795
153.84780883789062 324.46759033203125 -1.5742347240447998
153.83291625976562 320.473388671875 -1.5748119354248047
153.8157196044922 316.47918701171875 -1.5753891468048096
153.7962188720703 312.4850158691406 -1.5759663581848145
153.7744140625 308.4908447265625 -1.5765435695648193
153.75030517578125 304.4967041015625 -1.5771207809448242
153.72389221191406 300.5025634765625 -1.577697992324829
153.69517517089844 296.5084533691406 -1.578275203704834
153.66415405273438 292.51434326171875 -1.5788524150848389
153.63082885742188 288.520263671875 -1.5794296264648438
153.59519958496094 284.52618408203125 -1.5800068378448486
153.55726623535156 280.5321350097656 -1.5805840492248535
153.5170135498047 276.5381164550781 -1.5811612606048584
153.47445678710938 272.54412841796875 -1.5817384719848633
153.42959594726562 268.5501403808594 -1.5823156833648682
153.38243103027344 264.5561828613281 -1.582892894744873
153.3329620361328 260.562255859375 -1.583470106124878
153.28118896484375 256.568359375 -1.5840473175048828
153.22711181640625 252.57449340820312 -1.5846245288848877
153.1707305908203 248.58065795898438 -1.5852017402648926
153.11204528808594 244.5868682861328 -1.5857789516448975
153.05105590820312 240.59310913085938 -1.5863561630249023
152.98776245117188 236.59938049316406 -1.5869333744049072
152.922119140625 232.60589599609375 -1.5875312089920044
152.75091552734375 229.3162384033203 -1.658052682876587
152.3483428955078 226.0468292236328 -1.7285741567611694
151.71640014648438 222.8139190673828 -1.799095630645752
150.8582305908203 219.63356018066406 -1.8696171045303345
149.77809143066406 216.52157592773438 -1.940138578414917
148.48135375976562 213.49343872070312 -2.010660171508789
146.97447204589844 210.564208984375 -2.081181764602661
145.26492309570312 207.74844360351562 -2.151703357696533
143.36122131347656 205.0601348876953 -2.2222249507904053
141.2728271484375 202.5126495361328 -2.2927465438842773
139.01011657714844 200.11865234375 -2.3632681369781494
136.58433532714844 197.89002990722656 -2.4337897300720215
134.00755310058594 195.83787536621094 -2.5043113231658936
131.29257202148438 193.97239685058594 -2.5748329162597656
128.1935577392578 192.07943725585938 -2.611671209335327
124.74656677246094 190.06149291992188 -2.612248420715332
121.29841613769531 188.0455322265625 -2.612825632095337
118.39737701416016 186.4850616455078 -2.683347225189209
114.8147201538086 184.71914672851562 -2.683924436569214
111.23104858398438 182.95530700683594 -2.6845016479492188
108.22570037841797 181.60659790039062 -2.755023241043091
104.5257797241211 180.10179138183594 -2.7556004524230957
100.82498931884766 178.59912109375 -2.7561776638031006
97.12333679199219 177.0985870361328 -2.7567548751831055
93.42081451416016 175.60018920898438 -2.7573320865631104
89.7174301147461 174.1039276123047 -2.7579092979431152
86.01318359375 172.60980224609375 -2.75848650932312
82.30807495117188 171.11781311035156 -2.759063720703125
78.60210418701172 169.62796020507812 -2.75964093208313
74.89527893066406 168.1402587890625 -2.7602181434631348
71.18759155273438 166.65469360351562 -2.7607953548431396
67.47904968261719 165.1712646484375 -2.7613725662231445
63.769649505615234 163.68997192382812 -2.7619497776031494
60.05939483642578 162.21083068847656 -2.7625269889831543
56.34828567504883 160.73382568359375 -2.763104200363159
52.63632583618164 159.2589569091797 -2.763681411743164
48.92351531982422 157.78623962402344 -2.764258623123169
45.20985794067383 156.31565856933594 -2.764835834503174
41.4953498840332 154.84722900390625 -2.7654130458831787
41.4953498840332 154.84722900390625 -2.7660226821899414
41.4953498840332 154.84722900390625 -2.7665998935699463
41.4953498840332 154.84722900390625 -2.767177104949951
41.4953498840332 154.84722900390625 -2.767754316329956
41.4953498840332 154.84722900390625 -2.768331527709961
41.4953498840332 154.84722900390625 -2.768908739089966
41.4953498840332 154.84722900390625 -2.7694859504699707
41.4953498840332 154.84722900390625 -2.7700631618499756
41.4953498840332 154.84722900390625 -2.7706403732299805
41.4953498840332 154.84722900390625 -2.7712175846099854
