62.409950256347656 452.2457275390625 0.7148767113685608
64.97215270996094 454.3160400390625 0.6443552374839783
67.67386627197266 456.20068359375 0.5738337635993958
70.50166320800781 457.8902587890625 0.5033122897148132
73.44148254394531 459.3763732910156 0.4327908158302307
76.47871398925781 460.65167236328125 0.3622693419456482
79.59825134277344 461.70977783203125 0.2917478680610657
82.78459167480469 462.5454406738281 0.22122637927532196
86.02189636230469 463.1545104980469 0.15070489048957825
89.29407501220703 463.5339660644531 0.08018340170383453
92.58485412597656 463.681884765625 0.00966191291809082
95.87787628173828 463.5975646972656 -0.06085957586765289
99.15677642822266 463.28143310546875 -0.1313810646533966
102.40524291992188 462.73504638671875 -0.20190255343914032
105.60713958740234 461.96112060546875 -0.27242404222488403
108.74654388427734 460.9635009765625 -0.34294551610946655
111.80784606933594 459.74713134765625 -0.4134669899940491
114.77583312988281 458.3180847167969 -0.4839884638786316
117.63574981689453 456.6834716796875 -0.5545099377632141
120.37337493896484 454.85137939453125 -0.6250314116477966
122.97509765625 452.8309631347656 -0.6955528855323792
125.42799377441406 450.6322326660156 -0.7660743594169617
127.71986389160156 448.26611328125 -0.8365958333015442
129.8393096923828 445.744384765625 -0.9071173071861267
131.7758026123047 443.07958984375 -0.9776387810707092
133.51971435546875 440.28497314453125 -1.0481603145599365
135.0623779296875 437.3744201660156 -1.118681788444519
136.3961181640625 434.3623962402344 -1.1892032623291016
137.51429748535156 431.2638854980469 -1.259724736213684
138.73574829101562 427.46099853515625 -1.260301947593689
139.9550018310547 423.65740966796875 -1.2608791589736938
141.17205810546875 419.8531188964844 -1.2614563703536987
142.3869171142578 416.0481262207031 -1.2620335817337036
143.59957885742188 412.242431640625 -1.2626107931137085
144.81004333496094 408.43603515625 -1.2631880044937134
146.018310546875 404.6289367675781 -1.2637652158737183
146.90257263183594 401.45574951171875 -1.3342866897583008
147.83734130859375 397.57244873046875 -1.3348639011383057
148.4939422607422 394.3444519042969 -1.4053853750228882
149.15048217773438 390.404541015625 -1.405962586402893
149.80474853515625 386.4642639160156 -1.406539797782898
150.4567413330078 382.52362060546875 -1.4071170091629028
151.10646057128906 378.58258056640625 -1.4076942205429077
151.75390625 374.64117431640625 -1.4082714319229126
152.39907836914062 370.69940185546875 -1.4088486433029175
153.04197692871094 366.75726318359375 -1.4094258546829224
153.68260192871094 362.81475830078125 -1.4100030660629272
153.87802124023438 360.4156188964844 -1.5690398216247559
153.88388061523438 356.42138671875 -1.5696170330047607
153.88743591308594 352.4271545410156 -1.5701942443847656
153.88868713378906 348.43292236328125 -1.5707714557647705
153.88763427734375 344.4386901855469 -1.5713486671447754
153.88427734375 340.4444580078125 -1.5719258785247803
153.8786163330078 336.4502258300781 -1.5725030899047852
153.8706512451172 332.45599365234375 -1.57308030128479
153.86038208007812 328.4617919921875 -1.573657512664795
153.84780883789062 324.46759033203125 -1.5742347240447998
153.83291625976562 320.473388671875 -1.5748119354248047
153.8157196044922 316.47918701171875 -1.5753891468048096
153.7962188720703 312.4850158691406 -1.5759663581848145
153.7744140625 308.4908447265625 -1.5765435695648193
153.75030517578125 304.4967041015625 -1.5771207809448242
153.72389221191406 300.5025634765625 -1.577697992324829
153.69517517089844 296.5084533691406 -1.578275203704834
153.66415405273438 292.51434326171875 -1.5788524150848389
153.63082885742188 288.520263671875 -1.5794296264648438
153.59519958496094 284.52618408203125 -1.5800068378448486
153.55726623535156 280.5321350097656 -1.5805840492248535
153.5170135498047 276.5381164550781 -1.5811612606048584
153.47445678710938 272.54412841796875 -1.5817384719848633
153.42959594726562 268.5501403808594 -1.5823156833648682
153.38243103027344 264.5561828613281 -1.582892894744873
153.3329620361328 260.562255859375 -1.583470106124878
153.28118896484375 256.568359375 -1.5840473175048828
153.22711181640625 252.57449340820312 -1.5846245288848877
153.1707305908203 248.58065795898438 -1.5852017402648926
153.11204528808594 244.5868682861328 -1.5857789516448975
153.05105590820312 240.59310913085938 -1.5863561630249023
152.98776245117188 236.59938049316406 -1.5869333744049072
152.922119140625 232.60589599609375 -1.5875310897827148
152.75091552734375 229.3162384033203 -1.6580525636672974
152.3483428955078 226.0468292236328 -1.7285740375518799
151.71640014648438 222.8139190673828 -1.7990955114364624
150.8582305908203 219.63356018066406 -1.869616985321045
149.77809143066406 216.52157592773438 -1.9401384592056274
148.48135375976562 213.49343872070312 -2.01065993309021
146.97447204589844 210.564208984375 -2.081181526184082
145.2649383544922 207.74842834472656 -2.151703119277954
143.36123657226562 205.06011962890625 -2.222224712371826
141.27284240722656 202.51263427734375 -2.2927463054656982
139.0101318359375 200.11862182617188 -2.3632678985595703
136.5843505859375 197.88999938964844 -2.4337894916534424
134.007568359375 195.8378448486328 -2.5043110847473145
131.29258728027344 193.9723663330078 -2.5748326778411865
128.19332885742188 192.07919311523438 -2.611637592315674
124.74640655517578 190.06112670898438 -2.6122148036956787
121.29832458496094 188.0450439453125 -2.6127920150756836
118.3973388671875 186.48448181152344 -2.6833136081695557
114.81474304199219 184.71844482421875 -2.6838908195495605
111.23113250732422 182.95448303222656 -2.6844680309295654
108.225830078125 181.6056671142578 -2.7549896240234375
104.52596282958984 180.10073852539062 -2.7555668354034424
100.82522583007812 178.5979461669922 -2.7561440467834473
97.12361907958984 177.0972900390625 -2.756721258163452
93.42115020751953 175.59877014160156 -2.757298469543457
89.71781921386719 174.10238647460938 -2.757875680923462
86.01362609863281 172.60813903808594 -2.758452892303467
82.30856323242188 171.11602783203125 -2.7590301036834717
78.60264587402344 169.6260528564453 -2.7596073150634766
74.89586639404297 168.13821411132812 -2.7601845264434814
71.188232421875 166.65252685546875 -2.7607617378234863
67.479736328125 165.16897583007812 -2.761338949203491
63.7703857421875 163.68756103515625 -2.761916160583496
60.0601806640625 162.2082977294922 -2.762493371963501
56.349124908447266 160.73117065429688 -2.763070583343506
52.63721466064453 159.2561798095703 -2.7636477947235107
48.92445373535156 157.78334045410156 -2.7642250061035156
45.21084213256836 156.31263732910156 -2.7648022174835205
41.49638366699219 154.84408569335938 -2.7653794288635254
41.49638366699219 154.84408569335938 -2.7659900188446045
41.49638366699219 154.84408569335938 -2.7665672302246094
41.49638366699219 154.84408569335938 -2.7671444416046143
41.49638366699219 154.84408569335938 -2.767721652984619
41.49638366699219 154.84408569335938 -2.768298864364624
41.49638366699219 154.84408569335938 -2.768876075744629
41.49638366699219 154.84408569335938 -2.769453287124634
41.49638366699219 154.84408569335938 -2.7700304985046387
41.49638366699219 154.84408569335938 -2.7706077098846436
41.49638366699219 154.84408569335938 -2.7711849212646484
