-390.0
-390.0
-387.02849167430765
-383.8978145225119
-380.82072719855677
-377.8198968396708
-374.91796017810594
-372.1373757576631
-369.50016365825905
-367.0276559317825
-364.7403519207167
-363.45247453521233
-363.45247453521233
-363.45247453521233
-363.45247453521233
-363.45247453521233
-360.350261923539
-356.84339729497106
-353.3469110991492
-349.86114532057996
-346.38639219023054
-342.9229866890004
-339.47127627737075
-336.03128874873255
-332.6038286109506
-329.1892871631344
-325.7880706027524
-322.40060064915633
-319.02734535991783
-315.6686988837982
-312.32519368689805
-308.9972900562964
-305.6854974652194
-302.3903147595018
-302.3903147595018
-298.47680789845634
-294.56556788398956
-290.6566868995342
-286.7502614443447
-282.8464239985878
-278.9452518971842
-275.0468592925237
-271.1513660694712
-267.25892973153043
-263.3696546877678
-259.4836832702088
-255.60119708125416
-251.72232582765645
-247.84723987499194
-243.97611976953806
-240.10918824840937
-236.24661939937835
-232.38863146312448
-228.5354868047858
-224.68740354418236
-220.8446464314209
-223.92431112748537
-227.05723546325487
-230.22018853223406
-230.22018853223406
-230.22018853223406
-230.22018853223406
-230.22018853223406
-230.2289180185177
-230.2289180185177
-233.10543121891146
-236.01468014680418
-238.95546914667642
-241.92664824173406
-244.92711193072034
-247.95579658845682
-251.01168057519286
-254.09381243696993
-257.20118964661464
-260.33296742409044
-263.4882462311269
-266.6661915784916
-269.8660029627166
-273.08691154298504
-276.32817951512044
-279.58909885419945
-282.8689897112762
-286.16719979971987
-286.16719979971987
-286.16719979971987
-283.1762742823551
-280.186770723781
-277.30047991033587
-274.54075728436965
-274.54075728436965
-274.54075728436965
-274.54075728436965
-274.54075728436965
-274.54075728436965
-274.54075728436965
-274.54075728436965
-272.5767441385946
-274.2429902065545
-272.00581981089204
-269.8092400222127
-267.65428083780006
-269.4681637538349
-267.04968948581126
-264.6694356264859
-262.32841161707915
-260.027707917916
-261.9539146616668
-259.39802230729305
-256.878816591361
-254.39741858469108
-254.3969542258928
-250.90940608463828
-247.4372480700764
-243.98116839143123
-240.54182943191637
-237.11999046111873
-233.716419912476
-230.33189631488847
-226.9673030550276
-223.62350889089151
-220.30149195039323
-217.00222130126096
-213.72678158611828
-210.47628471915866
-207.2518736741105
-204.05481587433425
-204.05481587433425
-204.05481587433425
-204.05481587433425
-204.05481587433425
-204.05481587433425
-204.05481587433425
-204.05481587433425
-204.05481587433425
-204.05481587433425
-204.05481587433425
