-390.0004577637854
-390.0009765627018
-390.00140380871017
-393.66604431233503
-397.3371538160989
-401.0145546576026
-404.69807533294824
-408.38755024553586
-412.08281946631524
-415.7837285049351
-419.4901280912622
-423.20187396676516
-426.29454013302797
-426.29454013302797
-426.29454013302797
-426.2961138388552
-426.02144065879423
-424.7716249982151
-423.55462370260466
-422.37072049238304
-421.22019438526206
-420.103350056736
-420.09786135676944
-420.09786135676944
-416.5814679057388
-413.0731252226903
-409.5731316783979
-409.5731316783979
-405.59586056883296
-401.6190407257235
-397.6426856884014
-393.6668095416166
-389.6914269431935
-385.7165531533816
-381.7422040660226
-377.76839624166615
-373.7951469427771
-369.8224741711899
-365.8503967079779
-361.878934155921
-357.90810698477094
-353.9379365795299
-349.96844529197864
-345.9996564957113
-342.0315946449567
-338.06428533749323
-334.09775538199045
-330.13203287014557
-326.16714725401397
-322.20312942897476
-318.2400118228126
-314.2778284914471
-310.316615221891
-306.35640964308084
-302.3972513452849
-298.4391820088707
-294.48224554329346
-290.52648823725787
-286.57195892111065
-282.61870914263295
-278.66679335753275
-274.71626913608117
-270.767197387501
-266.81964260389896
-262.87367312574116
-258.92936143110904
-254.98678445123593
-251.0460239151308
-247.10716672643886
-243.17030537607982
-239.23553839465413
-235.30297084911695
-231.37271488880654
-227.4448903465844
-223.5196254016163
-219.59705731121306
-215.6773332201735
-211.76061105725861
-207.84706052979823
-203.9368642290253
-203.9368642290253
-203.92571950724263
-203.92571950724263
-203.92553858064588
-203.92553858064588
-203.92553858064588
-203.92553858064588
-203.92553858064588
-203.92553858064588
-203.92553858064588
-203.92553858064588
-203.92553858064588
