61.66561508178711 451.3855895996094 0.6023632287979126
63.555606842041016 452.44488525390625 0.4193282425403595
65.6068344116211 453.1424560546875 0.2362932562828064
67.75076293945312 453.45501708984375 0.053258270025253296
69.915771484375 453.37213134765625 -0.1297767162322998
72.02953338623047 452.8965759277344 -0.3128117024898529
74.02143096923828 452.0442199707031 -0.495846688747406
75.82491302490234 450.84356689453125 -0.6788816452026367
77.3797378540039 449.334716796875 -0.8619166612625122
78.63394927978516 447.56805419921875 -1.0449516773223877
79.545654296875 445.6026306152344 -1.2279866933822632
80.08438873291016 443.50408935546875 -1.4110217094421387
80.23216247558594 441.342529296875 -1.5940567255020142
79.9840316772461 439.190185546875 -1.7770917415618896
79.3482894897461 437.11895751953125 -1.9601267576217651
79.34658813476562 437.1100769042969 -1.5610370635986328
79.16964721679688 434.9507141113281 -1.7440720796585083
78.60263061523438 432.859619140625 -1.9271070957183838
78.6012191772461 432.8506774902344 -1.528017282485962
78.49566650390625 430.6866455078125 -1.7110522985458374
77.99799346923828 428.5779724121094 -1.894087314605713
77.99687957763672 428.5690002441406 -1.494997501373291
77.96282196044922 426.4026794433594 -1.6780325174331665
77.5350341796875 424.27874755859375 -1.861067533493042
77.53421783447266 424.2697448730469 -1.4619777202606201
77.53697967529297 424.2610778808594 -1.0628948211669922
78.41327667236328 422.27960205078125 -1.2459298372268677
78.41780090332031 422.27178955078125 -0.8468400835990906
79.6985092163086 420.52423095703125 -1.0298750400543213
80.63973999023438 418.57275390625 -1.2129100561141968
80.64452362060547 418.5650939941406 -0.8138203024864197
81.98222351074219 416.86077880859375 -0.9968552589416504
82.98736572265625 414.9414367675781 -1.1798902750015259
83.62637329101562 412.8712158203125 -1.3629252910614014
83.62995147705078 412.8629150390625 -0.9638355374336243
84.69791412353516 410.9778137207031 -1.146870493888855
85.40492248535156 408.9298095703125 -1.3299055099487305
85.40877532958984 408.921630859375 -0.9308157563209534
86.53839111328125 407.07281494140625 -1.113850712776184
87.3126220703125 405.0492858886719 -1.2968857288360596
87.31674194335938 405.0412292480469 -0.8977959752082825
88.50677490234375 403.230712890625 -1.0808309316635132
89.3473892211914 401.23382568359375 -1.2638659477233887
89.35177612304688 401.2259216308594 -0.8647761940956116
90.6009292602539 399.4556884765625 -1.0478111505508423
91.50701141357422 397.4876403808594 -1.2308461666107178
92.03974914550781 395.3875732421875 -1.4138811826705933
92.04290008544922 395.37908935546875 -1.014791488647461
93.01345825195312 393.4420471191406 -1.1978265047073364
93.615234375 391.3606872558594 -1.380861520767212
93.61866760253906 391.3523254394531 -0.9817717671394348
94.65264892578125 389.4483642578125 -1.1648067235946655
95.32280731201172 387.3880310058594 -1.347841739654541
95.3265151977539 387.3797912597656 -0.9487519860267639
97.65668487548828 384.1296081542969 -0.9488354921340942
99.98657989501953 380.8792419433594 -0.9489189982414246
102.31620788574219 377.6286926269531 -0.9490025043487549
104.64556121826172 374.3779296875 -0.9490860104560852
106.97464752197266 371.1269836425781 -0.9491695165634155
109.30345916748047 367.8758239746094 -0.9492530226707458
111.63199615478516 364.6244812011719 -0.9493365287780762
113.96026611328125 361.3729553222656 -0.9494200348854065
115.05529022216797 359.5034484863281 -1.1324549913406372
116.7525405883789 355.8822937011719 -1.1325384378433228
117.48882293701172 353.8446350097656 -1.3155734539031982
118.49829864501953 349.9749755859375 -1.3156569004058838
119.5074462890625 346.105224609375 -1.3157403469085693
119.86019134521484 343.967529296875 -1.4987753629684448
120.14779663085938 339.9787292480469 -1.4988588094711304
120.10537719726562 337.81256103515625 -1.6818938255310059
119.66190338134766 333.83721923828125 -1.6818938255310059
119.21835327148438 329.86273193359375 -1.6819772720336914
118.77447509765625 325.8882751464844 -1.682060718536377
118.338134765625 323.7660827636719 -1.865095615386963
117.1778564453125 319.93804931640625 -1.865095615386963
116.017578125 316.1100158691406 -1.865095615386963
114.8572998046875 312.281982421875 -1.865095615386963
113.697021484375 308.4539489746094 -1.865095615386963
112.5367431640625 304.62591552734375 -1.865095615386963
111.37646484375 300.7978820800781 -1.865095615386963
110.2161865234375 296.9698486328125 -1.865095615386963
110.21533203125 296.9608459472656 -1.466005802154541
110.24408721923828 294.79443359375 -1.6490408182144165
109.87804412841797 292.65899658203125 -1.832075834274292
109.87748718261719 292.64996337890625 -1.4329860210418701
109.97775268554688 290.4856872558594 -1.6160210371017456
109.68241119384766 288.3393249511719 -1.799056053161621
109.00132751464844 286.2825622558594 -1.9820910692214966
108.99645233154297 286.25994873046875 -1.584418773651123
108.76907348632812 284.1053161621094 -1.7674537897109985
108.1533203125 282.0280456542969 -1.950488805770874
108.15170288085938 282.0191650390625 -1.5513989925384521
107.9955825805664 279.85821533203125 -1.7344340085983276
107.44874572753906 277.7617492675781 -1.9174690246582031
107.44741821289062 277.7528076171875 -1.5183792114257812
107.36272430419922 275.5878601074219 -1.7014142274856567
106.88539123535156 273.4744873046875 -1.8844492435455322
106.0313720703125 271.4833068847656 -2.067484140396118
106.02872467041016 271.47467041015625 -1.6683943271636963
105.62142944335938 269.3467102050781 -1.8514293432235718
104.83361053466797 267.32843017578125 -2.0344643592834473
104.83125305175781 267.3197021484375 -1.6353745460510254
104.49443054199219 265.179443359375 -1.8184095621109009
103.77367401123047 263.1362609863281 -2.0014445781707764
103.7716064453125 263.1274719238281 -1.6023547649383545
103.50562286376953 260.9772644042969 -1.78538978099823
102.85271453857422 258.911376953125 -1.9684247970581055
101.56197357177734 255.6251983642578 -1.9217008352279663
100.63439178466797 253.66720581054688 -2.104735851287842
100.63142395019531 253.65866088867188 -1.70564603805542
100.14515686035156 251.54733276367188 -1.8886810541152954
99.28272247314453 249.55978393554688 -2.071716070175171
99.28003692626953 249.5511474609375 -1.672626256942749
98.86373901367188 247.4249267578125 -1.8556612730026245
98.06739044189453 245.4099884033203 -2.0386962890625
96.91759490966797 243.5736541748047 -2.221731185913086
96.91365051269531 243.56552124023438 -1.822641372680664
96.18425750732422 241.525390625 -2.00567626953125
95.09571075439453 239.652099609375 -2.188711166381836
93.68437957763672 238.00823974609375 -2.371746063232422
90.81230926513672 235.22413635253906 -2.371746063232422
87.94071960449219 232.44073486328125 -2.3718295097351074
85.06890106201172 229.65757751464844 -2.371912956237793
82.19685363769531 226.87466430664062 -2.3719964027404785
79.32456970214844 224.09197998046875 -2.372079849243164
76.45205688476562 221.30953979492188 -2.3721632957458496
73.57930755615234 218.52734375 -2.372246742248535
70.70632934570312 215.74537658691406 -2.3723301887512207
69.0185775756836 214.3868408203125 -2.5553650856018066
69.01219177246094 214.3804473876953 -2.1562752723693848
67.65491485595703 212.69168090820312 -2.3393101692199707
66.01293182373047 211.27816772460938 -2.5223450660705566
64.1409912109375 210.1870574951172 -2.70536732673645
64.13372039794922 210.1816864013672 -2.3062775135040283
62.53931427001953 208.71470642089844 -2.4893124103546143
60.704532623291016 207.56243896484375 -2.6723473072052
60.69744110107422 207.5568389892578 -2.2732574939727783
59.15233612060547 206.03802490234375 -2.4562923908233643
57.35659408569336 204.8258056640625 -2.63932728767395
57.349693298339844 204.81997680664062 -2.2402374744415283
54.867889404296875 201.68406677246094 -2.240321159362793
53.37363815307617 200.1151885986328 -2.423356056213379
51.61878967285156 198.84449768066406 -2.606390953063965
51.612083435058594 198.83843994140625 -2.207301139831543
50.16953659057617 197.21983337402344 -2.3901820182800293
48.457801818847656 195.89163208007812 -2.5732169151306152
48.45130157470703 195.88536071777344 -2.1741271018981934
47.06407928466797 194.22105407714844 -2.357158899307251
45.39712905883789 192.83706665039062 -2.540193796157837
45.390838623046875 192.83058166503906 -2.141103982925415
44.05934143066406 191.1214141845703 -2.324138879776001
42.43899154663086 189.6831512451172 -2.507173776626587
42.432918548583984 189.67645263671875 -2.108083963394165
41.158573150634766 187.92425537109375 -2.291118860244751
39.58658981323242 186.4332733154297 -2.474153757095337
39.58074188232422 186.42637634277344 -2.075063943862915
38.36493682861328 184.63307189941406 -2.258098840713501
35.82752227783203 181.54197692871094 -2.2581825256347656
34.30548858642578 180.0000457763672 -2.4412174224853516
34.299869537353516 179.9929656982422 -2.0421276092529297
33.14377975463867 178.16058349609375 -2.2251625061035156
30.709529876708984 174.98760986328125 -2.225245952606201
28.564022064208984 172.36050415039062 -2.2860047817230225
25.94150161743164 169.34169006347656 -2.2861196994781494
23.318511962890625 166.32296752929688 -2.286210060119629
20.694793701171875 163.30368041992188 -2.286210060119629
18.071075439453125 160.28439331054688 -2.286210060119629
18.06661605834961 160.2765350341797 -1.887120246887207
18.06447982788086 160.25839233398438 -1.488959550857544
18.06698989868164 160.2497100830078 -1.089869737625122
18.06698989868164 160.2497100830078 -1.4898697137832642
18.06949234008789 160.24102783203125 -1.0907800197601318
18.06949234008789 160.24102783203125 -1.490779995918274
18.07198715209961 160.2323455810547 -1.0916903018951416
18.07198715209961 160.2323455810547 -1.4916902780532837
18.074472427368164 160.22366333007812 -1.0926005840301514
18.074472427368164 160.22366333007812 -1.4926005601882935
18.076950073242188 160.2149658203125 -1.0935108661651611
18.076950073242188 160.2149658203125 -1.4935108423233032
18.07942008972168 160.20626831054688 -1.094421148300171
18.07942008972168 160.20626831054688 -1.494421124458313
18.08188247680664 160.19757080078125 -1.0953314304351807
18.08188247680664 160.19757080078125 -1.4953314065933228
18.08433723449707 160.18887329101562 -1.0962417125701904
18.08433723449707 160.18887329101562 -1.4962416887283325
18.08678436279297 160.18017578125 -1.0971519947052002
18.08678436279297 160.18017578125 -1.4971519708633423
18.089223861694336 160.17147827148438 -1.09806227684021
18.089223861694336 160.17147827148438 -1.498062252998352
18.09165382385254 160.1627655029297 -1.0989725589752197
18.09165382385254 160.1627655029297 -1.4989725351333618
18.09407615661621 160.154052734375 -1.0998828411102295
18.09407615661621 160.154052734375 -1.4998828172683716
18.09649085998535 160.1453399658203 -1.1007931232452393
18.09649085998535 160.1453399658203 -1.5007930994033813
18.09889793395996 160.13662719726562 -1.101703405380249
18.09889793395996 160.13662719726562 -1.5017033815383911
18.10129737854004 160.12791442871094 -1.1026136875152588
18.10129737854004 160.12791442871094 -1.5026136636734009
18.103689193725586 160.11920166015625 -1.1035239696502686
18.103689193725586 160.11920166015625 -1.5035239458084106
18.10607147216797 160.11048889160156 -1.1044342517852783
18.10607147216797 160.11048889160156 -1.5044342279434204
18.10844612121582 160.1017608642578 -1.105344533920288
18.10844612121582 160.1017608642578 -1.5053445100784302
18.11081314086914 160.09303283691406 -1.1062548160552979
18.11081314086914 160.09303283691406 -1.50625479221344
18.11317253112793 160.0843048095703 -1.1071650981903076
18.11317253112793 160.0843048095703 -1.5071650743484497
18.115524291992188 160.07557678222656 -1.1080753803253174
18.115524291992188 160.07557678222656 -1.5080753564834595
18.117868423461914 160.0668487548828 -1.1089856624603271
18.117868423461914 160.0668487548828 -1.5089856386184692
18.120203018188477 160.05812072753906 -1.109895944595337
18.120203018188477 160.05812072753906 -1.509895920753479
18.122529983520508 160.0493927001953 -1.1108062267303467
18.122529983520508 160.0493927001953 -1.5108062028884888
18.124849319458008 160.0406494140625 -1.1117165088653564
18.124849319458008 160.0406494140625 -1.5117164850234985
18.127161026000977 160.0319061279297 -1.1126267910003662
18.127161026000977 160.0319061279297 -1.5126267671585083
18.129465103149414 160.02316284179688 -1.113537073135376
18.129465103149414 160.02316284179688 -1.513537049293518
18.13176155090332 160.01441955566406 -1.1144473552703857
18.13176155090332 160.01441955566406 -1.5144473314285278
18.134048461914062 160.00567626953125 -1.1153576374053955
18.134048461914062 160.00567626953125 -1.5153576135635376
18.136327743530273 159.99693298339844 -1.1162679195404053
18.136327743530273 159.99693298339844 -1.5162678956985474
18.138599395751953 159.98818969726562 -1.117178201675415
18.138599395751953 159.98818969726562 -1.5171781778335571
18.1408634185791 159.9794464111328 -1.1180884838104248
18.1408634185791 159.9794464111328 -1.518088459968567
18.14311981201172 159.97068786621094 -1.1189987659454346
18.14311981201172 159.97068786621094 -1.5189987421035767
18.145368576049805 159.96192932128906 -1.1199090480804443
18.145368576049805 159.96192932128906 -1.5199090242385864
18.147607803344727 159.9531707763672 -1.120819330215454
18.147607803344727 159.9531707763672 -1.5208193063735962
18.149839401245117 159.9444122314453 -1.1217296123504639
18.149839401245117 159.9444122314453 -1.521729588508606
18.152063369750977 159.93565368652344 -1.1226398944854736
18.152063369750977 159.93565368652344 -1.5226398706436157
18.154279708862305 159.92689514160156 -1.1235501766204834
18.154279708862305 159.92689514160156 -1.5235501527786255
18.1564884185791 159.9181365966797 -1.1244604587554932
18.1564884185791 159.9181365966797 -1.5244604349136353
18.158687591552734 159.90936279296875 -1.125370740890503
18.158687591552734 159.90936279296875 -1.525370717048645
18.160879135131836 159.9005889892578 -1.1262810230255127
18.160879135131836 159.9005889892578 -1.5262809991836548
18.163063049316406 159.89181518554688 -1.1271913051605225
18.163063049316406 159.89181518554688 -1.5271912813186646
18.165239334106445 159.88304138183594 -1.1281015872955322
18.165239334106445 159.88304138183594 -1.5281015634536743
18.167407989501953 159.874267578125 -1.129011869430542
18.167407989501953 159.874267578125 -1.529011845588684
18.16956901550293 159.86549377441406 -1.1299221515655518
18.16956901550293 159.86549377441406 -1.5299221277236938
18.171720504760742 159.85671997070312 -1.1308324337005615
18.171720504760742 159.85671997070312 -1.5308324098587036
18.173864364624023 159.8479461669922 -1.1317427158355713
18.173864364624023 159.8479461669922 -1.5317426919937134
18.176000595092773 159.8391571044922 -1.132652997970581
18.176000595092773 159.8391571044922 -1.5326529741287231
18.178129196166992 159.8303680419922 -1.1335632801055908
18.178129196166992 159.8303680419922 -1.533563256263733
18.18025016784668 159.8215789794922 -1.1344735622406006
18.18025016784668 159.8215789794922 -1.5344735383987427
18.182361602783203 159.8127899169922 -1.1353838443756104
18.182361602783203 159.8127899169922 -1.5353838205337524
18.184465408325195 159.8040008544922 -1.1362941265106201
18.184465408325195 159.8040008544922 -1.5362941026687622
18.186561584472656 159.7952117919922 -1.1372044086456299
18.186561584472656 159.7952117919922 -1.537204384803772
18.188650131225586 159.7864227294922 -1.1381146907806396
18.188650131225586 159.7864227294922 -1.5381146669387817
18.190731048583984 159.7776336669922 -1.1390249729156494
18.190731048583984 159.7776336669922 -1.5390249490737915
18.19280242919922 159.76882934570312 -1.1399352550506592
18.19280242919922 159.76882934570312 -1.5399352312088013
18.194866180419922 159.76002502441406 -1.140845537185669
18.194866180419922 159.76002502441406 -1.540845513343811
18.196922302246094 159.751220703125 -1.1417558193206787
18.196922302246094 159.751220703125 -1.5417557954788208
18.198970794677734 159.74241638183594 -1.1426661014556885
18.198970794677734 159.74241638183594 -1.5426660776138306
18.201011657714844 159.73361206054688 -1.1435763835906982
18.201011657714844 159.73361206054688 -1.5435763597488403
18.20304298400879 159.7248077392578 -1.144486665725708
18.20304298400879 159.7248077392578 -1.54448664188385
18.205066680908203 159.71600341796875 -1.1453969478607178
18.205066680908203 159.71600341796875 -1.5453968048095703
18.207082748413086 159.7071990966797 -1.1463069915771484
18.207082748413086 159.7071990966797 -1.546306848526001
18.209091186523438 159.69837951660156 -1.147217035293579
18.209091186523438 159.69837951660156 -1.5472168922424316
18.211091995239258 159.68955993652344 -1.1481270790100098
18.211091995239258 159.68955993652344 -1.5481269359588623
18.213083267211914 159.6807403564453 -1.1490371227264404
18.213083267211914 159.6807403564453 -1.549036979675293
18.21506690979004 159.6719207763672 -1.149947166442871
18.21506690979004 159.6719207763672 -1.5499470233917236
18.217042922973633 159.66310119628906 -1.1508572101593018
18.217042922973633 159.66310119628906 -1.5508570671081543
18.219011306762695 159.65428161621094 -1.1517672538757324
18.219011306762695 159.65428161621094 -1.551767110824585
18.220972061157227 159.6454620361328 -1.152677297592163
18.220972061157227 159.6454620361328 -1.5526772737503052
18.222923278808594 159.6366424560547 -1.1535875797271729
18.222923278808594 159.6366424560547 -1.553587555885315
18.22486686706543 159.62782287597656 -1.1544978618621826
18.22486686706543 159.62782287597656 -1.5544978380203247
18.226802825927734 159.61898803710938 -1.1554081439971924
18.226802825927734 159.61898803710938 -1.5554081201553345
18.228731155395508 159.6101531982422 -1.1563184261322021
18.228731155395508 159.6101531982422 -1.5563184022903442
18.230649948120117 159.601318359375 -1.157228708267212
18.230649948120117 159.601318359375 -1.557228684425354
18.232561111450195 159.5924835205078 -1.1581389904022217
18.232561111450195 159.5924835205078 -1.5581389665603638
18.234464645385742 159.58364868164062 -1.1590492725372314
18.234464645385742 159.58364868164062 -1.5590492486953735
18.236360549926758 159.57481384277344 -1.1599595546722412
18.236360549926758 159.57481384277344 -1.5599595308303833
18.238248825073242 159.56597900390625 -1.160869836807251
18.238248825073242 159.56597900390625 -1.560869812965393
18.240127563476562 159.55714416503906 -1.1617801189422607
18.240127563476562 159.55714416503906 -1.5617800951004028
18.24199867248535 159.5482940673828 -1.1626904010772705
18.24199867248535 159.5482940673828 -1.5626903772354126
18.24386215209961 159.53944396972656 -1.1636006832122803
18.24386215209961 159.53944396972656 -1.5636006593704224
18.245718002319336 159.5305938720703 -1.16451096534729
18.245718002319336 159.5305938720703 -1.5645109415054321
18.24756622314453 159.52174377441406 -1.1654212474822998
18.24756622314453 159.52174377441406 -1.565421223640442
18.249404907226562 159.5128936767578 -1.1663315296173096
18.249404907226562 159.5128936767578 -1.5663315057754517
18.251235961914062 159.50404357910156 -1.1672418117523193
18.251235961914062 159.50404357910156 -1.5672417879104614
18.25305938720703 159.4951934814453 -1.168152093887329
18.25305938720703 159.4951934814453 -1.5681520700454712
18.25487518310547 159.48634338378906 -1.1690623760223389
18.25487518310547 159.48634338378906 -1.569062352180481
18.256681442260742 159.4774932861328 -1.1699726581573486
18.256681442260742 159.4774932861328 -1.5699726343154907
18.258480072021484 159.46864318847656 -1.1708829402923584
18.258480072021484 159.46864318847656 -1.5708829164505005
18.260271072387695 159.45977783203125 -1.1717932224273682
18.260271072387695 159.45977783203125 -1.5717931985855103
18.262054443359375 159.45091247558594 -1.172703504562378
18.262054443359375 159.45091247558594 -1.5727033615112305
18.26382827758789 159.44204711914062 -1.1736135482788086
18.26382827758789 159.44204711914062 -1.5736134052276611
18.265594482421875 159.4331817626953 -1.1745235919952393
18.265594482421875 159.4331817626953 -1.5745234489440918
18.267353057861328 159.42431640625 -1.17543363571167
18.267353057861328 159.42431640625 -1.5754334926605225
18.26910400390625 159.4154510498047 -1.1763436794281006
18.26910400390625 159.4154510498047 -1.5763435363769531
18.27084732055664 159.40658569335938 -1.1772537231445312
18.27084732055664 159.40658569335938 -1.5772535800933838
18.272581100463867 159.39772033691406 -1.178163766860962
18.272581100463867 159.39772033691406 -1.5781636238098145
18.274307250976562 159.38885498046875 -1.1790738105773926
18.274307250976562 159.38885498046875 -1.5790736675262451
18.276025772094727 159.37997436523438 -1.1799838542938232
18.276025772094727 159.37997436523438 -1.5799837112426758
18.27773666381836 159.37109375 -1.180893898010254
18.27773666381836 159.37109375 -1.5808937549591064
18.279438018798828 159.36221313476562 -1.1818039417266846
18.279438018798828 159.36221313476562 -1.581803798675537
18.281131744384766 159.35333251953125 -1.1827139854431152
18.281131744384766 159.35333251953125 -1.5827138423919678
18.282817840576172 159.34445190429688 -1.183624029159546
18.282817840576172 159.34445190429688 -1.5836238861083984
18.284496307373047 159.3355712890625 -1.1845340728759766
18.284496307373047 159.3355712890625 -1.584533929824829
18.286165237426758 159.32669067382812 -1.1854441165924072
18.286165237426758 159.32669067382812 -1.5854439735412598
18.287826538085938 159.31781005859375 -1.186354160308838
18.287826538085938 159.31781005859375 -1.5863540172576904
18.289480209350586 159.30892944335938 -1.1872642040252686
18.289480209350586 159.30892944335938 -1.587264060974121
18.291126251220703 159.300048828125 -1.1881742477416992
18.291126251220703 159.300048828125 -1.5881741046905518
18.292762756347656 159.29115295410156 -1.1890842914581299
18.292762756347656 159.29115295410156 -1.5890841484069824
18.294391632080078 159.28225708007812 -1.1899943351745605
18.294391632080078 159.28225708007812 -1.589994192123413
18.29601287841797 159.2733612060547 -1.1909043788909912
18.29601287841797 159.2733612060547 -1.5909042358398438
18.297626495361328 159.26446533203125 -1.1918144226074219
18.297626495361328 159.26446533203125 -1.5918142795562744
18.299232482910156 159.2555694580078 -1.1927244663238525
18.299232482910156 159.2555694580078 -1.592724323272705
18.30082893371582 159.24667358398438 -1.1936345100402832
18.30082893371582 159.24667358398438 -1.5936343669891357
18.302417755126953 159.23777770996094 -1.1945445537567139
18.302417755126953 159.23777770996094 -1.5945444107055664
18.303998947143555 159.2288818359375 -1.1954545974731445
18.303998947143555 159.2288818359375 -1.595454454421997
18.305572509765625 159.21998596191406 -1.1963646411895752
18.305572509765625 159.21998596191406 -1.5963644981384277
18.30713653564453 159.21109008789062 -1.1972746849060059
18.30713653564453 159.21109008789062 -1.5972745418548584
18.308692932128906 159.2021942138672 -1.1981847286224365
18.308692932128906 159.2021942138672 -1.598184585571289
18.31024169921875 159.1932830810547 -1.1990947723388672
18.31024169921875 159.1932830810547 -1.5990946292877197
18.311782836914062 159.1843719482422 -1.2000048160552979
18.311782836914062 159.1843719482422 -1.6000046730041504
18.31331443786621 159.1754608154297 -1.2009148597717285
18.31331443786621 159.1754608154297 -1.600914716720581
18.314838409423828 159.1665496826172 -1.2018249034881592
18.314838409423828 159.1665496826172 -1.6018247604370117
18.316354751586914 159.1576385498047 -1.2027349472045898
18.316354751586914 159.1576385498047 -1.6027348041534424
18.31786346435547 159.1487274169922 -1.2036449909210205
18.31786346435547 159.1487274169922 -1.603644847869873
18.31936264038086 159.1398162841797 -1.2045550346374512
18.31936264038086 159.1398162841797 -1.6045548915863037
18.32085418701172 159.1309051513672 -1.2054650783538818
18.32085418701172 159.1309051513672 -1.6054649353027344
18.322338104248047 159.1219940185547 -1.2063751220703125
18.322338104248047 159.1219940185547 -1.606374979019165
18.323814392089844 159.1130828857422 -1.2072851657867432
18.323814392089844 159.1130828857422 -1.6072850227355957
18.325281143188477 159.1041717529297 -1.2081952095031738
18.325281143188477 159.1041717529297 -1.6081950664520264
18.326740264892578 159.09524536132812 -1.2091052532196045
18.326740264892578 159.09524536132812 -1.609105110168457
18.32819175720215 159.08631896972656 -1.2100152969360352
18.32819175720215 159.08631896972656 -1.6100151538848877
18.329633712768555 159.077392578125 -1.2109253406524658
18.329633712768555 159.077392578125 -1.6109251976013184
18.33106803894043 159.06846618652344 -1.2118353843688965
18.33106803894043 159.06846618652344 -1.611835241317749
18.332494735717773 159.05953979492188 -1.2127454280853271
18.332494735717773 159.05953979492188 -1.6127452850341797
18.333913803100586 159.0506134033203 -1.2136554718017578
18.333913803100586 159.0506134033203 -1.6136553287506104
18.335323333740234 159.04168701171875 -1.2145655155181885
18.335323333740234 159.04168701171875 -1.614565372467041
18.33672523498535 159.0327606201172 -1.2154755592346191
18.33672523498535 159.0327606201172 -1.6154754161834717
18.338119506835938 159.02383422851562 -1.2163856029510498
18.338119506835938 159.02383422851562 -1.6163854598999023
18.339506149291992 159.01490783691406 -1.2172956466674805
18.339506149291992 159.01490783691406 -1.617295503616333
18.340883255004883 159.0059814453125 -1.2182056903839111
18.340883255004883 159.0059814453125 -1.6182055473327637
18.342252731323242 158.99705505371094 -1.2191157341003418
18.342252731323242 158.99705505371094 -1.6191155910491943
18.34361457824707 158.9881134033203 -1.2200257778167725
18.34361457824707 158.9881134033203 -1.620025634765625
18.344968795776367 158.9791717529297 -1.2209360599517822
18.344968795776367 158.9791717529297 -1.6209359169006348
18.3463134765625 158.97023010253906 -1.221846342086792
18.3463134765625 158.97023010253906 -1.6218461990356445
18.3476505279541 158.96128845214844 -1.2227566242218018
18.3476505279541 158.96128845214844 -1.6227564811706543
18.348979949951172 158.9523468017578 -1.2236669063568115
18.348979949951172 158.9523468017578 -1.623666763305664
18.35030174255371 158.9434051513672 -1.2245771884918213
18.35030174255371 158.9434051513672 -1.6245770454406738
18.351613998413086 158.93446350097656 -1.225487470626831
18.351613998413086 158.93446350097656 -1.6254873275756836
18.35291862487793 158.92552185058594 -1.2263977527618408
18.35291862487793 158.92552185058594 -1.6263976097106934
18.354215621948242 158.9165802001953 -1.2273080348968506
18.354215621948242 158.9165802001953 -1.6273078918457031
18.355504989624023 158.9076385498047 -1.2282183170318604
18.355504989624023 158.9076385498047 -1.628218173980713
18.35678482055664 158.89869689941406 -1.2291285991668701
18.35678482055664 158.89869689941406 -1.6291284561157227
18.358057022094727 158.88973999023438 -1.2300388813018799
18.358057022094727 158.88973999023438 -1.6300387382507324
18.35932159423828 158.8807830810547 -1.2309491634368896
18.35932159423828 158.8807830810547 -1.6309490203857422
18.360576629638672 158.871826171875 -1.2318594455718994
18.360576629638672 158.871826171875 -1.631859302520752
18.36182403564453 158.8628692626953 -1.2327697277069092
18.36182403564453 158.8628692626953 -1.6327695846557617
18.36306381225586 158.85391235351562 -1.233680009841919
18.36306381225586 158.85391235351562 -1.6336798667907715
18.364295959472656 158.84495544433594 -1.2345902919769287
18.364295959472656 158.84495544433594 -1.6345901489257812
18.36551856994629 158.83599853515625 -1.2355005741119385
18.36551856994629 158.83599853515625 -1.635500431060791
18.36673355102539 158.82704162597656 -1.2364108562469482
18.36673355102539 158.82704162597656 -1.6364107131958008
18.36794090270996 158.81808471679688 -1.237321138381958
18.36794090270996 158.81808471679688 -1.6373209953308105
18.369140625 158.8091278076172 -1.2382314205169678
18.369140625 158.8091278076172 -1.6382312774658203
18.370330810546875 158.8001708984375 -1.2391417026519775
18.370330810546875 158.8001708984375 -1.63914155960083
18.37151336669922 158.7912139892578 -1.2400519847869873
18.37151336669922 158.7912139892578 -1.6400518417358398
18.37268829345703 158.78225708007812 -1.240962266921997
18.37268829345703 158.78225708007812 -1.6409621238708496
18.37385368347168 158.77330017089844 -1.2418725490570068
18.37385368347168 158.77330017089844 -1.6418724060058594
18.375011444091797 158.7643280029297 -1.2427828311920166
18.375011444091797 158.7643280029297 -1.6427826881408691
18.376161575317383 158.75535583496094 -1.2436931133270264
18.376161575317383 158.75535583496094 -1.643692970275879
18.377304077148438 158.7463836669922 -1.2446032762527466
18.377304077148438 158.7463836669922 -1.6446031332015991
18.378437042236328 158.73741149902344 -1.2455134391784668
18.378437042236328 158.73741149902344 -1.6455132961273193
18.379562377929688 158.7284393310547 -1.246423602104187
18.379562377929688 158.7284393310547 -1.6464234590530396
18.380680084228516 158.71946716308594 -1.2473337650299072
18.380680084228516 158.71946716308594 -1.6473336219787598
18.381790161132812 158.7104949951172 -1.2482439279556274
18.381790161132812 158.7104949951172 -1.64824378490448
18.382890701293945 158.70152282714844 -1.2491540908813477
18.382890701293945 158.70152282714844 -1.6491539478302002
18.383983612060547 158.6925506591797 -1.2500642538070679
18.383983612060547 158.6925506591797 -1.6500641107559204
18.385074615478516 158.68353271484375 -1.250978946685791
18.385074615478516 158.68353271484375 -1.6509788036346436
18.38615608215332 158.6745147705078 -1.2518937587738037
18.38615608215332 158.6745147705078 -1.6518936157226562
18.387229919433594 158.66549682617188 -1.2528085708618164
18.387229919433594 158.66549682617188 -1.652808427810669
18.388296127319336 158.65647888183594 -1.253723382949829
18.388296127319336 158.65647888183594 -1.6537232398986816
18.389352798461914 158.6474609375 -1.2546381950378418
18.389352798461914 158.6474609375 -1.6546380519866943
18.39040184020996 158.63844299316406 -1.255552887916565
18.39040184020996 158.63844299316406 -1.6555527448654175
18.391443252563477 158.62942504882812 -1.256467580795288
18.391443252563477 158.62942504882812 -1.6564674377441406
18.392475128173828 158.6204071044922 -1.2573822736740112
18.392475128173828 158.6204071044922 -1.6573821306228638
18.39349937438965 158.6113739013672 -1.2582969665527344
18.39349937438965 158.6113739013672 -1.658296823501587
18.394515991210938 158.6023406982422 -1.2592116594314575
18.394515991210938 158.6023406982422 -1.65921151638031
18.395523071289062 158.5933074951172 -1.2601263523101807
18.395523071289062 158.5933074951172 -1.6601262092590332
18.396522521972656 158.5842742919922 -1.2610409259796143
18.396522521972656 158.5842742919922 -1.6610407829284668
18.39750862121582 158.57528686523438 -1.261950969696045
18.39750862121582 158.57528686523438 -1.6619508266448975
18.398487091064453 158.56629943847656 -1.2628610134124756
18.398487091064453 158.56629943847656 -1.6628608703613281
18.399456024169922 158.55731201171875 -1.2637710571289062
18.399456024169922 158.55731201171875 -1.6637709140777588
18.40041732788086 158.54832458496094 -1.264681100845337
18.40041732788086 158.54832458496094 -1.6646809577941895
18.401371002197266 158.53933715820312 -1.2655911445617676
18.401371002197266 158.53933715820312 -1.6655910015106201
18.402315139770508 158.5303497314453 -1.2665011882781982
18.402315139770508 158.5303497314453 -1.6665010452270508
18.40325164794922 158.5213623046875 -1.267411231994629
18.40325164794922 158.5213623046875 -1.6674110889434814
18.4041805267334 158.5123748779297 -1.2683212757110596
18.4041805267334 158.5123748779297 -1.668321132659912
18.405101776123047 158.50338745117188 -1.2692313194274902
18.405101776123047 158.50338745117188 -1.6692311763763428
18.40601348876953 158.49440002441406 -1.270141363143921
18.40601348876953 158.49440002441406 -1.6701412200927734
18.406917572021484 158.48541259765625 -1.2710514068603516
18.406917572021484 158.48541259765625 -1.671051263809204
18.407814025878906 158.47642517089844 -1.2719614505767822
18.407814025878906 158.47642517089844 -1.6719613075256348
18.408700942993164 158.46743774414062 -1.272871494293213
18.408700942993164 158.46743774414062 -1.6728713512420654
18.40958023071289 158.45843505859375 -1.2737815380096436
18.40958023071289 158.45843505859375 -1.673781394958496
18.410451889038086 158.44943237304688 -1.2746915817260742
18.410451889038086 158.44943237304688 -1.6746914386749268
18.41131591796875 158.4404296875 -1.2756016254425049
18.41131591796875 158.4404296875 -1.6756014823913574
18.41217041015625 158.43142700195312 -1.2765116691589355
18.41217041015625 158.43142700195312 -1.676511526107788
18.41301727294922 158.42242431640625 -1.2774217128753662
18.41301727294922 158.42242431640625 -1.6774215698242188
18.413856506347656 158.41342163085938 -1.2783317565917969
18.413856506347656 158.41342163085938 -1.6783316135406494
18.41468620300293 158.4044189453125 -1.2792418003082275
18.41468620300293 158.4044189453125 -1.67924165725708
18.415508270263672 158.39541625976562 -1.2801518440246582
18.415508270263672 158.39541625976562 -1.6801517009735107
18.416322708129883 158.38641357421875 -1.2810618877410889
18.416322708129883 158.38641357421875 -1.6810617446899414
18.417129516601562 158.37741088867188 -1.2819719314575195
18.417129516601562 158.37741088867188 -1.681971788406372
18.417926788330078 158.368408203125 -1.2828819751739502
18.417926788330078 158.368408203125 -1.6828818321228027
18.418716430664062 158.35940551757812 -1.2837920188903809
18.418716430664062 158.35940551757812 -1.6837918758392334
18.419498443603516 158.35040283203125 -1.2847020626068115
18.419498443603516 158.35040283203125 -1.684701919555664
18.420270919799805 158.34140014648438 -1.2856121063232422
18.420270919799805 158.34140014648438 -1.6856119632720947
18.421035766601562 158.3323974609375 -1.2865221500396729
18.421035766601562 158.3323974609375 -1.6865220069885254
18.42179298400879 158.32339477539062 -1.2874321937561035
18.42179298400879 158.32339477539062 -1.687432050704956
18.42254066467285 158.31439208984375 -1.2883422374725342
18.42254066467285 158.31439208984375 -1.6883420944213867
18.423280715942383 158.30538940429688 -1.2892522811889648
18.423280715942383 158.30538940429688 -1.6892521381378174
18.424013137817383 158.29638671875 -1.2901623249053955
18.424013137817383 158.29638671875 -1.690162181854248
18.42473793029785 158.28738403320312 -1.2910723686218262
18.42473793029785 158.28738403320312 -1.6910722255706787
18.425453186035156 158.27838134765625 -1.2919824123382568
18.425453186035156 158.27838134765625 -1.6919822692871094
18.42616081237793 158.2693634033203 -1.2928924560546875
18.42616081237793 158.2693634033203 -1.69289231300354
18.426860809326172 158.26034545898438 -1.2938024997711182
18.426860809326172 158.26034545898438 -1.6938023567199707
18.42755126953125 158.25132751464844 -1.2947125434875488
18.592432022094727 157.0533447265625 -1.5733369588851929
18.397184371948242 154.60311889648438 -1.7272906303405762
17.86533546447754 152.5028076171875 -1.9103256464004517
17.864057540893555 152.4937286376953 -1.5112484693527222
17.864057540893555 152.4937286376953 -1.6942834854125977
17.864744186401367 152.48471069335938 -1.2951936721801758
17.864744186401367 152.48471069335938 -1.5738164186477661
17.864744186401367 152.48471069335938 -1.7568514347076416
17.864866256713867 152.47567749023438 -1.3577616214752197
17.86849021911621 152.46739196777344 -0.9586718678474426
17.86849021911621 152.46739196777344 -1.3586719036102295
17.872106552124023 152.4591064453125 -0.9595821499824524
17.872106552124023 152.4591064453125 -1.3595821857452393
17.875715255737305 152.45082092285156 -0.9604924321174622
17.875715255737305 152.45082092285156 -1.360492467880249
17.879316329956055 152.44253540039062 -0.9614027142524719
17.879316329956055 152.44253540039062 -1.3614027500152588
17.882909774780273 152.4342498779297 -0.9623129963874817
17.882909774780273 152.4342498779297 -1.3623130321502686
17.88649559020996 152.4259490966797 -0.9632232785224915
17.88649559020996 152.4259490966797 -1.3632233142852783
17.890073776245117 152.4176483154297 -0.9641335606575012
17.890073776245117 152.4176483154297 -1.364133596420288
17.893644332885742 152.4093475341797 -0.965043842792511
17.893644332885742 152.4093475341797 -1.3650438785552979
17.897207260131836 152.4010467529297 -0.9659541249275208
17.897207260131836 152.4010467529297 -1.3659541606903076
17.9007625579834 152.39273071289062 -0.9668644070625305
17.9007625579834 152.39273071289062 -1.3668644428253174
17.904312133789062 152.38441467285156 -0.9677746891975403
17.904312133789062 152.38441467285156 -1.3677747249603271
17.907854080200195 152.3760986328125 -0.96868497133255
17.907854080200195 152.3760986328125 -1.368685007095337
17.911388397216797 152.36778259277344 -0.9695952534675598
17.911388397216797 152.36778259277344 -1.3695952892303467
17.914915084838867 152.35946655273438 -0.9705055356025696
17.914915084838867 152.35946655273438 -1.3705055713653564
17.918434143066406 152.35113525390625 -0.9714158177375793
17.918434143066406 152.35113525390625 -1.3714158535003662
17.921945571899414 152.34280395507812 -0.9723260998725891
17.921945571899414 152.34280395507812 -1.372326135635376
17.92544937133789 152.33447265625 -0.9732363820075989
17.92544937133789 152.33447265625 -1.3732364177703857
17.928945541381836 152.32614135742188 -0.9741466641426086
17.928945541381836 152.32614135742188 -1.3741466999053955
17.93243408203125 152.31781005859375 -0.9750569462776184
17.93243408203125 152.31781005859375 -1.3750569820404053
17.935914993286133 152.30946350097656 -0.9759672284126282
17.935914993286133 152.30946350097656 -1.375967264175415
17.939388275146484 152.30111694335938 -0.9768775105476379
17.939388275146484 152.30111694335938 -1.3768775463104248
17.942853927612305 152.2927703857422 -0.9777877926826477
17.942853927612305 152.2927703857422 -1.3777878284454346
17.946311950683594 152.284423828125 -0.9786980748176575
17.946311950683594 152.284423828125 -1.3786981105804443
17.94976234436035 152.2760772705078 -0.9796083569526672
17.94976234436035 152.2760772705078 -1.379608392715454
17.953205108642578 152.26771545410156 -0.980518639087677
17.953205108642578 152.26771545410156 -1.3805186748504639
17.956640243530273 152.2593536376953 -0.9814289212226868
17.956640243530273 152.2593536376953 -1.3814289569854736
17.960067749023438 152.25099182128906 -0.9823392033576965
17.960067749023438 152.25099182128906 -1.3823392391204834
17.96348762512207 152.2426300048828 -0.9832494854927063
17.96348762512207 152.2426300048828 -1.3832495212554932
17.966899871826172 152.2342529296875 -0.9841597676277161
17.966899871826172 152.2342529296875 -1.384159803390503
17.970304489135742 152.2258758544922 -0.9850700497627258
17.970304489135742 152.2258758544922 -1.3850700855255127
17.97370147705078 152.21749877929688 -0.9859803318977356
17.97370147705078 152.21749877929688 -1.3859803676605225
17.97709083557129 152.20912170410156 -0.9868906140327454
17.97709083557129 152.20912170410156 -1.3868906497955322
17.980472564697266 152.20074462890625 -0.9878008961677551
17.980472564697266 152.20074462890625 -1.387800931930542
17.98384666442871 152.19235229492188 -0.9887111783027649
17.98384666442871 152.19235229492188 -1.3887112140655518
17.987213134765625 152.1839599609375 -0.9896214604377747
17.987213134765625 152.1839599609375 -1.3896214962005615
17.990571975708008 152.17556762695312 -0.9905317425727844
17.990571975708008 152.17556762695312 -1.3905317783355713
17.99392318725586 152.16717529296875 -0.9914420247077942
17.99392318725586 152.16717529296875 -1.391442060470581
17.99726676940918 152.15878295898438 -0.992352306842804
17.99726676940918 152.15878295898438 -1.3923523426055908
18.00060272216797 152.15037536621094 -0.9932625889778137
18.00060272216797 152.15037536621094 -1.3932626247406006
18.003931045532227 152.1419677734375 -0.9941728711128235
18.003931045532227 152.1419677734375 -1.3941729068756104
18.007251739501953 152.13356018066406 -0.9950831532478333
18.007251739501953 152.13356018066406 -1.3950831890106201
18.01056480407715 152.12515258789062 -0.995993435382843
18.01056480407715 152.12515258789062 -1.3959934711456299
18.013870239257812 152.1167449951172 -0.9969037175178528
18.013870239257812 152.1167449951172 -1.3969037532806396
18.017168045043945 152.1083221435547 -0.9978139996528625
18.017168045043945 152.1083221435547 -1.3978140354156494
18.020458221435547 152.0998992919922 -0.9987242817878723
18.020458221435547 152.0998992919922 -1.3987243175506592
18.023740768432617 152.0914764404297 -0.9996345639228821
18.023740768432617 152.0914764404297 -1.399634599685669
18.027015686035156 152.0830535888672 -1.000544786453247
18.027015686035156 152.0830535888672 -1.4005447626113892
18.030282974243164 152.0746307373047 -1.0014550685882568
18.030282974243164 152.0746307373047 -1.401455044746399
18.03354263305664 152.0662078857422 -1.0023653507232666
18.03354263305664 152.0662078857422 -1.4023653268814087
18.036794662475586 152.05776977539062 -1.0032756328582764
18.036794662475586 152.05776977539062 -1.4032756090164185
18.0400390625 152.04933166503906 -1.0041859149932861
18.0400390625 152.04933166503906 -1.4041858911514282
18.043275833129883 152.0408935546875 -1.005096197128296
18.043275833129883 152.0408935546875 -1.405096173286438
18.046504974365234 152.03245544433594 -1.0060064792633057
18.046504974365234 152.03245544433594 -1.4060064554214478
18.049726486206055 152.02401733398438 -1.0069167613983154
18.049726486206055 152.02401733398438 -1.4069167375564575
18.052940368652344 152.01556396484375 -1.0078270435333252
18.052940368652344 152.01556396484375 -1.4078270196914673
18.05614471435547 152.00711059570312 -1.008737325668335
18.05614471435547 152.00711059570312 -1.408737301826477
18.059341430664062 151.9986572265625 -1.0096476078033447
18.059341430664062 151.9986572265625 -1.4096475839614868
18.062530517578125 151.99020385742188 -1.0105578899383545
18.062530517578125 151.99020385742188 -1.4105578660964966
18.065711975097656 151.98175048828125 -1.0114681720733643
18.065711975097656 151.98175048828125 -1.4114681482315063
18.068885803222656 151.97328186035156 -1.012378454208374
18.068885803222656 151.97328186035156 -1.4123784303665161
18.072052001953125 151.96481323242188 -1.0132887363433838
18.072052001953125 151.96481323242188 -1.4132887125015259
18.075210571289062 151.9563446044922 -1.0141990184783936
18.075210571289062 151.9563446044922 -1.4141989946365356
18.07836151123047 151.9478759765625 -1.0151093006134033
18.07836151123047 151.9478759765625 -1.4151092767715454
18.081504821777344 151.9394073486328 -1.016019582748413
18.081504821777344 151.9394073486328 -1.4160195589065552
18.084640502929688 151.93092346191406 -1.0169298648834229
18.084640502929688 151.93092346191406 -1.416929841041565
18.0877685546875 151.9224395751953 -1.0178401470184326
18.0877685546875 151.9224395751953 -1.4178401231765747
18.09088897705078 151.91395568847656 -1.0187504291534424
18.09088897705078 151.91395568847656 -1.4187504053115845
18.09400177001953 151.9054718017578 -1.0196607112884521
18.09400177001953 151.9054718017578 -1.4196606874465942
18.09710693359375 151.89698791503906 -1.020570993423462
18.09710693359375 151.89698791503906 -1.420570969581604
18.100204467773438 151.8885040283203 -1.0214812755584717
18.100204467773438 151.8885040283203 -1.4214812517166138
18.103294372558594 151.8800048828125 -1.0223915576934814
18.103294372558594 151.8800048828125 -1.4223915338516235
18.10637664794922 151.8715057373047 -1.0233018398284912
18.10637664794922 151.8715057373047 -1.4233018159866333
18.109451293945312 151.86300659179688 -1.024212121963501
18.109451293945312 151.86300659179688 -1.424212098121643
18.112518310546875 151.85450744628906 -1.0251224040985107
18.112518310546875 151.85450744628906 -1.4251223802566528
18.115577697753906 151.84600830078125 -1.0260326862335205
18.115577697753906 151.84600830078125 -1.4260326623916626
18.118629455566406 151.83749389648438 -1.0269429683685303
18.118629455566406 151.83749389648438 -1.4269429445266724
18.121671676635742 151.8289794921875 -1.02785325050354
18.121671676635742 151.8289794921875 -1.4278532266616821
18.124706268310547 151.82046508789062 -1.0287635326385498
18.124706268310547 151.82046508789062 -1.428763508796692
18.12773323059082 151.81195068359375 -1.0296738147735596
18.12773323059082 151.81195068359375 -1.4296737909317017
18.130752563476562 151.80343627929688 -1.0305840969085693
18.130752563476562 151.80343627929688 -1.4305840730667114
18.133764266967773 151.794921875 -1.031494379043579
18.133764266967773 151.794921875 -1.4314943552017212
18.136768341064453 151.78639221191406 -1.0324046611785889
18.136768341064453 151.78639221191406 -1.432404637336731
18.1397647857666 151.77786254882812 -1.0333149433135986
18.1397647857666 151.77786254882812 -1.4333149194717407
18.14275360107422 151.7693328857422 -1.0342252254486084
18.14275360107422 151.7693328857422 -1.4342252016067505
18.145734786987305 151.76080322265625 -1.0351355075836182
18.145734786987305 151.76080322265625 -1.4351354837417603
18.14870834350586 151.7522735595703 -1.036045789718628
18.14870834350586 151.7522735595703 -1.43604576587677
18.151674270629883 151.7437286376953 -1.0369560718536377
18.151674270629883 151.7437286376953 -1.4369560480117798
18.154632568359375 151.7351837158203 -1.0378663539886475
18.154632568359375 151.7351837158203 -1.4378663301467896
18.157583236694336 151.7266387939453 -1.0387766361236572
18.157583236694336 151.7266387939453 -1.4387766122817993
18.160526275634766 151.7180938720703 -1.039686918258667
18.160526275634766 151.7180938720703 -1.439686894416809
18.163461685180664 151.7095489501953 -1.0405972003936768
18.163461685180664 151.7095489501953 -1.4405971765518188
18.16638946533203 151.7010040283203 -1.0415074825286865
18.16638946533203 151.7010040283203 -1.4415074586868286
18.169309616088867 151.69244384765625 -1.0424177646636963
18.169309616088867 151.69244384765625 -1.4424177408218384
18.17222023010254 151.6838836669922 -1.043328046798706
18.17222023010254 151.6838836669922 -1.4433280229568481
18.17512321472168 151.67532348632812 -1.0442383289337158
18.17512321472168 151.67532348632812 -1.444238305091858
18.17801856994629 151.66676330566406 -1.0451486110687256
18.17801856994629 151.66676330566406 -1.4451485872268677
18.180906295776367 151.658203125 -1.0460588932037354
18.180906295776367 151.658203125 -1.4460588693618774
18.183786392211914 151.64962768554688 -1.0469691753387451
18.183786392211914 151.64962768554688 -1.4469691514968872
18.18665885925293 151.64105224609375 -1.0478794574737549
18.18665885925293 151.64105224609375 -1.447879433631897
18.189523696899414 151.63247680664062 -1.0487897396087646
18.189523696899414 151.63247680664062 -1.4487897157669067
18.192380905151367 151.6239013671875 -1.0497000217437744
18.192380905151367 151.6239013671875 -1.4496999979019165
18.19523048400879 151.61532592773438 -1.0506103038787842
18.19523048400879 151.61532592773438 -1.4506102800369263
18.19807243347168 151.60675048828125 -1.051520586013794
18.19807243347168 151.60675048828125 -1.451520562171936
18.20090675354004 151.59815979003906 -1.0524308681488037
18.20090675354004 151.59815979003906 -1.4524308443069458
18.203733444213867 151.58956909179688 -1.053341269493103
18.203733444213867 151.58956909179688 -1.4533412456512451
18.20655059814453 151.5809783935547 -1.0542516708374023
18.20655059814453 151.5809783935547 -1.4542516469955444
18.209360122680664 151.5723876953125 -1.0551620721817017
18.209360122680664 151.5723876953125 -1.4551620483398438
18.212162017822266 151.5637969970703 -1.056072473526001
18.212162017822266 151.5637969970703 -1.456072449684143
18.214956283569336 151.55520629882812 -1.0569828748703003
18.214956283569336 151.55520629882812 -1.4569828510284424
18.217742919921875 151.54660034179688 -1.0578932762145996
18.217742919921875 151.54660034179688 -1.4578932523727417
18.220521926879883 151.53799438476562 -1.058803677558899
18.220521926879883 151.53799438476562 -1.458803653717041
18.22329330444336 151.52938842773438 -1.0597140789031982
18.22329330444336 151.52938842773438 -1.4597140550613403
18.226057052612305 151.52078247070312 -1.0606244802474976
18.226057052612305 151.52078247070312 -1.4606244564056396
18.22881317138672 151.51217651367188 -1.0615348815917969
18.22881317138672 151.51217651367188 -1.461534857749939
18.2315616607666 151.50357055664062 -1.0624454021453857
18.2315616607666 151.50357055664062 -1.4624453783035278
18.2315616607666 151.50357055664062 -1.0633559226989746
18.2315616607666 151.50357055664062 -1.4633558988571167
18.2315616607666 151.50357055664062 -1.0642664432525635
18.2315616607666 151.50357055664062 -1.4642664194107056
18.2315616607666 151.50357055664062 -1.0651769638061523
18.2315616607666 151.50357055664062 -1.4651769399642944
18.2315616607666 151.50357055664062 -1.0660874843597412
18.2315616607666 151.50357055664062 -1.4660874605178833
18.2315616607666 151.50357055664062 -1.06699800491333
