62.82599639892578 452.8268127441406 0.7856844067573547
65.65118408203125 455.6544189453125 0.7859706282615662
68.4755630493164 458.48284912109375 0.7862568497657776
71.29913330078125 461.31207275390625 0.786543071269989
74.12189483642578 464.1421203613281 0.7868292927742004
76.94384002685547 466.97296142578125 0.7871155142784119
79.76497650146484 469.80462646484375 0.7874017357826233
82.5853042602539 472.6370849609375 0.7876879572868347
85.40482330322266 475.4703674316406 0.7879741787910461
88.22352600097656 478.304443359375 0.7882604002952576
91.04141998291016 481.1393127441406 0.788546621799469
93.85850524902344 483.9750061035156 0.7888328433036804
96.67477416992188 486.8114929199219 0.7891190648078918
99.490234375 489.6488037109375 0.7894052863121033
102.30487823486328 492.4869079589844 0.7896915078163147
105.11871337890625 495.3258056640625 0.7899777293205261
107.93173217773438 498.16552734375 0.7902639508247375
110.74394226074219 501.00604248046875 0.790550172328949
113.55533599853516 503.8473815917969 0.7908363938331604
116.36592102050781 506.68951416015625 0.7911226153373718
119.17568969726562 509.5324401855469 0.7914088368415833
121.9846420288086 512.3761596679688 0.7916950583457947
124.79278564453125 515.220703125 0.7919812798500061
127.60011291503906 518.0660400390625 0.7922675013542175
130.40663146972656 520.9121704101562 0.792553722858429
133.2123260498047 523.7591552734375 0.7928399443626404
136.0172119140625 526.60693359375 0.7931261658668518
138.82127380371094 529.4555053710938 0.7934123873710632
141.62452697753906 532.3048706054688 0.7936986088752747
144.4269561767578 535.155029296875 0.7939848303794861
147.22857666015625 538.0059814453125 0.7942710518836975
150.0293731689453 540.8577270507812 0.7945572733879089
152.82936096191406 543.7103271484375 0.7948434948921204
155.62852478027344 546.563720703125 0.7951297163963318
158.4268798828125 549.4179077148438 0.7954159379005432
161.2244110107422 552.2728881835938 0.7957021594047546
164.02113342285156 555.128662109375 0.7959883809089661
166.81703186035156 557.9852294921875 0.7962746024131775
169.61212158203125 560.8425903320312 0.7965608239173889
172.40638732910156 563.7007446289062 0.7968470454216003
175.1998291015625 566.5596923828125 0.7971332669258118
177.99246215820312 569.4194946289062 0.7974194884300232
180.7842254638672 572.280029296875 0.7977122664451599
179.78927612304688 571.394775390625 0.6565523743629456
178.67849731445312 570.6575317382812 0.5153791904449463
177.47503662109375 570.0839233398438 0.37420597672462463
176.2028350830078 569.6853637695312 0.23303276300430298
174.88720703125 569.4697265625 0.09185954928398132
173.55433654785156 569.4413452148438 -0.04931366443634033
172.23072814941406 569.600830078125 -0.190486878156662
170.94271850585938 569.9449462890625 -0.33166009187698364
174.7222137451172 568.6439819335938 -0.3313738703727722
178.5020751953125 567.3440551757812 -0.3310876488685608
182.2823028564453 566.0452270507812 -0.33080142736434937
186.0629119873047 564.7474975585938 -0.33051520586013794
189.84388732910156 563.4508666992188 -0.3302289843559265
188.6163787841797 563.9710083007812 -0.47140219807624817
192.1778106689453 562.15625 -0.47111597657203674
191.35134887695312 562.6503295898438 -0.6065086722373962
194.63589477539062 560.3724365234375 -0.6062224507331848
197.9210968017578 558.095458984375 -0.6059362292289734
201.20693969726562 555.8194580078125 -0.605650007724762
204.49343872070312 553.5443725585938 -0.6053637862205505
207.7805938720703 551.2702026367188 -0.6050775647163391
211.06838989257812 548.9970092773438 -0.6047913432121277
214.35684204101562 546.7247314453125 -0.6045051217079163
217.6459503173828 544.4534301757812 -0.6042189002037048
218.08912658691406 544.119873046875 -0.6861050128936768
221.18214416503906 541.5880126953125 -0.6858187913894653
220.21250915527344 542.5029907226562 -0.8269920349121094
222.9193572998047 539.5618896484375 -0.826705813407898
225.62704467773438 536.62158203125 -0.8264195919036865
228.3355712890625 533.6820068359375 -0.8261333703994751
231.04495239257812 530.7432250976562 -0.8258471488952637
233.7551727294922 527.8052368164062 -0.8255609273910522
236.4662322998047 524.8680419921875 -0.8252747058868408
239.17813110351562 521.9315795898438 -0.8249884843826294
241.890869140625 518.9959106445312 -0.824702262878418
244.6044464111328 516.06103515625 -0.8244160413742065
247.31886291503906 513.1268920898438 -0.8241298198699951
250.03411865234375 510.19354248046875 -0.8238435983657837
252.75021362304688 507.260986328125 -0.8235573768615723
255.46714782714844 504.3291931152344 -0.8232711553573608
258.1846618652344 501.3985900878906 -0.8229380249977112
260.9034118652344 498.468505859375 -0.822651743888855
263.6230163574219 495.5391845703125 -0.8223655223846436
266.34344482421875 492.61065673828125 -0.8220793008804321
269.064697265625 489.6828918457031 -0.8217930793762207
271.78680419921875 486.75592041015625 -0.8215068578720093
274.5097351074219 483.8297119140625 -0.8212206363677979
277.2335205078125 480.904296875 -0.8209344148635864
276.3959655761719 481.9415588378906 -0.9621075987815857
278.6819763183594 478.6626281738281 -0.9618213772773743
280.9689025878906 475.3843688964844 -0.9615351557731628
283.25677490234375 472.10675048828125 -0.9612489342689514
285.54559326171875 468.8298034667969 -0.96096271276474
287.8353576660156 465.5534973144531 -0.9606764912605286
287.8353576660156 465.5534973144531 -0.5606768131256104
291.2208251953125 463.428466796875 -0.5603905916213989
294.6069030761719 461.3044128417969 -0.5601043701171875
294.6069030761719 461.3044128417969 -0.1601046621799469
297.1358642578125 460.7120361328125 -0.3000745177268982
299.55743408203125 459.7726135253906 -0.4400444030761719
299.55743408203125 459.7726135253906 -0.040044695138931274
302.1391296386719 459.4873962402344 -0.18001456558704376
304.6557922363281 458.84478759765625 -0.31998443603515625
304.6557922363281 458.84478759765625 0.08001527190208435
307.2530822753906 458.870849609375 -0.05995459854602814
309.82861328125 458.5343017578125 -0.19992446899414062
313.740234375 457.7435607910156 -0.1989986151456833
313.740234375 457.7435607910156 0.2010010927915573
316.3153991699219 458.0828857421875 0.061031222343444824
320.3050537109375 458.3272399902344 0.06131744384765625
324.2946472167969 458.57275390625 0.061603665351867676
328.2841796875 458.81939697265625 0.0618898868560791
332.27362060546875 459.06719970703125 0.06217610836029053
336.26300048828125 459.3161315917969 0.06246232986450195
340.2523193359375 459.56622314453125 0.06274855136871338
344.2415466308594 459.81744384765625 0.0630347728729248
348.230712890625 460.0697937011719 0.06332100927829742
352.21978759765625 460.32330322265625 0.06360731273889542
351.62841796875 460.3683166503906 -0.21555644273757935
347.7209777832031 461.223876953125 -0.21555647253990173
343.81353759765625 462.0794372558594 -0.21555650234222412
339.9060974121094 462.93499755859375 -0.2155565321445465
339.9060974121094 462.93499755859375 0.1844431757926941
343.8353271484375 463.66864013671875 0.18472939729690552
347.76434326171875 464.4034118652344 0.18501561880111694
351.6931457519531 465.1392822265625 0.18530184030532837
355.6217346191406 465.87628173828125 0.1855880618095398
359.55010986328125 466.6144104003906 0.18587428331375122
363.4783020019531 467.3536682128906 0.18616050481796265
367.4062805175781 468.09405517578125 0.1864469051361084
367.8674621582031 468.0985107421875 -0.1671905517578125
363.9232482910156 468.76416015625 -0.1671905815601349
359.9790344238281 469.4298095703125 -0.16719061136245728
356.0348205566406 470.095458984375 -0.16719064116477966
356.0348205566406 470.095458984375 0.23280906677246094
359.9239807128906 471.0181884765625 0.23309528827667236
363.8128967285156 471.9420471191406 0.2333815097808838
367.7015380859375 472.86700439453125 0.23366773128509521
371.58990478515625 473.7930908203125 0.23395395278930664
375.47802734375 474.72027587890625 0.23424017429351807
379.3658752441406 475.6485900878906 0.2345263957977295
383.2534484863281 476.5780029296875 0.23481261730194092
387.1407470703125 477.508544921875 0.23509883880615234
387.52972412109375 477.52984619140625 -0.12573137879371643
383.5613098144531 478.03143310546875 -0.12573140859603882
379.5928955078125 478.53302001953125 -0.1257314383983612
379.5928955078125 478.53302001953125 0.2742682695388794
383.44049072265625 479.61614990234375 0.2745544910430908
387.2877502441406 480.7004089355469 0.27484071254730225
391.13470458984375 481.7857666015625 0.27512693405151367
394.9813537597656 482.8722229003906 0.2754131555557251
398.82769775390625 483.95977783203125 0.27569955587387085
402.6737365722656 485.0484313964844 0.27598610520362854
406.5212707519531 486.1383361816406 0.2760934829711914
410.36688232421875 487.228515625 0.2763797342777252
410.66204833984375 487.2564392089844 -0.08781909942626953
409.877685546875 487.4294128417969 -0.3462546169757843
406.1150817871094 488.78692626953125 -0.3462546467781067
405.40106201171875 489.1545715332031 -0.6046987175941467
402.1658020019531 491.4044494628906 -0.6105960011482239
398.8885803222656 493.6978759765625 -0.6105960607528687
395.6113586425781 495.9913024902344 -0.6105961203575134
392.3341369628906 498.28472900390625 -0.6105961799621582
389.0569152832031 500.5781555175781 -0.610596239566803
385.7796936035156 502.87158203125 -0.6105962991714478
385.7796936035156 502.87158203125 -0.21059662103652954
389.6886291503906 502.03656005859375 -0.21031039953231812
393.5978088378906 501.2026672363281 -0.2100241780281067
397.5072326660156 500.3699035644531 -0.20973795652389526
401.4169006347656 499.5382385253906 -0.20945173501968384
405.3267822265625 498.70770263671875 -0.2091655135154724
409.2369079589844 497.8782958984375 -0.208879292011261
413.14727783203125 497.04998779296875 -0.20859287679195404
413.42376708984375 496.93609619140625 -0.5729572176933289
410.06256103515625 499.1045837402344 -0.5729572772979736
406.70135498046875 501.2730712890625 -0.5729573369026184
403.34014892578125 503.4415588378906 -0.5729573965072632
399.97894287109375 505.61004638671875 -0.572957456111908
396.61773681640625 507.7785339355469 -0.5729575157165527
393.25653076171875 509.947021484375 -0.5729575753211975
393.25653076171875 509.947021484375 -0.1729578673839569
397.1941223144531 509.25970458984375 -0.17267164587974548
401.1319274902344 508.573486328125 -0.17238542437553406
405.0699157714844 507.8883972167969 -0.17209920287132263
409.0080871582031 507.2044372558594 -0.1718129813671112
412.94647216796875 506.5216064453125 -0.17152675986289978
416.8850402832031 505.83990478515625 -0.17124053835868835
420.8238220214844 505.1593322753906 -0.17095431685447693
424.7627868652344 504.4798889160156 -0.1706680953502655
428.7019348144531 503.80157470703125 -0.17038026452064514
432.6409606933594 503.1245422363281 -0.17005810141563416
431.8735046386719 503.361328125 -0.428499311208725
431.2191162109375 503.77093505859375 -0.6900138854980469
434.3021240234375 501.22711181640625 -0.6897143125534058
433.7536315917969 501.8136901855469 -0.9481613039970398
431.4652099609375 505.0213928222656 -0.9540914297103882
429.152099609375 508.2842712402344 -0.954132616519928
426.8388366699219 511.5475158691406 -0.9541326761245728
424.52557373046875 514.810791015625 -0.9541327357292175
422.2123107910156 518.0740356445312 -0.9541327953338623
419.8990478515625 521.3372802734375 -0.9541328549385071
417.5857849121094 524.6005249023438 -0.9541329145431519
415.27252197265625 527.86376953125 -0.9541329741477966
415.27252197265625 527.86376953125 -0.5541332960128784
418.67181396484375 525.7609252929688 -0.553847074508667
422.07171630859375 523.6590576171875 -0.5535608530044556
425.4721984863281 521.5581665039062 -0.5532746315002441
428.873291015625 519.458251953125 -0.5529884099960327
432.2749938964844 517.3593139648438 -0.5527021884918213
435.67730712890625 515.2613525390625 -0.5524159669876099
439.0802001953125 513.1643676757812 -0.5521297454833984
442.48370361328125 511.068359375 -0.5518434047698975
445.8898620605469 508.97137451171875 -0.5518412590026855
445.2658996582031 509.47705078125 -0.810282826423645
448.021240234375 506.5820007324219 -0.8099488615989685
447.6651611328125 507.0785217285156 -1.087345838546753
449.523681640625 503.53973388671875 -1.0870596170425415
451.3832092285156 500.0014953613281 -1.08677339553833
451.104736328125 500.75335693359375 -1.345350742340088
450.23529052734375 504.5965576171875 -1.3512808084487915
449.3642578125 508.5005798339844 -1.3512811660766602
448.49322509765625 512.4046020507812 -1.3512811660766602
447.6221923828125 516.30859375 -1.3512811660766602
446.75115966796875 520.2125854492188 -1.3512811660766602
445.880126953125 524.1165771484375 -1.3512811660766602
445.00909423828125 528.0205688476562 -1.3512811660766602
444.1380615234375 531.924560546875 -1.3512811660766602
443.26702880859375 535.8285522460938 -1.3512811660766602
442.39599609375 539.7325439453125 -1.3512811660766602
442.39599609375 539.7325439453125 -0.9512814283370972
444.71734619140625 536.4785766601562 -0.9509952068328857
447.0396423339844 533.2252807617188 -0.9507089853286743
449.36285400390625 529.97265625 -0.9504227638244629
451.68701171875 526.720703125 -0.9501365423202515
454.0120849609375 523.4693603515625 -0.94985032081604
456.3381042480469 520.2186889648438 -0.9495640993118286
458.6650390625 516.9686889648438 -0.9492778778076172
460.992919921875 513.7193603515625 -0.9489916563034058
463.32171630859375 510.470703125 -0.9487053155899048
462.94232177734375 511.17718505859375 -1.2072675228118896
464.3641357421875 507.44146728515625 -1.2069813013076782
465.7870178222656 503.7061767578125 -1.2066950798034668
465.60009765625 504.4873046875 -1.465132236480713
466.0222473144531 500.51251220703125 -1.4648460149765015
466.4455261230469 496.537841796875 -1.46455979347229
466.86993408203125 492.56329345703125 -1.4642735719680786
466.8881530761719 493.3663024902344 -1.722709059715271
467.49346923828125 497.3202209472656 -1.722709059715271
468.0987854003906 501.2741394042969 -1.722709059715271
468.7041015625 505.2280578613281 -1.722709059715271
469.3094177246094 509.1819763183594 -1.722709059715271
469.91473388671875 513.1359252929688 -1.722709059715271
470.5200500488281 517.08984375 -1.722709059715271
471.1253662109375 521.0437622070312 -1.722709059715271
471.7306823730469 524.9976806640625 -1.722709059715271
472.33599853515625 528.9515991210938 -1.722709059715271
472.9413146972656 532.905517578125 -1.722709059715271
472.9413146972656 532.905517578125 -1.322709321975708
473.9233703613281 529.0308837890625 -1.3224231004714966
474.9065246582031 525.1565551757812 -1.3221368789672852
475.89080810546875 521.282470703125 -1.3218506574630737
476.8761901855469 517.40869140625 -1.3215644359588623
477.8626708984375 513.5352172851562 -1.3212782144546509
478.85028076171875 509.6620178222656 -1.3209919929504395
479.8389587402344 505.7895812988281 -1.3206579685211182
479.77923583984375 506.3377685546875 -1.603927493095398
479.64739990234375 502.3428039550781 -1.6036412715911865
479.5167236328125 498.3478088378906 -1.603355050086975
479.3871765136719 494.352783203125 -1.6030688285827637
479.51507568359375 495.1353759765625 -1.8625128269195557
478.3660583496094 491.30694580078125 -1.8622266054153442
477.2181396484375 487.4781799316406 -1.8619403839111328
476.0713195800781 483.64910888671875 -1.8616541624069214
474.92559814453125 479.8197021484375 -1.86136794090271
474.6905212402344 479.3501892089844 -2.208596706390381
477.04632568359375 482.5093994140625 -2.2144720554351807
479.4468688964844 485.708984375 -2.2144722938537598
481.8474426269531 488.9085693359375 -2.2144722938537598
484.2480163574219 492.108154296875 -2.2144722938537598
486.6485900878906 495.3077392578125 -2.2144722938537598
489.0491638183594 498.50732421875 -2.2144722938537598
491.4497375488281 501.7069091796875 -2.2144722938537598
493.8503112792969 504.906494140625 -2.2144722938537598
496.2508850097656 508.1060791015625 -2.2144722938537598
498.6514587402344 511.3056640625 -2.2144722938537598
501.0520324707031 514.5052490234375 -2.2144722938537598
503.4526062011719 517.704833984375 -2.2144722938537598
505.8531799316406 520.9044189453125 -2.2144722938537598
505.8531799316406 520.9044189453125 -1.8144725561141968
504.88934326171875 517.0252075195312 -1.8141863346099854
503.9266052246094 513.145751953125 -1.813900113105774
502.9649963378906 509.2660217285156 -1.8136138916015625
502.0044860839844 505.3860168457031 -1.813327670097351
501.0450744628906 501.5057373046875 -1.8130414485931396
500.0867919921875 497.62518310546875 -1.8127552270889282
499.1296081542969 493.7443542480469 -1.8124690055847168
498.1735534667969 489.8632507324219 -1.8121827840805054
497.96185302734375 489.38275146484375 -2.159411668777466
495.7430725097656 486.0579833984375 -2.159125328063965
493.5252380371094 482.7325744628906 -2.158839225769043
491.3083801269531 479.4065246582031 -2.158553123474121
489.09246826171875 476.079833984375 -2.158267021179199
486.87750244140625 472.7525329589844 -2.1579809188842773
486.5154724121094 472.3722229003906 -2.5052096843719482
483.3011169433594 469.9963073730469 -2.5049233436584473
480.0874328613281 467.6194763183594 -2.5046372413635254
476.8744201660156 465.2417297363281 -2.5043511390686035
477.576171875 465.6324462890625 -2.762786626815796
481.241455078125 467.0787658691406 -2.768716812133789
484.9152526855469 468.5033264160156 -2.7746469974517822
488.6182556152344 469.9190673828125 -2.778186321258545
492.3570251464844 471.3409118652344 -2.778186321258545
496.0957946777344 472.76275634765625 -2.778186321258545
499.8345642089844 474.1846008300781 -2.778186321258545
503.5733337402344 475.6064453125 -2.778186321258545
507.3121032714844 477.0282897949219 -2.778186321258545
511.0508728027344 478.45013427734375 -2.778186321258545
514.7896118164062 479.8719787597656 -2.778186321258545
518.5283813476562 481.2938232421875 -2.778186321258545
522.2671508789062 482.7156677246094 -2.778186321258545
526.0059204101562 484.13751220703125 -2.778186321258545
529.7446899414062 485.5593566894531 -2.778186321258545
529.7446899414062 485.5593566894531 -2.3781867027282715
526.8572387695312 482.7953796386719 -2.3779006004333496
523.9705810546875 480.03057861328125 -2.3776144981384277
521.084716796875 477.26495361328125 -2.377328395843506
518.1995849609375 474.4985046386719 -2.377042293548584
515.3152465820312 471.7312316894531 -2.376756191253662
512.4317016601562 468.963134765625 -2.3764700889587402
509.5489807128906 466.1942138671875 -2.3761839866638184
506.66705322265625 463.4244689941406 -2.3758978843688965
506.2313537597656 463.1314392089844 -2.7231266498565674
502.579345703125 461.50665283203125 -2.7228403091430664
498.92779541015625 459.88079833984375 -2.7225542068481445
495.2767333984375 458.25390625 -2.7222681045532227
491.6261291503906 456.6259765625 -2.721982002258301
491.11688232421875 456.49810791015625 -3.0692107677459717
495.1064147949219 456.7873840332031 -3.0692107677459717
499.095947265625 457.07666015625 -3.0692107677459717
503.0854797363281 457.3659362792969 -3.0692107677459717
507.07501220703125 457.65521240234375 -3.0692107677459717
511.0645446777344 457.9444885253906 -3.0692107677459717
515.0540771484375 458.2337646484375 -3.0692107677459717
519.0435791015625 458.5230407714844 -3.0692107677459717
523.0330810546875 458.81231689453125 -3.0692107677459717
527.0225830078125 459.1015930175781 -3.0692107677459717
531.0120849609375 459.390869140625 -3.0692107677459717
531.0120849609375 459.390869140625 -2.6692111492156982
527.4529418945312 457.5716247558594 -2.6689248085021973
523.8943481445312 455.7513732910156 -2.6686387062072754
520.3362426757812 453.9300842285156 -2.6683526039123535
516.7786865234375 452.1077880859375 -2.6680665016174316
513.2216186523438 450.28448486328125 -2.6677803993225098
509.66510009765625 448.46014404296875 -2.667494297027588
509.1514587402344 448.3006286621094 -3.0134403705596924
505.1871643066406 447.7892150878906 -3.0131540298461914
505.1871643066406 447.7892150878906 -2.613154411315918
504.6947937011719 447.6067810058594 -2.960383176803589
500.7632141113281 446.8858642578125 -2.960096836090088
496.83184814453125 446.163818359375 -2.959810733795166
492.9006652832031 445.4406433105469 -2.959524631500244
492.9006652832031 445.4406433105469 -2.5595250129699707
492.4187927246094 445.2320861816406 -2.9067537784576416
493.217529296875 445.3167724609375 3.1179959774017334
497.2164001464844 445.2223815917969 3.1179959774017334
501.21527099609375 445.12799072265625 3.1179959774017334
505.2141418457031 445.0335998535156 3.1179959774017334
509.2130126953125 444.939208984375 3.1179959774017334
513.2119140625 444.8448181152344 3.1179959774017334
513.2119140625 444.8448181152344 -2.7651896476745605
509.49481201171875 443.3750305175781 -2.7649035453796387
505.77813720703125 441.9041748046875 -2.764617443084717
505.2638854980469 441.7981262207031 -3.1118462085723877
505.2638854980469 441.7981262207031 -2.7118465900421143
504.7559509277344 441.66510009765625 -3.059075355529785
500.7724609375 441.3350830078125 -3.0587892532348633
500.7724609375 441.3350830078125 -2.65878963470459
500.2723083496094 441.1753234863281 -3.0060184001922607
496.3119201660156 440.634521484375 -3.0057320594787598
496.3119201660156 440.634521484375 -2.6057324409484863
495.8209228515625 440.4484558105469 -2.9529612064361572
495.2959289550781 440.4405822753906 2.9829952716827393
499.2457275390625 439.808837890625 2.9829952716827393
503.1955261230469 439.1770935058594 2.9829952716827393
507.14532470703125 438.54534912109375 2.9829952716827393
511.0951232910156 437.9136047363281 2.9829952716827393
511.0951232910156 437.9136047363281 -2.9001903533935547
507.2140197753906 436.9574890136719 -2.899904251098633
503.33319091796875 436.000244140625 -2.899618148803711
502.8087463378906 435.9643249511719 3.036400318145752
506.78662109375 435.5443420410156 3.036400318145752
506.78662109375 435.5443420410156 -2.846785306930542
502.96209716796875 434.3824157714844 -2.8464996814727783
502.4408874511719 434.31878662109375 3.089456796646118
502.4408874511719 434.31878662109375 -2.793728828430176
501.92376708984375 434.2277526855469 -3.1409575939178467
501.92376708984375 434.2277526855469 -2.7409579753875732
498.2433776855469 432.6683349609375 -2.7406716346740723
494.56341552734375 431.10784912109375 -2.7403855323791504
490.8839111328125 429.54632568359375 -2.7400994300842285
487.2048645019531 427.9837341308594 -2.7398133277893066
486.6932373046875 427.86492919921875 -3.0870234966278076
486.6932373046875 427.86492919921875 -2.687023878097534
483.1022644042969 426.109375 -2.686737537384033
479.51177978515625 424.352783203125 -2.6864514350891113
475.92181396484375 422.5951843261719 -2.6861653327941895
472.33233642578125 420.8365478515625 -2.6858792304992676
468.7433776855469 419.0768737792969 -2.6855931282043457
465.1549072265625 417.3161926269531 -2.685307025909424
461.56695556640625 415.5544738769531 -2.685020923614502
461.0011291503906 415.3879699707031 -3.0257515907287598
461.80426025390625 415.3772277832031 2.9989981651306152
465.763671875 414.80877685546875 2.9989981651306152
469.72308349609375 414.2403259277344 2.9989981651306152
473.6824951171875 413.671875 2.9989981651306152
477.64190673828125 413.1034240722656 2.9989981651306152
477.64190673828125 413.1034240722656 -2.8841874599456787
473.776611328125 412.0852966308594 -2.8839011192321777
469.9115905761719 411.0660705566406 -2.883615016937256
466.046875 410.0457458496094 -2.883328914642334
462.1824645996094 409.0243225097656 -2.883042812347412
458.3183288574219 408.0018005371094 -2.8827567100524902
454.4544982910156 406.9781494140625 -2.8824706077575684
450.59088134765625 405.9533996582031 -2.8821916580200195
450.0677490234375 405.9084167480469 3.053764820098877
454.0523376464844 405.55755615234375 3.053764820098877
454.0523376464844 405.55755615234375 -2.829420804977417
450.2485656738281 404.3293762207031 -2.829134464263916
448.76043701171875 404.045654296875 -3.0772523880004883
448.76043701171875 404.045654296875 -2.677252769470215
445.1867980957031 402.2550964355469 -2.676966667175293
441.6136474609375 400.4635009765625 -2.676680564880371
438.041015625 398.6708984375 -2.676394462585449
434.4689025878906 396.87725830078125 -2.6761083602905273
430.8973083496094 395.0826110839844 -2.6758222579956055
427.32623291015625 393.2869567871094 -2.6755361557006836
423.7556457519531 391.4902648925781 -2.6752500534057617
420.1855773925781 389.69256591796875 -2.67496395111084
416.61602783203125 387.8938293457031 -2.674677848815918
413.0469970703125 386.0940856933594 -2.674391746520996
409.4784851074219 384.2933044433594 -2.674105644226074
405.9104919433594 382.49151611328125 -2.6738195419311523
402.343017578125 380.6886901855469 -2.6735339164733887
398.77606201171875 378.8848571777344 -2.673247814178467
395.2095947265625 377.0799865722656 -2.672961711883545
391.6436462402344 375.27410888671875 -2.672675609588623
388.0782165527344 373.46722412109375 -2.672389507293701
384.5133056640625 371.6593017578125 -2.6721034049987793
380.94891357421875 369.8503723144531 -2.6718173027038574
377.3850402832031 368.0404052734375 -2.6715312004089355
376.88287353515625 367.88702392578125 -3.0187599658966064
376.3584899902344 367.9136657714844 2.91719651222229
380.2582092285156 367.0235900878906 2.91719651222229
384.1579284667969 366.1335144042969 2.91719651222229
388.0576477050781 365.2434387207031 2.91719651222229
391.9573669433594 364.3533630371094 2.91719651222229
395.8570861816406 363.4632873535156 2.91719651222229
399.7568054199219 362.5732116699219 2.91719651222229
399.7568054199219 362.5732116699219 -2.965989112854004
395.82122802734375 361.87432861328125 -2.965703010559082
391.8858642578125 361.17431640625 -2.96541690826416
387.9507141113281 360.47320556640625 -2.9651308059692383
384.0157470703125 359.7709655761719 -2.9648447036743164
380.08099365234375 359.0675964355469 -2.9645586013793945
376.14642333984375 358.36309814453125 -2.9642724990844727
372.2120666503906 357.657470703125 -2.963986396789551
368.2779235839844 356.9507141113281 -2.963700294494629
367.75286865234375 356.9484558105469 2.9722561836242676
371.6956481933594 356.27435302734375 2.9722561836242676
375.638427734375 355.6002502441406 2.9722561836242676
379.5812072753906 354.9261474609375 2.9722561836242676
379.5812072753906 354.9261474609375 -2.9109294414520264
375.6900634765625 354.0117492675781 -2.9106431007385254
371.7991943359375 353.09625244140625 -2.9103569984436035
367.9085693359375 352.17962646484375 -2.9100708961486816
364.0182189941406 351.26190185546875 -2.9097847938537598
360.12811279296875 350.3430480957031 -2.909498691558838
356.23828125 349.423095703125 -2.909212589263916
352.34869384765625 348.50201416015625 -2.908928871154785
348.4593200683594 347.579833984375 -2.9086503982543945
347.9351806640625 347.5487060546875 3.027306079864502
351.9090881347656 347.0925598144531 3.027306079864502
351.9090881347656 347.0925598144531 -2.855879545211792
351.3873291015625 347.0338134765625 3.0800769329071045
355.3797607421875 346.78790283203125 3.0800769329071045
355.3797607421875 346.78790283203125 -2.8031086921691895
351.609619140625 345.4600830078125 -2.8028225898742676
347.83984375 344.1311950683594 -2.8025364875793457
344.0704650878906 342.80120849609375 -2.802250385284424
340.30145263671875 341.47015380859375 -2.801964282989502
336.5328369140625 340.1380310058594 -2.80167818069458
332.76458740234375 338.8048095703125 -2.801392078399658
328.9967346191406 337.47052001953125 -2.8011059761047363
325.229248046875 336.1351623535156 -2.8008198738098145
324.7115173339844 336.04779052734375 3.135136604309082
324.7115173339844 336.04779052734375 -2.748049020767212
321.0201721191406 334.5144958496094 -2.747762680053711
320.5077819824219 334.3998107910156 -3.094991445541382
320.5077819824219 334.3998107910156 -2.6949918270111084
316.9029235839844 332.67291259765625 -2.6947054862976074
313.2985534667969 330.94500732421875 -2.6944193840026855
309.6947021484375 329.216064453125 -2.6941332817077637
306.0913391113281 327.486083984375 -2.693847179412842
302.4925842285156 325.75958251953125 -2.694700241088867
301.98699951171875 325.61785888671875 -3.041929006576538
302.78985595703125 325.5941162109375 2.982820749282837
306.7395324707031 324.9617004394531 2.982820749282837
310.689208984375 324.32928466796875 2.982820749282837
314.6388854980469 323.6968688964844 2.982820749282837
318.58856201171875 323.064453125 2.982820749282837
318.58856201171875 323.064453125 -2.900364875793457
314.7073059082031 322.1090087890625 -2.900078773498535
310.8263244628906 321.1524353027344 -2.8997926712036133
306.94561767578125 320.19476318359375 -2.8995065689086914
303.065185546875 319.2359924316406 -2.8992204666137695
299.1850280761719 318.2760925292969 -2.8989343643188477
295.3051452636719 317.3150939941406 -2.898648262023926
294.7813415527344 317.2787170410156 3.0373082160949707
298.7596130371094 316.8623352050781 3.0373082160949707
298.7596130371094 316.8623352050781 -2.8458774089813232
294.9361572265625 315.6969299316406 -2.8455910682678223
291.11297607421875 314.5304260253906 -2.8453099727630615
290.59185791015625 314.4661865234375 3.090646505355835
294.586669921875 314.2624816894531 3.090646505355835
294.586669921875 314.2624816894531 -2.792539119720459
290.8307800292969 312.8948974609375 -2.792253017425537
287.0752868652344 311.5262451171875 -2.7919669151306152
283.3201599121094 310.156494140625 -2.7916808128356934
279.5654296875 308.7856750488281 -2.7913947105407715
275.81109619140625 307.4137878417969 -2.7911086082458496
272.0571594238281 306.04083251953125 -2.7908225059509277
272.0571594238281 306.04083251953125 -2.3908228874206543
269.1349792480469 303.3135681152344 -2.3905367851257324
266.2135925292969 300.58544921875 -2.3902506828308105
263.29296875 297.85650634765625 -2.3899645805358887
260.3731384277344 295.1267395019531 -2.389678478240967
257.4541015625 292.3961181640625 -2.389392375946045
254.5358428955078 289.6646728515625 -2.389106273651123
251.6183624267578 286.9324035644531 -2.388820171356201
248.70166015625 284.19927978515625 -2.3885340690612793
245.78573608398438 281.46533203125 -2.3882479667663574
245.78573608398438 281.46533203125 -1.9882482290267944
244.1656951904297 277.81121826171875 -1.987962007522583
242.54669189453125 274.1566467285156 -1.9876757860183716
240.92874145507812 270.5016174316406 -1.9873895645141602
239.31182861328125 266.8460998535156 -1.9871033430099487
237.6959686279297 263.19012451171875 -1.9868171215057373
236.08116149902344 259.53369140625 -1.9865309000015259
234.46739196777344 255.87680053710938 -1.9862446784973145
232.85467529296875 252.21945190429688 -1.985958456993103
231.2429962158203 248.5616455078125 -1.9856722354888916
229.6323699951172 244.9033660888672 -1.9853860139846802
228.02279663085938 241.24462890625 -1.9850997924804688
226.4142608642578 237.58543395996094 -1.9848135709762573
226.4142608642578 237.58543395996094 -1.5848138332366943
226.3588104248047 233.58868408203125 -1.584527611732483
226.30450439453125 229.5919189453125 -1.5842413902282715
226.30450439453125 229.5919189453125 -1.1842416524887085
227.81195068359375 225.8899383544922 -1.183955430984497
229.32046508789062 222.18838500976562 -1.1836692094802856
230.8300323486328 218.4872589111328 -1.1833829879760742
232.3406524658203 214.7865753173828 -1.1830967664718628
233.8523406982422 211.08631896972656 -1.1828105449676514
235.36508178710938 207.38648986816406 -1.18252432346344
235.36508178710938 207.38648986816406 -0.782524585723877
238.1999969482422 204.56863403320312 -0.7822383642196655
241.0357208251953 201.7515869140625 -0.7819521427154541
243.87225341796875 198.9353485107422 -0.7816659212112427
246.70957946777344 196.1199188232422 -0.7813796997070312
249.54771423339844 193.3052978515625 -0.7810934782028198
252.38665771484375 190.4915008544922 -0.7808072566986084
255.22640991210938 187.6785125732422 -0.780521035194397
258.06695556640625 184.8663330078125 -0.7802348136901855
260.9083251953125 182.05496215820312 -0.7799485921859741
263.75048828125 179.24441528320312 -0.7796623706817627
266.59344482421875 176.43467712402344 -0.7793761491775513
269.4372253417969 173.62574768066406 -0.7790899276733398
272.28179931640625 170.81764221191406 -0.7788037061691284
272.28179931640625 170.81764221191406 -0.3788039982318878
275.99578857421875 169.33999633789062 -0.3785177767276764
279.710205078125 167.86341857910156 -0.37823155522346497
283.4250183105469 166.3878936767578 -0.37794533371925354
287.1402587890625 164.91343688964844 -0.3776591122150421
290.8559265136719 163.44004821777344 -0.3773728907108307
294.572021484375 161.96771240234375 -0.37708666920661926
298.2885437011719 160.49644470214844 -0.37680044770240784
302.0054626464844 159.0262451171875 -0.3765142261981964
305.7228088378906 157.55709838867188 -0.376228004693985
309.4405822753906 156.08901977539062 -0.37594178318977356
313.1587829589844 154.62200927734375 -0.37565556168556213
316.8774108886719 153.15606689453125 -0.3753693401813507
320.596435546875 151.69117736816406 -0.3750831186771393
324.3158874511719 150.22735595703125 -0.37479689717292786
328.0357666015625 148.7646026611328 -0.37451067566871643
331.75604248046875 147.30291748046875 -0.374224454164505
335.47674560546875 145.84230041503906 -0.3739382326602936
339.1978759765625 144.3827362060547 -0.37365201115608215
342.91943359375 142.9242401123047 -0.3733657896518707
346.6413879394531 141.46681213378906 -0.3730795681476593
350.36376953125 140.0104522705078 -0.3727933466434479
354.0865783691406 138.55516052246094 -0.37250712513923645
357.8097839355469 137.10092163085938 -0.372220903635025
361.5334167480469 135.6477508544922 -0.3719346821308136
365.2574462890625 134.19564819335938 -0.3716484308242798
368.9819030761719 132.74461364746094 -0.37136220932006836
372.706787109375 131.29464721679688 -0.3710758090019226
376.43206787109375 129.8457489013672 -0.37078872323036194
379.01318359375 128.6657257080078 -0.4868239760398865
378.3586730957031 129.12913513183594 -0.7453831434249878
377.84356689453125 129.74542236328125 -1.0038186311721802
377.5030822753906 130.47288513183594 -1.2622541189193726
376.3176574707031 134.2306671142578 -1.2681841850280762
375.1505432128906 138.00286865234375 -1.273290991783142
373.9779968261719 141.8271484375 -1.273290991783142
372.8054504394531 145.65142822265625 -1.273290991783142
371.6329040527344 149.4757080078125 -1.273290991783142
370.4603576660156 153.29998779296875 -1.273290991783142
369.2878112792969 157.124267578125 -1.273290991783142
368.1152648925781 160.94854736328125 -1.273290991783142
368.1152648925781 160.94854736328125 -0.8732912540435791
370.68310546875 157.88531494140625 -0.8730050325393677
373.2518005371094 154.8228302001953 -0.8727188110351562
375.8213806152344 151.76107788085938 -0.8724325895309448
378.391845703125 148.70005798339844 -0.8721463680267334
380.9631652832031 145.6397705078125 -0.871860146522522
383.5353698730469 142.58023071289062 -0.8715739250183105
386.10845947265625 139.52142333984375 -0.8712877035140991
388.68243408203125 136.46334838867188 -0.8710014820098877
391.25726318359375 133.406005859375 -0.8707152009010315
391.50457763671875 132.9789276123047 -1.2211101055145264
392.87420654296875 129.22230529785156 -1.2212594747543335
392.6990051269531 130.00482177734375 -1.4798243045806885
392.3526611328125 133.92990112304688 -1.485754370689392
392.0129089355469 137.9154052734375 -1.4857580661773682
391.67315673828125 141.9009552001953 -1.4857580661773682
391.3334045410156 145.88650512695312 -1.4857580661773682
390.99365234375 149.87205505371094 -1.4857580661773682
390.6539001464844 153.85760498046875 -1.4857580661773682
390.31414794921875 157.84315490722656 -1.4857580661773682
389.9743957519531 161.82870483398438 -1.4857580661773682
389.9743957519531 161.82870483398438 -1.0857583284378052
391.8385314941406 158.29287719726562 -1.0854721069335938
393.70367431640625 154.75758361816406 -1.0851858854293823
395.56982421875 151.2228240966797 -1.084899663925171
397.43701171875 147.6885986328125 -1.0846134424209595
399.3052062988281 144.1549072265625 -1.084327220916748
401.1744079589844 140.6217498779297 -1.0840409994125366
403.04461669921875 137.08912658691406 -1.0837547779083252
404.91583251953125 133.55703735351562 -1.0834685564041138
406.7880554199219 130.02549743652344 -1.0831818580627441
406.5406799316406 130.6948699951172 -1.3504574298858643
407.41485595703125 126.79458618164062 -1.3501625061035156
407.43316650390625 126.36248779296875 -1.706683874130249
406.8922424316406 122.4021224975586 -1.7063976526260376
406.35247802734375 118.44171142578125 -1.7060998678207397
406.1777038574219 117.88883209228516 -2.0478322505950928
407.99725341796875 121.38388061523438 -2.053762435913086
409.8548889160156 124.9263687133789 -2.053762435913086
411.7125244140625 128.46885681152344 -2.053762435913086
413.5701599121094 132.01133728027344 -2.053762435913086
415.42779541015625 135.55381774902344 -2.053762435913086
417.2854309082031 139.09629821777344 -2.053762435913086
419.14306640625 142.63877868652344 -2.053762435913086
421.0007019042969 146.18125915527344 -2.053762435913086
422.85833740234375 149.72373962402344 -2.053762435913086
422.85833740234375 149.72373962402344 -1.653762698173523
422.52764892578125 145.7403106689453 -1.6534764766693115
422.1981201171875 141.7567901611328 -1.6531902551651
421.8697204589844 137.77316284179688 -1.6529040336608887
421.5424499511719 133.78944396972656 -1.6526178121566772
421.2163391113281 129.80563354492188 -1.6523315906524658
420.891357421875 125.82173156738281 -1.6520453691482544
420.5675354003906 121.83773803710938 -1.651759147644043
420.2448425292969 117.85365295410156 -1.6514729261398315
419.92340087890625 113.86986541748047 -1.651146650314331
420.0904846191406 114.6554946899414 -1.9095821380615234
418.7626037597656 110.88536834716797 -1.909295916557312
418.5807800292969 110.56786346435547 -2.272494316101074
421.162841796875 113.62284851074219 -2.272494316101074
423.7449035644531 116.6778335571289 -2.272494316101074
426.32696533203125 119.73281860351562 -2.272494316101074
428.9090270996094 122.78780364990234 -2.272494316101074
431.4910888671875 125.84278869628906 -2.272494316101074
434.0731506347656 128.8977813720703 -2.272494316101074
436.65521240234375 131.95277404785156 -2.272494316101074
439.2372741699219 135.0077667236328 -2.272494316101074
441.8193359375 138.06275939941406 -2.272494316101074
441.8193359375 138.06275939941406 -1.8724945783615112
440.6321716308594 134.24598693847656 -1.8722083568572998
439.44610595703125 130.4288787841797 -1.8719221353530884
438.2611083984375 126.61143493652344 -1.871635913848877
437.07720947265625 122.79364776611328 -1.8713496923446655
435.8944091796875 118.97552490234375 -1.871063470840454
434.71270751953125 115.15705871582031 -1.8707772493362427
433.5321044921875 111.3382568359375 -1.8704910278320312
432.3525695800781 107.51911926269531 -1.8702048063278198
432.6864013671875 108.24964904785156 -2.1286416053771973
430.5709533691406 104.85818481445312 -2.1283555030822754
428.45648193359375 101.46611785888672 -2.1280694007873535
426.3429870605469 98.07344818115234 -2.1277832984924316
425.99261474609375 97.6823959350586 -2.4750120639801025
429.1363830566406 100.15560150146484 -2.4750120639801025
432.2801513671875 102.6288070678711 -2.4750120639801025
435.4239196777344 105.10201263427734 -2.4750120639801025
438.56768798828125 107.5752182006836 -2.4750120639801025
441.7114562988281 110.04842376708984 -2.4750120639801025
444.855224609375 112.5216293334961 -2.4750120639801025
447.9989929199219 114.99483489990234 -2.4750120639801025
451.14276123046875 117.4680404663086 -2.4750120639801025
454.2865295410156 119.94124603271484 -2.4750120639801025
454.2865295410156 119.94124603271484 -2.075012445449829
452.3559265136719 116.4412612915039 -2.074726104736328
450.42633056640625 112.94072723388672 -2.0744400024414062
448.49774169921875 109.43964385986328 -2.0741539001464844
446.5701599121094 105.93800354003906 -2.0738677978515625
444.6435546875 102.4358139038086 -2.0735816955566406
442.71795654296875 98.93307495117188 -2.0732955932617188
440.7933654785156 95.4297866821289 -2.073009490966797
440.46490478515625 95.02013397216797 -2.4202380180358887
437.4637756347656 92.37998962402344 -2.419951915740967
434.4634094238281 89.73898315429688 -2.419665813446045
431.46380615234375 87.09712219238281 -2.419379711151123
428.4649658203125 84.45439910888672 -2.419093608856201
428.01702880859375 84.18045043945312 -2.766322374343872
424.29827880859375 82.71487426757812 -2.766036033630371
420.5799255371094 81.24822998046875 -2.765749931335449
416.86199951171875 79.78052520751953 -2.7654638290405273
413.1445007324219 78.31175231933594 -2.7651777267456055
412.63018798828125 78.20600128173828 -3.1124064922332764
416.56915283203125 78.30931091308594 -3.1183366775512695
420.5086669921875 78.3892593383789 -3.1242668628692627
424.4549560546875 78.44718933105469 -3.129563093185425
428.45465087890625 78.49530792236328 -3.129563093185425
432.454345703125 78.54342651367188 -3.129563093185425
436.45404052734375 78.59154510498047 -3.129563093185425
440.4537353515625 78.63966369628906 -3.129563093185425
444.45343017578125 78.68778228759766 -3.129563093185425
448.453125 78.73590087890625 -3.129563093185425
452.45281982421875 78.78401947021484 -3.129563093185425
456.4525146484375 78.83213806152344 -3.129563093185425
460.45220947265625 78.88025665283203 -3.129563093185425
464.451904296875 78.92837524414062 -3.129563093185425
468.45159912109375 78.97649383544922 -3.129563093185425
468.45159912109375 78.97649383544922 -2.7295634746551514
464.7892150878906 77.37523651123047 -2.7292771339416504
461.1272888183594 75.77293395996094 -2.7289910316467285
457.4658203125 74.16958618164062 -2.7287049293518066
453.8048095703125 72.565185546875 -2.7284188270568848
450.1442565917969 70.9597396850586 -2.728132724761963
446.4841613769531 69.3532485961914 -2.727846622467041
442.82452392578125 67.74571228027344 -2.727560520172119
439.16534423828125 66.13712310791016 -2.7272744178771973
438.6554260253906 66.01195526123047 -3.074503183364868
434.6673278808594 65.74342346191406 -3.074216842651367
430.6792907714844 65.47374725341797 -3.0739307403564453
426.69134521484375 65.20292663574219 -3.0736446380615234
422.7034606933594 64.93096923828125 -3.0733585357666016
422.1813049316406 64.98619842529297 2.862597942352295
426.0266418457031 63.884639739990234 2.862597942352295
429.8719787597656 62.7830810546875 2.862597942352295
433.7173156738281 61.681522369384766 2.862597942352295
437.5626525878906 60.57996368408203 2.862597942352295
441.4079895019531 59.4784049987793 2.862597942352295
445.2533264160156 58.37684631347656 2.862597942352295
449.0986633300781 57.27528762817383 2.862597942352295
452.9440002441406 56.173728942871094 2.862597942352295
456.7893371582031 55.07217025756836 2.862597942352295
460.6346740722656 53.970611572265625 2.862597942352295
460.6346740722656 53.970611572265625 -3.020587682723999
456.6668395996094 53.487548828125 -3.020301342010498
452.6991271972656 53.003353118896484 -3.020015239715576
448.7315673828125 52.51802062988281 -3.0197291374206543
444.76416015625 52.03155517578125 -3.0194430351257324
440.796875 51.54395294189453 -3.0191569328308105
436.8297424316406 51.055213928222656 -3.0188708305358887
432.86273193359375 50.56534194946289 -3.018584728240967
432.3383483886719 50.59190368652344 2.9173717498779297
428.4411315917969 51.48009490966797 2.9176578521728516
424.5436706542969 52.36717224121094 2.9179439544677734
420.6459655761719 53.253135681152344 2.9182300567626953
416.74798583984375 54.13798141479492 2.918516159057617
416.2637023925781 54.340850830078125 2.5712873935699463
419.6306457519531 52.18129348754883 2.5712873935699463
422.9975891113281 50.02173614501953 2.5712873935699463
426.3645324707031 47.862178802490234 2.5712873935699463
429.7314758300781 45.70262145996094 2.5712873935699463
433.0984191894531 43.54306411743164 2.5712873935699463
436.4653625488281 41.383506774902344 2.5712873935699463
439.8323059082031 39.22394943237305 2.5712873935699463
443.1992492675781 37.06439208984375 2.5712873935699463
443.1992492675781 37.06439208984375 2.9712870121002197
439.2598571777344 37.741275787353516 2.9715733528137207
435.32025146484375 38.41703414916992 2.9718594551086426
431.3804626464844 39.0916633605957 2.9721455574035645
427.44049072265625 39.765167236328125 2.9724316596984863
423.50030517578125 40.43754196166992 2.972717761993408
423.0057373046875 40.61387634277344 2.6254889965057373
419.5289611816406 42.58594512939453 2.6257753372192383
416.07421875 44.53752899169922 2.6289889812469482
416.07421875 44.53752899169922 3.0289885997772217
415.5705261230469 44.685768127441406 2.681759834289551
411.98834228515625 46.45917892456055 2.6820459365844727
411.6120300292969 46.73704147338867 2.3290669918060303
414.3627014160156 43.83293533325195 2.3290669918060303
417.1133728027344 40.928829193115234 2.3290669918060303
419.8640441894531 38.024723052978516 2.3290669918060303
422.6147155761719 35.1206169128418 2.3290669918060303
425.3653869628906 32.21651077270508 2.3290669918060303
428.1160583496094 29.312406539916992 2.3290669918060303
430.8667297363281 26.408302307128906 2.3290669918060303
433.6174011230469 23.50419807434082 2.3290669918060303
436.3680725097656 20.600093841552734 2.3290669918060303
436.3680725097656 20.6000919342041 2.7290666103363037
432.7060241699219 22.202117919921875 2.7293529510498047
429.04351806640625 23.8030948638916 2.7296390533447266
425.38055419921875 25.403024673461914 2.7299251556396484
421.7171325683594 27.001907348632812 2.7302112579345703
418.0532531738281 28.599740982055664 2.730497360229492
414.388916015625 30.19652557373047 2.730783462524414
413.95098876953125 30.48621368408203 2.383554697036743
413.95098876953125 30.4862117767334 2.7835543155670166
413.4984130859375 30.752397537231445 2.4363255500793457
413.4984130859375 30.752395629882812 2.836325168609619
413.03240966796875 30.994338989257812 2.4890964031219482
409.8560485839844 33.42082977294922 2.489382743835449
406.6789855957031 35.846412658691406 2.489668846130371
403.5012512207031 38.271087646484375 2.489954948425293
403.5012512207031 38.271087646484375 2.8899545669555664
403.02294921875 38.48770523071289 2.5427258014678955
403.62249755859375 37.95322036743164 2.284290313720703
406.24041748046875 34.92890167236328 2.284290313720703
408.85833740234375 31.904582977294922 2.284290313720703
411.47625732421875 28.880264282226562 2.284290313720703
414.09417724609375 25.855945587158203 2.284290313720703
416.71209716796875 22.831626892089844 2.284290313720703
416.71209716796875 22.83162498474121 2.6842899322509766
413.12542724609375 24.595964431762695 2.6845760345458984
409.53826904296875 26.359277725219727 2.6848621368408203
405.9505920410156 28.121564865112305 2.685148239135742
405.521240234375 28.434444427490234 2.33854079246521
405.521240234375 28.4344425201416 2.7385404109954834
405.0810852050781 28.720726013183594 2.3913118839263916
405.0810852050781 28.72072410583496 2.791311502456665
401.3258056640625 30.093090057373047 2.7911300659179688
400.8712158203125 30.3558406829834 2.443901300430298
400.8712158203125 30.355838775634766 2.8439009189605713
400.40338134765625 30.5942440032959 2.4966721534729004
400.5186462402344 30.474260330200195 2.175588607788086
402.7929992675781 27.183780670166016 2.175588607788086
405.0673522949219 23.893299102783203 2.175588607788086
407.3417053222656 20.60281753540039 2.175588607788086
409.6160583496094 17.312335968017578 2.175588607788086
409.6160583496094 17.312334060668945 2.5755882263183594
406.2419738769531 19.45536994934082 2.5758743286132812
402.8672790527344 21.597440719604492 2.576160430908203
399.4919738769531 23.73854637145996 2.576446533203125
396.1160583496094 25.878684997558594 2.576732635498047
392.7395324707031 28.017858505249023 2.5770187377929688
389.36187744140625 30.15653419494629 2.5772383213043213
389.03143310546875 30.459381103515625 2.2222983837127686
391.45697021484375 27.2786865234375 2.2222983837127686
393.88250732421875 24.097991943359375 2.2222983837127686
393.88250732421875 24.097990036010742 2.622298002243042
390.41204833984375 26.08114242553711 2.622584342956543
386.9410095214844 28.06330108642578 2.622870445251465
383.4693908691406 30.04446792602539 2.6231565475463867
379.9972229003906 32.02463912963867 2.6234426498413086
379.570556640625 32.377037048339844 2.2790558338165283
382.172607421875 29.339069366455078 2.279057264328003
382.172607421875 29.339067459106445 2.6790568828582764
378.59521484375 31.12215232849121 2.6793432235717773
375.0173034667969 32.904212951660156 2.679629325866699
371.43890380859375 34.68524932861328 2.679915428161621
367.8599853515625 36.46526336669922 2.680201530456543
364.2805480957031 38.2442512512207 2.680487632751465
360.70062255859375 40.022216796875 2.6807737350463867
357.12017822265625 41.799156188964844 2.6810600757598877
353.53948974609375 43.574867248535156 2.6813788414001465
353.247314453125 43.79326248168945 2.31807279586792
355.96588134765625 40.859092712402344 2.31807279586792
355.96588134765625 40.859092712402344 2.7180724143981934
352.3216552734375 42.50128173828125 2.7183585166931152
348.6769714355469 44.14242935180664 2.718644618988037
345.0318298339844 45.78253173828125 2.718930959701538
341.3861999511719 47.421592712402344 2.719217300415039
337.7401123046875 49.05960464477539 2.7195041179656982
337.0251159667969 49.5272331237793 2.4052913188934326
337.0251159667969 49.5272331237793 2.805290937423706
333.251708984375 50.84573745727539 2.8055779933929443
329.4779052734375 52.16316223144531 2.8058643341064453
325.7037658691406 53.4794921875 2.8061532974243164
321.9292297363281 54.79474639892578 2.8064396381378174
318.154296875 56.108917236328125 2.8067259788513184
314.379150390625 57.421913146972656 2.8070309162139893
310.60345458984375 58.73385238647461 2.8073174953460693
306.8277893066406 60.044464111328125 2.8076517581939697
303.0491943359375 61.35528564453125 2.8077003955841064
299.27264404296875 62.66468811035156 2.8079886436462402
298.7759094238281 62.93933868408203 2.465027332305908
299.3321533203125 62.359928131103516 2.206591844558716
301.7074279785156 59.14152908325195 2.206591844558716
304.08270263671875 55.92313003540039 2.206591844558716
306.4579772949219 52.70473098754883 2.206591844558716
308.833251953125 49.486331939697266 2.206591844558716
311.2085266113281 46.2679328918457 2.206591844558716
311.2085266113281 46.26792907714844 2.6065914630889893
307.7696228027344 48.30534362792969 2.6068778038024902
304.33013916015625 50.341773986816406 2.607163906097412
300.89007568359375 52.377220153808594 2.607450008392334
297.4494323730469 54.41168212890625 2.607736110687256
294.0082092285156 56.445159912109375 2.6080222129821777
290.56640625 58.47765350341797 2.6083085536956787
287.1241149902344 60.50907516479492 2.608607292175293
283.6811218261719 62.53955078125 2.6088943481445312
283.29974365234375 62.86567687988281 2.2593302726745605
285.84136962890625 59.77696228027344 2.2593302726745605
288.38299560546875 56.68824768066406 2.2593302726745605
288.38299560546875 56.6882438659668 2.659329891204834
284.84149169921875 58.54154968261719 2.659615993499756
281.2994384765625 60.39384078979492 2.6599020957946777
277.7568664550781 62.2451171875 2.6601884365081787
274.2137451171875 64.09538269042969 2.6604747772216797
270.67010498046875 65.94463348388672 2.6607611179351807
267.1259460449219 67.7928695678711 2.6610474586486816
263.5812683105469 69.64008331298828 2.661334991455078
263.1835632324219 69.94561004638672 2.3117434978485107
265.8835144042969 66.99429321289062 2.3117434978485107
265.8835144042969 66.99429321289062 2.711743116378784
262.249755859375 68.65951538085938 2.712029457092285
258.61553955078125 70.32369995117188 2.712315559387207
254.9808349609375 71.9868392944336 2.712601900100708
251.34567260742188 73.64892578125 2.712890148162842
251.06234741210938 73.84745788574219 2.347888708114624
251.06234741210938 73.84745788574219 2.7478883266448975
247.3708038330078 75.38027954101562 2.7481746673583984
243.67881774902344 76.91203308105469 2.748461961746216
239.98638916015625 78.44273376464844 2.748748302459717
236.29359436035156 79.97232818603516 2.7490429878234863
235.90084838867188 80.22357177734375 2.395908832550049
235.90084838867188 80.22357177734375 2.7959084510803223
232.1399688720703 81.57742309570312 2.7961947917938232
228.3787078857422 82.9301986694336 2.796481132507324
224.61712646484375 84.2818603515625 2.7967748641967773
224.1947021484375 84.52391815185547 2.445712089538574
224.1947021484375 84.52391815185547 2.8457117080688477
220.37109375 85.6888656616211 2.8459980487823486
216.5471649169922 86.85271453857422 2.846285104751587
212.72288513183594 88.01547241210938 2.846571445465088
208.8982696533203 89.17713165283203 2.846857786178589
205.07334899902344 90.33769226074219 2.8471455574035645
201.24807739257812 91.49715423583984 2.8474318981170654
197.42247009277344 92.65552520751953 2.8477182388305664
193.5965576171875 93.81278228759766 2.8480072021484375
189.77027893066406 94.96894836425781 2.8482935428619385
185.94371032714844 96.1240005493164 2.8485844135284424
182.11680603027344 97.27793884277344 2.848875045776367
181.8614044189453 97.40911865234375 2.4853320121765137
185.030517578125 94.9684829711914 2.4853320121765137
188.1996307373047 92.52784729003906 2.4853320121765137
191.36874389648438 90.08721160888672 2.4853320121765137
194.53785705566406 87.64657592773438 2.4853320121765137
194.53785705566406 87.64657592773438 2.885331630706787
190.67111206054688 88.6591567993164 2.885617733001709
186.8040771484375 89.6706314086914 2.885903835296631
182.93675231933594 90.68099975585938 2.8861899375915527
179.0691375732422 91.69026184082031 2.8864760398864746
175.20123291015625 92.69841766357422 2.8867621421813965
171.33303833007812 93.7054672241211 2.8870484828948975
167.4646759033203 94.71134948730469 2.88734769821167
167.01406860351562 94.91764831542969 2.537160634994507
170.3053741455078 92.64447021484375 2.537160634994507
173.5966796875 90.37129211425781 2.537160634994507
176.8879852294922 88.09811401367188 2.537160634994507
176.8879852294922 88.09811401367188 2.9371602535247803
172.97396850585938 88.90901947021484 2.9374465942382812
169.05972290039062 89.71880340576172 2.937732696533203
165.14524841308594 90.5274658203125 2.938018798828125
161.23052978515625 91.33500671386719 2.938304901123047
157.31558227539062 92.14143371582031 2.9385910034179688
153.40040588378906 92.94673919677734 2.9388771057128906
149.48500061035156 93.75092315673828 2.9391634464263916
145.56936645507812 94.55398559570312 2.9394500255584717
141.65365600585938 95.3558578491211 2.939753293991089
141.18804931640625 95.54003143310547 2.5900800228118896
144.59498596191406 93.44412994384766 2.5900800228118896
148.00192260742188 91.34822845458984 2.5900800228118896
148.00192260742188 91.34822845458984 2.990079641342163
144.0504913330078 91.95096588134766 2.990365982055664
140.09889221191406 92.55257415771484 2.990652084350586
136.14712524414062 93.15304565429688 2.990938663482666
132.19528198242188 93.75234985351562 2.9912359714508057
128.2431640625 94.35051727294922 2.991523027420044
124.29116821289062 94.94744110107422 2.9918408393859863
123.82194519042969 95.10547637939453 2.6416072845458984
127.33230590820312 93.18782806396484 2.6416072845458984
130.84266662597656 91.27017974853516 2.6416072845458984
130.84266662597656 91.27017974853516 3.041606903076172
