-391.38913378535415
-392.4609922151188
-393.18243552006777
-393.5313524875122
-393.4970867798764
-393.0806921201816
-392.2948797148216
-391.16377609850866
-389.7223772396564
-388.0156587583798
-386.0975633062225
-384.0294947005143
-381.87870896893065
-379.7162639298634
-377.6148125830995
-377.58449479092116
-375.41906438661545
-373.3030601076007
-373.2726424354551
-371.1060572610705
-368.9771846279487
-368.94666362830617
-366.7808127061736
-364.64080879332136
-364.610243217054
-364.5813518689104
-362.6349428492719
-362.6090634768028
-360.91333255425775
-359.00382407422484
-358.9785875485287
-357.3347225048814
-355.46525657640655
-353.429606066709
-353.40215204073115
-351.573492018893
-349.5661698934503
-349.53922068344025
-347.7543436173423
-345.778444008665
-345.7520464746958
-344.0139406175954
-342.07258238262295
-342.0467844784149
-340.35847620303923
-338.45486096889096
-338.4297123855101
-336.7942874164083
-334.9316631067792
-334.90721391548243
-332.2608153782632
-329.6414184716846
-327.0497018144044
-324.4862989782532
-321.95191700624673
-319.4472463234283
-316.97295959413253
-315.49422211318404
-312.527007749646
-309.5827828476556
-307.86891925622746
-304.5072076631131
-302.59153164370724
-298.90609422322274
-296.8433583446663
-292.94227107181507
-289.04379414745796
-285.1480328322877
-283.00216500521026
-279.0072833920112
-275.012781761377
-272.84817567339184
-268.8849551776252
-264.92283996127446
-260.9618803678397
-257.0021298292845
-253.04364510525906
-249.0864865447788
-249.05590620335119
-246.91645698898827
-244.7504768926254
-244.71997235553977
-242.59261104468214
-240.42607054509057
-240.39567759364536
-238.2829118472296
-236.11817362665
-236.0879001388691
-233.9923638974946
-231.83188936278253
-229.6778708228714
-229.64727724393654
-227.49281873136783
-225.33260188417947
-225.3019972487833
-223.15578450739756
-220.99139168717042
-220.96083891532348
-218.82515887415337
-216.65872478472505
-214.53408595787815
-214.50360348095913
-212.33725722417046
-210.20116891018964
-210.17061584350003
-208.00621287287345
-205.86029899455414
-205.82970170170444
-203.66922691084096
-201.51522806624163
-201.48430495515632
-199.32983891335283
-197.16964220833466
-195.07689190488833
-195.046661364464
-192.88273709345376
-190.77534183586113
-190.74499548803894
-188.57891570095597
-186.45822328589773
-184.45655181619622
-184.42721115539135
-182.2964536550129
-180.27525065037258
-178.4359167221513
-176.84648036153325
-176.82201355733392
-174.96450340965924
-173.35155654379173
-172.04463117118485
-172.02378595865034
-170.39304851158158
-169.06489119252186
-169.0437674685044
-167.395622454453
-166.04663741528128
-166.0252540859895
-164.3601173133628
-162.99069660232246
-162.96904178730978
-161.28732035082575
-159.8978741399844
-159.87596575955817
-158.17808959906688
-156.7690462575272
-156.7468865199964
-155.03327856493237
-153.60507380054904
-153.58266402669207
-151.8537580460375
-150.4068363813344
-150.38419325260662
-148.6404354160197
-147.17525096378796
-146.04661907303293
-146.0281300022199
-144.55146991997447
-143.40979862831594
-143.39114491766816
-141.90356850696068
-140.74948262578988
-140.73066968784067
-139.2327444098077
-138.0669089695676
-138.0479418270213
-136.54027700695826
-135.36340024304357
-135.34428357794968
-133.82748882691362
-132.64028153967374
-132.6210353444086
-131.09578511677708
-129.89904189255
-129.87967031512846
-128.34664856350244
-127.1411755579701
-127.12169885827817
-125.5816481208012
-124.36831539298446
-124.34873822019215
-122.80240768839101
-121.58212577873893
-121.56246723859408
-120.01067600459484
-118.78444718144871
-116.91779207649513
-116.89874531260655
-115.29302644571567
-114.0951687555567
-114.07581711186214
-114.04880492348474
-114.01833272630437
-114.01833272630437
-113.98786104203008
-113.98786104203008
-113.95740433147374
-113.95740433147374
-113.92696260196944
-113.92696260196944
-113.89652140802083
-113.89652140802083
-113.86609521076237
-113.86609521076237
-113.83568462993671
-113.83568462993671
-113.80527460958685
-113.80527460958685
-113.77487961114028
-113.77487961114028
-113.74450025521699
-113.74450025521699
-113.71412148688069
-113.71412148688069
-113.68375837981871
-113.68375837981871
-113.65341033160561
-113.65341033160561
-113.62307796405564
-113.62307796405564
-113.59276067508985
-113.59276067508985
-113.56244463585101
-113.56244463585101
-113.5321436962495
-113.5321436962495
-113.50185847932316
-113.50185847932316
-113.47158899615744
-113.47158899615744
-113.441334645533
-113.441334645533
-113.41109605141754
-113.41109605141754
-113.3808732256202
-113.3808732256202
-113.35066556741634
-113.35066556741634
-113.32047370171992
-113.32047370171992
-113.2902976410665
-113.2902976410665
-113.2601373982359
-113.2601373982359
-113.22999298625254
-113.22999298625254
-113.199863805195
-113.199863805195
-113.16975048159387
-113.16975048159387
-113.13965302920461
-113.13965302920461
-113.10957146202843
-113.10957146202843
-113.07950579431265
-113.07950579431265
-113.04947048807621
-113.04947048807621
-113.0194511100182
-113.0194511100182
-112.98944767511345
-112.98944767511345
-112.95946019858413
-112.95946019858413
-112.92948869590002
-112.92948869590002
-112.8995476289717
-112.8995476289717
-112.86962256701402
-112.86962256701402
-112.83971414056784
-112.83971414056784
-112.80982175195595
-112.80982175195595
-112.77995986293382
-112.77995986293382
-112.75011404481202
-112.75011404481202
-112.72029875923634
-112.72029875923634
-112.69049957858365
-112.69049957858365
-112.66071713552807
-112.66071713552807
-112.63096527676149
-112.63096527676149
-112.60122957630487
-112.60122957630487
-112.57152449547188
-112.57152449547188
-112.54183622485895
-112.54183622485895
-112.5121786103926
-112.5121786103926
-112.4825372283391
-112.4825372283391
-112.45292653967125
-112.45292653967125
-112.42333273775962
-112.42333273775962
-112.39376966767767
-112.39376966767767
-112.36422290800928
-112.36422290800928
-112.3347075356654
-112.3347075356654
-112.3052229541426
-112.3052229541426
-112.2757547438052
-112.2757547438052
-112.24631798161336
-112.24631798161336
-112.21691207137704
-112.21691207137704
-112.18752321229742
-112.18752321229742
-112.1581652474695
-112.1581652474695
-112.12883819788323
-112.12883819788323
-112.09954270219663
-112.09954270219663
-112.07026372793074
-112.07026372793074
-112.04101635207283
-112.04101635207283
-112.01179997911868
-112.01179997911868
-111.98261463123309
-111.98261463123309
-111.9534609489843
-111.9534609489843
-111.92433833713079
-111.92433833713079
-111.89523300268547
-111.89523300268547
-111.86615878575178
-111.86615878575178
-111.83711632846246
-111.83711632846246
-111.80810503592419
-111.80810503592419
-111.77912493195284
-111.77912493195284
-108.8230015154791
-105.93587875120156
-104.21994862109014
-102.79646823498848
-101.72611420980716
-101.05631736980105
-101.05631736980105
-101.05631736980105
-101.05631736980105
-101.05631736980105
-101.06497234123192
-101.06497234123192
-101.06497234123192
-101.0722004344687
-101.0722004344687
-101.0722004344687
-101.078211664497
-101.078211664497
-101.078211664497
-101.078211664497
-101.08727620845609
-101.08727620845609
-101.08727620845609
-101.09478712147376
-101.09478712147376
-101.09478712147376
-101.10103769866765
-101.10103769866765
-101.10103769866765
-101.10103769866765
-101.10998044958035
-101.10998044958035
-101.10998044958035
-101.11718542595943
-101.11718542595943
-101.11718542595943
-101.12303231417424
-101.12303231417424
-101.12303231417424
-101.12303231417424
-101.13121682686669
-101.13121682686669
-101.13121682686669
-101.13815477567847
-101.13815477567847
-101.13815477567847
-101.14414541019922
-101.14414541019922
-101.14414541019922
-101.14414541019922
-101.15206052326612
-101.15206052326612
-101.15206052326612
-101.15869985130456
-101.15869985130456
-101.15869985130456
-101.15869985130456
-101.16684263167195
-101.16684263167195
-101.16684263167195
-101.17375322144214
-101.17375322144214
-101.17375322144214
-101.17375322144214
-101.18173463891986
-101.18173463891986
-101.18173463891986
-101.18844891445691
-101.18844891445691
-101.18844891445691
-101.18844891445691
-101.19584942785234
-101.19584942785234
-101.19584942785234
-101.19584942785234
-101.20321396852864
-101.20321396852864
-101.20321396852864
-101.20321396852864
-101.21273708994033
-101.21273708994033
-101.21273708994033
-101.22143642909126
-101.22143642909126
-101.22143642909126
-101.22143642909126
-101.22143642909126
-101.22143642909126
-101.22143642909126
-101.22143642909126
-101.22143642909126
-101.22143642909126
-101.22143642909126
