-391.38913378535415
-392.4609922151188
-393.18243552006777
-393.5313524875122
-393.4970867798764
-393.0806921201816
-392.2948797148216
-391.16377609850866
-389.7223772396564
-388.0156587583798
-386.0975633062225
-384.0294947005143
-381.87870896893065
-379.7162639298634
-377.6148125830995
-375.6461730108067
-373.87867653314714
-372.3746491751641
-372.3512026791394
-370.5549974123982
-369.0149267056222
-368.9910412514001
-367.1668910164351
-365.5913924927025
-365.56705619994085
-363.7158364435357
-362.10556658651257
-362.08079796522776
-360.2033449358328
-358.55897314006427
-358.5337907048893
-356.6309964162318
-354.9532073183751
-354.92759881098254
-353.0004133307889
-351.28997068084846
-351.2639847491147
-349.31332787806133
-347.5709854426981
-348.54645713826517
-348.54645713826517
-348.54645713826517
-349.1898128531338
-350.20992392188924
-351.56957985129424
-353.21974169862386
-355.1016770890296
-357.14935653763314
-359.29213970173504
-361.4574354266049
-363.57311054173624
-365.56994531647297
-367.3836990343835
-368.9568624768215
-370.24025213395333
-371.1942093545715
-371.7894737235832
-372.00791332866146
-371.84288454305323
-371.2994047948837
-370.39399678104576
-369.1544088065514
-367.6189390185529
-365.83550036255167
-363.8604896517822
-361.75733142173897
-359.5946854133714
-357.4443799404296
-355.3791094462793
-353.46996417302887
-351.78373350799984
-351.7580210861232
-349.82472167870515
-348.10606443052245
-348.0799591505916
-346.1235039402304
-344.37319612775394
-344.3467164062244
-342.36804532893115
-340.58688598170676
-340.559989070241
-338.56013945558755
-336.7489842494252
-335.1905035318656
-335.1905035318656
-335.1905035318656
-335.5904040111158
-336.38367233730014
-337.5411521089963
-339.02069786577283
-340.7690265687074
-342.72410697855355
-344.81770681813265
-346.9780075500448
-349.13228496411057
-351.2093511797292
-353.14173375491936
-354.86774734125976
-356.333117567022
-357.4923476780134
-358.3098399469339
-358.760687065735
-358.83119156742123
-358.51924749202385
-357.83430317066575
-356.79718327543026
-355.4396318519676
-353.8036010774003
-351.94029481381074
-351.91581771214845
-350.33513374982545
-348.51560300033543
-348.4918449456806
-346.9695087706051
-345.19699224479194
-345.1740048498419
-343.7130226822958
-341.9907823171905
-340.0613412912753
-340.03574496307147
-338.36432956259114
-336.47372504772443
-336.44879077279194
-334.8312835995299
-332.9827568313284
-332.9585360691497
-331.39801370221795
-329.5948779352163
-329.5713915641092
-328.0709135064862
-326.3165159469404
-326.2938469719424
-323.93321864623374
-321.6047276318999
-319.30907686467856
-317.04697957952294
-314.81915893390493
-312.62634758217376
-310.46925708095415
-309.15274602739
-306.4648810004221
-304.8787317777653
-301.7300618276823
-299.9163729001339
-296.3922830287899
-294.40132941377277
-290.6020019937917
-288.49189149099567
-284.5313815890703
-280.571928636613
-276.6135462707157
-274.44993147744657
-270.45295429461277
-266.4560682228569
-262.45927742466023
-258.4625863198712
-256.3151589206416
-252.4177554684486
-248.52361253126134
-244.63288581482814
-240.74574094931813
-236.86235427991687
-232.98291373286744
-229.1076197653231
-226.961744462328
-223.3286010495014
-219.70820386381268
-216.10119352837702
-212.5082517096842
-208.93010421194688
-205.36752432727653
-201.82133646273655
-198.2924200666449
-194.78172905283412
-191.29025090304435
-187.81905709778408
-184.3692933448104
-180.9429210237513
-177.54074225642526
-174.16410736640734
-170.8145469596934
-167.49366976975236
-164.20323172256263
-162.55628307808414
-162.53109739899102
-160.63077161013084
-158.96196510240222
-156.17709217426727
-154.83474302281422
-154.83474302281422
-154.83474302281422
-154.83474302281422
-154.84751815643804
-154.84751815643804
-154.86037259143993
-154.86037259143993
-154.87332154179302
-154.87332154179302
-154.8863649851483
-154.8863649851483
-154.8995026889249
-154.8995026889249
-154.91271960426286
-154.91271960426286
-154.9260309446215
-154.9260309446215
-154.9394364754512
-154.9394364754512
-154.95292093748782
-154.95292093748782
-154.96649975541632
-154.96649975541632
-154.98017269273302
-154.98017269273302
-154.99393972524598
-154.99393972524598
-155.00778559440306
-155.00778559440306
-155.02172551075913
-155.02172551075913
-155.03574421612214
-155.03574421612214
-155.0498569208003
-155.0498569208003
-155.06406360074214
-155.06406360074214
-155.07834899829788
-155.07834899829788
-155.092728103757
-155.092728103757
-155.10720111147705
-155.10720111147705
-155.12175276435696
-155.12175276435696
-155.13639805033523
-155.6577509774241
-155.66929882306673
-155.66929882306673
-155.6809411843941
-155.6809411843941
-155.6926780403759
-155.6926780403759
-155.70450936999558
-155.70450936999558
-155.71643515225034
-155.71643515225034
-155.72845536615137
-155.72845536615137
-155.74056999072397
-155.74056999072397
-155.75276378010003
-155.75276378010003
-155.76505168385128
-155.76505168385128
-155.77743393443467
-155.77743393443467
-155.78991025481403
-155.78991025481403
-155.80248087884956
-155.80248087884956
-155.8151303041853
-155.8151303041853
-155.82787373227427
-155.82787373227427
-155.84071139907672
-155.84071139907672
-155.85364302424267
-155.85364302424267
-155.8666533616768
-155.8666533616768
-155.8797576121796
-155.8797576121796
-155.892955752952
-155.892955752952
-155.90624776121706
-155.90624776121706
-155.91961812881695
-155.91961812881695
-155.93308231745175
-155.93308231745175
-155.94664030441518
-155.94664030441518
-155.96029180212295
-155.96029180212295
-155.97402182971175
-155.97402182971175
-155.98784532045303
-155.98784532045303
-156.0017625166392
-156.0017625166392
-156.01575790691308
-156.01575790691308
-156.02984668830683
-156.02984668830683
-156.04402883630104
-156.04402883630104
-156.05828910575775
-156.05828910575775
-156.0726426932413
-156.0726426932413
-156.08708957432418
-156.08708957432418
-156.10161450452205
-156.10161450452205
-156.11623267993144
-156.11623267993144
-156.13094407621793
-156.13094407621793
-156.1457331760697
-156.1457331760697
-156.16061544729527
-156.16061544729527
-156.17557564650792
-156.17557564650792
-156.19062869359396
-156.19062869359396
-156.20577456243657
-156.20577456243657
-156.2209982851005
-156.2209982851005
-156.23631477907222
-156.23631477907222
-156.25170880013906
-156.25170880013906
-156.26719554092574
-156.26719554092574
-156.2827597576758
-156.2827597576758
-156.29841664271802
-156.29841664271802
-156.3141509527528
-156.3141509527528
-156.32997787981338
-156.32997787981338
-156.34588218105756
-156.34588218105756
-156.36187904822333
-156.36187904822333
-156.37795295580293
-156.37795295580293
-156.39411937709852
-156.39411937709852
-156.41036278580205
-156.41036278580205
-156.4266986561934
-156.4266986561934
-156.44311146117013
-156.44311146117013
-156.4596163897139
-156.4596163897139
-156.47619848585043
-156.47619848585043
-156.4928726526354
-156.4928726526354
-156.5096236476707
-156.5096236476707
-156.5264514443705
-156.5264514443705
-156.5433712310194
-156.5433712310194
-156.5603677659348
-156.5603677659348
-156.57745623712512
-156.57745623712512
-156.59462111215055
-156.59462111215055
-156.61186265468348
-156.61186265468348
-156.6291960523231
-156.6291960523231
-156.64660577151298
-156.64660577151298
-156.6640920779283
-156.6640920779283
-156.68166986446997
-156.68166986446997
-156.69932418445276
-156.69932418445276
-158.42775412923683
-160.35918077337362
-162.44004373729052
-164.59652310915163
-166.7550469759684
-168.84481381998768
-170.7997555815136
-172.5601797629734
-174.07400895574102
-175.29761992263016
-176.19654760942606
-176.74588500313024
-176.9305755405719
-176.7455898324453
-176.19595553774357
-175.29674407260651
-174.07286773785933
-172.55881555945976
-170.79820285186042
-168.84313516906613
-166.75328991900247
-164.59473861127677
-164.5647075147598
-162.4965862971225
-160.34620315407315
-158.18339707517794
-156.0816454974142
-154.11493258278836
-152.3553817275508
-150.86997576446151
-149.71713370803337
-149.69831965964147
-148.20029629261737
-147.03301636454384
-147.0140242736413
-145.50391855414557
-144.32277509216635
-143.51856755311883
-143.51856755311883
-143.5161231503355
-143.5161231503355
-143.51377723799754
-143.51377723799754
-143.5115298208391
-143.5115298208391
-143.5093809035697
-143.5093809035697
-143.50733049087435
-143.50733049087435
-143.50537858741342
-143.50537858741342
-143.50352519782263
-143.50352519782263
-143.5017855659478
-143.5017855659478
-143.50014426293734
-143.50014426293734
-143.49860148560109
-143.49860148560109
-143.49715704297637
-143.49715704297637
-143.49581113344547
-143.49581113344547
-143.49456356437196
-143.49456356437196
-143.49342957601374
-143.49342957601374
-143.49239393179468
-143.49239393179468
-143.49145683324056
-143.49145683324056
-143.49061808436306
-143.49061808436306
-143.4898774858993
-143.4898774858993
-143.48923523929804
-143.48923523929804
-143.4886913464257
-143.4886913464257
-143.4882610461594
-143.4882610461594
-143.48792889849895
-143.48792889849895
-143.48769510803695
-143.48769510803695
-143.48755947047894
-143.48755947047894
-143.48752219199056
-143.48752219199056
-143.48758306660062
-143.48758306660062
-143.48775732953663
-143.48775732953663
-143.48802995298576
-143.48802995298576
-143.48840072845965
-143.48840072845965
-143.48886965512438
-143.48886965512438
-143.48943673212023
-143.48943673212023
-143.49011719364518
-143.49011719364518
-143.49089558997423
-143.49089558997423
-143.49177213191055
-143.49177213191055
-143.4927468184891
-143.4927468184891
-143.4938194329167
-143.4938194329167
-143.4949901883555
-143.4949901883555
-143.49627410032122
-143.49627410032122
-143.49765614919343
-143.49765614919343
-143.49913611482785
-143.49913611482785
-143.50071399366925
-143.50071399366925
-143.50238978213736
-143.50238978213736
-143.50416347662693
-143.50416347662693
-143.50605030636757
-143.50605030636757
-143.50803503446494
-143.50803503446494
-143.51011765723698
-143.51011765723698
-143.51229817097658
-143.51229817097658
-143.51457634641883
-143.51457634641883
-143.51696763562617
-143.51696763562617
-143.5194565753743
-143.5194565753743
-143.52204338738912
-143.52204338738912
-143.52472783906848
-143.52472783906848
-143.52750992412965
-143.52750992412965
-143.53038986665354
-143.53038986665354
-143.53547219037546
-143.53547219037546
-143.54039098020894
-143.54039098020894
-144.39443608471328
-145.62011046425985
-147.16778694315872
-148.9766423676833
-150.9780362474447
-153.0989284581724
-155.2650440025698
-157.4036655232416
-159.44585013075326
-161.3282755700121
-162.99461239148812
-164.39651033872786
-165.4943709436736
-166.25784402129838
-166.66612350524022
-166.7082081500149
-166.38297163731852
-165.69916803628962
-164.675361959301
-163.3397635791189
-161.72988977124683
-159.8921443799389
-159.86812703161561
-158.3287001653895
-158.30949726827768
-157.14833182910195
-155.6910483939148
-155.67312801537076
-154.61075351342652
-153.241717102803
-153.22515802667223
-152.2669785851681
-150.9922748478201
-150.97705378456794
-150.128213283826
-148.95375113546484
-147.4791762125
-147.46112863617412
-146.38932575618
-145.01292458164107
-144.99626014164434
-144.03080003708635
-142.75070605774673
-142.7355199399985
-141.88199292490089
-140.7045801021396
-140.69096799185675
-139.9546647177602
-138.88607849115223
-138.87410140009467
-138.25991507137252
-137.3060048865925
-137.29574625091126
-136.8080471495288
-135.97421707676577
-135.9657427266081
-135.60826655306965
-134.89933160864445
-134.89269460983363
-134.66846581931804
-134.08856241586892
-134.08381097090856
-134.09186160962764
-134.09186160962764
-134.0997207892531
-134.0997207892531
-134.1074136673632
-134.1074136673632
-134.11493982703357
-134.11493982703357
-134.12232168824193
-134.12232168824193
-134.12916195694427
-134.12916195694427
-134.13592089765166
-134.13592089765166
-134.14259572461103
-134.14259572461103
-134.0022649190726
-133.5060983312722
-133.50255575722707
-133.51104200688275
-133.51104200688275
-133.51944465779798
-133.51944465779798
-133.5129584290671
-133.15485253942649
-133.1532895292873
-133.16366904293605
-133.16366904293605
-133.17396876981508
-133.17396876981508
-133.18418872943158
-133.18418872943158
-133.1943256734481
-133.1943256734481
-133.20575044628106
-133.20575044628106
-133.216948279724
-133.216948279724
-133.22792149444396
-133.22792149444396
-133.23868296057543
-133.23868296057543
-133.24924557677062
-133.24924557677062
-133.2596222696178
-133.2596222696178
-133.33318969540247
-133.04639500130665
-133.04585972578127
-133.05719790022192
-133.05719790022192
-133.0684538146678
-133.0684538146678
-133.07963099103762
-133.07963099103762
-133.09072945045222
-133.09072945045222
-133.10174570598016
-133.10174570598016
-133.11266973547802
-133.11266973547802
-133.12351511174933
-133.12351511174933
-133.17085472061063
-133.17085472061063
-133.18125880332016
-133.18125880332016
-133.19158084397927
-133.19158084397927
-133.20182085976504
-133.20182085976504
-133.2119653337111
-133.2119653337111
-133.32727918831813
-133.0816960005049
-133.08174208729278
-133.09362613739196
-133.09362613739196
-133.10543265315482
-133.10543265315482
-133.11714836500002
-133.11714836500002
-133.12878284340636
-133.12878284340636
-133.14033985629518
-133.14033985629518
-133.15181567587163
-133.15181567587163
-133.1632103208453
-133.1632103208453
-133.1745275635098
-133.1745275635098
-133.18576367194757
-133.18576367194757
-133.19691866498968
-133.19691866498968
-133.2079830397752
-133.2079830397752
-133.2189663430165
-133.2189663430165
-133.22986859367333
-133.22986859367333
-133.24068981074535
-133.24068981074535
-133.2514300132721
-133.2514300132721
-133.41179111471538
-133.21127371507347
-133.21196296709948
-133.2305956364907
-133.2305956364907
-133.24807126131955
-133.24807126131955
-133.26459588650857
-133.26459588650857
-133.28034634519466
-133.28034634519466
-133.29545202435605
-133.29545202435605
-133.5507260120121
-133.44509345778346
-133.4471395916157
-133.50794646237296
-133.50794646237296
-133.54353078518375
-133.54353078518375
-133.8904625676193
-133.87717292517112
-133.8805062763857
-133.89534694678832
-133.89534694678832
-133.91010946218785
-133.91010946218785
-134.37933806912383
-134.49012644970526
-134.49519038140912
-134.51152551429445
-134.51152551429445
-134.5277927008453
-134.5277927008453
-134.54398274314485
-134.54398274314485
-135.95203674550245
-136.57710148436783
-136.84735218563526
-136.7559312780367
-136.44370628534887
-136.44370628534887
-136.44370628534887
-136.44370628534887
-136.44370628534887
-136.44370628534887
-136.44370628534887
-136.44370628534887
-134.46356537807475
-134.46356537807475
-134.46356537807475
-133.25126779381085
-132.41441822405477
-131.98831573635937
-131.99119256379356
-132.42290865845828
-133.265005405301
-134.4819837546615
-136.02378392884498
-139.15219772662863
-142.32427202593598
-145.53715203001173
-148.78819433017225
-152.07495145746947
-155.39515721953023
-158.74671288409593
-162.12767423688314
-165.5362395161508
-168.97073820803482
-172.42625574192184
-175.90825951524093
-179.41198181949454
-181.40439743180187
-185.21717583441142
-189.03776185655718
-192.86567787631515
-196.70050364297336
-200.54183476058736
-204.3893180959507
-208.2425988667831
-212.10136925672754
-215.96532658259594
-219.83421114222176
-223.70776766960645
-227.58575265987324
-231.46792042199132
-235.35409147409513
-239.24406594222384
-243.137666632463
-247.0347224292954
-250.93504386005247
-254.83850382989715
-258.7449654401394
-262.6550522298269
-266.56780669959653
-270.48311307909785
-274.40086213208735
-278.320950706647
-282.2432813216588
-286.16776178620904
-290.0943048489338
-294.02282787462264
-297.9532525456637
-301.8855045861532
-305.8195135067068
-309.75521236819816
-313.692537562822
-317.63142861102966
-321.57182797302215
-325.51368087360714
-329.4569351393355
-333.40154104693386
-337.34745118213436
-337.34745118213436
-337.34745118213436
-337.34745118213436
-337.34745118213436
-337.4473692411731
-337.16538846722466
-337.16538846722466
-337.16538846722466
-335.8133145244525
-335.8133145244525
-335.8133145244525
-333.7790936610379
-331.64371930846363
-329.47726894415507
-327.35225030504944
-325.3411198649346
-323.5137878705432
-323.4863807146832
-321.4558700053363
-319.60007664909926
-319.572360634311
-317.5235612796847
-315.6402430280264
-315.61218110561316
-313.5373359300944
-311.62649281431806
-311.5328645326197
-307.60994467890214
-303.6890546339247
-299.77030036582136
-295.8537707445665
-291.93869604292024
-288.0259554845897
-284.115645504589
-280.2078678593374
-276.30273186225565
-272.40034912963415
-268.50083970907616
-264.60433063376496
-260.7109564305612
-256.82085967238834
-252.93419157939593
-249.05111267390862
-245.1717934947507
-241.29641537719704
-241.25124166319597
-239.08755705144512
-236.93967982945438
-234.88076809991597
-231.21710484558767
-227.5647689099701
-223.92431455923747
-220.2963308330491
-216.68144413421223
-213.08032103311393
-209.49367130528236
-205.92225122181458
-202.36686711380935
-198.82837923334756
-195.30772108138592
-191.80585853088772
-188.32384009163394
-184.86278709970165
-181.4238994427191
-178.00924663794086
-174.61959530843365
-171.25643023225376
-167.92134218064194
-164.61602236584955
-162.95967943015228
-162.93438081890437
-161.02702143183663
-159.34873663167593
-157.9637021002756
-157.94184430026067
-156.24772825643677
-154.84352948509928
-154.8214392650688
-153.11193317686252
-151.6890204144048
-151.66668248025366
-149.94222825806617
-148.50104986667137
-148.47847889748581
-146.7395213436057
-145.28055667647982
-145.25776683955164
-143.50475586969634
-142.02850247889876
-142.00539454319318
-140.23882134419867
-138.7458023192954
-137.5835246980908
-137.56462507133568
-136.06152371440146
-134.89004291189335
-134.87099945862047
-133.35880397875582
-132.17727014347636
-132.1581014642964
-130.63777767194642
-130.61408137110394
-127.13939070406967
-125.36116548568393
-123.85521896352188
-122.68268114962656
-122.66364906042276
-121.1526341823308
-119.974676464018
-119.9551827757621
-118.44009166899858
-117.25787281915355
-117.23863126958769
-115.72029468013106
-114.53483673782983
-114.13600801216984
-114.13600801216984
-114.41637732437398
-115.70509694870994
-115.70509694870994
-115.70509694870994
-115.70509694870994
-115.70509694870994
-115.70509694870994
-115.70509694870994
-117.73899386648493
-119.61157013770125
-121.26908248041538
-122.66589203488284
-123.76484262529776
-124.53749840237722
-124.96426303356809
-125.03445824197534
-124.74633872924379
-124.10709346837702
-122.66956025282478
-121.3469050245641
-120.14292192395678
-119.06121115114526
-118.10513238676566
-117.27775822541766
-116.5818289255655
-116.01970987658238
-115.59335341207503
-115.30426528714838
-115.15347939482997
-115.14153908571917
-115.13483725253046
-115.13483725253046
-115.13483725253046
-114.99160008940437
-114.99160008940437
-114.44461254931464
-114.44461254931464
-114.41790740970427
-114.41790740970427
-114.39115946925985
-114.39115946925985
-114.3643536335503
-114.3643536335503
-114.33750615475533
-114.33750615475533
-114.31061578227278
-114.31061578227278
-114.28361206823705
-114.28361206823705
-114.25656540844003
-114.25656540844003
-114.22946193545793
-114.22946193545793
-114.20230162197986
-114.20230162197986
-114.17508444082416
-114.17508444082416
-114.1478103649385
-114.1478103649385
-114.12062136486561
-114.12062136486561
-114.09338922731901
-114.09338922731901
-114.06612898119448
-114.06612898119448
-114.03882553679571
-114.03882553679571
-114.01148009641133
-114.01148009641133
-113.98409140003038
-113.98409140003038
-113.9566594181251
-113.9566594181251
