-392.79286010024146
-395.6162230896874
-398.4693798009109
-401.3516639854351
-404.2623910893816
-407.2008894890591
-410.1665304087613
-413.1586971431384
-416.17672520398156
-419.2200231617002
-422.2880113496257
-425.3800928715104
-428.4956825336744
-431.634238247278
-434.795198135327
-437.97801341908774
-441.18217666336193
-444.407161486817
-447.6524831202447
-450.91763844152575
-454.2021344779314
-457.50552025327903
-460.82702474824674
-457.65045588147234
-460.9279455657941
-457.78864153442333
-454.75154490909995
-457.9242487442853
-454.89646965140497
-458.0262908317852
-455.03674552843125
-458.1235469492871
-455.17580579679674
-458.21865626341946
-455.3136799513877
-458.311556637627
-455.45024421196393
-458.402245476107
-455.5855290758336
-458.4907191806941
-455.7194685530805
-458.5769096503293
-455.85199950142527
-458.6608132187631
-455.98318750821005
-458.7424351408747
-456.112836034824
-458.8216933068996
-456.2676680242105
-458.91599344321327
-461.59296035806705
-459.0418673286626
-461.6222479211431
-459.12689052669793
-459.1572943249278
-460.6766871407525
-462.2393006841149
-463.8446305736342
-465.49222468280107
-467.18156371719283
-468.91224881363087
-470.68375117027716
-472.48528685940823
-470.7737874026002
-472.52210065031306
-471.3591003425667
-472.7397056633546
-474.1638824015113
-475.63122727294444
-474.53162163003765
-475.7358639510027
-476.98470846023713
-478.27778953068315
-477.06596019797814
-478.29279364010864
-477.14488370144625
-478.3050818164248
-477.2214667982321
-478.3146439076655
-477.29564105623604
-478.3214731693526
-477.367341369303
-478.3255524176457
-477.4366779000934
-478.32688173704395
-477.5035125105417
-478.3254928251475
-477.56784288084657
-478.32132273488304
-477.6296565841444
-478.31442387340894
-477.6889445033662
-478.3047787029567
-477.7456974768901
-478.29242550699576
-477.79995229718565
-477.42030323469316
-477.780299200302
-477.46755095537344
-477.7578562238632
-478.09634905469517
-477.80430809690574
-478.0731169727736
-477.8481088282584
-478.04719266727113
-477.88931524503175
-478.0185651431354
-477.92785493359673
-477.9872268817771
-477.9637183295815
-477.9532226361981
-477.99695188492143
-478.15865882226103
-477.9485016274056
-478.18450304632603
-477.9034898230358
-477.67071213949515
-477.9281158891374
-477.6256421578846
-477.9500662396599
-477.57796839839904
-477.9692714732278
-477.5276200646437
-477.98572160954996
-477.4747043599708
-477.0115480788162
-476.59637000023844
-477.0290693684289
-476.544527886548
-477.0439456616672
-477.65566588723044
-476.9851754734715
-476.3620427409511
-476.99447703213855
-476.30243719270317
-477.00103419121393
-476.24037489632406
-477.00495034796097
-476.17701630179545
-477.0075052775163
-476.1099525835171
-477.00587178747264
-476.0404006389564
-477.0015012168249
-475.9684107812911
-474.98289877514617
-475.96513319048574
-475.0151204480455
-473.81387855940625
-472.6576618694034
-473.8017173691144
-472.578894389979
-471.40104127541645
-472.56591192428306
-471.32151189173084
-472.5501748903461
-471.239622527346
-472.5316746380342
-471.15543824752496
-472.51050721038973
-471.06911759401197
-469.6877422628836
-470.6163870872605
-468.5748460363648
-466.571325340836
-464.606386714112
-462.6805367021959
-460.7942852364722
-458.9481883225768
-457.1427224447048
-455.3784373886774
-453.65583186169727
-451.97539005814485
-450.337630686415
-448.7430560510316
-447.1921452819336
-445.6853879916838
-444.22325008508915
-442.8062061209326
-441.4347001501201
-440.10919529087164
-438.8301449718434
-437.5979372929595
-436.4130257967466
-435.2758106990343
-434.1866671002923
-433.1459914964012
-432.15414735224005
-431.21148273351326
-430.31837442247223
-429.4750872478499
-428.6819535814878
-427.93929020383837
-427.24734006434977
-427.24606282242365
-428.14599195032747
-429.0956708072327
-430.0947371424562
-430.07377719324637
-432.49583701174873
-434.9524581531143
-437.44301641722564
-439.9669103384235
-442.5235104142024
-445.11224373371664
-447.7324688248939
-450.3836081543108
-453.0651014401685
-455.77633524428273
-458.51417852304644
-461.28439859977794
-461.2451579608152
-464.88688135812964
-468.5391738895868
-472.2017240174501
-475.87423941619056
-479.5564248375801
-483.2480221628847
-486.948732681114
-490.65830796591575
-494.37646860086977
-498.10295624848226
-501.8375285137662
-505.57994016169783
-509.3299567989648
-513.087369371915
-516.8519359414414
-520.6234354404606
-524.4016799538884
-528.1864398453986
-531.9775141045391
-535.774702996782
-539.5777957748963
-543.3866489309304
-547.2010537986861
-551.0208364322029
-554.8458202361339
-558.6758163216984
-562.5106994537263
-566.3502655435691
-570.1943772825629
-574.0428810848381
-577.8956038941943
-581.7523991429241
-585.6131437048207
-589.4776747145451
-593.3458755957734
-597.2175924941065
-601.0926920040656
-604.9710691636853
-608.8525735507766
-605.1247624931924
-608.9947596837145
-605.2786357014917
-609.135897855393
-605.4326481759529
-609.2758976093445
-605.5867287795103
-609.4147191862075
-605.7408369757974
-609.5522975290985
-605.9361124968623
-609.7256676197665
-606.093549419886
-609.8635030449279
-613.6388123085119
-610.0162550559157
-613.7440485076875
-610.142015991657
-613.8763676925547
-610.2954169802306
-614.0072240203216
-610.4485723810858
-614.136598085326
-610.6013506703629
-614.2644501476967
-617.9354099246787
-614.4159062497811
-618.0308429355125
-614.53754543539
-618.1560563968735
-614.6892304942834
-618.2796286834098
-614.8403736522605
-618.4015199739882
-614.9910004389475
-618.5217562248366
-622.0546295860635
-618.662498511287
-620.918196861559
-624.2366049660903
-627.5705981012806
-630.9198884700845
-627.7167127155119
-631.0285010124609
-634.3559241990886
-631.1738635464299
-634.4632235471868
-631.3188537744451
-634.5689872588875
-637.8356782349534
-634.7128091559416
-637.9398063083843
-634.8556341902945
-638.0418634801549
-641.2382365938851
-638.1768492128667
-635.1798710237796
-638.2794420158259
-641.3978915970699
-638.4193899866083
-641.4944582360414
-644.3996512793767
-641.4731191667396
-639.8081455062794
-642.3680066030851
-644.953756892156
-647.5651092894409
-650.2016486596335
-652.8630497329011
-655.5489664012404
-655.5489664012404
-654.277025882188
-653.1040301305923
-652.0310963405075
-653.1129749921778
-652.1050126163308
-653.1191917106638
-652.1764473095191
-653.1226378498071
-652.2454681554234
-653.1232709330277
-652.3119684893297
-653.1211785109757
-652.3759719336421
-653.1163605563606
-652.437479226185
-653.1087756429586
-652.49645045483
-653.0984236534373
-652.5528423123461
-653.085348190751
-652.6066571218232
-653.0695065092801
-652.6578955299783
-653.0509421334215
-652.7065174164164
-653.029655928086
-652.7525657178744
-653.0056476305921
-652.7959562810533
-652.9789606492427
-652.8366896528895
-652.9495093921719
-652.8747693992232
-652.9173559423474
-652.9101364333497
-652.8807619539552
-652.9451331502019
-652.9393036447689
-651.6144969101483
-650.326006424181
-649.0740492734777
-650.3101806488019
-648.9918114593554
-650.2915439214448
-648.9071822384215
-650.2702261669431
-648.8202901364666
-650.2461407898953
-648.7311342248801
-647.2513903507706
-648.7058189132869
-647.1611881185968
-648.657395380772
-647.0179335868355
-645.4129693640851
-646.9873678105149
-645.3185132006633
-646.9541135904327
-645.22187650683
-646.9181704942733
-645.1231031084523
-646.8795374108352
-645.0222122170634
-643.1978301150748
-644.9823347322089
-643.096011282058
-644.9398053750082
-642.9920619512409
-644.8946011624865
-642.886132563467
-644.8467452679096
-642.7780723722601
-640.7406263963506
-642.7290094682596
-640.6317626594581
-642.6773491191824
-640.5209674799822
-638.3952166165452
-640.4682453207797
-638.3043352797621
-640.4363683890215
-638.1906445374065
-635.9748613565502
-638.134031144261
-635.8602589527685
-638.0746440621704
-635.7438500209611
-633.4418978841343
-635.6831622914126
-633.3245622413431
-635.5954877485157
-633.164853675418
-635.5290764932807
-633.0435497579556
-635.4602120921229
-632.9205491372423
-630.4111486825146
-632.8541310923391
-635.3731826743109
-632.7278191391719
-635.2969678361156
-632.5999763440394
-635.2183970942214
-632.4706224327592
-635.1374455822425
-632.3397771438563
-635.0541539024777
-632.2075015228673
-634.9686281466011
-632.07386027078
-634.880757104669
-631.9387832567788
-634.7906227635754
-631.8024008094076
-634.6982689550764
-631.6647983374347
-634.6037569072719
-631.5259507032047
-634.5070615593967
-631.3859433498992
-634.4082681795447
-631.2447961416132
-634.3073516734154
-631.1025945724443
-634.2043973000253
-630.9593135695397
-634.0993350874933
-636.9985290856072
-633.5834027644302
-630.1823083905575
-633.4702443608709
-630.0343878989001
-633.3552494059198
-629.8857053828085
-633.2384375995995
-629.7362809456702
-626.2466262004505
-622.7696793868097
-626.1294199326722
-622.6201679595425
-626.0104660163537
-622.4700049156443
-625.8897183213697
-622.3192350446477
-618.7598742752009
-622.197415674051
-618.608734058357
-622.0739223183285
-618.4570403800507
-621.9487744705124
-618.3049244315047
-614.6706859908634
-611.0462718816971
-614.5451156023619
-610.894017437761
-614.4179397454669
-610.7413472566636
-614.2892232755037
-610.5883472309933
-606.8957889702227
-603.2197928532928
-603.2198130595448
-599.2952313936571
-595.3700813517903
-591.4443976087408
-587.5182334438755
-583.5916458436667
-579.6646902796192
-575.7374488291307
-571.8099792948668
-567.8823204735171
-563.9545352675641
-560.0267081312668
-556.0989046373475
-552.1711891695269
-548.2436073262456
-544.3162721372998
-544.3162721372998
-540.6709081139525
-537.0235012692523
-533.3740555289502
-529.7225746809734
-526.0691034645114
-522.4136457682475
-518.7562260169906
-515.0968687543998
-511.43559864613934
-507.7724196300391
-504.10737866296523
-500.44047827035195
-496.7717434535177
-493.1011993545937
-489.4288712611678
-485.75478530959043
-482.07894485846197
-478.40137547289874
-474.72212429994073
-471.04117447633075
-467.35857343866115
-463.6743690114829
-459.98856597853273
-456.3011692741529
-452.6122273784351
-448.92174552831375
-445.22975085673204
-441.53629272086613
-437.8413768832459
-434.14503122500395
-430.4472629368467
-426.74812155713664
-423.0476581325541
-419.3458795373096
-415.6427944669151
-411.9384534739441
-408.23286610432746
-404.52608567691306
-400.8181207782972
-397.1090232456246
-393.39882739635766
-389.68754295774147
-385.9751827513817
-382.2618235011042
-378.54749939933606
-374.8322021859673
-371.11601029934565
-367.3989400623462
-363.68102842890903
-359.96233651577154
-356.24287946768516
-352.5226771624182
-348.80181290523774
-345.0803087200002
-341.35822618169703
-337.6355894734417
-333.9124431586921
-330.1888140996077
-326.4647923398498
-322.7404076654916
-319.0157194828173
-315.29077000232655
-311.56562755100276
-307.84033203554145
-304.11494638414877
-300.38953866556517
-296.6641764543604
-292.9389322877578
-289.21386303467347
-285.4890282469149
-281.76461925976025
-281.81133276390256
-277.89442673312305
-273.97909066944595
-270.0654620154752
-266.15368519051214
-262.2439120985003
-258.33630268065167
-254.43103441094698
-254.47589784955932
-251.0501038070198
-247.6473273582091
-244.2685677761331
-240.914907185502
-237.58744580728114
-234.2873834266208
-231.01593083968834
-227.77438173030683
-224.56408921594644
-221.3864727604274
-218.24300689496184
-215.1352459278273
-212.0648177373328
-209.03341333843073
-206.04281147541198
-203.09486009471922
-200.19149932007193
-200.2187369368444
-198.62777102248506
-197.117191347847
-195.68890063988584
-194.34473093834566
-194.35131302716468
-194.6237433155887
-194.99099762569222
-195.45253437786545
-196.0077006122933
-196.65568138803226
-197.39555146876373
-198.2262695991588
-198.20715546987086
-200.52115551546407
-202.89761393228906
-205.3343260034014
-207.8291279741419
-210.3799156128226
-212.98463190353436
-215.64128357708586
-218.34792843525753
-221.10269010702552
-223.9037375442815
-226.74930672103557
-229.63772169467583
-232.56731582765732
-235.53650284892385
-238.54375983216147
-241.58761471665002
-244.6666509948967
-247.77951138649232
-250.92485700318952
-254.10146258754887
-257.3081186832415
-260.5436347600967
-263.80692489568446
-267.0968939742466
-270.4125145516985
-273.75283022875914
-277.11686589892213
-280.5037180425553
-283.9125121910171
-287.3423873370131
-290.7925717050832
-294.2622965458171
-297.75079620551645
-301.25739255503504
-304.78137493287295
-308.3220930397656
-311.87892108209263
-315.45125830439724
-319.03852789188846
-322.6401759177818
-326.2556703345248
-329.8844699533637
-333.5260822685601
-337.18006663282046
-340.84593792263416
-344.5232598466814
-348.2116127960573
-351.9105629324594
-355.6197508683213
-359.33877154870703
-363.06729645442965
-366.80494780124104
-370.5513908369347
-374.30630407327146
-378.06934643652073
-381.84024955458847
-385.61869425486304
-389.4044331230595
-393.19716616438717
-396.9966348987086
-400.8025897975112
-404.6147579185329
-408.4329369504489
-412.2568701896884
-416.086340483519
-419.92113714317827
-423.7610564665171
-427.605901449784
-431.455451130113
-435.30955075794105
-439.16799216308584
-443.03060181816204
-446.89721302241225
-450.767662945409
-454.6417634130087
-458.51939319116934
-462.4003431551275
-462.4003431551275
-459.21008482191706
-456.07501929392873
-452.99787007892917
-456.1768329307246
-453.1394295400541
-456.27654967885724
-457.73277438295895
-460.4858098849412
-463.2671808563273
-466.07632376997026
-463.3983005087833
-466.15790981590544
-463.5279104007606
-466.2371071959838
-468.97002653269834
-466.3611752035218
-469.0482713898939
-466.4984827020136
-469.13052035348704
-466.62549899660263
-469.204550438118
-471.8142968865787
-469.3297113985502
-471.8866039178722
-474.47437104361865
-472.0110307511955
-474.5455613425715
-477.1106243593421
-474.6687540674642
-477.18083099814373
-474.7908453160427
-477.248580527217
-474.91119907299895
-477.31387625748255
-479.74907801101966
-477.4352342524726
-479.8144656238584
-482.2266936063414
-480.8492959712776
-479.0992819308623
-477.4241270550048
-475.8490784771357
-474.37596803943416
-473.0064462520137
-471.7421006156168
-470.58438718163114
-469.5346278430805
-468.5941269473264
-467.76398547303955
-467.0452172516312
-466.4386862342606
-467.03480496667316
-466.4947165632799
-467.02170252282497
-467.17258433100864
-467.20199597571116
-467.2805801834382
-467.40831882904456
-467.5851162480289
-467.44866669231004
-467.55566787460185
-467.7117678814965
-467.59524772922913
-467.68152552411624
-467.81325900299936
-467.7207528796503
-467.78202334791115
-467.7566833880604
-467.74811949548405
-467.78998935198695
-467.71154999823193
-467.6822166263987
-467.7020634705861
-467.71660912234194
-467.66655359109654
-467.74827657491323
-467.62842581980834
-467.8092138455494
-467.52767215275765
-467.29513145417843
-467.29513145417843
-468.99828313888696
-470.7996635827687
-472.6972915663508
-470.69660813574154
-472.65227586888636
-470.5889414239209
-472.6019258085908
-474.706402179511
-472.4890568010032
-472.1856872240142
-469.1652193607133
-472.09173973870435
-469.0267820397448
-471.9955891264333
-468.8871254994986
-471.8972969678653
-468.7463103629542
-471.7969248276488
-468.60445895073127
-471.6944736779686
-468.461510003012
-471.590005047402
-468.3175858998519
-471.4835194921362
-468.1726251016712
-471.37501717896504
-468.0267497127644
-471.26455997954235
-467.8800208993113
-471.1522703406376
-467.73249952218896
-471.03776965429523
-467.58381353467786
-470.9216922233707
-467.43470617876136
-463.96805654237744
-467.32352517010474
-464.2272350379601
-467.66683693727134
-464.07610011315154
-460.50448496635863
-463.96026600447004
-460.99213345096115
-464.07475972150195
-460.3020424669158
-456.53651824475753
-452.77842897344794
-456.4026162206647
-452.6245632656091
-456.26740840007034
-452.47060695639004
-448.6802817561404
-452.33453861725764
-448.5262525294969
-444.73387206424735
-448.39918405089315
-444.5797915976878
-448.2610155279177
-444.4257300770997
-440.60708566050425
-444.2982978156687
-440.45301959177203
-436.6126350999605
-440.3132754278984
-436.45956886571344
-440.1733072122414
-436.30565145831446
-432.4419773949735
-436.1640020012859
-432.2881899925842
-428.4160013359263
-432.14576821632323
-428.2623383666429
-431.0935360347253
-427.1687629343647
-423.2447051340722
-419.32147572312454
-415.39915997650473
-411.477846146475
-407.5576559384895
-403.6386531159626
-399.72096555563763
-395.8046941624688
-391.8899433926985
-395.6577217153536
-391.7378029235612
-387.8191299945017
-383.9018028949742
-387.6717895437501
-383.74989616625885
-379.82907938697304
-375.9094038767294
-379.68123820560305
-375.7576396389725
-371.83491898556156
-367.9131972177962
-371.64009083118225
-367.71439850709424
-363.7893108337737
-359.86494080000404
-355.9413739145628
-352.01869908229145
-348.0970086864564
-344.1763986707532
-340.25699954669136
-336.3388847920891
-332.4221933403471
-328.5070382049297
-324.5935372459683
-320.68184401485223
-316.77205652808834
-312.86433964167605
-308.9588338571102
-305.0556862264113
-301.1550507654051
-297.2570889022417
-293.36200044498247
-289.4699325660333
-285.5811024211327
-281.6957061952347
-277.81395021230713
-273.9360822243889
-277.6710249066897
-273.78251227822244
-269.8975023905709
-273.63888900992436
-269.7440816330146
-273.4942882919287
-269.590947516281
-265.6902005984394
-261.79225642767244
-265.5452719418516
-261.63924471023165
-257.7383332234375
-261.4964038193781
-257.58554859622757
-261.34994960146673
-257.43315992509116
-261.20268242366024
-257.2811986304274
-253.36090569226243
-249.44189086628836
-253.21326676492419
-249.29014955157012
-245.36802290127108
-249.1419510654237
-245.216634884901
-241.29203579569898
-245.0678953939633
-241.14106582158746
-237.2146651800766
-240.9918044651999
-237.06411844203723
-233.1366214586849
-229.20941638212489
-232.9870050578932
-229.05918397182623
-232.83674153254654
-228.9096173161518
-224.9822386148908
-221.05465487625716
-224.83164649284265
-220.9055002025245
-216.97893909051942
-220.75444432148464
-216.83036682923967
-212.9057231606799
-208.98057579696217
-205.0549275829358
-208.8292839141215
-204.90667191590524
-200.98345891594136
-197.0596405269299
-200.83183812500593
-196.91189785555292
-200.25319088242833
-196.35543643553905
-192.4568976694397
-188.5575729919811
-184.65749152087312
-180.75666716715307
-176.85511414969943
-172.95286201429684
-169.04992532412194
-165.146318896781
-161.2420730842483
-157.33720330356266
-153.43172534635798
-149.52567071866144
-145.61904082068457
-141.71188344902592
-137.8042012900483
-133.8960282170293
-129.987383767701
-126.07830362931941
-122.16880946882608
-118.25892430734771
-114.34868814310173
-110.43812717164202
-106.52727020288852
-102.6161636089986
-98.7048423947586
-94.7933442848048
-90.8817280403875
-86.97004207831901
-83.05834228336715
-79.14670804050674
-75.23521562860543
-71.32396959326927
-67.41307039827565
-63.50265755955963
-59.592902233466496
-55.684018307351614
-51.77627850049109
-47.87003166599616
-43.96575204946135
-40.06408467533955
-36.16596264695543
-32.27274226816351
-28.38651405162411
-24.51069713921016
-20.651231701819615
-16.819459853369636
-13.039924544563565
-9.376104983915765
-6.042414562771429
-3.9797944182064806
-5.088780071008695
-5.088780071008695
-2.428228083433818
