60.0 450.0 0.38539817929267883
60.0 450.0 -0.014601826667785645
60.0 450.0 -0.4146018326282501
60.0 450.0 -0.8146018385887146
60.0 450.0 -1.2146018743515015
60.0 450.0 -1.6146018505096436
59.824832916259766 446.00384521484375 -1.6146018505096436
59.64966583251953 442.0076904296875 -1.6146018505096436
59.4744987487793 438.01153564453125 -1.6146018505096436
59.29933166503906 434.015380859375 -1.6146018505096436
59.12416458129883 430.01922607421875 -1.6146018505096436
58.948997497558594 426.0230712890625 -1.6146018505096436
58.77383041381836 422.02691650390625 -1.6146018505096436
58.598663330078125 418.03076171875 -1.6146018505096436
58.42349624633789 414.03460693359375 -1.6146018505096436
58.248329162597656 410.0384521484375 -1.6146018505096436
58.07316207885742 406.04229736328125 -1.6146018505096436
57.89799499511719 402.046142578125 -1.6146018505096436
57.72282791137695 398.04998779296875 -1.6146018505096436
57.54766082763672 394.0538330078125 -1.6146018505096436
57.39112091064453 390.1346740722656 -1.6068322658538818
57.265037536621094 386.21441650390625 -1.5990626811981201
57.16941452026367 382.29327392578125 -1.5912930965423584
57.1042594909668 378.37152099609375 -1.5835235118865967
57.069576263427734 374.4493713378906 -1.575753927230835
57.06536865234375 370.5270690917969 -1.5679843425750732
57.091636657714844 366.6048583984375 -1.5602147579193115
57.14837646484375 362.6829833984375 -1.5524451732635498
57.23450469970703 358.75543212890625 -1.5452966690063477
57.23450469970703 358.75543212890625 -1.9452966451644897
55.77128219604492 355.0326843261719 -1.9452948570251465
54.308067321777344 351.3099365234375 -1.9452931880950928
52.8448600769043 347.5871887207031 -1.945291519165039
51.38166046142578 343.86444091796875 -1.9452898502349854
49.91845703125 340.14166259765625 -1.9452898502349854
48.45526123046875 336.4189147949219 -1.9452881813049316
46.992069244384766 332.6961364746094 -1.9452869892120361
45.528873443603516 328.9733581542969 -1.9452869892120361
44.065677642822266 325.2505798339844 -1.9452869892120361
42.602481842041016 321.5278015136719 -1.9452869892120361
41.139286041259766 317.8050231933594 -1.9452869892120361
39.67609786987305 314.0822448730469 -1.9452862739562988
38.21290588378906 310.3594665527344 -1.9452862739562988
36.74971389770508 306.6366882324219 -1.9452862739562988
35.286521911621094 302.9139099121094 -1.9452862739562988
33.82332992553711 299.1911315917969 -1.9452862739562988
32.360137939453125 295.4683532714844 -1.9452862739562988
30.896955490112305 291.74560546875 -1.9452846050262451
29.433780670166016 288.0228271484375 -1.9452829360961914
27.97060203552246 284.300048828125 -1.9452829360961914
26.507423400878906 280.5772705078125 -1.9452829360961914
25.04424476623535 276.8544921875 -1.9452829360961914
23.58107566833496 273.1317138671875 -1.9452812671661377
22.11791229248047 269.408935546875 -1.945279598236084
20.65474510192871 265.6861572265625 -1.945279598236084
19.191577911376953 261.96337890625 -1.945279598236084
19.191577911376953 261.96337890625 -1.945279598236084
19.191577911376953 261.96337890625 -1.945279598236084
19.191577911376953 261.96337890625 -1.945279598236084
19.191577911376953 261.96337890625 -1.945279598236084
19.191577911376953 261.96337890625 -1.945279598236084
19.191577911376953 261.96337890625 -1.945279598236084
19.191577911376953 261.96337890625 -1.945279598236084
19.191577911376953 261.96337890625 -1.945279598236084
19.191577911376953 261.96337890625 -1.945279598236084
19.191577911376953 261.96337890625 -1.945279598236084
