61.66562271118164 451.3855895996094 0.6023622751235962
63.55562210083008 452.44488525390625 0.41932639479637146
65.60685729980469 453.1424560546875 0.23629051446914673
67.75080108642578 453.45501708984375 0.053254634141922
69.91582489013672 453.37213134765625 -0.12978124618530273
72.02959442138672 452.8965759277344 -0.31281712651252747
74.02149200439453 452.0442199707031 -0.4958530068397522
75.8249740600586 450.8435363769531 -0.6788889169692993
77.37979125976562 449.33465576171875 -0.8619247674942017
78.63399505615234 447.5679626464844 -1.044960618019104
79.54568481445312 445.6025085449219 -1.2279964685440063
80.08440399169922 443.5039367675781 -1.4110323190689087
80.2321548461914 441.3423767089844 -1.594068169593811
79.98399353027344 439.1900329589844 -1.7771040201187134
79.34822082519531 437.1188049316406 -1.9601398706436157
78.3460693359375 435.1979064941406 -2.1431758403778076
77.01102447509766 433.4914855957031 -2.32621169090271
75.38768768310547 432.05657958984375 -2.5092475414276123
75.36705017089844 432.0339660644531 -2.11232852935791
74.08527374267578 430.2872009277344 -2.2953643798828125
72.50696563720703 428.80291748046875 -2.478400230407715
72.4870376586914 428.7796936035156 -2.0814812183380127
71.2597427368164 426.99420166015625 -2.264517068862915
69.72796630859375 425.4619445800781 -2.4475529193878174
69.7087631225586 425.4381103515625 -2.0506339073181152
68.53712463378906 423.6156311035156 -2.2336697578430176
67.05333709716797 422.036865234375 -2.41670560836792
67.03487396240234 422.012451171875 -2.0197865962982178
65.91999816894531 420.1546936035156 -2.20282244682312
64.48561096191406 418.5309143066406 -2.3858582973480225
64.46791076660156 418.5059509277344 -1.9889394044876099
63.410865783691406 416.61468505859375 -2.1719753742218018
62.02723693847656 414.9474182128906 -2.355011224746704
62.010318756103516 414.9219055175781 -1.9580923318862915
61.01210403442383 412.99896240234375 -2.1411283016204834
59.68055725097656 411.2898254394531 -2.3241641521453857
59.664432525634766 411.2638244628906 -1.9272452592849731
58.72600173950195 409.3110046386719 -2.110281229019165
57.44780349731445 407.5616149902344 -2.2933170795440674
58.56122589111328 408.5434875488281 -2.5444748401641846
58.56122589111328 408.5434875488281 -2.944474935531616
58.56122589111328 408.5434875488281 2.9387102127075195
56.48783493041992 409.1721496582031 2.755674362182617
54.563507080078125 410.167724609375 2.572638511657715
52.85253143310547 411.4969177246094 2.3896026611328125
51.412071228027344 413.1153259277344 2.20656681060791
50.29024887084961 414.9689025878906 2.023530960083008
49.52454376220703 416.9956970214844 1.8404951095581055
49.14053726196289 419.12799072265625 1.6574592590332031
49.15105438232422 421.2945861816406 1.4744234085083008
49.555747985839844 423.4230651855469 1.2913875579833984
50.34109878540039 425.44232177734375 1.108351707458496
51.480865478515625 427.284912109375 0.9253158569335938
52.936973571777344 428.8892517089844 0.7422800064086914
54.66077423095703 430.2017517089844 0.5592441558837891
56.59467697143555 431.1785888671875 0.37620827555656433
58.674076080322266 431.787109375 0.1931723952293396
60.829498291015625 432.0069885253906 0.010136514902114868
62.98893356323242 431.83087158203125 -0.17289936542510986
65.08023834228516 431.2646484375 -0.3559352457523346
67.0335464477539 430.32720947265625 -0.5389711260795593
68.78359985351562 429.0498962402344 -0.7220070362091064
70.27193450927734 427.47540283203125 -0.9050428867340088
71.44882202148438 425.65631103515625 -1.0880787372589111
72.27494049072266 423.65338134765625 -1.2711145877838135
72.72270202636719 421.5335388183594 -1.4541504383087158
72.77713775634766 419.36761474609375 -1.6371862888336182
72.43643188476562 417.22796630859375 -1.8202221393585205
71.71196746826172 415.1860656738281 -2.003257989883423
70.6279525756836 413.3101501464844 -2.186293840408325
69.22059631347656 411.6628723144531 -2.3693296909332275
69.20331573486328 411.6376037597656 -1.972410798072815
68.17767333984375 409.7291259765625 -2.155446767807007
66.82179260253906 408.0392150878906 -2.338482618331909
66.8052978515625 408.013427734375 -1.9415637254714966
65.83900451660156 406.0742492675781 -2.1245996952056885
64.535888671875 404.34332275390625 -2.307635545730591
64.52019500732422 404.3170471191406 -1.9107166528701782
63.61417007446289 402.3489685058594 -2.09375262260437
62.36505889892578 400.57867431640625 -2.2767884731292725
62.350162506103516 400.5518798828125 -1.8798742294311523
61.50525665283203 398.5567932128906 -2.0629100799560547
60.31133270263672 396.74884033203125 -2.245945930480957
58.80827331542969 395.1883850097656 -2.4289817810058594
58.80827331542969 395.1883850097656 -2.828981637954712
58.80827331542969 395.1883850097656 3.054203510284424
56.67625045776367 395.5739440917969 2.8711676597595215
54.65001678466797 396.34112548828125 2.688131809234619
52.79726791381836 397.46429443359375 2.505095958709717
51.179901123046875 398.90594482421875 2.3220601081848145
49.851951599121094 400.6178894042969 2.139024257659912
48.857784271240234 402.5429382324219 1.9559884071350098
48.230613708496094 404.6167907714844 1.7729525566101074
47.99139404296875 406.7701416015625 1.589916706085205
48.14811325073242 408.9310607910156 1.4068808555603027
48.69553756713867 411.0273742675781 1.2238450050354004
49.615379333496094 412.989013671875 1.040809154510498
50.87690734863281 414.7504577636719 0.8577733039855957
52.43797302246094 416.25286865234375 0.6747374534606934
54.24642562866211 417.446044921875 0.49170157313346863
56.24184799194336 418.2901306152344 0.3086656928062439
58.357574462890625 418.7569274902344 0.12562981247901917
60.522918701171875 418.830810546875 -0.057406067848205566
62.66554260253906 418.50933837890625 -0.2404419481754303
64.7138671875 417.8032531738281 -0.42347782850265503
66.59945678710938 416.73614501953125 -0.6065137386322021
68.25931549072266 415.3436584472656 -0.7895495891571045
69.63798522949219 413.67230224609375 -0.9725854396820068
70.68941497802734 411.7779235839844 -1.1556212902069092
70.70703887939453 411.7528991699219 -0.7587023973464966
72.13660430908203 410.1248474121094 -0.9417382478713989
73.24595642089844 408.2637939453125 -1.1247740983963013
73.26434326171875 408.23931884765625 -0.7278552055358887
74.74343872070312 406.6561279296875 -0.910891056060791
75.90966796875 404.8301696777344 -1.0939269065856934
75.92880249023438 404.8062744140625 -0.6970080137252808
77.45602416992188 403.26947021484375 -0.8800438642501831
78.67800903320312 401.4803466796875 -1.0630797147750854
79.55394744873047 399.4986877441406 -1.2461142539978027
79.5692367553711 399.47216796875 -0.8491953611373901
80.8458251953125 397.7215881347656 -1.0322312116622925
81.78246307373047 395.7679138183594 -1.2152670621871948
81.7985610961914 395.74188232421875 -0.8183481693267822
83.12853240966797 394.0315246582031 -1.0013840198516846
84.1249771118164 392.107666015625 -1.184419870376587
84.14187622070312 392.0821533203125 -0.7875009775161743
85.52397155761719 390.41363525390625 -0.9705368280410767
86.57927703857422 388.52142333984375 -1.153572678565979
86.59695434570312 388.4964294433594 -0.7566537857055664
88.02985382080078 386.8713073730469 -0.9396896362304688
89.14302062988281 385.0125427246094 -1.122725486755371
89.16146087646484 384.9881286621094 -0.7258065938949585
92.15258026123047 382.3335876464844 -0.7258901000022888
95.14347839355469 379.6788024902344 -0.7259736061096191
98.1341552734375 377.0237731933594 -0.7260571122169495
101.1246109008789 374.3684997558594 -0.7261406183242798
104.1148452758789 371.7129821777344 -0.7262241244316101
107.1048583984375 369.0572204589844 -0.7263076305389404
110.09465026855469 366.40118408203125 -0.7263911366462708
111.57606506347656 364.8201599121094 -0.9094270467758179
114.03221130371094 361.66412353515625 -0.9095105528831482
115.20095825195312 359.83978271484375 -1.0925464630126953
117.04132843017578 356.28924560546875 -1.0926299095153809
117.85832977294922 354.2825927734375 -1.2756657600402832
119.0213851928711 350.456298828125 -1.2757492065429688
119.45931243896484 348.33441162109375 -1.458785057067871
119.90616607666016 344.36029052734375 -1.4588685035705566
119.95038604736328 342.1941223144531 -1.641904354095459
119.66608428955078 338.205078125 -1.6419878005981445
119.38145446777344 334.216064453125 -1.64207124710083
119.03030395507812 332.0780944824219 -1.8251070976257324
118.02398681640625 328.2067565917969 -1.8251070976257324
117.01766967773438 324.3354187011719 -1.8251070976257324
116.0113525390625 320.4640808105469 -1.8251070976257324
116.00946044921875 320.4303283691406 -1.4285106658935547
116.1194076538086 318.2665100097656 -1.611546516418457
115.83367156982422 316.11883544921875 -1.7945823669433594
115.16178894042969 314.05902099609375 -1.977615475654602
113.57902526855469 310.385498046875 -1.977615475654602
111.99626159667969 306.71197509765625 -1.977615475654602
110.41349792480469 303.0384521484375 -1.977615475654602
108.83073425292969 299.36492919921875 -1.977615475654602
108.82440185546875 299.3349914550781 -1.5806965827941895
108.60504150390625 297.17950439453125 -1.7637324333190918
107.99701690673828 295.0999755859375 -1.9467682838439941
107.02064514160156 293.16583251953125 -2.1298041343688965
104.89926147460938 289.77471923828125 -2.1298041343688965
102.77787780761719 286.38360595703125 -2.1298041343688965
100.656494140625 282.99249267578125 -2.1298041343688965
100.64559173583984 282.9635925292969 -1.732914686203003
100.10193634033203 280.8663024902344 -1.9159505367279053
99.18562316894531 278.90301513671875 -2.0989863872528076
99.17571258544922 278.8740539550781 -1.702067494392395
98.6969985961914 276.760986328125 -1.8851033449172974
97.8416748046875 274.7703552246094 -2.0681393146514893
96.63211822509766 272.956787109375 -2.2498459815979004
94.11990356445312 269.8441162109375 -2.2498459815979004
91.6076889038086 266.7314453125 -2.2498459815979004
89.09547424316406 263.6187744140625 -2.2498459815979004
87.04102325439453 260.91082763671875 -2.189805746078491
87.02852630615234 260.88287353515625 -1.7928868532180786
86.36014556884766 258.8219299316406 -1.975922703742981
85.32780456542969 256.9170837402344 -2.158958673477173
85.31617736816406 256.8887634277344 -1.7620397806167603
84.71167755126953 254.80819702148438 -1.9450756311416626
83.73857879638672 252.87240600585938 -2.1281116008758545
82.42935180664062 251.14601135253906 -2.311140537261963
79.73118591308594 248.1930694580078 -2.311140537261963
77.03302001953125 245.24012756347656 -2.311140537261963
74.33485412597656 242.2871856689453 -2.311140537261963
71.63712310791016 239.3349609375 -2.3112239837646484
68.93914794921875 236.38296508789062 -2.311307430267334
67.33727264404297 234.9239044189453 -2.494328022003174
67.63472747802734 235.07275390625 -2.8608791828155518
67.63472747802734 235.07275390625 3.022305965423584
67.63472747802734 235.07275390625 2.6223058700561523
67.5982894897461 235.0848846435547 3.0184402465820312
67.5982894897461 235.0848846435547 2.6184401512145996
67.56047058105469 235.09764099121094 3.014422655105591
67.56047058105469 235.09764099121094 2.614422559738159
67.5208740234375 235.11117553710938 3.0102102756500244
67.5208740234375 235.11117553710938 2.6102101802825928
67.47892761230469 235.12571716308594 3.0057408809661865
67.47892761230469 235.12571716308594 2.605740785598755
66.45824432373047 235.93521118164062 2.336423397064209
65.10584259033203 237.62789916992188 2.1533875465393066
64.0841293334961 239.53846740722656 1.9703516960144043
63.42723846435547 241.60308837890625 1.787315845489502
63.15711212158203 243.75279235839844 1.6042799949645996
63.282779693603516 245.91575622558594 1.4212441444396973
63.80004119873047 248.01971435546875 1.238208293914795
64.69161224365234 249.99436950683594 1.0551724433898926
65.9277114868164 251.7737579345703 0.8721365928649902
67.467041015625 253.29844665527344 0.6891007423400879
69.25817108154297 254.51747131347656 0.5060648918151855
71.24126434326172 255.39012145996094 0.3230290114879608
73.35006713867188 255.8872528076172 0.13999313116073608
75.51412963867188 255.9922332763672 -0.04304274916648865
77.66114807128906 255.70156860351562 -0.22607862949371338
79.71939849853516 255.0249786376953 -0.4091145098209381
81.6201171875 253.98504638671875 -0.5921503901481628
83.2998046875 252.6165313720703 -0.77518630027771
84.70233917236328 250.96514892578125 -0.9582221508026123
85.78086853027344 249.0860595703125 -1.1412580013275146
86.49935913085938 247.04205322265625 -1.324293851852417
86.83380889892578 244.9014129638672 -1.5073297023773193
86.77304077148438 242.73565673828125 -1.6903655529022217
86.31908416748047 240.6171417236328 -1.873401403427124
85.48711395263672 238.61663818359375 -2.0564372539520264
84.30491638183594 236.8009796142578 -2.2394731044769287
82.8119888305664 235.2308349609375 -2.422508955001831
81.05821228027344 233.95864868164062 -2.6055448055267334
81.0354995727539 233.93814086914062 -2.2086257934570312
79.59171295166016 232.32269287109375 -2.3916616439819336
77.87800598144531 230.9970245361328 -2.574697494506836
77.8559341430664 230.97581481933594 -2.177778482437134
76.46265411376953 229.3166046142578 -2.360814332962036
74.7906494140625 227.938720703125 -2.5438501834869385
74.72016143798828 227.86720275878906 -2.153956413269043
73.3667984008789 226.17527770996094 -2.3369922637939453
71.72808837890625 224.75794982910156 -2.5200281143188477
69.8587417602539 223.6625518798828 -2.7030599117279053
69.83413696289062 223.64434814453125 -2.306140899658203
68.23992919921875 222.17715454101562 -2.4891767501831055
66.4052963256836 221.02464294433594 -2.672212600708008
66.38126373291016 221.0056915283203 -2.2752935886383057
64.83306121826172 219.49002075195312 -2.458329439163208
63.034847259521484 218.28146362304688 -2.6413652896881104
63.01141357421875 218.26177978515625 -2.244446277618408
61.51069641113281 216.69908142089844 -2.4274821281433105
59.7506103515625 215.43563842773438 -2.610517978668213
59.7277946472168 215.4152374267578 -2.2135989665985107
58.2759895324707 213.80699157714844 -2.396634817123413
56.55570983886719 212.4898681640625 -2.5796706676483154
56.53353500366211 212.46878051757812 -2.1827516555786133
55.132022857666016 210.8165283203125 -2.3657875061035156
53.45318603515625 209.4469757080078 -2.548823356628418
53.431671142578125 209.42520141601562 -2.151904344558716
52.081783294677734 207.7305145263672 -2.334940195083618
50.44598388671875 206.30982971191406 -2.5179760456085205
50.42515182495117 206.28741455078125 -2.1210570335388184
49.128173828125 204.55189514160156 -2.3040928840637207
47.53697204589844 203.08143615722656 -2.487128734588623
47.51683807373047 203.05838012695312 -2.0902099609375
46.27400588989258 201.28367614746094 -2.2732458114624023
44.728912353515625 199.76483154296875 -2.4562816619873047
44.709022521972656 199.74058532714844 -2.059438705444336
43.52138137817383 197.92849731445312 -2.2424745559692383
42.023746490478516 196.3628387451172 -2.4255104064941406
39.80681228637695 194.65625 -2.5455679893493652
39.785369873046875 194.63441467285156 -2.148648977279663
38.44100570678711 192.93533325195312 -2.3316848278045654
36.80984115600586 191.5093231201172 -2.5147206783294678
36.78908157348633 191.48683166503906 -2.1178016662597656
35.49776077270508 189.74710083007812 -2.300837516784668
33.911354064941406 188.27146911621094 -2.4838733673095703
33.89129638671875 188.24835205078125 -2.086954355239868
32.65424728393555 186.46961975097656 -2.2699902057647705
31.06707763671875 184.8875274658203 -2.4455997943878174
31.04792022705078 184.86366271972656 -2.0486807823181152
29.879840850830078 183.0388946533203 -2.2317166328430176
28.398130416870117 181.45587158203125 -2.414586305618286
28.37972068786621 181.43141174316406 -2.017667531967163
27.26878547668457 179.57130432128906 -2.2007033824920654
27.255983352661133 179.54348754882812 -1.8037853240966797
27.24651527404785 179.3277130126953 -1.4255149364471436
27.24651527404785 179.3277130126953 -1.8255149126052856
27.240962982177734 179.23439025878906 -1.434924602508545
27.240962982177734 179.23439025878906 -1.834924578666687
26.486051559448242 177.20135498046875 -2.0177552700042725
25.37495231628418 175.34133911132812 -2.200791120529175
23.943862915039062 173.71463012695312 -2.383826971054077
22.882213592529297 172.95132446289062 -2.6526594161987305
22.882213592529297 172.95132446289062 -3.052659511566162
22.8509521484375 172.9420928955078 -2.6559410095214844
22.8509521484375 172.9420928955078 -3.055941104888916
22.81939125061035 172.93287658691406 -2.6592509746551514
22.81939125061035 172.93287658691406 -3.059251070022583
22.787485122680664 172.92367553710938 -2.6625938415527344
22.787485122680664 172.92367553710938 -3.062593936920166
22.75518035888672 172.9144744873047 -2.665975332260132
22.75518035888672 172.9144744873047 -3.0659754276275635
22.722408294677734 172.9052734375 -2.6694021224975586
22.722408294677734 172.9052734375 -3.0694022178649902
22.6890869140625 172.8960418701172 -2.6728830337524414
22.6890869140625 172.8960418701172 -3.072883129119873
22.655113220214844 172.88674926757812 -2.67642879486084
22.655113220214844 172.88674926757812 -3.0764288902282715
22.620357513427734 172.87738037109375 -2.6800527572631836
22.620357513427734 172.87738037109375 -3.0800528526306152
22.59078025817871 172.8695068359375 -2.683133840560913
22.59078025817871 172.8695068359375 -3.0831339359283447
22.56117820739746 172.86172485351562 -2.6862149238586426
22.56117820739746 172.86172485351562 -3.086215019226074
22.531553268432617 172.85403442382812 -2.689296007156372
22.531553268432617 172.85403442382812 -3.0892961025238037
22.50190544128418 172.846435546875 -2.6923770904541016
22.50190544128418 172.846435546875 -3.092377185821533
22.472232818603516 172.83892822265625 -2.695458173751831
22.472232818603516 172.83892822265625 -3.0954582691192627
22.442537307739258 172.83151245117188 -2.6985392570495605
22.442537307739258 172.83151245117188 -3.098539352416992
22.41282081604004 172.82418823242188 -2.70162034034729
22.41282081604004 172.82418823242188 -3.1016204357147217
22.383081436157227 172.81695556640625 -2.7047014236450195
22.383081436157227 172.81695556640625 -3.104701519012451
22.35331916809082 172.809814453125 -2.707782506942749
22.35331916809082 172.809814453125 -3.1077826023101807
22.323535919189453 172.80276489257812 -2.7108635902404785
22.323535919189453 172.80276489257812 -3.11086368560791
22.293729782104492 172.79580688476562 -2.713944673538208
22.293729782104492 172.79580688476562 -3.1139447689056396
22.26390266418457 172.7889404296875 -2.7170257568359375
22.26390266418457 172.7889404296875 -3.117025852203369
20.102149963378906 172.9338836669922 2.983123540878296
18.002891540527344 173.46987915039062 2.8000876903533936
18.002891540527344 173.46987915039062 2.617051839828491
18.002891540527344 173.46987915039062 2.434015989303589
18.002891540527344 173.46987915039062 2.2509801387786865
16.79987907409668 175.2718048095703 2.067944288253784
16.79987907409668 175.2718048095703 1.8849084377288818
16.79987907409668 175.2718048095703 1.7018725872039795
16.71419334411621 177.4367218017578 1.5188367366790771
17.02398681640625 179.58106994628906 1.3358008861541748
17.718910217285156 181.63320922851562 1.1527650356292725
18.775745391845703 183.5245819091797 0.9697291851043701
20.1591854095459 185.19200134277344 0.7866933345794678
21.82301139831543 186.5797576904297 0.6036574840545654
23.711637496948242 187.64149475097656 0.4206216037273407
25.761966705322266 188.34173583984375 0.23758572340011597
27.905500411987305 188.65708923339844 0.054549843072891235
30.07062530517578 188.57701110839844 -0.1284860372543335
32.18500900268555 188.10418701171875 -0.3115219175815582
32.21541976928711 188.10073852539062 0.0853969156742096
34.38198471069336 188.0874786376953 -0.09763896465301514
36.509944915771484 187.68008422851562 -0.28067484498023987
36.54046630859375 187.6775665283203 0.11624231934547424
38.7064094543457 187.7311248779297 -0.06679356098175049
40.84592056274414 187.38955688476562 -0.24982944130897522
40.878238677978516 187.3878936767578 0.1469126045703888
43.04152297973633 187.5078582763672 -0.03612327575683594
45.19050216674805 187.2320556640625 -0.21915915608406067
45.221099853515625 187.23141479492188 0.17775976657867432
47.37965393066406 187.41802978515625 -0.005276113748550415
49.53611755371094 187.20864868164062 -0.18831199407577515
49.56672286987305 187.20895385742188 0.2086068093776703
51.7184944152832 187.46206665039062 0.025570929050445557
53.88039016723633 187.3192901611328 -0.15746495127677917
53.91890335083008 187.32086181640625 0.23865479230880737
56.06209945678711 187.6385040283203 0.05561891198158264
58.22731018066406 187.5607452392578 -0.1274169683456421
60.40306091308594 187.0835723876953 -0.3043789267539978
60.433494567871094 187.08033752441406 0.09253990650177002
62.600101470947266 187.08255004882812 -0.09049597382545471
64.73120880126953 186.6903533935547 -0.273502916097641
64.76172637939453 186.6880645751953 0.123416006565094
66.92723083496094 186.7571563720703 -0.05961987376213074
70.51238250732422 186.47055053710938 -0.09992633759975433
70.54283905029297 186.4735565185547 0.29699259996414185
72.66387176513672 186.91561889648438 0.11395671963691711
72.74775695800781 186.94244384765625 0.5050926208496094
74.73169708251953 187.81317138671875 0.32205674052238464
76.84098052978516 188.30824279785156 0.1390208601951599
76.92034149169922 188.33584594726562 0.5305639505386353
78.88146209716797 189.25682067871094 0.3475280702114105
80.97745513916016 189.80545043945312 0.1644921898841858
81.00606536865234 189.81631469726562 0.5614111423492432
82.93785095214844 190.79733276367188 0.37837526202201843
85.01592254638672 191.4103546142578 0.1953393816947937
85.04418182373047 191.42210388183594 0.5922583341598511
86.94478607177734 192.4622344970703 0.40922245383262634
89.00296783447266 193.13905334472656 0.2261865735054016
89.03085327148438 193.1516571044922 0.623105525970459
90.89847564697266 194.24990844726562 0.44006964564323425
92.93479919433594 194.98988342285156 0.2570337653160095
92.96228790283203 195.0033416748047 0.6539527177810669
94.79515075683594 196.15867614746094 0.47091683745384216
94.81915283203125 196.17767333984375 0.8678357601165771
96.36502075195312 197.6957244873047 0.6847999095916748
98.161376953125 198.90704345703125 0.5017640590667725
98.18478393554688 198.9267578125 0.8986829519271851
99.68309783935547 200.49176025390625 0.7156471014022827
101.44123840332031 201.75790405273438 0.5326114296913147
101.46401977539062 201.77833557128906 0.9295303821563721
102.9133529663086 203.38880920410156 0.7464945316314697
102.93128204345703 203.4136199951172 1.1434134244918823
104.0057601928711 205.29502868652344 0.96037757396698
105.40473175048828 206.94943237304688 0.7773417234420776
105.42188262939453 206.9747772216797 1.1742606163024902
106.43782043457031 208.888427734375 0.9912247657775879
107.78510284423828 210.58518981933594 0.8081889152526855
107.80146789550781 210.61105346679688 1.2051078081130981
108.75790405273438 212.5551300048828 1.0220719575881958
110.05221557617188 214.2926483154297 0.8390361070632935
110.0677719116211 214.31900024414062 1.235954999923706
110.96379089355469 216.29164123535156 1.0529191493988037
112.20389556884766 218.06825256347656 0.8698832988739014
112.21863555908203 218.09507751464844 1.266802191734314
113.05339050292969 220.09442138671875 1.0837663412094116
114.23811340332031 221.90843200683594 0.9007304906845093
114.25202178955078 221.93569946289062 1.2976493835449219
115.02471160888672 223.9598388671875 1.1146135330200195
116.15291595458984 225.8095245361328 0.9315776824951172
116.16596984863281 225.8372039794922 1.3284965753555298
116.87586212158203 227.88421630859375 1.1454607248306274
117.94648742675781 229.767822265625 0.9624248743057251
117.95868682861328 229.7958984375 1.3593437671661377
118.60511016845703 231.86383056640625 1.1763079166412354
119.61712646484375 233.77955627441406 0.993272066116333
119.62844848632812 233.8079833984375 1.3901909589767456
120.21078491210938 235.89486694335938 1.2071551084518433
121.16323852539062 237.8408966064453 1.024119257926941
121.1736831665039 237.86965942382812 1.4210381507873535
121.69137573242188 239.9735107421875 1.2380023002624512
122.5833511352539 241.94798278808594 1.0549664497375488
123.81981658935547 243.7271270751953 0.8719305992126465
123.81981658935547 243.7271270751953 0.471930593252182
123.81981658935547 243.7271270751953 0.07193058729171753
123.84931182861328 243.7353057861328 0.4688495099544525
123.84931182861328 243.7353057861328 0.06884950399398804
123.87882995605469 243.74339294433594 0.465768426656723
123.87882995605469 243.74339294433594 0.06576842069625854
123.90837097167969 243.7513885498047 0.46268734335899353
123.90837097167969 243.7513885498047 0.06268733739852905
123.93794250488281 243.75929260253906 0.45960626006126404
123.93794250488281 243.75929260253906 0.05960625410079956
123.96753692626953 243.76710510253906 0.45652517676353455
123.96753692626953 243.76710510253906 0.05652517080307007
123.99715423583984 243.7748260498047 0.45344409346580505
123.99715423583984 243.7748260498047 0.053444087505340576
124.02679443359375 243.78245544433594 0.45036301016807556
124.02679443359375 243.78245544433594 0.050363004207611084
124.05645751953125 243.7899932861328 0.44728192687034607
124.05645751953125 243.7899932861328 0.04728192090988159
124.08614349365234 243.7974395751953 0.4442008435726166
124.08614349365234 243.7974395751953 0.0442008376121521
124.11585235595703 243.80479431152344 0.4411197602748871
124.11585235595703 243.80479431152344 0.04111975431442261
124.14558410644531 243.8120574951172 0.4380386769771576
124.14558410644531 243.8120574951172 0.038038671016693115
124.17533874511719 243.81922912597656 0.4349575936794281
124.17533874511719 243.81922912597656 0.03495758771896362
124.20511627197266 243.82630920410156 0.4318765103816986
124.20511627197266 243.82630920410156 0.03187650442123413
124.23491668701172 243.8332977294922 0.4287954270839691
124.23491668701172 243.8332977294922 0.02879542112350464
124.26473236083984 243.84019470214844 0.4257143437862396
124.26473236083984 243.84019470214844 0.025714337825775146
124.29457092285156 243.8470001220703 0.42263326048851013
124.29457092285156 243.8470001220703 0.022633254528045654
124.32443237304688 243.8537139892578 0.41955217719078064
124.32443237304688 243.8537139892578 0.019552171230316162
124.35431671142578 243.86033630371094 0.41647109389305115
124.35431671142578 243.86033630371094 0.01647108793258667
124.38421630859375 243.8668670654297 0.41339001059532166
124.38421630859375 243.8668670654297 0.013390004634857178
124.41413879394531 243.87330627441406 0.41030892729759216
124.41413879394531 243.87330627441406 0.010308921337127686
124.44407653808594 243.87965393066406 0.40722784399986267
124.44407653808594 243.87965393066406 0.007227838039398193
124.47403717041016 243.8859100341797 0.4041467607021332
124.47403717041016 243.8859100341797 0.004146754741668701
124.50401306152344 243.89207458496094 0.4010656774044037
124.50401306152344 243.89207458496094 0.001065671443939209
124.53401184082031 243.8981475830078 0.3979845941066742
124.53401184082031 243.8981475830078 -0.002015411853790283
124.56402587890625 243.90411376953125 0.3949035108089447
124.56402587890625 243.90411376953125 -0.005096495151519775
124.59406280517578 243.9099884033203 0.3918224275112152
124.59406280517578 243.9099884033203 -0.008177578449249268
124.62411499023438 243.915771484375 0.3887413442134857
124.62411499023438 243.915771484375 -0.01125866174697876
124.65418243408203 243.9214630126953 0.38566020131111145
124.65418243408203 243.9214630126953 -0.014339804649353027
124.68427276611328 243.92706298828125 0.3825790584087372
124.68427276611328 243.92706298828125 -0.017420947551727295
126.8380355834961 243.69149780273438 -0.20045682787895203
128.91294860839844 243.06785583496094 -0.38349270820617676
130.83969116210938 242.07696533203125 -0.5665285587310791
132.5538787841797 240.75192260742188 -0.7495644092559814
133.99826049804688 239.1370086669922 -0.9326002597808838
135.12457275390625 237.2861785888672 -1.1156361103057861
135.8951873779297 235.26124572753906 -1.2986719608306885
136.28436279296875 233.1298828125 -1.4817078113555908
136.2790985107422 230.96328735351562 -1.6647436618804932
135.8795623779297 228.83383178710938 -1.8477795124053955
135.09910583496094 226.8126678466797 -2.030815362930298
133.96380615234375 224.9673309326172 -2.2138512134552
132.5115966796875 223.3594512939453 -2.3968870639801025
130.79098510742188 222.04275512695312 -2.579922914505005
128.8594512939453 221.0612335205078 -2.7629587650299072
126.78153228759766 220.4476776123047 -2.9459946155548096
124.62664794921875 220.2225799560547 -3.129030466079712
122.46678924560547 220.39346313476562 2.971118927001953
120.37411499023438 220.95462036132812 2.788083076477051
118.41854095458984 221.88731384277344 2.6050472259521484
116.66539764404297 223.16036987304688 2.422011375427246
115.17324829101562 224.73126220703125 2.2389755249023438
113.99195098876953 226.54750061035156 2.0559396743774414
113.16097259521484 228.5484161376953 1.872903823852539
112.70807647705078 230.6671600341797 1.6898679733276367
112.64838409423828 232.83294677734375 1.5068321228027344
112.98389434814453 234.97341918945312 1.323796272277832
113.70339965820312 237.01705932617188 1.1407604217529297
114.78286743164062 238.89559936523438 0.9577245712280273
116.18622589111328 240.54629516601562 0.774688720703125
116.18622589111328 240.54629516601562 0.3746887743473053
116.18622589111328 240.54629516601562 -0.02531123161315918
118.33806610107422 240.2937469482422 -0.2083471119403839
120.40798950195312 239.65374755859375 -0.39138299226760864
122.32685089111328 238.64768981933594 -0.5744189023971558
124.03053283691406 237.30917358398438 -0.7574547529220581
125.46212768554688 235.6829071044922 -0.9404906034469604
126.57380676269531 233.8232421875 -1.1235264539718628
127.32842254638672 231.79229736328125 -1.3065623044967651
127.70077514648438 229.65792846679688 -1.4895981550216675
127.67841339111328 227.49143981933594 -1.6726340055465698
127.26209259033203 225.36520385742188 -1.8556698560714722
126.4657211303711 223.3502655029297 -2.038705825805664
125.31590270996094 221.51393127441406 -2.2217416763305664
123.8510513305664 219.9175567626953 -2.4047775268554688
122.12010192871094 218.61448669433594 -2.587813377380371
120.1808853149414 217.6482391357422 -2.7708492279052734
118.09819030761719 217.0511016845703 -2.953885078430176
115.94159698486328 216.843017578125 -3.136920928955078
113.78315734863281 217.03094482421875 2.963228464126587
111.69497680664062 217.6085968017578 2.7801926136016846
109.7461929321289 218.55691528320312 2.5972225666046143
108.00305938720703 219.84364318847656 2.414186716079712
107.97663116455078 219.8590850830078 2.8111047744750977
107.9462890625 219.8631134033203 -3.0751614570617676
105.78036499023438 219.91746520996094 3.0249879360198975
105.74986267089844 219.9149627685547 -2.8612782955169678
103.62175750732422 219.5083465576172 -3.04431414604187
101.45518493652344 219.49586486816406 3.055835247039795
101.42477416992188 219.49241638183594 -2.8304309844970703
99.31021881103516 219.02035522460938 -3.0134668350219727
97.14506530761719 218.94105529785156 3.0866825580596924
97.11477661132812 218.93667602539062 -2.799583673477173
95.01578521728516 218.3996124267578 -2.982619524002075
92.8541030883789 218.25357055664062 3.11752986907959
92.82395935058594 218.24826049804688 -2.7687363624572754
90.7425308227539 217.64671325683594 -2.9517722129821777
88.58638763427734 217.43406677246094 -3.13480806350708
88.55642700195312 217.42782592773438 -2.737889051437378
86.49454498291016 216.7623748779297 -2.9209249019622803
84.34598541259766 216.48333740234375 -3.1039607524871826
84.31623077392578 216.47618103027344 -2.7070417404174805
82.2758560180664 215.74745178222656 -2.890077590942383
80.13692474365234 215.40228271484375 -3.073113441467285
81.62139892578125 215.31759643554688 2.95915150642395
81.62139892578125 215.31759643554688 2.5591516494750977
81.59302520751953 215.3290557861328 2.9560706615448
81.59302520751953 215.3290557861328 2.5560708045959473
81.56468200683594 215.34060668945312 2.9529898166656494
81.56468200683594 215.34060668945312 2.552989959716797
81.536376953125 215.3522491455078 2.949908971786499
81.536376953125 215.3522491455078 2.5499091148376465
81.50811004638672 215.36398315429688 2.9468281269073486
81.82086944580078 215.23983764648438 2.5806667804718018
81.79225158691406 215.2506866455078 2.977585792541504
81.79225158691406 215.2506866455078 2.5775859355926514
81.76366424560547 215.26162719726562 2.9745049476623535
81.76366424560547 215.26162719726562 2.574505090713501
81.73511505126953 215.2726593017578 2.971424102783203
81.73511505126953 215.2726593017578 2.5714242458343506
81.70659637451172 215.28378295898438 2.9683432579040527
81.70659637451172 215.28378295898438 2.5683434009552
81.67811584472656 215.29498291015625 2.9652624130249023
81.67811584472656 215.29498291015625 2.56526255607605
81.64966583251953 215.3062744140625 2.962181568145752
81.64966583251953 215.3062744140625 2.5621817111968994
81.62125396728516 215.31765747070312 2.9591007232666016
81.62125396728516 215.31765747070312 2.559100866317749
81.59288024902344 215.32911682128906 2.956019878387451
81.59288024902344 215.32911682128906 2.5560200214385986
81.56453704833984 215.34066772460938 2.952939033508301
81.56453704833984 215.34066772460938 2.5529391765594482
81.5362319946289 215.35231018066406 2.9498581886291504
81.5362319946289 215.35231018066406 2.549858331680298
81.50796508789062 215.36404418945312 2.94677734375
81.82012939453125 215.2401123046875 2.580552101135254
81.79151153564453 215.25096130371094 2.977471113204956
81.79151153564453 215.25096130371094 2.5774712562561035
81.76293182373047 215.26190185546875 2.9743902683258057
81.76293182373047 215.26190185546875 2.574390411376953
81.73438262939453 215.27293395996094 2.9713094234466553
81.73438262939453 215.27293395996094 2.5713095664978027
81.70587158203125 215.2840576171875 2.968228578567505
81.70587158203125 215.2840576171875 2.5682287216186523
81.6773910522461 215.29525756835938 2.9651477336883545
81.6773910522461 215.29525756835938 2.565147876739502
81.6489486694336 215.30654907226562 2.962066888809204
81.6489486694336 215.30654907226562 2.5620670318603516
81.62053680419922 215.31793212890625 2.9589860439300537
81.62053680419922 215.31793212890625 2.558986186981201
81.5921630859375 215.32940673828125 2.9559051990509033
81.5921630859375 215.32940673828125 2.555905342102051
81.5638198852539 215.34095764160156 2.952824354171753
81.5638198852539 215.34095764160156 2.5528244972229004
81.53551483154297 215.35260009765625 2.9497435092926025
81.53551483154297 215.35260009765625 2.54974365234375
81.50724792480469 215.3643341064453 2.946662664413452
81.81629180908203 215.2415313720703 2.580104351043701
81.78768157958984 215.2523956298828 2.9770233631134033
81.78768157958984 215.2523956298828 2.577023506164551
81.75910186767578 215.2633514404297 2.973942518234253
81.75910186767578 215.2633514404297 2.5739426612854004
81.73056030273438 215.27439880371094 2.9708616733551025
81.73056030273438 215.27439880371094 2.57086181640625
81.7020492553711 215.28553771972656 2.967780828475952
81.7020492553711 215.28553771972656 2.5677809715270996
81.67357635498047 215.2967529296875 2.9646999835968018
81.67357635498047 215.2967529296875 2.564700126647949
81.64513397216797 215.3080596923828 2.9616191387176514
81.64513397216797 215.3080596923828 2.561619281768799
81.61672973632812 215.3194580078125 2.958538293838501
81.61672973632812 215.3194580078125 2.5585384368896484
81.5883560180664 215.33094787597656 2.9554574489593506
81.5883560180664 215.33094787597656 2.555457592010498
81.56002044677734 215.34251403808594 2.9523766040802
81.56002044677734 215.34251403808594 2.5523767471313477
81.53172302246094 215.3541717529297 2.94929575920105
81.53172302246094 215.3541717529297 2.5492959022521973
81.50346374511719 215.3659210205078 2.9462149143218994
81.79631805419922 215.24911499023438 2.5779225826263428
81.76773071289062 215.26004028320312 2.974841594696045
81.76773071289062 215.26004028320312 2.5748417377471924
81.73917388916016 215.27105712890625 2.9717607498168945
81.73917388916016 215.27105712890625 2.571760892868042
81.71065521240234 215.28216552734375 2.968679904937744
81.71065521240234 215.28216552734375 2.5686800479888916
81.68216705322266 215.29336547851562 2.9655990600585938
81.68216705322266 215.29336547851562 2.565599203109741
81.65371704101562 215.3046417236328 2.9625182151794434
81.65371704101562 215.3046417236328 2.562518358230591
81.62530517578125 215.31600952148438 2.959437370300293
81.62530517578125 215.31600952148438 2.5594375133514404
81.596923828125 215.3274688720703 2.9563565254211426
81.596923828125 215.3274688720703 2.55635666847229
81.5685806274414 215.33901977539062 2.953275680541992
81.5685806274414 215.33901977539062 2.5532758235931396
81.54026794433594 215.35064697265625 2.950194835662842
81.54026794433594 215.35064697265625 2.5501949787139893
81.51199340820312 215.36236572265625 2.9471139907836914
81.84181213378906 215.23191833496094 2.5827789306640625
81.81317138671875 215.24270629882812 2.9796979427337646
81.81317138671875 215.24270629882812 2.579698085784912
81.78456115722656 215.2535858154297 2.9766170978546143
81.78456115722656 215.2535858154297 2.5766172409057617
81.75598907470703 215.26455688476562 2.973536252975464
81.75598907470703 215.26455688476562 2.5735363960266113
81.72744750976562 215.27561950683594 2.9704554080963135
81.72744750976562 215.27561950683594 2.570455551147461
81.69894409179688 215.28675842285156 2.967374563217163
81.69894409179688 215.28675842285156 2.5673747062683105
81.67047119140625 215.29798889160156 2.9642937183380127
81.67047119140625 215.29798889160156 2.56429386138916
81.64203643798828 215.30931091308594 2.9612128734588623
81.64203643798828 215.30931091308594 2.5612130165100098
81.61363220214844 215.3207244873047 2.958132028579712
81.61363220214844 215.3207244873047 2.5581321716308594
81.58526611328125 215.33221435546875 2.9550511837005615
81.58526611328125 215.33221435546875 2.555051326751709
81.55693817138672 215.3437957763672 2.951970338821411
81.55693817138672 215.3437957763672 2.5519704818725586
81.52864074707031 215.35546875 2.9488894939422607
81.52864074707031 215.35546875 2.548889636993408
81.50038146972656 215.36721801757812 2.9458086490631104
81.7802734375 215.25521850585938 2.576127529144287
81.751708984375 215.26620483398438 2.9730465412139893
81.751708984375 215.26620483398438 2.5730466842651367
81.72317504882812 215.2772674560547 2.969965696334839
81.72317504882812 215.2772674560547 2.5699658393859863
81.6946792602539 215.28842163085938 2.9668848514556885
81.6946792602539 215.28842163085938 2.566884994506836
81.66621398925781 215.29966735839844 2.963804006576538
81.66621398925781 215.29966735839844 2.5638041496276855
81.63778686523438 215.31100463867188 2.9607231616973877
81.63778686523438 215.31100463867188 2.560723304748535
81.60939025878906 215.32241821289062 2.9576423168182373
81.60939025878906 215.32241821289062 2.5576424598693848
81.5810317993164 215.33392333984375 2.954561471939087
81.5810317993164 215.33392333984375 2.5545616149902344
81.5527114868164 215.34552001953125 2.9514806270599365
81.5527114868164 215.34552001953125 2.551480770111084
81.52442169189453 215.35720825195312 2.948399782180786
81.52442169189453 215.35720825195312 2.5483999252319336
81.49617004394531 215.3689727783203 2.9453189373016357
81.49617004394531 215.3689727783203 2.545319080352783
81.46795654296875 215.38082885742188 2.9422380924224854
81.46795654296875 215.38082885742188 2.542238235473633
81.43977355957031 215.3927764892578 2.939157247543335
81.43977355957031 215.3927764892578 2.5391573905944824
81.41162872314453 215.40480041503906 2.9360764026641846
81.41162872314453 215.40480041503906 2.536076545715332
81.3835220336914 215.4169158935547 2.932995557785034
81.3835220336914 215.4169158935547 2.5329957008361816
81.35545349121094 215.4291229248047 2.929914712905884
81.35545349121094 215.4291229248047 2.5299148559570312
81.32742309570312 215.44140625 2.9268338680267334
81.32742309570312 215.44140625 2.526834011077881
81.29943084716797 215.4537811279297 2.923753023147583
81.29943084716797 215.4537811279297 2.5237531661987305
81.27147674560547 215.46624755859375 2.9206721782684326
81.27147674560547 215.46624755859375 2.52067232131958
81.24356079101562 215.47879028320312 2.9175913333892822
81.24356079101562 215.47879028320312 2.5175914764404297
81.21568298339844 215.49142456054688 2.914510488510132
81.21568298339844 215.49142456054688 2.5145106315612793
81.18730926513672 215.50439453125 2.911370277404785
81.18730926513672 215.50439453125 2.5113704204559326
81.15902709960938 215.51742553710938 2.908235788345337
81.15902709960938 215.51742553710938 2.5082359313964844
81.1308364868164 215.530517578125 2.905106782913208
81.1308364868164 215.530517578125 2.5051069259643555
81.10272979736328 215.54368591308594 2.901982545852661
81.1027603149414 215.54367065429688 2.501986265182495
81.07473754882812 215.55690002441406 2.8988664150238037
81.07475280761719 215.55690002441406 2.498868227005005
81.04680633544922 215.57020568847656 2.895752429962158
81.04681396484375 215.57020568847656 2.495753288269043
81.0189437866211 215.5835723876953 2.892641067504883
80.98837280273438 215.58511352539062 -2.9936256408691406
80.95958709716797 215.57472229003906 -2.5967066287994385
79.01185607910156 214.62576293945312 -2.779742479324341
76.92393493652344 214.0471649169922 -2.962778329849243
76.8954849243164 214.035888671875 -2.565859317779541
74.97795104980469 213.0272979736328 -2.7488951683044434
72.90886688232422 212.38458251953125 -2.9319310188293457
72.88077545166016 212.3724365234375 -2.5350120067596436
70.9952621459961 211.30519104003906 -2.718047857284546
68.94699096679688 210.59896850585938 -2.9010837078094482
68.9192886352539 210.58596801757812 -2.504164695739746
67.06758880615234 209.46107482910156 -2.6872005462646484
65.04206848144531 208.6920166015625 -2.870236396789551
65.01477813720703 208.67816162109375 -2.4733173847198486
63.19865417480469 207.49668884277344 -2.656353235244751
61.197818756103516 206.66551208496094 -2.8393890857696533
61.17097091674805 206.65081787109375 -2.442470073699951
59.392147064208984 205.4138946533203 -2.6255059242248535
57.41790008544922 204.5214080810547 -2.808541774749756
57.391517639160156 204.50588989257812 -2.4116227626800537
55.65169143676758 203.21469116210938 -2.594658613204956
53.705909729003906 202.26173400878906 -2.7776944637298584
53.680015563964844 202.24542236328125 -2.3807754516601562
51.980838775634766 200.90118408203125 -2.5638113021850586
50.065372467041016 199.888671875 -2.746847152709961
50.03999710083008 199.87156677246094 -2.349928140640259
48.38309097290039 198.47555541992188 -2.532963991165161
46.4997673034668 197.40444946289062 -2.7159998416900635
46.47492980957031 197.38656616210938 -2.3190808296203613
44.86186599731445 195.94012451171875 -2.5021166801452637
43.012474060058594 194.8114471435547 -2.685152530670166
42.98820114135742 194.7928009033203 -2.288233518600464
41.42051696777344 193.2972869873047 -2.471269369125366
39.606815338134766 192.1121063232422 -2.6543049812316895
39.58209228515625 192.0918731689453 -2.2575206756591797
38.061073303222656 190.54893493652344 -2.440556526184082
38.04203796386719 190.52496337890625 -2.04363751411438
36.883174896240234 188.6943359375 -2.2266733646392822
35.410465240478516 187.10520935058594 -2.4097092151641846
33.67311096191406 185.81068420410156 -2.592745065689087
33.67311096191406 185.81068420410156 -2.9927449226379395
32.37129592895508 185.79226684570312 3.021045684814453
30.253225326538086 186.248291015625 2.838009834289551
28.2535400390625 187.08221435546875 2.6549739837646484
26.439044952392578 188.2661895751953 2.471938133239746
24.870361328125 189.76065063476562 2.2889022827148438
23.599897384643555 191.5156707763672 2.1058664321899414
22.67009735107422 193.47262573242188 1.922830581665039
22.112024307250977 195.56613159179688 1.7397947311401367
21.94432258605957 197.7262420654297 1.5567588806152344
22.172595977783203 199.8807830810547 1.373723030090332
22.789216995239258 201.95779418945312 1.1906871795654297
23.773584365844727 203.88787841796875 1.0076513290405273
25.09281349182129 205.60655212402344 0.824615478515625
26.702829360961914 207.056396484375 0.6415796279907227
28.54984474182129 208.18896484375 0.4585437476634979
30.572153091430664 208.9664306640625 0.2755078673362732
32.70219039916992 209.36282348632812 0.09247198700904846
34.868797302246094 209.36488342285156 -0.09056389331817627
36.99958801269531 208.97256469726562 -0.273599773645401
39.02337646484375 208.19895935058594 -0.45663565397262573
40.87255096435547 207.06991577148438 -0.6396715641021729
42.48533248901367 205.62315368652344 -0.8227074146270752
42.51016616821289 205.6052703857422 -0.4257884919643402
44.393280029296875 204.53379821777344 -0.6088243722915649
44.4213981628418 204.5215606689453 -0.21191126108169556
46.48902893066406 203.8741912841797 -0.3949471414089203
48.40428924560547 202.86129760742188 -0.577983021736145
48.432716369628906 202.84996032714844 -0.1810641586780548
50.51932907104492 202.26666259765625 -0.36410003900527954
52.46492004394531 201.31332397460938 -0.5471359491348267
54.20448684692383 200.0217742919922 -0.730171799659729
54.230873107910156 200.00625610351562 -0.33325350284576416
56.20494079589844 199.11337280273438 -0.5162893533706665
57.98351287841797 197.8760986328125 -0.6993252038955688
56.9759635925293 198.966552734375 -0.9504668712615967
56.9759635925293 198.966552734375 -1.3504668474197388
56.9759635925293 198.966552734375 -1.7504668235778809
56.39558029174805 196.87913513183594 -1.9335026741027832
55.444950103759766 194.93222045898438 -2.1165385246276855
54.15583038330078 193.19085693359375 -2.299574375152588
52.5712890625 191.71322631835938 -2.4826102256774902
50.7442626953125 190.54869079589844 -2.6656460762023926
48.73579025268555 189.73614501953125 -2.848681926727295
48.7086067199707 189.7216033935547 -2.4517855644226074
46.918338775634766 188.50131225585938 -2.6348214149475098
44.93586349487305 187.62725830078125 -2.817857265472412
44.90933609008789 187.61199951171875 -2.42093825340271
43.15755844116211 186.33706665039062 -2.6039741039276123
41.20298385620117 185.40228271484375 -2.7870099544525146
41.17694091796875 185.38619995117188 -2.3900909423828125
39.46531677246094 184.05784606933594 -2.573126792907715
37.540504455566406 183.06321716308594 -2.756162643432617
37.51496887207031 183.0463409423828 -2.359243631362915
35.845130920410156 181.66583251953125 -2.5422794818878174
33.951908111572266 180.61231994628906 -2.7253153324127197
33.92674255371094 180.5945587158203 -2.328416585922241
32.30024719238281 179.16323852539062 -2.5114524364471436
30.440397262573242 178.05186462402344 -2.694488286972046
28.949508666992188 177.5478515625 -2.9367034435272217
28.949508666992188 177.5478515625 2.946481704711914
26.871294021606445 178.160400390625 2.7634458541870117
24.939287185668945 179.14097595214844 2.5804100036621094
23.218034744262695 180.4568328857422 2.397374153137207
21.765039443969727 182.06399536132812 2.2143383026123047
20.62884521484375 183.90878295898438 2.0313024520874023
19.847412109375 185.9295654296875 1.8482666015625
19.44684410095215 188.05882263183594 1.6652307510375977
19.44052505493164 190.2254180908203 1.4821949005126953
19.82866668701172 192.3569793701172 1.299159049987793
20.59830093383789 194.3822784423828 1.1161231994628906
21.72371482849121 196.23365783691406 0.9330873489379883
23.16731071472168 197.84927368164062 0.7500514984130859
24.880859375 199.17514038085938 0.5670156478881836
26.807113647460938 200.16697692871094 0.38397976756095886
28.8817195892334 200.7916259765625 0.20094388723373413
31.035367965698242 201.02822875976562 0.0179080069065094
33.19610595703125 200.868896484375 -0.16512787342071533
35.291748046875 200.3189239501953 -0.34816375374794006
37.252281188964844 199.39669799804688 -0.5311996340751648
39.01220703125 198.13304138183594 -0.7142355442047119
39.058433532714844 198.1062774658203 -0.33553585410118103
41.03045654296875 197.20889282226562 -0.5185717344284058
41.05950927734375 197.1992645263672 -0.12165281176567078
43.17707443237305 196.7408905029297 -0.3046886920928955
45.175838470458984 195.90475463867188 -0.48772457242012024
46.98902130126953 194.71878051757812 -0.670760452747345
45.9507942199707 195.77996826171875 -0.9219098091125488
45.9507942199707 195.77996826171875 -1.321909785270691
45.9507942199707 195.77996826171875 -1.721909761428833
45.43025207519531 193.67681884765625 -1.9049456119537354
44.53559875488281 191.70355224609375 -2.0879814624786377
43.29672622680664 189.92608642578125 -2.27101731300354
41.75502014160156 188.40380859375 -2.4540531635284424
39.96199035644531 187.1875762939453 -2.6370890140533447
37.168182373046875 185.8016815185547 -2.72511887550354
37.14314651489258 185.78399658203125 -2.32820463180542
35.51695251464844 184.35232543945312 -2.5112404823303223
33.65732955932617 183.2405548095703 -2.6942756175994873
33.65732955932617 183.2405548095703 -3.09427547454834
33.62764358520508 183.2331085205078 -2.6973564624786377
33.62764358520508 183.2331085205078 -3.0973563194274902
33.59793472290039 183.2257537841797 -2.700437307357788
33.59793472290039 183.2257537841797 -3.1004371643066406
33.56820297241211 183.21849060058594 -2.7035181522369385
33.56820297241211 183.21849060058594 -3.103518009185791
33.538448333740234 183.21131896972656 -2.706598997116089
33.538448333740234 183.21131896972656 -3.1065988540649414
33.508670806884766 183.20423889160156 -2.7096798419952393
33.508670806884766 183.20423889160156 -3.109679698944092
33.47887420654297 183.19725036621094 -2.7127606868743896
33.47887420654297 183.19725036621094 -3.112760543823242
33.44905471801758 183.1903533935547 -2.71584153175354
33.44905471801758 183.1903533935547 -3.1158413887023926
33.41921615600586 183.1835479736328 -2.7189223766326904
33.41921615600586 183.1835479736328 -3.118922233581543
33.38935470581055 183.1768341064453 -2.722003221511841
33.38935470581055 183.1768341064453 -3.1220030784606934
33.359474182128906 183.1702117919922 -2.725084066390991
33.359474182128906 183.1702117919922 -3.1250839233398438
33.32957077026367 183.16368103027344 -2.7281649112701416
33.32957077026367 183.16368103027344 -3.128164768218994
33.29964828491211 183.15724182128906 -2.731245756149292
33.29964828491211 183.15724182128906 -3.1312456130981445
33.26970672607422 183.15089416503906 -2.7343266010284424
33.26970672607422 183.15089416503906 -3.134326457977295
33.23974609375 183.14463806152344 -2.7374074459075928
33.23974609375 183.14463806152344 -3.1374073028564453
33.20976638793945 183.1384735107422 -2.740488290786743
33.20976638793945 183.1384735107422 -3.1404881477355957
33.17976760864258 183.1324005126953 -2.7435691356658936
33.17976760864258 183.1324005126953 3.1396162509918213
33.149749755859375 183.1264190673828 -2.746649980545044
33.149749755859375 183.1264190673828 3.136535406112671
33.119712829589844 183.1205291748047 -2.7497308254241943
33.119712829589844 183.1205291748047 3.1334545612335205
33.08966064453125 183.11474609375 -2.7528116703033447
33.08966064453125 183.11474609375 3.13037371635437
33.05958938598633 183.1090545654297 -2.755892515182495
33.05958938598633 183.1090545654297 3.1272928714752197
33.02949905395508 183.10345458984375 -2.7589733600616455
33.02949905395508 183.10345458984375 3.1242120265960693
32.999393463134766 183.0979461669922 -2.762054204940796
32.999393463134766 183.0979461669922 3.121131181716919
32.96927261352539 183.092529296875 -2.7651350498199463
32.96927261352539 183.092529296875 3.1180503368377686
32.93913269042969 183.0872039794922 -2.7682158946990967
32.93913269042969 183.0872039794922 3.114969491958618
32.90897750854492 183.08197021484375 -2.771296739578247
32.90897750854492 183.08197021484375 3.1118886470794678
32.878807067871094 183.0768280029297 -2.7743775844573975
32.878807067871094 183.0768280029297 3.1088078022003174
32.8486213684082 183.07177734375 -2.777458429336548
32.8486213684082 183.07177734375 3.105726957321167
32.81842041015625 183.0668182373047 -2.7805392742156982
32.81842041015625 183.0668182373047 3.1026461124420166
30.67022705078125 183.3486785888672 2.9196102619171143
28.609222412109375 184.016845703125 2.736574411392212
26.704259872436523 185.04898071289062 2.5535385608673096
25.018983840942383 186.41061401367188 2.3705027103424072
23.609695434570312 188.05624389648438 2.187466859817505
22.52347755432129 189.93089294433594 2.0044310092926025
21.796619415283203 191.97193908691406 1.8213951587677002
21.453405380249023 194.11119079589844 1.6383593082427979
21.505300521850586 196.2771759033203 1.4553234577178955
21.950572967529297 198.3975372314453 1.2722876071929932
22.77434539794922 200.40142822265625 1.0892517566680908
23.9490966796875 202.22190856933594 0.9062159061431885
25.435579299926758 203.79815673828125 0.7231800556182861
27.184133529663086 205.0775146484375 0.5401442050933838
29.136341094970703 206.01722717285156 0.35710832476615906
31.22698211669922 206.58592224121094 0.17407244443893433
33.38621139526367 206.76458740234375 -0.008963435888290405
35.54188919067383 206.54725646972656 -0.19199931621551514
37.62199783325195 205.94117736816406 -0.37503519654273987
39.557044982910156 204.96661376953125 -0.5580710768699646
41.28238296508789 203.6561279296875 -0.7411069869995117
41.30859375 203.64031982421875 -0.34418806433677673
43.27277755737305 202.7259063720703 -0.5272239446640015
45.037715911865234 201.46925354003906 -0.7102597951889038
45.06439971923828 201.4542694091797 -0.3133408725261688
47.05585479736328 200.60086059570312 -0.49637675285339355
48.85871124267578 199.39923095703125 -0.6794126033782959
48.88584518432617 199.38507080078125 -0.2824936807155609
50.902671813964844 198.59349060058594 -0.46552956104278564
52.741729736328125 197.4480438232422 -0.648565411567688
52.769287109375 197.43472290039062 -0.251646488904953
54.8095703125 196.7057342529297 -0.43468236923217773
56.68309020996094 195.6175537109375 -0.6177173852920532
56.7132682800293 195.60409545898438 -0.22104397416114807
58.774898529052734 194.9378662109375 -0.4040798544883728
60.701087951660156 193.89926147460938 -0.5849453210830688
59.575775146484375 194.86752319335938 -0.8361002206802368
59.575775146484375 194.86752319335938 -1.236100196838379
59.575775146484375 194.86752319335938 -1.636100172996521
59.237396240234375 192.72750854492188 -1.8191360235214233
58.51515197753906 190.68482971191406 -2.0021719932556152
57.43317413330078 188.80772399902344 -2.1852078437805176
56.02760696411133 187.15892028808594 -2.36824369430542
54.34540939331055 185.79348754882812 -2.5512795448303223
52.44278335571289 184.75704956054688 -2.7343153953552246
50.38329315185547 184.084228515625 -2.917351245880127
48.235740661621094 183.79751586914062 -3.1003870964050293
48.20600891113281 183.79025268554688 -2.703468084335327
46.16824722290039 183.0542449951172 -2.8865039348602295
44.03055953979492 182.70143127441406 -3.069539785385132
44.001068115234375 182.69325256347656 -2.6726207733154297
41.986976623535156 181.89474487304688 -2.855656623840332
39.86118698120117 181.47616577148438 -3.0386924743652344
39.83195877075195 181.4670867919922 -2.6417737007141113
37.84345626831055 180.60684204101562 -2.8248095512390137
37.81682586669922 180.59176635742188 -2.4278905391693115
36.05622482299805 179.32904052734375 -2.610926389694214
34.09519958496094 178.40786743164062 -2.793962240219116
34.06904220581055 178.3919677734375 -2.397043466567993
32.34822463989258 177.07554626464844 -2.5800793170928955
32.3260383605957 177.05445861816406 -2.1831605434417725
