-391.38913378535415
-392.4609922151188
-393.18243552006777
-393.5313524875122
-393.4970867798764
-393.0806921201816
-392.2948797148216
-391.16377609850866
-389.7223772396564
-388.0156587583798
-386.0975633062225
-384.0294947005143
-381.87870896893065
-379.7162639298634
-377.6148125830995
-375.6461730108067
-373.87867653314714
-372.3746491751641
-372.3512026791394
-370.5549974123982
-369.0149267056222
-368.9910412514001
-367.1668910164351
-365.5913924927025
-365.56705619994085
-363.7158364435357
-362.10556658651257
-362.08079796522776
-360.2033449358328
-358.55897314006427
-358.5337907048893
-356.6309964162318
-354.9532073183751
-354.92759881098254
-353.0004133307889
-351.28997068084846
-351.2639847491147
-349.31332787806133
-347.5709854426981
-348.54645713826517
-348.54645713826517
-348.54645713826517
-349.1898128531338
-350.20992392188924
-351.56957985129424
-353.21974169862386
-355.1016770890296
-357.14935653763314
-359.29213970173504
-361.4574354266049
-363.57311054173624
-365.56994531647297
-367.3836990343835
-368.9568624768215
-370.24025213395333
-371.1942093545715
-371.7894737235832
-372.00791332866146
-371.84288454305323
-371.2994047948837
-370.39399678104576
-369.1544088065514
-367.6189390185529
-365.83550036255167
-363.8604896517822
-361.75733142173897
-359.5946854133714
-357.4443799404296
-355.3791094462793
-353.46996417302887
-351.78373350799984
-351.7580210861232
-349.82472167870515
-348.10606443052245
-348.0799591505916
-346.1235039402304
-344.37319612775394
-344.3467164062244
-342.36804532893115
-340.58688598170676
-340.559989070241
-338.56013945558755
-336.7489842494252
-335.1905035318656
-335.1905035318656
-335.1905035318656
-335.5904040111158
-336.38367233730014
-337.5411521089963
-339.02069786577283
-340.7690265687074
-342.72410697855355
-344.81770681813265
-346.9780075500448
-349.13228496411057
-351.2093511797292
-353.14173375491936
-354.86774734125976
-356.333117567022
-357.4923476780134
-358.3098399469339
-358.760687065735
-358.83119156742123
-358.51924749202385
-357.83430317066575
-356.79718327543026
-355.4396318519676
-353.8036010774003
-351.94029481381074
-351.91581771214845
-350.33513374982545
-348.51560300033543
-348.4918449456806
-346.9695087706051
-345.19699224479194
-345.1740048498419
-343.7130226822958
-341.9907823171905
-340.0613412912753
-340.03574496307147
-338.36432956259114
-336.47372504772443
-336.44879077279194
-334.8312835995299
-332.9827568313284
-332.9585360691497
-331.39801370221795
-329.5948779352163
-329.5713915641092
-328.0709135064862
-326.3165159469404
-326.2938469719424
-323.93321864623374
-321.6047276318999
-319.30907686467856
-317.04697957952294
-314.81915893390493
-312.62634758217376
-310.46925708095415
-309.15274602739
-306.4648810004221
-304.8787317777653
-301.7300618276823
-299.9163729001339
-296.3922830287899
-294.40132941377277
-290.6020019937917
-288.49189149099567
-284.5313815890703
-280.571928636613
-278.4080930616324
-274.41145626150865
-270.41491866278955
-266.4184847298292
-266.3850889112809
-264.2933561556906
-262.1340434831596
-259.9784781642552
-256.0539192844157
-252.13173119743755
-248.21202629148056
-244.2949240942743
-244.26432476181745
-242.10858589573382
-239.94939498247152
-237.85972026397937
-234.12040765810298
-230.38985193760558
-226.6684854706649
-226.63809856492995
-224.477368288992
-222.38265017551416
-222.35239587489983
-220.18806256083738
-218.07865057205535
-216.08458438523232
-212.6000310450181
-209.13392504254028
-205.68719896728422
-202.72165075462806
-202.69230996590858
-200.5610760798425
-198.53867116514564
-198.50909819601029
-196.36875594281642
-194.3273488345805
-192.45718232950742
-189.22466429194756
-186.0219882358812
-182.85072223730333
-179.71327342336454
-176.6108654234142
-175.07947294915166
-175.22663707552837
-175.22663707552837
-175.22663707552837
-175.23699331448313
-175.23699331448313
-175.24785587235345
-175.24785587235345
-175.25933440605078
-175.25933440605078
-175.97569455935775
-177.63277949465055
-179.52358777704356
-181.5787126456638
-183.7251800075608
-185.88937737188775
-187.99963963930787
-189.98839104854753
-191.79394954886297
-193.3619176585557
-194.64620620507597
-195.60985364688037
-196.22556695779866
-196.47611251608126
-196.35451830145203
-195.86415060806758
-195.01872572433808
-193.84205380882582
-192.36781839508637
-190.63899205001175
-188.70719269516766
-186.63173597336657
-184.4783049890969
-182.3173904597145
-180.22218940427948
-178.26621713074815
-176.52046950280402
-175.05034268302123
-175.02739216557057
-173.2632754809917
-171.77034188464643
-171.74709605532013
-169.9650381288131
-168.44965435457107
-168.42611345443825
-166.62653594984
-165.08909225533145
-163.87315790157345
-163.85351203554606
-162.30002112901616
-161.06534972141534
-161.04544767163
-159.47632933267062
-158.22336870696125
-158.20322932176003
-156.6189281365547
-155.34813441036664
-155.32777582538645
-153.7287333975426
-152.44058831847502
-152.4199977782861
-150.8066846978207
-149.50168289999945
-149.4808777858923
-147.85375039383086
-146.53240195249106
-146.511383830589
-144.8709324380533
-143.5337809762306
-143.50941990884073
-141.85682862566088
-140.5052604613827
-140.479518082337
-138.81554397687555
-137.45044965727402
-136.37955493443494
-136.3623863486453
-134.9731300189335
-132.84457576400965
-132.82272147330008
-131.12998918392373
-129.73055706505474
-129.70853602307383
-128.00546824384875
-126.59367887638246
-125.52693769578124
-125.52693769578124
-125.52693769578124
-126.5366460864648
-127.90245621519337
-129.56830595720194
-131.46831550485533
-133.5304647972343
-135.68009966146943
-137.84301973161246
-139.94801011512624
-141.9288486357206
-143.72577286072303
-145.28660219352415
-146.567482683782
-147.53337494028509
-148.15842515940207
-148.42613517127648
-148.3294956657482
-147.87102273902937
-147.0627801655334
-145.92622826463773
-144.49212831132928
-144.47457523896205
-143.4413593736623
-142.10006386309487
-142.0839493762269
-141.15988142297806
-139.9179412813012
-139.90334046116615
-139.09401809946948
-137.95786465759596
-137.94487973984172
-137.25554577426584
-136.23131735503213
-136.22001595780108
-135.65545898932228
-134.74895753145972
-134.73940132649793
-134.30383646801488
-133.52031127327066
-133.51258487107572
-133.20955465170687
-132.55364411357792
-132.54777699067336
-132.3800162349447
-131.85567855570085
-131.85173555224534
-132.1815620546125
-132.1904755109721
-133.05436945911347
-133.57458283726203
-133.58529221248412
-134.56972992752938
-135.21721823052465
-135.2296452309637
-136.32889709095616
-137.09893853731833
-137.11301213133967
-138.32092089645292
-140.17070236787683
-140.19061863448357
-141.77635183046914
-141.80095118885754
-143.67399208477298
-145.32967953124316
-145.35512099277236
-147.27811345203546
-147.3066737261156
-149.40071965788766
-151.36313400937306
-151.39211116459643
-153.50691304118948
-155.50427584678314
-155.53361868345195
-157.6652253586441
-159.6934221388319
-159.72308212834818
-161.8678536620641
-163.9230589965689
-163.95296761204503
-166.10756204193
-168.1862414963244
-168.21636121001785
-170.37770424619129
-172.47657110236312
-172.5068680638023
-174.67214910832993
-176.78817080635008
-176.81860244914125
-178.98520024469045
-181.11554637327072
-181.14607077879876
-183.3115924986501
-185.4536326466576
-185.48421061019195
-187.64643403103435
-189.79770825538853
-191.86770961215686
-191.86770961215686
-191.86770961215686
-191.88446976383005
-191.88446976383005
-191.9011542089365
-191.9011542089365
-191.9177629672073
-191.9177629672073
-191.93429605841635
-191.93429605841635
-191.95075350238042
-191.95075350238042
-191.96713531895924
-191.96713531895924
-191.98344152805552
-191.98344152805552
-191.99967214961504
-191.99967214961504
-192.01582471429643
-192.01582471429643
-192.0319017295058
-192.0319017295058
-192.0479032153132
-192.0479032153132
-192.06382919183213
-192.06382919183213
-192.07967718596703
-192.07967718596703
-192.09544970920092
-192.09544970920092
-192.11114428654935
-192.11114428654935
-192.12676343154138
-192.12676343154138
-192.142553495432
-192.142553495432
-192.668316849677
-192.82658364526654
-192.6130265075808
-192.03357223356423
-191.10437639364204
-189.8516112294435
-188.31118111967012
-186.52812459040229
-184.5559112879881
-182.45541696187408
-180.2936009013874
-178.1417788162145
-176.073497949076
-174.16201717807243
-172.47741145716427
-171.08340159519244
-170.0342111011684
-169.37153658138988
-169.12213220029275
-169.29616292626812
-169.88653723459112
-170.86936799794555
-172.20544903476625
-173.84259952823965
-175.71855967956927
-177.7641671539338
-179.9065019102066
-182.07186617056016
-184.18837141094392
-186.18815145443625
-184.97318602082052
-184.97318602082052
-186.5899813471538
-186.5899813471538
-186.48174269623001
-186.00566858401749
-185.17490854391
-184.01266339747443
-182.55186521354383
-180.83474336479551
-178.91219401795678
-176.84284111192605
-174.6918815692614
-172.52950023663536
-170.4288507157629
-168.46370378679003
-166.70558629971526
-165.22072022024017
-164.06670152286623
-163.2894283164786
-162.92038372620704
-162.97467101767367
-162.97237456097477
-162.59421619180398
-162.58587969441172
-161.78952871683654
-161.40050117129934
-161.39201859907297
-160.58556670557823
-160.18601262369685
-160.1773842447115
-159.36116325257368
-158.95143872341794
-158.94268167153248
-158.11704408657715
-157.69751673367634
-157.688621008463
-156.8539328759246
-156.42496258508066
-156.41592913595343
-155.57254851504925
-155.1256969299896
-155.1256969299896
-155.1285560805018
-155.1285560805018
-155.13151500620083
-155.13151500620083
-155.13457370059075
-155.13457370059075
-155.13773215715588
-155.13773215715588
-155.1409903693608
-155.1409903693608
-155.14434833065042
-155.14434833065042
-155.14780603445
-155.14780603445
-155.1513634741653
-155.08645060989753
-155.08616076831825
-155.0740688842326
-154.02255877234083
-153.35986112507553
-153.3476364962911
-152.286796539309
-151.6141765442709
-151.6018170272788
-150.53212750227794
-149.85010185890576
-149.83762029534026
-148.75958279959966
-148.06870222888546
-148.0560963309122
-146.9702186723043
-146.27105757301476
-146.25348929031847
-145.1626905828562
-144.45844360220815
-144.45844360220815
-144.45750776580053
-144.45750776580053
-144.45667001609394
-144.45667001609394
-144.4559304282362
-144.4559304282362
-144.45528893153048
-144.45528893153048
-144.4547455273564
-144.4547455273564
-144.45430014092682
-144.45430014092682
-144.4539681037801
-144.4539681037801
-144.45373416140401
-144.45373416140401
-144.45359831507417
-144.45359831507417
-144.45356048666721
-144.45356048666721
-144.4536207551651
-144.4536207551651
-144.4537790407773
-144.4537790407773
-144.45405059753392
-144.45405059753392
-144.45442025134443
-144.45442025134443
-144.45488791991554
-144.45488791991554
-144.45545360191815
-144.45545360191815
-144.45611729599776
-144.45611729599776
-144.4568942557
-144.4568942557
-144.45776922454786
-144.45776922454786
-144.45874220110855
-144.45874220110855
-144.45981318392398
-144.45981318392398
-144.4609820824434
-144.4609820824434
-144.46224898261053
-144.46224898261053
-144.46362904668698
-144.46362904668698
-144.4651071075495
-144.4651071075495
-144.46668307131628
-144.46668307131628
-144.46835693395536
-144.46835693395536
-144.4701287853189
-144.4701287853189
-144.4719985290301
-144.4719985290301
-144.47398141498755
-144.47398141498755
-144.4760621848943
-144.4760621848943
-144.47824083459366
-144.47824083459366
-144.480517261966
-144.480517261966
-144.48289155913392
-144.48289155913392
-144.4853789754609
-144.4853789754609
-144.48796425293244
-144.48796425293244
-144.49064728611046
-144.49064728611046
-145.48074344985733
-145.4829692078635
-145.4829692078635
-145.48529261226133
-145.48529261226133
-145.4877138514268
-145.4877138514268
-145.49024796620984
-145.49024796620984
-145.49287971173786
-145.49287971173786
-145.49560908232354
-145.49560908232354
-145.4984360722565
-145.4984360722565
-146.32808827432862
-146.33690878183248
-146.33371396318663
-146.33371396318663
-146.33061783650092
-146.33061783650092
-146.32763563320356
-146.32763563320356
-146.32475213370085
-146.32475213370085
-146.3219673440848
-146.3219673440848
-146.3192812704246
-146.3192812704246
-146.3166939187668
-146.3166939187668
-146.31420529513508
-146.31420529513508
-146.31181514813284
-146.31181514813284
-146.30951136560662
-146.30951136560662
-146.30731849842556
-146.30731849842556
-146.30523960334185
-146.30523960334185
-146.3032592018831
-146.3032592018831
-146.30137729754773
-146.30137729754773
-146.29959389381008
-146.29959389381008
-146.29790925708582
-146.29790925708582
-146.29632312942522
-146.29632312942522
-146.29483551423024
-146.29483551423024
-146.29344614952709
-146.29344614952709
-146.29217052403587
-146.29217052403587
-146.2909934190331
-146.2909934190331
-146.28991483782087
-146.28991483782087
-146.28893451514318
-146.28893451514318
-146.28805272119536
-146.28805272119536
-146.28726918908046
-146.28726918908046
-146.2865991398732
-146.2865991398732
-146.2860276253694
-146.2860276253694
-146.28555437620804
-146.28555437620804
-146.2851793931286
-146.2851793931286
-146.28490267684552
-146.28490267684552
-146.28472422804842
-146.28472422804842
-146.28464404740188
-146.28464404740188
-146.2846773542008
-146.2846773542008
-146.2848086526518
-146.2848086526518
-146.28503821904
-146.28503821904
-146.2853660539281
-146.2853660539281
-146.28579187817672
-146.28579187817672
-146.28631568991105
-146.28631568991105
-146.28695298575525
-146.28695298575525
-146.28768826638142
-146.28768826638142
-146.2885215298385
-146.2885215298385
-146.28945277415073
-146.28945277415073
-146.29048199731773
-146.29048199731773
-146.29160919731453
-146.29160919731453
-146.29284958792306
-146.29284958792306
-146.2941879507586
-146.2941879507586
-146.29562428372054
-146.29562428372054
-146.29715858468356
-146.29715858468356
-146.29879056227716
-146.29879056227716
-146.30053571658655
-146.30053571658655
-146.30237853949072
-146.30237853949072
-146.3043190263823
-146.3043190263823
-146.30635746502782
-146.30635746502782
-146.3084935599631
-146.3084935599631
-146.31072730650985
-146.31072730650985
-147.1014426162238
-147.10969398130192
-147.10969398130192
-147.11804102973937
-147.11804102973937
-147.12648339781637
-147.12648339781637
-147.13503661212857
-147.13503661212857
-147.14368511219885
-147.14368511219885
-147.15242888060007
-147.15242888060007
-147.16126789990255
-147.16126789990255
-147.1702021526741
-147.1702021526741
-147.17923162148017
-147.17923162148017
-147.18835628888382
-147.18835628888382
-147.19757613744608
-147.19757613744608
-147.20689114972586
-147.19987910572428
-147.19987910572428
-147.19102106219532
-147.19102106219532
-147.18901935194648
-147.18901935194648
-147.18711656591844
-147.18711656591844
-147.18531270840822
-147.18531270840822
-147.18360778368907
-147.18360778368907
-147.1820014314547
-147.1820014314547
-147.18049401890934
-147.18049401890934
-147.17908518412136
-147.17908518412136
-147.17777529582386
-147.17777529582386
-147.1765791781931
-147.1765791781931
-147.1754820131456
-147.1754820131456
-147.17448343549515
-147.17448343549515
-147.17358344695305
-147.17358344695305
-147.17278204920603
-147.17278204920603
-147.17207924391636
-147.17207924391636
-147.17147503272156
-147.17147503272156
-147.1709694172347
-147.1709694172347
-147.1705775843108
-147.1705775843108
-147.17028397480922
-147.17028397480922
-147.17008896350296
-147.17008896350296
-147.16999255190433
-147.16999255190433
-147.1699943643178
-147.1699943643178
-147.17009439983804
-147.17009439983804
-147.17029303629687
-147.17029303629687
-147.17060507862914
-147.17060507862914
-147.1710153421507
-147.1710153421507
-147.1715238258556
-147.1715238258556
-147.1721305287133
-147.1721305287133
-147.17283544966875
-147.17283544966875
-147.17363858764224
-147.17363858764224
-147.17455512269655
-147.17455512269655
-147.17556987189616
-147.17556987189616
-147.17668244822235
-147.17668244822235
-147.17789323478144
-147.17789323478144
-147.17920184292885
-147.17920184292885
-147.18060865729956
-147.18060865729956
-147.18212846686268
-147.18212846686268
-147.18374608809054
-147.18374608809054
-147.18546151731599
-147.18546151731599
-147.1872751422285
-147.1872751422285
-147.18918656930813
-147.18918656930813
-147.1911957948162
-147.1911957948162
-147.19331759853745
-147.19331759853745
-147.1955371909112
-147.1955371909112
-147.19785456812687
-147.19785456812687
-147.20026972635023
-147.20026972635023
-147.20278226483524
-147.20278226483524
-147.20540775066632
-147.20540775066632
-147.20813060517085
-147.20813060517085
-147.2109508220634
-147.2109508220634
-147.21386879506707
-147.21386879506707
-147.21688411939192
-147.21688411939192
-147.2199967886861
-147.2199967886861
-147.2232219702386
-147.2232219702386
-147.22654448332554
-147.22654448332554
-147.22996432152834
-147.22996432152834
-147.2334814784068
-147.2334814784068
-147.23709594749909
-147.23709594749909
-147.24082248801398
-147.24082248801398
-147.24464632551883
-147.24464632551883
-147.2485670456221
-147.2485670456221
-147.25258504807698
-147.25258504807698
-147.2566999168875
-147.2566999168875
-147.26091164312123
-147.26091164312123
-147.26523579878736
-147.26523579878736
-147.26965679483783
-147.26965679483783
-147.2741746222806
-147.2741746222806
-147.2787892721048
-147.2787892721048
-147.28350073528068
-147.28350073528068
-147.28830858787614
-147.28830858787614
-147.29322840208724
-147.29322840208724
-147.29824500021212
-147.29824500021212
-147.30335795593103
-147.30335795593103
-147.30856767578373
-147.30856767578373
-147.31387373186274
-147.31387373186274
-147.31927653222638
-147.31927653222638
-147.32479081326346
-147.32479081326346
-147.33040139688805
-147.33040139688805
-148.78005382241966
-148.7859530220092
-148.7859530220092
-148.79195516070578
-148.79195516070578
-148.7980525506383
-148.7980525506383
-148.80424517673026
-148.80424517673026
-148.81054865814437
-148.81054865814437
-148.81694734623042
-148.81694734623042
-148.8234412258833
-148.8234412258833
-148.83003028198948
-148.83003028198948
-148.83671449942696
-148.83671449942696
-148.84349438219934
-148.84349438219934
-148.85036939754997
-148.85036939754997
-148.85735464633004
-148.85735464633004
-148.86443291093116
-148.86443291093116
-148.87160677792298
-148.87160677792298
-148.87887571149074
-148.87887571149074
-148.88624022012857
-148.88624022012857
-148.89369976649326
-148.89369976649326
-148.90125433539367
-148.90125433539367
-150.35923592726374
-150.3703501849841
-150.3703501849841
-150.38157240471958
-150.38157240471958
-150.39288689887243
-150.39288689887243
-150.40429423897822
-150.40429423897822
-150.41579381072074
-150.41579381072074
-150.42738618708177
-150.42738618708177
-150.43907075234725
-150.43907075234725
-150.45084748446175
-150.45084748446175
-150.46271636138482
-150.46271636138482
-150.47467736109135
-150.47467736109135
-150.48673046157148
-151.2951659247197
-151.29854550358647
-151.29854550358647
-151.30202265249463
-151.30202265249463
-151.30559668842983
-151.30559668842983
-151.30928329730298
-151.30928329730298
-151.31306677767785
-151.31306677767785
-151.31694712155257
-151.31694712155257
-151.3209250012546
-151.3209250012546
-151.32499972990146
-151.32499972990146
-151.3291712994341
-151.3291712994341
-151.3334547142853
-151.3334547142853
-151.33783495275478
-151.33783495275478
-151.34231200672698
-151.34231200672698
-151.34688518321124
-151.34688518321124
-151.3515551574117
-151.3515551574117
-151.35633693093195
-151.35633693093195
-151.3612147976092
-151.3612147976092
-151.36618943484416
-151.36618943484416
-151.37126014581114
-151.37126014581114
