-391.38913375288604
-392.46099207687735
-393.18243519367854
-393.53135173618995
-393.49708543409577
-393.0806902523048
-392.294877533294
-391.163804121861
-389.72243583244824
-388.01574800712683
-386.0976836751055
-384.0296462815625
-381.87886174672786
-379.7164183139184
-377.6149684887995
-377.6060123663565
-375.4404258827376
-373.32338990679216
-373.31438903397054
-371.14778570976057
-369.0171398679747
-369.00812405080904
-366.84272716800035
-364.70053927371765
-364.6915077499631
-364.6829835830802
-362.7472381974609
-362.73966545504766
-361.06197857501394
-359.1662828144878
-359.15891049304156
-357.53717793028505
-355.6850327431558
-353.6612792904985
-353.65323611791314
-351.84572284769655
-349.85342944333314
-349.84555213024436
-348.0859449535892
-346.1285729561172
-346.120866564562
-344.41248305881646
-342.49349343419846
-342.4859943916055
-340.83218936991284
-338.95515806379956
-336.91448441791687
-336.9063386503578
-335.07236115913327
-333.0613892974711
-333.0534167149517
-331.26580081517886
-329.28805560222656
-329.2802611777767
-326.3097129998889
-323.36112085692326
-320.43509144557936
-317.5322169656053
-314.6531701101113
-311.7985793327546
-308.96915311080954
-306.16559003044813
-304.5215930548271
-301.2759243436191
-299.415487720167
-295.816729429603
-292.2282253866429
-290.2082014741439
-286.36662911536735
-284.2401721026393
-280.26124483281626
-276.2837444563994
-272.30683756266126
-270.14049008696276
-266.15239384626847
-262.16466063808434
-258.17730728430143
-254.19035166066243
-250.20381278045662
-246.21771088630544
-242.2320675509639
-242.22308329936772
-240.1101712695743
-237.94543066979463
-237.93648141438624
-235.84195511677626
-233.6818120889844
-231.52738084139145
-231.50424778088092
-229.35042023252078
-227.18977819035953
-227.18075652433467
-225.03602110825233
-222.8711800910836
-222.86216080850696
-220.72913962413955
-218.5625691679414
-216.43492395080676
-216.4259220145975
-214.26002869911218
-212.1205567424527
-212.11152761956996
-209.94846588274737
-207.79912190369595
-207.79009452081422
-205.63219599128732
-203.47503784177732
-199.99153952664182
-197.88415904810222
-197.87518679565187
-195.70900415724125
-193.58730322671812
-193.5783014820803
-191.41184231988933
-189.27754757174716
-187.2490195461785
-187.24026859191468
-185.0966448451057
-183.04804234793914
-181.16724550821294
-177.91260877954556
-174.68969875812746
-171.4996892376073
-168.3444501576077
-165.22595706511657
-162.146346874017
-159.1078763296627
-156.11293289237233
-154.65002864521279
-154.64327381483028
-152.8834429885214
-151.3976201240689
-150.24413481813758
-150.2385655372382
-148.73638432749377
-147.56412084063837
-147.55848724011514
-146.04048497396195
-144.84992779105065
-144.84422600811118
-141.77698450859256
-140.27178885063387
-139.097229385577
-139.09158691187577
-137.57151115706614
-136.38092978213749
-136.37523122883337
-134.84298054527778
-133.63730809921515
-133.63154949939954
-132.0868269487377
-130.86675947223284
-130.8609365668909
-129.30434825623146
-128.0706052016128
-128.0647287009224
-126.49695083089715
-123.92239843937821
-122.720083536121
-122.71433707133237
-121.1741724048681
-118.65952158218732
-116.67520559960239
-114.52330111384661
-112.4726855234306
-110.52850143965034
-108.69679966065463
-108.69126996801045
-108.67535638543518
-108.66637800112962
-108.66637800112962
-108.65740257083276
-108.65740257083276
-108.64843009474951
-108.64843009474951
-108.63946130915947
-108.63946130915947
-108.63048140152851
-108.63048140152851
-108.62150444888591
-108.62150444888591
-108.61253045144387
-108.61253045144387
-108.60355940941601
-108.60355940941601
-108.5945913230174
-108.5945913230174
-108.58562619246453
-108.58562619246453
-108.5766506778262
-108.5766506778262
-108.56767811962938
-108.56767811962938
-108.55870851809641
-108.55870851809641
-108.5497418734511
-108.5497418734511
-108.54077818591865
-108.54077818591865
-108.53181745572577
-108.53181745572577
-108.52286041940923
-108.52286041940923
-108.51389226501892
-108.51389226501892
-108.50492706882365
-108.50492706882365
-108.49596483105736
-108.49596483105736
-108.48700555195549
-108.48700555195549
-108.47804923175491
-108.47804923175491
-108.46909660711908
-108.46909660711908
-108.46014694190228
-108.46014694190228
-108.45118616089664
-108.45118616089664
-108.4422283399294
-108.4422283399294
-108.4332734792462
-108.4332734792462
-108.42432157909413
-108.42432157909413
-108.4153733762682
-108.4153733762682
-108.40642813451328
-108.40642813451328
-108.39748585408111
-108.39748585408111
-108.38854653522496
-108.38854653522496
-108.37959610330249
-108.37959610330249
-108.37064863360885
-108.37064863360885
-108.36170486307547
-108.36170486307547
-108.35276405533294
-108.35276405533294
-108.34382621064333
-108.34382621064333
-108.33489132927012
-108.33489132927012
-108.32595941147831
-108.32595941147831
-108.31701711992595
-108.31701711992595
-108.30807779268204
-108.30807779268204
-108.29914143001747
-108.29914143001747
-108.29020803220457
-108.29020803220457
-108.28127759951715
-108.28127759951715
-108.27235013223047
-108.27235013223047
-108.26342636753778
-108.26342636753778
-108.2545055688466
-108.2545055688466
-108.24557366265446
-108.24557366265446
-108.23664472318104
-108.23664472318104
-108.22771875071047
-108.22771875071047
-108.21879648256119
-108.21879648256119
-108.20987718203467
-108.20987718203467
-108.20096084941979
-108.20096084941979
-108.19204748500685
-108.19204748500685
-108.18313708908765
-108.18313708908765
-108.17421632596191
-108.17421632596191
-108.1652985321296
-108.1652985321296
-108.15638370788848
-108.15638370788848
-108.14747185353775
-108.14747185353775
-108.1385629693781
-108.1385629693781
-108.12965779298736
-108.12965779298736
-108.12075558744345
-108.12075558744345
-108.11185635305183
-108.11185635305183
-108.10294601763927
-108.10294601763927
-108.09403865416472
-108.09403865416472
-108.08513500034142
-108.08513500034142
-108.07623431913115
-108.07623431913115
-108.06733661084824
-108.06733661084824
-108.05844187580858
-108.05844187580858
-108.04955011432945
-108.04955011432945
-108.04066206426168
-108.04066206426168
-108.03177698844617
-108.03177698844617
-108.02288081550898
-108.02288081550898
-108.01398761764841
-108.01398761764841
-108.00509813282912
-108.00509813282912
-107.9962116237943
-107.9962116237943
-107.9873280908735
-107.9873280908735
-107.9784475343978
-107.9784475343978
-107.96956995469972
-107.96956995469972
-107.96069608988765
-107.96069608988765
-107.9518111316102
-107.9518111316102
-107.94292915135847
-107.94292915135847
-107.93405014947248
-107.93405014947248
-107.92517412629375
-107.92517412629375
-107.91630182007917
-107.91630182007917
-107.90743249331587
-107.90743249331587
-107.89856614635016
-107.89856614635016
-107.88970277952986
-107.88970277952986
-107.88084313123206
-107.88084313123206
-107.87198646383727
-107.87198646383727
-107.86311870768233
-107.86311870768233
-107.85425393333242
-107.85425393333242
-107.84539287928834
-107.84539287928834
-107.83653480782317
-107.83653480782317
-107.82767971929707
-107.82767971929707
-107.81882761407168
-107.81882761407168
-107.80997849251013
-107.80997849251013
-107.80113309326923
-107.80113309326923
-107.79229067848291
-107.79229067848291
-107.78343717939944
-107.78343717939944
-107.77458666571158
-107.77458666571158
-107.7657398762048
-107.7657398762048
-107.75689607290072
-107.75689607290072
-107.74805525617484
-107.74805525617484
-107.73921742640417
-107.73921742640417
-107.73038332250377
-107.73038332250377
-107.72155220637936
-107.72155220637936
-107.71272407841279
-107.71272407841279
-107.70389893898744
-107.70389893898744
-107.6950634590699
-107.6950634590699
-107.68623096874101
-107.68623096874101
-107.67740146839022
-107.67740146839022
-107.66857495840847
-107.66857495840847
-107.65975143918821
-107.65975143918821
-107.6509316499452
-107.6509316499452
-107.64211485231777
-107.64211485231777
-107.63330104670325
-107.63330104670325
-107.62449023350045
-107.62449023350045
-107.6156831520617
-107.6156831520617
-107.60687906390253
-107.60687906390253
-107.59806390254339
-107.59806390254339
-107.58925173549571
-107.58925173549571
-107.58044330225194
-107.58044330225194
-107.57163786420392
-107.57163786420392
-107.56283542176295
-107.56283542176295
-107.55403597534186
-107.55403597534186
-107.54524026457413
-107.54524026457413
-107.53644755072439
-107.53644755072439
-107.52765783421029
-107.52765783421029
-107.51887111545108
-107.51887111545108
-107.51008813422334
-107.51008813422334
-107.50129408603205
-107.50129408603205
-107.49250303716492
-107.49250303716492
-107.48371572750885
-107.48371572750885
-107.4749314181021
-107.4749314181021
-107.4661501093749
-107.4661501093749
-107.457371801759
-107.457371801759
-107.44859723528842
-107.44859723528842
-107.43982567086816
-107.43982567086816
-107.43105710893488
-107.43105710893488
-107.42229154992675
-107.42229154992675
-107.41352973402697
-107.41352973402697
-107.40477092200523
-107.40477092200523
-107.39600105010537
-107.39600105010537
-107.38723418321564
-107.38723418321564
-107.37847106167199
-107.37847106167199
-107.36971094610793
-107.36971094610793
-107.36095383697426
-107.36095383697426
-107.35219973472327
-107.35219973472327
-107.34344937984453
-107.34344937984453
-107.33470203283184
-107.33470203283184
-107.32595769414243
-107.32595769414243
-107.31721636423505
-107.31721636423505
-107.30847878375499
-107.30847878375499
-107.2997301502258
-107.2997301502258
-107.29098452719437
-107.29098452719437
-107.28224265542578
-107.28224265542578
-107.27350379516564
-107.27350379516564
-107.26476794688378
-107.26476794688378
-107.25603511105163
-107.25603511105163
-107.247306028594
-107.247306028594
-107.2385799596107
-107.2385799596107
-107.2298569045781
-107.2298569045781
-107.22113686397404
-107.22113686397404
-107.21242057888516
-107.21242057888516
-107.20370730926348
-107.20370730926348
-107.1949970555918
-107.1949970555918
-107.18629055907957
-107.18629055907957
-107.17757301856471
-107.17757301856471
-107.16885849580483
-107.16885849580483
-107.16014699129049
-107.16014699129049
-107.15143924639823
-107.15143924639823
-107.14273452081757
-107.14273452081757
-107.13403281504405
-107.13403281504405
-107.12533412957477
-107.12533412957477
-107.11663920595413
-107.11663920595413
-107.10794730371782
-107.10794730371782
-107.0992140206497
-107.0992140206497
-107.09048450172438
-107.09048450172438
-107.0817580063636
-107.0817580063636
-107.07303453507707
-107.07303453507707
-107.06431482966889
-107.06431482966889
-107.05559814944233
-107.05559814944233
-107.04688449491209
-107.04688449491209
-107.03817460801267
-107.03817460801267
-107.02945368927264
-107.02945368927264
-107.02073579815189
-107.02073579815189
-107.01202167671804
-107.01202167671804
-107.0033105840351
-107.0033105840351
-106.99464691976445
-106.99464691976445
-106.98598628468943
-106.98598628468943
-106.97732942105189
-106.97732942105189
-106.96867558774994
-106.96867558774994
-106.96002478531344
-106.96002478531344
-106.95137775611818
-106.95137775611818
-106.94273375893913
-106.94273375893913
-106.9340927943111
-106.9340927943111
-106.92545486277048
-106.92545486277048
-106.91682070687342
-106.91682070687342
-106.90818958522871
-106.90818958522871
-106.8995614983777
-106.8995614983777
-106.8909371890133
-106.8909371890133
-106.88230185944178
-106.88230185944178
-106.87366956668582
-106.87366956668582
-106.86504031129465
-106.86504031129465
-106.85641483614688
-106.85641483614688
-106.84779239955655
-106.84779239955655
-106.83917300207796
-106.83917300207796
-106.83055738672944
-106.83055738672944
-106.82194481169616
-106.82194481169616
-106.81333527753738
-106.81333527753738
-106.80472878481395
-106.80472878481395
-106.79612607673234
-106.79612607673234
-106.78752641130379
-106.78752641130379
-106.7789297890942
-106.7789297890942
-106.77033695345258
-106.77033695345258
-106.76174716225852
-106.76174716225852
-106.75316041608292
-106.75316041608292
-106.74457745841853
-106.74457745841853
-106.7359975470121
-106.7359975470121
-106.72742068243959
-106.72742068243959
-106.71884686527852
-106.71884686527852
-106.71027683921498
-106.71027683921498
-106.70169580888623
-106.70169580888623
-106.69311782812466
-106.69311782812466
-106.6845436407644
-105.51747916083772
-103.34671921799949
-101.6469348902534
-101.63920249697333
-101.63920249697333
-101.63071137462228
-101.63071137462228
-101.63071137462228
-101.62244054756042
-101.61339819993502
-101.61339819993502
-101.60435901584744
-101.60435901584744
-101.59532299532735
-101.59532299532735
-101.58629013840589
-101.58629013840589
-101.57726044511558
-101.57726044511558
-101.56822003016214
-101.56822003016214
-101.55918277893203
-101.55918277893203
-101.5501486914634
-101.5501486914634
-101.54111776779588
-101.54111776779588
-101.53207612269146
-101.53207612269146
-101.52303685063232
-101.52303685063232
-101.51400074252233
-101.51400074252233
-101.50496779840776
-101.50496779840776
-101.49593801833639
-101.49593801833639
-101.48689751715108
-101.48689751715108
-101.47786018014071
-101.47786018014071
-101.46882600735869
-101.46882600735869
-101.45979499885982
-101.45979499885982
-101.45076715470042
-101.45076715470042
-101.44172858981739
-101.44172858981739
-101.43269318942778
-101.43269318942778
-101.4236609535935
-101.4236609535935
-101.41463188237792
-101.41463188237792
-101.40560597584584
-101.40560597584584
-101.39656934904126
-101.39656934904126
-101.3875358870964
-101.3875358870964
-101.37850559008177
-101.37850559008177
-101.36947845806928
-101.36947845806928
-101.36044060619831
-101.36044060619831
-101.35140591952421
-101.35140591952421
-101.34237439812462
-101.34237439812462
-101.33334604207857
-101.33334604207857
-101.32432085146657
-101.32432085146657
-101.31528494155867
-101.31528494155867
-101.30625219730192
-101.30625219730192
-101.29722261878248
-101.29722261878248
-101.28819620608805
-101.28819620608805
-101.27917295930772
-101.27917295930772
-101.27013899385514
-101.27013899385514
-101.26110819455614
-101.26110819455614
-101.25208056150554
-101.25208056150554
-101.24305609479958
-101.24305609479958
-101.23403479453602
-101.23403479453602
-101.2250027762851
-101.2250027762851
-101.21597392473849
-101.21597392473849
-101.20694823999962
-101.20694823999962
-101.19792572217341
-101.19792572217341
-101.1889063713662
-101.1889063713662
-101.17989018768587
-101.17989018768587
-101.17086328690716
-101.17086328690716
-101.16183955354356
-101.16183955354356
-101.15281898770859
-101.15281898770859
-101.1438015895173
-101.1438015895173
-101.13478735908619
-101.13478735908619
-101.12576241237485
-101.12576241237485
-101.11674142491458
-101.11674142491458
-101.10772360566799
-101.10772360566799
-101.09870895475916
-101.09870895475916
-101.08969747231365
-101.08969747231365
-101.0806752744898
-101.0806752744898
-101.0716562454636
-101.0716562454636
-101.06264038536631
-101.06264038536631
-101.05362769433071
-101.05362769433071
-101.04461817249107
-101.04461817249107
-101.03559793621723
-101.03559793621723
-101.0265808694963
-101.0265808694963
-101.01756697246829
-101.01756697246829
-101.00855624527472
-101.00855624527472
-100.99954868805857
-100.99954868805857
-100.99054430096429
-100.99054430096429
-100.98152920063218
-100.98152920063218
-100.97251727080544
-100.97251727080544
-100.96350851163432
-100.96350851163432
-100.95450292327055
-100.95450292327055
-100.94550050586736
-100.94550050586736
-100.93648737630488
-100.93648737630488
-100.92747820953461
-100.92747820953461
-100.9184722143167
-100.9184722143167
-100.90946939081198
-100.90946939081198
-100.90046973918281
-100.90046973918281
-100.89147325959304
-100.89147325959304
-100.88246606922841
-100.88246606922841
-100.87346205133704
-100.87346205133704
-100.86446120608858
-100.86446120608858
-100.85546353365417
-100.85546353365417
-100.84646903420645
-100.84646903420645
-100.83746382520009
-100.83746382520009
-100.82846178963713
-100.82846178963713
-100.81946292769604
-100.81946292769604
-100.81046723955679
-100.81046723955679
-100.8014747254008
-100.8014747254008
-100.79248538541106
-100.79248538541106
-100.78348533738169
-100.78348533738169
-100.77448925567224
-100.77448925567224
-100.76549634883271
-100.76549634883271
-100.75650661705376
-100.75650661705376
-100.74752006052752
-100.74752006052752
-100.7385227973466
-100.7385227973466
-100.72952870992584
-100.72952870992584
-100.72053779846327
-100.72053779846327
-100.71155006315837
-100.71155006315837
-100.70256550421219
-100.70256550421219
-100.69358412182723
-100.69358412182723
-100.68459203447061
-100.68459203447061
-100.67560312420959
-100.67560312420959
-100.66661818312059
-100.66661818312059
-100.65763641958027
-100.65763641958027
-100.64865783380044
-100.64865783380044
-100.63968242599437
-100.63968242599437
-100.63069631502319
-100.63069631502319
-100.6217133825881
-100.6217133825881
-100.61273362890823
-100.61273362890823
-100.60375705420431
-100.60375705420431
-100.59478365869849
-100.59478365869849
-100.58581344261452
-100.58581344261452
-100.58581344261452
-100.58581344261452
-100.58581344261452
-100.58581344261452
-100.58581344261452
-100.58581344261452
-100.58581344261452
-100.58581344261452
-100.58581344261452
