-392.83842768732796
-395.6970143167679
-398.5753262294635
-401.47293935989785
-404.3894084668487
-407.3243585351273
-410.2773931084711
-413.2481246535809
-416.2361439497305
-419.2411113423801
-422.2626651604021
-425.30045204167567
-428.3541267754371
-431.4233217550081
-434.5077380194444
-437.60705386253153
-437.7371621040466
-439.70404224002857
-441.698498788747
-443.72012979218516
-445.768595610035
-447.7840681386081
-447.8454491069495
-447.8460473391686
-446.9133291209992
-446.0146563299273
-445.1502361697968
-444.9509271172754
-444.95100440555797
-444.95100440555797
-441.05395936081396
-437.15876745720414
-433.26547862849213
-429.3741473079382
-425.48482443342465
-421.5975655414384
-417.71242820572365
-413.8294721300525
-409.94872927826214
-406.0702939085073
-402.19423272447153
-398.32061797775714
-394.44951868556103
-390.5810095886064
-386.7151683672416
-382.8520757846199
-378.9918158381525
-375.13447591978667
-371.28015026103543
-367.4289303738808
-363.58091489560326
-359.7362065999913
-355.8949126115576
-352.0571446328707
-348.2230191859223
-344.3926578685198
-340.56619127732733
-336.7439704976288
-332.925945857019
-329.11226741897667
-325.30311781514456
-321.4986276433066
-317.698742405077
-313.9037899795136
-310.11398196957344
-306.3295092436873
-302.5505719446125
-298.77738004035945
-295.01015391329605
-291.2491294109869
-287.49454539818817
-283.74665746803163
-280.00573442975525
-276.2720591386236
-272.5459293860711
-268.8276588549064
-265.1175781448216
-261.41604090302957
-257.7234100910161
-254.04007401033198
-250.36644280601004
-246.7029499390921
-243.05005377155007
-239.40821086626065
-235.77796320352223
-232.1598604151902
-228.55447334513576
-224.96241327358481
-221.38432881907642
-217.8209086101131
-214.27288416488253
-210.74103299490454
-207.2261885393488
-203.72922425685167
-200.2510767669242
-196.7927436819967
-193.35528809507872
-193.35622907332117
-189.3974569504221
-189.39845502416551
-185.53044959875749
-181.6682040337539
-177.81200255842825
-173.96229857322282
-170.11952634816507
-166.28420125569738
-166.28509028204678
-163.22303462008614
-160.2023487452991
-157.22541721742894
-154.2947614650564
-151.41308009957848
-148.58322535111063
-145.80819743737908
-143.0912037282712
-140.43560995113302
-137.84495217945366
-135.32297293678687
-132.87358301034206
-130.50087138637724
-128.20907842912095
-126.00263649323843
-123.88610458648878
-121.86415306775983
-119.94158011997233
-118.1232385421718
-116.41401236982199
-114.81875919738717
-113.34230717919387
-111.98935495106808
-110.76441277317073
-109.67178552104579
-108.71546245419358
-107.89905370997424
-107.31653594575191
-107.33032959230457
-107.33032959230457
-107.32957235393808
-107.32861231085481
-107.32760546468374
-107.32672215779088
-110.45844068146751
-113.6446350945075
-116.8808645073609
-120.16307244003404
-123.48759239051041
-126.85111240698738
-130.25059704004138
-133.6833023362693
-137.14673353587216
-140.63863590615048
-144.15692573416328
-147.69971706222537
-151.2652880766518
-154.85208021197263
-158.45863797410243
-162.08364168782143
-165.72588067798108
-169.38425814365706
-173.0577360579167
-176.74537260001873
-180.4462994992231
-184.159730525489
-187.88490955161785
-191.62115146948125
-195.36782104874607
-199.12432984372577
-199.12347268863556
-202.0763345084827
-205.06470161908413
-208.08701536787186
-211.14181775051057
-214.22774802953558
-217.34345171468433
-220.48766526310337
-223.65921709640546
-226.85693140753975
-230.07971576194393
-230.20229104708486
-228.10159104922874
-228.09603659904172
-228.09603659904172
-228.09647470409195
-225.68965500975045
-223.32850801224757
-221.0145293047045
-218.74918374103646
-216.53399806999852
-216.53470423505513
-213.22631931053033
-209.9419733786612
-206.68284100636606
-203.45012075394533
-200.24510458022164
-197.06913128515396
-193.92362582278318
-190.81011213416852
-187.73016453425598
-184.6854652736756
-181.6777983626547
-178.70902163011263
-175.78112000966894
-172.89615251329016
-170.05630452369073
-167.26388819533264
-164.52998013735564
-161.8346717970007
-159.19419902140197
-156.61137086514898
-154.0890879129361
-151.63031506873557
-151.6310694160588
-151.6320241406842
-151.6330212983303
-151.6339134080672
-148.54615370808042
-145.50285266531392
-142.50686652652672
-139.56122459368274
-136.669192410521
-133.83424916913924
-131.0600993473873
-128.35068471293118
-125.71017665372311
-123.14301966659494
-120.65389891371852
-118.24774224926975
-115.92970071153806
-113.70517851296677
-111.57976722394567
-109.55923712243283
-107.64949380887855
-105.85651810491038
-104.18635412939544
-102.64499667839618
-101.23832881666475
-99.97202108638646
-98.85148350305879
-97.88172216990617
-97.06725645529737
-96.41202160915469
-96.41202160915469
-96.41202160915469
-96.41202160915469
-96.41202160915469
-96.41202160915469
-96.41202160915469
-96.41202160915469
-96.41202160915469
-96.41202160915469
-96.41202160915469
