-392.8369777227786
-395.694775189769
-398.5729747645559
-401.471107492663
-404.38877502215774
-407.3255271236092
-410.28098440957945
-413.25471546443146
-416.24635885596695
-419.25550056513794
-422.28176670697314
-425.3248219633722
-428.3842778965485
-431.4598163690706
-434.55106521373256
-437.6576920083012
-440.77940095016305
-443.91584470532985
-447.06674239962217
-450.2317615552312
-453.4106053350752
-456.6029847508436
-459.8086489238731
-463.02729109977315
-466.258643444939
-469.5025013624051
-472.75855040913825
-476.026537839298
-479.30622174342324
-482.59736094946305
-485.89972513230873
-489.2130841439514
-492.53727863649647
-495.87202891080676
-499.21712618402915
-502.57236078508004
-505.93753393160534
-509.312445447627
-512.6969060645996
-516.0907246328834
-519.4937175481517
-522.9057684077746
-526.3265692868957
-525.2371721145709
-524.2668218053193
-523.436713537458
-522.7640662117167
-522.2628386388503
-521.9435520850242
-521.8129380891794
-521.8736772775815
-521.4210263154358
-520.999742944084
-520.6099628443084
-520.2517602761009
-519.9251967898141
-520.1239757012377
-519.2608911205407
-519.5291432524008
-518.1692767758153
-516.837803574637
-515.5349985770396
-514.2610246923148
-513.0160971391682
-511.80048212845855
-510.6143347825114
-509.4579194207813
-509.27813955041864
-507.8451511725399
-508.4065146574504
-506.48032833088547
-504.57947876093
-502.7041954880983
-500.854828981734
-499.03166196455874
-497.2349822847733
-495.4650208522462
-493.722122519474
-492.0065745724859
-490.31860737563704
-488.6585637672655
-487.0267289820318
-485.4233592794186
-483.84902142116084
-482.303650752972
-480.78759768391245
-479.30115537671344
-477.84457220696106
-476.41816300182956
-475.02215859580014
-473.65686900968336
-474.19604911069524
-472.33484203043986
-470.5012538074976
-468.69559560316577
-466.91821858059944
-465.1694200899124
-465.1694200899124
-464.9920406050823
-464.8501164217254
-464.8501164217254
-465.62168551196595
-466.0535449375834
-466.0535449375834
-467.14188193414594
-467.9034315631858
-467.9034315631858
-469.288867716661
-470.36573609439233
-471.7881375060169
-471.7881375060169
-473.46337532322804
-475.83958547570614
-478.23833044190764
-480.6592477756232
-483.1020123738073
-485.5662862969641
-488.0517689458339
-490.5580956787654
-493.08496599017917
-495.63207257674327
-495.32002094042537
-493.72457959252836
-492.1564771367789
-490.6159757142252
-490.6159757142252
-493.4681995501719
-496.3370193538768
-499.2221241909501
-502.12325783309643
-505.0401440126925
-507.97252956482447
-510.9201299336967
-511.2012996127103
-509.3696884189387
-507.56299122240443
-505.7814750083356
-505.7814750083356
-508.81268209943573
-511.8579162260558
-514.9168863595032
-517.9893732256002
-521.0751317821451
-524.1739336446514
-527.2855246289148
-530.4097034147316
-530.6664608239898
-528.6229282513733
-526.6018493185691
-526.6018493185691
-529.8032316792518
-533.0160462297616
-536.2400819516114
-539.475137765813
-542.7210167154002
-545.9775258827146
-549.2457306590607
-552.5225396241622
-552.731342508669
-552.3679007744034
-551.0479815589291
-550.8861406013681
-550.6244047225109
-550.3992346464723
-550.2030533330837
-550.0358918006141
-549.8977765139339
-549.788729363619
-549.788729363619
-551.4443876035901
-553.125023514478
-554.8304101860656
-556.5602960731682
-558.314458773673
-560.0926886682879
-561.8947336201044
-561.9799919027029
-561.5662312676725
-561.180677670013
-560.8233892848586
-560.4944201653751
-560.1938202023181
-559.9216350865512
-559.9216350865512
-561.7242724785605
-563.5504987042165
-565.400091202655
-567.2728211391392
-569.1684787813862
-571.0868171099563
-573.0276273008689
-574.9906628220027
-576.9756965838005
-578.9824224608423
-578.6701743903968
-578.5639766207435
-578.6047392221259
-578.6977742858763
-579.6813282147292
-580.7168505282053
-581.7782147665323
-582.8651212139786
-583.9773798874701
-585.1148697602493
-586.2774439723421
-587.4649536004698
-587.4649536004698
-587.8594301893896
-588.2819472507288
-588.7324255830298
-589.2108197517415
-589.7170619466763
-590.2510806490092
-590.8127810999936
-591.4021037830239
-592.0188179205538
-591.9961424016672
-591.6045691601743
-591.7461294736826
-590.3017822225919
-588.8821039785612
-589.2592268488667
-591.5654494796104
-593.9337466193508
-596.319469666641
-598.7223870524307
-601.1423153550023
-603.5790499688846
-606.0323881696963
-608.5021291321382
-610.9880739461131
-613.4900256310386
-613.4900256310386
-612.4044990663007
-611.3442983213519
-610.309535973958
-609.3003609671166
-608.316834453849
-607.3591479112299
-606.4274037879165
-605.5217417940518
-604.6422588771328
-604.9159999509957
-603.0872415503579
-601.2805294753214
-601.7311719091159
-599.0870877637313
-596.4589281971676
-593.8469046027858
-594.4445485054057
-597.7456843183523
-601.0553092289235
-604.3732837750031
-607.6994711922382
-611.0337599908326
-614.3759734490695
-617.726005128561
-621.0837285184118
-624.4490195413997
-627.8217565039781
-627.8217565039781
-625.5577722954374
-623.3121569702838
-621.0850843842567
-618.8767800762881
-616.6874451845682
-614.5172804455235
-612.3668035341798
-612.7250692444867
-609.7303473303903
-606.7479566678321
-603.7780586444084
-604.4300572870908
-600.8792227020225
-597.3345548094227
-593.7961859406124
-590.264207205214
-589.7650460955687
-593.6681146561755
-597.6318391825008
-601.5960652304012
-605.5607619331518
-609.5259201065469
-613.4915308027661
-617.4575853028492
-621.4240751094576
-625.390991939906
-629.3583277194556
-633.3260745748553
-637.2942248281212
-641.2627709905449
-641.2627709905449
-637.8076262135112
-634.3594433279994
-630.918335650815
-627.4843979893429
-624.0577487548187
-620.6385303653568
-617.2268445229853
-613.822838682274
-613.3352525027926
-609.4238512380313
-605.5137996174453
-601.6051459999393
-597.6978957361312
-593.7920979220507
-593.267476292721
-589.3053602887297
-585.3435646883584
-581.3820961368203
-582.1576597453895
-585.7964536405786
-589.4301821740823
-593.0828364154886
-596.7695895131053
-600.4603526989266
-604.1550524804691
-607.8536170746353
-611.5559763606569
-615.2620618344962
-618.971784141861
-622.6851226770407
-626.4019911538946
-630.1223271067979
-633.8460694790882
-633.8460694790882
-629.8504699016424
-625.8549249262421
-621.8594355459666
-617.8639575230703
-613.8685371629418
-609.8731755573706
-605.8778964768243
-601.8826784497254
-601.3629339733038
-597.5651173816855
-593.7695364908263
-589.9762778971696
-586.1853637284937
-585.7239245594192
-588.8614610616008
-592.00939599464
-595.167564361747
-598.3358041189498
-601.513956124932
-604.7018640912919
-607.8993514884867
-611.1062904747265
-614.3225330300506
-617.5479337931213
-617.5479337931213
-613.6574367648989
-609.7680835384584
-605.8798293235559
-601.9927623649003
-598.1068589632184
-594.2221686841709
-593.7292405700344
-590.3999378403339
-590.3999378403339
-589.908871120491
-586.4749635545093
-583.0476465635198
-579.6270141377885
-579.6270141377885
-579.128459433024
-579.7813750283831
-582.7130201362475
-585.6573098649302
-588.6140544665604
-591.5830671920177
-594.5641875174981
-594.5641875174981
-590.7808392710484
-586.9999542972896
-586.5404819059446
-586.5404819059446
-586.068344579527
-582.8351463780091
-582.8351463780091
-582.352412834703
-579.008402896361
-579.008402896361
-578.5161227864071
-578.1155441664778
-580.6819805204458
-583.264556282169
-585.8630580166044
-588.4772747538703
-588.4772747538703
-584.8908684593699
-581.3092995672077
-580.886184608762
-583.6538679965973
-583.6538679965973
-579.980700339535
-579.5416231005919
-579.5416231005919
-579.088099341502
-579.088099341502
-575.2729317183231
-571.4598829262429
-567.6490391953062
-563.840424977691
-563.3752966684824
-563.3752966684824
-559.5101434352501
-555.6465459321896
-551.7845802741651
-547.924237397632
-544.0655751698528
-540.208626701931
-536.3534317003938
-535.8194796568949
-536.4136813925084
-539.0115263583484
-541.6264521447733
-544.2582125539287
-546.906564557005
-546.906564557005
-543.3002302464324
-539.6988956675448
-536.1026850190875
-532.5117017820519
-528.926029120178
-525.3457788855111
-521.7710142648855
-521.3496730653544
-524.1061623551465
-524.1061623551465
-520.4389131675481
-519.135906700844
-519.135906700844
-515.2741216705197
-511.41408997568544
-507.5558953881286
-503.69955942568623
-499.8451456119644
-495.99269848293017
-492.14222084167096
-488.2938031382326
-484.4474735507299
-480.60330301044877
-476.76132273892756
-472.9216070360284
-469.08419041513014
-465.24915081000626
-461.4165041276855
-457.5863545013469
-453.7587649562341
-449.93377948892044
-446.11148645588196
-442.2919342205938
-441.8248239311282
-441.4674617202661
-443.653925316471
-445.86555286253144
-448.10197176516505
-450.3628126965709
-452.6477097145465
-454.95630037334575
-454.95630037334575
-451.5573136042783
-448.16759784362716
-444.7873853308813
-441.4168507794001
-438.0562403792541
-434.70576178028614
-431.3656736777854
-428.0362190054489
-427.65665383811705
-430.03798595525205
-432.4432043714259
-434.8719127510385
-434.8719127510385
-431.3967140408203
-427.93007697956483
-424.47216774676696
-421.0232451454836
-417.583488258543
-414.15316925545113
-410.73248102493386
-407.3216668049723
-406.9286505245992
-409.4301572142503
-409.4301572142503
-409.01709700187394
-411.6995315359328
-411.6995315359328
-408.0730681706005
-404.45310193024665
-400.8398092282022
-397.2333720060389
-393.63400044658147
-390.0418464476716
-386.4571550840655
-382.8801142753606
-382.4585860773537
-382.4585860773537
-378.8003942509445
-378.364322625094
-378.364322625094
-374.6326592950588
-370.9061258354905
-367.1848766502047
-363.4690527553932
-359.7649359050702
-359.31957209738715
-359.84322797783057
-362.0567629303831
-364.30076891806266
-366.5746863512224
-368.87796207044386
-368.87796207044386
-365.4817973188265
-362.09727906753477
-358.72475921998966
-355.3645792660749
-352.0170700804168
-348.6826192754252
-348.3024785779922
-350.69133445900275
-350.69133445900275
-347.24043247993234
-343.8007351396289
-343.40303583142446
-345.94842867097145
-345.94842867097145
-342.40134078404503
-338.86374531318626
-335.33589933661835
-331.81815806757413
-328.3108460796903
-324.8143009933628
-324.8143009933628
-320.8409761455787
-316.8681178655035
-312.89574742252586
-308.9239036270896
-304.95258313642626
-300.9818202600963
-297.01163715695066
-293.0420338482308
-289.07305828108525
-289.07305828108525
-285.2345176966286
-281.40071794442736
-277.57186533554744
-273.74813406715543
-269.92977598943384
-266.1170220806061
-262.31010626487733
-258.5092966626654
-254.7148560833965
-250.9270725552625
-247.14626376908757
-243.37274410612397
-243.37274410612397
-240.43353561283283
-237.52601363527344
-237.52601363527344
-235.9667824917103
-234.46639872198224
-233.0259882274923
-231.64668007728596
-230.3295728865046
-229.075728321134
-229.075728321134
-229.4674897639745
-229.92921651532907
-230.46048824647386
-231.0608131325579
-231.7296666514667
-232.46646610198724
-233.27055900838948
-234.1412394392809
-235.07779333706924
-236.07941894854113
-237.1452834894953
-238.2745515048985
-239.4663069127237
-239.4663069127237
-242.09381545377929
-244.75925168018105
-247.46135602967453
-250.19897362451457
-252.97095165607683
-255.77616705985955
-258.61354461241444
-261.4820092716672
-264.3805708239536
-267.3082561524827
-270.2641190187034
-273.24724522696647
-276.25671797604616
-279.29171867797544
-282.35142440454604
-285.4350119120776
-288.54174379095645
-291.67087636485854
-294.8217012080547
-297.99350120279155
-301.18564230209927
-304.3974849133585
-307.62837893156905
-310.8777631563484
-314.145034539387
-317.4296697589739
-320.73113572903316
-324.04888862140746
-326.31946493218425
-325.7776573973918
-325.4058342391403
-325.2301259003821
-324.91083756621725
-324.6603030944418
-324.4655061980984
-324.3199299784242
-324.2236407355887
-324.1766823882903
-324.17907637373077
-324.2308215987188
-324.2308215987188
-325.738433263385
-327.2889543918585
-328.8818022748749
-330.51636524762404
-332.1919983401821
-333.90811619887813
-335.6640941620413
-337.45931031888307
-339.2931123794164
-339.4424971472212
-339.9955366359388
-339.98426887804976
-340.47602212509116
-341.0328167182269
-341.635550497077
-342.28397088917626
-342.9778187746731
-343.71681904549126
-344.5006811279448
-345.3290995268619
-345.3290995268619
-346.0900181916614
-346.8964426243421
-347.7480561590194
-348.64455711779914
-349.58557097197485
-350.57073922326
-351.59969067712103
-352.6720420828221
-353.7874018010864
-353.6781128245149
-353.7776121842949
-353.71427024224363
-352.46028535347415
-351.2484486372231
-350.984500411351
-353.3695928993259
-355.8284371052197
-358.3150627350034
-360.82889390564037
-363.3693673475745
-365.9359281773455
-368.52803134969844
-371.1451416965921
-373.786733946662
-373.786733946662
-372.52878695378934
-371.3107202248221
-370.1328943007905
-368.9956980210705
-367.89953807472756
-366.84475218862286
-365.83172829903384
-364.8607840383665
-363.93243452643145
-364.21474463982065
-362.3533173137974
-362.12882324080294
-365.12190865134426
-368.1341218711503
-371.1649972016431
-374.21408119251606
-377.28093237139984
-380.3651223545787
-383.46623152897814
-386.5838527262868
-389.7175896733483
-389.7175896733483
-387.8057718199826
-385.92690278438903
-384.0814358845233
-382.26988385623605
-380.49273237481594
-378.75046442585153
-377.0435647260342
-375.372485364057
-375.79673015776126
-373.27615544762756
-370.78244026540386
-368.31613000905475
-367.9273800793971
-371.3140741045017
-374.71285845832114
-378.1234071171163
-381.54540460557945
-384.97854562474305
-388.42253469254024
-391.8770857967344
-395.34192205992116
-398.8167754162964
-398.8167754162964
-396.3947389239389
-393.99928959276247
-391.630915136156
-389.290108664115
-386.9773410218155
-384.69314860753536
-382.4380433178628
-382.0732306202655
-378.85005694140335
-375.6424524948812
-372.4508199914385
-369.275572808087
-368.81055797870016
-365.00575537365955
-361.20544012742977
-357.40978704141173
-353.61894557638766
-353.099855513028
-357.0389217122757
-360.9773730242633
-364.9215172979527
-368.9185630588948
-372.9156718348143
-376.91284162091574
-380.91007049652484
-384.9073566207237
-388.9046982282547
-392.9020936256743
-396.89954118773915
-400.8970393540079
-404.8945866256445
-408.8921815624083
-408.8921815624083
-405.1619521812133
-401.4372768945016
-397.7183117348854
-394.00521814886855
-390.29816403043725
-386.5973231342257
-382.90287564567836
-379.2150083414104
-378.703149266722
-374.7113468984443
-370.71970343622814
-366.7282551168489
-362.736977514794
-362.2156261354864
-366.0472551006934
-369.88244918057615
-373.7210986175793
-377.5630980208196
-381.40834615575375
-385.25674574560685
-389.1082032838201
-392.9626288568288
-396.819935976529
-400.6800414218345
-400.6800414218345
-396.72029650398315
-392.7614512258975
-388.8035641492924
-384.84666434004725
-380.89075171447064
-376.9358884199891
-372.9820768314659
-372.4571894285941
-368.5396264058887
-364.62357010169245
-360.70906928507674
-356.7961444055676
-356.3086465577209
-359.7156287061971
-363.1347070305952
-366.5655430559446
-370.0078097183961
-373.46119094266254
-376.92538123482836
-380.40008529012107
-383.885017615228
-383.885017615228
-379.9124768549332
-375.9403085259037
-371.96855589759656
-367.99723189105674
-364.02631996517437
-363.5230214258418
-359.9504455274172
-356.4097884010839
-356.4097884010839
-355.90016120432824
-352.2487004093122
-351.86208339376634
-354.73130413708213
-357.622245659425
-360.5343854575968
-363.4672140031142
-366.4202345179453
-369.39296258486615
-372.38492635874496
-375.39566590483787
-378.42473308441487
-378.42473328299957
-374.6177523053197
-370.81442011909724
-367.0148499566105
-363.2191598912484
-359.42747303838007
-355.63991744826257
-355.17934347823564
-355.17934363672765
-354.70628737604335
-354.7062875333154
-354.22197933872286
-350.8642287563065
-347.51937332344505
-344.18781968898224
-344.18781968898224
-343.6968468243051
-344.3290306096377
-347.1469237490134
-349.9878455501094
-352.8512397792935
-355.73656378187377
-358.6432882760518
-358.6432884737219
-354.8957778027984
-351.15338489145125
-347.4162442376269
-346.9601010947828
-346.96010126830856
-346.49581288589434
-346.49581305807675
-342.6335197766526
-342.15780271160077
-342.1578028768513
-341.67112918515016
-341.79631030824584
-344.36019601278775
-346.95125229563416
-349.5688748191529
-352.2124712675928
-352.2124714987608
-348.6077616751433
-345.01119924476353
-341.4230416157125
-337.8435567211159
-334.2730229070428
-330.71117120984184
-330.3548578971193
-333.0681723906313
-335.8072108808953
-335.8072110848148
-332.14847671980664
-328.49714830485766
-324.85347578729676
-321.21775087904035
-320.7621685202725
-323.62830784763656
-323.62830802834105
-319.9012988524337
-316.18045979987596
-312.4660420062522
-308.75824589646686
-305.05731355442293
-301.3635283653895
-297.67712546061836
-293.99866840905986
-293.6948174124926
-296.5841824064246
-296.5841824064246
-292.8449338516981
-289.11218650216387
-285.38619522023555
-281.6671969769529
-277.9555040533449
-277.2230035954104
-277.2230035954104
-273.4050054142804
-269.59183492229585
-265.783762143544
-261.980945977599
-258.18361977495664
-254.3922142780277
-250.60665310829862
-246.82779331157295
-243.05297296376892
-239.28748139014434
-238.7940004126484
-239.3437880408045
-241.7089524868788
-244.1167478792742
-246.56592530653595
-249.0552639348336
-251.58357162044027
-251.58357182865612
-248.04546150145558
-244.52095663100752
-241.0106539873933
-237.51518315869944
-234.03520862123978
-230.57143194657854
-227.1246855091287
-223.6955376836679
-223.31813096831686
-225.8414797633169
-228.40700598964162
-228.40700604495228
-224.84622182028795
-221.2997889303322
-217.7684399529012
-214.25288972733236
-210.75396034176788
-207.27249296784592
-203.80938156329367
-203.42683089262923
-206.0022855237587
-206.0022855237587
-202.4350536636581
-198.88366280750608
-195.34894501464532
-191.83185241395327
-191.563495187687
-191.563495187687
-188.00098703939636
-184.45575337357644
-180.92881117065053
-177.42132145168708
-177.0595982128275
-177.0595982128275
-173.48704294767467
-169.93287875008707
-166.3983385364023
-166.01603168107897
-166.01603168107897
-162.41553352297342
-158.83350755315487
-155.27120253757815
-151.73002246503353
-148.21151156877104
-144.71727641182315
-141.2491366804702
-137.809086976117
-134.399228582029
-131.0219889432903
-127.67990851892472
-127.47409166298412
-129.82844498475797
-132.261884798703
-134.77012716228336
-137.3490740473276
-137.3490740473276
-133.77700398643933
-130.2291071521928
-126.70741421418398
-123.21417214742559
-119.75187089027716
-116.32327344346422
-112.93154718782294
-112.56666044152672
-115.03450352389184
-117.58665324225387
-120.21774038025872
-120.21774038025872
-116.61410277788946
-113.03641198737822
-109.48721127720762
-105.96934842840881
-102.48606888210121
-99.04101899191568
-95.63832991100729
-92.28268741249092
-88.9795269900356
-88.6261427913307
-90.96604574014088
-93.41868019750561
-93.41868019750561
-89.91857046278629
-86.46098899428199
-83.05124393471016
-79.69554480117145
-76.40083427673073
-73.17566501024264
-72.83979104661434
-75.06711230971348
-77.43712001478976
-77.43712001478976
