60.0 450.0 0.38539817929267883
60.0 450.0 -0.014601826667785645
60.0 450.0 -0.4146018326282501
60.0 450.0 -0.8146018385887146
60.0 450.0 -1.2146018743515015
60.0 450.0 -1.6146018505096436
59.824832916259766 446.00384521484375 -1.6146018505096436
59.64966583251953 442.0076904296875 -1.6146018505096436
59.4744987487793 438.01153564453125 -1.6146018505096436
59.29933166503906 434.015380859375 -1.6146018505096436
59.12416458129883 430.01922607421875 -1.6146018505096436
58.948997497558594 426.0230712890625 -1.6146018505096436
58.77383041381836 422.02691650390625 -1.6146018505096436
58.598663330078125 418.03076171875 -1.6146018505096436
58.42349624633789 414.03460693359375 -1.6146018505096436
58.248329162597656 410.0384521484375 -1.6146018505096436
58.07316207885742 406.04229736328125 -1.6146018505096436
57.89799499511719 402.046142578125 -1.6146018505096436
57.72282791137695 398.04998779296875 -1.6146018505096436
57.54766082763672 394.0538330078125 -1.6146018505096436
57.39112091064453 390.1346740722656 -1.6068322658538818
57.265037536621094 386.21441650390625 -1.5990626811981201
57.16941452026367 382.29327392578125 -1.5912930965423584
57.1042594909668 378.37152099609375 -1.5835235118865967
57.069576263427734 374.4493713378906 -1.575753927230835
57.06536865234375 370.5270690917969 -1.5679843425750732
57.091636657714844 366.6048583984375 -1.5602147579193115
57.14837646484375 362.6829833984375 -1.5524451732635498
57.23450469970703 358.75543212890625 -1.5452966690063477
57.23450469970703 358.75543212890625 -1.9452966451644897
55.77128219604492 355.0326843261719 -1.9452948570251465
54.308067321777344 351.3099365234375 -1.9452931880950928
52.8448600769043 347.5871887207031 -1.945291519165039
51.381649017333984 343.8644104003906 -1.945291519165039
49.91843795776367 340.1416320800781 -1.945291519165039
48.455238342285156 336.41888427734375 -1.9452898502349854
46.992034912109375 332.69610595703125 -1.9452898502349854
45.528831481933594 328.97332763671875 -1.9452898502349854
44.06562805175781 325.25054931640625 -1.9452898502349854
42.60242462158203 321.52777099609375 -1.9452898502349854
41.13922119140625 317.80499267578125 -1.9452898502349854
39.67601776123047 314.08221435546875 -1.9452898502349854
38.21281433105469 310.35943603515625 -1.9452898502349854
36.749610900878906 306.63665771484375 -1.9452898502349854
35.286407470703125 302.91387939453125 -1.9452898502349854
33.823204040527344 299.19110107421875 -1.9452898502349854
32.36000061035156 295.46832275390625 -1.9452898502349854
30.896804809570312 291.7455749511719 -1.9452881813049316
29.43361473083496 288.0228271484375 -1.9452866315841675
27.970422744750977 284.300048828125 -1.9452866315841675
26.507230758666992 280.5772705078125 -1.9452866315841675
25.044038772583008 276.8544921875 -1.9452866315841675
23.580856323242188 273.1317443847656 -1.9452848434448242
22.117679595947266 269.4089660644531 -1.9452831745147705
20.654499053955078 265.6861877441406 -1.9452831745147705
19.19131851196289 261.9634094238281 -1.9452831745147705
19.19131851196289 261.9634094238281 -1.9452831745147705
19.19131851196289 261.9634094238281 -1.9452831745147705
19.19131851196289 261.9634094238281 -1.9452831745147705
19.19131851196289 261.9634094238281 -1.9452831745147705
19.19131851196289 261.9634094238281 -1.9452831745147705
19.19131851196289 261.9634094238281 -1.9452831745147705
19.19131851196289 261.9634094238281 -1.9452831745147705
19.19131851196289 261.9634094238281 -1.9452831745147705
19.19131851196289 261.9634094238281 -1.9452831745147705
19.19131851196289 261.9634094238281 -1.9452831745147705
