62.82817459106445 452.8282470703125 0.785427987575531
65.65626525878906 455.6565856933594 0.7854577898979187
68.48426818847656 458.4850158691406 0.7854875922203064
71.31218719482422 461.31353759765625 0.7855173945426941
74.14002227783203 464.1421203613281 0.7855471968650818
76.9677734375 466.9707946777344 0.7855769991874695
79.79544067382812 469.799560546875 0.7856068015098572
82.6230239868164 472.62841796875 0.7856366038322449
85.45052337646484 475.45733642578125 0.7856664061546326
88.27793884277344 478.2863464355469 0.7856962084770203
91.10527038574219 481.1154479980469 0.785726010799408
93.9325180053711 483.94464111328125 0.7857558131217957
96.75968170166016 486.77392578125 0.7857856154441833
99.58676147460938 489.603271484375 0.785815417766571
102.41375732421875 492.4327087402344 0.7858452200889587
105.24066925048828 495.2622375488281 0.7858750224113464
105.40786743164062 495.3756408691406 0.4062000513076782
109.08208465576172 496.9560546875 0.4062298834323883
112.75625610351562 498.5365905761719 0.4062597155570984
116.43038177490234 500.1172180175781 0.40628954768180847
120.10446166992188 501.6979675292969 0.40631937980651855
123.70603942871094 503.22918701171875 0.397676944732666
123.88140869140625 503.2659606933594 0.015704333782196045
123.8669662475586 503.2686462402344 -0.38281702995300293
127.57717895507812 501.774658203125 -0.38278719782829285
131.2874298095703 500.2807922363281 -0.38275736570358276
134.9977264404297 498.78704833984375 -0.3827275335788727
135.45730590820312 498.5060119628906 -0.7149349451065063
135.4572296142578 498.506103515625 -1.1149225234985352
135.4572296142578 498.506103515625 -1.5149223804473877
135.6805877685547 494.5124206542969 -1.5149295330047607
135.90391540527344 490.51873779296875 -1.5149366855621338
136.12721252441406 486.5250549316406 -1.5149438381195068
136.35049438476562 482.5313720703125 -1.5149509906768799
136.57374572753906 478.5376892089844 -1.514958143234253
136.79696655273438 474.54400634765625 -1.514965295791626
137.02015686035156 470.5503234863281 -1.514972448348999
137.24331665039062 466.556640625 -1.514979600906372
137.46644592285156 462.56292724609375 -1.5149867534637451
137.68954467773438 458.5692138671875 -1.5149939060211182
137.91261291503906 454.57550048828125 -1.5150010585784912
138.1356658935547 450.581787109375 -1.5150082111358643
138.3586883544922 446.58807373046875 -1.5150153636932373
138.58168029785156 442.5943603515625 -1.5150225162506104
138.8046417236328 438.60064697265625 -1.5150296688079834
139.02757263183594 434.60693359375 -1.5150368213653564
139.25047302246094 430.61322021484375 -1.5150439739227295
139.4733428955078 426.6195068359375 -1.5150511264801025
139.69619750976562 422.62579345703125 -1.5150582790374756
139.9190216064453 418.632080078125 -1.5150654315948486
140.14181518554688 414.63836669921875 -1.5150725841522217
140.3645782470703 410.6446533203125 -1.5150797367095947
140.58731079101562 406.65093994140625 -1.5150868892669678
140.8100128173828 402.6572265625 -1.5150940418243408
141.03268432617188 398.66351318359375 -1.5151011943817139
141.2553253173828 394.6697998046875 -1.515108346939087
141.4779510498047 390.67608642578125 -1.51511549949646
141.7006072998047 386.6825866699219 -1.5150856971740723
141.92337036132812 382.6890869140625 -1.5150558948516846
142.14625549316406 378.6955871582031 -1.5150260925292969
142.3692626953125 374.7021179199219 -1.5149962902069092
142.59239196777344 370.7086486816406 -1.5149664878845215
142.81558227539062 366.7149658203125 -1.5149736404418945
143.0387420654297 362.72125244140625 -1.5149807929992676
143.26187133789062 358.7275390625 -1.5149879455566406
143.48497009277344 354.73382568359375 -1.5149950981140137
143.70803833007812 350.7401123046875 -1.5150022506713867
143.9310760498047 346.74639892578125 -1.5150094032287598
144.15408325195312 342.752685546875 -1.5150165557861328
144.3770751953125 338.75897216796875 -1.5150237083435059
144.60003662109375 334.7652587890625 -1.515030860900879
144.82296752929688 330.77154541015625 -1.515038013458252
145.04586791992188 326.77783203125 -1.515045166015625
145.26873779296875 322.78411865234375 -1.515052318572998
145.4915771484375 318.7904052734375 -1.515059471130371
145.71438598632812 314.79669189453125 -1.5150666236877441
145.93716430664062 310.802978515625 -1.5150737762451172
146.15992736816406 306.80926513671875 -1.5150809288024902
146.38265991210938 302.8155517578125 -1.5150880813598633
146.60536193847656 298.82183837890625 -1.5150952339172363
146.82803344726562 294.828125 -1.5151023864746094
147.05067443847656 290.83441162109375 -1.5151095390319824
147.27328491210938 286.8406982421875 -1.5151166915893555
147.49586486816406 282.8469543457031 -1.5151238441467285
147.71841430664062 278.85321044921875 -1.5151309967041016
147.94094848632812 274.8594665527344 -1.5151381492614746
148.1634521484375 270.86572265625 -1.5151453018188477
148.38592529296875 266.8719787597656 -1.5151524543762207
148.60836791992188 262.87823486328125 -1.5151596069335938
148.83078002929688 258.8844909667969 -1.5151667594909668
149.05316162109375 254.8907470703125 -1.5151739120483398
149.2755126953125 250.89700317382812 -1.515181064605713
149.4978485107422 246.90325927734375 -1.515188217163086
149.72015380859375 242.90951538085938 -1.515195369720459
149.9424285888672 238.915771484375 -1.515202522277832
150.1646728515625 234.92202758789062 -1.515209674835205
150.3868865966797 230.92828369140625 -1.5152168273925781
150.38702392578125 230.9292755126953 -1.9151157140731812
149.03680419921875 227.16412353515625 -1.9151228666305542
149.03732299804688 227.16497802734375 -2.315023183822632
146.3277587890625 224.2226104736328 -2.315032958984375
143.61817932128906 221.28030395507812 -2.3150455951690674
140.90853881835938 218.33798217773438 -2.3150527477264404
138.19888305664062 215.3956756591797 -2.3150599002838135
135.48919677734375 212.45338439941406 -2.3150670528411865
132.7794952392578 209.51113891601562 -2.315075635910034
132.78030395507812 209.51173400878906 -2.7149744033813477
129.13888549804688 207.85659790039062 -2.7149815559387207
125.49745178222656 206.2014923095703 -2.7149887084960938
121.85600280761719 204.54641723632812 -2.714995861053467
118.21454620361328 202.891357421875 -2.71500301361084
114.57307434082031 201.236328125 -2.715010166168213
110.93159484863281 199.58132934570312 -2.715017318725586
107.29010009765625 197.9263458251953 -2.715024471282959
103.64859771728516 196.27139282226562 -2.715031623840332
100.007080078125 194.61647033691406 -2.715038776397705
96.36555480957031 192.96156311035156 -2.715045928955078
92.72401428222656 191.3066864013672 -2.715053081512451
89.08245849609375 189.65184020996094 -2.715060234069824
85.4408950805664 187.9970245361328 -2.7150673866271973
81.79931640625 186.34222412109375 -2.7150745391845703
78.15773010253906 184.6874542236328 -2.7150816917419434
74.51612854003906 183.03271484375 -2.7150888442993164
70.87451934814453 181.37799072265625 -2.7150959968566895
67.23289489746094 179.72329711914062 -2.7151031494140625
63.59125900268555 178.06863403320312 -2.7151103019714355
59.94961166381836 176.41400146484375 -2.7151174545288086
56.307952880859375 174.75938415527344 -2.7151246070861816
52.666282653808594 173.10479736328125 -2.7151317596435547
49.024600982666016 171.4502410888672 -2.7151389122009277
45.38290786743164 169.7957000732422 -2.715146064758301
41.74120330810547 168.1411895751953 -2.715153217315674
38.0994873046875 166.48670959472656 -2.715160369873047
34.45775604248047 164.83224487304688 -2.71516752243042
31.041542053222656 163.33560180664062 -2.7421886920928955
30.830490112304688 163.29055786132812 -3.120479106903076
30.830490112304688 163.29055786132812 2.7627062797546387
30.831331253051758 163.29000854492188 2.362807273864746
30.831892013549805 163.28916931152344 1.962908387184143
30.83208465576172 163.28817749023438 1.56300950050354
30.831876754760742 163.28720092773438 1.163110613822937
32.41780471801758 166.95928955078125 1.163103461265564
34.00375747680664 170.63136291503906 1.163096308708191
35.58973693847656 174.30343627929688 1.1630891561508179
37.175743103027344 177.97549438476562 1.1630820035934448
38.761775970458984 181.6475372314453 1.1630748510360718
40.347835540771484 185.319580078125 1.1630676984786987
41.933921813964844 188.99160766601562 1.1630605459213257
43.52003479003906 192.6636199951172 1.1630533933639526
45.10617446899414 196.3356170654297 1.1630462408065796
46.69233703613281 200.0076141357422 1.1630390882492065
48.278526306152344 203.67959594726562 1.1630319356918335
49.864742279052734 207.3515625 1.1630247831344604
51.450984954833984 211.0235137939453 1.1630176305770874
53.037254333496094 214.69546508789062 1.1630104780197144
54.62355041503906 218.36740112304688 1.1630033254623413
56.20987319946289 222.03932189941406 1.1629961729049683
57.79622268676758 225.7112274169922 1.1629890203475952
59.382598876953125 229.3831329345703 1.1629818677902222
60.968997955322266 233.05502319335938 1.1629747152328491
62.555423736572266 236.72689819335938 1.162967562675476
64.14187622070312 240.3987579345703 1.162960410118103
65.72835540771484 244.07061767578125 1.16295325756073
67.31485748291016 247.74246215820312 1.162946105003357
68.9013900756836 251.41429138183594 1.1629389524459839
70.48794555664062 255.0861053466797 1.1629317998886108
72.07453155517578 258.7579040527344 1.1629246473312378
72.07395935058594 258.757080078125 0.7630257606506348
74.96491241455078 261.5214538574219 0.7630185484886169
77.85588073730469 264.28582763671875 0.7630113363265991
80.74687194824219 267.0501708984375 0.7630041241645813
83.63788604736328 269.8144836425781 0.7629969120025635
86.52891540527344 272.57879638671875 0.7629896998405457
89.41996765136719 275.34307861328125 0.7629824876785278
92.31103515625 278.1073303222656 0.76297527551651
95.2021255493164 280.87158203125 0.7629680633544922
98.0932388305664 283.63580322265625 0.7629608511924744
100.98436737060547 286.3999938964844 0.7629536390304565
101.13534545898438 286.4971923828125 0.3810191750526428
97.42364501953125 285.01068115234375 0.3808496594429016
97.40758514404297 285.0077209472656 -0.01750648021697998
97.40758514404297 285.0077209472656 -0.4175064265727997
97.40676879882812 285.00830078125 -0.8174053430557251
100.14317321777344 282.0908508300781 -0.8174125552177429
102.87955474853516 279.1733703613281 -0.8174197673797607
105.61592102050781 276.2558898925781 -0.8174269795417786
108.35226440429688 273.33837890625 -0.8174341917037964
111.08858489990234 270.42083740234375 -0.8174414038658142
111.08805847167969 270.42169189453125 -1.2173402309417725
112.47258758544922 266.6690368652344 -1.2173473834991455
113.85709381103516 262.9163513183594 -1.2173545360565186
115.24156951904297 259.1636657714844 -1.2173616886138916
116.62602233886719 255.4109649658203 -1.2173688411712646
118.01044464111328 251.65826416015625 -1.2173759937286377
119.39484405517578 247.90554809570312 -1.2173831462860107
120.77921295166016 244.15281677246094 -1.2173902988433838
122.16355895996094 240.40008544921875 -1.2173974514007568
123.5478744506836 236.6473388671875 -1.2174046039581299
124.93216705322266 232.8945770263672 -1.217411756515503
126.3164291381836 229.14181518554688 -1.217418909072876
127.70066833496094 225.3890380859375 -1.217426061630249
129.0848846435547 221.63626098632812 -1.217433214187622
130.4690704345703 217.8834686279297 -1.2174403667449951
131.8532257080078 214.1306610107422 -1.2174475193023682
133.2373504638672 210.3778533935547 -1.2174546718597412
134.61277770996094 206.63917541503906 -1.2190886735916138
135.99073791503906 202.8841094970703 -1.2190968990325928
137.36866760253906 199.12901306152344 -1.2191040515899658
138.74658203125 195.37391662597656 -1.2191112041473389
140.1244354248047 191.6188507080078 -1.2191243171691895
141.5022735595703 187.8637237548828 -1.2191314697265625
141.5021209716797 187.86471557617188 -1.619030475616455
141.5023651123047 187.86569213867188 -2.0189294815063477
141.5029754638672 187.86648559570312 -2.4188284873962402
141.50384521484375 187.8669891357422 -2.818727493286133
137.71058654785156 186.59788513183594 -2.818734645843506
133.9173126220703 185.3288116455078 -2.818741798400879
130.12403869628906 184.0597686767578 -2.818748950958252
126.33075714111328 182.79074096679688 -2.818756103515625
122.53746032714844 181.52174377441406 -2.818763256072998
118.74415588378906 180.25277709960938 -2.818770408630371
114.95084381103516 178.9838409423828 -2.818777561187744
111.15752410888672 177.71493530273438 -2.818784713745117
107.36419677734375 176.446044921875 -2.8187918663024902
103.57085418701172 175.17718505859375 -2.8187990188598633
99.77750396728516 173.90835571289062 -2.8188061714172363
95.98414611816406 172.63955688476562 -2.8188133239746094
92.19078063964844 171.3707733154297 -2.8188204765319824
88.39740753173828 170.10202026367188 -2.8188276290893555
84.60401916503906 168.8332977294922 -2.8188347816467285
80.81062316894531 167.56460571289062 -2.8188419342041016
77.01721954345703 166.2959442138672 -2.8188490867614746
73.22380828857422 165.0272979736328 -2.8188562393188477
69.43038940429688 163.75868225097656 -2.8188633918762207
65.636962890625 162.49009704589844 -2.8188705444335938
61.84352493286133 161.22154235839844 -2.818877696990967
58.05007553100586 159.9530029296875 -2.81888484954834
54.25661849975586 158.6844940185547 -2.818892002105713
50.46315383911133 157.416015625 -2.818899154663086
46.669677734375 156.14756774902344 -2.818906307220459
42.87619400024414 154.879150390625 -2.818913459777832
42.87619400024414 154.879150390625 -2.818920612335205
42.87619400024414 154.879150390625 -2.818927764892578
42.87619400024414 154.879150390625 -2.818934917449951
42.87619400024414 154.879150390625 -2.818942070007324
42.87619400024414 154.879150390625 -2.8189492225646973
42.87619400024414 154.879150390625 -2.8189563751220703
42.87619400024414 154.879150390625 -2.8189635276794434
42.87619400024414 154.879150390625 -2.8189706802368164
42.87619400024414 154.879150390625 -2.8189778327941895
42.87619400024414 154.879150390625 -2.8189849853515625
