-390.66421909299265
-391.0506594935056
-391.1282107721921
-390.8906126880847
-390.35698096983737
-389.57041182542986
-388.59471222192786
-387.50953544929445
-383.5176854019208
-379.5260068736034
-375.53450533373797
-371.5431864865041
-367.55205628358567
-363.5611209377264
-359.57038693718533
-355.57986106116203
-351.58955039626886
-350.4083810318876
-346.49846379205053
-342.5906266221915
-338.6849415235244
-334.78148381664255
-330.88033237266137
-326.9815696758668
-323.0852822033613
-319.1918963160002
-315.3012019030247
-311.41329986219455
-307.5283266364167
-303.6463629734948
-299.76752586434543
-295.8919382599642
-292.01972956012247
-288.15103600444814
-284.28600112171205
-280.42477621424945
-276.5675210122775
-272.7140688670913
-268.86523183238154
-265.0208978035636
-261.180930966265
-261.1809311600391
-258.09839608375603
-255.04139841300992
-252.01089838273157
-249.00754191146706
-246.03255705396808
-243.08698547812173
-240.1719096350662
-237.28845324073336
-234.43778300375655
-231.6211094714051
-228.8396879925426
-226.0948195846055
-225.46547698673027
-225.12673398965845
-225.12673398965845
-225.12673398965845
-225.12673398965845
-225.12673398965845
-225.12673398965845
-225.12673398965845
-225.12673362112116
-227.80748663270288
-230.52647556924305
-233.2823634746493
-236.07385809473655
-238.89971126107105
-241.75871815300945
-244.64971645768014
-247.57158563200014
-250.52324531049905
-253.50365490167675
-256.51181227217313
-259.54675263012433
-262.60754738882423
-265.69330301937686
-268.80315989988185
-271.93629116765334
-275.0919015800324
-278.2692263885103
-281.46753023012076
-284.6861061039553
-287.9242740793706
-288.7232244710634
-291.19726460660434
-293.70494289459873
-296.24540510870423
-298.8178150918569
-301.4213548929009
-304.0552248451309
-306.7186435916868
-309.4108480625321
-312.13109340752413
-314.8786528898519
-315.5223338497738
-315.885194757473
-315.93843917813354
-315.6778522962069
-315.1242490192898
-312.67021400896226
-310.248341342074
-307.8593900651153
-306.3890314833248
-303.51487095694443
-300.6664517661584
-297.84451243931426
-295.0498127599713
-292.2831323710296
-289.54527609193644
-289.60174394764937
-285.9687734652261
-282.3457249984252
-282.3457249984252
-278.3490618299378
-274.35249613703854
-270.3560322425561
-266.3596747286447
-262.3634284565168
-258.36729858800487
-254.37129060915223
-250.37541035605983
-246.37966404324445
-242.3840582947973
-238.38860017867142
-234.39329724446958
-230.39815756515753
-226.40318978318544
-222.40840316157139
-218.41380764057968
-214.41941390072228
-210.4252334329213
-209.32074747264443
-205.43250547167833
-201.54863756474225
-197.6694015825531
-193.79507567988816
-189.92596034115672
-186.06238062331627
-182.2046886687857
-178.35326652610135
-174.50852932203657
-170.67092883592616
-166.84095753520347
-163.0191531409039
-159.2061038034017
-155.402453982264
-151.608911140236
-150.62163369030986
-147.38183397335615
-144.18021170161518
-141.01936717506513
-137.90210441378235
-134.83144624383527
-131.81064980425285
-128.84322224546827
-125.93293623119486
-123.08384537129537
-120.30029762772577
-117.58694775192336
-114.94876688450123
-112.3910485282567
-109.91940968115777
-107.53978572782795
-105.25841751840937
-103.08182893668568
-101.01679320659593
-99.07028514162121
-99.07028514162121
-99.07028514162121
-99.07028514162121
-99.07028514162121
-99.07028514162121
-99.07028514162121
-99.07028514162121
-99.07028514162121
-99.07028514162121
-99.07028514162121
