-392.7232872796108
-395.4284627174426
-398.11540678945505
-400.7785742922679
-400.7803635433851
-402.1287338286959
-403.4605409217485
-404.7756777604414
-404.77596589063575
-404.7756135531425
-403.6175918107339
-401.35041198536265
-399.0650854526002
-396.7617504628099
-394.4461586570421
-392.09958774649505
-389.7377910730526
-387.36087170591003
-384.9689586281185
-382.56214427375954
-380.1405489216628
-377.70428668272376
-377.70428668272376
-374.27680810560656
-370.8349777566834
-367.37900271786646
-363.90902889771473
-360.4252342339548
-356.9277937347998
-353.4168833674526
-349.89267761238426
-346.35535231755193
-342.80511499870477
-339.24211079396514
-335.6665467627035
-332.07863067389263
-328.47850992023535
-324.86642580417197
-321.24252994953235
-317.60706504947007
-313.9602177234056
-310.30217511629274
-306.63315468419955
-302.9533817497118
-299.26307921969857
-295.5624453092767
-291.8517170598549
-288.13112606632984
-284.4008880874542
-280.66127297212074
-276.9125062782291
-273.15484273151645
-269.38851555304024
-265.61379595778766
-261.8309559489716
-258.04028123595907
-254.24206364430975
-250.4365767129085
-246.6241307795648
-242.80501947958842
-238.97957035297088
-235.14813405842773
-231.31103867169412
-227.4686534476778
-223.62133844329944
-219.7695020098839
-215.91353482763262
-212.0538543662913
-208.19089520852248
-204.32513242885366
-200.45706692516964
-196.5871987906936
-192.72395809481603
-188.86002914567484
-184.9882019879518
-181.1170437140404
-177.24724614658382
-173.3795707988327
-169.51480133986945
-165.65380257644244
-161.80270026447351
-161.80270026447351
-158.42367654698555
-155.09295256143434
-151.8142663666224
-148.59161748353705
-145.42928507196547
-142.3318057121876
-139.30405014831024
-136.3511563628406
-133.47860799021265
-130.6921818209502
-127.99797337412716
-125.40238637826927
-122.91208912461057
-120.53404740600918
-118.27542799048179
-116.14358048455237
-114.14595977695423
-112.29006555240284
-110.58333709127051
-109.03307988209659
-107.64630361455946
-106.4296432667908
-105.38918279097425
-104.53035391313463
-103.85780829792317
-103.37528938781726
-103.08555523726321
-103.08585352533201
-103.08585352533201
-103.08585352533201
-103.08585352533201
-103.08585352533201
-103.08585352533201
-105.85850867116174
-108.6649169887969
-111.50209921318823
-114.36731322274669
-117.25805694107807
-120.17203517878723
-123.1071369588552
-126.06141841512037
-129.03310134202226
-132.02052838158076
-135.02219419950796
-138.03668950851122
-141.06271922057272
-144.09906296937322
-147.14461180800515
-150.19832992406054
-153.25923202819112
-156.32640776475014
-159.39901556026882
-162.47626255898845
-165.5573844590206
-168.64168697325283
-171.7285116338648
-174.81723171615553
-177.90725030353732
-180.99801143606257
-184.0889824695807
-187.17966768246896
-190.2695751581813
-193.35826017119746
-196.44527900300355
-199.53021538279918
-202.61266600520932
-205.6922830484304
-208.7686676725713
-211.84146217453613
-211.84241136900945
-211.84241136900945
-211.84241136900945
-211.84241136900945
-209.39806347639706
-206.95839546831417
-204.52396881729
-202.09538799688391
-199.67326477270367
-197.2582556958569
-194.85101082191824
-192.45223170490019
-190.06264349922208
-187.68297685723914
-185.31402553010133
-182.95660604535578
-180.6115473652576
-178.27974377589643
-175.9621056977259
-173.6595888113001
-171.37317488299743
-169.1039151183045
-166.85287656037042
-164.62119263244526
-162.41002422204693
-160.22060013475635
-158.05418760214303
-155.912099183314
-153.7957153140598
-151.70647367548642
-149.6458520689359
-147.61538763140533
-145.61678054094116
-145.61678054094116
-145.61678054094116
-145.61678054094116
-145.61678054094116
-145.61678054094116
-145.61678054094116
-145.69618637668063
-145.0333290738075
-144.5228325060441
-144.16646631913335
-143.96544265406752
-143.9204449178589
-144.03163935623394
-144.29862869180462
-144.7205080343373
-145.2958535050486
-146.0227503448766
-146.89879636319645
-147.9212054759065
-148.04563502499826
-150.47031705856227
-152.9979074379587
-155.61719234927048
-158.32320213233908
-161.11112631098172
-163.97635269800298
-166.91442626243062
-169.92111599424155
-172.9923682047376
-172.9923682047376
-176.76008172846022
-180.5429495483212
-184.33945868658637
-188.14815947154747
-191.96774278165788
-195.79694083120242
-199.63461191770202
-203.47965740298605
-207.33107120792596
-211.18785367066815
-215.04914611284727
-218.91405128316805
-222.7818074037181
-226.65163554960958
-230.52279722084336
-234.39461744781707
-238.2664537690437
-242.1376935048789
-246.0077215164535
-249.87600718415115
-253.7419833166201
-257.6051334899601
-261.4649885313911
-265.32107059200973
-269.17291625439117
-269.174272369486
-269.175368242723
-269.175368242723
-269.175368242723
-269.175368242723
-269.175368242723
-266.0518308652372
-262.9186522522014
-259.7760304656638
-256.62413010782484
-253.46314517421817
-250.29324677463438
-247.1146300238606
-243.9274637636824
-240.7319741365218
-237.52833265471904
-234.31674439666057
-231.09740937889129
-227.8728304250894
-224.63796665734716
-224.8359060129593
-221.0388481134218
-217.23482146346257
-213.42404919843605
-209.60683823041217
-205.7834605236769
-201.95421097703365
-198.11939680694204
-194.2793194508258
-190.4343292493804
-186.58475904433632
-182.7309797303056
-178.87335376882493
-175.01229959511426
-171.14822881016795
-171.14822881016795
-167.5142271885457
-163.90908256053794
-160.33534489672533
-156.7957834693028
-153.29335553634203
-149.831272532211
-146.41296843930365
-143.04215621532316
-139.87467971487442
-136.64453254683872
-136.64453254683872
-134.60695602185737
-132.69433491511842
-130.91247565766105
-129.26709002309505
-127.7637041706713
-126.40765540459905
-125.2039392128078
-124.1572054674366
-123.2716095171184
-122.55079664042165
-121.99780518466105
-121.61502202757943
-121.61502202757943
-121.61574200018887
-124.2298011201203
-126.94332481389755
-126.94332481389755
-126.94332481389755
-126.94332481389755
-130.47355009048846
-134.00282700760917
-137.53067648595317
-141.05665084833024
-144.5803145430501
-148.10130110458385
-151.61921849527099
-155.1337380993295
-158.64451612547336
-162.15125236380706
-165.65364272713035
-169.15139279885594
-172.64423198271078
-176.13191161674646
-179.6141585607212
-183.09075076894163
-186.56143942261173
-186.57099269245836
-189.11625318212376
-191.66913999446783
-194.2289476972973
-196.79499369478486
-199.3666314791529
-201.9432198331198
-201.94394611568802
-201.94394611568802
-201.94394611568802
-200.19458572541078
-198.4607241493815
-196.74305586534925
-195.04228522289367
-193.35915459073289
-191.6944012772279
-190.04877070087625
-190.04877070087625
-187.17667294240076
-184.307403618333
-181.44158037938192
-178.57984876529255
-175.722887351214
-172.8714054265515
-170.02616238353033
-167.1879453203002
-164.35760905968604
-161.5360367455056
-158.72417073444768
-155.92300135245094
-153.13360090107534
-150.35708802360347
-147.5946529580598
-144.84873555406975
-144.84755021337045
-144.84755021337045
-144.84755021337045
-144.84755021337045
-142.23846540089764
-139.72579432002598
-137.31525680427075
-135.01273164193933
-132.82422237625207
-130.755813541489
-128.8136367288932
-127.00381494521089
-125.33238680617025
-123.80523122467594
-122.4280016030213
-121.20603305689757
-120.14426879769827
-119.24717475898504
-118.5186269406858
-117.9618799871407
-117.57945525760339
-117.3731168631339
-117.34383303354646
-117.49173937833237
-117.81616686991177
-117.81616686991177
-119.76429694283733
-121.84594783801117
-124.05407970636472
-126.38171735417981
-128.81975423033413
-131.3672506353319
-134.01421147515916
-136.7544630555662
-136.7544630555662
-136.7544630555662
-136.7544630555662
-136.7544630555662
-136.6426913223474
-138.02923542076482
-139.46385128153196
-140.9448263383796
-142.4704841364551
-144.0391472609112
-145.64918340835035
-147.2989802684932
-148.98694877266547
-150.71153962577245
-152.47097195959543
-154.25902766354187
-156.0763744075
-157.92168236262512
-159.79363522009706
-161.6909611919937
-161.99727667156174
-161.99728169313477
-161.99673740168618
-161.99572804801514
-161.99440528102286
-161.99440528102286
-158.22532611755398
-155.3150804406669
-151.67915740947592
-148.0731617360152
-144.4999417355354
-140.96259664198695
-137.46450172102357
-134.00931730618439
-130.60104895771497
-127.24403111573122
-123.94300487477781
-120.70313520619379
-117.53002893916869
-114.42976720898663
-114.42976720898663
-112.60541364889276
-110.93114601645993
-109.41414945131595
-108.06129276350902
-106.87903254574694
-105.87328604127292
-105.04928750347813
-104.41146579361353
-103.96427081060425
-103.96444924825627
-103.96444924825627
-103.96444924825627
-103.96444924825627
-103.96444924825627
-103.96444924825627
-106.84385983400732
-109.75229139672929
-112.68704720476961
-115.64566607554644
-118.62588333642807
-121.6256535534692
-124.64308641230555
-127.67644489981559
-130.72414243129833
-133.784731299865
-136.85685755945804
-139.9392667028762
-143.03080795562096
-146.13042535953093
-149.23710381441376
-152.3499382732248
-155.46805125183985
-158.5906325701202
-161.7169340665596
-164.8462499314423
-167.97791220549573
-171.11128717811383
-174.24580226225186
-177.38088219604577
-180.51599200475775
-183.65064902194635
-186.784360383587
-189.91668150255816
-193.0471684316656
-196.17542252295866
-199.3010275108823
-202.4236388400426
-205.5428600035574
-208.65836678912444
-211.7698086567314
-214.87687518998817
-217.97926009598976
-221.07666302455294
-221.07760721632377
-221.07760721632377
-221.07760721632377
-221.07760721632377
-218.6632784740319
-216.25215301812932
-213.84473094419232
-211.44155714049916
-209.04315737402862
-206.65010622231802
-204.26299268770182
-201.882406415401
-201.882406415401
-198.49954050881988
-195.11041602951667
-191.71527073487556
-188.31434853296372
-184.90791446911976
-181.49621565509423
-181.49621565509423
-177.63849661383114
-173.77735339742958
-169.91321138730254
-169.91321138730254
-166.2795955276199
-162.67496833476787
-159.10189033271013
-155.5631533053773
-152.06175801209432
-148.60091810743614
-145.18413490632918
-145.18413490632918
-142.83668122416603
-140.59723907652304
-138.47141675183232
-136.46489239080913
-134.5833304526164
-132.83236890180126
-131.21751985938891
-129.7441340037205
-128.41731813184407
-127.24189221003788
-126.22227260410796
-125.36243076241136
-124.66580748583817
-124.13528187486028
-123.7730702878813
-123.7730702878813
-123.7730702878813
-126.40123215408398
-129.1269336515468
-131.94399607214825
-134.8460722881931
-135.01948315110255
-135.01948315110255
-135.01948315110255
-134.94240736310712
-137.473607437573
-140.0294535569604
-142.6082066560251
-145.2082531070233
-147.82803849908302
-150.46612132803497
-153.1211371194909
-155.7917931855164
-158.47686330003737
-161.17521336762803
-163.8857510253139
-166.60745228534824
-169.33934178979533
-172.08048960187284
-174.830037016716
-177.5871495499998
-180.35102818081373
-183.1209354738629
-185.89616550623367
-187.19643053202816
-187.19699579118563
-187.19699579118563
-186.47797207550752
-186.47797207550752
-184.35386061351966
-182.24529053010676
-180.1531643542515
-178.0784101093072
-176.02198252227817
-173.98488105682785
-171.96812970903989
-169.97278429070116
-167.9999431465314
-166.05073832575277
-164.12632828961674
-162.2279204644175
-160.35675812593286
-158.5141080021778
-156.70129952522356
-154.91967429272
-153.17060932802806
-151.45552952071583
-149.77589386670127
-148.13317794437873
-146.52890920860503
-144.96462356863674
-143.44188738185358
-141.96230850478335
-141.96116447126346
-141.96116447126346
-141.96116447126346
-141.96116447126346
-141.96116447126346
-143.04056415758592
-143.15045641260986
-142.53937437467954
-142.08283050040376
-141.78256427427718
-141.6396154815255
-141.65449803741774
-141.82715090799474
-142.1569696921399
-142.6428138670892
-143.2829944901677
-144.07533766712012
-145.01719672198033
-145.01876708523852
-147.45663377431342
-149.99785433791854
-152.6314807217251
-155.3521370468324
-158.15488976893175
-161.03501439096627
-163.98797333746955
-167.0094337177271
-170.0952698664307
-170.0952698664307
-173.8684754629856
-177.65639440173422
-181.45748199126535
-185.27034836872258
-189.09366551119996
-192.92619710664619
-196.76680170601364
-200.61440897594605
-204.46801497090792
-208.32667622824601
-212.1894763616737
-216.0555921990892
-219.92424484834098
-223.79467098409833
-227.6661737131906
-231.53809121789212
-235.4097623127263
-239.28058828759666
-243.14999394493222
-247.0174303441236
-250.8823710468896
-254.7443102110522
-258.60275913035207
-262.45724802192774
-266.3073228634095
-270.1525737418346
-270.15393319493785
-270.1550025227868
-270.1550025227868
-270.1550025227868
-270.1550025227868
-270.1550025227868
-266.99631120819555
-263.8277173366117
-260.6493771560813
-257.46150552258257
-254.26422647191907
-251.05772925079356
-247.84219505114876
-244.61781174592437
-241.38477049679963
-238.14325211678963
-234.89342126937098
-231.63549528815818
-228.36967189443388
-228.11611611163895
-224.31343983207356
-220.5039242868638
-216.6878404835385
-212.86549081227784
-209.03716308358364
-205.20316921545017
-201.36384281144194
-197.51951002845436
-193.67051600923074
-189.8172265153565
-185.96002695077175
-182.09933571189643
-178.2355494864926
-174.36914215055697
-170.5005797770894
-170.5005797770894
-166.8976330054571
-163.32603801482136
-159.78850196268405
-156.28792560560132
-152.82745165322473
-149.4104370289712
-146.04053422087506
-142.72163107568542
-139.4579523014063
-136.25399711548567
-133.11463449253415
-130.466647414042
-127.58813779641294
-124.7978737952614
-122.10239602169085
-119.50855358589072
-117.02356012892291
-114.65489061305263
-112.41031403174489
-110.29779202645277
-108.3253890747298
-106.50122798307407
-104.83335094957474
-103.32961041511352
-101.99751377598427
-100.84408852379593
-99.87571317045837
-99.09797660323063
-98.51553159432643
-98.51553159432643
-98.51553159432643
-98.51553159432643
-98.51553159432643
-98.51553159432643
-98.51553159432643
-98.51553159432643
-98.51553159432643
-98.51553159432643
-98.51553159432643
