-392.7232872796108
-395.4284627174426
-398.11540678945505
-400.7785742922679
-400.7803635433851
-402.1287338286959
-403.4605409217485
-404.7756777604414
-404.77596589063575
-404.7756135531425
-403.6175918107339
-401.35041198536265
-399.0650854526002
-396.7617504628099
-394.4461586570421
-392.09958774649505
-389.7377910730526
-387.36087170591003
-384.9689586281185
-382.56214427375954
-380.1405489216628
-377.70428668272376
-375.2534987497121
-372.7882909921651
-370.30876539380523
-367.8150502786277
-367.8150502786277
-364.3535708317649
-360.87820367285127
-357.3891209579227
-353.8864931227791
-350.37049192606145
-346.8413206611425
-343.2991184439876
-339.744089197213
-336.1764358306803
-332.5963041363816
-329.003925163285
-325.39944686460603
-321.7831060709358
-318.15508356284994
-314.51556025957035
-310.86474687396156
-307.202861968292
-303.530121005903
-299.8467145877668
-296.15287194577286
-292.4488158659559
-288.7347534852724
-285.0109447099269
-281.27760539202524
-277.534950185461
-273.78325974107383
-270.02276402769854
-266.2537219979121
-262.47640581309145
-258.6910927131423
-254.89804091954716
-251.09754410225392
-247.2898783173817
-243.47535170402352
-239.65429472594172
-235.8270134996186
-231.9938533251257
-228.15515127161427
-224.31128098042888
-220.46261039601958
-216.60952253546265
-212.75241692515834
-208.89174502893226
-205.02793745916105
-201.16146380931275
-197.29281797978928
-193.42254259935072
-189.55905057159615
-185.6871629357752
-181.81543299290806
-177.94452384810546
-174.0751436162602
-170.20804353263023
-166.34405943113129
-162.4840460990529
-162.4840460990529
-159.08216910173488
-155.72696949436056
-152.4220815212902
-149.17141452842355
-145.97913852001238
-142.8497126991545
-139.78787996562266
-136.79870025700336
-133.88753826655798
-131.06009739579218
-128.3223811288948
-125.68071149799752
-123.14171931713001
-120.71232169139867
-118.39966104964635
-116.21110501940558
-114.15415955594412
-112.23639771139578
-110.46540451261572
-108.84863042526933
-107.39330851031741
-106.10632972349043
-104.99410975333979
-104.06242484142562
-103.31631018771805
-102.75993339547503
-102.39648855797816
-102.22808042916571
-102.31838373258661
-102.31838373258661
-102.31838373258661
-102.31838373258661
-102.31838373258661
-102.31838373258661
-102.19345476899528
-103.85548995756172
-105.58958619900136
-107.3919882259366
-109.25900690485439
-111.1871043536443
-113.172847237107
-115.21292895957606
-117.30420356487056
-119.44364151763922
-121.62836268541446
-123.85561905055624
-126.12280693434647
-128.42673905923465
-130.76012962120055
-133.12383346721901
-135.51584979227812
-137.93426335201997
-139.81125990232448
-141.25317878672598
-142.79885503369465
-142.7992134763479
-142.79900635870237
-142.79826522491436
-142.7971164543223
-142.7971164543223
-142.7971164543223
-139.20576799279058
-135.64939389535823
-132.13142589456925
-128.65561929209449
-125.22608745319997
-121.84730570856765
-118.52420947554481
-118.52420947554481
-116.3469823837708
-114.30178081006372
-112.39615726145583
-110.63762157227845
-109.03360194358271
-107.59128470346633
-106.31747579170742
-105.218513881406
-104.30010639709091
-103.56721465604207
-103.02391698918477
-102.67330218125791
-102.51755596487212
-102.51874978704413
-102.51874978704413
-102.51874978704413
-102.51874978704413
-102.51874978704413
-102.51742080388772
-105.19728728361437
-107.91491610077874
-110.66709079250468
-113.45086784977634
-116.26354032967582
-119.10261501630403
-121.96579445163145
-124.85097321685821
-127.75620632867829
-130.67969455854833
-133.6197706216033
-136.57490130366517
-139.54367700960543
-142.52475628733634
-145.5169161939041
-148.51901390587923
-151.529979633985
-154.54880916747695
-157.57457317316636
-160.60641152431404
-163.64349770496824
-166.6850494866798
-169.73035512604523
-172.7787239112475
-175.82952828217367
-178.88214035948025
-181.93598878950914
-184.9905107969305
-188.04519722040305
-191.09955752372196
-194.15310452014256
-197.2053956859127
-200.25601837428323
-203.30451359079927
-206.3505385088277
-206.35152476016373
-206.35152476016373
-206.35152476016373
-205.23549861297496
-205.23549861297496
-202.77430418648723
-200.31895729200863
-197.87011206781884
-195.42839685383785
-192.9945058819447
-190.56913941828952
-188.1530269784356
-185.7469342759921
-183.35167149668038
-180.9680470751613
-178.5969462264451
-176.23925600648013
-173.89591571382152
-171.56790585637918
-169.25626155910746
-166.96202880576277
-164.6863336677219
-162.43032253229177
-160.19522070365238
-157.9822706004658
-155.79279489658066
-153.62816851721115
-151.48980021043207
-149.37918926086022
-147.2978798040974
-145.2474797750536
-143.2296644202525
-143.2296644202525
-143.2296644202525
-143.2296644202525
-143.2296644202525
-144.61716351915544
-145.737291943089
-145.81772575958848
-145.13498582150396
-144.60439089767834
-144.22770721841607
-144.00622234746788
-143.94068975575627
-144.03132715570658
-144.27783785539955
-144.67937515264123
-145.2345663256793
-145.9415745372745
-146.79807152041755
-147.80129223632662
-148.94754108114623
-148.948513789391
-151.54997365689908
-154.24030736922438
-157.01451346544698
-159.8677938379486
-162.79552372558635
-165.79329451391635
-168.85690561705422
-171.98234627309316
-175.16580524575568
-175.16580524575568
-178.97206363586034
-182.78956901567688
-186.6170317399337
-190.4532482331928
-194.29708160622303
-198.14748217139527
-202.0034494404289
-205.86408911250436
-209.72850019754392
-213.59587764959824
-217.46543021553833
-221.33643766689175
-225.20821913326992
-229.08009667508244
-232.9514535154923
-236.82170326415314
-240.6902823542917
-244.55665456953227
-248.42027415515142
-252.28067484266938
-256.137408602468
-259.9899846313702
-263.83798677907373
-267.68098481709256
-267.68234937083247
-267.6834237701377
-267.6834237701377
-267.6834237701377
-267.6834237701377
-267.56396555686854
-264.43561988647866
-261.29773541103896
-258.1505094032177
-254.9941076909236
-251.82869639692726
-248.65447150535928
-245.47160263457698
-242.2803213977577
-239.0807910026198
-239.26506564135215
-235.47976505005036
-231.686986484602
-227.88697457264493
-224.07998506329895
-220.26630464967428
-216.44623742432833
-212.6200621955774
-208.78807729200693
-204.9506399714742
-201.1080515214331
-197.26067038867697
-193.4088501200885
-189.55297995953555
-185.69345806086227
-181.83070271212227
-177.96515460246786
-174.0972730449159
-170.22756233872565
-170.22756233872565
-166.63610720860655
-163.07690851551564
-159.55271871701515
-156.0665062974333
-152.62147991069554
-149.22105761839777
-145.86894639995035
-142.5691142812457
-139.32583183286255
-136.14369348411654
-133.02763250093062
-129.98293025452782
-127.01522501812325
-124.13055358396282
-121.33531430608143
-118.63631200790155
-116.04070356474534
-113.55604120478957
-111.19016535671564
-108.95121929590628
-106.8475563657361
-104.88767429959363
-103.08011433793409
-101.43330912535639
-100.17292461925612
-99.04691471851541
-99.06506232684544
-99.10179514537798
-99.10179514537798
-99.10179514537798
-99.10168451360505
-102.94432482724704
-106.78302805446688
-110.61760035556614
-114.44786852211843
-118.27366160600496
-122.09478278376582
-125.91108220105029
-129.72236683449185
-133.52849111572863
-133.52849111572863
-136.75281228370557
-139.983237843462
-143.21883122495993
-146.45875062972294
-149.7021816752814
-152.94840726449266
-156.19672534016556
-159.44650504817668
-162.69713696748943
-165.94804386735044
-169.19869277095938
-172.39509718891958
-175.63168092080008
-178.86679942292554
-182.1000254732119
-185.33093370132272
-188.55912891748153
-191.7842435573394
-195.00590684286536
-198.22375898807047
-201.43747861050545
-204.64675278407293
-207.85128913949188
-211.05077275936182
-214.244921263643
-217.43345835543153
-220.6161109008156
-223.79263809289688
-226.9627707658561
-226.96374147673689
-226.96374147673689
-226.96374147673689
-226.96374147673689
-224.6463349785002
-222.33209410618107
-220.02150756372376
-217.7150438945117
-215.4132425801216
-213.11665543218908
-210.82581847146005
-208.5413114773328
-206.26371264627804
-203.9936334333526
-203.9936334333526
-200.6808997052358
-197.36250874038376
-194.03872334413498
-190.7098286679011
-187.3761048581423
-184.03785092129957
-180.69538189453715
-177.3490268461913
-173.99911312246147
-170.64599306568059
-167.29004659577956
-163.93167588107224
-160.5713067490178
-160.5713067490178
-160.5713067490178
-156.86157566802643
-153.17488024614832
-149.51355158230749
-149.51355158230749
-146.6997022149956
-143.97024766272742
-141.3305358415172
-138.78613217440332
-136.3428035249815
-134.0064843635188
-131.78326052076773
-129.67932111089735
-127.70090334386437
-125.85426902818644
-124.14561298984529
-122.58098783301341
-121.16622527194856
-119.90687781546262
-118.80808688493359
-117.87452441431299
-117.11030232003515
-116.51887851309246
-116.1029833345922
-115.8645755642573
-115.80479877654592
-115.80479877654592
-115.80479877654592
-118.64980127069853
-121.35540539434854
-124.44854332941466
-124.44854332941466
-124.44854332941466
-128.2618935673279
-128.2618935673279
-131.5087950323719
-134.76243940869617
-138.02184277982786
-141.28609485027576
-144.55435132135923
-147.8258259445573
-151.09978362593975
-154.37556616559584
-157.6525253635914
-160.93006478891505
-164.20765062582538
-167.48474730037978
-170.7608600287105
-174.03551674739947
-177.30829621185308
-180.5787643892705
-183.84651818017758
-187.1111993571227
-190.37243087350365
-193.62986307637456
-196.88318448381722
-200.1320620023079
-203.3761856745655
-206.61526673555005
-209.84903526556533
-213.0771963153056
-216.29948833798224
-219.51565220966515
-222.7254335997249
-225.9286064278469
-225.929608394466
-225.929608394466
-225.929608394466
-225.929608394466
-223.6591208847588
-221.39253603411913
-219.13030006541413
-216.87295951736218
-214.62103902537643
-212.37508216384018
-210.1356689424676
-207.90336657363943
-205.67876970483624
-205.6748764230318
-202.39274532783617
-199.10514876532497
-195.81236238375897
-192.51467846755583
-189.21239623743372
-185.9058225381639
-182.59526486285614
-179.28107499169124
-175.96361599219406
-172.64323591102664
-169.32033128946117
-165.99530799216447
-162.66860399004983
-162.6685294230526
-162.6685294230526
-158.93983565596605
-155.23229346620587
-151.54808020225738
-147.88957749178314
-147.88957749178314
-145.08220275586496
-142.36012858401472
-139.7287984126544
-137.1938816779821
-134.76125114919748
-132.4369440901059
-130.22714898576356
-128.13816325739253
-126.17633432275478
-124.34801309623792
-122.65947338657546
-121.1168471248217
-119.72603061321794
-118.49259071513514
-117.4217048781856
-116.51802373716785
-115.78561066713088
-115.22785924131108
-114.84740570656118
-114.64608512921285
-114.62485936104001
-114.62485936104001
-114.62485936104001
-117.49557152956297
-120.45509238963483
-123.49563570068692
-123.49563570068692
-123.49563570068692
-123.49563570068692
-126.80294745401987
-130.11637763925722
-133.43495478978764
-136.75777128781445
-140.08400106766365
-143.4128790558358
-146.74370820140987
-150.07582268484995
-153.4086133457946
-153.24840479613326
-155.62633288906179
-158.02495931177498
-160.44296455549787
-162.87909965741378
-165.33216801586735
-167.80103761942314
-170.2846384814953
-172.78192833109915
-175.29192203462333
-177.81367189965877
-177.81437162225828
-177.81452413833514
-177.8141162363985
-176.00864102283924
-174.22615712199288
-172.4676785099145
-170.73423634719794
-169.02688356449855
-167.3467166537176
-165.69482181354203
-164.07234720201453
-162.48043840596392
-160.92026114099983
-159.39300569626994
-157.89987806982765
-156.44211865382604
-155.0209516043359
-153.63763698821217
-152.29343663344252
-150.9896012121386
-149.72742151675905
-148.50815370213263
-147.33307683995096
-146.20345448814666
-145.120526626192
-144.08552579374899
-143.099660986654
-142.1641224260475
-141.28018160675188
-141.27898627223018
-141.27898627223018
-141.27898627223018
-141.27898627223018
-141.27898627223018
-142.57240880711646
-143.57908326094304
-143.57908326094304
-142.61551043113704
-141.79966837657597
-141.13426590029536
-140.62154395855546
-140.26541419538412
-140.06749672191293
-140.02848965991933
-140.14854571555165
-140.42723310237142
-140.86356176826402
-141.45598390100022
-142.20245101918758
-143.10040919426044
-143.10106960004453
-145.5055601297584
-148.01575892539682
-150.6202484426048
-153.3137777811328
-156.0913200515793
-158.9480300736187
-161.87925400551052
-164.88055867684085
-167.9477058918086
-171.01540091102868
-171.01540091102868
-174.81029947870553
-178.6177256973102
-182.43627123714208
-186.26466770822347
-190.10168979151783
-193.9462366586058
-197.79724998665384
-201.6537521752867
-205.51479553803676
-209.37956167462426
-213.2471905578526
-217.11692876013214
-220.98803419150613
-224.8598323869697
-228.73168183253992
-232.6029439839101
-236.4730375130178
-236.26436108028057
-239.80275780567408
-243.33132779116494
-246.84994824217046
-250.35849484701276
-253.8568089943318
-253.85794695956352
-253.85794695956352
-253.85794695956352
-253.85794695956352
-253.85794695956352
-250.88216554372903
-247.89909146402965
-244.90899691563243
-241.91212124800202
-238.90868325570315
-235.89896238797357
-232.88318360855638
-229.86163289470352
-226.83457199417808
-223.8023022629608
-220.76510044717756
-220.95513963180304
-217.2400740996196
-213.51657666679313
-209.7848037648293
-206.04496008818538
-202.29721646571969
-198.54175485789403
-194.77875800838217
-191.00841522999474
-187.2309256634438
-183.4464729593651
-179.6552711895022
-175.85751741715123
-175.85751741715123
-172.07642859395384
-168.31080938018525
-164.56235039019114
-160.83289427075135
-157.12443870693076
-153.43912352577865
-149.77927627433627
-146.14744317698137
-142.54637502436782
-138.97923980776235
-135.45520686952702
-135.45520686952702
-132.90950609752466
-130.4676732148856
-128.1360505185608
-125.92115416447427
-123.8296282411992
-121.86817588886184
-120.04349660491735
-118.36222088537573
-116.8308153881214
-115.45551489486456
-114.24217960783511
-113.19620531987195
-112.32245050933034
-111.62510562411984
-111.10761669558009
-110.7725759097462
-110.62170623706517
-110.6557841364709
-110.65646825034555
-110.65646825034555
-110.65646825034555
-110.65646825034555
-110.65646825034555
-114.1253653041786
-117.59812564388365
-121.07386148746369
-124.55177979091016
-128.03115505733012
-131.51132145109398
-134.99167932861565
-138.46925907990655
-141.94793789954184
-145.42524390413382
-145.25419424980507
-147.86302122561236
-150.49038457065515
-153.1349132039274
-155.7953227055396
-158.47036464207017
-161.15889799344671
-163.85983898981638
-166.57214167559073
-169.29482442055
-172.02696567892608
-174.76768590917962
-177.5161447885694
-180.27155180936262
-183.03314969160323
-185.80021099190833
-188.48552203867467
-188.4863171195815
-188.4863171195815
-188.4863171195815
-186.94800358234608
-185.43188817220303
-183.9387782010473
-182.46946866538914
-181.0247932799335
-179.60558701031832
-178.21268893227975
-176.8469538078118
-175.50922955648718
-174.20040174463662
-172.92133012919226
-171.67290259918846
-170.45598827076287
-169.27147747585457
-168.12024483789165
-167.00316895101514
-165.92136388170027
-165.92136388170027
-163.4987408923183
-161.0934461775539
-158.7066638469331
-156.33964916800812
-153.99369404493333
-151.67018146131926
-149.3705445968326
-147.0962967808762
-144.84900682257995
-144.84900682257995
-144.84900682257995
-144.84900682257995
-144.84900682257995
-146.15308558024907
-147.17209469078082
-145.36801714476726
-143.69042190237218
-142.14409147482232
-140.7336011717778
-139.46329970020003
-138.33726744046973
-137.35922549665145
-136.53252648317476
-135.8600762428689
-135.34427674500444
-134.9870048185127
-134.7895842005922
-134.75423781010878
-134.96003224709042
-134.96047990010538
-134.96294347254945
-138.07141920110922
-141.2459272753225
-144.48161232455044
-147.77395957698323
-151.11873209408154
-154.51199913026906
-157.95008878588567
-161.42960132128965
-164.94735653894614
-168.50041392562264
-172.08602133833892
-175.70160148713578
-179.3447823565036
-183.01333904559377
-186.70518112995657
-186.70518112995657
-190.55427060479894
-194.3987387985205
-198.23825218236874
-202.0724892930731
-205.90112433536805
-209.7238558530128
-213.5404039965841
-217.3504691939925
-221.15378490848687
-224.95009305834398
-228.7391369461959
-232.5206355056077
-236.29437049403845
-240.06012791517836
-243.8176329580483
-247.56670498250617
-251.3070736215006
-255.03855819127736
-255.03982094814288
-255.03982094814288
-255.03982094814288
-255.03982094814288
-255.03982094814288
-252.53314480044625
-250.02319533895786
-247.51028362763498
-244.9947317609112
-242.4768657290392
-242.4768657290392
-239.00680774906067
-235.52709912353956
-232.03790477664828
-228.53935812783797
-225.03161887627567
-221.51484378683512
-217.98916845853097
-214.45475497080173
-210.91173440763205
-207.36028370990778
-203.80054898322408
-200.23269392898038
-196.6568718997161
-193.07324857453582
-189.4819736741914
-185.88321518251408
-182.27714567293066
-178.6639086564237
-175.04369448558745
-171.41665104203548
-171.41665104203548
-167.549955866653
-163.68648962947955
-163.68648962947955
-160.26141329901583
-156.88126527946946
-153.549576935287
-150.2701352661316
-147.0469980415704
-143.88448873942815
-140.7872306052487
-137.76014711538338
-134.8084807200273
-131.93778586241342
-129.15394677290644
-126.4631796472979
-123.87198769606941
-121.38719415766839
-119.01588188040948
-116.76540647627158
-114.68108237258737
-112.711793050345
-110.88670926544907
-109.21336062351821
-107.69910037916634
-106.3509698601709
-105.17559807049193
-104.17902055030572
-103.36657432323253
-102.74275421787469
-102.31112938733476
-102.07420222453962
-102.03335359445587
-102.18884782226782
-102.53975296124901
-103.08432991824826
-103.08432991824826
-103.08432991824826
-103.08432991824826
-103.08432991824826
-103.08432991824826
-101.7349942739802
-101.62268324227995
-103.03546630126371
-104.5273523748213
-106.0947599276808
-107.73414331098678
-109.4420022560152
-111.21491335372897
-113.04953198613508
-114.94260343583485
-116.8910023820621
-118.89167817789478
-120.93616259102842
-123.0244424978786
-125.15395666800144
-127.32223710589969
-129.52695267951214
-131.76587600379221
-134.03689539936153
-136.33457817457526
-136.3369563649032
-136.33701258011288
-136.3365074631319
-136.33552598233072
-136.33552598233072
-136.33552598233072
-136.33552598233072
-133.141068268671
-130.01271812901973
-126.95588591306118
-123.97639343836579
-121.08045772772051
-118.27470009627869
-115.56616281250781
-112.9623023713587
-110.47095620584167
-108.10032541453616
-105.85892720681387
-103.75551263188576
-101.79899215992907
-99.99832564062456
-98.36235941968913
-98.40767978926205
-98.40767978926205
-98.40767978926205
-98.40767978926205
-98.40767978926205
-98.40767978926205
-98.40767978926205
-98.40767978926205
-98.40767978926205
-98.40767978926205
-98.40767978926205
