62.538368225097656 452.41558837890625 0.7358388304710388
65.19328308105469 454.70245361328125 0.6862794756889343
67.9582290649414 456.85498046875 0.6367201209068298
70.826416015625 458.867919921875 0.5871607661247253
73.7907943725586 460.7362976074219 0.5376014113426208
76.8440933227539 462.45550537109375 0.48804202675819397
79.97881317138672 464.0213623046875 0.4384826421737671
83.187255859375 465.42999267578125 0.3889232575893402
86.46154022216797 466.6779479980469 0.33936387300491333
89.79362487792969 467.7621765136719 0.28980448842048645
93.17533111572266 468.67999267578125 0.24024510383605957
96.59835815429688 469.4291687011719 0.1906857192516327
100.05429077148438 470.0078430175781 0.1411263346672058
103.53465270996094 470.41461181640625 0.09156695753335953
107.03089141845703 470.6484680175781 0.042007580399513245
110.53441619873047 470.7088317871094 -0.007551796734333038
114.03663635253906 470.5955505371094 -0.05711117386817932
117.52893829345703 470.3089294433594 -0.1066705510020256
121.00275421142578 469.8496398925781 -0.1562299281358719
124.44955444335938 469.2188415527344 -0.20578929781913757
124.44955444335938 469.2188415527344 -0.605789303779602
124.44955444335938 469.2188415527344 -1.0057892799377441
126.59123992919922 465.84051513671875 -1.0057899951934814
126.59123992919922 465.84051513671875 -1.405789852142334
127.24827575683594 461.8948669433594 -1.4057905673980713
127.90530395507812 457.94921875 -1.4057912826538086
128.5623321533203 454.0035400390625 -1.405791997909546
129.2193603515625 450.057861328125 -1.4057927131652832
129.8763885498047 446.1121826171875 -1.4057934284210205
130.5334014892578 442.16650390625 -1.4057941436767578
131.19041442871094 438.2208251953125 -1.4057948589324951
131.84742736816406 434.275146484375 -1.4057955741882324
132.5044403076172 430.3294677734375 -1.4057962894439697
133.1614532470703 426.3837890625 -1.405797004699707
133.81845092773438 422.4381103515625 -1.4057977199554443
134.47544860839844 418.492431640625 -1.4057984352111816
135.1324462890625 414.5467529296875 -1.405799150466919
135.78944396972656 410.60107421875 -1.4057998657226562
136.44644165039062 406.6553955078125 -1.4058005809783936
137.1034393310547 402.709716796875 -1.4058012962341309
137.7604217529297 398.7640380859375 -1.4058020114898682
138.4174041748047 394.818359375 -1.4058027267456055
139.0743865966797 390.8726806640625 -1.4058034420013428
139.7313690185547 386.927001953125 -1.40580415725708
140.3883514404297 382.9813232421875 -1.4058048725128174
141.04531860351562 379.03564453125 -1.4058055877685547
141.68765258789062 375.1295471191406 -1.4098165035247803
142.31431579589844 371.22088623046875 -1.4138274192810059
142.92529296875 367.30975341796875 -1.4178383350372314
143.5205841064453 363.3962097167969 -1.421849250793457
144.09832763671875 359.4855651855469 -1.4263931512832642
144.0377197265625 361.2320251464844 -1.6458278894424438
143.7378692626953 357.2432861328125 -1.6458284854888916
143.43801879882812 353.2545471191406 -1.645829200744629
143.13816833496094 349.26580810546875 -1.6458299160003662
142.83831787109375 345.2770690917969 -1.6458306312561035
142.53846740722656 341.288330078125 -1.6458313465118408
142.2386016845703 337.2995910644531 -1.6458320617675781
141.93873596191406 333.31085205078125 -1.6458327770233154
141.6388702392578 329.3221130371094 -1.6458334922790527
141.33900451660156 325.3333740234375 -1.64583420753479
141.0391387939453 321.3446350097656 -1.6458349227905273
140.73927307128906 317.35589599609375 -1.6458356380462646
140.43939208984375 313.3671569824219 -1.645836353302002
140.13951110839844 309.37841796875 -1.6458370685577393
139.83963012695312 305.3896789550781 -1.6458377838134766
139.5397491455078 301.40093994140625 -1.6458384990692139
139.2398681640625 297.4122009277344 -1.6458392143249512
138.93997192382812 293.4234619140625 -1.6458399295806885
138.64007568359375 289.4347229003906 -1.6458406448364258
138.34017944335938 285.44598388671875 -1.645841360092163
138.040283203125 281.4572448730469 -1.6458420753479004
137.74038696289062 277.468505859375 -1.6458427906036377
137.4404754638672 273.4797668457031 -1.645843505859375
137.14056396484375 269.49102783203125 -1.6458442211151123
136.8406524658203 265.5022888183594 -1.6458449363708496
136.54074096679688 261.5135498046875 -1.645845651626587
136.24082946777344 257.5248107910156 -1.6458463668823242
135.94091796875 253.53607177734375 -1.6458470821380615
135.6409912109375 249.54733276367188 -1.6458477973937988
135.341064453125 245.55859375 -1.6458485126495361
135.0411376953125 241.56985473632812 -1.6458492279052734
134.7412109375 237.58111572265625 -1.6458499431610107
134.4412841796875 233.59237670898438 -1.645850658416748
134.14134216308594 229.6036376953125 -1.6458513736724854
134.14129638671875 229.60345458984375 -2.045832633972168
132.46192932128906 226.52806091308594 -2.0953919887542725
130.6322784423828 223.5396270751953 -2.144951343536377
128.65682983398438 220.6455078125 -2.1945106983184814
126.5404281616211 217.85279846191406 -2.244070053100586
124.28827667236328 215.16836547851562 -2.2936294078826904
121.89909362792969 212.5882568359375 -2.341953992843628
119.11123657226562 209.7198486328125 -2.3419547080993652
116.32337188720703 206.8514404296875 -2.3419554233551025
113.53550720214844 203.9830322265625 -2.34195613861084
110.74764251708984 201.1146240234375 -2.341956853866577
110.74764251708984 201.1146240234375 -2.7419567108154297
107.06283569335938 199.5583038330078 -2.741957426071167
103.3780288696289 198.00198364257812 -2.7419581413269043
99.69322204589844 196.44566345214844 -2.7419588565826416
96.00841522216797 194.88934326171875 -2.741959571838379
92.3236083984375 193.33302307128906 -2.741960287094116
88.6387939453125 191.77670288085938 -2.7419610023498535
84.9539794921875 190.22039794921875 -2.741961717605591
81.2691650390625 188.66409301757812 -2.741962432861328
77.5843505859375 187.1077880859375 -2.7419631481170654
73.8995361328125 185.55148315429688 -2.7419638633728027
70.2147216796875 183.99517822265625 -2.74196457862854
66.5299072265625 182.43887329101562 -2.7419652938842773
62.8450927734375 180.88258361816406 -2.741966724395752
59.160606384277344 179.32652282714844 -2.742007255554199
55.8143196105957 177.990966796875 -2.7816872596740723
52.50493621826172 176.83837890625 -2.831216335296631
49.142826080322266 175.85118103027344 -2.8807756900787354
45.735939025878906 175.03175354003906 -2.93033504486084
42.292640686035156 174.38211059570312 -2.9798943996429443
38.821388244628906 173.90383911132812 -3.029453754425049
38.821388244628906 173.90383911132812 2.853731393814087
38.821388244628906 173.90383911132812 2.4537312984466553
38.821388244628906 173.90383911132812 2.0537312030792236
38.821388244628906 173.90383911132812 1.6537312269210815
38.821388244628906 173.90383911132812 1.2537312507629395
40.068504333496094 177.70445251464844 1.2537305355072021
41.31562423706055 181.50506591796875 1.2537298202514648
42.562744140625 185.30567932128906 1.2537291049957275
43.80986785888672 189.10629272460938 1.2537283897399902
45.0569953918457 192.9069061279297 1.253727674484253
46.30412673950195 196.70751953125 1.2537269592285156
47.5512580871582 200.5081329345703 1.2537262439727783
48.79839324951172 204.30873107910156 1.253725528717041
50.0455322265625 208.1093292236328 1.2537248134613037
51.29267120361328 211.90992736816406 1.2537240982055664
52.53981399536133 215.7105255126953 1.253723382949829
53.78696060180664 219.51112365722656 1.2537226676940918
53.78696060180664 219.51112365722656 0.8537226915359497
56.41568374633789 222.5260467529297 0.8537220358848572
59.044410705566406 225.5409698486328 0.8537213802337646
61.67313766479492 228.55589294433594 0.8537207245826721
64.30186462402344 231.57081604003906 0.8537200689315796
66.93059539794922 234.5857391357422 0.8537194132804871
69.559326171875 237.60064697265625 0.8537187576293945
72.18806457519531 240.6155548095703 0.853718101978302
74.81680297851562 243.63046264648438 0.8537174463272095
77.44554138183594 246.64537048339844 0.8537167906761169
80.07427978515625 249.6602783203125 0.8537161350250244
82.7030258178711 252.67518615722656 0.8537154793739319
85.33177185058594 255.69009399414062 0.8537148237228394
87.96051788330078 258.7049865722656 0.8537141680717468
90.58926391601562 261.7198791503906 0.8537135124206543
93.218017578125 264.7347717285156 0.8537128567695618
95.84677124023438 267.7496643066406 0.8537122011184692
98.47552490234375 270.7645568847656 0.8537115454673767
101.10427856445312 273.7794494628906 0.8537108898162842
103.73303985595703 276.7943420410156 0.8537102341651917
106.36180114746094 279.8092346191406 0.8537095785140991
108.99056243896484 282.8241271972656 0.8537089228630066
111.61932373046875 285.8390197753906 0.8537082672119141
113.98689270019531 288.4222412109375 0.8041490912437439
116.47952270507812 290.885009765625 0.7545897364616394
119.09109497070312 293.22125244140625 0.7050303816795349
121.81519317626953 295.4252624511719 0.6554710268974304
121.81519317626953 295.4252624511719 0.25547102093696594
121.81519317626953 295.4252624511719 -0.14452898502349854
121.81519317626953 295.4252624511719 -0.5445289611816406
121.81519317626953 295.4252624511719 -0.9445289373397827
121.81519317626953 295.4252624511719 -1.3445289134979248
122.71255493164062 291.5272216796875 -1.344529628753662
123.60991668701172 287.6291809082031 -1.3445303440093994
124.50727844238281 283.73114013671875 -1.3445310592651367
125.40463256835938 279.8330993652344 -1.344531774520874
126.30198669433594 275.93505859375 -1.3445324897766113
127.19933319091797 272.0370178222656 -1.3445332050323486
128.0966796875 268.13897705078125 -1.344533920288086
128.9940185546875 264.2409362792969 -1.3445346355438232
129.891357421875 260.3428955078125 -1.3445353507995605
130.7886962890625 256.4448547363281 -1.3445360660552979
131.68603515625 252.54681396484375 -1.3445367813110352
132.5833740234375 248.64877319335938 -1.3445374965667725
133.48069763183594 244.750732421875 -1.3445382118225098
134.37802124023438 240.85269165039062 -1.344538927078247
135.2753448486328 236.95465087890625 -1.3445396423339844
136.17266845703125 233.05661010742188 -1.3445403575897217
136.17266845703125 233.05661010742188 -1.7445402145385742
135.48118591308594 229.11683654785156 -1.7445409297943115
134.78970336914062 225.1770782470703 -1.7445429563522339
134.78970336914062 225.1770782470703 -2.144542932510376
132.8154296875 222.2821502685547 -2.1941022872924805
130.70016479492188 219.48858642578125 -2.243661642074585
128.44911193847656 216.80323791503906 -2.2932209968566895
126.06779479980469 214.23269653320312 -2.342780351638794
123.2775650024414 211.36659240722656 -2.3427810668945312
120.48733520507812 208.50048828125 -2.3427817821502686
117.69710540771484 205.63438415527344 -2.342782497406006
114.90686798095703 202.76828002929688 -2.342783212661743
112.11663055419922 199.9021759033203 -2.3427839279174805
112.11663055419922 199.9021759033203 -2.742783784866333
108.4305419921875 198.34889221191406 -2.7427845001220703
104.74444580078125 196.7956085205078 -2.7427852153778076
101.058349609375 195.24234008789062 -2.742785930633545
97.37225341796875 193.68907165527344 -2.7427866458892822
93.6861572265625 192.13580322265625 -2.7427873611450195
90.00006103515625 190.58253479003906 -2.742788076400757
86.31396484375 189.02926635742188 -2.742788791656494
82.62786865234375 187.4759979248047 -2.7427895069122314
78.9417724609375 185.92274475097656 -2.7427902221679688
75.25566864013672 184.36949157714844 -2.742790937423706
71.56956481933594 182.8162384033203 -2.7427916526794434
67.88346099853516 181.2629852294922 -2.7427923679351807
64.19735717773438 179.70973205566406 -2.742793083190918
60.511253356933594 178.156494140625 -2.7427937984466553
56.82514572143555 176.60325622558594 -2.7427945137023926
53.34857177734375 175.18850708007812 -2.767444133758545
50.053260803222656 173.9873504638672 -2.81666898727417
46.70586013793945 172.95135498046875 -2.866227626800537
43.31125259399414 172.08245849609375 -2.9157869815826416
39.877769470214844 171.38278198242188 -2.965346336364746
36.413841247558594 170.85406494140625 -3.0149056911468506
36.413841247558594 170.85406494140625 2.868279457092285
36.413841247558594 170.85406494140625 2.4682793617248535
36.413841247558594 170.85406494140625 2.068279266357422
36.413841247558594 170.85406494140625 1.6682792901992798
36.413841247558594 170.85406494140625 1.2682793140411377
37.60553741455078 174.67242431640625 1.2682785987854004
38.79723358154297 178.4907684326172 1.268277883529663
39.98893356323242 182.30911254882812 1.2682771682739258
41.18063735961914 186.12745666503906 1.2682764530181885
42.372344970703125 189.94580078125 1.2682757377624512
43.56405258178711 193.76414489746094 1.2682750225067139
44.75576400756836 197.58248901367188 1.2682743072509766
45.947479248046875 201.4008331298828 1.2682735919952393
47.13919448852539 205.21917724609375 1.268272876739502
48.33091354370117 209.0375213623047 1.2682721614837646
49.51787185668945 212.81394958496094 1.2642613649368286
50.72489929199219 216.6274871826172 1.2642607688903809
50.72489929199219 216.6274871826172 0.8642607927322388
53.32170486450195 219.66993713378906 0.8642601370811462
55.918514251708984 222.71238708496094 0.8642594814300537
58.515323638916016 225.7548370361328 0.8642588257789612
61.11213684082031 228.7972869873047 0.8642581701278687
63.70895004272461 231.83973693847656 0.8642575144767761
66.3057632446289 234.88218688964844 0.8642568588256836
68.90258026123047 237.9246368408203 0.8642562031745911
71.49940490722656 240.9670867919922 0.8642555475234985
74.09622955322266 244.00953674316406 0.864254891872406
76.69305419921875 247.05197143554688 0.8642542362213135
79.28987884521484 250.0944061279297 0.864253580570221
81.88671112060547 253.1368408203125 0.8642529249191284
84.4835433959961 256.1792907714844 0.8642522692680359
87.08037567138672 259.2217102050781 0.8642516136169434
89.67720794677734 262.2641296386719 0.8642509579658508
92.2740478515625 265.3065490722656 0.8642503023147583
94.87088775634766 268.3489685058594 0.8642496466636658
97.46772766113281 271.3913879394531 0.8642489910125732
100.06456756591797 274.4338073730469 0.8642483353614807
102.66141510009766 277.4762268066406 0.8642476797103882
105.25826263427734 280.5186462402344 0.8642470240592957
107.85511016845703 283.5610656738281 0.8642463684082031
110.45195770263672 286.6034851074219 0.8642457127571106
113.01163482666016 289.5798645019531 0.8568127155303955
115.37117004394531 292.17041015625 0.807253360748291
117.85614013671875 294.6408996582031 0.7576940059661865
120.46044921875 296.9852294921875 0.708134651184082
123.17769622802734 299.19769287109375 0.6585752964019775
126.00120544433594 301.2728271484375 0.6090158820152283
126.00120544433594 301.2728271484375 0.2090158760547638
126.00120544433594 301.2728271484375 -0.19098412990570068
126.00120544433594 301.2728271484375 -0.5909841060638428
126.00120544433594 301.2728271484375 -0.9909840822219849
126.00120544433594 301.2728271484375 -1.390984058380127
126.71658325195312 297.3373107910156 -1.3909847736358643
127.43196105957031 293.40179443359375 -1.3909854888916016
128.1473388671875 289.4662780761719 -1.3909862041473389
128.86270141601562 285.53076171875 -1.3909869194030762
129.57806396484375 281.5952453613281 -1.3909876346588135
130.29342651367188 277.65972900390625 -1.3909883499145508
131.0087890625 273.7242126464844 -1.390989065170288
131.72415161132812 269.7886962890625 -1.3909897804260254
132.4394989013672 265.8531799316406 -1.3909904956817627
133.15484619140625 261.91766357421875 -1.3909912109375
133.8701934814453 257.9821472167969 -1.3909919261932373
134.58554077148438 254.04664611816406 -1.3909926414489746
135.30088806152344 250.1111297607422 -1.390993356704712
136.0162353515625 246.1756134033203 -1.3909940719604492
136.7315673828125 242.24009704589844 -1.3909947872161865
137.4468994140625 238.30458068847656 -1.3909955024719238
138.1622314453125 234.3690643310547 -1.3909962177276611
138.1622314453125 234.3690643310547 -1.7909959554672241
137.2885284423828 230.4656524658203 -1.7909965515136719
136.41482543945312 226.56224060058594 -1.7909972667694092
135.58177185058594 223.3679656982422 -1.860818862915039
135.58177185058594 223.3679656982422 -2.2608189582824707
133.28497314453125 220.7216339111328 -2.310378313064575
130.8599090576172 218.19232177734375 -2.3599376678466797
128.3124237060547 215.78611755371094 -2.409480571746826
125.33847045898438 213.11383056640625 -2.4096620082855225
122.36293029785156 210.44061279296875 -2.4096627235412598
119.38739013671875 207.76739501953125 -2.409663438796997
116.41184997558594 205.09417724609375 -2.4096641540527344
113.43630981445312 202.42095947265625 -2.4096648693084717
110.46076202392578 199.74774169921875 -2.409665584564209
107.48521423339844 197.07452392578125 -2.4096662998199463
107.48521423339844 197.07452392578125 -2.809666156768799
103.70355224609375 195.7710723876953 -2.809666872024536
99.92189025878906 194.46762084960938 -2.8096675872802734
96.14022827148438 193.16416931152344 -2.8096683025360107
92.35856628417969 191.8607177734375 -2.809669017791748
88.576904296875 190.55726623535156 -2.8096697330474854
84.79524230957031 189.2538299560547 -2.8096704483032227
81.01358032226562 187.9503936767578 -2.80967116355896
77.23191833496094 186.64695739746094 -2.8096718788146973
73.45024871826172 185.34352111816406 -2.8096725940704346
69.9246597290039 184.18502807617188 -2.838555097579956
66.55229187011719 183.2210235595703 -2.8877756595611572
63.13975143432617 182.4254608154297 -2.9373350143432617
59.69198989868164 181.7999267578125 -2.986894369125366
56.217472076416016 181.34596252441406 -3.0364537239074707
52.7247314453125 181.06468200683594 -3.086013078689575
49.222347259521484 180.95677185058594 -3.1355724334716797
49.222347259521484 180.95677185058594 2.747612714767456
46.02107238769531 182.38160705566406 2.6980533599853516
42.894309997558594 183.96328735351562 2.648494005203247
39.8497428894043 185.6979217529297 2.5989346504211426
36.89484786987305 187.5812530517578 2.549375295639038
34.0368766784668 189.60865783691406 2.4998159408569336
34.0368766784668 189.60865783691406 2.099815845489502
34.0368766784668 189.60865783691406 1.6998158693313599
34.0368766784668 189.60865783691406 1.2998158931732178
34.0368766784668 189.60865783691406 0.8998159170150757
36.52389144897461 192.7415008544922 0.8998152613639832
39.01090621948242 195.8743438720703 0.8998146057128906
41.4979248046875 199.00718688964844 0.8998139500617981
43.98494338989258 202.14002990722656 0.8998132944107056
46.47196578979492 205.2728729248047 0.899812638759613
48.958988189697266 208.4057159423828 0.8998119831085205
51.446014404296875 211.53854370117188 0.899811327457428
53.933040618896484 214.67137145996094 0.8998106718063354
56.42007064819336 217.80419921875 0.8998100161552429
58.9071044921875 220.93702697753906 0.8998093605041504
61.39413833618164 224.06985473632812 0.8998087048530579
63.88117599487305 227.2026824951172 0.8998080492019653
66.36821746826172 230.33551025390625 0.8998073935508728
68.85525512695312 233.4683380126953 0.8998067378997803
71.34230041503906 236.60116577148438 0.8998060822486877
73.829345703125 239.73397827148438 0.8998054265975952
76.31639099121094 242.86679077148438 0.8998047709465027
78.80343627929688 245.99960327148438 0.8998041152954102
81.29048919677734 249.13241577148438 0.8998034596443176
83.77754211425781 252.26522827148438 0.8998028039932251
86.26459503173828 255.39804077148438 0.8998021483421326
88.75164794921875 258.5308532714844 0.89980149269104
91.23870849609375 261.6636657714844 0.8998008370399475
93.72576904296875 264.7964782714844 0.899800181388855
96.21282958984375 267.9292907714844 0.8997995257377625
98.69989776611328 271.0621032714844 0.8997988700866699
101.18696594238281 274.1949157714844 0.8997982144355774
103.67403411865234 277.3277282714844 0.8997975587844849
106.16110229492188 280.4605407714844 0.8997969031333923
108.64817810058594 283.59332275390625 0.8997962474822998
111.13525390625 286.7261047363281 0.8997955918312073
113.62232971191406 289.85888671875 0.8997949361801147
116.10926055908203 292.99139404296875 0.8997626304626465
118.35539245605469 295.6808776855469 0.850203275680542
120.73199462890625 298.2557678222656 0.8006439208984375
123.23323822021484 300.70977783203125 0.751084566116333
125.85298156738281 303.036865234375 0.7015252113342285
125.85298156738281 303.036865234375 0.30152520537376404
125.85298156738281 303.036865234375 -0.09847480058670044
125.85298156738281 303.036865234375 -0.4984748065471649
125.85298156738281 303.036865234375 -0.8984748125076294
125.85298156738281 303.036865234375 -1.2984747886657715
126.92884826660156 299.18426513671875 -1.2984755039215088
128.0047149658203 295.3316650390625 -1.298476219177246
129.08058166503906 291.47906494140625 -1.2984769344329834
130.1564483642578 287.62646484375 -1.2984776496887207
131.2322998046875 283.77386474609375 -1.298478364944458
132.3081512451172 279.9212646484375 -1.2984790802001953
133.38400268554688 276.06866455078125 -1.2984797954559326
134.45985412597656 272.216064453125 -1.29848051071167
135.53570556640625 268.36346435546875 -1.2984812259674072
136.61155700683594 264.5108642578125 -1.2984819412231445
137.68739318847656 260.65826416015625 -1.2984826564788818
138.7632293701172 256.8056640625 -1.2984833717346191
139.82090759277344 252.9895477294922 -1.302357792854309
140.86317443847656 249.170654296875 -1.3063687086105347
141.8900909423828 245.34764099121094 -1.3103827238082886
141.6387481689453 247.0283966064453 -1.534324288368225
141.78460693359375 243.03106689453125 -1.5343248844146729
141.9304656982422 239.0337371826172 -1.5343255996704102
142.06687927246094 235.0774688720703 -1.5383319854736328
142.19671630859375 231.07958984375 -1.5383327007293701
142.19671630859375 231.07958984375 -1.9383326768875122
140.8570098876953 227.84173583984375 -1.9878896474838257
139.3585662841797 224.6742401123047 -2.0374491214752197
137.70504760742188 221.58486938476562 -2.087008476257324
135.9005126953125 218.58120727539062 -2.1365678310394287
133.9493865966797 215.67062377929688 -2.186127185821533
131.85647583007812 212.8602752685547 -2.2356865406036377
129.6269073486328 210.1570587158203 -2.285245895385742
127.2658920288086 207.5671844482422 -2.3347551822662354
124.4987564086914 204.67877197265625 -2.3347558975219727
121.73161315917969 201.79037475585938 -2.33475661277771
121.73161315917969 201.79037475585938 -2.7347564697265625
118.05810546875 200.20755004882812 -2.7347571849823
114.38459777832031 198.62474060058594 -2.734757900238037
110.71109008789062 197.04193115234375 -2.7347586154937744
107.03758239746094 195.45912170410156 -2.7347593307495117
103.36407470703125 193.87631225585938 -2.734760046005249
99.69056701660156 192.2935028076172 -2.7347607612609863
96.01705932617188 190.710693359375 -2.7347614765167236
92.34355163574219 189.12789916992188 -2.734762191772461
88.67003631591797 187.54510498046875 -2.7347629070281982
84.99652099609375 185.96231079101562 -2.7347636222839355
81.32300567626953 184.3795166015625 -2.734764337539673
77.64949035644531 182.79672241210938 -2.73476505279541
73.9759750366211 181.21392822265625 -2.7347657680511475
70.30245971679688 179.6311492919922 -2.7347664833068848
66.62893676757812 178.04837036132812 -2.734767198562622
62.95541763305664 176.46559143066406 -2.7347679138183594
59.28189468383789 174.8828125 -2.7347686290740967
55.60837173461914 173.30003356933594 -2.734769344329834
51.93484878540039 171.71726989746094 -2.7347700595855713
48.261322021484375 170.13450622558594 -2.7347707748413086
44.58779525756836 168.55174255371094 -2.734771490097046
40.91521072387695 166.96963500976562 -2.734884262084961
37.49691390991211 165.55801391601562 -2.7650399208068848
34.207435607910156 164.35064697265625 -2.814598798751831
30.862192153930664 163.30772399902344 -2.8641581535339355
27.469390869140625 162.43179321289062 -2.91371750831604
24.037363052368164 161.7250213623047 -2.9632768630981445
24.037363052368164 161.7250213623047 2.919908285140991
24.037363052368164 161.7250213623047 2.5199081897735596
24.037363052368164 161.7250213623047 2.119908094406128
24.037363052368164 161.7250213623047 1.7199081182479858
24.037363052368164 161.7250213623047 1.3199081420898438
25.030420303344727 165.5997772216797 1.3199074268341064
26.023481369018555 169.4745330810547 1.3199067115783691
27.016544342041016 173.3492889404297 1.3199059963226318
28.00960922241211 177.2240447998047 1.3199052810668945
29.00267791748047 181.0988006591797 1.3199045658111572
29.99574851989746 184.9735565185547 1.31990385055542
29.99574851989746 184.9735565185547 0.9199039340019226
32.41933059692383 188.15573120117188 0.9199032783508301
34.84291458129883 191.337890625 0.9199026226997375
37.266502380371094 194.52005004882812 0.919901967048645
39.69009017944336 197.70220947265625 0.9199013113975525
42.11368179321289 200.88436889648438 0.91990065574646
44.53727722167969 204.0665283203125 0.9199000000953674
46.960872650146484 207.24868774414062 0.9198993444442749
49.38447189331055 210.43084716796875 0.9198986887931824
51.80807113647461 213.61300659179688 0.9198980331420898
54.23167419433594 216.795166015625 0.9198973774909973
56.655277252197266 219.97732543945312 0.9198967218399048
59.07888412475586 223.1594696044922 0.9198960661888123
61.50249099731445 226.34161376953125 0.9198954105377197
63.92610168457031 229.5237579345703 0.9198947548866272
66.34971618652344 232.70590209960938 0.9198940992355347
68.77333068847656 235.88804626464844 0.9198934435844421
71.19694519042969 239.0701904296875 0.9198927879333496
73.62056732177734 242.25233459472656 0.9198921322822571
76.044189453125 245.43447875976562 0.9198914766311646
78.46781158447266 248.6166229248047 0.919890820980072
80.89143371582031 251.7987518310547 0.9198901653289795
83.3150634765625 254.9808807373047 0.919889509677887
85.73869323730469 258.16302490234375 0.9198888540267944
88.16232299804688 261.34515380859375 0.9198881983757019
90.58595275878906 264.52728271484375 0.9198875427246094
93.00959014892578 267.70941162109375 0.9198868870735168
95.4332275390625 270.89154052734375 0.9198862314224243
97.85686492919922 274.07366943359375 0.9198855757713318
100.28050994873047 277.25579833984375 0.9198849201202393
102.70415496826172 280.43792724609375 0.9198842644691467
105.12779998779297 283.62005615234375 0.9198836088180542
107.55144500732422 286.80218505859375 0.9198829531669617
109.97509765625 289.98431396484375 0.9198822975158691
112.39875030517578 293.16644287109375 0.9198816418647766
114.82240295410156 296.34857177734375 0.9198809862136841
117.24605560302734 299.5306701660156 0.9198803305625916
119.43762969970703 302.2647705078125 0.8703209757804871
121.76195526123047 304.886962890625 0.8207616209983826
124.21332550048828 307.3907775878906 0.7712022662162781
126.78572845458984 309.77008056640625 0.7216429114341736
126.78572845458984 309.77008056640625 0.3216429054737091
126.78572845458984 309.77008056640625 -0.07835710048675537
126.78572845458984 309.77008056640625 -0.47835710644721985
126.78572845458984 309.77008056640625 -0.8783571124076843
126.78572845458984 309.77008056640625 -1.2783570289611816
127.93888092041016 305.9399108886719 -1.278357744216919
129.09202575683594 302.1097412109375 -1.2783584594726562
130.24517822265625 298.2795715332031 -1.2783591747283936
131.3983154296875 294.44940185546875 -1.2783598899841309
132.55145263671875 290.6192321777344 -1.2783606052398682
133.70458984375 286.7890625 -1.2783613204956055
134.85772705078125 282.9588928222656 -1.2783620357513428
136.0108642578125 279.12872314453125 -1.27836275100708
137.16400146484375 275.2985534667969 -1.2783634662628174
138.31712341308594 271.4683837890625 -1.2783641815185547
139.45071411132812 267.6755676269531 -1.282372236251831
140.569091796875 263.8782653808594 -1.2863831520080566
141.67222595214844 260.0765075683594 -1.290394902229309
141.40078735351562 261.6981201171875 -1.5194954872131348
141.60589599609375 257.7033996582031 -1.519496202468872
141.81100463867188 253.7086639404297 -1.5194969177246094
142.01611328125 249.71392822265625 -1.5194976329803467
142.22122192382812 245.7191925048828 -1.519498348236084
142.4263153076172 241.72445678710938 -1.5194990634918213
142.62136840820312 237.77069091796875 -1.5235099792480469
142.80055236816406 233.81617736816406 -1.5275208950042725
142.9638671875 229.86099243164062 -1.5315330028533936
142.9638671875 229.86099243164062 -1.9315329790115356
141.55201721191406 226.11846923828125 -1.9315359592437744
140.23435974121094 222.87161254882812 -1.981095314025879
138.75746154785156 219.6940155029297 -2.0306546688079834
137.12496948242188 216.59347534179688 -2.080214023590088
135.34088134765625 213.57762145996094 -2.1297733783721924
133.40957641601562 210.6538543701172 -2.179332733154297
131.33612060546875 207.82997131347656 -2.2289600372314453
131.33612060546875 207.82997131347656 -2.628960132598877
127.85030364990234 205.8680877685547 -2.6289608478546143
124.3644790649414 203.9062042236328 -2.6289615631103516
120.87865447998047 201.94432067871094 -2.628962278366089
117.39282989501953 199.98243713378906 -2.628962993621826
113.9070053100586 198.0205535888672 -2.6289637088775635
110.42118072509766 196.05868530273438 -2.628964424133301
106.93534851074219 194.09681701660156 -2.628965139389038
103.44951629638672 192.13494873046875 -2.6289658546447754
99.96368408203125 190.17308044433594 -2.6289665699005127
96.47785186767578 188.21121215820312 -2.62896728515625
92.99201965332031 186.2493438720703 -2.6289680004119873
89.50618743896484 184.2874755859375 -2.6289687156677246
86.02034759521484 182.32562255859375 -2.628969430923462
82.53450775146484 180.36376953125 -2.628970146179199
79.04866790771484 178.40191650390625 -2.6289708614349365
75.56282806396484 176.4400634765625 -2.628971576690674
72.07698822021484 174.47821044921875 -2.628972291946411
68.59114074707031 172.516357421875 -2.6289730072021484
65.10529327392578 170.5545196533203 -2.6289737224578857
61.61944580078125 168.59268188476562 -2.628974437713623
58.13359832763672 166.63084411621094 -2.6289751529693604
54.64774703979492 164.66900634765625 -2.6289758682250977
51.161895751953125 162.70716857910156 -2.628976583480835
47.67604446411133 160.74533081054688 -2.6289772987365723
44.190189361572266 158.78350830078125 -2.6289780139923096
40.7043342590332 156.82168579101562 -2.628978729248047
37.242958068847656 154.88058471679688 -2.6320269107818604
37.242958068847656 154.88058471679688 -2.635946750640869
37.242958068847656 154.88058471679688 -2.6359474658966064
37.242958068847656 154.88058471679688 -2.6359481811523438
37.242958068847656 154.88058471679688 -2.635948896408081
37.242958068847656 154.88058471679688 -2.6359496116638184
37.242958068847656 154.88058471679688 -2.6359503269195557
37.242958068847656 154.88058471679688 -2.635951042175293
37.242958068847656 154.88058471679688 -2.6359517574310303
37.242958068847656 154.88058471679688 -2.6359524726867676
37.242958068847656 154.88058471679688 -2.635953187942505
