-392.62151528800456
-395.1922645879275
-397.71152125219373
-400.1786239459114
-402.5929138165328
-404.9537636837934
-407.26054577674245
-409.51266186787984
-411.709540475726
-413.85060717554876
-415.9353419459745
-417.96321957445593
-419.9337070175667
-421.8463531445873
-423.7006690319436
-425.4961840458738
-427.2324790947168
-427.2756656738883
-427.57823079795264
-427.81744641661294
-427.9932612272202
-428.1056348283366
-428.06977402054844
-427.84388220177374
-427.47015268995614
-426.9592241616197
-426.9592241616197
-426.9592241616197
-426.9592241616197
-423.0612957411771
-419.16529069542685
-415.2712631587047
-411.37926928703786
-407.4893673519773
-403.6016178396201
-399.716083555152
-395.83282973326794
-391.95192415485076
-388.07343727031866
-384.1974423300818
-380.32401552257994
-376.45323612041005
-372.5851866350906
-368.7199529810503
-364.8576246494749
-360.9982948926944
-357.14206091984585
-353.28902410460415
-349.4392902058364
-345.5929696021035
-341.7501775410053
-337.911034404447
-334.0756659909916
-330.244203816558
-326.41678543482806
-322.59355477883827
-318.77466252535595
-314.96026648377153
-311.1505320113862
-307.3456324571336
-303.5457496359466
-299.7510743361708
-295.96180686263375
-292.1781576182035
-288.40034772691786
-284.62860970203434
-280.8631881626451
-277.1043406028211
-273.3523382176009
-269.60746679052045
-265.8700276477964
-262.14033868473
-258.41873547039194
-254.7055724371855
-251.0012241624706
-247.30608675006323
-243.62057932011263
-239.9451456165998
-236.28025574250125
-232.62640803352232
-228.98413108222664
-225.3539859253712
-221.73656840830057
-218.1325117413542
-214.54248926439166
-210.9672174367328
-207.40745907102834
-203.86402683080067
-200.3377870125979
-196.82966363484738
-193.34064285652877
-189.87177774964601
-186.42419345007943
-182.9990927116329
-179.59776188782394
-176.22157736502277
-172.8720124687175
-169.55064486170093
-166.25916444851805
-162.99938179418538
-159.7732370565245
-156.58280941987417
-153.43032700280415
-150.3181771929819
-147.24891733768538
-144.22528568765887
-141.25021245406901
-141.25021245406901
-141.25021245406901
-141.25021245406901
-141.25021245406901
-141.25021245406901
-141.25021245406901
-141.25021245406901
-141.25021245406901
-141.25021245406901
-141.25021245406901
