-390.66421909299265
-391.0506594935056
-391.1282107721921
-390.8906126880847
-390.35698096983737
-389.57041182542986
-388.59471222192786
-387.50953544929445
-383.5176854019208
-379.5260068736034
-375.53450533373797
-371.5431864865041
-367.55205628358567
-363.5611209377264
-359.57038693718533
-355.57986106116203
-351.58955039626886
-350.4083810318876
-346.49846379205053
-342.5906266221915
-338.6849415235244
-334.78148381664255
-330.88033237266137
-326.9815696758668
-323.0852822033613
-319.1918963160002
-315.3012019030247
-311.41329986219455
-307.5283266364167
-303.6463629734948
-299.76752586434543
-295.8919382599642
-292.01972956012247
-288.15103600444814
-284.28600112171205
-280.42477621424945
-276.5675210122775
-272.7140688670913
-268.86523183238154
-265.0208978035636
-261.180930966265
-261.1809311600391
-258.09839608375603
-255.04139841300992
-252.01089838273157
-249.00754191146706
-246.03255705396808
-243.08698547812173
-240.1719096350662
-237.28845324073336
-234.43778300375655
-231.6211094714051
-228.8396879925426
-226.0948195846055
-225.46547698673027
-225.12673398965845
-225.12673398965845
-225.12673398965845
-225.12673398965845
-225.12673398965845
-225.12673398965845
-225.12673398965845
-225.12673362112116
-227.97598342766358
-230.85928556224752
-233.7756616035509
-236.7237001715843
-239.70223304040357
-242.71013753666608
-245.74633536432444
-248.80979049633888
-251.89950847228434
-255.01453470387574
-258.1539530431394
-261.3168843631692
-264.50248515781067
-267.70994616553037
-270.9384910217702
-274.1873749432418
-277.4558834468776
-280.74333110551015
-284.0490603417978
-284.87014102969204
-287.43476027877676
-290.03186987056426
-292.6606048416927
-295.32012067176584
-298.0095932725299
-300.72821891688596
-303.47521411966704
-306.24981547524965
-309.0512794567636
-311.87888218135606
-314.7319191456646
-317.60970493535876
-320.5115729123202
-323.43687488275805
-326.38498074928583
-327.0906980750244
-327.52656488258265
-327.65762664319186
-327.47338182787666
-326.98860878179084
-326.24220778108395
-323.16581185543066
-320.1097153291921
-317.07453597112794
-314.0608785816303
-311.06917585960286
-308.10035325008494
-305.1550800382275
-302.2340149494125
-299.3378974174614
-296.46745671701206
-296.5257701095989
-296.5257701095989
-292.52642852086785
-288.5271051365155
-284.5278007241843
-280.52851609528784
-276.5292521081757
-272.5300096715765
-268.53078974834887
-264.5315933595723
-260.53242158901463
-256.53327558801755
-252.53415658084603
-248.53506587055386
-244.53600484542477
-240.53697498605584
-236.53797787315904
-232.5390151961676
-228.54008876274565
-227.44675870224293
-223.64434873872312
-219.84892117769257
-216.06087520775566
-212.28060599217696
-208.5085365101122
-204.74511995915833
-200.99084240061757
-197.2462406646419
-193.51186063923876
-189.78830570951652
-186.07622573671262
-182.3763214045441
-178.68934903342586
-175.01612591766454
-171.35753624736944
-167.71453768416038
-164.08816866781459
-160.47955653978195
-156.8899265789725
-153.32061205528788
-149.77306541686056
-146.2488707375913
-142.74975756189775
-139.2776163855932
-135.83451535039026
-132.4227196792508
-129.04471243090336
-125.70321761136717
-122.40122557261421
-121.59389573025737
-119.16060817712082
-116.81363617007527
-114.55828490886599
-112.40006974686402
-110.34469044223049
-108.39799689263744
-106.56594551606808
-104.85454567630215
-103.26979590415908
-101.81761014206921
-100.50373483533292
-100.50373483533292
-100.50373483533292
-100.50373483533292
-100.50373483533292
-100.50373483533292
-100.50373483533292
-100.50373483533292
-100.50373483533292
-100.50373483533292
-100.50373483533292
