60.0 450.0 1.1853982210159302
60.0 450.0 1.5853981971740723
59.941593170166016 453.99957275390625 1.5853983163833618
59.94084930419922 454.00299072265625 1.9850472211837769
58.330833435058594 457.6646728515625 1.9850472211837769
56.72081756591797 461.32635498046875 1.9850472211837769
55.110801696777344 464.988037109375 1.9850472211837769
53.50078582763672 468.64971923828125 1.9850472211837769
51.890769958496094 472.3114013671875 1.9850472211837769
50.28075408935547 475.97308349609375 1.9850472211837769
48.670738220214844 479.634765625 1.9850472211837769
47.06072235107422 483.29644775390625 1.9850472211837769
45.450706481933594 486.9581298828125 1.9850472211837769
45.450706481933594 486.9581298828125 2.385047197341919
45.450706481933594 486.9581298828125 2.7850472927093506
45.450706481933594 486.9581298828125 -3.098137855529785
45.450706481933594 486.9581298828125 -2.6981377601623535
45.450706481933594 486.9581298828125 -2.298137664794922
45.450706481933594 486.9581298828125 -1.8981376886367798
44.16460037231445 483.1705322265625 -1.8981376886367798
42.87849426269531 479.3829345703125 -1.8981376886367798
41.59238815307617 475.5953369140625 -1.8981376886367798
40.30628204345703 471.8077392578125 -1.8981376886367798
40.30628204345703 471.8077392578125 -1.4981377124786377
40.59666061401367 467.81829833984375 -1.4981377124786377
40.88703918457031 463.828857421875 -1.4981377124786377
41.17741775512695 459.83941650390625 -1.4981377124786377
41.467796325683594 455.8499755859375 -1.4981377124786377
41.758174896240234 451.86053466796875 -1.4981377124786377
42.048553466796875 447.87109375 -1.4981377124786377
42.338932037353516 443.88165283203125 -1.4981377124786377
42.629310607910156 439.8922119140625 -1.4981377124786377
42.9196891784668 435.90277099609375 -1.4981377124786377
43.21006774902344 431.913330078125 -1.4981377124786377
43.50044631958008 427.92388916015625 -1.4981377124786377
43.79082489013672 423.9344482421875 -1.4981377124786377
44.08120346069336 419.94500732421875 -1.4981377124786377
44.37158203125 415.95556640625 -1.4981377124786377
44.66196060180664 411.96612548828125 -1.4981377124786377
44.95233917236328 407.9766845703125 -1.4981377124786377
45.24271774291992 403.98724365234375 -1.4981377124786377
45.53309631347656 399.997802734375 -1.4981377124786377
45.8234748840332 396.00836181640625 -1.4981377124786377
46.113853454589844 392.0189208984375 -1.4981377124786377
46.404232025146484 388.02947998046875 -1.4981377124786377
46.694610595703125 384.0400390625 -1.4981377124786377
46.984989166259766 380.05059814453125 -1.4981377124786377
47.275367736816406 376.0611572265625 -1.4981377124786377
47.56574630737305 372.07171630859375 -1.4981377124786377
47.85612487792969 368.082275390625 -1.4981377124786377
48.14650344848633 364.09283447265625 -1.4981377124786377
48.43688201904297 360.1033935546875 -1.4981377124786377
48.72726058959961 356.11395263671875 -1.4981377124786377
49.01763916015625 352.12451171875 -1.4981377124786377
49.01763916015625 352.12451171875 -1.0981377363204956
49.01763916015625 352.12451171875 -0.6981377601623535
49.01763916015625 352.12451171875 -0.29813775420188904
49.01763916015625 352.12451171875 0.10186225175857544
52.99690628051758 352.53125 0.10186225175857544
52.99912643432617 352.5319519042969 0.5016282796859741
56.50632858276367 354.4553527832031 0.5016282796859741
60.01353073120117 356.3787536621094 0.5016282796859741
60.01353073120117 356.3787536621094 0.9016282558441162
60.01353073120117 356.3787536621094 1.3016282320022583
60.01353073120117 356.3787536621094 1.7016282081604004
59.491695404052734 360.3445739746094 1.7016282081604004
58.9698600769043 364.3103942871094 1.7016282081604004
58.44802474975586 368.2762145996094 1.7016282081604004
57.92618942260742 372.2420349121094 1.7016282081604004
57.404354095458984 376.2078552246094 1.7016282081604004
56.88251876831055 380.1736755371094 1.7016282081604004
56.36068344116211 384.1394958496094 1.7016282081604004
55.83884811401367 388.1053161621094 1.7016282081604004
55.317012786865234 392.0711364746094 1.7016282081604004
54.7951774597168 396.0369567871094 1.7016282081604004
54.27334213256836 400.0027770996094 1.7016282081604004
53.75150680541992 403.9685974121094 1.7016282081604004
53.229671478271484 407.9344177246094 1.7016282081604004
52.70783615112305 411.9002380371094 1.7016282081604004
52.18600082397461 415.8660583496094 1.7016282081604004
51.66416549682617 419.8318786621094 1.7016282081604004
51.142330169677734 423.7976989746094 1.7016282081604004
50.6204948425293 427.7635192871094 1.7016282081604004
50.09865951538086 431.7293395996094 1.7016282081604004
49.57682418823242 435.6951599121094 1.7016282081604004
49.054988861083984 439.6609802246094 1.7016282081604004
48.53315353393555 443.6268005371094 1.7016282081604004
48.01131820678711 447.5926208496094 1.7016282081604004
47.48948287963867 451.5584411621094 1.7016282081604004
46.967647552490234 455.5242614746094 1.7016282081604004
46.4458122253418 459.4900817871094 1.7016282081604004
45.92397689819336 463.4559020996094 1.7016282081604004
45.40214157104492 467.4217224121094 1.7016282081604004
44.880306243896484 471.3875427246094 1.7016282081604004
44.35847091674805 475.3533630371094 1.7016282081604004
43.83663558959961 479.3191833496094 1.7016282081604004
43.31480026245117 483.2850036621094 1.7016282081604004
42.792964935302734 487.2508239746094 1.7016282081604004
42.2711296081543 491.2166442871094 1.7016282081604004
41.74929428100586 495.1824645996094 1.7016282081604004
41.74929428100586 495.1824645996094 2.101628303527832
41.74929428100586 495.1824645996094 2.5016283988952637
41.74929428100586 495.1824645996094 2.9016284942626953
41.74929428100586 495.1824645996094 -2.9815566539764404
41.74929428100586 495.1824645996094 -2.581556558609009
41.74929428100586 495.1824645996094 -2.181556463241577
41.74929428100586 495.1824645996094 -1.781556487083435
40.912479400634766 491.2709655761719 -1.781556487083435
40.07566452026367 487.3594665527344 -1.781556487083435
39.23884963989258 483.4479675292969 -1.781556487083435
38.402034759521484 479.5364685058594 -1.781556487083435
37.79281234741211 476.1976623535156 -1.7210004329681396
37.194252014160156 472.2427062988281 -1.7210004329681396
37.19425964355469 472.2425537109375 -1.3210170269012451
38.183021545410156 468.36669921875 -1.3210170269012451
39.171783447265625 464.4908447265625 -1.3210170269012451
40.160545349121094 460.614990234375 -1.3210170269012451
41.14930725097656 456.7391357421875 -1.3210170269012451
42.13806915283203 452.86328125 -1.3210170269012451
43.1268310546875 448.9874267578125 -1.3210170269012451
44.11559295654297 445.111572265625 -1.3210170269012451
45.10435485839844 441.2357177734375 -1.3210170269012451
46.093116760253906 437.35986328125 -1.3210170269012451
47.081878662109375 433.4840087890625 -1.3210170269012451
48.070640563964844 429.608154296875 -1.3210170269012451
49.05940246582031 425.7322998046875 -1.3210170269012451
50.04816436767578 421.8564453125 -1.3210170269012451
51.03692626953125 417.9805908203125 -1.3210170269012451
52.02568817138672 414.104736328125 -1.3210170269012451
53.01445007324219 410.2288818359375 -1.3210170269012451
54.003211975097656 406.35302734375 -1.3210170269012451
54.003211975097656 406.35302734375 -0.921017050743103
54.003211975097656 406.35302734375 -0.5210170745849609
57.47246551513672 404.3619689941406 -0.5210170745849609
60.94171905517578 402.37091064453125 -0.5210170745849609
64.41097259521484 400.3798522949219 -0.5210170745849609
67.8802261352539 398.3887939453125 -0.5210170745849609
71.34947967529297 396.3977355957031 -0.5210170745849609
74.81873321533203 394.40667724609375 -0.5210170745849609
78.2879867553711 392.4156188964844 -0.5210170745849609
81.75724029541016 390.424560546875 -0.5210170745849609
85.22649383544922 388.4335021972656 -0.5210170745849609
88.69574737548828 386.44244384765625 -0.5210170745849609
92.16500091552734 384.4513854980469 -0.5210170745849609
95.6342544555664 382.4603271484375 -0.5210170745849609
99.10350799560547 380.4692687988281 -0.5210170745849609
102.57276153564453 378.47821044921875 -0.5210170745849609
102.57276153564453 378.47821044921875 -0.12101706862449646
102.57276153564453 378.47821044921875 0.278982937335968
102.57276153564453 378.47821044921875 0.6789829730987549
105.68560791015625 380.9902038574219 0.6789829730987549
108.79845428466797 383.502197265625 0.6789829730987549
111.91130065917969 386.0141906738281 0.6789829730987549
115.0241470336914 388.52618408203125 0.6789829730987549
115.0241470336914 388.52618408203125 1.078982949256897
116.91304779052734 392.0520935058594 1.078982949256897
118.80194854736328 395.5780029296875 1.078982949256897
120.69084930419922 399.1039123535156 1.078982949256897
122.57975006103516 402.62982177734375 1.078982949256897
124.4686508178711 406.1557312011719 1.078982949256897
126.35755157470703 409.681640625 1.078982949256897
128.24644470214844 413.2075500488281 1.078982949256897
130.13534545898438 416.73345947265625 1.078982949256897
132.0242462158203 420.2593688964844 1.078982949256897
132.0242462158203 420.2593688964844 1.478982925415039
132.3909912109375 424.2425231933594 1.478982925415039
132.7577362060547 428.2256774902344 1.478982925415039
133.12448120117188 432.2088317871094 1.478982925415039
133.12448120117188 432.2088317871094 1.8789829015731812
133.12448120117188 432.2088317871094 2.2789828777313232
133.12448120117188 432.2088317871094 2.678982973098755
133.12448120117188 432.2088317871094 3.0789830684661865
133.12448120117188 432.2088317871094 -2.804202079772949
133.12448120117188 432.2088317871094 -2.4042019844055176
133.12448120117188 432.2088317871094 -2.004201889038086
133.12448120117188 432.2088317871094 -1.6042019128799438
132.9908905029297 428.2110595703125 -1.6042019128799438
132.8572998046875 424.2132873535156 -1.6042019128799438
132.7237091064453 420.21551513671875 -1.6042019128799438
132.59011840820312 416.2177429199219 -1.6042019128799438
132.45652770996094 412.219970703125 -1.6042019128799438
132.32293701171875 408.2221984863281 -1.6042019128799438
132.18934631347656 404.22442626953125 -1.6042019128799438
132.05575561523438 400.2266540527344 -1.6042019128799438
131.9221649169922 396.2288818359375 -1.6042019128799438
131.78857421875 392.2311096191406 -1.6042019128799438
131.6549835205078 388.23333740234375 -1.6042019128799438
131.52139282226562 384.2355651855469 -1.6042019128799438
131.38780212402344 380.23779296875 -1.6042019128799438
131.25421142578125 376.2400207519531 -1.6042019128799438
131.12062072753906 372.24224853515625 -1.6042019128799438
130.98703002929688 368.2444763183594 -1.6042019128799438
130.8534393310547 364.2467041015625 -1.6042019128799438
130.7198486328125 360.2489318847656 -1.6042019128799438
130.5862579345703 356.25115966796875 -1.6042019128799438
130.45266723632812 352.2533874511719 -1.6042019128799438
130.31907653808594 348.255615234375 -1.6042019128799438
130.18548583984375 344.2578430175781 -1.6042019128799438
130.05189514160156 340.26007080078125 -1.6042019128799438
129.91830444335938 336.2622985839844 -1.6042019128799438
129.7847137451172 332.2645263671875 -1.6042019128799438
129.651123046875 328.2667541503906 -1.6042019128799438
129.5175323486328 324.26898193359375 -1.6042019128799438
129.38394165039062 320.2712097167969 -1.6042019128799438
129.25035095214844 316.2734375 -1.6042019128799438
129.11676025390625 312.2756652832031 -1.6042019128799438
128.98316955566406 308.27789306640625 -1.6042019128799438
128.84957885742188 304.2801208496094 -1.6042019128799438
128.7159881591797 300.2823486328125 -1.6042019128799438
128.5823974609375 296.2845764160156 -1.6042019128799438
128.4488067626953 292.28680419921875 -1.6042019128799438
128.31521606445312 288.2890319824219 -1.6042019128799438
128.18162536621094 284.291259765625 -1.6042019128799438
128.04803466796875 280.2934875488281 -1.6042019128799438
127.91443634033203 276.29571533203125 -1.6042019128799438
127.78083801269531 272.2979431152344 -1.6042019128799438
127.6472396850586 268.3001708984375 -1.6042019128799438
127.51364135742188 264.3023986816406 -1.6042019128799438
127.38004302978516 260.30462646484375 -1.6042019128799438
127.24644470214844 256.3068542480469 -1.6042019128799438
127.11284637451172 252.30908203125 -1.6042019128799438
126.979248046875 248.31130981445312 -1.6042019128799438
126.979248046875 248.31130981445312 -1.2042019367218018
128.41299438476562 244.5771026611328 -1.2042019367218018
129.84674072265625 240.8428955078125 -1.2042019367218018
129.84674072265625 240.8428955078125 -0.8042019605636597
129.84674072265625 240.8428955078125 -0.4042019546031952
129.84674072265625 240.8428955078125 -0.004201948642730713
129.84674072265625 240.8428955078125 0.39579805731773376
129.84674072265625 240.8428955078125 0.7957980632781982
129.84674072265625 240.8428955078125 1.1957980394363403
131.31182861328125 244.56492614746094 1.1957980394363403
132.77691650390625 248.28695678710938 1.1957980394363403
134.24200439453125 252.0089874267578 1.1957980394363403
135.70709228515625 255.73101806640625 1.1957980394363403
137.17218017578125 259.45306396484375 1.1957980394363403
138.63726806640625 263.17510986328125 1.1957980394363403
138.63726806640625 263.17510986328125 1.5957980155944824
138.5372772216797 267.1738586425781 1.5957980155944824
138.43728637695312 271.172607421875 1.5957980155944824
138.33729553222656 275.1713562011719 1.5957980155944824
138.2373046875 279.17010498046875 1.5957980155944824
138.13731384277344 283.1688537597656 1.5957980155944824
138.03732299804688 287.1676025390625 1.5957980155944824
137.9373321533203 291.1663513183594 1.5957980155944824
137.83734130859375 295.16510009765625 1.5957980155944824
137.7373504638672 299.1638488769531 1.5957980155944824
137.63735961914062 303.16259765625 1.5957980155944824
137.53736877441406 307.1613464355469 1.5957980155944824
137.4373779296875 311.16009521484375 1.5957980155944824
137.33738708496094 315.1588439941406 1.5957980155944824
137.23739624023438 319.1575927734375 1.5957980155944824
137.1374053955078 323.1563415527344 1.5957980155944824
137.03741455078125 327.15509033203125 1.5957980155944824
136.9374237060547 331.1538391113281 1.5957980155944824
136.83743286132812 335.152587890625 1.5957980155944824
136.73744201660156 339.1513366699219 1.5957980155944824
136.637451171875 343.15008544921875 1.5957980155944824
136.53746032714844 347.1488342285156 1.5957980155944824
136.43746948242188 351.1475830078125 1.5957980155944824
136.3374786376953 355.1463317871094 1.5957980155944824
136.23748779296875 359.14508056640625 1.5957980155944824
136.1374969482422 363.1438293457031 1.5957980155944824
136.03750610351562 367.142578125 1.5957980155944824
135.93751525878906 371.1413269042969 1.5957980155944824
135.8375244140625 375.14007568359375 1.5957980155944824
135.73753356933594 379.1388244628906 1.5957980155944824
135.63754272460938 383.1375732421875 1.5957980155944824
135.5375518798828 387.1363220214844 1.5957980155944824
135.43756103515625 391.13507080078125 1.5957980155944824
135.3375701904297 395.1338195800781 1.5957980155944824
135.23757934570312 399.132568359375 1.5957980155944824
135.13758850097656 403.1313171386719 1.5957980155944824
135.03759765625 407.13006591796875 1.5957980155944824
134.93760681152344 411.1288146972656 1.5957980155944824
134.83761596679688 415.1275634765625 1.5957980155944824
134.7376251220703 419.1263122558594 1.5957980155944824
134.63763427734375 423.12506103515625 1.5957980155944824
134.5376434326172 427.1238098144531 1.5957980155944824
134.5376434326172 427.1238098144531 1.9957979917526245
134.5376434326172 427.1238098144531 2.3957979679107666
134.5376434326172 427.1238098144531 2.7957980632781982
134.5376434326172 427.1238098144531 -3.0873870849609375
134.5376434326172 427.1238098144531 -2.687386989593506
134.5376434326172 427.1238098144531 -2.287386894226074
134.5376434326172 427.1238098144531 -1.8873869180679321
134.5376434326172 427.1238098144531 -1.48738694190979
134.8708953857422 423.1377258300781 -1.48738694190979
135.2041473388672 419.1516418457031 -1.48738694190979
135.5373992919922 415.1655578613281 -1.48738694190979
135.8706512451172 411.1794738769531 -1.48738694190979
136.2039031982422 407.1933898925781 -1.48738694190979
136.5371551513672 403.2073059082031 -1.48738694190979
136.8704071044922 399.2212219238281 -1.48738694190979
137.2036590576172 395.2351379394531 -1.48738694190979
137.5369110107422 391.2490539550781 -1.48738694190979
137.8701629638672 387.2629699707031 -1.48738694190979
138.2034149169922 383.2768859863281 -1.48738694190979
138.5366668701172 379.2908020019531 -1.48738694190979
138.8699188232422 375.3047180175781 -1.48738694190979
139.2031707763672 371.3186340332031 -1.48738694190979
139.5364227294922 367.3325500488281 -1.48738694190979
139.8696746826172 363.3464660644531 -1.48738694190979
140.2029266357422 359.3603820800781 -1.48738694190979
140.5361785888672 355.3742980957031 -1.48738694190979
140.8694305419922 351.3882141113281 -1.48738694190979
141.2026824951172 347.4021301269531 -1.48738694190979
141.5359344482422 343.4160461425781 -1.48738694190979
141.8691864013672 339.4299621582031 -1.48738694190979
142.2024383544922 335.4438781738281 -1.48738694190979
142.5356903076172 331.4577941894531 -1.48738694190979
142.8689422607422 327.4717102050781 -1.48738694190979
143.2021942138672 323.4856262207031 -1.48738694190979
143.5354461669922 319.4995422363281 -1.48738694190979
143.8686981201172 315.5134582519531 -1.48738694190979
144.2019500732422 311.5273742675781 -1.48738694190979
144.5352020263672 307.5412902832031 -1.48738694190979
144.8684539794922 303.5552062988281 -1.48738694190979
145.2017059326172 299.5691223144531 -1.48738694190979
145.5349578857422 295.5830383300781 -1.48738694190979
145.8682098388672 291.5969543457031 -1.48738694190979
146.2014617919922 287.6108703613281 -1.48738694190979
146.5347137451172 283.6247863769531 -1.48738694190979
146.8679656982422 279.6387023925781 -1.48738694190979
147.2012176513672 275.6526184082031 -1.48738694190979
147.5344696044922 271.6665344238281 -1.48738694190979
147.8677215576172 267.6804504394531 -1.48738694190979
148.2009735107422 263.6943664550781 -1.48738694190979
148.5342254638672 259.7082824707031 -1.48738694190979
148.8674774169922 255.72218322753906 -1.48738694190979
149.2007293701172 251.736083984375 -1.48738694190979
149.5339813232422 247.74998474121094 -1.48738694190979
149.8672332763672 243.76388549804688 -1.48738694190979
150.2004852294922 239.7777862548828 -1.48738694190979
150.2004852294922 239.7777862548828 -1.087386965751648
150.2004852294922 239.7777862548828 -0.6873869895935059
150.2004852294922 239.7777862548828 -0.2873869836330414
150.2004852294922 239.7777862548828 0.1126130223274231
150.2004852294922 239.7777862548828 0.51261305809021
150.2004852294922 239.7777862548828 0.912613034248352
150.2004852294922 239.7777862548828 1.3126130104064941
150.2004852294922 239.7777862548828 1.7126129865646362
150.2004852294922 239.7777862548828 2.1126129627227783
148.13771057128906 243.2048797607422 2.1126129627227783
146.07493591308594 246.63197326660156 2.1126129627227783
144.0121612548828 250.05906677246094 2.1126129627227783
144.0121612548828 250.05906677246094 2.51261305809021
144.0121612548828 250.05906677246094 2.9126131534576416
140.11656188964844 250.9669952392578 2.9126131534576416
136.22096252441406 251.8749237060547 2.9126131534576416
132.3253631591797 252.78285217285156 2.9126131534576416
128.4297637939453 253.69078063964844 2.9126131534576416
124.53417205810547 254.5987091064453 2.9126131534576416
124.53417205810547 254.5987091064453 -2.970571994781494
120.592529296875 253.91795349121094 -2.970571994781494
116.65088653564453 253.23719787597656 -2.970571994781494
112.70924377441406 252.5564422607422 -2.970571994781494
108.7676010131836 251.8756866455078 -2.970571994781494
104.82595825195312 251.19493103027344 -2.970571994781494
104.82595825195312 251.19493103027344 -2.5705718994140625
101.46055603027344 249.032958984375 -2.5705718994140625
98.09515380859375 246.87098693847656 -2.5705718994140625
94.72975158691406 244.70901489257812 -2.5705718994140625
91.36434936523438 242.5470428466797 -2.5705718994140625
87.99894714355469 240.38507080078125 -2.5705718994140625
84.633544921875 238.2230987548828 -2.5705718994140625
81.26814270019531 236.06112670898438 -2.5705718994140625
77.90274047851562 233.89915466308594 -2.5705718994140625
74.53733825683594 231.7371826171875 -2.5705718994140625
71.17193603515625 229.57521057128906 -2.5705718994140625
71.17193603515625 229.57521057128906 -2.170571804046631
68.91410827636719 226.2733612060547 -2.170571804046631
66.65628051757812 222.9715118408203 -2.170571804046631
64.39845275878906 219.66966247558594 -2.170571804046631
62.140625 216.36781311035156 -2.170571804046631
59.88279724121094 213.0659637451172 -2.170571804046631
57.624969482421875 209.7641143798828 -2.170571804046631
55.36714172363281 206.46226501464844 -2.170571804046631
53.10931396484375 203.16041564941406 -2.170571804046631
50.85148620605469 199.8585662841797 -2.170571804046631
48.593658447265625 196.5567169189453 -2.170571804046631
46.33583068847656 193.25486755371094 -2.170571804046631
44.0780029296875 189.95301818847656 -2.170571804046631
41.82017517089844 186.6511688232422 -2.170571804046631
39.562347412109375 183.3493194580078 -2.170571804046631
37.30451965332031 180.04747009277344 -2.170571804046631
35.04669189453125 176.74562072753906 -2.170571804046631
32.78886413574219 173.4437713623047 -2.170571804046631
30.531036376953125 170.1419219970703 -2.170571804046631
28.273208618164062 166.84007263183594 -2.170571804046631
26.015380859375 163.53822326660156 -2.170571804046631
23.757553100585938 160.2363739013672 -2.170571804046631
21.499725341796875 156.9345245361328 -2.170571804046631
19.241897583007812 153.63267517089844 -2.170571804046631
19.241897583007812 153.63267517089844 -2.170571804046631
19.241897583007812 153.63267517089844 -2.170571804046631
19.241897583007812 153.63267517089844 -2.170571804046631
19.241897583007812 153.63267517089844 -2.170571804046631
19.241897583007812 153.63267517089844 -2.170571804046631
19.241897583007812 153.63267517089844 -2.170571804046631
19.241897583007812 153.63267517089844 -2.170571804046631
19.241897583007812 153.63267517089844 -2.170571804046631
19.241897583007812 153.63267517089844 -2.170571804046631
19.241897583007812 153.63267517089844 -2.170571804046631
