60.0 450.0 1.1853982210159302
60.0 450.0 1.5853981971740723
59.99772262573242 450.010498046875 1.9843182563781738
58.39040756225586 453.6731872558594 1.984332799911499
56.78303909301758 457.33587646484375 1.9843473434448242
55.17561721801758 460.99853515625 1.9843618869781494
53.56814193725586 464.6611633300781 1.9843764305114746
51.96061325073242 468.3237609863281 1.9843909740447998
50.353031158447266 471.9863586425781 1.984405517578125
48.74539566040039 475.64892578125 1.9844200611114502
47.1377067565918 479.31146240234375 1.9844346046447754
47.1377067565918 479.31146240234375 2.384434700012207
47.1377067565918 479.31146240234375 2.7844347953796387
47.1377067565918 479.31146240234375 -3.098750352859497
47.1377067565918 479.31146240234375 -2.6987502574920654
47.1377067565918 479.31146240234375 -2.298750162124634
47.1377067565918 479.31146240234375 -1.8987501859664917
45.8493537902832 475.5247802734375 -1.898735523223877
44.561058044433594 471.7380676269531 -1.8987209796905518
43.2728157043457 467.95135498046875 -1.8987064361572266
41.9846305847168 464.16461181640625 -1.8986918926239014
41.9846305847168 464.16461181640625 -1.4986919164657593
42.2728157043457 460.1751403808594 -1.4986772537231445
42.56106185913086 456.1856994628906 -1.4986627101898193
42.849365234375 452.1962585449219 -1.4986481666564941
43.137725830078125 448.2068176269531 -1.498633623123169
43.426143646240234 444.2173767089844 -1.4986190795898438
43.714622497558594 440.2279357910156 -1.4986045360565186
44.00315856933594 436.2384948730469 -1.4985899925231934
44.291751861572266 432.2490539550781 -1.4985754489898682
44.58040237426758 428.2596435546875 -1.498560905456543
44.869110107421875 424.2702331542969 -1.4985463619232178
45.15787887573242 420.28082275390625 -1.4985318183898926
45.44670486450195 416.2914123535156 -1.4985172748565674
45.73558807373047 412.302001953125 -1.4985027313232422
46.02452850341797 408.3125915527344 -1.498488187789917
46.31352615356445 404.32318115234375 -1.4984736442565918
46.60258483886719 400.3337707519531 -1.4984591007232666
46.891700744628906 396.3443908691406 -1.4984445571899414
47.18087387084961 392.3550109863281 -1.4984300136566162
47.4701042175293 388.3656311035156 -1.498415470123291
47.759395599365234 384.3762512207031 -1.4984009265899658
48.048744201660156 380.3868713378906 -1.4983863830566406
48.33815002441406 376.3974914550781 -1.4983718395233154
48.62761306762695 372.4081115722656 -1.4983572959899902
48.91713333129883 368.41876220703125 -1.498342752456665
49.20671463012695 364.4294128417969 -1.4983282089233398
49.49635314941406 360.4400634765625 -1.4983136653900146
49.786048889160156 356.4507141113281 -1.4982991218566895
49.786048889160156 356.4507141113281 -1.0982991456985474
49.786048889160156 356.4507141113281 -0.6982991695404053
49.786048889160156 356.4507141113281 -0.2982991635799408
49.786048889160156 356.4507141113281 0.10170084238052368
53.76523208618164 356.8568420410156 0.10171544551849365
57.744407653808594 357.2630310058594 0.10173004865646362
57.744407653808594 357.2630310058594 0.5017300844192505
60.91735076904297 359.0755920410156 0.5362957715988159
60.91735076904297 359.0755920410156 0.936295747756958
60.91735076904297 359.0755920410156 1.3362957239151
60.91735076904297 359.0755920410156 1.7362957000732422
60.258365631103516 363.0207824707031 1.736310362815857
59.59932327270508 366.9659729003906 1.7363250255584717
58.940223693847656 370.9111633300781 1.7363395690917969
58.28106689453125 374.8563232421875 1.736354112625122
57.62185287475586 378.8014831542969 1.7363686561584473
56.962581634521484 382.74664306640625 1.7363831996917725
56.303253173828125 386.6917724609375 1.7363977432250977
55.64386749267578 390.63690185546875 1.7364122867584229
54.98442459106445 394.58203125 1.736426830291748
54.32492446899414 398.5271301269531 1.7364413738250732
53.665367126464844 402.47222900390625 1.7364559173583984
53.00575256347656 406.4173278808594 1.7364704608917236
52.34607696533203 410.3623962402344 1.7364850044250488
51.686344146728516 414.3074645996094 1.736499547958374
51.026554107666016 418.2525329589844 1.7365140914916992
50.36670684814453 422.19757080078125 1.7365286350250244
49.70680236816406 426.1426086425781 1.7365431785583496
49.04684066772461 430.087646484375 1.7365577220916748
48.38682174682617 434.0326843261719 1.736572265625
47.72674560546875 437.9776916503906 1.7365868091583252
47.066612243652344 441.9226989746094 1.7366013526916504
46.40642166137695 445.8677062988281 1.7366158962249756
45.74617385864258 449.81268310546875 1.7366304397583008
45.08586883544922 453.7576599121094 1.736644983291626
44.425506591796875 457.70263671875 1.7366595268249512
43.76508712768555 461.6475830078125 1.7366740703582764
43.104610443115234 465.592529296875 1.7366886138916016
42.44407653808594 469.5374755859375 1.7367031574249268
41.783485412597656 473.4823913574219 1.736717700958252
41.12283706665039 477.42730712890625 1.7367322444915771
40.46213150024414 481.3722229003906 1.7367467880249023
39.801368713378906 485.3171081542969 1.7367613315582275
39.14054870605469 489.2619934082031 1.7367758750915527
38.479671478271484 493.2068786621094 1.736790418624878
37.8187370300293 497.1517333984375 1.7368049621582031
37.8187370300293 497.1517333984375 2.1368050575256348
37.8187370300293 497.1517333984375 2.5368051528930664
37.8187370300293 497.1517333984375 2.936805248260498
37.8187370300293 497.1517333984375 -2.9463798999786377
37.8187370300293 497.1517333984375 -2.546379804611206
37.8187370300293 497.1517333984375 -2.1463797092437744
37.8187370300293 497.1517333984375 -1.7463797330856323
37.8187370300293 497.1517333984375 -1.3463797569274902
38.708885192871094 493.252197265625 -1.346365213394165
39.59908676147461 489.3526611328125 -1.3463506698608398
40.48934555053711 485.453125 -1.3463361263275146
41.379661560058594 481.5536193847656 -1.3463215827941895
42.27003479003906 477.65411376953125 -1.3463070392608643
43.160465240478516 473.754638671875 -1.346292495727539
44.05095291137695 469.85516357421875 -1.3462779521942139
44.941497802734375 465.9557189941406 -1.3462634086608887
45.83209991455078 462.0562744140625 -1.3462488651275635
46.722755432128906 458.1568298339844 -1.3462343215942383
47.613468170166016 454.2574157714844 -1.346219778060913
48.50423812866211 450.3580017089844 -1.346205234527588
49.39506530761719 446.4586181640625 -1.3461906909942627
50.28594970703125 442.5592346191406 -1.3461761474609375
51.1768913269043 438.6598815917969 -1.3461616039276123
52.06789016723633 434.7605285644531 -1.346147060394287
52.95894241333008 430.8611755371094 -1.346132516860962
53.85005187988281 426.96185302734375 -1.3461179733276367
54.74121856689453 423.0625305175781 -1.3461034297943115
55.632442474365234 419.1632385253906 -1.3460888862609863
56.52372360229492 415.2639465332031 -1.3460743427276611
57.415061950683594 411.36468505859375 -1.346059799194336
57.415061950683594 411.36468505859375 -0.9460598230361938
57.415061950683594 411.36468505859375 -0.5460598468780518
60.8332633972168 409.2874755859375 -0.5460452437400818
64.25149536132812 407.2103271484375 -0.5460306406021118
67.66975402832031 405.13323974609375 -0.5460160374641418
71.08804321289062 403.0561828613281 -0.5460014343261719
74.50636291503906 400.97918701171875 -0.5459868311882019
77.92471313476562 398.9022521972656 -0.5459722280502319
81.34309387207031 396.8253479003906 -0.545957624912262
84.76150512695312 394.7485046386719 -0.545943021774292
88.17994689941406 392.6717224121094 -0.545928418636322
91.59841918945312 390.594970703125 -0.545913815498352
95.01692199707031 388.5182800292969 -0.5458992123603821
98.43545532226562 386.4416198730469 -0.5458846092224121
101.85401916503906 384.3650207519531 -0.5458700060844421
101.85401916503906 384.3650207519531 -0.14587000012397766
101.85401916503906 384.3650207519531 0.2541300058364868
101.85401916503906 384.3650207519531 0.6541299819946289
105.0281982421875 386.798828125 0.6541445851325989
108.20233917236328 389.2326965332031 0.6541591882705688
111.3764419555664 391.6665954589844 0.6541737914085388
111.3764419555664 391.6665954589844 1.0541738271713257
113.35212707519531 395.1444396972656 1.0541884899139404
115.32776641845703 398.622314453125 1.0542030334472656
117.30335235595703 402.1002197265625 1.0542175769805908
119.27888488769531 405.5781555175781 1.054232120513916
121.2543716430664 409.0561218261719 1.0542466640472412
123.22980499267578 412.53411865234375 1.0542612075805664
125.20518493652344 416.01214599609375 1.0542757511138916
127.1805191040039 419.4902038574219 1.0542902946472168
129.1558074951172 422.9682922363281 1.054304838180542
131.13104248046875 426.4464111328125 1.0543193817138672
131.13104248046875 426.4464111328125 1.4543193578720093
131.59585571289062 430.4191589355469 1.454334020614624
132.06060791015625 434.39190673828125 1.4543485641479492
132.06060791015625 434.39190673828125 1.8543485403060913
132.06060791015625 434.39190673828125 2.2543485164642334
132.06060791015625 434.39190673828125 2.654348611831665
132.06060791015625 434.39190673828125 3.0543487071990967
132.06060791015625 434.39190673828125 -2.828836441040039
132.06060791015625 434.39190673828125 -2.4288363456726074
132.06060791015625 434.39190673828125 -2.028836250305176
132.06060791015625 434.39190673828125 -1.6288362741470337
131.82861328125 430.3987731933594 -1.628821611404419
131.5966796875 426.4056396484375 -1.6288070678710938
131.36480712890625 422.4125061035156 -1.6287925243377686
131.13299560546875 418.41937255859375 -1.6287779808044434
130.90122985839844 414.4262390136719 -1.6287634372711182
130.66952514648438 410.43310546875 -1.628748893737793
130.43788146972656 406.4399719238281 -1.6287343502044678
130.206298828125 402.44683837890625 -1.6287198066711426
129.9747772216797 398.4537048339844 -1.6287052631378174
129.74330139160156 394.4605407714844 -1.6286907196044922
129.5118865966797 390.4673767089844 -1.628676176071167
129.28053283691406 386.4742126464844 -1.6286616325378418
129.0492401123047 382.4810485839844 -1.6286470890045166
128.81800842285156 378.4878845214844 -1.6286325454711914
128.5868377685547 374.4947204589844 -1.6286180019378662
128.355712890625 370.5015563964844 -1.628603458404541
128.12461853027344 366.50823974609375 -1.628603458404541
127.89351654052734 362.5149230957031 -1.628603458404541
127.66241455078125 358.5216064453125 -1.628603458404541
127.43131256103516 354.5282897949219 -1.628603458404541
127.20021057128906 350.53497314453125 -1.628603458404541
126.96910858154297 346.5416564941406 -1.628603458404541
126.73804473876953 342.5484924316406 -1.6285889148712158
126.50704193115234 338.5553283691406 -1.6285743713378906
126.27609252929688 334.5621337890625 -1.6285598278045654
126.04520416259766 330.5689392089844 -1.6285452842712402
125.81437683105469 326.57574462890625 -1.628530740737915
125.58360290527344 322.5825500488281 -1.6285161972045898
125.35289001464844 318.58935546875 -1.6285016536712646
125.12223815917969 314.5961608886719 -1.6284871101379395
124.89163970947266 310.60296630859375 -1.6284725666046143
124.66110229492188 306.6097717285156 -1.628458023071289
124.43061828613281 302.6165771484375 -1.6284434795379639
124.2001953125 298.62335205078125 -1.6284289360046387
123.96983337402344 294.630126953125 -1.6284143924713135
123.7395248413086 290.63690185546875 -1.6283997297286987
123.50927734375 286.6436767578125 -1.628385066986084
123.27909088134766 282.65045166015625 -1.6283705234527588
123.04895782470703 278.6572265625 -1.628355860710144
122.81888580322266 274.66400146484375 -1.6283411979675293
122.58887481689453 270.6707763671875 -1.628326654434204
122.35891723632812 266.67755126953125 -1.6283119916915894
122.12902069091797 262.6842956542969 -1.6282973289489746
121.89917755126953 258.6910400390625 -1.6282826662063599
121.66939544677734 254.6977996826172 -1.6282678842544556
121.4396743774414 250.7045440673828 -1.6282532215118408
121.21001434326172 246.71128845214844 -1.628238558769226
121.21001434326172 246.71128845214844 -1.228238582611084
122.55358123779297 242.94384765625 -1.2282240390777588
122.55358123779297 242.94384765625 -0.8282240629196167
122.55358123779297 242.94384765625 -0.4282240569591522
122.55358123779297 242.94384765625 -0.028224050998687744
122.55358123779297 242.94384765625 0.37177595496177673
122.55358123779297 242.94384765625 0.7717759609222412
122.55358123779297 242.94384765625 1.1717759370803833
124.10755920410156 246.62948608398438 1.171790599822998
125.66148376464844 250.31515502929688 1.1718051433563232
127.2153549194336 254.00083923339844 1.1718196868896484
128.76918029785156 257.6865539550781 1.1718342304229736
130.3229522705078 261.3722839355469 1.1718487739562988
131.8766632080078 265.05804443359375 1.171863317489624
133.43032836914062 268.74383544921875 1.1718778610229492
134.9839324951172 272.42962646484375 1.1718924045562744
136.5374755859375 276.1154479980469 1.1719069480895996
138.09097290039062 279.8013000488281 1.1719214916229248
138.09097290039062 279.8013000488281 1.571921467781067
138.08644104003906 283.8011474609375 1.5719361305236816
138.08184814453125 287.8009948730469 1.5719506740570068
138.07720947265625 291.80084228515625 1.5719650983810425
138.07254028320312 295.80084228515625 1.5719650983810425
138.06787109375 299.80084228515625 1.5719650983810425
138.06320190429688 303.80084228515625 1.5719650983810425
138.05853271484375 307.80084228515625 1.5719650983810425
138.05386352539062 311.80084228515625 1.5719650983810425
138.0491943359375 315.80084228515625 1.5719650983810425
138.04452514648438 319.80084228515625 1.5719650983810425
138.03982543945312 323.8006896972656 1.5719797611236572
138.03506469726562 327.800537109375 1.5719943046569824
138.03024291992188 331.8003845214844 1.5720088481903076
138.02536010742188 335.80023193359375 1.5720233917236328
138.02041625976562 339.8000793457031 1.572037935256958
138.0154266357422 343.7999267578125 1.5720524787902832
138.0103759765625 347.7997741699219 1.5720670223236084
138.00526428222656 351.79962158203125 1.5720815658569336
138.00009155273438 355.7994689941406 1.5720961093902588
137.99485778808594 359.79931640625 1.572110652923584
137.9895782470703 363.7991638183594 1.5721251964569092
137.98423767089844 367.79901123046875 1.5721397399902344
137.9788360595703 371.7988586425781 1.5721542835235596
137.97337341308594 375.7987060546875 1.5721688270568848
137.9678497314453 379.7985534667969 1.57218337059021
137.96226501464844 383.79840087890625 1.5721979141235352
137.95663452148438 387.7982482910156 1.5722124576568604
137.95094299316406 391.798095703125 1.5722270011901855
137.9451904296875 395.7979431152344 1.5722415447235107
137.9393768310547 399.79779052734375 1.572256088256836
137.93350219726562 403.7976379394531 1.5722706317901611
137.92758178710938 407.7974853515625 1.5722851753234863
137.92160034179688 411.7973327636719 1.5722997188568115
137.91555786132812 415.79718017578125 1.5723142623901367
137.90945434570312 419.7970275878906 1.572328805923462
137.90328979492188 423.796875 1.572343349456787
137.89707946777344 427.7967224121094 1.5723578929901123
137.89080810546875 431.79656982421875 1.5723724365234375
137.89080810546875 431.79656982421875 1.9723724126815796
137.89080810546875 431.79656982421875 2.3723723888397217
137.89080810546875 431.79656982421875 2.7723724842071533
137.89080810546875 431.79656982421875 -3.1108126640319824
137.89080810546875 431.79656982421875 -2.710812568664551
137.89080810546875 431.79656982421875 -2.310812473297119
137.89080810546875 431.79656982421875 -1.910812497138977
137.89080810546875 431.79656982421875 -1.510812520980835
138.130615234375 427.8039245605469 -1.5107979774475098
138.3704833984375 423.811279296875 -1.5107834339141846
138.61041259765625 419.8186340332031 -1.5107688903808594
138.85040283203125 415.82598876953125 -1.5107543468475342
139.0904541015625 411.8333435058594 -1.510739803314209
139.33055114746094 407.8406982421875 -1.5107252597808838
139.57070922851562 403.8480529785156 -1.5107107162475586
139.81092834472656 399.85540771484375 -1.5106961727142334
140.05120849609375 395.8627624511719 -1.5106816291809082
140.29151916503906 391.8699951171875 -1.5106816291809082
140.53182983398438 387.8772277832031 -1.5106816291809082
140.7721405029297 383.88446044921875 -1.5106816291809082
141.012451171875 379.8916931152344 -1.5106816291809082
141.2527618408203 375.89892578125 -1.5106816291809082
141.49307250976562 371.9061584472656 -1.5106816291809082
141.73338317871094 367.91339111328125 -1.5106816291809082
141.97369384765625 363.9206237792969 -1.5106816291809082
142.2140350341797 359.9280090332031 -1.510667085647583
142.4544219970703 355.9353942871094 -1.5106525421142578
142.6948699951172 351.9427795410156 -1.5106379985809326
142.9353790283203 347.9501647949219 -1.5106234550476074
143.1759490966797 343.9575500488281 -1.5106089115142822
143.4165802001953 339.9649353027344 -1.510594367980957
143.65725708007812 335.9723205566406 -1.5105798244476318
143.8979949951172 331.9797058105469 -1.5105652809143066
144.1387939453125 327.98712158203125 -1.5105507373809814
144.37965393066406 323.9945373535156 -1.5105361938476562
144.62057495117188 320.001953125 -1.510521650314331
144.86154174804688 316.0093688964844 -1.5105071067810059
145.10256958007812 312.01678466796875 -1.5104925632476807
145.34365844726562 308.0242004394531 -1.5104780197143555
145.58480834960938 304.0316162109375 -1.5104634761810303
145.82598876953125 300.03887939453125 -1.5104634761810303
146.06716918945312 296.046142578125 -1.5104634761810303
146.308349609375 292.05340576171875 -1.5104634761810303
146.54953002929688 288.0606689453125 -1.5104634761810303
146.79071044921875 284.06793212890625 -1.5104634761810303
147.03189086914062 280.0751953125 -1.5104634761810303
147.2730712890625 276.08245849609375 -1.5104634761810303
147.51425170898438 272.0897216796875 -1.5104634761810303
147.75543212890625 268.09698486328125 -1.5104634761810303
147.99661254882812 264.104248046875 -1.5104634761810303
148.23779296875 260.11151123046875 -1.5104634761810303
148.47897338867188 256.1187744140625 -1.5104634761810303
148.72015380859375 252.1260528564453 -1.5104634761810303
148.96133422851562 248.13333129882812 -1.5104634761810303
149.20541381835938 244.16172790527344 -1.5083729028701782
149.20541381835938 244.16172790527344 -1.1083729267120361
149.20541381835938 244.16172790527344 -0.708372950553894
149.20541381835938 244.16172790527344 -0.30837294459342957
149.20541381835938 244.16172790527344 0.09162706136703491
149.20541381835938 244.16172790527344 0.4916270673274994
149.20541381835938 244.16172790527344 0.8916270732879639
149.20541381835938 244.16172790527344 1.291627049446106
149.20541381835938 244.16172790527344 1.691627025604248
149.20541381835938 244.16172790527344 2.0916271209716797
147.21505737304688 247.63121032714844 2.091641664505005
145.2246551513672 251.1006622314453 2.09165620803833
143.23419189453125 254.57008361816406 2.0916707515716553
143.23419189453125 254.57008361816406 2.491670846939087
143.23419189453125 254.57008361816406 2.8916709423065186
143.23419189453125 254.57008361816406 -2.991514205932617
139.279296875 253.97201538085938 -2.991499662399292
135.3244171142578 253.37388610839844 -2.991485118865967
131.3695526123047 252.77569580078125 -2.9914705753326416
127.41468811035156 252.17745971679688 -2.9914560317993164
123.45983123779297 251.57916259765625 -2.991441488265991
119.50498962402344 250.98080444335938 -2.991426944732666
115.55015563964844 250.38238525390625 -2.991412401199341
111.59532928466797 249.78390502929688 -2.9913978576660156
107.64051055908203 249.1853790283203 -2.9913833141326904
103.68569946289062 248.5867919921875 -2.9913687705993652
103.68569946289062 248.5867919921875 -2.5913686752319336
100.27620697021484 246.49533081054688 -2.5913541316986084
96.86674499511719 244.40382385253906 -2.591339588165283
93.45731353759766 242.31227111816406 -2.591325044631958
90.04791259765625 240.2206573486328 -2.591310501098633
86.63854217529297 238.12899780273438 -2.5912959575653076
83.22920227050781 236.03729248046875 -2.5912814140319824
79.81989288330078 233.94554138183594 -2.5912668704986572
76.41061401367188 231.85372924804688 -2.591252326965332
73.0013656616211 229.76187133789062 -2.591237783432007
73.0010986328125 229.76162719726562 -2.191274404525757
70.6755142211914 226.50732421875 -2.1912598609924316
68.3499755859375 223.25299072265625 -2.1912453174591064
66.02448272705078 219.99862670898438 -2.1912307739257812
63.69903564453125 216.74423217773438 -2.191216230392456
61.37363815307617 213.4897918701172 -2.191201686859131
59.04828643798828 210.23532104492188 -2.1911871433258057
56.722984313964844 206.98081970214844 -2.1911725997924805
54.397727966308594 203.72628784179688 -2.1911580562591553
52.07251739501953 200.47171020507812 -2.19114351272583
49.74735641479492 197.21710205078125 -2.191128969192505
47.4222412109375 193.96246337890625 -2.1911144256591797
45.09717559814453 190.70779418945312 -2.1910998821258545
42.77215576171875 187.45309448242188 -2.1910853385925293
40.447181701660156 184.19834899902344 -2.191070795059204
38.122257232666016 180.94357299804688 -2.191056251525879
35.79737854003906 177.6887664794922 -2.1910417079925537
33.47254943847656 174.43392944335938 -2.1910271644592285
31.14776611328125 171.17904663085938 -2.1910126209259033
28.823030471801758 167.92413330078125 -2.190998077392578
26.498342514038086 164.669189453125 -2.190983533859253
24.173702239990234 161.41421508789062 -2.1909689903259277
21.84910774230957 158.15921020507812 -2.1909544467926025
19.524560928344727 154.90415954589844 -2.1909399032592773
17.200061798095703 151.64907836914062 -2.190925359725952
17.200061798095703 151.64907836914062 -2.190910816192627
17.200061798095703 151.64907836914062 -2.1908962726593018
17.200061798095703 151.64907836914062 -2.1908817291259766
17.200061798095703 151.64907836914062 -2.1908671855926514
17.200061798095703 151.64907836914062 -2.190852642059326
17.200061798095703 151.64907836914062 -2.190838098526001
17.200061798095703 151.64907836914062 -2.190823554992676
17.200061798095703 151.64907836914062 -2.1908090114593506
17.200061798095703 151.64907836914062 -2.1907944679260254
17.200061798095703 151.64907836914062 -2.1907799243927
