-390.0
-390.0
-393.99957708304515
-394.26005606157275
-397.9662363141675
-401.6780536167118
-405.3953531300193
-409.1179854178657
-412.84580622332817
-416.5786762555947
-420.31646098671195
-424.05903045776734
-427.8062590940273
-431.5580255285809
-435.3142124340594
-435.3142124340594
-435.3142124340594
-435.3142124340594
-435.3142124340594
-435.3142124340594
-435.3142124340594
-431.62067423777387
-427.9326457373626
-424.25027062102276
-424.25027062102276
-420.2502803217964
-416.2502903798989
-412.2503008057315
-408.25031161010327
-404.2503228042508
-400.25033439986015
-396.250346409089
-392.2503588445911
-388.25037171954165
-384.2503850476644
-380.2503988432605
-376.25041312123943
-372.2504278971514
-368.2504431872222
-364.25045900839035
-360.2504753783469
-356.25049231557705
-352.250509839406
-348.25052797004656
-344.2505467286511
-340.25056613736666
-336.25058621939405
-332.25060699905134
-328.25062850184196
-324.2506507545278
-320.25067378520777
-316.25069762340235
-312.2507223001447
-308.2507478480786
-304.25077430156483
-300.25080169679484
-296.2508300719149
-292.25085946715956
-288.25088992499684
-284.2509214902849
-280.25095421044307
-280.25095421044307
-280.25095421044307
-280.25095421044307
-280.25095421044307
-280.25095421044307
-281.92238801796077
-283.64038582938326
-285.4041067660715
-285.4041067660715
-288.4548279242403
-288.4548279242403
-288.4548279242403
-292.4346752601545
-296.41506550780156
-300.39597708566254
-304.3773895385116
-308.35928346505324
-312.3416404510558
-316.32444300750063
-320.307674513315
-324.29131916229784
-328.27536191388504
-332.25978844743526
-336.2445851197458
-340.22973892553665
-344.2152374606636
-348.20106888784323
-352.18722190469293
-356.17368571390506
-360.1604499953918
-364.1475048802503
-368.13484092641124
-372.1224490958448
-376.1103207332105
-380.0984475458438
-384.08682158498493
-388.07543522815877
-392.06428116262646
-396.05335236983217
-400.0426421107771
-404.03214391225526
-408.0218515538951
-412.01175905594926
-416.0018606677856
-419.99215085703105
-423.9826242993265
-427.97327586865276
-431.96410062819035
-435.95509382168035
-435.95509382168035
-435.95509382168035
-435.95509382168035
-435.95509382168035
-435.95509382168035
-435.95509382168035
-435.95509382168035
-432.10645342471486
-428.26058709345824
-424.4175702396342
-420.57748097434927
-416.74040022713956
-412.90641187120946
-409.0756028552305
-405.2480633420927
-401.42388685502544
-397.60317043153566
-397.60317043153566
-393.62254161959925
-389.6423097058027
-385.66248697871475
-381.68308623814755
-377.70412082194997
-373.72560463449963
-369.74755217701943
-365.76997857985583
-361.7928996368694
-357.8163318420984
-353.84029242887345
-349.8647994115753
-345.88987163024615
-341.9155287982832
-337.94179155346603
-333.9686815125905
-329.99622133001014
-326.0244347604136
-322.0533467261977
-318.08298338983326
-314.11337223165873
-310.144542133579
-310.144542133579
-310.144542133579
-310.144542133579
-309.1984187021007
-308.3012930580397
-307.45359411687883
-306.65573172398933
-305.908095880014
-305.21105568351203
-305.21105568351203
-305.21105568351203
-307.58878896342276
-309.9998999485428
-312.4436156271885
-314.9191769807554
-317.42583892973283
-319.96287052752746
-322.52955510797483
-325.1251903898609
-327.7490885416781
-330.40057620972823
-333.0789945125666
-335.78369900465185
-338.5140596119357
-338.5140596119357
-342.1780491516967
-345.8494847277719
-349.52813170124966
-353.21376475664624
-356.90616746626455
-360.6051318773037
-364.31045664708347
-368.02195103107255
-371.7394302346465
-375.4627164896586
-375.4627164896586
-379.4611772762832
-383.4596699878378
-387.4581936359454
-391.45674727260433
-391.45674727260433
-391.45674727260433
-391.45674727260433
-391.45674727260433
-391.45674727260433
-391.45674727260433
-391.45674727260433
-391.45674727260433
-387.4713630564378
-383.48628325258323
-379.5015174507839
-375.5170756470541
-371.53296826537957
-367.5492061808218
-363.56580074413137
-359.58276380798776
-355.6001077549911
-351.61784552754426
-347.635990659775
-343.6545573116627
-339.67356030554845
-335.69301516522466
-331.7129381578188
-327.7333463387066
-323.7542575997122
-319.7756907208794
-315.7976654261249
-311.8202024431169
-307.84332356775684
-303.86705173368057
-299.8914110872409
-295.91642706847864
-291.9421264986477
-287.9685376749188
-283.9956904729548
-280.0236164581303
-276.0523490062532
-272.08192343474593
-268.1123771453533
-264.1437497795734
-260.1760833881471
-256.20942261610674
-252.2438149050676
-248.27931071465807
-244.31596376522336
-240.3538313042142
-236.39297439898647
-236.39297439898647
-232.97370935723183
-229.5732130912815
-226.19233209231672
-222.8319591902961
-219.49303630577808
-216.17655735021867
-212.8835737430493
-209.61519037530346
-206.37257605403775
-203.15696469214873
-199.9696589568448
-199.9696589568448
-199.9696589568448
-199.9696589568448
-199.9696589568448
-199.9696589568448
-199.9696589568448
-199.9696589568448
-203.77879184606766
-207.5951045169281
-211.41822245739104
-215.2477695786718
-219.08340873750487
-222.92482547575935
-226.77172618439988
-230.6238364389263
-234.48089948835138
-238.34267488182968
-242.2089372188531
-246.07947501051078
-249.95408964070262
-253.83259441741856
-257.7148137052749
-261.60058213144885
-265.4897438579931
-269.38215191425394
-273.27766758377294
-277.1761598406356
-281.07750483074506
-284.9815853939602
-288.88829062344155
-292.7975154589167
-296.70916031089536
-300.6231307131575
-304.5393370010929
-308.45769401370404
-312.3781208172877
-316.30054044900027
-320.22487967867335
-324.1510687873997
-328.07904136154104
-332.0087341009322
-335.94008664016377
-339.87304138192474
-343.80754334147446
-347.74354000139476
-351.6809811758449
-355.6198188836076
-355.6198188836076
-358.9850444114638
-358.9850444114638
-358.9850444114638
-358.9850444114638
-358.9850444114638
-358.9850444114638
-358.9850444114638
-355.0457832843593
-351.1078955595405
-347.18676855605634
-347.18676855605634
-343.2861928327207
-339.3879317348976
-335.4920659471986
-331.5986798952429
-327.7078619617425
-323.8197047174947
-319.9343051684749
-316.0517650203278
-312.1721909616783
-308.29569496781005
-304.42239462640674
-300.55241348720995
-296.6858814376213
-292.8229351064736
-288.9637182984089
-285.1083824615381
-281.2570871913231
-277.4100007739099
-273.5673007724685
-269.72917466045106
-265.8958205060816
-262.0674477128301
-258.2442778211201
-254.42654537706386
-250.61449887463166
-246.80840177834045
-243.0085336343048
-239.21519127833773
-235.4286901507306
-231.6493657283915
-227.8775750861936
-224.1136986006921
-220.35814181082634
-216.6113374518495
-212.87374768053976
-209.1458665117663
-205.42822248872565
-201.72138161166137
-201.72138161166137
-201.72138161166137
-201.72138161166137
-201.72138161166137
-201.72138161166137
-201.72138161166137
-201.72138161166137
-205.7169922936485
-209.71277061389975
-213.7087071692606
-213.7087071692606
-217.32648459716873
-220.95743996161642
-224.60093414997297
-228.25636671801936
-231.92317316991554
-235.60082244914935
-239.28881462335391
-242.9866787472213
-246.69397088899862
-250.41027230722807
-254.13518776548716
-257.8683439738968
-261.6093881471034
-265.3579866693009
-269.1138238576555
-272.87660081622033
-276.64603437309876
-280.4218560942244
-284.2038113676861
-287.9916585530386
-291.78516819050606
-295.58412226541384
-299.3883135235736
-303.197544833703
-307.0116285932869
-310.83038617458334
-314.6536474077492
-318.4812500983079
-322.3130395764078
-326.1488682755259
-329.98859533846155
-333.8320862486361
-337.67921248487283
-341.529851197977
-345.3838849075648
-349.24120121771557
-353.1016925501279
-356.96525589356526
-360.83179256846705
-364.7012080056895
-368.5734115384158
-368.5734115384158
-368.5734115384158
-368.5734115384158
-368.5734115384158
-368.5734115384158
-368.5734115384158
-368.5734115384158
-368.5734115384158
-364.76673689651165
-360.9642434217735
-357.16606465598005
-353.37233972750045
-349.58321363732296
-345.7988375622022
-342.01936917608094
-338.24497299102666
-334.4758207190144
-330.7120916559872
-326.95397308972997
-323.2016607332078
-319.45535918514366
-315.71528241974084
-311.98165430759894
-308.25470917002644
-304.534692369114
-300.82186093611307
-297.1164842408501
-293.41884470511167
-289.72923856315134
-286.04797667270157
-282.37538538012006
-278.7118074435637
-275.0576030183621
-271.41315070905745
-267.77884869289085
-264.155115919841
-260.5423933946664
-256.94114554675645
-253.3518616939686
-249.7750576070037
-246.21127718125786
-242.661094223471
-239.12511436087235
-235.60397708088507
-232.09835790979238
-228.60897073906762
-225.1365703083166
-221.68195485395117
-218.24596893278192
-214.82950642965764
-211.4335137580458
-208.05899326200515
-204.70700682728565
-201.37867970824416
-201.37867970824416
-201.37867970824416
-201.37867970824416
-201.37867970824416
-201.37867970824416
-201.37867970824416
-201.37867970824416
-201.37867970824416
-201.37867970824416
-203.39223386688982
-205.46393572037852
-205.46393572037852
-205.46393572037852
-204.52185404804044
-203.65399228113475
-202.86130298333748
-202.14467049963702
-201.50490629752073
-200.94274212044056
-200.45883591354158
-200.0537507741093
-199.7279687693403
-199.7279687693403
-197.94293680785827
-196.22321709340756
-194.5705414286215
-194.5705414286215
-191.67485033314483
-188.81949298504784
-186.00632686690554
-183.23729522233236
-180.51442908744102
-177.83984896424047
-175.2157660513844
-172.64448293766466
-170.12839365357038
-167.6699829664372
-165.27182479562867
-162.93657961636217
-160.66699071486897
-160.66699071486897
-157.33120595731043
-154.02705861296147
-150.7566288967383
-147.52215929149853
-144.32606750726924
-141.17096017442324
-138.05964720146696
-134.99515668566647
-131.98075021059296
-129.01993829669667
-126.11649568706336
-123.27447604859617
-120.49822601481308
-117.7923956423542
-115.16194875217984
-112.61216799449937
-110.14865542179743
-107.77732680311404
-105.5043981320565
-105.5043981320565
-105.5043981320565
-105.5043981320565
-105.5043981320565
-105.5043981320565
-105.5043981320565
-105.5043981320565
-105.5043981320565
-105.5043981320565
-105.5043981320565
