-392.83861260070745
-395.6972973447963
-398.57562242630917
-401.47316538979356
-404.3895131339564
-407.324261745324
-410.2770163548833
-413.2473909909103
-416.23500842860443
-419.2395000371072
-422.2605056244355
-425.29767328082255
-428.3506592209188
-431.41912762526795
-434.50275048143925
-437.6012074251642
-440.7141855817944
-443.8413794083695
-446.9824905365546
-450.1372276166848
-453.3053061631269
-456.4864484011485
-459.6803831154639
-462.8868455006061
-466.1055758558366
-469.33632403122084
-469.33632403122084
-469.33632403122084
-469.33632403122084
-469.33632403122084
-471.60269483032164
-473.89198913190575
-476.20387750812813
-478.5380324931002
-480.89412985517697
-483.27184866716306
-485.67087137010395
-488.0908838308947
-488.0908838308947
-489.10759509257105
-490.1548411258501
-491.23242664183994
-492.34015242838797
-493.47781551498383
-494.645209338094
-495.84212390666016
-497.06834596749667
-498.3236591703354
-499.60784423227045
-500.92067910136734
-502.2619391192089
-503.63139718216047
-505.0288239011479
-506.4539877597497
-507.90665527041784
-509.38659112865133
-510.8935583649563
-512.4273184944384
-513.987631663884
-515.5742566908852
-517.1869514944491
-518.8254729721131
-520.4895772138038
-522.1790196345734
-522.1790196345734
-522.1790196345734
-522.1790196345734
-522.1790196345734
-522.1790196345734
-522.1790196345734
-518.4811383030318
-514.7877745271604
-511.09902624284194
-507.41499410962575
-503.7357816011262
-500.0614950988118
-496.39224398932356
-492.728140765462
-489.0693010254518
-485.4158440102459
-481.7678920641873
-478.1255711932767
-474.48901107502945
-470.85834518478833
-467.2337109268667
-463.6152497707123
-460.00310739229224
-456.3974338209025
-452.798383591617
-449.20611590359357
-445.62079478446697
-442.04258926106075
-438.4716735366623
-434.9082271751081
-431.3524352919376
-427.8044887528771
-424.2645843799262
-420.73292523387676
-417.2097206652544
-413.6951866824722
-410.1895461562286
-406.6930290678723
-403.2058727671151
-399.7283222393956
-396.2606303832042
-392.80305829767667
-389.3558755807633
-385.91936063828024
-382.4938010041423
-379.07949367207283
-375.67674543907435
-372.2858732609341
-368.90720462002207
-365.5410779056201
-362.18784280699936
-358.8478607194336
-355.52150516330465
-352.20916221641727
-348.9112309595962
-345.62812393558505
-342.3602676212075
-339.108102912683
-335.87208562390845
-332.65268699743075
-329.45039422773266
-326.26571099634043
-323.0991580181352
-319.95127359810516
-316.8226141976176
-316.8226141976176
-316.8226141976176
-316.8226141976176
-316.8226141976176
-316.8226141976176
-316.8226141976176
-320.81427579924775
-324.80614271557874
-328.7982074685685
-332.7904645043858
-336.7829039146731
-340.77552079477306
-344.7683089790757
-348.7612625840602
-352.7543759923581
-356.74764383788425
-360.7410609919525
-364.73462255030176
-368.7283238209622
-372.72216031290037
-376.71612772538447
-380.7102219380178
-384.7044390013912
-384.7044390013912
-388.46912637785096
-392.23847211484383
-396.0123431940275
-399.7906114629033
-403.5731534214841
-407.35985001968487
-411.1505864648381
-414.9452520387735
-418.7437399239336
-422.5459470380297
-426.3517738767702
-430.1611243642231
-433.9739057103979
-437.79002827565955
-441.6094054416063
-441.6094054416063
-444.6754311456153
-447.75619619804297
-450.85139844753013
-453.960742586403
-457.0839097952893
-460.2206784457702
-463.37074273585034
-466.53383334675084
-469.7096871153563
-472.8980469001216
-476.0986614484912
-479.31128526594506
-482.53567848677363
-482.53567848677363
-484.60430281157824
-486.6970099094132
-488.8134904710528
-490.9534370372483
-493.1165441063031
-493.1165441063031
-493.8278414509124
-494.57046818608933
-495.3442834035375
-496.149141174644
-496.9848906809198
-497.8513763473303
-498.7484379782584
-499.67591089584306
-500.6336260804348
-501.6214103129122
-502.63908631860465
-503.6864729125695
-504.76338514597495
-505.8696344533435
-507.0050288004165
-507.0050288004165
-507.0050288004165
-507.0050288004165
-507.0050288004165
-503.14298620653875
-499.28311614313156
-495.4254693888867
-495.4254693888867
-491.46018617058513
-487.49547039654044
-483.5313361303337
-479.5677976801191
-475.6048699419149
-471.6425683100543
-467.680908698094
-463.7199075607796
-459.759581917129
-455.79994937470195
-451.8410281551253
-447.88283712095165
-443.9253958039316
-439.96872443478765
-436.0128439745819
-432.0577761477792
-428.1035434771103
-424.1501693203528
-420.19767790915046
-416.2460943900046
-412.2954448675796
-408.3457564504747
-404.39705729962697
-400.4493766795216
-396.50274501240125
-392.557193935678
-388.6127563627705
-384.6694665476047
-380.72736015303633
-376.78647432347304
-372.84684776199845
-368.90852081232384
-364.97153554592035
-361.0359358547145
-357.1017675497621
-353.16907846635075
-349.23791857602004
-345.30834010603115
-345.30834010603115
-345.30834010603115
-343.1265730503233
-340.97777120030173
-338.8625617819988
-336.78157770887134
-334.7354572981148
-332.72484374173723
-330.7503845730686
-328.81273109383403
-326.9125377611314
-325.05046153381204
-323.22716117793874
-321.4432965311893
-319.6995277262869
-317.9965143737704
-317.9965143737704
-317.9965143737704
-317.9965143737704
-320.7821874828966
-323.5933257643193
-326.4292713170336
-329.2893831971846
-329.2893831971846
-333.02201204629347
-336.7607803542306
-340.50548588630454
-344.25593489291606
-348.01194168558686
-351.7733282370884
-355.53992380416804
-359.3115645714708
-363.08809331534434
-366.869359086304
-366.869359086304
-370.85978454306087
-374.85041387936866
-378.841240652362
-382.8322586875172
-386.82346206484135
-390.8148451059041
-394.8064023616541
-398.7981286009642
-402.79001879985617
-406.7820681313572
-410.7742719559469
-414.76662581255346
-418.7591254100639
-422.751766619314
-426.7445454655263
-430.7374581211678
-434.7305008991999
-438.7236702466966
-442.71696273880616
-446.7103750730368
-446.7103750730368
-446.7103750730368
-449.33906395584097
-451.9878643087463
-454.6564246273269
-457.34439901925003
-460.05144718879643
-462.77723441585283
-465.5214315297596
-468.28371487838467
-471.06376629277713
-473.8612730477395
-476.6759278186435
-479.50742863479934
-482.3554788296718
-485.21978698822556
-485.21978698822556
-486.795246320846
-488.39838441589956
-490.02892961881537
-491.68660926496307
-493.3711498470543
-493.3711498470543
-493.5408048591524
-493.7428081376051
-493.9771199976458
-494.2436944885608
-494.5424794385288
-494.8734165053587
-495.2364412330108
-495.63148311377586
-496.0584656559723
-496.5173064570121
-497.0079172816748
-497.5302041454191
-498.0840674025513
-498.66940183906286
-498.66940183906286
-498.66940183906286
-498.66940183906286
-495.2053559638089
-495.2053559638089
-491.23712389289847
-487.269411718754
-483.3022322457903
-479.3355987005729
-475.36952474928296
-471.4040245160526
-467.4391126022219
-463.4748041065704
-459.5111146465823
-455.54806038080636
-451.5856885197357
-447.6239858851023
-443.662970404543
-439.7026606485252
-435.7430758592676
-431.7842359812275
-427.8261616932547
-423.8688744425179
-419.91239648031916
-415.95675089991755
-412.00196167649614
-408.0480537094124
-404.0950528668863
-400.1429860332895
-396.1918811592139
-392.24176731450916
-388.29267474449745
-384.3446349295853
-380.3976806485154
-376.45184604551645
-372.5071667016329
-368.5636797105388
-364.6214237591653
-360.6804392134989
-356.7407682099395
-352.8024547526373
-348.86554481726796
-344.9300864617427
-340.9961299443954
-337.06372785023655
-333.1329352259173
-329.2038097241065
-325.2764117580459
-321.3508046671231
-317.42705489437856
-313.50523217695064
-309.58540975056013
-305.6676645692415
-301.75207754164677
-297.8387337853814
-293.92772290097474
-290.0191392672537
-286.11308236006755
-282.20965709651483
-278.30897420704883
-274.41115063809025
-270.5163099880581
-266.6245829800456
-262.73610797472224
-258.8510315274409
-254.96950899397578
-251.0917051898202
-247.21779510853918
-243.3479647053111
-239.48241175251394
-235.62134677502695
-231.76499407384193
-227.913592847623
-224.06739842304086
-220.226683606054
-216.3917401678398
-212.56288048082234
-208.74043932222725
-208.74043932222725
-208.74043932222725
-208.74043932222725
-208.74043932222725
-208.74043932222725
-208.74043932222725
-208.74043932222725
-208.74043932222725
-208.74043932222725
-208.74043932222725
