-390.0
-390.0
-393.7649660544412
-397.7603636831651
-401.7574659730692
-405.689940132121
-409.68579668732906
-413.68209119857335
-417.6784858183011
-421.67482603768656
-425.6713236554498
-429.66791575446854
-433.6645700564526
-433.6645700564526
-437.28603271369025
-440.9140381370935
-444.5484263308961
-448.1890116103509
-451.8356741762553
-455.48829864141766
-459.14665205844324
-462.81065839938725
-466.4801844875892
-470.1551012050547
-473.8352834194347
-477.52060937497333
-481.21096120706346
-484.906224126902
-488.60628682974965
-492.31098040151494
-496.02026080193474
-499.7340260316153
-503.4521769791063
-507.1746173238367
-510.90125315936154
-514.6319941733766
-514.6319941733766
-514.6319941733766
-514.6319941733766
-514.6319941733766
-514.6319941733766
-514.6319941733766
-514.6319941733766
-514.6319941733766
-510.9921912742738
-507.3578109235811
-503.72897049473886
-500.1057908595686
-496.4884568903372
-492.8770352140355
-489.27165690838933
-485.6724568161716
-485.6724568161716
-485.6724568161716
-485.6724568161716
-486.01824577080924
-486.3967454526698
-486.8078185558049
-487.25138270345633
-487.7273491209981
-488.2356840830776
-488.776225697174
-489.3488671772587
-489.95349596802237
-490.5900545664299
-491.2583581766058
-491.95827742597413
-492.6896775741958
-493.4524795498863
-494.2464767317523
-495.0715194476532
-495.92745607218166
-496.8141242234202
-497.73135966420983
-498.6789937245429
-499.65685344514503
-500.6647617227762
-501.7025374569935
-502.76999569812085
-503.86694779617335
-504.9827765580101
-504.9827765580101
-504.9827765580101
-504.9827765580101
-504.9827765580101
-504.9827765580101
-504.9827765580101
-504.9827765580101
-504.9827765580101
-503.5950775955611
-502.2353416019442
-500.90385707871667
-499.60085086763564
-498.32654527545174
-497.0811618785045
-495.8648569165285
-494.6779059329485
-493.5205213948067
-492.39291099770037
-491.29521887813155
-490.22770771031196
-489.19057446002785
-488.1840131114823
-488.1840131114823
-485.7724009101005
-483.3817963995394
-481.0125741364357
-478.6650514668278
-476.3395490557373
-474.03639082146657
-474.03639082146657
-470.65360654420476
-467.2805732955141
-463.9175036080775
-460.56455455255394
-457.22201099810434
-453.8901026666965
-453.8901026666965
-449.96180880766235
-446.03478860356427
-442.1090758478643
-438.18470561061383
-434.2617143246761
-430.3401395336646
-426.4200202456776
-422.50136640152687
-418.584250581122
-414.66871617152293
-410.7548083222189
-406.8425740597384
-402.9320619086117
-399.02332242272286
-395.1164083160132
-391.21137402654784
-387.30827633447507
-383.4071743032598
-379.5089041483691
-375.6118990773587
-375.6118990773587
-371.67120199652976
-367.7317838006246
-363.79368615087907
-359.85695271580556
-355.9216286609125
-351.9877613770871
-348.0554310399353
-344.1246587383319
-340.1954987601471
-336.2680075675708
-332.34224444989144
-328.4182716362979
-328.4182716362979
-328.4182716362979
-326.2623274127335
-324.1414361213031
-322.0562594245737
-320.0074957202426
-317.99587949675964
-316.0220893812452
-314.086869210766
-312.19090542407616
-310.33491777530514
-308.5196584162121
-308.51953920295836
-308.51953920295836
-308.51953920295836
-311.2150752033494
-313.93843137029006
-316.68889031376466
-319.4657821067574
-322.2683936343694
-325.0960594952126
-327.9481616195245
-330.8240371540499
-333.72310238885314
-333.72310238885314
-337.47521595465133
-341.23295795892017
-344.99614549191267
-348.76460085713
-352.5381849238193
-356.3167067077912
-360.10000927160934
-363.8879432536844
-367.68036526862903
-371.47716903316604
-371.47716903316604
-375.46395543809984
-379.4510161937636
-379.4510161937636
-379.4510161937636
-379.4510161937636
-379.4510161937636
-379.4510161937636
-379.4510161937636
-379.4510161937636
-379.4510161937636
-375.48966811293093
-371.529120180756
-367.5694291702548
-363.6106230506007
-359.65273101603333
-355.69578355329355
-351.7398125135351
-347.78485118906355
-343.83093439527966
-339.87809855824395
-335.9263818083118
-331.9758240803345
-328.02646722096466
-324.07835510365663
-320.13150067053476
-316.18598196881675
-312.2418496338065
-308.29915687370243
-304.3579596338338
-300.4183167735357
-296.4802902568026
-292.5439453579767
-288.60935088386043
-284.6765794137886
-280.74573901570864
-276.8168828203964
-272.89009649386804
-268.9654706584023
-265.0431012524513
-261.12308800569434
-257.20554056807066
-253.29057331511265
-249.37830772686664
-245.46887294135288
-241.56240635988695
-237.65905430993894
-233.7589706788386
-229.8623239337593
-225.96929183105493
-222.08006442040286
-218.19484510912625
-214.31385183708366
-210.43731837549697
-206.56549576492662
-202.69863939354678
-198.83705197682207
-198.83705197682207
-195.70853878442372
-192.6122999362946
-192.6122999362946
-192.6122999362946
-192.6122999362946
-192.6122999362946
-192.6122999362946
-192.6122999362946
-196.60746272126855
-200.6028258741671
-204.59836638576925
-208.59407129473936
-212.5899453410159
-216.58596528401924
-220.58212811447294
-224.57842095552567
-228.5748653279737
-228.5748653279737
-232.3250226903433
-236.08338171994876
-239.84955686529173
-243.6231856382267
-247.4039269705519
-251.1914597040946
-254.98548120233954
-258.78570607279454
-262.5918649903158
-266.40370361254537
-270.22098157944896
-274.04347158969534
-277.8709292714942
-281.70317590242485
-285.5400186684967
-289.3812747563857
-293.2267707272622
-297.0763419360069
-300.9298319921207
-304.7870922589611
-308.64798138823784
-312.51236488697106
-316.38011471435834
-320.2511089062193
-324.12523122488636
-328.0023744669592
-331.882429167952
-335.76529439821763
-339.65087377192424
-343.5390751980287
-347.4298106471942
-351.3229959334943
-355.2185505098377
-359.116397276133
-363.0164623992931
-366.9186751442464
-370.82296771518946
-374.7292751063752
-378.6375349617824
-378.6375349617824
-378.6375349617824
-378.6375349617824
-378.6375349617824
-378.6375349617824
-378.6375349617824
-378.6375349617824
-378.6375349617824
-374.78593870558944
-370.9374837095898
-367.0922687691095
-363.2503967777318
-359.4119749370971
-355.577114979391
-351.7459334033971
-347.918551725062
-344.0950967435888
-340.2757008241587
-336.46050219846387
-332.64964528432944
-328.84328102580326
-325.04156725520227
-321.24466907872335
-317.45275928735646
-313.6660187949782
-309.8846371056566
-306.108812812364
-302.3387541294745
-298.57467946161864
-294.8168180116788
-291.0654104309405
-287.320709514664
-283.58298094661023
-279.8525040963518
-276.129572873514
-272.4144966434376
-268.7076012091269
-265.0092298647472
-261.31974452636985
-257.63952694612976
-253.96898001646062
-250.30852917161002
-246.65862389421062
-243.01973933529368
-239.3923780567795
-235.77707190616212
-232.1743840338218
-228.58491106414513
-225.00928543239993
-221.44817790009662
-217.90230026235153
-214.3724082615407
-210.85930472226948
-207.36384292335694
-203.98909417686127
-200.65443204783924
-197.36228775626876
-194.11520727608735
-190.91584903604289
-187.7670297463524
-184.67168749647982
-181.63292710086307
-178.65662338099352
-175.74161508795427
-172.8933748972445
-170.11556836326503
-167.4120348605262
-164.78673256616943
-164.78673256616943
-164.78673256616943
-164.78673256616943
-164.78673256616943
-164.78673256616943
-164.78673256616943
-164.78673256616943
-164.78673256616943
-164.78673256616943
-165.88869933994505
-165.88869933994505
-165.88869933994505
-165.88869933994505
-162.75100305602624
-159.65185723126694
-156.59354185147495
-153.5784965447316
-150.6093050262742
-147.68876382525426
-144.81981632409085
-142.00558960911488
-139.24940143676938
-136.55476615974266
-133.92539923988542
-131.36521991136263
-128.87835149215667
-126.46911877801773
-124.14204189483145
-121.90182593925766
-119.75334571112957
-117.70669808214564
-115.78333490262023
-113.92397683775795
-112.13203695126138
-110.41099952006878
-108.76442038438122
-107.19593638672265
-105.70918788333665
-104.2914156620483
-103.00954502705044
-101.86870647045707
-100.87806918834744
-99.98749693351688
-99.247810281
-98.62819757323923
-98.62819757323923
-98.62819757323923
-98.62819757323923
-98.62819757323923
-98.62819757323923
-98.62819757323923
-98.62819757323923
-98.62819757323923
-98.62819757323923
-98.62819757323923
