60.0 450.0 1.1853982210159302
60.0 450.0 1.5853981971740723
59.89527893066406 453.72894287109375 1.612345576286316
59.728763580322266 457.72314453125 1.6125781536102295
59.56166076660156 461.7195129394531 1.612592339515686
59.39451599121094 465.7159729003906 1.6125982999801636
59.22728729248047 469.7120361328125 1.6126434803009033
59.059932708740234 473.70843505859375 1.6126519441604614
58.89255142211914 477.70489501953125 1.612657070159912
58.72513198852539 481.70123291015625 1.6126737594604492
58.55766296386719 485.6976623535156 1.6126799583435059
58.39017105102539 489.694091796875 1.612684726715088
58.222660064697266 493.6905517578125 1.6126891374588013
58.222660064697266 493.6905517578125 2.0126891136169434
56.51206588745117 497.3062744140625 2.012693405151367
54.801456451416016 500.9219970703125 2.012697696685791
53.0908317565918 504.5377197265625 2.012701988220215
51.38018035888672 508.1534729003906 2.012702465057373
49.66953659057617 511.7691955566406 2.012706756591797
47.95887756347656 515.3848876953125 2.0127110481262207
46.24820327758789 519.0006103515625 2.0127153396606445
44.537513732910156 522.6162719726562 2.0127196311950684
42.82680892944336 526.23193359375 2.012723922729492
41.1160888671875 529.8475952148438 2.012728214263916
39.40535354614258 533.4632568359375 2.01273250579834
37.694602966308594 537.0789184570312 2.0127367973327637
35.98383712768555 540.694580078125 2.0127410888671875
34.27305603027344 544.3102416992188 2.0127453804016113
32.562259674072266 547.9259033203125 2.012749671936035
30.8514461517334 551.54150390625 2.012753963470459
29.14061737060547 555.1571044921875 2.012758255004883
27.429773330688477 558.772705078125 2.0127625465393066
25.718914031982422 562.3883056640625 2.0127668380737305
24.008039474487305 566.00390625 2.0127711296081543
22.297149658203125 569.6195068359375 2.012775421142578
20.586423873901367 573.234375 2.012852907180786
20.586423873901367 573.234375 2.4128530025482178
20.586423873901367 573.234375 2.8128530979156494
20.586423873901367 573.234375 -3.0703320503234863
20.586423873901367 573.234375 -2.6703319549560547
20.586423873901367 573.234375 -2.270331859588623
20.586423873901367 573.234375 -1.870331883430481
20.586423873901367 573.234375 -1.4703319072723389
20.586423873901367 573.234375 -1.0703319311141968
22.5057430267334 569.7249755859375 -1.0703277587890625
24.425077438354492 566.215576171875 -1.0703235864639282
26.344425201416016 562.7061767578125 -1.070319414138794
28.2637882232666 559.19677734375 -1.0703152418136597
30.18316650390625 555.6874389648438 -1.0703110694885254
32.10255813598633 552.1781005859375 -1.0703068971633911
34.02196502685547 548.6687622070312 -1.0703027248382568
35.94138717651367 545.159423828125 -1.0702985525131226
35.94138717651367 545.159423828125 -0.6702985763549805
35.94138717651367 545.159423828125 -0.270298570394516
35.94138717651367 545.159423828125 0.1297014355659485
39.907745361328125 545.6767578125 0.12970565259456635
43.87410354614258 546.1941528320312 0.1297098696231842
47.840457916259766 546.7115478515625 0.12971408665180206
51.80681228637695 547.2289428710938 0.12971830368041992
55.773162841796875 547.746337890625 0.12972252070903778
59.73950958251953 548.2637939453125 0.12972673773765564
63.70585632324219 548.78125 0.1297309547662735
67.67220306396484 549.2987060546875 0.12973517179489136
71.63854217529297 549.8162231445312 0.12973938882350922
75.6048812866211 550.333740234375 0.12974360585212708
79.57122039794922 550.8512573242188 0.12974782288074493
83.53755187988281 551.3687744140625 0.1297520399093628
87.5038833618164 551.8863525390625 0.12975625693798065
91.47026062011719 552.4039306640625 0.12975625693798065
95.43663787841797 552.9215087890625 0.12975625693798065
99.40301513671875 553.4390869140625 0.12975625693798065
103.36939239501953 553.9566650390625 0.12975625693798065
107.33576965332031 554.4742431640625 0.12975625693798065
111.3021469116211 554.9918212890625 0.12975625693798065
115.26852416992188 555.5093994140625 0.12975625693798065
119.23490142822266 556.0269775390625 0.12975625693798065
123.20127868652344 556.5445556640625 0.12975625693798065
127.16765594482422 557.0621337890625 0.12975625693798065
131.134033203125 557.5797119140625 0.12975625693798065
135.10040283203125 558.0972900390625 0.12975651025772095
138.9418487548828 558.62255859375 0.142035111784935
138.97662353515625 558.6348876953125 0.5383227467536926
138.97662353515625 558.6348876953125 0.9383227825164795
138.97662353515625 558.6348876953125 1.3383227586746216
138.97662353515625 558.6348876953125 1.7383227348327637
138.97662353515625 558.6348876953125 2.1383228302001953
138.97662353515625 558.6348876953125 2.538322925567627
138.97662353515625 558.6348876953125 2.9383230209350586
138.97662353515625 558.6348876953125 -2.944862127304077
135.05381774902344 557.85302734375 -2.9448578357696533
131.1310272216797 557.0711669921875 -2.9448535442352295
127.20823669433594 556.289306640625 -2.9448492527008057
123.28544616699219 555.5073852539062 -2.944844961166382
119.36265563964844 554.7254638671875 -2.944840669631958
115.43987274169922 553.9435424804688 -2.944836378097534
111.51708984375 553.1615600585938 -2.9448320865631104
107.59431457519531 552.3795776367188 -2.9448277950286865
103.67153930664062 551.5975952148438 -2.9448235034942627
99.74877166748047 550.8156127929688 -2.944819211959839
95.82600402832031 550.0335693359375 -2.944814920425415
91.90324401855469 549.2515258789062 -2.944810628890991
87.98048400878906 548.469482421875 -2.9448063373565674
84.05772399902344 547.6873779296875 -2.9448020458221436
84.05772399902344 547.6873779296875 -2.544801950454712
80.74919128417969 545.439453125 -2.544797658920288
77.44066619873047 543.1914672851562 -2.5447933673858643
74.13214874267578 540.9434814453125 -2.5447890758514404
70.82364654541016 538.6954956054688 -2.5447847843170166
67.51515197753906 536.447509765625 -2.5447804927825928
64.2066650390625 534.199462890625 -2.544776201248169
64.2066650390625 534.199462890625 -2.1447761058807373
62.03478240966797 530.8405151367188 -2.1447718143463135
59.8629150390625 527.4815673828125 -2.1447675228118896
57.69105911254883 524.1226196289062 -2.144763231277466
55.51921844482422 520.7636108398438 -2.144758939743042
53.34739303588867 517.4046020507812 -2.144754648208618
51.17558288574219 514.0455932617188 -2.1447503566741943
51.17558288574219 514.0455932617188 -1.7447503805160522
50.4832878112793 510.1059875488281 -1.744746208190918
49.79100799560547 506.1663818359375 -1.7447420358657837
49.0987434387207 502.2267761230469 -1.7447378635406494
48.406497955322266 498.28717041015625 -1.7447336912155151
47.71426773071289 494.3475646972656 -1.7447295188903809
47.02205276489258 490.407958984375 -1.7447253465652466
46.32985305786133 486.4683532714844 -1.7447211742401123
45.637672424316406 482.52874755859375 -1.744717001914978
44.94550704956055 478.5891418457031 -1.7447128295898438
44.25335693359375 474.6495361328125 -1.7447086572647095
43.56122589111328 470.70989990234375 -1.7447044849395752
42.869110107421875 466.770263671875 -1.744700312614441
42.17700958251953 462.83062744140625 -1.7446961402893066
41.484928131103516 458.8909912109375 -1.7446919679641724
40.79286193847656 454.95135498046875 -1.744687795639038
40.10081100463867 451.01171875 -1.7446836233139038
39.408775329589844 447.07208251953125 -1.7446794509887695
38.716758728027344 443.1324462890625 -1.7446752786636353
38.716758728027344 443.1324462890625 -1.3446753025054932
39.61355209350586 439.23431396484375 -1.3446711301803589
40.5103645324707 435.336181640625 -1.3446669578552246
41.40719223022461 431.43804931640625 -1.3446627855300903
42.30403518676758 427.5399169921875 -1.344658613204956
43.20089340209961 423.6418151855469 -1.3446544408798218
44.09777069091797 419.74371337890625 -1.3446502685546875
44.99466323852539 415.8456115722656 -1.3446460962295532
45.891571044921875 411.947509765625 -1.344641923904419
46.78849792480469 408.0494079589844 -1.3446377515792847
47.68544006347656 404.15130615234375 -1.3446335792541504
48.5823974609375 400.2532043457031 -1.3446294069290161
49.4793701171875 396.3551025390625 -1.3446252346038818
50.37636184692383 392.45703125 -1.3446210622787476
51.27336883544922 388.5589599609375 -1.3446168899536133
51.27336883544922 388.5589599609375 -0.9446169137954712
51.27336883544922 388.5589599609375 -0.5446169376373291
54.69464111328125 386.48663330078125 -0.54461270570755
58.11592102050781 384.414306640625 -0.544608473777771
61.537208557128906 382.3420104980469 -0.5446042418479919
64.95850372314453 380.26971435546875 -0.5446000099182129
68.37981414794922 378.19744873046875 -0.5445957779884338
71.80113220214844 376.12518310546875 -0.5445915460586548
75.22245788574219 374.0529479980469 -0.5445873141288757
78.64379119873047 371.980712890625 -0.5445830821990967
82.06513214111328 369.90850830078125 -0.5445788502693176
85.48648071289062 367.8363037109375 -0.5445746183395386
85.48686218261719 367.836181640625 -0.14461520314216614
85.48686218261719 367.836181640625 0.25538480281829834
85.48686218261719 367.836181640625 0.6553847789764404
88.6580810546875 370.2740173339844 0.6553890109062195
91.82928466796875 372.7118835449219 0.6553932428359985
95.00048065185547 375.1497497558594 0.6553974747657776
98.17166137695312 377.5876159667969 0.6554017066955566
101.34283447265625 380.0255126953125 0.6554059386253357
104.51399993896484 382.4634094238281 0.6554101705551147
107.68515014648438 384.9013366699219 0.6554144024848938
110.85629272460938 387.3392639160156 0.6554186344146729
110.85629272460938 387.3392639160156 1.055418610572815
112.82772064208984 390.8196716308594 1.0554227828979492
114.79913330078125 394.3000793457031 1.0554269552230835
116.7705307006836 397.7804870605469 1.0554311275482178
118.74191284179688 401.2608947753906 1.055435299873352
120.7132797241211 404.7413330078125 1.0554394721984863
122.68463134765625 408.2217712402344 1.0554436445236206
124.65596771240234 411.70220947265625 1.0554478168487549
126.62728881835938 415.1826477050781 1.0554519891738892
128.59860229492188 418.6631164550781 1.0554561614990234
130.556640625 422.1282043457031 1.0574512481689453
130.556640625 422.1282043457031 1.4574512243270874
131.009033203125 426.1025085449219 1.4574553966522217
131.46141052246094 430.0768127441406 1.457459568977356
131.9137725830078 434.0511169433594 1.4574637413024902
131.9137725830078 434.0511169433594 1.8574637174606323
131.9137725830078 434.0511169433594 2.2574636936187744
131.9137725830078 434.0511169433594 2.657463788986206
131.9137725830078 434.0511169433594 3.0574638843536377
131.9137725830078 434.0511169433594 -2.825721263885498
131.9137725830078 434.0511169433594 -2.4257211685180664
131.9137725830078 434.0511169433594 -2.0257210731506348
131.9137725830078 434.0511169433594 -1.6257210969924927
131.69419860839844 430.05718994140625 -1.6257169246673584
131.47463989257812 426.0632629394531 -1.6257127523422241
131.25509643554688 422.0693359375 -1.6257085800170898
131.0355682373047 418.0754089355469 -1.6257044076919556
130.81605529785156 414.08148193359375 -1.6257002353668213
130.5965576171875 410.0875549316406 -1.625696063041687
130.3770751953125 406.0936279296875 -1.6256918907165527
130.15760803222656 402.0997009277344 -1.6256877183914185
129.9381561279297 398.10577392578125 -1.6256835460662842
129.71873474121094 394.1118469238281 -1.62567937374115
129.49932861328125 390.117919921875 -1.6256752014160156
129.27993774414062 386.1239929199219 -1.6256710290908813
129.06056213378906 382.13006591796875 -1.625666856765747
128.84120178222656 378.1361389160156 -1.6256626844406128
128.62185668945312 374.1422119140625 -1.6256585121154785
128.4025115966797 370.1482238769531 -1.6256585121154785
128.18316650390625 366.15423583984375 -1.6256585121154785
127.96382904052734 362.1602478027344 -1.6256585121154785
127.74449157714844 358.166259765625 -1.6256585121154785
127.52515411376953 354.1722717285156 -1.6256585121154785
127.30581665039062 350.17828369140625 -1.6256585121154785
127.08647918701172 346.1842956542969 -1.6256585121154785
126.86714172363281 342.1903076171875 -1.6256585121154785
126.6478042602539 338.1963195800781 -1.6256585121154785
126.428466796875 334.20233154296875 -1.6256585121154785
126.20913696289062 330.2084045410156 -1.6256543397903442
125.98982238769531 326.2144775390625 -1.62565016746521
125.7705307006836 322.2205505371094 -1.6256459951400757
125.55125427246094 318.2265930175781 -1.6256418228149414
125.33199310302734 314.2326354980469 -1.6256376504898071
125.11274719238281 310.2386779785156 -1.6256334781646729
124.89351654052734 306.2447204589844 -1.6256293058395386
124.67430877685547 302.2507629394531 -1.6256251335144043
124.45511627197266 298.2568054199219 -1.62562096118927
124.2359390258789 294.2628479003906 -1.6256167888641357
124.01677703857422 290.2688903808594 -1.6256126165390015
123.7976303100586 286.2749328613281 -1.6256084442138672
123.57850646972656 282.2809753417969 -1.625604271888733
123.3593978881836 278.2870178222656 -1.6256000995635986
123.14030456542969 274.2930603027344 -1.6255959272384644
122.92122650146484 270.2991027832031 -1.62559175491333
122.70216369628906 266.3051452636719 -1.6255874633789062
122.48311614990234 262.3111877441406 -1.6255831718444824
122.26409149169922 258.3172302246094 -1.6255789995193481
122.04508209228516 254.32327270507812 -1.6255748271942139
121.82608795166016 250.32931518554688 -1.62557053565979
121.60710906982422 246.33535766601562 -1.6255662441253662
121.60710906982422 246.33535766601562 -1.2255662679672241
122.96075439453125 242.5714111328125 -1.2255620956420898
122.96075439453125 242.5714111328125 -0.8255621194839478
122.96075439453125 242.5714111328125 -0.4255621135234833
122.96075439453125 242.5714111328125 -0.0255621075630188
122.96075439453125 242.5714111328125 0.3744378983974457
122.96075439453125 242.5714111328125 0.7744379043579102
122.96075439453125 242.5714111328125 1.1744378805160522
124.50497436523438 246.26126098632812 1.1744420528411865
126.04917907714844 249.9511260986328 1.1744462251663208
127.59336853027344 253.6409912109375 1.174450397491455
129.13754272460938 257.33087158203125 1.1744545698165894
130.68173217773438 261.0207824707031 1.1744545698165894
132.22592163085938 264.710693359375 1.1744545698165894
133.77008056640625 268.40057373046875 1.1744587421417236
135.31422424316406 272.0904541015625 1.174462914466858
136.8583526611328 275.78033447265625 1.1744670867919922
138.4024658203125 279.4702453613281 1.1744712591171265
138.4024658203125 279.4702453613281 1.5744712352752686
138.3877716064453 283.47021484375 1.5744712352752686
138.37307739257812 287.4701843261719 1.5744712352752686
138.35838317871094 291.47015380859375 1.5744712352752686
138.34368896484375 295.4701232910156 1.5744712352752686
138.32899475097656 299.4700927734375 1.5744712352752686
138.31430053710938 303.4700622558594 1.5744712352752686
138.2996063232422 307.47003173828125 1.5744712352752686
138.284912109375 311.4700012207031 1.5744712352752686
138.2702178955078 315.469970703125 1.5744712352752686
138.25552368164062 319.4699401855469 1.5744712352752686
138.24082946777344 323.46990966796875 1.5744712352752686
138.2261199951172 327.4698486328125 1.5744754076004028
138.21139526367188 331.46978759765625 1.574479579925537
138.1966552734375 335.4697265625 1.5744837522506714
138.18190002441406 339.46966552734375 1.5744879245758057
138.16712951660156 343.4696044921875 1.57449209690094
138.15234375 347.46954345703125 1.5744962692260742
138.13754272460938 351.469482421875 1.5745004415512085
138.12271118164062 355.46942138671875 1.5745046138763428
138.1078643798828 359.4693603515625 1.574508786201477
138.09300231933594 363.46929931640625 1.5745129585266113
138.078125 367.46923828125 1.5745171308517456
138.063232421875 371.46917724609375 1.5745213031768799
138.04832458496094 375.4691162109375 1.5745254755020142
138.0334014892578 379.46905517578125 1.5745296478271484
138.01846313476562 383.468994140625 1.5745338201522827
138.00350952148438 387.46893310546875 1.574537992477417
137.98854064941406 391.4688720703125 1.5745421648025513
137.9735565185547 395.46881103515625 1.5745463371276855
137.9585418701172 399.46875 1.5745505094528198
137.94351196289062 403.46868896484375 1.574554681777954
137.928466796875 407.4686279296875 1.5745588541030884
137.9134063720703 411.46856689453125 1.5745630264282227
137.89833068847656 415.468505859375 1.574567198753357
137.88323974609375 419.46844482421875 1.5745713710784912
137.86813354492188 423.4683837890625 1.5745755434036255
137.85301208496094 427.46832275390625 1.5745797157287598
137.83787536621094 431.46826171875 1.574583888053894
137.83787536621094 431.46826171875 1.9745838642120361
137.83787536621094 431.46826171875 2.3745839595794678
137.83787536621094 431.46826171875 2.7745840549468994
137.83787536621094 431.46826171875 -3.1086010932922363
137.83787536621094 431.46826171875 -2.7086009979248047
137.83787536621094 431.46826171875 -2.308600902557373
137.83787536621094 431.46826171875 -1.908600926399231
137.83787536621094 431.46826171875 -1.5086009502410889
138.0865020751953 427.4759826660156 -1.5086009502410889
138.3351287841797 423.48370361328125 -1.5086009502410889
138.58375549316406 419.4914245605469 -1.5086009502410889
138.83238220214844 415.4991455078125 -1.5086009502410889
139.0810089111328 411.5068664550781 -1.5086009502410889
139.3296356201172 407.51458740234375 -1.5086009502410889
139.57826232910156 403.5223083496094 -1.5086009502410889
139.82688903808594 399.530029296875 -1.5086009502410889
140.0755157470703 395.5377502441406 -1.5086009502410889
140.3241424560547 391.54547119140625 -1.5086009502410889
140.57276916503906 387.5531921386719 -1.5086009502410889
140.82139587402344 383.5609130859375 -1.5086009502410889
141.0700225830078 379.5686340332031 -1.5086009502410889
141.3186492919922 375.57635498046875 -1.5086009502410889
141.56727600097656 371.5840759277344 -1.5086009502410889
141.81590270996094 367.591796875 -1.5086009502410889
142.0645294189453 363.5995178222656 -1.5086009502410889
142.3131561279297 359.60723876953125 -1.5086009502410889
142.56178283691406 355.6149597167969 -1.5086009502410889
142.81040954589844 351.6226806640625 -1.5086009502410889
143.0590362548828 347.6304016113281 -1.5086009502410889
143.3076629638672 343.63812255859375 -1.5086009502410889
143.55628967285156 339.6458435058594 -1.5086009502410889
143.80491638183594 335.653564453125 -1.5086009502410889
144.0535430908203 331.6612854003906 -1.5086009502410889
144.3021697998047 327.66900634765625 -1.5086009502410889
144.55079650878906 323.6767272949219 -1.5086009502410889
144.79942321777344 319.6844482421875 -1.5086009502410889
145.0480499267578 315.6921691894531 -1.5086009502410889
145.2966766357422 311.69989013671875 -1.5086009502410889
145.54530334472656 307.7076110839844 -1.5086009502410889
145.79393005371094 303.71533203125 -1.5086009502410889
146.0425567626953 299.7230529785156 -1.5086009502410889
146.2911834716797 295.73077392578125 -1.5086009502410889
146.53981018066406 291.7384948730469 -1.5086009502410889
146.78843688964844 287.7462158203125 -1.5086009502410889
147.0370635986328 283.7539367675781 -1.5086009502410889
147.2856903076172 279.76165771484375 -1.5086009502410889
147.53431701660156 275.7693786621094 -1.5086009502410889
147.78294372558594 271.777099609375 -1.5086009502410889
148.0315704345703 267.7848205566406 -1.5086009502410889
148.2801971435547 263.79254150390625 -1.5086009502410889
148.52882385253906 259.8002624511719 -1.5086009502410889
148.77745056152344 255.80799865722656 -1.5086009502410889
149.0260772705078 251.81573486328125 -1.5086009502410889
149.2747039794922 247.82347106933594 -1.5086009502410889
149.53944396972656 243.95533752441406 -1.4963223934173584
149.85165405273438 240.0907440185547 -1.484043836593628
150.21128845214844 236.2302703857422 -1.4717652797698975
150.61830139160156 232.37449645996094 -1.459486722946167
151.0726318359375 228.52401733398438 -1.4472081661224365
151.57420349121094 224.67941284179688 -1.434929609298706
152.12294006347656 220.84124755859375 -1.4226510524749756
152.71876525878906 217.01011657714844 -1.4103724956512451
153.36158752441406 213.18658447265625 -1.3980939388275146
154.05130004882812 209.37123107910156 -1.3858153820037842
154.78781127929688 205.56463623046875 -1.3735368251800537
155.5709991455078 201.76736450195312 -1.3612582683563232
156.4007568359375 197.97999572753906 -1.3489797115325928
157.27694702148438 194.20310974121094 -1.3367011547088623
157.27694702148438 194.20310974121094 -1.3244225978851318
157.27694702148438 194.20310974121094 -1.3121440410614014
157.27694702148438 194.20310974121094 -1.299865484237671
157.27694702148438 194.20310974121094 -1.2875869274139404
157.49420166015625 193.76300048828125 -0.9369200468063354
157.49420166015625 193.76300048828125 -0.5369200706481934
157.49420166015625 193.76300048828125 -0.13692006468772888
157.49420166015625 193.76300048828125 0.2630799412727356
157.49420166015625 193.76300048828125 0.6630799770355225
157.49420166015625 193.76300048828125 1.0630799531936646
157.49420166015625 193.76300048828125 1.4630799293518066
157.49420166015625 193.76300048828125 1.8630799055099487
157.49420166015625 193.76300048828125 2.263079881668091
154.9410400390625 196.8421173095703 2.2630841732025146
154.9410400390625 196.8421173095703 2.6630842685699463
154.9410400390625 196.8421173095703 3.063084363937378
154.9410400390625 196.8421173095703 -2.820100784301758
151.14602661132812 195.5782012939453 -2.820096492767334
147.35101318359375 194.3142547607422 -2.82009220123291
143.55596923828125 193.05029296875 -2.82009220123291
139.76092529296875 191.7863311767578 -2.82009220123291
135.96588134765625 190.52236938476562 -2.82009220123291
132.17083740234375 189.25840759277344 -2.82009220123291
128.37579345703125 187.99444580078125 -2.82009220123291
124.58074188232422 186.73048400878906 -2.82009220123291
120.78569030761719 185.46652221679688 -2.82009220123291
116.99063873291016 184.2025604248047 -2.82009220123291
113.19558715820312 182.9385986328125 -2.82009220123291
109.4005355834961 181.6746368408203 -2.82009220123291
105.60548400878906 180.41067504882812 -2.82009220123291
101.81043243408203 179.14671325683594 -2.82009220123291
98.015380859375 177.88275146484375 -2.82009220123291
94.22032928466797 176.61878967285156 -2.82009220123291
90.42527770996094 175.35482788085938 -2.82009220123291
86.75433349609375 174.10711669921875 -2.8078136444091797
83.09899139404297 172.81442260742188 -2.795535087585449
79.45979309082031 171.47694396972656 -2.7832565307617188
75.7138671875 170.07408142089844 -2.7832565307617188
72.01419830322266 168.6788330078125 -2.778658628463745
68.27476501464844 167.25875854492188 -2.778658628463745
64.65511322021484 165.8594207763672 -2.766733407974243
60.93287658691406 164.3948516845703 -2.766733407974243
57.333648681640625 162.95310974121094 -2.754460334777832
53.62966537475586 161.44297790527344 -2.754460334777832
49.925682067871094 159.93284606933594 -2.754460334777832
46.22169876098633 158.42271423339844 -2.754460334777832
42.51771545410156 156.91258239746094 -2.754460334777832
38.8137321472168 155.40245056152344 -2.754460334777832
38.8137321472168 155.40245056152344 -2.7455098628997803
38.8137321472168 155.40245056152344 -2.7455098628997803
38.8137321472168 155.40245056152344 -2.7455098628997803
38.8137321472168 155.40245056152344 -2.7455098628997803
38.8137321472168 155.40245056152344 -2.7455098628997803
38.8137321472168 155.40245056152344 -2.7455098628997803
38.8137321472168 155.40245056152344 -2.7455098628997803
38.8137321472168 155.40245056152344 -2.7455098628997803
38.8137321472168 155.40245056152344 -2.7455098628997803
38.8137321472168 155.40245056152344 -2.7455098628997803
