-392.2816431064533
-394.6288437668188
-397.0390677262927
-399.5097060419548
-402.0381709865973
-404.62186942394317
-407.2582371587925
-409.9446813405612
-412.67861404465555
-415.45745500638577
-418.27866489217985
-421.13971619809297
-424.0380962092958
-426.9713073583824
-429.9368997370645
-432.93244167639784
-435.95555047986244
-439.00383198464954
-442.07494281381247
-445.1665900025722
-448.27653034119317
-451.40250919625277
-454.54232268603806
-457.6938458441002
-460.8549716096493
-464.0235491639087
-467.19759595884454
-470.37511413082
-473.5541508313349
-476.7327349659834
-479.9089982061763
-483.08111341472573
-486.2472926468378
-489.4057248599898
-492.554696132413
-495.6924664513312
-498.81739045448967
-501.92785386702025
-505.02233394593543
-505.02233394593543
-505.02233394593543
-505.02233394593543
-504.67039597479817
-504.51368877807244
-504.55317870496623
-504.7886840749564
-505.2194306011502
-505.8438758658156
-506.6597830020905
-507.66429392150513
-508.8538881090711
-510.22440269014976
-511.7711230729445
-513.4888007908518
-515.3715671424803
-517.4132056701771
-519.6068790406352
-517.528344099948
-515.4022971915675
-513.2294392320911
-511.0104511431874
-508.7461226771574
-506.437223806025
-504.08451479356523
-501.68880214272554
-499.2509400823869
-496.77177338366704
-494.25213656423887
-491.69297738828334
-489.095237091128
-486.4599114760411
-483.7879318803879
-481.0802862505799
-478.3380831099576
-475.5623701327508
-472.7541963391676
-469.9147352308653
-467.04510411543964
-464.14648662920905
-461.2201351629046
-458.2672502812851
-455.2891661660951
-452.2871381721049
-449.2625272004897
-446.2167407195314
-443.1511737340804
-440.0672725319465
-436.9665344841585
-433.85048153495427
-430.72066057470727
-427.57867631854697
-424.4261936718055
-421.26487777666637
-418.0964573054629
-414.92269587575487
-411.7454243738636
-408.5664818523751
-405.3877477935515
-402.2111738918964
-399.0387561610615
-395.8725052211655
-392.71450967946333
-389.5669057718249
-386.4318500870405
-383.3115494306378
-380.2082932762728
-377.12436438547263
-374.06215942358426
-371.02403826000744
-368.0124771456452
-365.0299764267762
-362.0790311663891
-359.16225126702955
-356.28224029155894
-353.44165540616416
-350.64317352130047
-347.8895226718646
-345.1834784950345
-342.5277705687156
-339.9252319600896
-337.3786441730335
-340.110675186478
-342.7470956590421
-345.2838246636144
-347.7170060480494
-350.04301922748726
-348.4919002705997
-350.50311816477705
-352.3957776320703
-354.1672744537067
-355.81520199024544
-354.42504358966676
-353.1289817467867
-351.9288529654202
-350.82636149256325
-349.82310101438185
-348.92052128546754
-348.1199800028639
-347.422617281987
-346.8295324393034
-346.34156633536656
-345.95948215169943
-345.6838693458776
-345.51513966068666
-345.4535575635337
-345.49921053951795
-345.65203454148
-345.91178842433294
-346.2780554773955
-346.75030166830396
-347.3278215070107
-348.00974157917796
-348.7950208447703
-349.6824921120826
-350.6708634572337
-351.75868997517523
-351.75868997517523
-351.75868997517523
-351.75868997517523
-351.75868997517523
-351.75868997517523
-351.75868997517523
-349.3204508341415
-349.3204508341415
-349.3204508341415
-346.9413298423158
-344.48204145466747
-344.48204145466747
-342.18703742314216
-339.7760278343798
-337.2996965038829
-337.2996965038829
-334.96120821334364
-332.5239034805689
-332.5239034805689
-330.2826583213667
-327.907397767267
-324.00770855918677
-321.5513999202398
-321.5513999202398
-319.2644839933263
-316.8589001138705
-312.9228930554956
-308.98852930457093
-305.0558724432516
-301.12498934687613
-297.1959503979324
-293.26882971675576
-290.80143691011534
-290.80143691011534
-288.48331615667144
-286.05829829382435
-282.1005594837111
-278.14402972955463
-274.1887613712061
-270.2348097956023
-267.7498764079044
-267.7498764079044
-265.3987139595267
-262.9544279510186
-258.976908161529
-255.0000918333331
-251.02401239992403
-248.54104196520183
-248.54104196520183
-245.00098889067584
-241.4383185299088
-237.85393717465433
-234.2488035736894
-230.62389677921115
-226.9802889518675
-223.31901251356527
-219.6412064945001
-217.17965352314994
-214.69546583329247
-214.69546583329247
-212.27942984125735
-209.80409960924746
-206.8949740443898
-204.41296023192302
-204.41296023192302
-202.03595432510883
-199.57811412892656
-197.09366226048442
-197.09366226048442
-193.30405855522892
-190.8984398061503
-188.4272950071119
-184.92418739335625
-181.43504374289793
-177.96928106783045
-174.53687503132156
-171.14830482623043
-167.8146041931397
-164.54734105498878
-161.35862893727736
-158.26110456086406
-155.26786330828008
-152.3924495156183
-149.64874392613044
-147.05088514369965
-149.32395641005044
-151.57564902342688
-153.80555956278397
-156.01332651423772
-158.1985715656666
-160.3609151660409
-162.5000068737753
-164.61549741752995
-166.7070152821304
-168.77422999703364
-170.81680959689947
-172.83440792248498
-174.8267015324146
-176.79336791438493
-178.73407694240043
-180.64852402283242
-182.53641050713324
-184.39741581851374
-186.2312572748063
-188.0376395757324
-189.81627440252842
-191.5668745509475
-193.2891581406941
-194.98285959311065
-196.64771302386092
-198.28344024105638
-199.8898207738811
-201.46657402115417
-203.01346227270673
-204.53021541426048
-206.01662123372424
-207.47243302096373
-208.89742998372756
-208.89742998372756
-208.89742998372756
-208.89742998372756
-208.89742998372756
-208.89742998372756
-208.89742998372756
-208.89742998372756
-208.89742998372756
-208.89742998372756
-212.01532308039728
-215.16239967422973
-217.64320068080855
-219.3761340577109
-219.3761340577109
-221.50295052674446
-223.42213737200794
-223.42213737200794
-225.67678245553122
-227.75562006252503
-229.61651474412375
-229.61651474412375
-231.83212485311014
-233.86091186176782
-236.96486387366434
-240.0953299671805
-241.931829095389
-241.931829095389
-244.1304868423843
-246.13751086865489
-249.20251714659398
-252.29370732391982
-255.41013070308105
-255.41013070308105
-257.7468299900384
-259.9342272721005
-261.9266759317294
-261.9266759317294
-264.2274675978274
-266.36595794907424
-268.29767571347554
-268.29767571347554
-270.5595001144498
-272.64646549279655
-275.84935663881663
-279.0728220674875
-282.3161570326825
-285.5786845565003
-287.5014214460997
-287.5014214460997
-289.75702672420624
-291.83553247361766
-291.83553247361766
-295.2535069040184
-297.64401953367786
-299.9080941070376
-303.03395925519357
-306.24118466837933
-309.51965564596054
-312.85939255575425
-312.8593251643305
-312.8592378600911
-309.3845065727464
-309.38418710744594
-305.414063245225
-301.4447290151565
-297.4762160262962
-293.50855759051694
-289.5417888382394
-285.5759468436883
-281.6110707605975
-277.64720196938964
-273.6843842369738
-269.7226638904333
-265.7620900060267
-261.80271461509125
-260.279026140656
-256.57929151984206
-252.88869967629304
-249.20765680483223
-245.53659237553615
-241.87596073126363
-238.22624280922503
-234.5879479968533
-230.96161613306074
-227.34781966683275
-223.7471659860222
-220.16029993015744
-216.58790650205665
-213.03072767472324
-209.4895237942067
-205.96511884454569
-202.4583901373196
-198.9702722734362
-195.50176141241926
-192.05391986984958
-188.62788106378562
-185.22485483075872
-181.84613313117376
-178.49309616248033
-175.16721889611443
-171.870078050698
-171.8697689575413
-168.76922516745464
-168.7688903945262
-165.6264627963408
-162.47426999207198
-159.31369077691878
-156.14617169805922
-152.97325859016212
-149.62639157040584
-149.62606886051196
-149.56684225815283
-148.40478252294187
-147.02540070726187
-147.02512658863532
-145.7898154598242
-142.40509193624408
-139.0530480417029
-135.7361048975682
-132.45691996739504
-129.2183252131609
-129.21810372165777
-127.23544022389991
-126.31004459500728
-123.64184063012992
-121.04702467590403
-118.53041656486383
-116.09710228451064
-113.75242725475734
-111.50198336131223
-109.35158855879776
-107.3072578478622
-105.37516449805112
-103.5615905576186
-101.87286598660653
-100.3152961890414
-98.89507831198613
-97.61820741460778
-96.49037445785801
-95.5168589666907
-95.5168589666907
-95.5168589666907
-95.5168589666907
-95.5168589666907
-95.5168589666907
-95.5168589666907
-95.5168589666907
-95.5168589666907
-95.5168589666907
-95.5168589666907
