60.0 450.0 1.1853982210159302
60.0 450.0 1.5853981971740723
59.941593170166016 453.99957275390625 1.5853981971740723
59.87483596801758 454.33319091796875 1.951185703277588
58.38970947265625 458.0472717285156 1.951185703277588
56.90458297729492 461.7613525390625 1.951185703277588
55.419456481933594 465.4754333496094 1.951185703277588
53.934329986572266 469.18951416015625 1.951185703277588
52.44920349121094 472.9035949707031 1.951185703277588
50.96407699584961 476.61767578125 1.951185703277588
49.47895050048828 480.3317565917969 1.951185703277588
47.99382400512695 484.04583740234375 1.951185703277588
46.508697509765625 487.7599182128906 1.951185703277588
45.0235710144043 491.4739990234375 1.951185703277588
43.53844451904297 495.1880798339844 1.951185703277588
43.53844451904297 495.1880798339844 2.3511857986450195
43.53844451904297 495.1880798339844 2.751185894012451
43.53844451904297 495.1880798339844 -3.1319992542266846
43.53844451904297 495.1880798339844 -2.731999158859253
43.53844451904297 495.1880798339844 -2.3319990634918213
43.53844451904297 495.1880798339844 -1.9319990873336792
42.124847412109375 491.4461975097656 -1.9319990873336792
40.71125030517578 487.7043151855469 -1.9319990873336792
39.29765319824219 483.9624328613281 -1.9319990873336792
37.884056091308594 480.2205505371094 -1.9319990873336792
37.884056091308594 480.2205505371094 -1.531999111175537
38.039207458496094 476.22357177734375 -1.531999111175537
38.194358825683594 472.2265930175781 -1.531999111175537
38.349510192871094 468.2296142578125 -1.531999111175537
38.504661560058594 464.2326354980469 -1.531999111175537
38.659812927246094 460.23565673828125 -1.531999111175537
38.814964294433594 456.2386779785156 -1.531999111175537
38.970115661621094 452.24169921875 -1.531999111175537
39.125267028808594 448.2447204589844 -1.531999111175537
39.280418395996094 444.24774169921875 -1.531999111175537
39.435569763183594 440.2507629394531 -1.531999111175537
39.590721130371094 436.2537841796875 -1.531999111175537
39.745872497558594 432.2568054199219 -1.531999111175537
39.901023864746094 428.25982666015625 -1.531999111175537
40.056175231933594 424.2628479003906 -1.531999111175537
40.211326599121094 420.265869140625 -1.531999111175537
40.366477966308594 416.2688903808594 -1.531999111175537
40.521629333496094 412.27191162109375 -1.531999111175537
40.676780700683594 408.2749328613281 -1.531999111175537
40.831932067871094 404.2779541015625 -1.531999111175537
40.987083435058594 400.2809753417969 -1.531999111175537
41.142234802246094 396.28399658203125 -1.531999111175537
41.297386169433594 392.2870178222656 -1.531999111175537
41.452537536621094 388.2900390625 -1.531999111175537
41.607688903808594 384.2930603027344 -1.531999111175537
41.762840270996094 380.29608154296875 -1.531999111175537
41.917991638183594 376.2991027832031 -1.531999111175537
42.073143005371094 372.3021240234375 -1.531999111175537
42.228294372558594 368.3051452636719 -1.531999111175537
42.383445739746094 364.30816650390625 -1.531999111175537
42.538597106933594 360.3111877441406 -1.531999111175537
42.693748474121094 356.314208984375 -1.531999111175537
42.848899841308594 352.3172302246094 -1.531999111175537
43.004051208496094 348.32025146484375 -1.531999111175537
43.159202575683594 344.3232727050781 -1.531999111175537
43.314353942871094 340.3262939453125 -1.531999111175537
43.469505310058594 336.3293151855469 -1.531999111175537
43.624656677246094 332.33233642578125 -1.531999111175537
43.624656677246094 332.33233642578125 -1.131999135017395
43.624656677246094 332.33233642578125 -0.7319991588592529
43.624656677246094 332.33233642578125 -0.33199915289878845
43.624656677246094 332.33233642578125 0.06800085306167603
43.624656677246094 332.33233642578125 0.4680008590221405
47.19454574584961 334.1367492675781 0.4680008590221405
50.764434814453125 335.941162109375 0.4680008590221405
54.33432388305664 337.7455749511719 0.4680008590221405
57.904212951660156 339.54998779296875 0.4680008590221405
57.904212951660156 339.54998779296875 0.868000864982605
60.4896240234375 342.6021423339844 0.868000864982605
63.075035095214844 345.654296875 0.868000864982605
65.66044616699219 348.7064514160156 0.868000864982605
65.66044616699219 348.7064514160156 1.268000841140747
65.66044616699219 348.7064514160156 1.6680008172988892
65.66043090820312 348.7065124511719 2.067995309829712
63.752567291259766 352.2221984863281 2.067995309829712
61.844703674316406 355.7378845214844 2.067995309829712
59.93684005737305 359.2535705566406 2.067995309829712
58.02897644042969 362.7692565917969 2.067995309829712
56.12111282348633 366.2849426269531 2.067995309829712
54.21324920654297 369.8006286621094 2.067995309829712
52.30538558959961 373.3163146972656 2.067995309829712
50.39752197265625 376.8320007324219 2.067995309829712
50.39752197265625 376.8320007324219 2.4679954051971436
50.39752197265625 376.8320007324219 2.867995500564575
50.39752197265625 376.8320007324219 -3.0151896476745605
50.39752197265625 376.8320007324219 -2.615189552307129
50.39752197265625 376.8320007324219 -2.2151894569396973
47.994667053222656 373.6341552734375 -2.2151894569396973
45.59181213378906 370.4363098144531 -2.2151894569396973
43.18895721435547 367.23846435546875 -2.2151894569396973
40.786102294921875 364.0406188964844 -2.2151894569396973
38.38324737548828 360.8427734375 -2.2151894569396973
38.38324737548828 360.8427734375 -1.8151894807815552
37.41537857055664 356.9616394042969 -1.8151894807815552
36.447509765625 353.08050537109375 -1.8151894807815552
35.47964096069336 349.1993713378906 -1.8151894807815552
34.51177215576172 345.3182373046875 -1.8151894807815552
33.54390335083008 341.4371032714844 -1.8151894807815552
32.57603454589844 337.55596923828125 -1.8151894807815552
31.608163833618164 333.6748352050781 -1.8151894807815552
30.64029312133789 329.793701171875 -1.8151894807815552
29.672422409057617 325.9125671386719 -1.8151894807815552
28.704551696777344 322.03143310546875 -1.8151894807815552
27.73668098449707 318.1502990722656 -1.8151894807815552
26.768810272216797 314.2691650390625 -1.8151894807815552
25.800939559936523 310.3880310058594 -1.8151894807815552
24.83306884765625 306.50689697265625 -1.8151894807815552
23.865198135375977 302.6257629394531 -1.8151894807815552
22.897327423095703 298.74462890625 -1.8151894807815552
21.92945671081543 294.8634948730469 -1.8151894807815552
20.961585998535156 290.98236083984375 -1.8151894807815552
19.993715286254883 287.1012268066406 -1.8151894807815552
19.02584457397461 283.2200927734375 -1.8151894807815552
18.057973861694336 279.3389587402344 -1.8151894807815552
17.090103149414062 275.45782470703125 -1.8151894807815552
17.090103149414062 275.45782470703125 -1.8151894807815552
17.090103149414062 275.45782470703125 -1.8151894807815552
17.090103149414062 275.45782470703125 -1.8151894807815552
17.090103149414062 275.45782470703125 -1.8151894807815552
17.090103149414062 275.45782470703125 -1.8151894807815552
17.090103149414062 275.45782470703125 -1.8151894807815552
17.090103149414062 275.45782470703125 -1.8151894807815552
17.090103149414062 275.45782470703125 -1.8151894807815552
17.090103149414062 275.45782470703125 -1.8151894807815552
17.090103149414062 275.45782470703125 -1.8151894807815552
