-390.0
-390.0
-392.9533879079467
-396.92585779318017
-400.8988750800052
-404.8724236534497
-408.8464880229086
-412.8210532922919
-416.79610513186344
-420.7716297516605
-424.74761387639205
-428.72404472172065
-432.70090997183985
-436.60917592877223
-436.60917592877223
-436.60917592877223
-436.60917592877223
-436.60917592877223
-436.60917592877223
-436.60917592877223
-436.60917592877223
-432.7142806314131
-428.8213202159393
-424.930347861083
-421.0414186836741
-417.1545898263628
-413.2699205500698
-409.38747233145904
-405.5073089657464
-401.62949667518393
-397.7541042235792
-393.8812030372385
-390.01086733274843
-386.14317425204246
-382.2782040052294
-378.4160400216994
-374.5567691100577
-370.70048162748026
-366.8472716591288
-366.8472716591288
-362.87973895487175
-358.9129269484756
-354.94685980304763
-350.9815627692196
-347.01706224674246
-343.0533858502961
-339.09056247985046
-335.1286223959501
-331.16759730032453
-327.2075204222684
-323.2484266112755
-319.2903524364583
-315.3333362933375
-311.37741851864115
-311.37741851864115
-311.37741851864115
-311.37741851864115
-310.5241182045007
-309.7201304937236
-308.96584034878737
-308.261612650174
-308.261612650174
-308.261612650174
-308.261612650174
-308.261612650174
-308.261612650174
-312.1302787863147
-316.00221542923157
-319.87730375522443
-323.75543059508885
-327.6364880511332
-331.5203731985698
-335.40698780664565
-339.2962380780331
-343.18803440512465
-347.08229114198605
-350.97892639082676
-354.87786180193615
-358.7790223861207
-362.6823363387532
-366.5877348746167
-370.4951520727871
-374.40452473086214
-378.31579222789196
-382.2288963954216
-386.14378139609613
-390.06039360932283
-393.9786815235227
-397.8985956345366
-401.8200883497853
-405.7431138978107
-409.66762824285246
-413.5935890041404
-417.52095537960406
-421.44968807372317
-425.3797492292615
-429.3111023626456
-433.24371230276404
-437.17754513298155
-441.1125681361728
-441.1125681361728
-441.1125681361728
-441.1125681361728
-441.1125681361728
-441.1125681361728
-441.1125681361728
-441.1125681361728
-441.1125681361728
-437.22641206103634
-433.3423280057398
-429.4603721889724
-425.5806028492568
-421.70308033493484
-417.82786719891925
-413.9550282985006
-410.08463090052123
-406.2167447922482
-402.35144239830174
-398.4887989040179
-394.62889238565555
-390.7718039478812
-386.91761786900173
-383.0664217544445
-379.2183066990234
-379.2183066990234
-379.2183066990234
-379.2183066990234
-379.2183066990234
-379.2183066990234
-379.2183066990234
-379.2183066990234
-383.2102712158262
-387.20240137370797
-391.19469210158195
-395.1871385330796
-399.1797359963327
-403.1724800043608
-407.16536624602304
-411.15839057749497
-415.15154901423676
-419.1448377234187
-423.13825301677497
-427.1317913438567
-431.12544928566
-435.1192235486027
-435.1192235486027
-438.8862658924966
-439.1539729747063
-439.1539729747063
-439.1539729747063
-439.1539729747063
-439.1539729747063
-439.1539729747063
-435.52406968395354
-431.90070467188406
-428.2840438837985
-424.6742586056299
-421.07152566567134
-421.07152566567134
-417.0768991863971
-413.08237641142
-409.0879603785894
-405.09365424549014
-401.0994612953965
-397.105384943584
-393.1114287440254
-389.1175963964981
-385.12389175413307
-381.1303188314367
-377.13688181282157
-373.1435850616835
-369.1504331300665
-365.1574307689599
-361.16458293927707
-357.17189482356855
-353.17937183852746
-349.18701964835054
-345.1948441790236
-341.2028516336073
-337.2110485086048
-333.21944161150316
-329.2280380795862
-325.2368454001286
-321.24587143209015
-317.2551244294424
-313.2646130662721
-309.27434646382085
-305.2843342196386
-301.29458643904417
-297.30511376911005
-293.31592743540955
-289.327039281792
-285.33846181348025
-281.35020824381917
-277.36229254503945
-273.3747295034452
-269.3875347794805
-265.40072497318454
-265.40072497318454
-265.40072497318454
-265.40072497318454
-265.40072497318454
-265.40072497318454
-265.40072497318454
-265.40072497318454
-265.40072497318454
-269.39965641961334
-273.39861939766615
-277.3976125436637
-281.39663457143496
-285.39568426688805
-289.3947604830317
-293.39386213540286
-297.3929881978637
-301.3921376987331
-305.39130971722153
-309.39050338014295
-313.3897178588777
-317.38895236656583
-321.38820615550884
-325.3874785147639
-329.38676876791294
-333.3860762709918
-337.3854004105676
-341.3847406019504
-345.38409628752936
-349.3834669352232
-353.3828520370358
-357.38225110770856
-361.3816636834629
-365.38108932082423
-369.3805275955234
-373.3799781014681
-377.37944044977974
-381.37891426789093
-385.3783991986996
-389.3778948997742
-393.3774010426088
-397.3769173119216
-401.3764434049967
-405.3759790310641
-409.3755239107162
-413.37507777535825
-417.3746403666903
-421.3742114362186
-425.3737907447949
-429.37337806218085
-433.3729731666372
-437.3725758445352
-437.3725758445352
-437.3725758445352
-437.3725758445352
-437.3725758445352
-437.3725758445352
-437.3725758445352
-437.3725758445352
-437.3725758445352
-433.37653139292246
-429.38056041987153
-425.3846649961073
-421.3888472708588
-417.39310947561313
-413.39745392808646
-409.40188303642776
-405.4063993036699
-401.41100533244685
-397.4157038299945
-393.4204976134561
-389.42538961551315
-385.4303828903661
-381.4354806200906
-377.4406861213958
-373.4460028528165
-369.45143442237014
-365.4569845957157
-361.4626573048518
-357.46845665739727
-353.4743869464994
-349.4804526614198
-345.48665849885356
-341.4930093750402
-337.4995104387329
-333.5061670850971
-329.5129849706173
-325.5199700290984
-321.52712848885585
-317.53446689119994
-313.5419921103283
-309.5497113747532
-305.5576322904046
-301.5657628655622
-297.5741115377884
-297.5741115377884
-297.5741115377884
-297.5741115377884
-297.5741115377884
-297.97703935894117
-298.4330412870269
-298.4330412870269
-300.44373513004996
-302.4939598136185
-302.4939598136185
-302.4939598136185
-302.4939598136185
-306.4349785392169
-310.37750606068494
-314.32148560364703
-318.2668631875298
-322.21358745696756
-326.16160952518754
-330.1108828284004
-334.0613629903103
-338.0130076959387
-341.9657765740288
-345.9196310873602
-349.87453443036566
-353.8304514334907
-357.7873484737875
-361.7451933912766
-365.7039554106486
-369.66360506791597
-373.62411414165393
-377.58545558850125
-381.5476034826185
-385.51053295882303
-389.4742201591462
-393.4386421825738
-397.40377703775357
-401.36960359846717
-405.3361015616815
-409.3032514080066
-413.27103436440217
-417.23943236898504
-421.20842803780147
-425.1780046334378
-429.1481460353528
-433.1188367118224
-437.09006169339636
-437.09006169339636
-437.09006169339636
-437.09006169339636
-437.09006169339636
-437.09006169339636
-437.09006169339636
-437.09006169339636
-433.18924793959104
-429.29025962748807
-425.3931469509586
-421.4979619356182
-417.6047585219259
-417.6047585219259
-413.66115021085835
-409.71863516700046
-405.7772452567714
-401.83701358755314
-397.89797456820236
-393.96016397310694
-390.023619010031
-386.08837839200936
-382.15448241357313
-378.22197303161227
-374.2908939512025
-370.3612907167541
-366.43321080886597
-362.50670374730265
-358.5818212005448
-354.6586171024037
-350.73714777622905
-346.8174720672883
-342.8996514839426
-342.8996514839426
-342.8996514839426
-340.76939762878465
-338.67298930895964
-336.6110589487078
-334.58424399900156
-332.59318643788487
-330.63853224350174
-328.7209308061747
-326.8410343006641
-324.99949701820634
-323.1969746581109
-321.4341235788965
-319.71160000916495
-318.0300592186476
-316.39015465011227
-314.79253701308846
-314.79253701308846
-314.79253701308846
-314.79253701308846
-317.66020950134424
-320.55214261975266
-320.55214261975266
-324.30106056183075
-328.0559093349221
-331.81648759851805
-335.5826027366329
-339.35407040639507
-343.1307141133022
-346.91236481140504
-350.6988620082502
-354.49004751146464
-354.49004751146464
-358.4782382135964
-362.4666889455915
-366.4553912170608
-370.444336902767
-374.4335182232289
-378.422927726548
-378.422927726548
-378.422927726548
-378.422927726548
-378.422927726548
-378.422927726548
-378.422927726548
-378.422927726548
-378.422927726548
-374.4574411480843
-370.49269665833253
-366.52871833883455
-362.5655313195223
-358.603161836116
-354.64163729131553
-350.6809863200794
-346.7212388593115
-342.76242622230495
-338.80458117832416
-334.84773803774095
-330.89193274317944
-326.93720296716816
-322.9835882168429
-319.03112994629896
-315.07987167724747
-311.1298591286964
-307.1811403564475
-303.23376590328104
-299.2877906927097
-295.34326904093064
-291.4002599759768
-287.4588257413106
-283.5190320160226
-279.58094815322215
-275.644647438382
-271.7102073695946
-267.7777099619184
-263.84724207824013
-259.91889578936076
-255.99276876632803
-252.06896470839834
-248.14759381041725
-244.2287732738689
-240.31262786637095
-236.39929053498844
-232.4889030794241
-228.58161689192067
-224.67759377160579
-220.7770068220321
-216.88004144184288
-212.9868964198463
-209.0977851473424
-205.21293696234886
-201.33259864245719
-197.45703606546795
-197.45703606546795
-194.29414435990387
-194.29414435990387
-194.29414435990387
-194.29414435990387
-194.29414435990387
-194.29414435990387
-194.29414435990387
-198.28267761099633
-202.271663674229
-206.26107627812252
-210.25090555665685
-214.2411120959291
-218.23167755855766
-222.2225826084282
-226.21380927236234
-230.20534082223497
-234.19716166910646
-234.19716166910646
-237.97641961687515
-241.7627801484178
-245.5559147081191
-249.35551416163557
-253.1612874218922
-256.9729601865339
-260.7902737767911
-264.6129840686981
-268.4408605084781
-272.2736852046981
-276.11125209050357
-279.9533661498784
-283.79984270244734
-287.6505067418508
-291.50519232318476
-295.36374199541495
-299.22600627504767
-303.09184315767953
-306.9611176643512
-310.83370141990656
-314.7094722608064
-318.5883138700707
-322.47011543722584
-326.3547713413189
-330.2421808552249
-334.13224786962616
-338.02488063517933
-341.91999152150913
-345.8174967917821
-349.7173163917156
-353.6193737519709
-357.52359560296514
-361.4299118012132
-365.33825516638234
-369.2485613283067
-373.16076858326846
-377.07481775890403
-380.99065208714694
-380.99065208714694
-380.99065208714694
-380.99065208714694
-380.99065208714694
-380.99065208714694
-380.99065208714694
-380.99065208714694
-380.99065208714694
-377.1294384860495
-373.2711478886781
-369.4158718812373
-365.5637058403542
-361.71474912699676
-357.8691052921365
-354.0268822949711
-350.1881927345855
-346.35315409600076
-342.52188901163066
-338.69452553925123
-334.8711974576734
-331.052044581405
-327.237213095693
-323.42685591344815
-319.62113305567823
-315.8202120571889
-312.0242683994545
-308.233485972723
-304.4480575695856
-300.6681854124336
-296.8940817174238
-293.1259692977986
-289.3640822096456
-285.6086664434432
-281.85998066502526
-278.118297009905
-274.38390193523736
-270.65709713406204
-266.93820051686714
-263.2275472659428
-259.5254909684597
-255.8324048347098
-252.14868300849116
-248.4747419772022
-244.8110220898413
-241.15798919178113
-237.51613638590666
-233.88598593047192
-230.26809128484157
-226.6630393151346
-223.07145267267907
-219.49399235910596
-215.93136049285232
-212.3843032927903
-208.85361429563204
-205.34150209971807
-205.34150209971807
-205.34150209971807
-205.34150209971807
-205.34150209971807
-205.34150209971807
-205.34150209971807
-205.34150209971807
-205.34150209971807
-205.34150209971807
-207.65643876618552
-210.02204801855146
-212.4366370547346
-214.89856900009457
-214.89856900009457
-214.89856900009457
-214.89856900009457
-212.90562529099307
-210.96970299971565
-209.09238596373336
-207.27526657371493
-205.51994156135183
-203.8280220505557
-202.20108484704875
-200.64071072498285
-199.1484643017624
-199.1484643017624
-196.37617289711528
-193.64682214258082
-190.9622532501075
-188.32438132921422
-185.73519600748708
-183.1967616118889
-180.71121775472693
-180.71121775472693
-177.22885841160218
-173.7687899015108
-170.33237065297757
-166.9210612809646
-163.53643314116897
-160.18017757631807
-156.8541158870172
-153.56021012521288
-150.3005742478546
-147.077486813257
-143.89340380262863
-140.75097232716544
-137.65304495982738
-134.60269456781185
-131.6032294651337
-128.65820863405196
-125.77145667729009
-122.94707805826572
-120.1894700626337
-117.5033337711819
-114.89368217304396
-112.36584488371774
-109.92546579426413
-107.5784969417359
-105.33118255722361
-103.19003379234928
-101.16179204488294
-101.16179204488294
-101.16179204488294
-101.16179204488294
-101.16179204488294
-101.16179204488294
-101.16179204488294
-101.16179204488294
-101.16179204488294
-101.16179204488294
-101.16179204488294
