60.0 450.0 1.1853982210159302
60.0 450.0 1.5853981971740723
59.803192138671875 452.9533386230469 1.6892757415771484
59.33038330078125 456.92529296875 1.6892757415771484
58.857574462890625 460.8972473144531 1.6892757415771484
58.384765625 464.86920166015625 1.6892757415771484
57.911956787109375 468.8411560058594 1.6892757415771484
57.43914794921875 472.8131103515625 1.6892757415771484
56.966339111328125 476.7850646972656 1.6892757415771484
56.4935302734375 480.75701904296875 1.6892757415771484
56.020721435546875 484.7289733886719 1.6892757415771484
55.54791259765625 488.700927734375 1.6892757415771484
55.075103759765625 492.6728820800781 1.6892757415771484
54.59706497192383 496.57574462890625 1.696070909500122
54.59706497192383 496.57574462890625 2.0960710048675537
54.59706497192383 496.57574462890625 2.4960711002349854
54.59706497192383 496.57574462890625 2.896071195602417
54.59706497192383 496.57574462890625 -2.9871139526367188
54.59706497192383 496.57574462890625 -2.587113857269287
54.59706497192383 496.57574462890625 -2.1871137619018555
54.59706497192383 496.57574462890625 -1.7871137857437134
53.738529205322266 492.6689758300781 -1.7871137857437134
52.8799934387207 488.76220703125 -1.7871137857437134
52.02145767211914 484.8554382324219 -1.7871137857437134
51.16292190551758 480.94866943359375 -1.7871137857437134
50.304386138916016 477.0419006347656 -1.7871137857437134
49.44585037231445 473.1351318359375 -1.7871137857437134
48.58731460571289 469.2283630371094 -1.7871137857437134
47.72877883911133 465.32159423828125 -1.7871137857437134
46.870243072509766 461.4148254394531 -1.7871137857437134
46.0117073059082 457.508056640625 -1.7871137857437134
45.15317153930664 453.6012878417969 -1.7871137857437134
44.29463577270508 449.69451904296875 -1.7871137857437134
43.436100006103516 445.7877502441406 -1.7871137857437134
42.57756423950195 441.8809814453125 -1.7871137857437134
41.71902847290039 437.9742126464844 -1.7871137857437134
40.86049270629883 434.06744384765625 -1.7871137857437134
40.001956939697266 430.1606750488281 -1.7871137857437134
39.1434211730957 426.25390625 -1.7871137857437134
39.1434211730957 426.25390625 -1.3871138095855713
39.874027252197266 422.3211975097656 -1.3871138095855713
40.60463333129883 418.38848876953125 -1.3871138095855713
41.33523941040039 414.4557800292969 -1.3871138095855713
42.06584548950195 410.5230712890625 -1.3871138095855713
42.796451568603516 406.5903625488281 -1.3871138095855713
43.52705764770508 402.65765380859375 -1.3871138095855713
44.25766372680664 398.7249450683594 -1.3871138095855713
44.9882698059082 394.792236328125 -1.3871138095855713
45.718875885009766 390.8595275878906 -1.3871138095855713
46.44948196411133 386.92681884765625 -1.3871138095855713
47.18008804321289 382.9941101074219 -1.3871138095855713
47.91069412231445 379.0614013671875 -1.3871138095855713
48.641300201416016 375.1286926269531 -1.3871138095855713
49.37190628051758 371.19598388671875 -1.3871138095855713
49.37190628051758 371.19598388671875 -0.9871138334274292
49.37190628051758 371.19598388671875 -0.5871138572692871
49.37190628051758 371.19598388671875 -0.18711385130882263
53.302085876464844 370.4518737792969 -0.18711385130882263
57.23226547241211 369.707763671875 -0.18711385130882263
61.162445068359375 368.9636535644531 -0.18711385130882263
65.0926284790039 368.21954345703125 -0.18711385130882263
65.0926284790039 368.21954345703125 0.21288615465164185
65.0926284790039 368.21954345703125 0.6128861904144287
65.0926284790039 368.21954345703125 1.0128861665725708
65.0926284790039 368.21954345703125 1.412886142730713
65.0926284790039 368.21954345703125 1.812886118888855
64.13369750976562 372.1029052734375 1.812886118888855
63.17477035522461 375.98626708984375 1.812886118888855
62.215843200683594 379.86962890625 1.812886118888855
61.25691604614258 383.75299072265625 1.812886118888855
60.29798889160156 387.6363525390625 1.812886118888855
59.33906173706055 391.51971435546875 1.812886118888855
58.38013458251953 395.403076171875 1.812886118888855
57.421207427978516 399.28643798828125 1.812886118888855
56.4622802734375 403.1697998046875 1.812886118888855
55.503353118896484 407.05316162109375 1.812886118888855
54.54442596435547 410.9365234375 1.812886118888855
53.58549880981445 414.81988525390625 1.812886118888855
52.62657165527344 418.7032470703125 1.812886118888855
51.66764450073242 422.58660888671875 1.812886118888855
50.708717346191406 426.469970703125 1.812886118888855
49.74979019165039 430.35333251953125 1.812886118888855
48.790863037109375 434.2366943359375 1.812886118888855
47.83193588256836 438.12005615234375 1.812886118888855
46.873008728027344 442.00341796875 1.812886118888855
45.91408157348633 445.88677978515625 1.812886118888855
44.95515441894531 449.7701416015625 1.812886118888855
43.9962272644043 453.65350341796875 1.812886118888855
43.03730010986328 457.536865234375 1.812886118888855
42.078372955322266 461.42022705078125 1.812886118888855
41.11944580078125 465.3035888671875 1.812886118888855
40.160518646240234 469.18695068359375 1.812886118888855
39.20159149169922 473.0703125 1.812886118888855
38.2426643371582 476.95367431640625 1.812886118888855
37.28373718261719 480.8370361328125 1.812886118888855
36.32481002807617 484.72039794921875 1.812886118888855
35.365882873535156 488.603759765625 1.812886118888855
34.40695571899414 492.48712158203125 1.812886118888855
33.448028564453125 496.3704833984375 1.812886118888855
32.48910140991211 500.25384521484375 1.812886118888855
32.48910140991211 500.25384521484375 2.212886095046997
32.48910140991211 500.25384521484375 2.6128861904144287
32.48910140991211 500.25384521484375 3.0128862857818604
32.48910140991211 500.25384521484375 -2.8702988624572754
32.48910140991211 500.25384521484375 -2.4702987670898438
32.48910140991211 500.25384521484375 -2.070298671722412
32.48910140991211 500.25384521484375 -1.67029869556427
32.48910140991211 500.25384521484375 -1.270298719406128
33.6730842590332 496.4330749511719 -1.270298719406128
34.8570671081543 492.6123046875 -1.270298719406128
36.04104995727539 488.7915344238281 -1.270298719406128
37.225032806396484 484.97076416015625 -1.270298719406128
38.40901565551758 481.1499938964844 -1.270298719406128
39.59299850463867 477.3292236328125 -1.270298719406128
40.776981353759766 473.5084533691406 -1.270298719406128
41.96096420288086 469.68768310546875 -1.270298719406128
43.14494705200195 465.8669128417969 -1.270298719406128
44.32892990112305 462.046142578125 -1.270298719406128
45.51291275024414 458.2253723144531 -1.270298719406128
46.696895599365234 454.40460205078125 -1.270298719406128
47.88087844848633 450.5838317871094 -1.270298719406128
49.06486129760742 446.7630615234375 -1.270298719406128
50.248844146728516 442.9422912597656 -1.270298719406128
51.43282699584961 439.12152099609375 -1.270298719406128
51.43282699584961 439.12152099609375 -0.8702987432479858
51.43282699584961 439.12152099609375 -0.47029873728752136
51.43282699584961 439.12152099609375 -0.07029873132705688
51.43282699584961 439.12152099609375 0.3297012746334076
51.43282699584961 439.12152099609375 0.7297012805938721
51.43282699584961 439.12152099609375 1.1297012567520142
51.43282699584961 439.12152099609375 1.5297012329101562
51.59716033935547 443.1181335449219 1.5297012329101562
51.76149368286133 447.11474609375 1.5297012329101562
51.92582702636719 451.1113586425781 1.5297012329101562
52.09016036987305 455.10797119140625 1.5297012329101562
52.254493713378906 459.1045837402344 1.5297012329101562
52.418827056884766 463.1011962890625 1.5297012329101562
52.583160400390625 467.0978088378906 1.5297012329101562
52.747493743896484 471.09442138671875 1.5297012329101562
52.911827087402344 475.0910339355469 1.5297012329101562
53.0761604309082 479.087646484375 1.5297012329101562
53.24049377441406 483.0842590332031 1.5297012329101562
53.40482711791992 487.08087158203125 1.5297012329101562
53.56916046142578 491.0774841308594 1.5297012329101562
53.73349380493164 495.0740966796875 1.5297012329101562
53.73349380493164 495.0740966796875 1.9297012090682983
52.32849884033203 498.8192138671875 1.9297012090682983
52.16848373413086 499.0841369628906 2.298574686050415
52.16848373413086 499.0841369628906 2.6985747814178467
52.16848373413086 499.0841369628906 3.0985748767852783
52.16848373413086 499.0841369628906 -2.7846102714538574
52.16848373413086 499.0841369628906 -2.384610176086426
52.16848373413086 499.0841369628906 -1.9846101999282837
50.56006622314453 495.4217529296875 -1.9846101999282837
48.9516487121582 491.7593688964844 -1.9846101999282837
47.343231201171875 488.09698486328125 -1.9846101999282837
45.73481369018555 484.4346008300781 -1.9846101999282837
44.12639617919922 480.772216796875 -1.9846101999282837
44.12639617919922 480.772216796875 -1.5846102237701416
44.071144104003906 476.7726135253906 -1.5846102237701416
44.015892028808594 472.77301025390625 -1.5846102237701416
43.96063995361328 468.7734069824219 -1.5846102237701416
43.90538787841797 464.7738037109375 -1.5846102237701416
43.850135803222656 460.7742004394531 -1.5846102237701416
43.794883728027344 456.77459716796875 -1.5846102237701416
43.73963165283203 452.7749938964844 -1.5846102237701416
43.68437957763672 448.775390625 -1.5846102237701416
43.629127502441406 444.7757873535156 -1.5846102237701416
43.573875427246094 440.77618408203125 -1.5846102237701416
43.51862335205078 436.7765808105469 -1.5846102237701416
43.46337127685547 432.7769775390625 -1.5846102237701416
43.408119201660156 428.7773742675781 -1.5846102237701416
43.352867126464844 424.77777099609375 -1.5846102237701416
43.29761505126953 420.7781677246094 -1.5846102237701416
43.24236297607422 416.778564453125 -1.5846102237701416
43.187110900878906 412.7789611816406 -1.5846102237701416
43.131858825683594 408.77935791015625 -1.5846102237701416
43.07660675048828 404.7797546386719 -1.5846102237701416
43.02135467529297 400.7801513671875 -1.5846102237701416
42.966102600097656 396.7805480957031 -1.5846102237701416
42.910850524902344 392.78094482421875 -1.5846102237701416
42.85559844970703 388.7813415527344 -1.5846102237701416
42.80034637451172 384.78173828125 -1.5846102237701416
42.745094299316406 380.7821350097656 -1.5846102237701416
42.689842224121094 376.78253173828125 -1.5846102237701416
42.63459014892578 372.7829284667969 -1.5846102237701416
42.57933807373047 368.7833251953125 -1.5846102237701416
42.524085998535156 364.7837219238281 -1.5846102237701416
42.468833923339844 360.78411865234375 -1.5846102237701416
42.41358184814453 356.7845153808594 -1.5846102237701416
42.35832977294922 352.784912109375 -1.5846102237701416
42.303077697753906 348.7853088378906 -1.5846102237701416
42.247825622558594 344.78570556640625 -1.5846102237701416
42.19257354736328 340.7861022949219 -1.5846102237701416
42.13732147216797 336.7864990234375 -1.5846102237701416
42.082069396972656 332.7868957519531 -1.5846102237701416
42.026817321777344 328.78729248046875 -1.5846102237701416
41.97156524658203 324.7876892089844 -1.5846102237701416
41.97156524658203 324.7876892089844 -1.1846102476119995
41.97156524658203 324.7876892089844 -0.7846102714538574
41.97156524658203 324.7876892089844 -0.38461026549339294
41.97156524658203 324.7876892089844 0.015389740467071533
41.97156524658203 324.7876892089844 0.415389746427536
41.97156524658203 324.7876892089844 0.8153897523880005
41.97156524658203 324.7876892089844 1.2153897285461426
41.97156524658203 324.7876892089844 1.6153897047042847
41.793251037597656 328.7837219238281 1.6153897047042847
41.61493682861328 332.7797546386719 1.6153897047042847
41.436622619628906 336.7757873535156 1.6153897047042847
41.25830841064453 340.7718200683594 1.6153897047042847
41.079994201660156 344.7678527832031 1.6153897047042847
40.90167999267578 348.7638854980469 1.6153897047042847
40.723365783691406 352.7599182128906 1.6153897047042847
40.54505157470703 356.7559509277344 1.6153897047042847
40.366737365722656 360.7519836425781 1.6153897047042847
40.18842315673828 364.7480163574219 1.6153897047042847
40.010108947753906 368.7440490722656 1.6153897047042847
39.83179473876953 372.7400817871094 1.6153897047042847
39.653480529785156 376.7361145019531 1.6153897047042847
39.47516632080078 380.7321472167969 1.6153897047042847
39.296852111816406 384.7281799316406 1.6153897047042847
39.11853790283203 388.7242126464844 1.6153897047042847
38.940223693847656 392.7202453613281 1.6153897047042847
38.76190948486328 396.7162780761719 1.6153897047042847
38.583595275878906 400.7123107910156 1.6153897047042847
38.40528106689453 404.7083435058594 1.6153897047042847
38.226966857910156 408.7043762207031 1.6153897047042847
38.04865264892578 412.7004089355469 1.6153897047042847
37.870338439941406 416.6964416503906 1.6153897047042847
37.69202423095703 420.6924743652344 1.6153897047042847
37.513710021972656 424.6885070800781 1.6153897047042847
37.33539581298828 428.6845397949219 1.6153897047042847
37.157081604003906 432.6805725097656 1.6153897047042847
36.97876739501953 436.6766052246094 1.6153897047042847
36.800453186035156 440.6726379394531 1.6153897047042847
36.62213897705078 444.6686706542969 1.6153897047042847
36.443824768066406 448.6647033691406 1.6153897047042847
36.26551055908203 452.6607360839844 1.6153897047042847
36.087196350097656 456.6567687988281 1.6153897047042847
35.90888214111328 460.6528015136719 1.6153897047042847
35.730567932128906 464.6488342285156 1.6153897047042847
35.55225372314453 468.6448669433594 1.6153897047042847
35.373939514160156 472.6408996582031 1.6153897047042847
35.19562530517578 476.6369323730469 1.6153897047042847
35.017311096191406 480.6329650878906 1.6153897047042847
34.83899688720703 484.6289978027344 1.6153897047042847
34.660682678222656 488.6250305175781 1.6153897047042847
34.48236846923828 492.6210632324219 1.6153897047042847
34.304054260253906 496.6170959472656 1.6153897047042847
34.304054260253906 496.6170959472656 2.0153896808624268
34.304054260253906 496.6170959472656 2.4153897762298584
34.304054260253906 496.6170959472656 2.81538987159729
34.304054260253906 496.6170959472656 -3.0677952766418457
34.304054260253906 496.6170959472656 -2.667795181274414
34.304054260253906 496.6170959472656 -2.2677950859069824
34.304054260253906 496.6170959472656 -1.8677951097488403
34.304054260253906 496.6170959472656 -1.4677951335906982
34.71533203125 492.6383056640625 -1.4677951335906982
35.126609802246094 488.6595153808594 -1.4677951335906982
35.53788757324219 484.68072509765625 -1.4677951335906982
35.94916534423828 480.7019348144531 -1.4677951335906982
36.360443115234375 476.72314453125 -1.4677951335906982
36.77172088623047 472.7443542480469 -1.4677951335906982
37.18299865722656 468.76556396484375 -1.4677951335906982
37.594276428222656 464.7867736816406 -1.4677951335906982
38.00555419921875 460.8079833984375 -1.4677951335906982
38.416831970214844 456.8291931152344 -1.4677951335906982
38.82810974121094 452.85040283203125 -1.4677951335906982
39.23938751220703 448.8716125488281 -1.4677951335906982
39.650665283203125 444.892822265625 -1.4677951335906982
40.06194305419922 440.9140319824219 -1.4677951335906982
40.47322082519531 436.93524169921875 -1.4677951335906982
40.884498596191406 432.9564514160156 -1.4677951335906982
41.2957763671875 428.9776611328125 -1.4677951335906982
41.707054138183594 424.9988708496094 -1.4677951335906982
42.11833190917969 421.02008056640625 -1.4677951335906982
42.52960968017578 417.0412902832031 -1.4677951335906982
42.940887451171875 413.0625 -1.4677951335906982
43.35216522216797 409.0837097167969 -1.4677951335906982
43.76344299316406 405.10491943359375 -1.4677951335906982
44.174720764160156 401.1261291503906 -1.4677951335906982
44.58599853515625 397.1473388671875 -1.4677951335906982
44.997276306152344 393.1685485839844 -1.4677951335906982
45.40855407714844 389.18975830078125 -1.4677951335906982
45.81983184814453 385.2109680175781 -1.4677951335906982
46.231109619140625 381.232177734375 -1.4677951335906982
46.64238739013672 377.2533874511719 -1.4677951335906982
47.05366516113281 373.27459716796875 -1.4677951335906982
47.464942932128906 369.2958068847656 -1.4677951335906982
47.876220703125 365.3170166015625 -1.4677951335906982
48.287498474121094 361.3382263183594 -1.4677951335906982
48.69877624511719 357.35943603515625 -1.4677951335906982
48.69877624511719 357.35943603515625 -1.0677951574325562
48.69877624511719 357.35943603515625 -0.6677951812744141
48.69877624511719 357.35943603515625 -0.2677951753139496
48.69877624511719 357.35943603515625 0.1322048306465149
52.66387176513672 357.88671875 0.1322048306465149
56.62896728515625 358.41400146484375 0.1322048306465149
56.62896728515625 358.41400146484375 0.5322048664093018
60.07572937011719 360.4437255859375 0.5322048664093018
63.522491455078125 362.47344970703125 0.5322048664093018
63.522491455078125 362.47344970703125 0.9322048425674438
63.522491455078125 362.47344970703125 1.332204818725586
63.522491455078125 362.47344970703125 1.732204794883728
62.87965774536133 366.42144775390625 1.732204794883728
62.23682403564453 370.36944580078125 1.732204794883728
61.593990325927734 374.31744384765625 1.732204794883728
60.95115661621094 378.26544189453125 1.732204794883728
60.30832290649414 382.21343994140625 1.732204794883728
59.665489196777344 386.16143798828125 1.732204794883728
59.02265548706055 390.10943603515625 1.732204794883728
58.37982177734375 394.05743408203125 1.732204794883728
57.73698806762695 398.00543212890625 1.732204794883728
57.094154357910156 401.95343017578125 1.732204794883728
56.45132064819336 405.90142822265625 1.732204794883728
55.80848693847656 409.84942626953125 1.732204794883728
55.165653228759766 413.79742431640625 1.732204794883728
54.52281951904297 417.74542236328125 1.732204794883728
53.87998580932617 421.69342041015625 1.732204794883728
53.237152099609375 425.64141845703125 1.732204794883728
52.59431838989258 429.58941650390625 1.732204794883728
51.95148468017578 433.53741455078125 1.732204794883728
51.308650970458984 437.48541259765625 1.732204794883728
50.66581726074219 441.43341064453125 1.732204794883728
50.02298355102539 445.38140869140625 1.732204794883728
49.380149841308594 449.32940673828125 1.732204794883728
48.7373161315918 453.27740478515625 1.732204794883728
48.094482421875 457.22540283203125 1.732204794883728
47.4516487121582 461.17340087890625 1.732204794883728
46.808815002441406 465.12139892578125 1.732204794883728
46.16598129272461 469.06939697265625 1.732204794883728
45.52314758300781 473.01739501953125 1.732204794883728
44.880313873291016 476.96539306640625 1.732204794883728
44.23748016357422 480.91339111328125 1.732204794883728
43.59464645385742 484.86138916015625 1.732204794883728
42.951812744140625 488.80938720703125 1.732204794883728
42.30897903442383 492.75738525390625 1.732204794883728
41.66614532470703 496.70538330078125 1.732204794883728
41.66614532470703 496.70538330078125 2.13220477104187
41.66614532470703 496.70538330078125 2.5322048664093018
41.66614532470703 496.70538330078125 2.9322049617767334
41.66614532470703 496.70538330078125 -2.9509801864624023
41.66614532470703 496.70538330078125 -2.5509800910949707
41.66614532470703 496.70538330078125 -2.150979995727539
41.66614532470703 496.70538330078125 -1.750980019569397
40.949302673339844 492.7701416015625 -1.750980019569397
40.232460021972656 488.83489990234375 -1.750980019569397
39.51561737060547 484.899658203125 -1.750980019569397
38.79877471923828 480.96441650390625 -1.750980019569397
38.081932067871094 477.0291748046875 -1.750980019569397
38.081932067871094 477.0291748046875 -1.3509800434112549
38.954132080078125 473.12542724609375 -1.3509800434112549
39.826332092285156 469.2216796875 -1.3509800434112549
40.69853210449219 465.31793212890625 -1.3509800434112549
41.57073211669922 461.4141845703125 -1.3509800434112549
42.44293212890625 457.51043701171875 -1.3509800434112549
43.31513214111328 453.606689453125 -1.3509800434112549
44.18733215332031 449.70294189453125 -1.3509800434112549
45.059532165527344 445.7991943359375 -1.3509800434112549
45.931732177734375 441.89544677734375 -1.3509800434112549
46.803932189941406 437.99169921875 -1.3509800434112549
47.67613220214844 434.08795166015625 -1.3509800434112549
48.54833221435547 430.1842041015625 -1.3509800434112549
49.4205322265625 426.28045654296875 -1.3509800434112549
50.29273223876953 422.376708984375 -1.3509800434112549
51.16493225097656 418.47296142578125 -1.3509800434112549
52.037132263183594 414.5692138671875 -1.3509800434112549
52.909332275390625 410.66546630859375 -1.3509800434112549
53.781532287597656 406.76171875 -1.3509800434112549
54.65373229980469 402.85797119140625 -1.3509800434112549
54.65373229980469 402.85797119140625 -0.9509800672531128
54.65373229980469 402.85797119140625 -0.5509800910949707
58.0617790222168 400.7638854980469 -0.5509800910949707
61.469825744628906 398.6697998046875 -0.5509800910949707
64.87787628173828 396.5757141113281 -0.5509800910949707
68.28592681884766 394.48162841796875 -0.5509800910949707
71.69397735595703 392.3875427246094 -0.5509800910949707
75.1020278930664 390.29345703125 -0.5509800910949707
78.51007843017578 388.1993713378906 -0.5509800910949707
81.91812896728516 386.10528564453125 -0.5509800910949707
85.32617950439453 384.0111999511719 -0.5509800910949707
88.7342300415039 381.9171142578125 -0.5509800910949707
92.14228057861328 379.8230285644531 -0.5509800910949707
95.55033111572266 377.72894287109375 -0.5509800910949707
98.95838165283203 375.6348571777344 -0.5509800910949707
102.3664321899414 373.540771484375 -0.5509800910949707
105.77448272705078 371.4466857910156 -0.5509800910949707
105.77448272705078 371.4466857910156 -0.15098008513450623
105.77448272705078 371.4466857910156 0.24901992082595825
105.77448272705078 371.4466857910156 0.6490199565887451
108.96118927001953 373.86431884765625 0.6490199565887451
112.14789581298828 376.2819519042969 0.6490199565887451
112.14789581298828 376.2819519042969 1.0490199327468872
114.1415786743164 379.74969482421875 1.0490199327468872
116.13526153564453 383.2174377441406 1.0490199327468872
118.12894439697266 386.6851806640625 1.0490199327468872
120.12262725830078 390.1529235839844 1.0490199327468872
122.1163101196289 393.62066650390625 1.0490199327468872
124.10999298095703 397.0884094238281 1.0490199327468872
126.10367584228516 400.55615234375 1.0490199327468872
128.0973663330078 404.0238952636719 1.0490199327468872
130.09104919433594 407.49163818359375 1.0490199327468872
130.09104919433594 407.49163818359375 1.4490199089050293
130.5769500732422 411.4620056152344 1.4490199089050293
131.06285095214844 415.432373046875 1.4490199089050293
131.5487518310547 419.4027404785156 1.4490199089050293
132.03465270996094 423.37310791015625 1.4490199089050293
132.5205535888672 427.3434753417969 1.4490199089050293
133.00645446777344 431.3138427734375 1.4490199089050293
133.00645446777344 431.3138427734375 1.8490198850631714
133.00645446777344 431.3138427734375 2.2490198612213135
133.00645446777344 431.3138427734375 2.649019956588745
133.00645446777344 431.3138427734375 3.0490200519561768
133.00645446777344 431.3138427734375 -2.834165096282959
133.00645446777344 431.3138427734375 -2.4341650009155273
133.00645446777344 431.3138427734375 -2.0341649055480957
133.00645446777344 431.3138427734375 -1.6341649293899536
132.75314331054688 427.3218688964844 -1.6341649293899536
132.4998321533203 423.32989501953125 -1.6341649293899536
132.24652099609375 419.3379211425781 -1.6341649293899536
131.9932098388672 415.345947265625 -1.6341649293899536
131.73989868164062 411.3539733886719 -1.6341649293899536
131.48658752441406 407.36199951171875 -1.6341649293899536
131.2332763671875 403.3700256347656 -1.6341649293899536
130.97996520996094 399.3780517578125 -1.6341649293899536
130.72665405273438 395.3860778808594 -1.6341649293899536
130.4733428955078 391.39410400390625 -1.6341649293899536
130.22003173828125 387.4021301269531 -1.6341649293899536
129.9667205810547 383.41015625 -1.6341649293899536
129.71340942382812 379.4181823730469 -1.6341649293899536
129.46009826660156 375.42620849609375 -1.6341649293899536
129.206787109375 371.4342346191406 -1.6341649293899536
128.95347595214844 367.4422607421875 -1.6341649293899536
128.70016479492188 363.4502868652344 -1.6341649293899536
128.4468536376953 359.45831298828125 -1.6341649293899536
128.19354248046875 355.4663391113281 -1.6341649293899536
127.94023895263672 351.474365234375 -1.6341649293899536
127.68693542480469 347.4823913574219 -1.6341649293899536
127.43363189697266 343.49041748046875 -1.6341649293899536
127.18032836914062 339.4984436035156 -1.6341649293899536
126.9270248413086 335.5064697265625 -1.6341649293899536
126.67372131347656 331.5144958496094 -1.6341649293899536
126.42041778564453 327.52252197265625 -1.6341649293899536
126.1671142578125 323.5305480957031 -1.6341649293899536
125.91381072998047 319.53857421875 -1.6341649293899536
125.66050720214844 315.5466003417969 -1.6341649293899536
125.4072036743164 311.55462646484375 -1.6341649293899536
125.15390014648438 307.5626525878906 -1.6341649293899536
124.90059661865234 303.5706787109375 -1.6341649293899536
124.64729309082031 299.5787048339844 -1.6341649293899536
124.39398956298828 295.58673095703125 -1.6341649293899536
124.14068603515625 291.5947570800781 -1.6341649293899536
123.88738250732422 287.602783203125 -1.6341649293899536
123.63407897949219 283.6108093261719 -1.6341649293899536
123.38077545166016 279.61883544921875 -1.6341649293899536
123.12747192382812 275.6268615722656 -1.6341649293899536
122.8741683959961 271.6348876953125 -1.6341649293899536
122.62086486816406 267.6429138183594 -1.6341649293899536
122.36756134033203 263.65093994140625 -1.6341649293899536
122.1142578125 259.6589660644531 -1.6341649293899536
121.86095428466797 255.6669921875 -1.6341649293899536
121.60765075683594 251.67501831054688 -1.6341649293899536
121.3543472290039 247.68304443359375 -1.6341649293899536
121.3543472290039 247.68304443359375 -1.2341649532318115
122.67558288574219 243.9075469970703 -1.2341649532318115
122.67558288574219 243.9075469970703 -0.8341649770736694
122.67558288574219 243.9075469970703 -0.43416497111320496
122.67558288574219 243.9075469970703 -0.03416496515274048
122.67558288574219 243.9075469970703 0.365835040807724
122.67558288574219 243.9075469970703 0.7658350467681885
122.67558288574219 243.9075469970703 1.1658350229263306
124.25151824951172 247.58401489257812 1.1658350229263306
125.82745361328125 251.26048278808594 1.1658350229263306
127.40338897705078 254.93695068359375 1.1658350229263306
128.9793243408203 258.6134338378906 1.1658350229263306
130.5552520751953 262.2899169921875 1.1658350229263306
132.1311798095703 265.9664001464844 1.1658350229263306
133.7071075439453 269.64288330078125 1.1658350229263306
135.2830352783203 273.3193664550781 1.1658350229263306
136.8589630126953 276.995849609375 1.1658350229263306
138.4348907470703 280.6723327636719 1.1658350229263306
138.4348907470703 280.6723327636719 1.5658349990844727
138.45474243164062 284.6722717285156 1.5658349990844727
138.47459411621094 288.6722106933594 1.5658349990844727
138.49444580078125 292.6721496582031 1.5658349990844727
138.51429748535156 296.6720886230469 1.5658349990844727
138.53414916992188 300.6720275878906 1.5658349990844727
138.5540008544922 304.6719665527344 1.5658349990844727
138.5738525390625 308.6719055175781 1.5658349990844727
138.5937042236328 312.6718444824219 1.5658349990844727
138.61355590820312 316.6717834472656 1.5658349990844727
138.63340759277344 320.6717224121094 1.5658349990844727
138.65325927734375 324.6716613769531 1.5658349990844727
138.67311096191406 328.6716003417969 1.5658349990844727
138.69296264648438 332.6715393066406 1.5658349990844727
138.7128143310547 336.6714782714844 1.5658349990844727
138.732666015625 340.6714172363281 1.5658349990844727
138.7525177001953 344.6713562011719 1.5658349990844727
138.77236938476562 348.6712951660156 1.5658349990844727
138.79222106933594 352.6712341308594 1.5658349990844727
138.81207275390625 356.6711730957031 1.5658349990844727
138.83192443847656 360.6711120605469 1.5658349990844727
138.85177612304688 364.6710510253906 1.5658349990844727
138.8716278076172 368.6709899902344 1.5658349990844727
138.8914794921875 372.6709289550781 1.5658349990844727
138.9113311767578 376.6708679199219 1.5658349990844727
138.93118286132812 380.6708068847656 1.5658349990844727
138.95103454589844 384.6707458496094 1.5658349990844727
138.97088623046875 388.6706848144531 1.5658349990844727
138.99073791503906 392.6706237792969 1.5658349990844727
139.01058959960938 396.6705627441406 1.5658349990844727
139.0304412841797 400.6705017089844 1.5658349990844727
139.05029296875 404.6704406738281 1.5658349990844727
139.0701446533203 408.6703796386719 1.5658349990844727
139.08999633789062 412.6703186035156 1.5658349990844727
139.10984802246094 416.6702575683594 1.5658349990844727
139.12969970703125 420.6701965332031 1.5658349990844727
139.14955139160156 424.6701354980469 1.5658349990844727
139.16940307617188 428.6700744628906 1.5658349990844727
139.1892547607422 432.6700134277344 1.5658349990844727
139.1892547607422 432.6700134277344 1.9658349752426147
139.1892547607422 432.6700134277344 2.365834951400757
139.1892547607422 432.6700134277344 2.7658350467681885
139.1892547607422 432.6700134277344 -3.1173501014709473
139.1892547607422 432.6700134277344 -2.7173500061035156
139.1892547607422 432.6700134277344 -2.317349910736084
139.1892547607422 432.6700134277344 -1.917349934577942
139.1892547607422 432.6700134277344 -1.5173499584197998
139.40293884277344 428.67572021484375 -1.5173499584197998
139.6166229248047 424.6814270019531 -1.5173499584197998
139.83030700683594 420.6871337890625 -1.5173499584197998
140.0439910888672 416.6928405761719 -1.5173499584197998
140.25767517089844 412.69854736328125 -1.5173499584197998
140.4713592529297 408.7042541503906 -1.5173499584197998
140.68504333496094 404.7099609375 -1.5173499584197998
140.8987274169922 400.7156677246094 -1.5173499584197998
141.11241149902344 396.72137451171875 -1.5173499584197998
141.3260955810547 392.7270812988281 -1.5173499584197998
141.53977966308594 388.7327880859375 -1.5173499584197998
141.7534637451172 384.7384948730469 -1.5173499584197998
141.96714782714844 380.74420166015625 -1.5173499584197998
142.1808319091797 376.7499084472656 -1.5173499584197998
142.39451599121094 372.755615234375 -1.5173499584197998
142.6082000732422 368.7613220214844 -1.5173499584197998
142.82188415527344 364.76702880859375 -1.5173499584197998
143.0355682373047 360.7727355957031 -1.5173499584197998
143.24925231933594 356.7784423828125 -1.5173499584197998
143.4629364013672 352.7841491699219 -1.5173499584197998
143.67662048339844 348.78985595703125 -1.5173499584197998
143.8903045654297 344.7955627441406 -1.5173499584197998
144.10398864746094 340.80126953125 -1.5173499584197998
144.3176727294922 336.8069763183594 -1.5173499584197998
144.53135681152344 332.81268310546875 -1.5173499584197998
144.7450408935547 328.8183898925781 -1.5173499584197998
144.95872497558594 324.8240966796875 -1.5173499584197998
145.1724090576172 320.8298034667969 -1.5173499584197998
145.38609313964844 316.83551025390625 -1.5173499584197998
145.5997772216797 312.8412170410156 -1.5173499584197998
145.81346130371094 308.846923828125 -1.5173499584197998
146.0271453857422 304.8526306152344 -1.5173499584197998
146.24082946777344 300.85833740234375 -1.5173499584197998
146.4545135498047 296.8640441894531 -1.5173499584197998
146.66819763183594 292.8697509765625 -1.5173499584197998
146.8818817138672 288.8754577636719 -1.5173499584197998
147.09556579589844 284.88116455078125 -1.5173499584197998
147.3092498779297 280.8868713378906 -1.5173499584197998
147.52293395996094 276.892578125 -1.5173499584197998
147.7366180419922 272.8982849121094 -1.5173499584197998
147.95030212402344 268.90399169921875 -1.5173499584197998
148.1639862060547 264.9096984863281 -1.5173499584197998
148.37767028808594 260.9154052734375 -1.5173499584197998
148.5913543701172 256.9211120605469 -1.5173499584197998
148.80503845214844 252.92681884765625 -1.5173499584197998
149.0187225341797 248.93252563476562 -1.5173499584197998
149.23240661621094 244.93824768066406 -1.517349362373352
149.23240661621094 244.93824768066406 -1.11734938621521
149.23240661621094 244.93824768066406 -0.7173494100570679
149.23240661621094 244.93824768066406 -0.3173494040966034
149.23240661621094 244.93824768066406 0.08265060186386108
149.23240661621094 244.93824768066406 0.48265060782432556
149.23240661621094 244.93824768066406 0.88265061378479
149.23240661621094 244.93824768066406 1.2826505899429321
149.23240661621094 244.93824768066406 1.6826505661010742
149.23240661621094 244.93824768066406 2.082650661468506
147.27322387695312 248.42559814453125 2.082650661468506
145.3140411376953 251.91294860839844 2.082650661468506
143.3548583984375 255.40029907226562 2.082650661468506
141.3956756591797 258.8876647949219 2.082650661468506
141.3956756591797 258.8876647949219 2.4826507568359375
141.3956756591797 258.8876647949219 2.882650852203369
141.3956756591797 258.8876647949219 -3.0005342960357666
137.43540954589844 258.3252868652344 -3.0005342960357666
133.4751434326172 257.7629089355469 -3.0005342960357666
129.51487731933594 257.2005310058594 -3.0005342960357666
125.55460357666016 256.6381530761719 -3.0005342960357666
121.59432983398438 256.0757751464844 -3.0005342960357666
117.6340560913086 255.51341247558594 -3.0005342960357666
113.67378234863281 254.9510498046875 -3.0005342960357666
109.71350860595703 254.38868713378906 -3.0005342960357666
105.75323486328125 253.82632446289062 -3.0005342960357666
105.75323486328125 253.82632446289062 -2.600534200668335
102.32457733154297 251.76614379882812 -2.600534200668335
98.89591979980469 249.70596313476562 -2.600534200668335
95.4672622680664 247.64578247070312 -2.600534200668335
92.03860473632812 245.58560180664062 -2.600534200668335
88.60994720458984 243.52542114257812 -2.600534200668335
85.18128967285156 241.46524047851562 -2.600534200668335
81.75264739990234 239.4050750732422 -2.6005330085754395
81.75264739990234 239.4050750732422 -2.200532913208008
79.39691925048828 236.17234802246094 -2.200532913208008
77.04119110107422 232.9396209716797 -2.200532913208008
74.68546295166016 229.70689392089844 -2.200532913208008
72.3297348022461 226.4741668701172 -2.200532913208008
69.97400665283203 223.24143981933594 -2.200532913208008
67.61827850341797 220.0087127685547 -2.200532913208008
65.2625503540039 216.77598571777344 -2.200532913208008
62.906822204589844 213.5432586669922 -2.200532913208008
60.55109405517578 210.31053161621094 -2.200532913208008
58.19536590576172 207.0778045654297 -2.200532913208008
55.839637756347656 203.84507751464844 -2.200532913208008
53.483909606933594 200.6123504638672 -2.200532913208008
51.12818145751953 197.37962341308594 -2.200532913208008
48.77245330810547 194.1468963623047 -2.200532913208008
46.416725158691406 190.91416931152344 -2.200532913208008
44.060997009277344 187.6814422607422 -2.200532913208008
41.70526885986328 184.44871520996094 -2.200532913208008
39.34954071044922 181.2159881591797 -2.200532913208008
36.993812561035156 177.98326110839844 -2.200532913208008
34.638084411621094 174.7505340576172 -2.200532913208008
32.28235626220703 171.51780700683594 -2.200532913208008
29.92662811279297 168.2850799560547 -2.200532913208008
27.570899963378906 165.05235290527344 -2.200532913208008
25.215171813964844 161.8196258544922 -2.200532913208008
22.85944366455078 158.58689880371094 -2.200532913208008
20.50371551513672 155.3541717529297 -2.200532913208008
18.147987365722656 152.12144470214844 -2.200532913208008
18.147987365722656 152.12144470214844 -2.200532913208008
18.147987365722656 152.12144470214844 -2.200532913208008
18.147987365722656 152.12144470214844 -2.200532913208008
18.147987365722656 152.12144470214844 -2.200532913208008
18.147987365722656 152.12144470214844 -2.200532913208008
18.147987365722656 152.12144470214844 -2.200532913208008
18.147987365722656 152.12144470214844 -2.200532913208008
18.147987365722656 152.12144470214844 -2.200532913208008
18.147987365722656 152.12144470214844 -2.200532913208008
18.147987365722656 152.12144470214844 -2.200532913208008
