60.0 450.0 1.1853982210159302
60.0 450.0 1.5853981971740723
59.92924118041992 453.9314880371094 1.5921859741210938
59.84368896484375 457.9305725097656 1.592186450958252
59.842735290527344 457.934814453125 1.9917480945587158
58.20821762084961 461.5856018066406 1.9917480945587158
56.573699951171875 465.23638916015625 1.9917480945587158
54.93918228149414 468.8871765136719 1.9917480945587158
53.304664611816406 472.5379638671875 1.9917480945587158
51.67014694213867 476.1887512207031 1.9917480945587158
50.03562927246094 479.83953857421875 1.9917480945587158
48.4011116027832 483.4903259277344 1.9917480945587158
46.76659393310547 487.14111328125 1.9917480945587158
46.76659393310547 487.14111328125 2.3917481899261475
46.76659393310547 487.14111328125 2.791748285293579
46.76659393310547 487.14111328125 -3.0914368629455566
46.76659393310547 487.14111328125 -2.691436767578125
46.76659393310547 487.14111328125 -2.2914366722106934
46.76659393310547 487.14111328125 -1.8914366960525513
45.505897521972656 483.344970703125 -1.8914366960525513
44.245201110839844 479.548828125 -1.8914366960525513
42.98450469970703 475.752685546875 -1.8914366960525513
41.72380828857422 471.95654296875 -1.8914366960525513
40.463111877441406 468.160400390625 -1.8914366960525513
39.202415466308594 464.3642578125 -1.8914366960525513
39.202415466308594 464.3642578125 -1.4914367198944092
39.5195198059082 460.3768615722656 -1.4914367198944092
39.83662414550781 456.38946533203125 -1.4914367198944092
40.15372848510742 452.4020690917969 -1.4914367198944092
40.47083282470703 448.4146728515625 -1.4914367198944092
40.78793716430664 444.4272766113281 -1.4914367198944092
41.10504150390625 440.43988037109375 -1.4914367198944092
41.42214584350586 436.4524841308594 -1.4914367198944092
41.73925018310547 432.465087890625 -1.4914367198944092
42.05635452270508 428.4776916503906 -1.4914367198944092
42.37345886230469 424.49029541015625 -1.4914367198944092
42.6905632019043 420.5028991699219 -1.4914367198944092
43.007667541503906 416.5155029296875 -1.4914367198944092
43.324771881103516 412.5281066894531 -1.4914367198944092
43.641876220703125 408.54071044921875 -1.4914367198944092
43.958980560302734 404.5533142089844 -1.4914367198944092
44.276084899902344 400.56591796875 -1.4914367198944092
44.59318923950195 396.5785217285156 -1.4914367198944092
44.91029357910156 392.59112548828125 -1.4914367198944092
45.22739791870117 388.6037292480469 -1.4914367198944092
45.54450225830078 384.6163330078125 -1.4914367198944092
45.86160659790039 380.6289367675781 -1.4914367198944092
46.1787109375 376.64154052734375 -1.4914367198944092
46.49581527709961 372.6541442871094 -1.4914367198944092
46.81291961669922 368.666748046875 -1.4914367198944092
47.13002395629883 364.6793518066406 -1.4914367198944092
47.44712829589844 360.69195556640625 -1.4914367198944092
47.76423263549805 356.7045593261719 -1.4914367198944092
48.081336975097656 352.7171630859375 -1.4914367198944092
48.081336975097656 352.7171630859375 -1.091436743736267
48.081336975097656 352.7171630859375 -0.691436767578125
48.081336975097656 352.7171630859375 -0.2914367616176605
48.081336975097656 352.7171630859375 0.10856324434280396
52.05778884887695 353.15057373046875 0.10856324434280396
56.03424072265625 353.583984375 0.10856324434280396
60.01069259643555 354.01739501953125 0.10856324434280396
60.01069259643555 354.01739501953125 0.5085632801055908
60.01069259643555 354.01739501953125 0.9085632562637329
60.01069259643555 354.01739501953125 1.308563232421875
60.01069259643555 354.01739501953125 1.708563208580017
59.46136474609375 357.9794921875 1.708563208580017
58.91203689575195 361.94158935546875 1.708563208580017
58.362709045410156 365.9036865234375 1.708563208580017
57.81338119506836 369.86578369140625 1.708563208580017
57.26405334472656 373.827880859375 1.708563208580017
56.714725494384766 377.78997802734375 1.708563208580017
56.16539764404297 381.7520751953125 1.708563208580017
55.61606979370117 385.71417236328125 1.708563208580017
55.066741943359375 389.67626953125 1.708563208580017
54.51741409301758 393.63836669921875 1.708563208580017
53.96808624267578 397.6004638671875 1.708563208580017
53.418758392333984 401.56256103515625 1.708563208580017
52.86943054199219 405.524658203125 1.708563208580017
52.32010269165039 409.48675537109375 1.708563208580017
51.770774841308594 413.4488525390625 1.708563208580017
51.2214469909668 417.41094970703125 1.708563208580017
50.672119140625 421.373046875 1.708563208580017
50.1227912902832 425.33514404296875 1.708563208580017
49.573463439941406 429.2972412109375 1.708563208580017
49.02413558959961 433.25933837890625 1.708563208580017
48.47480773925781 437.221435546875 1.708563208580017
47.925479888916016 441.18353271484375 1.708563208580017
47.37615203857422 445.1456298828125 1.708563208580017
46.82682418823242 449.10772705078125 1.708563208580017
46.277496337890625 453.06982421875 1.708563208580017
45.72816848754883 457.03192138671875 1.708563208580017
45.17884063720703 460.9940185546875 1.708563208580017
44.629512786865234 464.95611572265625 1.708563208580017
44.08018493652344 468.918212890625 1.708563208580017
43.53085708618164 472.88031005859375 1.708563208580017
42.981529235839844 476.8424072265625 1.708563208580017
42.43220138549805 480.80450439453125 1.708563208580017
41.88287353515625 484.7666015625 1.708563208580017
41.33354568481445 488.72869873046875 1.708563208580017
40.784217834472656 492.6907958984375 1.708563208580017
40.23488998413086 496.65289306640625 1.708563208580017
40.23488998413086 496.65289306640625 2.108563184738159
40.23488998413086 496.65289306640625 2.508563280105591
40.23488998413086 496.65289306640625 2.9085633754730225
40.23488998413086 496.65289306640625 -2.9746217727661133
40.23488998413086 496.65289306640625 -2.5746216773986816
40.23488998413086 496.65289306640625 -2.17462158203125
40.23488998413086 496.65289306640625 -1.774621605873108
39.42522430419922 492.7356872558594 -1.774621605873108
38.61555480957031 488.8184814453125 -1.774621605873108
37.805885314941406 484.9012756347656 -1.774621605873108
37.805885314941406 484.9012756347656 -1.3746216297149658
38.5855598449707 480.9779968261719 -1.3746216297149658
39.365234375 477.0547180175781 -1.3746216297149658
40.1449089050293 473.1314392089844 -1.3746216297149658
40.924583435058594 469.2081604003906 -1.3746216297149658
41.70425796508789 465.2848815917969 -1.3746216297149658
42.48393249511719 461.3616027832031 -1.3746216297149658
43.263607025146484 457.4383239746094 -1.3746216297149658
44.04328155517578 453.5150451660156 -1.3746216297149658
44.82295608520508 449.5917663574219 -1.3746216297149658
45.602630615234375 445.6684875488281 -1.3746216297149658
46.38230514526367 441.7452087402344 -1.3746216297149658
47.16197967529297 437.8219299316406 -1.3746216297149658
47.941654205322266 433.8986511230469 -1.3746216297149658
48.72132873535156 429.9753723144531 -1.3746216297149658
49.50100326538086 426.0520935058594 -1.3746216297149658
50.280677795410156 422.1288146972656 -1.3746216297149658
51.06035232543945 418.2055358886719 -1.3746216297149658
51.84002685546875 414.2822570800781 -1.3746216297149658
52.61970138549805 410.3589782714844 -1.3746216297149658
53.399375915527344 406.4356994628906 -1.3746216297149658
54.17905044555664 402.5124206542969 -1.3746216297149658
54.17905044555664 402.5124206542969 -0.9746216535568237
54.17905044555664 402.5124206542969 -0.5746216773986816
57.536643981933594 400.3383483886719 -0.5746216773986816
60.89423751831055 398.1642761230469 -0.5746216773986816
64.2518310546875 395.9902038574219 -0.5746216773986816
67.60942077636719 393.8161315917969 -0.5746216773986816
70.96701049804688 391.6420593261719 -0.5746216773986816
74.32460021972656 389.4679870605469 -0.5746216773986816
77.68218994140625 387.2939147949219 -0.5746216773986816
81.03977966308594 385.1198425292969 -0.5746216773986816
84.39736938476562 382.9457702636719 -0.5746216773986816
87.75495910644531 380.7716979980469 -0.5746216773986816
91.112548828125 378.5976257324219 -0.5746216773986816
94.47013854980469 376.4235534667969 -0.5746216773986816
97.82772827148438 374.2494812011719 -0.5746216773986816
101.18531799316406 372.0754089355469 -0.5746216773986816
104.54290771484375 369.9013366699219 -0.5746216773986816
104.54290771484375 369.9013366699219 -0.17462167143821716
104.54290771484375 369.9013366699219 0.22537833452224731
104.54290771484375 369.9013366699219 0.6253783702850342
107.78587341308594 372.2429504394531 0.6253783702850342
111.02883911132812 374.5845642089844 0.6253783702850342
114.27180480957031 376.9261779785156 0.6253783702850342
114.27180480957031 376.9261779785156 1.0253783464431763
116.34690856933594 380.3458251953125 1.0253783464431763
118.42201232910156 383.7654724121094 1.0253783464431763
120.49711608886719 387.18511962890625 1.0253783464431763
122.57221984863281 390.6047668457031 1.0253783464431763
124.64732360839844 394.0244140625 1.0253783464431763
126.72242736816406 397.4440612792969 1.0253783464431763
128.7975311279297 400.86370849609375 1.0253783464431763
130.8726348876953 404.2833557128906 1.0253783464431763
132.94773864746094 407.7030029296875 1.0253783464431763
132.94773864746094 407.7030029296875 1.4253783226013184
133.52735900878906 411.6607971191406 1.4253783226013184
134.1069793701172 415.61859130859375 1.4253783226013184
134.6865997314453 419.5763854980469 1.4253783226013184
135.26622009277344 423.5341796875 1.4253783226013184
135.84584045410156 427.4919738769531 1.4253783226013184
136.4254608154297 431.44976806640625 1.4253783226013184
137.0050811767578 435.4075622558594 1.4253783226013184
137.58470153808594 439.3653564453125 1.4253783226013184
137.58470153808594 439.3653564453125 1.8253782987594604
137.58470153808594 439.3653564453125 2.2253782749176025
137.58470153808594 439.3653564453125 2.625378370285034
137.58470153808594 439.3653564453125 3.025378465652466
137.58470153808594 439.3653564453125 -2.85780668258667
137.58470153808594 439.3653564453125 -2.4578065872192383
137.58470153808594 439.3653564453125 -2.0578064918518066
137.58470153808594 439.3653564453125 -1.6578065156936646
137.2371063232422 435.3804931640625 -1.6578065156936646
136.88951110839844 431.3956298828125 -1.6578065156936646
136.5419158935547 427.4107666015625 -1.6578065156936646
136.19432067871094 423.4259033203125 -1.6578065156936646
135.8467254638672 419.4410400390625 -1.6578065156936646
135.49913024902344 415.4561767578125 -1.6578065156936646
135.1515350341797 411.4713134765625 -1.6578065156936646
134.80393981933594 407.4864501953125 -1.6578065156936646
134.4563446044922 403.5015869140625 -1.6578065156936646
134.10874938964844 399.5167236328125 -1.6578065156936646
133.7611541748047 395.5318603515625 -1.6578065156936646
133.41355895996094 391.5469970703125 -1.6578065156936646
133.0659637451172 387.5621337890625 -1.6578065156936646
132.71836853027344 383.5772705078125 -1.6578065156936646
132.3707733154297 379.5924072265625 -1.6578065156936646
132.02317810058594 375.6075439453125 -1.6578065156936646
131.6755828857422 371.6226806640625 -1.6578065156936646
131.32798767089844 367.6378173828125 -1.6578065156936646
130.9803924560547 363.6529541015625 -1.6578065156936646
130.63279724121094 359.6680908203125 -1.6578065156936646
130.2852020263672 355.6832275390625 -1.6578065156936646
129.93760681152344 351.6983642578125 -1.6578065156936646
129.5900115966797 347.7135009765625 -1.6578065156936646
129.24241638183594 343.7286376953125 -1.6578065156936646
128.8948211669922 339.7437744140625 -1.6578065156936646
128.54722595214844 335.7589111328125 -1.6578065156936646
128.1996307373047 331.7740478515625 -1.6578065156936646
127.8520278930664 327.7891845703125 -1.6578065156936646
127.50442504882812 323.8043212890625 -1.6578065156936646
127.15682220458984 319.8194580078125 -1.6578065156936646
126.80921936035156 315.8345947265625 -1.6578065156936646
126.46161651611328 311.8497314453125 -1.6578065156936646
126.114013671875 307.8648681640625 -1.6578065156936646
125.76641082763672 303.8800048828125 -1.6578065156936646
125.41880798339844 299.8951416015625 -1.6578065156936646
125.07120513916016 295.9102783203125 -1.6578065156936646
124.72360229492188 291.9254150390625 -1.6578065156936646
124.3759994506836 287.9405517578125 -1.6578065156936646
124.02839660644531 283.9556884765625 -1.6578065156936646
123.68079376220703 279.9708251953125 -1.6578065156936646
123.33319091796875 275.9859619140625 -1.6578065156936646
122.98558807373047 272.0010986328125 -1.6578065156936646
122.63798522949219 268.0162353515625 -1.6578065156936646
122.2903823852539 264.0313720703125 -1.6578065156936646
121.94277954101562 260.0465087890625 -1.6578065156936646
121.59517669677734 256.0616455078125 -1.6578065156936646
121.24757385253906 252.0767822265625 -1.6578065156936646
120.89998626708984 248.09194946289062 -1.6578022241592407
120.89998626708984 248.09194946289062 -1.2578022480010986
122.13162231445312 244.28628540039062 -1.2578022480010986
122.13162231445312 244.28628540039062 -0.8578022718429565
122.13162231445312 244.28628540039062 -0.45780226588249207
122.13162231445312 244.28628540039062 -0.05780225992202759
122.13162231445312 244.28628540039062 0.3421977460384369
122.13162231445312 244.28628540039062 0.7421977519989014
122.13162231445312 244.28628540039062 1.1421977281570435
123.79400634765625 247.9244842529297 1.1421977281570435
125.45639038085938 251.56268310546875 1.1421977281570435
127.1187744140625 255.2008819580078 1.1421977281570435
128.78115844726562 258.8390808105469 1.1421977281570435
130.44354248046875 262.4772644042969 1.1421977281570435
132.10592651367188 266.1154479980469 1.1421977281570435
133.768310546875 269.7536315917969 1.1421977281570435
135.43069458007812 273.3918151855469 1.1421977281570435
137.09307861328125 277.0299987792969 1.1421977281570435
137.09307861328125 277.0299987792969 1.5421977043151855
137.20745849609375 281.0283508300781 1.5421977043151855
137.32183837890625 285.0267028808594 1.5421977043151855
137.43621826171875 289.0250549316406 1.5421977043151855
137.55059814453125 293.0234069824219 1.5421977043151855
137.66497802734375 297.0217590332031 1.5421977043151855
137.77935791015625 301.0201110839844 1.5421977043151855
137.89373779296875 305.0184631347656 1.5421977043151855
138.00811767578125 309.0168151855469 1.5421977043151855
138.12249755859375 313.0151672363281 1.5421977043151855
138.23687744140625 317.0135192871094 1.5421977043151855
138.35125732421875 321.0118713378906 1.5421977043151855
138.46563720703125 325.0102233886719 1.5421977043151855
138.58001708984375 329.0085754394531 1.5421977043151855
138.69439697265625 333.0069274902344 1.5421977043151855
138.80877685546875 337.0052795410156 1.5421977043151855
138.92315673828125 341.0036315917969 1.5421977043151855
139.03753662109375 345.0019836425781 1.5421977043151855
139.15191650390625 349.0003356933594 1.5421977043151855
139.26629638671875 352.9986877441406 1.5421977043151855
139.38067626953125 356.9970397949219 1.5421977043151855
139.49505615234375 360.9953918457031 1.5421977043151855
139.60943603515625 364.9937438964844 1.5421977043151855
139.72381591796875 368.9920959472656 1.5421977043151855
139.83819580078125 372.9904479980469 1.5421977043151855
139.95257568359375 376.9888000488281 1.5421977043151855
140.06695556640625 380.9871520996094 1.5421977043151855
140.18133544921875 384.9855041503906 1.5421977043151855
140.29571533203125 388.9838562011719 1.5421977043151855
140.41009521484375 392.9822082519531 1.5421977043151855
140.52447509765625 396.9805603027344 1.5421977043151855
140.63885498046875 400.9789123535156 1.5421977043151855
140.75323486328125 404.9772644042969 1.5421977043151855
140.86761474609375 408.9756164550781 1.5421977043151855
140.91477966308594 412.65924072265625 1.5737909078598022
140.90280151367188 416.6592102050781 1.5737909078598022
140.8908233642578 420.6591796875 1.5737909078598022
140.87884521484375 424.6591491699219 1.5737909078598022
140.8668670654297 428.65911865234375 1.5737909078598022
140.85488891601562 432.6590881347656 1.5737909078598022
140.85488891601562 432.6590881347656 1.9737908840179443
140.85488891601562 432.6590881347656 2.373790979385376
140.85488891601562 432.6590881347656 2.7737910747528076
140.85488891601562 432.6590881347656 -3.109394073486328
140.85488891601562 432.6590881347656 -2.7093939781188965
140.85488891601562 432.6590881347656 -2.309393882751465
140.85488891601562 432.6590881347656 -1.9093939065933228
140.85488891601562 432.6590881347656 -1.5093939304351807
141.100341796875 428.6666259765625 -1.5093939304351807
141.34579467773438 424.6741638183594 -1.5093939304351807
141.59124755859375 420.68170166015625 -1.5093939304351807
141.83670043945312 416.6892395019531 -1.5093939304351807
142.0821533203125 412.69677734375 -1.5093939304351807
142.32760620117188 408.7043151855469 -1.5093939304351807
142.57305908203125 404.71185302734375 -1.5093939304351807
142.81851196289062 400.7193908691406 -1.5093939304351807
143.06396484375 396.7269287109375 -1.5093939304351807
143.30941772460938 392.7344665527344 -1.5093939304351807
143.55487060546875 388.74200439453125 -1.5093939304351807
143.80032348632812 384.7495422363281 -1.5093939304351807
144.0457763671875 380.757080078125 -1.5093939304351807
144.29122924804688 376.7646179199219 -1.5093939304351807
144.53668212890625 372.77215576171875 -1.5093939304351807
144.78213500976562 368.7796936035156 -1.5093939304351807
145.027587890625 364.7872314453125 -1.5093939304351807
145.27304077148438 360.7947692871094 -1.5093939304351807
145.51849365234375 356.80230712890625 -1.5093939304351807
145.76394653320312 352.8098449707031 -1.5093939304351807
146.0093994140625 348.8173828125 -1.5093939304351807
146.25485229492188 344.8249206542969 -1.5093939304351807
146.50030517578125 340.83245849609375 -1.5093939304351807
146.74575805664062 336.8399963378906 -1.5093939304351807
146.9912109375 332.8475341796875 -1.5093939304351807
147.23666381835938 328.8550720214844 -1.5093939304351807
147.48211669921875 324.86260986328125 -1.5093939304351807
147.72756958007812 320.8701477050781 -1.5093939304351807
147.9730224609375 316.877685546875 -1.5093939304351807
148.21847534179688 312.8852233886719 -1.5093939304351807
148.46392822265625 308.89276123046875 -1.5093939304351807
148.70938110351562 304.9002990722656 -1.5093939304351807
148.954833984375 300.9078369140625 -1.5093939304351807
149.20028686523438 296.9153747558594 -1.5093939304351807
149.44573974609375 292.92291259765625 -1.5093939304351807
149.69119262695312 288.9304504394531 -1.5093939304351807
149.9366455078125 284.93798828125 -1.5093939304351807
150.18209838867188 280.9455261230469 -1.5093939304351807
150.42755126953125 276.95306396484375 -1.5093939304351807
150.67300415039062 272.9606018066406 -1.5093939304351807
150.91845703125 268.9681396484375 -1.5093939304351807
151.16390991210938 264.9756774902344 -1.5093939304351807
151.40936279296875 260.98321533203125 -1.5093939304351807
151.65481567382812 256.9907531738281 -1.5093939304351807
151.9002685546875 252.998291015625 -1.5093939304351807
152.14572143554688 249.00582885742188 -1.5093939304351807
152.39117431640625 245.01336669921875 -1.5093939304351807
152.63662719726562 241.02090454101562 -1.5093939304351807
152.63662719726562 241.02090454101562 -1.1093939542770386
152.63662719726562 241.02090454101562 -0.7093939781188965
152.63662719726562 241.02090454101562 -0.309393972158432
152.63662719726562 241.02090454101562 0.09060603380203247
152.63662719726562 241.02090454101562 0.49060603976249695
152.63662719726562 241.02090454101562 0.8906060457229614
152.63662719726562 241.02090454101562 1.2906060218811035
152.63662719726562 241.02090454101562 1.6906059980392456
152.63662719726562 241.02090454101562 2.0906059741973877
150.64976501464844 244.4925537109375 2.0906059741973877
148.66290283203125 247.96420288085938 2.0906059741973877
146.67604064941406 251.43585205078125 2.0906059741973877
144.68917846679688 254.90750122070312 2.0906059741973877
142.7023162841797 258.379150390625 2.0906059741973877
142.7023162841797 258.379150390625 2.4906060695648193
142.7023162841797 258.379150390625 2.890606164932251
142.7023162841797 258.379150390625 -2.9925789833068848
138.74664306640625 257.7853088378906 -2.9925789833068848
134.7909698486328 257.19146728515625 -2.9925789833068848
130.83529663085938 256.5976257324219 -2.9925789833068848
126.87962341308594 256.0037841796875 -2.9925789833068848
122.9239501953125 255.40992736816406 -2.9925789833068848
118.96827697753906 254.81607055664062 -2.9925789833068848
115.01260375976562 254.2222137451172 -2.9925789833068848
111.05693054199219 253.62835693359375 -2.9925789833068848
107.10125732421875 253.0345001220703 -2.9925789833068848
103.14558410644531 252.44064331054688 -2.9925789833068848
103.14558410644531 252.44064331054688 -2.592578887939453
99.73342895507812 250.35325622558594 -2.592578887939453
96.32127380371094 248.265869140625 -2.592578887939453
92.90911865234375 246.17848205566406 -2.592578887939453
89.49696350097656 244.09109497070312 -2.592578887939453
86.08480834960938 242.0037078857422 -2.592578887939453
82.67265319824219 239.91632080078125 -2.592578887939453
79.260498046875 237.8289337158203 -2.592578887939453
75.84834289550781 235.74154663085938 -2.592578887939453
75.84834289550781 235.74154663085938 -2.1925787925720215
73.51840209960938 232.49017333984375 -2.1925787925720215
71.18846130371094 229.23880004882812 -2.1925787925720215
68.8585205078125 225.9874267578125 -2.1925787925720215
66.52857971191406 222.73605346679688 -2.1925787925720215
64.19863891601562 219.48468017578125 -2.1925787925720215
61.86869812011719 216.23330688476562 -2.1925787925720215
59.53875732421875 212.98193359375 -2.1925787925720215
57.20881652832031 209.73056030273438 -2.1925787925720215
54.878875732421875 206.47918701171875 -2.1925787925720215
52.54893493652344 203.22781372070312 -2.1925787925720215
50.218994140625 199.9764404296875 -2.1925787925720215
47.88905334472656 196.72506713867188 -2.1925787925720215
45.559112548828125 193.47369384765625 -2.1925787925720215
43.22917175292969 190.22232055664062 -2.1925787925720215
40.89923095703125 186.970947265625 -2.1925787925720215
38.56929016113281 183.71957397460938 -2.1925787925720215
36.239349365234375 180.46820068359375 -2.1925787925720215
33.90940856933594 177.21682739257812 -2.1925787925720215
31.5794677734375 173.9654541015625 -2.1925787925720215
29.249526977539062 170.71408081054688 -2.1925787925720215
26.919586181640625 167.46270751953125 -2.1925787925720215
24.589645385742188 164.21133422851562 -2.1925787925720215
22.25970458984375 160.9599609375 -2.1925787925720215
19.929763793945312 157.70858764648438 -2.1925787925720215
17.599822998046875 154.45721435546875 -2.1925787925720215
17.599822998046875 154.45721435546875 -2.1925787925720215
17.599822998046875 154.45721435546875 -2.1925787925720215
17.599822998046875 154.45721435546875 -2.1925787925720215
17.599822998046875 154.45721435546875 -2.1925787925720215
17.599822998046875 154.45721435546875 -2.1925787925720215
17.599822998046875 154.45721435546875 -2.1925787925720215
17.599822998046875 154.45721435546875 -2.1925787925720215
17.599822998046875 154.45721435546875 -2.1925787925720215
17.599822998046875 154.45721435546875 -2.1925787925720215
17.599822998046875 154.45721435546875 -2.1925787925720215
