60.000003814697266 450.0 0.3853984475135803
60.00000762939453 450.0 -0.014601290225982666
60.0000114440918 450.0 -0.41460102796554565
60.00001525878906 450.0 -0.8146007657051086
60.00001525878906 450.0 -1.2146005630493164
60.00001525878906 450.0 -1.6146003007888794
59.82485580444336 446.00384521484375 -1.6146003007888794
59.649696350097656 442.0076904296875 -1.6146003007888794
59.47453689575195 438.01153564453125 -1.6146003007888794
59.29937744140625 434.015380859375 -1.6146003007888794
59.12421798706055 430.01922607421875 -1.6146003007888794
58.949058532714844 426.0230712890625 -1.6146003007888794
58.77389907836914 422.02691650390625 -1.6146003007888794
58.59873962402344 418.03076171875 -1.6146003007888794
58.423580169677734 414.03460693359375 -1.6146003007888794
58.24842071533203 410.0384521484375 -1.6146003007888794
58.07326126098633 406.04229736328125 -1.6146003007888794
57.898101806640625 402.046142578125 -1.6146003007888794
57.72294235229492 398.04998779296875 -1.6146003007888794
57.54778289794922 394.0538330078125 -1.6146003007888794
57.372623443603516 390.05767822265625 -1.6146003007888794
57.19746398925781 386.0615234375 -1.6146003007888794
57.02230453491211 382.06536865234375 -1.6146003007888794
56.847145080566406 378.0692138671875 -1.6146003007888794
56.6719856262207 374.07305908203125 -1.6146003007888794
56.6719856262207 374.07305908203125 -2.0146000385284424
54.95447540283203 370.4605712890625 -2.0146000385284424
53.23696517944336 366.84808349609375 -2.0146000385284424
51.51945495605469 363.235595703125 -2.0146000385284424
49.801944732666016 359.62310791015625 -2.0146000385284424
48.084434509277344 356.0106201171875 -2.0146000385284424
46.36692428588867 352.39813232421875 -2.0146000385284424
44.6494140625 348.78564453125 -2.0146000385284424
42.93190383911133 345.17315673828125 -2.0146000385284424
41.214393615722656 341.5606689453125 -2.0146000385284424
39.496883392333984 337.94818115234375 -2.0146000385284424
37.77937316894531 334.335693359375 -2.0146000385284424
36.06186294555664 330.72320556640625 -2.0146000385284424
34.34435272216797 327.1107177734375 -2.0146000385284424
32.6268424987793 323.49822998046875 -2.0146000385284424
30.909332275390625 319.8857421875 -2.0146000385284424
29.191822052001953 316.27325439453125 -2.0146000385284424
27.47431182861328 312.6607666015625 -2.0146000385284424
25.75680160522461 309.04827880859375 -2.0146000385284424
24.039291381835938 305.435791015625 -2.0146000385284424
22.321781158447266 301.82330322265625 -2.0146000385284424
20.604270935058594 298.2108154296875 -2.0146000385284424
18.886760711669922 294.59832763671875 -2.0146000385284424
17.16925048828125 290.98583984375 -2.0146000385284424
17.16925048828125 290.98583984375 -2.0146000385284424
17.16925048828125 290.98583984375 -2.015566349029541
17.16925048828125 290.98583984375 -2.0165326595306396
17.16925048828125 290.98583984375 -2.0174989700317383
17.16925048828125 290.98583984375 -2.018465280532837
17.16925048828125 290.98583984375 -2.0194315910339355
17.16925048828125 290.98583984375 -2.020397901535034
17.16925048828125 290.98583984375 -2.021364212036133
17.16925048828125 290.98583984375 -2.0223305225372314
17.16925048828125 290.98583984375 -2.02329683303833
