58.12141799926758 447.88739013671875 0.9025324583053589
56.502601623535156 445.5697326660156 1.0196666717529297
55.16573715209961 443.0787658691406 1.1368008852005005
54.12914276123047 440.4486389160156 1.2539350986480713
53.40702819824219 437.71539306640625 1.371069312095642
52.61342239379883 433.794921875 1.371069312095642
51.81981658935547 429.87445068359375 1.371069312095642
51.02621078491211 425.9539794921875 1.371069312095642
50.23260498046875 422.03350830078125 1.371069312095642
49.43899917602539 418.113037109375 1.371069312095642
48.64539337158203 414.19256591796875 1.371069312095642
47.85178756713867 410.2720947265625 1.371069312095642
47.05818176269531 406.35162353515625 1.371069312095642
46.26457595825195 402.43115234375 1.371069312095642
45.470970153808594 398.51068115234375 1.371069312095642
44.677364349365234 394.5902099609375 1.371069312095642
43.883758544921875 390.66973876953125 1.371069312095642
43.090152740478516 386.749267578125 1.371069312095642
42.296546936035156 382.82879638671875 1.371069312095642
41.5029411315918 378.9083251953125 1.371069312095642
40.70933532714844 374.98785400390625 1.371069312095642
39.91572952270508 371.0673828125 1.371069312095642
39.12212371826172 367.14691162109375 1.371069312095642
38.32851791381836 363.2264404296875 1.371069312095642
37.534912109375 359.30596923828125 1.371069312095642
36.74130630493164 355.385498046875 1.371069312095642
35.94770050048828 351.46502685546875 1.371069312095642
35.15409469604492 347.5445556640625 1.371069312095642
34.36048889160156 343.62408447265625 1.371069312095642
33.5668830871582 339.70361328125 1.371069312095642
32.773277282714844 335.78314208984375 1.371069312095642
31.97966957092285 331.8626708984375 1.371069312095642
31.18606185913086 327.94219970703125 1.371069312095642
30.392454147338867 324.021728515625 1.371069312095642
29.598846435546875 320.10125732421875 1.371069312095642
28.805238723754883 316.1807861328125 1.371069312095642
28.01163101196289 312.26031494140625 1.371069312095642
27.2180233001709 308.33984375 1.371069312095642
26.424415588378906 304.41937255859375 1.371069312095642
25.630807876586914 300.4989013671875 1.371069312095642
24.837200164794922 296.57843017578125 1.371069312095642
24.04359245300293 292.657958984375 1.371069312095642
23.249984741210938 288.73748779296875 1.371069312095642
22.456377029418945 284.8170166015625 1.371069312095642
21.662769317626953 280.89654541015625 1.371069312095642
20.86916160583496 276.97607421875 1.371069312095642
20.07555389404297 273.05560302734375 1.371069312095642
19.281946182250977 269.1351318359375 1.371069312095642
18.488338470458984 265.21466064453125 1.371069312095642
17.694730758666992 261.294189453125 1.371069312095642
17.694730758666992 261.294189453125 1.371069312095642
17.694730758666992 261.294189453125 1.371069312095642
17.694730758666992 261.294189453125 1.371069312095642
17.694730758666992 261.294189453125 1.371069312095642
17.694730758666992 261.294189453125 1.371069312095642
17.694730758666992 261.294189453125 1.371069312095642
17.694730758666992 261.294189453125 1.371069312095642
17.694730758666992 261.294189453125 1.371069312095642
17.694730758666992 261.294189453125 1.371069312095642
17.694730758666992 261.294189453125 1.371069312095642
