60.0 450.0 1.1853982210159302
60.0 450.0 1.5853981971740723
59.878196716308594 453.6164245605469 1.6235300302505493
59.66733169555664 457.6106872558594 1.623547911643982
59.456424713134766 461.6051330566406 1.623547911643982
59.24551773071289 465.5995788574219 1.623547911643982
59.034610748291016 469.5940246582031 1.623547911643982
58.82370376586914 473.5884704589844 1.623547911643982
58.612796783447266 477.5829162597656 1.623547911643982
58.40188980102539 481.5773620605469 1.623547911643982
58.190982818603516 485.5718078613281 1.623547911643982
57.98007583618164 489.5662536621094 1.623547911643982
57.769168853759766 493.5606994628906 1.623547911643982
57.769168853759766 493.5606994628906 2.023547887802124
56.01940155029297 497.1576843261719 2.023547887802124
54.26963424682617 500.7546691894531 2.023547887802124
52.519866943359375 504.3516540527344 2.023547887802124
50.77009963989258 507.9486389160156 2.023547887802124
49.02033233642578 511.5456237792969 2.023547887802124
47.270565032958984 515.1426391601562 2.023547887802124
45.52079772949219 518.7396240234375 2.023547887802124
43.77103042602539 522.3366088867188 2.023547887802124
42.021263122558594 525.93359375 2.023547887802124
40.2714958190918 529.5305786132812 2.023547887802124
38.521728515625 533.1275634765625 2.023547887802124
36.7719612121582 536.7245483398438 2.023547887802124
35.022193908691406 540.321533203125 2.023547887802124
33.27242660522461 543.9185180664062 2.023547887802124
31.522661209106445 547.5155029296875 2.023547887802124
29.77289581298828 551.1124877929688 2.023547887802124
28.023130416870117 554.70947265625 2.023547887802124
26.273365020751953 558.3064575195312 2.023547887802124
24.52359962463379 561.9034423828125 2.023547887802124
22.773834228515625 565.5004272460938 2.023547887802124
22.773834228515625 565.5004272460938 2.4235479831695557
22.773834228515625 565.5004272460938 2.8235480785369873
22.773834228515625 565.5004272460938 -3.0596370697021484
22.773834228515625 565.5004272460938 -2.659636974334717
22.773834228515625 565.5004272460938 -2.259636878967285
22.773834228515625 565.5004272460938 -1.859636902809143
22.773834228515625 565.5004272460938 -1.459636926651001
22.773834228515625 565.5004272460938 -1.0596369504928589
24.730588912963867 562.01171875 -1.0596369504928589
26.68734359741211 558.5230102539062 -1.0596369504928589
28.64409828186035 555.0343017578125 -1.0596369504928589
30.600852966308594 551.5455932617188 -1.0596369504928589
32.55760955810547 548.056884765625 -1.0596369504928589
34.514366149902344 544.5681762695312 -1.0596369504928589
34.514366149902344 544.5681762695312 -0.6596369743347168
34.514366149902344 544.5681762695312 -0.2596369683742523
34.514366149902344 544.5681762695312 0.14036303758621216
38.47502899169922 545.1278076171875 0.14036303758621216
42.435691833496094 545.6874389648438 0.14036303758621216
46.39635467529297 546.2470703125 0.14036303758621216
50.357017517089844 546.8067016601562 0.14036303758621216
54.31768035888672 547.3663330078125 0.14036303758621216
58.278343200683594 547.9259643554688 0.14036303758621216
62.23900604248047 548.485595703125 0.14036303758621216
66.19966888427734 549.0452270507812 0.14036303758621216
70.16033172607422 549.6048583984375 0.14036303758621216
74.1209945678711 550.1644897460938 0.14036303758621216
78.08165740966797 550.72412109375 0.14036303758621216
82.04232025146484 551.2837524414062 0.14036303758621216
86.00298309326172 551.8433837890625 0.14036303758621216
89.9636459350586 552.4030151367188 0.14036303758621216
93.92430877685547 552.962646484375 0.14036303758621216
97.88497161865234 553.5222778320312 0.14036303758621216
101.84563446044922 554.0819091796875 0.14036303758621216
105.8062973022461 554.6415405273438 0.14036303758621216
109.76696014404297 555.201171875 0.14036303758621216
113.72762298583984 555.7608032226562 0.14036303758621216
117.68828582763672 556.3204345703125 0.14036303758621216
121.6489486694336 556.8800659179688 0.14036303758621216
125.60961151123047 557.439697265625 0.14036303758621216
129.5702667236328 557.9993286132812 0.14036303758621216
129.5702667236328 557.9993286132812 0.540363073348999
129.5702667236328 557.9993286132812 0.9403630495071411
129.5702667236328 557.9993286132812 1.3403630256652832
129.5702667236328 557.9993286132812 1.7403630018234253
129.5702667236328 557.9993286132812 2.1403629779815674
129.5702667236328 557.9993286132812 2.540363073348999
129.5702667236328 557.9993286132812 2.9403631687164307
125.6509780883789 558.798828125 2.9403631687164307
121.731689453125 559.5983276367188 2.9403631687164307
117.8124008178711 560.3978271484375 2.9403631687164307
113.89311218261719 561.1973266601562 2.9403631687164307
113.64368438720703 561.2007446289062 -2.967913866043091
109.70386505126953 560.509521484375 -2.967913866043091
105.76404571533203 559.8182983398438 -2.967913866043091
101.82422637939453 559.1270751953125 -2.967913866043091
97.88440704345703 558.4358520507812 -2.967913866043091
93.94458770751953 557.74462890625 -2.967913866043091
90.00476837158203 557.0534057617188 -2.967913866043091
86.06494903564453 556.3621826171875 -2.967913866043091
82.12512969970703 555.6709594726562 -2.967913866043091
78.18531036376953 554.979736328125 -2.967913866043091
74.24549102783203 554.2885131835938 -2.967913866043091
70.30567169189453 553.5972900390625 -2.967913866043091
70.30567169189453 553.5972900390625 -2.567913770675659
66.94602966308594 551.4263916015625 -2.567913770675659
63.586387634277344 549.2554931640625 -2.567913770675659
60.22674560546875 547.0845947265625 -2.567913770675659
60.22674560546875 547.0845947265625 -2.1679136753082275
57.97770309448242 543.7767333984375 -2.1679136753082275
55.728660583496094 540.4688720703125 -2.1679136753082275
53.479618072509766 537.1610107421875 -2.1679136753082275
51.23057556152344 533.8531494140625 -2.1679136753082275
51.23057556152344 533.8531494140625 -1.7679136991500854
50.447200775146484 529.9306030273438 -1.7679136991500854
49.66382598876953 526.008056640625 -1.7679136991500854
48.88045120239258 522.0855102539062 -1.7679136991500854
48.097076416015625 518.1629638671875 -1.7679136991500854
47.31370162963867 514.2404174804688 -1.7679136991500854
46.53032684326172 510.31787109375 -1.7679136991500854
45.746952056884766 506.39532470703125 -1.7679136991500854
44.96357727050781 502.4727783203125 -1.7679136991500854
44.18020248413086 498.55023193359375 -1.7679136991500854
43.396827697753906 494.627685546875 -1.7679136991500854
42.61345291137695 490.70513916015625 -1.7679136991500854
41.830078125 486.7825927734375 -1.7679136991500854
41.04670333862305 482.86004638671875 -1.7679136991500854
40.263328552246094 478.9375 -1.7679136991500854
39.47995376586914 475.01495361328125 -1.7679136991500854
38.69657897949219 471.0924072265625 -1.7679136991500854
37.913204193115234 467.16986083984375 -1.7679136991500854
37.12982940673828 463.247314453125 -1.7679136991500854
36.34645462036133 459.32476806640625 -1.7679136991500854
35.563079833984375 455.4022216796875 -1.7679136991500854
34.77970504760742 451.47967529296875 -1.7679136991500854
34.77974319458008 451.4578857421875 -1.3701074123382568
35.57712173461914 447.5381774902344 -1.3701074123382568
36.3745002746582 443.61846923828125 -1.3701074123382568
37.171878814697266 439.6987609863281 -1.3701074123382568
37.96925735473633 435.779052734375 -1.3701074123382568
38.76663589477539 431.8593444824219 -1.3701074123382568
39.56401443481445 427.93963623046875 -1.3701074123382568
40.361392974853516 424.0199279785156 -1.3701074123382568
41.15877151489258 420.1002197265625 -1.3701074123382568
41.95615005493164 416.1805114746094 -1.3701074123382568
42.7535285949707 412.26080322265625 -1.3701074123382568
43.550907135009766 408.3410949707031 -1.3701074123382568
44.34828567504883 404.42138671875 -1.3701074123382568
45.14566421508789 400.5016784667969 -1.3701074123382568
45.94304275512695 396.58197021484375 -1.3701074123382568
46.740421295166016 392.6622619628906 -1.3701074123382568
47.53779983520508 388.7425537109375 -1.3701074123382568
48.33517837524414 384.8228454589844 -1.3701074123382568
49.1325569152832 380.90313720703125 -1.3701074123382568
49.929935455322266 376.9834289550781 -1.3701074123382568
49.929935455322266 376.9834289550781 -0.9701074361801147
49.929935455322266 376.9834289550781 -0.5701074600219727
49.929935455322266 376.9834289550781 -0.17010745406150818
53.87220001220703 376.3062744140625 -0.17010745406150818
57.8144645690918 375.6291198730469 -0.17010745406150818
61.75672912597656 374.95196533203125 -0.17010745406150818
65.6989974975586 374.2748107910156 -0.17010745406150818
69.64126586914062 373.59765625 -0.17010745406150818
73.58353424072266 372.9205017089844 -0.17010745406150818
77.52580261230469 372.24334716796875 -0.17010745406150818
77.52580261230469 372.24334716796875 0.2298925518989563
77.52580261230469 372.24334716796875 0.6298925876617432
80.75816345214844 374.5995788574219 0.6298925876617432
83.99052429199219 376.955810546875 0.6298925876617432
87.22288513183594 379.3120422363281 0.6298925876617432
90.45524597167969 381.66827392578125 0.6298925876617432
93.68760681152344 384.0245056152344 0.6298925876617432
96.91996765136719 386.3807373046875 0.6298925876617432
100.15232849121094 388.7369689941406 0.6298925876617432
103.38468933105469 391.09320068359375 0.6298925876617432
106.61705017089844 393.4494323730469 0.6298925876617432
109.84941101074219 395.8056640625 0.6298925876617432
113.08177185058594 398.1618957519531 0.6298925876617432
116.31413269042969 400.51812744140625 0.6298925876617432
116.31413269042969 400.51812744140625 1.0298925638198853
118.373779296875 403.9471130371094 1.0298925638198853
120.43342590332031 407.3760986328125 1.0298925638198853
122.49307250976562 410.8050842285156 1.0298925638198853
124.55271911621094 414.23406982421875 1.0298925638198853
126.61236572265625 417.6630554199219 1.0298925638198853
128.67201232910156 421.092041015625 1.0298925638198853
130.73165893554688 424.5210266113281 1.0298925638198853
132.7913055419922 427.95001220703125 1.0298925638198853
134.8509521484375 431.3789978027344 1.0298925638198853
134.8509521484375 431.3789978027344 1.4298925399780273
135.41270446777344 435.33935546875 1.4298925399780273
135.41270446777344 435.33935546875 1.8298925161361694
135.41270446777344 435.33935546875 2.2298924922943115
135.41270446777344 435.33935546875 2.629892587661743
135.41270446777344 435.33935546875 3.029892683029175
135.41270446777344 435.33935546875 -2.853292465209961
135.41270446777344 435.33935546875 -2.4532923698425293
135.41270446777344 435.33935546875 -2.0532922744750977
135.41270446777344 435.33935546875 -1.6532922983169556
135.08309936523438 431.35296630859375 -1.6532922983169556
134.7534942626953 427.3665771484375 -1.6532922983169556
134.42388916015625 423.38018798828125 -1.6532922983169556
134.0942840576172 419.393798828125 -1.6532922983169556
133.76467895507812 415.40740966796875 -1.6532922983169556
133.43507385253906 411.4210205078125 -1.6532922983169556
133.10546875 407.43463134765625 -1.6532922983169556
132.77586364746094 403.4482421875 -1.6532922983169556
132.44625854492188 399.46185302734375 -1.6532922983169556
132.1166534423828 395.4754638671875 -1.6532922983169556
131.78704833984375 391.48907470703125 -1.6532922983169556
131.4574432373047 387.502685546875 -1.6532922983169556
131.12783813476562 383.51629638671875 -1.6532922983169556
130.79823303222656 379.5299072265625 -1.6532922983169556
130.4686279296875 375.54351806640625 -1.6532922983169556
130.13902282714844 371.55712890625 -1.6532922983169556
129.80941772460938 367.57073974609375 -1.6532922983169556
129.4798126220703 363.5843505859375 -1.6532922983169556
129.15020751953125 359.59796142578125 -1.6532922983169556
128.8206024169922 355.611572265625 -1.6532922983169556
128.49099731445312 351.62518310546875 -1.6532922983169556
128.16139221191406 347.6387939453125 -1.6532922983169556
127.83177947998047 343.65240478515625 -1.6532922983169556
127.50216674804688 339.666015625 -1.6532922983169556
127.17255401611328 335.67962646484375 -1.6532922983169556
126.84294128417969 331.6932373046875 -1.6532922983169556
126.5133285522461 327.70684814453125 -1.6532922983169556
126.1837158203125 323.720458984375 -1.6532922983169556
125.8541030883789 319.73406982421875 -1.6532922983169556
125.52449035644531 315.7476806640625 -1.6532922983169556
125.19487762451172 311.76129150390625 -1.6532922983169556
124.86526489257812 307.77490234375 -1.6532922983169556
124.53565216064453 303.78851318359375 -1.6532922983169556
124.20603942871094 299.8021240234375 -1.6532922983169556
123.87642669677734 295.81573486328125 -1.6532922983169556
123.54681396484375 291.829345703125 -1.6532922983169556
123.21720123291016 287.84295654296875 -1.6532922983169556
122.88758850097656 283.8565673828125 -1.6532922983169556
122.55797576904297 279.87017822265625 -1.6532922983169556
122.22836303710938 275.8837890625 -1.6532922983169556
121.89875030517578 271.89739990234375 -1.6532922983169556
121.56913757324219 267.9110107421875 -1.6532922983169556
121.2395248413086 263.92462158203125 -1.6532922983169556
120.909912109375 259.938232421875 -1.6532922983169556
120.5802993774414 255.95184326171875 -1.6532922983169556
120.25068664550781 251.9654541015625 -1.6532922983169556
119.92107391357422 247.97906494140625 -1.6532922983169556
119.92107391357422 247.97906494140625 -1.2532923221588135
121.16986083984375 244.1790008544922 -1.2532923221588135
121.16986083984375 244.1790008544922 -0.8532923460006714
121.16986083984375 244.1790008544922 -0.4532923400402069
121.16986083984375 244.1790008544922 -0.05329233407974243
121.16986083984375 244.1790008544922 0.34670767188072205
121.16986083984375 244.1790008544922 0.7467076778411865
121.16986083984375 244.1790008544922 1.1467076539993286
122.8158187866211 247.8246612548828 1.1467076539993286
124.46177673339844 251.47032165527344 1.1467076539993286
126.10773468017578 255.11598205566406 1.1467076539993286
127.75369262695312 258.7616271972656 1.1467076539993286
129.399658203125 262.40728759765625 1.1467076539993286
131.04562377929688 266.0529479980469 1.1467076539993286
132.69158935546875 269.6986083984375 1.1467076539993286
134.33755493164062 273.3442687988281 1.1467076539993286
135.9835205078125 276.98992919921875 1.1467076539993286
135.9835205078125 276.98992919921875 1.5467076301574707
136.07986450195312 280.98876953125 1.5467076301574707
136.17620849609375 284.98760986328125 1.5467076301574707
136.27255249023438 288.9864501953125 1.5467076301574707
136.368896484375 292.98529052734375 1.5467076301574707
136.46524047851562 296.984130859375 1.5467076301574707
136.56158447265625 300.98297119140625 1.5467076301574707
136.65792846679688 304.9818115234375 1.5467076301574707
136.7542724609375 308.98065185546875 1.5467076301574707
136.85061645507812 312.9794921875 1.5467076301574707
136.94696044921875 316.97833251953125 1.5467076301574707
137.04330444335938 320.9771728515625 1.5467076301574707
137.1396484375 324.97601318359375 1.5467076301574707
137.23599243164062 328.974853515625 1.5467076301574707
137.33233642578125 332.97369384765625 1.5467076301574707
137.42868041992188 336.9725341796875 1.5467076301574707
137.5250244140625 340.97137451171875 1.5467076301574707
137.62136840820312 344.97021484375 1.5467076301574707
137.71771240234375 348.96905517578125 1.5467076301574707
137.81405639648438 352.9678955078125 1.5467076301574707
137.910400390625 356.96673583984375 1.5467076301574707
138.00674438476562 360.965576171875 1.5467076301574707
138.10308837890625 364.96441650390625 1.5467076301574707
138.19943237304688 368.9632568359375 1.5467076301574707
138.2957763671875 372.96209716796875 1.5467076301574707
138.39212036132812 376.9609375 1.5467076301574707
138.48846435546875 380.95977783203125 1.5467076301574707
138.58480834960938 384.9586181640625 1.5467076301574707
138.68115234375 388.95745849609375 1.5467076301574707
138.77749633789062 392.956298828125 1.5467076301574707
138.87384033203125 396.95513916015625 1.5467076301574707
138.97018432617188 400.9539794921875 1.5467076301574707
139.0665283203125 404.95281982421875 1.5467076301574707
139.16287231445312 408.95166015625 1.5467076301574707
139.25921630859375 412.95050048828125 1.5467076301574707
139.35556030273438 416.9493408203125 1.5467076301574707
139.451904296875 420.94818115234375 1.5467076301574707
139.54824829101562 424.947021484375 1.5467076301574707
139.64459228515625 428.94586181640625 1.5467076301574707
139.74093627929688 432.9447021484375 1.5467076301574707
139.8372802734375 436.94354248046875 1.5467076301574707
139.8372802734375 436.94354248046875 1.9467076063156128
139.8372802734375 436.94354248046875 2.346707582473755
139.8372802734375 436.94354248046875 2.7467076778411865
139.8372802734375 436.94354248046875 -3.136477470397949
139.8372802734375 436.94354248046875 -2.7364773750305176
139.8372802734375 436.94354248046875 -2.336477279663086
139.8372802734375 436.94354248046875 -1.9364773035049438
139.8372802734375 436.94354248046875 -1.5364773273468018
139.9745330810547 432.9458923339844 -1.5364773273468018
140.11178588867188 428.9482421875 -1.5364773273468018
140.24903869628906 424.9505920410156 -1.5364773273468018
140.38629150390625 420.95294189453125 -1.5364773273468018
140.52354431152344 416.9552917480469 -1.5364773273468018
140.66079711914062 412.9576416015625 -1.5364773273468018
140.7980499267578 408.9599914550781 -1.5364773273468018
140.935302734375 404.96234130859375 -1.5364773273468018
141.0725555419922 400.9646911621094 -1.5364773273468018
141.20980834960938 396.967041015625 -1.5364773273468018
141.34706115722656 392.9693908691406 -1.5364773273468018
141.48431396484375 388.97174072265625 -1.5364773273468018
141.62156677246094 384.9740905761719 -1.5364773273468018
141.75881958007812 380.9764404296875 -1.5364773273468018
141.8960723876953 376.9787902832031 -1.5364773273468018
142.0333251953125 372.98114013671875 -1.5364773273468018
142.1705780029297 368.9834899902344 -1.5364773273468018
142.30783081054688 364.98583984375 -1.5364773273468018
142.44508361816406 360.9881896972656 -1.5364773273468018
142.58233642578125 356.99053955078125 -1.5364773273468018
142.71958923339844 352.9928894042969 -1.5364773273468018
142.85684204101562 348.9952392578125 -1.5364773273468018
142.9940948486328 344.9975891113281 -1.5364773273468018
143.13134765625 340.99993896484375 -1.5364773273468018
143.2686004638672 337.0022888183594 -1.5364773273468018
143.40585327148438 333.004638671875 -1.5364773273468018
143.54310607910156 329.0069885253906 -1.5364773273468018
143.68035888671875 325.00933837890625 -1.5364773273468018
143.81761169433594 321.0116882324219 -1.5364773273468018
143.95486450195312 317.0140380859375 -1.5364773273468018
144.0921173095703 313.0163879394531 -1.5364773273468018
144.2293701171875 309.01873779296875 -1.5364773273468018
144.3666229248047 305.0210876464844 -1.5364773273468018
144.50387573242188 301.0234375 -1.5364773273468018
144.64112854003906 297.0257873535156 -1.5364773273468018
144.77838134765625 293.02813720703125 -1.5364773273468018
144.91563415527344 289.0304870605469 -1.5364773273468018
145.05288696289062 285.0328369140625 -1.5364773273468018
145.1901397705078 281.0351867675781 -1.5364773273468018
145.327392578125 277.03753662109375 -1.5364773273468018
145.4646453857422 273.0398864746094 -1.5364773273468018
145.60189819335938 269.042236328125 -1.5364773273468018
145.73915100097656 265.0445861816406 -1.5364773273468018
145.87640380859375 261.04693603515625 -1.5364773273468018
146.01365661621094 257.0492858886719 -1.5364773273468018
146.15090942382812 253.0516357421875 -1.5364773273468018
146.2881622314453 249.05398559570312 -1.5364773273468018
146.4254150390625 245.05633544921875 -1.5364773273468018
146.4254150390625 245.05633544921875 -1.1364773511886597
146.4254150390625 245.05633544921875 -0.7364773750305176
146.4254150390625 245.05633544921875 -0.3364773690700531
146.4254150390625 245.05633544921875 0.06352263689041138
146.4254150390625 245.05633544921875 0.46352264285087585
146.4254150390625 245.05633544921875 0.8635226488113403
146.4254150390625 245.05633544921875 1.2635226249694824
146.4254150390625 245.05633544921875 1.6635226011276245
146.05503845214844 249.03915405273438 1.6635226011276245
145.68466186523438 253.02197265625 1.6635226011276245
145.3142852783203 257.0047912597656 1.6635226011276245
144.94390869140625 260.98760986328125 1.6635226011276245
144.5735321044922 264.9704284667969 1.6635226011276245
144.20315551757812 268.9532470703125 1.6635226011276245
143.83277893066406 272.9360656738281 1.6635226011276245
143.46240234375 276.91888427734375 1.6635226011276245
143.09202575683594 280.9017028808594 1.6635226011276245
142.72164916992188 284.884521484375 1.6635226011276245
142.3512725830078 288.8673400878906 1.6635226011276245
141.98089599609375 292.85015869140625 1.6635226011276245
141.6105194091797 296.8329772949219 1.6635226011276245
141.24014282226562 300.8157958984375 1.6635226011276245
140.86976623535156 304.7986145019531 1.6635226011276245
140.4993896484375 308.78143310546875 1.6635226011276245
140.12901306152344 312.7642517089844 1.6635226011276245
139.75863647460938 316.7470703125 1.6635226011276245
139.3882598876953 320.7298889160156 1.6635226011276245
139.01788330078125 324.71270751953125 1.6635226011276245
138.6475067138672 328.6955261230469 1.6635226011276245
138.27713012695312 332.6783447265625 1.6635226011276245
137.90675354003906 336.6611633300781 1.6635226011276245
137.536376953125 340.64398193359375 1.6635226011276245
137.16600036621094 344.6268005371094 1.6635226011276245
136.79562377929688 348.609619140625 1.6635226011276245
136.4252471923828 352.5924377441406 1.6635226011276245
136.05487060546875 356.57525634765625 1.6635226011276245
135.6844940185547 360.5580749511719 1.6635226011276245
135.31411743164062 364.5408935546875 1.6635226011276245
134.94374084472656 368.5237121582031 1.6635226011276245
134.5733642578125 372.50653076171875 1.6635226011276245
134.20298767089844 376.4893493652344 1.6635226011276245
133.83261108398438 380.47216796875 1.6635226011276245
133.4622344970703 384.4549865722656 1.6635226011276245
133.09185791015625 388.43780517578125 1.6635226011276245
132.7214813232422 392.4206237792969 1.6635226011276245
132.35110473632812 396.4034423828125 1.6635226011276245
131.98072814941406 400.3862609863281 1.6635226011276245
131.6103515625 404.36907958984375 1.6635226011276245
131.23997497558594 408.3518981933594 1.6635226011276245
130.86959838867188 412.334716796875 1.6635226011276245
130.4992218017578 416.3175354003906 1.6635226011276245
130.4992218017578 416.3175354003906 2.0635225772857666
130.4992218017578 416.3175354003906 2.4635226726531982
130.4992218017578 416.3175354003906 2.86352276802063
130.4992218017578 416.3175354003906 -3.019662380218506
130.4992218017578 416.3175354003906 -2.619662284851074
130.4992218017578 416.3175354003906 -2.2196621894836426
130.4992218017578 416.3175354003906 -1.8196622133255005
129.51400756835938 412.4407653808594 -1.8196622133255005
129.51400756835938 412.44073486328125 -1.419665813446045
130.11622619628906 408.486328125 -1.419665813446045
130.71844482421875 404.53192138671875 -1.419665813446045
131.32066345214844 400.5775146484375 -1.419665813446045
131.92288208007812 396.62310791015625 -1.419665813446045
132.5251007080078 392.668701171875 -1.419665813446045
133.1273193359375 388.71429443359375 -1.419665813446045
133.7295379638672 384.7598876953125 -1.419665813446045
134.33175659179688 380.80548095703125 -1.419665813446045
134.93397521972656 376.85107421875 -1.419665813446045
135.53619384765625 372.89666748046875 -1.419665813446045
136.13841247558594 368.9422607421875 -1.419665813446045
136.74063110351562 364.98785400390625 -1.419665813446045
137.3428497314453 361.033447265625 -1.419665813446045
137.945068359375 357.07904052734375 -1.419665813446045
138.5472869873047 353.1246337890625 -1.419665813446045
139.14950561523438 349.17022705078125 -1.419665813446045
139.75172424316406 345.2158203125 -1.419665813446045
140.35394287109375 341.26141357421875 -1.419665813446045
140.95616149902344 337.3070068359375 -1.419665813446045
141.55838012695312 333.35260009765625 -1.419665813446045
142.1605987548828 329.398193359375 -1.419665813446045
142.7628173828125 325.44378662109375 -1.419665813446045
143.3650360107422 321.4893798828125 -1.419665813446045
143.96725463867188 317.53497314453125 -1.419665813446045
144.56947326660156 313.58056640625 -1.419665813446045
145.17169189453125 309.62615966796875 -1.419665813446045
145.77391052246094 305.6717529296875 -1.419665813446045
146.37612915039062 301.71734619140625 -1.419665813446045
146.9783477783203 297.762939453125 -1.419665813446045
147.58056640625 293.80853271484375 -1.419665813446045
148.1827850341797 289.8541259765625 -1.419665813446045
148.78500366210938 285.89971923828125 -1.419665813446045
149.38722229003906 281.9453125 -1.419665813446045
149.98944091796875 277.99090576171875 -1.419665813446045
150.59165954589844 274.0364990234375 -1.419665813446045
151.19387817382812 270.08209228515625 -1.419665813446045
151.7960968017578 266.127685546875 -1.419665813446045
152.3983154296875 262.17327880859375 -1.419665813446045
153.0005340576172 258.2188720703125 -1.419665813446045
153.60275268554688 254.26446533203125 -1.419665813446045
154.20497131347656 250.31005859375 -1.419665813446045
154.80718994140625 246.35565185546875 -1.419665813446045
154.80718994140625 246.35565185546875 -1.0196658372879028
154.80718994140625 246.35565185546875 -0.6196658611297607
154.80718994140625 246.35565185546875 -0.21966585516929626
154.80718994140625 246.35565185546875 0.1803341507911682
154.80718994140625 246.35565185546875 0.5803341865539551
154.80718994140625 246.35565185546875 0.9803341627120972
154.80718994140625 246.35565185546875 1.3803341388702393
154.80718994140625 246.35565185546875 1.7803341150283813
154.80718994140625 246.35565185546875 2.1803340911865234
152.51724243164062 249.6352996826172 2.1803340911865234
150.227294921875 252.91494750976562 2.1803340911865234
150.227294921875 252.91494750976562 2.580334186553955
150.227294921875 252.91494750976562 2.9803342819213867
146.27919006347656 253.55718994140625 2.9803342819213867
142.33108520507812 254.19943237304688 2.9803342819213867
138.3829803466797 254.8416748046875 2.9803342819213867
134.43487548828125 255.48391723632812 2.9803342819213867
130.4867706298828 256.12615966796875 2.9803342819213867
126.53866577148438 256.7684020996094 2.9803342819213867
122.59056091308594 257.41064453125 2.9803342819213867
118.6424560546875 258.0528869628906 2.9803342819213867
114.69435119628906 258.69512939453125 2.9803342819213867
114.69435119628906 258.69512939453125 -2.902850866317749
110.80780792236328 257.74920654296875 -2.902850866317749
106.9212646484375 256.80328369140625 -2.902850866317749
103.03472137451172 255.85736083984375 -2.902850866317749
103.03472137451172 255.85736083984375 -2.5028507709503174
99.82333374023438 253.4726104736328 -2.5028507709503174
96.61194610595703 251.08786010742188 -2.5028507709503174
93.40055847167969 248.70310974121094 -2.5028507709503174
90.18917083740234 246.318359375 -2.5028507709503174
86.977783203125 243.93360900878906 -2.5028507709503174
83.76639556884766 241.54885864257812 -2.5028507709503174
80.55500793457031 239.1641082763672 -2.5028507709503174
77.34362030029297 236.77935791015625 -2.5028507709503174
74.13223266601562 234.3946075439453 -2.5028507709503174
70.92084503173828 232.00985717773438 -2.5028507709503174
67.70945739746094 229.62510681152344 -2.5028507709503174
64.4980697631836 227.2403564453125 -2.5028507709503174
61.28668212890625 224.85560607910156 -2.5028507709503174
58.075294494628906 222.47085571289062 -2.5028507709503174
58.075294494628906 222.47085571289062 -2.1028506755828857
56.04607391357422 219.02378845214844 -2.1028506755828857
54.01685333251953 215.57672119140625 -2.1028506755828857
51.987632751464844 212.12965393066406 -2.1028506755828857
49.958412170410156 208.68258666992188 -2.1028506755828857
47.92919158935547 205.2355194091797 -2.1028506755828857
45.89997100830078 201.7884521484375 -2.1028506755828857
43.870750427246094 198.3413848876953 -2.1028506755828857
41.841529846191406 194.89431762695312 -2.1028506755828857
39.81230926513672 191.44725036621094 -2.1028506755828857
37.78308868408203 188.00018310546875 -2.1028506755828857
35.753868103027344 184.55311584472656 -2.1028506755828857
33.724647521972656 181.10604858398438 -2.1028506755828857
31.6954288482666 177.6589813232422 -2.1028506755828857
29.666210174560547 174.2119140625 -2.1028506755828857
27.636991500854492 170.7648468017578 -2.1028506755828857
25.607772827148438 167.31777954101562 -2.1028506755828857
23.578554153442383 163.87071228027344 -2.1028506755828857
21.549335479736328 160.42364501953125 -2.1028506755828857
19.520116806030273 156.97657775878906 -2.1028506755828857
17.49089813232422 153.52951049804688 -2.1028506755828857
17.49089813232422 153.52951049804688 -2.1028506755828857
17.49089813232422 153.52951049804688 -2.1028506755828857
17.49089813232422 153.52951049804688 -2.1028506755828857
17.49089813232422 153.52951049804688 -2.1028506755828857
17.49089813232422 153.52951049804688 -2.1028506755828857
17.49089813232422 153.52951049804688 -2.1028506755828857
17.49089813232422 153.52951049804688 -2.1028506755828857
17.49089813232422 153.52951049804688 -2.1028506755828857
17.49089813232422 153.52951049804688 -2.1028506755828857
17.49089813232422 153.52951049804688 -2.1028506755828857
