60.0 450.0 1.1853982210159302
60.0 450.0 1.5853981971740723
59.90101623535156 453.76495361328125 1.6087628602981567
59.748897552490234 457.7602844238281 1.608940601348877
59.596336364746094 461.75726318359375 1.608952522277832
59.43355178833008 465.6895446777344 1.615386962890625
59.25517654418945 469.68511962890625 1.6154329776763916
59.07667922973633 473.6810607910156 1.6154406070709229
58.898155212402344 477.6770324707031 1.6154451370239258
58.71959686279297 481.6728820800781 1.6154602766036987
58.540992736816406 485.6688232421875 1.615465760231018
58.362369537353516 489.664794921875 1.6154698133468628
58.18373107910156 493.6607666015625 1.6154735088348389
58.18373107910156 493.6607666015625 2.0154736042022705
56.46307373046875 497.271728515625 2.015477180480957
54.74240493774414 500.8826904296875 2.0154807567596436
53.02172088623047 504.49365234375 2.01548433303833
51.301025390625 508.1045837402344 2.0154879093170166
49.58031463623047 511.71551513671875 2.015491485595703
47.85959243774414 515.3264770507812 2.0154950618743896
46.138858795166016 518.9373779296875 2.015498638153076
44.41810989379883 522.5482788085938 2.0155022144317627
42.697349548339844 526.1591796875 2.015505790710449
40.97657775878906 529.7700805664062 2.0155093669891357
39.25579071044922 533.3809814453125 2.0155129432678223
37.53499221801758 536.9918823242188 2.015516519546509
35.814178466796875 540.602783203125 2.0155200958251953
34.093353271484375 544.2136840820312 2.015523672103882
32.37251663208008 547.8245849609375 2.0155272483825684
30.65166664123535 551.4354248046875 2.015530824661255
28.930803298950195 555.0462646484375 2.0155344009399414
27.20992660522461 558.6571044921875 2.015537977218628
25.489036560058594 562.2679443359375 2.0155415534973145
23.76813316345215 565.8787841796875 2.015545129776001
22.04722023010254 569.4896240234375 2.015549659729004
20.3262882232666 573.1004638671875 2.0155532360076904
20.3262882232666 573.1004638671875 2.415553331375122
20.3262882232666 573.1004638671875 2.8155534267425537
20.3262882232666 573.1004638671875 -3.067631721496582
20.3262882232666 573.1004638671875 -2.6676316261291504
20.3262882232666 573.1004638671875 -2.2676315307617188
20.3262882232666 573.1004638671875 -1.8676315546035767
20.3262882232666 573.1004638671875 -1.4676315784454346
20.3262882232666 573.1004638671875 -1.0676316022872925
22.25507926940918 569.5962524414062 -1.067628026008606
24.183881759643555 566.092041015625 -1.0676244497299194
26.11269760131836 562.5878295898438 -1.067620873451233
28.04152488708496 559.0836181640625 -1.0676172971725464
29.970365524291992 555.5794677734375 -1.0676137208938599
31.899219512939453 552.0753173828125 -1.0676101446151733
33.828086853027344 548.5711669921875 -1.0676065683364868
35.75696563720703 545.0670166015625 -1.0676029920578003
35.75696563720703 545.0670166015625 -0.6676030158996582
35.75696563720703 545.0670166015625 -0.2676030099391937
35.75696563720703 545.0670166015625 0.13239699602127075
39.721923828125 545.5950317382812 0.13240061700344086
43.6868782043457 546.1231079101562 0.13240423798561096
47.651832580566406 546.6511840820312 0.13240785896778107
51.616783142089844 547.1792602539062 0.13241147994995117
55.58173370361328 547.7073364257812 0.13241510093212128
59.54668045043945 548.2354736328125 0.13241872191429138
63.511627197265625 548.7636108398438 0.1324223428964615
67.47657012939453 549.291748046875 0.1324259638786316
71.44151306152344 549.8198852539062 0.1324295848608017
75.40644836425781 550.3480834960938 0.1324332058429718
79.37138366699219 550.8762817382812 0.1324368268251419
83.33631896972656 551.4044799804688 0.132440447807312
87.30125427246094 551.9326782226562 0.13244406878948212
91.26618957519531 552.4609375 0.13244768977165222
95.23111724853516 552.9891967773438 0.13245131075382233
99.196044921875 553.5174560546875 0.13245493173599243
103.1610107421875 554.0457153320312 0.13245493173599243
107.1259765625 554.573974609375 0.13245493173599243
111.0909423828125 555.1022338867188 0.13245493173599243
115.055908203125 555.6304931640625 0.13245493173599243
119.0208740234375 556.1587524414062 0.13245493173599243
122.98583984375 556.68701171875 0.13245493173599243
126.9508056640625 557.2152709960938 0.13245493173599243
130.915771484375 557.7435302734375 0.13245493173599243
134.8807373046875 558.2717895507812 0.13245493173599243
138.73793029785156 558.8065185546875 0.14304572343826294
138.73793029785156 558.8065185546875 0.5430457592010498
138.73793029785156 558.8065185546875 0.9430457353591919
138.73793029785156 558.8065185546875 1.343045711517334
138.73793029785156 558.8065185546875 1.743045687675476
138.73793029785156 558.8065185546875 2.143045663833618
138.73793029785156 558.8065185546875 2.54304575920105
138.73793029785156 558.8065185546875 2.9430458545684814
138.73793029785156 558.8065185546875 -2.9401392936706543
134.81886291503906 558.0061645507812 -2.9401357173919678
130.89979553222656 557.2057495117188 -2.9401321411132812
126.98072814941406 556.4053344726562 -2.9401285648345947
123.0616683959961 555.6049194335938 -2.940124988555908
119.14260864257812 554.8045043945312 -2.9401214122772217
115.22355651855469 554.0040893554688 -2.940117835998535
111.30450439453125 553.20361328125 -2.9401142597198486
107.38545227050781 552.4031372070312 -2.940110683441162
103.4664077758789 551.6026611328125 -2.9401071071624756
99.54736328125 550.8021850585938 -2.940103530883789
95.6283187866211 550.0016479492188 -2.9400999546051025
91.70928192138672 549.2011108398438 -2.940096378326416
87.79024505615234 548.4005737304688 -2.9400928020477295
83.8712158203125 547.6000366210938 -2.940089225769043
83.8712158203125 547.6000366210938 -2.5400891304016113
80.57330322265625 545.3365478515625 -2.540085554122925
77.27540588378906 543.072998046875 -2.5400819778442383
73.9775161743164 540.8094482421875 -2.5400784015655518
70.67963409423828 538.5458984375 -2.5400748252868652
67.38175964355469 536.2823486328125 -2.5400712490081787
64.08389282226562 534.018798828125 -2.540067672729492
64.08389282226562 534.018798828125 -2.1400680541992188
61.9278450012207 530.649658203125 -2.1400644779205322
59.77180862426758 527.280517578125 -2.1400609016418457
57.61578369140625 523.911376953125 -2.140057325363159
55.45977020263672 520.5421752929688 -2.1400537490844727
53.303768157958984 517.1729736328125 -2.140050172805786
51.14777755737305 513.8037719726562 -2.1400465965270996
51.14777755737305 513.8037719726562 -1.7400466203689575
50.47401809692383 509.8609619140625 -1.740043044090271
49.800270080566406 505.91815185546875 -1.7400394678115845
49.12653732299805 501.975341796875 -1.740035891532898
48.45281982421875 498.03253173828125 -1.7400323152542114
47.77911376953125 494.0897216796875 -1.740028738975525
47.10542297363281 490.14691162109375 -1.7400251626968384
46.43174743652344 486.2041015625 -1.7400215864181519
45.758087158203125 482.2612609863281 -1.7400180101394653
45.08443832397461 478.31842041015625 -1.7400144338607788
44.410804748535156 474.3755798339844 -1.7400108575820923
43.737186431884766 470.4327392578125 -1.7400072813034058
43.06357955932617 466.4898986816406 -1.7400037050247192
42.38998794555664 462.54705810546875 -1.7400001287460327
41.71641159057617 458.6042175292969 -1.7399965524673462
41.0428466796875 454.661376953125 -1.7399929761886597
40.36929702758789 450.7185363769531 -1.7399893999099731
39.695762634277344 446.77569580078125 -1.7399858236312866
39.02224349975586 442.8328552246094 -1.7399822473526
38.34904479980469 438.89080810546875 -1.7398940324783325
37.67588424682617 434.9479064941406 -1.739890456199646
37.67588424682617 434.9479064941406 -1.339890480041504
38.5913200378418 431.0541076660156 -1.3398869037628174
39.506771087646484 427.1603088378906 -1.3398833274841309
40.422237396240234 423.2665100097656 -1.3398797512054443
41.33771514892578 419.3727111816406 -1.3398761749267578
42.25320816040039 415.4789123535156 -1.3398725986480713
43.16871643066406 411.5851135253906 -1.3398690223693848
44.08423614501953 407.69134521484375 -1.3398654460906982
44.99977111816406 403.7975769042969 -1.3398618698120117
45.91531753540039 399.90380859375 -1.3398582935333252
46.83087921142578 396.0100402832031 -1.3398547172546387
47.746456146240234 392.11627197265625 -1.3398511409759521
48.662044525146484 388.2225036621094 -1.3398475646972656
48.662044525146484 388.2225036621094 -0.9398475885391235
48.662044525146484 388.2225036621094 -0.5398476123809814
52.09316635131836 386.16650390625 -0.5398439764976501
55.524295806884766 384.11053466796875 -0.5398403406143188
58.9554328918457 382.0545654296875 -0.5398367047309875
62.38657760620117 379.99859619140625 -0.5398330688476562
65.8177261352539 377.9426574707031 -0.539829432964325
69.24888610839844 375.88671875 -0.5398257970809937
72.6800537109375 373.830810546875 -0.5398221611976624
76.1112289428711 371.77490234375 -0.539818525314331
79.54241180419922 369.718994140625 -0.5398148894309998
82.97360229492188 367.6631164550781 -0.5398112535476685
82.97404479980469 367.6629638671875 -0.13985851407051086
82.97404479980469 367.6629638671875 0.2601414918899536
82.97404479980469 367.6629638671875 0.6601414680480957
86.13363647460938 370.1158752441406 0.660145103931427
89.293212890625 372.56878662109375 0.6601487398147583
92.4527816772461 375.0216979980469 0.6601523756980896
95.61234283447266 377.4746398925781 0.6601560115814209
98.77189636230469 379.9275817871094 0.6601596474647522
101.93144226074219 382.3805236816406 0.6601632833480835
105.09098052978516 384.83349609375 0.6601669192314148
108.25050354003906 387.2864685058594 0.6601705551147461
111.41001892089844 389.7394714355469 0.6601741909980774
111.41001892089844 389.7394714355469 1.0601742267608643
113.36487579345703 393.2292175292969 1.0601778030395508
115.31971740722656 396.7189636230469 1.0601813793182373
117.27455139160156 400.2087097167969 1.0601849555969238
119.2293701171875 403.6984558105469 1.0601885318756104
121.18417358398438 407.188232421875 1.0601921081542969
123.13896942138672 410.6780090332031 1.0601956844329834
125.09375 414.16778564453125 1.06019926071167
127.04851531982422 417.6575622558594 1.0602028369903564
129.00326538085938 421.1473388671875 1.060206413269043
130.9580078125 424.63714599609375 1.0602099895477295
130.9580078125 424.63714599609375 1.4602099657058716
131.39944458007812 428.6126708984375 1.460213541984558
131.8408660888672 432.58819580078125 1.4602171182632446
131.8408660888672 432.58819580078125 1.8602170944213867
131.8408660888672 432.58819580078125 2.2602171897888184
131.8408660888672 432.58819580078125 2.66021728515625
131.8408660888672 432.58819580078125 3.0602173805236816
131.8408660888672 432.58819580078125 -2.822967767715454
131.8408660888672 432.58819580078125 -2.4229676723480225
131.8408660888672 432.58819580078125 -2.022967576980591
131.8408660888672 432.58819580078125 -1.6229676008224487
131.6322784423828 428.59368896484375 -1.6229640245437622
131.4237060546875 424.5991516113281 -1.6229604482650757
131.21514892578125 420.6046142578125 -1.6229568719863892
131.00660705566406 416.6100769042969 -1.6229532957077026
130.79808044433594 412.61553955078125 -1.6229497194290161
130.58956909179688 408.6210021972656 -1.6229461431503296
130.38107299804688 404.62646484375 -1.622942566871643
130.17259216308594 400.6319274902344 -1.6229389905929565
129.96412658691406 396.63739013671875 -1.62293541431427
129.75567626953125 392.6428527832031 -1.6229318380355835
129.5472412109375 388.6483154296875 -1.622928261756897
129.3388214111328 384.6537780761719 -1.6229246854782104
129.1304168701172 380.65924072265625 -1.622921109199524
128.92202758789062 376.6647033691406 -1.6229175329208374
128.71363830566406 372.6701354980469 -1.6229175329208374
128.5052490234375 368.6755676269531 -1.6229175329208374
128.29685974121094 364.6809997558594 -1.6229175329208374
128.08847045898438 360.6864318847656 -1.6229175329208374
127.88008117675781 356.6918640136719 -1.6229175329208374
127.67169189453125 352.6972961425781 -1.6229175329208374
127.46330261230469 348.7027282714844 -1.6229175329208374
127.25491333007812 344.7081604003906 -1.6229175329208374
127.04652404785156 340.7135925292969 -1.6229175329208374
126.838134765625 336.7190246582031 -1.6229175329208374
126.62975311279297 332.7244873046875 -1.6229139566421509
126.42138671875 328.7299499511719 -1.6229103803634644
126.2130355834961 324.73541259765625 -1.6229068040847778
126.00469970703125 320.7408752441406 -1.6229032278060913
125.79637908935547 316.746337890625 -1.6228996515274048
125.58806610107422 312.7518005371094 -1.6228960752487183
125.37976837158203 308.75726318359375 -1.6228924989700317
125.1714859008789 304.7627258300781 -1.6228889226913452
124.96321868896484 300.7681884765625 -1.6228853464126587
124.75496673583984 296.7736511230469 -1.6228817701339722
124.5467300415039 292.77911376953125 -1.6228781938552856
124.33850860595703 288.7845764160156 -1.6228746175765991
124.13029479980469 284.7900390625 -1.6228710412979126
123.9220962524414 280.7955017089844 -1.622867465019226
123.71391296386719 276.80096435546875 -1.6228638887405396
123.50574493408203 272.8064270019531 -1.622860312461853
123.29759216308594 268.8118896484375 -1.6228567361831665
123.0894546508789 264.8173522949219 -1.62285315990448
122.88133239746094 260.82281494140625 -1.6228495836257935
122.67322540283203 256.8282775878906 -1.6228458881378174
122.46513366699219 252.83372497558594 -1.6228423118591309
122.25704956054688 248.83917236328125 -1.6228387355804443
122.25704956054688 248.83917236328125 -1.2228387594223022
123.62095642089844 245.07891845703125 -1.2228351831436157
124.98487854003906 241.3186798095703 -1.2228314876556396
124.98487854003906 241.3186798095703 -0.8228315114974976
124.98487854003906 241.3186798095703 -0.4228315055370331
124.98487854003906 241.3186798095703 -0.022831499576568604
124.98487854003906 241.3186798095703 0.3771685063838959
124.98487854003906 241.3186798095703 0.7771685123443604
124.98487854003906 241.3186798095703 1.1771684885025024
126.5190200805664 245.0127410888672 1.177172064781189
128.0531463623047 248.70681762695312 1.1771756410598755
129.58726501464844 252.40089416503906 1.177179217338562
131.12136840820312 256.094970703125 1.1771827936172485
132.65545654296875 259.7890625 1.177186369895935
134.1895294189453 263.483154296875 1.1771899461746216
135.72360229492188 267.17724609375 1.177193522453308
137.25765991210938 270.871337890625 1.1771970987319946
138.7917022705078 274.5654602050781 1.1772006750106812
138.7917022705078 274.5654602050781 1.5772006511688232
138.76608276367188 278.56536865234375 1.5772006511688232
138.74046325683594 282.5652770996094 1.5772006511688232
138.71484375 286.565185546875 1.5772006511688232
138.68922424316406 290.5650939941406 1.5772006511688232
138.66360473632812 294.56500244140625 1.5772006511688232
138.6379852294922 298.5649108886719 1.5772006511688232
138.61236572265625 302.5648193359375 1.5772006511688232
138.5867462158203 306.5647277832031 1.5772006511688232
138.56112670898438 310.56463623046875 1.5772006511688232
138.53550720214844 314.5645446777344 1.5772006511688232
138.5098876953125 318.564453125 1.5772006511688232
138.48426818847656 322.5643615722656 1.5772006511688232
138.45864868164062 326.5642395019531 1.5772042274475098
138.43301391601562 330.5641174316406 1.5772078037261963
138.40736389160156 334.5639953613281 1.5772113800048828
138.38169860839844 338.5638732910156 1.5772149562835693
138.35601806640625 342.5637512207031 1.5772185325622559
138.330322265625 346.5636291503906 1.5772221088409424
138.3046112060547 350.5635070800781 1.577225685119629
138.2788848876953 354.5633850097656 1.5772292613983154
138.25314331054688 358.5632629394531 1.577232837677002
138.22738647460938 362.5631408691406 1.5772364139556885
138.2016143798828 366.5630187988281 1.577239990234375
138.1758270263672 370.5628967285156 1.5772435665130615
138.1500244140625 374.5627746582031 1.577247142791748
138.1242218017578 378.5626525878906 1.5772507190704346
138.09840393066406 382.5625305175781 1.577254295349121
138.07257080078125 386.5624084472656 1.5772578716278076
138.04672241210938 390.5622863769531 1.5772614479064941
138.02085876464844 394.5621643066406 1.5772650241851807
137.99497985839844 398.5620422363281 1.5772686004638672
137.96908569335938 402.5619201660156 1.5772721767425537
137.94317626953125 406.5617980957031 1.5772757530212402
137.91725158691406 410.5616760253906 1.5772793292999268
137.8913116455078 414.5615539550781 1.5772829055786133
137.8653564453125 418.5614318847656 1.5772864818572998
137.83938598632812 422.5613098144531 1.5772900581359863
137.8134002685547 426.5611877441406 1.5772936344146729
137.7873992919922 430.5610656738281 1.5772972106933594
137.7873992919922 430.5610656738281 1.9772971868515015
137.7873992919922 430.5610656738281 2.3772971630096436
137.7873992919922 430.5610656738281 2.777297258377075
137.7873992919922 430.5610656738281 -3.1058878898620605
137.7873992919922 430.5610656738281 -2.705887794494629
137.7873992919922 430.5610656738281 -2.3058876991271973
137.7873992919922 430.5610656738281 -1.9058877229690552
137.7873992919922 430.5610656738281 -1.505887746810913
138.04684448242188 426.5694885253906 -1.505887746810913
138.30628967285156 422.5779113769531 -1.505887746810913
138.56573486328125 418.5863342285156 -1.505887746810913
138.82518005371094 414.5947570800781 -1.505887746810913
139.08462524414062 410.6031799316406 -1.505887746810913
139.3440704345703 406.6116027832031 -1.505887746810913
139.603515625 402.6200256347656 -1.505887746810913
139.8629608154297 398.6284484863281 -1.505887746810913
140.12240600585938 394.6368713378906 -1.505887746810913
140.38185119628906 390.6452941894531 -1.505887746810913
140.64129638671875 386.6537170410156 -1.505887746810913
140.90074157714844 382.6621398925781 -1.505887746810913
141.16018676757812 378.6705627441406 -1.505887746810913
141.4196319580078 374.6789855957031 -1.505887746810913
141.6790771484375 370.6874084472656 -1.505887746810913
141.9385223388672 366.6958312988281 -1.505887746810913
142.19796752929688 362.7042541503906 -1.505887746810913
142.45741271972656 358.7126770019531 -1.505887746810913
142.71685791015625 354.7210998535156 -1.505887746810913
142.97630310058594 350.7295227050781 -1.505887746810913
143.23574829101562 346.7379455566406 -1.505887746810913
143.4951934814453 342.7463684082031 -1.505887746810913
143.754638671875 338.7547912597656 -1.505887746810913
144.0140838623047 334.7632141113281 -1.505887746810913
144.27352905273438 330.7716369628906 -1.505887746810913
144.53297424316406 326.7800598144531 -1.505887746810913
144.79241943359375 322.7884826660156 -1.505887746810913
145.05186462402344 318.7969055175781 -1.505887746810913
145.31130981445312 314.8053283691406 -1.505887746810913
145.5707550048828 310.8137512207031 -1.505887746810913
145.8302001953125 306.8221740722656 -1.505887746810913
146.0896453857422 302.8305969238281 -1.505887746810913
146.34909057617188 298.8390197753906 -1.505887746810913
146.60853576660156 294.8474426269531 -1.505887746810913
146.86798095703125 290.8558654785156 -1.505887746810913
147.12742614746094 286.8642883300781 -1.505887746810913
147.38687133789062 282.8727111816406 -1.505887746810913
147.6463165283203 278.8811340332031 -1.505887746810913
147.90576171875 274.8895568847656 -1.505887746810913
148.1652069091797 270.8979797363281 -1.505887746810913
148.42465209960938 266.9064025878906 -1.505887746810913
148.68409729003906 262.9148254394531 -1.505887746810913
148.94354248046875 258.9232482910156 -1.505887746810913
149.20298767089844 254.93167114257812 -1.505887746810913
149.46243286132812 250.94009399414062 -1.505887746810913
149.7218780517578 246.94851684570312 -1.505887746810913
149.9950408935547 243.0640411376953 -1.4952969551086426
150.309326171875 239.1826629638672 -1.484706163406372
150.66468811035156 235.30484008789062 -1.4741153717041016
151.0611114501953 231.43099975585938 -1.463524580001831
151.49853515625 227.5615692138672 -1.4529337882995605
151.97691345214844 223.69699096679688 -1.44234299659729
152.49618530273438 219.8376922607422 -1.4317522048950195
153.05630493164062 215.98411560058594 -1.421161413192749
153.65731811523438 212.1397247314453 -1.4102723598480225
154.30007934570312 208.29905700683594 -1.399681568145752
154.9834747314453 204.46542358398438 -1.3890907764434814
155.70742797851562 200.6392364501953 -1.378499984741211
156.47186279296875 196.82093811035156 -1.3679091930389404
157.27670288085938 193.0109405517578 -1.35731840133667
157.27670288085938 193.0109405517578 -0.9573184251785278
157.27670288085938 193.0109405517578 -0.5573184490203857
157.27670288085938 193.0109405517578 -0.15731844305992126
157.27670288085938 193.0109405517578 0.2426815629005432
157.27670288085938 193.0109405517578 0.6426815986633301
157.27670288085938 193.0109405517578 1.0426815748214722
157.27670288085938 193.0109405517578 1.4426815509796143
157.27670288085938 193.0109405517578 1.8426815271377563
157.27670288085938 193.0109405517578 2.2426815032958984
154.786865234375 196.14151000976562 2.242685079574585
154.786865234375 196.14151000976562 2.6426851749420166
154.786865234375 196.14151000976562 3.0426852703094482
154.786865234375 196.14151000976562 -2.8404998779296875
150.9668426513672 194.95526123046875 -2.840496301651001
147.14683532714844 193.7689971923828 -2.8404927253723145
143.3268280029297 192.5827178955078 -2.840489149093628
139.50682067871094 191.39642333984375 -2.8404855728149414
135.68678283691406 190.21011352539062 -2.8404855728149414
131.8667449951172 189.0238037109375 -2.8404855728149414
128.0467071533203 187.83749389648438 -2.8404855728149414
124.22666931152344 186.65118408203125 -2.8404855728149414
120.40663146972656 185.46487426757812 -2.8404855728149414
116.58659362792969 184.278564453125 -2.8404855728149414
112.76655578613281 183.09225463867188 -2.8404855728149414
108.94651794433594 181.90594482421875 -2.8404855728149414
105.12648010253906 180.71963500976562 -2.8404855728149414
101.30644226074219 179.5333251953125 -2.8404855728149414
97.48640441894531 178.34701538085938 -2.8404855728149414
93.66636657714844 177.16070556640625 -2.8404855728149414
89.84632873535156 175.97439575195312 -2.8404855728149414
86.04196166992188 174.78973388671875 -2.8389410972595215
82.33106994628906 173.60943603515625 -2.828350305557251
78.63288879394531 172.389892578125 -2.8177595138549805
74.94783020019531 171.13125610351562 -2.80716872215271
71.27630615234375 169.8336639404297 -2.7965779304504395
67.61873626708984 168.49725341796875 -2.785987138748169
63.97550964355469 167.1221923828125 -2.775397300720215
60.3470573425293 165.7086181640625 -2.7648067474365234
56.627647399902344 164.23687744140625 -2.7648067474365234
52.908241271972656 162.76513671875 -2.7648067474365234
49.18883514404297 161.29339599609375 -2.7648067474365234
45.5755615234375 159.8414764404297 -2.754215955734253
41.8719482421875 158.33042907714844 -2.754215955734253
38.25789260864258 156.83702087402344 -2.745262861251831
34.567955017089844 155.29287719726562 -2.745262861251831
34.567955017089844 155.29287719726562 -2.7346739768981934
34.567955017089844 155.29287719726562 -2.734036684036255
34.567955017089844 155.29287719726562 -2.7333993911743164
34.567955017089844 155.29287719726562 -2.732762098312378
34.567955017089844 155.29287719726562 -2.7321248054504395
34.567955017089844 155.29287719726562 -2.7321248054504395
34.567955017089844 155.29287719726562 -2.7321248054504395
34.567955017089844 155.29287719726562 -2.7321248054504395
34.567955017089844 155.29287719726562 -2.7321248054504395
34.567955017089844 155.29287719726562 -2.7321248054504395
