60.20631408691406 450.1405334472656 0.41050752997398376
60.44975662231445 450.19573974609375 0.03561687469482422
60.696510314941406 450.1579895019531 -0.3392737805843353
60.91230010986328 450.0325012207031 -0.7141644358634949
61.06715393066406 449.8367004394531 -1.089055061340332
61.13956069946289 449.5978088378906 -1.463945746421814
61.5661506652832 445.6206359863281 -1.4639461040496826
61.99273681640625 441.6434631347656 -1.4639464616775513
62.4193229675293 437.6662902832031 -1.46394681930542
62.845909118652344 433.6891174316406 -1.4639471769332886
63.272491455078125 429.7119445800781 -1.4639475345611572
63.699073791503906 425.7347717285156 -1.4639478921890259
64.12565612792969 421.7575988769531 -1.4639482498168945
64.55223846435547 417.7804260253906 -1.4639486074447632
64.53214263916016 417.5316162109375 -1.8388392925262451
63.47276306152344 413.6744689941406 -1.8388396501541138
62.41338348388672 409.81732177734375 -1.8388400077819824
61.35400390625 405.9601745605469 -1.838840365409851
60.294620513916016 402.10302734375 -1.8388407230377197
59.23523712158203 398.2458801269531 -1.8388410806655884
58.17584991455078 394.38873291015625 -1.838841438293457
57.11646270751953 390.5315856933594 -1.8388417959213257
56.05707550048828 386.6744384765625 -1.8388421535491943
54.997684478759766 382.8172912597656 -1.838842511177063
53.93829345703125 378.96014404296875 -1.8388428688049316
52.878902435302734 375.1029968261719 -1.8388432264328003
51.81950759887695 371.245849609375 -1.838843584060669
50.76011276245117 367.3887023925781 -1.8388439416885376
49.700714111328125 363.53155517578125 -1.8388442993164062
48.64131546020508 359.6744079589844 -1.838844656944275
47.58191680908203 355.8172607421875 -1.8388450145721436
46.52251434326172 351.9601135253906 -1.8388453722000122
45.463111877441406 348.10296630859375 -1.8388457298278809
44.403709411621094 344.2458190917969 -1.8388460874557495
43.344303131103516 340.388671875 -1.8388464450836182
42.28489685058594 336.5315246582031 -1.8388468027114868
41.22549057006836 332.67437744140625 -1.8388471603393555
40.166080474853516 328.8172302246094 -1.8388475179672241
39.10667037963867 324.9600830078125 -1.8388478755950928
38.04726028442383 321.1029357910156 -1.8388482332229614
36.98784637451172 317.24578857421875 -1.83884859085083
35.92843246459961 313.3886413574219 -1.8388489484786987
34.869014739990234 309.531494140625 -1.8388493061065674
33.80959701538086 305.6743469238281 -1.838849663734436
32.750179290771484 301.81719970703125 -1.8388500213623047
31.690759658813477 297.9600524902344 -1.8388503789901733
30.631338119506836 294.1029052734375 -1.838850736618042
31.667957305908203 297.91436767578125 -1.833843469619751
30.62786102294922 294.0519714355469 -1.8338438272476196
29.5877628326416 290.1895751953125 -1.8338441848754883
28.547664642333984 286.3271789550781 -1.8338453769683838
27.50756072998047 282.46478271484375 -1.8338457345962524
26.46745491027832 278.6023864746094 -1.833846092224121
25.427349090576172 274.739990234375 -1.8338464498519897
24.38724136352539 270.8775939941406 -1.8338468074798584
25.417510986328125 274.7200927734375 -1.8316713571548462
24.385807037353516 270.8554382324219 -1.8316717147827148
24.385822296142578 270.85546875 -2.231668472290039
21.930601119995117 267.6976318359375 -2.231668710708618
19.475379943847656 264.539794921875 -2.2316689491271973
17.020156860351562 261.3819580078125 -2.2316691875457764
17.020156860351562 261.3819580078125 -2.2316694259643555
17.020156860351562 261.3819580078125 -2.2316696643829346
17.020156860351562 261.3819580078125 -2.2316699028015137
17.020156860351562 261.3819580078125 -2.2316701412200928
17.020156860351562 261.3819580078125 -2.231670379638672
17.020156860351562 261.3819580078125 -2.231670618057251
17.020156860351562 261.3819580078125 -2.23167085647583
17.020156860351562 261.3819580078125 -2.231671094894409
17.020156860351562 261.3819580078125 -2.2316713333129883
17.020156860351562 261.3819580078125 -2.2316715717315674
