-390.1405879987616
-390.19599895055387
-390.1586112068078
-390.0335681707002
-389.8381610707598
-389.59947542299557
-385.62381633712215
-381.6486655990253
-377.67403927182744
-373.69995408823655
-369.7264274642892
-365.75347762970677
-361.7811235867682
-357.8093851786819
-357.5603402326757
-353.6915182776777
-349.82564662316275
-345.96282417124274
-342.10315420791693
-338.24674467778306
-334.3937084049191
-330.544163355343
-326.69823294224636
-322.85604639973275
-319.0177389646608
-315.1834523564973
-311.3533352238041
-307.5275432782494
-303.7062401025783
-299.88959718543487
-296.07779474852197
-292.2710223566246
-288.469478995783
-284.6733741523497
-280.88292855567954
-277.0983742452936
-273.3199559442981
-269.5479319701055
-265.7825743161729
-262.02417037309186
-258.27302405333535
-254.5294559232222
-250.79380572133675
-247.06643225040955
-243.3477158364864
-239.63805972726902
-235.93789131488563
-239.59379761724577
-235.8864243870227
-232.18876499080187
-228.50129126597966
-224.82450497381447
-228.3964230028672
-231.83557310072362
-228.11063430339578
-231.78811418057956
-228.05589385781093
-231.74193185935522
-228.00270271236872
-231.69625573310276
-227.95022429106155
-231.65080407320764
-227.89807012476757
-231.60537536789462
-227.84606094675323
-231.55991382486607
-227.79410658223895
-227.5792752675967
-224.59366648034555
-221.6400312331059
-218.71966458541587
-215.83391697580493
-212.98419596306564
-212.98419596306564
-212.98419596306564
-212.98419596306564
-212.98419596306564
-212.98419596306564
-212.98419596306564
-212.98419596306564
-212.98419596306564
-212.98419596306564
-212.98419596306564
