-390.0891159127905
-390.19425287414634
-390.2997179867813
-393.5837114056677
-396.8099706693572
-399.9739376084074
-403.07116878851326
-403.07116878851326
-400.7224607497446
-398.40161514004893
-396.1090910671985
-393.8454139946375
-393.8454139946375
-393.078204012621
-393.07755311871614
-393.0363023595027
-392.9606028655551
-391.45313946532707
-391.36492181426615
-391.2601177556223
-391.1543674500053
-391.0634262197413
-391.0008804888062
-390.97606025326934
-390.9926689977087
-391.0482524741624
-391.1344716706478
-391.2384744596489
-391.3447420849814
-391.4374282556971
-394.06862287486257
-394.06862287486257
-392.48672375183236
-392.50884631642896
-392.48958505829404
-392.431769044044
-392.3440158913452
-392.23940665466085
-392.1335367807231
-392.04215641225153
-391.97894832810033
-391.95332250261265
-391.96914325202346
-392.02402323840676
-392.1097569717468
-392.2135470969634
-392.3199170597947
-392.4130236685912
-395.0624938309487
-395.0624938309487
-395.0863907754796
-395.0688979392084
-395.01263202662983
-394.9259514967398
-393.24758796017267
-391.81227062521236
-391.7272350010008
-390.0760420173117
-389.9805828171017
-389.8736569471767
-389.77120886645014
-389.68854353448
-389.6379778888327
-389.6270775731573
-389.6574514967949
-389.72459554918265
-389.8184463850622
-389.92503395059447
-390.02842921155957
-393.1835293158271
-396.2714275593318
-399.287971944095
-402.22916084659346
-402.22916084659346
-400.1542276986612
-398.1102908343004
-396.09783033139223
-396.1325137577592
-396.126181364773
-396.07975780223563
-396.0001363194404
-394.4367550148773
-394.3454674260387
-394.2395178260833
-394.13487610522304
-394.04705773327794
-393.9891444144532
-393.96981135266674
-393.9919458960347
-394.0522245155367
-394.1416761546926
-394.24691664774076
-394.35225807798093
-397.62829738527535
-400.8460133399877
-404.0007134734193
-407.08800434877367
-410.10368687143614
-413.04358927070365
-413.04358927070365
-410.9705293509481
-408.9277073470973
-406.9156094445844
-406.9156094445844
-406.90970639553785
-406.86191911919747
-406.78130026213165
-405.2015883577317
-405.10952537804303
-403.3432013789636
-401.7920208090488
-401.7013297174738
-399.9605104822519
-398.43961236845246
-398.3503896499157
-396.63254943296425
-396.53399086061063
-394.67154075415436
-392.97595400397495
-392.8784328495817
-391.0343894710918
-389.36264827583256
-389.26622450373964
-387.438387262064
-385.7916915916333
-385.69645758291335
-383.88607786411575
-382.2657181588063
-382.17170705411417
-380.38010022316774
-378.78733465029626
-378.6946422198914
-376.92309576674535
-376.8221415104684
-374.9297186959018
-373.1779575864995
-373.0778686102598
-371.1975288371013
-369.4667694817048
-369.3676338038035
-367.500541342033
-365.79197283839824
-365.69384967932393
-363.84126647612703
-362.1561728882364
-362.0591237113709
-360.2222877869326
-358.5619562038941
-358.4660746538893
-356.646291917063
-355.0120125034638
-354.91736388063447
-353.11594735970976
-353.0137056619277
-351.1040880779975
-349.3207866652115
-349.21932796392343
-347.3200181545384
-343.5569520742044
-339.79881912465333
-336.04636422538294
-332.2997800123502
-328.5592670476354
-324.8250350662738
-321.09730336855847
-319.3336209913462
-319.23407550554145
-315.30671213826326
-311.3812387602223
-307.4577276278143
-303.53625507279037
-299.616901195867
-295.6997500984379
-291.7848907564229
-287.87241673042894
-283.9624264609539
-280.05502426163713
-276.15035035419606
-272.2484903421244
-268.34956727630987
-264.4537108830312
-260.56105904345185
-256.67175763662203
-252.7859611215043
-248.90383400186695
-245.02555077601897
-241.1512966984774
-237.28126951256672
-233.41567925103257
-229.55475046641592
-225.6987224860603
-221.84785062910473
-218.00240857627853
-214.16186403298013
-210.3280271839736
-208.52333734240014
-205.0201537502417
-205.0201537502417
-205.0201537502417
-205.0201537502417
-205.0201537502417
-205.0201537502417
-205.0201537502417
-205.0201537502417
-205.0201537502417
-205.0201537502417
-205.0201537502417
