-392.14440592957635
-394.1017320565841
-395.86104818555015
-397.4125941718595
-398.74791831609434
-399.85981077168253
-400.7422778070542
-401.39064760715905
-401.8014458672299
-401.9725251673778
-401.90299294677334
-401.5931859721351
-401.04477482439995
-400.2606395017071
-399.2449410621055
-398.0031094640092
-396.5418769488499
-394.8691384748383
-392.6351365019374
-390.4293333849869
-388.25220974839505
-386.10425073688907
-383.9859457782192
-383.98594445677793
-380.7307651264751
-377.48989980042364
-374.2637216827484
-371.0526138747102
-367.85697103308087
-364.6771997136044
-361.5137187206379
-361.5137187206379
-357.651659898943
-353.7926666812627
-349.936840487157
-346.08428717084803
-342.2351172610712
-338.389446216293
-334.54739469642385
-330.70908885224986
-326.87466063390553
-323.0442481198228
-319.2179958677102
-315.396055289248
-311.57858505032794
-307.76575149882353
-303.9577291220473
-300.1547010362378
-296.3568595106241
-292.56440652883833
-288.7775543906903
-284.9965263575855
-281.22155734515957
-277.45289466702076
-273.69079883384114
-269.9355444124178
-266.18742094974317
-262.44673396757725
-258.7138060335124
-254.98897791506323
-251.2726098239051
-247.5650827580283
-243.866799950275
-240.17818843248574
-236.49970072530516
-232.83181666458796
-229.1750453763036
-225.52992741287005
-221.89703706494856
-218.27698486390406
-214.67042029137588
-211.07804866804122
-207.50059236240827
-203.93883630099248
-200.39361764453983
-200.39361764453983
-196.4087369923844
-192.42448353650997
-188.4408970598286
-184.45802077493025
-180.47590170094077
-179.7614416251958
-175.87168560056867
-171.9869870301786
-168.10769652329824
-164.23419730353606
-160.36690588367082
-156.50628591088022
-152.6528435525685
-148.80713641456333
-144.96978008975077
-141.14145570593234
-141.14145858472656
-138.1011879272786
-135.11093568787646
-132.1740966982865
-129.29431075491692
-126.475475129357
-123.72175590748259
-121.03759754923816
-118.42772992917882
-115.89717197538612
-113.45123087755577
-111.09549569356643
-111.09549667881925
-110.31030724638258
-109.66548403700625
-109.16351448699415
-108.80637574625509
-108.59549674236071
-108.53173003415482
-108.61533472532786
-108.84597122808505
-109.01906010828662
-109.40973614776202
-112.15670460562774
-114.97722567214718
-117.86601914772712
-120.81818789983393
-123.82919928783141
-123.82919763597035
-122.20059053427464
-120.54275155974705
-118.94646788160189
-118.94646843542338
-121.78110376499623
-124.67963784573942
-127.63771750791786
-130.65129790251652
-133.71662740491095
-136.83022774094104
-139.98887806141653
-143.1895970952948
-146.42962620280744
-149.70641309455422
-153.01759634611656
-156.360990786101
-159.7345737961623
-163.13647253215453
-166.5649520541148
-170.01840433761004
-173.49533812868543
-176.99436959810072
-180.51421374682278
-184.05367651313165
-187.61164753162245
-191.18709349540654
-194.7790520745885
-194.7790520745885
-197.43865409873146
-200.14287695222535
-202.88992182289755
-205.67807291999338
-208.50568122489014
-211.37116323240895
-214.272999487991
-217.20973296133
-220.17996729238732
-223.18236494135007
-224.50312982463527
-226.33318407977475
-227.97222707773128
-229.4128635357557
-230.64869966807993
-231.67438135174393
-232.48546368763112
-233.07851038138034
-233.07208277011952
-233.07208065083103
-230.93309902380096
-230.93309902380096
-227.67510650255159
-224.44111039312546
-221.23216304459308
-218.04937035822658
-214.8938944669859
-211.76695649250016
-208.6698393691436
-205.60389072177426
-202.570525780178
-199.5712303091896
-196.60756352879403
-196.60756352879403
-192.8454809351405
-189.09316506265694
-185.35120907523518
-181.62025331394233
-177.90098987335725
-174.19416769212125
-170.50059822156663
-166.8211617445582
-163.15681442595874
-159.50859618647567
-155.87763950311896
-152.32214063484167
-151.6336601695569
-151.6336601695569
-151.6336601695569
-148.55648481770135
-145.5241957368842
-142.53966111210937
-139.60593969822415
-136.72630241498754
-133.904238577822
-131.14346499204274
-128.4479337128987
-125.82183794591666
-123.26961546563298
-120.79594883100488
-118.40576157814995
-116.1042094835577
-113.89666592435101
-111.78870033033665
-109.78604874204015
-107.89457557826825
-106.12022589507089
-104.46896770241548
-102.94672430717257
-101.5592971732617
-100.31228041998638
-99.21096878758064
-98.26026163441573
-97.46456622351828
-96.82770412332692
-96.82770412332692
-96.82770412332692
-96.82770412332692
-96.82770412332692
-96.82770412332692
-96.82770412332692
-96.82770412332692
-96.82770412332692
-96.82770412332692
-96.82770412332692
