60.0 450.0 1.1853982210159302
60.0 450.0 1.5853981971740723
60.07514190673828 446.0933532714844 1.594658374786377
60.18645477294922 442.18756103515625 1.6039185523986816
60.33393096923828 438.282958984375 1.6131787300109863
60.51755905151367 434.3798828125 1.622438907623291
60.73732376098633 430.47869873046875 1.6316990852355957
60.993202209472656 426.5797119140625 1.6409592628479004
61.28517532348633 422.6832580566406 1.650219440460205
61.613216400146484 418.7896728515625 1.6594796180725098
61.977298736572266 414.8992919921875 1.6687397956848145
62.37739181518555 411.012451171875 1.6779999732971191
62.81345748901367 407.1294860839844 1.6872601509094238
63.28546142578125 403.2507019042969 1.6965203285217285
63.793365478515625 399.37646484375 1.7057805061340332
64.33712005615234 395.5071105957031 1.715040683746338
64.91668701171875 391.6429443359375 1.7243008613586426
65.5320053100586 387.7843017578125 1.7335610389709473
66.18302917480469 383.9315490722656 1.742821216583252
66.86970520019531 380.0849609375 1.7520813941955566
67.59197235107422 376.2449035644531 1.7613415718078613
68.34976196289062 372.4117126464844 1.770601749420166
69.14302062988281 368.585693359375 1.7798619270324707
69.97167205810547 364.7671813964844 1.7891221046447754
70.83564758300781 360.9565124511719 1.79838228225708
71.73487091064453 357.1540222167969 1.8076424598693848
72.66926574707031 353.3600158691406 1.8169026374816895
73.63875579833984 349.5748291015625 1.8261628150939941
74.64325714111328 345.79876708984375 1.8354229927062988
75.68267822265625 342.03216552734375 1.8446831703186035
76.7569351196289 338.2753601074219 1.8539433479309082
76.7569351196289 338.2753601074219 1.863203525543213
76.7569351196289 338.2753601074219 1.8724637031555176
76.7569351196289 338.2753601074219 1.8817238807678223
76.7569351196289 338.2753601074219 1.890984058380127
76.7569351196289 338.2753601074219 1.9002442359924316
76.7569351196289 338.2753601074219 1.9095044136047363
76.7569351196289 338.2753601074219 1.918764591217041
76.7569351196289 338.2753601074219 1.9280247688293457
76.7569351196289 338.2753601074219 1.9372849464416504
76.7569351196289 338.2753601074219 1.946545124053955
