-392.0665901292647
-393.9271062489396
-395.56816770008385
-396.97813015672796
-398.1471088253065
-399.06698409174396
-399.7313934844494
-400.13574060198994
-400.277282001695
-400.1550517764083
-399.7698970782013
-399.124438940322
-398.2230873807549
-397.07210205260526
-395.6794873971962
-394.0549975099861
-391.7996506567997
-389.57231862564817
-387.37348465830087
-385.20363677624357
-383.063267551656
-383.06334731358794
-379.7930342567664
-376.5368105935795
-373.29504502626605
-370.0681175101305
-366.8564195989686
-363.6603562684076
-360.4803419637402
-357.3168051800311
-357.31691834469865
-353.454902544292
-349.59599016180147
-345.7402851118138
-341.88789590823285
-338.03893591610347
-334.1935236197686
-330.35178290857556
-326.5138433814483
-322.67984067175263
-318.84991679400343
-315.0242205140909
-311.20290774485187
-307.38614196896293
-303.57409469131017
-299.7669459231724
-295.9648847007635
-292.16810964090314
-288.37682953682986
-284.59126399744133
-280.81164413353895
-277.0382132949781
-273.2712278629763
-269.5109581022191
-265.75768907782515
-262.0117216426936
-258.27337350126356
-254.54298035626616
-250.82089714565308
-247.10749937754323
-243.40318457174564
-239.7083738171958
-236.02351345549064
-232.34907690162302
-228.68556661401036
-225.03351622697912
-221.39349286001536
-217.7660996193157
-214.15197830847669
-210.5518264173197
-206.9663580524565
-203.39634973843513
-203.39634973843513
-199.40701793740624
-195.41812251750395
-191.42969075786343
-187.44175225611863
-183.45433917965795
-182.5684216332827
-180.68814250449537
-178.97999058500227
-177.5184242737629
-176.36888546717208
-175.58402413957947
-175.20038083342612
-175.1010724387708
-175.34211087300002
-175.91998482006122
-176.82633770690188
-178.04823932339576
-178.56660431251314
-179.28263619300068
-182.8459740550245
-186.42702833625245
-190.02479743122316
-193.6383496666021
-197.266817693117
-200.90939336494444
-204.56532306358
-204.5652040338565
-208.56482729686283
-212.56446468176281
-216.56411540612135
-220.56377874425476
-224.56345402217738
-228.56314061307845
-232.56283793326577
-236.56254543852094
-240.56226262081802
-244.5619890053641
-248.56172414792573
-252.56146763240923
-256.5612190686674
-260.5609780905082
-264.5607443538839
-268.5605175352423
-272.560297330023
-276.5600834512841
-280.5598756284461
-282.5414655555675
-284.4483828907702
-286.2063056787628
-288.6792713671288
-290.98573051779755
-293.1095543028813
-295.0361465326703
-296.7525816827269
-298.2474764550258
-299.51108687436624
-300.5352597782079
-301.3134429564828
-301.3677573865622
-301.3677882266563
-303.2804566592396
-305.2335613731524
-307.2259268090174
-309.2575786257379
-311.3277437664173
-311.32781759321733
-311.3279322146249
-307.4265468926001
-303.52772871760305
-299.63157790111245
-295.7381998650814
-291.84770557990015
-287.9602119285755
-284.0758420994876
-280.1947260103243
-276.3170007660643
-272.4428111541769
-268.57231018054085
-264.7056596499584
-260.84303079555605
-256.9846049618303
-253.13057434661937
-249.28114280786588
-245.4365267416948
-241.59695603906627
-237.76267512909422
-233.93394411805374
-230.11104003415178
-226.29425818931892
-222.48391367061595
-218.6803429753549
-214.88390580573602
-211.09498704072257
-207.31399890504755
-203.54138335769974
-199.77761472501103
-196.02320260660116
-192.27869508597956
-188.54468228160243
-184.82180027869688
-181.11073548724676
-177.41222947725225
-173.72708434879056
-170.0561687015769
-166.40042427671688
-162.76087335219242
-159.13862698336396
-158.28698321699625
-158.28709249996976
-154.4311357303038
-154.43122447215404
-151.322892891048
-148.2573193449572
-145.2372113863383
-142.26546456781935
-139.3451730473836
-136.4796398735114
-133.672386654431
-130.9271622440138
-128.24794999585444
-125.63897304777014
-123.10469700359813
-120.64982928163373
-118.27931430523802
-115.99832362942779
-113.81224003879333
-111.72663463090895
-109.74723593211628
-107.87989006181648
-106.13051222731077
-104.5050268283055
-103.0092990948394
-101.6490571943835
-100.42980642157862
-99.3567374067617
-98.43463099554131
-98.43463099554131
-98.43463099554131
-98.43463099554131
-98.43463099554131
-98.43463099554131
-98.43463099554131
-98.43463099554131
-98.43463099554131
-98.43463099554131
-98.43463099554131
