-390.18282003918176
-390.39853646201806
-390.6166927584885
-393.8470850680502
-397.53722777999883
-401.233277180443
-404.9351016523624
-408.6425142430555
-412.3553943139883
-416.07356541772566
-419.7969172022234
-423.52528287186203
-427.2585309340944
-430.99656453674385
-434.73923015734607
-438.48643948503064
-442.2380467973759
-445.9939712314201
-446.18370332387275
-446.18370332387275
-446.18370332387275
-446.15179769908167
-447.47727240108554
-448.8344808190155
-450.2231054511902
-451.642856402751
-453.0934409574414
-454.5746248561261
-456.08601891279693
-457.6273843643725
-459.1984195766871
-460.79876025997703
-462.42816273821
-462.30117408655735
-462.1164827406418
-461.90008207826315
-461.68247769435675
-461.4943328127213
-461.36226848949906
-461.30494655139205
-461.33047643180583
-461.43527472099646
-461.6044859743607
-461.81418019350735
-462.0348001874857
-462.23520963905656
-462.387198436998
-462.46935104911074
-462.4701817338906
-462.3895396436364
-462.23874461912925
-462.03905377545965
-461.81852639125276
-461.6083177271114
-461.43803272881553
-461.3317828934312
-461.3045891483325
-461.36029530326675
-461.4910536317253
-461.6783008392875
-461.895620828435
-462.1123522385075
-462.29790962206516
-462.4262541878068
-462.4792478674525
-462.4494705825208
-462.3411372490173
-462.1694539160829
-461.9585513148477
-461.73818152211015
-461.53941684224515
-461.3903184861942
-461.3119477831801
-461.3154560281708
-461.40032076555804
-461.5545153460882
-461.7562209282534
-461.9769799832264
-462.1856438801698
-462.35284292578325
-464.8456732348959
-467.35943953924027
-469.8937455508975
-472.44832110086105
-475.02277874719954
-477.6168575319586
-480.23017901006176
-482.8624912959094
-485.51342505203013
-488.1827374359024
-490.8700681136021
-493.5751834392739
-496.2976066016152
-496.79050159054134
-496.84569484137234
-496.81819022448303
-498.06627055473814
-499.3432125148768
-500.64885576782746
-501.98297653068363
-503.34534853419933
-504.735682147645
-506.15380761868386
-507.59949215319244
-509.07244010888024
-510.57247620276183
-512.0993625633985
-513.6528595807507
-515.2326659793199
-516.8386011032235
-518.4704223207448
-519.4060913468957
-519.4060913468957
-519.0014826616396
-518.6273482960956
-518.283814560131
-517.9709429291333
-517.6887881740059
-517.6887881740059
-515.9012347993587
-514.138524570998
-512.400975033648
-510.68884182036044
-509.00238328384086
-507.3417928288478
-505.7073860481285
-504.0994173174458
-502.5180825990451
-500.9636922399078
-499.4364975082282
-497.936751270249
-496.46463942498264
-495.02046871209444
-493.6044873491688
-492.2169318275094
-492.25254392809643
-492.20531445555446
-492.08183909181395
-491.8995103437935
-491.68399212969734
-491.4656705644067
-491.27532602670124
-491.1398351894108
-491.0783786259155
-491.0996415105347
-491.2006133710875
-491.3670323739202
-491.57537382005125
-491.79618077185205
-491.99818412565793
-488.7119347269403
-485.4363941560722
-482.1717805175065
-478.91831712458645
-475.67617347085695
-472.44569822610146
-472.5961237445475
-472.6763709821323
-472.67508453673304
-472.5924918534825
-472.4401701282682
-472.2395688594803
-472.01896062178434
-471.9032202426006
-471.73572577698155
-471.63325954957645
-471.61030933576745
-471.67016638104167
-471.80435541120767
-471.99386495950216
-472.2119147527463
-472.4277947667101
-468.75301721358903
-468.93584306111813
-469.06007069877387
-469.1082229731462
-469.0735291360521
-468.9608707625779
-468.7860906670743
-465.22270058855196
-461.66643942781633
-458.1174769469603
-454.57598028254625
-451.04212536498477
-447.5160932961759
-447.3053140353315
-443.3326205138634
-439.36043100717006
-435.3887291490186
-431.4175550906591
-427.44689690969517
-423.47679924528586
-419.5072444314971
-415.53828168010523
-411.5698978868796
-407.6021368194127
-403.63499003640646
-399.66850602953417
-395.7026711851657
-391.7375388424557
-387.7730970201847
-387.5524579055127
-383.6721164482603
-379.7942657012833
-375.91901256992696
-372.0464075253912
-368.1765341747399
-364.3094761603261
-360.44532762675635
-356.5841832086041
-352.7261416089897
-348.87130581607926
-345.019779655294
-341.17155687178456
-337.32686562776195
-333.4858280664803
-329.64857190518063
-325.815230749066
-321.98594442616945
-318.160859344704
-314.34012887461864
-310.52403538414654
-306.71263824087976
-302.90611478086686
-299.10465113500595
-295.3084383832191
-291.5176861450576
-287.7326103002366
-283.9534379071722
-280.180407911104
-276.4137719045711
-272.6537901570189
-268.9007467082138
-265.1549362407215
-261.41666974262677
-257.6863043691034
-253.96415303081469
-250.25058755560045
-246.54599598416598
-242.85078906810395
-239.1654018709709
-235.49028987333594
-231.82594752251035
-228.17289376048407
-224.53167964965425
-220.90289073981037
-217.28714963035458
-213.68511249162367
-210.09749059605485
-206.52503526653652
-202.96854743181362
-199.4288951335423
-195.90696958855716
-192.40375132216363
-188.92028111721356
-185.45767186044566
-185.45767186044566
-185.45767186044566
-185.45767186044566
-185.53308777682423
-185.34378387652563
-182.2207267558517
-179.13254819078423
-176.08109059322368
-173.068289389487
-170.09620553434183
-167.1670043013679
-164.28298302719932
-161.4465772380243
-158.6603259760209
-155.92692050094536
-153.24918570223505
-150.63009064393418
-148.07274708070912
-145.58040941142357
-145.74661753422518
-145.95487551351977
-146.17569174358306
-146.37794055709776
-146.53323462924493
-146.619850073711
-146.6256947514149
-146.54995289517126
-144.5410643137303
-142.6160448726233
-140.77833361134492
-140.6440633214927
-137.6878618379292
-134.7855074306668
-131.94053945059952
-129.15676499347418
-126.43822661866581
-123.78922147339576
-121.21429335997632
-118.71827813025182
-116.3062563275803
-113.98356015303462
-111.75575903996234
-109.62862292641701
-107.60813752769108
-105.70041871634835
-103.91167727717819
-102.2481573493566
-100.71604905112746
-100.71604905112746
-100.71604905112746
-100.71604905112746
-100.71604905112746
-100.71604905112746
-100.71604905112746
-100.71604905112746
-100.71604905112746
-100.71604905112746
-100.71604905112746
