62.32521438598633 452.13751220703125 0.7013334035873413
64.82169342041016 454.0722351074219 0.6172686219215393
67.47180938720703 455.79052734375 0.5332038402557373
70.25684356689453 457.28021240234375 0.4491390585899353
73.1571273803711 458.5307922363281 0.3650742769241333
76.15217590332031 459.533447265625 0.2810094952583313
79.22084045410156 460.28106689453125 0.1969446986913681
82.34143829345703 460.7684020996094 0.11287990212440491
85.49193572998047 460.9919738769531 0.02881510555744171
88.65008544921875 460.9502258300781 -0.055249691009521484
91.79357147216797 460.6434631347656 -0.13931448757648468
94.90019989013672 460.0738220214844 -0.22337928414344788
97.94802856445312 459.245361328125 -0.30744409561157227
100.91552734375 458.1639099121094 -0.39150887727737427
103.78174591064453 456.83709716796875 -0.47557365894317627
106.52643585205078 455.2742919921875 -0.5596384406089783
109.13021087646484 453.486572265625 -0.6437032222747803
111.5746841430664 451.48651123046875 -0.7277680039405823
114.56132507324219 448.82568359375 -0.7277680039405823
117.54796600341797 446.16485595703125 -0.7277680039405823
120.53460693359375 443.5040283203125 -0.7277680039405823
123.52124786376953 440.84320068359375 -0.7277680039405823
126.50788879394531 438.182373046875 -0.7277680039405823
129.49453735351562 435.52154541015625 -0.7277680039405823
129.4944610595703 435.5216369628906 -1.1277559995651245
131.20921325683594 431.9078369140625 -1.1277559995651245
132.92396545410156 428.2940368652344 -1.1277559995651245
134.6387176513672 424.68023681640625 -1.1277559995651245
136.3534698486328 421.0664367675781 -1.1277559995651245
138.06822204589844 417.45263671875 -1.1277559995651245
138.0681915283203 417.4527587890625 -1.5277440547943115
138.24034118652344 413.4564514160156 -1.5277440547943115
138.41249084472656 409.46014404296875 -1.5277440547943115
138.5846405029297 405.4638366699219 -1.5277440547943115
138.7567901611328 401.467529296875 -1.5277440547943115
138.92893981933594 397.4712219238281 -1.5277440547943115
139.10108947753906 393.47491455078125 -1.5277440547943115
139.2732391357422 389.4786071777344 -1.5277440547943115
139.4453887939453 385.4822998046875 -1.5277440547943115
139.61753845214844 381.4859924316406 -1.5277440547943115
139.78968811035156 377.48968505859375 -1.5277440547943115
139.9618377685547 373.4933776855469 -1.5277440547943115
140.1339874267578 369.4970703125 -1.5277440547943115
140.30613708496094 365.5007629394531 -1.5277440547943115
140.47828674316406 361.50445556640625 -1.5277440547943115
140.6504364013672 357.5081481933594 -1.5277440547943115
140.8225860595703 353.5118408203125 -1.5277440547943115
140.99473571777344 349.5155334472656 -1.5277440547943115
141.16688537597656 345.51922607421875 -1.5277440547943115
141.3390350341797 341.5229187011719 -1.5277440547943115
141.5111846923828 337.526611328125 -1.5277440547943115
141.68333435058594 333.5303039550781 -1.5277440547943115
141.85548400878906 329.53399658203125 -1.5277440547943115
142.0276336669922 325.5376892089844 -1.5277440547943115
142.1997833251953 321.5413818359375 -1.5277440547943115
142.37193298339844 317.5450744628906 -1.5277440547943115
142.54408264160156 313.54876708984375 -1.5277440547943115
142.7162322998047 309.5524597167969 -1.5277440547943115
142.8883819580078 305.55615234375 -1.5277440547943115
143.06053161621094 301.5598449707031 -1.5277440547943115
143.23268127441406 297.56353759765625 -1.5277440547943115
143.4048309326172 293.5672302246094 -1.5277440547943115
143.5769805908203 289.5709228515625 -1.5277440547943115
143.74913024902344 285.5746154785156 -1.5277440547943115
143.92127990722656 281.57830810546875 -1.5277440547943115
144.0934295654297 277.5820007324219 -1.5277440547943115
144.2655792236328 273.585693359375 -1.5277440547943115
144.43772888183594 269.5893859863281 -1.5277440547943115
144.60987854003906 265.59307861328125 -1.5277440547943115
144.7820281982422 261.5967712402344 -1.5277440547943115
144.9541778564453 257.6004638671875 -1.5277440547943115
145.12632751464844 253.6041717529297 -1.5277440547943115
145.29847717285156 249.60787963867188 -1.5277440547943115
145.4706268310547 245.61158752441406 -1.5277440547943115
145.6427764892578 241.61529541015625 -1.5277440547943115
145.81492614746094 237.61900329589844 -1.5277440547943115
145.98707580566406 233.62271118164062 -1.5277440547943115
146.1592254638672 229.6264190673828 -1.5277440547943115
146.15924072265625 229.6265411376953 -1.9277321100234985
144.76162719726562 225.87864685058594 -1.9277321100234985
143.364013671875 222.13075256347656 -1.9277321100234985
141.96640014648438 218.3828582763672 -1.9277321100234985
140.56878662109375 214.6349639892578 -1.9277321100234985
139.17117309570312 210.88706970214844 -1.9277321100234985
137.83009338378906 207.45849609375 -1.9595640897750854
136.31390380859375 203.75698852539062 -1.9595640897750854
134.79771423339844 200.05548095703125 -1.9595640897750854
133.28152465820312 196.35397338867188 -1.9595640897750854
131.7653350830078 192.6524658203125 -1.9595640897750854
130.2491455078125 188.95095825195312 -1.9595640897750854
130.24920654296875 188.9510498046875 -2.3595521450042725
130.24929809570312 188.95111083984375 -2.75954008102417
126.53768920898438 187.45980834960938 -2.75954008102417
122.82608032226562 185.968505859375 -2.75954008102417
119.11447143554688 184.47720336914062 -2.75954008102417
115.40286254882812 182.98590087890625 -2.75954008102417
111.69125366210938 181.49459838867188 -2.75954008102417
107.97964477539062 180.0032958984375 -2.75954008102417
104.26803588867188 178.51199340820312 -2.75954008102417
100.55642700195312 177.02069091796875 -2.75954008102417
96.84481811523438 175.52938842773438 -2.75954008102417
93.13320922851562 174.0380859375 -2.75954008102417
89.42160034179688 172.54678344726562 -2.75954008102417
85.70999145507812 171.05548095703125 -2.75954008102417
81.99838256835938 169.56417846679688 -2.75954008102417
78.28677368164062 168.0728759765625 -2.75954008102417
74.57516479492188 166.58157348632812 -2.75954008102417
70.86355590820312 165.09027099609375 -2.75954008102417
67.15194702148438 163.59896850585938 -2.75954008102417
63.44034194946289 162.107666015625 -2.75954008102417
59.728736877441406 160.61636352539062 -2.75954008102417
56.01713180541992 159.12506103515625 -2.75954008102417
52.30552673339844 157.63375854492188 -2.75954008102417
48.59392166137695 156.1424560546875 -2.75954008102417
44.88231658935547 154.65115356445312 -2.75954008102417
44.880149841308594 154.6507568359375 3.1238670349121094
44.88026428222656 154.65072631835938 2.723879098892212
41.22418975830078 156.27340698242188 2.723879098892212
37.568115234375 157.89608764648438 2.723879098892212
33.91204071044922 159.51876831054688 2.723879098892212
30.255966186523438 161.14144897460938 2.723879098892212
30.25606346130371 161.14137268066406 2.3238911628723145
32.726985931396484 158.41859436035156 2.29158878326416
35.107452392578125 155.61843872070312 2.2591302394866943
35.107452392578125 155.61843872070312 2.2266716957092285
35.107452392578125 155.61843872070312 2.1942131519317627
35.107452392578125 155.61843872070312 2.0281801223754883
35.10748291015625 155.61831665039062 1.6281920671463013
34.87802505493164 159.61172485351562 1.6281920671463013
34.64856719970703 163.60513305664062 1.6281920671463013
34.41910934448242 167.59854125976562 1.6281920671463013
34.18965148925781 171.59194946289062 1.6281920671463013
33.9601936340332 175.58535766601562 1.6281920671463013
33.96017837524414 175.5852508544922 1.228203535079956
35.30390167236328 179.35279846191406 1.228203535079956
36.647621154785156 183.12034606933594 1.228203535079956
37.99134063720703 186.8878936767578 1.228203535079956
39.335060119628906 190.6554412841797 1.228203535079956
40.67877960205078 194.42298889160156 1.228203535079956
42.022499084472656 198.19053649902344 1.228203535079956
43.36621856689453 201.9580841064453 1.228203535079956
44.709938049316406 205.7256317138672 1.228203535079956
46.05365753173828 209.49317932128906 1.228203535079956
47.397377014160156 213.26072692871094 1.228203535079956
48.74109649658203 217.0282745361328 1.228203535079956
50.084815979003906 220.7958221435547 1.228203535079956
50.084754943847656 220.79571533203125 0.828215479850769
52.789520263671875 223.74261474609375 0.828215479850769
55.494285583496094 226.68951416015625 0.828215479850769
58.19905090332031 229.63641357421875 0.828215479850769
60.90381622314453 232.58331298828125 0.828215479850769
63.60858154296875 235.53021240234375 0.828215479850769
66.31334686279297 238.47711181640625 0.828215479850769
69.01811218261719 241.42401123046875 0.828215479850769
71.7228775024414 244.37091064453125 0.828215479850769
74.42764282226562 247.31781005859375 0.828215479850769
77.13240814208984 250.26470947265625 0.828215479850769
79.83717346191406 253.21160888671875 0.828215479850769
82.54193878173828 256.15850830078125 0.828215479850769
85.2467041015625 259.10540771484375 0.828215479850769
87.95146942138672 262.05230712890625 0.828215479850769
90.65623474121094 264.99920654296875 0.828215479850769
93.36100006103516 267.94610595703125 0.828215479850769
96.06576538085938 270.89300537109375 0.828215479850769
98.7705307006836 273.83990478515625 0.828215479850769
101.47529602050781 276.78680419921875 0.828215479850769
104.18006134033203 279.73370361328125 0.828215479850769
106.88482666015625 282.68060302734375 0.828215479850769
109.58959197998047 285.62750244140625 0.828215479850769
111.03306579589844 286.90582275390625 0.6213731169700623
113.67610931396484 288.6349792480469 0.5373083353042603
116.45500946044922 290.1361083984375 0.45324355363845825
119.35013580322266 291.3985900878906 0.36917877197265625
122.3410415649414 292.41351318359375 0.28511399030685425
125.40660858154297 293.1737365722656 0.20104919373989105
128.52517700195312 293.6738586425781 0.11698439717292786
131.6747283935547 293.9103698730469 0.03291960060596466
134.83302307128906 293.881591796875 -0.051145195960998535
137.9776153564453 293.58770751953125 -0.13522258400917053
138.66192626953125 293.3765869140625 -0.46328696608543396
138.63491821289062 293.3976135253906 -0.8598345518112183
136.02565002441406 296.42779541015625 -0.859955906867981
136.0255889892578 296.4278869628906 -1.259943962097168
137.2490692138672 292.6195983886719 -1.259943962097168
138.47254943847656 288.8113098144531 -1.259943962097168
139.69602966308594 285.0030212402344 -1.259943962097168
140.9195098876953 281.1947326660156 -1.259943962097168
142.1429901123047 277.3864440917969 -1.259943962097168
142.14297485351562 277.3865661621094 -1.659932017326355
141.7869110107422 273.4024353027344 -1.659932017326355
141.43084716796875 269.4183044433594 -1.659932017326355
141.0747833251953 265.4341735839844 -1.659932017326355
140.71871948242188 261.4500427246094 -1.659932017326355
140.36265563964844 257.4659118652344 -1.659932017326355
140.006591796875 253.48179626464844 -1.659932017326355
139.65052795410156 249.4976806640625 -1.659932017326355
139.29446411132812 245.51356506347656 -1.659932017326355
138.9384002685547 241.52944946289062 -1.659932017326355
138.58233642578125 237.5453338623047 -1.659932017326355
138.2262725830078 233.56121826171875 -1.659932017326355
137.87020874023438 229.5771026611328 -1.659932017326355
137.51414489746094 225.59298706054688 -1.659932017326355
137.1580810546875 221.60887145996094 -1.659932017326355
136.80201721191406 217.624755859375 -1.659932017326355
136.44595336914062 213.64064025878906 -1.659932017326355
136.0898895263672 209.65652465820312 -1.659932017326355
135.73382568359375 205.6724090576172 -1.659932017326355
135.3777618408203 201.68829345703125 -1.659932017326355
135.02169799804688 197.7041778564453 -1.659932017326355
134.8423309326172 197.0108642578125 -1.9879963397979736
133.22152709960938 193.3539581298828 -1.9879963397979736
131.60072326660156 189.69705200195312 -1.9879963397979736
131.6007843017578 189.6971435546875 -2.387984275817871
128.6838836669922 186.96005249023438 -2.387984275817871
128.68399047851562 186.96011352539062 -2.7879722118377686
124.93148803710938 185.57492065429688 -2.7879722118377686
121.17898559570312 184.18972778320312 -2.7879722118377686
117.42648315429688 182.80453491210938 -2.7879722118377686
113.67398071289062 181.41934204101562 -2.7879722118377686
109.92147827148438 180.03414916992188 -2.7879722118377686
106.16897583007812 178.64895629882812 -2.7879722118377686
102.41647338867188 177.26376342773438 -2.7879722118377686
98.66397094726562 175.87857055664062 -2.7879722118377686
94.91146850585938 174.49337768554688 -2.7879722118377686
91.15896606445312 173.10818481445312 -2.7879722118377686
87.40646362304688 171.72299194335938 -2.7879722118377686
83.65396118164062 170.33779907226562 -2.7879722118377686
79.90145874023438 168.95260620117188 -2.7879722118377686
76.14895629882812 167.56741333007812 -2.7879722118377686
72.39645385742188 166.18222045898438 -2.7879722118377686
68.64395141601562 164.79702758789062 -2.7879722118377686
64.89144897460938 163.41183471679688 -2.7879722118377686
61.138946533203125 162.02664184570312 -2.7879722118377686
57.386444091796875 160.64144897460938 -2.7879722118377686
53.633941650390625 159.25625610351562 -2.7879722118377686
49.881439208984375 157.87106323242188 -2.7879722118377686
46.128936767578125 156.48587036132812 -2.7879722118377686
42.376434326171875 155.10067749023438 -2.7879722118377686
42.376434326171875 155.10067749023438 -2.7879722118377686
42.376434326171875 155.10067749023438 -2.7879722118377686
42.376434326171875 155.10067749023438 -2.7879722118377686
42.376434326171875 155.10067749023438 -2.7879722118377686
42.376434326171875 155.10067749023438 -2.7879722118377686
42.376434326171875 155.10067749023438 -2.7879722118377686
42.376434326171875 155.10067749023438 -2.7879722118377686
42.376434326171875 155.10067749023438 -2.7879722118377686
42.376434326171875 155.10067749023438 -2.7879722118377686
42.376434326171875 155.10067749023438 -2.7879722118377686
