-390.9993721534774
-391.6766131955937
-391.9952233236516
-391.9380953174073
-391.50827143116294
-390.7288706081065
-389.6419893472264
-388.30678111933065
-386.7965364517605
-385.19504943767976
-384.6286013532618
-384.1272869185381
-383.7496353958601
-383.08496591908323
-382.792427288111
-382.88941459295154
-382.9442474162087
-385.1062048567699
-387.2974070168577
-389.5173603545261
-389.51726787963264
-392.8731778578728
-396.2410451487671
-399.6205674358418
-399.62044417505274
-403.56873226835853
-407.51802914381466
-411.4683057543718
-415.4195341507579
-419.3716874304195
-423.3247396892693
-427.2786659760618
-431.23344224923426
-435.1890453360581
-439.14545289395966
-443.1026433738773
-447.06059598553236
-451.0192906644976
-454.9786771998204
-454.97855526320956
-458.84723884432174
-462.7181550175476
-466.59124821705876
-470.4664646760566
-470.60212196201485
-473.8304160290163
-477.07040239863335
-480.3218444614411
-480.32178547724243
-482.42969179672224
-484.56144881293426
-486.7167431369858
-488.8952634763754
-488.89520188759593
-489.6247279714278
-490.3857972172911
-491.17826298123265
-492.00197355250816
-492.8567722729842
-493.7424976772859
-494.65898363553896
-495.6060594984321
-496.5835502443286
-497.59127662815706
-498.6290553318126
-499.6966991158055
-500.79401697189536
-501.92081427645684
-503.07689294432436
-504.2620515828731
-505.4760846007751
-505.4760846007751
-505.14081095350025
-504.83700912555304
-504.5647359651201
-504.32404253705073
-504.11497407527816
-503.9375699405311
-503.79186358342554
-503.6778825130183
-503.5956482708908
-503.5451764108197
-503.5264764840794
-503.53955203040874
-503.58440057466146
-503.66101362914856
-503.76937670166643
-503.9094693091939
-503.9095003219562
-502.5106605656962
-501.1398440811741
-499.7972814505067
-498.48320096169033
-497.197828447381
-495.94138712215994
-494.71409741849413
-493.5161768216123
-492.34783970352595
-491.20929715643547
-490.10075682576957
-489.0224227431165
-487.9744951593116
-486.9571703779554
-485.9706405896425
-485.01509370718804
-485.01509370718804
-482.64593717282014
-480.2984075855178
-477.97282360303217
-475.6695071066078
-473.3887831298371
-471.1309797809623
-468.8964346035799
-466.68546880285544
-464.49842552332666
-463.4679716352764
-462.17585938380324
-460.69325088910176
-459.10248660004765
-458.5322474316334
-457.0540675310481
-455.7721251158399
-454.76073862458156
-454.07906565973
-453.7671080909597
-453.82335377274876
-454.06885606651286
-454.47486610375756
-454.9939150398066
-456.5888829371127
-458.19650334101334
-459.72627126070535
-461.09295242842535
-461.09287254447804
-461.09284780759083
-461.4779154312536
-461.8973029393669
-462.35091693969
-462.83865679922184
-463.36041475385923
-463.9160760250219
-464.50551894295523
-465.12861507641014
-465.7852293683853
-466.4752202776093
-467.1984399254281
-467.95473424775645
-467.968455425438
-467.54725539248227
-466.7748293470108
-466.66621368472175
-466.5266573885191
-462.5951674997083
-458.6648624427138
-454.73577293922654
-450.8079307723079
-446.88136883217226
-442.956121164336
-439.0322230202741
-435.1097109107373
-435.1098209182451
-431.1918274162197
-427.2753538352695
-423.36044235740155
-419.4471367223035
-415.53548229905346
-411.6255261617764
-407.7173171695013
-403.8109060504883
-399.9063454913175
-396.00369023105054
-392.10299716080056
-388.20432542907076
-384.3077365532485
-380.41330234449714
-376.5210815484267
-372.63114352390704
-368.7435605149718
-364.85840780002485
-360.9757638502427
-357.09571049782943
-353.2183331148306
-349.3437208032738
-345.4719665974628
-341.603167679323
-341.603167679323
-338.4479242107101
-335.31070763995604
-332.192028704718
-329.0924144269858
-326.0124085879069
-324.90781133765535
-324.1175931704027
-324.08809779759554
-324.08152174791775
-322.5772967366663
-321.11544520808576
-321.1153659366934
-321.1153659366934
-324.7999459313911
-328.49190503364593
-332.19099721012066
-335.8969868002631
-339.6096480001107
-343.3287643749695
-347.0541283992294
-350.78554102168397
-354.5228112548238
-358.26575578666825
-362.0141986137878
-365.76797069425675
-369.52690961935036
-373.2908593028788
-377.05966968711596
-380.83319646434916
-384.61130081313445
-388.3938491484005
-392.180712884597
-393.75996440717955
-395.37274254080614
-396.9280840297497
-398.33928610146245
-399.5285311180104
-399.8240658350911
-399.9378669544626
-399.85687260560627
-399.18541817529416
-398.19099427053055
-396.9276236257142
-395.46447375470746
-394.89609438697437
-394.33263813003646
-393.83962746651406
-392.7521758984392
-391.98149315840135
-391.9815155936606
-391.9815039357594
-393.64028605747137
-395.33258161357867
-397.0579620927991
-397.0579620927991
-400.07321162936904
-403.10559927112854
-406.15474115437814
-406.15474115437814
-407.74190462119515
-409.35286813888905
-410.8968847177818
-412.28789652681496
-413.44924418130785
-414.31747766279096
-414.84551768856295
-414.8717204126674
-414.48497439342395
-413.7446128815718
-412.690699955187
-411.38065700253554
-410.8380170870978
-410.2635376627623
-409.7238692629425
-408.43124434269066
-407.4064432158888
-407.4065141704717
-407.4064992943974
-408.3466401355674
-409.3237121966835
-409.3237121966835
-409.3237121966835
-410.8103329925666
-412.40332405970287
-414.0119765043599
-415.54576785114597
-416.91930256381244
-418.05692091973924
-418.8964779167909
-419.39244535647674
-419.51804208345476
-419.3984045294779
-418.6280991951074
-417.5486774991664
-416.21898958694845
-415.67246386252634
-415.0982207234449
-414.56288173205013
-413.291146417917
-413.2070285692557
-413.20707190989435
-413.21733599443803
-413.2173202877287
-414.8184309668237
-416.45180684899526
-416.45180684899526
-417.7598948621212
-419.2551545209304
-420.4774928872349
-422.07747992039174
-423.5834023950157
-424.9116049826728
-425.98903297036446
-426.7568773642975
-426.8755208536663
-426.79929441517663
-426.14025614475185
-425.15633320673015
-423.90110085691754
-423.3698927746252
-422.79607557098245
-422.24619037231025
-420.9011400806298
-420.8076082392676
-420.8076494234167
-420.5061715758628
-420.2425523695278
-420.0168630891623
-420.0168630891623
-420.0168630891623
-421.2487999857884
-422.6933991263385
-423.259562455599
-424.86165463853195
-426.3735450323836
-427.711212360365
-428.8010056866411
-429.58344770768326
-429.7078755110522
-429.63633972149324
-428.9943950581386
-428.02535708252503
-426.78197510278454
-426.2533507344459
-425.67989608576937
-425.1281009707527
-423.7727457206834
-423.6778668806238
-423.67790561564686
-423.3295902846332
-423.01881312664403
-423.01881312664403
-423.01881312664403
-424.2282424327587
-425.6572138023095
-426.2211837706957
-426.7891817187882
-428.24917972899226
-429.50779758572764
-430.4959365367244
-431.1597801012837
-431.23773934774914
-431.113773939863
-430.35639973410514
-429.2878445138011
-428.80063690203264
-428.23958395871324
-427.6695994966429
-426.1939965996768
-426.0820491743087
-426.01587910853715
-424.98970412287963
-423.9987829927506
-423.9987829927506
-423.9987829927506
-425.00693109418825
-426.2865438790222
-426.8235141875226
-427.3978822593323
-428.95350946337817
-430.36510821944466
-431.5547064512664
-432.45716329515835
-432.6307318218605
-432.61047298805516
-432.09813128786135
-431.2437200914815
-430.0936745441997
-429.5864576942683
-429.01815723595695
-428.45458892164754
-428.3273715295422
-428.23937995150726
-428.24736804753826
-428.11636832934346
-428.11636832934346
-428.87961159361816
-429.96047463153576
-431.2957997836264
-431.84386509607305
-432.4179644467201
-433.9457953516319
-435.30932726863625
-436.4334003260058
-437.2565515897342
-437.7340820802806
-437.7413220760307
-437.5560251672775
-436.6230057499651
-435.4085214760966
-434.8863069055084
-434.31403391044944
-433.75800748975223
-433.63569054230874
-433.55502254100105
-432.1065119836175
-430.69028069693564
-429.30664813743454
-429.30664813743454
-429.30664813743454
-430.1799385104076
-431.35198723481864
-432.7544269640352
-433.31432590282026
-433.88493546705314
-435.3675121293373
-436.65964145408054
-437.6903042959936
-438.40330889487
-438.50032612608015
-438.40239950660884
-437.6871394800195
-436.65452308225275
-436.176479451047
-435.6192986500174
-435.04744650565675
-434.91293512526255
-434.81328644598125
-432.79323729578385
-430.8008570761596
-428.83653143793845
-428.83653143793845
-428.83653143793845
-429.482060940634
-430.46250785449706
-431.72040744219174
-433.1826557296636
-433.75107724097603
-434.31499413508624
-435.74176122960984
-436.952585401463
-437.8810836418684
-438.4767116902266
-438.52845643732354
-438.26417267659406
-437.53023624482614
-436.4815955199066
-435.9994568938068
-435.4405088262008
-434.86942839973864
-434.7358114136849
-434.6376561424463
-432.662978404269
-430.7163957931128
-430.7163957931128
-430.7163957931128
-431.3694050426954
-432.356287820584
-433.61924827625626
-435.08487461316486
-435.6537190379731
-436.2165549692671
-437.63952601111436
-438.84498000742764
-439.76686391957946
-440.35496893738656
-440.40384067891813
-440.0790604440942
-439.39547988935067
-438.39013772548157
-437.91915736963125
-437.3651535298567
-436.7922249782685
-436.6562918415578
-436.554230202594
-434.458786373542
-432.39019215125575
-432.39019215125575
-432.39019215125575
-432.990658094554
-433.93187944329856
-435.15869225615074
-436.5997175630206
-437.16539632296633
-437.7319234520401
-439.1805778311145
-440.4226159346662
-441.3898815820382
-442.02965993507826
-442.0982876786405
-441.9721886757776
-441.18548685732947
-440.0919775493469
-439.5985246893557
-439.0349950869499
-438.4666466174974
-438.3356612724349
-438.2418128635959
-436.3987511203713
-436.3987511203713
-436.1180883486999
-435.87395431605034
-435.97792826568315
-436.4645745507026
-437.30515186353017
-438.4503342501311
-439.8333381561746
-441.37417331409716
-441.94864681096954
-443.4998141428719
-444.9033511282666
-446.08170769721255
-446.9703014394472
-447.52079147357927
-447.5553614850633
-447.39386916287623
-446.52583768014586
-446.09184886788233
-445.5568311966434
-443.9487887175735
-443.8026037146694
-443.6798938249656
-440.9199115218974
-440.9199115218974
-440.9199115218974
-441.1813289462919
-441.81634742245427
-442.78755150991464
-444.03812668759014
-444.56895302585195
-445.1427248988952
-446.71002212200045
-448.14351802196853
-449.36378179049285
-450.30385441753515
-450.91251127421805
-450.9691689216922
-450.8313768959756
-450.0151903852556
-449.595707628716
-449.06895792307074
-447.4671231833976
-447.3197655871961
-447.19387015879937
-444.3256958973759
-441.47513034767223
-441.47513034767223
-441.04598276535665
-441.0018766762338
-441.3454063191527
-442.056283924488
-443.0927167700736
-444.39411543806267
-445.88499618392154
-446.4565488066124
-447.01450654678683
-448.40682864995995
-449.5697837421923
-450.43961173410906
-450.96901213470517
-450.9956200911688
-450.81973965904024
-449.93639088754503
-449.49814426554974
-448.9607738527531
-447.3513162446232
-447.20553134967304
-445.83194953790155
-445.83194953790155
-443.93421303399924
-443.35140292855453
-443.1457794093834
-443.32950235066903
-443.8916818613834
-444.7992449077803
-445.99897333183856
-447.4210463669582
-448.9834496520682
-450.5969097448078
-451.22246891597825
-452.591467420567
-453.72277473673074
-454.55444002073864
-455.04071653857886
-455.05128913578886
-454.62160392176986
-453.84158981576815
-453.43236541403314
-452.91171037487584
-451.31544205967685
-451.16737439725813
-449.73392053868025
-446.4314897640154
-446.4314897640154
-445.7325301408926
-445.4019354239815
-445.4592235211866
-445.9009835624711
-446.7011984742579
-447.81286433642106
-449.1711442480292
-450.69745789306194
-452.3043215974495
-453.9005847072208
-455.3966551939925
-456.7093474657669
-457.7663731779278
-458.50995993638236
-458.6189489151009
-458.53299802460623
-457.84826731448516
-457.4666879463852
-456.0956947339148
-454.56335249008333
-454.4132849640412
-452.8738593316626
-451.49327577738507
-448.3503476296648
-445.22117019725164
-442.10603545835073
-440.9833732752711
-440.1699996679426
-439.71368894515126
-439.64135120950743
-439.9572300140161
-440.6427031006358
-441.65744291882265
-442.9420740971316
-444.422054864933
-446.0122563836867
-447.6221329365407
-449.16104593095065
-450.5431456978002
-451.6921608060922
-452.5451287956956
-453.0556244653704
-453.19601643190816
-452.9586933542755
-452.71632716874353
-451.64763835634403
-450.32598034694604
-450.18262036324666
-448.5691219719775
-447.0055864942291
-443.27766688055596
-439.5545307389578
-439.5545307389578
-438.5470435215674
-437.87004157506266
-437.56336075328966
-437.64510102328904
-438.11045266624365
-438.93194875196247
-440.06136488099435
-441.43281506902724
-442.9669378190474
-444.57585149205744
-446.1683761106246
-447.6551510529818
-448.95361462584356
-449.9923351936151
-450.7145739293067
-451.08112145078996
-451.072125225375
-450.90595509248806
-450.5653793278293
-449.2784284174743
-449.13680406869804
-447.5237242093075
-445.9465705008964
-442.1675562908609
-438.39246319970414
-434.621393403187
-430.8544525434355
-427.0917498718874
-423.3333983990748
-422.8355428172913
-421.7281685774756
-420.93336801542836
-420.4978861437445
-420.4474688019962
-420.78510355596273
-421.4908349296868
-422.5230506906378
-423.82132663028494
-425.31024794986996
-426.9041482251915
-428.51234613790797
-430.04431592365347
-431.4147423293825
-432.54807541795753
-433.3823501054722
-433.87225963512583
-433.8841042058986
-433.7032057246942
-433.60846488591704
-433.4769759598866
-431.89296801695
-431.89296801695
-431.3882421192797
-430.2528641529374
-429.4242286857387
-428.95101749596313
-428.8612016069596
-429.1600444963792
-429.8299241872526
-430.83137319677434
-432.10574271794405
-433.57896740848366
-435.16625353783513
-436.7771908028739
-438.3209873595923
-439.7115806270809
-440.8721739182454
-441.73924952073605
-442.2656283586875
-442.4228402457889
-442.314222356549
-441.57163002590625
-441.4652260287858
-441.3268738412452
-437.4119079867534
-433.4984946743226
-429.58667633361415
-425.6764969363295
-425.6764969363295
-421.7466602337236
-417.81815516128506
-413.89101963708293
-409.96529301860835
-406.04101617103595
-405.37372943079686
-404.0844412746727
-403.0640105614428
-402.3723161007177
-402.05019231632446
-402.1167071441279
-402.5679602455194
-403.37720796574547
-404.4967552097986
-405.8610765104739
-407.3910671056716
-408.9989524762725
-410.59348468456636
-412.08527959450277
-413.3915661444353
-414.44059571883025
-414.67464745291727
-414.7197822344982
-414.3849643448543
-414.31056793973113
-414.1926942664213
-410.6401362182156
-407.09587943039656
-403.56014261985433
-400.0331517009086
-400.0331517009086
-396.05083816888174
-392.06888467311336
-388.08730229601434
-384.1061025784551
-380.1252975436613
-376.1448997226163
-372.1649221810819
-368.1853785483587
-364.2062830479168
-360.227650530042
-356.2494965066513
-352.27183718844844
-348.2946895246044
-344.31807124516445
-340.34200090640206
-336.3664979393612
-332.39158270185015
-328.41727653417564
-324.4436018189343
-320.47058204520874
-319.89691864909844
-318.37862594291744
-318.2598777467132
-317.35013669901093
-315.5309843396525
-315.5309843396525
-315.53218614276756
-316.23990207047177
-317.2751327237117
-318.5765392287927
-320.067860679201
-320.6394534946963
-321.19727313333453
-321.67681882474943
-322.7160147751615
-323.4405041700698
-323.81155195750995
-323.80002212691124
-323.80009181660967
-323.80019908455404
-323.25685782815157
-319.3086049508926
-318.73414366540004
-317.19266325489224
-317.0698713910865
-316.1005081017351
-316.1005081017351
-316.1005081017351
-316.72622488224556
-317.69096999338177
-318.9374874386239
-320.39250841640745
-320.96007202780896
-321.52459744808135
-322.02076245511813
-323.12595765787717
-323.9280505683452
-324.3840792645347
-324.4697634855573
-324.46980006007175
-324.4698727039149
-321.4398953219215
-321.4400066218408
-320.87147925966866
-320.30818525691024
-320.1811632615771
-319.14740187853243
-318.4413589485017
-318.4413589485017
-318.7463341031724
-319.4236833458598
-320.4329198959878
-321.71421075577047
-323.192449079043
-323.7627307097591
-324.323252036997
-324.809213524101
-325.873515350158
-326.62728692676916
-327.0301964957497
-327.02169856245007
-327.02173875335956
-327.02184632367135
-323.56071722680593
-320.11214851748224
-316.676552190695
-313.2543534602174
-309.8459962491963
-306.45194239394294
-303.0726724366113
-299.7086864510333
-296.36050490243053
-296.36050490243053
-292.42791654924304
-288.49718195897293
-284.56837794954765
-280.641585601697
-276.71689055578594
-272.7943833335305
-268.874159687036
-264.9563209778707
-261.0409745891961
-257.12823437432223
-253.21822114544918
-249.31106320679996
-245.40689693685172
-241.50586742494335
-237.60812916818358
-233.7138468353219
-229.82319610508108
-225.93636458740983
-222.05355283720542
-218.17497547130912
-214.30086240101153
-210.431460193951
-206.56703358118318
-202.70786712737893
-198.85426708462342
-195.00656345319388
-191.16511227605443
-187.33029819769848
-183.50253732248757
-179.68228041288162
-175.8700164740598
-172.06627677853928
-168.2716393926852
-164.48673427667364
-164.33814261866058
-160.3435665923375
-156.349267673722
-152.35526765761864
-152.35538192327218
-148.77355198970977
-145.2135597975241
-145.21365628648445
-142.69735362513057
-140.25000356537834
-137.87527797799163
-135.5769931215287
-133.35910114869685
-131.2256783691684
-129.1809098770219
-127.22907017976995
-125.37449952007447
-123.62157566523825
-121.97468105697203
-120.4381653666753
-119.01630368893983
-117.71325082424674
-116.53299234291057
-115.47929337383577
-114.5556463069139
-113.76521881671847
-113.36626317916698
-113.45556867363784
-113.51050111801197
-113.61397634159556
-113.61385940380447
-113.61373521905793
-117.54936666318936
-121.48920287410583
-125.43284763821768
-125.43273109068873
-128.8281387087696
-132.25735789161573
-135.71782568544145
-139.2072117388493
-142.72339503541028
-146.26444297836272
-149.8285926254254
-153.4142338750503
-157.01989441414608
-160.64422624918248
-164.2859936561102
-167.94406239864642
-171.61739007849232
-175.3050174945211
-175.3050174945211
-178.13359014456216
-181.00636100515607
-183.9212590837285
-186.87631308872767
-189.86964811787436
-192.89948209171473
-195.96412206874805
-199.06196049766936
-202.1914714528119
-205.35120689055591
-208.53979295721865
-211.75592637267187
-212.15566500080126
-212.90592856749876
-213.30883739740906
-213.30056333663745
-213.236699986729
-210.89979309050264
-208.6134112018511
-206.37923355850907
-204.19897369573604
-202.07439151458024
-200.0072460606597
-197.9993362886253
-197.9994191741555
-194.83908764111953
-191.71012035770232
-188.61407825908833
-185.55260947425722
-182.52745366959698
-179.54044934154672
-176.59352958842163
-173.68873472768348
-170.828213671469
-168.01422778187907
-165.24915438262258
-162.53548980846347
-159.8758518552975
-157.27298147396948
-154.7297435305852
-152.24912643573498
-149.83424042562086
-148.7310941653626
-148.60014877327373
-148.6002713881844
-148.60038606222224
-148.60048020481565
-146.0891127784963
-143.64524042574337
-141.27236598424346
-138.9741262028924
-136.75428754951972
-134.61672451877303
-132.56541715250236
-130.60442977609125
-128.7378898270675
-126.9699626871711
-125.30482241360194
-123.7466183905413
-122.29943807618834
-120.96726620071992
-119.75394097092372
-118.66310804848476
-117.69817327831598
-116.86225533527006
-116.15813961452059
-115.58823479504434
-115.1545335316138
-114.858579005636
