-390.9993721534774
-391.6766131955937
-391.9952233236516
-391.9380953174073
-391.50827143116294
-390.7288706081065
-389.6419893472264
-388.30678111933065
-386.7965364517605
-385.19504943767976
-384.6286013532618
-384.1272869185381
-383.7496353958601
-383.08496591908323
-382.792427288111
-382.88941459295154
-382.9442474162087
-385.1062048567699
-387.2974070168577
-389.5173603545261
-389.5172986374016
-392.8732085560987
-396.2410756592246
-399.62059763358707
-399.62050518799583
-403.5687925156207
-407.51808854172117
-411.46836422166774
-415.4195916085168
-419.3717438019563
-423.32479490005704
-427.27871995365274
-431.23349492318374
-435.1890966378524
-439.1455027569466
-443.1026917332005
-447.06064277806763
-451.0193358287926
-454.97872067604175
-454.97859873942616
-458.84728162737093
-462.71819724326633
-466.59129001791604
-470.46650618126046
-470.60216339229356
-473.8304590375903
-477.0704472503664
-480.3218914157257
-480.32183190069065
-482.42968121501997
-484.56138154765864
-486.71661951374205
-488.895083824488
-488.8950223786175
-489.624493754012
-490.38550840447573
-491.1779197137426
-492.00157598069075
-492.8563205566173
-493.7419919853797
-494.6584241461318
-495.60544639838054
-496.5828837290928
-497.5905569015809
-498.62828260589987
-499.6958736104921
-500.79313891481837
-501.91988390272036
-503.07591049626296
-504.2610173098132
-505.4750008494542
-505.4750008494542
-505.13967310729913
-504.83581716731567
-504.5634898879256
-504.3227423442485
-504.11361978051417
-503.9361615677639
-503.7904011669329
-503.6763660973939
-503.59407791103126
-503.54355217190175
-503.52479844152737
-503.5378202698521
-503.5826151918829
-503.6591747300224
-503.7674844020876
-503.90752373499737
-503.90755873364157
-502.50865715919286
-501.1377786046775
-499.79515366156267
-498.4810106274842
-497.1955753450243
-495.9390710389736
-494.7117181522885
-493.513734180962
-492.34533350804065
-491.20672723702506
-490.0981230249032
-489.01972491507536
-487.9717331704342
-486.95434410687585
-485.96774992752
-485.0121385579275
-485.0121385579275
-482.64293816444734
-480.2953643294262
-477.9697357129545
-475.66637419890895
-473.38560482381683
-471.1277556991679
-468.8931579269507
-466.68214550819425
-464.4950552442986
-463.46459055678366
-462.17246684586075
-460.6898461606907
-459.0990689260615
-458.52881616065633
-457.05066248550395
-455.76873238610483
-454.757371250332
-454.07572340910616
-453.76379744908394
-453.82007634754984
-454.0656119431215
-454.4716278579715
-454.99068290697204
-456.5856357840227
-458.19324180445483
-459.7230171451042
-461.08968536402307
-461.08961855754967
-461.08957932458003
-461.4745595084006
-461.8938600268022
-462.3473875049783
-462.8350413269621
-463.3567137452693
-463.9122899975089
-464.50164842967223
-465.12466062579983
-465.78119154371274
-466.47109965648326
-467.1942370993133
-467.9504498214769
-467.96417287739473
-467.5429360076119
-466.77049862045965
-466.66188329651806
-466.5223271809024
-462.5908174407453
-458.66049228213353
-454.7313824207225
-450.80351963334743
-446.87693680379897
-442.95166797096425
-439.02774837947584
-435.10521453302016
-435.1053245405324
-431.1873741632522
-427.27094407560065
-423.3560764697797
-419.4428150960428
-415.5312053344208
-411.62129427039645
-407.71313077477936
-403.80676558805277
-399.90225140948274
-395.99964299130113
-392.09899723829824
-388.2003733131852
-384.3038327481135
-380.4094317559689
-376.51724483984395
-372.6273413794986
-368.7397936407168
-364.85467692455586
-360.9720697257951
-357.09205390123867
-353.2147148485813
-349.34014169660304
-345.46842750752114
-341.59966949239674
-341.59966949239674
-338.44449918732573
-335.3073574870862
-332.1887551705406
-329.0892193015475
-326.0092937037509
-324.9047262163599
-324.11454682492143
-324.08505266548434
-324.07847633852606
-322.5740975794882
-321.1122134035066
-321.1121539491037
-321.1121539491037
-324.7968929096186
-328.48900749520794
-332.1882517762579
-335.89439019233623
-339.6071970361222
-343.32645596620836
-347.05195954703566
-350.7835088143297
-354.5209128645076
-358.2639884666191
-362.01255969547657
-365.7664575847098
-369.525519798564
-373.289590321329
-377.05851916336223
-380.83216208272734
-384.6103803215365
-388.39304035613776
-392.1800136603434
-393.75929554122587
-395.37207297096984
-396.92737695757944
-398.33851094365605
-399.52765102411325
-399.8231345701904
-399.9368852472791
-399.8558281208872
-399.1842539424519
-398.18972943737276
-396.9262488687443
-395.46304119391164
-394.8946369907603
-394.33118835662657
-393.8382179545266
-392.7508487132018
-391.98028748578236
-391.9802973599029
-391.98027314083726
-393.63940205345483
-395.3320416125976
-397.05776325531633
-397.05776325531633
-400.07324204191
-403.1058554792823
-406.1552197529816
-406.1552197529816
-407.74241343421994
-409.35337734991566
-410.8973308636601
-412.288278534498
-413.4495492649716
-414.3176695903811
-414.8455534669613
-414.8717293972201
-414.4848270679543
-413.7443237174627
-412.69031617495574
-411.38019677238026
-410.8375351248151
-410.2630597289172
-409.72340512068973
-408.43084565289075
-407.40615336599046
-407.406206583322
-407.40621392855394
-408.34674963101554
-409.3242148179819
-409.3242148179819
-409.3242148179819
-410.8108903561147
-412.40388903543226
-414.01254244191995
-415.54627730069456
-416.9197208224947
-418.057212893326
-418.89663029723647
-419.3924435339828
-419.5178699002346
-419.3982001870081
-418.62777671342315
-417.5482274230042
-416.2184577555204
-415.6719103497485
-415.0976430029195
-414.56231142829967
-413.29066819995745
-413.20657690848293
-413.2066023909107
-413.2172821936705
-413.2172548540484
-414.8187575607765
-416.45252252024414
-416.45252252024414
-417.76072154978846
-419.2560393067193
-420.4642891155815
-422.0639311582306
-423.5689745957982
-424.8957861890451
-425.97139217823866
-426.73710549484093
-426.8548950230839
-426.777820619585
-426.1165518061049
-425.1307086387553
-423.8739528642734
-423.34240854586585
-422.7685539203761
-422.2189038709848
-420.8752162388159
-420.7818844958578
-420.7819365661107
-420.4865428759866
-420.22901752784736
-420.0094301776916
-420.0094301776916
-420.0094301776916
-421.2429715753428
-422.68867918896143
-423.2549999106597
-424.8505366236986
-426.3612041492564
-427.6969453081502
-428.7842047791644
-429.5636560853389
-429.6868834984258
-429.614127804978
-428.96903543925515
-427.9972366375454
-426.7516491126879
-426.22254479358816
-425.64902095502174
-425.09756280152914
-423.7440934550282
-423.6494558738582
-423.64950622351415
-423.3098186933344
-423.00768448556755
-423.00768448556755
-423.00768448556755
-424.219403128195
-425.6499915783105
-426.21418821608853
-426.78199587538535
-428.24053872582107
-429.49698174660966
-430.4823934912925
-431.14312962285084
-431.21988273969936
-431.0950523406449
-430.3342728405432
-429.26283473533846
-428.77491584992197
-428.2135625947635
-427.64375077767045
-426.16970296319926
-426.05800434833316
-425.99216024019165
-424.97531177225073
-423.99376238949793
-423.99376238949793
-423.99376238949793
-425.00495411771305
-426.28693602869066
-426.8243993926042
-427.39878682348314
-428.9533688961678
-430.3631105545728
-431.55012359252856
-432.4494100483416
-432.62216049065376
-432.60061784776855
-432.08487791660843
-431.2274314111777
-430.07484931739856
-429.56703489737885
-428.9985351524533
-428.4352162007614
-428.3081745245208
-428.2204574508493
-428.2283847426471
-428.1063487711007
-428.1063487711007
-428.8727762006882
-429.95633881487225
-431.2936700210789
-431.8421205067659
-432.41614581419196
-433.9428236481095
-435.30445183593406
-436.42596643319325
-437.2460724298555
-437.3854653258303
-437.33045759441114
-436.72630863247514
-435.7903089551576
-434.5734352384197
-434.05069479990453
-433.4783062883096
-432.9226312915032
-432.8005315918037
-432.72015302063863
-431.2802126664108
-429.8726703636032
-428.4978453785463
-428.4978453785463
-428.4978453785463
-429.37432738508556
-430.5489791007083
-431.95330252050076
-432.5134962471079
-433.08394144621445
-434.5650232385386
-435.85489524088774
-436.8827074753927
-437.5923561095521
-437.6880865093159
-437.58887800549115
-436.87031641849745
-435.83484606008903
-435.3560711791046
-434.79857712318693
-434.22686062822055
-434.09252779012775
-433.99315250487103
-431.9811081571719
-429.9968594483077
-428.04079293128655
-428.04079293128655
-428.04079293128655
-428.68985992816954
-429.67336829910863
-430.9336759227949
-432.39754654927725
-432.9661797816207
-434.32666572902025
-435.80791380365054
-437.0980676766153
-438.1261780440086
-438.83620435545794
-438.93206598930954
-438.738941704354
-438.1772263653983
-437.2787480841265
-436.09235656347977
-435.57656652918126
-435.00580713521066
-434.4462052368665
-434.3216585329332
-434.2369667195392
-432.69063192154044
-432.69063192154044
-432.69063192154044
-433.5036818665705
-434.6261241079487
-435.99245084529
-436.54622132931433
-437.1192064841803
-438.6279974904529
-439.9606587108172
-441.0438301653158
-441.81832587282577
-441.93953459054853
-441.86597372219103
-441.2134297435404
-440.2350275139526
-439.7711132130368
-439.2204821956877
-438.64678347534687
-438.5095432833357
-438.4051579673754
-436.2375368277729
-434.0959508491629
-431.9807872471047
-431.9807872471047
-431.9807872471047
-432.5607026108114
-433.4839555190973
-434.69638157652923
-436.1274244673769
-436.6916865798889
-437.25944989379246
-438.7175717644187
-439.973356045308
-440.9578712616593
-441.6174447838927
-441.6937031136877
-441.57512953274517
-440.80737940965946
-439.7299239600991
-439.2404932900944
-438.6785186469591
-438.1090918786996
-437.97713427169754
-437.88171960062334
-435.9907460325258
-435.9907460325258
-435.9907460325258
-436.6669970742461
-437.6738598530889
-438.9524058807514
-439.4891424927385
-440.0635048078107
-441.61960401941445
-443.0320398773587
-444.2227447286501
-445.12644270540227
-445.6939550711374
-445.7349896179839
-445.58202140938505
-444.7281389973709
-443.5784165672179
-443.0712456471362
-442.5029475751245
-440.9058629641151
-440.7710707997186
-440.67093296188915
-438.6349000749195
-436.62601860086414
-436.62601860086414
-436.62601860086414
-437.25233532560696
-438.21605515360847
-439.4607082748896
-439.9902593510938
-440.5638631364343
-442.1333895955383
-443.571076442789
-444.7973398688391
-445.7449143827058
-446.36213871047437
-446.4221155060196
-446.2875474564874
-445.4794822943469
-444.3679833447181
-443.87008967291075
-443.30492711784893
-441.70106640059805
-441.5641224219761
-441.46030740415995
-439.30995802300004
-437.18563027876047
-437.18563027876047
-437.18563027876047
-437.7613641145358
-438.68089500464805
-439.8903236179671
-441.0840221893368
-441.650736096354
-442.21619581908647
-443.65713576749926
-444.8880824917582
-445.8414465976621
-446.4652860944281
-446.5277688953369
-446.39566455748786
-445.5938012567415
-444.48751442510166
-443.99088143856693
-443.4261749174725
-441.8215154710548
-441.68430339932087
-441.58000150259437
-439.41452395775184
-439.41452395775184
-438.76244168694893
-438.7006631621682
-439.0269430416209
-439.7219943973768
-440.7449450850468
-442.0359557631369
-442.5752759532278
-443.1497487015594
-444.7003102901471
-446.102764959672
-447.27962313491594
-448.16638638964463
-448.71479665350427
-448.7485793281179
-448.5885971812533
-447.7174252925818
-447.2825472526381
-446.7470345645142
-445.1386706689785
-444.9925659197268
-444.8700466273365
-442.1168733491818
-442.1168733491818
-440.73924265791675
-440.3769864873494
-440.401890260073
-440.81250374726386
-441.584594952719
-442.6727909669429
-444.01356983617404
-445.51313634609306
-446.0866993048122
-446.6704511000479
-448.02861585753703
-449.1454364604793
-449.9598020365724
-450.0994716620805
-450.04264479064443
-449.4335523295708
-448.4931146104626
-448.03934340739767
-447.49375233902197
-447.34381539889876
-447.2073893007647
-443.96350385607445
-443.96350385607445
-443.9631839681587
-443.92717552327053
-444.27855698851334
-444.99661967078345
-446.0391420282531
-447.345194162747
-447.88754935162575
-448.46203792470214
-450.0054377571238
-451.3952730837723
-452.5548035558973
-453.420476504139
-453.9451673000924
-453.97000347076533
-453.766560845777
-452.8929070191252
-452.45735763348284
-451.9214606818696
-450.31285092847617
-450.16679929542136
-448.78715343312723
-445.64703686174556
-445.64703686174556
-445.04978671407434
-444.82875134908124
-444.99696461246634
-445.5445284460711
-446.4391611182
-447.6284345850958
-449.0431217074886
-450.60153715299856
-452.21471470312736
-452.7689026977842
-454.139594533481
-455.27312744610407
-456.10745537649757
-456.59716455911143
-456.60888295466077
-456.1875406608321
-455.40630992759435
-454.9967345830483
-453.57159450334393
-452.0086056030162
-451.85878338143436
-450.3556727845119
-449.03506045956027
-446.0685611161338
-443.1183101079129
-443.1183101079129
-442.6328987030555
-442.5301187332595
-442.81603424568976
-443.4737665574343
-444.4646174690721
-445.7306063648234
-447.19822535445275
-448.78299342698324
-450.39464865986673
-451.9423005274366
-453.339610955296
-454.50936623782223
-455.38742930753995
-455.925962495338
-456.0957280806244
-455.9912295961935
-455.2599112257568
-454.8647123151956
-453.467040578232
-451.9191744795218
-451.7691403489524
-450.2462169720078
-446.6594051762319
-443.0796681928658
-443.0796681928658
-442.1877807843426
-441.64338194620007
-441.47853586903176
-441.7029576545433
-442.3034114498386
-443.2445674321439
-444.47126408107204
-445.9121585636148
-447.48422798031834
-449.0977383947074
-450.66156598910334
-452.08831364764194
-453.29902845919213
-454.2272843653158
-454.8224630505275
-455.05230676513384
-454.90437193961134
-454.38663743745064
-454.0553288433855
-452.7880152396619
-451.32201733162003
-451.1730295418919
-449.5889677617329
-448.1229256899671
-444.7196278155483
-441.3263397510408
-441.3263397510408
-440.5673932319926
-440.17126670000005
-440.161334993127
-440.53817428742536
-441.2795482936215
-442.34187423220425
-443.6630811284573
-445.1666116629129
-446.76611105731655
-448.3706742679642
-449.89007396059577
-451.23973484887586
-452.34524101266715
-453.14608784411496
-453.59875655580714
-453.67870963558664
-453.3816442664388
-453.11987502944373
-452.0064575600715
-450.6508306065786
-450.5058821054972
-448.8942095891728
-447.3469403745942
-443.67715811191715
-440.0131318277689
-440.0131318277689
-439.05520815519685
-438.43554401449245
-438.190602622382
-438.3348705692925
-438.8598124629208
-439.73450569459493
-440.90762251016116
-442.31079148385743
-443.86297746687933
-445.47543181339955
-447.05687910275975
-448.5187322441273
-449.779974558709
-450.77127618392547
-451.43854836847663
-451.7455806346333
-451.67577299658814
-451.48900188512044
-451.1312039055713
-449.8083610533994
-449.66493226477144
-448.0514488223078
-446.48841401064556
-442.76237412994107
-439.04115515526917
-435.3248807160181
-431.6136785323289
-427.90768057777683
-427.4206318786049
-426.35697885440425
-425.61418030892025
-425.23597452265346
-425.2447222238108
-425.6398805634854
-426.3981205545182
-427.4748057025161
-428.8069878510596
-430.3173860974353
-431.91931817138095
-433.521738503677
-435.0346184237239
-436.37382464368017
-437.4655909478987
-438.25028260259216
-438.68530657622523
-438.67675456150806
-438.476608511882
-437.5077393067907
-437.38529904521045
-435.84655235333275
-431.9171251499867
-427.9890052993532
-427.9890052993532
-424.07709323699436
-420.1668397896005
-416.2582916993413
-412.35149745982596
-408.4465073978483
-404.5433737596909
-400.6421508022816
-400.1119268690424
-398.864384677584
-397.89735888461126
-397.26769813326075
-397.0126179275016
-397.1472748121194
-397.66367505443947
-398.5312297186232
-399.69884840828547
-401.0982452860072
-402.6484198870069
-404.26057282772945
-405.84344187694336
-407.3084129668869
-408.574421900191
-408.90520625340406
-409.0598648406162
-409.0206231893499
-408.9579178814121
-408.8486375525058
-405.54941804540874
-405.54941804540874
-401.5992976373096
-397.65017435039505
-393.70207819025705
-389.755040370312
-385.8090933727564
-381.8642710132248
-377.9206085094109
-373.9781425539383
-370.03691139178625
-366.09695490260515
-362.1583146882811
-358.2210341661424
-354.2851586682309
-350.3507355471015
-346.4178142886493
-342.4864466325109
-338.5566867006334
-334.62859113465856
-330.7022192428268
-326.7776331571722
-326.20331004562354
-324.64660506557084
-324.52094281304284
-323.5082546864405
-322.82679737676364
-321.6115245500034
-320.441577076441
-320.441577076441
-320.81056805261613
-321.5466011929342
-322.6057752202677
-323.9254353933118
-325.4283276063848
-326.0009187289818
-326.55598063475304
-327.029370728927
-328.0447817199315
-328.74154284692673
-329.08240472403116
-329.06798908541606
-329.06803505843095
-329.068062251659
-328.52122493285384
-324.56128097227133
-320.6023311577921
-316.6444127783239
-312.68756500078246
-312.1132121530217
-311.9742361710862
-311.86671868865784
-311.86671868865784
-311.86671868865784
-312.3673749655446
-313.22230289015243
-314.38054565882527
-315.7737299956613
-317.3206220590716
-317.8951087997133
-318.43588070071235
-318.8805044637166
-319.78815506857524
-320.3620101073546
-320.57150751702625
-320.54482592314537
-320.54487279778164
-317.77078908398425
-315.02306817685326
-315.0231497994072
-314.46611794840254
-313.89421272585963
-312.3994396702048
-312.28454169916404
-311.4301962191555
-311.4301962191555
-311.4301962191555
-312.1821537144699
-313.2549056942907
-314.58494411504586
-316.0943797825078
-316.6674595345243
-317.22082408483055
-317.69053460188496
-318.6919339906171
-319.3727017628891
-319.696511195943
-319.6805083721926
-319.68055413004384
-319.6806359852226
-319.13193833415687
-318.55793352661556
-317.0325784736334
-316.91264131083625
-315.9853920512216
-315.9853920512216
-315.9853829741877
-316.65876298205325
-317.66463590064507
-318.9433687516428
-320.41990792543135
-320.99001427068583
-321.5508735812621
-322.0375992243282
-323.10502554284045
-323.8625189331243
-324.26957891033095
-324.2615023272154
-324.2615469516961
-324.2616275584422
-320.80593138495493
-317.36302284546355
-313.93332266641477
-310.5172668004892
-307.1153122137493
-303.727932737644
-300.35562150232596
-296.99889179093884
-293.65827792874273
-293.65827792874273
-289.72831158824175
-285.80028832089334
-281.87428935905484
-277.95040048158324
-274.028712333045
-270.10932076989656
-266.1923272362991
-262.2778391725327
-258.3659704593135
-254.45684190169982
-250.55058175670715
-246.64732630923865
-242.74722050149538
-238.85041862165767
-234.9570850583453
-231.06739512817862
-227.18153598469016
-223.29970761789684
-219.42212395505447
-215.54901407450296
-211.68062354610348
-207.81721591359556
-203.95907433630586
-200.1065034100626
-196.25983118996604
-192.41941144089503
-188.58562889037194
-184.75889388143122
-180.9396535649361
-177.12839274296047
-173.32563780008445
-169.53196112091643
-165.7479860625704
-165.5988642099203
-161.6041274387513
-157.60965762224146
-153.61547558529261
-153.61555274956442
-150.0321361822203
-146.4702896913888
-142.93162586072893
-142.93167634204187
-140.45317208535727
-138.0460901138899
-135.71423080364826
-133.4615371165793
-131.29208405846373
-129.21006455887945
-127.21977138088779
-125.32557471283098
-123.53189516881004
-121.84317203230894
-120.2638267218878
-118.79822163942583
-117.45061484383518
-116.2251105896589
-115.12560826263073
-114.1557487206918
-113.3188607249539
-112.61790873524518
-112.27417493393352
-112.39076622077359
-112.5180936105012
