62.32521438598633 452.13751220703125 0.7013334035873413
64.82169342041016 454.0722351074219 0.6172686219215393
67.47180938720703 455.79052734375 0.5332038402557373
70.25684356689453 457.28021240234375 0.4491390585899353
73.1571273803711 458.5307922363281 0.3650742769241333
76.15217590332031 459.533447265625 0.2810094952583313
79.22084045410156 460.28106689453125 0.1969446986913681
82.34143829345703 460.7684020996094 0.11287990212440491
85.49193572998047 460.9919738769531 0.02881510555744171
88.65008544921875 460.9502258300781 -0.055249691009521484
91.79357147216797 460.6434631347656 -0.13931448757648468
94.90019989013672 460.0738220214844 -0.22337928414344788
97.94802856445312 459.245361328125 -0.30744409561157227
100.91552734375 458.1639099121094 -0.39150887727737427
103.78174591064453 456.83709716796875 -0.47557365894317627
106.52643585205078 455.2742919921875 -0.5596384406089783
109.13021087646484 453.486572265625 -0.6437032222747803
111.5746841430664 451.48651123046875 -0.7277680039405823
114.56132507324219 448.82568359375 -0.7277680039405823
117.54796600341797 446.16485595703125 -0.7277680039405823
120.53460693359375 443.5040283203125 -0.7277680039405823
123.52124786376953 440.84320068359375 -0.7277680039405823
126.50788879394531 438.182373046875 -0.7277680039405823
126.50788116455078 438.182373046875 -1.1277672052383423
128.22259521484375 434.56854248046875 -1.1277672052383423
129.9373016357422 430.9547119140625 -1.1277672052383423
131.65200805664062 427.34088134765625 -1.1277672052383423
133.36671447753906 423.72705078125 -1.1277672052383423
135.0814208984375 420.11322021484375 -1.1277672052383423
136.79612731933594 416.4993896484375 -1.1277672052383423
138.51083374023438 412.88555908203125 -1.1277672052383423
138.51083374023438 412.88555908203125 -1.527766466140747
138.6829071044922 408.8892517089844 -1.527766466140747
138.85498046875 404.8929443359375 -1.527766466140747
139.0270538330078 400.8966369628906 -1.527766466140747
139.19912719726562 396.90032958984375 -1.527766466140747
139.37120056152344 392.9040222167969 -1.527766466140747
139.54327392578125 388.90771484375 -1.527766466140747
139.71534729003906 384.9114074707031 -1.527766466140747
139.88742065429688 380.91510009765625 -1.527766466140747
140.0594940185547 376.9187927246094 -1.527766466140747
140.2315673828125 372.9224853515625 -1.527766466140747
140.4036407470703 368.9261779785156 -1.527766466140747
140.57571411132812 364.92987060546875 -1.527766466140747
140.74778747558594 360.9335632324219 -1.527766466140747
140.91986083984375 356.937255859375 -1.527766466140747
141.09193420410156 352.9409484863281 -1.527766466140747
141.26400756835938 348.94464111328125 -1.527766466140747
141.4360809326172 344.9483337402344 -1.527766466140747
141.608154296875 340.9520263671875 -1.527766466140747
141.7802276611328 336.9557189941406 -1.527766466140747
141.95230102539062 332.95941162109375 -1.527766466140747
142.12437438964844 328.9631042480469 -1.527766466140747
142.29644775390625 324.966796875 -1.527766466140747
142.46852111816406 320.9704895019531 -1.527766466140747
142.64059448242188 316.97418212890625 -1.527766466140747
142.8126678466797 312.9778747558594 -1.527766466140747
142.9847412109375 308.9815673828125 -1.527766466140747
143.1568145751953 304.9852600097656 -1.527766466140747
143.32888793945312 300.98895263671875 -1.527766466140747
143.50096130371094 296.9926452636719 -1.527766466140747
143.67303466796875 292.996337890625 -1.527766466140747
143.84510803222656 289.0000305175781 -1.527766466140747
144.01718139648438 285.00372314453125 -1.527766466140747
144.1892547607422 281.0074157714844 -1.527766466140747
144.361328125 277.0111083984375 -1.527766466140747
144.5334014892578 273.0148010253906 -1.527766466140747
144.70547485351562 269.01849365234375 -1.527766466140747
144.87754821777344 265.0221862792969 -1.527766466140747
145.04962158203125 261.02587890625 -1.527766466140747
145.22169494628906 257.0295715332031 -1.527766466140747
145.39376831054688 253.0332794189453 -1.527766466140747
145.5658416748047 249.0369873046875 -1.527766466140747
145.7379150390625 245.0406951904297 -1.527766466140747
145.9099884033203 241.04440307617188 -1.527766466140747
145.9099884033203 241.04440307617188 -1.9277664422988892
144.51223754882812 237.29656982421875 -1.9277664422988892
143.11448669433594 233.54873657226562 -1.9277664422988892
141.71673583984375 229.8009033203125 -1.9277664422988892
140.31898498535156 226.05307006835938 -1.9277664422988892
138.92123413085938 222.30523681640625 -1.9277664422988892
138.5647735595703 221.68411254882812 -2.255830764770508
136.0339813232422 218.58651733398438 -2.255830764770508
133.50318908691406 215.48892211914062 -2.255830764770508
130.97239685058594 212.39132690429688 -2.255830764770508
128.4416046142578 209.29373168945312 -2.255830764770508
125.91080474853516 206.19613647460938 -2.255830764770508
123.3800048828125 203.09854125976562 -2.255830764770508
120.84920501708984 200.00094604492188 -2.255830764770508
118.31840515136719 196.90335083007812 -2.255830764770508
115.78760528564453 193.80575561523438 -2.255830764770508
113.25680541992188 190.70816040039062 -2.255830764770508
113.2568130493164 190.70816040039062 -2.655829906463623
109.71953582763672 188.8406219482422 -2.655829906463623
106.18225860595703 186.97308349609375 -2.655829906463623
102.64498138427734 185.1055450439453 -2.655829906463623
99.10770416259766 183.23800659179688 -2.655829906463623
95.57042694091797 181.37046813964844 -2.655829906463623
92.03314971923828 179.5029296875 -2.655829906463623
88.4958724975586 177.63539123535156 -2.655829906463623
84.9585952758789 175.76785278320312 -2.655829906463623
81.42131805419922 173.9003143310547 -2.655829906463623
77.88404083251953 172.03277587890625 -2.655829906463623
74.34676361083984 170.1652374267578 -2.655829906463623
74.34677124023438 170.1652374267578 -3.0558290481567383
70.3614730834961 169.82260131835938 -3.0558290481567383
66.37617492675781 169.47996520996094 -3.0558290481567383
62.39087677001953 169.1373291015625 -3.0558290481567383
58.40557861328125 168.79469299316406 -3.0558290481567383
54.42028045654297 168.45205688476562 -3.0558290481567383
50.43498229980469 168.1094207763672 -3.0558290481567383
46.449684143066406 167.76678466796875 -3.0558290481567383
42.464385986328125 167.4241485595703 -3.0558290481567383
41.747596740722656 167.48025512695312 2.8995773792266846
41.089691162109375 167.76312255859375 2.5715129375457764
37.722259521484375 169.9219207763672 2.5715129375457764
34.354827880859375 172.08071899414062 2.5715129375457764
30.987396240234375 174.23951721191406 2.5715129375457764
27.619964599609375 176.3983154296875 2.5715129375457764
24.252532958984375 178.55711364746094 2.5715129375457764
24.252538681030273 178.55711364746094 2.171513557434082
25.024404525756836 177.08839416503906 1.9378111362457275
25.43515968322754 175.48085021972656 1.7041088342666626
25.46247100830078 173.82188415527344 1.470406413078308
25.46246910095215 173.82188415527344 1.0704071521759033
27.38153648376465 177.3314666748047 1.0704071521759033
29.30060386657715 180.84104919433594 1.0704071521759033
31.21967124938965 184.3506317138672 1.0704071521759033
33.13874053955078 187.86021423339844 1.0704071521759033
35.05780792236328 191.3697967529297 1.0704071521759033
36.97687530517578 194.87937927246094 1.0704071521759033
38.89594268798828 198.3889617919922 1.0704071521759033
40.81501007080078 201.89854431152344 1.0704071521759033
42.73407745361328 205.4081268310547 1.0704071521759033
44.65314483642578 208.91770935058594 1.0704071521759033
46.57221221923828 212.4272918701172 1.0704071521759033
48.49127960205078 215.93687438964844 1.0704071521759033
50.41034698486328 219.4464569091797 1.0704071521759033
52.32941436767578 222.95603942871094 1.0704071521759033
54.24848175048828 226.4656219482422 1.0704071521759033
56.16754913330078 229.97520446777344 1.0704071521759033
58.08661651611328 233.4847869873047 1.0704071521759033
60.00568389892578 236.99436950683594 1.0704071521759033
61.92475128173828 240.5039520263672 1.0704071521759033
63.84381866455078 244.01353454589844 1.0704071521759033
65.76288604736328 247.5231170654297 1.0704071521759033
67.68195343017578 251.03269958496094 1.0704071521759033
69.60102081298828 254.5422821044922 1.0704071521759033
69.60102081298828 254.5422821044922 0.6704071760177612
72.73529815673828 257.0274963378906 0.6704071760177612
75.86957550048828 259.5127258300781 0.6704071760177612
79.00385284423828 261.9979553222656 0.6704071760177612
82.13813018798828 264.4831848144531 0.6704071760177612
85.27240753173828 266.9684143066406 0.6704071760177612
88.40668487548828 269.4536437988281 0.6704071760177612
91.54096221923828 271.9388732910156 0.6704071760177612
94.67523956298828 274.4241027832031 0.6704071760177612
97.80951690673828 276.9093322753906 0.6704071760177612
100.94379425048828 279.3945617675781 0.6704071760177612
102.57017517089844 280.43011474609375 0.4635588228702545
105.4521255493164 281.7223815917969 0.3794940114021301
108.43240356445312 282.76812744140625 0.2954292297363281
111.4899673461914 283.5599365234375 0.21136443316936493
114.60321807861328 284.0921936035156 0.12729963660240173
117.75016784667969 284.3611755371094 0.04323484003543854
120.90858459472656 284.3649597167969 -0.04082995653152466
124.05616760253906 284.1035461425781 -0.12489475309848785
124.74262237548828 283.8995056152344 -0.4529591202735901
124.74261474609375 283.8995056152344 -0.8529583215713501
127.37364196777344 280.8865966796875 -0.8529583215713501
127.37364196777344 280.8865966796875 -1.2529575824737549
128.6237030029297 277.0869445800781 -1.2529575824737549
129.87376403808594 273.28729248046875 -1.2529575824737549
131.1238250732422 269.4876403808594 -1.2529575824737549
132.37388610839844 265.68798828125 -1.2529575824737549
133.6239471435547 261.8883361816406 -1.2529575824737549
134.87400817871094 258.08868408203125 -1.2529575824737549
136.1240692138672 254.28903198242188 -1.2529575824737549
137.37413024902344 250.4893798828125 -1.2529575824737549
138.6241912841797 246.68972778320312 -1.2529575824737549
139.87425231933594 242.89007568359375 -1.2529575824737549
141.1243133544922 239.09042358398438 -1.2529575824737549
141.1243133544922 239.09042358398438 -1.652957558631897
140.79603576660156 235.10391235351562 -1.652957558631897
140.46775817871094 231.11740112304688 -1.652957558631897
140.1394805908203 227.13088989257812 -1.652957558631897
139.8112030029297 223.14437866210938 -1.652957558631897
139.48292541503906 219.15786743164062 -1.652957558631897
139.15464782714844 215.17135620117188 -1.652957558631897
138.8263702392578 211.18484497070312 -1.652957558631897
138.4980926513672 207.19833374023438 -1.652957558631897
138.16981506347656 203.21182250976562 -1.652957558631897
137.84153747558594 199.22531127929688 -1.652957558631897
137.5132598876953 195.23880004882812 -1.652957558631897
137.1770477294922 191.32302856445312 -1.6599392890930176
136.99766540527344 190.62973022460938 -1.9880037307739258
136.99766540527344 190.62973022460938 -2.388002872467041
136.99766540527344 190.62973022460938 -2.7880024909973145
133.2451171875 189.24465942382812 -2.7880024909973145
129.49256896972656 187.85958862304688 -2.7880024909973145
125.74002838134766 186.47451782226562 -2.7880024909973145
121.98748779296875 185.08944702148438 -2.7880024909973145
118.23494720458984 183.70437622070312 -2.7880024909973145
114.48240661621094 182.31930541992188 -2.7880024909973145
110.72986602783203 180.93423461914062 -2.7880024909973145
106.97732543945312 179.54916381835938 -2.7880024909973145
103.22478485107422 178.16409301757812 -2.7880024909973145
99.47224426269531 176.77902221679688 -2.7880024909973145
95.7197036743164 175.39395141601562 -2.7880024909973145
91.9671630859375 174.00888061523438 -2.7880024909973145
88.2146224975586 172.62380981445312 -2.7880024909973145
84.46208190917969 171.23873901367188 -2.7880024909973145
80.70954132080078 169.85366821289062 -2.7880024909973145
76.95700073242188 168.46859741210938 -2.7880024909973145
73.20446014404297 167.08352661132812 -2.7880024909973145
69.45191955566406 165.69845581054688 -2.7880024909973145
65.69937896728516 164.31338500976562 -2.7880024909973145
61.94683837890625 162.92831420898438 -2.7880024909973145
58.194297790527344 161.54324340820312 -2.7880024909973145
54.44175720214844 160.15817260742188 -2.7880024909973145
50.68921661376953 158.77310180664062 -2.7880024909973145
46.936676025390625 157.38803100585938 -2.7880024909973145
43.18413543701172 156.00296020507812 -2.7880024909973145
39.43159484863281 154.61788940429688 -2.7880024909973145
39.43159484863281 154.61788940429688 -2.7880024909973145
39.43159484863281 154.61788940429688 -2.7880024909973145
39.43159484863281 154.61788940429688 -2.7880024909973145
39.43159484863281 154.61788940429688 -2.7880024909973145
39.43159484863281 154.61788940429688 -2.7880024909973145
39.43159484863281 154.61788940429688 -2.7880024909973145
39.43159484863281 154.61788940429688 -2.7880024909973145
39.43159484863281 154.61788940429688 -2.7880024909973145
39.43159484863281 154.61788940429688 -2.7880024909973145
39.43159484863281 154.61788940429688 -2.7880024909973145
