-392.56705677179264
-395.0662761918364
-397.49636954205977
-399.85612863488905
-402.144331053565
-403.83724939412485
-405.2847003431873
-406.47363753441704
-407.39352309290365
-408.3248044070998
-408.8994295021191
-409.3958335022267
-409.80714482762187
-409.96038103840675
-409.9298194283675
-409.81372378301137
-409.6121336190612
-409.55598490442424
-407.9377431657953
-406.2401115179375
-404.4638706889329
-404.3196418127177
-401.21064247963227
-398.1175535527846
-395.04074875811165
-391.9806101979404
-388.9375339592348
-385.91192233204237
-382.9041893193567
-379.9147595490274
-379.91486965424514
-376.133219524606
-372.3561326972773
-368.5837494605303
-364.8162157268742
-361.0536833075589
-357.29631020263355
-353.5442609075441
-349.7977067373232
-346.05682616949304
-342.32180520688235
-338.5928377616371
-334.8701260617936
-331.1538810818747
-327.4443229990694
-323.7416816766618
-320.04619717648694
-316.358120302312
-312.6777131761666
-309.00524984978125
-305.34101695343514
-301.6853143846645
-298.03845603944023
-294.40077058859146
-290.77260230242325
-287.15431192666006
-283.54627761303374
-279.94889590803035
-276.3625828035092
-272.7877748531106
-269.22493035857553
-265.67453063030337
-262.1370813266749
-258.61311387686266
-255.10318699202907
-255.10318699202907
-251.1251141560269
-247.14774952201756
-243.1711278405627
-239.1952861664243
-235.2202640521367
-231.246103761359
-227.27285050439806
-223.3005526986279
-219.329262256918
-215.35903490763536
-211.3899445948398
-207.42204171183903
-203.45539573243929
-199.49008163318842
-195.52618044657345
-191.56377988198332
-187.60297502427045
-183.64386912140097
-179.68773868414846
-179.46531581732765
-176.62842135263617
-172.86103226314677
-169.10432761980218
-165.3590356270819
-161.62594966898143
-157.90593544382722
-154.1999390061117
-150.50899584309047
-146.8342411326824
-143.1769213505949
-139.5384074187698
-135.92020961434383
-132.32399448836244
-128.751604076274
-125.20507771723747
-121.68667683544393
-118.19891307214499
-118.19901061786108
-115.81896995179855
-113.5300029725128
-111.33772691127965
-109.24796280568061
-107.2667022202176
-105.40006412616201
-103.65424126449793
-102.03543489943304
-100.54977994402645
-99.2032587526532
-98.00160649794265
-96.95021007655083
-96.95021007655083
-96.95021007655083
-96.95021007655083
-96.95021007655083
-96.95021007655083
-96.95021007655083
-96.95021007655083
-96.95021007655083
-96.95021007655083
-96.95021007655083
