58.17158508300781 447.96990966796875 0.8898430466651917
56.564781188964844 445.76025390625 0.99428790807724
55.19710159301758 443.3951110839844 1.098732829093933
54.08345413208008 440.9002685546875 1.2031776905059814
53.2359733581543 438.30291748046875 1.3076225519180298
52.66389465332031 435.6313781738281 1.4120674133300781
52.37345886230469 432.9147644042969 1.5165122747421265
52.355838775634766 435.7001647949219 1.6377325057983398
52.00152587890625 438.4630126953125 1.7589527368545532
51.31571960449219 441.1627197265625 1.8801729679107666
50.30848693847656 443.75970458984375 2.0013930797576904
48.99460983276367 446.2158203125 2.1226131916046143
48.994728088378906 446.2156982421875 2.5225956439971924
52.25257110595703 443.89483642578125 2.5225956439971924
55.510414123535156 441.573974609375 2.5225958824157715
58.76825714111328 439.25311279296875 2.5225961208343506
62.026100158691406 436.9322509765625 2.5225963592529297
65.28394317626953 434.61138916015625 2.522596597671509
65.28394317626953 434.61138916015625 2.9225964546203613
69.18840789794922 433.7424011230469 2.9225964546203613
71.88260650634766 433.28887939453125 3.027041435241699
74.60941314697266 433.11871337890625 3.131486415863037
77.33909606933594 433.2337341308594 -3.0472538471221924
80.04191589355469 433.6327209472656 -2.9428088665008545
82.68840789794922 434.3113098144531 -2.8383638858795166
85.2497329711914 435.2621154785156 -2.7339189052581787
87.69796752929688 436.4747619628906 -2.629473924636841
90.00643920898438 437.9360656738281 -2.525028944015503
92.14998626708984 439.63006591796875 -2.420583963394165
94.10523986816406 441.5382995605469 -2.316138982772827
95.85089111328125 443.6399841308594 -2.2116940021514893
97.367919921875 445.9122009277344 -2.1072490215301514
98.6397933959961 448.3302001953125 -2.0028040409088135
99.65264129638672 450.8676452636719 -1.8983591794967651
100.39543151855469 453.4968566894531 -1.7939143180847168
100.86006927490234 456.1891784667969 -1.6894694566726685
101.04148864746094 458.9152526855469 -1.5850245952606201
100.93770599365234 461.6453857421875 -1.4805797338485718
100.54985809326172 464.3498229980469 -1.3761348724365234
99.8821792602539 466.99908447265625 -1.271690011024475
98.94193267822266 469.5643005371094 -1.1672451496124268
97.73937225341797 472.01751708984375 -1.0628002882003784
97.73973846435547 472.016357421875 -1.462679147720337
97.30355072021484 474.7134094238281 -1.3582342863082886
96.58855438232422 477.3503112792969 -1.2537894248962402
95.60254669189453 479.8982849121094 -1.149344563484192
94.35626983642578 482.32958984375 -1.0448997020721436
92.86331176757812 484.6177062988281 -0.9404548406600952
91.13993835449219 486.7377014160156 -0.8360099792480469
89.2049331665039 488.6664733886719 -0.7315651178359985
87.07939147949219 490.38299560546875 -0.6271202564239502
84.7864761352539 491.86859130859375 -0.5226753950119019
82.3511734008789 493.1070251464844 -0.41823050379753113
79.80003356933594 494.0848083496094 -0.3137856125831604
77.16085052490234 494.79132080078125 -0.20934072136878967
74.46239471435547 495.21881103515625 -0.10489583760499954
71.73407745361328 495.3626403808594 -0.0004509538412094116
69.00563049316406 495.22125244140625 0.10399392992258072
66.30679321289062 494.7961730957031 0.20843881368637085
63.66697692871094 494.092041015625 0.3128837049007416
61.114952087402344 493.1165466308594 0.4173285961151123
58.67853546142578 491.88031005859375 0.5217734575271606
56.384281158447266 490.39678955078125 0.626218318939209
54.2571907043457 488.6821594238281 0.7306631803512573
52.32044982910156 486.755126953125 0.8351080417633057
50.59516525268555 484.6366882324219 0.939552903175354
49.10014343261719 482.34991455078125 1.0439977645874023
47.85167694091797 479.91973876953125 1.1484426259994507
46.86336898803711 477.3726501464844 1.252887487411499
46.14599609375 474.7364196777344 1.3573323488235474
46.146480560302734 474.7375183105469 0.9574534893035889
44.692630767822266 472.4243469238281 1.0618983507156372
43.48786163330078 469.97222900390625 1.1663432121276855
42.54530334472656 467.4078674316406 1.2707880735397339
41.8752326965332 464.75921630859375 1.3752329349517822
42.25 467.51934814453125 1.4964531660079956
42.28824996948242 470.3045654296875 1.617673397064209
41.98942565917969 473.0739440917969 1.7388936281204224
41.31588363647461 476.7637023925781 1.7638113498687744
40.55061721801758 480.4355163574219 1.788728952407837
39.69410705566406 484.0871276855469 1.8136465549468994
38.746883392333984 487.7162780761719 1.838564157485962
37.70953369140625 491.3207092285156 1.8634817600250244
36.582523345947266 494.8996276855469 1.888253927230835
35.36353302001953 498.4750061035156 1.9104981422424316
35.36491012573242 498.47271728515625 2.310228109359741
38.06038284301758 495.5173034667969 2.310228109359741
40.755855560302734 492.5618896484375 2.310228109359741
43.45132827758789 489.6064758300781 2.310228109359741
46.14680099487305 486.65106201171875 2.310228109359741
48.8422737121582 483.6956481933594 2.310228109359741
51.53774642944336 480.740234375 2.3102283477783203
54.233219146728516 477.7848205566406 2.3102285861968994
56.92869186401367 474.82940673828125 2.3102288246154785
59.62416458129883 471.8739929199219 2.3102290630340576
59.62416458129883 471.8739929199219 2.71022891998291
63.257747650146484 470.2015686035156 2.7102291584014893
66.8913345336914 468.5291442871094 2.7102293968200684
70.52491760253906 466.8567199707031 2.7102293968200684
73.06300354003906 465.84552001953125 2.8146743774414062
75.69268035888672 465.10443115234375 2.919119358062744
78.38529205322266 464.64154052734375 3.023564338684082
81.11148834228516 464.4618835449219 3.12800931930542
83.84156036376953 464.5674133300781 -3.0507309436798096
86.54574584960938 464.9570007324219 -2.9462859630584717
89.194580078125 465.62640380859375 -2.841840982437134
91.75919342041016 466.56829833984375 -2.737396001815796
94.21163177490234 467.7724304199219 -2.632951021194458
96.5251693725586 469.2256774902344 -2.52850604057312
98.67459106445312 470.9122009277344 -2.4240610599517822
100.63646697998047 472.8136291503906 -2.3196160793304443
102.38941955566406 474.90924072265625 -2.2151710987091064
103.91433715820312 477.1761779785156 -2.1107261180877686
105.19461059570312 479.5897521972656 -2.0062811374664307
106.21627807617188 482.1236572265625 -1.9018362760543823
106.96820831298828 484.750244140625 -1.797391414642334
107.44219970703125 487.44091796875 -1.6929465532302856
107.63309478759766 490.1663513183594 -1.5885016918182373
107.53881072998047 492.8968200683594 -1.484056830406189
107.16036987304688 495.60260009765625 -1.3796119689941406
107.16036224365234 495.6014099121094 -1.7794908285140991
107.58612060546875 498.3001403808594 -1.6750459671020508
107.72820281982422 501.028564453125 -1.5706011056900024
107.5850601196289 503.7569274902344 -1.466156244277954
107.15824890136719 506.45550537109375 -1.3617113828659058
106.45242309570312 509.0948791503906 -1.2572665214538574
105.47528076171875 511.6462707519531 -1.152821660041809
104.23746490478516 514.0819091796875 -1.0483767986297607
102.75247192382812 516.3751831054688 -0.9439319372177124
101.03648376464844 518.5011596679688 -0.8394870758056641
99.10820007324219 520.4366455078125 -0.7350422143936157
96.98863983154297 522.1605834960938 -0.6305973529815674
94.7009048461914 523.6541137695312 -0.526152491569519
92.26992797851562 524.9010009765625 -0.4217076003551483
89.72219848632812 525.8876342773438 -0.3172627091407776
87.08548736572266 526.6033325195312 -0.21281781792640686
84.38853454589844 527.0402221679688 -0.10837293416261673
81.66072845458984 527.1935424804688 -0.003928050398826599
78.93180847167969 527.0616455078125 0.10051683336496353
76.23150634765625 526.64599609375 0.20496171712875366
73.5892562866211 525.9510498046875 0.3094066083431244
73.5453872680664 525.944091796875 0.006387829780578613
70.8179702758789 525.7840576171875 0.11083271354436874
68.12210083007812 525.3405151367188 0.21527759730815887
65.4871597290039 524.6183471679688 0.3197224736213684
62.941856384277344 523.6254272460938 0.424163818359375
62.943031311035156 523.6256713867188 0.024284958839416504
60.21891403198242 523.4168701171875 0.12872985005378723
57.53141403198242 522.9251708984375 0.23317474126815796
54.909820556640625 522.156005859375 0.3376196324825287
52.38270568847656 521.11767578125 0.4420645236968994
49.97760772705078 519.821533203125 0.5465080738067627
47.837345123291016 518.4797973632812 0.5734362602233887
45.62232971191406 516.8797607421875 0.6777170896530151
43.58632278442383 515.0579223632812 0.7821618318557739
41.751346588134766 513.0337524414062 0.8866066932678223
40.13739776611328 510.8293151855469 0.9910515546798706
38.76206970214844 508.4686279296875 1.095496416091919
37.640350341796875 505.9774169921875 1.1999412775039673
36.78446578979492 503.3828430175781 1.3043861389160156
36.78446578979492 503.3828430175781 1.7043861150741577
36.238624572753906 507.0936279296875 1.7293038368225098
36.23956298828125 507.09112548828125 2.1290338039398193
38.35832977294922 503.6983642578125 2.1290338039398193
40.47709655761719 500.30560302734375 2.1290340423583984
42.595863342285156 496.912841796875 2.1290342807769775
44.71463394165039 493.52008056640625 2.1290345191955566
46.833404541015625 490.1273193359375 2.1290347576141357
48.95217514038086 486.73455810546875 2.129034996032715
47.336334228515625 489.0034484863281 2.250255584716797
49.849822998046875 485.89178466796875 2.250255823135376
52.363311767578125 482.7801513671875 2.250256061553955
54.876800537109375 479.66851806640625 2.250256299972534
57.39029312133789 476.556884765625 2.2502565383911133
57.39029312133789 476.556884765625 2.650256633758545
60.91710662841797 474.669677734375 2.650256872177124
64.44391632080078 472.782470703125 2.650257110595703
67.9707260131836 470.895263671875 2.6502573490142822
70.44363403320312 469.7337341308594 2.75470232963562
73.02416229248047 468.83636474609375 2.859147310256958
75.68418884277344 468.2129211425781 2.963592290878296
78.39471435546875 467.87017822265625 3.068037271499634
81.1261978149414 467.8118896484375 -3.1107029914855957
83.848876953125 468.0386962890625 -3.006258010864258
86.53307342529297 468.5481262207031 -2.90181303024292
89.14952850341797 469.3346252441406 -2.797368049621582
91.66973114013672 470.3896179199219 -2.692923069000244
94.06621551513672 471.70159912109375 -2.5884780883789062
96.31285858154297 473.25628662109375 -2.4840331077575684
98.38517761230469 475.0367126464844 -2.3795881271362305
100.26058197021484 477.02349853515625 -2.2751431465148926
101.91863250732422 479.1949768066406 -2.1706981658935547
103.34126281738281 481.5274658203125 -2.066253185272217
104.5129623413086 483.9955749511719 -1.9618083238601685
105.42096710205078 486.5723876953125 -1.8573634624481201
106.05537414550781 489.2298278808594 -1.7529186010360718
106.4092788696289 491.93890380859375 -1.6484737396240234
106.47881317138672 494.6701354980469 -1.544028878211975
106.26322937011719 497.39373779296875 -1.4395840167999268
105.7648696899414 500.08001708984375 -1.3351391553878784
104.98917388916016 502.69970703125 -1.23069429397583
103.94458770751953 505.2242431640625 -1.1262494325637817
102.64250183105469 507.6260986328125 -1.0218045711517334
101.09709930419922 509.8791198730469 -0.9173597097396851
99.32523345947266 511.9587707519531 -0.8129148483276367
97.34620666503906 513.8423461914062 -0.7084699869155884
95.18159484863281 515.5093383789062 -0.60402512550354
92.85498046875 516.9415893554688 -0.4995802342891693
90.39173126220703 518.1234741210938 -0.3951353430747986
87.81868743896484 519.0421142578125 -0.29069045186042786
85.16389465332031 519.6875 -0.18624556064605713
82.45628356933594 520.0525512695312 -0.081800676882267
79.72537231445312 520.1333618164062 0.022644206881523132
77.00091552734375 519.9290161132812 0.12708908319473267
74.31261444091797 519.4417114257812 0.2315339744091034
71.68975830078125 518.6768188476562 0.3359788656234741
69.16094207763672 517.6426391601562 0.44042375683784485
66.75372314453125 516.3504638671875 0.5448686480522156
64.49433898925781 514.8143920898438 0.6493135094642639
62.407413482666016 513.0510864257812 0.7537583708763123
60.515689849853516 511.079833984375 0.8582032322883606
58.839786529541016 508.922119140625 0.9626480937004089
57.397972106933594 506.6014404296875 1.067093014717102
56.205955505371094 504.1430969238281 1.1715378761291504
55.2767333984375 501.5738525390625 1.2759827375411987
54.62042999267578 498.9217529296875 1.380427598953247
54.244197845458984 496.2156677246094 1.4848724603652954
54.152137756347656 493.485107421875 1.5893173217773438
53.931949615478516 496.2618408203125 1.7105375528335571
53.37760543823242 498.9915771484375 1.8317577838897705
52.49723815917969 501.6342468261719 1.9529780149459839
51.303768157958984 504.1510925292969 2.0741982460021973
49.81471252441406 506.505126953125 2.195418357849121
49.73125457763672 506.58319091796875 2.5838940143585205
53.125152587890625 504.46624755859375 2.5838942527770996
56.5190544128418 502.34930419921875 2.5838944911956787
59.91295623779297 500.23236083984375 2.583894729614258
63.30685806274414 498.11541748046875 2.583894968032837
63.30685806274414 498.11541748046875 2.9838948249816895
67.2572250366211 497.48724365234375 2.9838948249816895
69.97415161132812 497.1996154785156 3.0883398056030273
72.70626068115234 497.1968078613281 -3.090400457382202
75.42377471923828 497.4788513183594 -2.9859554767608643
78.09707641601562 498.04266357421875 -2.8815104961395264
80.69702911376953 498.8821105957031 -2.7770655155181885
83.19529724121094 499.988037109375 -2.6726205348968506
85.56465148925781 501.348388671875 -2.5681755542755127
87.77926635742188 502.9483642578125 -2.463730573654175
89.81501007080078 504.7705078125 -2.359285593032837
91.64969635009766 506.7949523925781 -2.254840612411499
93.26332092285156 508.9996337890625 -2.150395631790161
94.6383056640625 511.36053466796875 -2.0459506511688232
95.75965881347656 513.8519287109375 -1.941505789756775
96.61516571044922 516.4466552734375 -1.8370609283447266
97.19549560546875 519.1163940429688 -1.7326160669326782
97.49433135986328 521.8320922851562 -1.6281712055206299
97.50840759277344 524.5641479492188 -1.5237263441085815
97.23757934570312 527.2827758789062 -1.4192814826965332
96.6847915649414 529.9583740234375 -1.3148366212844849
95.85607147216797 532.561767578125 -1.2103917598724365
94.76045227050781 535.0645751953125 -1.1059468984603882
93.40987396240234 537.4395141601562 -1.0015020370483398
91.81905364990234 539.6607055664062 -0.8970571756362915
90.00533294677734 541.7039184570312 -0.7926123142242432
87.98847198486328 543.5469360351562 -0.6881674528121948
85.79045867919922 545.1696166992188 -0.5837225914001465
83.43524932861328 546.5543212890625 -0.47927770018577576
80.94851684570312 547.6859130859375 -0.37483280897140503
78.35735321044922 548.5521240234375 -0.2703879177570343
75.69000244140625 549.1434326171875 -0.16594302654266357
75.69112396240234 549.1430053710938 -0.5658218860626221
73.31150817871094 550.4853515625 -0.46137699484825134
70.80491638183594 551.572265625 -0.3569321036338806
68.19866180419922 552.3919677734375 -0.2524872124195099
65.52115631103516 552.9354858398438 -0.1480425000190735
68.29598236083984 552.6922607421875 -0.02682231366634369
71.0798568725586 552.786376953125 0.09439787268638611
73.83192443847656 553.2164306640625 0.2156180590391159
77.20840454101562 554.0488891601562 0.2678205072879791
80.8127670288086 555.08642578125 0.2927381694316864
84.39016723632812 556.2134399414062 0.3176558315753937
87.93836975097656 557.4292602539062 0.34257349371910095
91.45518493652344 558.7330932617188 0.3674911558628082
94.93842315673828 560.1241455078125 0.3924088180065155
94.93620300292969 560.1226196289062 0.7921388745307922
92.12690734863281 557.2752075195312 0.7921388745307922
89.31761169433594 554.4277954101562 0.7921388745307922
86.50831604003906 551.5803833007812 0.7921388745307922
83.69902038574219 548.7329711914062 0.7921388745307922
80.88972473144531 545.8855590820312 0.7921390533447266
78.08042907714844 543.0381469726562 0.7921392321586609
75.27113342285156 540.1907348632812 0.7921394109725952
72.46183776855469 537.3433227539062 0.7921395897865295
72.46183776855469 537.3433227539062 1.1921395063400269
70.98314666748047 533.6266479492188 1.1921396255493164
69.50445556640625 529.9099731445312 1.1921396255493164
68.02576446533203 526.1932983398438 1.1921396255493164
67.14966583251953 523.60546875 1.2965844869613647
66.54813385009766 520.9404296875 1.401029348373413
66.22772979736328 518.2271728515625 1.5054742097854614
66.19194030761719 515.4953002929688 1.6099190711975098
66.441162109375 512.7745971679688 1.714363932609558
66.97267150878906 510.0946960449219 1.8188087940216064
67.78067779541016 507.48480224609375 1.9232536554336548
68.85637664794922 504.9733581542969 2.027698516845703
68.85607147216797 504.9745178222656 1.6278196573257446
69.15394592285156 502.2586975097656 1.732264518737793
69.73333740234375 499.5887451171875 1.8367093801498413
70.58792877197266 496.9937438964844 1.9411542415618896
69.27342224121094 500.0814208984375 2.0054128170013428
67.9496841430664 502.5322570800781 2.1266329288482666
66.33929443359375 504.8050231933594 2.2478530406951904
64.46589660644531 506.8663635253906 2.3690731525421143
64.46589660644531 506.8663635253906 2.769073009490967
67.05905151367188 506.00616455078125 2.8735179901123047
69.7277603149414 505.4209899902344 2.9779629707336426
72.44293212890625 505.11724853515625 3.0824079513549805
75.17497253417969 505.0982360839844 -3.096332311630249
77.89411163330078 505.3641357421875 -2.991887331008911
80.57070922851562 505.9120788574219 -2.8874423503875732
83.17559051513672 506.736083984375 -2.7829973697662354
85.68037414550781 507.8271789550781 -2.6785523891448975
88.05775451660156 509.1734619140625 -2.5741074085235596
90.28182220458984 510.76025390625 -2.4696624279022217
92.32833862304688 512.5702514648438 -2.365217447280884
94.17499542236328 514.5838012695312 -2.260772466659546
95.80167388916016 516.7788696289062 -2.156327486038208
97.19063568115234 519.131591796875 -2.05188250541687
98.32675170898438 521.6162719726562 -1.9474376440048218
99.1976318359375 524.2058715820312 -1.8429927825927734
99.79379272460938 526.8721313476562 -1.738547921180725
100.10872650146484 529.5859985351562 -1.6341030597686768
100.13900756835938 532.3179321289062 -1.5296581983566284
99.88430786132812 535.0381469726562 -1.42521333694458
99.34739685058594 537.7169799804688 -1.3207684755325317
98.53413391113281 540.3252563476562 -1.2163236141204834
97.45337677001953 542.8345336914062 -1.111878752708435
96.11690521240234 545.2174682617188 -1.0074338912963867
94.5392837524414 547.4480590820312 -0.9029890298843384
92.73770904541016 549.5020141601562 -0.79854416847229
90.73181915283203 551.35693359375 -0.6940993070602417
88.54347229003906 552.99267578125 -0.5896544456481934
86.19651794433594 554.391357421875 -0.48520955443382263
83.71653747558594 555.5377197265625 -0.3807646632194519
81.13056182861328 556.4192504882812 -0.2763197720050812
83.85147094726562 555.8230590820312 -0.15509958565235138
86.62451171875 555.5602416992188 -0.03387939929962158
89.40898132324219 555.6347045898438 0.08734078705310822
92.16401672363281 556.0452880859375 0.208560973405838
95.82350158691406 556.8675537109375 0.2334786355495453
99.46136474609375 557.7807006835938 0.25839629769325256
103.07534790039062 558.7842407226562 0.28331395983695984
106.80287170410156 559.8920288085938 0.29444605112075806
110.63072204589844 561.0528564453125 0.29444605112075806
114.20619201660156 562.1859741210938 0.31936368346214294
114.20386505126953 562.1846313476562 0.7190937399864197
111.19425201416016 559.5498046875 0.7190937399864197
108.18463897705078 556.9149780273438 0.7190937399864197
105.1750259399414 554.2801513671875 0.7190937399864197
102.16541290283203 551.6453247070312 0.7190937399864197
99.15579986572266 549.010498046875 0.7190937399864197
96.14618682861328 546.3756713867188 0.719093918800354
93.1365737915039 543.7408447265625 0.7190940976142883
90.12696075439453 541.1060180664062 0.7190942764282227
87.11735534667969 538.47119140625 0.719094455242157
87.11735534667969 538.47119140625 1.1190943717956543
85.37136840820312 534.8723754882812 1.1190944910049438
83.62538146972656 531.2735595703125 1.1190946102142334
81.87939453125 527.6747436523438 1.1190946102142334
80.8167724609375 525.1577758789062 1.2235394716262817
80.02234649658203 522.543701171875 1.32798433303833
79.5047836303711 519.861083984375 1.4324291944503784
79.26971435546875 517.1390991210938 1.5368740558624268
79.31970977783203 514.407470703125 1.641318917274475
79.65422058105469 511.6959228515625 1.7457637786865234
80.26959991455078 509.0340270996094 1.8502086400985718
81.15914154052734 506.4507751464844 1.9546535015106201
82.31315612792969 503.974365234375 2.059098482131958
82.30754852294922 503.9931945800781 1.661077618598938
82.69556427001953 501.2887878417969 1.7655224800109863
83.36341857910156 498.6395568847656 1.8699673414230347
84.30382537841797 496.07440185546875 1.974412202835083
85.50653839111328 493.62127685546875 2.078857183456421
86.95845031738281 491.306884765625 2.183302164077759
88.64373779296875 489.156494140625 2.2877471446990967
90.54402923583984 487.1935119628906 2.3921921253204346
92.63861846923828 485.4393310546875 2.4966371059417725
94.90467834472656 483.9130859375 2.6010820865631104
97.3175048828125 482.63140869140625 2.7055270671844482
99.8508071899414 481.6082763671875 2.809972047805786
102.47696685791016 480.8548278808594 2.914417028427124
105.16736602783203 480.3792724609375 3.018862009048462
107.89268493652344 480.1867980957031 3.1233069896698
110.62322235107422 480.2795104980469 -3.0554332733154297
113.32921600341797 480.6563720703125 -2.950988292694092
115.98117065429688 481.31329345703125 -2.846543312072754
118.55018615722656 482.2431335449219 -2.742098331451416
121.00826263427734 483.43572998046875 -2.637653350830078
123.32860565185547 484.8780822753906 -2.5332083702087402
125.48593139648438 486.55450439453125 -2.4287633895874023
127.45672607421875 488.4466857910156 -2.3243184089660645
129.21951293945312 490.5340270996094 -2.2198734283447266
130.7550811767578 492.79376220703125 -2.1154284477233887
132.04669189453125 495.2012939453125 -2.010983467102051
133.08026123046875 497.7303466796875 -1.9065386056900024
133.8445281982422 500.3533935546875 -1.802093744277954
133.3713836669922 497.6083984375 -1.6808735132217407
133.23365783691406 494.82635498046875 -1.5596532821655273
133.433349609375 492.0480651855469 -1.438433051109314
133.96754455566406 489.3143005371094 -1.3172128200531006
133.14500427246094 491.9196472167969 -1.2127679586410522
132.05532836914062 494.425048828125 -1.108323097229004
130.71038818359375 496.8031921386719 -1.0038782358169556
129.12484741210938 499.0281677246094 -0.8994333744049072
127.31598663330078 501.0757141113281 -0.7949885129928589
125.30351257324219 502.92352294921875 -0.6905436515808105
123.10936737060547 504.55145263671875 -0.5860987901687622
120.75745391845703 505.9417419433594 -0.4816538989543915
118.2734146118164 507.0792541503906 -0.37720900774002075
115.68431854248047 507.95159912109375 -0.27276411652565
113.01838684082031 508.54925537109375 -0.1683192253112793
110.30467224121094 508.86572265625 -0.06387434154748917
107.57274627685547 508.8975524902344 0.040570542216300964
104.8523941040039 508.6444091796875 0.1450154185295105
102.17325592041016 508.1090087890625 0.24946030974388123
99.56453704833984 507.2972106933594 0.35390520095825195
97.0546646118164 506.2178649902344 0.4583500921726227
94.6709976196289 504.88275146484375 0.5627949833869934
92.43951416015625 503.306396484375 0.6672398447990417
90.38452911376953 501.5059814453125 0.7716847062110901
88.5284423828125 499.50115966796875 0.8761295676231384
86.89148712158203 497.3137512207031 0.9805744290351868
85.49150085449219 494.96759033203125 1.0850193500518799
84.34374237060547 492.4882507324219 1.1894642114639282
83.46072387695312 489.90277099609375 1.2939090728759766
82.85206604003906 487.23931884765625 1.398353934288025
82.52440643310547 484.52691650390625 1.5027987957000732
82.48130798339844 481.7951354980469 1.6072436571121216
82.7232437133789 479.0737609863281 1.71168851852417
83.2475814819336 476.3924255371094 1.8161333799362183
84.04859924316406 473.7803649902344 1.9205782413482666
85.1175765991211 471.26605224609375 2.0250232219696045
86.44285583496094 468.87689208984375 2.1294682025909424
88.00999450683594 466.638916015625 2.2339131832122803
89.80191040039062 464.5765380859375 2.338358163833618
91.79907989501953 462.71221923828125 2.442803144454956
93.97972869873047 461.0662536621094 2.547248125076294
96.32009887695312 459.6566162109375 2.651693105697632
98.794677734375 458.4986572265625 2.7561380863189697
101.37649536132812 457.60498046875 2.8605830669403076
104.03741455078125 456.9853515625 2.9650280475616455
106.74842834472656 456.6465148925781 3.0694730281829834
109.47999572753906 456.5921630859375 -3.109267234802246
112.20234680175781 456.8228759765625 -3.004822254180908
114.88581085205078 457.3361511230469 -2.9003772735595703
117.50113677978516 458.12640380859375 -2.7959322929382324
120.01982116699219 459.18499755859375 -2.6914873123168945
122.41441345214844 460.50042724609375 -2.5870423316955566
124.65882110595703 462.0583190917969 -2.4825973510742188
126.72857666015625 463.84173583984375 -2.378152370452881
128.6011199951172 465.8312072753906 -2.273707389831543
130.2560577392578 468.00506591796875 -2.169262409210205
131.6753387451172 470.339599609375 -2.064817428588867
132.84349060058594 472.80938720703125 -1.9603725671768188
133.74778747558594 475.38751220703125 -1.8559277057647705
133.10903930664062 472.6233215332031 -1.739854097366333
132.80755615234375 469.8542175292969 -1.6186338663101196
132.8431396484375 467.0689697265625 -1.4974136352539062
133.21495056152344 464.2545471191406 -1.381484031677246
133.96661376953125 460.5799255371094 -1.3565664291381836
134.80960083007812 456.9251708984375 -1.331648826599121
135.74337768554688 453.29254150390625 -1.3067312240600586
136.7673797607422 449.68426513671875 -1.2818186283111572
137.9072723388672 445.8501281738281 -1.2818186283111572
139.0471649169922 442.0159912109375 -1.2818186283111572
140.1870574951172 438.1818542480469 -1.2818186283111572
141.3269500732422 434.34771728515625 -1.2818186283111572
141.32569885253906 434.35009765625 -0.8820885419845581
138.78353881835938 437.4383544921875 -0.8820885419845581
136.2413787841797 440.526611328125 -0.8820885419845581
133.69921875 443.6148681640625 -0.8820885419845581
131.1570587158203 446.703125 -0.8820885419845581
128.61489868164062 449.7913818359375 -0.8820885419845581
126.07273864746094 452.879638671875 -0.8820883631706238
123.53057861328125 455.9678955078125 -0.8820881843566895
120.98841857910156 459.05615234375 -0.8820880055427551
118.44625854492188 462.1444091796875 -0.8820878267288208
118.44625854492188 462.1444091796875 -0.4820878505706787
115.96271514892578 463.28302001953125 -0.377642959356308
113.3740005493164 464.156494140625 -0.27319806814193726
110.70832824707031 464.75531005859375 -0.16875317692756653
107.9947509765625 465.0729675292969 -0.0643082931637764
105.2628402709961 465.1059875488281 0.04013659060001373
102.54237365722656 464.85400390625 0.14458146691322327
99.86300659179688 464.31976318359375 0.249026358127594
97.25393676757812 463.5091247558594 0.3534712493419647
94.74359893798828 462.4308776855469 0.45791614055633545
92.3593521118164 461.0968017578125 0.5623610019683838
90.12718200683594 459.52142333984375 0.6668058633804321
88.07141876220703 457.721923828125 0.7712507247924805
86.21446228027344 455.7178955078125 0.8756955862045288
84.5765609741211 453.53118896484375 0.9801404476165771
83.1755599975586 451.1856384277344 1.0845853090286255
82.02672576904297 448.7068176269531 1.1890301704406738
81.14258575439453 446.1217346191406 1.2934750318527222
80.53276824951172 443.45855712890625 1.3979198932647705
80.20392608642578 440.7463073730469 1.5023647546768188
80.1596450805664 438.0145568847656 1.6068096160888672
80.40039825439453 435.2930908203125 1.7112544775009155
80.92356872558594 432.6115417480469 1.8156993389129639
81.72345733642578 429.9991455078125 1.9201442003250122
82.79134368896484 427.484375 2.0245890617370605
84.11558532714844 425.0946350097656 2.1290340423583984
85.68175506591797 422.8559875488281 2.2334790229797363
87.4727783203125 420.7928161621094 2.337924003601074
89.4691390991211 418.9276123046875 2.442368984222412
91.64907836914062 417.28070068359375 2.54681396484375
93.98883056640625 415.8700256347656 2.651258945465088
96.46290588378906 414.71099853515625 2.755703926086426
99.0443344116211 413.8161926269531 2.8601489067077637
101.7049789428711 413.1954040527344 2.9645938873291016
104.41584777832031 412.8553771972656 3.0690388679504395
107.14739227294922 412.7998352050781 -3.10970139503479
109.86984252929688 413.02935791015625 -3.005256414413452
112.55352783203125 413.5414733886719 -2.9008114337921143
115.16919708251953 414.3305969238281 -2.7963664531707764
117.68833923339844 415.3880920410156 -2.6919214725494385
120.08350372314453 416.7024841308594 -2.5874764919281006
120.0823745727539 416.7020568847656 -2.9873552322387695
122.75646209716797 417.2621154785156 -2.8829102516174316
125.35758209228516 418.0979309082031 -2.7784652709960938
127.85739135742188 419.20037841796875 -2.674020290374756
130.22865295410156 420.55743408203125 -2.569575309753418
132.4455108642578 422.154296875 -2.46513032913208
134.4838104248047 423.97357177734375 -2.360685348510742
136.32131958007812 425.9954528808594 -2.2562403678894043
137.9380340576172 428.1978759765625 -2.1517953872680664
139.31631469726562 430.5568542480469 -2.0473504066467285
140.441162109375 433.0466613769531 -1.9429055452346802
140.441162109375 433.0466613769531 -1.542905569076538
140.59246826171875 429.2989807128906 -1.5179879665374756
140.83567810058594 425.54461669921875 -1.4942213296890259
141.1416778564453 421.55633544921875 -1.4942213296890259
141.4476776123047 417.56805419921875 -1.4942213296890259
141.75369262695312 413.579833984375 -1.4942152500152588
142.05972290039062 409.591552734375 -1.4942152500152588
142.36575317382812 405.603271484375 -1.4942152500152588
142.67178344726562 401.614990234375 -1.4942152500152588
142.97781372070312 397.626708984375 -1.4942152500152588
143.28384399414062 393.638427734375 -1.4942152500152588
143.58987426757812 389.650146484375 -1.4942152500152588
143.89590454101562 385.661865234375 -1.4942152500152588
144.20193481445312 381.673583984375 -1.4942152500152588
144.50796508789062 377.685302734375 -1.4942152500152588
144.81399536132812 373.697021484375 -1.4942152500152588
145.12002563476562 369.708740234375 -1.4942152500152588
145.42605590820312 365.720458984375 -1.4942152500152588
145.73208618164062 361.732177734375 -1.4942152500152588
146.03811645507812 357.743896484375 -1.4942152500152588
146.34414672851562 353.755615234375 -1.4942152500152588
146.65017700195312 349.767333984375 -1.4942152500152588
146.95620727539062 345.779052734375 -1.4942152500152588
147.26223754882812 341.790771484375 -1.4942152500152588
147.56826782226562 337.802490234375 -1.4942152500152588
147.87429809570312 333.814208984375 -1.4942152500152588
148.18032836914062 329.825927734375 -1.4942152500152588
148.48635864257812 325.837646484375 -1.4942152500152588
148.79238891601562 321.849365234375 -1.4942152500152588
149.09841918945312 317.861083984375 -1.4942152500152588
149.40444946289062 313.872802734375 -1.4942152500152588
149.71047973632812 309.884521484375 -1.4942152500152588
150.01651000976562 305.896240234375 -1.4942152500152588
150.32254028320312 301.907958984375 -1.4942152500152588
150.62857055664062 297.919677734375 -1.4942152500152588
150.93460083007812 293.931396484375 -1.4942152500152588
151.24063110351562 289.943115234375 -1.4942152500152588
151.54666137695312 285.954833984375 -1.4942152500152588
151.85269165039062 281.966552734375 -1.4942152500152588
152.15872192382812 277.978271484375 -1.4942152500152588
152.46475219726562 273.989990234375 -1.4942152500152588
152.77078247070312 270.001708984375 -1.4942152500152588
153.07681274414062 266.013427734375 -1.4942152500152588
153.38284301757812 262.025146484375 -1.4942152500152588
153.68887329101562 258.036865234375 -1.4942152500152588
153.99490356445312 254.048583984375 -1.4942152500152588
154.30093383789062 250.060302734375 -1.4942152500152588
154.60696411132812 246.072021484375 -1.4942151308059692
154.91299438476562 242.083740234375 -1.4942150115966797
154.91744995117188 242.12020874023438 -1.8905171155929565
153.66024780273438 238.3229217529297 -1.8905171155929565
152.5258331298828 234.74786376953125 -1.8655993938446045
152.52609252929688 234.7505340576172 -1.4658693075180054
152.10714721679688 238.72853088378906 -1.4658693075180054
152.14263916015625 239.2397003173828 -1.8143694400787354
152.14276123046875 239.24237060546875 -1.4146393537521362
152.14430236816406 239.27908325195312 -1.8109409809112549
152.1444091796875 239.28175354003906 -1.4112108945846558
152.1458282470703 239.31846618652344 -1.8075125217437744
152.1459197998047 239.32113647460938 -1.4077824354171753
152.147216796875 239.35784912109375 -1.804084300994873
152.14730834960938 239.3605194091797 -1.404354214668274
152.14846801757812 239.39724731445312 -1.8006560802459717
152.14854431152344 239.39993286132812 -1.4009259939193726
152.1495819091797 239.43666076660156 -1.7972278594970703
152.149658203125 239.4393310546875 -1.3974976539611816
152.15057373046875 239.47605895996094 -1.793799638748169
152.150634765625 239.47872924804688 -1.3940693140029907
151.44740295410156 243.4164276123047 -1.3940693140029907
152.150634765625 239.47872924804688 -1.3940691947937012
151.44740295410156 243.4164276123047 -1.3940691947937012
152.150634765625 239.47872924804688 -1.3940690755844116
151.44740295410156 243.4164276123047 -1.3940690755844116
152.150634765625 239.47872924804688 -1.394068956375122
151.44740295410156 243.4164276123047 -1.394068956375122
152.150634765625 239.47872924804688 -1.3940688371658325
151.44740295410156 243.4164276123047 -1.3940688371658325
152.150634765625 239.47872924804688 -1.394068717956543
151.44740295410156 243.4164276123047 -1.394068717956543
152.150634765625 239.47872924804688 -1.3940685987472534
151.44740295410156 243.4164276123047 -1.3940685987472534
152.150634765625 239.47872924804688 -1.3940684795379639
151.44740295410156 243.4164276123047 -1.3940684795379639
152.150634765625 239.47872924804688 -1.3940683603286743
151.44740295410156 243.4164276123047 -1.3940683603286743
152.150634765625 239.47872924804688 -1.3940682411193848
151.44740295410156 243.4164276123047 -1.3940682411193848
152.150634765625 239.47872924804688 -1.3940681219100952
151.44740295410156 243.4164276123047 -1.3940681219100952
152.150634765625 239.47872924804688 -1.3940680027008057
151.44740295410156 243.4164276123047 -1.3940680027008057
152.15065002441406 239.47872924804688 -1.3940678834915161
151.44740295410156 243.4164276123047 -1.3940678834915161
152.15065002441406 239.47872924804688 -1.3940677642822266
151.44740295410156 243.4164276123047 -1.3940677642822266
152.15065002441406 239.47872924804688 -1.394067645072937
151.44740295410156 243.4164276123047 -1.394067645072937
152.15065002441406 239.47872924804688 -1.3940675258636475
151.44740295410156 243.4164276123047 -1.3940675258636475
152.15065002441406 239.47872924804688 -1.394067406654358
151.44740295410156 243.4164276123047 -1.394067406654358
152.15065002441406 239.47872924804688 -1.3940672874450684
151.44740295410156 243.4164276123047 -1.3940672874450684
152.15065002441406 239.47872924804688 -1.3940671682357788
151.44740295410156 243.4164276123047 -1.3940671682357788
152.15065002441406 239.47872924804688 -1.3940670490264893
151.44740295410156 243.4164276123047 -1.3940670490264893
152.15065002441406 239.47872924804688 -1.3940669298171997
151.44740295410156 243.4164276123047 -1.3940669298171997
152.15065002441406 239.47872924804688 -1.3940668106079102
151.44740295410156 243.4164276123047 -1.3940668106079102
152.15065002441406 239.47872924804688 -1.3940666913986206
151.44740295410156 243.4164276123047 -1.3940666913986206
152.15065002441406 239.47872924804688 -1.394066572189331
151.44740295410156 243.4164276123047 -1.394066572189331
152.15065002441406 239.47872924804688 -1.3940664529800415
151.44740295410156 243.4164276123047 -1.3940664529800415
152.15065002441406 239.47872924804688 -1.394066333770752
151.44740295410156 243.4164276123047 -1.394066333770752
152.15065002441406 239.47872924804688 -1.3940662145614624
151.44740295410156 243.4164276123047 -1.3940662145614624
152.15065002441406 239.47872924804688 -1.3940660953521729
151.44740295410156 243.4164276123047 -1.3940660953521729
152.15065002441406 239.47872924804688 -1.3940659761428833
151.44740295410156 243.4164276123047 -1.3940659761428833
152.15065002441406 239.47872924804688 -1.3940658569335938
151.44740295410156 243.4164276123047 -1.3940658569335938
152.15065002441406 239.47872924804688 -1.3940657377243042
151.44740295410156 243.4164276123047 -1.3940657377243042
152.15065002441406 239.47872924804688 -1.3940656185150146
151.44740295410156 243.4164276123047 -1.3940656185150146
152.15065002441406 239.47872924804688 -1.394065499305725
151.44740295410156 243.4164276123047 -1.394065499305725
152.15065002441406 239.47872924804688 -1.3940653800964355
151.44740295410156 243.4164276123047 -1.3940653800964355
152.15065002441406 239.47872924804688 -1.394065260887146
151.44740295410156 243.4164276123047 -1.394065260887146
152.15065002441406 239.47872924804688 -1.3940651416778564
151.44740295410156 243.4164276123047 -1.3940651416778564
152.15065002441406 239.47872924804688 -1.394065022468567
151.44740295410156 243.4164276123047 -1.394065022468567
152.15065002441406 239.47872924804688 -1.3940649032592773
151.44740295410156 243.4164276123047 -1.3940649032592773
152.15065002441406 239.47872924804688 -1.3940647840499878
151.44740295410156 243.4164276123047 -1.3940647840499878
152.15065002441406 239.47872924804688 -1.3940646648406982
151.44740295410156 243.4164276123047 -1.3940646648406982
152.15065002441406 239.47872924804688 -1.3940645456314087
151.44740295410156 243.4164276123047 -1.3940645456314087
152.15065002441406 239.47872924804688 -1.3940644264221191
151.44740295410156 243.4164276123047 -1.3940644264221191
152.15065002441406 239.47872924804688 -1.3940643072128296
151.44740295410156 243.4164276123047 -1.3940643072128296
152.15065002441406 239.47872924804688 -1.39406418800354
151.44740295410156 243.4164276123047 -1.39406418800354
152.15065002441406 239.47872924804688 -1.3940640687942505
151.4473876953125 243.4164276123047 -1.3940640687942505
152.150634765625 239.47872924804688 -1.394063949584961
151.44737243652344 243.4164276123047 -1.394063949584961
152.150634765625 239.47872924804688 -1.3940638303756714
151.44737243652344 243.4164276123047 -1.3940638303756714
152.150634765625 239.47872924804688 -1.3940637111663818
151.44737243652344 243.4164276123047 -1.3940637111663818
152.150634765625 239.47872924804688 -1.3940635919570923
151.44737243652344 243.4164276123047 -1.3940635919570923
152.150634765625 239.47872924804688 -1.3940634727478027
151.44737243652344 243.4164276123047 -1.3940634727478027
152.150634765625 239.47872924804688 -1.3940633535385132
151.44737243652344 243.4164276123047 -1.3940633535385132
152.150634765625 239.47872924804688 -1.3940632343292236
151.44737243652344 243.4164276123047 -1.3940632343292236
152.150634765625 239.47872924804688 -1.394063115119934
151.44737243652344 243.4164276123047 -1.394063115119934
152.150634765625 239.47872924804688 -1.3940629959106445
151.44737243652344 243.4164276123047 -1.3940629959106445
152.150634765625 239.47872924804688 -1.394062876701355
151.44737243652344 243.4164276123047 -1.394062876701355
152.150634765625 239.47872924804688 -1.3940627574920654
151.44737243652344 243.4164276123047 -1.3940627574920654
152.150634765625 239.47872924804688 -1.3940626382827759
151.44737243652344 243.4164276123047 -1.3940626382827759
152.150634765625 239.47872924804688 -1.3940625190734863
151.44737243652344 243.4164276123047 -1.3940625190734863
152.150634765625 239.47872924804688 -1.3940623998641968
151.44737243652344 243.4164276123047 -1.3940623998641968
152.150634765625 239.47872924804688 -1.3940622806549072
151.44737243652344 243.4164276123047 -1.3940622806549072
152.150634765625 239.47872924804688 -1.3940621614456177
151.44737243652344 243.4164276123047 -1.3940621614456177
152.150634765625 239.47872924804688 -1.3940620422363281
151.44737243652344 243.4164276123047 -1.3940620422363281
152.150634765625 239.47872924804688 -1.3940619230270386
151.44737243652344 243.4164276123047 -1.3940619230270386
152.150634765625 239.47872924804688 -1.394061803817749
151.44737243652344 243.4164276123047 -1.394061803817749
152.150634765625 239.47872924804688 -1.3940616846084595
151.44737243652344 243.4164276123047 -1.3940616846084595
152.150634765625 239.47872924804688 -1.39406156539917
151.44737243652344 243.4164276123047 -1.39406156539917
152.150634765625 239.47872924804688 -1.3940614461898804
151.44737243652344 243.4164276123047 -1.3940614461898804
152.150634765625 239.47872924804688 -1.3940613269805908
151.44737243652344 243.4164276123047 -1.3940613269805908
152.150634765625 239.47872924804688 -1.3940612077713013
151.44737243652344 243.4164276123047 -1.3940612077713013
152.150634765625 239.47872924804688 -1.3940610885620117
151.44737243652344 243.4164276123047 -1.3940610885620117
152.150634765625 239.47872924804688 -1.3940609693527222
151.44737243652344 243.4164276123047 -1.3940609693527222
152.150634765625 239.47872924804688 -1.3940608501434326
151.44737243652344 243.4164276123047 -1.3940608501434326
152.150634765625 239.47872924804688 -1.394060730934143
151.44737243652344 243.4164276123047 -1.394060730934143
152.150634765625 239.47872924804688 -1.3940606117248535
151.44737243652344 243.4164276123047 -1.3940606117248535
152.150634765625 239.47872924804688 -1.394060492515564
151.44737243652344 243.4164276123047 -1.394060492515564
152.150634765625 239.47872924804688 -1.3940603733062744
151.44737243652344 243.4164276123047 -1.3940603733062744
152.150634765625 239.47874450683594 -1.3940602540969849
151.44737243652344 243.41644287109375 -1.3940602540969849
152.150634765625 239.478759765625 -1.3940601348876953
151.44735717773438 243.4164581298828 -1.3940601348876953
152.150634765625 239.47877502441406 -1.3940600156784058
151.44735717773438 243.41647338867188 -1.3940600156784058
152.150634765625 239.47879028320312 -1.3940598964691162
151.44735717773438 243.41648864746094 -1.3940598964691162
152.150634765625 239.4788055419922 -1.3940597772598267
151.44735717773438 243.41650390625 -1.3940597772598267
152.150634765625 239.47882080078125 -1.394059658050537
151.44735717773438 243.41650390625 -1.394059658050537
152.150634765625 239.47882080078125 -1.3940595388412476
151.44735717773438 243.41650390625 -1.3940595388412476
152.150634765625 239.47882080078125 -1.394059419631958
151.44735717773438 243.41650390625 -1.394059419631958
152.150634765625 239.47882080078125 -1.3940593004226685
151.44735717773438 243.41650390625 -1.3940593004226685
152.150634765625 239.47882080078125 -1.394059181213379
151.44735717773438 243.41650390625 -1.394059181213379
152.150634765625 239.47882080078125 -1.3940590620040894
151.44735717773438 243.41650390625 -1.3940590620040894
152.150634765625 239.47882080078125 -1.3940589427947998
151.44735717773438 243.41650390625 -1.3940589427947998
152.150634765625 239.47882080078125 -1.3940588235855103
151.44735717773438 243.41650390625 -1.3940588235855103
152.150634765625 239.47882080078125 -1.3940587043762207
151.44735717773438 243.41650390625 -1.3940587043762207
152.150634765625 239.47882080078125 -1.3940585851669312
151.44735717773438 243.41650390625 -1.3940585851669312
152.150634765625 239.47882080078125 -1.3940584659576416
151.44735717773438 243.41650390625 -1.3940584659576416
152.150634765625 239.47882080078125 -1.394058346748352
151.44735717773438 243.41650390625 -1.394058346748352
152.150634765625 239.47882080078125 -1.3940582275390625
151.44735717773438 243.41650390625 -1.3940582275390625
152.150634765625 239.47882080078125 -1.394058108329773
151.44735717773438 243.41650390625 -1.394058108329773
152.150634765625 239.47882080078125 -1.3940579891204834
151.44735717773438 243.41650390625 -1.3940579891204834
152.150634765625 239.47882080078125 -1.3940578699111938
151.44735717773438 243.41650390625 -1.3940578699111938
152.150634765625 239.47882080078125 -1.3940577507019043
151.44735717773438 243.41650390625 -1.3940577507019043
152.150634765625 239.47882080078125 -1.3940576314926147
151.44735717773438 243.41650390625 -1.3940576314926147
152.150634765625 239.47882080078125 -1.3940575122833252
151.44735717773438 243.41650390625 -1.3940575122833252
152.150634765625 239.47882080078125 -1.3940573930740356
151.44735717773438 243.41650390625 -1.3940573930740356
152.150634765625 239.47882080078125 -1.394057273864746
151.44735717773438 243.41650390625 -1.394057273864746
152.150634765625 239.47882080078125 -1.3940571546554565
151.44735717773438 243.41650390625 -1.3940571546554565
152.150634765625 239.47882080078125 -1.394057035446167
151.44735717773438 243.41650390625 -1.394057035446167
152.150634765625 239.47882080078125 -1.3940569162368774
151.44735717773438 243.41650390625 -1.3940569162368774
152.150634765625 239.47882080078125 -1.394056797027588
151.44735717773438 243.41650390625 -1.394056797027588
152.150634765625 239.47882080078125 -1.3940566778182983
151.44735717773438 243.41650390625 -1.3940566778182983
152.150634765625 239.47882080078125 -1.3940565586090088
151.44735717773438 243.41650390625 -1.3940565586090088
152.150634765625 239.47882080078125 -1.3940564393997192
151.44735717773438 243.41650390625 -1.3940564393997192
152.150634765625 239.47882080078125 -1.3940563201904297
151.44735717773438 243.41650390625 -1.3940563201904297
152.15065002441406 239.47882080078125 -1.3940562009811401
151.44735717773438 243.41650390625 -1.3940562009811401
152.15065002441406 239.47882080078125 -1.3940560817718506
151.44735717773438 243.41650390625 -1.3940560817718506
152.15065002441406 239.47882080078125 -1.394055962562561
151.44735717773438 243.41650390625 -1.394055962562561
152.15065002441406 239.47882080078125 -1.3940558433532715
151.44735717773438 243.41650390625 -1.3940558433532715
152.15065002441406 239.47882080078125 -1.394055724143982
151.44735717773438 243.41650390625 -1.394055724143982
152.15065002441406 239.47882080078125 -1.3940556049346924
151.44735717773438 243.41650390625 -1.3940556049346924
152.15065002441406 239.47882080078125 -1.3940554857254028
151.44735717773438 243.41650390625 -1.3940554857254028
152.15065002441406 239.47882080078125 -1.3940553665161133
151.44735717773438 243.41650390625 -1.3940553665161133
152.15065002441406 239.47882080078125 -1.3940552473068237
151.44735717773438 243.41650390625 -1.3940552473068237
152.15065002441406 239.47882080078125 -1.3940551280975342
151.44735717773438 243.41650390625 -1.3940551280975342
152.15065002441406 239.47882080078125 -1.3940550088882446
151.44735717773438 243.41650390625 -1.3940550088882446
152.15065002441406 239.47882080078125 -1.394054889678955
151.44735717773438 243.41650390625 -1.394054889678955
152.15065002441406 239.47882080078125 -1.3940547704696655
151.44735717773438 243.41650390625 -1.3940547704696655
152.15065002441406 239.47882080078125 -1.394054651260376
151.44735717773438 243.41650390625 -1.394054651260376
152.15065002441406 239.47882080078125 -1.3940545320510864
151.44735717773438 243.41650390625 -1.3940545320510864
152.15065002441406 239.47882080078125 -1.3940544128417969
151.44735717773438 243.41650390625 -1.3940544128417969
152.15065002441406 239.47882080078125 -1.3940542936325073
151.44735717773438 243.41650390625 -1.3940542936325073
152.15065002441406 239.47882080078125 -1.3940541744232178
151.44735717773438 243.41650390625 -1.3940541744232178
152.15065002441406 239.47882080078125 -1.3940540552139282
151.44735717773438 243.41650390625 -1.3940540552139282
152.15065002441406 239.47882080078125 -1.3940539360046387
151.44735717773438 243.41650390625 -1.3940539360046387
152.15065002441406 239.47882080078125 -1.3940538167953491
151.44735717773438 243.41650390625 -1.3940538167953491
152.15065002441406 239.47882080078125 -1.3940536975860596
151.44735717773438 243.41650390625 -1.3940536975860596
152.15065002441406 239.47882080078125 -1.39405357837677
151.44735717773438 243.41650390625 -1.39405357837677
152.15065002441406 239.47882080078125 -1.3940534591674805
151.44735717773438 243.41650390625 -1.3940534591674805
152.15065002441406 239.47882080078125 -1.394053339958191
151.44735717773438 243.41650390625 -1.394053339958191
152.15065002441406 239.47882080078125 -1.3940532207489014
151.44735717773438 243.41650390625 -1.3940532207489014
152.15065002441406 239.47882080078125 -1.3940531015396118
151.44735717773438 243.41650390625 -1.3940531015396118
152.15065002441406 239.47882080078125 -1.3940529823303223
151.44735717773438 243.41650390625 -1.3940529823303223
152.15065002441406 239.47882080078125 -1.3940528631210327
151.44735717773438 243.41650390625 -1.3940528631210327
152.15065002441406 239.47882080078125 -1.3940527439117432
151.44735717773438 243.41650390625 -1.3940527439117432
152.15065002441406 239.47882080078125 -1.3940526247024536
151.44735717773438 243.41650390625 -1.3940526247024536
152.15065002441406 239.47882080078125 -1.394052505493164
151.44735717773438 243.41650390625 -1.394052505493164
152.15066528320312 239.47882080078125 -1.3940523862838745
151.44735717773438 243.41650390625 -1.3940523862838745
152.15066528320312 239.47882080078125 -1.394052267074585
151.44735717773438 243.41650390625 -1.394052267074585
152.15066528320312 239.47882080078125 -1.3940521478652954
151.44735717773438 243.41650390625 -1.3940521478652954
152.15066528320312 239.47882080078125 -1.3940520286560059
151.44735717773438 243.41650390625 -1.3940520286560059
152.15066528320312 239.47882080078125 -1.3940519094467163
151.44735717773438 243.41650390625 -1.3940519094467163
152.15066528320312 239.47882080078125 -1.3940517902374268
151.44735717773438 243.41650390625 -1.3940517902374268
152.15066528320312 239.47882080078125 -1.3940516710281372
151.44735717773438 243.41650390625 -1.3940516710281372
152.15066528320312 239.47882080078125 -1.3940515518188477
151.44735717773438 243.41650390625 -1.3940515518188477
152.15066528320312 239.47882080078125 -1.394051432609558
151.44735717773438 243.41650390625 -1.394051432609558
152.15066528320312 239.47882080078125 -1.3940513134002686
151.44735717773438 243.41650390625 -1.3940513134002686
152.15066528320312 239.47882080078125 -1.394051194190979
151.44735717773438 243.41650390625 -1.394051194190979
152.15066528320312 239.47882080078125 -1.3940510749816895
151.44735717773438 243.41650390625 -1.3940510749816895
152.15066528320312 239.47882080078125 -1.3940509557724
151.44735717773438 243.41650390625 -1.3940509557724
152.15066528320312 239.47882080078125 -1.3940508365631104
151.44735717773438 243.41650390625 -1.3940508365631104
152.15066528320312 239.47882080078125 -1.3940507173538208
151.44735717773438 243.41650390625 -1.3940507173538208
152.15066528320312 239.47882080078125 -1.3940505981445312
151.44735717773438 243.41650390625 -1.3940505981445312
152.15066528320312 239.47882080078125 -1.3940504789352417
151.44735717773438 243.41650390625 -1.3940504789352417
152.15066528320312 239.47882080078125 -1.3940503597259521
151.44735717773438 243.41650390625 -1.3940503597259521
152.15066528320312 239.47882080078125 -1.3940502405166626
151.44735717773438 243.41650390625 -1.3940502405166626
152.15066528320312 239.47882080078125 -1.394050121307373
151.44735717773438 243.41650390625 -1.394050121307373
152.15066528320312 239.47882080078125 -1.3940500020980835
151.44735717773438 243.41650390625 -1.3940500020980835
152.15066528320312 239.47882080078125 -1.394049882888794
151.44735717773438 243.41650390625 -1.394049882888794
152.15066528320312 239.47882080078125 -1.3940497636795044
151.44735717773438 243.41650390625 -1.3940497636795044
152.15066528320312 239.47882080078125 -1.3940496444702148
151.44735717773438 243.41650390625 -1.3940496444702148
152.15066528320312 239.47882080078125 -1.3940495252609253
151.44735717773438 243.41650390625 -1.3940495252609253
152.15066528320312 239.47882080078125 -1.3940494060516357
151.44735717773438 243.41650390625 -1.3940494060516357
152.15066528320312 239.47882080078125 -1.3940492868423462
151.44735717773438 243.41650390625 -1.3940492868423462
152.15066528320312 239.47882080078125 -1.3940491676330566
151.44735717773438 243.41650390625 -1.3940491676330566
152.15066528320312 239.47882080078125 -1.394049048423767
151.44735717773438 243.41650390625 -1.394049048423767
152.15066528320312 239.47882080078125 -1.3940489292144775
151.44735717773438 243.41650390625 -1.3940489292144775
152.15066528320312 239.47882080078125 -1.394048810005188
151.44735717773438 243.41650390625 -1.394048810005188
152.15066528320312 239.47882080078125 -1.3940486907958984
151.44735717773438 243.41650390625 -1.3940486907958984
152.15066528320312 239.47882080078125 -1.3940485715866089
151.44735717773438 243.41650390625 -1.3940485715866089
152.15066528320312 239.47882080078125 -1.3940484523773193
151.4473419189453 243.41650390625 -1.3940484523773193
152.15066528320312 239.47882080078125 -1.3940483331680298
151.4473419189453 243.41650390625 -1.3940483331680298
152.15066528320312 239.47882080078125 -1.3940482139587402
151.4473419189453 243.41650390625 -1.3940482139587402
152.15066528320312 239.47882080078125 -1.3940480947494507
151.4473419189453 243.41650390625 -1.3940480947494507
152.15066528320312 239.47882080078125 -1.3940479755401611
151.4473419189453 243.41650390625 -1.3940479755401611
152.15066528320312 239.47882080078125 -1.3940478563308716
151.4473419189453 243.41650390625 -1.3940478563308716
152.15066528320312 239.47882080078125 -1.394047737121582
151.4473419189453 243.41650390625 -1.394047737121582
152.15066528320312 239.47882080078125 -1.3940476179122925
151.4473419189453 243.41650390625 -1.3940476179122925
152.15066528320312 239.47882080078125 -1.394047498703003
151.4473419189453 243.41650390625 -1.394047498703003
152.15066528320312 239.47882080078125 -1.3940473794937134
151.4473419189453 243.41650390625 -1.3940473794937134
152.15066528320312 239.47882080078125 -1.3940472602844238
151.4473419189453 243.41650390625 -1.3940472602844238
152.15066528320312 239.47882080078125 -1.3940471410751343
151.4473419189453 243.41650390625 -1.3940471410751343
152.15066528320312 239.47882080078125 -1.3940470218658447
151.4473419189453 243.41650390625 -1.3940470218658447
152.15066528320312 239.47882080078125 -1.3940469026565552
151.4473419189453 243.41650390625 -1.3940469026565552
152.15066528320312 239.47882080078125 -1.3940467834472656
151.4473419189453 243.41650390625 -1.3940467834472656
152.15066528320312 239.47882080078125 -1.394046664237976
151.4473419189453 243.41650390625 -1.394046664237976
152.15066528320312 239.47882080078125 -1.3940465450286865
151.4473419189453 243.41650390625 -1.3940465450286865
152.15066528320312 239.47882080078125 -1.394046425819397
151.4473419189453 243.41650390625 -1.394046425819397
152.15066528320312 239.47882080078125 -1.3940463066101074
151.4473419189453 243.41650390625 -1.3940463066101074
152.15066528320312 239.47882080078125 -1.3940461874008179
151.4473419189453 243.41650390625 -1.3940461874008179
152.15066528320312 239.47882080078125 -1.3940460681915283
151.4473419189453 243.41650390625 -1.3940460681915283
152.15066528320312 239.47882080078125 -1.3940459489822388
151.4473419189453 243.41650390625 -1.3940459489822388
