60.12413024902344 450.18280029296875 1.1631687879562378
60.172080993652344 450.39849853515625 1.5409393310546875
60.137088775634766 450.6166687011719 1.9187098741531372
58.86823654174805 453.8455505371094 1.9717448949813843
57.307090759277344 457.5281982421875 1.9717556238174438
55.745906829833984 461.2108459472656 1.9717663526535034
54.1846809387207 464.8934631347656 1.971777081489563
52.623416900634766 468.5760803222656 1.9717878103256226
51.06211471557617 472.2586669921875 1.9717985391616821
49.500770568847656 475.9412536621094 1.9718092679977417
47.939388275146484 479.6238098144531 1.9718199968338013
46.377967834472656 483.30633544921875 1.9718307256698608
44.816505432128906 486.9888610839844 1.9718414545059204
43.2550048828125 490.6713562011719 1.97185218334198
41.69346618652344 494.3538513183594 1.9718629121780396
40.13188552856445 498.03631591796875 1.9718736410140991
38.57026672363281 501.7187805175781 1.9718843698501587
37.00860595703125 505.4012145996094 1.9718950986862183
36.88567352294922 505.5848388671875 2.349665641784668
36.88567352294922 505.5848388671875 2.7496657371520996
36.88567352294922 505.5848388671875 -3.133519411087036
36.66897964477539 505.5415954589844 -2.755748748779297
40.37486267089844 507.04693603515625 -2.755753517150879
44.080753326416016 508.55224609375 -2.755758285522461
47.786651611328125 510.05755615234375 -2.755763053894043
51.492557525634766 511.5628356933594 -2.755767822265625
55.19847106933594 513.068115234375 -2.755772590637207
58.90439224243164 514.5733642578125 -2.755777359008789
62.610321044921875 516.07861328125 -2.755782127380371
66.31625366210938 517.5838012695312 -2.755786895751953
70.0221939086914 519.0889892578125 -2.755791664123535
73.72814178466797 520.5941772460938 -2.755796432495117
77.43409729003906 522.099365234375 -2.755801200866699
81.14006042480469 523.6044921875 -2.7558059692382812
80.95458984375 523.484375 -2.378035306930542
80.82649993896484 523.3043212890625 -2.0002646446228027
80.77384948730469 523.0897216796875 -1.622494101524353
80.80406951904297 522.870849609375 -1.2447235584259033
80.91289520263672 522.6785278320312 -0.8669530153274536
81.0849838256836 522.5399169921875 -0.4891824424266815
81.29605865478516 522.4745483398438 -0.11141186952590942
81.51636505126953 522.4916381835938 0.26635870337486267
81.71482849121094 522.5888061523438 0.6441292762756348
81.86346435546875 522.7523193359375 1.0218998193740845
81.9413070678711 522.9591064453125 1.3996703624725342
81.93738555908203 523.1800537109375 1.7774409055709839
81.85224914550781 523.3839721679688 2.1552114486694336
81.69790649414062 523.5421142578125 2.532982110977173
81.4961166381836 523.6321411132812 2.910752773284912
81.27534484863281 523.6414184570312 -2.994661808013916
81.06671905517578 523.568603515625 -2.6168911457061768
80.89966583251953 523.4239501953125 -2.2391204833984375
80.79773712158203 523.2279052734375 -1.8613499402999878
80.77531433105469 523.008056640625 -1.483579397201538
80.8355484008789 522.7954711914062 -1.1058088541030884
80.96995544433594 522.6200561523438 -0.7280383110046387
81.15957641601562 522.506591796875 -0.3502677381038666
81.37767028808594 522.4710693359375 0.027502834796905518
81.5934829711914 522.5184936523438 0.4052734076976776
81.77658081054688 522.6422119140625 0.7830439805984497
81.90113830566406 522.82470703125 1.1608145236968994
81.94959259033203 523.040283203125 1.5385850667953491
81.91511535644531 523.258544921875 1.9163556098937988
81.80256652832031 523.4486694335938 2.294126272201538
81.62781524658203 523.5839233398438 2.6718969345092773
81.4155044555664 523.6451416015625 3.0496675968170166
81.19558715820312 523.623779296875 -2.855746030807495
80.99905395507812 523.5227661132812 -2.477975368499756
80.8536376953125 523.3563842773438 -2.1002047061920166
80.77983856201172 523.1481323242188 -1.722434163093567
80.78807067871094 522.9273071289062 -1.3446636199951172
80.87716674804688 522.72509765625 -0.9668930768966675
81.03456115722656 522.5700073242188 -0.5891225337982178
81.23806762695312 522.48388671875 -0.21135196089744568
81.45897674560547 522.4789428710938 0.16641861200332642
81.66614532470703 522.5557861328125 0.5441892147064209
81.83035278320312 522.7036743164062 0.9219597578048706
81.9284439086914 522.9016723632812 1.2997303009033203
81.94657897949219 523.1218872070312 1.67750084400177
82.37257385253906 519.1446533203125 1.677496075630188
82.31119537353516 519.3458251953125 2.0563340187072754
82.17321014404297 519.5184326171875 2.4341046810150146
79.13329315185547 522.1180419921875 2.434115409851074
76.09334564208984 524.7176513671875 2.434126138687134
73.0533676147461 527.3171997070312 2.4341368675231934
70.01336669921875 529.916748046875 2.434147596359253
66.97333526611328 532.5162353515625 2.4341583251953125
63.93327713012695 535.11572265625 2.434169054031372
60.8931884765625 537.7151489257812 2.4341797828674316
57.85307312011719 540.3145141601562 2.434190511703491
54.812931060791016 542.9138793945312 2.434201240539551
51.77275848388672 545.51318359375 2.4342119693756104
48.73255920410156 548.1124877929688 2.43422269821167
45.69233322143555 550.7117309570312 2.4342334270477295
42.652076721191406 553.3109741210938 2.434244155883789
39.61224365234375 555.9096069335938 2.434326410293579
39.291404724121094 556.0958251953125 2.797024726867676
39.07311248779297 556.1300659179688 -3.1083898544311523
43.07085037231445 556.2628173828125 -3.108395576477051
47.068599700927734 556.3955688476562 -3.108400344848633
51.066349029541016 556.5283203125 -3.108405113220215
55.0640983581543 556.6610107421875 -3.108409881591797
59.061851501464844 556.793701171875 -3.108414649963379
63.05960464477539 556.9263916015625 -3.108419418334961
67.05735778808594 557.0590209960938 -3.108424186706543
71.05511474609375 557.191650390625 -3.108428955078125
75.05287170410156 557.3242797851562 -3.108433723449707
79.05062866210938 557.4569091796875 -3.108438491821289
83.04838562011719 557.5894775390625 -3.108443260192871
87.046142578125 557.7220458984375 -3.108448028564453
91.04389953613281 557.8546142578125 -3.108452796936035
95.04165649414062 557.9871215820312 -3.108457565307617
99.03941345214844 558.11962890625 -3.108462333679199
103.03717041015625 558.2521362304688 -3.1084671020507812
102.82164764404297 558.2034912109375 -2.730694532394409
102.63925170898438 558.0787353515625 -2.35292387008667
102.51571655273438 557.8955078125 -1.9751533269882202
102.46847534179688 557.6796264648438 -1.5973827838897705
102.50418090820312 557.4615478515625 -1.2196122407913208
102.6177978515625 557.2720336914062 -0.8418416976928711
102.7933120727539 557.1378173828125 -0.464071124792099
103.00596618652344 557.0777587890625 -0.0863005518913269
106.99097442626953 556.7330322265625 -0.08628982305526733
110.97599029541016 556.3883056640625 -0.08627909421920776
114.96100616455078 556.0436401367188 -0.0862683653831482
118.94602966308594 555.6990356445312 -0.08625763654708862
122.9310531616211 555.3544921875 -0.08624690771102905
126.91607666015625 555.0099487304688 -0.08623617887496948
130.90110778808594 554.6654663085938 -0.08622545003890991
134.88613891601562 554.321044921875 -0.08621472120285034
138.8711700439453 553.9766235351562 -0.08620399236679077
142.85621643066406 553.6322631835938 -0.0861932635307312
146.8412628173828 553.2879638671875 -0.08618253469467163
150.82498168945312 552.944091796875 -0.08603580296039581
154.81008911132812 552.6004028320312 -0.08602505922317505
155.02989196777344 552.6231079101562 0.29174551367759705
155.225830078125 552.7252807617188 0.6695160865783691
155.37026977539062 552.8925170898438 1.0472866296768188
155.44284057617188 553.1012573242188 1.4250571727752686
155.4333038330078 553.322021484375 1.8028277158737183
156.3531036376953 549.4292602539062 1.8028229475021362
157.27288818359375 545.5364990234375 1.8028181791305542
158.19265747070312 541.6437377929688 1.8028134107589722
159.11239624023438 537.7509765625 1.8028086423873901
160.03211975097656 533.8582153320312 1.802803874015808
160.9518280029297 529.9654541015625 1.802799105644226
161.87152099609375 526.0726928710938 1.802794337272644
162.7911834716797 522.1798706054688 1.802789568901062
163.71083068847656 518.2870483398438 1.80278480052948
164.63046264648438 514.3942260742188 1.802780032157898
164.54019165039062 514.5958862304688 2.1805505752563477
164.38189697265625 514.7500610351562 2.558321237564087
164.17788696289062 514.8349609375 2.936091899871826
163.9569549560547 514.838623046875 -2.969322681427002
163.750244140625 514.7605590820312 -2.5915520191192627
163.5869140625 514.6117553710938 -2.2137813568115234
163.2505645751953 513.9650268554688 -1.8870021104812622
163.22250366210938 513.745849609375 -1.5092315673828125
163.2772674560547 513.5317993164062 -1.1314610242843628
163.40713500976562 513.35302734375 -0.7536904811859131
163.59378051757812 513.2347412109375 -0.375919908285141
163.81089782714844 513.1936645507812 0.0018506646156311035
164.02786254882812 513.2355346679688 0.3796212375164032
164.2140655517578 513.3544921875 0.7573918104171753
164.34326171875 513.5337524414062 1.135162353515625
164.39723205566406 513.748046875 1.5129328966140747
164.3683624267578 513.9671020507812 1.8907034397125244
164.26072692871094 514.1600952148438 2.2684741020202637
164.08949279785156 514.2997436523438 2.646244764328003
163.87881469726562 514.3663940429688 3.024015426635742
163.65841674804688 514.3506469726562 -2.881399154663086
163.45936584472656 514.2546997070312 -2.5036284923553467
163.30972290039062 514.0921020507812 -2.1258578300476074
163.2305908203125 513.8857421875 -1.7480913400650024
163.233154296875 513.664794921875 -1.3703207969665527
162.43663024902344 517.5846557617188 -1.3703255653381348
161.64012145996094 521.5045166015625 -1.3703303337097168
160.84364318847656 525.4243774414062 -1.3703351020812988
160.92752075195312 525.219970703125 -0.9925645589828491
161.0808868408203 525.0609130859375 -0.6147940158843994
161.28211975097656 524.9696044921875 -0.23702344298362732
161.50282287597656 524.958984375 0.14074712991714478
161.71189880371094 525.030517578125 0.5185177326202393
161.8798370361328 525.1741333007812 0.896288275718689
161.98297119140625 525.3695678710938 1.2740588188171387
162.0067596435547 525.5892333984375 1.6518293619155884
162.3305206298828 521.6024169921875 1.6518245935440063
162.65426635742188 517.6156005859375 1.6518198251724243
162.97799682617188 513.6287841796875 1.6518150568008423
162.91908264160156 513.8417358398438 2.029585599899292
162.7857666015625 514.0179443359375 2.4073562622070312
162.5968475341797 514.132568359375 2.7851269245147705
162.3789825439453 514.16943359375 -3.1202876567840576
162.16287231445312 514.1233520507812 -2.7425169944763184
161.97901916503906 514.0007934570312 -2.364746332168579
161.85333251953125 513.8190307617188 -1.9869757890701294
161.8035430908203 513.603759765625 -1.6092052459716797
161.836669921875 513.3853149414062 -1.23143470287323
161.9480438232422 513.1944580078125 -0.8536641597747803
162.12196350097656 513.0581665039062 -0.4758935868740082
162.33389282226562 512.99560546875 -0.09812301397323608
162.553955078125 513.015625 0.279647558927536
162.75111389160156 513.1154174804688 0.6574181318283081
162.89756774902344 513.2808837890625 1.0351886749267578
162.97265625 513.4887084960938 1.4129592180252075
162.96578979492188 513.7095947265625 1.7907297611236572
162.87794494628906 513.912353515625 2.1685004234313965
162.7215118408203 514.0684204101562 2.5462710857391357
162.51853942871094 514.15576171875 2.924041748046875
162.29766845703125 514.162109375 -2.981372833251953
162.09002685546875 514.0865478515625 -2.603602170944214
161.92491149902344 513.939697265625 -2.2258315086364746
159.48825073242188 510.7676696777344 -2.225820779800415
159.38894653320312 510.5702819824219 -1.8480502367019653
159.36944580078125 510.3501892089844 -1.4702796936035156
159.43251037597656 510.1383972167969 -1.092509150505066
159.56924438476562 509.9648132324219 -0.7147386074066162
159.76036071777344 509.8539123535156 -0.3369680345058441
159.97891235351562 509.8213195800781 0.04080253839492798
160.19407653808594 509.8716125488281 0.4185731112957001
160.37551879882812 509.99774169921875 0.7963436841964722
160.4976348876953 510.181884765625 1.1741142272949219
160.54322814941406 510.3981018066406 1.5518847703933716
160.50584411621094 510.6158752441406 1.9296553134918213
160.39077758789062 510.80450439453125 2.3074259757995605
160.2142333984375 510.9374084472656 2.6851966381073
160.00112915039062 510.9958190917969 3.062967300415039
159.78150939941406 510.97149658203125 -2.842447280883789
159.58633422851562 510.8678894042969 -2.46467661857605
159.44314575195312 510.6995849609375 -2.0869059562683105
157.46922302246094 507.2206726074219 -2.086895227432251
155.49533081054688 503.74176025390625 -2.0868844985961914
153.52146911621094 500.2628173828125 -2.086873769760132
151.5476531982422 496.7838439941406 -2.0868630409240723
149.57386779785156 493.30487060546875 -2.0868523120880127
149.5028533935547 493.0956115722656 -1.709081768989563
148.95150756835938 489.1339111328125 -1.7090710401535034
148.40020751953125 485.17218017578125 -1.7090603113174438
147.8489532470703 481.21044921875 -1.7090495824813843
147.2977294921875 477.24871826171875 -1.7090388536453247
146.74655151367188 473.2869873046875 -1.7090281248092651
146.19541931152344 469.32525634765625 -1.7090173959732056
145.6443328857422 465.3634948730469 -1.709006667137146
145.09329223632812 461.4017333984375 -1.7089959383010864
144.5422821044922 457.4399719238281 -1.7089852094650269
143.99131774902344 453.47821044921875 -1.7089744806289673
143.44039916992188 449.5164489746094 -1.7089637517929077
142.8895263671875 445.5546569824219 -1.7089530229568481
142.3386993408203 441.5928649902344 -1.7089422941207886
141.78790283203125 437.6310729980469 -1.708931565284729
141.23715209960938 433.6692810058594 -1.7089208364486694
140.6864471435547 429.7074890136719 -1.7089101076126099
140.1357879638672 425.7456970214844 -1.7088993787765503
139.5851593017578 421.78387451171875 -1.7088886499404907
139.03457641601562 417.8220520019531 -1.7088779211044312
138.48403930664062 413.8602294921875 -1.7088671922683716
137.9335479736328 409.8984069824219 -1.708856463432312
137.3831024169922 405.93658447265625 -1.7088457345962524
136.8326873779297 401.9747314453125 -1.7088350057601929
136.28231811523438 398.01287841796875 -1.7088242769241333
135.73199462890625 394.051025390625 -1.7088135480880737
135.1817169189453 390.08917236328125 -1.7088028192520142
134.63148498535156 386.1273193359375 -1.7087920904159546
134.08128356933594 382.1654357910156 -1.708781361579895
133.5311279296875 378.20355224609375 -1.7087706327438354
132.98101806640625 374.2416687011719 -1.7087599039077759
132.430908203125 370.2796630859375 -1.7087599039077759
131.88079833984375 366.3176574707031 -1.7087599039077759
131.3306884765625 362.35565185546875 -1.7087599039077759
130.78057861328125 358.3936462402344 -1.7087599039077759
130.23046875 354.431640625 -1.7087599039077759
129.68035888671875 350.4696350097656 -1.7087599039077759
129.1302490234375 346.50762939453125 -1.7087599039077759
128.58013916015625 342.5456237792969 -1.7087599039077759
128.030029296875 338.5836181640625 -1.7087599039077759
127.47992706298828 334.6216125488281 -1.7087599039077759
126.92982482910156 330.65960693359375 -1.7087599039077759
126.37975311279297 326.6977233886719 -1.7087491750717163
125.82972717285156 322.73583984375 -1.7087384462356567
125.84098052978516 322.5151672363281 -1.3309686183929443
126.7911148071289 318.6297607421875 -1.3309578895568848
127.74129486083984 314.7443542480469 -1.3309471607208252
128.69151306152344 310.8589782714844 -1.3309364318847656
129.6417694091797 306.9736022949219 -1.330925703048706
130.59207153320312 303.0882263183594 -1.3309149742126465
131.54241943359375 299.202880859375 -1.330904245376587
132.49281311035156 295.3175354003906 -1.3308935165405273
133.4432373046875 291.43218994140625 -1.3308827877044678
134.39370727539062 287.546875 -1.3308720588684082
135.34422302246094 283.66156005859375 -1.3308613300323486
136.29476928710938 279.7762451171875 -1.330850601196289
137.245361328125 275.8909606933594 -1.3308398723602295
138.1959991455078 272.00567626953125 -1.33082914352417
139.1466827392578 268.1203918457031 -1.3308184146881104
140.09739685058594 264.2351379394531 -1.3308076858520508
141.04815673828125 260.3498840332031 -1.3307969570159912
141.99896240234375 256.4646301269531 -1.3307862281799316
142.94981384277344 252.5793914794922 -1.330775499343872
143.90069580078125 248.6941680908203 -1.3307647705078125
144.85162353515625 244.8089599609375 -1.330754041671753
145.80259704589844 240.9237518310547 -1.3307433128356934
146.7536163330078 237.03855895996094 -1.3307325839996338
147.7046661376953 233.15338134765625 -1.3307218551635742
148.65576171875 229.26820373535156 -1.3307111263275146
149.60690307617188 225.38304138183594 -1.330700397491455
150.55807495117188 221.49789428710938 -1.3306896686553955
151.50929260253906 217.6127471923828 -1.330678939819336
152.46055603027344 213.7276153564453 -1.3306682109832764
153.411865234375 209.84249877929688 -1.3306574821472168
154.3632049560547 205.95738220214844 -1.3306467533111572
155.31459045410156 202.07228088378906 -1.3306360244750977
156.26602172851562 198.18719482421875 -1.330625295639038
157.21749877929688 194.30210876464844 -1.3306145668029785
157.21749877929688 194.30210876464844 -1.3306037187576294
157.21749877929688 194.3021240234375 -0.9306051135063171
157.21749877929688 194.3021240234375 -0.5306050777435303
157.21749877929688 194.3021240234375 -0.1306050717830658
157.43809509277344 194.3149871826172 0.2471655011177063
153.5596923828125 193.3363800048828 0.24716077744960785
149.68128967285156 192.3577880859375 0.2471560537815094
145.80288696289062 191.37921142578125 0.24715133011341095
141.9244842529297 190.40066528320312 0.2471466064453125
138.0460662841797 189.42213439941406 0.24714188277721405
134.1676483154297 188.44361877441406 0.2471371591091156
130.2892303466797 187.46511840820312 0.24713243544101715
126.41080474853516 186.4866485595703 0.2471277117729187
122.5323715209961 185.50819396972656 0.24712298810482025
118.6539306640625 184.52975463867188 0.2471182644367218
114.7754898071289 183.55133056640625 0.24711354076862335
110.89704132080078 182.5729217529297 0.2471088171005249
107.01859283447266 181.59454345703125 0.24710409343242645
103.14013671875 180.61618041992188 0.247099369764328
99.26167297363281 179.63783264160156 0.24709464609622955
95.38320922851562 178.6595001220703 0.2470899224281311
91.5047378540039 177.68118286132812 0.24708519876003265
87.62626647949219 176.70289611816406 0.2470804750919342
83.74778747558594 175.72462463378906 0.24707575142383575
79.86930084228516 174.74636840820312 0.2470710277557373
75.99081420898438 173.76812744140625 0.24706630408763885
72.11231994628906 172.78990173339844 0.2470615804195404
72.31414794921875 172.88389587402344 0.6246635317802429
72.46593475341797 173.0444793701172 1.0024341344833374
72.54779052734375 173.24972534179688 1.380204677581787
72.54816436767578 173.47068786621094 1.7579752206802368
72.46701049804688 173.67620849609375 2.1357457637786865
72.3157730102539 173.83731079101562 2.513516426086426
72.11577606201172 173.9312744140625 2.891287088394165
71.89522552490234 173.94483947753906 -3.014127492904663
71.68522644042969 173.8760986328125 -2.636356830596924
68.18508911132812 171.94007873535156 -2.6363461017608643
64.68497467041016 170.00401306152344 -2.6363353729248047
61.184879302978516 168.0679168701172 -2.636324644088745
57.6848030090332 166.13177490234375 -2.6363139152526855
54.184749603271484 164.1956024169922 -2.636303186416626
50.684715270996094 162.2593994140625 -2.6362924575805664
47.1847038269043 160.32315063476562 -2.636281728744507
47.01487731933594 160.18177795410156 -2.2585113048553467
47.01487731933594 160.18177795410156 -1.8585113286972046
46.99307632446289 159.96188354492188 -1.4807407855987549
46.63335418701172 163.9456329345703 -1.480745553970337
46.273685455322266 167.92926025390625 -1.4807618856430054
45.9140625 171.9129638671875 -1.4807721376419067
45.97489547729492 171.70053100585938 -1.103001594543457
44.17124938964844 175.270751953125 -1.103006362915039
42.367618560791016 178.8409881591797 -1.103011131286621
40.56400680541992 182.41122436523438 -1.1030158996582031
38.76041030883789 185.98147583007812 -1.1030206680297852
36.95683288574219 189.55172729492188 -1.1030254364013672
35.15327072143555 193.1219940185547 -1.1030302047729492
33.349727630615234 196.6922607421875 -1.1030349731445312
31.546199798583984 200.26254272460938 -1.1030397415161133
29.74268913269043 203.8328399658203 -1.1030445098876953
27.93919563293457 207.40313720703125 -1.1030492782592773
26.135719299316406 210.97344970703125 -1.1030540466308594
26.135719299316406 210.97344970703125 -1.1030588150024414
26.135719299316406 210.97344970703125 -1.1030635833740234
26.135719299316406 210.97344970703125 -1.1030683517456055
26.135719299316406 210.97344970703125 -1.1030731201171875
26.135719299316406 210.97344970703125 -1.1030778884887695
26.135719299316406 210.97344970703125 -1.1030826568603516
26.135719299316406 210.97344970703125 -1.1030874252319336
26.135719299316406 210.97344970703125 -1.1030921936035156
26.135719299316406 210.97344970703125 -1.1030969619750977
26.135719299316406 210.97344970703125 -1.1031017303466797
