-391.89861236605987
-393.5539105471252
-394.9471216385151
-396.0626127228777
-396.8879480478064
-397.41400833428594
-397.6349936360554
-397.54849760275675
-397.1554675639113
-397.1553879730961
-395.43914600691716
-395.42847339898236
-395.41537671716407
-392.57009850559683
-389.739295685963
-389.7265702236567
-389.7166993247576
-389.7112155717577
-389.71121015656513
-389.71123568766035
-389.720828013487
-389.73340111968116
-392.5548004559291
-395.4000424249393
-398.2312598303877
-401.0115645600511
-403.70543750731986
-406.2792004613348
-408.7012729700092
-410.94244135061155
-412.9761118581165
-414.77853456994893
-414.7842332258929
-414.7846814838497
-414.78465787999363
-413.12880472022346
-411.2290849379993
-409.1075092051343
-405.9900961362276
-402.88826972154766
-399.80236102578397
-396.7327426295159
-393.67982507199594
-390.64397015667737
-387.62557793290534
-384.6250608715959
-381.6428697429011
-378.6794080777307
-375.735117987015
-375.676109746726
-371.9270627814232
-368.18328819680613
-364.4449168468505
-360.71214887352784
-356.98516131940323
-353.2641339043198
-349.5492268182499
-345.8406710793892
-342.13866978898886
-338.4434377462807
-334.75517245285505
-331.0741339166684
-327.40056559973
-323.7347251026397
-320.07687407656766
-316.42718218468764
-312.7860578265179
-309.15380372003165
-305.5307362231689
-301.9171860596496
-298.31349908758796
-294.7200371134974
-291.13717875441466
-287.5653203510055
-284.00487693465857
-280.4562832517083
-276.9199948480645
-273.3964892176552
-269.88626701821
-266.38985335801993
-262.9077991574003
-259.44068258865303
-255.98911059836553
-252.55372051588546
-252.55372051588546
-248.594532177707
-244.63667135147048
-240.68020352791606
-236.72519855222038
-232.77181608955462
-228.81995420787842
-224.86987943802896
-220.9216090127093
-216.97521789791048
-213.0308050869314
-209.0884972057842
-205.14842125157037
-201.2106878434762
-197.27545791737847
-193.34287776100422
-189.4130981445772
-185.48622021723034
-182.77044736166292
-180.10273376427494
-177.49609677219513
-174.96386254635533
-172.51975244710474
-170.17718843354874
-167.95007936267365
-165.85210422667578
-163.89673508904673
-161.22665395813874
-158.61247552540422
-156.05700158754968
-153.5631709819693
-151.1340355536342
-148.77271934926114
-146.48258329011057
-144.76429005632744
-144.76421684306203
-148.33642533381166
-151.9298610896652
-155.5430442928791
-159.17507365158033
-162.82435196805395
-166.4897450096811
-170.17021146693614
-173.86479409517074
-177.5726117917729
-181.29285250414173
-185.02476687559022
-188.76766254680842
-188.76766254680842
-188.70039731044562
-185.08307526334295
-181.48182301443137
-177.89762431353546
-174.331523506441
-170.7846618501236
-167.2582697020147
-163.75366242014542
-160.27226218299015
-156.81561840211722
-153.38541885619202
-149.98346332048658
-146.6117180328378
-146.5621104774892
-144.33434741623407
-142.1842653723043
-140.11543787700649
-138.1315039328548
-136.23618717140994
-134.4332207552743
-132.72638322377617
-131.11942847831386
-129.61605627795382
-128.21992442203418
-126.93457276306478
-125.76338256347547
-124.70958559643684
-124.70888785144888
-125.3197409110998
-126.30447992124844
-127.64158659550286
-129.30267450263344
-127.8733411896398
-124.82778739316825
-121.83753399270769
-118.90673750716648
-116.03991921409346
-113.24193764524988
-110.51800543020019
-112.34310407837516
-113.59817211007412
-111.41523215510746
-112.8517609857232
-114.89365296976855
-117.03667358062995
-119.27537230443681
-120.81701862392208
-122.49650914364095
-124.23965767066765
-126.7095395716595
-129.25603378320946
-131.87470223980563
-134.126058968682
-137.0778976287058
-139.31476608317928
-136.0394214278452
-132.8038574068607
-129.6110527837541
-126.46424690291046
-123.3669598008085
-120.32303056794362
-117.33659602368074
-114.41215844172048
-111.55459405211607
-108.76917375437858
-107.75586923838715
-105.81397575114391
-107.07804490107557
-108.24246230246769
-108.24322882723165
-110.2090428324572
-112.07553563431657
-113.8631644817869
-115.55508387871305
-117.14883112557169
-118.88047450920713
-120.67342176838027
-118.21223687156171
-119.84885762112759
-121.40280067357251
-121.40285422354908
-118.14076511412262
-114.9253792566416
-111.76074339750323
-108.65127672189732
-105.60186866565287
-107.66267582817625
-109.63652118650013
-106.90740517358942
-108.73599036448829
-106.22304264899628
-107.80287320948712
-105.55727204402451
-103.41788555595481
-101.39128574981895
-99.48442993931054
-100.72259412751804
-99.08070585155157
-100.13033371312751
-101.08344103577247
-101.9389996356548
-102.69606899286576
-103.35384222415615
-103.911602734523
-104.36875990623983
-104.72481084751533
-104.97938144065598
-105.13219375872465
-105.18308289582238
-105.13199980355796
-105.06164403842726
-105.1435456797274
-105.45757355262919
-105.4575986815403
-103.31440521324589
-101.28401290629094
-99.37333584966665
-97.58914469425211
-95.93863898635195
-95.93863898635195
-95.93863898635195
-95.93863898635195
-95.93863898635195
-95.93863898635195
-95.93863898635195
-95.93863898635195
-95.93863898635195
-95.93863898635195
-95.93863898635195
