60.0 450.0 0.38539817929267883
60.0 450.0 -0.014601826667785645
60.0 450.0 -0.4146018326282501
60.0 450.0 -0.8146018385887146
60.0 450.0 -1.2146018743515015
60.0 450.0 -1.6146018505096436
59.8167610168457 446.0569152832031 -1.6198663711547852
59.61276626586914 442.1148376464844 -1.6251308917999268
59.38801956176758 438.17388916015625 -1.6303954124450684
59.14252853393555 434.23419189453125 -1.63565993309021
58.87630081176758 430.29583740234375 -1.6409244537353516
58.5893440246582 426.3589172363281 -1.6461889743804932
58.28166580200195 422.423583984375 -1.6514534950256348
57.95327377319336 418.48992919921875 -1.6567180156707764
57.60417556762695 414.55804443359375 -1.661982536315918
57.2343864440918 410.6280517578125 -1.6672470569610596
56.843910217285156 406.7000732421875 -1.6725115776062012
56.432762145996094 402.7742004394531 -1.6777760982513428
56.00094985961914 398.85052490234375 -1.6830406188964844
55.54848861694336 394.92919921875 -1.688305139541626
55.07538986206055 391.01031494140625 -1.6935696601867676
54.5816650390625 387.0939636230469 -1.6988341808319092
54.06732940673828 383.1802673339844 -1.7040987014770508
53.53239822387695 379.2693176269531 -1.7093632221221924
52.97688674926758 375.3612365722656 -1.714627742767334
52.40081024169922 371.4561462402344 -1.7198922634124756
51.80418014526367 367.55413818359375 -1.7251567840576172
51.18701934814453 363.65533447265625 -1.7304213047027588
50.549339294433594 359.75982666015625 -1.7356858253479004
49.89116287231445 355.86773681640625 -1.740950345993042
49.21250534057617 351.9791564941406 -1.7462148666381836
48.51338577270508 348.0942077636719 -1.7514793872833252
47.7938232421875 344.2129821777344 -1.7567439079284668
47.053836822509766 340.3356018066406 -1.7620084285736084
46.29344940185547 336.4621887207031 -1.76727294921875
45.51268005371094 332.59283447265625 -1.7725374698638916
44.711551666259766 328.7276306152344 -1.7778019905090332
43.89008712768555 324.86669921875 -1.7830665111541748
43.04830551147461 321.0101623535156 -1.7883310317993164
42.18623352050781 317.1581115722656 -1.793595552444458
41.30389404296875 313.3106384277344 -1.7988600730895996
40.40131378173828 309.4678649902344 -1.8041245937347412
39.478515625 305.6298828125 -1.8093891143798828
38.5355224609375 301.79681396484375 -1.8146536350250244
37.572364807128906 297.9687805175781 -1.819918155670166
36.58906936645508 294.1458740234375 -1.8251826763153076
35.58565902709961 290.32818603515625 -1.8304471969604492
34.562164306640625 286.5158386230469 -1.8357117176055908
34.562164306640625 286.5158386230469 -2.2357118129730225
32.11851119995117 283.41583251953125 -2.240976333618164
29.658571243286133 280.3287048339844 -2.2462408542633057
27.18241310119629 277.25457763671875 -2.2515053749084473
24.690105438232422 274.19354248046875 -2.256769895553589
22.181716918945312 271.1456604003906 -2.2620344161987305
19.657318115234375 268.11102294921875 -2.267298936843872
17.11697769165039 265.0897216796875 -2.2725634574890137
17.11697769165039 265.0897216796875 -2.2778279781341553
17.11697769165039 265.0897216796875 -2.283092498779297
17.11697769165039 265.0897216796875 -2.2883570194244385
17.11697769165039 265.0897216796875 -2.29362154006958
17.11697769165039 265.0897216796875 -2.2988860607147217
17.11697769165039 265.0897216796875 -2.3041505813598633
17.11697769165039 265.0897216796875 -2.309415102005005
17.11697769165039 265.0897216796875 -2.3146796226501465
17.11697769165039 265.0897216796875 -2.319944143295288
17.11697769165039 265.0897216796875 -2.3252086639404297
