-392.83861260070745
-395.6972973447963
-398.57562242630917
-401.47316538979356
-404.3895131339564
-407.324261745324
-410.2770163548833
-413.2473909909103
-416.23500842860443
-419.2395000371072
-422.2605056244355
-425.29767328082255
-428.3506592209188
-431.41912762526795
-434.50275048143925
-437.6012074251642
-440.7141855817944
-443.8413794083695
-446.9824905365546
-450.1372276166848
-450.2462347958903
-452.27575760129895
-454.33143178572675
-456.41290399351624
-456.5713655402347
-457.36560949325394
-458.19339765827704
-459.0545185212615
-459.94881483080417
-460.8760934633717
-461.8361557524255
-462.82879768508536
-463.8538101011866
-464.91097889432194
-466.0000852144649
-466.01469277107594
-465.6200099557511
-465.5624467513976
-465.56133061715
-465.2831910406775
-465.24118316501443
-463.52140302182045
-461.8298643764606
-460.166878669871
-458.5327565656485
-456.9278077407212
-455.3523406702983
-453.8066624072701
-452.29107835625206
-450.80589204249026
-449.35140487587006
-447.9279159102942
-446.53572159872016
-445.1751155441739
-443.84638824707827
-442.5498268492627
-442.46804071104174
-439.87463364040224
-437.30244057549174
-434.7518323606587
-432.2231911215367
-429.71690464802987
-427.2333663607618
-424.7729752682946
-422.33613591459937
-419.92325831625
-417.5347578888044
-415.17105536182834
-412.83257668201475
-410.5197529038453
-408.2330200672432
-405.9728388722007
-403.7396150582547
-402.3996915142055
-401.3950200292948
-400.74151179323576
-400.7421256320879
-400.7438073666005
-403.0808496217076
-405.44388437693664
-407.8324598206748
-410.24612983662416
-412.68445411269937
-412.68758898896226
-416.1795908596174
-419.6806613278006
-423.1905753190957
-426.7091146052308
-430.236067569141
-433.7712289784128
-437.1140328072468
-440.4483874978948
-443.878870870182
-447.53961048601263
-451.2117186228739
-454.89492071217865
-455.03518777017575
-455.03871357714416
-455.18052489818456
-455.18408415019957
-455.3679625497084
-455.3715804658944
-455.51628716350075
-455.51993844750643
-455.66592892220496
-455.66961354205256
-455.8168692469308
-455.8205620309997
-455.96903930659926
-455.97276536818447
-456.12240327917334
-456.1261625889156
-456.2769426636063
-456.2807178815279
-456.43259654098324
-456.4364049473863
-456.5893213351407
-456.59316290363057
-456.74709083154335
-456.7509655368142
-456.90584421792283
-456.9097520355912
-457.06556315810974
-457.06946161561336
-457.22616177982735
-457.2300933029652
-457.3876391508428
-457.3916037182907
-457.54995193288477
-457.553932187308
-457.71302215115725
-457.7170102946967
-457.87684122224437
-457.8808450095011
-458.0413312491364
-458.0453680025912
-458.2064664004472
-458.2104936494883
-458.372203550212
-458.37626373393925
-458.5384996177844
-458.5425502665857
-458.7052942165948
-458.709377772936
-458.8725868100273
-458.87666080547393
-459.0402668934831
-459.0443737737701
-459.2083513842336
-459.2124486823745
-459.37676272454786
-459.5221599891134
-459.525799400794
-459.67247329158573
-459.6761458577599
-459.82406041840204
-459.82776610864687
-459.9768525838073
-459.9805913687348
-460.13083122295734
-460.13460307408064
-460.28597779693376
-460.28978268667953
-460.44220624582744
-460.4460441475812
-460.5994980906199
-460.6033689787018
-460.75780980480425
-460.7616711860186
-460.9170554322166
-460.92094975041795
-461.07725906685135
-461.0811862993694
-461.2383348256735
-461.2422775504097
-461.4002644049757
-461.4042149299703
-461.5629794016493
-461.5669627781818
-461.7264615935995
-461.73046039493573
-461.89065032102366
-461.8946819354221
-462.0555197845349
-462.0595417206488
-462.2209843478336
-462.22503906471593
-462.3870433693579
-462.391088376629
-462.55361130163743
-462.55768906175115
-462.72068759502616
-462.7247556187596
-462.88816937155485
-462.89227012455916
-463.05607359328405
-463.0601645876903
-463.22431489584216
-463.2284211770193
-463.39287549344584
-463.3969894217995
-463.56170496334653
-463.56583416202034
-463.73076819073816
-467.59392125296137
-471.4593565772788
-475.3270184845328
-479.1968530615802
-483.0688080930507
-486.94283299618667
-490.8188787586071
-494.6968978788456
-498.57684430952304
-502.45867340302163
-506.34234185953574
-510.2278076773806
-514.1150301054482
-518.0039695977033
-521.8945877696217
-525.7868473564748
-529.6807121733726
-533.576147076979
-537.473117928822
-541.3715915601201
-545.2715357380561
-549.1729191334288
-553.0757112896184
-556.9798825928059
-560.8854042433863
-564.792248228524
-564.9440753796646
-568.252788620468
-571.5703413543356
-574.8965805512366
-578.2313324126642
-581.5744979507128
-584.9259093442021
-588.2854256653643
-588.4049139293012
-590.7241943783473
-593.0613837377987
-595.4162711139858
-597.788647351905
-600.178305062423
-602.5850386473526
-605.008644322464
-607.4489201384969
-609.9056660002366
-612.3786836837188
-614.8677768516268
-617.372751066943
-619.8934138049179
-622.4295744634172
-624.9810443717089
-627.5476367977487
-630.129188840626
-632.7254955697306
-635.3363760996901
-637.9616514991498
-640.6011447914124
-643.2547027340008
-645.9221306740011
-648.6032574873248
-651.2979139960381
-654.0059329636898
-656.7271490897235
-659.4613990030196
-662.2085212546102
-664.9683563096137
-667.7407465384265
-670.5255362072164
-673.3225714677542
-676.1317003466239
-678.9527727338469
-679.3588590730345
-679.4020525279578
-679.1229332956189
-678.8672685407023
-678.6350847714897
-678.6125803445789
-678.5304503881842
-678.4006316696667
-678.2419291742154
-674.2593704001077
-670.2770194608488
-666.2948800830375
-662.3129764899791
-662.1483998049484
-658.3140759047219
-654.4817353086204
-650.6514130616632
-646.8231450203031
-642.996967875459
-639.1729191763156
-635.35103735492
-631.8697027084753
-629.2375942223069
-625.2737888755491
-621.3104472552044
-617.3475559641604
-613.3851465288773
-609.4232283482902
-605.4618110661665
-601.500904579089
-597.5405190447526
-593.5806648905879
-589.6213528227267
-585.6625938353263
-585.6625938353263
-581.7936030350338
-577.9263959985008
-574.0610087751216
-570.1974783746153
-566.3358427985947
-562.4761410733654
-558.6184132840049
-558.4535394790664
-554.4800867152055
-550.5070185929867
-546.5343435009447
-542.5620700724581
-538.5902071947148
-534.6187640180741
-530.6477499658442
-526.6771747444973
-522.7070483543444
-518.7373811006959
-514.7681836055322
-510.79946681971165
-506.8312420357462
-502.8635209011736
-498.8963154325612
-494.9296380301737
-490.96350149334364
-486.9979190365834
-483.0329043064805
-479.06847139942
-475.10463488018394
-471.141409801475
-467.17881172442156
-463.5239073643048
-459.5929779572525
-455.6606170932978
-451.7268540911432
-447.7917389002379
-447.61647675567485
-444.0617186830103
-440.51459641487554
-436.9752959009452
-433.4440087475922
-429.9209324154305
-426.4062704241459
-422.90023256486006
-422.90023256486006
-419.23136482370774
-415.2888594367717
-411.34533644678163
-407.4008320649217
-403.4554048135303
-403.29519393233204
-399.68335968721874
-396.078985118649
-392.4822757452701
-388.89344424348997
-385.31271073863326
-381.7403031090034
-378.1764573034193
-374.62141767281133
-371.07543731648417
-367.5387784436684
-364.01171275100324
-360.4945218166079
-356.9874975114138
-353.49094242844393
-350.00517033073703
-350.00472922981197
-346.0682063848573
-342.1075495360988
-338.36747420683355
-334.4303512960273
-330.4915394502659
-329.6420083202851
-329.63794820413386
-329.4755208877216
-329.4714522266148
-329.30854560399274
-329.3044490629983
-329.1411053799239
-329.1370238847989
-328.97328544918986
-325.19431146912393
-325.19020427649707
-325.02621617296626
-325.02212373335743
-324.85781511332885
-324.8536944911816
-324.6890841024695
-324.6849782103705
-324.5201322889864
-320.95902785925915
-320.9548999188342
-320.78965150976023
-320.78551894337687
-320.6201981542795
-316.75377730643106
-316.74963558497205
-316.5842728231105
-316.5801454405839
-316.4147891020315
-316.41065224077846
-316.24536911022915
-316.2412465914739
-316.07607970524055
-315.91986978635475
-315.91595621665596
-315.75880348766395
-315.75486156439143
-315.59701737679904
-315.59304706930163
-315.43444823096945
-315.43047334031337
-315.27113775692703
-315.267153489076
-315.1071229445191
-315.10311020896364
-314.94242655134457
-314.9383853234861
-314.7771095140142
-314.7730826626214
-314.6112376147709
-314.607182225808
-314.4448051763279
-314.4407402764492
-314.2778781094038
-314.2737846311104
-314.11047470329817
-314.106385998591
-313.94268485506944
-313.93857706088585
-313.7745126589591
-313.77040961021817
-313.6060386320382
-313.60191646620103
-313.4372669987384
-313.43314955642967
-313.26828793795994
-313.26416087559096
-313.0990962898989
-313.09497393503915
-312.9297823778303
-312.9256408711681
-312.7603555194772
-312.75622822817286
-312.5908679917584
-312.5867215421434
-312.4213531101468
-312.41721135640444
-312.2518776343301
-312.24775009453424
-312.0824845418376
-312.0783378478024
-311.9132168831769
-311.90908441112794
-311.74410826447667
-311.7399900210512
-311.57523525284256
-307.5981832346449
-303.6217343019603
-303.61761974507635
-303.4530738660929
-303.4489494640448
-303.284694526489
-303.28058419644196
-303.1166541049324
-303.112548373349
-302.9489771028824
-302.94488547185387
-302.7817404567195
-302.7776629436298
-302.61498778948544
-302.61092441356425
-302.44874381697997
-302.4446612130917
-302.28301892240404
-302.27898388574226
-302.1179476120644
-302.113926781117
-301.9535214214141
-301.94948143915366
-301.7897509490881
-301.62561273072635
-301.6214962137034
-301.457055974841
-301.4529440892184
-301.28824424078147
-301.28412258544506
-301.11921510280746
-301.1150980596329
-300.9499921095904
-300.94585578314474
-300.78061787710556
-300.77648615089674
-300.611182875031
-300.60704135093835
-300.4416915847751
-300.43755465560247
-300.2722012415332
-300.2680545124392
-300.10273087214847
-300.09858873980943
-299.93336175278637
-299.92923371572823
-299.76414644562465
-299.7600230137069
-299.5951091020227
-299.5909758902441
-299.4262880459232
-299.4221689519234
-299.2577314688885
-299.2536170063249
-299.0894732441664
-299.085372922681
-298.9215902000326
-298.91750403435157
-298.75411635841056
-298.7500443651043
-298.58709531593223
-298.58303751344334
-298.42055174178313
-298.41650815037156
-298.2545627598395
-298.2505238975457
-298.0891436736164
-298.0851190669132
-297.92434787409337
-297.9203375486555
-297.76023368560584
-297.75623766887793
-297.59681176271874
-297.59283008404026
-297.43416442595856
-297.4302066289135
-297.2723214941961
-297.2683781012513
-297.1113225272927
-297.1073935732033
-296.95120230858265
-296.9473116811256
-296.7920290565236
-296.62675222124227
-296.6226153800898
-296.45728846009484
-296.4531563344441
-296.28778877689285
-296.28364703869164
-296.1183151032139
-296.114178080599
-295.9489152116217
-295.94479242831363
-295.779632144626
-295.77549023669127
-295.61048517529474
-295.60635751816375
-295.4415413486734
-295.43741842825517
-295.2728582615984
-295.268749610152
-295.10445541945796
-295.1003610491233
-294.936390569658
-294.9322866527366
-294.76869290032204
-294.7645937701046
-294.6014250965558
-294.5973402957162
-294.43461649779556
-294.4305460460416
-294.2683346736463
-294.26427859254096
-294.1026043702468
-294.0985626831851
-293.93749329521285
-293.93346602742497
-293.77302157051014
-293.76900874918823
-293.60923798357476
-293.6052396376654
-293.4462104503325
-293.44225043148145
-293.28396405451906
-293.2800185712093
-293.12254302463253
-293.118612111128
-292.9619821218938
-292.9580658142943
-292.8023304363959
-292.79842877248325
-292.6436323952629
-292.63977876683236
-292.4859563004396
-292.48211739524265
-292.3293180558852
-292.32551771182375
-292.17377651252696
-292.1699909750369
-292.0193429938808
-292.01558186912195
-291.86608602887196
-291.862363589351
-291.7140455037573
-291.71033801317606
-291.5632566864299
-291.3985931267671
-291.3944670389639
-291.23007017279366
-291.2259490529665
-291.06186229142435
-291.0577557225322
-290.8940129831364
-290.88992098059475
-290.7265895924761
-290.7225121735805
-290.55962619987
-290.55556338380626
-290.3931569604076
-290.38910876825025
-290.2272256803534
-290.22318255807284
-290.06188084438674
-290.05785239227157
-289.89717598141624
-289.89316222609733
-289.7331359602722
-289.72913693022116
-289.569804882348
-289.5658206079571
-289.4072410865023
-289.40327159996406
-289.24547922897887
-289.24153415220997
-289.0845636258957
-289.0806571462234
-288.9245765464196
-288.920684960866
-288.7655195148501
-288.7616428628755
-288.60745117661116
-288.60361322474813
-288.45042062700765
-288.4465976885226
-288.2944487694287
-288.2906504916034
-288.1395803120061
-288.1358208536514
-287.9858786284309
-287.98213432078194
-287.833378910365
-287.82967350545607
-287.68210679505967
-287.678426251396
-287.53210720187485
-287.52846565308994
-287.38345325292926
-287.3798270561442
-287.2361470268434
-287.23256954376825
-287.0902572730513
-287.08671892878505
-286.9458238912693
-286.94230106387164
-286.8028587253626
-286.79938477428885
-286.66142100917256
-286.65760258283285
-286.5211573852806
-286.35967471919474
-286.35563227780057
-286.19475613159756
-286.190728759052
-286.0305171534644
-286.02652852070804
-285.86699225413696
-285.86301874600707
-285.7042159749232
-285.70025762346967
-285.54225621562927
-285.5383130547568
-285.38111437008575
-285.37718643561374
-285.2208584763217
-285.2169458059153
-285.06151369245373
-285.057639947265
-284.9031621341916
-284.89931339307975
-284.74583444255313
-284.74200108765984
-284.58954629690305
-284.5857519819087
-284.43437997246974
-284.4306011303711
-284.2803469723302
-284.2766072507063
-284.12749639303723
-284.1237819150069
-283.97587313257895
-283.9721978643622
-283.82552637826575
-283.8218667785143
-283.67648176374234
-283.6728711529306
-283.5288079212051
-283.52521308774885
-283.38250700783584
-283.3789515766728
-283.2376519287457
-283.2341456454038
-283.0942781722334
-283.09078783642263
-282.9524115731541
-282.94896079562693
-282.81209183430656
-282.808690375552
-282.6733975041244
-282.6697906470115
-282.5360900663646
-282.5326032956298
-282.4005208638874
-278.9704751655548
-275.42200553408406
-275.4187815209903
-275.29137040956755
-275.2860002487525
-275.16031739829265
-275.1557990162695
-275.03190307539955
-275.02791055320034
-274.9058503794455
-271.5017064699159
-271.47875126608443
-269.1835101116213
-266.9284771142811
-264.71467984341257
-262.54316141573133
-260.4149794832245
-258.33120509114826
-256.29292140041
-254.3012222691503
-252.3572106889874
-250.4619970721773
-248.61669738687286
-246.8224311387513
-245.08031919851612
-243.39148147616964
-241.75703444449738
-240.85513927068453
-240.4402646451386
-240.10587763954217
-240.10639434753253
-241.4103867537272
-242.77327484900752
-244.1940847474582
-245.6718115022464
-245.69869363411797
-248.53153374179735
-251.39609867377249
-254.2913163018768
-257.2161515505863
-260.1696055350282
-263.1507146557181
-266.1585496601287
-269.1922146800613
-272.2508462527421
-275.3336123325978
-278.4397112997808
-281.56837097070814
-284.7188476151453
-287.8904249837069
-291.0824133490504
-294.2941485635086
-297.5249911354314
-300.7743253260849
-304.0415582685854
-307.32611911001425
-310.6274581775744
-313.94504616939537
-317.27837337037624
-320.6269488932659
-323.9902999450184
-327.36797111832135
-330.7595237080773
-334.1645350525206
-337.58259789856663
-341.0133197909261
-344.4563224844574
-347.91124137919087
-351.3777249774204
-354.8554343622355
-358.3440426968459
-361.8432347440422
-365.35270640512596
-368.8721642776441
-372.4013252312636
-375.93991600112713
-379.4876727980405
-383.0443409348528
-386.6096744684022
-390.1834358564149
-393.76539562876167
-397.35533207248943
-400.953030930066
-404.55828511029114
-408.17089441134556
-411.79066525546807
-415.4174104347687
-419.050948867703
-422.691105365751
-426.33771040986227
-429.99059993624485
-433.64961513109284
-437.3146022338645
-440.9854123487378
-444.66190126388665
-448.3439292782358
-452.0313610353665
-455.7240653642608
-459.4219452757117
-463.12484739915885
-466.8326522265279
-470.54524386077867
-470.6843626748323
-470.779939114643
-470.8181571154063
-470.79349963601425
-469.4698178660053
-468.17656974021196
-466.91400814201296
-465.6823826641124
-464.4819393982578
-463.31292072374333
-462.175565095042
-461.0701068289225
-459.99677589142243
-458.9557976850602
-457.9473928366807
-456.9717769863401
-456.0291605776437
-455.11974864996165
-454.2437406329504
-454.178109864203
-454.0605317214279
-453.908029190639
-453.7426735394247
-449.8067147038117
-445.87189573379897
-441.9382470759363
-438.0058002612923
-434.0745879537328
-430.1446440007767
-426.21600348718846
-422.2887027914805
-418.3627796455078
-414.4382731973535
-410.5152240777154
-406.59367447002137
-403.92585177028246
-401.24056297748234
-397.2482310807847
-393.25605496762887
-389.26403943102383
-385.27218946243363
-381.2805102621451
-377.289007250292
-373.2976860785836
-369.306552642792
-365.315613096055
-365.1355580194265
-365.1355580194265
-364.96518735134345
-364.96518735134345
-364.7981546167488
-364.7981546167488
-364.63321675132545
-364.63321675132545
-364.46812166110203
-364.46812166110203
-364.3028688720481
-364.3028688720481
-364.13754973598344
-364.13754973598344
-364.13754973598344
-360.81256253524396
-357.5014060696707
-354.2044682148328
-354.0530613843271
-350.1523007993402
-346.25380466444375
-342.3576503369066
-338.4639186883678
-334.5726943037016
-330.68406569331995
-326.7981255199659
-322.9149708411433
-319.0347033684316
-318.8695838797955
-318.8695838797955
-318.7046409816283
-318.7046409816283
-318.53993594822447
-318.53993594822447
-318.3754996742013
-318.3754996742013
-318.21136305855316
-314.22120741094454
-314.22120741094454
-314.0574117739325
-310.06329728277854
-306.0693366009216
-302.07553582923583
-298.08190139531087
-294.08844007560026
-290.0951590193952
-286.10206577480125
-282.10916831691475
-278.1164750784214
-274.1239949828603
-270.1317374808308
-266.1397125894478
-262.1479309353929
-258.1564038019458
-254.16514318043554
-250.1741618265993
-246.18347332240614
-242.19309214397182
-238.20303373627544
-234.21331459548605
-230.22395235981693
-226.23496590995518
-222.2463754802631
-218.2582027821218
-214.27047114098968
-210.28320564898613
-206.29643333508716
-202.31018335534802
-198.32448720595042
-194.3393789623298
-190.3548955481762
-186.37107703874628
-182.38796700369167
-178.40561289552895
-174.42406649098376
-170.44338439377785
-166.4636286090487
-162.4848672015633
-158.5071750522992
-154.53063473092632
-150.5553375053768
-146.58138451421806
-142.60888813318883
-138.6379735743273
-134.66878076502948
-130.70146656566433
-126.73620739876806
-122.773202381317
-118.81267707545474
-114.85488800412867
-110.90012811885198
-106.94873346069517
-103.00109132746138
-99.05765035665573
-95.11893306512148
-91.18555156626984
-87.25822743543924
-83.33781704386679
-79.42534417823684
-75.52204247607408
-71.62941124577726
-67.74928977345533
-63.88395751619295
-60.036271076625525
-56.20985425504651
-52.40936595393296
-48.64088422042876
-44.91246652689244
-44.9075617951112
-44.744841407590506
-44.735712618571526
-44.5725654902298
-40.847007957557146
-38.31129295092879
-34.48612934541877
-30.705554749314757
-26.98831401318954
-23.364655350829054
-19.885803268378957
-16.642813739613334
-13.802947232073237
-12.115577633567586
-10.523146684823006
-8.895684540554518
