62.828426361083984 452.82843017578125 0.7853981852531433
65.65685272216797 455.6568603515625 0.7853981852531433
68.48528289794922 458.48529052734375 0.7853981852531433
71.31371307373047 461.313720703125 0.7853981852531433
74.14214324951172 464.14215087890625 0.7853981852531433
76.97057342529297 466.9705810546875 0.7853981852531433
79.79900360107422 469.79901123046875 0.7853981852531433
82.62743377685547 472.62744140625 0.7853981852531433
85.45586395263672 475.45587158203125 0.7853981852531433
88.28429412841797 478.2843017578125 0.7853981852531433
91.11272430419922 481.11273193359375 0.7853981852531433
93.94115447998047 483.941162109375 0.7853981852531433
96.76958465576172 486.76959228515625 0.7853981852531433
99.59801483154297 489.5980224609375 0.7853981852531433
102.42644500732422 492.42645263671875 0.7853981852531433
105.25487518310547 495.2548828125 0.7853981852531433
108.08330535888672 498.08331298828125 0.7853981852531433
110.91173553466797 500.9117431640625 0.7853981852531433
113.74016571044922 503.74017333984375 0.7853981852531433
114.19397735595703 504.0595703125 0.441167950630188
117.81098937988281 505.7675476074219 0.441167950630188
121.4280014038086 507.47552490234375 0.441167950630188
125.04501342773438 509.1835021972656 0.441167950630188
128.65199279785156 510.884033203125 0.43994224071502686
128.81869506835938 510.9263610839844 0.0572468638420105
132.81214904785156 511.15521240234375 0.0572468638420105
136.80560302734375 511.3840637207031 0.0572468638420105
140.79905700683594 511.6129150390625 0.0572468638420105
144.79251098632812 511.8417663574219 0.0572468638420105
148.7859649658203 512.0706176757812 0.0572468638420105
152.7794189453125 512.2994995117188 0.0572468638420105
156.7728729248047 512.5283813476562 0.0572468638420105
160.76632690429688 512.7572631835938 0.0572468638420105
164.75978088378906 512.9861450195312 0.0572468638420105
167.35006713867188 512.9521484375 -0.08348798751831055
167.51559448242188 512.9054565429688 -0.4661833643913269
171.08876037597656 511.1075439453125 -0.4661833643913269
174.66192626953125 509.30963134765625 -0.4661833643913269
178.23509216308594 507.51171875 -0.4661833643913269
181.80825805664062 505.71380615234375 -0.4661833643913269
181.95074462890625 505.6038818359375 -0.8480767011642456
181.96119689941406 505.595947265625 -0.44939640164375305
182.09906005859375 505.4931335449219 -0.8320918083190918
182.10963439941406 505.4853820800781 -0.43341150879859924
182.24913024902344 505.3847961425781 -0.816106915473938
182.25982666015625 505.3772277832031 -0.41742661595344543
182.40090942382812 505.27886962890625 -0.8001220226287842
182.41172790527344 505.2714538574219 -0.4014417231082916
182.5543670654297 505.1753845214844 -0.7841371297836304
185.3863525390625 502.35052490234375 -0.7841371297836304
188.2183380126953 499.5256652832031 -0.7841371297836304
191.05032348632812 496.7008056640625 -0.7841371297836304
193.88230895996094 493.8759460449219 -0.7841371297836304
196.71429443359375 491.05108642578125 -0.7841371297836304
199.54627990722656 488.2262268066406 -0.7841371297836304
202.37826538085938 485.4013671875 -0.7841371297836304
205.2102508544922 482.5765075683594 -0.7841371297836304
208.042236328125 479.75164794921875 -0.7841371297836304
210.8742218017578 476.9267883300781 -0.7841371297836304
213.70620727539062 474.1019287109375 -0.7841371297836304
216.53819274902344 471.2770690917969 -0.7841371297836304
219.37017822265625 468.45220947265625 -0.7841371297836304
222.20216369628906 465.6273498535156 -0.7841371297836304
225.03414916992188 462.802490234375 -0.7841371297836304
227.8661346435547 459.9776306152344 -0.7841371297836304
230.6981201171875 457.15277099609375 -0.7841371297836304
233.5301055908203 454.3279113769531 -0.7841371297836304
236.36209106445312 451.5030517578125 -0.7841371297836304
239.19407653808594 448.6781921386719 -0.7841371297836304
242.02606201171875 445.85333251953125 -0.7841371297836304
244.85804748535156 443.0284729003906 -0.7841371297836304
247.49041748046875 440.4915466308594 -0.7497424483299255
250.1108856201172 438.1709899902344 -0.6998048424720764
252.8439178466797 435.984130859375 -0.6498672366142273
255.68255615234375 433.93658447265625 -0.5999082922935486
255.6946258544922 433.93145751953125 -0.20122799277305603
259.6139221191406 433.1319580078125 -0.20122799277305603
263.533203125 432.33245849609375 -0.20122799277305603
267.4524841308594 431.532958984375 -0.20122799277305603
267.4656066894531 431.5329284667969 0.19745230674743652
271.3743896484375 432.3161926269531 0.19808603823184967
275.28265380859375 433.1019287109375 0.19871976971626282
279.1904296875 433.8901672363281 0.19935350120067596
283.09771728515625 434.6808776855469 0.1999872326850891
287.0044860839844 435.47406005859375 0.20062096416950226
290.9107666015625 436.26971435546875 0.2012546956539154
294.8165283203125 437.0678405761719 0.20188842713832855
298.7217712402344 437.8684387207031 0.2025221586227417
302.62652587890625 438.6715087890625 0.20315589010715485
306.53076171875 439.47705078125 0.203789621591568
306.5428161621094 439.4822082519531 0.6024699211120605
306.7004699707031 439.5509338378906 0.2197745442390442
306.7124328613281 439.5562744140625 0.6184548139572144
306.86895751953125 439.62750244140625 0.235759437084198
306.880859375 439.6330261230469 0.6344397068023682
307.0362243652344 439.7067565917969 0.2517443299293518
310.896728515625 440.70098876953125 0.25237804651260376
310.90850830078125 440.70672607421875 0.6510583162307739
311.0626220703125 440.78302001953125 0.26836293935775757
311.0743103027344 440.7889404296875 0.6670432090759277
311.2272033691406 440.8677062988281 0.2843478322029114
311.2388000488281 440.8738098144531 0.6830281019210815
311.3904113769531 440.95501708984375 0.3003327250480652
311.40191650390625 440.9613037109375 0.6990129947662354
311.5522155761719 441.044921875 0.316317617893219
311.5636291503906 441.0513916015625 0.7149978876113892
311.7125549316406 441.13739013671875 0.3323025107383728
311.7238464355469 441.14404296875 0.730982780456543
311.87139892578125 441.232421875 0.3482874035835266
311.8825988769531 441.2392578125 0.7469676733016968
312.0287170410156 441.3299865722656 0.3642722964286804
312.039794921875 441.3370056152344 0.7629525661468506
312.1844482421875 441.4300537109375 0.38025718927383423
315.8857116699219 442.9108581542969 0.3808909058570862
315.89666748046875 442.9180603027344 0.7795711755752563
316.03973388671875 443.01348876953125 0.39687579870224
316.0505676269531 443.0208435058594 0.7955560684204102
316.1921081542969 443.1185607910156 0.4128606915473938
316.2028503417969 443.1260986328125 0.811540961265564
316.3428039550781 443.2260437011719 0.4288455843925476
316.3534240722656 443.2337341308594 0.8275258541107178
316.49176025390625 443.3359069824219 0.4448304772377014
316.5022277832031 443.3437805175781 0.8435107469558716
316.638916015625 443.4481506347656 0.4608153700828552
316.6492614746094 443.4561767578125 0.8594956398010254
316.7842712402344 443.5627136230469 0.47680026292800903
316.79449462890625 443.5709228515625 0.8754805326461792
316.9277648925781 443.67962646484375 0.49278515577316284
316.9378662109375 443.68798828125 0.891465425491333
317.06939697265625 443.7987976074219 0.5087700486183167
317.079345703125 443.80731201171875 0.9074503183364868
317.2090759277344 443.9201965332031 0.5247549414634705
320.6585388183594 445.91851806640625 0.5253886580467224
320.6683654785156 445.9272155761719 0.9240689277648926
320.79620361328125 446.0422668457031 0.5413735508918762
320.8058776855469 446.0511169433594 0.9400538206100464
320.9318542480469 446.1681823730469 0.55735844373703
320.9413757324219 446.17718505859375 0.9560387134552002
321.06549072265625 446.2962646484375 0.5733433365821838
321.07489013671875 446.305419921875 0.972023606300354
321.19708251953125 446.42645263671875 0.5893282294273376
321.2063293457031 446.4357604980469 0.9880084991455078
321.3265686035156 446.5587463378906 0.6053131222724915
324.6158752441406 448.8348388671875 0.6053131222724915
327.9051818847656 451.1109313964844 0.6053131222724915
331.1944885253906 453.38702392578125 0.6053131222724915
334.4836730957031 455.6630554199219 0.6053237318992615
334.9718322753906 456.1374816894531 0.9369391202926636
337.3408508300781 459.3604736328125 0.9369391202926636
339.7098693847656 462.5834655761719 0.9369391202926636
342.0788879394531 465.80645751953125 0.9369391202926636
344.4479064941406 469.0294494628906 0.9369391202926636
346.8169250488281 472.25244140625 0.9369391202926636
349.1859436035156 475.4754333496094 0.9369391202926636
351.5549621582031 478.69842529296875 0.9369391202926636
353.9239807128906 481.9214172363281 0.9369391202926636
356.2929992675781 485.1444091796875 0.9369391202926636
358.6620178222656 488.3674011230469 0.9369391202926636
361.0310363769531 491.59039306640625 0.9369391202926636
363.4000549316406 494.8133850097656 0.9369391202926636
365.7690734863281 498.036376953125 0.9369391202926636
368.1380920410156 501.2593688964844 0.9369391202926636
370.5071105957031 504.48236083984375 0.9369391202926636
372.8761291503906 507.7053527832031 0.9369386434555054
373.0024719238281 507.822021484375 0.554243266582489
373.16326904296875 507.8830871582031 0.17154788970947266
377.10455322265625 508.56591796875 0.17154788970947266
381.04583740234375 509.2487487792969 0.17154788970947266
384.98712158203125 509.93157958984375 0.17154788970947266
388.92840576171875 510.6144104003906 0.17154788970947266
392.86968994140625 511.2972412109375 0.17154788970947266
396.81097412109375 511.9800720214844 0.17154788970947266
400.75225830078125 512.6629028320312 0.17154788970947266
404.69354248046875 513.3457641601562 0.17154788970947266
408.63482666015625 514.0286254882812 0.17154788970947266
412.57611083984375 514.7114868164062 0.17154788970947266
416.51739501953125 515.3943481445312 0.17154788970947266
420.45867919921875 516.0772094726562 0.17154788970947266
424.39996337890625 516.7600708007812 0.17154788970947266
428.34124755859375 517.4429321289062 0.17154788970947266
432.28253173828125 518.1257934570312 0.17154788970947266
436.22381591796875 518.8086547851562 0.17154788970947266
440.16510009765625 519.4915161132812 0.17154788970947266
444.10638427734375 520.1743774414062 0.17154788970947266
444.2783203125 520.1709594726562 -0.2111474871635437
448.1894836425781 519.3326416015625 -0.2111474871635437
452.10064697265625 518.4943237304688 -0.2111474871635437
456.0118103027344 517.656005859375 -0.2111474871635437
459.9229736328125 516.8176879882812 -0.2111474871635437
463.8341369628906 515.9793701171875 -0.2111474871635437
467.74530029296875 515.1410522460938 -0.2111474871635437
471.6564636230469 514.302734375 -0.2111474871635437
475.567626953125 513.4644165039062 -0.2111474871635437
479.4787902832031 512.6260986328125 -0.2111474871635437
483.38995361328125 511.78778076171875 -0.2111474871635437
487.3011169433594 510.949462890625 -0.2111474871635437
491.2122802734375 510.11114501953125 -0.2111474871635437
495.1234436035156 509.2728271484375 -0.2111474871635437
499.03460693359375 508.43450927734375 -0.2111474871635437
502.9457702636719 507.59619140625 -0.2111474871635437
506.85693359375 506.75787353515625 -0.2111474871635437
510.7680969238281 505.9195556640625 -0.2111474871635437
514.6792602539062 505.08123779296875 -0.2111474871635437
518.5904541015625 504.242919921875 -0.2111474871635437
522.5016479492188 503.40460205078125 -0.2111474871635437
526.412841796875 502.5662841796875 -0.2111474871635437
530.3240356445312 501.72796630859375 -0.2111474871635437
534.2352294921875 500.8896484375 -0.2111474871635437
534.3934936523438 500.822265625 -0.5938428640365601
534.51513671875 500.70068359375 -0.9765382409095764
534.5825805664062 500.54248046875 -1.3592336177825928
534.5860595703125 500.37054443359375 -1.741929054260254
534.5250854492188 500.2097473144531 -2.124624490737915
534.408447265625 500.0833435058594 -2.507319927215576
531.1864624023438 497.7129821777344 -2.507319927215576
527.9644775390625 495.3426208496094 -2.507319927215576
524.7424926757812 492.9722595214844 -2.507319927215576
521.5205078125 490.6018981933594 -2.507319927215576
518.2985229492188 488.2315368652344 -2.507319927215576
515.0765380859375 485.8611755371094 -2.507319927215576
511.8545227050781 483.4908142089844 -2.507319927215576
508.63250732421875 481.1204528808594 -2.507319927215576
505.4104919433594 478.7500915527344 -2.507319927215576
502.1884765625 476.3797302246094 -2.507319927215576
498.9664611816406 474.0093688964844 -2.507319927215576
495.74444580078125 471.6390075683594 -2.507319927215576
492.5224304199219 469.2686462402344 -2.507319927215576
489.3004150390625 466.8982849121094 -2.507319927215576
486.0783996582031 464.5279235839844 -2.507319927215576
486.0783996582031 464.5279235839844 -2.1073203086853027
486.0783996582031 464.5279235839844 -1.7073208093643188
486.02301025390625 464.3651123046875 -2.0900161266326904
486.02301025390625 464.3651123046875 -1.6900166273117065
485.970458984375 464.20135498046875 -2.072711944580078
485.970458984375 464.20135498046875 -1.6727124452590942
485.9207458496094 464.0367126464844 -2.055407762527466
485.9207458496094 464.0367126464844 -1.655408263206482
485.8738708496094 463.8712463378906 -2.0381035804748535
485.8738708496094 463.8712463378906 -1.6381042003631592
485.82989501953125 463.7049865722656 -2.0207996368408203
485.82989501953125 463.7049865722656 -1.6208001375198364
485.7887878417969 463.5379943847656 -2.003495454788208
485.7887878417969 463.5379943847656 -1.6034959554672241
485.7505798339844 463.37030029296875 -1.9861912727355957
484.1363830566406 459.7104797363281 -1.9861912727355957
482.5221862792969 456.0506591796875 -1.9861912727355957
480.9145812988281 452.4026794433594 -1.9855575561523438
480.8166198730469 452.2613220214844 -2.368252992630005
480.8166198730469 452.2613220214844 -1.968253493309021
480.7210998535156 452.1182861328125 -2.3509488105773926
480.7210998535156 452.1182861328125 -1.9509493112564087
480.6280822753906 451.9736328125 -2.3336446285247803
477.8641357421875 449.0821533203125 -2.3336446285247803
475.1001892089844 446.190673828125 -2.3336446285247803
472.33624267578125 443.2991943359375 -2.3336446285247803
469.5722961425781 440.40771484375 -2.3336446285247803
466.808349609375 437.5162353515625 -2.3336446285247803
464.0444030761719 434.624755859375 -2.3336446285247803
461.28045654296875 431.7332763671875 -2.3336446285247803
458.5165100097656 428.841796875 -2.3336446285247803
455.7525634765625 425.9503173828125 -2.3336446285247803
452.9886169433594 423.058837890625 -2.3336446285247803
450.2349548339844 420.17626953125 -2.3330109119415283
447.48309326171875 417.29193115234375 -2.3323771953582764
444.7330627441406 414.4058532714844 -2.3317434787750244
441.98486328125 411.5180358886719 -2.3311097621917725
439.2384948730469 408.62847900390625 -2.3304760456085205
436.4939270019531 405.7371826171875 -2.3298516273498535
436.35400390625 405.63720703125 -2.7125470638275146
432.716552734375 403.97320556640625 -2.7125470638275146
429.0791015625 402.3092041015625 -2.7125470638275146
425.441650390625 400.64520263671875 -2.7125470638275146
421.80419921875 398.981201171875 -2.7125470638275146
418.166748046875 397.31719970703125 -2.7125470638275146
414.529296875 395.6531982421875 -2.7125470638275146
410.891845703125 393.98919677734375 -2.7125470638275146
407.25439453125 392.3251953125 -2.7125470638275146
403.616943359375 390.66119384765625 -2.7125470638275146
399.9794921875 388.9971923828125 -2.7125470638275146
396.342041015625 387.33319091796875 -2.7125470638275146
392.70458984375 385.669189453125 -2.7125470638275146
389.067138671875 384.00518798828125 -2.7125470638275146
385.4296875 382.3411865234375 -2.7125470638275146
381.792236328125 380.67718505859375 -2.7125470638275146
378.15478515625 379.01318359375 -2.7125470638275146
374.517333984375 377.34918212890625 -2.7125470638275146
370.8798828125 375.6851806640625 -2.7125470638275146
367.242431640625 374.02117919921875 -2.7125470638275146
363.60498046875 372.357177734375 -2.7125470638275146
359.967529296875 370.69317626953125 -2.7125470638275146
356.330078125 369.0291748046875 -2.7125470638275146
352.692626953125 367.36517333984375 -2.7125470638275146
349.05517578125 365.701171875 -2.7125470638275146
345.417724609375 364.03717041015625 -2.7125470638275146
341.7802734375 362.3731689453125 -2.7125470638275146
341.7802734375 362.3731689453125 -2.3125479221343994
339.0880126953125 359.4331359863281 -2.3119142055511475
336.3976135253906 356.49139404296875 -2.3112804889678955
333.7090759277344 353.5479431152344 -2.3106467723846436
331.0224304199219 350.6028137207031 -2.3100130558013916
328.337646484375 347.6559753417969 -2.3093793392181396
325.65472412109375 344.7074279785156 -2.3087456226348877
322.9736633300781 341.7571716308594 -2.3081119060516357
322.8359375 341.6541748046875 -2.6908066272735596
319.2355041503906 339.9114685058594 -2.6908066272735596
315.63507080078125 338.16876220703125 -2.6908066272735596
312.0346374511719 336.4260559082031 -2.6908066272735596
308.4342041015625 334.683349609375 -2.6908066272735596
304.8337707519531 332.9406433105469 -2.6908066272735596
301.23333740234375 331.19793701171875 -2.6908066272735596
297.6329040527344 329.4552307128906 -2.6908066272735596
294.032470703125 327.7125244140625 -2.6908066272735596
290.4320373535156 325.9698181152344 -2.6908066272735596
286.83160400390625 324.22711181640625 -2.6908066272735596
283.2311706542969 322.4844055175781 -2.6908066272735596
279.6307373046875 320.74169921875 -2.6908066272735596
276.0303039550781 318.9989929199219 -2.6908066272735596
272.42987060546875 317.25628662109375 -2.6908066272735596
272.41943359375 317.24835205078125 -2.292126417160034
269.78778076171875 314.25396728515625 -2.2914927005767822
267.15802001953125 311.2579040527344 -2.2908589839935303
267.0199279785156 311.1508483886719 -2.6732778549194336
267.0096435546875 311.1427307128906 -2.274597644805908
266.8754577636719 311.0351867675781 -2.6572930812835693
266.86529541015625 311.02691650390625 -2.258612871170044
266.7328186035156 310.917236328125 -2.641308307647705
266.7227783203125 310.9087829589844 -2.2426280975341797
266.5920715332031 310.7969970703125 -2.625323534011841
266.5821838378906 310.78839111328125 -2.2266433238983154
266.45330810546875 310.6745300292969 -2.6093387603759766
266.44354248046875 310.665771484375 -2.210658550262451
266.3164978027344 310.54986572265625 -2.5933539867401123
266.306884765625 310.54095458984375 -2.194673776626587
266.18170166015625 310.42303466796875 -2.577369213104248
266.1722412109375 310.4139709472656 -2.1786890029907227
266.0489501953125 310.2940673828125 -2.561384439468384
269.0034484863281 312.1214904785156 -2.613941192626953
272.0597229003906 313.799072265625 -2.6652579307556152
275.06280517578125 315.2221374511719 -2.7328710556030273
275.0520324707031 315.21466064453125 -2.334190845489502
274.9116516113281 315.11529541015625 -2.716886281967163
271.2669982910156 313.4670715332031 -2.716886281967163
271.25634765625 313.45941162109375 -2.3182060718536377
271.1175842285156 313.3578186035156 -2.700901508331299
271.1070556640625 313.3499755859375 -2.3022212982177734
270.9699401855469 313.24615478515625 -2.6849167346954346
270.9595642089844 313.2381591796875 -2.286236524581909
270.8241271972656 313.1321716308594 -2.6689319610595703
270.8138732910156 313.1240234375 -2.270251750946045
270.6801452636719 313.015869140625 -2.652947187423706
270.6700134277344 313.0075378417969 -2.2542669773101807
270.53802490234375 312.89727783203125 -2.636962413787842
273.6321105957031 314.5040588378906 -2.688279151916504
273.6217041015625 314.49609375 -2.2895989418029785
273.4858093261719 314.3904724121094 -2.6722803115844727
274.9505920410156 314.9208679199219 -2.9160685539245605
274.93865966796875 314.91546630859375 -2.517388343811035
271.70465087890625 312.58453369140625 -2.516754627227783
268.4721374511719 310.2515563964844 -2.5161209106445312
265.2410888671875 307.9165344238281 -2.5154871940612793
262.01153564453125 305.5794677734375 -2.5148534774780273
262.0026550292969 305.56982421875 -2.116173267364502
261.8871154785156 305.44244384765625 -2.498868703842163
261.8783874511719 305.43267822265625 -2.1001884937286377
261.764892578125 305.303466796875 -2.482883930206299
261.7563171386719 305.2935485839844 -2.0842037200927734
261.6448974609375 305.16253662109375 -2.4668991565704346
258.53265380859375 302.6713562011719 -2.4662654399871826
258.5242614746094 302.6612854003906 -2.0675852298736572
258.4150390625 302.5284423828125 -2.4502806663513184
258.40679931640625 302.51824951171875 -2.051600456237793
258.2997131347656 302.3836669921875 -2.434295892715454
258.2916259765625 302.37335205078125 -2.0356156826019287
258.18670654296875 302.2370910644531 -2.41831111907959
258.1788024902344 302.2266540527344 -2.0196309089660645
258.0760803222656 302.0887145996094 -2.4023263454437256
258.0683288574219 302.078125 -2.0036461353302
257.9678039550781 301.9385681152344 -2.3863415718078613
255.0661163330078 299.20501708984375 -2.385709285736084
255.0585479736328 299.1943054199219 -1.9870290756225586
254.9603729248047 299.0531005859375 -2.3697245121002197
254.5472869873047 298.4912414550781 -2.0397789478302
254.44180297851562 298.35540771484375 -2.4224743843078613
254.433837890625 298.3450012207031 -2.023794174194336
254.33053588867188 298.2074890136719 -2.406489610671997
254.31858825683594 298.19134521484375 -2.008512020111084
254.21739196777344 298.0522766113281 -2.391207456588745
254.207275390625 298.03814697265625 -1.992957592010498
254.10826110839844 297.89752197265625 -2.375653028488159
254.0992431640625 297.8844909667969 -1.977248191833496
254.00244140625 297.7423400878906 -2.3599436283111572
253.9942626953125 297.7301330566406 -1.9614238739013672
253.8997344970703 297.5864562988281 -2.3441193103790283
253.8920440673828 297.5745544433594 -1.9455450773239136
253.7998046875 297.4294128417969 -2.328240394592285
253.7923583984375 297.41748046875 -1.9296571016311646
253.7024383544922 297.2708740234375 -2.312352418899536
253.69534301757812 297.25909423828125 -1.9137364625930786
253.60775756835938 297.111083984375 -2.29643177986145
253.4712371826172 297.0064697265625 -2.6791272163391113
253.4608917236328 296.9984130859375 -2.280447006225586
253.45425415039062 296.9865417480469 -1.881815791130066
253.37144470214844 296.8358154296875 -2.2645111083984375
253.23834228515625 296.7268981933594 -2.6472065448760986
253.22825622558594 296.718505859375 -2.2485263347625732
253.09690856933594 296.60748291015625 -2.6312217712402344
253.0869598388672 296.59893798828125 -2.232541561126709
252.9573974609375 296.48583984375 -2.61523699760437
252.9475860595703 296.4771423339844 -2.2165567874908447
252.81985473632812 296.3619689941406 -2.599252223968506
252.81019592285156 296.3531188964844 -2.2005720138549805
252.684326171875 296.2359313964844 -2.5832674503326416
252.6748046875 296.2269287109375 -2.184587240219116
252.55081176757812 296.1077575683594 -2.5672826766967773
252.5414276123047 296.0986022949219 -2.168602466583252
252.4193572998047 295.9774475097656 -2.551297903060913
252.41012573242188 295.9681396484375 -2.1526176929473877
252.29000854492188 295.8450622558594 -2.535313129425049
252.2809295654297 295.8356018066406 -2.1366329193115234
252.1627960205078 295.7106018066406 -2.5193283557891846
252.15386962890625 295.70098876953125 -2.120648145675659
252.03775024414062 295.5741271972656 -2.5033435821533203
252.0289764404297 295.56439208984375 -2.104663372039795
251.91490173339844 295.4356994628906 -2.487358808517456
251.90628051757812 295.4258117675781 -2.0886785984039307
251.79428100585938 295.2952880859375 -2.471374034881592
251.78582763671875 295.2852783203125 -2.0726938247680664
251.67591857910156 295.1529846191406 -2.4553892612457275
251.66761779785156 295.142822265625 -2.056709051132202
251.55984497070312 295.0087890625 -2.4394044876098633
251.5517120361328 294.9985046386719 -2.040724277496338
251.4460906982422 294.8627624511719 -2.423419713973999
251.43812561035156 294.85235595703125 -2.0247395038604736
251.33468627929688 294.7149658203125 -2.4074349403381348
251.32688903808594 294.7044372558594 -2.0087547302246094
251.2256622314453 294.5653991699219 -2.3914501667022705
251.21803283691406 294.55474853515625 -1.9927698373794556
251.11904907226562 294.41412353515625 -2.375465154647827
251.11158752441406 294.4033508300781 -1.9767848253250122
251.01486206054688 294.2611389160156 -2.359480142593384
251.007568359375 294.250244140625 -1.9607998132705688
250.91311645507812 294.10650634765625 -2.3434951305389404
250.906005859375 294.0954895019531 -1.9448148012161255
250.81387329101562 293.95025634765625 -2.327510118484497
250.80694580078125 293.9391174316406 -1.9288297891616821
250.71714782714844 293.7924499511719 -2.3115251064300537
250.71038818359375 293.7812194824219 -1.9128447771072388
250.62294006347656 293.63311767578125 -2.2955400943756104
250.61636352539062 293.62176513671875 -1.8968597650527954
250.5312957763672 293.4722900390625 -2.279555082321167
250.52490234375 293.4608459472656 -1.880874752998352
250.44223022460938 293.3100280761719 -2.2635700702667236
250.43601989746094 293.2984924316406 -1.8648897409439087
250.35577392578125 293.1463928222656 -2.2475850582122803
250.34974670410156 293.1347351074219 -1.8489047288894653
250.27194213867188 292.9813537597656 -2.231600046157837
250.26609802246094 292.9696044921875 -1.832919716835022
250.1907501220703 292.81500244140625 -2.2156150341033936
250.1851043701172 292.80316162109375 -1.8169347047805786
250.11224365234375 292.6473693847656 -2.19963002204895
250.10678100585938 292.63543701171875 -1.8009496927261353
250.0364227294922 292.478515625 -2.183645009994507
250.03115844726562 292.4665222167969 -1.784964680671692
249.96331787109375 292.3085021972656 -2.1676599979400635
249.838623046875 292.1844787597656 -2.5499637126922607
249.82940673828125 292.1751708984375 -2.1512835025787354
249.70262145996094 292.0447692871094 -2.5329835414886475
249.6935577392578 292.0352783203125 -2.134303331375122
249.57571411132812 291.9100036621094 -2.516998767852783
249.56680297851562 291.900390625 -2.118318557739258
249.4509735107422 291.77325439453125 -2.501013994216919
249.4422149658203 291.76348876953125 -2.1023337841033936
249.3284454345703 291.634521484375 -2.4850292205810547
249.31985473632812 291.6246337890625 -2.0863490104675293
249.20816040039062 291.4938659667969 -2.4690444469451904
249.19972229003906 291.48382568359375 -2.070364236831665
249.0901336669922 291.3512878417969 -2.453059673309326
249.0818634033203 291.34112548828125 -2.054379463195801
248.97439575195312 291.20684814453125 -2.437074899673462
248.96629333496094 291.196533203125 -2.0383946895599365
248.86099243164062 291.060546875 -2.4210901260375977
248.85304260253906 291.05010986328125 -2.0224099159240723
248.7499237060547 290.9124755859375 -2.4051053524017334
248.7421417236328 290.90191650390625 -2.006425142288208
248.6412353515625 290.76263427734375 -2.389120578765869
248.63363647460938 290.751953125 -1.9904402494430542
248.53497314453125 290.611083984375 -2.373135566711426
248.5275421142578 290.60028076171875 -1.9744552373886108
248.43113708496094 290.4578552246094 -2.3571505546569824
248.4238739013672 290.4469299316406 -1.9584702253341675
248.3297576904297 290.302978515625 -2.341165542602539
248.3226776123047 290.2919616699219 -1.9424852132797241
248.2308807373047 290.1465148925781 -2.3251805305480957
248.22396850585938 290.1353759765625 -1.9265002012252808
248.13450622558594 289.9884948730469 -2.3091955184936523
248.12777709960938 289.97723388671875 -1.9105151891708374
248.04067993164062 289.8289489746094 -2.293210506439209
248.0341339111328 289.8175964355469 -1.894530177116394
247.9494171142578 289.6679382324219 -2.2772254943847656
247.94305419921875 289.6564636230469 -1.8785451650619507
247.86073303222656 289.5054626464844 -2.2612404823303223
247.85455322265625 289.493896484375 -1.8625601530075073
247.774658203125 289.3415832519531 -2.245255470275879
247.76866149902344 289.3299255371094 -1.846575140953064
247.6912078857422 289.1763610839844 -2.2292704582214355
247.68539428710938 289.16461181640625 -1.8305901288986206
247.61041259765625 289.00982666015625 -2.213285446166992
247.60479736328125 288.99798583984375 -1.8146051168441772
247.5323028564453 288.842041015625 -2.197300434112549
247.52687072753906 288.8301086425781 -1.7986201047897339
247.45687866210938 288.6730041503906 -2.1813154220581055
247.45164489746094 288.6609802246094 -1.7826350927352905
247.38417053222656 288.5027770996094 -2.165330410003662
247.37911987304688 288.4906921386719 -1.7666500806808472
247.31417846679688 288.3314514160156 -2.1493453979492188
247.309326171875 288.31927490234375 -1.7506650686264038
247.24693298339844 288.15899658203125 -2.1333603858947754
247.24227905273438 288.146728515625 -1.7346800565719604
247.18246459960938 287.9854736328125 -2.117375373840332
247.17800903320312 287.97314453125 -1.718695044517517
247.1207733154297 287.81097412109375 -2.1013903617858887
247.11651611328125 287.798583984375 -1.7027100324630737
247.0618896484375 287.635498046875 -2.0854053497314453
247.05783081054688 287.623046875 -1.6867250204086304
247.0058135986328 287.4591064453125 -2.069420337677002
245.20684814453125 284.2908630371094 -2.105008840560913
245.20254516601562 284.2784729003906 -1.7063285112380981
245.14732360839844 284.1156005859375 -2.0890238285064697
245.14321899414062 284.1031494140625 -1.6903434991836548
245.09060668945312 283.9394226074219 -2.0730388164520264
245.08670043945312 283.9269104003906 -1.6743584871292114
245.03671264648438 283.7623596191406 -2.057053804397583
245.0330047607422 283.7497863769531 -1.658373475074768
244.98565673828125 283.5844421386719 -2.0410687923431396
244.98214721679688 283.5718078613281 -1.6423884630203247
244.93743896484375 283.4057312011719 -2.0250837802886963
244.9341278076172 283.3930358886719 -1.6264034509658813
244.89208984375 283.22625732421875 -2.009098768234253
244.8889923095703 283.2135314941406 -1.610418438911438
244.84962463378906 283.0461120605469 -1.9931137561798096
244.8467254638672 283.0333251953125 -1.5944334268569946
244.81004333496094 282.86529541015625 -1.9771287441253662
244.71324157714844 282.7231140136719 -2.359821081161499
244.70594787597656 282.71221923828125 -1.961140751838684
244.6114044189453 282.5684509277344 -2.3438282012939453
244.6042938232422 282.55743408203125 -1.9451478719711304
244.51211547851562 282.4122314453125 -2.327843189239502
244.5051727294922 282.401123046875 -1.929162859916687
244.41531372070312 282.2544860839844 -2.3118581771850586
244.40855407714844 282.2432556152344 -1.9131778478622437
244.32106018066406 282.0951843261719 -2.2958731651306152
244.31448364257812 282.0838317871094 -1.8971928358078003
244.2293701171875 281.93438720703125 -2.279888153076172
244.2229766845703 281.9229431152344 -1.881207823753357
244.1402587890625 281.77215576171875 -2.2639031410217285
244.13404846191406 281.7606201171875 -1.8652228116989136
244.0537567138672 281.6085205078125 -2.247918128967285
244.0477294921875 281.5968933105469 -1.8492377996444702
243.96987915039062 281.44354248046875 -2.231933116912842
243.9640350341797 281.4317932128906 -1.8332527875900269
243.88864135742188 281.2772216796875 -2.2159481048583984
243.88299560546875 281.265380859375 -1.8172677755355835
243.81007385253906 281.109619140625 -2.199963092803955
243.8046112060547 281.0976867675781 -1.8012827634811401
243.73419189453125 280.9407653808594 -2.1839780807495117
243.7289276123047 280.92877197265625 -1.7852977514266968
243.66102600097656 280.770751953125 -2.1679930686950684
243.65594482421875 280.7586669921875 -1.7693127393722534
243.590576171875 280.5995788574219 -2.152008056640625
243.585693359375 280.58740234375 -1.75332772731781
243.5228729248047 280.42730712890625 -2.1360230445861816
243.5181884765625 280.4150695800781 -1.7373427152633667
243.45794677734375 280.2539978027344 -2.1200380325317383
243.4534454345703 280.2416687011719 -1.7213577032089233
243.39578247070312 280.07965087890625 -2.104053020477295
243.3914794921875 280.0672607421875 -1.70537269115448
243.33641052246094 279.9043273925781 -2.0880680084228516
243.33230590820312 279.8918762207031 -1.6893876791000366
243.27984619140625 279.72808837890625 -2.072082996368408
243.2759552001953 279.715576171875 -1.6734026670455933
243.2261199951172 279.55096435546875 -2.056097984313965
243.22242736816406 279.53839111328125 -1.65741765499115
243.17523193359375 279.3730163574219 -2.0401129722595215
243.17173767089844 279.3603820800781 -1.6414326429367065
243.127197265625 279.19427490234375 -2.024127960205078
243.1239013671875 279.18157958984375 -1.6254476308822632
243.08201599121094 279.0147705078125 -2.0081429481506348
243.07891845703125 279.0020446777344 -1.6094626188278198
243.03970336914062 278.8345947265625 -1.9921579360961914
243.0368194580078 278.8218078613281 -1.5934776067733765
243.0002899169922 278.65374755859375 -1.976172924041748
242.9976043701172 278.64093017578125 -1.577492594718933
242.96376037597656 278.4723205566406 -1.9601879119873047
242.96128845214844 278.4594421386719 -1.5615075826644897
242.93014526367188 278.2903137207031 -1.9442028999328613
242.92787170410156 278.27740478515625 -1.5455225706100464
242.89944458007812 278.1077880859375 -1.928217887878418
242.8973846435547 278.0948486328125 -1.529537558555603
242.87167358398438 277.9248046875 -1.9122328758239746
242.86981201171875 277.9118347167969 -1.5135525465011597
242.84681701660156 277.74139404296875 -1.8962478637695312
242.8451690673828 277.7283935546875 -1.4975675344467163
242.8249053955078 277.5576171875 -1.880262851715088
242.82347106933594 277.5445861816406 -1.481582522392273
242.80593872070312 277.3735046386719 -1.8642778396606445
242.80470275878906 277.3604431152344 -1.4655976295471191
242.78990173339844 277.1890869140625 -1.8482930660247803
242.78887939453125 277.1759948730469 -1.449615716934204
242.77682495117188 277.0044250488281 -1.8323111534118652
242.77601623535156 276.9913330078125 -1.4336328506469727
242.76670837402344 276.8196105957031 -1.8163282871246338
242.69393920898438 276.6637878417969 -2.199023723602295
242.68849182128906 276.65185546875 -1.80034339427948
242.61822509765625 276.494873046875 -2.1830387115478516
242.6129608154297 276.4828796386719 -1.7843583822250366
242.5452117919922 276.3247985839844 -2.167053699493408
242.54014587402344 276.3127136230469 -1.7683733701705933
242.4749298095703 276.153564453125 -2.151068687438965
242.47006225585938 276.1413879394531 -1.75238835811615
242.4073944091797 275.9812316894531 -2.1350836753845215
242.4027099609375 275.968994140625 -1.7364033460617065
242.34262084960938 275.807861328125 -2.119098663330078
242.338134765625 275.7955322265625 -1.7204183340072632
242.28062438964844 275.6334533691406 -2.1031136512756348
242.27633666992188 275.6210632324219 -1.7044333219528198
242.22142028808594 275.45806884765625 -2.0871286392211914
242.2173309326172 275.44561767578125 -1.6884483098983765
242.16502380371094 275.2817687988281 -2.071143627166748
242.1611328125 275.2692565917969 -1.672463297843933
242.1114501953125 275.1046142578125 -2.0551586151123047
242.10775756835938 275.092041015625 -1.6564782857894897
242.0607147216797 274.9266052246094 -2.0391736030578613
242.05723571777344 274.9139709472656 -1.6404932737350464
242.01284790039062 274.747802734375 -2.023188591003418
242.0095672607422 274.735107421875 -1.624508261680603
241.96783447265625 274.5682678222656 -2.0072035789489746
241.96475219726562 274.5555114746094 -1.6085232496261597
241.9257049560547 274.3880310058594 -1.9912185668945312
241.92283630371094 274.375244140625 -1.5925382375717163
241.88645935058594 274.2071533203125 -1.975233554840088
241.8837890625 274.1943054199219 -1.576553225517273
241.85011291503906 274.0256652832031 -1.9592485427856445
241.84764099121094 274.0127868652344 -1.5605682134628296
241.81666564941406 273.8436279296875 -1.9432635307312012
241.8144073486328 273.8307189941406 -1.5445832014083862
241.7861328125 273.66107177734375 -1.9272785186767578
241.78408813476562 273.64813232421875 -1.5285981893539429
241.75852966308594 273.4780578613281 -1.9112935066223145
241.75668334960938 273.465087890625 -1.5126131772994995
241.73385620117188 273.29461669921875 -1.895308494567871
241.7322235107422 273.2816162109375 -1.4966281652450562
241.7121124267578 273.1108093261719 -1.8793234825134277
241.71067810058594 273.0977783203125 -1.4806431531906128
241.69329833984375 272.9266662597656 -1.8633384704589844
241.69207763671875 272.9136047363281 -1.4646581411361694
241.6774444580078 272.74224853515625 -1.847353458404541
241.6764373779297 272.72918701171875 -1.448673129081726
241.66453552246094 272.5576171875 -1.8313684463500977
241.66372680664062 272.5445251464844 -1.4326881170272827
241.65457153320312 272.3727722167969 -1.8153834342956543
241.6539764404297 272.35968017578125 -1.4167031049728394
241.64756774902344 272.18780517578125 -1.799398422241211
241.64718627929688 272.1746826171875 -1.4007186889648438
241.64352416992188 272.00274658203125 -1.7834141254425049
241.6433563232422 271.9896240234375 -1.3847341537475586
241.64244079589844 271.8176574707031 -1.7674295902252197
241.64247131347656 271.8033752441406 -1.3688684701919556
241.644287109375 271.63140869140625 -1.7515637874603271
241.64454650878906 271.61749267578125 -1.3529634475708008
241.6490936279297 271.445556640625 -1.735658884048462
240.99264526367188 267.49981689453125 -1.7356557846069336
240.99331665039062 267.4801330566406 -1.3376377820968628
241.00050354003906 267.30828857421875 -1.7203330993652344
240.4045867919922 263.3529357910156 -1.7203330993652344
240.41725158691406 262.8488464355469 -1.3710143566131592
241.21107482910156 258.92840576171875 -1.3710143566131592
242.00489807128906 255.00796508789062 -1.3710143566131592
242.79872131347656 251.0875244140625 -1.3710143566131592
243.59254455566406 247.16708374023438 -1.3710143566131592
244.38636779785156 243.24664306640625 -1.3710143566131592
245.18019104003906 239.32620239257812 -1.3710143566131592
245.97401428222656 235.40576171875 -1.3710143566131592
246.76783752441406 231.48532104492188 -1.3710143566131592
247.56166076660156 227.56488037109375 -1.3710143566131592
248.35548400878906 223.64443969726562 -1.3710143566131592
249.14930725097656 219.7239990234375 -1.3710143566131592
249.94313049316406 215.80355834960938 -1.3710143566131592
250.73695373535156 211.88311767578125 -1.3710143566131592
250.9632568359375 211.29652404785156 -1.0341863632202148
253.00816345214844 207.85873413085938 -1.0341863632202148
255.05137634277344 204.42575073242188 -1.0336869955062866
255.0824737548828 204.39132690429688 -0.6383559107780457
258.2947692871094 202.00782775878906 -0.6383559107780457
261.507080078125 199.62432861328125 -0.6383559107780457
264.7193908691406 197.24082946777344 -0.6383559107780457
267.93170166015625 194.85733032226562 -0.6383559107780457
271.1440124511719 192.4738311767578 -0.6383559107780457
271.1559753417969 192.4682159423828 -0.2396852672100067
275.0416259765625 191.5186309814453 -0.2396852672100067
278.9272766113281 190.5690460205078 -0.2396852672100067
282.81292724609375 189.6194610595703 -0.2396852672100067
286.6985778808594 188.6698760986328 -0.2396852672100067
290.584228515625 187.7202911376953 -0.2396852672100067
294.4698791503906 186.7707061767578 -0.2396852672100067
298.35552978515625 185.8211212158203 -0.2396852672100067
302.2411804199219 184.8715362548828 -0.2396852672100067
306.1268310546875 183.9219512939453 -0.2396852672100067
310.0124816894531 182.9723663330078 -0.2396852672100067
313.89813232421875 182.0227813720703 -0.2396852672100067
317.7837829589844 181.0731964111328 -0.2396852672100067
321.66943359375 180.1236114501953 -0.2396852672100067
325.5550842285156 179.1740264892578 -0.2396852672100067
329.44073486328125 178.2244415283203 -0.2396852672100067
333.3263854980469 177.2748565673828 -0.2396852672100067
337.2120361328125 176.3252716064453 -0.2396852672100067
341.0976867675781 175.3756866455078 -0.2396852672100067
344.98333740234375 174.4261016845703 -0.2396852672100067
348.8689880371094 173.4765167236328 -0.2396852672100067
352.754638671875 172.5269317626953 -0.2396852672100067
356.6402893066406 171.5773468017578 -0.2396852672100067
360.52593994140625 170.6277618408203 -0.2396852672100067
364.4115905761719 169.6781768798828 -0.2396852672100067
368.2972412109375 168.7285919189453 -0.2396852672100067
372.1828918457031 167.7790069580078 -0.2396852672100067
376.06854248046875 166.8294219970703 -0.2396852672100067
379.9541931152344 165.8798370361328 -0.2396852672100067
383.83984375 164.9302520751953 -0.2396852672100067
387.7254943847656 163.9806671142578 -0.2396852672100067
391.61114501953125 163.0310821533203 -0.2396852672100067
395.4967956542969 162.0814971923828 -0.2396852672100067
399.3824462890625 161.1319122314453 -0.2396852672100067
403.2680969238281 160.1823272705078 -0.2396852672100067
407.15374755859375 159.2327423095703 -0.2396852672100067
411.0393981933594 158.2831573486328 -0.2396852672100067
414.925048828125 157.3335723876953 -0.2396852672100067
418.8106994628906 156.3839874267578 -0.2396852672100067
422.69635009765625 155.4344024658203 -0.2396852672100067
426.5820007324219 154.4848175048828 -0.2396852672100067
430.4676513671875 153.5352325439453 -0.2396852672100067
434.3533020019531 152.5856475830078 -0.2396852672100067
438.23895263671875 151.6360626220703 -0.2396852672100067
442.1246032714844 150.6864776611328 -0.2396852672100067
446.01025390625 149.7368927001953 -0.2396852672100067
449.8959045410156 148.7873077392578 -0.2396852672100067
453.78155517578125 147.8377227783203 -0.2396852672100067
457.6672058105469 146.8881378173828 -0.2396852672100067
461.5528564453125 145.9385528564453 -0.2396852672100067
465.4385070800781 144.9889678955078 -0.2396852672100067
469.32415771484375 144.0393829345703 -0.2396852672100067
473.2098083496094 143.0897979736328 -0.2396852672100067
477.095458984375 142.1402130126953 -0.2396852672100067
480.9811096191406 141.1906280517578 -0.2396852672100067
484.86676025390625 140.2410430908203 -0.2396852672100067
488.7524108886719 139.2914581298828 -0.2396852672100067
492.6380615234375 138.3418731689453 -0.2396852672100067
496.5237121582031 137.3922882080078 -0.2396852672100067
500.40936279296875 136.4427032470703 -0.2396852672100067
504.2950134277344 135.4931182861328 -0.2396852672100067
508.1806640625 134.5435333251953 -0.2396852672100067
512.0663452148438 133.5939483642578 -0.2396852672100067
515.9520263671875 132.6443634033203 -0.2396852672100067
519.8377075195312 131.6947784423828 -0.2396852672100067
523.7233276367188 130.7451934814453 -0.23968544602394104
523.8795776367188 130.67333984375 -0.6223808526992798
523.9976806640625 130.54833984375 -1.0050761699676514
524.060546875 130.38827514648438 -1.3877716064453125
524.0591430664062 130.21629333496094 -1.7704670429229736
523.2657470703125 126.29576873779297 -1.7704670429229736
522.4723510742188 122.375244140625 -1.7704670429229736
521.678955078125 118.45471954345703 -1.7704670429229736
520.8855590820312 114.53419494628906 -1.7704670429229736
520.0921630859375 110.6136703491211 -1.7704670429229736
519.2987670898438 106.69314575195312 -1.7704670429229736
518.50537109375 102.77262115478516 -1.7704670429229736
517.7119750976562 98.85209655761719 -1.7704670429229736
516.9185791015625 94.93157196044922 -1.7704670429229736
516.1251831054688 91.01104736328125 -1.7704670429229736
515.331787109375 87.09052276611328 -1.7704670429229736
514.5383911132812 83.16999816894531 -1.7704670429229736
513.7449951171875 79.24947357177734 -1.7704670429229736
512.9515991210938 75.32894897460938 -1.7704670429229736
512.158203125 71.4084243774414 -1.7704670429229736
512.0926513671875 71.24942016601562 -2.1531624794006348
511.97247314453125 71.12639617919922 -2.535857915878296
511.8150329589844 71.0571517944336 -2.918553352355957
511.64312744140625 71.05170440673828 2.981936454772949
507.6940002441406 71.6876220703125 2.981936454772949
503.744873046875 72.32353973388672 2.981936454772949
499.7957458496094 72.95945739746094 2.981936454772949
495.84661865234375 73.59537506103516 2.981936454772949
491.8974914550781 74.23129272460938 2.981936454772949
487.9483642578125 74.8672103881836 2.981936454772949
483.9992370605469 75.50312805175781 2.981936454772949
480.05010986328125 76.13904571533203 2.981936454772949
476.1009826660156 76.77496337890625 2.981936454772949
472.15185546875 77.41088104248047 2.981936454772949
468.2027282714844 78.04679870605469 2.981936454772949
464.25360107421875 78.6827163696289 2.981936454772949
460.3044738769531 79.31863403320312 2.981936454772949
456.3553466796875 79.95455169677734 2.981936454772949
452.4062194824219 80.59046936035156 2.981936454772949
448.45709228515625 81.22638702392578 2.981936454772949
444.988525390625 81.69640350341797 3.031873941421509
441.5008239746094 81.9926986694336 3.0818114280700684
441.5008239746094 81.9926986694336 -2.8013737201690674
441.33074951171875 81.96719360351562 3.099116086959839
441.33074951171875 81.96719360351562 -2.784069061279297
441.1611328125 81.9387435913086 3.1164207458496094
441.1611328125 81.9387435913086 -2.7667644023895264
440.9920349121094 81.90736389160156 3.13372540473938
440.9920349121094 81.90736389160156 -2.749459743499756
440.8235168457031 81.87306213378906 -3.132155179977417
440.8235168457031 81.87306213378906 -2.7321550846099854
440.6556091308594 81.83585357666016 -3.1148505210876465
440.6556091308594 81.83585357666016 -2.714850425720215
440.4883728027344 81.79574584960938 -3.097545862197876
440.4883728027344 81.79574584960938 -2.6975457668304443
440.32183837890625 81.75274658203125 -3.0802412033081055
440.32183837890625 81.75274658203125 -2.680241107940674
440.1560974121094 81.70687103271484 -3.062936544418335
440.1560974121094 81.70687103271484 -2.6629364490509033
439.99114990234375 81.65813446044922 -3.0456318855285645
439.99114990234375 81.65813446044922 -2.645631790161133
439.82708740234375 81.60655212402344 -3.028327226638794
439.82708740234375 81.60655212402344 -2.6283271312713623
439.6639404296875 81.55213928222656 -3.0110225677490234
439.6639404296875 81.55213928222656 -2.611022472381592
439.50177001953125 81.49491119384766 -2.993717908859253
439.50177001953125 81.49491119384766 -2.5937178134918213
439.3406066894531 81.43488311767578 -2.9764132499694824
439.3406066894531 81.43488311767578 -2.576413154602051
439.1805114746094 81.37207794189453 -2.959108591079712
435.2469177246094 80.64618682861328 -2.959108591079712
435.2469177246094 80.64618682861328 -2.5591084957122803
431.9065246582031 78.44578552246094 -2.5591084957122803
428.5661315917969 76.2453842163086 -2.5591084957122803
425.2257385253906 74.04498291015625 -2.5591084957122803
421.8853454589844 71.8445816040039 -2.5591084957122803
418.5449523925781 69.64418029785156 -2.5591084957122803
415.2045593261719 67.44377899169922 -2.5591084957122803
411.8641662597656 65.24337768554688 -2.5591084957122803
411.7051696777344 65.17781066894531 -2.9418039321899414
411.7051696777344 65.17781066894531 -2.541804313659668
411.5473327636719 65.10950469970703 -2.924499750137329
411.5473327636719 65.10950469970703 -2.5245001316070557
411.3907165527344 65.0384750366211 -2.907195568084717
411.3907165527344 65.0384750366211 -2.5071959495544434
411.2353515625 64.9647445678711 -2.8898913860321045
411.2353515625 64.9647445678711 -2.489891767501831
411.0812683105469 64.88833618164062 -2.872587203979492
407.2252197265625 63.825252532958984 -2.8725783824920654
403.36907958984375 62.76212692260742 -2.8725783824920654
399.512939453125 61.69900131225586 -2.8725783824920654
395.65679931640625 60.6358757019043 -2.8725783824920654
391.8006591796875 59.572750091552734 -2.8725783824920654
387.94451904296875 58.50962448120117 -2.8725783824920654
384.08837890625 57.44649887084961 -2.8725783824920654
380.24560546875 56.38574981689453 -2.8719446659088135
376.40350341796875 55.322566986083984 -2.8713109493255615
376.2320556640625 55.30900573730469 3.0291788578033447
376.2320556640625 55.30900573730469 -2.854006767272949
376.0608825683594 55.29248046875 3.046483039855957
372.0789489746094 55.67234420776367 3.046483039855957
368.0970153808594 56.052207946777344 3.046483039855957
364.1150817871094 56.432071685791016 3.046483039855957
360.1331481933594 56.81193542480469 3.046483039855957
356.1512145996094 57.19179916381836 3.046483039855957
352.1692810058594 57.57166290283203 3.046483039855957
348.1873474121094 57.9515266418457 3.046483039855957
344.2054138183594 58.331390380859375 3.046483039855957
340.2234802246094 58.71125411987305 3.046483039855957
336.2415466308594 59.09111785888672 3.046483039855957
332.2596130371094 59.47098159790039 3.046483039855957
328.2776794433594 59.85084533691406 3.046483039855957
324.2957458496094 60.230709075927734 3.046483039855957
320.3138122558594 60.610572814941406 3.046483039855957
316.3318786621094 60.99043655395508 3.046483039855957
312.3499450683594 61.37030029296875 3.046483039855957
308.3680114746094 61.75016403198242 3.046483039855957
304.3860778808594 62.130027770996094 3.046483039855957
300.4041442871094 62.509891510009766 3.046483039855957
296.4222106933594 62.88975524902344 3.046483039855957
292.4402770996094 63.26961898803711 3.046483039855957
288.4583435058594 63.64948272705078 3.046483039855957
284.4764099121094 64.02935028076172 3.046483039855957
280.4944763183594 64.40921783447266 3.046483039855957
276.5125427246094 64.7890853881836 3.046483039855957
272.5306091308594 65.16895294189453 3.046483039855957
268.5486755371094 65.54882049560547 3.046483039855957
264.5667419433594 65.9286880493164 3.046483039855957
260.5848083496094 66.30855560302734 3.046483039855957
256.6028747558594 66.68842315673828 3.046483039855957
252.62095642089844 67.06829071044922 3.046483039855957
248.6390380859375 67.44815826416016 3.046483039855957
244.65711975097656 67.8280258178711 3.046483039855957
240.67520141601562 68.20789337158203 3.046483039855957
236.6932830810547 68.58776092529297 3.046483039855957
232.71136474609375 68.9676284790039 3.046483039855957
228.7294464111328 69.34749603271484 3.046483039855957
224.74752807617188 69.72736358642578 3.046483039855957
220.76560974121094 70.10723114013672 3.046483039855957
216.78369140625 70.48709869384766 3.046483039855957
212.80177307128906 70.8669662475586 3.046483039855957
208.81985473632812 71.24683380126953 3.046483039855957
204.8379364013672 71.62670135498047 3.046483039855957
200.85601806640625 72.0065689086914 3.046483039855957
196.8740997314453 72.38643646240234 3.046483039855957
192.89218139648438 72.76630401611328 3.046483039855957
188.91026306152344 73.14617156982422 3.046483039855957
184.9283447265625 73.52603912353516 3.046483039855957
180.94642639160156 73.9059066772461 3.046483039855957
176.96450805664062 74.28577423095703 3.046483039855957
172.9825897216797 74.66564178466797 3.046483039855957
169.00067138671875 75.0455093383789 3.046483039855957
165.0187530517578 75.42537689208984 3.046483039855957
161.03683471679688 75.80524444580078 3.046483039855957
157.05491638183594 76.18511199951172 3.046483039855957
157.0418701171875 76.18374633789062 -2.838022232055664
156.8709716796875 76.16448974609375 3.062467575073242
156.8579559326172 76.16291809082031 -2.8220374584198
156.6873779296875 76.14093017578125 3.0784523487091064
152.69534301757812 76.39332580566406 3.0784523487091064
148.7317352294922 76.63818359375 3.0813355445861816
148.70924377441406 76.63504791259766 -2.804135322570801
148.53909301757812 76.6100082397461 3.0963544845581055
148.52041625976562 76.60710906982422 -2.7887332439422607
148.35067749023438 76.57945251464844 3.1117565631866455
148.33412170410156 76.57662200927734 -2.7731196880340576
148.16482543945312 76.54631805419922 3.1273701190948486
144.1652374267578 76.60320281982422 3.1273701190948486
140.1656494140625 76.66008758544922 3.1273701190948486
136.1660614013672 76.71697235107422 3.1273701190948486
132.16647338867188 76.77385711669922 3.1273701190948486
128.16688537597656 76.83074188232422 3.1273701190948486
124.16728973388672 76.88762664794922 3.1273701190948486
120.16769409179688 76.94451141357422 3.1273701190948486
120.1548080444336 76.94210052490234 -2.7571349143981934
119.98602294921875 76.90909576416016 -3.1398303508758545
118.67002868652344 76.73013305664062 -2.8730359077453613
118.4985580444336 76.71686553955078 3.027453899383545
118.4854965209961 76.71575164794922 -2.857051134109497
118.31426239013672 76.69974517822266 3.043438673019409
118.30121612548828 76.69841766357422 -2.841066360473633
118.13025665283203 76.67967987060547 3.0594234466552734
118.11723327636719 76.67814636230469 -2.8250815868377686
117.94659423828125 76.65667724609375 3.0754082202911377
117.93360137939453 76.65493774414062 -2.8090968132019043
117.7633285522461 76.63074493408203 3.091392993927002
117.7503662109375 76.62879943847656 -2.79311203956604
117.58050537109375 76.60188293457031 3.107377767562866
117.56757354736328 76.5997314453125 -2.777127265930176
117.39816284179688 76.57010650634766 3.1233625411987305
117.38526916503906 76.56774139404297 -2.7611424922943115
117.21635437011719 76.53541564941406 3.1393473148345947
117.2033920288086 76.53282928466797 -2.745168685913086
117.0350112915039 76.497802734375 -3.127864122390747
113.03538513183594 76.4428939819336 -3.127864122390747
112.98424530029297 76.43193817138672 -2.733128786087036
112.81629943847656 76.39488983154297 -3.1158242225646973
108.817626953125 76.29182434082031 -3.1158242225646973
104.81895446777344 76.18875885009766 -3.1158242225646973
100.82028198242188 76.085693359375 -3.1158242225646973
96.82160949707031 75.98262786865234 -3.1158242225646973
96.70271301269531 75.95608520507812 -2.7280831336975098
96.53495788574219 75.9181900024414 -3.110778570175171
96.44284057617188 75.89700317382812 -2.7202908992767334
96.27538299560547 75.85780334472656 -3.1029863357543945
96.19855499267578 75.83943939208984 -2.7109360694885254
96.0314712524414 75.79867553710938 -3.0936315059661865
92.03607177734375 75.60690307617188 -3.0936315059661865
88.5327377319336 75.35310363769531 -3.0449178218841553
84.5514144897461 74.96700286865234 -3.0449178218841553
80.5700912475586 74.58090209960938 -3.0449178218841553
76.78091430664062 74.17720031738281 -3.0259859561920166
72.8076171875 73.71580505371094 -3.0259859561920166
68.83432006835938 73.25440979003906 -3.0259859561920166
65.36859130859375 72.76397705078125 -2.976048469543457
61.93165969848633 72.10115814208984 -2.9261109828948975
58.532100677490234 71.26760864257812 -2.876173496246338
55.17838668823242 70.2654037475586 -2.8262360095977783
51.87887954711914 69.09703826904297 -2.7762985229492188
48.641807556152344 67.76542663574219 -2.726361036300659
48.60895538330078 67.7423095703125 -2.330404281616211
48.60198974609375 67.731201171875 -1.931723952293396
48.59988021850586 67.71826171875 -1.533043622970581
48.82058334350586 64.2367172241211 -1.4819347858428955
49.21815872192383 60.75910949707031 -1.4319971799850464
49.7888298034668 57.30568313598633 -1.3820595741271973
50.53117370605469 53.885047912597656 -1.3321219682693481
50.645469665527344 53.632328033447266 -0.9600191116333008
50.654964447021484 53.623291015625 -0.5613387823104858
50.6672248840332 53.618648529052734 -0.1626584827899933
50.68032455444336 53.6191291809082 0.23602181673049927
54.569427490234375 54.554473876953125 0.23602181673049927
58.45853042602539 55.48981857299805 0.23602181673049927
62.347633361816406 56.42516326904297 0.23602181673049927
66.23674011230469 57.36050796508789 0.23602181673049927
66.43315887451172 57.36953353881836 -0.1441957950592041
66.44625091552734 57.37025451660156 0.25448450446128845
66.62541961669922 57.381649017333984 -0.12745186686515808
