-392.83861260070745
-395.6972973447963
-398.57562242630917
-401.47316538979356
-404.3895131339564
-407.324261745324
-410.2770163548833
-413.2473909909103
-416.23500842860443
-419.2395000371072
-422.2605056244355
-425.29767328082255
-428.3506592209188
-431.41912762526795
-434.50275048143925
-437.6012074251642
-440.7141855817944
-443.8413794083695
-446.9824905365546
-450.1349218107932
-453.30147780489966
-456.48189454237524
-459.6758565833454
-462.88468923386995
-465.1066627892301
-467.0461535440178
-468.74117142995885
-470.17958293830236
-472.0333129155586
-473.3621521037755
-474.9402784086439
-476.4564109314987
-477.7633840601297
-478.6900005202407
-479.7595234368358
-480.86119783770374
-481.484953946126
-482.161762003694
-482.4850823617585
-482.4876374679004
-482.1694082721432
-481.53438749697443
-480.59054274870437
-479.0357175117714
-477.5094006523958
-476.0118119853707
-474.824269628385
-472.9421150534921
-471.08753977440097
-469.26087099844415
-467.4624312497974
-465.69159433528966
-463.94930289958506
-462.2359696419686
-460.5519861724952
-458.8977592088517
-457.2736054944015
-455.6798997508102
-454.1169715134131
-452.60153644006414
-451.0687750927297
-449.55237564469917
-448.0625682928386
-446.6022638021019
-445.17311126071655
-443.77541163783155
-442.40946304018394
-441.07555366210096
-439.77398166208536
-438.50503499194826
-437.2689976861218
-437.25104960200497
-437.56978470538047
-437.61172160287407
-439.43486482623103
-441.28785666768647
-443.17032256219693
-445.08191473496055
-447.0222487610199
-448.9909630052269
-450.9876596950939
-451.08873997229466
-454.2558770567523
-457.43682635131563
-460.63130156701504
-463.83901404099424
-467.05970023472275
-470.29306803708437
-470.43227555406344
-473.09452231534914
-475.6399630575595
-479.19338722060945
-482.7537985660437
-486.3210436320299
-489.89497313625105
-493.4754418452944
-497.06230844841576
-500.6554354355363
-504.254688979333
-507.859938821286
-511.47105816155016
-515.0879235525235
-518.710414795986
-522.3384148436877
-525.971809701269
-529.6104883353977
-533.2543425840131
-536.9032670695686
-540.5571591151709
-544.2159186635124
-547.8794481985032
-551.5476526695049
-555.2204394180789
-558.8977181071571
-562.5794006525557
-566.2654011567452
-569.955635844799
-573.648183175309
-577.3440253438256
-581.0443515591945
-584.749095695055
-588.4581552996458
-592.1715307482075
-595.890829580204
-599.0141352239879
-602.3529278080259
-605.2337104313192
-608.0582093918667
-611.3779450296965
-614.4027696603098
-617.5968384283881
-619.9848847567304
-623.0090130954152
-626.0448928522064
-629.09371683603
-632.1367809551895
-635.2020380848396
-638.2150195683761
-641.2825707623957
-643.3161120465888
-645.1133505054829
-647.5128696674905
-649.9281482667079
-652.3590112610541
-654.8052638673382
-657.2667550223265
-659.7433141617381
-662.2347722363868
-663.8450462034444
-665.1773315808497
-666.2139447761731
-666.9410150387607
-667.3489551389983
-667.4323997085929
-667.190219732982
-666.6256083953238
-665.7460383211159
-664.5631939225431
-663.0927933154638
-661.3545844732246
-659.3719896257329
-657.1720264109929
-653.8818603567408
-651.1342654202825
-648.5540683929754
-644.9206676599229
-641.2902668972689
-638.6957551158124
-634.8964080585569
-631.0999097608201
-627.3063321875263
-623.5157084316023
-620.2730814424177
-616.4160537605615
-612.5611997477547
-609.834052237021
-605.8815491098712
-601.9298441548555
-597.97888666658
-594.0287588825463
-590.0794772291857
-587.3046017690565
-583.3104145353902
-579.31630971767
-575.3222889805909
-571.3283307143871
-567.3344600188054
-563.3406787329236
-559.3469887582369
-555.3533920608995
-552.426731321871
-548.4395917990496
-544.4524884395935
-540.4654455464533
-536.4784408010019
-532.4914322571843
-528.5045267562381
-524.5176627444542
-520.530841417169
-517.767376927127
-513.8444870015119
-509.9224779314177
-506.0013900511199
-502.0812246796626
-498.1620036030374
-494.24372623192033
-490.3264589222857
-486.41020569968634
-482.4949913111019
-478.5808614444045
-474.66782246145925
-470.7559016561092
-466.8451272411244
-462.93554867191824
-459.0271759123517
-455.1200401702028
-451.2141941476815
-447.30965094060775
-443.4064656479781
-439.504653691736
-435.6042521888682
-431.7053202296165
-427.8078995759221
-423.9120090216628
-420.01771219182257
-416.1250328616125
-412.23403802967397
-408.34475480482456
-404.4572538746507
-400.57158813002496
-396.6877890026231
-392.80593338036135
-388.92605821565104
-385.0482669578714
-381.17257918977344
-377.2990815503352
-373.4278207823498
-369.5589108469547
-365.69238235951303
-361.82833379960744
-357.9668453961598
-354.108000864781
-350.2518872892295
-346.3985961199293
-342.54822272720895
-338.7008659665912
-334.85663051679063
-331.01562422575296
-327.1773023266603
-323.3431988249433
-319.5126629394161
-315.6858685011439
-311.86293186248736
-308.0439949401248
-304.22711176088853
-300.4149166971335
-296.6066458875785
-296.4543830310178
-292.4680617977921
-288.4823232030128
-284.49349724645606
-283.5190604583074
-279.80537235111865
-276.0966362372662
-272.3961433032677
-268.7042341151909
-265.0212784810034
-264.89428825957833
-262.090407261489
-259.3179116830214
-256.5778189477783
-253.8711782529874
-251.19907092648018
-248.56261069657893
-245.962943862438
-243.40124935147756
-240.87873864965542
-238.3966555894679
-238.327156863147
-237.26175748959358
-236.25928406840748
-236.25088587182117
-236.84032797876083
-237.49568601191365
-238.21641594728038
-238.91848231391384
-240.22162831674146
-240.33197807314718
-242.98370623047558
-245.67194214629686
-248.39550051854363
-251.15323221744765
-253.94402391899985
-256.76679764051454
-259.6205101921752
-262.50415255727813
-265.41674921276757
-268.3573574005761
-271.32506635926023
-274.31899652445213
-277.33829870574453
-280.3821532467789
-283.449769174527
-286.54038334303607
-289.6532595762466
-292.78768781389005
-295.942983263926
-299.118485564483
-302.3135579578202
-305.52758647842546
-308.75997915700833
-312.01016524182296
-315.277594438476
-318.5617361691194
-321.86207885170955
-325.1781291998181
-328.5094115433104
-331.8554671700612
-335.2158536887479
-338.59014441265356
-341.9779277643165
-345.378806700787
-348.7923981591802
-352.2183325221639
-355.6562531029704
-359.10581564948745
-362.5666878669526
-366.03854895875344
-369.5210891848208
-373.0140094370878
-376.51702083148433
-380.02984431592995
-383.552210293791
-387.0838582622686
-390.6245364651901
-394.17400155968454
-397.7320182962302
-401.29835921157263
-404.87280433402407
-408.4551409006655
-412.0451630859864
-415.6426717415101
-419.2474741459671
-422.8593837655905
-426.4782200241245
-430.10380808214796
-433.73597862533126
-437.37456648002365
-441.01941401855584
-444.6703673139453
-448.32727719951924
-451.98999909656965
-455.6583928489262
-459.33235280882064
-463.01168671946044
-465.5083892282287
-467.8416598650703
-469.9799697275364
-471.8948327366827
-473.56111669863907
-474.9571026287512
-476.06480329857516
-476.87005228858396
-477.36262135389853
-477.5362488785785
-477.38876890816806
-476.9220362372027
-476.04197062870855
-475.19394669391863
-474.37813627113474
-473.5947058325945
-472.8438163244838
-472.12562301044045
-471.4792476871297
-470.52484683915037
-469.27457200982883
-467.74446652054417
-465.95424257698505
-463.92739128989064
-461.69064103337473
-459.2739144819334
-456.7101026729497
-454.03458388107043
-451.2849038013289
-448.50036193474955
-445.72149423114297
-441.76223744301603
-437.80458422107836
-433.847450890391
-429.89079059836246
-425.9347714795293
-421.9793481641082
-418.02450627801096
-414.07026255751805
-410.11663447124073
-406.1636401347291
-402.20799765619495
-398.253241135727
-394.3023585059622
-390.3525647264651
-386.4002226324281
-382.44887139168884
-378.49854203641104
-374.549266899732
-370.60107968419396
-366.6540155345084
-362.70811116211365
-358.76340474606013
-354.8199362827689
-350.87774751180314
-350.8776864865263
-350.87753255068657
-348.53155532361734
-345.0500384251857
-342.5511948551411
-338.8707940790903
-335.201130375799
-332.5835221713779
-328.75646019008764
-324.93513948687126
-321.1184749103483
-317.3066654579463
-314.6045962931176
-310.6797748089253
-306.7570577476194
-302.8365272206263
-298.9182696188242
-295.00240638688473
-292.2435956543441
-288.26106694994513
-284.2790478881505
-280.2975603491047
-276.3166271704876
-272.33618090031746
-268.356429545989
-265.5703078980912
-261.5753514784853
-257.580414559771
-253.58549764534192
-249.59057080570958
-245.5956651434236
-241.60078133866503
-237.60592014061334
-233.61105188355376
-229.6162079614614
-225.62138936842103
-221.62650477872066
-217.6317388386256
-214.82971327887384
-210.87519346609332
-206.92242217436467
-202.9715015585052
-199.02254183530852
-195.07566208916106
-191.1309911754934
-187.18866873609923
-183.24884634268295
-179.31168878776398
-175.37737554536557
-171.4461024278622
-167.5180834700971
-163.59355307758432
-159.6727684825028
-155.7560125595479
-151.8435970638793
-147.9358662547847
-144.03320150440692
-140.13602606918877
-136.24481100254553
-132.3600819868818
-128.48242735031323
-124.61250750981097
-120.75106613913019
-116.89894343145373
-113.05709191750677
-109.22659541566172
-105.40869183871631
-101.60480077241425
-97.8165569863009
-94.04585135510357
-90.29488108059032
-90.14363971672105
-86.14811005804816
-82.152723806772
-78.1574849797075
-74.16243472714794
-70.16758853772699
-66.17291540325719
-62.17858852807244
-58.18435764092855
-54.38918859650659
-50.393308416173284
-47.005755634109576
-43.01286157680397
-39.02064902643607
-35.02695745400995
-32.259657146579855
-28.337651648489402
-24.44093900161313
-20.583888704596117
-16.793850830557343
-13.128989063443145
-9.73176543748327
-7.003152134972105
-5.936712745354974
-7.243854592737074
-10.036320495274566
-13.416624630643033
-17.03836647030331
-20.7755985620112
-24.60739872709226
-28.462770295922134
-32.327712693048184
-36.208277088992524
-40.100099062434225
-40.100099062434225
-40.100099062434225
-40.100099062434225
-40.100099062434225
-40.100099062434225
-40.100099062434225
-40.100099062434225
-40.100099062434225
-40.100099062434225
-40.100099062434225
