-390.0
-390.0
-390.0
-390.0
-390.0
-390.0
-386.05695876969656
-382.1150338570362
-378.1743843289428
-374.235174242438
-370.29754238634723
-366.36163307428285
-362.4276574717985
-358.49577183770015
-354.56613888989034
-350.6389586138709
-346.7144382468875
-342.79276199011764
-338.87412209937065
-334.9587802146805
-331.04694588927964
-327.1388380984197
-323.2347162271308
-319.3348196653707
-315.43942945060166
-311.5488384118948
-307.6633214683615
-303.7831970035056
-299.9087672394701
-296.04037947032884
-292.17836652985955
-288.3231084276535
-284.4749725185049
-280.63437562299737
-276.80175454924625
-272.9775372536413
-269.162174364325
-265.3561713014969
-261.56005963801294
-257.77436766210815
-253.99965338287947
-250.23653642957035
-246.4856398483203
-242.74765300528483
-239.0233028835636
-235.31332727945545
-231.61850817105827
-227.93970393914387
-227.93970393914387
-225.1488655048088
-222.40804947847494
-219.71924247541358
-217.08445889629112
-214.50573987918335
-211.98521140547905
-209.52505229912268
-209.52505229912268
-209.52505229912268
-209.52505229912268
-209.52505229912268
-209.52505229912268
-209.52505229912268
-209.52505229912268
-209.52505229912268
-209.52505229912268
-209.52505229912268
