-392.83861260070745
-395.6972973447963
-398.57562242630917
-401.47316538979356
-404.3895131339564
-407.324261745324
-410.2770163548833
-413.2473909909103
-416.23500842860443
-419.2395000371072
-422.2605056244355
-425.29767328082255
-428.3506592209188
-431.41912762526795
-434.50275048143925
-437.6012074251642
-440.7141855817944
-443.8413794083695
-446.9824905365546
-450.1225540569612
-453.2749822744028
-456.4394901056948
-459.61579448853064
-462.7503931298687
-462.7701762155075
-464.7848146467079
-466.82327992986296
-468.87235932810165
-468.97973163746013
-469.6986230370523
-470.4504270337891
-471.2349861023253
-472.0521369241491
-472.89710137748745
-473.77266134921507
-474.6785882389098
-475.61469799229116
-476.53025174830657
-476.53123106440256
-475.907838795856
-475.30317198150243
-475.2938928042634
-473.1657695362547
-471.0619984642533
-468.9829073067918
-466.9288257403051
-464.9000852667207
-462.8970190736626
-460.9199618871545
-458.9692498167211
-457.0452201928013
-455.1482113964014
-453.27856268093575
-451.43661398621765
-449.62270574458563
-447.83717867916886
-446.0803735943199
-444.35263115826467
-442.6542916780456
-440.9856948668588
-439.3471796039153
-437.73908368698164
-436.1617435777882
-434.6154941405205
-433.10066837364263
-431.61759713533206
-430.1666088628384
-428.7480292861126
-428.73397954872155
-428.8857334513006
-428.9062363240245
-430.59542908927887
-432.3133670372858
-434.05974948446317
-435.83420787021777
-437.636427270097
-439.46603978863686
-441.32273110255477
-443.20613481164315
-445.1159379851767
-445.17186158410743
-448.28603460648014
-451.4129467034804
-454.5523605900901
-457.7039934794442
-460.8675945766271
-464.0429190005153
-464.1211429312835
-464.1442472191265
-464.22222685149853
-464.2452638955497
-464.32299064977803
-464.3459517692422
-464.42345129785826
-464.4463620351507
-464.523634493223
-464.5464526246723
-464.6234813866423
-464.64624922747504
-464.7230512286309
-464.7457265542703
-464.82225968144394
-464.8448848105331
-464.9211747065824
-464.9437074129294
-465.01974554480836
-465.0422281507619
-465.1180233727635
-465.14041365113593
-465.21594064419173
-465.2382386425745
-465.31352304774833
-465.33577109196176
-465.4107875983711
-465.4329434600909
-465.507675428039
-465.5297391556292
-465.6042035590595
-465.62620067084003
-465.70040633258253
-465.7223282218909
-465.7962666570813
-465.89344342484344
-465.96750308385424
-465.9893701418846
-466.0631627950936
-466.64738006638714
-466.7237890688004
-466.74634965015264
-466.82249110292594
-466.84498503867866
-466.9208845427191
-466.94330328847565
-467.0189355638603
-467.0412877548649
-467.1166529644762
-467.13891320704215
-467.2140369524011
-467.2362221580927
-467.31107917044216
-467.333197960851
-467.4077715388568
-467.42979852711005
-467.5041057057929
-467.5260578148185
-467.60010732093934
-467.62199315697717
-467.69577660276025
-467.71757078735175
-467.7910714669254
-471.5108695533111
-471.53279152497487
-471.60614207312665
-471.6280491482472
-471.7011185462997
-471.72307009223374
-471.79584155138195
-471.8188120492029
-471.89130277833135
-475.5804347795179
-479.290683365546
-483.00555701345905
-486.72494982246866
-490.44875897734755
-494.176884641612
-497.90922985489107
-501.645700434306
-505.3862048796871
-509.13065428246773
-512.878962238097
-516.6310447618241
-520.3868202077118
-524.1462091907429
-527.9091345118887
-531.6755210860191
-535.4452958725302
-539.2183878085815
-542.9947277448312
-546.7742483835661
-550.5568842191304
-554.3425714805542
-558.1312480762949
-561.9064188874078
-565.6831461240896
-569.4622333525836
-573.2436155580258
-577.0272662865453
-580.8124113592886
-584.4886571386393
-584.5135926337125
-587.5102208561075
-590.5150788773351
-593.530474292712
-596.5562754111222
-599.5922967817469
-602.6384115227455
-605.6944867559323
-608.7603065568791
-611.8357704832896
-614.9206873852494
-618.0149353277321
-621.1183148200194
-624.2295938990378
-627.3500545007638
-628.2497157124701
-630.6266260664197
-633.0198874305651
-635.4293150531123
-637.8547257351805
-640.2959378475787
-642.7527713460994
-645.2250477853792
-647.7125903313686
-650.2152237724604
-652.7327531277124
-655.2650276547239
-657.8118770670377
-660.373132732566
-662.9486276786743
-662.9697923997799
-662.9725662898306
-662.9652316374008
-662.9489561052176
-659.8560970923863
-656.773034902762
-653.6999081514093
-650.6368576213048
-647.5840262930208
-644.5452636113877
-641.5259458610719
-638.5168748014371
-638.49451852962
-634.713521048516
-630.9175104554314
-627.1240355401345
-623.3331425974383
-619.5448790233381
-615.7592933469028
-611.9764352632391
-608.2130871420163
-604.45204627307
-604.4265989684742
-600.4342872514667
-596.4420784929855
-592.4499747743807
-588.4579782334265
-584.4660910662441
-580.4743155293042
-576.482653941512
-572.4911086863792
-568.4996822142876
-564.508377044848
-560.5171957693592
-556.526141053374
-552.535215639374
-548.5444223495622
-544.5717279826546
-540.5993102415573
-536.6622255227774
-532.6911364077387
-528.72030982243
-524.7497723845901
-520.7795305102736
-516.8095703565505
-512.8398965825652
-508.8705389040011
-504.9014841126117
-500.93276023476085
-496.96437506824043
-492.99631611934205
-489.0286347899351
-485.06131712748225
-481.094372047091
-477.12778815416186
-473.1615955798497
-469.19580420455503
-465.23042425827623
-461.26546633554796
-457.30092070501445
-453.3368194072075
-449.3731966102166
-445.4100421115856
-441.4473685787952
-437.48518915132075
-433.52351746205596
-429.5623691048847
-425.60449405892217
-421.64466867382396
-418.6068543507261
-414.70501736802555
-410.80502650913667
-406.9069135132607
-403.0107541467541
-399.11658421573765
-395.224462749929
-391.334472338944
-387.44665566146426
-383.56110042144905
-379.67785446832704
-375.7970111354388
-371.9186454597718
-368.04281407707134
-364.1696414431219
-360.2991691538394
-356.4315073013469
-356.40139715123604
-353.2121047719109
-350.0399171781993
-346.8853254637254
-343.7488138680422
-340.6308816563647
-337.51761153667553
-337.4408600883816
-333.62888871826567
-329.8213356594846
-326.01839970148626
-322.2202235059632
-318.4269978758808
-314.63888124624856
-310.8560576291615
-307.07872603775235
-306.992604488486
-303.0195985761085
-299.0467153055578
-295.0739702918738
-291.1013926904898
-288.2808332506646
-284.41676035588677
-284.3361145048754
-284.3123263113569
-284.2315496438528
-284.20769588897633
-284.1267881778235
-284.10288183541275
-284.0218198175106
-283.99783778675635
-283.9166212483651
-283.89258650315435
-283.8112052198292
-283.7870946665646
-283.7055584398661
-283.6813950486325
-283.5997036723738
-283.5754543421407
-283.49359759789354
-283.4692722867731
-283.38725999064354
-283.362825607694
-283.28065756616763
-279.8546509804838
-276.428190008506
-272.99902503276445
-269.58559142890084
-266.18849438521863
-262.8083674083417
-259.44587377018604
-256.10170802374927
-252.77659758917
-249.47130441115198
-249.410259840964
-247.25229021144213
-245.1405971975208
-243.07638686758324
-241.06087901094355
-239.0953052762568
-237.1809071140677
-237.15558169489682
-236.7894647175044
-236.4904462834147
-236.42046043121766
-236.514189668257
-238.01890881170468
-239.5809676563539
-241.19923952047156
-242.87261289287108
-244.59995688393863
-246.3801363501054
-248.2120144840416
-250.09445524963817
-250.15055671412125
-253.26759764416008
-256.4091479075871
-259.5743176185522
-262.7622532362107
-265.9721361469946
-269.2031812769153
-272.4546357374368
-275.7257775076868
-279.0159141551049
-282.32438159604754
-285.6505428973729
-288.99378711959963
-292.35352820187484
-295.72920388867885
-299.12027469793907
-302.52622293001417
-305.94655171683524
-309.3807841103501
-312.8284622093062
-316.2891463233207
-319.76241417312013
-323.24786012578716
-326.74509446381944
-330.2537426867884
-333.7734448443795
-337.3038548995965
-340.84464012092576
-344.39548050227097
-347.95606820949143
-351.52610705240335
-355.1053119811342
-358.69340860574914
-362.29013273810614
-365.89522995492797
-369.50845518111765
-373.12957229237924
-376.75835373624176
-380.39458017062185
-384.038040119095
-387.6885296420813
-391.34585202318635
-395.009817469971
-398.6802428284568
-402.35695131070645
-406.0397722348471
-409.728540776937
-413.4230977341024
-417.1232892983987
-420.8289668408787
-424.5399867053734
-428.2562100115154
-431.97750246656034
-435.70373418557995
-439.4347795196248
-443.17051689147297
-446.91082863860083
-450.655600863029
-454.40472328771625
-458.1580891191878
-461.9155949161023
-465.67711045732665
-469.442568608128
-473.21187525170154
-473.23394097518315
-473.24920318425694
-473.25526410115225
-473.42533249270076
-473.4011444648804
-472.0967613897857
-470.8227486729213
-469.57935350722175
-468.36681973825904
-467.1853876592635
-466.03529380517597
-464.9167707460681
-463.8300468802796
-462.7753462276352
-461.75288822311427
-460.76288751135655
-459.8055537423979
-458.8810913690367
-457.9896994462411
-457.1315714330101
-456.30689499710957
-455.515851823104
-455.5059838111414
-455.487723209976
-455.46389360068025
-451.54961666032943
-447.63614077412575
-443.7242320419121
-443.4724290706677
-439.5429195791169
-435.6146935005697
-431.6877858710182
-427.7622330010148
-423.8380725335708
-419.91534350520703
-415.9940864103541
-412.0743432693182
-408.15615770004035
-404.23960548616554
-400.4037579810764
-396.5628663443424
-392.717090002456
-388.86656071799587
-385.0113813366463
-385.0113813366463
-381.132561414168
-377.25555886479043
-373.38043030836235
-369.5072347290441
-365.6360646705694
-361.76714278853717
-360.08034567800036
-356.503205289852
-352.93514313892655
-349.376437364137
-345.8273768084664
-345.8027151104569
-345.80268449682535
-345.77802216088605
-345.7779915474064
-345.7533590924574
-345.75332847913086
-345.7287259091049
-345.7286952959328
-345.7040920017802
-345.7040613887641
-345.67948798781566
-345.6794573749568
-345.6549138712506
-345.65488325855034
-345.63033904361794
-345.6303084310778
-345.60579412188775
-345.605763509509
-345.5812791102048
-345.5812484979888
-345.556763497633
-345.5567328855811
-345.53227770671896
-345.5322469980699
-345.5078217422362
-345.50779103393006
-345.48336519026896
-345.4833344823085
-345.45893857026294
-345.45890786265085
-345.4345417905232
-345.4345110832625
-345.41014443668485
-345.4101137297783
-345.3857770283261
-345.3857463217763
-345.36143956990855
-345.3614088637183
-345.3371320659278
-345.3371013600998
-345.3128239105788
-345.31279320511607
-345.28854571911796
-345.2885150140232
-345.26429749614664
-345.26426679142253
-345.2400792463001
-345.2400485419495
-345.2158604590041
-341.2596462076995
-341.2595849728879
-341.23544195637754
-341.235380722043
-341.211267802997
-341.21120652871815
-341.18712371208295
-341.18706243838847
-341.1629791729409
-337.2142800633719
-333.2668045458989
-329.32059662111163
-325.3757024097065
-321.4321702807751
-317.49005098944906
-313.5493978246986
-309.61026676816397
-305.6727166649824
-301.7537077925156
-297.8367962237299
-293.92136832412706
-290.007484119239
-286.09520703718647
-282.1863771145995
-278.2795686003562
-278.2538600042254
-274.3390123152347
-274.25217289408437
-274.2264917661023
-274.13967070034386
-274.11389439871186
-274.02709170070597
-273.9963942321214
-273.90958045112666
-273.87612974760316
-273.7893359338286
-273.7511763512402
-273.66440348209693
-273.6176844905912
-273.5309342396328
-273.46627484686053
-273.37952037097796
-273.26700874152624
-273.1802594978458
-272.8448165837203
-272.7579944379191
-269.66054030062224
-265.69490214002633
-261.729630428833
-257.7647115154296
-253.80019362673033
-253.77462057032224
-253.688276858387
-249.72190547973793
-249.69635422904614
-249.61007210516084
-249.5845466485975
-249.4983097247961
-245.54756186222193
-245.5219946280241
-245.43584223610753
-245.41027004101358
-245.32419291795512
-245.29861566842607
-245.21261391224917
-241.23746202434637
-241.2120293778367
-241.12609012035037
-237.14918369826165
-237.12377321004377
-237.0379275149458
-237.01100790641314
-236.92523751075714
-235.3958071227962
-231.4835150897066
-227.57427295413373
-223.66824063317773
-219.76558927707958
-215.86650225934864
-215.68117946814073
-215.6554958976713
-215.5139652253385
-215.48830805612994
-215.3661536035966
-215.34052359899752
-215.2538239938179
-215.22819190471378
-215.1415462913516
-215.11591208341392
-215.02932052512318
-215.00371478484408
-214.91717729814422
-214.8916000465459
-214.80511675727098
-214.7795374504686
-214.6931084376781
-214.66755766640594
-214.5811830143096
-214.55563028940662
-214.46934065337607
-214.4438165168197
-214.35758142537404
-214.33208590595132
-214.24593597405936
-214.22043858723075
-214.13434340541988
-214.10887469798584
-214.02286494197767
-213.997424947389
-213.91147016783032
-213.88602835650198
-213.8001592394859
-213.77474621302886
-213.6889628846008
-213.66357868122208
-213.57788127275845
-213.55252598098957
-213.4669146289506
-213.44158824101865
-213.35606313559245
-213.33076569437452
-213.24535744940502
-209.2658663417442
-209.21850891071918
-209.13315424473234
-209.08986427467255
-209.0045984171328
-208.96445811540656
-208.87925030499838
-208.8415562125746
-208.75643678616387
-208.72072993842215
-208.6356988757201
-208.60161225981204
-208.5166999755712
-204.53538246262664
-203.31279004939873
-202.88548235600615
-202.86002323843422
-202.7736493263675
-202.74818882521393
-202.66223806701836
-202.6368067343877
-202.55094305764496
-202.5255409322331
-202.43976447016746
-202.4142387774429
-202.328549670398
-202.30308382451256
-202.2174822168677
-202.19204570642614
-202.10653178664944
-202.07238061166493
-201.98695541113736
-201.9541483571564
-201.86881185502241
-201.8371044201228
-201.7518567184089
-201.72109607234108
-201.63593720709974
-198.35724514239095
-194.38639402142087
-190.41612258915399
-186.4464678409176
-182.47746998275252
-178.50917282490036
-174.5416241898849
-170.57487637718853
-166.60898671468973
-162.64401812099706
-158.68003983333838
-154.71714346484626
-150.7553981612987
-146.77694069338833
-142.79968653894647
-138.82373912160887
-134.8492140264817
-130.87624083533044
-126.90496530312424
-122.93555195206602
-118.96818717919209
-115.0030829996294
-111.04048158175564
-107.08066077573946
-103.12394089735885
-99.17069311045043
-95.2213498622264
-91.27641797821664
-87.33649523570257
-83.40229153296625
-79.47465619690398
-75.55461358550177
-71.64341004073643
-67.74256903178531
-63.853998693622984
-59.980085634167914
-56.12386506270687
-52.289251475323724
-48.48137212889361
-44.707058732696595
-40.97558774362127
-40.890311523078914
-40.86509096006753
-40.779929817056505
-40.754727776442145
-40.669680382409375
-40.64452126212779
-40.55959811340964
-40.534482202852104
-40.449677008207104
-40.42460460798859
-40.339932972756834
-40.31489484128355
-40.23035555677821
-40.20535428086489
-40.12095071470217
-40.095993912440456
-40.0117272056567
-39.98681293915088
-39.90269882486357
-39.87782972606122
-39.793862136703495
-39.76903857298935
-39.68522603713511
-39.660446088864035
-39.5767898904322
-39.552056239920944
-39.46856497868191
-39.44388529944026
-39.36056033729145
-39.33592545436261
-39.25277545864016
-39.22819537388648
-39.14522178250644
-39.12068239859697
-39.03789395788285
-39.01341752037576
-38.930815744012584
-34.979917589667934
-34.955617294240646
-34.8735920470949
-34.84934951204472
-34.76753351754383
-34.63968066050442
-34.55778192948861
-34.53357934102632
-34.451892565893274
-34.427749088461916
-34.3462762363322
-34.261433897900794
-34.180005120175096
-34.1559447321431
-34.07474045124234
-30.232080517850786
-30.20837964757178
-30.12842038133781
-30.104794654582303
-30.025094382712837
-26.12956076692155
-26.106360358588212
-26.028116942643372
-26.004998804312585
-25.927053489061304
-22.08775476566483
-18.31736104646252
-14.669100789741172
-11.262296275960654
-8.39619640017186
-6.790889970329296
-6.787332710479403
-6.785803026762874
-7.13440276063637
-9.367619780576296
-12.514188568398254
-16.045430507277274
-16.12120678618834
-19.09040024671096
-22.38288275470714
-25.87553834680697
-29.4973475851297
-33.20607670101368
-36.97558019401476
-40.7890122090398
-44.6351149745259
-48.50611761503761
-52.38832765242353
-52.414771777146534
-56.342096398878155
-60.27590657575546
-60.27590657575546
-60.27590657575546
-60.27590657575546
-60.27590657575546
-60.27590657575546
-60.27590657575546
-60.27590657575546
-60.27590657575546
-60.27590657575546
-60.27590657575546
