-391.4151500983218
-392.515099736457
-393.2673156048463
-393.6496435891337
-393.6508888811336
-393.27110751930974
-392.520944955627
-391.4228653991335
-390.0093862965641
-387.24418158258527
-384.4741088330148
-381.6992656405857
-378.91974963729814
-376.1356895589118
-373.3472143843754
-370.5544526223187
-367.7575344192635
-364.9565601269331
-362.15169047344233
-359.34305810396654
-356.530765272676
-353.71497655045005
-350.8958573528975
-348.0735148815429
-345.24811676082135
-342.4198028547139
-339.58871448138297
-336.75502590150626
-333.91891156536036
-331.08052065050197
-328.2400328387183
-325.3976016453812
-322.5534145466599
-319.7076580831074
-316.8605247840316
-314.0121805416434
-311.16285349018796
-309.3529391103746
-306.06095407213536
-302.77827871550244
-299.50524881961707
-296.2834642342074
-293.028968363551
-289.769307491342
-286.520443815558
-283.3235605430713
-280.1245210202661
-276.92351344719947
-273.72070122686563
-270.5162861460856
-267.3105033112558
-264.1036041126018
-264.1036041126018
-264.1036041126018
-264.1036041126018
-260.4698194281831
-260.4698194281831
-260.4698194281831
-260.4698194281831
-260.4698194281831
-260.4698194281831
-260.4698194281831
-260.4698194281831
-256.8068532879403
-256.8068532879403
-256.8068532879403
-253.13882964323594
-249.47524223885142
-245.81634144173776
-242.1624026276696
-238.51365361459492
-234.87039350691433
-231.23290353091193
-227.60149536062352
-223.97649361486307
-220.35827098081663
-216.74719471840694
-213.1436561187223
-209.54809301008106
-205.96094374707334
-202.38269730404156
-198.81386932214906
-195.2550099132206
-191.70670915432075
-188.16959193387672
-184.64434195526817
-181.13169237884492
-177.63242544218892
-174.1474607872248
-170.72268261809793
-167.30202601517746
-163.88603251543708
-160.47527723241495
-157.0707045431139
-155.06929312137018
-152.93910765175983
-150.74470517730606
-148.55543258185506
-146.44351453565918
-142.82149139537606
-139.22888993274688
-137.30795768631396
-134.06268287315075
-130.91390194345024
-127.77940649421866
-124.72344881750377
-121.71040931673811
-118.81242633036463
-115.99800269254283
-113.22570141258961
-110.5355155232417
-107.93471746090067
-106.68986872579976
-104.84007990715754
-103.12108673594828
-101.53954216392445
-101.53954216392445
-101.53954216392445
-101.53954216392445
-101.53954216392445
-101.53954216392445
-101.53954216392445
-101.53954216392445
-100.18273415840409
-100.18273415840409
-100.18273415840409
-100.18273415840409
-100.18273415840409
-100.18273415840409
-100.18273415840409
-100.18273415840409
-100.18273415840409
-100.18273415840409
-100.18273415840409
