-390.8324977950831
-391.3585718588734
-391.54329192298894
-391.37448700399744
-390.86327844937455
-390.04359368216103
-388.97006876381295
-387.71477525729955
-386.36270210270845
-382.3861666802037
-378.40954380582957
-374.432861680702
-370.4561184044785
-366.47934320136454
-362.5025659446206
-358.525786683476
-354.54906720946406
-350.5723785512373
-346.5957840743107
-342.61928715669393
-338.642922239374
-334.6667250731422
-330.6907015691039
-329.340488724399
-328.09136408627353
-324.70850795996324
-321.3441736703423
-317.99898067141834
-314.6735705417425
-311.36860777371186
-308.0847500673006
-304.8227100790537
-301.58319550336523
-298.36697072728685
-295.1747965419435
-292.00749228976287
-290.4245735324043
-290.40159053046455
-290.40159003443404
-290.40159053046455
-290.4015910264952
-290.4015912745106
-290.4015912745106
-290.4015912745106
-291.5075841569158
-292.37042735654893
-292.37042735654893
-292.37042735654893
-292.3508991703446
-292.31708349369796
-292.31708327091985
-292.31708327091985
-288.4831606974152
-284.65567022662003
-280.8348747879629
-277.0211136051561
-273.2146803378186
-269.41588582522286
-265.6251197647236
-261.8427298867693
-258.0691151437643
-254.3046660178507
-250.5498267911482
-246.80506633360147
-243.0708806340263
-239.34776379262738
-235.63627112585013
-231.93699055216896
-228.2505152255814
-224.5775357098889
-220.91869593670953
-217.27474032324164
-216.11007589295022
-213.0434302359299
-210.01332275277312
-207.021386619302
-207.021386619302
-207.021386619302
-207.021386619302
-207.021386619302
-207.021386619302
-207.021386619302
-207.021386619302
-207.021386619302
-207.021386619302
-207.021386619302
