62.828407287597656 452.8283996582031 0.7854004502296448
65.65680694580078 455.6568298339844 0.7854027152061462
68.48519897460938 458.4852600097656 0.7854049801826477
71.31358337402344 461.3136901855469 0.7854072451591492
74.1419677734375 464.1421203613281 0.7854095101356506
76.97034454345703 466.9705810546875 0.7854117751121521
79.79871368408203 469.7990417480469 0.7854140400886536
82.6270751953125 472.62750244140625 0.785416305065155
85.45542907714844 475.4559631347656 0.7854185700416565
88.28377532958984 478.284423828125 0.785420835018158
91.11212158203125 481.1129150390625 0.7854230999946594
93.94046020507812 483.94140625 0.7854253649711609
96.76879119873047 486.7698974609375 0.7854276299476624
99.59711456298828 489.598388671875 0.7854298949241638
102.42543029785156 492.4268798828125 0.7854321599006653
105.25373840332031 495.2554016113281 0.7854344248771667
108.08204650878906 498.08392333984375 0.7854366898536682
110.91034698486328 500.9124450683594 0.7854389548301697
113.73863983154297 503.740966796875 0.7854412198066711
116.56692504882812 506.5694885253906 0.7854434847831726
119.39520263671875 509.3980407714844 0.7854457497596741
122.22347259521484 512.2265625 0.7854480147361755
125.05174255371094 515.0551147460938 0.785450279712677
127.8800048828125 517.8836669921875 0.7854525446891785
130.70828247070312 520.7122192382812 0.7854525446891785
130.83160400390625 520.7952880859375 0.40041476488113403
134.5151824951172 522.3544921875 0.4004170298576355
138.1987762451172 523.9136962890625 0.4004170298576355
141.8823699951172 525.472900390625 0.4004170298576355
142.02838134765625 525.5037231445312 0.015432476997375488
146.0278778076172 525.5654296875 0.015434754081070423
150.02737426757812 525.627197265625 0.015437031164765358
154.02687072753906 525.68896484375 0.015439308248460293
158.0263671875 525.750732421875 0.015441585332155228
162.02586364746094 525.8125 0.015443862415850163
166.02536010742188 525.874267578125 0.015446139499545097
170.0248565673828 525.93603515625 0.015448416583240032
170.03799438476562 525.93359375 -0.3832068145275116
173.74786376953125 524.4380493164062 -0.38320454955101013
177.45773315429688 522.9425048828125 -0.38320228457450867
181.16761779785156 521.4469604492188 -0.38320228457450867
184.87750244140625 519.951416015625 -0.38320228457450867
185.00222778320312 519.8704833984375 -0.7682400941848755
187.87875366210938 517.0910034179688 -0.768237829208374
190.75527954101562 514.3115234375 -0.7682355642318726
193.63182067871094 511.5320739746094 -0.7682332992553711
196.50836181640625 508.75262451171875 -0.7682310342788696
199.38491821289062 505.9731750488281 -0.7682287693023682
202.261474609375 503.1937561035156 -0.7682265043258667
205.13803100585938 500.4143371582031 -0.7682242393493652
208.0146026611328 497.6349182128906 -0.7682219743728638
210.89117431640625 494.8554992675781 -0.7682197093963623
213.76776123046875 492.0760803222656 -0.7682174444198608
216.64434814453125 489.29669189453125 -0.7682151794433594
219.52093505859375 486.5173034667969 -0.7682129144668579
222.3975372314453 483.7379150390625 -0.7682106494903564
225.27413940429688 480.9585266113281 -0.768208384513855
228.1507568359375 478.1791687011719 -0.7682061195373535
231.02737426757812 475.3998107910156 -0.768203854560852
233.9040069580078 472.6204528808594 -0.7682015895843506
236.7806396484375 469.8410949707031 -0.7681993246078491
239.6572723388672 467.0617370605469 -0.7681970596313477
242.53392028808594 464.28240966796875 -0.7681947946548462
245.4105682373047 461.5030822753906 -0.7681925296783447
248.2872314453125 458.7237548828125 -0.7681902647018433
251.1638946533203 455.9444274902344 -0.7681879997253418
254.04055786132812 453.16510009765625 -0.7681857347488403
256.917236328125 450.38580322265625 -0.7681834697723389
259.7939147949219 447.60650634765625 -0.7681812047958374
262.67059326171875 444.82720947265625 -0.7681789398193359
265.54730224609375 442.04791259765625 -0.7681766748428345
268.42401123046875 439.2686462402344 -0.768174409866333
271.30072021484375 436.4893798828125 -0.7681721448898315
274.17742919921875 433.7101135253906 -0.7681698799133301
277.05413818359375 430.93084716796875 -0.7681676149368286
279.9308776855469 428.1515808105469 -0.7681653499603271
282.8076171875 425.3723449707031 -0.7681630849838257
285.6843566894531 422.5931091308594 -0.7681608200073242
288.56109619140625 419.8138732910156 -0.7681585550308228
288.2145080566406 420.04547119140625 -0.4100665748119354
287.8087463378906 420.14093017578125 -0.051974594593048096
287.395263671875 420.0881042480469 0.30611738562583923
291.2093200683594 421.2935485839844 0.30611738562583923
295.02337646484375 422.4989929199219 0.30611738562583923
298.8374328613281 423.7044372558594 0.30611738562583923
302.6514892578125 424.9098815917969 0.30611738562583923
302.2827453613281 424.7154846191406 0.6642093658447266
305.432373046875 427.1812438964844 0.6642093658447266
308.5820007324219 429.6470031738281 0.6642093658447266
311.73162841796875 432.1127624511719 0.6642093658447266
314.8812561035156 434.5785217285156 0.6642093658447266
318.0308837890625 437.0442810058594 0.6642093658447266
321.1805114746094 439.5100402832031 0.6642093658447266
324.33013916015625 441.9757995605469 0.6642093658447266
327.479736328125 444.4415283203125 0.664211630821228
330.62933349609375 446.9072570800781 0.6642138957977295
333.7789306640625 449.3730163574219 0.664216160774231
336.9284973144531 451.8387756347656 0.6642184257507324
340.07806396484375 454.3045349121094 0.6642206907272339
343.2276306152344 456.7702941894531 0.6642229557037354
346.377197265625 459.236083984375 0.6642252206802368
349.5267639160156 461.7018737792969 0.6642274856567383
352.67633056640625 464.16766357421875 0.6642297506332397
355.82586669921875 466.6334533691406 0.6642320156097412
358.97540283203125 469.0992736816406 0.6642342805862427
362.12493896484375 471.5650939941406 0.6642365455627441
365.27447509765625 474.0309143066406 0.6642388105392456
368.42401123046875 476.4967346191406 0.6642410755157471
371.5735168457031 478.96258544921875 0.6642433404922485
374.7230224609375 481.4284362792969 0.66424560546875
377.8725280761719 483.894287109375 0.6642478704452515
381.02203369140625 486.3601379394531 0.6642501354217529
384.1715393066406 488.82598876953125 0.6642524003982544
387.321044921875 491.2918701171875 0.6642546653747559
390.47052001953125 493.75775146484375 0.6642569303512573
393.6199951171875 496.2236328125 0.6642591953277588
396.76947021484375 498.68951416015625 0.6642614603042603
399.9189453125 501.1554260253906 0.6642637252807617
403.06842041015625 503.621337890625 0.6642659902572632
406.2178649902344 506.0872497558594 0.6642682552337646
409.3673095703125 508.55316162109375 0.6642705202102661
412.5167541503906 511.01910400390625 0.6642727851867676
415.66619873046875 513.4850463867188 0.664275050163269
418.8156433105469 515.9509887695312 0.6642773151397705
421.9650573730469 518.4169311523438 0.664279580116272
425.114501953125 520.8828735351562 0.664279580116272
425.28765869140625 520.9717407226562 0.28386062383651733
429.1275634765625 522.0919799804688 0.2838628888130188
432.96746826171875 523.2122192382812 0.28386515378952026
436.807373046875 524.33251953125 0.28386741876602173
440.64727783203125 525.4528198242188 0.2838696837425232
444.4871826171875 526.5731201171875 0.2838709354400635
448.32708740234375 527.6934204101562 0.2838709354400635
452.1669921875 528.813720703125 0.2838709354400635
456.00689697265625 529.9340209960938 0.2838709354400635
456.15496826171875 529.9475708007812 -0.10116687417030334
460.1344909667969 529.5435791015625 -0.10116459429264069
464.114013671875 529.1395874023438 -0.10116231441497803
468.0935363769531 528.7356567382812 -0.10116003453731537
472.07305908203125 528.3317260742188 -0.10115775465965271
476.0525817871094 527.9277954101562 -0.10115547478199005
480.0321044921875 527.5238647460938 -0.10115319490432739
484.0116271972656 527.1199340820312 -0.10115091502666473
487.99114990234375 526.7160034179688 -0.10114863514900208
491.9706726074219 526.3121337890625 -0.10114635527133942
495.9501953125 525.9082641601562 -0.10114407539367676
499.9297180175781 525.50439453125 -0.1011417955160141
503.90924072265625 525.1005249023438 -0.10113951563835144
507.8887634277344 524.6966552734375 -0.10113723576068878
511.8682861328125 524.2927856445312 -0.10113495588302612
515.8478393554688 523.888916015625 -0.10113267600536346
515.8604736328125 523.885009765625 -0.49980276823043823
515.87060546875 523.8765258789062 -0.8984729051589966
518.36181640625 520.7470703125 -0.8984706401824951
520.85302734375 517.6175537109375 -0.8984706401824951
520.9234619140625 517.4822387695312 -1.2831202745437622
522.058349609375 513.6466674804688 -1.2831180095672607
523.1932373046875 509.8110656738281 -1.2831157445907593
524.328125 505.9754638671875 -1.2831134796142578
524.3292846679688 505.9622802734375 -1.6817811727523804
523.8862915039062 501.9869079589844 -1.681778907775879
523.4432983398438 498.01153564453125 -1.6817766427993774
523.0003051757812 494.0361633300781 -1.681774377822876
522.5573120117188 490.060791015625 -1.6817721128463745
522.1143188476562 486.0854187011719 -1.681769847869873
522.1102905273438 486.0728454589844 -2.080440044403076
520.1588134765625 482.5811767578125 -2.080437660217285
518.2073974609375 479.0895080566406 -2.080435276031494
516.2559814453125 475.59783935546875 -2.080432891845703
514.3045654296875 472.1061706542969 -2.080430507659912
512.3531494140625 468.6144714355469 -2.080430507659912
510.4017028808594 465.1227722167969 -2.080430507659912
508.45025634765625 461.6310729980469 -2.080430507659912
506.4988098144531 458.1393737792969 -2.080430507659912
504.54736328125 454.6476745605469 -2.080430507659912
504.4513244628906 454.5341491699219 -2.465468406677246
501.3313293457031 452.03106689453125 -2.465466022491455
498.2113342285156 449.5279846191406 -2.465463638305664
495.0913391113281 447.0248718261719 -2.465463638305664
491.9713439941406 444.5217590332031 -2.465463638305664
488.8513488769531 442.0186462402344 -2.465463638305664
485.7313537597656 439.5155334472656 -2.465463638305664
482.6113586425781 437.0124206542969 -2.465463638305664
479.4913635253906 434.5093078613281 -2.465463638305664
476.3713684082031 432.0061950683594 -2.465463638305664
473.2513732910156 429.5030822753906 -2.465463638305664
470.1313781738281 426.9999694824219 -2.465463638305664
467.0113830566406 424.4968566894531 -2.465463638305664
463.8913879394531 421.9937438964844 -2.465463638305664
460.7713928222656 419.4906311035156 -2.465463638305664
457.6513977050781 416.9875183105469 -2.465463638305664
454.5314025878906 414.4844055175781 -2.465463638305664
451.4114074707031 411.9812927246094 -2.465463638305664
448.2914123535156 409.4781799316406 -2.465463638305664
445.1714172363281 406.9750671386719 -2.465463638305664
442.0514221191406 404.4719543457031 -2.465463638305664
438.9314270019531 401.9688415527344 -2.465463638305664
435.8114318847656 399.4657287597656 -2.465463638305664
432.6914367675781 396.9626159667969 -2.465463638305664
429.5714416503906 394.4595031738281 -2.465463638305664
426.4514465332031 391.9563903808594 -2.465463638305664
423.3314514160156 389.4532775878906 -2.465463638305664
420.2114562988281 386.9501647949219 -2.465463638305664
417.0914611816406 384.4470520019531 -2.465463638305664
413.9714660644531 381.9439392089844 -2.465463638305664
410.8514709472656 379.4408264160156 -2.465463638305664
407.7314758300781 376.9377136230469 -2.465463638305664
404.6114807128906 374.4346008300781 -2.465463638305664
401.4914855957031 371.9314880371094 -2.465463638305664
398.3714904785156 369.4283752441406 -2.465463638305664
395.2514953613281 366.9252624511719 -2.465463638305664
395.1198425292969 366.8561096191406 -2.850501537322998
391.2881164550781 365.7081298828125 -2.850501537322998
387.4563903808594 364.5601501464844 -2.850501537322998
383.6246643066406 363.41217041015625 -2.850501537322998
379.7929382324219 362.2641906738281 -2.850501537322998
375.9612121582031 361.1162109375 -2.850501537322998
372.1294860839844 359.9682312011719 -2.850501537322998
368.2977600097656 358.82025146484375 -2.850501537322998
364.4660339355469 357.6722717285156 -2.850501537322998
360.6343078613281 356.5242919921875 -2.850501537322998
356.8025817871094 355.3763122558594 -2.850501537322998
352.9708557128906 354.22833251953125 -2.850501537322998
349.1391296386719 353.0803527832031 -2.850501537322998
345.3074035644531 351.932373046875 -2.850501537322998
341.4757080078125 350.7843933105469 -2.850499153137207
337.6440124511719 349.6363830566406 -2.850496768951416
333.81231689453125 348.4883728027344 -2.850494384765625
329.9806213378906 347.3403625488281 -2.850492000579834
330.35223388671875 347.5292053222656 -2.4923999309539795
327.16595458984375 345.11102294921875 -2.4923999309539795
323.97967529296875 342.6928405761719 -2.4923999309539795
320.79339599609375 340.274658203125 -2.4923999309539795
317.60711669921875 337.8564758300781 -2.4923999309539795
314.42083740234375 335.43829345703125 -2.4923999309539795
311.23455810546875 333.0201110839844 -2.4923999309539795
308.04827880859375 330.6019287109375 -2.4923999309539795
304.86199951171875 328.1837463378906 -2.4923999309539795
301.67572021484375 325.76556396484375 -2.4923999309539795
298.48944091796875 323.3473815917969 -2.4923999309539795
295.30316162109375 320.92919921875 -2.4923999309539795
292.11688232421875 318.5110168457031 -2.4923999309539795
288.93060302734375 316.09283447265625 -2.4923999309539795
285.74432373046875 313.6746520996094 -2.4923999309539795
282.55804443359375 311.2564697265625 -2.4923999309539795
279.37176513671875 308.8382873535156 -2.4923999309539795
276.18548583984375 306.42010498046875 -2.4923999309539795
272.99920654296875 304.0019226074219 -2.4923999309539795
269.81292724609375 301.583740234375 -2.4923999309539795
266.62664794921875 299.1655578613281 -2.4923999309539795
263.44036865234375 296.74737548828125 -2.4923999309539795
260.25408935546875 294.3291931152344 -2.4923999309539795
257.06781005859375 291.9110107421875 -2.4923999309539795
253.8815460205078 289.49285888671875 -2.4923975467681885
250.69528198242188 287.0746765136719 -2.4923951625823975
247.509033203125 284.656494140625 -2.4923927783966064
244.32278442382812 282.2383117675781 -2.4923903942108154
241.13653564453125 279.82012939453125 -2.4923880100250244
237.95030212402344 277.40191650390625 -2.4923856258392334
234.76406860351562 274.98370361328125 -2.4923832416534424
231.5778350830078 272.56549072265625 -2.4923808574676514
231.8596954345703 272.8725891113281 -2.134288787841797
232.00738525390625 273.23876953125 -1.7739886045455933
231.20021057128906 269.3210754394531 -1.7739863395690918
230.39303588867188 265.40338134765625 -1.7739840745925903
229.58587646484375 261.4856872558594 -1.7739818096160889
228.7787322998047 257.5679931640625 -1.7739795446395874
227.97158813476562 253.65029907226562 -1.773977279663086
227.16445922851562 249.73260498046875 -1.7739750146865845
226.35733032226562 245.81491088867188 -1.773972749710083
225.5502166748047 241.897216796875 -1.7739704847335815
224.74310302734375 237.97950744628906 -1.77396821975708
223.93600463867188 234.06179809570312 -1.7739659547805786
223.94581604003906 234.4729461669922 -1.4153136014938354
224.56524658203125 230.52122497558594 -1.415311336517334
225.1846923828125 226.5695037841797 -1.4153090715408325
225.80413818359375 222.61778259277344 -1.415306806564331
226.42359924316406 218.6660614013672 -1.4153045415878296
227.04306030273438 214.71434020996094 -1.4153022766113281
227.66253662109375 210.7626190185547 -1.4153000116348267
228.28201293945312 206.81089782714844 -1.4152977466583252
228.90150451660156 202.8591766357422 -1.4152954816818237
229.52101135253906 198.907470703125 -1.4152932167053223
230.14051818847656 194.9557647705078 -1.4152909517288208
230.76004028320312 191.00405883789062 -1.4152886867523193
231.3795623779297 187.05235290527344 -1.4152864217758179
231.24269104003906 187.4460906982422 -1.057194471359253
230.97650146484375 187.76687622070312 -0.699102520942688
234.0381622314453 185.19276428222656 -0.6991002559661865
237.09983825683594 182.61866760253906 -0.6990979909896851
236.73809814453125 182.8258056640625 -0.34100601077079773
240.50775146484375 181.4880828857422 -0.34100374579429626
244.27740478515625 180.15036010742188 -0.3410014808177948
248.04705810546875 178.81265258789062 -0.34099921584129333
251.8167266845703 177.47494506835938 -0.34099695086479187
255.58639526367188 176.1372528076172 -0.3409946858882904
259.3560791015625 174.799560546875 -0.34099242091178894
263.1257629394531 173.46188354492188 -0.3409901559352875
266.89544677734375 172.12420654296875 -0.340987890958786
270.6651306152344 170.7865447998047 -0.34098562598228455
274.434814453125 169.4488983154297 -0.3409833610057831
278.2044982910156 168.1112518310547 -0.3409810960292816
281.97418212890625 166.77362060546875 -0.34097883105278015
285.7438659667969 165.4359893798828 -0.3409765660762787
289.5135498046875 164.09837341308594 -0.3409743010997772
293.2832336425781 162.76075744628906 -0.34097203612327576
297.0529479980469 161.42315673828125 -0.3409697711467743
300.8226623535156 160.0855712890625 -0.3409675061702728
304.5923767089844 158.74798583984375 -0.34096524119377136
308.3620910644531 157.41041564941406 -0.3409629762172699
312.1318054199219 156.07284545898438 -0.34096071124076843
315.9015197753906 154.73529052734375 -0.34095844626426697
319.6712341308594 153.39773559570312 -0.3409561812877655
323.4409484863281 152.06019592285156 -0.34095391631126404
327.2106628417969 150.72265625 -0.3409516513347626
330.9803771972656 149.3851318359375 -0.3409493863582611
334.7501220703125 148.04762268066406 -0.34094712138175964
338.5198669433594 146.71011352539062 -0.3409448564052582
342.28961181640625 145.37261962890625 -0.3409425914287567
346.0593566894531 144.03512573242188 -0.34094032645225525
349.8291015625 142.69764709472656 -0.3409380614757538
353.5988464355469 141.36016845703125 -0.3409357964992523
357.36859130859375 140.022705078125 -0.34093353152275085
361.1383361816406 138.68524169921875 -0.3409312665462494
364.9080810546875 137.34779357910156 -0.3409290015697479
368.6778259277344 136.01036071777344 -0.34092673659324646
372.44757080078125 134.6729278564453 -0.3409244418144226
372.0361633300781 134.7401123046875 0.01716753840446472
376.0355529785156 134.80877685546875 0.017169814556837082
380.0349426269531 134.87745666503906 0.017172090709209442
384.0343322753906 134.94615173339844 0.017174366861581802
388.0337219238281 135.0148468017578 0.017176643013954163
392.0331115722656 135.08355712890625 0.017178919166326523
396.0325012207031 135.1522674560547 0.017181195318698883
400.0318908691406 135.2209930419922 0.017183471471071243
404.0312805175781 135.28973388671875 0.017185747623443604
408.0306701660156 135.3584747314453 0.017188023775815964
412.0300598144531 135.42723083496094 0.017190299928188324
416.0294494628906 135.49598693847656 0.017192576080560684
420.0288391113281 135.56475830078125 0.017194852232933044
424.0282287597656 135.633544921875 0.017197128385305405
428.0276184082031 135.70233154296875 0.017199404537677765
432.0270080566406 135.77113342285156 0.017201680690050125
436.0263977050781 135.83993530273438 0.017203956842422485
440.0257873535156 135.90875244140625 0.017206232994794846
444.0251770019531 135.9775848388672 0.017208509147167206
448.0245666503906 136.04641723632812 0.017210785299539566
452.0239562988281 136.11526489257812 0.017213061451911926
456.0233459472656 136.18411254882812 0.017215337604284286
460.0227355957031 136.2529754638672 0.017217613756656647
464.0221252441406 136.3218536376953 0.017219889909029007
468.0215148925781 136.39073181152344 0.017222166061401367
472.0209045410156 136.45962524414062 0.017224442213773727
476.0202941894531 136.5285186767578 0.017226718366146088
480.0196838378906 136.59742736816406 0.017228994518518448
484.0190734863281 136.66635131835938 0.017231270670890808
488.0184631347656 136.7352752685547 0.01723354682326317
492.0178527832031 136.80421447753906 0.01723582297563553
496.0172424316406 136.87315368652344 0.01723809912800789
500.0166320800781 136.94210815429688 0.01724037528038025
504.0160217285156 137.01107788085938 0.01724265143275261
508.0154113769531 137.08004760742188 0.01724492758512497
512.0147705078125 137.14903259277344 0.01724720373749733
516.01416015625 137.218017578125 0.01724947988986969
516.0271606445312 137.2156219482422 -0.3814206123352051
516.0382080078125 137.2083740234375 -0.7800906896591187
518.881591796875 134.39500427246094 -0.7800893187522888
521.7249755859375 131.58163452148438 -0.7800893187522888
521.8087158203125 131.45875549316406 -1.165127158164978
523.3872680664062 127.7834243774414 -1.1651250123977661
524.9658203125 124.10807037353516 -1.1651250123977661
526.5443725585938 120.4327163696289 -1.1651250123977661
526.5758056640625 120.28738403320312 -1.5501627922058105
526.6583251953125 116.28826141357422 -1.550160527229309
526.7408447265625 112.28913879394531 -1.5501582622528076
526.8234252929688 108.2900161743164 -1.5501559972763062
526.906005859375 104.2908935546875 -1.5501537322998047
526.9885864257812 100.2917709350586 -1.5501514673233032
527.0711669921875 96.29264831542969 -1.5501492023468018
527.1537475585938 92.29352569580078 -1.5501469373703003
527.1514282226562 92.28052520751953 -1.9488170146942139
525.6751098632812 88.56295776367188 -1.9488147497177124
524.1987915039062 84.84538269042969 -1.948812484741211
524.1915893554688 84.83431243896484 -2.347482681274414
521.387939453125 81.98136901855469 -2.347480297088623
518.5842895507812 79.12841796875 -2.347477912902832
515.7806396484375 76.27544403076172 -2.347477912902832
515.6580200195312 76.1912841796875 -2.732515811920166
511.98809814453125 74.6002426147461 -2.732513904571533
508.3181457519531 73.00918579101562 -2.732513904571533
504.648193359375 71.41812896728516 -2.732513904571533
503.8587951660156 71.2165756225586 -3.0506973266601562
499.8753356933594 70.8534927368164 -3.0506949424743652
495.8918762207031 70.49040222167969 -3.050692558288574
491.9084167480469 70.12730407714844 -3.050690174102783
487.9249572753906 69.76419067382812 -3.050687789916992
483.9414978027344 69.40106964111328 -3.050685405731201
479.9580383300781 69.0379409790039 -3.05068302154541
475.9745788574219 68.6748046875 -3.050680637359619
471.9911193847656 68.31165313720703 -3.050678253173828
468.0076599121094 67.94849395751953 -3.050675868988037
464.0242004394531 67.5853271484375 -3.050673484802246
460.0407409667969 67.22215270996094 -3.050671100616455
456.0572814941406 66.85896301269531 -3.050668716430664
452.0738220214844 66.49576568603516 -3.050666332244873
448.0903625488281 66.13256072998047 -3.050663948059082
444.1069030761719 65.76934814453125 -3.050661563873291
440.1234436035156 65.40612030029297 -3.0506591796875
436.1399841308594 65.04288482666016 -3.050656795501709
432.1565246582031 64.67964172363281 -3.050654411315918
428.1730651855469 64.31639099121094 -3.050652027130127
424.1896057128906 63.953128814697266 -3.050649642944336
424.5913391113281 64.0643081665039 -2.6925575733184814
420.9878845214844 62.32792282104492 -2.6925575733184814
417.3844299316406 60.59153747558594 -2.6925575733184814
413.7809753417969 58.85515213012695 -2.6925575733184814
410.1775207519531 57.11876678466797 -2.6925575733184814
410.03369140625 57.08103942871094 -3.0775954723358154
410.43829345703125 57.18135452270508 -2.719503402709961
406.78936767578125 55.542686462402344 -2.719503402709961
406.6445617675781 55.50885009765625 -3.104541301727295
407.05169677734375 55.598228454589844 -2.7464492321014404
406.9060363769531 55.56830596923828 -3.1314871311187744
407.3154602050781 55.64668273925781 -2.77339506149292
403.58355712890625 54.20694351196289 -2.77339506149292
399.8516540527344 52.76720428466797 -2.77339506149292
399.7052307128906 52.741214752197266 3.1247522830963135
400.1166076660156 52.80853271484375 -2.8003408908843994
399.96954345703125 52.7864990234375 3.097806453704834
400.382568359375 52.842708587646484 -2.827286720275879
396.5785217285156 51.606082916259766 -2.827286720275879
396.4309387207031 51.588016510009766 3.0708606243133545
392.4409484863281 51.870704650878906 3.0708630084991455
388.45098876953125 52.15337371826172 3.0708675384521484
384.46099853515625 52.436031341552734 3.0708699226379395
380.47100830078125 52.71868133544922 3.0708723068237305
376.4810485839844 53.001319885253906 3.070875406265259
372.4910583496094 53.2839469909668 3.07087779045105
368.5010681152344 53.566566467285156 3.070880174636841
364.5110778808594 53.84917449951172 3.070882558822632
360.5210876464844 54.13177490234375 3.070884943008423
356.5310974121094 54.414363861083984 3.070887327194214
352.5411071777344 54.69694519042969 3.070889711380005
348.5511169433594 54.979515075683594 3.070892095565796
344.5611267089844 55.26207733154297 3.070894479751587
340.5711364746094 55.54462814331055 3.070896863937378
336.5811462402344 55.827171325683594 3.070899248123169
332.5911560058594 56.109703063964844 3.07090163230896
328.6011657714844 56.39222717285156 3.070904016494751
324.6111755371094 56.674739837646484 3.070906400680542
320.6211853027344 56.957244873046875 3.070908784866333
316.6311950683594 57.23973846435547 3.070911169052124
312.6412048339844 57.52222442626953 3.070913553237915
308.6512145996094 57.8046989440918 3.070915937423706
304.6612243652344 58.08716583251953 3.070918321609497
300.6712341308594 58.36962127685547 3.070920705795288
296.6812438964844 58.652069091796875 3.070923089981079
292.6912536621094 58.934505462646484 3.07092547416687
288.7012634277344 59.21693420410156 3.070927858352661
284.7112731933594 59.499351501464844 3.070930242538452
280.7212829589844 59.781761169433594 3.070932626724243
276.7312927246094 60.06415939331055 3.070935010910034
272.7413024902344 60.34654998779297 3.070937395095825
268.7513122558594 60.628929138183594 3.070939779281616
264.7613220214844 60.91130065917969 3.0709421634674072
260.7713317871094 61.193660736083984 3.0709445476531982
256.7813415527344 61.47601318359375 3.0709469318389893
252.7913360595703 61.75835418701172 3.0709493160247803
248.80133056640625 62.040687561035156 3.0709517002105713
244.8113250732422 62.3230094909668 3.0709540843963623
240.82131958007812 62.605323791503906 3.0709564685821533
236.83131408691406 62.88762664794922 3.0709588527679443
232.84130859375 63.169921875 3.0709612369537354
228.85130310058594 63.452205657958984 3.0709636211395264
224.86129760742188 63.73448181152344 3.0709660053253174
220.8712921142578 64.0167465209961 3.0709683895111084
216.88128662109375 64.29900360107422 3.0709707736968994
212.8912811279297 64.58125305175781 3.0709731578826904
208.90127563476562 64.86348724365234 3.0709755420684814
204.91127014160156 65.14571380615234 3.0709779262542725
200.9212646484375 65.42793273925781 3.0709803104400635
196.93125915527344 65.71014404296875 3.0709826946258545
192.94125366210938 65.99234008789062 3.0709850788116455
188.9512481689453 66.27452850341797 3.0709874629974365
184.96124267578125 66.55670928955078 3.0709898471832275
180.9712371826172 66.83888244628906 3.0709922313690186
176.98123168945312 67.12104034423828 3.0709946155548096
172.99122619628906 67.40319061279297 3.0709969997406006
169.00120544433594 67.68533325195312 3.0709993839263916
165.0111846923828 67.96746826171875 3.0710017681121826
161.0211639404297 68.24958801269531 3.0710041522979736
157.03114318847656 68.53170013427734 3.0710065364837646
153.04112243652344 68.81380462646484 3.0710089206695557
149.0511016845703 69.09590148925781 3.0710113048553467
145.0610809326172 69.37798309326172 3.0710136890411377
141.07106018066406 69.6600570678711 3.0710160732269287
137.08103942871094 69.94212341308594 3.0710184574127197
133.0910186767578 70.22418212890625 3.0710208415985107
129.1009979248047 70.5062255859375 3.0710232257843018
125.11097717285156 70.78826141357422 3.0710256099700928
121.12095642089844 71.0702896118164 3.071027994155884
117.13093566894531 71.35231018066406 3.071030378341675
113.14091491699219 71.63431549072266 3.071032762527466
109.15089416503906 71.91631317138672 3.071035146713257
105.16087341308594 72.19830322265625 3.071037530899048
101.17084503173828 72.48028564453125 3.071039915084839
97.18081665039062 72.76225280761719 3.07104229927063
93.19078826904297 73.0442123413086 3.071044683456421
89.20075988769531 73.32616424560547 3.071047067642212
85.21073150634766 73.60810852050781 3.071049451828003
81.220703125 73.89004516601562 3.071051836013794
77.23067474365234 74.17196655273438 3.071054220199585
73.24064636230469 74.4538803100586 3.071056604385376
69.25061798095703 74.73578643798828 3.071058988571167
65.26058959960938 75.01768493652344 3.071061372756958
61.27055740356445 75.29956817626953 3.071063756942749
57.28052520751953 75.5814437866211 3.07106614112854
53.29100799560547 75.86338806152344 3.0710127353668213
53.27827453613281 75.86691284179688 2.672342538833618
49.710662841796875 77.67576599121094 2.672344923019409
46.14304733276367 79.48461151123047 2.6723473072052
42.5754280090332 81.29344940185547 2.672349691390991
42.565059661865234 81.3016357421875 2.273679494857788
39.97937774658203 84.35356140136719 2.273679494857788
37.39369583129883 87.40548706054688 2.273679494857788
34.808013916015625 90.45741271972656 2.273679494857788
32.22233200073242 93.50933837890625 2.273679494857788
29.63665199279785 96.56126403808594 2.273679494857788
27.05097198486328 99.61318969726562 2.273679494857788
24.46529197692871 102.66511535644531 2.273679494857788
21.87961196899414 105.717041015625 2.273679494857788
19.29393196105957 108.76896667480469 2.273679494857788
16.708251953125 111.82089233398438 2.273679494857788
16.708251953125 111.82089233398438 2.273679494857788
16.708251953125 111.82089233398438 2.273679494857788
16.708251953125 111.82089233398438 2.273679494857788
16.708251953125 111.82089233398438 2.273679494857788
16.708251953125 111.82089233398438 2.273679494857788
16.708251953125 111.82089233398438 2.273679494857788
16.708251953125 111.82089233398438 2.273679494857788
16.708251953125 111.82089233398438 2.273679494857788
16.708251953125 111.82089233398438 2.273679494857788
16.708251953125 111.82089233398438 2.273679494857788
