-392.83848938003166
-395.69710891382596
-398.57542555696403
-401.4730158491236
-404.38943514477677
-407.32430901470957
-410.277241578738
-413.24784586959936
-416.2357132224567
-419.24050452840686
-422.2618586516654
-425.29942275512394
-428.35282173771367
-431.42174932324605
-434.50587662448265
-437.60488241895337
-440.71842265492825
-443.8462213383869
-446.98797929448364
-450.14340438331664
-453.3121810905833
-456.49406118159163
-459.68874248994706
-462.895989741461
-466.1155425277615
-469.34729566498004
-469.3959911726791
-471.5006240807365
-473.6298326599495
-475.7831420705599
-475.826218642901
-476.57416185898904
-477.3545687660798
-478.16722065714976
-479.011953427232
-479.8885976709755
-480.7970382945705
-481.73703609294057
-481.7372853249702
-481.12386569663227
-480.5430233285971
-479.99479804224217
-479.4793166618889
-478.99668490147826
-478.5470021510688
-478.5254855874079
-476.61679179566397
-474.7342008848211
-472.8780199790431
-471.0485367388671
-469.2460880645962
-467.47099135074865
-465.72355427768406
-464.0040655400788
-462.31286086902975
-460.6502569089547
-459.0165644403517
-457.41205924548956
-455.837083833467
-454.2919394674297
-452.7768106038573
-451.29204991344665
-449.83800144208107
-448.4149836730638
-447.0233225376967
-445.66326206136273
-444.33512682939397
-443.03920395342107
-441.7757630970644
-440.54507008991493
-439.3474276872022
-438.18310688767207
-437.05235924711525
-435.95543380807334
-434.8926135432598
-433.86414908813407
-432.87026963003603
-432.93178648234294
-432.75745053702656
-432.36542905920317
-435.03780705614815
-437.73042271409946
-440.44290486880845
-443.1748887376771
-445.9260158867153
-448.69593419164585
-448.10919569008234
-451.66624232670165
-455.23064231525757
-458.8022242728669
-462.380821771867
-465.966120126847
-469.55815583653686
-473.156767369326
-476.7618059177241
-480.373126879277
-483.99057218292904
-487.6140225904275
-491.2433701668968
-494.8784608320356
-498.5191511707862
-502.1653368052031
-505.8168989873462
-509.47372220096946
-513.1356940585115
-516.8027113801658
-520.4746613014077
-524.1514402437564
-527.8329473803313
-531.5190659905709
-535.209718914761
-538.9048371981116
-542.6043059679422
-546.30801809475
-550.0159062604525
-553.7278866571555
-557.4438776179062
-561.163780462843
-564.8875603407662
-568.6151177707145
-572.3463790264212
-576.0812722193383
-579.8197078558735
-583.5616368348165
-587.3070159366289
-591.0557565323855
-594.8077521495728
-598.5630304941794
-602.3214842646654
-606.0830544628988
-609.8478290185784
-613.6155800772245
-617.3862531443209
-621.1597950068063
-621.2215160481438
-624.2084165039809
-627.2066459365066
-630.2160428019378
-633.2364731350875
-636.2677546836265
-639.3097332404654
-642.3622363431543
-645.4251349740418
-645.4298927146181
-647.2690411395496
-649.1276904591188
-651.0056527946584
-652.902761193595
-652.9048060554287
-653.3067023302683
-653.7329107983587
-653.7323632245384
-652.6016059641568
-651.4934872542257
-650.4080811614446
-649.3455014851875
-649.3135620849162
-646.8734081052604
-644.4489286696296
-642.0402778450264
-639.6476132703116
-639.6429817000027
-636.2006448423314
-632.764889009782
-629.3358674060586
-625.9136452664964
-625.8463314943859
-621.8935661213761
-617.9414106763599
-613.9898974742437
-610.0390183587091
-606.0885883288838
-602.1388127584711
-598.1897046114244
-594.2412771940916
-590.2935441665168
-586.346519554188
-582.4002177602548
-578.454653578234
-574.5098422052291
-570.5657992556861
-566.6225407757114
-562.6800832579785
-558.7384436572523
-558.6668231189747
-554.7649344370005
-550.8644532104483
-546.9654095495599
-543.0678344180442
-539.1717596631017
-535.2772180467068
-531.384243278207
-527.4928700483056
-523.6031340644929
-519.7150720879999
-515.8287219723476
-511.9441227035729
-508.0613144422149
-504.1803385671503
-500.3012377213715
-496.4240558598073
-492.5488382992907
-488.67563177078455
-484.80448447398345
-480.93544613441543
-477.0685680631752
-473.20390321942875
-469.3415062758369
-465.481433687054
-461.6237437614685
-457.76849673636076
-453.91575485666493
-450.0655824575339
-446.218046050916
-442.3732144163686
-438.53115869634433
-434.6919524962029
-430.85567198921586
-427.0223960268492
-423.19220625462685
-419.3651872338963
-415.5414265698403
-411.7210150460989
-407.9040467663895
-404.09061930354017
-400.2808338563754
-396.47479541492504
-392.6726129344559
-388.8743995188604
-385.08027261397115
-381.2903542114084
-377.504771063608
-373.72365491072117
-369.9471427201234
-366.1753769393209
-362.40850576309475
-358.6466834157807
-354.8900704496454
-351.13883406038155
-347.3931484208187
-343.6531950340177
-339.9191631069998
-336.1912499464442
-332.4696613777816
-328.754612189207
-325.04632660223973
-325.7596558328863
-321.7668310850983
-317.77418688364537
-313.7817301204898
-309.7894680425465
-305.79741795100375
-301.80576929273667
-297.8143307046519
-293.82310122589524
-289.83209968636857
-285.84135944333303
-286.568459843132
-282.7035154024186
-278.8423903761303
-274.98525552368676
-272.49139732171267
-268.82522585477943
-265.168750079974
-261.52235263651306
-262.1304762485092
-259.2227842586194
-256.34457331729504
-253.49684775139391
-250.68064664258551
-247.89704452326046
-245.14716285255724
-242.43213777024437
-239.753153600608
-237.1114321114503
-234.5082327423303
-231.94486283986436
-229.4226468299034
-226.94295701013212
-224.50720265215796
-222.11682932132402
-219.77332727243387
-217.47820191810482
-217.7909955902011
-217.87750441438163
-217.72883517226674
-219.193266654967
-220.7205431417215
-222.30937257668614
-223.95844530927022
-223.54844941808625
-226.31383495464624
-229.11573900872932
-231.95282584276845
-234.82382013661655
-237.7274801077766
-240.66264909972733
-243.6281815280964
-246.62296320917122
-249.64596771927106
-252.6961556010143
-255.7725808482525
-258.87428120423584
-262.0003792535193
-265.1499915087422
-268.3223169730349
-271.51656008296396
-274.7319288759002
-277.96771763273114
-281.22319380869726
-284.49770346811283
-287.79057476022695
-291.1012123658572
-294.4289889219106
-297.773357782803
-301.1337666360742
-304.50965615590724
-307.9005403992291
-311.3059059136317
-314.72531098108493
-318.158274350702
-321.6043903213431
-325.06324105533207
-328.53439118106047
-332.0174880268647
-335.5121306451279
-339.01799076451283
-342.53469497190673
-346.06194154906404
-349.5993823245242
-353.1467361146417
-356.7036818590805
-360.2699645128591
-363.8453099442999
-367.42942431072476
-371.0220826647216
-374.62300984009073
-378.23199561428873
-381.8487854186028
-385.47318890397173
-389.1049638279181
-392.7439350787444
-396.3899048489865
-400.0426492930881
-403.7020169504007
-407.3677997097794
-411.0398554586863
-414.71798789574103
-418.4020663347395
-422.09190536588295
-425.7873823232897
-429.48835459430467
-433.19465155284865
-436.90616737219034
-440.62274035412946
-444.3442721907227
-448.0706106218294
-451.80166647409277
-455.5372939481334
-459.2774102464732
-459.2826838552928
-462.18974525879645
-462.1933861674995
-463.8289002530809
-465.493102933672
-467.18572878929984
-468.9063676702982
-470.6547123432518
-470.67313483164213
-470.94406023776867
-471.2488422224794
-471.2480743209576
-470.0096394251463
-468.8021198766196
-467.62581669775903
-466.4807754024616
-466.4778570026268
-466.4729869345855
-462.9398503177297
-459.4144249626268
-455.8967041398657
-452.3869972084513
-448.88546189413773
-445.39235303972345
-445.32422975931763
-441.3526520573771
-437.3815877468684
-433.4110817382159
-429.4411184433714
-425.4717133433426
-421.5029130162952
-417.5347036172024
-413.56710248160994
-409.5999445150692
-405.63343175989473
-401.6675833306923
-397.7024191012373
-393.7379597423671
-389.77422676215474
-385.8112425485258
-381.8490304144916
-377.8876146461873
-373.92702055391953
-369.967488232655
-366.00883224784
-362.05160078796314
-361.8667374742756
-361.7985590481497
-362.501750946543
-358.8899804630615
-358.82057471262306
-359.534869384049
-355.8232528344394
-352.1179523608041
-348.41916947013334
-348.3489135855459
-349.07063404195696
-345.2839346357973
-341.502098672881
-341.4311401484873
-342.1586352668924
-338.3022693151795
-334.4492774695637
-330.59977770113693
-326.75389343079615
-326.68250399228873
-322.70814690007836
-318.7346173829864
-314.76175687335785
-310.7895600662181
-306.8180837794923
-302.8473255547788
-298.8773452287351
-294.9081737215942
-290.93981300511075
-286.9723281155814
-283.00572486830873
-279.0400721388163
-275.07541040472023
-271.11175221599444
-267.1491735576597
-263.18769204635026
-259.2273894236025
-255.26831998656354
-251.3105109216852
-247.3540540725191
-243.3989843288248
-239.44540184328062
-235.49338090313887
-231.5429703145372
-227.5942854229201
-223.64738646508783
-219.7024011914118
-215.75943393671056
-211.81856617582116
-207.87994886307274
-203.94368123459807
-200.00993345959478
-196.07885652429283
-192.1505833322011
-188.22532087686372
-184.3032454882487
-180.38456524921938
-176.46950653728794
-172.55833129259537
-168.65129360309726
-164.74868805101758
-160.8508379863402
-156.9580974424946
-153.0708716791461
-149.18957559467324
-145.3146845708933
-141.4467252528798
-137.58628251145882
-133.73402270074948
-129.89065857965397
-126.05700319009743
-122.23397031770209
-118.42258904551431
-114.62403702893751
-110.83961694500343
-107.0708276159595
-103.31937989270943
-99.58723555802015
-95.87666250810281
-92.19024908401728
-88.53101374500918
-89.23617998701899
-85.25558698691897
-81.27687729720229
-77.30033907122926
-73.32632520948634
-69.35526193612253
-65.38769507699057
-61.42429443922353
-57.46593039377138
-53.51372009002364
-49.569130283452516
-45.634142681891376
-41.711474274281144
-37.80495222410879
-33.92016443402657
-30.065536057680166
-26.254346593580106
-22.50868550827998
-18.867613156223605
-15.405459979119238
-12.274578308700494
-9.797856780917044
-8.563078952384911
-9.091219871293525
-11.134179389496664
-14.04582665443751
-17.395292500980922
-20.97385742570069
-24.68207566118882
-28.469330110057623
-32.30783592751325
-36.1812847403576
-40.079546612826306
-40.079546612826306
-40.079546612826306
-40.079546612826306
-40.079546612826306
-40.079546612826306
-40.079546612826306
-40.079546612826306
-40.079546612826306
-40.079546612826306
-40.079546612826306
