61.689579010009766 451.4104309082031 0.6057848930358887
63.60395050048828 452.496337890625 0.42617160081863403
65.6815185546875 453.2227783203125 0.2465582937002182
67.85543823242188 453.5663757324219 0.06694498658180237
70.05577087402344 453.51605224609375 -0.11266832053661346
72.21171569824219 453.0734558105469 -0.2922816276550293
74.25390625 452.2528381347656 -0.47189491987228394
76.11664581298828 451.08056640625 -0.6515082120895386
77.739990234375 449.5943908691406 -0.8311215043067932
80.36325073242188 446.6937255859375 -0.8400272130966187
82.96057891845703 443.7698059082031 -0.8489329218864441
85.5317611694336 440.8228759765625 -0.8578386306762695
88.07659912109375 437.8531799316406 -0.866744339466095
90.59488677978516 434.8609313964844 -0.8756500482559204
93.08642578125 431.84637451171875 -0.8845557570457458
95.551025390625 428.80975341796875 -0.8934614658355713
97.98847961425781 425.75128173828125 -0.9023671746253967
100.39860534667969 422.6712341308594 -0.9112728834152222
102.78120422363281 419.5698547363281 -0.9201785922050476
105.1360855102539 416.4473876953125 -0.929084300994873
107.46306610107422 413.3040466308594 -0.9379900097846985
109.761962890625 410.1401062011719 -0.9468957185745239
112.0325927734375 406.9558410644531 -0.9558014273643494
114.27477264404297 403.75146484375 -0.9647071361541748
116.48832702636719 400.5272521972656 -0.9736128449440002
118.67308044433594 397.283447265625 -0.9825185537338257
120.828857421875 394.02032470703125 -0.9914242625236511
122.95549011230469 390.7381286621094 -1.0003299713134766
125.05281066894531 387.4371337890625 -1.0092357397079468
127.12065124511719 384.1175842285156 -1.018141508102417
129.15884399414062 380.7797546386719 -1.0270472764968872
131.167236328125 377.42388916015625 -1.0359530448913574
133.14566040039062 374.05029296875 -1.0448588132858276
135.09396362304688 370.6592102050781 -1.0537645816802979
137.01199340820312 367.25091552734375 -1.0626704692840576
138.8995819091797 363.8256530761719 -1.0715762376785278
140.756591796875 360.38372802734375 -1.080482006072998
141.6147003173828 358.35699462890625 -1.2600953578948975
142.8223419189453 354.5760192871094 -1.2631796598434448
144.01832580566406 350.79132080078125 -1.2662639617919922
145.20262145996094 347.0029602050781 -1.2693482637405396
146.37522888183594 343.2109680175781 -1.272432565689087
147.50927734375 339.4657287597656 -1.2811145782470703
148.63685607910156 335.66082763671875 -1.2842681407928467
149.75262451171875 331.8520202636719 -1.2873804569244385
150.85667419433594 328.03948974609375 -1.2904647588729858
151.92198181152344 324.2764587402344 -1.299370527267456
152.9537353515625 320.50408935546875 -1.3082762956619263
153.9518585205078 316.72265625 -1.3171820640563965
154.916259765625 312.9324951171875 -1.3260878324508667
155.2559356689453 310.75750732421875 -1.5056555271148682
155.50819396972656 306.79638671875 -1.5087398290634155
155.7482452392578 302.8345031738281 -1.511824131011963
155.97607421875 298.87188720703125 -1.5149084329605103
156.19168090820312 294.9085998535156 -1.5179927349090576
156.39505004882812 290.9446716308594 -1.521077036857605
156.58619689941406 286.9801330566406 -1.5241613388061523
156.76512145996094 283.0150146484375 -1.5272456407546997
156.9318084716797 279.0493469238281 -1.530329942703247
157.08627319335938 275.08319091796875 -1.5334142446517944
157.22850036621094 271.1165771484375 -1.5364985466003418
157.35848999023438 267.1495361328125 -1.5395828485488892
157.4762420654297 263.18212890625 -1.5426671504974365
157.4762420654297 263.18212890625 -1.5457514524459839
157.4762420654297 263.18212890625 -1.5488357543945312
157.4762420654297 263.18212890625 -1.5519200563430786
157.4762420654297 263.18212890625 -1.555004358291626
157.4762420654297 263.18212890625 -1.5580886602401733
157.4762420654297 263.18212890625 -1.5611729621887207
157.4762420654297 263.18212890625 -1.564257264137268
157.49607849121094 259.2130126953125 -1.5673415660858154
157.49607849121094 259.2130126953125 -1.5704258680343628
157.49142456054688 255.24386596679688 -1.5735101699829102
157.4745330810547 251.27474975585938 -1.5765944719314575
157.44540405273438 247.30569458007812 -1.5796787738800049
157.40402221679688 243.33676147460938 -1.5827630758285522
157.35040283203125 239.3679656982422 -1.5858473777770996
157.2845458984375 235.39935302734375 -1.588931679725647
157.20645141601562 231.43096923828125 -1.5920159816741943
157.11611938476562 227.4628448486328 -1.5951002836227417
157.0135498046875 223.49501037597656 -1.598184585571289
156.89874267578125 219.5275115966797 -1.6012688875198364
156.77169799804688 215.56039428710938 -1.6043531894683838
156.63241577148438 211.59368896484375 -1.6074374914169312
156.48089599609375 207.62742614746094 -1.6105217933654785
156.317138671875 203.66165161132812 -1.6136060953140259
156.14114379882812 199.6964874267578 -1.6166990995407104
155.9442901611328 195.79051208496094 -1.6256048679351807
155.71266174316406 191.88644409179688 -1.6345106363296509
155.44627380371094 187.98460388183594 -1.643416404724121
155.07818603515625 185.4810333251953 -1.7901405096054077
154.40855407714844 183.38446044921875 -1.9697538614273071
153.37515258789062 181.44125366210938 -2.149367094039917
152.01121520996094 179.7139129638672 -2.3289804458618164
150.3606414794922 178.25802612304688 -2.508593797683716
148.47653198242188 177.1204376220703 -2.6882071495056152
144.95314025878906 175.42308044433594 -2.697112798690796
141.41476440429688 173.75717163085938 -2.7060184478759766
137.8616943359375 172.12283325195312 -2.7149240970611572
134.29420471191406 170.52020263671875 -2.723829746246338
130.71258544921875 168.94940185546875 -2.7327353954315186
128.61978149414062 168.2576904296875 -2.9120242595672607
124.75337219238281 167.36044311523438 -2.9151086807250977
120.88420867919922 166.47512817382812 -2.9181928634643555
117.01233673095703 165.60174560546875 -2.9212770462036133
113.13778686523438 164.7403106689453 -2.924361228942871
109.2605972290039 163.8908233642578 -2.927445411682129
105.38080596923828 163.0532989501953 -2.9305295944213867
101.49845123291016 162.22775268554688 -2.9336137771606445
97.61357116699219 161.4141845703125 -2.9366979598999023
93.7261962890625 160.6125946044922 -2.93978214263916
89.83637237548828 159.822998046875 -2.942866325378418
85.94412994384766 159.04541015625 -2.945950508117676
82.04950714111328 158.2798309326172 -2.9490346908569336
78.15254211425781 157.52626037597656 -2.9521188735961914
78.15254211425781 157.52626037597656 -2.955203056335449
78.15254211425781 157.52626037597656 -2.958287239074707
78.15254211425781 157.52626037597656 -2.961371421813965
78.15254211425781 157.52626037597656 -2.9644556045532227
78.15254211425781 157.52626037597656 -2.9675397872924805
78.15254211425781 157.52626037597656 -2.9706239700317383
78.15254211425781 157.52626037597656 -2.973708152770996
78.15254211425781 157.52626037597656 -2.976792335510254
78.15254211425781 157.52626037597656 -2.9798765182495117
78.15254211425781 157.52626037597656 -2.9829607009887695
