-391.4151500983218
-392.515099736457
-393.2673156048463
-393.6496435891337
-393.6508888811336
-393.27110751930974
-392.520944955627
-391.4228653991335
-390.0093862965641
-387.24418158258527
-384.4741088330148
-381.6992656405857
-378.91974963729814
-376.1356895589118
-373.3472143843754
-370.5544526223187
-367.7575344192635
-364.9565601269331
-362.15169047344233
-359.34305810396654
-356.530765272676
-353.71497655045005
-350.8958573528975
-348.0735148815429
-345.24811676082135
-342.4198028547139
-339.58871448138297
-336.75502590150626
-333.91891156536036
-331.08052065050197
-328.2400328387183
-325.3976016453812
-322.5534145466599
-319.7076580831074
-316.8605247840316
-314.0121805416434
-311.16285349018796
-309.3529391103746
-306.06095407213536
-302.77827871550244
-299.50524881961707
-296.2834642342074
-293.02899747608285
-289.769336531857
-286.5204727809423
-283.3235894315741
-280.12454982928705
-276.92354217406046
-273.7207298688064
-270.51631470025916
-267.31053177472467
-264.10363248233523
-264.10363248233523
-264.10363248233523
-264.10363248233523
-260.46984772892097
-260.46984772892097
-260.46984772892097
-260.46984772892097
-260.46984772892097
-260.46984772892097
-260.46984772892097
-260.46984772892097
-256.80688152069155
-256.80688152069155
-256.80688152069155
-253.13885780657728
-249.4752703302422
-245.8163694585067
-242.16243056700455
-238.51368147353278
-234.8704212823317
-231.23293763558544
-227.60152947153418
-223.976527730441
-220.35830509936477
-216.7472288380895
-213.14369023755185
-209.5481271259041
-205.9609778575548
-202.38273140664737
-198.81390341412683
-195.25505147881478
-191.70675082495444
-188.1696337091527
-184.64438383459984
-181.13173436142876
-177.63246752697435
-174.1475029728729
-170.72273330954042
-167.30207694328988
-163.88608367951957
-160.47532863158497
-157.07075617623974
-155.06934486504892
-152.93915946227824
-150.7447570084074
-148.55549348939047
-146.44357531340955
-142.82153947858265
-139.22893756839778
-137.30800500122564
-134.06273796425154
-130.9139560609161
-127.77945954971842
-124.72348759885688
-121.71045045133248
-118.81245239734649
-115.99802687361503
-113.22570976976883
-110.53552155844419
-107.93472104983712
-106.68987080509872
-104.84008155738898
-103.12108506566791
-101.53953908907881
-101.53953908907881
-101.53953908907881
-101.53953908907881
-101.53953908907881
-101.53953908907881
-101.53953908907881
-101.53953908907881
-100.18272725025903
-100.18272725025903
-100.18272725025903
-100.18272725025903
-100.18272725025903
-100.18272725025903
-100.18272725025903
-100.18272725025903
-100.18272725025903
-100.18272725025903
-100.18272725025903
