61.690608978271484 451.4114990234375 0.605932354927063
63.60602569580078 452.49853515625 0.42646655440330505
65.68472290039062 453.2262268066406 0.24700075387954712
67.85992431640625 453.5711669921875 0.06753495335578918
70.061767578125 453.52227783203125 -0.11193084716796875
72.2180404663086 453.0812683105469 -0.2915441393852234
74.26226806640625 452.2617492675781 -0.4710099399089813
76.12738037109375 451.0904846191406 -0.6504757404327393
77.75346374511719 449.6051025390625 -0.8299415111541748
80.3801498413086 446.70751953125 -0.8388472199440002
82.98092651367188 443.78668212890625 -0.8477529287338257
85.55558776855469 440.8428039550781 -0.8566586375236511
88.10392761230469 437.8760986328125 -0.8655643463134766
90.62574768066406 434.8868103027344 -0.874470055103302
93.120849609375 431.87518310546875 -0.8833757638931274
95.58902740478516 428.8414611816406 -0.8922814726829529
98.03009033203125 425.785888671875 -0.9011871814727783
100.44384765625 422.70867919921875 -0.9100928902626038
102.8301010131836 419.610107421875 -0.9189985990524292
105.18866729736328 416.49041748046875 -0.9279043078422546
107.51935577392578 413.3498229980469 -0.9368100166320801
109.82198333740234 410.1885986328125 -0.9457157254219055
112.09636688232422 407.00701904296875 -0.954621434211731
114.34233093261719 403.8052978515625 -0.9635271430015564
116.5596923828125 400.5837097167969 -0.9724328517913818
118.74827575683594 397.3424987792969 -0.9813385605812073
120.90790557861328 394.0819091796875 -0.9902442693710327
123.03841400146484 390.8022155761719 -0.9991499781608582
125.1396255493164 387.5036926269531 -1.0080556869506836
127.21138000488281 384.18658447265625 -1.0169614553451538
129.25350952148438 380.8511657714844 -1.025867223739624
131.26585388183594 377.4976806640625 -1.0347729921340942
133.24826049804688 374.12640380859375 -1.0436787605285645
135.2005615234375 370.73760986328125 -1.0525845289230347
137.1226043701172 367.3315734863281 -1.0614902973175049
139.0142364501953 363.9085388183594 -1.070396065711975
140.87530517578125 360.46881103515625 -1.0793018341064453
141.79193115234375 358.34429931640625 -1.2476470470428467
143.0465545654297 354.5786437988281 -1.250731348991394
144.28955078125 350.80914306640625 -1.2538156509399414
145.5209197998047 347.03582763671875 -1.2568999528884888
146.7119140625 343.3106689453125 -1.265805721282959
147.88983154296875 339.5377502441406 -1.270554780960083
149.057861328125 335.7443542480469 -1.2736390829086304
150.2141876220703 331.9473571777344 -1.2767235040664673
151.3311004638672 328.1993103027344 -1.2856292724609375
152.4145965576172 324.44146728515625 -1.2945350408554077
153.46458435058594 320.67413330078125 -1.303440809249878
154.48097229003906 316.8975830078125 -1.3123465776443481
155.46368408203125 313.11212158203125 -1.3212523460388184
156.4126434326172 309.3180847167969 -1.3301589488983154
157.32772827148438 305.5158386230469 -1.3390775918960571
157.32772827148438 305.5158386230469 -1.3481998443603516
157.32772827148438 305.5158386230469 -1.3572064638137817
157.32772827148438 305.5158386230469 -1.5356733798980713
157.46099853515625 301.5489196777344 -1.5387576818466187
157.46099853515625 301.5489196777344 -1.541841983795166
157.46099853515625 301.5489196777344 -1.5449262857437134
157.46099853515625 301.5489196777344 -1.5480105876922607
157.46099853515625 301.5489196777344 -1.551094889640808
157.46099853515625 301.5489196777344 -1.5541791915893555
157.46099853515625 301.5489196777344 -1.5572634935379028
157.46099853515625 301.5489196777344 -1.5603477954864502
157.49635314941406 297.5799255371094 -1.5634320974349976
157.49635314941406 297.5799255371094 -1.566516399383545
157.49635314941406 297.5799255371094 -1.5696007013320923
157.49497985839844 293.61077880859375 -1.5726850032806396
157.4813690185547 289.6416320800781 -1.575769305229187
157.45550537109375 285.67254638671875 -1.5788536071777344
157.4174041748047 281.7035827636719 -1.5819379091262817
157.3670654296875 277.7347412109375 -1.585022211074829
157.3044891357422 273.7660827636719 -1.5881065130233765
157.2296600341797 269.7976379394531 -1.5911908149719238
157.14259338378906 265.8294372558594 -1.5942751169204712
157.0432891845703 261.86151123046875 -1.5973594188690186
156.93174743652344 257.8939208984375 -1.600443720817566
156.80796813964844 253.92669677734375 -1.6035280227661133
156.6719512939453 249.95986938476562 -1.6066123247146606
156.52371215820312 245.9934844970703 -1.609696626663208
156.3632354736328 242.02757263183594 -1.6127809286117554
156.19052124023438 238.0621795654297 -1.6158652305603027
156.00558471679688 234.0973358154297 -1.61894953250885
155.80841064453125 230.13308715820312 -1.6220338344573975
155.59901428222656 226.16946411132812 -1.6251181364059448
155.3773956298828 222.2064971923828 -1.6282024383544922
155.1435546875 218.24423217773438 -1.6312867403030396
154.89749145507812 214.28271484375 -1.634371042251587
154.63922119140625 210.3219757080078 -1.6374553442001343
154.36871337890625 206.36216735839844 -1.6405515670776367
154.07875061035156 202.46200561523438 -1.649457335472107
153.7540740966797 198.5645751953125 -1.6583631038665771
153.3946990966797 194.67019653320312 -1.6672688722610474
153.0006561279297 190.7791748046875 -1.6761746406555176
152.5719451904297 186.89224243164062 -1.6851226091384888
152.1257781982422 184.73703002929688 -1.8647359609603882
151.30177307128906 182.69619750976562 -2.044349193572998
150.1264190673828 180.8354034423828 -2.2239625453948975
148.63754272460938 179.2145233154297 -2.403575897216797
146.883056640625 177.8856964111328 -2.5831892490386963
143.55699157714844 175.82835388183594 -2.592094898223877
140.21273803710938 173.8007049560547 -2.6010007858276367
138.231689453125 172.84182739257812 -2.780613899230957
134.51617431640625 171.44569396972656 -2.783698081970215
130.843017578125 170.08958435058594 -2.792147636413574
127.11165618896484 168.73638916015625 -2.795231819152832
123.39876556396484 167.40826416015625 -2.800902843475342
119.65570068359375 166.08779907226562 -2.803987741470337
115.95980834960938 164.808837890625 -2.8128933906555176
112.25237274169922 163.5626678466797 -2.8217649459838867
108.48257446289062 162.32057189941406 -2.8248491287231445
104.7089614868164 161.09010314941406 -2.8279333114624023
100.93280029296875 159.87196350097656 -2.831155300140381
98.78524780273438 159.3903045654297 -3.0107686519622803
94.84921264648438 158.8785858154297 -3.013853073120117
90.91162109375 158.37901306152344 -3.016937255859375
86.97250366210938 157.89158630371094 -3.020021438598633
86.97250366210938 157.89158630371094 -3.0231056213378906
86.97250366210938 157.89158630371094 -3.0261898040771484
86.97250366210938 157.89158630371094 -3.0292739868164062
86.97250366210938 157.89158630371094 -3.032358169555664
86.97250366210938 157.89158630371094 -3.035442352294922
86.97250366210938 157.89158630371094 -3.0385265350341797
86.97250366210938 157.89158630371094 -3.0416107177734375
83.02256774902344 157.50149536132812 -3.0446949005126953
83.02256774902344 157.50149536132812 -3.047779083251953
83.02256774902344 157.50149536132812 -3.050863265991211
83.02256774902344 157.50149536132812 -3.0539474487304688
83.02256774902344 157.50149536132812 -3.0570316314697266
83.02256774902344 157.50149536132812 -3.0601158142089844
83.02256774902344 157.50149536132812 -3.063199996948242
83.02256774902344 157.50149536132812 -3.0662841796875
83.02256774902344 157.50149536132812 -3.069368362426758
83.02256774902344 157.50149536132812 -3.0724525451660156
83.02256774902344 157.50149536132812 -3.0755367279052734
