-392.83861260070745
-395.6972973447963
-398.57562242630917
-401.47316538979356
-404.3895131339564
-407.324261745324
-410.2770163548833
-413.2473909909103
-416.23500842860443
-419.2395000371072
-422.2605056244355
-425.29767328082255
-428.3506592209188
-431.41912762526795
-434.50275048143925
-437.6012074251642
-440.7141855817944
-443.8413794083695
-446.9824905365546
-450.1372276166848
-453.3053061631269
-456.4864484011485
-459.6803831154639
-462.8868455006061
-466.1055758558366
-469.33632403122084
-472.57884245426635
-475.8328905033011
-479.0982332497959
-479.0982332497959
-481.2263160112941
-483.3781307706935
-485.55336201058174
-485.55336201058174
-486.2792120408789
-487.03683305726634
-487.8260770334437
-488.6467907407778
-489.4988158889846
-490.3819892698028
-490.3819892698028
-489.7077184601641
-489.0652346419548
-488.4546632472679
-487.87612409021824
-487.32973125314936
-486.81559297738204
-486.33381155874207
-485.8844832480953
-485.4676981571109
-485.08354016946345
-484.7320868576742
-484.4134094057809
-484.12757253801425
-483.8746344536448
-483.8746344536448
-482.11522797325205
-480.38268526952857
-478.67729803786904
-476.99935754036034
-475.3491544307278
-473.7269785742723
-472.1331188629113
-470.567863025452
-469.03149743324377
-467.524306901375
-466.04657448559897
-464.5985812751913
-463.1806061819621
-461.79292572566436
-460.4358138160604
-459.10954153192716
-457.81437689730177
-456.5505846552852
-455.3184260397448
-454.1181585452712
-452.9500356957656
-451.81430681204904
-450.71121677890284
-449.64100581196516
-448.6039092249219
-448.6036284334333
-448.6051856376614
-450.67862086142935
-452.77789911976885
-452.78157737080727
-456.0543524268694
-459.33864166696077
-462.63419986990635
-465.9407879226188
-469.25817266244366
-472.5861267228474
-475.9244283824619
-479.27286141748675
-482.63121495744593
-485.99928334428415
-489.37686599478496
-492.76376726628365
-496.15979632564455
-499.5647670214669
-499.56913225822234
-503.5241077051231
-507.47978911970864
-511.4361601211475
-515.3932048287799
-519.3509078432747
-523.3092542286283
-527.2682294949594
-531.2278195820619
-535.1880108436761
-539.148790032442
-543.1101442855014
-547.0720611107157
-551.0345283734691
-554.9975342840299
-558.9610673854405
-562.9251165419121
-566.8896709277002
-570.8546958236428
-574.8202293951294
-578.786237474226
-582.7527103729416
-586.7196386641447
-590.6870131728781
-594.6548249680177
-598.623065354258
-598.623065354258
-602.086305212903
-605.556160445502
-609.0325179822904
-612.5152671109316
-616.0042994215867
-619.4995087532843
-623.0007911415667
-626.5080447673855
-630.021169907221
-633.5400688844006
-637.0646460215916
-640.5948075944395
-644.1304617863335
-647.6715186442663
-651.2178900357712
-654.7694896069077
-658.3262327412722
-661.8880365200127
-661.8880365200127
-664.4710729459795
-667.0680929575593
-669.6789338694173
-669.6789338694173
-670.9229683790421
-672.1885035811737
-673.4753801244011
-674.7834678097521
-676.1126019982083
-677.4627004737754
-677.4627004737754
-677.2628711469097
-677.0866140111932
-677.0866140111932
-675.3884297072049
-673.7097142659177
-672.0506135811825
-670.4112732779053
-668.7918386658433
-667.1924546925391
-665.613265895408
-664.0544163530013
-662.5160496354623
-662.5160496354623
-659.6750423020817
-656.8461060920534
-654.0293976425663
-651.2250756178452
-648.4334018529084
-645.654391075023
-645.654391075023
-641.9797526442624
-638.3090262749679
-634.6422798484094
-630.9795827492802
-627.321005905194
-627.321005905194
-623.3216293136952
-619.3222606542621
-615.3229000815612
-611.3235477543059
-607.32420383539
-603.324868492026
-599.3255418958896
-595.326224223269
-591.3269156552213
-587.3276163777348
-583.3283265818975
-579.3290464640739
-575.329776226088
-571.330516075414
-567.3312662253759
-563.3320268953548
-559.3327983110057
-555.3335807044831
-551.3343743146768
-547.3351793874579
-543.3359961759355
-539.3368249407255
-535.3376659502302
-531.3385194809321
-527.3393858176994
-523.3402652541071
-519.3411580927711
-515.3420646457006
-511.34298523466333
-507.34392019157167
-503.3448698588847
-499.34583459003073
-495.3468147498499
-495.3468147498499
-491.6312343282325
-487.92015152498664
-484.21366975129445
-480.5118954788222
-476.8149383482765
-473.122911282339
-469.4359306031724
-465.75411615469613
-462.077591429841
-458.4064837030004
-454.7409241679051
-451.08104808115905
-447.42699491168236
-443.77890849632035
-440.1369372018867
-436.5012340939196
-432.8719571124437
-429.249269255039
-425.63333876753336
-422.02433934264485
-418.4224503269144
-414.8278569362809
-411.2407504806657
-407.66132859794294
-404.08979549768895
-404.08979549768895
-404.0861524797729
-404.0861524797729
-404.0825094823966
-404.0825094823966
-404.0788665055604
-404.0788665055604
-404.07522354926505
-404.07522354926505
-404.071580613511
-404.071580613511
-404.0679376982988
-400.50970202865244
-396.95987796423975
-393.41869319933016
-389.8863831360793
-386.36319118438166
-386.36319118438166
-386.3596393980928
-386.3596393980928
-386.3560876348957
-386.3560876348957
-386.35253589479106
-386.35253589479106
-386.3489841777794
-386.3489841777794
-386.3454324838615
-386.3454324838615
-386.3418808130379
-386.3418808130379
-386.3383291653093
-386.3383291653093
-386.3347775406762
-386.3347775406762
-386.3312259391394
-386.3312259391394
-386.3276743606995
-386.3276743606995
-386.3241228053571
-386.3241228053571
-386.3205712731128
-386.3205712731128
-386.3170197639673
-386.3170197639673
-386.31346827792123
-386.31346827792123
-386.30993908568274
-386.30993908568274
-386.3064099168688
-386.3064099168688
-386.30288077148003
-386.30288077148003
-386.299351649517
-386.299351649517
-386.29582255098046
-386.29582255098046
-386.292293475871
-386.292293475871
-386.28876442418925
-386.28876442418925
-386.2852353959359
-386.2852353959359
-386.2817063911115
-386.2817063911115
-386.2781774097168
-386.2781774097168
-386.2746484517524
-386.2746484517524
-386.2711195172189
-386.2711195172189
-386.267590606117
-386.267590606117
-386.2640617184473
-386.2640617184473
-386.2605551271939
-386.2605551271939
-386.2570485597002
-386.2570485597002
-386.25354201596673
-386.25354201596673
-386.25003549599415
-386.25003549599415
-386.24652899978315
-386.24652899978315
-386.2430225273344
-386.2430225273344
-386.2395160786485
-386.2395160786485
-386.23600965372606
-386.23600965372606
-386.2325032525678
-386.2325032525678
-386.22899687517435
-386.22899687517435
-386.22549052154636
-386.22549052154636
-386.22198419168444
-386.22198419168444
-386.2184778855893
-386.2184778855893
-386.2149716032615
-386.2149716032615
-386.21146534470176
-386.21146534470176
-386.20798138534985
-386.20798138534985
-386.20449745009563
-386.20449745009563
-386.20101353893983
-386.20101353893983
-386.1975296518831
-386.1975296518831
-386.1940457889261
-386.1940457889261
-386.1905619500694
-386.1905619500694
-386.18707813531375
-386.18707813531375
-386.18359434465975
-386.18359434465975
-386.1801105781081
-386.1801105781081
-386.1766268356594
-386.1766268356594
-386.17314311731434
-386.17314311731434
-386.16965942307354
-386.16965942307354
-386.1661757529377
-386.1661757529377
-386.1626921069074
-386.1626921069074
-386.15923076273054
-386.15923076273054
-386.1557694429913
-386.1557694429913
-386.1523081476903
-386.1523081476903
-386.14884687682826
-386.14884687682826
-386.14538563040577
-386.14538563040577
-386.1419244084235
-386.1419244084235
-386.1384632108821
-386.1384632108821
-386.1350020377823
-386.1350020377823
-386.13154088912466
-386.13154088912466
-386.1280797649099
-386.1280797649099
-386.12461866513866
-386.12461866513866
-386.1211575898116
-386.1211575898116
-386.11769653892935
-386.11769653892935
-386.11423551249266
-386.11423551249266
-386.11079679057343
-386.11079679057343
-386.107358093434
-386.107358093434
-386.10391942107515
-386.10391942107515
-386.10048077349734
-386.10048077349734
-386.0970421507014
-386.0970421507014
-386.0936035526879
-386.0936035526879
-386.09016497945754
-386.09016497945754
-386.086726431011
-386.086726431011
-386.0832879073489
-386.0832879073489
-386.0798494084719
-386.0798494084719
-386.0764109343807
-386.0764109343807
-386.0729724850759
-386.0729724850759
-386.0695340605583
-386.0695340605583
-386.06609566082835
-386.06609566082835
-386.0626795682985
-386.0626795682985
-386.0592635008931
-386.0592635008931
-386.05584745861273
-386.05584745861273
-386.0524314414581
-386.0524314414581
-386.0490154494299
-386.0490154494299
-386.04559948252876
-386.04559948252876
-386.04218354075533
-386.04218354075533
-386.03876762411033
-386.03876762411033
-386.0353517325944
-386.0353517325944
-386.0319358662082
-386.0319358662082
-386.0285200249524
-386.0285200249524
-386.0251042088277
-386.0251042088277
-386.0216884178347
-386.0216884178347
-386.01827265197414
-386.01827265197414
-386.0148791960146
-386.0148791960146
-386.0114857655264
-386.0114857655264
-386.00809236051026
-386.00809236051026
-386.0046989809668
-386.0046989809668
-386.0013056268967
-386.0013056268967
-385.9979122983006
-385.9979122983006
-385.9945189951792
-385.9945189951792
-385.99112571753324
-385.99112571753324
-385.98773246536325
-385.98773246536325
-385.98433923867003
-385.98433923867003
-385.9809460374542
-385.9809460374542
-385.97755286171645
-385.97755286171645
-385.97415971145745
-385.97415971145745
-385.9707665866778
-385.9707665866778
-385.96737348737827
-385.96737348737827
-385.96400270086923
-385.96400270086923
-385.96063194018154
-385.96063194018154
-385.95726120531583
-385.95726120531583
-385.9538904962728
-385.9538904962728
-385.9504989667598
-385.9504989667598
-385.94710746343685
-385.94710746343685
-385.9437159863045
-385.9437159863045
-385.94032453536346
-385.94032453536346
-385.93693311061446
-385.93693311061446
-385.9335417120582
-385.9335417120582
-385.9301503396953
-385.9301503396953
-385.9267589935265
-385.9267589935265
-385.9233676735525
-385.9233676735525
-385.91997637977397
-385.91997637977397
-385.9166074019031
-385.9166074019031
-385.91323845057366
-385.91323845057366
-385.90986952578635
-385.90986952578635
-385.90650062754196
-385.90650062754196
-385.90313175584106
-385.90313175584106
-385.8997629106844
-385.8997629106844
-385.89639409207274
-385.89639409207274
-385.8930253000066
-385.8930253000066
-385.8896565344869
-385.8896565344869
-385.8862877955142
-385.8862877955142
-385.88291908308923
-385.88291908308923
-385.87955039721265
-385.87955039721265
-385.8761817378852
-385.8761817378852
-385.8728131051075
-385.8728131051075
-385.86946679101317
-385.86946679101317
-385.86612050381694
-385.86612050381694
-385.8627742435195
-385.8627742435195
-385.8594280101215
-385.8594280101215
-385.8560818036238
-385.8560818036238
-385.85273562402693
-385.85273562402693
-385.8493894713316
-385.8493894713316
-385.84604334553865
-385.84604334553865
-385.8426972466487
-385.8426972466487
-385.8393511746624
-385.8393511746624
-385.8360051295805
-385.8360051295805
-385.8326591114037
-385.8326591114037
-385.82931312013267
-385.82931312013267
-385.8259671557682
-385.8259671557682
-385.8226435128811
-385.8226435128811
-385.8193198972511
-385.8193198972511
-385.81599630887894
-385.81599630887894
-385.8126727477652
-385.8126727477652
-385.8093492139107
-385.8093492139107
-385.8060257073161
-385.8060257073161
-385.8027022279821
-385.8027022279821
-385.7993787759094
-385.7993787759094
-385.79605535109874
-385.79605535109874
-385.79273195355074
-385.79273195355074
-385.7894085832662
-385.7894085832662
-385.7860852402458
-385.7860852402458
-385.7827619244903
-385.7827619244903
-385.77943863600024
-385.77943863600024
-385.77613767180014
-385.77613767180014
-385.7728367352185
-385.7728367352185
-385.769535826256
-385.769535826256
-385.7662349449134
-385.7662349449134
-385.76293409119125
-385.76293409119125
-385.75963326509043
-385.75963326509043
-385.7563324666116
-382.4163351667148
-379.0888839840356
-379.0888839840356
-379.0856211668854
-379.0856211668854
-379.08235837850157
-379.08235837850157
-379.0790956188848
-379.0790956188848
-379.075832888036
-379.075832888036
-379.0725701859558
-379.0725701859558
-379.0693075126449
-379.0693075126449
-379.06604486810414
-379.06604486810414
-379.0628047912026
-379.0628047912026
-379.0595647434323
-379.0595647434323
-379.05632472479397
-379.05632472479397
-379.0530847352883
-379.0530847352883
-379.0498447749161
-379.0498447749161
-379.0466048436781
-379.0466048436781
-379.04336494157496
-379.04336494157496
-379.0401250686076
-379.0401250686076
-379.03688522477665
-379.03688522477665
-379.03364541008284
-379.03364541008284
-379.030405624527
-379.030405624527
-379.0271658681098
-379.0271658681098
-379.0239261408321
-379.0239261408321
-379.0206864426945
-379.0206864426945
-379.0174693150926
-379.0174693150926
-379.01425221699435
-379.01425221699435
-379.01103514840037
-379.01103514840037
-379.0078181093115
-379.0078181093115
-379.00460109972835
-379.00460109972835
-379.0013841196518
-379.0013841196518
-375.08528269366514
-371.1709705084927
-367.2585047743631
-363.3479451380457
-359.43935381234274
-355.5327957138182
-351.62833860937246
-347.7260532723228
-343.82601364870567
-339.9282970345782
-336.0329842651637
-332.1401599167585
-328.24991252239954
-324.36233480237934
-320.47752391079405
-316.5955816994153
-312.7166150002964
-308.8407359286512
-304.9680622076892
-301.09871751724546
-297.23283186822044
-293.3705420050358
-289.51199183852475
-285.6573329119111
-285.6527013619512
-281.68552044326213
-277.7192808287407
-273.75402343217627
-273.7495803326524
-270.31079200090505
-266.8876459993615
-263.4807520049143
-260.0907486669614
-256.7182936121014
-253.36409971567753
-250.0289019114002
-246.71347059689197
-243.41861344926863
-240.14517731951972
-236.89405020544683
-236.8906430561794
-234.84361591144582
-232.84731275706164
-230.90304921987666
-229.01215071894853
-227.17594980945876
-225.3957832874669
-223.67298905487334
-222.0089027465834
-220.4048541247948
-220.4039075333098
-220.4211240160266
-220.51090989657249
-220.51196814400026
-222.2130600556109
-223.9726770592917
-225.7894508701022
-227.66201313488403
-229.5889857408916
-231.56902287544415
-233.60077519241688
-235.68290523192732
-237.81408978376075
-239.99302201074318
-242.21841334025976
-242.2217174208488
-245.589438182592
-248.97586994387873
-252.3802595147164
-255.80188991102932
-259.24007846459136
-262.6941750277972
-266.16356027014064
-269.6476440630494
-273.145863949582
-276.65768369540814
-280.18259191746336
-283.72010078667574
-287.26974480120504
-290.8310796266999
-294.4036810001678
-297.98714369415285
-301.581080538029
-305.1851214933405
-308.79891278024144
-312.42211605222144
-316.0544076164271
-319.6954776970233
-323.345029739162
-327.00277975125164
-330.66845568334145
-334.3417968395526
-338.0225533225997
-341.71048550855625
-345.4053635501207
-349.1069669067394
-352.8150839000364
-356.5295112930915
-360.2500538921902
-363.97652416975404
-367.70874190723225
-371.4465338568095
-375.18973342085286
-378.93818034808487
-382.6917204455293
-386.4502053053342
-390.21349204563023
-393.9814430646317
-397.75392580723644
-401.5308125434234
-405.31198015779086
-409.09730994961507
-412.88668744284763
-416.68000220550357
-420.47714767792496
-424.27802100943546
-428.08252290292904
-431.89055746696397
-435.70203207495763
-439.5168572311013
-443.3349464426367
-447.1562160981564
-450.9805853516104
-454.807976011718
-458.6381595064294
-462.4712051241598
-466.3070450305548
-470.1456084427133
-473.98682937315556
-477.8306463660653
-481.6769949844541
-485.52575495434587
-489.3769307300833
-493.23046353381136
-497.08629872161634
-500.9443855556087
-504.80467031286315
-508.66710312208846
-508.66710312208846
-508.66710312208846
-508.66710312208846
-509.1173884284426
-509.5986728886107
-510.11086985404955
-510.65388630702023
-511.2276240398767
-511.2276240398767
-510.24421278526086
-509.2903197962227
-508.3661112361074
-507.47174928896385
-506.60739202796367
-505.7731932855318
-505.7731932855318
-503.5048628148913
-501.258187608833
-499.0334601469049
-496.8309752643689
-494.6510944788333
-492.49399050501313
-492.49399050501313
-489.208386530642
-485.93349336544736
-482.6695290266953
-479.4167167313083
-476.1752850223062
-472.945467897508
-472.945467897508
-469.0548721070853
-465.16613241485015
-461.2792957634018
-457.39441066760344
-453.5115272798949
-449.6307279691095
-445.75203585852955
-441.87550643786585
-438.0011971297807
-434.1291673732896
-430.2594787114334
-426.3921948834749
-422.5273819218869
-418.6651082544197
-414.8054448115525
-410.94846513965587
-407.0942455202137
-403.2428650954771
-399.39440600094827
-395.54895350512
-391.7065961569256
-387.86742594138815
-384.0315384439872
-380.19903302430566
-376.37001299955153
-372.5445858385975
-368.7228632198629
-364.90496167821914
-361.0910024171728
-357.2811116877326
-353.4754210464041
-349.674067628657
-345.8771944389161
-345.8771944389161
-341.8895297081544
-337.90215689219696
-333.91508644855116
-329.9283293394136
-325.94189706243407
-321.9558016837541
-317.97005587351754
-313.9846729440716
-309.9996670603685
-306.01505260505
-302.0308452483163
-298.047061316098
-294.0637180172352
-290.0808335038473
-286.09842693671385
-282.11651855615656
-278.1351297589697
-274.15428318200725
-270.1740027931078
-266.1943139901166
-262.21524370885845
-258.2368205410141
-254.259074862976
-250.2820389768902
-246.30574726524628
-242.33023636055367
-238.3555453318443
-234.38171588997423
-230.4087926139646
-226.43682320093154
-222.46585874251258
-218.49595403111203
-214.52716789977146
-210.55956360003285
-206.5932092228214
-202.62817816814442
-198.66454967030916
-194.7024246348041
-190.74188055715135
-186.78301800519185
-182.8259462128372
-178.8707840284513
-174.91766098976024
-170.96671854529674
-167.01811144605526
-163.07200933547531
-159.12859857126236
-155.188084319128
-151.25069296657716
-147.31667491475974
-143.3863078186143
-139.45990036067724
-135.53779666280482
-131.62038146369215
-127.70808621982415
-123.80139632514022
-119.90085969258537
-116.00709700199313
-112.12081399758407
-108.2428163204101
-104.37402749395768
-100.51551085522587
-96.66849645311973
-92.83441424045725
-89.01493529219128
-85.2120233278109
-81.42799955180021
-77.66562482359079
-73.9282045251455
-70.21972334199934
-66.545019685806
-62.91001288017581
-59.32200075035959
-55.790051105099735
-52.32551775602239
-48.94271949334434
-45.659826447488385
-42.49999632785314
-39.49277910406533
-36.67573437164778
-36.67085948027412
-33.073591272747656
-29.579941103822105
-26.23134314343155
-23.09098919243991
-20.255966331833058
-17.872172043749654
-16.14078227032507
-15.285130091962115
-15.451394191201123
-16.608913085120115
-18.573272091362277
-18.575123293711453
-19.801568080361047
-19.802532558482365
-20.242275011394938
-21.432662456959235
-23.258726109783428
-25.584715327805743
-28.287576327051426
-31.26973618373656
-34.45875565586846
-37.802318652562164
-41.26287391199857
-44.813326647926665
-48.43391106279459
-52.11001103657778
-52.11445249206613
-52.11699946683033
-52.117839075961584
-52.1168417723378
-52.11416231702083
-52.11416231702083
-52.109583780048546
-48.11395630394629
-44.11912250161746
-40.125317960390724
-36.13288397771803
-32.14233284212828
-28.154462963565265
-24.170601507721354
-20.193121055672375
-16.226714607051544
-12.282115622076054
-8.390138831692418
-4.683851334295858
-2.3414664794057733
-4.585459134291827
