62.828426361083984 452.82843017578125 0.7853981852531433
65.65685272216797 455.6568603515625 0.7853981852531433
68.48528289794922 458.48529052734375 0.7853981852531433
71.31371307373047 461.313720703125 0.7853981852531433
74.14214324951172 464.14215087890625 0.7853981852531433
76.97057342529297 466.9705810546875 0.7853981852531433
79.79900360107422 469.79901123046875 0.7853981852531433
82.62743377685547 472.62744140625 0.7853981852531433
85.45586395263672 475.45587158203125 0.7853981852531433
88.28429412841797 478.2843017578125 0.7853981852531433
91.11272430419922 481.11273193359375 0.7853981852531433
93.94115447998047 483.941162109375 0.7853981852531433
96.76958465576172 486.76959228515625 0.7853981852531433
99.59801483154297 489.5980224609375 0.7853981852531433
102.42644500732422 492.42645263671875 0.7853981852531433
105.25487518310547 495.2548828125 0.7853981852531433
108.08330535888672 498.08331298828125 0.7853981852531433
110.91173553466797 500.9117431640625 0.7853981852531433
113.74016571044922 503.74017333984375 0.7853981852531433
116.56859588623047 506.568603515625 0.7853981852531433
119.39702606201172 509.39703369140625 0.7853981852531433
122.22545623779297 512.2254638671875 0.7853981852531433
125.05388641357422 515.0538940429688 0.7853981852531433
127.88231658935547 517.88232421875 0.7853981852531433
130.7107391357422 520.7107543945312 0.7853981852531433
133.53916931152344 523.5391845703125 0.7853981852531433
136.3675994873047 526.3676147460938 0.7853981852531433
139.195556640625 529.1953125 0.7853155136108398
142.0234375 532.0223388671875 0.7851772308349609
142.0234375 532.0223388671875 0.38517722487449646
145.73036193847656 533.5252075195312 0.38517722487449646
149.43714904785156 535.0280151367188 0.38516107201576233
153.14292907714844 536.5300903320312 0.3850227892398834
153.14292907714844 536.5300903320312 -0.014977216720581055
157.14248657226562 536.4701538085938 -0.014977216720581055
161.1420440673828 536.4102172851562 -0.014977216720581055
165.1416015625 536.3502807617188 -0.014977216720581055
169.1411590576172 536.2903442382812 -0.014977216720581055
173.14071655273438 536.2304077148438 -0.014977216720581055
177.13888549804688 536.1702270507812 -0.015115511603653431
181.1370391845703 536.1094970703125 -0.015253806486725807
181.1370391845703 536.1094970703125 -0.41525381803512573
184.79708862304688 534.4957885742188 -0.41525381803512573
188.45713806152344 532.882080078125 -0.41525381803512573
192.1171875 531.2683715820312 -0.41525381803512573
195.77723693847656 529.6546630859375 -0.41525381803512573
199.43728637695312 528.0409545898438 -0.41525381803512573
203.0973358154297 526.42724609375 -0.41525381803512573
206.75738525390625 524.8135375976562 -0.41525381803512573
210.4174346923828 523.1998291015625 -0.41525381803512573
214.07748413085938 521.5861206054688 -0.41525381803512573
217.73753356933594 519.972412109375 -0.41525381803512573
221.3975830078125 518.3587036132812 -0.41525381803512573
225.05763244628906 516.7449951171875 -0.41525381803512573
225.05763244628906 516.7449951171875 -0.8152538537979126
227.8003692626953 513.8333740234375 -0.8152538537979126
230.54310607910156 510.9217834472656 -0.8152538537979126
233.2858428955078 508.01019287109375 -0.8152538537979126
236.02857971191406 505.0986022949219 -0.8152538537979126
238.7713165283203 502.18701171875 -0.8152538537979126
241.51405334472656 499.2754211425781 -0.8152538537979126
244.2567901611328 496.36383056640625 -0.8152538537979126
246.99952697753906 493.4522399902344 -0.8152538537979126
249.7422637939453 490.5406494140625 -0.8152538537979126
252.48500061035156 487.6290588378906 -0.8152538537979126
255.2277374267578 484.71746826171875 -0.8152538537979126
257.970458984375 481.8058776855469 -0.8152538537979126
260.71319580078125 478.894287109375 -0.8152538537979126
263.4559326171875 475.9826965332031 -0.8152538537979126
266.19866943359375 473.07110595703125 -0.8152538537979126
268.94140625 470.1595153808594 -0.8152538537979126
271.68414306640625 467.2479248046875 -0.8152538537979126
274.4268798828125 464.3363342285156 -0.8152538537979126
277.16845703125 461.425537109375 -0.8153917789459229
279.90972900390625 458.5143127441406 -0.815521240234375
282.65167236328125 455.60198974609375 -0.815521240234375
285.39361572265625 452.6896667480469 -0.815521240234375
288.13555908203125 449.77734375 -0.815521240234375
290.87750244140625 446.8650207519531 -0.815521240234375
293.61944580078125 443.95269775390625 -0.815521240234375
296.36138916015625 441.0403747558594 -0.815521240234375
296.4534606933594 440.9744873046875 -0.4269149899482727
296.5636291503906 440.9483947753906 -0.03830873966217041
296.67547607421875 440.9659729003906 0.3502975106239319
300.43255615234375 442.33868408203125 0.3502975106239319
304.1896057128906 443.71136474609375 0.35029226541519165
307.9466552734375 445.0840148925781 0.3502870202064514
311.7037048339844 446.4566650390625 0.3502817749977112
315.46075439453125 447.82928466796875 0.35027652978897095
319.2178649902344 449.201904296875 0.35027652978897095
322.9749755859375 450.57452392578125 0.35027652978897095
326.7320861816406 451.9471435546875 0.35027652978897095
330.48919677734375 453.31976318359375 0.35027652978897095
330.5860290527344 453.37841796875 0.7388827800750732
333.54290771484375 456.072265625 0.7388827800750732
336.4997863769531 458.76611328125 0.7388827800750732
339.4566650390625 461.4599609375 0.7388827800750732
342.4135437011719 464.15380859375 0.7388827800750732
345.37042236328125 466.84765625 0.7388827800750732
348.3273010253906 469.54150390625 0.7388827800750732
351.2841796875 472.2353515625 0.7388827800750732
354.2410583496094 474.92919921875 0.7388827800750732
357.19793701171875 477.623046875 0.7388827800750732
360.1548156738281 480.31689453125 0.7388827800750732
363.1116943359375 483.0107421875 0.7388827800750732
366.0685729980469 485.70458984375 0.7388827800750732
369.02545166015625 488.3984375 0.7388827800750732
371.9823303222656 491.09228515625 0.7388827800750732
374.939208984375 493.7861328125 0.7388827800750732
377.8960876464844 496.47998046875 0.7388827800750732
380.85296630859375 499.173828125 0.7388827800750732
383.8098449707031 501.86767578125 0.7388827800750732
386.7667236328125 504.5615234375 0.7388827800750732
389.7236022949219 507.25537109375 0.7388827800750732
392.68048095703125 509.94921875 0.7388827800750732
395.6373596191406 512.64306640625 0.7388827800750732
398.59423828125 515.3369140625 0.7388827800750732
401.5511169433594 518.03076171875 0.7388827800750732
404.50799560546875 520.724609375 0.7388827800750732
407.4648742675781 523.41845703125 0.7388827800750732
410.4217529296875 526.1123046875 0.7388827800750732
413.3786315917969 528.80615234375 0.7388827800750732
416.3346862792969 531.4989013671875 0.738746702671051
416.3346862792969 531.4989013671875 0.33874669671058655
420.10736083984375 532.828125 0.33874669671058655
423.8800354003906 534.1573486328125 0.33874669671058655
427.6527099609375 535.486572265625 0.33874669671058655
431.4253845214844 536.8157958984375 0.33874669671058655
435.19805908203125 538.14501953125 0.33874669671058655
438.9707336425781 539.4742431640625 0.33874669671058655
442.743408203125 540.803466796875 0.33874669671058655
446.5160827636719 542.1326904296875 0.33874669671058655
450.28875732421875 543.4619140625 0.33874669671058655
454.0614318847656 544.7911376953125 0.33874669671058655
457.8341064453125 546.120361328125 0.33874669671058655
461.6067810058594 547.4495849609375 0.33874669671058655
465.37945556640625 548.77880859375 0.33874669671058655
469.1521301269531 550.1080322265625 0.33874669671058655
472.9248046875 551.437255859375 0.33874669671058655
476.6974792480469 552.7664794921875 0.33874669671058655
480.47015380859375 554.095703125 0.33874669671058655
484.2428283691406 555.4249267578125 0.33874669671058655
488.0155029296875 556.754150390625 0.33874669671058655
491.7881774902344 558.0833740234375 0.33874669671058655
495.56085205078125 559.41259765625 0.33874669671058655
495.56085205078125 559.41259765625 -0.06125330924987793
499.5533447265625 559.167724609375 -0.06125330924987793
499.5533447265625 559.167724609375 -0.4612533152103424
503.13531494140625 557.387451171875 -0.4612533152103424
506.71728515625 555.607177734375 -0.4612533152103424
510.29925537109375 553.826904296875 -0.4612533152103424
513.8798828125 552.0469970703125 -0.4613915979862213
517.4602661132812 550.2666015625 -0.4615298807621002
521.0404052734375 548.4857177734375 -0.4616681635379791
524.6203002929688 546.704345703125 -0.46180644631385803
528.199951171875 544.9224243164062 -0.46194472908973694
528.199951171875 544.9224243164062 -0.8619447350502014
530.8037719726562 541.885986328125 -0.8619447350502014
533.4075927734375 538.8495483398438 -0.8619447350502014
533.4075927734375 538.8495483398438 -1.2619447708129883
534.6234741210938 535.038818359375 -1.2619447708129883
535.83935546875 531.2280883789062 -1.2619447708129883
537.0552368164062 527.4173583984375 -1.2619447708129883
538.2711181640625 523.6066284179688 -1.2619447708129883
539.4869995117188 519.7958984375 -1.2619447708129883
540.702880859375 515.9851684570312 -1.2619447708129883
541.9187622070312 512.1744384765625 -1.2619447708129883
541.9187622070312 512.1744384765625 -1.6619447469711304
541.5546875 508.1910400390625 -1.6619447469711304
541.1906127929688 504.2076416015625 -1.6619447469711304
540.8265380859375 500.2242431640625 -1.6619447469711304
540.4624633789062 496.2408447265625 -1.6619447469711304
540.098388671875 492.2574462890625 -1.6619447469711304
539.734130859375 488.27545166015625 -1.6620830297470093
539.3693237304688 484.29351806640625 -1.6622213125228882
539.0039672851562 480.3116149902344 -1.662359595298767
539.0039672851562 480.3116149902344 -2.062359571456909
537.115966796875 476.78521728515625 -2.062359571456909
535.2279663085938 473.2588195800781 -2.062359571456909
533.3399658203125 469.732421875 -2.062359571456909
531.4519653320312 466.2060241699219 -2.062359571456909
529.56396484375 462.67962646484375 -2.062359571456909
529.56396484375 462.67962646484375 -2.462359666824341
526.4517211914062 460.1668395996094 -2.462359666824341
523.3394775390625 457.654052734375 -2.462359666824341
520.2272338867188 455.1412658691406 -2.462359666824341
517.114990234375 452.62847900390625 -2.462359666824341
514.0027465820312 450.1156921386719 -2.462359666824341
510.8905334472656 447.6029052734375 -2.462359666824341
507.7783203125 445.0901184082031 -2.462359666824341
504.6661071777344 442.57733154296875 -2.462359666824341
501.55389404296875 440.0645446777344 -2.462359666824341
498.4416809082031 437.5517578125 -2.462359666824341
495.3294677734375 435.0389709472656 -2.462359666824341
492.2172546386719 432.52618408203125 -2.462359666824341
489.10504150390625 430.0133972167969 -2.462359666824341
485.9928283691406 427.5006103515625 -2.462359666824341
482.880615234375 424.9878234863281 -2.462359666824341
479.7684020996094 422.47503662109375 -2.462359666824341
476.65618896484375 419.9622497558594 -2.462359666824341
473.5439758300781 417.449462890625 -2.462359666824341
470.4317626953125 414.9366760253906 -2.462359666824341
467.3195495605469 412.42388916015625 -2.462359666824341
464.20733642578125 409.9111022949219 -2.462359666824341
461.0951232910156 407.3983154296875 -2.462359666824341
457.98291015625 404.8855285644531 -2.462359666824341
454.8706970214844 402.37274169921875 -2.462359666824341
451.75848388671875 399.8599548339844 -2.462359666824341
448.6462707519531 397.34716796875 -2.462359666824341
445.5340576171875 394.8343811035156 -2.462359666824341
442.4218444824219 392.32159423828125 -2.462359666824341
439.30963134765625 389.8088073730469 -2.462359666824341
436.1974182128906 387.2960205078125 -2.462359666824341
433.085205078125 384.7832336425781 -2.462359666824341
429.9729919433594 382.27044677734375 -2.462359666824341
426.86077880859375 379.7576599121094 -2.462359666824341
423.7485656738281 377.244873046875 -2.462359666824341
420.6363525390625 374.7320861816406 -2.462359666824341
417.5241394042969 372.21929931640625 -2.462359666824341
414.41192626953125 369.7065124511719 -2.462359666824341
411.2997131347656 367.1937255859375 -2.462359666824341
408.1875 364.6809387207031 -2.462359666824341
405.0752868652344 362.16815185546875 -2.462359666824341
401.96307373046875 359.6553649902344 -2.462359666824341
401.96307373046875 359.6553649902344 -2.8623597621917725
398.1180114746094 358.5528869628906 -2.8623597621917725
394.27294921875 357.4504089355469 -2.8623597621917725
390.4278869628906 356.3479309082031 -2.8623597621917725
386.58282470703125 355.2454528808594 -2.8623597621917725
382.7377624511719 354.1429748535156 -2.8623597621917725
378.8927001953125 353.0404968261719 -2.8623597621917725
375.0476379394531 351.9380187988281 -2.8623597621917725
371.20257568359375 350.8355407714844 -2.8623597621917725
367.3575134277344 349.7330627441406 -2.8623597621917725
363.512451171875 348.6305847167969 -2.8623597621917725
359.6673889160156 347.5281066894531 -2.8623597621917725
355.82232666015625 346.4256286621094 -2.8623597621917725
355.822265625 346.42559814453125 -2.4623656272888184
352.71002197265625 343.912841796875 -2.4623656272888184
349.5977783203125 341.40008544921875 -2.4623656272888184
346.48553466796875 338.8873291015625 -2.4623656272888184
343.373291015625 336.37457275390625 -2.4623656272888184
340.26104736328125 333.86181640625 -2.4623656272888184
337.1488037109375 331.34906005859375 -2.4623656272888184
334.03656005859375 328.8363037109375 -2.4623656272888184
330.92431640625 326.32354736328125 -2.4623656272888184
327.81207275390625 323.810791015625 -2.4623656272888184
324.6998291015625 321.29803466796875 -2.4623656272888184
321.58758544921875 318.7852783203125 -2.4623656272888184
318.475341796875 316.27252197265625 -2.4623656272888184
318.475341796875 316.27252197265625 -2.86236572265625
314.6302795410156 315.1700744628906 -2.86236572265625
310.78521728515625 314.067626953125 -2.86236572265625
306.940185546875 312.9652099609375 -2.8623709678649902
303.0950927734375 311.86279296875 -2.8623709678649902
299.25 310.7603759765625 -2.8623709678649902
295.40496826171875 309.657958984375 -2.8623762130737305
291.55987548828125 308.5555419921875 -2.8623762130737305
287.71478271484375 307.453125 -2.8623762130737305
283.86968994140625 306.3507080078125 -2.8623762130737305
283.86968994140625 306.3507080078125 3.0208089351654053
283.75677490234375 306.3423767089844 -2.873769998550415
283.75677490234375 306.3423767089844 3.0094151496887207
283.6437683105469 306.3353576660156 -2.8851637840270996
283.6437683105469 306.3353576660156 2.998021364212036
283.53070068359375 306.3296203613281 -2.896557569503784
279.8176574707031 305.36859130859375 -2.8801019191741943
275.9536437988281 304.3345031738281 -2.8801019191741943
275.85198974609375 304.28466796875 -2.4914956092834473
272.6678771972656 301.8636169433594 -2.4914956092834473
269.4837646484375 299.44256591796875 -2.4914956092834473
266.2996520996094 297.0215148925781 -2.4914956092834473
263.11553955078125 294.6004638671875 -2.4914956092834473
259.9314270019531 292.1794128417969 -2.4914956092834473
256.747314453125 289.75836181640625 -2.4914956092834473
253.56321716308594 287.3373107910156 -2.4914956092834473
250.37911987304688 284.916259765625 -2.4914956092834473
247.1950225830078 282.4952087402344 -2.4914956092834473
244.01092529296875 280.07415771484375 -2.4914956092834473
240.8268280029297 277.6531066894531 -2.4914956092834473
240.7516326904297 277.5684509277344 -2.1028892993927
238.72227478027344 274.1214599609375 -2.1028892993927
236.6929168701172 270.6744689941406 -2.1028892993927
236.6553955078125 270.5676574707031 -1.7142831087112427
236.0834197998047 266.6087646484375 -1.7142831087112427
235.51144409179688 262.6498718261719 -1.7142831087112427
234.93946838378906 258.69097900390625 -1.7142831087112427
234.36749267578125 254.73208618164062 -1.7142831087112427
233.79551696777344 250.773193359375 -1.7142831087112427
233.22354125976562 246.81430053710938 -1.7142831087112427
232.6515655517578 242.85540771484375 -1.7142831087112427
232.07958984375 238.89651489257812 -1.7142831087112427
231.5076141357422 234.9376220703125 -1.7142831087112427
230.93563842773438 230.97872924804688 -1.7142831087112427
230.36366271972656 227.01983642578125 -1.7142831087112427
229.79168701171875 223.06094360351562 -1.7142831087112427
229.21971130371094 219.10205078125 -1.7142831087112427
229.2254638671875 218.9889678955078 -1.3256769180297852
230.19615173339844 215.10853576660156 -1.3256769180297852
231.16683959960938 211.2281036376953 -1.3256769180297852
232.1375274658203 207.34767150878906 -1.3256769180297852
233.10821533203125 203.4672393798828 -1.3256769180297852
234.0789031982422 199.58680725097656 -1.3256769180297852
234.1270751953125 199.48434448242188 -0.9370706677436829
236.4956817626953 196.2610321044922 -0.9370706677436829
238.86428833007812 193.0377197265625 -0.9370706677436829
238.94769287109375 192.96115112304688 -0.5484644174575806
242.36099243164062 190.87564086914062 -0.5484644174575806
245.7742919921875 188.79013061523438 -0.5484644174575806
249.18759155273438 186.70462036132812 -0.5484644174575806
252.60089111328125 184.61911010742188 -0.5484644174575806
256.0141906738281 182.53359985351562 -0.5484644174575806
259.427490234375 180.44808959960938 -0.5484644174575806
259.53369140625 180.4088134765625 -0.15986019372940063
263.4826965332031 179.7720947265625 -0.15986019372940063
267.43170166015625 179.1353759765625 -0.15986019372940063
271.3807067871094 178.4986572265625 -0.15986019372940063
275.3297119140625 177.8619384765625 -0.15986019372940063
279.2787170410156 177.2252197265625 -0.15986019372940063
283.22772216796875 176.5885009765625 -0.15986019372940063
287.1767272949219 175.9517822265625 -0.15986019372940063
291.125732421875 175.3150634765625 -0.15986019372940063
295.0747375488281 174.6783447265625 -0.15986019372940063
299.02374267578125 174.0416259765625 -0.15986019372940063
302.9727478027344 173.4049072265625 -0.15986019372940063
306.9217529296875 172.7681884765625 -0.15986019372940063
310.8707580566406 172.1314697265625 -0.15986019372940063
314.81976318359375 171.4947509765625 -0.15986019372940063
318.7687683105469 170.8580322265625 -0.15986019372940063
322.7177734375 170.2213134765625 -0.15986019372940063
326.6667785644531 169.5845947265625 -0.15986019372940063
330.61578369140625 168.9478759765625 -0.15986019372940063
334.5647888183594 168.3111572265625 -0.15986019372940063
338.5137939453125 167.6744384765625 -0.15986019372940063
342.4627990722656 167.0377197265625 -0.15986019372940063
346.41180419921875 166.4010009765625 -0.15986019372940063
350.3608093261719 165.7642822265625 -0.15986019372940063
354.309814453125 165.1275634765625 -0.15986019372940063
358.2588195800781 164.4908447265625 -0.15986019372940063
362.20782470703125 163.8541259765625 -0.15986019372940063
366.1568298339844 163.2174072265625 -0.15986019372940063
370.1058349609375 162.5806884765625 -0.15986019372940063
374.0548400878906 161.9439697265625 -0.15986019372940063
378.00384521484375 161.3072509765625 -0.15986019372940063
381.9528503417969 160.6705322265625 -0.15986019372940063
385.90185546875 160.0338134765625 -0.15986019372940063
389.8508605957031 159.3970947265625 -0.15986019372940063
393.79986572265625 158.7603759765625 -0.15986019372940063
397.7488708496094 158.1236572265625 -0.15986019372940063
401.6978759765625 157.4869384765625 -0.15986019372940063
405.6468811035156 156.8502197265625 -0.15986019372940063
409.59588623046875 156.2135009765625 -0.15986019372940063
413.5448913574219 155.5767822265625 -0.15986019372940063
417.493896484375 154.9400634765625 -0.15986019372940063
421.4429016113281 154.3033447265625 -0.15986019372940063
425.39190673828125 153.6666259765625 -0.15986019372940063
429.3409118652344 153.0299072265625 -0.15986019372940063
433.2899169921875 152.3931884765625 -0.15986019372940063
437.2389221191406 151.7564697265625 -0.15986019372940063
441.18792724609375 151.1197509765625 -0.15986019372940063
445.1369323730469 150.4830322265625 -0.15986019372940063
449.0859375 149.8463134765625 -0.15986019372940063
453.0349426269531 149.2095947265625 -0.15986019372940063
456.98394775390625 148.5728759765625 -0.15986019372940063
460.9329528808594 147.9361572265625 -0.15986019372940063
464.8819580078125 147.2994384765625 -0.15986019372940063
468.8309631347656 146.6627197265625 -0.15986019372940063
472.77996826171875 146.0260009765625 -0.15986019372940063
476.7289733886719 145.3892822265625 -0.15986019372940063
480.677978515625 144.7525634765625 -0.15986019372940063
484.6269836425781 144.1158447265625 -0.15986019372940063
488.57598876953125 143.4791259765625 -0.15986019372940063
492.5249938964844 142.8424072265625 -0.15986019372940063
496.4739990234375 142.2056884765625 -0.15986019372940063
500.4230041503906 141.5689697265625 -0.15986019372940063
504.37200927734375 140.9322509765625 -0.15986019372940063
508.3196105957031 140.29547119140625 -0.15999849140644073
512.26708984375 139.6581573486328 -0.16013678908348083
516.2144775390625 139.02029418945312 -0.16027508676052094
520.1618041992188 138.3818817138672 -0.16041338443756104
524.1090698242188 137.742919921875 -0.16055168211460114
528.0562133789062 137.10342407226562 -0.16068997979164124
532.0032958984375 136.46337890625 -0.16082827746868134
532.0032958984375 136.46337890625 -0.5608282685279846
532.0032958984375 136.46337890625 -0.9608283042907715
534.294677734375 133.18470764160156 -0.9608283042907715
536.5860595703125 129.90603637695312 -0.9608283042907715
538.87744140625 126.62737274169922 -0.9608283042907715
538.87744140625 126.62737274169922 -1.3608282804489136
539.711181640625 122.71522521972656 -1.3608282804489136
540.544921875 118.8030776977539 -1.3608282804489136
541.378662109375 114.89093017578125 -1.3608282804489136
542.21240234375 110.9787826538086 -1.3608282804489136
543.046142578125 107.06663513183594 -1.3608282804489136
543.8798828125 103.15448760986328 -1.3608282804489136
544.713623046875 99.24234008789062 -1.3608282804489136
545.54736328125 95.33019256591797 -1.3608282804489136
545.54736328125 95.33019256591797 -1.7608282566070557
544.7918090820312 91.40360260009766 -1.7609657049179077
544.0357055664062 87.47712707519531 -1.7611039876937866
543.279052734375 83.55075073242188 -1.7612422704696655
542.5218505859375 79.62448120117188 -1.7613805532455444
541.7640991210938 75.69831848144531 -1.7615188360214233
541.0057983398438 71.77225494384766 -1.7616571187973022
540.2469482421875 67.84629821777344 -1.7617954015731812
539.4876098632812 63.920448303222656 -1.76193368434906
539.4876098632812 63.920448303222656 -2.161933660507202
539.4876098632812 63.920448303222656 -2.561933755874634
536.1409912109375 61.7294921875 -2.561933755874634
532.7943725585938 59.538536071777344 -2.561933755874634
529.44775390625 57.34757995605469 -2.561933755874634
529.44775390625 57.34757995605469 -2.9619336128234863
525.5121459960938 56.63280487060547 -2.9619336128234863
521.5765380859375 55.91802978515625 -2.9619336128234863
517.6409301757812 55.20325469970703 -2.9619336128234863
513.705322265625 54.48847961425781 -2.9619336128234863
509.76971435546875 53.773704528808594 -2.9619336128234863
505.8341064453125 53.058929443359375 -2.9619336128234863
501.89849853515625 52.344154357910156 -2.9619336128234863
497.962890625 51.62937927246094 -2.9619336128234863
494.02728271484375 50.91460418701172 -2.9619336128234863
490.0916748046875 50.1998291015625 -2.9619336128234863
486.15606689453125 49.48505401611328 -2.9619336128234863
482.220458984375 48.77027893066406 -2.9619336128234863
478.28485107421875 48.055503845214844 -2.9619336128234863
474.3492431640625 47.340728759765625 -2.9619336128234863
470.41363525390625 46.625953674316406 -2.9619336128234863
466.47802734375 45.91117858886719 -2.9619336128234863
462.54241943359375 45.19640350341797 -2.9619336128234863
458.6068115234375 44.48162841796875 -2.9619336128234863
454.67120361328125 43.76685333251953 -2.9619336128234863
450.735595703125 43.05207824707031 -2.9619336128234863
446.79998779296875 42.337303161621094 -2.9619336128234863
442.8643798828125 41.622528076171875 -2.9619336128234863
438.92877197265625 40.907752990722656 -2.9619336128234863
434.9931640625 40.19297790527344 -2.9619336128234863
431.05755615234375 39.47820281982422 -2.9619336128234863
427.1219482421875 38.763427734375 -2.9619336128234863
423.18634033203125 38.04865264892578 -2.9619336128234863
419.250732421875 37.33387756347656 -2.9619336128234863
415.31512451171875 36.619102478027344 -2.9619336128234863
411.3795166015625 35.904327392578125 -2.9619336128234863
407.44390869140625 35.189552307128906 -2.9619336128234863
403.50830078125 34.47477722167969 -2.9619336128234863
399.57269287109375 33.76000213623047 -2.9619336128234863
395.6370849609375 33.04522705078125 -2.9619336128234863
391.70147705078125 32.33045196533203 -2.9619336128234863
387.765869140625 31.61567497253418 -2.9619336128234863
383.83026123046875 30.900897979736328 -2.9619336128234863
379.8946533203125 30.186120986938477 -2.9619336128234863
375.95904541015625 29.471343994140625 -2.9619336128234863
372.0234375 28.756567001342773 -2.9619336128234863
368.08782958984375 28.041790008544922 -2.9619336128234863
364.1522216796875 27.32701301574707 -2.9619336128234863
360.21661376953125 26.61223602294922 -2.9619336128234863
356.281005859375 25.897459030151367 -2.9619336128234863
352.34539794921875 25.182682037353516 -2.9619336128234863
348.4097900390625 24.467905044555664 -2.9619336128234863
344.47418212890625 23.753128051757812 -2.9619336128234863
340.53857421875 23.03835105895996 -2.9619336128234863
340.53857421875 23.03835105895996 2.9212517738342285
336.6352844238281 23.912599563598633 2.9212517738342285
332.73199462890625 24.786848068237305 2.9212517738342285
328.8287048339844 25.661096572875977 2.9212517738342285
324.9254150390625 26.53534507751465 2.9212517738342285
321.0221252441406 27.40959358215332 2.9212517738342285
317.11883544921875 28.283842086791992 2.9212517738342285
313.2155456542969 29.158090591430664 2.9212517738342285
309.312255859375 30.032339096069336 2.9212517738342285
305.4089660644531 30.906587600708008 2.9212517738342285
301.50567626953125 31.78083610534668 2.9212517738342285
297.6023864746094 32.655086517333984 2.9212517738342285
293.6990966796875 33.529335021972656 2.9212517738342285
289.7958068847656 34.40358352661133 2.9212517738342285
285.89251708984375 35.27783203125 2.9212517738342285
281.9892272949219 36.15208053588867 2.9212517738342285
278.0859375 37.026329040527344 2.9212517738342285
274.1826477050781 37.900577545166016 2.9212517738342285
270.27935791015625 38.77482604980469 2.9212517738342285
266.3760681152344 39.64907455444336 2.9212517738342285
262.4727783203125 40.52332305908203 2.9212517738342285
258.5694885253906 41.3975715637207 2.9212517738342285
254.66619873046875 42.271820068359375 2.9212517738342285
250.76290893554688 43.14606857299805 2.9212517738342285
246.859619140625 44.02031707763672 2.9212517738342285
242.95632934570312 44.89456558227539 2.9212517738342285
239.05303955078125 45.76881408691406 2.9212517738342285
235.14974975585938 46.643062591552734 2.9212517738342285
231.2464599609375 47.517311096191406 2.9212517738342285
227.34317016601562 48.39155960083008 2.9212517738342285
223.43988037109375 49.26580810546875 2.9212517738342285
219.53659057617188 50.14005661010742 2.9212517738342285
215.63330078125 51.014305114746094 2.9212517738342285
211.73001098632812 51.888553619384766 2.9212517738342285
207.82672119140625 52.76280212402344 2.9212517738342285
203.92343139648438 53.63705062866211 2.9212517738342285
200.0201416015625 54.51129913330078 2.9212517738342285
196.11685180664062 55.38554763793945 2.9212517738342285
192.21356201171875 56.259796142578125 2.9212517738342285
188.31027221679688 57.1340446472168 2.9212517738342285
184.406982421875 58.00829315185547 2.9212517738342285
180.50369262695312 58.88254165649414 2.9212517738342285
176.60040283203125 59.75679016113281 2.9212517738342285
172.69711303710938 60.631038665771484 2.9212517738342285
168.7938232421875 61.505287170410156 2.9212517738342285
164.89053344726562 62.37953567504883 2.9212517738342285
160.98724365234375 63.2537841796875 2.9212517738342285
157.08395385742188 64.12803649902344 2.9212517738342285
153.1806640625 65.00228881835938 2.9212517738342285
149.27737426757812 65.87654113769531 2.9212517738342285
145.37408447265625 66.75079345703125 2.9212517738342285
141.47079467773438 67.62504577636719 2.9212517738342285
137.5675048828125 68.49929809570312 2.9212517738342285
133.66421508789062 69.37355041503906 2.9212517738342285
129.76092529296875 70.247802734375 2.9212517738342285
125.85763549804688 71.12205505371094 2.9212517738342285
121.954345703125 71.99630737304688 2.9212517738342285
118.05105590820312 72.87055969238281 2.9212517738342285
114.14776611328125 73.74481201171875 2.9212517738342285
110.24447631835938 74.61906433105469 2.9212517738342285
106.3411865234375 75.49331665039062 2.9212517738342285
102.43789672851562 76.36756896972656 2.9212517738342285
98.53460693359375 77.2418212890625 2.9212517738342285
94.63131713867188 78.11607360839844 2.9212517738342285
94.51813507080078 78.1190185546875 -2.973327159881592
90.57463073730469 77.44912719726562 -2.973327159881592
86.6311264038086 76.77923583984375 -2.973327159881592
82.6876220703125 76.10934448242188 -2.973327159881592
78.74475860595703 75.439697265625 -2.9733943939208984
74.80252075195312 74.77057647705078 -2.9735326766967773
70.86019134521484 74.10199737548828 -2.9736709594726562
66.91777038574219 73.43396759033203 -2.973809242248535
62.975257873535156 72.7664794921875 -2.973947525024414
59.03265380859375 72.09954071044922 -2.974085807800293
55.08995819091797 71.43314361572266 -2.974224090576172
51.156166076660156 70.77072143554688 -2.975306272506714
47.221656799316406 70.11255645751953 -2.976388454437256
43.28643798828125 69.45864868164062 -2.977470636367798
39.35051345825195 68.80899810791016 -2.97855281829834
35.41388702392578 68.16361236572266 -2.979635000228882
31.467676162719727 67.51914978027344 -2.9797861576080322
27.529117584228516 66.87818908691406 -2.9807488918304443
23.580747604370117 66.23758697509766 -2.9807488918304443
19.63237762451172 65.59698486328125 -2.9807488918304443
19.63237762451172 65.59698486328125 -2.980883836746216
19.63237762451172 65.59698486328125 -2.980883836746216
19.63237762451172 65.59698486328125 -2.980883836746216
19.63237762451172 65.59698486328125 -2.980883836746216
19.63237762451172 65.59698486328125 -2.980883836746216
19.63237762451172 65.59698486328125 -2.980883836746216
19.63237762451172 65.59698486328125 -2.980883836746216
19.63237762451172 65.59698486328125 -2.980883836746216
19.63237762451172 65.59698486328125 -2.980883836746216
19.63237762451172 65.59698486328125 -2.980883836746216
