62.828426361083984 452.82843017578125 0.7853981852531433
65.65685272216797 455.6568603515625 0.7853981852531433
68.48528289794922 458.48529052734375 0.7853981852531433
71.31371307373047 461.313720703125 0.7853981852531433
74.14214324951172 464.14215087890625 0.7853981852531433
76.97057342529297 466.9705810546875 0.7853981852531433
79.79900360107422 469.79901123046875 0.7853981852531433
82.62743377685547 472.62744140625 0.7853981852531433
85.45586395263672 475.45587158203125 0.7853981852531433
88.28429412841797 478.2843017578125 0.7853981852531433
91.11272430419922 481.11273193359375 0.7853981852531433
93.94115447998047 483.941162109375 0.7853981852531433
96.76958465576172 486.76959228515625 0.7853981852531433
99.59801483154297 489.5980224609375 0.7853981852531433
102.42644500732422 492.42645263671875 0.7853981852531433
105.25487518310547 495.2548828125 0.7853981852531433
108.08330535888672 498.08331298828125 0.7853981852531433
110.91173553466797 500.9117431640625 0.7853981852531433
113.74016571044922 503.74017333984375 0.7853981852531433
116.56859588623047 506.568603515625 0.7853981852531433
119.39702606201172 509.39703369140625 0.7853981852531433
122.22545623779297 512.2254638671875 0.7853981852531433
125.05388641357422 515.0538940429688 0.7853981852531433
127.88231658935547 517.88232421875 0.7853981852531433
130.7107391357422 520.7107543945312 0.7853981852531433
133.53916931152344 523.5391845703125 0.7853981852531433
136.3675994873047 526.3676147460938 0.7853981852531433
139.19602966308594 529.196044921875 0.7853981852531433
142.0244598388672 532.0244750976562 0.7853981852531433
142.0244598388672 532.0244750976562 0.38539817929267883
145.73104858398438 533.5281982421875 0.38539817929267883
149.43763732910156 535.0319213867188 0.38539817929267883
153.14422607421875 536.53564453125 0.38539817929267883
153.14422607421875 536.53564453125 -0.014601826667785645
157.143798828125 536.4772338867188 -0.014601826667785645
161.14337158203125 536.4188232421875 -0.014601826667785645
165.1429443359375 536.3604125976562 -0.014601826667785645
169.14251708984375 536.302001953125 -0.014601826667785645
173.14208984375 536.2435913085938 -0.014601826667785645
177.14166259765625 536.1851806640625 -0.014601826667785645
177.14166259765625 536.1851806640625 -0.4146018326282501
180.80276489257812 534.5738525390625 -0.4146018326282501
184.4638671875 532.9625244140625 -0.4146018326282501
188.12496948242188 531.3511962890625 -0.4146018326282501
191.78607177734375 529.7398681640625 -0.4146018326282501
195.44717407226562 528.1285400390625 -0.4146018326282501
199.1082763671875 526.5172119140625 -0.4146018326282501
202.76937866210938 524.9058837890625 -0.4146018326282501
206.43048095703125 523.2945556640625 -0.4146018326282501
210.09158325195312 521.6832275390625 -0.4146018326282501
213.752685546875 520.0718994140625 -0.4146018326282501
217.41378784179688 518.4605712890625 -0.4146018326282501
221.07489013671875 516.8492431640625 -0.4146018326282501
224.73599243164062 515.2379150390625 -0.4146018326282501
228.3970947265625 513.6265869140625 -0.4146018326282501
228.3970947265625 513.6265869140625 -0.8146018385887146
231.1417236328125 510.7167663574219 -0.8146018385887146
233.8863525390625 507.80694580078125 -0.8146018385887146
236.6309814453125 504.8971252441406 -0.8146018385887146
239.3756103515625 501.9873046875 -0.8146018385887146
242.1202392578125 499.0774841308594 -0.8146018385887146
244.8648681640625 496.16766357421875 -0.8146018385887146
247.6094970703125 493.2578430175781 -0.8146018385887146
250.3541259765625 490.3480224609375 -0.8146018385887146
253.0987548828125 487.4382019042969 -0.8146018385887146
255.8433837890625 484.52838134765625 -0.8146018385887146
258.5880126953125 481.6185607910156 -0.8146018385887146
261.3326416015625 478.708740234375 -0.8146018385887146
264.0772705078125 475.7989196777344 -0.8146018385887146
266.8218994140625 472.88909912109375 -0.8146018385887146
269.5665283203125 469.9792785644531 -0.8146018385887146
272.3111572265625 467.0694580078125 -0.8146018385887146
275.0557861328125 464.1596374511719 -0.8146018385887146
277.8004150390625 461.24981689453125 -0.8146018385887146
280.5450439453125 458.3399963378906 -0.8146018385887146
283.2896728515625 455.43017578125 -0.8146018385887146
286.0343017578125 452.5203552246094 -0.8146018385887146
288.7789306640625 449.61053466796875 -0.8146018385887146
291.5235595703125 446.7007141113281 -0.8146018385887146
292.0032653808594 446.3399963378906 -0.4749116897583008
292.57574462890625 446.15972900390625 -0.13522154092788696
293.17559814453125 446.1805114746094 0.20446860790252686
297.09228515625 446.9927062988281 0.20446860790252686
301.00897216796875 447.8049011230469 0.20446860790252686
304.9256591796875 448.6170959472656 0.20446854829788208
308.84234619140625 449.4292907714844 0.2044684886932373
312.759033203125 450.2414855957031 0.20446842908859253
313.31768798828125 450.4609375 0.5441585779190063
316.73992919921875 452.53173828125 0.5441585779190063
320.16217041015625 454.6025390625 0.5441585779190063
323.58441162109375 456.67333984375 0.5441585779190063
327.00665283203125 458.744140625 0.5441585779190063
330.42889404296875 460.81494140625 0.5441585779190063
333.85113525390625 462.8857421875 0.5441585779190063
337.27337646484375 464.95654296875 0.5441585779190063
340.69561767578125 467.02734375 0.5441585779190063
344.11785888671875 469.09814453125 0.5441585779190063
347.54010009765625 471.1689453125 0.5441585779190063
350.96234130859375 473.23974609375 0.5441585779190063
354.38458251953125 475.310546875 0.5441585779190063
357.80682373046875 477.38134765625 0.5441585779190063
361.22906494140625 479.4521484375 0.5441585779190063
364.65130615234375 481.52294921875 0.5441585779190063
368.07354736328125 483.59375 0.5441585779190063
371.49578857421875 485.66455078125 0.5441585779190063
374.91802978515625 487.7353515625 0.5441585779190063
378.34027099609375 489.80615234375 0.5441585779190063
381.76251220703125 491.876953125 0.5441585779190063
385.18475341796875 493.94775390625 0.5441585779190063
388.60699462890625 496.0185546875 0.5441585779190063
392.02923583984375 498.08935546875 0.5441585779190063
395.45147705078125 500.16015625 0.5441585779190063
398.87371826171875 502.23095703125 0.5441585779190063
402.29595947265625 504.3017578125 0.5441585779190063
405.71820068359375 506.37255859375 0.5441585779190063
409.14044189453125 508.443359375 0.5441585779190063
412.56268310546875 510.51416015625 0.5441585779190063
415.98492431640625 512.5849609375 0.5441585779190063
419.40716552734375 514.65576171875 0.5441585779190063
422.82940673828125 516.7265625 0.5441585779190063
426.25164794921875 518.79736328125 0.5441585779190063
429.67388916015625 520.8681640625 0.5441585779190063
433.09613037109375 522.93896484375 0.5441585779190063
436.51837158203125 525.009765625 0.5441585779190063
439.94061279296875 527.08056640625 0.5441585779190063
443.36285400390625 529.1513671875 0.5441585779190063
446.78509521484375 531.22216796875 0.5441585779190063
450.20733642578125 533.29296875 0.5441585779190063
453.62957763671875 535.36376953125 0.5441585779190063
457.05181884765625 537.4345703125 0.5441585779190063
460.47406005859375 539.50537109375 0.5441585779190063
463.89630126953125 541.576171875 0.5441585779190063
467.31854248046875 543.64697265625 0.5441585779190063
470.74078369140625 545.7177734375 0.5441585779190063
470.74078369140625 545.7177734375 0.14415857195854187
474.69927978515625 546.2924194335938 0.14415857195854187
478.65777587890625 546.8670654296875 0.14415857195854187
482.61627197265625 547.4417114257812 0.14415857195854187
486.57476806640625 548.016357421875 0.14415857195854187
490.53326416015625 548.5910034179688 0.14415857195854187
494.49176025390625 549.1656494140625 0.14415857195854187
498.45025634765625 549.7402954101562 0.14415857195854187
502.40875244140625 550.31494140625 0.14415857195854187
506.36724853515625 550.8895874023438 0.14415857195854187
506.36724853515625 550.8895874023438 -0.2558414340019226
510.237060546875 549.8773193359375 -0.2558414340019226
514.1068725585938 548.8650512695312 -0.25584161281585693
517.9766845703125 547.852783203125 -0.25584179162979126
521.8464965820312 546.8405151367188 -0.2558419704437256
525.71630859375 545.8282470703125 -0.2558421492576599
529.5861206054688 544.8159790039062 -0.25584232807159424
529.5861206054688 544.8159790039062 -0.6558423042297363
529.5861206054688 544.8159790039062 -1.0558422803878784
531.5560913085938 541.334716796875 -1.0558422803878784
533.5260620117188 537.8534545898438 -1.0558422803878784
535.4960327148438 534.3721923828125 -1.0558422803878784
537.4660034179688 530.8909301757812 -1.0558422803878784
539.4359741210938 527.40966796875 -1.0558422803878784
541.4059448242188 523.9284057617188 -1.0558422803878784
543.3759155273438 520.4471435546875 -1.0558422803878784
545.3458862304688 516.9658813476562 -1.0558422803878784
547.3158569335938 513.484619140625 -1.0558422803878784
549.2858276367188 510.00335693359375 -1.0558422803878784
549.2858276367188 510.00335693359375 -1.4558422565460205
549.74462890625 506.0297546386719 -1.4558422565460205
550.2034301757812 502.05615234375 -1.4558422565460205
550.2034301757812 502.05615234375 -1.8558422327041626
549.07861328125 498.2175598144531 -1.8558422327041626
547.9537963867188 494.37896728515625 -1.8558422327041626
546.8289794921875 490.5403747558594 -1.8558422327041626
545.7041625976562 486.7017822265625 -1.8558422327041626
544.579345703125 482.8631896972656 -1.8558422327041626
544.579345703125 482.8631896972656 -2.2558422088623047
542.0485229492188 479.765625 -2.2558422088623047
539.5177001953125 476.6680603027344 -2.2558422088623047
536.9868774414062 473.57049560546875 -2.2558422088623047
534.4560546875 470.4729309082031 -2.2558422088623047
531.9252319335938 467.3753662109375 -2.2558422088623047
529.3944091796875 464.2778015136719 -2.2558422088623047
526.8635864257812 461.18023681640625 -2.2558422088623047
524.332763671875 458.0826721191406 -2.2558422088623047
521.8019409179688 454.985107421875 -2.2558422088623047
519.2711181640625 451.8875427246094 -2.2558422088623047
516.7402954101562 448.78997802734375 -2.2558422088623047
514.20947265625 445.6924133300781 -2.2558422088623047
511.67864990234375 442.5948486328125 -2.2558422088623047
509.1478271484375 439.4972839355469 -2.2558422088623047
506.61700439453125 436.39971923828125 -2.2558422088623047
504.086181640625 433.3021545410156 -2.2558422088623047
501.55535888671875 430.20458984375 -2.2558422088623047
499.0245361328125 427.1070251464844 -2.2558422088623047
496.49371337890625 424.00946044921875 -2.2558422088623047
496.49371337890625 424.00946044921875 -2.6558423042297363
492.9564208984375 422.1419677734375 -2.6558423042297363
489.41912841796875 420.27447509765625 -2.6558423042297363
485.8818359375 418.406982421875 -2.6558423042297363
482.34454345703125 416.53948974609375 -2.6558423042297363
478.8072509765625 414.6719970703125 -2.6558423042297363
475.26995849609375 412.80450439453125 -2.6558423042297363
471.732666015625 410.93701171875 -2.6558423042297363
468.19537353515625 409.06951904296875 -2.6558423042297363
464.6580810546875 407.2020263671875 -2.6558423042297363
461.12078857421875 405.33453369140625 -2.6558423042297363
457.58349609375 403.467041015625 -2.6558423042297363
454.04620361328125 401.59954833984375 -2.6558423042297363
450.5089111328125 399.7320556640625 -2.6558423042297363
446.97161865234375 397.86456298828125 -2.6558423042297363
443.434326171875 395.9970703125 -2.6558423042297363
439.89703369140625 394.12957763671875 -2.6558423042297363
436.3597412109375 392.2620849609375 -2.6558423042297363
432.82244873046875 390.39459228515625 -2.6558423042297363
429.28515625 388.527099609375 -2.6558423042297363
425.74786376953125 386.65960693359375 -2.6558423042297363
422.2105712890625 384.7921142578125 -2.6558423042297363
418.67327880859375 382.92462158203125 -2.6558423042297363
415.135986328125 381.05712890625 -2.6558423042297363
411.59869384765625 379.18963623046875 -2.6558423042297363
408.0614013671875 377.3221435546875 -2.6558423042297363
404.52410888671875 375.45465087890625 -2.6558423042297363
400.98681640625 373.587158203125 -2.6558423042297363
397.44952392578125 371.71966552734375 -2.6558423042297363
393.9122314453125 369.8521728515625 -2.6558423042297363
390.37493896484375 367.98468017578125 -2.6558423042297363
386.837646484375 366.1171875 -2.6558423042297363
383.30035400390625 364.24969482421875 -2.6558423042297363
379.7630615234375 362.3822021484375 -2.6558423042297363
376.22576904296875 360.51470947265625 -2.6558423042297363
372.6884765625 358.647216796875 -2.6558423042297363
369.15118408203125 356.77972412109375 -2.6558423042297363
365.6138916015625 354.9122314453125 -2.6558423042297363
362.07659912109375 353.04473876953125 -2.6558423042297363
358.539306640625 351.17724609375 -2.6558423042297363
355.00201416015625 349.30975341796875 -2.6558423042297363
351.4647216796875 347.4422607421875 -2.6558423042297363
347.92742919921875 345.57476806640625 -2.6558423042297363
344.39013671875 343.707275390625 -2.6558423042297363
340.85284423828125 341.83978271484375 -2.6558423042297363
337.3155517578125 339.9722900390625 -2.6558423042297363
333.77825927734375 338.10479736328125 -2.6558423042297363
330.240966796875 336.2373046875 -2.6558423042297363
326.70367431640625 334.36981201171875 -2.6558423042297363
323.1663818359375 332.5023193359375 -2.6558423042297363
319.62908935546875 330.63482666015625 -2.6558423042297363
316.091796875 328.767333984375 -2.6558423042297363
312.55450439453125 326.89984130859375 -2.6558423042297363
309.0172119140625 325.0323486328125 -2.6558423042297363
305.47991943359375 323.16485595703125 -2.6558423042297363
301.942626953125 321.29736328125 -2.6558423042297363
298.40533447265625 319.42987060546875 -2.6558423042297363
294.8680419921875 317.5623779296875 -2.6558423042297363
291.33074951171875 315.69488525390625 -2.6558423042297363
287.79345703125 313.827392578125 -2.6558423042297363
284.25616455078125 311.95989990234375 -2.6558423042297363
280.7188720703125 310.0924072265625 -2.6558423042297363
277.18157958984375 308.22491455078125 -2.6558423042297363
273.644287109375 306.357421875 -2.6558423042297363
270.10699462890625 304.48992919921875 -2.6558423042297363
266.5697021484375 302.6224365234375 -2.6558423042297363
266.09393310546875 302.25653076171875 -2.3161520957946777
263.3810119628906 299.317138671875 -2.3161520957946777
260.6680908203125 296.37774658203125 -2.3161520957946777
257.9551696777344 293.4383544921875 -2.3161520957946777
255.2422332763672 290.49896240234375 -2.3161520957946777
252.529296875 287.5595703125 -2.3161520957946777
249.8163604736328 284.62017822265625 -2.3161520957946777
249.48562622070312 284.1108093261719 -1.977176547050476
247.90447998046875 280.43658447265625 -1.977176547050476
246.32333374023438 276.7623596191406 -1.977176547050476
244.7421875 273.088134765625 -1.977176547050476
243.6778564453125 270.24517822265625 -1.8808605670928955
242.45738220214844 266.4359130859375 -1.8808605670928955
242.37350463867188 265.84161376953125 -1.5411704778671265
242.4919891357422 261.8433837890625 -1.5411704778671265
242.6104736328125 257.84515380859375 -1.5411704778671265
242.7289581298828 253.84690856933594 -1.5411704778671265
242.84744262695312 249.84866333007812 -1.5411704778671265
242.96592712402344 245.8504180908203 -1.5411704778671265
243.08441162109375 241.8521728515625 -1.5411704778671265
243.20289611816406 237.8539276123047 -1.5411704778671265
243.32138061523438 233.85568237304688 -1.5411704778671265
243.4398651123047 229.85743713378906 -1.5411704778671265
243.558349609375 225.85919189453125 -1.5411704778671265
243.6768341064453 221.86094665527344 -1.5411704778671265
243.79531860351562 217.86270141601562 -1.5411704778671265
243.91380310058594 213.8644561767578 -1.5411704778671265
244.03228759765625 209.8662109375 -1.5411704778671265
244.15077209472656 205.8679656982422 -1.5411704778671265
244.26925659179688 201.86972045898438 -1.5411704778671265
244.3877410888672 197.87147521972656 -1.5411704778671265
244.5066680908203 197.28317260742188 -1.2014803886413574
244.8148193359375 196.7681121826172 -0.8617902398109436
245.2769775390625 196.38516235351562 -0.5221000909805298
248.74407958984375 194.39035034179688 -0.5221000909805298
252.211181640625 192.39553833007812 -0.5221000909805298
255.67828369140625 190.40072631835938 -0.5221000909805298
256.24169921875 190.19361877441406 -0.18241646885871887
260.1753234863281 189.46798706054688 -0.18241646885871887
264.10894775390625 188.7423553466797 -0.18241646885871887
268.0425720214844 188.0167236328125 -0.18241646885871887
271.9761962890625 187.2910919189453 -0.18241646885871887
275.9098205566406 186.56546020507812 -0.18241646885871887
279.84344482421875 185.83982849121094 -0.18241646885871887
283.7770690917969 185.11419677734375 -0.18241646885871887
287.710693359375 184.38856506347656 -0.18241646885871887
291.6443176269531 183.66293334960938 -0.18241646885871887
295.57794189453125 182.9373016357422 -0.18241646885871887
299.5115661621094 182.211669921875 -0.18241646885871887
303.4451904296875 181.4860382080078 -0.18241646885871887
307.3788146972656 180.76040649414062 -0.18241646885871887
311.31243896484375 180.03477478027344 -0.18241646885871887
315.2460632324219 179.30914306640625 -0.18241646885871887
319.1796875 178.58351135253906 -0.18241646885871887
323.1133117675781 177.85787963867188 -0.18241646885871887
327.04693603515625 177.1322479248047 -0.18241646885871887
330.9805603027344 176.4066162109375 -0.18241646885871887
334.9141845703125 175.6809844970703 -0.18241646885871887
338.8478088378906 174.95535278320312 -0.18241646885871887
342.78143310546875 174.22972106933594 -0.18241646885871887
346.7150573730469 173.50408935546875 -0.18241646885871887
350.648681640625 172.77845764160156 -0.18241646885871887
354.5823059082031 172.05282592773438 -0.18241646885871887
358.51593017578125 171.3271942138672 -0.18241646885871887
362.4495544433594 170.6015625 -0.18241646885871887
366.3831787109375 169.8759307861328 -0.18241646885871887
370.3168029785156 169.15029907226562 -0.18241646885871887
374.25042724609375 168.42466735839844 -0.18241646885871887
378.1840515136719 167.69903564453125 -0.18241646885871887
382.11767578125 166.97340393066406 -0.18241646885871887
386.0513000488281 166.24777221679688 -0.18241646885871887
389.98492431640625 165.5221405029297 -0.18241646885871887
393.9185485839844 164.7965087890625 -0.18241646885871887
397.8521728515625 164.0708770751953 -0.18241646885871887
401.7857971191406 163.34524536132812 -0.18241646885871887
405.71942138671875 162.61961364746094 -0.18241646885871887
409.6530456542969 161.89398193359375 -0.18241646885871887
413.586669921875 161.16835021972656 -0.18241646885871887
417.5202941894531 160.44271850585938 -0.18241646885871887
421.45391845703125 159.7170867919922 -0.18241646885871887
425.3875427246094 158.991455078125 -0.18241646885871887
429.3211669921875 158.2658233642578 -0.18241646885871887
433.2547912597656 157.54019165039062 -0.18241646885871887
437.18841552734375 156.81455993652344 -0.18241646885871887
441.1220397949219 156.08892822265625 -0.18241646885871887
445.0556640625 155.36329650878906 -0.18241646885871887
448.9892883300781 154.63766479492188 -0.18241646885871887
452.92291259765625 153.9120330810547 -0.18241646885871887
456.8565368652344 153.1864013671875 -0.18241646885871887
460.7901611328125 152.4607696533203 -0.18241646885871887
464.7237854003906 151.73513793945312 -0.18241646885871887
468.65740966796875 151.00950622558594 -0.18241646885871887
472.5910339355469 150.28387451171875 -0.18241646885871887
476.524658203125 149.55824279785156 -0.18241646885871887
480.4582824707031 148.83261108398438 -0.18241646885871887
484.39190673828125 148.1069793701172 -0.18241646885871887
488.3255310058594 147.38134765625 -0.18241646885871887
492.2591552734375 146.6557159423828 -0.18241646885871887
496.1927795410156 145.93008422851562 -0.18241646885871887
500.12640380859375 145.20445251464844 -0.18241646885871887
504.0600280761719 144.47882080078125 -0.18241646885871887
507.99365234375 143.75318908691406 -0.18241646885871887
511.9272766113281 143.02755737304688 -0.18241646885871887
515.8609008789062 142.3019256591797 -0.182416632771492
519.7945556640625 141.5762939453125 -0.18241679668426514
523.7282104492188 140.8506622314453 -0.18241696059703827
527.661865234375 140.12503051757812 -0.1824171245098114
531.5955200195312 139.39939880371094 -0.18241728842258453
531.5955200195312 139.39939880371094 -0.5824173092842102
531.5955200195312 139.39939880371094 -0.9824173450469971
533.8155517578125 136.07203674316406 -0.9824173450469971
536.0355834960938 132.7446746826172 -0.9824173450469971
538.255615234375 129.4173126220703 -0.9824173450469971
540.4756469726562 126.08995056152344 -0.9824173450469971
542.6956787109375 122.76258850097656 -0.9824173450469971
544.9157104492188 119.43522644042969 -0.9824173450469971
544.9157104492188 119.43522644042969 -1.3824173212051392
545.664794921875 115.50598907470703 -1.3824173212051392
546.4138793945312 111.57675170898438 -1.3824173212051392
547.1629638671875 107.64751434326172 -1.3824173212051392
547.9120483398438 103.71827697753906 -1.3824173212051392
548.6611328125 99.7890396118164 -1.3824173212051392
549.4102172851562 95.85980224609375 -1.3824173212051392
550.1593017578125 91.9305648803711 -1.3824173212051392
550.9083862304688 88.00132751464844 -1.3824173212051392
550.9083862304688 88.00132751464844 -1.7824172973632812
550.0681762695312 84.09056091308594 -1.7824174165725708
549.2279663085938 80.17979431152344 -1.7824175357818604
548.3877563476562 76.26902770996094 -1.78241765499115
547.5475463867188 72.35826110839844 -1.7824177742004395
546.7073364257812 68.44749450683594 -1.782417893409729
546.7073364257812 68.44749450683594 -2.182417869567871
546.7073364257812 68.44749450683594 -2.5824179649353027
543.3165893554688 66.32554626464844 -2.5824179649353027
539.9258422851562 64.20359802246094 -2.5824179649353027
536.5350952148438 62.08164978027344 -2.5824179649353027
533.1443481445312 59.95970153808594 -2.5824179649353027
529.7536010742188 57.83775329589844 -2.5824179649353027
526.3628540039062 55.71580505371094 -2.5824179649353027
522.9721069335938 53.59385681152344 -2.5824179649353027
519.5813598632812 51.47190856933594 -2.5824179649353027
519.5813598632812 51.47190856933594 -2.9824180603027344
515.6318969726562 50.837894439697266 -2.9824180603027344
511.6824645996094 50.203880310058594 -2.9824180603027344
507.7330322265625 49.56986618041992 -2.9824180603027344
503.7835998535156 48.93585205078125 -2.9824180603027344
499.83416748046875 48.30183792114258 -2.9824180603027344
495.8847351074219 47.667823791503906 -2.9824180603027344
491.935302734375 47.033809661865234 -2.9824180603027344
487.9858703613281 46.39979553222656 -2.9824180603027344
484.03643798828125 45.76578140258789 -2.9824180603027344
480.0870056152344 45.13176727294922 -2.9824180603027344
476.1375732421875 44.49775314331055 -2.9824180603027344
472.1881408691406 43.863739013671875 -2.9824180603027344
468.23870849609375 43.2297248840332 -2.9824180603027344
464.2892761230469 42.59571075439453 -2.9824180603027344
460.33984375 41.96169662475586 -2.9824180603027344
456.3904113769531 41.32768249511719 -2.9824180603027344
452.44097900390625 40.693668365478516 -2.9824180603027344
448.4915466308594 40.059654235839844 -2.9824180603027344
444.5421142578125 39.42564010620117 -2.9824180603027344
440.5926818847656 38.7916259765625 -2.9824180603027344
436.64324951171875 38.15761184692383 -2.9824180603027344
432.6938171386719 37.523597717285156 -2.9824180603027344
428.744384765625 36.889583587646484 -2.9824180603027344
424.7949523925781 36.25556945800781 -2.9824180603027344
420.84552001953125 35.62155532836914 -2.9824180603027344
416.8960876464844 34.98754119873047 -2.9824180603027344
412.9466552734375 34.3535270690918 -2.9824180603027344
408.9972229003906 33.719512939453125 -2.9824180603027344
405.04779052734375 33.08549880981445 -2.9824180603027344
401.0983581542969 32.45148468017578 -2.9824180603027344
397.14892578125 31.81747055053711 -2.9824180603027344
393.1994934082031 31.183456420898438 -2.9824180603027344
389.25006103515625 30.549442291259766 -2.9824180603027344
385.3006286621094 29.915428161621094 -2.9824180603027344
381.3511962890625 29.281414031982422 -2.9824180603027344
377.4017639160156 28.64739990234375 -2.9824180603027344
373.45233154296875 28.013385772705078 -2.9824180603027344
369.5028991699219 27.379371643066406 -2.9824180603027344
365.553466796875 26.745357513427734 -2.9824180603027344
361.6040344238281 26.111343383789062 -2.9824180603027344
357.65460205078125 25.47732925415039 -2.9824180603027344
353.7051696777344 24.84331512451172 -2.9824180603027344
349.7557373046875 24.209300994873047 -2.9824180603027344
345.8063049316406 23.575286865234375 -2.9824180603027344
341.85687255859375 22.941272735595703 -2.9824180603027344
337.9074401855469 22.30725860595703 -2.9824180603027344
333.9580078125 21.67324447631836 -2.9824180603027344
330.0085754394531 21.039230346679688 -2.9824180603027344
326.05914306640625 20.405216217041016 -2.9824180603027344
322.1097106933594 19.771202087402344 -2.9824180603027344
322.1097106933594 19.771202087402344 2.9007670879364014
318.22515869140625 20.7252197265625 2.9007670879364014
314.3406066894531 21.679237365722656 2.9007670879364014
310.4560546875 22.633255004882812 2.9007670879364014
306.5715026855469 23.58727264404297 2.9007670879364014
302.68695068359375 24.541290283203125 2.9007670879364014
298.8023986816406 25.49530792236328 2.9007670879364014
294.9178466796875 26.449325561523438 2.9007670879364014
291.0332946777344 27.403343200683594 2.9007670879364014
287.14874267578125 28.35736083984375 2.9007670879364014
283.2641906738281 29.311378479003906 2.9007670879364014
279.379638671875 30.265396118164062 2.9007670879364014
275.4950866699219 31.21941375732422 2.9007670879364014
271.61053466796875 32.173431396484375 2.9007670879364014
267.7259826660156 33.12744903564453 2.9007670879364014
263.8414306640625 34.08146667480469 2.9007670879364014
259.9568786621094 35.035484313964844 2.9007670879364014
256.07232666015625 35.989501953125 2.9007670879364014
252.18775939941406 36.943519592285156 2.9007670879364014
248.30319213867188 37.89753723144531 2.9007670879364014
244.4186248779297 38.85155487060547 2.9007670879364014
240.5340576171875 39.805572509765625 2.9007670879364014
236.6494903564453 40.75959014892578 2.9007670879364014
232.76492309570312 41.71360778808594 2.9007670879364014
228.88035583496094 42.667625427246094 2.9007670879364014
224.99578857421875 43.62164306640625 2.9007670879364014
221.11122131347656 44.575660705566406 2.9007670879364014
217.22665405273438 45.52967834472656 2.9007670879364014
213.3420867919922 46.48369598388672 2.9007670879364014
209.45751953125 47.437713623046875 2.9007670879364014
205.5729522705078 48.39173126220703 2.9007670879364014
201.68838500976562 49.34574890136719 2.9007670879364014
197.80381774902344 50.299766540527344 2.9007670879364014
193.91925048828125 51.2537841796875 2.9007670879364014
190.03468322753906 52.207801818847656 2.9007670879364014
186.15011596679688 53.16181945800781 2.9007670879364014
182.2655487060547 54.11583709716797 2.9007670879364014
178.3809814453125 55.069854736328125 2.9007670879364014
174.4964141845703 56.02387237548828 2.9007670879364014
170.61184692382812 56.97789001464844 2.9007670879364014
166.72727966308594 57.931907653808594 2.9007670879364014
162.84271240234375 58.88592529296875 2.9007670879364014
158.95814514160156 59.839942932128906 2.9007670879364014
155.07357788085938 60.79396057128906 2.9007670879364014
151.1890106201172 61.74797821044922 2.9007670879364014
147.304443359375 62.701995849609375 2.9007670879364014
143.4198760986328 63.65601348876953 2.9007670879364014
139.53530883789062 64.61003112792969 2.9007670879364014
135.65074157714844 65.56404876708984 2.9007670879364014
131.76617431640625 66.51806640625 2.9007670879364014
127.88160705566406 67.47208404541016 2.9007670879364014
123.99703979492188 68.42610168457031 2.9007670879364014
120.11247253417969 69.38011932373047 2.9007670879364014
116.2279052734375 70.33413696289062 2.9007670879364014
112.34333801269531 71.28815460205078 2.9007670879364014
108.45877075195312 72.24217224121094 2.9007670879364014
107.78406524658203 72.29273986816406 -3.050389528274536
103.80068969726562 71.92843627929688 -3.050389528274536
99.81731414794922 71.56413269042969 -3.050389528274536
95.83393859863281 71.1998291015625 -3.050389528274536
91.8505630493164 70.83552551269531 -3.050389528274536
87.8671875 70.47122192382812 -3.050389528274536
83.8838119506836 70.10691833496094 -3.050389528274536
79.90043640136719 69.74261474609375 -3.050389528274536
75.91706085205078 69.37831115722656 -3.050389528274536
71.93368530273438 69.01400756835938 -3.0503897666931152
67.95030975341797 68.64970397949219 -3.0503900051116943
63.96693420410156 68.285400390625 -3.0503902435302734
59.983558654785156 67.92109680175781 -3.0503904819488525
56.00018310546875 67.55679321289062 -3.0503907203674316
52.016807556152344 67.19248962402344 -3.0503909587860107
48.03343200683594 66.82818603515625 -3.05039119720459
44.05005645751953 66.4638900756836 -3.050391435623169
40.066680908203125 66.09959411621094 -3.050391435623169
36.08330535888672 65.73529815673828 -3.050391435623169
32.09992980957031 65.37100219726562 -3.050391674041748
28.116554260253906 65.00670623779297 -3.050391912460327
24.1331787109375 64.64241027832031 -3.0503921508789062
20.149803161621094 64.27811431884766 -3.0503923892974854
20.149803161621094 64.27811431884766 -3.0503923892974854
20.149803161621094 64.27811431884766 -3.0503923892974854
20.149803161621094 64.27811431884766 -3.0503923892974854
20.149803161621094 64.27811431884766 -3.0503923892974854
20.149803161621094 64.27811431884766 -3.0503923892974854
20.149803161621094 64.27811431884766 -3.0503923892974854
20.149803161621094 64.27811431884766 -3.0503923892974854
20.149803161621094 64.27811431884766 -3.0503923892974854
20.149803161621094 64.27811431884766 -3.0503923892974854
20.149803161621094 64.27811431884766 -3.0503923892974854
