-392.83861260070745
-395.6972973447963
-398.57562242630917
-401.47316538979356
-404.3895131339564
-407.324261745324
-410.2770163548833
-413.2473909909103
-416.23500842860443
-419.2395000371072
-422.2605056244355
-425.29767328082255
-428.3506592209188
-431.41912762526795
-434.50275048143925
-437.6012074251642
-440.7141855817944
-443.8413794083695
-446.9824905365546
-450.1372276166848
-453.3053061631269
-456.4864484011485
-459.6803831154639
-462.8868455006061
-466.1055758558366
-469.33632403122084
-472.57884245426635
-475.8328905033011
-479.0982332497959
-482.3746413219317
-482.3746413219317
-484.5187496020522
-486.6862878777783
-488.8769445038382
-491.0904101012438
-491.0904101012438
-491.86071613439117
-492.66229533738306
-493.49499532011055
-494.3586588226481
-494.3586588226481
-493.6644402040033
-493.0016993759931
-492.37056344788004
-491.77115410425324
-491.2035874917407
-490.6679741099511
-490.1644187068782
-489.69302017898985
-489.2538714762203
-488.8470595120725
-488.4726650790301
-488.13076276946674
-487.82142090223255
-487.5447014550824
-487.30066000310154
-487.30066000310154
-485.5491095452651
-483.8242599824695
-482.12642678241406
-480.45589635614044
-478.8129544736609
-477.19788608838104
-475.610975156853
-474.0525044539851
-472.5227553838526
-471.0220142018024
-469.5505462641424
-468.10863399236274
-466.696551333355
-465.31456985754016
-463.9629585473157
-462.641983582617
-461.35190812388373
-460.092992092738
-458.8654919506998
-457.66966047628387
-456.50574654083596
-455.3739948834855
-454.2746458856065
-453.20793534519163
-453.20682781603176
-453.21232892214954
-455.2509308462301
-455.2622922811956
-458.49128738523603
-461.73235356071143
-464.9852383923138
-465.0344122366807
-465.0460418549865
-467.6432510722348
-470.75290639366034
-473.87591995085944
-473.890968953563
-477.74300970672857
-481.5974627559446
-485.45427064112545
-489.3133776792478
-493.17472989749274
-497.03827496932183
-500.90396215334226
-504.7717422348227
-508.6415674697292
-512.5133915311594
-516.3871694580563
-520.262857606094
-524.1404136006283
-528.0197962916167
-531.9009657104097
-535.7838830283307
-539.6685105169553
-543.554811510013
-547.442750366836
-551.332292437283
-555.2234040280695
-559.1160523704427
-563.0102055891367
-566.9058326725524
-570.8029034441059
-574.7013885346948
-578.6012593562294
-582.5024880761856
-586.405047593131
-590.3089115131851
-594.2140541273692
-598.1204503898108
-598.1204503898108
-601.3895941083362
-604.667524026967
-607.9540980270222
-611.2491766756268
-614.5526231733514
-617.8643033026726
-621.1840853772583
-624.5118401920806
-627.8474409743587
-631.1907633353303
-634.5416852228523
-637.9000868748268
-641.2658507734527
-644.6388616002937
-648.0190061921635
-651.4061734978185
-654.8002545354536
-658.2011423509944
-661.6087319771761
-665.0229203934058
-668.4436064863927
-671.8706910115449
-675.3040765551177
-678.7436674971074
-682.1893903177204
-682.1893903177204
-682.1893903177204
-683.1495271245783
-684.1317038515082
-685.1358257125088
-686.161796364761
-686.161796364761
-685.6238232982662
-685.108781839573
-684.6167237434607
-684.1476986007565
-683.7017538138599
-683.7017538138599
-681.7621446888147
-679.8405372673174
-677.9370846264533
-676.0519401128829
-674.1852573051781
-672.3371899750773
-670.507892047659
-668.6975175604326
-666.9062412523871
-665.1341963850592
-663.3815370732888
-663.3815370732888
-660.3794471871615
-657.387986572802
-654.4073009974626
-651.4375383663765
-651.4375383663765
-647.6627577280045
-643.890696444063
-640.1214025878015
-636.3549253357792
-632.5913149985644
-628.8306230524224
-625.0729021720265
-621.3182062642289
-617.5665905029313
-617.5665905029313
-613.5706002064658
-609.5746625101906
-605.5787784553598
-601.5829491108784
-597.5871755742256
-593.5914589724163
-589.5958004630003
-585.600201235103
-581.6046625105089
-577.60918554479
-573.6137716284809
-569.6184220883041
-565.623138288446
-561.6279216318882
-557.6327735617957
-553.6376955629652
-549.6426891633353
-545.647755935565
-541.6528974986802
-537.6581155197943
-533.6634117159055
-529.6687878557752
-525.6742457618933
-521.6797873125307
-517.6854144438898
-513.6911291523531
-509.6969334968378
-505.702829601262
-501.7088196571284
-497.7149059262318
-493.7210907434979
-489.72737651996096
-485.7337657458876
-481.7402609940555
-477.74686492319705
-473.7535802816155
-469.76040991098586
-465.76735675035087
-461.7744238403234
-457.7816143275081
-453.7889314691567
-449.79637863806926
-449.79637863806926
-446.21801898038717
-442.646878213759
-439.0831324757727
-435.52696329829325
-431.97855779850255
-428.43810887718763
-424.9058154245396
-421.3818825337301
-417.86652172253895
-414.35995116331077
-410.86239592152356
-407.3740882032554
-403.89526761183765
-400.4261814139874
-396.9670848157093
-396.96706312346026
-393.0004434690586
-389.0345073811203
-385.06927598037214
-381.104771262717
-377.14101614482416
-373.1780345125849
-369.21585127264547
-365.2544924072465
-361.29398503261746
-357.3343574611961
-353.37563926796844
-349.417861361247
-345.4610560582375
-341.5052571657728
-337.550500066629
-333.5968218118764
-329.64426121975964
-325.6928589816489
-321.74265777565483
-317.79370238855716
-313.8460398467605
-309.89971955706045
-305.95479345808235
-302.0113161833407
-298.0693452369641
-294.12894118324033
-294.12894118324033
-290.77811703705925
-290.7615836202388
-286.8295072821291
-282.8993355459341
-278.97114890829704
-278.95427303973423
-275.0410286468337
-271.1303166283004
-271.1148363938605
-267.8496830800876
-264.60470703553455
-261.3806597486564
-258.178325275281
-254.99852164135933
-251.8421022836192
-248.70995752484683
-245.60301607963495
-242.52224658542116
-239.4686591524877
-236.44330692528587
-233.44728764597724
-230.48174520943397
-227.54787119710292
-227.53509114758975
-225.93506294555024
-225.93164672280648
-225.94685151002122
-225.9503969003911
-227.5781340769841
-229.26411040885964
-231.00705074576481
-232.80567567830792
-234.65871752473026
-236.56488532304422
-238.52290540049864
-240.53151146725384
-242.58944699220604
-244.6954673680804
-246.84834187050657
-249.04685541718843
-249.05881481937072
-252.40592536116418
-255.7717911337368
-259.1556813697753
-262.55689916062664
-265.97477976603864
-269.40868900330656
-272.8580217136859
-276.32220030368626
-279.8006733586842
-283.2929143261687
-286.7984202658606
-290.3167106639071
-293.84732630835117
-297.38982822309305
-300.94379665760397
-304.5088301297092
-308.0845445188273
-311.6705722071315
-315.2665612661872
-318.8721746867084
-322.48708964917205
-326.11099683312415
-329.74359976310836
-333.384614189243
-337.03376750056685
-340.69079816936676
-344.3554552247904
-348.0274977541334
-351.70669443027714
-355.39282306383126
-359.0856701786154
-362.78503060918786
-366.49070711920064
-370.2025100394274
-373.9202569243759
-377.6437722264576
-381.3728869867445
-385.1074385414
-388.84727024291993
-392.59223119537273
-396.3421760028699
-400.0969645305462
-403.8564616773671
-407.6205371601222
-411.38906530799864
-415.16192486716466
-418.93899881482525
-422.7201741822423
-426.5053418862427
-430.29439656876156
-434.0872364439972
-437.8837631527769
-441.6838816237536
-445.48749994107925
-449.2945292182162
-453.10488347757
-456.9184795356436
-460.73523689342966
-464.55507763177394
-468.37789637155447
-472.2036499687898
-476.0322676633148
-479.8636780560227
-483.69781763168936
-487.53462200062495
-491.3740259999296
-495.2159719091245
-499.0604010226119
-502.907256392502
-506.75648015697215
-510.6080213660674
-514.4618279708357
-518.3178494401421
-522.176034223992
-526.0363372106339
-526.0363372106339
-526.0363372106339
-526.0363372106339
-526.0363372106339
-526.0363372106339
-524.8940538216252
-523.7798271725986
-522.6938366892746
-521.6362587256461
-520.6072664359989
-519.6070296473822
-518.6357147327269
-517.6934844848022
-516.7804979912112
-515.896910510628
-515.0428733504776
-514.2185337462663
-513.4240347427675
-512.6595150772719
-511.92510906510836
-511.92510906510836
-509.74125259868435
-507.57952279012676
-505.44020354167947
-503.32358078506337
-503.32358078506337
-500.0654289674865
-496.81811522355406
-493.5818534669232
-490.35686250709637
-487.1433662402415
-483.94159364953856
-480.751778971588
-480.751778971588
-476.87742209724496
-473.00515648156966
-469.1350339086469
-465.2671078563939
-461.40143356508133
-457.53806810913994
-453.6770704724326
-449.8184711223294
-445.9623636114226
-442.10881314176385
-438.2578871646545
-434.4096554763839
-430.5641903187835
-426.72156648487345
-422.88186142989684
-419.0451553880563
-415.21153149528686
-411.381075918422
-407.55387799113254
-403.7300303570431
-399.90962912045836
-396.09277400515873
-392.27956852175777
-388.4701202822949
-384.6645407839986
-380.8629459961783
-377.06545644106785
-373.27219741260313
-369.4832992074953
-365.6988973693757
-361.9191329468483
-361.9191329468483
-357.92764218144197
-353.9363429631396
-349.9452418564966
-345.9543153435602
-341.9636011683354
-337.9731068525371
-333.98284027693967
-329.99280970303334
-326.0030237962651
-322.0134916510009
-318.0242226511636
-314.0352270012592
-310.0465152518825
-306.05809850286124
-302.06998843941165
-298.08219737118367
-294.0947382744686
-290.10762483787107
-286.12087151178184
-282.1344935620246
-278.14850712809243
-274.16292928643855
-270.1777781193391
-266.1930727899072
-262.2088336239088
-258.22508219910867
-254.24184144296552
-250.2591357395999
-246.27699104707457
-242.295435026164
-238.31449718194474
-234.33420901971633
-230.35460421697007
-226.37571881336044
-222.39759142091037
-218.42026345700307
-214.4437794030849
-210.4681870924419
-206.4935380309204
-202.51988775506246
-198.54729623282935
-194.5758435593454
-190.6055847255261
-186.63659591986098
-182.66895992700051
-178.7027668541695
-174.73811495527846
-170.77511156833552
-166.8138741846603
-162.8545316719151
-158.8972256772497
-154.9421122420878
-150.9893636665098
-147.03917066911202
-143.09174489804732
-139.14732186118547
-135.206164358648
-131.26856652024514
-127.3348585747328
-123.40541250884938
-119.48064867484273
-115.56104440351176
-111.64714298075222
-107.73956591783512
-103.83902719511313
-99.94635085762883
-96.06249271672029
-92.18856729773236
-88.32588154177694
-84.47597727236064
-80.6406851308548
-76.82219364800666
-73.02313846771378
-69.24671864227834
-65.49684961916651
-61.77836638835201
-58.09729574994094
-54.46122445890879
-50.87980092272452
-47.36542294304367
-47.3453331901786
-43.3767229464207
-39.41445888186479
-35.46066836691092
-31.518540413604512
-27.59307404545861
-23.692552362513823
-19.831699279711607
-16.039186758982677
-12.377991927461155
-9.009651109849854
-6.413492546208845
-5.7525625758081835
-7.553216650285899
-10.630625728195783
-14.176365578280453
-17.91447723698312
-17.92912748918081
-17.939377757420885
-20.01779045967353
-22.61863305576082
-25.583063803906
-28.79902275665104
-32.191215307692794
-35.70945191002981
-39.31991289313337
-42.99937354907426
-46.73153961763815
-50.50472722581623
-54.31038719223502
-58.142143488901674
-58.142143488901674
-58.142143488901674
-58.142143488901674
-58.142143488901674
-58.142143488901674
-58.142143488901674
-58.142143488901674
-58.142143488901674
-58.142143488901674
-58.142143488901674
