-390.0
-390.0
-390.0
-390.0
-390.0
-390.0
-386.00391547922754
-382.0079121221788
-378.0119925187342
-374.0161593622521
-370.0204154732102
-366.02476378057685
-362.02920736101794
-358.033749406065
-354.03839327766906
-350.0431424606373
-346.0480006353829
-342.05297161508446
-338.0580594365593
-334.06326828158245
-330.0686025869002
-326.0740669491324
-322.0796662550458
-318.0854055694536
-314.0912902869869
-310.0973260024028
-306.10351868523117
-302.10987453190694
-298.116400164834
-298.116400164834
-294.53288956249213
-290.96023372539383
-287.39883754397425
-283.8491249747622
-280.31154002305897
-276.7865480349978
-273.2746363157162
-269.7763462942408
-266.29218328723874
-262.82270958570837
-259.36851456021583
-255.93021699697115
-252.50846645892875
-249.10394520138485
-246.36609445447993
-243.15409575155886
-239.96578170936067
-236.8021382702876
-236.80221878259786
-236.80221878259786
-236.80221878259786
-236.88026889905402
-237.0081508135955
-237.16723361415018
-237.33439712781862
-237.33439712781862
-237.3343175807199
-237.3343175807199
-237.3343175807199
-237.02164448946698
-237.02164448946698
-236.8654347500556
-236.8654347500556
-232.96512477358786
-229.06825350727104
-225.17499951891693
-221.28555377138784
-217.40012069979724
-213.5189194010523
-213.5189194010523
-210.34010932281288
-207.18975472257048
-204.0691733242958
-204.0691733242958
-204.0691733242958
-204.0691733242958
-204.0691733242958
-204.0691733242958
-204.0691733242958
-204.0691733242958
-204.0691733242958
-204.0691733242958
-204.0691733242958
