60.0 450.0 0.38539817929267883
60.0 450.0 -0.014601826667785645
60.0 450.0 -0.4146018326282501
60.0 450.0 -0.8146018385887146
60.0 450.0 -1.2146018743515015
60.0 450.0 -1.6146018505096436
59.8248291015625 446.0038757324219 -1.6146042346954346
59.64965057373047 442.00775146484375 -1.6146066188812256
59.47446060180664 438.0116271972656 -1.6146090030670166
59.29926300048828 434.0155029296875 -1.6146113872528076
59.124053955078125 430.0193786621094 -1.6146137714385986
58.94883728027344 426.02325439453125 -1.6146161556243896
58.77360916137695 422.0271301269531 -1.6146185398101807
58.59837341308594 418.031005859375 -1.6146209239959717
58.423126220703125 414.0348815917969 -1.6146233081817627
58.24787139892578 410.03875732421875 -1.6146256923675537
58.07260513305664 406.0426330566406 -1.6146280765533447
57.89733123779297 402.0465087890625 -1.6146304607391357
57.7220458984375 398.0503845214844 -1.6146328449249268
57.5467529296875 394.05426025390625 -1.6146352291107178
57.3714485168457 390.0581359863281 -1.6146376132965088
57.196136474609375 386.06201171875 -1.6146399974822998
57.02081298828125 382.0658874511719 -1.6146423816680908
56.845481872558594 378.06976318359375 -1.6146447658538818
56.67013931274414 374.0736389160156 -1.6146471500396729
56.494789123535156 370.0775146484375 -1.6146495342254639
56.319427490234375 366.0813903808594 -1.6146519184112549
56.14405822753906 362.08526611328125 -1.614654302597046
56.14405822753906 362.08526611328125 -2.0146543979644775
54.42635726928711 358.4728698730469 -2.0146567821502686
52.708648681640625 354.8605041503906 -2.0146591663360596
50.990928649902344 351.2481384277344 -2.0146615505218506
49.27320098876953 347.6357727050781 -2.0146639347076416
47.55546569824219 344.0234069824219 -2.0146663188934326
45.83772277832031 340.4110412597656 -2.0146687030792236
44.11996841430664 336.7986755371094 -2.0146710872650146
42.40220642089844 333.1863098144531 -2.0146734714508057
40.6844367980957 329.573974609375 -2.0146758556365967
38.96665954589844 325.9616394042969 -2.0146782398223877
37.248870849609375 322.34930419921875 -2.0146806240081787
35.53107452392578 318.7369689941406 -2.0146830081939697
35.53114318847656 318.737060546875 -2.4146716594696045
35.53114318847656 318.737060546875 -2.814671754837036
35.53114318847656 318.737060546875 3.0685133934020996
35.369449615478516 318.7808837890625 2.685368776321411
35.235862731933594 318.8819885253906 2.3022241592407227
35.14975357055664 319.02569580078125 1.9190795421600342
35.14975357055664 319.02569580078125 1.519079566001892
35.14975357055664 319.02569580078125 1.11907958984375
35.149715423583984 319.025634765625 0.7190861701965332
35.149715423583984 319.025634765625 0.3190861642360687
35.149715423583984 319.025634765625 -0.08091384172439575
35.149715423583984 319.025634765625 -0.48091384768486023
35.149715423583984 319.025634765625 -0.8809138536453247
35.22978210449219 318.87847900390625 -1.2640584707260132
35.24903106689453 318.7120666503906 -1.6472030878067017
34.94369888305664 314.7237548828125 -1.6472054719924927
34.63835525512695 310.7354431152344 -1.6472078561782837
34.333003997802734 306.74713134765625 -1.6472102403640747
34.02764129638672 302.7588195800781 -1.6472126245498657
33.72227096557617 298.7705078125 -1.6472150087356567
33.72227096557617 298.7705078125 -2.047214984893799
31.887880325317383 295.2159729003906 -2.04721736907959
30.05348014831543 291.66143798828125 -2.047219753265381
28.219072341918945 288.1069030761719 -2.047222137451172
26.384654998779297 284.5523681640625 -2.047224521636963
24.550230026245117 280.9978332519531 -2.047226905822754
22.715797424316406 277.44329833984375 -2.047229290008545
20.88135528564453 273.8887634277344 -2.047231674194336
19.046905517578125 270.3342590332031 -2.047234058380127
19.046974182128906 270.3343505859375 -2.447222948074341
18.423606872558594 269.9685363769531 -2.7746219635009766
18.423606872558594 269.9685363769531 3.108563184738159
18.260290145874023 270.005859375 2.7254185676574707
18.12276268005371 270.1015319824219 2.3422739505767822
18.12276268005371 270.1015319824219 1.9422739744186401
18.09278678894043 270.266357421875 1.5591293573379517
18.09278678894043 270.266357421875 1.1591293811798096
16.5383243560791 266.80255126953125 1.1387979984283447
16.5383243560791 266.80255126953125 1.1184666156768799
16.5383243560791 266.80255126953125 1.098135232925415
16.5383243560791 266.80255126953125 1.0778038501739502
16.5383243560791 266.80255126953125 1.0574724674224854
16.5383243560791 266.80255126953125 1.0371410846710205
16.5383243560791 266.80255126953125 1.0168097019195557
16.5383243560791 266.80255126953125 0.9964783787727356
16.538251876831055 266.802490234375 0.5964887142181396
16.538251876831055 266.802490234375 0.19648870825767517
16.538251876831055 266.802490234375 -0.2035112977027893
