62.828426361083984 452.82843017578125 0.7853981852531433
65.65685272216797 455.6568603515625 0.7853981852531433
68.48528289794922 458.48529052734375 0.7853981852531433
71.31371307373047 461.313720703125 0.7853981852531433
74.14214324951172 464.14215087890625 0.7853981852531433
76.97057342529297 466.9705810546875 0.7853981852531433
79.79900360107422 469.79901123046875 0.7853981852531433
82.62743377685547 472.62744140625 0.7853981852531433
85.45586395263672 475.45587158203125 0.7853981852531433
88.28429412841797 478.2843017578125 0.7853981852531433
91.11272430419922 481.11273193359375 0.7853981852531433
93.94115447998047 483.941162109375 0.7853981852531433
96.76958465576172 486.76959228515625 0.7853981852531433
99.59801483154297 489.5980224609375 0.7853981852531433
102.42644500732422 492.42645263671875 0.7853981852531433
105.25487518310547 495.2548828125 0.7853981852531433
108.08330535888672 498.08331298828125 0.7853981852531433
110.91173553466797 500.9117431640625 0.7853981852531433
113.74016571044922 503.74017333984375 0.7853981852531433
116.56859588623047 506.568603515625 0.7853981852531433
119.39702606201172 509.39703369140625 0.7853981852531433
122.22545623779297 512.2254638671875 0.7853981852531433
125.05388641357422 515.0538940429688 0.7853981852531433
127.88231658935547 517.88232421875 0.7853981852531433
130.7107391357422 520.7107543945312 0.7853981852531433
133.53916931152344 523.5391845703125 0.7853981852531433
136.3675994873047 526.3676147460938 0.7853981852531433
139.19602966308594 529.196044921875 0.7853981852531433
142.0244598388672 532.0244750976562 0.7853981852531433
144.85133361816406 534.8505859375 0.7851231694221497
147.67898559570312 537.6759033203125 0.784848153591156
147.67898559570312 537.6759033203125 0.38484814763069153
151.38641357421875 539.1775512695312 0.38484811782836914
155.09149169921875 540.6776733398438 0.3845731019973755
158.79698181152344 542.1767578125 0.38429808616638184
158.79698181152344 542.1767578125 -0.01570191979408264
162.79649353027344 542.1139526367188 -0.01570191979408264
166.79600524902344 542.0511474609375 -0.01570191979408264
170.79551696777344 541.9883422851562 -0.01570191979408264
174.79226684570312 541.925048828125 -0.015976935625076294
178.78900146484375 541.8606567382812 -0.016251951456069946
182.7857208251953 541.795166015625 -0.0165269672870636
182.7857208251953 541.795166015625 -0.4165269732475281
186.4437255859375 540.1768188476562 -0.4165269732475281
190.1017303466797 538.5584716796875 -0.4165269732475281
193.75973510742188 536.9401245117188 -0.4165269732475281
197.41773986816406 535.32177734375 -0.4165269732475281
201.07574462890625 533.7034301757812 -0.4165269732475281
204.73374938964844 532.0850830078125 -0.4165269732475281
208.39175415039062 530.4667358398438 -0.4165269732475281
212.0497589111328 528.848388671875 -0.4165269732475281
215.707763671875 527.2300415039062 -0.4165269732475281
219.3657684326172 525.6116943359375 -0.4165269732475281
219.3657684326172 525.6116943359375 -0.8165270090103149
222.10479736328125 522.6965942382812 -0.8165270090103149
224.8438262939453 519.781494140625 -0.8165270090103149
227.58285522460938 516.8663940429688 -0.8165270090103149
230.32188415527344 513.9512939453125 -0.8165270090103149
233.0609130859375 511.03619384765625 -0.8165270090103149
235.79994201660156 508.12109375 -0.8165270090103149
238.53897094726562 505.20599365234375 -0.8165270090103149
241.2779998779297 502.2908935546875 -0.8165270090103149
244.01702880859375 499.37579345703125 -0.8165270090103149
246.7560577392578 496.460693359375 -0.8165270090103149
249.49508666992188 493.54559326171875 -0.8165270090103149
252.23411560058594 490.6304931640625 -0.8165270090103149
254.97314453125 487.71539306640625 -0.8165270090103149
257.712158203125 484.80029296875 -0.8165270090103149
260.451171875 481.88519287109375 -0.8165270090103149
263.190185546875 478.9700927734375 -0.8165270090103149
265.92919921875 476.05499267578125 -0.8165270090103149
268.668212890625 473.139892578125 -0.8165270090103149
271.4072265625 470.22479248046875 -0.8165270090103149
274.146240234375 467.3096923828125 -0.8165270090103149
276.88525390625 464.39459228515625 -0.8165270090103149
279.624267578125 461.4794921875 -0.8165270090103149
282.36328125 458.56439208984375 -0.8165270090103149
285.102294921875 455.6492919921875 -0.8165270090103149
287.84130859375 452.73419189453125 -0.8165270090103149
290.580322265625 449.819091796875 -0.8165270090103149
293.3193359375 446.90399169921875 -0.8165270090103149
296.058349609375 443.9888916015625 -0.8165270090103149
298.79736328125 441.07379150390625 -0.8165270090103149
298.80035400390625 441.0716552734375 -0.41689687967300415
298.803955078125 441.07086181640625 -0.01726675033569336
302.8033447265625 441.0018005371094 -0.01726675033569336
302.8069763183594 441.0024719238281 0.38236212730407715
306.51812744140625 442.49493408203125 0.38236209750175476
310.2292785644531 443.9873962402344 0.3823620676994324
313.9404296875 445.4798583984375 0.38236203789711
317.6515808105469 446.9723205566406 0.38236203789711
321.36273193359375 448.46478271484375 0.38236203789711
325.0738830566406 449.9572448730469 0.38236203789711
328.7850341796875 451.44970703125 0.38236203789711
332.4961853027344 452.9421691894531 0.38236203789711
336.20733642578125 454.43463134765625 0.38236203789711
339.9184875488281 455.9270935058594 0.38236203789711
343.629638671875 457.4195556640625 0.38236203789711
347.3407897949219 458.9120178222656 0.38236203789711
351.05194091796875 460.40447998046875 0.38236203789711
354.7630920410156 461.8969421386719 0.38236203789711
358.4742431640625 463.389404296875 0.38236203789711
358.4773254394531 463.39141845703125 0.7819921970367432
361.31536865234375 466.210205078125 0.7819921970367432
364.1534118652344 469.02899169921875 0.7819921970367432
366.991455078125 471.8477783203125 0.7819921970367432
369.8294982910156 474.66656494140625 0.7819921970367432
372.66754150390625 477.4853515625 0.7819921970367432
375.5055847167969 480.30413818359375 0.7819921970367432
378.3436279296875 483.1229248046875 0.7819921970367432
381.1816711425781 485.94171142578125 0.7819921970367432
384.01971435546875 488.760498046875 0.7819921970367432
386.8577575683594 491.57928466796875 0.7819921970367432
389.69580078125 494.3980712890625 0.7819921970367432
392.5338439941406 497.21685791015625 0.7819921970367432
395.37188720703125 500.03564453125 0.7819921970367432
398.2099304199219 502.85443115234375 0.7819921970367432
401.0479736328125 505.6732177734375 0.7819921970367432
403.8860168457031 508.49200439453125 0.7819921970367432
406.72406005859375 511.310791015625 0.7819921970367432
409.5621032714844 514.1295776367188 0.7819921970367432
412.400146484375 516.9483642578125 0.7819921970367432
415.2381896972656 519.7671508789062 0.7819921970367432
418.07623291015625 522.5859375 0.7819921970367432
420.9142761230469 525.4047241210938 0.7819921970367432
423.7523193359375 528.2235107421875 0.7819921970367432
426.5903625488281 531.0422973632812 0.7819921970367432
429.4268493652344 533.8587646484375 0.7817171812057495
432.26409912109375 536.6744384765625 0.7814421653747559
435.1021423339844 539.4893188476562 0.7811671495437622
435.1021423339844 539.4893188476562 0.38116714358329773
438.8150634765625 540.9773559570312 0.38116714358329773
442.5279846191406 542.4653930664062 0.38116714358329773
446.24090576171875 543.9534301757812 0.38116714358329773
449.9538269042969 545.4414672851562 0.38116714358329773
453.666748046875 546.9295043945312 0.38116714358329773
457.3796691894531 548.4175415039062 0.38116714358329773
461.09259033203125 549.9055786132812 0.38116714358329773
464.8055114746094 551.3936157226562 0.38116714358329773
468.5184326171875 552.8816528320312 0.38116714358329773
472.2313537597656 554.3696899414062 0.38116714358329773
475.94427490234375 555.8577270507812 0.38116714358329773
479.6571960449219 557.3457641601562 0.38116714358329773
483.3701171875 558.8338012695312 0.38116714358329773
483.3701171875 558.8338012695312 -0.018832862377166748
487.3694152832031 558.7584838867188 -0.018832862377166748
491.36871337890625 558.6831665039062 -0.018832862377166748
495.3680114746094 558.6078491210938 -0.018832862377166748
499.3673095703125 558.5325317382812 -0.018832862377166748
503.3666076660156 558.4572143554688 -0.018832862377166748
507.36590576171875 558.3818969726562 -0.018832862377166748
507.36590576171875 558.3818969726562 -0.4188328683376312
511.0201721191406 556.755126953125 -0.4188328683376312
514.6744384765625 555.1283569335938 -0.4188328683376312
518.3259887695312 553.502197265625 -0.4191078841686249
521.97705078125 551.8750610351562 -0.41938289999961853
525.627685546875 550.2468872070312 -0.4196579158306122
529.2778930664062 548.6177368164062 -0.41993293166160583
532.9276123046875 546.987548828125 -0.4202079474925995
536.576904296875 545.3563842773438 -0.42048296332359314
536.576904296875 545.3563842773438 -0.8204829692840576
539.3021240234375 542.43212890625 -0.8207579851150513
539.3021240234375 542.43212890625 -1.2207579612731934
540.6738891601562 538.6746826171875 -1.2207579612731934
542.045654296875 534.917236328125 -1.2207579612731934
543.4174194335938 531.1597900390625 -1.2207579612731934
544.7891845703125 527.40234375 -1.2207579612731934
546.1609497070312 523.6448974609375 -1.2207579612731934
547.53271484375 519.887451171875 -1.2207579612731934
548.9044799804688 516.1300048828125 -1.2207579612731934
550.2762451171875 512.37255859375 -1.2207579612731934
551.6480102539062 508.6151123046875 -1.2207579612731934
551.6480102539062 508.6151123046875 -1.6207579374313354
551.4482421875 504.6201171875 -1.6207579374313354
551.2484741210938 500.6251220703125 -1.6207579374313354
551.0487060546875 496.630126953125 -1.6207579374313354
550.8485107421875 492.63787841796875 -1.621032953262329
550.647216796875 488.64569091796875 -1.6213079690933228
550.44482421875 484.653564453125 -1.6215829849243164
550.2413330078125 480.6614990234375 -1.62185800075531
550.0367431640625 476.66949462890625 -1.6221330165863037
550.0367431640625 476.66949462890625 -2.0221331119537354
548.2920532226562 473.0700378417969 -2.0221331119537354
546.54736328125 469.4705810546875 -2.0221331119537354
544.8034057617188 465.87384033203125 -2.0224080085754395
544.8034057617188 465.87384033203125 -2.422408103942871
541.7940063476562 463.23876953125 -2.422408103942871
538.7846069335938 460.60369873046875 -2.422408103942871
535.7752075195312 457.9686279296875 -2.422408103942871
532.7658081054688 455.33355712890625 -2.422408103942871
529.7564086914062 452.698486328125 -2.422408103942871
526.7470092773438 450.06341552734375 -2.422408103942871
523.7376098632812 447.4283447265625 -2.422408103942871
520.7282104492188 444.79327392578125 -2.422408103942871
517.7188110351562 442.158203125 -2.422408103942871
514.7094116210938 439.52313232421875 -2.422408103942871
511.7000427246094 436.8880615234375 -2.422408103942871
508.690673828125 434.25299072265625 -2.422408103942871
505.6813049316406 431.617919921875 -2.422408103942871
502.67193603515625 428.98284912109375 -2.422408103942871
499.6625671386719 426.3477783203125 -2.422408103942871
496.6531982421875 423.71270751953125 -2.422408103942871
493.6438293457031 421.07763671875 -2.422408103942871
490.63446044921875 418.44256591796875 -2.422408103942871
487.6250915527344 415.8074951171875 -2.422408103942871
484.61572265625 413.17242431640625 -2.422408103942871
481.6063537597656 410.537353515625 -2.422408103942871
478.59698486328125 407.90228271484375 -2.422408103942871
475.5876159667969 405.2672119140625 -2.422408103942871
472.5782470703125 402.63214111328125 -2.422408103942871
469.5688781738281 399.9970703125 -2.422408103942871
466.55950927734375 397.36199951171875 -2.422408103942871
466.55950927734375 397.36199951171875 -2.8224081993103027
462.76153564453125 396.1068420410156 -2.8224081993103027
458.96356201171875 394.8516845703125 -2.8224081993103027
455.16558837890625 393.5965270996094 -2.8224081993103027
451.36761474609375 392.34136962890625 -2.8224081993103027
447.56964111328125 391.0862121582031 -2.8224081993103027
443.77166748046875 389.8310546875 -2.8224081993103027
439.97369384765625 388.5758972167969 -2.8224081993103027
436.17572021484375 387.32073974609375 -2.8224081993103027
432.37774658203125 386.0655822753906 -2.8224081993103027
428.57977294921875 384.8104248046875 -2.8224081993103027
424.78179931640625 383.5552673339844 -2.8224081993103027
420.98382568359375 382.30010986328125 -2.8224081993103027
417.18585205078125 381.0449523925781 -2.8224081993103027
413.38787841796875 379.789794921875 -2.8224081993103027
409.58990478515625 378.5346374511719 -2.8224081993103027
405.79193115234375 377.27947998046875 -2.8224081993103027
401.9939880371094 376.0243225097656 -2.822411298751831
398.196044921875 374.7691955566406 -2.8224143981933594
394.3981018066406 373.5140686035156 -2.8224174976348877
390.60015869140625 372.2589416503906 -2.822420597076416
386.8022155761719 371.00384521484375 -2.8224236965179443
386.8022155761719 371.00384521484375 3.0607616901397705
386.7985534667969 371.00341796875 -2.822793483734131
386.7985534667969 371.00341796875 3.060391902923584
386.7948913574219 371.00299072265625 -2.8231632709503174
386.7948913574219 371.00299072265625 3.0600221157073975
386.7912292480469 371.0025634765625 -2.823533058166504
386.7912292480469 371.0025634765625 3.059652328491211
386.7875671386719 371.00213623046875 -2.8239028453826904
386.7875671386719 371.00213623046875 3.0592825412750244
386.7839050292969 371.001708984375 -2.824272632598877
386.7839050292969 371.001708984375 3.058912754058838
386.7802429199219 371.00128173828125 -2.8246424198150635
386.7802429199219 371.00128173828125 3.0585429668426514
386.7765808105469 371.0008544921875 -2.82501220703125
386.7765808105469 371.0008544921875 3.058173179626465
386.7729187011719 371.00042724609375 -2.8253819942474365
386.7729187011719 371.00042724609375 3.0578033924102783
386.7692565917969 371.0 -2.825751781463623
386.7692565917969 371.0 3.057433605194092
386.7655944824219 370.99957275390625 -2.8261215686798096
386.7655944824219 370.99957275390625 3.0570638179779053
386.7619323730469 370.9991455078125 -2.826491355895996
386.7619323730469 370.9991455078125 3.0566940307617188
386.7582702636719 370.99871826171875 -2.8268611431121826
386.7582702636719 370.99871826171875 3.0563242435455322
386.7546081542969 370.998291015625 -2.827230930328369
386.7546081542969 370.998291015625 3.0559544563293457
386.7509460449219 370.99786376953125 -2.8276007175445557
386.7509460449219 370.99786376953125 3.055584669113159
386.7472839355469 370.9974365234375 -2.827970504760742
386.7472839355469 370.9974365234375 3.0552148818969727
386.7436218261719 370.99700927734375 -2.8283402919769287
386.7436218261719 370.99700927734375 3.054845094680786
386.7399597167969 370.99658203125 -2.8287100791931152
386.7399597167969 370.99658203125 3.0544753074645996
386.7362976074219 370.99615478515625 -2.8290798664093018
386.7362976074219 370.99615478515625 3.054105520248413
386.7326354980469 370.9957580566406 -2.8294496536254883
386.7326354980469 370.9957580566406 3.0537357330322266
386.7289733886719 370.995361328125 -2.829819440841675
386.7289733886719 370.995361328125 3.05336594581604
386.7253112792969 370.9949645996094 -2.8301892280578613
386.7253112792969 370.9949645996094 3.0529961585998535
386.7216491699219 370.99456787109375 -2.830559015274048
386.7216491699219 370.99456787109375 3.052626371383667
386.7179870605469 370.9941711425781 -2.8309288024902344
386.7179870605469 370.9941711425781 3.0522565841674805
386.7143249511719 370.9937744140625 -2.831298589706421
386.7143249511719 370.9937744140625 3.051886796951294
386.7106628417969 370.9933776855469 -2.8316683769226074
386.7106628417969 370.9933776855469 3.0515170097351074
386.7070007324219 370.99298095703125 -2.832038164138794
386.7070007324219 370.99298095703125 3.051147222518921
386.7033386230469 370.9925842285156 -2.8324079513549805
386.7033386230469 370.9925842285156 3.0507774353027344
386.6996765136719 370.9921875 -2.832777738571167
386.6996765136719 370.9921875 3.050407648086548
386.6960144042969 370.9917907714844 -2.8331475257873535
386.6960144042969 370.9917907714844 3.0500378608703613
386.6923522949219 370.99139404296875 -2.83351731300354
386.6923522949219 370.99139404296875 3.049668073654175
386.6886901855469 370.9909973144531 -2.8338871002197266
386.6886901855469 370.9909973144531 3.0492982864379883
386.6850280761719 370.9906005859375 -2.834256887435913
386.6850280761719 370.9906005859375 3.0489284992218018
386.6813659667969 370.9902038574219 -2.8346266746520996
386.6813659667969 370.9902038574219 3.0485587120056152
386.6777038574219 370.98980712890625 -2.834996461868286
386.6777038574219 370.98980712890625 3.0481889247894287
386.6740417480469 370.9894104003906 -2.8353662490844727
386.6740417480469 370.9894104003906 3.047819137573242
386.6703796386719 370.989013671875 -2.835736036300659
386.6703796386719 370.989013671875 3.0474493503570557
386.6667175292969 370.9886169433594 -2.8361058235168457
386.6667175292969 370.9886169433594 3.047079563140869
386.6630554199219 370.98822021484375 -2.8364756107330322
386.6630554199219 370.98822021484375 3.0467097759246826
386.6593933105469 370.9878234863281 -2.8368453979492188
386.6593933105469 370.9878234863281 3.046339988708496
386.6557312011719 370.9874267578125 -2.8372151851654053
386.6557312011719 370.9874267578125 3.0459702014923096
386.6520690917969 370.9870300292969 -2.837584972381592
386.6520690917969 370.9870300292969 3.045600414276123
386.6484069824219 370.9866638183594 -2.8379547595977783
386.6484069824219 370.9866638183594 3.0452306270599365
386.6447448730469 370.9862976074219 -2.838324546813965
386.6447448730469 370.9862976074219 3.04486083984375
386.6410827636719 370.9859313964844 -2.8386943340301514
386.6410827636719 370.9859313964844 3.0444910526275635
386.6374206542969 370.9855651855469 -2.839064121246338
386.6374206542969 370.9855651855469 3.044121265411377
386.6337585449219 370.9851989746094 -2.8394339084625244
386.6337585449219 370.9851989746094 3.0437514781951904
386.6300964355469 370.9848327636719 -2.839803695678711
386.6300964355469 370.9848327636719 3.043381690979004
386.6264343261719 370.9844665527344 -2.8401734828948975
386.6264343261719 370.9844665527344 3.0430119037628174
386.6227722167969 370.9841003417969 -2.840543270111084
386.6227722167969 370.9841003417969 3.042642116546631
386.6191101074219 370.9837341308594 -2.8409130573272705
386.6191101074219 370.9837341308594 3.0422723293304443
386.6154479980469 370.9833679199219 -2.841282844543457
386.6154479980469 370.9833679199219 3.041902542114258
386.6117858886719 370.9830017089844 -2.8416526317596436
386.6117858886719 370.9830017089844 3.0415327548980713
386.6081237792969 370.9826354980469 -2.84202241897583
386.6081237792969 370.9826354980469 3.0411629676818848
386.6044616699219 370.9822692871094 -2.8423922061920166
386.6044616699219 370.9822692871094 3.0407931804656982
386.6007995605469 370.9819030761719 -2.842761993408203
386.6007995605469 370.9819030761719 3.0404233932495117
386.5971374511719 370.9815368652344 -2.8431317806243896
386.5971374511719 370.9815368652344 3.040053606033325
386.5934753417969 370.9811706542969 -2.843501567840576
386.5934753417969 370.9811706542969 3.0396838188171387
386.5898132324219 370.9808044433594 -2.8438713550567627
386.5898132324219 370.9808044433594 3.039314031600952
386.5861511230469 370.9804382324219 -2.844241142272949
386.5861511230469 370.9804382324219 3.0389442443847656
386.5824890136719 370.9800720214844 -2.8446109294891357
386.5824890136719 370.9800720214844 3.038574457168579
386.5788269042969 370.9797058105469 -2.8449807167053223
386.5788269042969 370.9797058105469 3.0382046699523926
386.5751647949219 370.9793395996094 -2.845350503921509
386.5751647949219 370.9793395996094 3.037834882736206
386.5715026855469 370.9789733886719 -2.8457202911376953
386.5715026855469 370.9789733886719 3.0374650955200195
386.5678405761719 370.9786071777344 -2.846090078353882
386.5678405761719 370.9786071777344 3.037095308303833
386.5641784667969 370.978271484375 -2.8464598655700684
386.5641784667969 370.978271484375 3.0367255210876465
386.5605163574219 370.9779357910156 -2.846829652786255
386.5605163574219 370.9779357910156 3.03635573387146
386.5568542480469 370.97760009765625 -2.8471994400024414
386.5568542480469 370.97760009765625 3.0359859466552734
386.5531921386719 370.9772644042969 -2.847569227218628
386.5531921386719 370.9772644042969 3.035616159439087
386.5495300292969 370.9769287109375 -2.8479390144348145
386.5495300292969 370.9769287109375 3.0352463722229004
386.5458679199219 370.9765930175781 -2.848308801651001
386.5458679199219 370.9765930175781 3.034876585006714
386.5422058105469 370.97625732421875 -2.8486785888671875
386.5422058105469 370.97625732421875 3.0345067977905273
386.5385437011719 370.9759216308594 -2.849048376083374
386.5385437011719 370.9759216308594 3.034137010574341
386.5348815917969 370.9755859375 -2.8494181632995605
386.5348815917969 370.9755859375 3.0337672233581543
386.5312194824219 370.9752502441406 -2.849787950515747
386.5312194824219 370.9752502441406 3.0333974361419678
386.5275573730469 370.97491455078125 -2.8501577377319336
386.5275573730469 370.97491455078125 3.0330276489257812
386.5238952636719 370.9745788574219 -2.85052752494812
386.5238952636719 370.9745788574219 3.0326578617095947
386.5202331542969 370.9742431640625 -2.8508973121643066
386.5202331542969 370.9742431640625 3.032288074493408
386.5165710449219 370.9739074707031 -2.851267099380493
386.5165710449219 370.9739074707031 3.0319182872772217
386.5129089355469 370.97357177734375 -2.8516368865966797
382.679931640625 369.8299560546875 -2.8516428470611572
378.846923828125 368.68634033203125 -2.8516459465026855
378.846923828125 368.68634033203125 3.0315394401550293
378.84326171875 368.6860046386719 -2.852015733718872
378.84326171875 368.6860046386719 3.0311696529388428
378.839599609375 368.6856689453125 -2.8523855209350586
378.839599609375 368.6856689453125 3.0307998657226562
378.8359375 368.6853332519531 -2.852755308151245
378.8359375 368.6853332519531 3.0304300785064697
378.832275390625 368.68499755859375 -2.8531250953674316
378.832275390625 368.68499755859375 3.030060291290283
378.82861328125 368.6846618652344 -2.853494882583618
378.82861328125 368.6846618652344 3.0296905040740967
378.824951171875 368.684326171875 -2.8538646697998047
378.824951171875 368.684326171875 3.02932071685791
378.8212890625 368.6839904785156 -2.854234457015991
378.8212890625 368.6839904785156 3.0289509296417236
378.817626953125 368.6836853027344 -2.8546042442321777
378.817626953125 368.6836853027344 3.028581142425537
378.81396484375 368.6833801269531 -2.8549740314483643
378.81396484375 368.6833801269531 3.0282113552093506
378.810302734375 368.6830749511719 -2.855343818664551
378.810302734375 368.6830749511719 3.027841567993164
378.806640625 368.6827697753906 -2.8557136058807373
378.806640625 368.6827697753906 3.0274717807769775
378.802978515625 368.6824645996094 -2.856083393096924
378.802978515625 368.6824645996094 3.027101993560791
378.79931640625 368.6821594238281 -2.8564531803131104
378.79931640625 368.6821594238281 3.0267322063446045
378.795654296875 368.6818542480469 -2.856822967529297
378.795654296875 368.6818542480469 3.026362419128418
378.7919921875 368.6815490722656 -2.8571927547454834
378.7919921875 368.6815490722656 3.0259926319122314
378.788330078125 368.6812438964844 -2.85756254196167
378.788330078125 368.6812438964844 3.025622844696045
378.78466796875 368.6809387207031 -2.8579323291778564
378.78466796875 368.6809387207031 3.0252530574798584
378.781005859375 368.6806335449219 -2.858302116394043
378.781005859375 368.6806335449219 3.024883270263672
378.77734375 368.6803283691406 -2.8586719036102295
378.77734375 368.6803283691406 3.0245134830474854
378.773681640625 368.6800231933594 -2.859041690826416
378.773681640625 368.6800231933594 3.024143695831299
378.77001953125 368.6797180175781 -2.8594114780426025
378.77001953125 368.6797180175781 3.0237739086151123
378.766357421875 368.6794128417969 -2.859781265258789
378.766357421875 368.6794128417969 3.023404121398926
378.7626953125 368.6791076660156 -2.8601510524749756
378.7626953125 368.6791076660156 3.0230343341827393
378.759033203125 368.6788024902344 -2.860520839691162
378.759033203125 368.6788024902344 3.0226645469665527
378.75537109375 368.6784973144531 -2.8608906269073486
378.75537109375 368.6784973144531 3.022294759750366
378.751708984375 368.6781921386719 -2.861260414123535
378.751708984375 368.6781921386719 3.0219249725341797
378.748046875 368.6778869628906 -2.8616302013397217
378.748046875 368.6778869628906 3.021555185317993
378.744384765625 368.6775817871094 -2.861999988555908
378.744384765625 368.6775817871094 3.0211853981018066
378.74072265625 368.6772766113281 -2.8623697757720947
378.74072265625 368.6772766113281 3.02081561088562
378.737060546875 368.6769714355469 -2.8627395629882812
378.737060546875 368.6769714355469 3.0204458236694336
378.7333984375 368.67669677734375 -2.8631093502044678
378.7333984375 368.67669677734375 3.020076036453247
378.729736328125 368.6764221191406 -2.8634791374206543
378.729736328125 368.6764221191406 3.0197062492370605
378.72607421875 368.6761474609375 -2.863848924636841
378.72607421875 368.6761474609375 3.019336462020874
378.722412109375 368.6758728027344 -2.8642187118530273
378.722412109375 368.6758728027344 3.0189666748046875
378.71875 368.67559814453125 -2.864588499069214
378.71875 368.67559814453125 3.018596887588501
378.715087890625 368.6753234863281 -2.8649582862854004
378.715087890625 368.6753234863281 3.0182271003723145
378.71142578125 368.675048828125 -2.865328073501587
378.71142578125 368.675048828125 3.017857313156128
378.707763671875 368.6747741699219 -2.8656978607177734
378.707763671875 368.6747741699219 3.0174875259399414
378.7041015625 368.67449951171875 -2.86606764793396
378.7041015625 368.67449951171875 3.017117738723755
378.700439453125 368.6742248535156 -2.8664374351501465
378.700439453125 368.6742248535156 3.0167479515075684
378.69677734375 368.6739501953125 -2.866807222366333
378.69677734375 368.6739501953125 3.016378164291382
378.693115234375 368.6736755371094 -2.8671770095825195
378.693115234375 368.6736755371094 3.0160083770751953
378.689453125 368.67340087890625 -2.867546796798706
378.689453125 368.67340087890625 3.015638589859009
378.685791015625 368.6731262207031 -2.8679165840148926
378.685791015625 368.6731262207031 3.0152688026428223
378.68212890625 368.6728515625 -2.868286371231079
378.68212890625 368.6728515625 3.0148990154266357
378.678466796875 368.6725769042969 -2.8686561584472656
378.678466796875 368.6725769042969 3.014529228210449
378.6748046875 368.67230224609375 -2.869025945663452
378.6748046875 368.67230224609375 3.0141594409942627
378.671142578125 368.6720275878906 -2.8693957328796387
378.671142578125 368.6720275878906 3.013789653778076
378.66748046875 368.6717529296875 -2.869765520095825
378.66748046875 368.6717529296875 3.0134198665618896
378.663818359375 368.6714782714844 -2.8701353073120117
378.663818359375 368.6714782714844 3.013050079345703
378.66015625 368.67120361328125 -2.8705050945281982
378.66015625 368.67120361328125 3.0126802921295166
378.656494140625 368.6709289550781 -2.8708748817443848
378.656494140625 368.6709289550781 3.01231050491333
378.65283203125 368.6706848144531 -2.8712446689605713
378.65283203125 368.6706848144531 3.0119407176971436
378.649169921875 368.6704406738281 -2.871614456176758
378.649169921875 368.6704406738281 3.011570930480957
378.6455078125 368.6701965332031 -2.8719842433929443
378.6455078125 368.6701965332031 3.0112011432647705
378.641845703125 368.6699523925781 -2.872354030609131
378.641845703125 368.6699523925781 3.010831356048584
378.63818359375 368.6697082519531 -2.8727238178253174
378.63818359375 368.6697082519531 3.0104615688323975
378.634521484375 368.6694641113281 -2.873093605041504
378.634521484375 368.6694641113281 3.010091781616211
378.630859375 368.6692199707031 -2.8734633922576904
378.630859375 368.6692199707031 3.0097219944000244
378.627197265625 368.6689758300781 -2.873833179473877
378.627197265625 368.6689758300781 3.009352207183838
378.62353515625 368.6687316894531 -2.8742029666900635
378.62353515625 368.6687316894531 3.0089824199676514
378.619873046875 368.6684875488281 -2.87457275390625
378.619873046875 368.6684875488281 3.008612632751465
378.6162109375 368.6682434082031 -2.8749425411224365
378.6162109375 368.6682434082031 3.0082428455352783
378.612548828125 368.6679992675781 -2.875312328338623
378.612548828125 368.6679992675781 3.007873058319092
378.60888671875 368.6677551269531 -2.8756821155548096
378.60888671875 368.6677551269531 3.0075032711029053
378.605224609375 368.6675109863281 -2.876051902770996
378.605224609375 368.6675109863281 3.0071334838867188
378.6015625 368.6672668457031 -2.8764216899871826
378.6015625 368.6672668457031 3.0067636966705322
378.597900390625 368.6670227050781 -2.876791477203369
378.597900390625 368.6670227050781 3.0063939094543457
378.59423828125 368.6667785644531 -2.8771612644195557
378.59423828125 368.6667785644531 3.006024122238159
378.590576171875 368.6665344238281 -2.877531051635742
378.590576171875 368.6665344238281 3.0056543350219727
378.5869140625 368.6662902832031 -2.8779008388519287
378.5869140625 368.6662902832031 3.005284547805786
378.583251953125 368.6660461425781 -2.8782706260681152
378.583251953125 368.6660461425781 3.0049147605895996
378.57958984375 368.6658020019531 -2.8786404132843018
378.57958984375 368.6658020019531 3.004544973373413
378.575927734375 368.6655578613281 -2.8790102005004883
378.575927734375 368.6655578613281 3.0041751861572266
378.572265625 368.6653137207031 -2.879379987716675
378.572265625 368.6653137207031 3.00380539894104
378.568603515625 368.66510009765625 -2.8797497749328613
378.568603515625 368.66510009765625 3.0034356117248535
378.56494140625 368.6648864746094 -2.880119562149048
378.56494140625 368.6648864746094 3.003065824508667
378.561279296875 368.6646728515625 -2.8804893493652344
378.561279296875 368.6646728515625 3.0026960372924805
378.5576171875 368.6644592285156 -2.880859136581421
378.5576171875 368.6644592285156 3.002326250076294
378.553955078125 368.66424560546875 -2.8812289237976074
378.553955078125 368.66424560546875 3.0019564628601074
378.55029296875 368.6640319824219 -2.881598711013794
378.55029296875 368.6640319824219 3.001586675643921
378.546630859375 368.663818359375 -2.8819684982299805
378.546630859375 368.663818359375 3.0012168884277344
378.54296875 368.6636047363281 -2.882338285446167
378.54296875 368.6636047363281 3.000847101211548
378.539306640625 368.66339111328125 -2.8827080726623535
378.539306640625 368.66339111328125 3.0004773139953613
378.53564453125 368.6631774902344 -2.88307785987854
378.53564453125 368.6631774902344 3.000107526779175
378.531982421875 368.6629638671875 -2.8834476470947266
378.531982421875 368.6629638671875 2.9997377395629883
378.5283203125 368.6627502441406 -2.883817434310913
378.5283203125 368.6627502441406 2.9993679523468018
378.524658203125 368.66253662109375 -2.8841872215270996
378.524658203125 368.66253662109375 2.9989981651306152
378.52099609375 368.6623229980469 -2.884557008743286
378.52099609375 368.6623229980469 2.9986283779144287
378.517333984375 368.662109375 -2.8849267959594727
378.517333984375 368.662109375 2.998258590698242
378.513671875 368.6618957519531 -2.885296583175659
378.513671875 368.6618957519531 2.9978888034820557
378.510009765625 368.66168212890625 -2.8856663703918457
378.510009765625 368.66168212890625 2.997519016265869
378.50634765625 368.6614685058594 -2.8860361576080322
378.50634765625 368.6614685058594 2.9971492290496826
378.502685546875 368.6612548828125 -2.8864059448242188
378.502685546875 368.6612548828125 2.996779441833496
378.4990234375 368.6610412597656 -2.8867757320404053
378.4990234375 368.6610412597656 2.9964096546173096
378.495361328125 368.66082763671875 -2.887145519256592
378.495361328125 368.66082763671875 2.996039867401123
378.49169921875 368.6606140136719 -2.8875153064727783
378.49169921875 368.6606140136719 2.9956700801849365
378.488037109375 368.6604309082031 -2.887885093688965
378.488037109375 368.6604309082031 2.99530029296875
378.484375 368.6602478027344 -2.8882548809051514
378.484375 368.6602478027344 2.9949305057525635
378.480712890625 368.6600646972656 -2.888624668121338
378.480712890625 368.6600646972656 2.994560718536377
378.47705078125 368.6598815917969 -2.8889944553375244
378.47705078125 368.6598815917969 2.9941909313201904
378.473388671875 368.6596984863281 -2.889364242553711
378.473388671875 368.6596984863281 2.993821144104004
378.4697265625 368.6595153808594 -2.8897340297698975
378.4697265625 368.6595153808594 2.9934513568878174
378.466064453125 368.6593322753906 -2.890103816986084
378.466064453125 368.6593322753906 2.993081569671631
378.46240234375 368.6591491699219 -2.8904736042022705
378.46240234375 368.6591491699219 2.9927117824554443
378.458740234375 368.6589660644531 -2.890843391418457
378.458740234375 368.6589660644531 2.992341995239258
378.455078125 368.6587829589844 -2.8912131786346436
378.455078125 368.6587829589844 2.9919722080230713
378.451416015625 368.6585998535156 -2.89158296585083
378.451416015625 368.6585998535156 2.9916024208068848
378.44775390625 368.6584167480469 -2.8919527530670166
378.44775390625 368.6584167480469 2.9912326335906982
378.444091796875 368.6582336425781 -2.892322540283203
378.444091796875 368.6582336425781 2.9908628463745117
378.4404296875 368.6580505371094 -2.8926923274993896
378.4404296875 368.6580505371094 2.990493059158325
378.436767578125 368.6578674316406 -2.893062114715576
378.436767578125 368.6578674316406 2.9901232719421387
378.43310546875 368.6576843261719 -2.8934319019317627
378.43310546875 368.6576843261719 2.989753484725952
378.429443359375 368.6575012207031 -2.893801689147949
378.429443359375 368.6575012207031 2.9893836975097656
378.42578125 368.6573181152344 -2.8941714763641357
378.42578125 368.6573181152344 2.989013910293579
378.422119140625 368.6571350097656 -2.8945412635803223
378.422119140625 368.6571350097656 2.9886441230773926
378.41845703125 368.6569519042969 -2.894911050796509
378.41845703125 368.6569519042969 2.988274335861206
378.414794921875 368.6567687988281 -2.8952808380126953
378.414794921875 368.6567687988281 2.9879045486450195
378.4111328125 368.6565856933594 -2.895650625228882
378.4111328125 368.6565856933594 2.987534761428833
378.407470703125 368.6564025878906 -2.8960204124450684
378.407470703125 368.6564025878906 2.9871649742126465
378.40380859375 368.65625 -2.896390199661255
378.40380859375 368.65625 2.98679518699646
378.400146484375 368.6560974121094 -2.8967599868774414
378.400146484375 368.6560974121094 2.9864253997802734
378.396484375 368.65594482421875 -2.897129774093628
378.396484375 368.65594482421875 2.986055612564087
378.392822265625 368.6557922363281 -2.8974995613098145
378.392822265625 368.6557922363281 2.9856858253479004
378.38916015625 368.6556396484375 -2.897869348526001
378.38916015625 368.6556396484375 2.985316038131714
378.385498046875 368.6554870605469 -2.8982391357421875
378.385498046875 368.6554870605469 2.9849462509155273
378.3818359375 368.65533447265625 -2.898608922958374
378.3818359375 368.65533447265625 2.984576463699341
378.378173828125 368.6551818847656 -2.8989787101745605
378.378173828125 368.6551818847656 2.9842066764831543
378.37451171875 368.655029296875 -2.899348497390747
378.37451171875 368.655029296875 2.9838368892669678
378.370849609375 368.6548767089844 -2.8997182846069336
378.370849609375 368.6548767089844 2.9834671020507812
378.3671875 368.65472412109375 -2.90008807182312
378.3671875 368.65472412109375 2.9830973148345947
378.363525390625 368.6545715332031 -2.9004578590393066
378.363525390625 368.6545715332031 2.982727527618408
378.35986328125 368.6544189453125 -2.900827646255493
378.35986328125 368.6544189453125 2.9823577404022217
378.356201171875 368.6542663574219 -2.9011974334716797
378.356201171875 368.6542663574219 2.981987953186035
378.3525390625 368.65411376953125 -2.901567220687866
378.3525390625 368.65411376953125 2.9816181659698486
378.348876953125 368.6539611816406 -2.9019370079040527
378.348876953125 368.6539611816406 2.981248378753662
378.34521484375 368.65380859375 -2.9023067951202393
378.34521484375 368.65380859375 2.9808785915374756
378.341552734375 368.6536560058594 -2.902676582336426
378.341552734375 368.6536560058594 2.980508804321289
378.337890625 368.65350341796875 -2.9030463695526123
378.337890625 368.65350341796875 2.9801390171051025
378.334228515625 368.6533508300781 -2.903416156768799
378.334228515625 368.6533508300781 2.979769229888916
378.33056640625 368.6531982421875 -2.9037859439849854
378.33056640625 368.6531982421875 2.9793994426727295
378.326904296875 368.6530456542969 -2.904155731201172
378.326904296875 368.6530456542969 2.979029655456543
378.3232421875 368.6529235839844 -2.9045255184173584
378.3232421875 368.6529235839844 2.9786598682403564
378.319580078125 368.6528015136719 -2.904895305633545
378.319580078125 368.6528015136719 2.97829008102417
378.31591796875 368.6526794433594 -2.9052650928497314
378.31591796875 368.6526794433594 2.9779202938079834
378.312255859375 368.6525573730469 -2.905634880065918
378.312255859375 368.6525573730469 2.977550506591797
378.30859375 368.6524353027344 -2.9060046672821045
378.30859375 368.6524353027344 2.9771807193756104
378.304931640625 368.6523132324219 -2.906374454498291
378.304931640625 368.6523132324219 2.976810932159424
378.30126953125 368.6521911621094 -2.9067442417144775
378.30126953125 368.6521911621094 2.9764411449432373
378.297607421875 368.6520690917969 -2.907114028930664
378.297607421875 368.6520690917969 2.976071357727051
378.2939453125 368.6519470214844 -2.9074838161468506
378.2939453125 368.6519470214844 2.9757015705108643
378.290283203125 368.6518249511719 -2.907853603363037
378.290283203125 368.6518249511719 2.9753317832946777
378.28662109375 368.6517028808594 -2.9082233905792236
377.1642150878906 368.2126159667969 -2.629138469696045
373.6780700683594 366.2513732910156 -2.6291415691375732
370.19189453125 364.29010009765625 -2.6291415691375732
366.7057189941406 362.3288269042969 -2.6291415691375732
363.21954345703125 360.3675537109375 -2.6291415691375732
359.7333679199219 358.4062805175781 -2.6291415691375732
356.2471923828125 356.44500732421875 -2.6291415691375732
352.7610168457031 354.4837341308594 -2.6291415691375732
349.27484130859375 352.5224609375 -2.6291415691375732
345.7886657714844 350.5611877441406 -2.6291415691375732
342.302490234375 348.59991455078125 -2.6291415691375732
338.8163146972656 346.6386413574219 -2.6291415691375732
335.33013916015625 344.6773681640625 -2.6291415691375732
331.8439636230469 342.7160949707031 -2.6291415691375732
328.3577880859375 340.75482177734375 -2.6291415691375732
324.8716125488281 338.7935485839844 -2.6291415691375732
321.38543701171875 336.832275390625 -2.6291415691375732
317.8992614746094 334.8710021972656 -2.6291415691375732
314.4130859375 332.90972900390625 -2.6291415691375732
310.9269104003906 330.9484558105469 -2.6291415691375732
307.44073486328125 328.9871826171875 -2.6291415691375732
303.9545593261719 327.0259094238281 -2.6291415691375732
300.4683837890625 325.06463623046875 -2.6291415691375732
296.9822082519531 323.1033630371094 -2.6291415691375732
293.49603271484375 321.14208984375 -2.6291415691375732
290.0098571777344 319.1808166503906 -2.6291415691375732
286.523681640625 317.21954345703125 -2.6291415691375732
283.0375061035156 315.2582702636719 -2.6291415691375732
279.55133056640625 313.2969970703125 -2.6291415691375732
276.0651550292969 311.3357238769531 -2.6291415691375732
272.5789794921875 309.37445068359375 -2.6291415691375732
269.0928039550781 307.4131774902344 -2.6291415691375732
265.60662841796875 305.451904296875 -2.6291415691375732
265.6038513183594 305.4494934082031 -2.2295114994049072
263.15545654296875 302.286376953125 -2.2295114994049072
260.7070617675781 299.1232604980469 -2.2295114994049072
258.2586669921875 295.96014404296875 -2.2295114994049072
255.8102569580078 292.7970275878906 -2.2295114994049072
253.36184692382812 289.6339111328125 -2.2295114994049072
250.91343688964844 286.4707946777344 -2.2295114994049072
248.46502685546875 283.30767822265625 -2.2295114994049072
246.01661682128906 280.1445617675781 -2.2295114994049072
243.56820678710938 276.9814453125 -2.2295114994049072
241.1197967529297 273.8183288574219 -2.2295114994049072
238.67138671875 270.65521240234375 -2.2295114994049072
236.2229766845703 267.4920959472656 -2.2295114994049072
233.77456665039062 264.3289794921875 -2.2295114994049072
233.77293395996094 264.32568359375 -1.8298814296722412
232.74815368652344 260.4591979980469 -1.8298814296722412
231.72337341308594 256.59271240234375 -1.8298814296722412
230.69859313964844 252.72621154785156 -1.8298814296722412
229.67381286621094 248.85971069335938 -1.8298814296722412
228.64903259277344 244.9932098388672 -1.8298814296722412
227.62425231933594 241.126708984375 -1.8298814296722412
226.59947204589844 237.2602081298828 -1.8298814296722412
226.59925842285156 237.25648498535156 -1.4302566051483154
227.15956115722656 233.29592895507812 -1.4302566051483154
227.71986389160156 229.3353729248047 -1.4302566051483154
228.28016662597656 225.37481689453125 -1.4302566051483154
228.84046936035156 221.4142608642578 -1.4302566051483154
229.40077209472656 217.45370483398438 -1.4302566051483154
229.96107482910156 213.49314880371094 -1.4302566051483154
230.52137756347656 209.5325927734375 -1.4302566051483154
231.08168029785156 205.57203674316406 -1.4302566051483154
231.64198303222656 201.61148071289062 -1.4302566051483154
232.20228576660156 197.6509246826172 -1.4302566051483154
232.76258850097656 193.69036865234375 -1.4302566051483154
232.76380920410156 193.68690490722656 -1.0306265354156494
234.82093811035156 190.2564239501953 -1.0306265354156494
234.8234100341797 190.2537078857422 -0.6309964060783386
238.0531768798828 187.89390563964844 -0.6309964060783386
241.28294372558594 185.5341033935547 -0.6309964060783386
244.51271057128906 183.17430114746094 -0.6309964060783386
247.7424774169922 180.8144989013672 -0.6309964060783386
250.9722442626953 178.45469665527344 -0.6309964060783386
251.04702758789062 178.41993713378906 -0.23929643630981445
254.93304443359375 177.47186279296875 -0.23929643630981445
258.8190612792969 176.52378845214844 -0.23929643630981445
262.705078125 175.57571411132812 -0.23929643630981445
266.5910949707031 174.6276397705078 -0.23929643630981445
270.47711181640625 173.6795654296875 -0.23929643630981445
274.3631286621094 172.7314910888672 -0.23929643630981445
278.2491455078125 171.78341674804688 -0.23929643630981445
282.1351623535156 170.83534240722656 -0.23929643630981445
286.02117919921875 169.88726806640625 -0.23929643630981445
289.9071960449219 168.93919372558594 -0.23929643630981445
293.793212890625 167.99111938476562 -0.23929643630981445
297.6792297363281 167.0430450439453 -0.23929643630981445
301.56524658203125 166.094970703125 -0.23929643630981445
305.4512634277344 165.1468963623047 -0.23929643630981445
309.3372802734375 164.19882202148438 -0.23929643630981445
313.2232971191406 163.25074768066406 -0.23929643630981445
317.10931396484375 162.30267333984375 -0.23929643630981445
320.9953308105469 161.35459899902344 -0.23929643630981445
324.88134765625 160.40652465820312 -0.23929643630981445
328.7673645019531 159.4584503173828 -0.23929643630981445
332.65338134765625 158.5103759765625 -0.23929643630981445
336.5393981933594 157.5623016357422 -0.23929643630981445
340.4254150390625 156.61422729492188 -0.23929643630981445
344.3114318847656 155.66615295410156 -0.23929643630981445
348.19744873046875 154.71807861328125 -0.23929643630981445
352.0834655761719 153.77000427246094 -0.23929643630981445
355.969482421875 152.82192993164062 -0.23929643630981445
359.8554992675781 151.8738555908203 -0.23929643630981445
363.74151611328125 150.92578125 -0.23929643630981445
367.6275329589844 149.9777069091797 -0.23929643630981445
371.5135498046875 149.02963256835938 -0.23929643630981445
375.3995666503906 148.08155822753906 -0.23929643630981445
379.28558349609375 147.13348388671875 -0.23929643630981445
383.1716003417969 146.18540954589844 -0.23929643630981445
387.0576171875 145.23733520507812 -0.23929643630981445
390.9436340332031 144.2892608642578 -0.23929643630981445
394.82965087890625 143.3411865234375 -0.23929643630981445
398.7156677246094 142.3931121826172 -0.23929643630981445
402.6016845703125 141.44503784179688 -0.23929643630981445
406.4877014160156 140.49696350097656 -0.23929643630981445
410.37371826171875 139.54888916015625 -0.23929643630981445
414.2597351074219 138.60081481933594 -0.23929643630981445
418.145751953125 137.65274047851562 -0.23929643630981445
422.0317687988281 136.7046661376953 -0.23929643630981445
425.91778564453125 135.756591796875 -0.23929643630981445
429.8038024902344 134.8085174560547 -0.23929643630981445
433.6898193359375 133.86044311523438 -0.23929643630981445
437.5758361816406 132.91236877441406 -0.23929643630981445
441.46185302734375 131.96429443359375 -0.23929643630981445
445.3478698730469 131.01622009277344 -0.23929643630981445
449.23388671875 130.06814575195312 -0.23929643630981445
453.1199035644531 129.1200714111328 -0.23929643630981445
457.00592041015625 128.1719970703125 -0.23929643630981445
460.8919372558594 127.22392272949219 -0.23929643630981445
464.7779541015625 126.27584838867188 -0.23929643630981445
468.6639709472656 125.32777404785156 -0.23929643630981445
472.54998779296875 124.37969970703125 -0.23929643630981445
476.4360046386719 123.43162536621094 -0.23929643630981445
480.322021484375 122.48355102539062 -0.23929643630981445
484.2080383300781 121.53547668457031 -0.23929643630981445
488.09405517578125 120.58740234375 -0.23929643630981445
491.9800720214844 119.63932800292969 -0.23929643630981445
495.8660888671875 118.69125366210938 -0.23929643630981445
499.7521057128906 117.74317932128906 -0.23929643630981445
503.63812255859375 116.79510498046875 -0.23929643630981445
507.5241394042969 115.84703063964844 -0.23929643630981445
511.41015625 114.89895629882812 -0.23929643630981445
515.2933959960938 113.95099639892578 -0.2395714521408081
519.1763305664062 113.00196838378906 -0.23984646797180176
523.0590209960938 112.05187225341797 -0.2401214838027954
526.9414672851562 111.1007080078125 -0.24039649963378906
530.8236694335938 110.14847564697266 -0.24067151546478271
534.70556640625 109.19517517089844 -0.24094653129577637
538.5872192382812 108.24080657958984 -0.24122154712677002
538.5872192382812 108.24080657958984 -0.6412215232849121
538.5872192382812 108.24080657958984 -1.0412214994430542
540.60791015625 104.7887191772461 -1.0412214994430542
542.6286010742188 101.33663177490234 -1.0412214994430542
544.6492919921875 97.8845443725586 -1.0412214994430542
546.6699829101562 94.43245697021484 -1.0412214994430542
548.690673828125 90.9803695678711 -1.0412214994430542
550.7113647460938 87.52828216552734 -1.0412214994430542
552.7320556640625 84.0761947631836 -1.0412214994430542
554.7527465820312 80.62410736083984 -1.0412214994430542
556.7734375 77.1720199584961 -1.0412214994430542
558.7941284179688 73.71993255615234 -1.0412214994430542
560.8148193359375 70.2678451538086 -1.0412214994430542
562.8355102539062 66.81575775146484 -1.0412214994430542
562.8355102539062 66.81575775146484 -1.4412214756011963
562.8355102539062 66.81575775146484 -1.8412214517593384
562.8355102539062 66.81575775146484 -2.2412214279174805
560.3515014648438 63.684024810791016 -2.2414965629577637
557.8666381835938 60.552974700927734 -2.241771697998047
557.8666381835938 60.552974700927734 -2.6417717933654785
554.35595703125 58.635902404785156 -2.6417717933654785
550.8452758789062 56.71883010864258 -2.6417717933654785
547.3345947265625 54.8017578125 -2.6417717933654785
543.8239135742188 52.88468551635742 -2.6417717933654785
540.313232421875 50.967613220214844 -2.6417717933654785
536.8025512695312 49.050540924072266 -2.6417717933654785
536.8025512695312 49.050540924072266 -3.04177188873291
532.8224487304688 48.651920318603516 -3.04177188873291
528.8423461914062 48.253299713134766 -3.04177188873291
524.8622436523438 47.854679107666016 -3.04177188873291
520.8821411132812 47.456058502197266 -3.04177188873291
516.9020385742188 47.057437896728516 -3.04177188873291
512.9219360351562 46.658817291259766 -3.04177188873291
508.94183349609375 46.260196685791016 -3.04177188873291
504.96173095703125 45.861576080322266 -3.04177188873291
500.98162841796875 45.462955474853516 -3.04177188873291
497.00152587890625 45.064334869384766 -3.04177188873291
493.02142333984375 44.665714263916016 -3.04177188873291
489.04132080078125 44.267093658447266 -3.04177188873291
485.06121826171875 43.868473052978516 -3.04177188873291
481.08111572265625 43.469852447509766 -3.04177188873291
477.10101318359375 43.071231842041016 -3.04177188873291
473.12091064453125 42.672611236572266 -3.04177188873291
469.14080810546875 42.273990631103516 -3.04177188873291
465.16070556640625 41.875370025634766 -3.04177188873291
461.18060302734375 41.476749420166016 -3.04177188873291
457.20050048828125 41.078128814697266 -3.04177188873291
453.22039794921875 40.679508209228516 -3.04177188873291
449.24029541015625 40.280887603759766 -3.04177188873291
445.26019287109375 39.882266998291016 -3.04177188873291
441.28009033203125 39.483646392822266 -3.04177188873291
437.29998779296875 39.085025787353516 -3.04177188873291
433.31988525390625 38.686405181884766 -3.04177188873291
429.33978271484375 38.287784576416016 -3.04177188873291
425.35968017578125 37.889163970947266 -3.04177188873291
421.37957763671875 37.490543365478516 -3.04177188873291
417.39947509765625 37.091922760009766 -3.04177188873291
413.41937255859375 36.693302154541016 -3.04177188873291
409.43927001953125 36.294681549072266 -3.04177188873291
405.45916748046875 35.896060943603516 -3.04177188873291
401.47906494140625 35.497440338134766 -3.04177188873291
397.49896240234375 35.098819732666016 -3.04177188873291
393.51885986328125 34.700199127197266 -3.04177188873291
389.53875732421875 34.301578521728516 -3.04177188873291
385.55865478515625 33.902957916259766 -3.04177188873291
381.57855224609375 33.504337310791016 -3.04177188873291
377.59844970703125 33.105716705322266 -3.04177188873291
373.61834716796875 32.707096099853516 -3.04177188873291
369.63824462890625 32.308475494384766 -3.04177188873291
365.65814208984375 31.909854888916016 -3.04177188873291
361.67803955078125 31.511234283447266 -3.04177188873291
357.69793701171875 31.112613677978516 -3.04177188873291
353.71783447265625 30.713993072509766 -3.04177188873291
349.73773193359375 30.315372467041016 -3.04177188873291
345.75762939453125 29.916751861572266 -3.04177188873291
341.77752685546875 29.518131256103516 -3.04177188873291
337.79742431640625 29.119510650634766 -3.04177188873291
333.81732177734375 28.720890045166016 -3.04177188873291
329.83721923828125 28.322269439697266 -3.04177188873291
325.85711669921875 27.923648834228516 -3.04177188873291
321.87701416015625 27.525028228759766 -3.04177188873291
317.89691162109375 27.126407623291016 -3.04177188873291
313.91680908203125 26.727787017822266 -3.04177188873291
309.93670654296875 26.329166412353516 -3.04177188873291
305.95660400390625 25.930545806884766 -3.04177188873291
301.97650146484375 25.531925201416016 -3.04177188873291
297.99639892578125 25.133304595947266 -3.04177188873291
294.01629638671875 24.734683990478516 -3.04177188873291
290.03619384765625 24.336063385009766 -3.04177188873291
286.05609130859375 23.937442779541016 -3.04177188873291
282.07598876953125 23.538822174072266 -3.04177188873291
278.09588623046875 23.140201568603516 -3.04177188873291
274.11578369140625 22.741580963134766 -3.04177188873291
270.13568115234375 22.342960357666016 -3.04177188873291
266.15557861328125 21.944339752197266 -3.04177188873291
262.17547607421875 21.545719146728516 -3.04177188873291
258.19537353515625 21.147098541259766 -3.04177188873291
254.2152862548828 20.748477935791016 -3.04177188873291
250.23519897460938 20.349857330322266 -3.04177188873291
246.25511169433594 19.951236724853516 -3.04177188873291
242.2750244140625 19.552616119384766 -3.04177188873291
238.29493713378906 19.153995513916016 -3.04177188873291
234.31484985351562 18.755374908447266 -3.04177188873291
230.3347625732422 18.356754302978516 -3.04177188873291
226.35467529296875 17.958133697509766 -3.04177188873291
222.3745880126953 17.559513092041016 -3.04177188873291
218.39450073242188 17.160892486572266 -3.04177188873291
218.39450073242188 17.160892486572266 2.8414132595062256
214.5733642578125 18.343658447265625 2.8414132595062256
210.75222778320312 19.526424407958984 2.8414132595062256
206.93109130859375 20.709190368652344 2.8414132595062256
203.10995483398438 21.891956329345703 2.8414132595062256
199.288818359375 23.074722290039062 2.8414132595062256
195.46768188476562 24.257488250732422 2.8414132595062256
191.64654541015625 25.44025421142578 2.8414132595062256
187.82540893554688 26.62302017211914 2.8414132595062256
184.0042724609375 27.8057861328125 2.8414132595062256
180.18313598632812 28.98855209350586 2.8414132595062256
176.36199951171875 30.17131805419922 2.8414132595062256
172.54086303710938 31.354084014892578 2.8414132595062256
168.7197265625 32.53684997558594 2.8414132595062256
164.89859008789062 33.7196159362793 2.8414132595062256
161.07745361328125 34.902381896972656 2.8414132595062256
157.25631713867188 36.085147857666016 2.8414132595062256
153.4351806640625 37.267913818359375 2.8414132595062256
149.61404418945312 38.450679779052734 2.8414132595062256
145.79290771484375 39.633445739746094 2.8414132595062256
141.97177124023438 40.81621170043945 2.8414132595062256
138.150634765625 41.99897766113281 2.8414132595062256
134.32949829101562 43.18174362182617 2.8414132595062256
130.50836181640625 44.36450958251953 2.8414132595062256
126.68722534179688 45.54727554321289 2.8414132595062256
122.8660888671875 46.73004150390625 2.8414132595062256
119.04495239257812 47.91280746459961 2.8414132595062256
115.22381591796875 49.09557342529297 2.8414132595062256
111.40267944335938 50.27833938598633 2.8414132595062256
107.58154296875 51.46110534667969 2.8414132595062256
103.76040649414062 52.64387130737305 2.8414132595062256
99.93927001953125 53.826637268066406 2.8414132595062256
96.11813354492188 55.009403228759766 2.8414132595062256
92.2969970703125 56.192169189453125 2.8414132595062256
88.47586059570312 57.374935150146484 2.8414132595062256
84.65472412109375 58.557701110839844 2.8414132595062256
80.83358764648438 59.7404670715332 2.8414132595062256
77.012451171875 60.92323303222656 2.8414132595062256
73.19131469726562 62.10599899291992 2.8414132595062256
69.37017822265625 63.28876495361328 2.8414132595062256
65.54904174804688 64.4715347290039 2.8414132595062256
61.727909088134766 65.65430450439453 2.8414132595062256
57.906776428222656 66.83707427978516 2.8414132595062256
