62.828426361083984 452.82843017578125 0.7853981852531433
65.65685272216797 455.6568603515625 0.7853981852531433
68.48528289794922 458.48529052734375 0.7853981852531433
71.31371307373047 461.313720703125 0.7853981852531433
74.14214324951172 464.14215087890625 0.7853981852531433
76.97057342529297 466.9705810546875 0.7853981852531433
79.79900360107422 469.79901123046875 0.7853981852531433
82.62743377685547 472.62744140625 0.7853981852531433
85.45586395263672 475.45587158203125 0.7853981852531433
88.28429412841797 478.2843017578125 0.7853981852531433
91.11272430419922 481.11273193359375 0.7853981852531433
93.94115447998047 483.941162109375 0.7853981852531433
96.76958465576172 486.76959228515625 0.7853981852531433
99.59801483154297 489.5980224609375 0.7853981852531433
102.42644500732422 492.42645263671875 0.7853981852531433
105.25487518310547 495.2548828125 0.7853981852531433
108.08330535888672 498.08331298828125 0.7853981852531433
110.91173553466797 500.9117431640625 0.7853981852531433
113.74016571044922 503.74017333984375 0.7853981852531433
116.56859588623047 506.568603515625 0.7853981852531433
119.39702606201172 509.39703369140625 0.7853981852531433
122.22545623779297 512.2254638671875 0.7853981852531433
125.05388641357422 515.0538940429688 0.7853981852531433
127.88231658935547 517.88232421875 0.7853981852531433
130.7107391357422 520.7107543945312 0.7853981852531433
133.53916931152344 523.5391845703125 0.7853981852531433
136.3675994873047 526.3676147460938 0.7853981852531433
139.19602966308594 529.196044921875 0.7853981852531433
142.0244598388672 532.0244750976562 0.7853981852531433
144.85289001464844 534.8529052734375 0.7853981852531433
147.6813201904297 537.6813354492188 0.7853981852531433
150.50975036621094 540.509765625 0.7853981852531433
153.3381805419922 543.3381958007812 0.7853981852531433
153.3381805419922 543.3381958007812 0.38539817929267883
157.04476928710938 544.8419189453125 0.38539817929267883
160.75135803222656 546.3456420898438 0.38539817929267883
160.75135803222656 546.3456420898438 -0.014601826667785645
164.7509307861328 546.2872314453125 -0.014601826667785645
168.75050354003906 546.2288208007812 -0.014601826667785645
172.7500762939453 546.17041015625 -0.014601826667785645
176.74964904785156 546.1119995117188 -0.014601826667785645
180.7492218017578 546.0535888671875 -0.014601826667785645
180.7492218017578 546.0535888671875 -0.4146018326282501
184.4103240966797 544.4422607421875 -0.4146018326282501
188.07142639160156 542.8309326171875 -0.4146018326282501
191.73252868652344 541.2196044921875 -0.4146018326282501
195.3936309814453 539.6082763671875 -0.4146018326282501
199.0547332763672 537.9969482421875 -0.4146018326282501
202.71583557128906 536.3856201171875 -0.4146018326282501
206.37693786621094 534.7742919921875 -0.4146018326282501
210.0380401611328 533.1629638671875 -0.4146018326282501
213.6991424560547 531.5516357421875 -0.4146018326282501
217.36024475097656 529.9403076171875 -0.4146018326282501
221.02134704589844 528.3289794921875 -0.4146018326282501
224.6824493408203 526.7176513671875 -0.4146018326282501
228.3435516357422 525.1063232421875 -0.4146018326282501
228.3435516357422 525.1063232421875 -0.8146018385887146
231.0881805419922 522.196533203125 -0.8146018385887146
233.8328094482422 519.2867431640625 -0.8146018385887146
236.5774383544922 516.376953125 -0.8146018385887146
239.3220672607422 513.4671630859375 -0.8146018385887146
242.0666961669922 510.5573425292969 -0.8146018385887146
244.8113250732422 507.64752197265625 -0.8146018385887146
247.5559539794922 504.7377014160156 -0.8146018385887146
250.3005828857422 501.827880859375 -0.8146018385887146
253.0452117919922 498.9180603027344 -0.8146018385887146
255.7898406982422 496.00823974609375 -0.8146018385887146
258.53448486328125 493.0984191894531 -0.8146018385887146
261.27911376953125 490.1885986328125 -0.8146018385887146
264.02374267578125 487.2787780761719 -0.8146018385887146
266.76837158203125 484.36895751953125 -0.8146018385887146
269.51300048828125 481.4591369628906 -0.8146018385887146
272.25762939453125 478.54931640625 -0.8146018385887146
275.00225830078125 475.6394958496094 -0.8146018385887146
277.74688720703125 472.72967529296875 -0.8146018385887146
280.49151611328125 469.8198547363281 -0.8146018385887146
283.23614501953125 466.9100341796875 -0.8146018385887146
285.98077392578125 464.0002136230469 -0.8146018385887146
288.72540283203125 461.09039306640625 -0.8146018385887146
291.47003173828125 458.1805725097656 -0.8146018385887146
294.21466064453125 455.270751953125 -0.8146018385887146
296.95928955078125 452.3609313964844 -0.8146018385887146
299.70391845703125 449.45111083984375 -0.8146018385887146
302.44854736328125 446.5412902832031 -0.8146018385887146
305.19317626953125 443.6314697265625 -0.8146018385887146
307.93780517578125 440.7216491699219 -0.8146018385887146
310.68243408203125 437.81182861328125 -0.8146018385887146
313.42706298828125 434.9020080566406 -0.8146018385887146
316.17169189453125 431.9921875 -0.8146018385887146
318.91632080078125 429.0823669433594 -0.8146018385887146
321.66094970703125 426.17254638671875 -0.8146018385887146
324.40557861328125 423.2627258300781 -0.8146018385887146
324.4212646484375 423.25164794921875 -0.4165344536304474
324.44000244140625 423.24749755859375 -0.018467068672180176
324.4588928222656 423.2509460449219 0.37960031628608704
324.4588928222656 423.2509460449219 0.7796003222465515
327.3036804199219 426.06292724609375 0.7796003222465515
330.1484680175781 428.8749084472656 0.7796003222465515
332.9932556152344 431.6868896484375 0.7796003222465515
335.8380432128906 434.4988708496094 0.7796003222465515
338.6828308105469 437.31085205078125 0.7796003222465515
341.5276184082031 440.1228332519531 0.7796003222465515
344.3724060058594 442.934814453125 0.7796003222465515
347.2171936035156 445.7467956542969 0.7796003222465515
350.0619812011719 448.55877685546875 0.7796003222465515
352.9067687988281 451.3707580566406 0.7796003222465515
355.7515563964844 454.1827392578125 0.7796003222465515
358.5963439941406 456.9947204589844 0.7796003222465515
361.4411315917969 459.80670166015625 0.7796003222465515
364.2859191894531 462.6186828613281 0.7796003222465515
367.1307067871094 465.4306640625 0.7796003222465515
369.9754943847656 468.2426452636719 0.7796003222465515
372.8202819824219 471.05462646484375 0.7796003222465515
375.6650695800781 473.8666076660156 0.7796003222465515
378.5098571777344 476.6785888671875 0.7796003222465515
381.3546447753906 479.4905700683594 0.7796003222465515
384.1994323730469 482.30255126953125 0.7796003222465515
387.0442199707031 485.1145324707031 0.7796003222465515
389.8890075683594 487.926513671875 0.7796003222465515
392.7337951660156 490.7384948730469 0.7796003222465515
395.5785827636719 493.55047607421875 0.7796003222465515
398.4233703613281 496.3624572753906 0.7796003222465515
401.2681579589844 499.1744384765625 0.7796003222465515
404.1129455566406 501.9864196777344 0.7796003222465515
406.9577331542969 504.79840087890625 0.7796003222465515
409.8025207519531 507.6103820800781 0.7796003222465515
412.6473083496094 510.42236328125 0.7796003222465515
415.4920959472656 513.2343139648438 0.7796003222465515
418.3368835449219 516.0462646484375 0.7796003222465515
421.1816711425781 518.8582153320312 0.7796003222465515
424.0264587402344 521.670166015625 0.7796003222465515
426.8712463378906 524.4821166992188 0.7796003222465515
429.7160339355469 527.2940673828125 0.7796003222465515
432.5608215332031 530.1060180664062 0.7796003222465515
435.4056091308594 532.91796875 0.7796003222465515
438.2503967285156 535.7299194335938 0.7796003222465515
441.0951843261719 538.5418701171875 0.7796003222465515
443.9399719238281 541.3538208007812 0.7796003222465515
446.7847595214844 544.165771484375 0.7796003222465515
446.7847595214844 544.165771484375 0.37960031628608704
450.5 545.64794921875 0.37960031628608704
454.2152404785156 547.130126953125 0.37960031628608704
457.93048095703125 548.6123046875 0.37960031628608704
461.6457214355469 550.094482421875 0.37960031628608704
465.3609619140625 551.57666015625 0.37960031628608704
469.0762023925781 553.058837890625 0.37960031628608704
472.79144287109375 554.541015625 0.37960031628608704
476.5066833496094 556.023193359375 0.37960031628608704
480.221923828125 557.50537109375 0.37960031628608704
483.9371643066406 558.987548828125 0.37960031628608704
487.65240478515625 560.4697265625 0.37960031628608704
491.3676452636719 561.951904296875 0.37960031628608704
495.0828857421875 563.43408203125 0.37960031628608704
495.1092529296875 563.4389038085938 -0.017700105905532837
499.1086120605469 563.3681030273438 -0.017700105905532837
503.10797119140625 563.2973022460938 -0.017700105905532837
507.1073303222656 563.2265014648438 -0.017700105905532837
511.106689453125 563.1557006835938 -0.017700105905532837
515.1060791015625 563.0848999023438 -0.017700105905532837
519.10546875 563.0140991210938 -0.017700105905532837
523.1048583984375 562.9432983398438 -0.017700105905532837
523.1048583984375 562.9432983398438 -0.4177001118659973
526.760986328125 561.3206787109375 -0.4177001118659973
526.760986328125 561.3206787109375 -0.8177001476287842
529.49658203125 558.4024047851562 -0.8177001476287842
532.232177734375 555.484130859375 -0.8177001476287842
534.9677734375 552.5658569335938 -0.8177001476287842
537.703369140625 549.6475830078125 -0.8177001476287842
540.43896484375 546.7293090820312 -0.8177001476287842
543.174560546875 543.81103515625 -0.8177001476287842
543.174560546875 543.81103515625 -1.2177001237869263
544.5578002929688 540.0578002929688 -1.2177001237869263
545.9410400390625 536.3045654296875 -1.2177001237869263
547.3242797851562 532.5513305664062 -1.2177001237869263
548.70751953125 528.798095703125 -1.2177001237869263
550.0907592773438 525.0448608398438 -1.2177001237869263
551.4739990234375 521.2916259765625 -1.2177001237869263
552.8572387695312 517.5383911132812 -1.2177001237869263
554.240478515625 513.78515625 -1.2177001237869263
555.6237182617188 510.03192138671875 -1.2177001237869263
557.0069580078125 506.2786865234375 -1.2177001237869263
558.3901977539062 502.52545166015625 -1.2177001237869263
559.7734375 498.772216796875 -1.2177001237869263
561.1317138671875 495.059814453125 -1.2223904132843018
561.1317138671875 495.059814453125 -1.6223903894424438
560.9254150390625 491.06512451171875 -1.6223903894424438
560.6436157226562 487.7331848144531 -1.687946081161499
560.1760864257812 483.7605895996094 -1.687946081161499
560.1760864257812 483.7605895996094 -2.0879461765289307
558.198486328125 480.2836608886719 -2.0879461765289307
556.2208862304688 476.8067321777344 -2.0879461765289307
554.2432861328125 473.3298034667969 -2.0879461765289307
552.2656860351562 469.8528747558594 -2.0879461765289307
550.2880859375 466.3759460449219 -2.0879461765289307
548.3104858398438 462.8990173339844 -2.0879461765289307
546.3328857421875 459.4220886230469 -2.0879461765289307
544.3552856445312 455.9451599121094 -2.0879461765289307
542.377685546875 452.4682312011719 -2.0879461765289307
542.377685546875 452.4682312011719 -2.4879462718963623
539.2022094726562 450.035888671875 -2.4879462718963623
536.0267333984375 447.6035461425781 -2.4879462718963623
532.8512573242188 445.17120361328125 -2.4879462718963623
529.67578125 442.7388610839844 -2.4879462718963623
526.5003051757812 440.3065185546875 -2.4879462718963623
523.3248291015625 437.8741760253906 -2.4879462718963623
520.1493530273438 435.44183349609375 -2.4879462718963623
516.973876953125 433.0094909667969 -2.4879462718963623
513.7984008789062 430.5771484375 -2.4879462718963623
510.6229248046875 428.1448059082031 -2.4879462718963623
507.44744873046875 425.71246337890625 -2.4879462718963623
504.27197265625 423.2801208496094 -2.4879462718963623
501.09649658203125 420.8477783203125 -2.4879462718963623
497.9210205078125 418.4154357910156 -2.4879462718963623
494.74554443359375 415.98309326171875 -2.4879462718963623
491.570068359375 413.5507507324219 -2.4879462718963623
488.39459228515625 411.118408203125 -2.4879462718963623
485.2191162109375 408.6860656738281 -2.4879462718963623
482.04364013671875 406.25372314453125 -2.4879462718963623
478.8681640625 403.8213806152344 -2.4879462718963623
475.69268798828125 401.3890380859375 -2.4879462718963623
472.5172119140625 398.9566955566406 -2.4879462718963623
469.34173583984375 396.52435302734375 -2.4879462718963623
466.166259765625 394.0920104980469 -2.4879462718963623
462.99078369140625 391.65966796875 -2.4879462718963623
459.8153076171875 389.2273254394531 -2.4879462718963623
456.63983154296875 386.79498291015625 -2.4879462718963623
453.46435546875 384.3626403808594 -2.4879462718963623
450.28887939453125 381.9302978515625 -2.4879462718963623
447.1134033203125 379.4979553222656 -2.4879462718963623
443.93792724609375 377.06561279296875 -2.4879462718963623
443.93792724609375 377.06561279296875 -2.887946367263794
440.06591796875 376.0618591308594 -2.887946367263794
436.19390869140625 375.05810546875 -2.887946367263794
432.3218994140625 374.0543518066406 -2.887946367263794
428.44989013671875 373.05059814453125 -2.887946367263794
424.577880859375 372.0468444824219 -2.887946367263794
420.70587158203125 371.0430908203125 -2.887946367263794
416.8338623046875 370.0393371582031 -2.887946367263794
412.96185302734375 369.03558349609375 -2.887946367263794
409.08984375 368.0318298339844 -2.887946367263794
405.21783447265625 367.028076171875 -2.887946367263794
401.3458251953125 366.0243225097656 -2.887946367263794
397.47381591796875 365.02056884765625 -2.887946367263794
393.601806640625 364.0168151855469 -2.887946367263794
389.72979736328125 363.0130615234375 -2.887946367263794
385.8577880859375 362.0093078613281 -2.887946367263794
381.98577880859375 361.00555419921875 -2.887946367263794
378.11376953125 360.0018005371094 -2.887946367263794
374.24176025390625 358.998046875 -2.887946367263794
370.3697509765625 357.9942932128906 -2.887946367263794
366.49774169921875 356.99053955078125 -2.887946367263794
362.625732421875 355.9867858886719 -2.887946367263794
362.625732421875 355.9867858886719 -2.487947702407837
359.45025634765625 353.554443359375 -2.487947702407837
356.2747802734375 351.1221008300781 -2.487947702407837
353.09930419921875 348.68975830078125 -2.487947702407837
349.923828125 346.2574157714844 -2.487947702407837
346.74835205078125 343.8250732421875 -2.487947702407837
343.5728759765625 341.3927307128906 -2.487947702407837
340.39739990234375 338.96038818359375 -2.487947702407837
337.221923828125 336.5280456542969 -2.487947702407837
334.04644775390625 334.095703125 -2.487947702407837
330.8709716796875 331.6633605957031 -2.487947702407837
327.69549560546875 329.23101806640625 -2.487947702407837
324.52001953125 326.7986755371094 -2.487947702407837
321.34454345703125 324.3663330078125 -2.487947702407837
318.1690673828125 321.9339904785156 -2.487947702407837
314.99359130859375 319.50164794921875 -2.487947702407837
311.818115234375 317.0693054199219 -2.487947702407837
308.64263916015625 314.636962890625 -2.487947702407837
305.4671630859375 312.2046203613281 -2.487947702407837
302.29168701171875 309.77227783203125 -2.487947702407837
299.1162109375 307.3399353027344 -2.487947702407837
295.94073486328125 304.9075927734375 -2.487947702407837
292.7652587890625 302.4752502441406 -2.487947702407837
289.58978271484375 300.04290771484375 -2.487947702407837
286.414306640625 297.6105651855469 -2.487947702407837
283.23883056640625 295.17822265625 -2.487947702407837
280.0633544921875 292.7458801269531 -2.487947702407837
276.88787841796875 290.31353759765625 -2.487947702407837
273.71240234375 287.8811950683594 -2.487947702407837
270.53692626953125 285.4488525390625 -2.487947702407837
267.3614501953125 283.0165100097656 -2.487947702407837
264.18597412109375 280.58416748046875 -2.487947702407837
261.010498046875 278.1518249511719 -2.487947702407837
257.83502197265625 275.719482421875 -2.487947702407837
257.83502197265625 275.719482421875 -2.8879477977752686
253.9630126953125 274.71575927734375 -2.8879477977752686
250.09100341796875 273.7120361328125 -2.8879477977752686
246.218994140625 272.70831298828125 -2.8879477977752686
242.34698486328125 271.70458984375 -2.8879477977752686
238.4749755859375 270.70086669921875 -2.8879477977752686
234.60296630859375 269.6971435546875 -2.8879477977752686
230.73095703125 268.69342041015625 -2.8879477977752686
230.7136993408203 268.6850280761719 -2.489880323410034
230.70103454589844 268.67059326171875 -2.0918128490448
228.70999145507812 265.2013244628906 -2.0918128490448
226.7189483642578 261.7320556640625 -2.0918128490448
224.7279052734375 258.2627868652344 -2.0918128490448
222.7368621826172 254.7935333251953 -2.0918128490448
222.7307891845703 254.7753143310547 -1.693745493888855
222.240234375 250.80551147460938 -1.693745493888855
221.7496795654297 246.83570861816406 -1.693745493888855
221.25912475585938 242.86590576171875 -1.693745493888855
220.76856994628906 238.89610290527344 -1.693745493888855
220.27801513671875 234.92630004882812 -1.693745493888855
219.78746032714844 230.9564971923828 -1.693745493888855
219.29690551757812 226.9866943359375 -1.693745493888855
218.8063507080078 223.0168914794922 -1.693745493888855
218.3157958984375 219.04708862304688 -1.693745493888855
218.3172607421875 219.02789306640625 -1.2956827878952026
219.4038848876953 215.17831420898438 -1.2956827878952026
220.49050903320312 211.3287353515625 -1.2956827878952026
221.57713317871094 207.47915649414062 -1.2956827878952026
222.66375732421875 203.62957763671875 -1.2956827878952026
223.75038146972656 199.77999877929688 -1.2956827878952026
224.83700561523438 195.930419921875 -1.2956827878952026
225.9236297607422 192.08084106445312 -1.2956827878952026
225.95689392089844 192.0155792236328 -0.9030556082725525
228.43374633789062 188.87469482421875 -0.9030556082725525
230.9105987548828 185.7338104248047 -0.9030556082725525
233.387451171875 182.59292602539062 -0.9030556082725525
233.40208435058594 182.58050537109375 -0.5049881935119629
236.90280151367188 180.6453094482422 -0.5049881935119629
240.4035186767578 178.71011352539062 -0.5049881935119629
243.90423583984375 176.77491760253906 -0.5049881935119629
247.4049530029297 174.8397216796875 -0.5049881935119629
250.90567016601562 172.90452575683594 -0.5049881935119629
254.40638732910156 170.96932983398438 -0.5049881935119629
257.9071044921875 169.0341339111328 -0.5049881935119629
261.4078369140625 167.09893798828125 -0.5049881935119629
264.9085693359375 165.1637420654297 -0.5049881935119629
268.4093017578125 163.22854614257812 -0.5049881935119629
271.9100341796875 161.29335021972656 -0.5049881935119629
275.4107666015625 159.358154296875 -0.5049881935119629
278.9114990234375 157.42295837402344 -0.5049881935119629
282.4122314453125 155.48776245117188 -0.5049881935119629
285.9129638671875 153.5525665283203 -0.5049881935119629
289.4136962890625 151.61737060546875 -0.5049881935119629
289.4136962890625 151.61737060546875 -0.10498818755149841
293.39166259765625 151.1981964111328 -0.10498818755149841
297.36962890625 150.77902221679688 -0.10498818755149841
301.34759521484375 150.35984802246094 -0.10498818755149841
305.3255615234375 149.940673828125 -0.10498818755149841
309.30352783203125 149.52149963378906 -0.10498818755149841
313.281494140625 149.10232543945312 -0.10498818755149841
317.25946044921875 148.6831512451172 -0.10498818755149841
321.2374267578125 148.26397705078125 -0.10498818755149841
325.21539306640625 147.8448028564453 -0.10498818755149841
329.193359375 147.42562866210938 -0.10498818755149841
333.17132568359375 147.00645446777344 -0.10498818755149841
337.1492919921875 146.5872802734375 -0.10498818755149841
341.12725830078125 146.16810607910156 -0.10498818755149841
345.105224609375 145.74893188476562 -0.10498818755149841
349.08319091796875 145.3297576904297 -0.10498818755149841
353.0611572265625 144.91058349609375 -0.10498818755149841
357.03912353515625 144.4914093017578 -0.10498818755149841
361.01708984375 144.07223510742188 -0.10498818755149841
364.99505615234375 143.65306091308594 -0.10498818755149841
368.9730224609375 143.23388671875 -0.10498818755149841
372.95098876953125 142.81471252441406 -0.10498818755149841
376.928955078125 142.39553833007812 -0.10498818755149841
380.90692138671875 141.9763641357422 -0.10498818755149841
384.8848876953125 141.55718994140625 -0.10498818755149841
388.86285400390625 141.1380157470703 -0.10498818755149841
392.8408203125 140.71884155273438 -0.10498818755149841
396.81878662109375 140.29966735839844 -0.10498818755149841
400.7967529296875 139.8804931640625 -0.10498818755149841
404.77471923828125 139.46131896972656 -0.10498818755149841
408.752685546875 139.04214477539062 -0.10498818755149841
412.73065185546875 138.6229705810547 -0.10498818755149841
416.7086181640625 138.20379638671875 -0.10498818755149841
420.68658447265625 137.7846221923828 -0.10498818755149841
424.66455078125 137.36544799804688 -0.10498818755149841
428.64251708984375 136.94627380371094 -0.10498818755149841
432.6204833984375 136.527099609375 -0.10498818755149841
436.59844970703125 136.10792541503906 -0.10498818755149841
440.576416015625 135.68875122070312 -0.10498818755149841
444.55438232421875 135.2695770263672 -0.10498818755149841
448.5323486328125 134.85040283203125 -0.10498818755149841
452.51031494140625 134.4312286376953 -0.10498818755149841
456.48828125 134.01205444335938 -0.10498818755149841
460.46624755859375 133.59288024902344 -0.10498818755149841
464.4442138671875 133.1737060546875 -0.10498818755149841
468.42218017578125 132.75453186035156 -0.10498818755149841
472.400146484375 132.33535766601562 -0.10498818755149841
476.37811279296875 131.9161834716797 -0.10498818755149841
480.3560791015625 131.49700927734375 -0.10498818755149841
484.33404541015625 131.0778350830078 -0.10498818755149841
488.31201171875 130.65866088867188 -0.10498818755149841
492.28997802734375 130.23948669433594 -0.10498818755149841
496.2679443359375 129.8203125 -0.10498818755149841
500.24591064453125 129.40113830566406 -0.10498818755149841
504.223876953125 128.98196411132812 -0.10498818755149841
508.20184326171875 128.5627899169922 -0.10498818755149841
512.1798095703125 128.14361572265625 -0.10498818755149841
516.1577758789062 127.72443389892578 -0.10498818755149841
520.1357421875 127.30525207519531 -0.10498818755149841
524.1137084960938 126.88607025146484 -0.10498818755149841
528.0916748046875 126.46688842773438 -0.10499076545238495
532.0696411132812 126.04769134521484 -0.10499334335327148
536.047607421875 125.62848663330078 -0.10499592125415802
540.0255737304688 125.20927429199219 -0.10499849915504456
544.0035400390625 124.79004669189453 -0.10500107705593109
547.9815063476562 124.37081146240234 -0.10500365495681763
551.95947265625 123.95156860351562 -0.10500623285770416
555.9374389648438 123.53231048583984 -0.1050088107585907
559.9154052734375 123.11304473876953 -0.10501138865947723
563.8933715820312 122.69377136230469 -0.10501396656036377
567.871337890625 122.27448272705078 -0.1050165444612503
571.8493041992188 121.85518646240234 -0.10501912236213684
575.8272705078125 121.43588256835938 -0.10501912236213684
579.8052368164062 121.0165786743164 -0.10502170026302338
579.8052368164062 121.0165786743164 -0.5050216913223267
579.8052368164062 121.0165786743164 -0.9050216674804688
579.8052368164062 121.0165786743164 -1.3050216436386108
579.8052368164062 121.0165786743164 -1.705021619796753
579.2699584960938 117.05255889892578 -1.705021619796753
578.7346801757812 113.08853912353516 -1.705021619796753
578.1994018554688 109.12451934814453 -1.705021619796753
577.6641235351562 105.1604995727539 -1.705021619796753
577.1288452148438 101.19647979736328 -1.705021619796753
576.5935668945312 97.23246002197266 -1.705021619796753
576.0582885742188 93.26844024658203 -1.705021619796753
575.5230102539062 89.3044204711914 -1.705021619796753
574.9877319335938 85.34040069580078 -1.705021619796753
574.4524536132812 81.37638092041016 -1.705021619796753
573.9171752929688 77.41236114501953 -1.705021619796753
573.3818969726562 73.4483413696289 -1.705021619796753
573.3818969726562 73.4483413696289 -2.1050217151641846
571.34521484375 70.00569152832031 -2.1050217151641846
569.3085327148438 66.56304168701172 -2.1050217151641846
569.3085327148438 66.56304168701172 -2.505021810531616
566.0919799804688 64.18527221679688 -2.505021810531616
562.8754272460938 61.8075065612793 -2.505021810531616
559.6588745117188 59.42974090576172 -2.505021810531616
556.4423217773438 57.05197525024414 -2.505021810531616
553.2257690429688 54.67420959472656 -2.505021810531616
550.0092163085938 52.296443939208984 -2.505021810531616
546.7926635742188 49.918678283691406 -2.505021810531616
543.5761108398438 47.54091262817383 -2.505021810531616
543.5761108398438 47.54091262817383 -2.905021905899048
539.6875 46.603431701660156 -2.905021905899048
535.7988891601562 45.665950775146484 -2.905021905899048
531.9102783203125 44.72846984863281 -2.905021905899048
528.0216674804688 43.79098892211914 -2.905021905899048
524.133056640625 42.85350799560547 -2.905021905899048
520.2444458007812 41.9160270690918 -2.905021905899048
516.3558349609375 40.978546142578125 -2.905021905899048
512.4672241210938 40.04106521606445 -2.905021905899048
508.5786437988281 39.10358428955078 -2.905021905899048
504.6900634765625 38.16610336303711 -2.905021905899048
500.8014831542969 37.22862243652344 -2.905021905899048
496.91290283203125 36.291141510009766 -2.905021905899048
493.0243225097656 35.353660583496094 -2.905021905899048
489.1357421875 34.41617965698242 -2.905021905899048
485.2471618652344 33.47869873046875 -2.905021905899048
481.35858154296875 32.54121780395508 -2.905021905899048
477.4700012207031 31.603736877441406 -2.905021905899048
473.5814208984375 30.666255950927734 -2.905021905899048
469.6928405761719 29.728775024414062 -2.905021905899048
465.80426025390625 28.79129409790039 -2.905021905899048
461.9156799316406 27.85381317138672 -2.905021905899048
458.027099609375 26.916332244873047 -2.905021905899048
454.1385192871094 25.978851318359375 -2.905021905899048
450.24993896484375 25.041370391845703 -2.905021905899048
446.3613586425781 24.10388946533203 -2.905021905899048
446.3613586425781 24.10388946533203 2.978163242340088
442.4146728515625 24.754701614379883 2.978163242340088
438.4679870605469 25.405513763427734 2.978163242340088
434.52130126953125 26.056325912475586 2.978163242340088
430.5746154785156 26.707138061523438 2.978163242340088
426.6279296875 27.35795021057129 2.9781625270843506
422.6812438964844 28.008764266967773 2.9781618118286133
418.73455810546875 28.659582138061523 2.978161096572876
414.7878723144531 29.310401916503906 2.9781603813171387
410.8411865234375 29.961225509643555 2.9781603813171387
406.8945007324219 30.612049102783203 2.9781596660614014
402.94781494140625 31.262874603271484 2.9781596660614014
399.0011291503906 31.913700103759766 2.9781596660614014
395.054443359375 32.56452560424805 2.9781596660614014
391.1077575683594 33.21535110473633 2.9781596660614014
387.16107177734375 33.86617660522461 2.9781596660614014
383.2143859863281 34.51700210571289 2.9781596660614014
379.2677001953125 35.16782760620117 2.9781596660614014
375.3210144042969 35.81865310668945 2.9781596660614014
371.37432861328125 36.469478607177734 2.9781596660614014
367.4276428222656 37.120304107666016 2.9781596660614014
363.48095703125 37.7711296081543 2.9781596660614014
359.5342712402344 38.42195510864258 2.9781596660614014
355.58758544921875 39.07278060913086 2.9781596660614014
351.6408996582031 39.72360610961914 2.9781596660614014
347.6942138671875 40.37443161010742 2.9781596660614014
343.7475280761719 41.0252571105957 2.9781596660614014
339.80084228515625 41.676082611083984 2.9781596660614014
335.8541564941406 42.326908111572266 2.9781596660614014
331.907470703125 42.97773361206055 2.9781596660614014
327.9607849121094 43.62855911254883 2.9781596660614014
324.01409912109375 44.27938461303711 2.9781596660614014
320.0674133300781 44.93021011352539 2.9781596660614014
316.1207275390625 45.58103561401367 2.9781596660614014
312.1740417480469 46.23186111450195 2.9781596660614014
308.22735595703125 46.882686614990234 2.9781596660614014
304.2806701660156 47.533512115478516 2.9781596660614014
300.333984375 48.1843376159668 2.9781596660614014
296.3872985839844 48.83516311645508 2.9781596660614014
292.44061279296875 49.48598861694336 2.9781596660614014
288.4939270019531 50.13681411743164 2.9781596660614014
284.5472412109375 50.78763961791992 2.9781596660614014
280.6005554199219 51.4384651184082 2.9781596660614014
276.65386962890625 52.089290618896484 2.9781596660614014
272.7071838378906 52.740116119384766 2.9781596660614014
268.760498046875 53.39094161987305 2.9781596660614014
264.8138122558594 54.04176712036133 2.9781596660614014
260.86712646484375 54.69259262084961 2.9781596660614014
256.9204406738281 55.34341812133789 2.9781596660614014
252.97373962402344 55.99424362182617 2.9781596660614014
249.02703857421875 56.64506912231445 2.9781596660614014
245.08033752441406 57.295894622802734 2.9781596660614014
241.13363647460938 57.946720123291016 2.9781596660614014
237.1869354248047 58.5975456237793 2.9781596660614014
233.240234375 59.24837112426758 2.9781596660614014
229.2935333251953 59.89919662475586 2.9781596660614014
225.34683227539062 60.55002212524414 2.9781596660614014
221.40013122558594 61.20084762573242 2.9781596660614014
217.45343017578125 61.8516731262207 2.9781596660614014
213.50672912597656 62.502498626708984 2.9781596660614014
209.56002807617188 63.153324127197266 2.9781596660614014
205.6133270263672 63.80414962768555 2.9781596660614014
201.6666259765625 64.4549789428711 2.9781596660614014
197.7199249267578 65.10580444335938 2.9781596660614014
193.77322387695312 65.75662994384766 2.9781596660614014
189.82652282714844 66.40745544433594 2.9781596660614014
185.87982177734375 67.05828094482422 2.9781596660614014
181.93312072753906 67.7091064453125 2.9781596660614014
177.98641967773438 68.35993194580078 2.9781596660614014
174.0397186279297 69.01075744628906 2.9781596660614014
170.093017578125 69.66158294677734 2.9781596660614014
166.1463165283203 70.31240844726562 2.9781596660614014
162.19961547851562 70.9632339477539 2.9781596660614014
158.25291442871094 71.61405944824219 2.9781596660614014
154.30621337890625 72.26488494873047 2.9781596660614014
150.35951232910156 72.91571044921875 2.9781596660614014
146.41281127929688 73.56653594970703 2.9781596660614014
142.4661102294922 74.21736145019531 2.9781596660614014
138.5194091796875 74.8681869506836 2.9781596660614014
134.5727081298828 75.51901245117188 2.9781596660614014
130.62600708007812 76.16983795166016 2.9781596660614014
126.67930603027344 76.82066345214844 2.9781596660614014
122.73260498046875 77.47148895263672 2.9781596660614014
118.78590393066406 78.122314453125 2.9781596660614014
114.83920288085938 78.77313995361328 2.9781596660614014
110.89250183105469 79.42396545410156 2.9781596660614014
106.94580078125 80.07479095458984 2.9781596660614014
102.99909973144531 80.72561645507812 2.9781596660614014
99.05239868164062 81.3764419555664 2.9781596660614014
95.10569763183594 82.02726745605469 2.9781596660614014
91.15899658203125 82.67809295654297 2.9781596660614014
87.21229553222656 83.32891845703125 2.9781596660614014
83.26559448242188 83.97974395751953 2.9781596660614014
79.31889343261719 84.63056945800781 2.9781596660614014
75.3721923828125 85.2813949584961 2.9781596660614014
71.42549133300781 85.93222045898438 2.9781596660614014
67.47879028320312 86.58304595947266 2.9781596660614014
63.5320930480957 87.23387145996094 2.9781596660614014
59.58539581298828 87.88469696044922 2.9781596660614014
55.63869857788086 88.5355224609375 2.9781596660614014
51.69200134277344 89.18634796142578 2.9781596660614014
47.745304107666016 89.83717346191406 2.9781596660614014
43.798606872558594 90.48799896240234 2.9781596660614014
39.85190963745117 91.13882446289062 2.9781596660614014
35.90521240234375 91.7896499633789 2.9781596660614014
31.958515167236328 92.44047546386719 2.9781596660614014
28.011842727661133 93.09130096435547 2.9781570434570312
28.011842727661133 93.09130096435547 2.5781569480895996
24.630142211914062 95.22767639160156 2.5781569480895996
21.248441696166992 97.36405181884766 2.5781569480895996
21.248441696166992 97.36405181884766 2.178156852722168
18.965633392333984 100.648681640625 2.178156852722168
16.682825088500977 103.93331146240234 2.178156852722168
16.682825088500977 103.93331146240234 2.178156852722168
16.682825088500977 103.93331146240234 2.178156852722168
16.682825088500977 103.93331146240234 2.178156852722168
16.682825088500977 103.93331146240234 2.178156852722168
16.682825088500977 103.93331146240234 2.178156852722168
16.682825088500977 103.93331146240234 2.178156852722168
16.682825088500977 103.93331146240234 2.178156852722168
16.682825088500977 103.93331146240234 2.178156852722168
16.682825088500977 103.93331146240234 2.178156852722168
16.682825088500977 103.93331146240234 2.178156852722168
