62.828426361083984 452.82843017578125 0.7853981852531433
65.65685272216797 455.6568603515625 0.7853981852531433
68.48528289794922 458.48529052734375 0.7853981852531433
71.31371307373047 461.313720703125 0.7853981852531433
74.14214324951172 464.14215087890625 0.7853981852531433
76.97057342529297 466.9705810546875 0.7853981852531433
79.79900360107422 469.79901123046875 0.7853981852531433
82.62743377685547 472.62744140625 0.7853981852531433
85.45586395263672 475.45587158203125 0.7853981852531433
88.28429412841797 478.2843017578125 0.7853981852531433
91.11272430419922 481.11273193359375 0.7853981852531433
93.94115447998047 483.941162109375 0.7853981852531433
96.76958465576172 486.76959228515625 0.7853981852531433
99.59801483154297 489.5980224609375 0.7853981852531433
102.42644500732422 492.42645263671875 0.7853981852531433
105.25487518310547 495.2548828125 0.7853981852531433
108.08330535888672 498.08331298828125 0.7853981852531433
110.91173553466797 500.9117431640625 0.7853981852531433
113.74016571044922 503.74017333984375 0.7853981852531433
116.56859588623047 506.568603515625 0.7853981852531433
119.39702606201172 509.39703369140625 0.7853981852531433
122.22545623779297 512.2254638671875 0.7853981852531433
125.05388641357422 515.0538940429688 0.7853981852531433
127.88231658935547 517.88232421875 0.7853981852531433
130.7107391357422 520.7107543945312 0.7853981852531433
133.53916931152344 523.5391845703125 0.7853981852531433
136.3675994873047 526.3676147460938 0.7853981852531433
139.19602966308594 529.196044921875 0.7853981852531433
142.0244598388672 532.0244750976562 0.7853981852531433
142.0244598388672 532.0244750976562 0.38539817929267883
145.73104858398438 533.5281982421875 0.38539817929267883
149.43763732910156 535.0319213867188 0.38539817929267883
153.14422607421875 536.53564453125 0.38539817929267883
153.14422607421875 536.53564453125 -0.014601826667785645
157.143798828125 536.4772338867188 -0.014601826667785645
161.14337158203125 536.4188232421875 -0.014601826667785645
165.1429443359375 536.3604125976562 -0.014601826667785645
169.14251708984375 536.302001953125 -0.014601826667785645
173.14208984375 536.2435913085938 -0.014601826667785645
177.14166259765625 536.1851806640625 -0.014601826667785645
177.14166259765625 536.1851806640625 -0.4146018326282501
180.80276489257812 534.5738525390625 -0.4146018326282501
184.4638671875 532.9625244140625 -0.4146018326282501
188.12496948242188 531.3511962890625 -0.4146018326282501
191.78607177734375 529.7398681640625 -0.4146018326282501
195.44717407226562 528.1285400390625 -0.4146018326282501
199.1082763671875 526.5172119140625 -0.4146018326282501
202.76937866210938 524.9058837890625 -0.4146018326282501
206.43048095703125 523.2945556640625 -0.4146018326282501
210.09158325195312 521.6832275390625 -0.4146018326282501
213.752685546875 520.0718994140625 -0.4146018326282501
217.41378784179688 518.4605712890625 -0.4146018326282501
221.07489013671875 516.8492431640625 -0.4146018326282501
224.73599243164062 515.2379150390625 -0.4146018326282501
228.3970947265625 513.6265869140625 -0.4146018326282501
228.3970947265625 513.6265869140625 -0.8146018385887146
231.1417236328125 510.7167663574219 -0.8146018385887146
233.8863525390625 507.80694580078125 -0.8146018385887146
236.6309814453125 504.8971252441406 -0.8146018385887146
239.3756103515625 501.9873046875 -0.8146018385887146
242.1202392578125 499.0774841308594 -0.8146018385887146
244.8648681640625 496.16766357421875 -0.8146018385887146
247.6094970703125 493.2578430175781 -0.8146018385887146
250.3541259765625 490.3480224609375 -0.8146018385887146
253.0987548828125 487.4382019042969 -0.8146018385887146
255.8433837890625 484.52838134765625 -0.8146018385887146
258.5880126953125 481.6185607910156 -0.8146018385887146
261.3326416015625 478.708740234375 -0.8146018385887146
264.0772705078125 475.7989196777344 -0.8146018385887146
266.8218994140625 472.88909912109375 -0.8146018385887146
269.5665283203125 469.9792785644531 -0.8146018385887146
272.3111572265625 467.0694580078125 -0.8146018385887146
275.0557861328125 464.1596374511719 -0.8146018385887146
277.8004150390625 461.24981689453125 -0.8146018385887146
280.5450439453125 458.3399963378906 -0.8146018385887146
283.2896728515625 455.43017578125 -0.8146018385887146
286.0343017578125 452.5203552246094 -0.8146018385887146
288.7789306640625 449.61053466796875 -0.8146018385887146
291.5235595703125 446.7007141113281 -0.8146018385887146
294.2681884765625 443.7908935546875 -0.8146018385887146
297.0128173828125 440.8810729980469 -0.8146018385887146
297.0166015625 440.8783874511719 -0.4150683879852295
297.0211181640625 440.8774108886719 -0.015534907579421997
301.0206298828125 440.8152770996094 -0.015534907579421997
305.0201416015625 440.7531433105469 -0.015534907579421997
305.0254211425781 440.7541198730469 0.3839235007762909
308.7342224121094 442.2523498535156 0.3839235007762909
312.4430236816406 443.7505798339844 0.3839235007762909
316.1518249511719 445.2488098144531 0.3839235007762909
319.8606262207031 446.7470397949219 0.3839235007762909
323.5694274902344 448.2452697753906 0.3839235007762909
327.2782287597656 449.7434997558594 0.3839235007762909
330.9870300292969 451.2417297363281 0.3839235007762909
334.6958312988281 452.7399597167969 0.3839235007762909
338.4046325683594 454.2381896972656 0.3839235007762909
342.1134338378906 455.7364196777344 0.3839235007762909
345.8222351074219 457.2346496582031 0.3839235007762909
349.5310363769531 458.7328796386719 0.3839235007762909
353.2398376464844 460.2311096191406 0.3839235007762909
356.9486389160156 461.7293395996094 0.3839235007762909
356.9525146484375 461.7319030761719 0.7834569215774536
359.78643798828125 464.5548400878906 0.7834569215774536
362.620361328125 467.3777770996094 0.7834569215774536
365.45428466796875 470.2007141113281 0.7834569215774536
368.2882080078125 473.0236511230469 0.7834569215774536
371.12213134765625 475.8465881347656 0.7834569215774536
373.9560546875 478.6695251464844 0.7834569215774536
376.78997802734375 481.4924621582031 0.7834569215774536
379.6239013671875 484.3153991699219 0.7834569215774536
382.45782470703125 487.1383361816406 0.7834569215774536
385.291748046875 489.9612731933594 0.7834569215774536
388.12567138671875 492.7842102050781 0.7834569215774536
390.9595947265625 495.6071472167969 0.7834569215774536
393.79351806640625 498.4300842285156 0.7834569215774536
396.62744140625 501.2530212402344 0.7834569215774536
399.46136474609375 504.0759582519531 0.7834569215774536
402.2952880859375 506.8988952636719 0.7834569215774536
405.12921142578125 509.7218322753906 0.7834569215774536
407.963134765625 512.5447387695312 0.7834569215774536
410.79705810546875 515.36767578125 0.7834569215774536
413.6309814453125 518.1906127929688 0.7834569215774536
416.46490478515625 521.0135498046875 0.7834569215774536
419.298828125 523.8364868164062 0.7834569215774536
422.13275146484375 526.659423828125 0.7834569215774536
424.9666748046875 529.4823608398438 0.7834569215774536
427.80059814453125 532.3052978515625 0.7834568023681641
427.80059814453125 532.3052978515625 0.3834567964076996
431.5101013183594 533.8018188476562 0.3834567964076996
435.2196044921875 535.29833984375 0.3834567964076996
438.9291076660156 536.7948608398438 0.3834567964076996
442.63861083984375 538.2913818359375 0.3834567964076996
446.3481140136719 539.7879028320312 0.3834567964076996
450.0576171875 541.284423828125 0.3834567964076996
453.7671203613281 542.7809448242188 0.3834567964076996
457.47662353515625 544.2774658203125 0.3834567964076996
461.1861267089844 545.7739868164062 0.3834567964076996
464.8956298828125 547.2705078125 0.3834567964076996
468.6051330566406 548.7670288085938 0.3834567964076996
472.31463623046875 550.2635498046875 0.3834567964076996
476.0241394042969 551.7600708007812 0.3834567964076996
479.733642578125 553.256591796875 0.3834567964076996
483.4431457519531 554.7531127929688 0.3834567964076996
487.15264892578125 556.2496337890625 0.3834567964076996
490.8621520996094 557.7461547851562 0.3834567964076996
494.5716552734375 559.24267578125 0.3834567964076996
494.5716552734375 559.24267578125 -0.016543209552764893
498.57110595703125 559.176513671875 -0.016543209552764893
502.570556640625 559.1103515625 -0.016543209552764893
506.57000732421875 559.044189453125 -0.016543209552764893
506.57000732421875 559.044189453125 -0.41654321551322937
510.22796630859375 557.42578125 -0.41654321551322937
513.8859252929688 555.807373046875 -0.41654321551322937
517.5437622070312 554.1890258789062 -0.41655728220939636
521.2015991210938 552.5706176757812 -0.41657134890556335
524.859375 550.9521484375 -0.41658541560173035
528.5171508789062 549.3336181640625 -0.41659948229789734
528.5171508789062 549.3336181640625 -0.8165994882583618
531.2559814453125 546.4183349609375 -0.8165994882583618
533.9948120117188 543.5030517578125 -0.8165994882583618
533.9948120117188 543.5030517578125 -1.216599464416504
535.3821411132812 539.7513427734375 -1.216599464416504
536.7694702148438 535.9996337890625 -1.216599464416504
538.1567993164062 532.2479248046875 -1.216599464416504
539.5441284179688 528.4962158203125 -1.216599464416504
540.9314575195312 524.7445068359375 -1.216599464416504
542.3187866210938 520.9927978515625 -1.216599464416504
543.7061157226562 517.2410888671875 -1.216599464416504
545.0934448242188 513.4893798828125 -1.216599464416504
546.4807739257812 509.7376708984375 -1.216599464416504
546.4807739257812 509.7376708984375 -1.616599440574646
546.297607421875 505.7418518066406 -1.616599440574646
546.1144409179688 501.74603271484375 -1.616599440574646
545.9312744140625 497.7502136230469 -1.616599440574646
545.7481079101562 493.75439453125 -1.616599440574646
545.56494140625 489.75872802734375 -1.616613507270813
545.3817138671875 485.7630615234375 -1.6166276931762695
545.3817138671875 485.7630615234375 -2.016627788543701
543.6568603515625 482.154052734375 -2.016627788543701
541.9320068359375 478.5450439453125 -2.016627788543701
540.2071533203125 474.93603515625 -2.016627788543701
538.4822998046875 471.3270263671875 -2.016627788543701
536.7574462890625 467.718017578125 -2.016627788543701
536.7574462890625 467.718017578125 -2.416627883911133
533.7633666992188 465.0655822753906 -2.416627883911133
530.769287109375 462.41314697265625 -2.416627883911133
527.7752075195312 459.7607116699219 -2.416627883911133
524.7811279296875 457.1082763671875 -2.416627883911133
521.7870483398438 454.4558410644531 -2.416627883911133
518.79296875 451.80340576171875 -2.416627883911133
515.7988891601562 449.1509704589844 -2.416627883911133
512.8048095703125 446.49853515625 -2.416627883911133
509.81072998046875 443.8460998535156 -2.416627883911133
506.816650390625 441.19366455078125 -2.416627883911133
503.82257080078125 438.5412292480469 -2.416627883911133
500.8284912109375 435.8887939453125 -2.416627883911133
497.83441162109375 433.2363586425781 -2.416627883911133
494.84033203125 430.58392333984375 -2.416627883911133
491.84625244140625 427.9314880371094 -2.416627883911133
488.8521728515625 425.279052734375 -2.416627883911133
485.85809326171875 422.6266174316406 -2.416627883911133
482.864013671875 419.97418212890625 -2.416627883911133
479.86993408203125 417.3217468261719 -2.416627883911133
476.8758544921875 414.6693115234375 -2.416627883911133
473.88177490234375 412.0168762207031 -2.416627883911133
470.8876953125 409.36444091796875 -2.416627883911133
467.89361572265625 406.7120056152344 -2.416627883911133
464.8995361328125 404.0595703125 -2.416627883911133
461.90545654296875 401.4071350097656 -2.416627883911133
458.911376953125 398.75469970703125 -2.416627883911133
455.91729736328125 396.1022644042969 -2.416627883911133
452.9232177734375 393.4498291015625 -2.416627883911133
449.92913818359375 390.7973937988281 -2.416627883911133
446.93505859375 388.14495849609375 -2.416627883911133
443.94097900390625 385.4925231933594 -2.416627883911133
440.9468994140625 382.840087890625 -2.416627883911133
437.95281982421875 380.1876525878906 -2.416627883911133
437.95281982421875 380.1876525878906 -2.8166279792785645
434.16217041015625 378.9105529785156 -2.8166279792785645
430.37152099609375 377.6334533691406 -2.8166279792785645
426.58087158203125 376.3563537597656 -2.8166279792785645
422.79022216796875 375.0792541503906 -2.8166279792785645
418.99957275390625 373.8021545410156 -2.8166279792785645
415.20892333984375 372.5250549316406 -2.8166279792785645
411.41827392578125 371.2479553222656 -2.8166279792785645
407.62762451171875 369.9708557128906 -2.8166279792785645
403.83697509765625 368.6937561035156 -2.8166279792785645
400.04632568359375 367.4166564941406 -2.8166279792785645
396.25567626953125 366.1395568847656 -2.8166279792785645
392.46502685546875 364.8624572753906 -2.8166279792785645
388.67437744140625 363.5853576660156 -2.8166279792785645
384.88372802734375 362.3082580566406 -2.8166279792785645
381.09307861328125 361.0311584472656 -2.8166279792785645
377.30242919921875 359.7540588378906 -2.8166279792785645
373.51177978515625 358.4769592285156 -2.8166279792785645
369.72113037109375 357.1998596191406 -2.8166279792785645
365.93048095703125 355.9227600097656 -2.8166279792785645
362.13983154296875 354.6456604003906 -2.8166279792785645
358.34918212890625 353.3685607910156 -2.8166279792785645
354.55853271484375 352.0914611816406 -2.8166279792785645
350.76788330078125 350.8143615722656 -2.8166279792785645
346.97723388671875 349.5372619628906 -2.8166279792785645
343.18658447265625 348.2601623535156 -2.8166279792785645
343.18658447265625 348.2601623535156 3.0665574073791504
343.1819763183594 348.25958251953125 -2.817094326019287
343.1819763183594 348.25958251953125 3.0660910606384277
343.1773681640625 348.2590026855469 -2.8175606727600098
343.1773681640625 348.2590026855469 3.065624713897705
343.1727600097656 348.2584228515625 -2.8180270195007324
343.1727600097656 348.2584228515625 3.0651583671569824
343.16815185546875 348.2578430175781 -2.818493366241455
343.16815185546875 348.2578430175781 3.0646920204162598
343.1635437011719 348.25726318359375 -2.8189597129821777
343.1635437011719 348.25726318359375 3.064225673675537
343.158935546875 348.2566833496094 -2.8194260597229004
339.3647155761719 346.9902038574219 -2.8194260597229004
335.57049560546875 345.7237243652344 -2.8194260597229004
331.7762756347656 344.4572448730469 -2.8194260597229004
327.9820556640625 343.1907653808594 -2.8194260597229004
324.1878356933594 341.9242858886719 -2.8194260597229004
324.1878356933594 341.9242858886719 3.0637593269348145
324.1832275390625 341.9237365722656 -2.819892406463623
324.1832275390625 341.9237365722656 3.063292980194092
324.1786193847656 341.9231872558594 -2.8203587532043457
324.1786193847656 341.9231872558594 3.062826633453369
324.17401123046875 341.9226379394531 -2.8208250999450684
324.17401123046875 341.9226379394531 3.0623602867126465
324.1694030761719 341.9220886230469 -2.821291446685791
324.1694030761719 341.9220886230469 3.061893939971924
324.164794921875 341.9215393066406 -2.8217577934265137
324.164794921875 341.9215393066406 3.061427593231201
324.1601867675781 341.9209899902344 -2.8222241401672363
324.1601867675781 341.9209899902344 3.0609612464904785
324.15557861328125 341.9204406738281 -2.822690486907959
324.15557861328125 341.9204406738281 3.060494899749756
324.1509704589844 341.9198913574219 -2.8231568336486816
324.1509704589844 341.9198913574219 3.060028553009033
324.1463623046875 341.9193420410156 -2.8236231803894043
324.1463623046875 341.9193420410156 3.0595622062683105
324.1417541503906 341.9187927246094 -2.824089527130127
324.1417541503906 341.9187927246094 3.059095859527588
324.13714599609375 341.9182434082031 -2.8245558738708496
324.13714599609375 341.9182434082031 3.0586295127868652
324.1325378417969 341.9176940917969 -2.8250222206115723
324.1325378417969 341.9176940917969 3.0581631660461426
324.1279296875 341.9171447753906 -2.825488567352295
324.1279296875 341.9171447753906 3.05769681930542
324.1233215332031 341.9165954589844 -2.8259549140930176
324.1233215332031 341.9165954589844 3.0572304725646973
324.11871337890625 341.91607666015625 -2.8264212608337402
324.11871337890625 341.91607666015625 3.0567641258239746
324.1141052246094 341.9155578613281 -2.826887607574463
324.1141052246094 341.9155578613281 3.056297779083252
324.1094970703125 341.9150390625 -2.8273539543151855
324.1094970703125 341.9150390625 3.0558314323425293
324.1048889160156 341.9145202636719 -2.827820301055908
324.1048889160156 341.9145202636719 3.0553650856018066
324.10028076171875 341.91400146484375 -2.828286647796631
324.10028076171875 341.91400146484375 3.054898738861084
324.0956726074219 341.9134826660156 -2.8287529945373535
324.0956726074219 341.9134826660156 3.0544323921203613
324.091064453125 341.9129638671875 -2.829219341278076
324.091064453125 341.9129638671875 3.0539660453796387
324.0864562988281 341.9124450683594 -2.829685688018799
324.0864562988281 341.9124450683594 3.053499698638916
324.08184814453125 341.91192626953125 -2.8301520347595215
324.08184814453125 341.91192626953125 3.0530333518981934
324.0772399902344 341.9114074707031 -2.830618381500244
324.0772399902344 341.9114074707031 3.0525670051574707
324.0726318359375 341.910888671875 -2.831084728240967
324.0726318359375 341.910888671875 3.052100658416748
324.0680236816406 341.9103698730469 -2.8315510749816895
324.0680236816406 341.9103698730469 3.0516343116760254
324.06341552734375 341.90985107421875 -2.832017421722412
324.06341552734375 341.90985107421875 3.0511679649353027
324.0588073730469 341.9093322753906 -2.8324837684631348
324.0588073730469 341.9093322753906 3.05070161819458
324.05419921875 341.9088439941406 -2.8329501152038574
324.05419921875 341.9088439941406 3.0502352714538574
324.0495910644531 341.9083557128906 -2.83341646194458
324.0495910644531 341.9083557128906 3.0497689247131348
324.04498291015625 341.9078674316406 -2.8338828086853027
324.04498291015625 341.9078674316406 3.049302577972412
324.0403747558594 341.9073791503906 -2.8343491554260254
324.0403747558594 341.9073791503906 3.0488362312316895
324.0357666015625 341.9068908691406 -2.834815502166748
324.0357666015625 341.9068908691406 3.048369884490967
324.0311584472656 341.9064025878906 -2.8352818489074707
324.0311584472656 341.9064025878906 3.047903537750244
324.02655029296875 341.9059143066406 -2.8357481956481934
324.02655029296875 341.9059143066406 3.0474371910095215
324.0219421386719 341.9054260253906 -2.836214542388916
324.0219421386719 341.9054260253906 3.046970844268799
324.017333984375 341.9049377441406 -2.8366808891296387
324.017333984375 341.9049377441406 3.046504497528076
324.0127258300781 341.9044494628906 -2.8371472358703613
324.0127258300781 341.9044494628906 3.0460381507873535
324.00811767578125 341.9039611816406 -2.837613582611084
324.00811767578125 341.9039611816406 3.045571804046631
324.0035095214844 341.9034729003906 -2.8380799293518066
324.0035095214844 341.9034729003906 3.045105457305908
323.9989013671875 341.9029846191406 -2.8385462760925293
323.9989013671875 341.9029846191406 3.0446391105651855
323.9942932128906 341.9024963378906 -2.839012622833252
323.9942932128906 341.9024963378906 3.044172763824463
323.98968505859375 341.9020080566406 -2.8394789695739746
323.98968505859375 341.9020080566406 3.0437064170837402
323.9850769042969 341.90155029296875 -2.8399453163146973
323.9850769042969 341.90155029296875 3.0432400703430176
323.98046875 341.9010925292969 -2.84041166305542
323.98046875 341.9010925292969 3.042773723602295
323.9758605957031 341.900634765625 -2.8408780097961426
323.9758605957031 341.900634765625 3.0423073768615723
323.97125244140625 341.9001770019531 -2.8413443565368652
323.97125244140625 341.9001770019531 3.0418410301208496
323.9666442871094 341.89971923828125 -2.841810703277588
323.9666442871094 341.89971923828125 3.041374683380127
323.9620361328125 341.8992614746094 -2.8422770500183105
323.9620361328125 341.8992614746094 3.0409083366394043
323.9574279785156 341.8988037109375 -2.842743396759033
323.9574279785156 341.8988037109375 3.0404419898986816
323.95281982421875 341.8983459472656 -2.843209743499756
323.95281982421875 341.8983459472656 3.039975643157959
323.9482116699219 341.89788818359375 -2.8436760902404785
323.9482116699219 341.89788818359375 3.0395092964172363
323.943603515625 341.8974304199219 -2.844142436981201
323.943603515625 341.8974304199219 3.0390429496765137
323.9389953613281 341.89697265625 -2.844608783721924
323.9389953613281 341.89697265625 3.038576602935791
323.93438720703125 341.8965148925781 -2.8450751304626465
323.93438720703125 341.8965148925781 3.0381102561950684
323.9297790527344 341.89605712890625 -2.845541477203369
323.9297790527344 341.89605712890625 3.0376439094543457
323.9251708984375 341.8955993652344 -2.846007823944092
323.9251708984375 341.8955993652344 3.037177562713623
323.9205627441406 341.8951721191406 -2.8464741706848145
323.9205627441406 341.8951721191406 3.0367112159729004
323.91595458984375 341.8947448730469 -2.846940517425537
323.91595458984375 341.8947448730469 3.0362448692321777
323.9113464355469 341.8943176269531 -2.8474068641662598
323.9113464355469 341.8943176269531 3.035778522491455
323.90673828125 341.8938903808594 -2.8478732109069824
323.90673828125 341.8938903808594 3.0353121757507324
323.9021301269531 341.8934631347656 -2.848339557647705
323.9021301269531 341.8934631347656 3.0348458290100098
323.89752197265625 341.8930358886719 -2.8488059043884277
323.89752197265625 341.8930358886719 3.034379482269287
323.8929138183594 341.8926086425781 -2.8492722511291504
323.8929138183594 341.8926086425781 3.0339131355285645
323.8883056640625 341.8921813964844 -2.849738597869873
323.8883056640625 341.8921813964844 3.033446788787842
323.8836975097656 341.8917541503906 -2.8502049446105957
323.8836975097656 341.8917541503906 3.032980442047119
323.87908935546875 341.8913269042969 -2.8506712913513184
323.87908935546875 341.8913269042969 3.0325140953063965
323.8744812011719 341.8908996582031 -2.851137638092041
323.8744812011719 341.8908996582031 3.032047748565674
323.869873046875 341.8904724121094 -2.8516039848327637
323.869873046875 341.8904724121094 3.031581401824951
323.8652648925781 341.8900451660156 -2.8520703315734863
323.8652648925781 341.8900451660156 3.0311150550842285
323.86065673828125 341.8896179199219 -2.852536678314209
323.86065673828125 341.8896179199219 3.030648708343506
323.8560485839844 341.88922119140625 -2.8530030250549316
323.8560485839844 341.88922119140625 3.030182361602783
323.8514404296875 341.8888244628906 -2.8534693717956543
323.8514404296875 341.8888244628906 3.0297160148620605
323.8468322753906 341.888427734375 -2.853935718536377
323.8468322753906 341.888427734375 3.029249668121338
323.84222412109375 341.8880310058594 -2.8544020652770996
323.84222412109375 341.8880310058594 3.0287833213806152
323.8376159667969 341.88763427734375 -2.8548684120178223
323.8376159667969 341.88763427734375 3.0283169746398926
323.8330078125 341.8872375488281 -2.855334758758545
323.8330078125 341.8872375488281 3.02785062789917
323.8283996582031 341.8868408203125 -2.8558011054992676
323.8283996582031 341.8868408203125 3.0273842811584473
323.82379150390625 341.8864440917969 -2.8562674522399902
323.82379150390625 341.8864440917969 3.0269179344177246
323.8191833496094 341.88604736328125 -2.856733798980713
323.8191833496094 341.88604736328125 3.026451587677002
323.8145751953125 341.8856506347656 -2.8572001457214355
323.8145751953125 341.8856506347656 3.0259852409362793
323.8099670410156 341.88525390625 -2.857666492462158
323.8099670410156 341.88525390625 3.0255188941955566
323.80535888671875 341.8848571777344 -2.858132839202881
323.80535888671875 341.8848571777344 3.025052547454834
323.8007507324219 341.88446044921875 -2.8585991859436035
323.8007507324219 341.88446044921875 3.0245862007141113
323.796142578125 341.8840637207031 -2.859065532684326
323.796142578125 341.8840637207031 3.0241198539733887
323.7915344238281 341.8836975097656 -2.859531879425049
323.7915344238281 341.8836975097656 3.023653507232666
323.78692626953125 341.8833312988281 -2.8599982261657715
323.78692626953125 341.8833312988281 3.0231871604919434
323.7823181152344 341.8829650878906 -2.860464572906494
323.7823181152344 341.8829650878906 3.0227208137512207
323.7777099609375 341.8825988769531 -2.860930919647217
323.7777099609375 341.8825988769531 3.022254467010498
323.7731018066406 341.8822326660156 -2.8613972663879395
323.7731018066406 341.8822326660156 3.0217881202697754
323.76849365234375 341.8818664550781 -2.861863613128662
323.76849365234375 341.8818664550781 3.0213217735290527
323.7638854980469 341.8815002441406 -2.8623299598693848
323.7638854980469 341.8815002441406 3.02085542678833
323.75927734375 341.8811340332031 -2.8627963066101074
323.75927734375 341.8811340332031 3.0203890800476074
323.7546691894531 341.8807678222656 -2.86326265335083
323.7546691894531 341.8807678222656 3.0199227333068848
323.75006103515625 341.8804016113281 -2.8637290000915527
323.75006103515625 341.8804016113281 3.019456386566162
323.7454528808594 341.8800354003906 -2.8641953468322754
323.7454528808594 341.8800354003906 3.0189900398254395
323.7408447265625 341.8796691894531 -2.864661693572998
323.7408447265625 341.8796691894531 3.018523693084717
323.7362365722656 341.8793029785156 -2.8651280403137207
323.7362365722656 341.8793029785156 3.018057346343994
323.73162841796875 341.8789367675781 -2.8655943870544434
323.73162841796875 341.8789367675781 3.0175909996032715
323.7270202636719 341.87860107421875 -2.866060733795166
323.7270202636719 341.87860107421875 3.017124652862549
323.722412109375 341.8782653808594 -2.8665270805358887
323.722412109375 341.8782653808594 3.016658306121826
323.7178039550781 341.8779296875 -2.8669934272766113
323.7178039550781 341.8779296875 3.0161919593811035
323.71319580078125 341.8775939941406 -2.867459774017334
323.71319580078125 341.8775939941406 3.015725612640381
323.7085876464844 341.87725830078125 -2.8679261207580566
323.7085876464844 341.87725830078125 3.015259265899658
323.7039794921875 341.8769226074219 -2.8683924674987793
323.7039794921875 341.8769226074219 3.0147929191589355
323.6993713378906 341.8765869140625 -2.868858814239502
323.6993713378906 341.8765869140625 3.014326572418213
323.69476318359375 341.8762512207031 -2.8693251609802246
323.69476318359375 341.8762512207031 3.0138602256774902
323.6901550292969 341.87591552734375 -2.8697915077209473
323.6901550292969 341.87591552734375 3.0133938789367676
323.685546875 341.8755798339844 -2.87025785446167
323.685546875 341.8755798339844 3.012927532196045
323.6809387207031 341.875244140625 -2.8707242012023926
323.6809387207031 341.875244140625 3.0124611854553223
323.67633056640625 341.8749084472656 -2.8711905479431152
323.67633056640625 341.8749084472656 3.0119948387145996
323.6717224121094 341.87457275390625 -2.871656894683838
323.6717224121094 341.87457275390625 3.011528491973877
323.6671142578125 341.8742370605469 -2.8721232414245605
323.6671142578125 341.8742370605469 3.0110621452331543
323.6625061035156 341.8739013671875 -2.872589588165283
323.6625061035156 341.8739013671875 3.0105957984924316
323.65789794921875 341.87359619140625 -2.873055934906006
323.65789794921875 341.87359619140625 3.010129451751709
323.6532897949219 341.873291015625 -2.8735222816467285
323.6532897949219 341.873291015625 3.0096631050109863
323.648681640625 341.87298583984375 -2.873988628387451
323.648681640625 341.87298583984375 3.0091967582702637
323.6440734863281 341.8726806640625 -2.874454975128174
323.6440734863281 341.8726806640625 3.008730411529541
323.6394348144531 341.87237548828125 -2.8749213218688965
323.6394348144531 341.87237548828125 3.0082640647888184
323.6347961425781 341.8720703125 -2.875387668609619
323.6347961425781 341.8720703125 3.0077977180480957
323.6301574707031 341.87176513671875 -2.875854015350342
323.6301574707031 341.87176513671875 3.007331371307373
323.6255187988281 341.8714599609375 -2.8763203620910645
323.6255187988281 341.8714599609375 3.0068650245666504
323.6208801269531 341.87115478515625 -2.876786708831787
323.6208801269531 341.87115478515625 3.0063986778259277
323.6162414550781 341.870849609375 -2.8772530555725098
323.6162414550781 341.870849609375 3.005932331085205
323.6116027832031 341.87054443359375 -2.8777194023132324
323.6116027832031 341.87054443359375 3.0054659843444824
323.6069641113281 341.8702392578125 -2.878185749053955
323.6069641113281 341.8702392578125 3.0049996376037598
323.6023254394531 341.86993408203125 -2.8786520957946777
323.6023254394531 341.86993408203125 3.004533290863037
323.5976867675781 341.86962890625 -2.8791184425354004
323.5976867675781 341.86962890625 3.0040669441223145
323.5930480957031 341.8693542480469 -2.879584789276123
323.5930480957031 341.8693542480469 3.003600597381592
323.5884094238281 341.86907958984375 -2.8800511360168457
323.5884094238281 341.86907958984375 3.003134250640869
323.5837707519531 341.8688049316406 -2.8805174827575684
323.5837707519531 341.8688049316406 3.0026679039001465
323.5791320800781 341.8685302734375 -2.880983829498291
323.5791320800781 341.8685302734375 3.002201557159424
323.5744934082031 341.8682556152344 -2.8814501762390137
323.5744934082031 341.8682556152344 3.001735210418701
323.5698547363281 341.86798095703125 -2.8819165229797363
323.5698547363281 341.86798095703125 3.0012688636779785
323.5652160644531 341.8677062988281 -2.882382869720459
323.5652160644531 341.8677062988281 3.000802516937256
323.5605773925781 341.867431640625 -2.8828492164611816
323.5605773925781 341.867431640625 3.000336170196533
323.5559387207031 341.8671569824219 -2.8833155632019043
323.5559387207031 341.8671569824219 2.9998698234558105
323.5513000488281 341.86688232421875 -2.883781909942627
323.5513000488281 341.86688232421875 2.999403476715088
323.5466613769531 341.8666076660156 -2.8842482566833496
323.5466613769531 341.8666076660156 2.9989371299743652
323.5420227050781 341.8663330078125 -2.8847146034240723
323.5420227050781 341.8663330078125 2.9984707832336426
323.5373840332031 341.8660583496094 -2.885180950164795
323.5373840332031 341.8660583496094 2.99800443649292
323.5327453613281 341.86578369140625 -2.8856472969055176
323.5327453613281 341.86578369140625 2.9975380897521973
323.5281066894531 341.86553955078125 -2.8861136436462402
323.5281066894531 341.86553955078125 2.9970717430114746
323.5234680175781 341.86529541015625 -2.886579990386963
323.5234680175781 341.86529541015625 2.996605396270752
323.5188293457031 341.86505126953125 -2.8870463371276855
323.5188293457031 341.86505126953125 2.9961390495300293
323.5141906738281 341.86480712890625 -2.887512683868408
323.5141906738281 341.86480712890625 2.9956727027893066
323.5095520019531 341.86456298828125 -2.887979030609131
323.5095520019531 341.86456298828125 2.995206356048584
323.5049133300781 341.86431884765625 -2.8884453773498535
323.5049133300781 341.86431884765625 2.9947400093078613
323.5002746582031 341.86407470703125 -2.888911724090576
323.5002746582031 341.86407470703125 2.9942736625671387
323.4956359863281 341.86383056640625 -2.889378070831299
323.4956359863281 341.86383056640625 2.993807315826416
323.4909973144531 341.86358642578125 -2.8898444175720215
323.4909973144531 341.86358642578125 2.9933409690856934
323.4863586425781 341.86334228515625 -2.890310764312744
323.4863586425781 341.86334228515625 2.9928746223449707
323.4817199707031 341.86309814453125 -2.890777111053467
323.4817199707031 341.86309814453125 2.992408275604248
323.4770812988281 341.86285400390625 -2.8912434577941895
323.4770812988281 341.86285400390625 2.9919419288635254
323.4724426269531 341.86260986328125 -2.891709804534912
323.4724426269531 341.86260986328125 2.9914755821228027
323.4678039550781 341.86236572265625 -2.8921761512756348
323.4678039550781 341.86236572265625 2.99100923538208
323.4631652832031 341.8621520996094 -2.8926424980163574
323.4631652832031 341.8621520996094 2.9905428886413574
323.4585266113281 341.8619384765625 -2.89310884475708
323.4585266113281 341.8619384765625 2.9900765419006348
323.4538879394531 341.8617248535156 -2.8935751914978027
323.4538879394531 341.8617248535156 2.989610195159912
323.4492492675781 341.86151123046875 -2.8940415382385254
323.4492492675781 341.86151123046875 2.9891438484191895
323.4446105957031 341.8612976074219 -2.894507884979248
323.4446105957031 341.8612976074219 2.988677501678467
323.4399719238281 341.861083984375 -2.8949742317199707
323.4399719238281 341.861083984375 2.988211154937744
323.4353332519531 341.8608703613281 -2.8954405784606934
323.4353332519531 341.8608703613281 2.9877448081970215
323.4306945800781 341.86065673828125 -2.895906925201416
323.4306945800781 341.86065673828125 2.987278461456299
323.4260559082031 341.8604431152344 -2.8963732719421387
323.4260559082031 341.8604431152344 2.986812114715576
323.4214172363281 341.8602294921875 -2.8968396186828613
323.4214172363281 341.8602294921875 2.9863457679748535
323.4167785644531 341.8600158691406 -2.897305965423584
323.4167785644531 341.8600158691406 2.985879421234131
323.4121398925781 341.85980224609375 -2.8977723121643066
323.4121398925781 341.85980224609375 2.985413074493408
323.4075012207031 341.8595886230469 -2.8982386589050293
323.4075012207031 341.8595886230469 2.9849467277526855
323.4028625488281 341.859375 -2.898705005645752
323.4028625488281 341.859375 2.984480381011963
323.3982238769531 341.85919189453125 -2.8991713523864746
323.3982238769531 341.85919189453125 2.9840140342712402
323.3935852050781 341.8590087890625 -2.8996376991271973
323.3935852050781 341.8590087890625 2.9835476875305176
323.3889465332031 341.85882568359375 -2.90010404586792
323.3889465332031 341.85882568359375 2.983081340789795
323.3843078613281 341.858642578125 -2.9005703926086426
323.3843078613281 341.858642578125 2.9826149940490723
323.3796691894531 341.85845947265625 -2.9010367393493652
323.3796691894531 341.85845947265625 2.9821486473083496
323.3750305175781 341.8582763671875 -2.901503086090088
323.3750305175781 341.8582763671875 2.981682300567627
323.3703918457031 341.85809326171875 -2.9019694328308105
319.4849853515625 340.90887451171875 -2.9020023345947266
315.5992431640625 339.95965576171875 -2.9020025730133057
315.5992431640625 339.95965576171875 2.981182813644409
315.5946044921875 339.95947265625 -2.9024689197540283
315.5946044921875 339.95947265625 2.9807164669036865
315.5899658203125 339.95928955078125 -2.902935266494751
315.5899658203125 339.95928955078125 2.980250120162964
315.5853271484375 339.9591064453125 -2.9034016132354736
315.5853271484375 339.9591064453125 2.979783773422241
315.5806884765625 339.95892333984375 -2.9038679599761963
315.5806884765625 339.95892333984375 2.9793174266815186
315.5760498046875 339.958740234375 -2.904334306716919
315.5760498046875 339.958740234375 2.978851079940796
315.5714111328125 339.95855712890625 -2.9048006534576416
315.5714111328125 339.95855712890625 2.9783847332000732
315.5667724609375 339.9583740234375 -2.9052670001983643
315.5667724609375 339.9583740234375 2.9779183864593506
315.5621337890625 339.9582214355469 -2.905733346939087
315.5621337890625 339.9582214355469 2.977452039718628
315.5574951171875 339.95806884765625 -2.9061996936798096
315.5574951171875 339.95806884765625 2.9769856929779053
315.5528564453125 339.9579162597656 -2.9066660404205322
315.5528564453125 339.9579162597656 2.9765193462371826
315.5482177734375 339.957763671875 -2.907132387161255
315.5482177734375 339.957763671875 2.97605299949646
315.5435791015625 339.9576110839844 -2.9075987339019775
315.5435791015625 339.9576110839844 2.9755866527557373
315.5389404296875 339.95745849609375 -2.9080650806427
315.5389404296875 339.95745849609375 2.9751203060150146
315.5343017578125 339.9573059082031 -2.908531427383423
315.5343017578125 339.9573059082031 2.974653959274292
315.5296630859375 339.9571533203125 -2.9089977741241455
315.5296630859375 339.9571533203125 2.9741876125335693
315.5250244140625 339.9570007324219 -2.909464120864868
315.5250244140625 339.9570007324219 2.9737212657928467
315.5203857421875 339.95684814453125 -2.909930467605591
315.5203857421875 339.95684814453125 2.973254919052124
315.5157470703125 339.9566955566406 -2.9103968143463135
315.5157470703125 339.9566955566406 2.9727885723114014
315.5111083984375 339.95654296875 -2.910863161087036
315.5111083984375 339.95654296875 2.9723222255706787
315.5064697265625 339.9563903808594 -2.911329507827759
315.5064697265625 339.9563903808594 2.971855878829956
315.5018310546875 339.95623779296875 -2.9117958545684814
315.5018310546875 339.95623779296875 2.9713895320892334
315.4971923828125 339.95611572265625 -2.912262201309204
315.4971923828125 339.95611572265625 2.9709231853485107
315.4925537109375 339.95599365234375 -2.9127285480499268
315.4925537109375 339.95599365234375 2.970456838607788
315.4879150390625 339.95587158203125 -2.9131948947906494
315.4879150390625 339.95587158203125 2.9699904918670654
315.4832763671875 339.95574951171875 -2.913661241531372
315.4832763671875 339.95574951171875 2.9695241451263428
315.4786376953125 339.95562744140625 -2.9141275882720947
315.4786376953125 339.95562744140625 2.96905779838562
315.4739990234375 339.95550537109375 -2.9145939350128174
315.4739990234375 339.95550537109375 -2.5145938396453857
312.2348327636719 337.608642578125 -2.5145938396453857
308.99566650390625 335.26177978515625 -2.5145938396453857
305.7565002441406 332.9149169921875 -2.5145938396453857
302.517333984375 330.56805419921875 -2.5145938396453857
299.2781677246094 328.22119140625 -2.5145938396453857
296.03900146484375 325.87432861328125 -2.5145938396453857
292.7998352050781 323.5274658203125 -2.5145938396453857
289.5606689453125 321.18060302734375 -2.5145938396453857
286.3215026855469 318.833740234375 -2.5145938396453857
283.08233642578125 316.48687744140625 -2.5145938396453857
279.8431701660156 314.1400146484375 -2.5145938396453857
276.60400390625 311.79315185546875 -2.5145938396453857
273.3648376464844 309.4462890625 -2.5145938396453857
270.12567138671875 307.09942626953125 -2.5145938396453857
266.8865051269531 304.7525634765625 -2.5145938396453857
263.6473388671875 302.40570068359375 -2.5145938396453857
260.4081726074219 300.058837890625 -2.5145938396453857
257.16900634765625 297.71197509765625 -2.5145938396453857
253.92984008789062 295.3651123046875 -2.5145938396453857
250.690673828125 293.01824951171875 -2.5145938396453857
247.45150756835938 290.67138671875 -2.5145938396453857
244.21234130859375 288.32452392578125 -2.5145938396453857
240.97317504882812 285.9776611328125 -2.5145938396453857
237.7340087890625 283.63079833984375 -2.5145938396453857
237.73086547851562 283.62738037109375 -2.115060329437256
235.6597137451172 280.2053527832031 -2.115060329437256
233.58856201171875 276.7833251953125 -2.115060329437256
231.5174102783203 273.3612976074219 -2.115060329437256
231.5158233642578 273.35687255859375 -1.7155334949493408
230.9388885498047 269.3987121582031 -1.7155334949493408
230.36195373535156 265.4405517578125 -1.7155334949493408
229.78501892089844 261.4823913574219 -1.7155334949493408
229.2080841064453 257.52423095703125 -1.7155334949493408
228.6311492919922 253.56605529785156 -1.7155334949493408
228.05421447753906 249.60787963867188 -1.7155334949493408
227.47727966308594 245.6497039794922 -1.7155334949493408
226.9003448486328 241.6915283203125 -1.7155334949493408
226.3234100341797 237.7333526611328 -1.7155334949493408
225.74647521972656 233.77517700195312 -1.7155334949493408
225.16954040527344 229.81700134277344 -1.7155334949493408
225.16981506347656 229.81198120117188 -1.3160390853881836
226.1778564453125 225.9410858154297 -1.3160390853881836
227.18589782714844 222.0701904296875 -1.3160390853881836
228.19393920898438 218.1992950439453 -1.3160390853881836
229.2019805908203 214.32839965820312 -1.3160390853881836
230.21002197265625 210.45750427246094 -1.3160390853881836
231.2180633544922 206.58660888671875 -1.3160390853881836
232.22610473632812 202.71571350097656 -1.3160390853881836
233.23414611816406 198.84481811523438 -1.3160390853881836
234.2421875 194.9739227294922 -1.3160390853881836
234.2442169189453 194.96975708007812 -0.9165055751800537
236.67860412597656 191.79583740234375 -0.9165055751800537
239.1129913330078 188.62191772460938 -0.9165055751800537
239.11648559570312 188.61886596679688 -0.5169720649719238
242.59376525878906 186.64186096191406 -0.5169720649719238
246.071044921875 184.66485595703125 -0.5169720649719238
249.54832458496094 182.68785095214844 -0.5169720649719238
253.02560424804688 180.71084594726562 -0.5169720649719238
256.50286865234375 178.7338409423828 -0.5169720649719238
259.9801330566406 176.7568359375 -0.5169720649719238
263.4573974609375 174.7798309326172 -0.5169720649719238
266.9346618652344 172.80282592773438 -0.5169720649719238
270.41192626953125 170.82582092285156 -0.5169720649719238
273.8891906738281 168.84881591796875 -0.5169720649719238
277.366455078125 166.87181091308594 -0.5169720649719238
277.370849609375 166.870361328125 -0.11743858456611633
281.3432922363281 166.4016876220703 -0.11743858456611633
285.31573486328125 165.93301391601562 -0.11743858456611633
289.2881774902344 165.46434020996094 -0.11743858456611633
293.2606201171875 164.99566650390625 -0.11743858456611633
297.2330627441406 164.52699279785156 -0.11743858456611633
301.20550537109375 164.05831909179688 -0.11743858456611633
305.1779479980469 163.5896453857422 -0.11743858456611633
309.150390625 163.1209716796875 -0.11743858456611633
313.1228332519531 162.6522979736328 -0.11743858456611633
317.09527587890625 162.18362426757812 -0.11743858456611633
321.0677185058594 161.71495056152344 -0.11743858456611633
325.0401611328125 161.24627685546875 -0.11743858456611633
329.0126037597656 160.77760314941406 -0.11743858456611633
332.98504638671875 160.30892944335938 -0.11743858456611633
336.9574890136719 159.8402557373047 -0.11743858456611633
340.929931640625 159.37158203125 -0.11743858456611633
344.9023742675781 158.9029083251953 -0.11743858456611633
348.87481689453125 158.43423461914062 -0.11743858456611633
352.8472595214844 157.96556091308594 -0.11743858456611633
356.8197021484375 157.49688720703125 -0.11743858456611633
360.7921447753906 157.02821350097656 -0.11743858456611633
364.76458740234375 156.55953979492188 -0.11743858456611633
368.7370300292969 156.0908660888672 -0.11743858456611633
372.70947265625 155.6221923828125 -0.11743858456611633
376.6819152832031 155.1535186767578 -0.11743858456611633
380.65435791015625 154.68484497070312 -0.11743858456611633
384.6268005371094 154.21617126464844 -0.11743858456611633
388.5992431640625 153.74749755859375 -0.11743858456611633
392.5716857910156 153.27882385253906 -0.11743858456611633
396.54412841796875 152.81015014648438 -0.11743858456611633
400.5165710449219 152.3414764404297 -0.11743858456611633
404.489013671875 151.872802734375 -0.11743858456611633
408.4614562988281 151.4041290283203 -0.11743858456611633
412.43389892578125 150.93545532226562 -0.11743858456611633
416.4063415527344 150.46678161621094 -0.11743858456611633
420.3787841796875 149.99810791015625 -0.11743858456611633
424.3512268066406 149.52943420410156 -0.11743858456611633
428.32366943359375 149.06076049804688 -0.11743858456611633
432.2961120605469 148.5920867919922 -0.11743858456611633
436.2685546875 148.1234130859375 -0.11743858456611633
440.2409973144531 147.6547393798828 -0.11743858456611633
444.21343994140625 147.18606567382812 -0.11743858456611633
448.1858825683594 146.71739196777344 -0.11743858456611633
452.1583251953125 146.24871826171875 -0.11743858456611633
456.1307678222656 145.78004455566406 -0.11743858456611633
460.10321044921875 145.31137084960938 -0.11743858456611633
464.0756530761719 144.8426971435547 -0.11743858456611633
468.048095703125 144.3740234375 -0.11743858456611633
472.0205383300781 143.9053497314453 -0.11743858456611633
475.99298095703125 143.43667602539062 -0.11743858456611633
479.9654235839844 142.96800231933594 -0.11743858456611633
483.9378662109375 142.49932861328125 -0.11743858456611633
487.9103088378906 142.03065490722656 -0.11743858456611633
491.88275146484375 141.56198120117188 -0.11743858456611633
495.8551940917969 141.0933074951172 -0.11743858456611633
499.82763671875 140.6246337890625 -0.11743858456611633
503.8000793457031 140.1559600830078 -0.11743858456611633
507.77252197265625 139.68728637695312 -0.11743858456611633
511.74481201171875 139.21859741210938 -0.11745266616344452
515.7171020507812 138.74984741210938 -0.1174667477607727
519.6893920898438 138.2810516357422 -0.11748082935810089
523.6616821289062 137.81219482421875 -0.11749491095542908
527.6339721679688 137.34327697753906 -0.11750899255275726
531.6062622070312 136.8743133544922 -0.11752307415008545
535.5785522460938 136.40528869628906 -0.11753715574741364
539.55078125 135.9362030029297 -0.11755123734474182
543.5230102539062 135.46707153320312 -0.11756531894207001
547.4952392578125 134.9978790283203 -0.1175794005393982
551.4674682617188 134.52862548828125 -0.11759348213672638
555.439697265625 134.059326171875 -0.11760756373405457
559.4119262695312 133.5899658203125 -0.11762164533138275
563.3841552734375 133.12054443359375 -0.11763572692871094
563.3841552734375 133.12054443359375 -0.517635703086853
563.3841552734375 133.12054443359375 -0.9176356792449951
563.3841552734375 133.12054443359375 -1.3176356554031372
564.385986328125 129.248046875 -1.3176356554031372
565.3878173828125 125.37554168701172 -1.3176356554031372
566.3896484375 121.50303649902344 -1.3176356554031372
567.3914794921875 117.63053131103516 -1.3176356554031372
568.393310546875 113.75802612304688 -1.3176356554031372
568.393310546875 113.75802612304688 -1.7176356315612793
567.8080444335938 109.80107116699219 -1.7176356315612793
567.2227783203125 105.8441162109375 -1.7176356315612793
566.6375122070312 101.88716125488281 -1.7176356315612793
566.05224609375 97.93020629882812 -1.7176356315612793
565.4669799804688 93.97325134277344 -1.7176356315612793
564.8817138671875 90.01629638671875 -1.7176356315612793
564.8817138671875 90.01629638671875 -2.117635726928711
562.8017578125 86.599609375 -2.117635726928711
560.7218017578125 83.18292236328125 -2.117635726928711
558.641845703125 79.7662353515625 -2.117635726928711
556.5618896484375 76.34954833984375 -2.117635726928711
554.4819946289062 72.93299102783203 -2.117649793624878
552.4020385742188 69.51646423339844 -2.117663860321045
552.4020385742188 69.51646423339844 -2.5176639556884766
549.1557006835938 67.17955017089844 -2.5176639556884766
545.9093627929688 64.84263610839844 -2.5176639556884766
542.6630249023438 62.50572204589844 -2.5176639556884766
539.4166870117188 60.16880798339844 -2.5176639556884766
536.1703491210938 57.83189392089844 -2.5176639556884766
532.9240112304688 55.49497985839844 -2.5176639556884766
532.9240112304688 55.49497985839844 -2.917664051055908
529.0238647460938 54.60673141479492 -2.917664051055908
525.1237182617188 53.718482971191406 -2.917664051055908
521.2235717773438 52.83023452758789 -2.917664051055908
517.3234252929688 51.941986083984375 -2.917664051055908
513.4232788085938 51.05373764038086 -2.917664051055908
509.5231628417969 50.165489196777344 -2.917664051055908
505.623046875 49.27724075317383 -2.917664051055908
501.7229309082031 48.38899230957031 -2.917664051055908
497.82281494140625 47.5007438659668 -2.917664051055908
493.9226989746094 46.61249542236328 -2.917664051055908
490.0225830078125 45.724246978759766 -2.917664051055908
486.1224670410156 44.83599853515625 -2.917664051055908
482.22235107421875 43.947750091552734 -2.917664051055908
478.3222351074219 43.05950164794922 -2.917664051055908
474.422119140625 42.1712532043457 -2.917664051055908
470.5220031738281 41.28300476074219 -2.917664051055908
466.62188720703125 40.39475631713867 -2.917664051055908
462.7217712402344 39.506507873535156 -2.917664051055908
458.8216552734375 38.61825942993164 -2.917664051055908
454.9215393066406 37.730010986328125 -2.917664051055908
451.02142333984375 36.84176254272461 -2.917664051055908
447.1213073730469 35.953514099121094 -2.917664051055908
443.22119140625 35.06526565551758 -2.917664051055908
439.3210754394531 34.17701721191406 -2.917664051055908
435.42095947265625 33.28876876831055 -2.917664051055908
431.5208435058594 32.40052032470703 -2.917664051055908
427.6207275390625 31.51227378845215 -2.917664051055908
423.7206115722656 30.624027252197266 -2.917664051055908
419.82049560546875 29.735780715942383 -2.917664051055908
415.9203796386719 28.8475341796875 -2.917664051055908
412.020263671875 27.959287643432617 -2.917664051055908
408.1201477050781 27.071041107177734 -2.917664051055908
404.22003173828125 26.18279457092285 -2.917664051055908
404.22003173828125 26.18279457092285 2.9655210971832275
400.2818603515625 26.883447647094727 2.9655210971832275
396.34368896484375 27.5841007232666 2.9655210971832275
392.405517578125 28.284753799438477 2.9655210971832275
388.46734619140625 28.98540687561035 2.9655210971832275
384.5291748046875 29.686059951782227 2.9655210971832275
380.59100341796875 30.3867130279541 2.9655210971832275
376.65283203125 31.087366104125977 2.9655210971832275
372.71466064453125 31.78801918029785 2.9655210971832275
368.7764892578125 32.488670349121094 2.9655210971832275
364.83831787109375 33.18932342529297 2.9655210971832275
360.900146484375 33.889976501464844 2.9655210971832275
356.96197509765625 34.59062957763672 2.9655210971832275
353.0238037109375 35.291282653808594 2.9655210971832275
349.08563232421875 35.99193572998047 2.9655210971832275
345.1474609375 36.692588806152344 2.9655210971832275
341.20928955078125 37.39324188232422 2.9655210971832275
337.2711181640625 38.093894958496094 2.9655210971832275
333.33294677734375 38.79454803466797 2.9655210971832275
329.394775390625 39.495201110839844 2.9655210971832275
325.45660400390625 40.19585418701172 2.9655210971832275
321.5184326171875 40.896507263183594 2.9655210971832275
317.58026123046875 41.59716033935547 2.9655210971832275
313.64208984375 42.297813415527344 2.9655210971832275
309.70391845703125 42.99846649169922 2.9655210971832275
305.7657470703125 43.699119567871094 2.9655210971832275
301.82757568359375 44.39977264404297 2.9655210971832275
297.889404296875 45.100425720214844 2.9655210971832275
293.95123291015625 45.80107879638672 2.9655210971832275
290.0130615234375 46.501731872558594 2.9655210971832275
286.07489013671875 47.20238494873047 2.9655210971832275
282.13671875 47.903038024902344 2.9655210971832275
278.19854736328125 48.60369110107422 2.9655210971832275
274.2603759765625 49.304344177246094 2.9655210971832275
270.32220458984375 50.00499725341797 2.9655210971832275
266.384033203125 50.705650329589844 2.9655210971832275
262.44586181640625 51.40630340576172 2.9655210971832275
258.5076904296875 52.106956481933594 2.9655210971832275
254.5695343017578 52.80760955810547 2.9655210971832275
250.63137817382812 53.508262634277344 2.9655210971832275
246.69322204589844 54.20891571044922 2.9655210971832275
242.75506591796875 54.909568786621094 2.9655210971832275
238.81690979003906 55.61022186279297 2.9655210971832275
234.87875366210938 56.310874938964844 2.9655210971832275
230.9405975341797 57.01152801513672 2.9655210971832275
227.00244140625 57.712181091308594 2.9655210971832275
223.0642852783203 58.41283416748047 2.9655210971832275
219.12612915039062 59.113487243652344 2.9655210971832275
215.18797302246094 59.81414031982422 2.9655210971832275
211.24981689453125 60.514793395996094 2.9655210971832275
207.31166076660156 61.21544647216797 2.9655210971832275
203.37350463867188 61.916099548339844 2.9655210971832275
199.4353485107422 62.61675262451172 2.9655210971832275
195.4971923828125 63.317405700683594 2.9655210971832275
191.5590362548828 64.01805877685547 2.9655210971832275
187.62088012695312 64.71871185302734 2.9655210971832275
183.68272399902344 65.41936492919922 2.9655210971832275
179.74456787109375 66.1200180053711 2.9655210971832275
175.80641174316406 66.82067108154297 2.9655210971832275
171.86825561523438 67.52132415771484 2.9655210971832275
167.9300994873047 68.22197723388672 2.9655210971832275
163.991943359375 68.9226303100586 2.9655210971832275
160.0537872314453 69.62328338623047 2.9655210971832275
156.11563110351562 70.32393646240234 2.9655210971832275
152.17747497558594 71.02458953857422 2.9655210971832275
148.23931884765625 71.7252426147461 2.9655210971832275
144.30116271972656 72.42589569091797 2.9655210971832275
140.36300659179688 73.12654876708984 2.9655210971832275
136.4248504638672 73.82720184326172 2.9655210971832275
132.4866943359375 74.5278549194336 2.9655210971832275
128.5485382080078 75.22850799560547 2.9655210971832275
124.61038208007812 75.92916107177734 2.9655210971832275
120.67222595214844 76.62981414794922 2.9655210971832275
116.73406982421875 77.3304672241211 2.9655210971832275
112.79591369628906 78.03112030029297 2.9655210971832275
108.85775756835938 78.73177337646484 2.9655210971832275
104.91960144042969 79.43242645263672 2.9655210971832275
100.9814453125 80.1330795288086 2.9655210971832275
97.04328918457031 80.83373260498047 2.9655210971832275
93.10513305664062 81.53438568115234 2.9655210971832275
89.16697692871094 82.23503875732422 2.9655210971832275
89.16095733642578 82.23489379882812 -2.9182701110839844
85.26029205322266 81.34900665283203 -2.9182701110839844
81.35962677001953 80.46311950683594 -2.9182701110839844
77.4589614868164 79.57723236083984 -2.9182701110839844
73.55829620361328 78.69134521484375 -2.9182701110839844
69.65763092041016 77.80545806884766 -2.9182701110839844
65.75696563720703 76.91957092285156 -2.9182701110839844
61.85629653930664 76.03368377685547 -2.9182701110839844
57.95562744140625 75.14779663085938 -2.9182701110839844
54.05495834350586 74.26190948486328 -2.9182701110839844
50.15428924560547 73.37602233886719 -2.9182701110839844
46.25362014770508 72.4901351928711 -2.9182701110839844
46.249393463134766 72.48823547363281 -2.5187366008758545
43.00053024291992 70.1548080444336 -2.5187366008758545
42.997379302978516 70.15141296386719 -2.1192030906677246
40.91206741333008 66.73799133300781 -2.1192030906677246
38.82675552368164 63.32456588745117 -2.1192030906677246
36.7414436340332 59.91114044189453 -2.1192030906677246
34.656131744384766 56.49771499633789 -2.1192030906677246
32.57081985473633 53.08428955078125 -2.1192030906677246
30.485506057739258 49.67086410522461 -2.1192030906677246
28.400192260742188 46.25743865966797 -2.1192030906677246
26.314878463745117 42.84401321411133 -2.1192030906677246
24.229564666748047 39.43058776855469 -2.1192030906677246
22.144250869750977 36.01716232299805 -2.1192030906677246
20.058937072753906 32.603736877441406 -2.1192030906677246
17.973623275756836 29.190311431884766 -2.1192030906677246
17.971797943115234 29.18528938293457 -1.719740867614746
17.97203254699707 29.180662155151367 -1.3202073574066162
17.974050521850586 29.176490783691406 -0.9206738471984863
17.97753143310547 29.173431396484375 -0.5211403369903564
17.9819278717041 29.171968460083008 -0.12160685658454895
17.9819278717041 29.171968460083008 0.2783931493759155
17.986042022705078 29.174100875854492 0.6779266595840454
21.10154151916504 31.682819366455078 0.6779266595840454
24.217041015625 34.19153594970703 0.6779266595840454
27.33254051208496 36.700252532958984 0.6779266595840454
30.448040008544922 39.20896911621094 0.6779266595840454
33.56353759765625 41.71768569946289 0.6779266595840454
36.67903518676758 44.226402282714844 0.6779266595840454
39.794532775878906 46.7351188659668 0.6779266595840454
42.910030364990234 49.24383544921875 0.6779266595840454
46.02552795410156 51.7525520324707 0.6779266595840454
49.14102554321289 54.261268615722656 0.6779266595840454
52.25652313232422 56.76998519897461 0.6779266595840454
55.37202072143555 59.27870178222656 0.6779266595840454
58.487518310546875 61.787418365478516 0.6779266595840454
61.6030158996582 64.29613494873047 0.6779266595840454
