62.828426361083984 452.82843017578125 0.7853981852531433
65.65685272216797 455.6568603515625 0.7853981852531433
68.48528289794922 458.48529052734375 0.7853981852531433
71.31371307373047 461.313720703125 0.7853981852531433
74.14214324951172 464.14215087890625 0.7853981852531433
76.97057342529297 466.9705810546875 0.7853981852531433
79.79900360107422 469.79901123046875 0.7853981852531433
82.62743377685547 472.62744140625 0.7853981852531433
85.45586395263672 475.45587158203125 0.7853981852531433
88.28429412841797 478.2843017578125 0.7853981852531433
91.11272430419922 481.11273193359375 0.7853981852531433
93.94115447998047 483.941162109375 0.7853981852531433
96.76958465576172 486.76959228515625 0.7853981852531433
99.59801483154297 489.5980224609375 0.7853981852531433
102.42644500732422 492.42645263671875 0.7853981852531433
105.25487518310547 495.2548828125 0.7853981852531433
108.08330535888672 498.08331298828125 0.7853981852531433
110.91173553466797 500.9117431640625 0.7853981852531433
113.74016571044922 503.74017333984375 0.7853981852531433
116.56859588623047 506.568603515625 0.7853981852531433
119.39702606201172 509.39703369140625 0.7853981852531433
122.22545623779297 512.2254638671875 0.7853981852531433
125.05388641357422 515.0538940429688 0.7853981852531433
127.88231658935547 517.88232421875 0.7853981852531433
130.7107391357422 520.7107543945312 0.7853981852531433
133.53916931152344 523.5391845703125 0.7853981852531433
136.3675994873047 526.3676147460938 0.7853981852531433
139.19602966308594 529.196044921875 0.7853981852531433
142.0244598388672 532.0244750976562 0.7853981852531433
144.85289001464844 534.8529052734375 0.7853981852531433
144.85289001464844 534.8529052734375 0.38539817929267883
148.55947875976562 536.3566284179688 0.38539817929267883
152.2660675048828 537.8603515625 0.38539817929267883
155.97265625 539.3640747070312 0.38539817929267883
159.6792449951172 540.8677978515625 0.38539817929267883
159.6792449951172 540.8677978515625 -0.014601826667785645
163.67881774902344 540.8093872070312 -0.014601826667785645
167.6783905029297 540.7509765625 -0.014601826667785645
171.67796325683594 540.6925659179688 -0.014601826667785645
175.6775360107422 540.6341552734375 -0.014601826667785645
175.6775360107422 540.6341552734375 -0.4146018326282501
179.33863830566406 539.0228271484375 -0.4146018326282501
182.99974060058594 537.4114990234375 -0.4146018326282501
186.6608428955078 535.8001708984375 -0.4146018326282501
190.3219451904297 534.1888427734375 -0.4146018326282501
193.98304748535156 532.5775146484375 -0.4146018326282501
197.64414978027344 530.9661865234375 -0.4146018326282501
201.3052520751953 529.3548583984375 -0.4146018326282501
204.9663543701172 527.7435302734375 -0.4146018326282501
208.62745666503906 526.1322021484375 -0.4146018326282501
212.28855895996094 524.5208740234375 -0.4146018326282501
215.9496612548828 522.9095458984375 -0.4146018326282501
219.6107635498047 521.2982177734375 -0.4146018326282501
223.27186584472656 519.6868896484375 -0.4146018326282501
226.93296813964844 518.0755615234375 -0.4146018326282501
230.5940704345703 516.4642333984375 -0.4146018326282501
230.5940704345703 516.4642333984375 -0.8146018385887146
233.3386993408203 513.554443359375 -0.8146018385887146
236.0833282470703 510.6446228027344 -0.8146018385887146
238.8279571533203 507.73480224609375 -0.8146018385887146
241.5725860595703 504.8249816894531 -0.8146018385887146
244.3172149658203 501.9151611328125 -0.8146018385887146
247.0618438720703 499.0053405761719 -0.8146018385887146
249.8064727783203 496.09552001953125 -0.8146018385887146
252.5511016845703 493.1856994628906 -0.8146018385887146
255.2957305908203 490.27587890625 -0.8146018385887146
258.0403747558594 487.3660583496094 -0.8146018385887146
260.7850036621094 484.45623779296875 -0.8146018385887146
263.5296325683594 481.5464172363281 -0.8146018385887146
266.2742614746094 478.6365966796875 -0.8146018385887146
269.0188903808594 475.7267761230469 -0.8146018385887146
271.7635192871094 472.81695556640625 -0.8146018385887146
274.5081481933594 469.9071350097656 -0.8146018385887146
277.2527770996094 466.997314453125 -0.8146018385887146
279.9974060058594 464.0874938964844 -0.8146018385887146
282.7420349121094 461.17767333984375 -0.8146018385887146
285.4866638183594 458.2678527832031 -0.8146018385887146
288.2312927246094 455.3580322265625 -0.8146018385887146
290.9759216308594 452.4482116699219 -0.8146018385887146
293.7205505371094 449.53839111328125 -0.8146018385887146
296.4651794433594 446.6285705566406 -0.8146018385887146
296.4789733886719 446.61883544921875 -0.4163016676902771
296.4954528808594 446.6152038574219 -0.0180014967918396
300.49481201171875 446.543212890625 -0.0180014967918396
300.51141357421875 446.5462646484375 0.3802986741065979
304.2256164550781 448.03106689453125 0.3802986741065979
307.9398193359375 449.515869140625 0.3802986741065979
311.6540222167969 451.00067138671875 0.3802986741065979
311.7244873046875 451.0137939453125 -0.012487411499023438
311.7410888671875 451.0169372558594 0.38581275939941406
314.8024597167969 452.1299743652344 0.31162959337234497
318.60980224609375 453.3564147949219 0.3116292357444763
322.4171447753906 454.5828552246094 0.3116292357444763
322.431884765625 454.59112548828125 0.7099294066429138
325.46551513671875 457.1982421875 0.7099294066429138
328.4991455078125 459.80535888671875 0.7099294066429138
331.53277587890625 462.4124755859375 0.7099294066429138
334.56640625 465.01959228515625 0.7099294066429138
337.60003662109375 467.626708984375 0.7099294066429138
340.6336669921875 470.23382568359375 0.7099294066429138
343.66729736328125 472.8409423828125 0.7099294066429138
346.700927734375 475.44805908203125 0.7099294066429138
349.73455810546875 478.05517578125 0.7099294066429138
352.7681884765625 480.66229248046875 0.7099294066429138
355.80181884765625 483.2694091796875 0.7099294066429138
358.83544921875 485.87652587890625 0.7099294066429138
361.86907958984375 488.483642578125 0.7099294066429138
364.9027099609375 491.09075927734375 0.7099294066429138
367.93634033203125 493.6978759765625 0.7099294066429138
370.969970703125 496.30499267578125 0.7099294066429138
374.00360107421875 498.912109375 0.7099294066429138
377.0372314453125 501.51922607421875 0.7099294066429138
380.07086181640625 504.1263427734375 0.7099294066429138
383.1044921875 506.73345947265625 0.7099294066429138
386.13812255859375 509.340576171875 0.7099294066429138
389.1717529296875 511.94769287109375 0.7099294066429138
392.20538330078125 514.5548095703125 0.7099294066429138
395.239013671875 517.1619262695312 0.7099294066429138
398.27264404296875 519.76904296875 0.7099294066429138
401.3062744140625 522.3761596679688 0.7099294066429138
404.33990478515625 524.9832763671875 0.7099294066429138
407.37353515625 527.5903930664062 0.7099294066429138
410.40716552734375 530.197509765625 0.7099294066429138
413.4407958984375 532.8046264648438 0.7099294066429138
416.47442626953125 535.4117431640625 0.7099294066429138
419.508056640625 538.0188598632812 0.7099294066429138
419.508056640625 538.0188598632812 0.30992940068244934
423.3174743652344 539.2388305664062 0.30992940068244934
427.12689208984375 540.4588012695312 0.30992940068244934
430.9363098144531 541.6787719726562 0.30992940068244934
434.7457275390625 542.8987426757812 0.30992940068244934
438.5551452636719 544.1187133789062 0.30992940068244934
442.36456298828125 545.3386840820312 0.30992940068244934
446.1739807128906 546.5586547851562 0.30992940068244934
449.9833984375 547.7786254882812 0.30992940068244934
453.7928161621094 548.9985961914062 0.30992940068244934
457.60223388671875 550.2185668945312 0.30992940068244934
461.4116516113281 551.4385375976562 0.30992940068244934
465.2210693359375 552.6585083007812 0.30992940068244934
469.0304870605469 553.8784790039062 0.30992940068244934
472.83990478515625 555.0984497070312 0.30992940068244934
476.6493225097656 556.3184204101562 0.30992940068244934
480.458740234375 557.5383911132812 0.30992940068244934
484.2681579589844 558.7583618164062 0.30992940068244934
488.07757568359375 559.9783325195312 0.30992940068244934
491.8869934082031 561.1983032226562 0.30992940068244934
495.6964111328125 562.4182739257812 0.30992940068244934
499.5058288574219 563.6382446289062 0.30992940068244934
503.31524658203125 564.8582153320312 0.30992940068244934
507.1246643066406 566.0781860351562 0.30992940068244934
510.93408203125 567.2981567382812 0.30992940068244934
514.7435302734375 568.5181274414062 0.30992940068244934
514.7435302734375 568.5181274414062 -0.09007060527801514
514.7435302734375 568.5181274414062 -0.4900706112384796
518.272705078125 566.6353759765625 -0.4900706112384796
521.8018798828125 564.7526245117188 -0.4900706112384796
525.3310546875 562.869873046875 -0.4900716543197632
528.8602294921875 560.9871215820312 -0.4900735020637512
528.8602294921875 560.9871215820312 -0.8900735378265381
531.3776245117188 557.878662109375 -0.8900735378265381
533.89501953125 554.7702026367188 -0.8900735378265381
536.4124145507812 551.6617431640625 -0.8900735378265381
538.9298095703125 548.5532836914062 -0.8900735378265381
541.4472045898438 545.44482421875 -0.8900735378265381
541.4472045898438 545.44482421875 -1.2900735139846802
542.555419921875 541.6013793945312 -1.2900735139846802
543.6636352539062 537.7579345703125 -1.2900735139846802
544.7718505859375 533.9144897460938 -1.2900735139846802
545.8800659179688 530.071044921875 -1.2900735139846802
546.98828125 526.2276000976562 -1.2900735139846802
548.0964965820312 522.3841552734375 -1.2900735139846802
549.2047119140625 518.5407104492188 -1.2900735139846802
550.3129272460938 514.697265625 -1.2900735139846802
551.421142578125 510.8538513183594 -1.2900735139846802
552.5293579101562 507.01043701171875 -1.2900735139846802
553.6375732421875 503.1670227050781 -1.2900735139846802
553.6375732421875 503.1670227050781 -1.6900734901428223
553.16162109375 499.1954345703125 -1.6900734901428223
552.6856689453125 495.2238464355469 -1.6900734901428223
552.209716796875 491.25225830078125 -1.6900734901428223
551.7337646484375 487.2806701660156 -1.6900734901428223
551.7337646484375 487.2806701660156 -2.090073585510254
549.748779296875 483.8079528808594 -2.090073585510254
547.7637939453125 480.3352355957031 -2.090073585510254
545.77880859375 476.8625183105469 -2.090073585510254
543.7938232421875 473.3898010253906 -2.090073585510254
541.808837890625 469.9170837402344 -2.090073585510254
539.8238525390625 466.4443664550781 -2.090073585510254
537.8388671875 462.9716491699219 -2.090073585510254
535.8538818359375 459.4989318847656 -2.090073585510254
533.868896484375 456.0262145996094 -2.090073585510254
533.868896484375 456.0262145996094 -2.4900736808776855
530.688232421875 453.60064697265625 -2.4900736808776855
527.507568359375 451.1750793457031 -2.4900736808776855
524.326904296875 448.74951171875 -2.4900736808776855
521.146240234375 446.3239440917969 -2.4900736808776855
517.965576171875 443.89837646484375 -2.4900736808776855
514.784912109375 441.4728088378906 -2.4900736808776855
511.604248046875 439.0472412109375 -2.4900736808776855
508.423583984375 436.6216735839844 -2.4900736808776855
505.242919921875 434.19610595703125 -2.4900736808776855
502.062255859375 431.7705383300781 -2.4900736808776855
498.881591796875 429.344970703125 -2.4900736808776855
495.700927734375 426.9194030761719 -2.4900736808776855
492.520263671875 424.49383544921875 -2.4900736808776855
489.339599609375 422.0682678222656 -2.4900736808776855
486.158935546875 419.6427001953125 -2.4900736808776855
482.978271484375 417.2171325683594 -2.4900736808776855
479.797607421875 414.79156494140625 -2.4900736808776855
476.616943359375 412.3659973144531 -2.4900736808776855
473.436279296875 409.9404296875 -2.4900736808776855
470.255615234375 407.5148620605469 -2.4900736808776855
467.074951171875 405.08929443359375 -2.4900736808776855
463.894287109375 402.6637268066406 -2.4900736808776855
460.713623046875 400.2381591796875 -2.4900736808776855
457.532958984375 397.8125915527344 -2.4900736808776855
454.352294921875 395.38702392578125 -2.4900736808776855
451.171630859375 392.9614562988281 -2.4900736808776855
447.990966796875 390.535888671875 -2.4900736808776855
444.810302734375 388.1103210449219 -2.4900736808776855
441.629638671875 385.68475341796875 -2.4900736808776855
438.448974609375 383.2591857910156 -2.4900736808776855
435.268310546875 380.8336181640625 -2.4900736808776855
432.087646484375 378.4080505371094 -2.4900736808776855
428.906982421875 375.98248291015625 -2.4900736808776855
425.726318359375 373.5569152832031 -2.4900736808776855
422.545654296875 371.13134765625 -2.4900736808776855
419.364990234375 368.7057800292969 -2.4900736808776855
416.184326171875 366.28021240234375 -2.4900736808776855
413.003662109375 363.8546447753906 -2.4900736808776855
409.822998046875 361.4290771484375 -2.4900736808776855
406.642333984375 359.0035095214844 -2.4900736808776855
403.461669921875 356.57794189453125 -2.4900736808776855
400.281005859375 354.1523742675781 -2.4900736808776855
400.281005859375 354.1523742675781 -2.890073537826538
396.4068603515625 353.1568603515625 -2.890073537826538
392.53271484375 352.1613464355469 -2.890073537826538
388.6585693359375 351.16583251953125 -2.890073537826538
384.784423828125 350.1703186035156 -2.890073537826538
380.9102783203125 349.1748046875 -2.890073537826538
377.0361328125 348.1792907714844 -2.890073537826538
373.1619873046875 347.18377685546875 -2.890073537826538
369.287841796875 346.1882629394531 -2.890073537826538
365.4136962890625 345.1927490234375 -2.890073537826538
361.53955078125 344.1972351074219 -2.890073537826538
357.6654052734375 343.20172119140625 -2.890073537826538
353.791259765625 342.2062072753906 -2.890073537826538
349.9171142578125 341.210693359375 -2.890073537826538
346.04296875 340.2151794433594 -2.890073537826538
342.1688232421875 339.21966552734375 -2.890073537826538
342.1687927246094 339.21966552734375 -2.4900763034820557
338.9881286621094 336.7940979003906 -2.4900763034820557
335.8074645996094 334.3685302734375 -2.4900763034820557
332.6268005371094 331.9429626464844 -2.4900763034820557
329.4461364746094 329.51739501953125 -2.4900763034820557
326.2654724121094 327.0918273925781 -2.4900763034820557
323.0848083496094 324.666259765625 -2.4900763034820557
319.9041442871094 322.2406921386719 -2.4900763034820557
316.7234802246094 319.81512451171875 -2.4900763034820557
313.5428161621094 317.3895568847656 -2.4900763034820557
310.3621520996094 314.9639892578125 -2.4900763034820557
307.1814880371094 312.5384216308594 -2.4900763034820557
304.0008239746094 310.11285400390625 -2.4900763034820557
300.8201599121094 307.6872863769531 -2.4900763034820557
297.6394958496094 305.26171875 -2.4900763034820557
294.4588317871094 302.8361511230469 -2.4900763034820557
291.2781677246094 300.41058349609375 -2.4900763034820557
288.0975036621094 297.9850158691406 -2.4900763034820557
284.9168395996094 295.5594482421875 -2.4900763034820557
281.7361755371094 293.1338806152344 -2.4900763034820557
278.5555114746094 290.70831298828125 -2.4900763034820557
275.3748474121094 288.2827453613281 -2.4900763034820557
272.1941833496094 285.857177734375 -2.4900763034820557
269.0135192871094 283.4316101074219 -2.4900763034820557
265.8328552246094 281.00604248046875 -2.4900763034820557
262.6521911621094 278.5804748535156 -2.4900763034820557
259.4715270996094 276.1549072265625 -2.4900763034820557
259.4715270996094 276.1549072265625 -2.8900763988494873
255.59738159179688 275.159423828125 -2.8900763988494873
255.58132934570312 275.15167236328125 -2.4918711185455322
252.3963165283203 272.7318115234375 -2.4918711185455322
249.2113037109375 270.31195068359375 -2.4918711185455322
246.0262908935547 267.89208984375 -2.4918711185455322
246.01513671875 267.8794250488281 -2.0935709476470947
244.0179901123047 264.4136657714844 -2.0935709476470947
242.02084350585938 260.9479064941406 -2.0935709476470947
242.01547241210938 260.931884765625 -1.6952712535858154
241.51885986328125 256.96282958984375 -1.6952712535858154
241.02224731445312 252.9937744140625 -1.6952712535858154
240.525634765625 249.02471923828125 -1.6952712535858154
240.02902221679688 245.0556640625 -1.6952712535858154
239.53240966796875 241.08660888671875 -1.6952712535858154
239.03579711914062 237.1175537109375 -1.6952712535858154
238.5391845703125 233.14849853515625 -1.6952712535858154
238.04257202148438 229.179443359375 -1.6952712535858154
237.54595947265625 225.21038818359375 -1.6952712535858154
237.04934692382812 221.2413330078125 -1.6952712535858154
236.552734375 217.27227783203125 -1.6952712535858154
236.05612182617188 213.30322265625 -1.6952712535858154
235.55950927734375 209.33416748046875 -1.6952712535858154
235.06289672851562 205.3651123046875 -1.6952712535858154
235.0645294189453 205.3431396484375 -1.2974891662597656
236.14419555664062 201.49160766601562 -1.2974891662597656
236.15188598632812 201.47657775878906 -0.8991889953613281
238.640869140625 198.3452911376953 -0.8991889953613281
238.65377807617188 198.33441162109375 -0.5008888244628906
242.1623992919922 196.41358947753906 -0.5008888244628906
245.6710205078125 194.49276733398438 -0.5008888244628906
249.1796417236328 192.5719451904297 -0.5008888244628906
252.68826293945312 190.651123046875 -0.5008888244628906
256.1968994140625 188.7303009033203 -0.5008888244628906
259.7055358886719 186.80947875976562 -0.5008888244628906
263.21417236328125 184.88865661621094 -0.5008888244628906
266.7228088378906 182.96783447265625 -0.5008888244628906
270.2314453125 181.04701232910156 -0.5008888244628906
273.7400817871094 179.12619018554688 -0.5008888244628906
277.24871826171875 177.2053680419922 -0.5008888244628906
280.7573547363281 175.2845458984375 -0.5008888244628906
280.7734680175781 175.27952575683594 -0.10258865356445312
284.75244140625 174.86988830566406 -0.10258865356445312
288.7314147949219 174.4602508544922 -0.10258865356445312
292.71038818359375 174.0506134033203 -0.10258865356445312
296.6893615722656 173.64097595214844 -0.10258865356445312
300.6683349609375 173.23133850097656 -0.10258865356445312
304.6473083496094 172.8217010498047 -0.10258865356445312
308.62628173828125 172.4120635986328 -0.10258865356445312
312.6052551269531 172.00242614746094 -0.10258865356445312
316.584228515625 171.59278869628906 -0.10258865356445312
320.5632019042969 171.1831512451172 -0.10258865356445312
324.54217529296875 170.7735137939453 -0.10258865356445312
328.5211486816406 170.36387634277344 -0.10258865356445312
332.5001220703125 169.95423889160156 -0.10258865356445312
336.4790954589844 169.5446014404297 -0.10258865356445312
340.45806884765625 169.1349639892578 -0.10258865356445312
344.4370422363281 168.72532653808594 -0.10258865356445312
348.416015625 168.31568908691406 -0.10258865356445312
352.3949890136719 167.9060516357422 -0.10258865356445312
356.37396240234375 167.4964141845703 -0.10258865356445312
360.3529357910156 167.08677673339844 -0.10258865356445312
364.3319091796875 166.67713928222656 -0.10258865356445312
368.3108825683594 166.2675018310547 -0.10258865356445312
372.28985595703125 165.8578643798828 -0.10258865356445312
376.2688293457031 165.44822692871094 -0.10258865356445312
380.247802734375 165.03858947753906 -0.10258865356445312
384.2267761230469 164.6289520263672 -0.10258865356445312
388.20574951171875 164.2193145751953 -0.10258865356445312
392.1847229003906 163.80967712402344 -0.10258865356445312
396.1636962890625 163.40003967285156 -0.10258865356445312
400.1426696777344 162.9904022216797 -0.10258865356445312
404.12164306640625 162.5807647705078 -0.10258865356445312
408.1006164550781 162.17112731933594 -0.10258865356445312
412.07958984375 161.76148986816406 -0.10258865356445312
416.0585632324219 161.3518524169922 -0.10258865356445312
420.03753662109375 160.9422149658203 -0.10258865356445312
424.0165100097656 160.53257751464844 -0.10258865356445312
427.9954833984375 160.12294006347656 -0.10258865356445312
431.9744567871094 159.7133026123047 -0.10258865356445312
435.95343017578125 159.3036651611328 -0.10258865356445312
439.9324035644531 158.89402770996094 -0.10258865356445312
443.911376953125 158.48439025878906 -0.10258865356445312
447.8903503417969 158.0747528076172 -0.10258865356445312
451.86932373046875 157.6651153564453 -0.10258865356445312
455.8482971191406 157.25547790527344 -0.10258865356445312
459.8272705078125 156.84584045410156 -0.10258865356445312
463.8062438964844 156.4362030029297 -0.10258865356445312
467.78521728515625 156.0265655517578 -0.10258865356445312
471.7641906738281 155.61692810058594 -0.10258865356445312
475.7431640625 155.20729064941406 -0.10258865356445312
479.7221374511719 154.7976531982422 -0.10258865356445312
483.70111083984375 154.3880157470703 -0.10258865356445312
487.6800842285156 153.97837829589844 -0.10258865356445312
491.6590576171875 153.56874084472656 -0.10258865356445312
495.6380310058594 153.1591033935547 -0.10258865356445312
499.61700439453125 152.7494659423828 -0.10258865356445312
503.5959777832031 152.33982849121094 -0.10258865356445312
507.574951171875 151.93019104003906 -0.10258865356445312
511.5539245605469 151.5205535888672 -0.10258865356445312
515.5328979492188 151.1109161376953 -0.10258865356445312
519.5118408203125 150.70127868652344 -0.10258970409631729
523.4907836914062 150.29164123535156 -0.10259075462818146
527.4697265625 149.8820037841797 -0.10259180516004562
531.4486694335938 149.47235107421875 -0.10259285569190979
535.4276123046875 149.0626983642578 -0.10259390622377396
539.4065551757812 148.65304565429688 -0.10259495675563812
543.385498046875 148.24337768554688 -0.10259600728750229
547.3644409179688 147.83370971679688 -0.10259705781936646
551.3433837890625 147.42404174804688 -0.10259810835123062
555.3223266601562 147.01437377929688 -0.10259915888309479
559.30126953125 146.6046905517578 -0.10260020941495895
563.2802124023438 146.19500732421875 -0.10260125994682312
567.2591552734375 145.7853240966797 -0.10260231047868729
571.2380981445312 145.37564086914062 -0.10260336101055145
575.217041015625 144.9659423828125 -0.10260441154241562
579.1959838867188 144.55624389648438 -0.10260546207427979
579.1959838867188 144.55624389648438 -0.10260651260614395
579.1959838867188 144.55624389648438 -0.5026065111160278
579.1959838867188 144.55624389648438 -0.9026064872741699
579.1959838867188 144.55624389648438 -1.302606463432312
579.1959838867188 144.55624389648438 -1.702606439590454
578.6702880859375 140.5909423828125 -1.702606439590454
578.1445922851562 136.62564086914062 -1.702606439590454
577.618896484375 132.66033935546875 -1.702606439590454
577.0932006835938 128.69503784179688 -1.702606439590454
576.5675048828125 124.729736328125 -1.702606439590454
576.0418090820312 120.76443481445312 -1.702606439590454
575.51611328125 116.79913330078125 -1.702606439590454
574.9904174804688 112.83383178710938 -1.702606439590454
574.4647216796875 108.8685302734375 -1.702606439590454
573.9390258789062 104.90322875976562 -1.702606439590454
573.413330078125 100.93792724609375 -1.702606439590454
572.8876342773438 96.97262573242188 -1.702606439590454
572.3619384765625 93.00732421875 -1.702606439590454
571.8362426757812 89.04202270507812 -1.702606439590454
571.310546875 85.07672119140625 -1.702606439590454
571.310546875 85.07672119140625 -2.1026065349578857
569.2821655273438 81.62915802001953 -2.1026065349578857
567.2537841796875 78.18159484863281 -2.1026065349578857
565.2254028320312 74.7340316772461 -2.1026065349578857
563.197021484375 71.2864761352539 -2.102607488632202
563.197021484375 71.2864761352539 -2.502607583999634
559.9862060546875 68.90095520019531 -2.502607583999634
556.775390625 66.51543426513672 -2.502607583999634
553.5645751953125 64.12991333007812 -2.502607583999634
550.353759765625 61.744388580322266 -2.502607583999634
547.1429443359375 59.358863830566406 -2.502607583999634
543.93212890625 56.97333908081055 -2.502607583999634
540.7213134765625 54.58781433105469 -2.502607583999634
540.7213134765625 54.58781433105469 -2.9026076793670654
536.8350219726562 53.64094924926758 -2.9026076793670654
532.94873046875 52.69408416748047 -2.9026076793670654
529.0624389648438 51.74721908569336 -2.9026076793670654
525.1761474609375 50.80035400390625 -2.9026076793670654
521.2898559570312 49.85348892211914 -2.9026076793670654
517.403564453125 48.90662384033203 -2.9026076793670654
513.5172729492188 47.95975875854492 -2.9026076793670654
509.6309509277344 47.01289367675781 -2.9026076793670654
505.74462890625 46.0660285949707 -2.9026076793670654
501.8583068847656 45.119163513183594 -2.9026076793670654
497.97198486328125 44.172298431396484 -2.9026076793670654
494.0856628417969 43.225433349609375 -2.9026076793670654
490.1993408203125 42.278568267822266 -2.9026076793670654
486.3130187988281 41.331703186035156 -2.9026076793670654
482.42669677734375 40.38483810424805 -2.9026076793670654
478.5403747558594 39.43797302246094 -2.9026076793670654
474.654052734375 38.49110794067383 -2.9026076793670654
470.7677307128906 37.54424285888672 -2.9026076793670654
466.88140869140625 36.59737777709961 -2.9026076793670654
462.9950866699219 35.6505126953125 -2.9026076793670654
459.1087646484375 34.70364761352539 -2.9026076793670654
455.2224426269531 33.75678253173828 -2.9026076793670654
451.33612060546875 32.80991744995117 -2.9026076793670654
447.4497985839844 31.86305046081543 -2.9026076793670654
443.5634765625 30.916183471679688 -2.9026076793670654
439.6771545410156 29.969316482543945 -2.9026076793670654
435.79083251953125 29.022449493408203 -2.9026076793670654
431.9045104980469 28.07558250427246 -2.9026076793670654
428.0181884765625 27.12871551513672 -2.9026076793670654
424.1318664550781 26.181848526000977 -2.9026076793670654
420.24554443359375 25.234981536865234 -2.9026076793670654
420.24554443359375 25.234981536865234 2.9805774688720703
416.29730224609375 25.876262664794922 2.980576992034912
412.34906005859375 26.517545700073242 2.980576515197754
408.40081787109375 27.158830642700195 2.9805760383605957
404.4525451660156 27.80011749267578 2.9805760383605957
400.5042724609375 28.441404342651367 2.9805760383605957
396.5559997558594 29.082691192626953 2.9805760383605957
392.60772705078125 29.72397804260254 2.9805760383605957
388.6594543457031 30.365264892578125 2.9805760383605957
384.711181640625 31.00655174255371 2.9805760383605957
380.7629089355469 31.647838592529297 2.9805760383605957
376.81463623046875 32.289127349853516 2.9805760383605957
372.8663635253906 32.930416107177734 2.9805760383605957
368.9180908203125 33.57170486450195 2.9805760383605957
364.9698181152344 34.21299362182617 2.9805760383605957
361.02154541015625 34.85428237915039 2.9805760383605957
357.0732727050781 35.49557113647461 2.9805760383605957
353.125 36.13685989379883 2.9805760383605957
349.1767272949219 36.77814865112305 2.9805760383605957
345.22845458984375 37.419437408447266 2.9805760383605957
341.2801818847656 38.060726165771484 2.9805760383605957
337.3319091796875 38.7020149230957 2.9805760383605957
333.3836364746094 39.34330368041992 2.9805760383605957
329.43536376953125 39.98459243774414 2.9805760383605957
325.4870910644531 40.62588119506836 2.9805760383605957
321.538818359375 41.26716995239258 2.9805760383605957
317.5905456542969 41.9084587097168 2.9805760383605957
313.64227294921875 42.549747467041016 2.9805760383605957
309.6940002441406 43.191036224365234 2.9805760383605957
305.7457275390625 43.83232498168945 2.9805760383605957
301.7974548339844 44.47361373901367 2.9805760383605957
297.84918212890625 45.11490249633789 2.9805760383605957
293.9009094238281 45.75619125366211 2.9805760383605957
289.95263671875 46.39748001098633 2.9805760383605957
286.0043640136719 47.03876876831055 2.9805760383605957
282.05609130859375 47.680057525634766 2.9805760383605957
278.1078186035156 48.321346282958984 2.9805760383605957
274.1595458984375 48.9626350402832 2.9805760383605957
270.2112731933594 49.60392379760742 2.9805760383605957
266.26300048828125 50.24521255493164 2.9805760383605957
262.3147277832031 50.88650131225586 2.9805760383605957
258.366455078125 51.52779006958008 2.9805760383605957
254.41819763183594 52.1690788269043 2.9805760383605957
250.46994018554688 52.810367584228516 2.9805760383605957
246.5216827392578 53.451656341552734 2.9805760383605957
242.57342529296875 54.09294509887695 2.9805760383605957
238.6251678466797 54.73423385620117 2.9805760383605957
234.67691040039062 55.37552261352539 2.9805760383605957
230.72865295410156 56.01681137084961 2.9805760383605957
226.7803955078125 56.65810012817383 2.9805760383605957
222.83213806152344 57.29938888549805 2.9805760383605957
218.88388061523438 57.940677642822266 2.9805760383605957
214.9356231689453 58.581966400146484 2.9805760383605957
210.98736572265625 59.2232551574707 2.9805760383605957
207.0391082763672 59.86454391479492 2.9805760383605957
203.09085083007812 60.50583267211914 2.9805760383605957
199.14259338378906 61.14712142944336 2.9805760383605957
195.1943359375 61.78841018676758 2.9805760383605957
191.24607849121094 62.4296989440918 2.9805760383605957
187.29782104492188 63.070987701416016 2.9805760383605957
183.3495635986328 63.712276458740234 2.9805760383605957
179.40130615234375 64.35356140136719 2.9805760383605957
175.4530487060547 64.9948501586914 2.9805760383605957
171.50479125976562 65.63613891601562 2.9805760383605957
167.55653381347656 66.27742767333984 2.9805760383605957
163.6082763671875 66.91871643066406 2.9805760383605957
159.66001892089844 67.56000518798828 2.9805760383605957
155.71176147460938 68.2012939453125 2.9805760383605957
151.7635040283203 68.84258270263672 2.9805760383605957
147.81524658203125 69.48387145996094 2.9805760383605957
143.8669891357422 70.12516021728516 2.9805760383605957
139.91873168945312 70.76644897460938 2.9805760383605957
135.97047424316406 71.4077377319336 2.9805760383605957
132.022216796875 72.04902648925781 2.9805760383605957
128.07395935058594 72.69031524658203 2.9805760383605957
124.12570190429688 73.33160400390625 2.9805760383605957
120.17744445800781 73.97289276123047 2.9805760383605957
116.22918701171875 74.61418151855469 2.9805760383605957
112.28092956542969 75.2554702758789 2.9805760383605957
108.33267211914062 75.89675903320312 2.9805760383605957
104.38441467285156 76.53804779052734 2.9805760383605957
104.36327362060547 76.53724670410156 -2.9047389030456543
100.4749526977539 75.59866333007812 -2.9047389030456543
96.58663177490234 74.66007995605469 -2.9047389030456543
92.69831085205078 73.72149658203125 -2.9047389030456543
88.80998992919922 72.78291320800781 -2.9047389030456543
84.92166900634766 71.84432983398438 -2.9047389030456543
81.0333480834961 70.90574645996094 -2.9047389030456543
77.14502716064453 69.9671630859375 -2.9047389030456543
73.25670623779297 69.02857971191406 -2.9047389030456543
69.3683853149414 68.08999633789062 -2.9047389030456543
65.48006439208984 67.15141296386719 -2.9047389030456543
61.591739654541016 66.21282958984375 -2.9047389030456543
57.70341491699219 65.27424621582031 -2.9047389030456543
53.81509017944336 64.33566284179688 -2.9047389030456543
49.92676544189453 63.39707946777344 -2.9047389030456543
46.0384407043457 62.45849609375 -2.9047389030456543
42.150115966796875 61.51991271972656 -2.9047389030456543
42.13480758666992 61.51278305053711 -2.506438732147217
42.12346649169922 61.500274658203125 -2.1081385612487793
40.0760498046875 58.063987731933594 -2.1081385612487793
38.02863311767578 54.62770080566406 -2.1081385612487793
35.98121643066406 51.19141387939453 -2.1081385612487793
33.933799743652344 47.755126953125 -2.1081385612487793
31.886381149291992 44.31884002685547 -2.1081385612487793
29.83896255493164 40.88255310058594 -2.1081385612487793
27.79154396057129 37.446266174316406 -2.1081385612487793
25.744125366210938 34.009979248046875 -2.1081385612487793
23.696706771850586 30.57369041442871 -2.1081385612487793
21.649288177490234 27.137401580810547 -2.1081385612487793
19.601869583129883 23.701112747192383 -2.1081385612487793
17.55445098876953 20.26482391357422 -2.1081385612487793
17.55445098876953 20.26482391357422 -2.1081385612487793
17.55445098876953 20.26482391357422 -2.1081385612487793
17.55445098876953 20.26482391357422 -2.1081385612487793
17.55445098876953 20.26482391357422 -2.1081385612487793
17.55445098876953 20.26482391357422 -2.1081385612487793
17.55445098876953 20.26482391357422 -2.1081385612487793
17.55445098876953 20.26482391357422 -2.1081385612487793
17.55445098876953 20.26482391357422 -2.1081385612487793
17.55445098876953 20.26482391357422 -2.1081385612487793
17.55445098876953 20.26482391357422 -2.1081385612487793
