62.828426361083984 452.82843017578125 0.7853981852531433
65.65685272216797 455.6568603515625 0.7853981852531433
68.48528289794922 458.48529052734375 0.7853981852531433
71.31371307373047 461.313720703125 0.7853981852531433
74.14214324951172 464.14215087890625 0.7853981852531433
76.97057342529297 466.9705810546875 0.7853981852531433
79.79900360107422 469.79901123046875 0.7853981852531433
82.62743377685547 472.62744140625 0.7853981852531433
85.45586395263672 475.45587158203125 0.7853981852531433
88.28429412841797 478.2843017578125 0.7853981852531433
91.11272430419922 481.11273193359375 0.7853981852531433
93.94115447998047 483.941162109375 0.7853981852531433
96.76958465576172 486.76959228515625 0.7853981852531433
99.59801483154297 489.5980224609375 0.7853981852531433
102.42644500732422 492.42645263671875 0.7853981852531433
105.25487518310547 495.2548828125 0.7853981852531433
108.08330535888672 498.08331298828125 0.7853981852531433
110.91173553466797 500.9117431640625 0.7853981852531433
113.74016571044922 503.74017333984375 0.7853981852531433
116.56859588623047 506.568603515625 0.7853981852531433
119.39702606201172 509.39703369140625 0.7853981852531433
122.22545623779297 512.2254638671875 0.7853981852531433
125.05388641357422 515.0538940429688 0.7853981852531433
127.88231658935547 517.88232421875 0.7853981852531433
130.7107391357422 520.7107543945312 0.7853981852531433
133.53916931152344 523.5391845703125 0.7853981852531433
136.3675994873047 526.3676147460938 0.7853981852531433
139.19602966308594 529.196044921875 0.7853981852531433
142.0244598388672 532.0244750976562 0.7853981852531433
144.85289001464844 534.8529052734375 0.7853981852531433
144.85289001464844 534.8529052734375 0.38539817929267883
148.55947875976562 536.3566284179688 0.38539817929267883
152.2660675048828 537.8603515625 0.38539817929267883
155.97265625 539.3640747070312 0.38539817929267883
159.6792449951172 540.8677978515625 0.38539817929267883
159.6792449951172 540.8677978515625 -0.014601826667785645
163.67881774902344 540.8093872070312 -0.014601826667785645
167.6783905029297 540.7509765625 -0.014601826667785645
171.67796325683594 540.6925659179688 -0.014601826667785645
175.6775360107422 540.6341552734375 -0.014601826667785645
175.6775360107422 540.6341552734375 -0.4146018326282501
179.33863830566406 539.0228271484375 -0.4146018326282501
182.99974060058594 537.4114990234375 -0.4146018326282501
186.6608428955078 535.8001708984375 -0.4146018326282501
190.3219451904297 534.1888427734375 -0.4146018326282501
193.98304748535156 532.5775146484375 -0.4146018326282501
197.64414978027344 530.9661865234375 -0.4146018326282501
201.3052520751953 529.3548583984375 -0.4146018326282501
204.9663543701172 527.7435302734375 -0.4146018326282501
208.62745666503906 526.1322021484375 -0.4146018326282501
212.28855895996094 524.5208740234375 -0.4146018326282501
215.9496612548828 522.9095458984375 -0.4146018326282501
219.6107635498047 521.2982177734375 -0.4146018326282501
223.27186584472656 519.6868896484375 -0.4146018326282501
226.93296813964844 518.0755615234375 -0.4146018326282501
230.5940704345703 516.4642333984375 -0.4146018326282501
230.5940704345703 516.4642333984375 -0.8146018385887146
233.3386993408203 513.554443359375 -0.8146018385887146
236.0833282470703 510.6446228027344 -0.8146018385887146
238.8279571533203 507.73480224609375 -0.8146018385887146
241.5725860595703 504.8249816894531 -0.8146018385887146
244.3172149658203 501.9151611328125 -0.8146018385887146
247.0618438720703 499.0053405761719 -0.8146018385887146
249.8064727783203 496.09552001953125 -0.8146018385887146
252.5511016845703 493.1856994628906 -0.8146018385887146
255.2957305908203 490.27587890625 -0.8146018385887146
258.0403747558594 487.3660583496094 -0.8146018385887146
260.7850036621094 484.45623779296875 -0.8146018385887146
263.5296325683594 481.5464172363281 -0.8146018385887146
266.2742614746094 478.6365966796875 -0.8146018385887146
269.0188903808594 475.7267761230469 -0.8146018385887146
271.7635192871094 472.81695556640625 -0.8146018385887146
274.5081481933594 469.9071350097656 -0.8146018385887146
277.2527770996094 466.997314453125 -0.8146018385887146
279.9974060058594 464.0874938964844 -0.8146018385887146
282.7420349121094 461.17767333984375 -0.8146018385887146
285.4866638183594 458.2678527832031 -0.8146018385887146
288.2312927246094 455.3580322265625 -0.8146018385887146
290.9759216308594 452.4482116699219 -0.8146018385887146
293.7205505371094 449.53839111328125 -0.8146018385887146
296.4651794433594 446.6285705566406 -0.8146018385887146
296.4789733886719 446.61883544921875 -0.4163016676902771
296.4954528808594 446.6152038574219 -0.0180014967918396
300.49481201171875 446.543212890625 -0.0180014967918396
300.51141357421875 446.5462646484375 0.3802986741065979
304.2256164550781 448.03106689453125 0.3802986741065979
307.9398193359375 449.515869140625 0.3802986741065979
311.6540222167969 451.00067138671875 0.3802986741065979
311.7244873046875 451.0137939453125 -0.012487411499023438
311.7410888671875 451.0169372558594 0.38581275939941406
314.8024597167969 452.1299743652344 0.31162959337234497
318.60980224609375 453.3564147949219 0.3116292357444763
322.4171447753906 454.5828552246094 0.3116292357444763
322.431884765625 454.59112548828125 0.7099294066429138
325.46551513671875 457.1982421875 0.7099294066429138
328.4991455078125 459.80535888671875 0.7099294066429138
331.53277587890625 462.4124755859375 0.7099294066429138
334.56640625 465.01959228515625 0.7099294066429138
337.60003662109375 467.626708984375 0.7099294066429138
340.6336669921875 470.23382568359375 0.7099294066429138
343.66729736328125 472.8409423828125 0.7099294066429138
346.700927734375 475.44805908203125 0.7099294066429138
349.73455810546875 478.05517578125 0.7099294066429138
352.7681884765625 480.66229248046875 0.7099294066429138
355.80181884765625 483.2694091796875 0.7099294066429138
358.83544921875 485.87652587890625 0.7099294066429138
361.86907958984375 488.483642578125 0.7099294066429138
364.9027099609375 491.09075927734375 0.7099294066429138
367.93634033203125 493.6978759765625 0.7099294066429138
370.969970703125 496.30499267578125 0.7099294066429138
374.00360107421875 498.912109375 0.7099294066429138
377.0372314453125 501.51922607421875 0.7099294066429138
380.07086181640625 504.1263427734375 0.7099294066429138
383.1044921875 506.73345947265625 0.7099294066429138
386.13812255859375 509.340576171875 0.7099294066429138
389.1717529296875 511.94769287109375 0.7099294066429138
392.20538330078125 514.5548095703125 0.7099294066429138
395.239013671875 517.1619262695312 0.7099294066429138
398.27264404296875 519.76904296875 0.7099294066429138
401.3062744140625 522.3761596679688 0.7099294066429138
404.33990478515625 524.9832763671875 0.7099294066429138
407.37353515625 527.5903930664062 0.7099294066429138
410.40716552734375 530.197509765625 0.7099294066429138
413.4407958984375 532.8046264648438 0.7099294066429138
416.47442626953125 535.4117431640625 0.7099294066429138
419.508056640625 538.0188598632812 0.7099294066429138
419.508056640625 538.0188598632812 0.30992940068244934
423.3174743652344 539.2388305664062 0.30992940068244934
427.12689208984375 540.4588012695312 0.30992940068244934
430.9363098144531 541.6787719726562 0.30992940068244934
434.7457275390625 542.8987426757812 0.30992940068244934
438.5551452636719 544.1187133789062 0.30992940068244934
442.36456298828125 545.3386840820312 0.30992940068244934
446.1739807128906 546.5586547851562 0.30992940068244934
449.9833984375 547.7786254882812 0.30992940068244934
453.7928161621094 548.9985961914062 0.30992940068244934
457.60223388671875 550.2185668945312 0.30992940068244934
461.4116516113281 551.4385375976562 0.30992940068244934
465.2210693359375 552.6585083007812 0.30992940068244934
469.0304870605469 553.8784790039062 0.30992940068244934
472.83990478515625 555.0984497070312 0.30992940068244934
476.6493225097656 556.3184204101562 0.30992940068244934
480.458740234375 557.5383911132812 0.30992940068244934
484.2681579589844 558.7583618164062 0.30992940068244934
488.07757568359375 559.9783325195312 0.30992940068244934
491.8869934082031 561.1983032226562 0.30992940068244934
495.6964111328125 562.4182739257812 0.30992940068244934
499.5058288574219 563.6382446289062 0.30992940068244934
503.31524658203125 564.8582153320312 0.30992940068244934
507.1246643066406 566.0781860351562 0.30992940068244934
510.93408203125 567.2981567382812 0.30992940068244934
514.7435302734375 568.5181274414062 0.30992940068244934
514.7435302734375 568.5181274414062 -0.09007060527801514
514.7435302734375 568.5181274414062 -0.4900706112384796
518.272705078125 566.6353759765625 -0.4900706112384796
521.8018798828125 564.7526245117188 -0.4900706112384796
525.3310546875 562.869873046875 -0.4900716543197632
528.8602294921875 560.9871215820312 -0.4900735020637512
528.8602294921875 560.9871215820312 -0.8900735378265381
531.3776245117188 557.878662109375 -0.8900735378265381
533.89501953125 554.7702026367188 -0.8900735378265381
536.4124145507812 551.6617431640625 -0.8900735378265381
538.9298095703125 548.5532836914062 -0.8900735378265381
541.4472045898438 545.44482421875 -0.8900735378265381
541.4472045898438 545.44482421875 -1.2900735139846802
542.555419921875 541.6013793945312 -1.2900735139846802
543.6636352539062 537.7579345703125 -1.2900735139846802
544.7718505859375 533.9144897460938 -1.2900735139846802
545.8800659179688 530.071044921875 -1.2900735139846802
546.98828125 526.2276000976562 -1.2900735139846802
548.0964965820312 522.3841552734375 -1.2900735139846802
549.2047119140625 518.5407104492188 -1.2900735139846802
550.3129272460938 514.697265625 -1.2900735139846802
551.421142578125 510.8538513183594 -1.2900735139846802
552.5293579101562 507.01043701171875 -1.2900735139846802
553.6375732421875 503.1670227050781 -1.2900735139846802
553.6375732421875 503.1670227050781 -1.6900734901428223
553.16162109375 499.1954345703125 -1.6900734901428223
552.6856689453125 495.2238464355469 -1.6900734901428223
552.209716796875 491.25225830078125 -1.6900734901428223
551.7337646484375 487.2806701660156 -1.6900734901428223
551.7337646484375 487.2806701660156 -2.090073585510254
549.748779296875 483.8079528808594 -2.090073585510254
547.7637939453125 480.3352355957031 -2.090073585510254
545.77880859375 476.8625183105469 -2.090073585510254
543.7938232421875 473.3898010253906 -2.090073585510254
541.808837890625 469.9170837402344 -2.090073585510254
539.8238525390625 466.4443664550781 -2.090073585510254
537.8388671875 462.9716491699219 -2.090073585510254
535.8538818359375 459.4989318847656 -2.090073585510254
533.868896484375 456.0262145996094 -2.090073585510254
533.868896484375 456.0262145996094 -2.4900736808776855
530.688232421875 453.60064697265625 -2.4900736808776855
527.507568359375 451.1750793457031 -2.4900736808776855
524.326904296875 448.74951171875 -2.4900736808776855
521.146240234375 446.3239440917969 -2.4900736808776855
517.965576171875 443.89837646484375 -2.4900736808776855
514.784912109375 441.4728088378906 -2.4900736808776855
511.604248046875 439.0472412109375 -2.4900736808776855
508.423583984375 436.6216735839844 -2.4900736808776855
505.242919921875 434.19610595703125 -2.4900736808776855
502.062255859375 431.7705383300781 -2.4900736808776855
498.881591796875 429.344970703125 -2.4900736808776855
495.700927734375 426.9194030761719 -2.4900736808776855
492.520263671875 424.49383544921875 -2.4900736808776855
489.339599609375 422.0682678222656 -2.4900736808776855
486.158935546875 419.6427001953125 -2.4900736808776855
482.978271484375 417.2171325683594 -2.4900736808776855
479.797607421875 414.79156494140625 -2.4900736808776855
476.616943359375 412.3659973144531 -2.4900736808776855
473.436279296875 409.9404296875 -2.4900736808776855
470.255615234375 407.5148620605469 -2.4900736808776855
467.074951171875 405.08929443359375 -2.4900736808776855
463.894287109375 402.6637268066406 -2.4900736808776855
460.713623046875 400.2381591796875 -2.4900736808776855
457.532958984375 397.8125915527344 -2.4900736808776855
454.352294921875 395.38702392578125 -2.4900736808776855
451.171630859375 392.9614562988281 -2.4900736808776855
447.990966796875 390.535888671875 -2.4900736808776855
444.810302734375 388.1103210449219 -2.4900736808776855
441.629638671875 385.68475341796875 -2.4900736808776855
438.448974609375 383.2591857910156 -2.4900736808776855
435.268310546875 380.8336181640625 -2.4900736808776855
432.087646484375 378.4080505371094 -2.4900736808776855
428.906982421875 375.98248291015625 -2.4900736808776855
425.726318359375 373.5569152832031 -2.4900736808776855
422.545654296875 371.13134765625 -2.4900736808776855
419.364990234375 368.7057800292969 -2.4900736808776855
416.184326171875 366.28021240234375 -2.4900736808776855
413.003662109375 363.8546447753906 -2.4900736808776855
409.822998046875 361.4290771484375 -2.4900736808776855
406.642333984375 359.0035095214844 -2.4900736808776855
403.461669921875 356.57794189453125 -2.4900736808776855
400.281005859375 354.1523742675781 -2.4900736808776855
400.281005859375 354.1523742675781 -2.890073537826538
396.4068603515625 353.1568603515625 -2.890073537826538
392.53271484375 352.1613464355469 -2.890073537826538
388.6585693359375 351.16583251953125 -2.890073537826538
384.784423828125 350.1703186035156 -2.890073537826538
380.9102783203125 349.1748046875 -2.890073537826538
377.0361328125 348.1792907714844 -2.890073537826538
373.1619873046875 347.18377685546875 -2.890073537826538
369.287841796875 346.1882629394531 -2.890073537826538
365.4136962890625 345.1927490234375 -2.890073537826538
361.53955078125 344.1972351074219 -2.890073537826538
357.6654052734375 343.20172119140625 -2.890073537826538
353.791259765625 342.2062072753906 -2.890073537826538
349.9171142578125 341.210693359375 -2.890073537826538
346.04296875 340.2151794433594 -2.890073537826538
342.1688232421875 339.21966552734375 -2.890073537826538
338.294677734375 338.2241516113281 -2.890073537826538
334.4205322265625 337.2286376953125 -2.890073537826538
330.54638671875 336.2331237792969 -2.890073537826538
326.6722412109375 335.23760986328125 -2.890073537826538
326.6722106933594 335.23760986328125 -2.4900763034820557
323.4915466308594 332.8120422363281 -2.4900763034820557
320.3108825683594 330.386474609375 -2.4900763034820557
317.1302185058594 327.9609069824219 -2.4900763034820557
313.9495544433594 325.53533935546875 -2.4900763034820557
310.7688903808594 323.1097717285156 -2.4900763034820557
307.5882263183594 320.6842041015625 -2.4900763034820557
304.4075622558594 318.2586364746094 -2.4900763034820557
301.2268981933594 315.83306884765625 -2.4900763034820557
298.0462341308594 313.4075012207031 -2.4900763034820557
294.8655700683594 310.98193359375 -2.4900763034820557
291.6849060058594 308.5563659667969 -2.4900763034820557
288.5042419433594 306.13079833984375 -2.4900763034820557
285.3235778808594 303.7052307128906 -2.4900763034820557
282.1429138183594 301.2796630859375 -2.4900763034820557
278.9622497558594 298.8540954589844 -2.4900763034820557
275.7815856933594 296.42852783203125 -2.4900763034820557
272.6009216308594 294.0029602050781 -2.4900763034820557
269.4202575683594 291.577392578125 -2.4900763034820557
266.2395935058594 289.1518249511719 -2.4900763034820557
263.0589294433594 286.72625732421875 -2.4900763034820557
259.8782653808594 284.3006896972656 -2.4900763034820557
256.6976013183594 281.8751220703125 -2.4900763034820557
253.51693725585938 279.4495544433594 -2.4900763034820557
250.33627319335938 277.02398681640625 -2.4900763034820557
247.15560913085938 274.5984191894531 -2.4900763034820557
243.97494506835938 272.1728515625 -2.4900763034820557
243.96380615234375 272.16015625 -2.091776132583618
241.97288513183594 268.6908264160156 -2.091776132583618
241.96754455566406 268.6748046875 -1.6934759616851807
241.47805786132812 264.7048645019531 -1.6934759616851807
240.9885711669922 260.73492431640625 -1.6934759616851807
240.49908447265625 256.7649841308594 -1.6934759616851807
240.0095977783203 252.7950439453125 -1.6934759616851807
239.52011108398438 248.82510375976562 -1.6934759616851807
239.03062438964844 244.85516357421875 -1.6934759616851807
238.5411376953125 240.88522338867188 -1.6934759616851807
238.05165100097656 236.915283203125 -1.6934759616851807
237.56216430664062 232.94534301757812 -1.6934759616851807
237.0726776123047 228.97540283203125 -1.6934759616851807
236.58319091796875 225.00546264648438 -1.6934759616851807
236.0937042236328 221.0355224609375 -1.6934759616851807
235.60421752929688 217.06558227539062 -1.6934759616851807
235.11473083496094 213.09564208984375 -1.6934759616851807
234.625244140625 209.12570190429688 -1.6934759616851807
234.13575744628906 205.15576171875 -1.6934759616851807
234.13705444335938 205.13893127441406 -1.2951757907867432
235.2256317138672 201.28990173339844 -1.2951757907867432
235.2333526611328 201.27488708496094 -0.8968756198883057
237.7295684814453 198.1493682861328 -0.8968756198883057
237.7425079345703 198.13851928710938 -0.49857544898986816
241.2555694580078 196.22581481933594 -0.49857544898986816
244.7686309814453 194.3131103515625 -0.49857544898986816
248.2816925048828 192.40040588378906 -0.49857544898986816
251.7947540283203 190.48770141601562 -0.49857544898986816
255.3078155517578 188.5749969482422 -0.49857544898986816
258.82086181640625 186.66229248046875 -0.49857544898986816
262.33392333984375 184.7495880126953 -0.49857544898986816
265.84698486328125 182.83688354492188 -0.49857544898986816
269.36004638671875 180.92417907714844 -0.49857544898986816
272.87310791015625 179.011474609375 -0.49857544898986816
272.8892517089844 179.00648498535156 -0.10027614235877991
276.8691711425781 178.60604858398438 -0.10027614235877991
280.8490905761719 178.2056121826172 -0.10027614235877991
284.8290100097656 177.80517578125 -0.10027614235877991
288.8089294433594 177.4047393798828 -0.10027614235877991
292.7888488769531 177.00430297851562 -0.10027614235877991
296.7687683105469 176.60386657714844 -0.10027614235877991
300.7486877441406 176.20343017578125 -0.10027614235877991
304.7286071777344 175.80299377441406 -0.10027614235877991
308.7085266113281 175.40255737304688 -0.10027614235877991
312.6884460449219 175.0021209716797 -0.10027614235877991
316.6683654785156 174.6016845703125 -0.10027614235877991
320.6482849121094 174.2012481689453 -0.10027614235877991
324.6282043457031 173.80081176757812 -0.10027614235877991
328.6081237792969 173.40037536621094 -0.10027614235877991
332.5880432128906 172.99993896484375 -0.10027614235877991
336.5679626464844 172.59950256347656 -0.10027614235877991
340.5478820800781 172.19906616210938 -0.10027614235877991
344.5278015136719 171.7986297607422 -0.10027614235877991
348.5077209472656 171.398193359375 -0.10027614235877991
352.4876403808594 170.9977569580078 -0.10027614235877991
356.4675598144531 170.59732055664062 -0.10027614235877991
360.4474792480469 170.19688415527344 -0.10027614235877991
364.4273986816406 169.79644775390625 -0.10027614235877991
368.4073181152344 169.39601135253906 -0.10027614235877991
372.3872375488281 168.99557495117188 -0.10027614235877991
376.3671569824219 168.5951385498047 -0.10027614235877991
380.3470764160156 168.1947021484375 -0.10027614235877991
384.3269958496094 167.7942657470703 -0.10027614235877991
388.3069152832031 167.39382934570312 -0.10027614235877991
392.2868347167969 166.99339294433594 -0.10027614235877991
396.2667541503906 166.59295654296875 -0.10027614235877991
400.2466735839844 166.19252014160156 -0.10027614235877991
404.2265930175781 165.79208374023438 -0.10027614235877991
408.2065124511719 165.3916473388672 -0.10027614235877991
412.1864318847656 164.9912109375 -0.10027614235877991
416.1663513183594 164.5907745361328 -0.10027614235877991
420.1462707519531 164.19033813476562 -0.10027614235877991
424.1261901855469 163.78990173339844 -0.10027614235877991
428.1061096191406 163.38946533203125 -0.10027614235877991
432.0860290527344 162.98902893066406 -0.10027614235877991
436.0659484863281 162.58859252929688 -0.10027614235877991
440.0458679199219 162.1881561279297 -0.10027614235877991
444.0257873535156 161.7877197265625 -0.10027614235877991
448.0057067871094 161.3872833251953 -0.10027614235877991
451.9856262207031 160.98684692382812 -0.10027614235877991
455.9655456542969 160.58641052246094 -0.10027614235877991
459.9454650878906 160.18597412109375 -0.10027614235877991
463.9253845214844 159.78553771972656 -0.10027614235877991
467.9053039550781 159.38510131835938 -0.10027614235877991
471.8852233886719 158.9846649169922 -0.10027614235877991
475.8651428222656 158.584228515625 -0.10027614235877991
479.8450622558594 158.1837921142578 -0.10027614235877991
483.8249816894531 157.78335571289062 -0.10027614235877991
487.8049011230469 157.38291931152344 -0.10027614235877991
491.7848205566406 156.98248291015625 -0.10027614235877991
495.7647399902344 156.58204650878906 -0.10027614235877991
499.7446594238281 156.18161010742188 -0.10027614235877991
503.7245788574219 155.7811737060547 -0.10027614235877991
507.7044982910156 155.3807373046875 -0.10027614235877991
511.6844177246094 154.9803009033203 -0.10027614235877991
515.664306640625 154.57986450195312 -0.10027614235877991
519.6442260742188 154.17942810058594 -0.10027719289064407
523.6241455078125 153.77899169921875 -0.10027824342250824
527.6040649414062 153.37855529785156 -0.1002792939543724
531.583984375 152.9781036376953 -0.10028034448623657
535.5639038085938 152.57765197753906 -0.10028139501810074
539.5438232421875 152.1772003173828 -0.1002824455499649
543.5237426757812 151.77674865722656 -0.10028349608182907
547.503662109375 151.37628173828125 -0.10028454661369324
551.4835815429688 150.97581481933594 -0.1002855971455574
555.4635009765625 150.57534790039062 -0.10028664767742157
559.4434204101562 150.17486572265625 -0.10028769820928574
563.42333984375 149.77438354492188 -0.1002887487411499
567.4032592773438 149.3739013671875 -0.10028979927301407
571.3831787109375 148.97341918945312 -0.10029084980487823
575.3630981445312 148.5729217529297 -0.1002919003367424
579.343017578125 148.17242431640625 -0.10029295086860657
579.343017578125 148.17242431640625 -0.500292956829071
579.343017578125 148.17242431640625 -0.9002929925918579
579.343017578125 148.17242431640625 -1.30029296875
579.343017578125 148.17242431640625 -1.700292944908142
578.8264770507812 144.20591735839844 -1.700292944908142
578.3099365234375 140.23941040039062 -1.700292944908142
577.7933959960938 136.2729034423828 -1.700292944908142
577.27685546875 132.306396484375 -1.700292944908142
576.7603149414062 128.3398895263672 -1.700292944908142
576.2437744140625 124.37338256835938 -1.700292944908142
575.7272338867188 120.40687561035156 -1.700292944908142
575.210693359375 116.44036865234375 -1.700292944908142
574.6941528320312 112.47386169433594 -1.700292944908142
574.1776123046875 108.50735473632812 -1.700292944908142
573.6610717773438 104.54084777832031 -1.700292944908142
573.14453125 100.5743408203125 -1.700292944908142
572.6279907226562 96.60783386230469 -1.700292944908142
572.1114501953125 92.64132690429688 -1.700292944908142
571.5949096679688 88.67481994628906 -1.700292944908142
571.078369140625 84.70831298828125 -1.700292944908142
571.078369140625 84.70831298828125 -2.100292921066284
569.0579833984375 81.25606536865234 -2.100292921066284
567.03759765625 77.80381774902344 -2.100292921066284
565.0172119140625 74.35157012939453 -2.100292921066284
562.996826171875 70.89933776855469 -2.1002938747406006
562.996826171875 70.89933776855469 -2.5002939701080322
559.7915649414062 68.50639343261719 -2.5002939701080322
556.5863037109375 66.11344909667969 -2.5002939701080322
553.3810424804688 63.72050094604492 -2.5002939701080322
550.17578125 61.327552795410156 -2.5002939701080322
546.9705200195312 58.93460464477539 -2.5002939701080322
543.7652587890625 56.541656494140625 -2.5002939701080322
540.5599975585938 54.14870834350586 -2.5002939701080322
540.5599975585938 54.14870834350586 -2.900294065475464
536.6759033203125 53.19285202026367 -2.900294065475464
532.7918090820312 52.236995697021484 -2.900294065475464
528.90771484375 51.2811393737793 -2.900294065475464
525.0236206054688 50.32528305053711 -2.900294065475464
521.1395263671875 49.36942672729492 -2.900294065475464
517.2554321289062 48.413570404052734 -2.900294065475464
513.371337890625 47.45771408081055 -2.900294065475464
509.4872131347656 46.50185775756836 -2.900294065475464
505.60308837890625 45.54600143432617 -2.900294065475464
501.7189636230469 44.590145111083984 -2.900294065475464
497.8348388671875 43.6342887878418 -2.900294065475464
493.9507141113281 42.67843246459961 -2.900294065475464
490.06658935546875 41.72257614135742 -2.900294065475464
486.1824645996094 40.766719818115234 -2.900294065475464
482.29833984375 39.81086349487305 -2.900294065475464
478.4142150878906 38.85500717163086 -2.900294065475464
474.53009033203125 37.89915084838867 -2.900294065475464
470.6459655761719 36.943294525146484 -2.900294065475464
466.7618408203125 35.9874382019043 -2.900294065475464
462.8777160644531 35.03158187866211 -2.900294065475464
458.99359130859375 34.07572555541992 -2.900294065475464
455.1094665527344 33.119869232177734 -2.900294065475464
451.225341796875 32.16401290893555 -2.900294065475464
447.3412170410156 31.208158493041992 -2.900294065475464
443.45709228515625 30.252304077148438 -2.900294065475464
439.5729675292969 29.296449661254883 -2.900294065475464
435.6888427734375 28.340595245361328 -2.900294065475464
431.8047180175781 27.384740829467773 -2.900294065475464
427.92059326171875 26.42888641357422 -2.900294065475464
424.0364685058594 25.473031997680664 -2.900294065475464
424.0364685058594 25.473031997680664 2.982891082763672
420.08673095703125 26.10517692565918 2.9828906059265137
416.1369934082031 26.737323760986328 2.9828901290893555
412.187255859375 27.36947250366211 2.9828896522521973
408.2375183105469 28.001623153686523 2.9828896522521973
404.28778076171875 28.633773803710938 2.9828896522521973
400.3380432128906 29.26592445373535 2.9828896522521973
396.3883056640625 29.898075103759766 2.9828896522521973
392.4385681152344 30.53022575378418 2.9828896522521973
388.48883056640625 31.162376403808594 2.9828896522521973
384.5390930175781 31.794527053833008 2.9828896522521973
380.58935546875 32.42667770385742 2.9828896522521973
376.6396179199219 33.0588264465332 2.9828896522521973
372.68988037109375 33.690975189208984 2.9828896522521973
368.7401428222656 34.323123931884766 2.9828896522521973
364.7904052734375 34.95527267456055 2.9828896522521973
360.8406677246094 35.58742141723633 2.9828896522521973
356.89093017578125 36.21957015991211 2.9828896522521973
352.9411926269531 36.85171890258789 2.9828896522521973
348.991455078125 37.48386764526367 2.9828896522521973
345.0417175292969 38.11601638793945 2.9828896522521973
341.09197998046875 38.748165130615234 2.9828896522521973
337.1422424316406 39.380313873291016 2.9828896522521973
333.1925048828125 40.0124626159668 2.9828896522521973
329.2427673339844 40.64461135864258 2.9828896522521973
325.29302978515625 41.27676010131836 2.9828896522521973
321.3432922363281 41.90890884399414 2.9828896522521973
317.3935546875 42.54105758666992 2.9828896522521973
313.4438171386719 43.1732063293457 2.9828896522521973
309.49407958984375 43.805355072021484 2.9828896522521973
305.5443420410156 44.437503814697266 2.9828896522521973
301.5946044921875 45.06965255737305 2.9828896522521973
297.6448669433594 45.70180130004883 2.9828896522521973
293.69512939453125 46.33395004272461 2.9828896522521973
289.7453918457031 46.96609878540039 2.9828896522521973
285.795654296875 47.59824752807617 2.9828896522521973
281.8459167480469 48.23039627075195 2.9828896522521973
277.89617919921875 48.862545013427734 2.9828896522521973
273.9464416503906 49.494693756103516 2.9828896522521973
269.9967041015625 50.1268424987793 2.9828896522521973
266.0469665527344 50.75899124145508 2.9828896522521973
262.09722900390625 51.39113998413086 2.9828896522521973
258.1474914550781 52.02328872680664 2.9828896522521973
254.19775390625 52.65543746948242 2.9828896522521973
250.24801635742188 53.2875862121582 2.9828896522521973
246.29827880859375 53.919734954833984 2.9828896522521973
242.34854125976562 54.551883697509766 2.9828896522521973
238.3988037109375 55.18403244018555 2.9828896522521973
234.44906616210938 55.81618118286133 2.9828896522521973
230.49932861328125 56.44832992553711 2.9828896522521973
226.54959106445312 57.08047866821289 2.9828896522521973
222.599853515625 57.71262741088867 2.9828896522521973
218.65011596679688 58.34477615356445 2.9828896522521973
214.70037841796875 58.976924896240234 2.9828896522521973
210.75064086914062 59.609073638916016 2.9828896522521973
206.8009033203125 60.2412223815918 2.9828896522521973
202.85116577148438 60.87337112426758 2.9828896522521973
198.90142822265625 61.50551986694336 2.9828896522521973
194.95169067382812 62.13766860961914 2.9828896522521973
191.001953125 62.76981735229492 2.9828896522521973
187.05221557617188 63.4019660949707 2.9828896522521973
183.10247802734375 64.03411865234375 2.9828896522521973
179.15274047851562 64.66626739501953 2.9828896522521973
175.2030029296875 65.29841613769531 2.9828896522521973
171.25326538085938 65.9305648803711 2.9828896522521973
167.30352783203125 66.56271362304688 2.9828896522521973
163.35379028320312 67.19486236572266 2.9828896522521973
159.404052734375 67.82701110839844 2.9828896522521973
155.45431518554688 68.45915985107422 2.9828896522521973
151.50457763671875 69.09130859375 2.9828896522521973
147.55484008789062 69.72345733642578 2.9828896522521973
143.6051025390625 70.35560607910156 2.9828896522521973
139.65536499023438 70.98775482177734 2.9828896522521973
135.70562744140625 71.61990356445312 2.9828896522521973
131.75588989257812 72.2520523071289 2.9828896522521973
127.80615997314453 72.88420104980469 2.9828896522521973
123.85643005371094 73.51634979248047 2.9828896522521973
119.90670013427734 74.14849853515625 2.9828896522521973
115.95697021484375 74.78064727783203 2.9828896522521973
112.00724029541016 75.41279602050781 2.9828896522521973
108.05751037597656 76.0449447631836 2.9828896522521973
104.10778045654297 76.67709350585938 2.9828896522521973
104.09088897705078 76.67640686035156 -2.9019968509674072
100.20515441894531 75.72716522216797 -2.9019968509674072
96.31941986083984 74.77792358398438 -2.9019968509674072
92.43368530273438 73.82868194580078 -2.9019968509674072
88.5479507446289 72.87944030761719 -2.9019968509674072
84.66221618652344 71.9301986694336 -2.9019968509674072
80.77648162841797 70.98095703125 -2.9019968509674072
76.8907470703125 70.0317153930664 -2.9019968509674072
73.00501251220703 69.08247375488281 -2.9019968509674072
69.11927795410156 68.13323211669922 -2.9019968509674072
65.2335433959961 67.18399047851562 -2.9019968509674072
61.347808837890625 66.23474884033203 -2.9019968509674072
57.462074279785156 65.28550720214844 -2.9019968509674072
53.57633972167969 64.33626556396484 -2.9019968509674072
49.69060516357422 63.38702392578125 -2.9019968509674072
45.80487060546875 62.437782287597656 -2.9019968509674072
41.91913604736328 61.48854064941406 -2.9019968509674072
41.90385055541992 61.48136901855469 -2.5036966800689697
41.89254379272461 61.46882629394531 -2.1053965091705322
39.854557037353516 58.02693557739258 -2.1053965091705322
37.81657028198242 54.585044860839844 -2.1053965091705322
35.77858352661133 51.14315414428711 -2.1053965091705322
33.740596771240234 47.701263427734375 -2.1053965091705322
31.702608108520508 44.25937271118164 -2.1053965091705322
29.66461944580078 40.817481994628906 -2.1053965091705322
27.626630783081055 37.37559127807617 -2.1053965091705322
25.588642120361328 33.93370056152344 -2.1053965091705322
23.5506534576416 30.491811752319336 -2.1053965091705322
21.512664794921875 27.049922943115234 -2.1053965091705322
19.47467613220215 23.608034133911133 -2.1053965091705322
17.436687469482422 20.16614532470703 -2.1053965091705322
17.436687469482422 20.16614532470703 -2.1053965091705322
17.436687469482422 20.16614532470703 -2.1053965091705322
17.436687469482422 20.16614532470703 -2.1053965091705322
17.436687469482422 20.16614532470703 -2.1053965091705322
17.436687469482422 20.16614532470703 -2.1053965091705322
17.436687469482422 20.16614532470703 -2.1053965091705322
17.436687469482422 20.16614532470703 -2.1053965091705322
17.436687469482422 20.16614532470703 -2.1053965091705322
17.436687469482422 20.16614532470703 -2.1053965091705322
17.436687469482422 20.16614532470703 -2.1053965091705322
