62.828426361083984 452.82843017578125 0.7853981852531433
65.65685272216797 455.6568603515625 0.7853981852531433
68.48528289794922 458.48529052734375 0.7853981852531433
71.31371307373047 461.313720703125 0.7853981852531433
74.14214324951172 464.14215087890625 0.7853981852531433
76.97057342529297 466.9705810546875 0.7853981852531433
79.79900360107422 469.79901123046875 0.7853981852531433
82.62743377685547 472.62744140625 0.7853981852531433
85.45586395263672 475.45587158203125 0.7853981852531433
88.28429412841797 478.2843017578125 0.7853981852531433
91.11272430419922 481.11273193359375 0.7853981852531433
93.94115447998047 483.941162109375 0.7853981852531433
96.76958465576172 486.76959228515625 0.7853981852531433
99.59801483154297 489.5980224609375 0.7853981852531433
102.42644500732422 492.42645263671875 0.7853981852531433
105.25487518310547 495.2548828125 0.7853981852531433
108.08330535888672 498.08331298828125 0.7853981852531433
110.91173553466797 500.9117431640625 0.7853981852531433
113.74016571044922 503.74017333984375 0.7853981852531433
116.56859588623047 506.568603515625 0.7853981852531433
119.39702606201172 509.39703369140625 0.7853981852531433
122.22545623779297 512.2254638671875 0.7853981852531433
125.05388641357422 515.0538940429688 0.7853981852531433
127.88231658935547 517.88232421875 0.7853981852531433
130.7107391357422 520.7107543945312 0.7853981852531433
133.53916931152344 523.5391845703125 0.7853981852531433
136.3675994873047 526.3676147460938 0.7853981852531433
139.19602966308594 529.196044921875 0.7853981852531433
142.0244598388672 532.0244750976562 0.7853981852531433
142.02984619140625 532.0280151367188 0.38604816794395447
145.73545837402344 533.5341186523438 0.38604816794395447
149.44107055664062 535.0402221679688 0.38604816794395447
153.1466827392578 536.5463256835938 0.38604816794395447
153.15306091308594 536.5475463867188 -0.01329919695854187
157.1527099609375 536.4943237304688 -0.01329919695854187
161.15235900878906 536.4411010742188 -0.01329919695854187
165.15200805664062 536.3878784179688 -0.01329919695854187
169.1516571044922 536.3346557617188 -0.01329919695854187
173.15130615234375 536.2814331054688 -0.01329919695854187
177.1509552001953 536.2282104492188 -0.01329919695854187
181.15060424804688 536.1749877929688 -0.01329919695854187
181.15692138671875 536.1736450195312 -0.4126492738723755
184.8211669921875 534.5695190429688 -0.4126492738723755
188.48541259765625 532.9653930664062 -0.4126492738723755
192.149658203125 531.3612670898438 -0.4126492738723755
195.81390380859375 529.7571411132812 -0.4126492738723755
199.4781494140625 528.1530151367188 -0.4126492738723755
203.14239501953125 526.5488891601562 -0.4126492738723755
206.806640625 524.9447631835938 -0.4126492738723755
210.47088623046875 523.3406372070312 -0.4126492738723755
214.1351318359375 521.7365112304688 -0.4126492738723755
217.79937744140625 520.1323852539062 -0.4126492738723755
221.463623046875 518.5282592773438 -0.4126493036746979
221.46890258789062 518.5245361328125 -0.8119993805885315
224.22109985351562 515.6218872070312 -0.8119993805885315
226.97329711914062 512.71923828125 -0.8119993805885315
229.72549438476562 509.81658935546875 -0.8119993805885315
232.47769165039062 506.9139404296875 -0.8119993805885315
235.22988891601562 504.01129150390625 -0.8119993805885315
237.98208618164062 501.108642578125 -0.8119993805885315
240.73428344726562 498.20599365234375 -0.8119993805885315
243.48648071289062 495.3033447265625 -0.8119993805885315
246.23867797851562 492.40069580078125 -0.8119993805885315
248.99087524414062 489.498046875 -0.8119993805885315
251.74307250976562 486.59539794921875 -0.8119993805885315
254.49526977539062 483.6927490234375 -0.8119993805885315
257.2474670410156 480.79010009765625 -0.8119993805885315
259.9996643066406 477.887451171875 -0.8119993805885315
262.7518615722656 474.98480224609375 -0.8119993805885315
265.5040588378906 472.0821533203125 -0.8119993805885315
268.2562561035156 469.17950439453125 -0.8119993805885315
271.0084533691406 466.27685546875 -0.8119993805885315
273.7606506347656 463.37420654296875 -0.8119993805885315
276.5128479003906 460.4715576171875 -0.8119993805885315
279.2650451660156 457.56890869140625 -0.8119993805885315
282.0172424316406 454.666259765625 -0.8119993805885315
284.7694396972656 451.76361083984375 -0.8119993805885315
287.5216369628906 448.8609619140625 -0.8119993805885315
290.2738342285156 445.95831298828125 -0.8119993805885315
291.3803405761719 444.50384521484375 -1.0288877487182617
292.1479187011719 442.8453369140625 -1.2457772493362427
292.1479187011719 442.8453369140625 -1.6457772254943848
292.1479187011719 442.8453369140625 -2.0457773208618164
290.3186340332031 439.2881164550781 -2.0457773208618164
288.4893493652344 435.73089599609375 -2.0457773208618164
286.6600646972656 432.1736755371094 -2.0457773208618164
286.6560363769531 432.16864013671875 -2.445127248764038
283.58758544921875 429.60260009765625 -2.445127248764038
280.5191345214844 427.03656005859375 -2.445127248764038
277.45068359375 424.47052001953125 -2.445127248764038
274.3822326660156 421.90447998046875 -2.445127248764038
271.31378173828125 419.33843994140625 -2.445127248764038
268.2453308105469 416.77239990234375 -2.445127248764038
265.1768798828125 414.20635986328125 -2.445127248764038
262.1084289550781 411.64031982421875 -2.445127248764038
259.03997802734375 409.07427978515625 -2.445127248764038
255.97152709960938 406.50823974609375 -2.445127248764038
252.903076171875 403.94219970703125 -2.445127248764038
249.83462524414062 401.37615966796875 -2.445127248764038
246.76617431640625 398.81011962890625 -2.445127248764038
243.69772338867188 396.24407958984375 -2.445127248764038
240.6292724609375 393.67803955078125 -2.445127248764038
237.56082153320312 391.11199951171875 -2.445127248764038
234.49237060546875 388.54595947265625 -2.445127248764038
231.42391967773438 385.97991943359375 -2.445127248764038
228.35546875 383.41387939453125 -2.445127248764038
225.28701782226562 380.84783935546875 -2.445127248764038
222.21856689453125 378.28179931640625 -2.445127248764038
219.15011596679688 375.71575927734375 -2.445127248764038
216.0816650390625 373.14971923828125 -2.445127248764038
213.01321411132812 370.58367919921875 -2.445127248764038
209.94476318359375 368.01763916015625 -2.445127248764038
206.87631225585938 365.45159912109375 -2.445127248764038
203.807861328125 362.88555908203125 -2.445127248764038
200.73941040039062 360.31951904296875 -2.445127248764038
197.67095947265625 357.75347900390625 -2.445127248764038
194.60250854492188 355.18743896484375 -2.445127248764038
193.0818328857422 354.173583984375 -2.6620025634765625
191.37875366210938 353.5107727050781 -2.878892183303833
191.37875366210938 353.5107727050781 -3.0957984924316406
191.20542907714844 353.5361633300781 2.805011510848999
191.20542907714844 353.5361633300781 2.4050114154815674
191.20542907714844 353.5361633300781 2.0050113201141357
191.20542907714844 353.5361633300781 1.6050113439559937
191.2064971923828 353.54254150390625 1.2056612968444824
191.20994567871094 353.5480041503906 0.8063112497329712
193.97860717773438 356.4349670410156 0.8063112497329712
196.7472686767578 359.3219299316406 0.8063112497329712
199.51593017578125 362.2088928222656 0.8063112497329712
202.2845916748047 365.0958557128906 0.8063112497329712
205.05325317382812 367.9828186035156 0.8063112497329712
207.82191467285156 370.8697814941406 0.8063112497329712
210.590576171875 373.7567443847656 0.8063112497329712
213.35923767089844 376.6437072753906 0.8063112497329712
216.12789916992188 379.5306701660156 0.8063112497329712
218.8965606689453 382.4176330566406 0.8063112497329712
221.66522216796875 385.3045959472656 0.8063112497329712
224.4338836669922 388.1915588378906 0.8063112497329712
227.20254516601562 391.0785217285156 0.8063112497329712
229.97120666503906 393.9654846191406 0.8063112497329712
232.7398681640625 396.8524475097656 0.8063112497329712
235.50852966308594 399.7394104003906 0.8063112497329712
238.27719116210938 402.6263732910156 0.8063112497329712
241.0458526611328 405.5133361816406 0.8063112497329712
243.81451416015625 408.4002990722656 0.8063112497329712
246.5831756591797 411.2872619628906 0.8063112497329712
249.35183715820312 414.1742248535156 0.8063112497329712
252.12049865722656 417.0611877441406 0.8063112497329712
254.88916015625 419.9481506347656 0.8063112497329712
257.6578369140625 422.8351135253906 0.8063112497329712
260.426513671875 425.7220764160156 0.8063112497329712
261.8267822265625 426.89642333984375 0.5894216895103455
265.1518249511719 429.11993408203125 0.5894216895103455
268.47686767578125 431.34344482421875 0.5894216895103455
271.8019104003906 433.56695556640625 0.5894216895103455
275.126953125 435.79046630859375 0.5894216895103455
278.4519958496094 438.01397705078125 0.5894216895103455
281.77703857421875 440.23748779296875 0.5894216895103455
285.1020812988281 442.46099853515625 0.5894216895103455
288.4271240234375 444.68450927734375 0.5894216895103455
291.7521667480469 446.90802001953125 0.5894216895103455
295.07720947265625 449.13153076171875 0.5894216895103455
298.4022521972656 451.35504150390625 0.5894216895103455
301.727294921875 453.57855224609375 0.5894216895103455
301.7332763671875 453.58099365234375 0.19007161259651184
305.6612243652344 454.3367004394531 0.19007161259651184
309.58917236328125 455.0924072265625 0.19007161259651184
313.5171203613281 455.8481140136719 0.19007161259651184
317.445068359375 456.60382080078125 0.19007161259651184
321.3730163574219 457.3595275878906 0.19007161259651184
325.30096435546875 458.115234375 0.19007161259651184
329.2289123535156 458.8709411621094 0.19007161259651184
333.1568603515625 459.62664794921875 0.19007161259651184
337.0848083496094 460.3823547363281 0.19007161259651184
341.01275634765625 461.1380615234375 0.19007161259651184
344.9407043457031 461.8937683105469 0.19007161259651184
348.86865234375 462.64947509765625 0.19007161259651184
352.7966003417969 463.4051818847656 0.19007161259651184
356.72454833984375 464.160888671875 0.19007161259651184
360.6524963378906 464.9165954589844 0.19007161259651184
364.5804443359375 465.67230224609375 0.19007161259651184
368.5083923339844 466.4280090332031 0.19007161259651184
372.43634033203125 467.1837158203125 0.19007161259651184
376.3642883300781 467.9394226074219 0.19007161259651184
380.292236328125 468.69512939453125 0.19007161259651184
384.2201843261719 469.4508361816406 0.19007161259651184
388.14813232421875 470.20654296875 0.19007161259651184
392.0760803222656 470.9622497558594 0.19007161259651184
396.0040283203125 471.71795654296875 0.19007161259651184
399.9319763183594 472.4736633300781 0.19007161259651184
403.85986328125 473.2293701171875 0.19007796049118042
407.7878112792969 473.985107421875 0.19007796049118042
411.7156982421875 474.7408447265625 0.19008347392082214
415.6435852050781 475.4966125488281 0.19009065628051758
419.57147216796875 476.2524108886719 0.19009792804718018
423.49932861328125 477.00823974609375 0.19010519981384277
427.42718505859375 477.76409912109375 0.19011247158050537
431.35504150390625 478.5199890136719 0.19011974334716797
435.28289794921875 479.2759094238281 0.19012701511383057
439.21075439453125 480.0318298339844 0.19013428688049316
443.13861083984375 480.78778076171875 0.19014155864715576
447.0664367675781 481.54376220703125 0.19014883041381836
450.9943542480469 482.2997741699219 0.19014883041381836
454.9222717285156 483.0557861328125 0.19014883041381836
458.8501892089844 483.8117980957031 0.19014883041381836
462.7781066894531 484.56781005859375 0.19014883041381836
466.7060241699219 485.3238220214844 0.19014883041381836
470.6339416503906 486.079833984375 0.19014883041381836
474.5618591308594 486.8358459472656 0.19014883041381836
478.4897766113281 487.59185791015625 0.19014883041381836
482.4176940917969 488.3478698730469 0.19014883041381836
486.3456115722656 489.1038818359375 0.19014883041381836
490.2735290527344 489.8598937988281 0.19014883041381836
494.2014465332031 490.61590576171875 0.19014883041381836
498.1293640136719 491.3719177246094 0.19014883041381836
502.0572814941406 492.1279296875 0.19014883041381836
505.9851989746094 492.8839416503906 0.19014883041381836
509.9131164550781 493.63995361328125 0.19014883041381836
513.8410034179688 494.3959655761719 0.19014883041381836
517.7689208984375 495.1519775390625 0.19014883041381836
521.6968383789062 495.9079895019531 0.19014883041381836
525.624755859375 496.66400146484375 0.19014883041381836
527.4461669921875 496.8131408691406 -0.02674071490764618
529.2570190429688 496.56683349609375 -0.24363026022911072
533.138916015625 495.6019287109375 -0.24363026022911072
537.0208129882812 494.63702392578125 -0.24363026022911072
540.9027099609375 493.672119140625 -0.24363026022911072
544.7845458984375 492.70721435546875 -0.24363213777542114
544.7845458984375 492.70721435546875 -0.643632173538208
544.788818359375 492.702392578125 -1.0429822206497192
544.7908935546875 492.6962890625 -1.4423322677612305
544.7904052734375 492.6898498535156 -1.8416823148727417
543.7200927734375 488.8357238769531 -1.8416823148727417
542.6497802734375 484.9815979003906 -1.8416823148727417
541.5794677734375 481.1274719238281 -1.8416823148727417
540.5091552734375 477.2733459472656 -1.8416831493377686
540.5062255859375 477.267578125 -2.2410333156585693
538.0215454101562 474.13287353515625 -2.2410333156585693
535.536865234375 470.9981689453125 -2.2410333156585693
533.0521850585938 467.86346435546875 -2.2410333156585693
530.5675048828125 464.728759765625 -2.2410333156585693
528.0828247070312 461.59405517578125 -2.2410333156585693
525.59814453125 458.4593505859375 -2.2410333156585693
523.1134643554688 455.32464599609375 -2.2410333156585693
520.6287841796875 452.18994140625 -2.2410333156585693
518.1441040039062 449.05523681640625 -2.2410333156585693
515.659423828125 445.9205322265625 -2.2410333156585693
513.1747436523438 442.78582763671875 -2.2410333156585693
513.1680908203125 442.78021240234375 -2.64015793800354
509.6605224609375 440.85748291015625 -2.64015793800354
506.1529541015625 438.93475341796875 -2.64015793800354
502.6453857421875 437.01202392578125 -2.64015793800354
499.1378173828125 435.08929443359375 -2.64015793800354
495.6302490234375 433.16656494140625 -2.64015793800354
492.1226806640625 431.24383544921875 -2.64015793800354
488.6151123046875 429.32110595703125 -2.64015793800354
485.1075439453125 427.39837646484375 -2.64015793800354
481.5999755859375 425.47564697265625 -2.64015793800354
478.0924072265625 423.55291748046875 -2.64015793800354
474.5848388671875 421.63018798828125 -2.64015793800354
471.0772705078125 419.70745849609375 -2.64015793800354
467.5697021484375 417.78472900390625 -2.64015793800354
464.0621337890625 415.86199951171875 -2.64015793800354
460.5545654296875 413.93927001953125 -2.64015793800354
457.0469970703125 412.01654052734375 -2.64015793800354
453.5394287109375 410.09381103515625 -2.64015793800354
450.0318603515625 408.17108154296875 -2.64015793800354
446.5242919921875 406.24835205078125 -2.64015793800354
443.0167236328125 404.32562255859375 -2.64015793800354
439.5091552734375 402.40289306640625 -2.64015793800354
436.0015869140625 400.48016357421875 -2.64015793800354
432.4940185546875 398.55743408203125 -2.64015793800354
428.9864501953125 396.63470458984375 -2.64015793800354
425.4788818359375 394.71197509765625 -2.64015793800354
421.9713134765625 392.78924560546875 -2.64015793800354
418.4637451171875 390.86651611328125 -2.64015793800354
414.9561767578125 388.94378662109375 -2.64015793800354
411.4486083984375 387.02105712890625 -2.64015793800354
407.9410400390625 385.09832763671875 -2.64015793800354
404.4334716796875 383.17559814453125 -2.64015793800354
400.9259033203125 381.25286865234375 -2.64015793800354
397.4183349609375 379.33013916015625 -2.64015793800354
393.9107666015625 377.40740966796875 -2.64015793800354
390.4031982421875 375.48468017578125 -2.64015793800354
386.8956298828125 373.56195068359375 -2.64015793800354
383.3880615234375 371.63922119140625 -2.64015793800354
379.8804931640625 369.71649169921875 -2.64015793800354
376.3729248046875 367.79376220703125 -2.64015793800354
372.8653564453125 365.87103271484375 -2.64015793800354
369.3577880859375 363.94830322265625 -2.64015793800354
365.8502197265625 362.02557373046875 -2.64015793800354
362.3426513671875 360.10284423828125 -2.64015793800354
358.8350830078125 358.18011474609375 -2.64015793800354
355.3275146484375 356.25738525390625 -2.6401569843292236
351.8199462890625 354.33465576171875 -2.6401569843292236
348.3123779296875 352.41192626953125 -2.6401569843292236
344.8048095703125 350.48919677734375 -2.6401569843292236
341.2972412109375 348.56646728515625 -2.6401569843292236
337.7896728515625 346.64373779296875 -2.6401569843292236
334.2821044921875 344.72100830078125 -2.6401569843292236
330.7745361328125 342.79827880859375 -2.6401569843292236
327.26702880859375 340.87554931640625 -2.6401495933532715
323.75946044921875 338.9527893066406 -2.6401495933532715
320.25189208984375 337.030029296875 -2.6401495933532715
316.74432373046875 335.1072692871094 -2.6401495933532715
313.23675537109375 333.18450927734375 -2.6401495933532715
309.72918701171875 331.2617492675781 -2.6401495933532715
306.22161865234375 329.3389892578125 -2.6401495933532715
302.71405029296875 327.4162292480469 -2.6401495933532715
299.20648193359375 325.49346923828125 -2.6401495933532715
295.69891357421875 323.5707092285156 -2.6401495933532715
292.19140625 321.64794921875 -2.640143394470215
288.6839294433594 319.7251892089844 -2.640136241912842
285.1763916015625 317.8023681640625 -2.640136241912842
281.6688537597656 315.8795471191406 -2.640136241912842
278.161376953125 313.9567565917969 -2.6401290893554688
274.65386962890625 312.0339050292969 -2.6401290893554688
271.14642333984375 310.111083984375 -2.640122890472412
267.63897705078125 308.188232421875 -2.640115737915039
264.1314697265625 306.2653503417969 -2.640115737915039
260.62396240234375 304.34246826171875 -2.640115737915039
257.116455078125 302.4195861816406 -2.640115737915039
253.6089630126953 300.4967041015625 -2.640115737915039
250.10147094726562 298.5738220214844 -2.640115737915039
246.59397888183594 296.65093994140625 -2.640115737915039
243.08648681640625 294.7280578613281 -2.640115737915039
239.57899475097656 292.80517578125 -2.640115737915039
236.07150268554688 290.8822937011719 -2.640115737915039
232.5640106201172 288.95941162109375 -2.640115737915039
230.69195556640625 288.1603698730469 -2.836245059967041
228.89974975585938 287.8028564453125 -3.0531346797943115
224.91539001464844 287.4494934082031 -3.0531346797943115
220.9310302734375 287.09613037109375 -3.0531346797943115
216.94667053222656 286.7427673339844 -3.0531346797943115
212.96231079101562 286.389404296875 -3.0531346797943115
208.9779510498047 286.0360412597656 -3.0531346797943115
205.01177978515625 285.68798828125 -3.054993152618408
201.02676391601562 285.3420104980469 -3.054993152618408
199.19969177246094 285.3819274902344 3.0113022327423096
195.2335968017578 285.901611328125 3.0113022327423096
195.21710205078125 285.9072570800781 2.6130566596984863
192.25367736816406 287.7415466308594 2.5616133213043213
192.25367736816406 287.7415466308594 2.1616134643554688
192.25367736816406 287.7415466308594 1.7616134881973267
192.25367736816406 287.7415466308594 1.3616135120391846
192.25367736816406 287.7415466308594 0.9616135358810425
192.25367736816406 287.7415466308594 0.5616135597229004
195.63926696777344 289.87176513671875 0.5616135597229004
199.0248565673828 292.0019836425781 0.5616135597229004
202.4104461669922 294.1322021484375 0.5616135597229004
205.79603576660156 296.2624206542969 0.5616135597229004
209.18162536621094 298.39263916015625 0.5616135597229004
212.5672149658203 300.5228576660156 0.5616135597229004
215.9528045654297 302.653076171875 0.5616135597229004
219.33839416503906 304.7832946777344 0.5616135597229004
222.72398376464844 306.91351318359375 0.5616135597229004
226.1095733642578 309.0437316894531 0.5616135597229004
226.11561584472656 309.0460205078125 0.16226348280906677
230.06307983398438 309.6922302246094 0.16226348280906677
234.0105438232422 310.33843994140625 0.16226348280906677
237.9580078125 310.9846496582031 0.16226348280906677
241.9054718017578 311.630859375 0.16226348280906677
245.85293579101562 312.2770690917969 0.16226348280906677
249.80039978027344 312.92327880859375 0.16226348280906677
253.74786376953125 313.5694885253906 0.16226348280906677
257.6953125 314.2156982421875 0.16226348280906677
261.64276123046875 314.8619079589844 0.16226348280906677
265.5902099609375 315.50811767578125 0.16226348280906677
269.53765869140625 316.1543273925781 0.16226348280906677
273.485107421875 316.800537109375 0.16226348280906677
277.43255615234375 317.4467468261719 0.16226348280906677
281.3800048828125 318.09295654296875 0.16226348280906677
285.32745361328125 318.7391662597656 0.16226348280906677
289.27490234375 319.3853759765625 0.16226348280906677
293.22235107421875 320.0315856933594 0.16226348280906677
297.1697998046875 320.67779541015625 0.16226348280906677
301.11724853515625 321.3240051269531 0.16226348280906677
305.064697265625 321.97021484375 0.16226348280906677
309.01214599609375 322.6164245605469 0.16226348280906677
312.9595947265625 323.26263427734375 0.16226348280906677
316.90704345703125 323.9088439941406 0.16226348280906677
320.8544921875 324.5550537109375 0.16226348280906677
324.80194091796875 325.2012634277344 0.16226348280906677
328.7493896484375 325.84747314453125 0.16226348280906677
332.69683837890625 326.4936828613281 0.16226348280906677
336.644287109375 327.139892578125 0.16226348280906677
340.59173583984375 327.7861022949219 0.16226348280906677
344.5391845703125 328.43231201171875 0.16226348280906677
346.3640441894531 328.5306091308594 -0.054626062512397766
348.1673278808594 328.2339172363281 -0.2715156078338623
349.864501953125 327.5561218261719 -0.48840516805648804
351.3760681152344 326.52899169921875 -0.7052947282791138
352.6311950683594 325.2006530761719 -0.9221842885017395
352.6311950683594 325.2006530761719 -0.9221842885017395
350.68402099609375 327.9459533691406 -0.9855545163154602
351.522705078125 326.3222961425781 -1.2024489641189575
350.1001281738281 330.0260009765625 -1.205698013305664
350.1001281738281 330.0260009765625 -1.6056979894638062
350.1001281738281 330.0260009765625 -2.0056979656219482
350.1001281738281 330.0260009765625 -2.40569806098938
350.1001281738281 330.0260009765625 -2.8056981563568115
346.32366943359375 328.7075500488281 -2.8056981563568115
342.5472106933594 327.38909912109375 -2.8056981563568115
338.770751953125 326.0706481933594 -2.8056981563568115
334.9942932128906 324.752197265625 -2.8056981563568115
331.21783447265625 323.4337463378906 -2.8056981563568115
327.4413757324219 322.11529541015625 -2.8056981563568115
323.6649169921875 320.7968444824219 -2.8056981563568115
319.8884582519531 319.4783935546875 -2.8056981563568115
316.11199951171875 318.1599426269531 -2.8056981563568115
312.3355407714844 316.84149169921875 -2.8056981563568115
308.55908203125 315.5230407714844 -2.8056981563568115
304.7826232910156 314.20458984375 -2.8056981563568115
301.00616455078125 312.8861389160156 -2.8056981563568115
297.2297058105469 311.56768798828125 -2.8056981563568115
293.4532470703125 310.2492370605469 -2.8056981563568115
289.6767883300781 308.9307861328125 -2.8056981563568115
285.90032958984375 307.6123352050781 -2.8056981563568115
282.1238708496094 306.29388427734375 -2.8056981563568115
278.347412109375 304.9754333496094 -2.8056981563568115
274.5709533691406 303.656982421875 -2.8056981563568115
270.7945556640625 302.3385314941406 -2.8056907653808594
267.0180969238281 301.0200500488281 -2.8056907653808594
263.24163818359375 299.7015686035156 -2.8056907653808594
259.4651794433594 298.3830871582031 -2.8056907653808594
255.688720703125 297.0646057128906 -2.8056907653808594
251.91226196289062 295.7461242675781 -2.8056907653808594
248.13580322265625 294.4276428222656 -2.8056907653808594
244.35934448242188 293.1091613769531 -2.8056907653808594
240.5828857421875 291.7906799316406 -2.8056907653808594
236.80642700195312 290.4721984863281 -2.8056907653808594
233.02996826171875 289.1537170410156 -2.8056907653808594
231.24952697753906 288.7416076660156 -3.02258038520813
227.27781677246094 288.2666931152344 -3.02258038520813
223.3061065673828 287.7917785644531 -3.02258038520813
219.3343963623047 287.3168640136719 -3.02258038520813
215.36268615722656 286.8419494628906 -3.02258038520813
213.53451538085938 286.82257080078125 3.0437912940979004
209.5536346435547 287.2131652832031 3.0437912940979004
205.57275390625 287.603759765625 3.0437912940979004
201.5918731689453 287.9943542480469 3.0437912940979004
197.61099243164062 288.38494873046875 3.0437912940979004
193.63011169433594 288.7755432128906 3.0437912940979004
193.63011169433594 288.7755432128906 3.0437910556793213
197.57810974121094 288.3817138671875 3.040550708770752
193.5985107421875 288.7851867675781 3.040550708770752
193.5985107421875 288.7851867675781 3.0405502319335938
197.5452117919922 288.3785705566406 3.0373098850250244
193.5669403076172 288.7949523925781 3.0373098850250244
193.5669403076172 288.7949523925781 3.037309169769287
197.51231384277344 288.37554931640625 3.0340688228607178
193.53541564941406 288.8048095703125 3.0340688228607178
193.53541564941406 288.8048095703125 3.0340678691864014
197.47940063476562 288.37261962890625 3.030827522277832
193.50390625 288.8147888183594 3.030827522277832
193.50390625 288.8147888183594 3.0308258533477783
197.44647216796875 288.36981201171875 3.027585506439209
193.47244262695312 288.8248596191406 3.027585506439209
193.47219848632812 288.824951171875 2.6276111602783203
193.46937561035156 288.827392578125 2.227987051010132
191.02578735351562 291.9942321777344 2.227987051010132
191.02578735351562 291.9942321777344 1.8279870748519897
191.02578735351562 291.9942321777344 1.4279870986938477
191.02578735351562 291.9942321777344 1.0279871225357056
191.02578735351562 291.9942321777344 0.6279871463775635
191.0316619873047 291.9969177246094 0.22863706946372986
191.03811645507812 291.9971008300781 -0.17071300745010376
194.97996520996094 291.31756591796875 -0.17071300745010376
198.92181396484375 290.6380310058594 -0.17071300745010376
202.86366271972656 289.95849609375 -0.17071300745010376
206.80551147460938 289.2789611816406 -0.17071300745010376
210.7473602294922 288.59942626953125 -0.17071300745010376
212.50413513183594 288.0958557128906 -0.3876025676727295
208.83529663085938 289.6010437011719 -0.39104291796684265
210.43731689453125 288.7266845703125 -0.6081734895706177
211.50271606445312 287.761474609375 -0.864020824432373
214.10025024414062 284.7196350097656 -0.864020824432373
216.69778442382812 281.67779541015625 -0.864020824432373
219.29531860351562 278.6359558105469 -0.864020824432373
221.89285278320312 275.5941162109375 -0.864020824432373
224.49038696289062 272.5522766113281 -0.864020824432373
227.08792114257812 269.51043701171875 -0.864020824432373
227.09104919433594 269.5047912597656 -1.2633708715438843
227.0917510986328 269.4983825683594 -1.6627209186553955
226.7245635986328 265.5152587890625 -1.6627209186553955
226.3573760986328 261.5321350097656 -1.6627209186553955
225.9901885986328 257.54901123046875 -1.6627209186553955
225.6230010986328 253.56590270996094 -1.6627209186553955
225.2558135986328 249.58279418945312 -1.6627209186553955
224.8886260986328 245.5996856689453 -1.6627209186553955
224.5214385986328 241.6165771484375 -1.6627209186553955
224.1542510986328 237.6334686279297 -1.6627209186553955
223.7870635986328 233.65036010742188 -1.6627209186553955
223.4198760986328 229.66725158691406 -1.6627209186553955
223.0526885986328 225.68414306640625 -1.6627209186553955
222.6855010986328 221.70103454589844 -1.6627209186553955
222.3183135986328 217.71792602539062 -1.6627209186553955
221.9511260986328 213.7348175048828 -1.6627209186553955
221.5839385986328 209.751708984375 -1.6627209186553955
221.2167510986328 205.7686004638672 -1.6627209186553955
220.8495635986328 201.78549194335938 -1.6627209186553955
220.48582458496094 199.99449157714844 -1.8796061277389526
219.27012634277344 196.18370056152344 -1.8796061277389526
218.05442810058594 192.37290954589844 -1.8796061277389526
216.83872985839844 188.56211853027344 -1.8796061277389526
215.62303161621094 184.75132751464844 -1.8796061277389526
214.40733337402344 180.94053649902344 -1.8796061277389526
213.19163513183594 177.12974548339844 -1.8796061277389526
211.97593688964844 173.31895446777344 -1.8796061277389526
210.76023864746094 169.50816345214844 -1.8796061277389526
209.9365234375 167.58058166503906 -2.069669723510742
208.0227813720703 164.06809997558594 -2.069669723510742
206.10903930664062 160.5556182861328 -2.069669723510742
206.10903930664062 160.5556182861328 -2.469669818878174
206.10903930664062 160.5556182861328 -2.8696699142456055
202.25601196289062 159.4812774658203 -2.8696699142456055
198.40298461914062 158.4069366455078 -2.8696699142456055
198.40298461914062 158.4069366455078 -2.8696699142456055
198.40257263183594 158.4069061279297 3.013556718826294
198.40257263183594 158.4069061279297 2.6135566234588623
198.40257263183594 158.4069061279297 2.2135565280914307
198.40257263183594 158.4069061279297 1.8135565519332886
198.40257263183594 158.4069061279297 1.4135565757751465
198.4048309326172 158.41294860839844 1.0142065286636353
200.51800537109375 161.80918884277344 1.0142065286636353
202.6311798095703 165.20542907714844 1.0142065286636353
204.74435424804688 168.60166931152344 1.0142065286636353
206.85752868652344 171.99790954589844 1.0142065286636353
208.970703125 175.39414978027344 1.0142065286636353
211.08387756347656 178.79039001464844 1.0142065286636353
213.19705200195312 182.18663024902344 1.0142065286636353
215.3102264404297 185.58287048339844 1.0142065286636353
217.42340087890625 188.97911071777344 1.0142065286636353
219.5365753173828 192.37535095214844 1.0142065286636353
220.7953338623047 194.0215301513672 0.8217560648918152
223.51907348632812 196.95089721679688 0.8217560648918152
226.24281311035156 199.88026428222656 0.8217560648918152
228.966552734375 202.80963134765625 0.8217560648918152
231.69029235839844 205.73899841308594 0.8217560648918152
234.41403198242188 208.66836547851562 0.8217560648918152
237.1377716064453 211.5977325439453 0.8217560648918152
238.51974487304688 212.79354858398438 0.6048665046691895
241.81005859375 215.0681610107422 0.6048665046691895
245.10037231445312 217.3427734375 0.6048665046691895
248.39068603515625 219.6173858642578 0.6048665046691895
251.6156768798828 221.82504272460938 0.5956915020942688
251.6216278076172 221.82752990722656 0.19634142518043518
255.54476928710938 222.6078643798828 0.19634142518043518
259.4679260253906 223.38819885253906 0.19634142518043518
263.3910827636719 224.1685333251953 0.19634142518043518
267.3142395019531 224.94886779785156 0.19634142518043518
271.2373962402344 225.7292022705078 0.19634142518043518
275.1605529785156 226.50953674316406 0.19634142518043518
279.0837097167969 227.2898712158203 0.19634142518043518
283.0068664550781 228.07020568847656 0.19634142518043518
286.9300231933594 228.8505401611328 0.19634142518043518
290.8531799316406 229.63087463378906 0.19634142518043518
294.7763366699219 230.4112091064453 0.19634142518043518
298.6994934082031 231.19154357910156 0.19634142518043518
302.6226501464844 231.9718780517578 0.19634142518043518
306.5458068847656 232.75221252441406 0.19634142518043518
310.4689636230469 233.5325469970703 0.19634142518043518
314.3921203613281 234.31288146972656 0.19634142518043518
318.3152770996094 235.0932159423828 0.19634142518043518
322.2384338378906 235.87355041503906 0.19634142518043518
326.1615905761719 236.6538848876953 0.19634142518043518
330.0847473144531 237.43421936035156 0.19634142518043518
334.0079040527344 238.2145538330078 0.19634142518043518
337.9310607910156 238.99488830566406 0.19634142518043518
341.8542175292969 239.7752227783203 0.19634142518043518
345.7773742675781 240.55555725097656 0.19634142518043518
349.7005310058594 241.3358917236328 0.19634142518043518
353.6236877441406 242.11622619628906 0.19634142518043518
357.5468444824219 242.8965606689453 0.19634142518043518
361.4700012207031 243.67689514160156 0.19634142518043518
365.3931579589844 244.4572296142578 0.19634142518043518
369.3163146972656 245.23756408691406 0.19634142518043518
373.2394714355469 246.0178985595703 0.19634142518043518
377.1626281738281 246.79823303222656 0.19634142518043518
381.0857849121094 247.5785675048828 0.19634142518043518
385.0089416503906 248.35890197753906 0.19634142518043518
388.9320983886719 249.1392364501953 0.19634142518043518
392.8552551269531 249.91957092285156 0.19634142518043518
396.7784118652344 250.6999053955078 0.19634142518043518
400.7015686035156 251.48023986816406 0.19634142518043518
404.6247253417969 252.2605743408203 0.19634142518043518
408.5478820800781 253.04090881347656 0.19634142518043518
412.4710388183594 253.8212432861328 0.19634142518043518
416.3941955566406 254.60157775878906 0.19634142518043518
420.3173522949219 255.3819122314453 0.19634142518043518
424.2405090332031 256.1622314453125 0.19634142518043518
428.1636657714844 256.94256591796875 0.19634142518043518
432.0868225097656 257.722900390625 0.19634142518043518
436.0099792480469 258.50323486328125 0.19634142518043518
439.9331359863281 259.2835693359375 0.19634142518043518
443.8562927246094 260.06390380859375 0.19634142518043518
447.7794494628906 260.84423828125 0.19634142518043518
451.7026062011719 261.62457275390625 0.19634142518043518
455.6257629394531 262.4049072265625 0.19634142518043518
459.5489196777344 263.18524169921875 0.19634142518043518
463.4720764160156 263.965576171875 0.19634142518043518
467.3952331542969 264.74591064453125 0.19634142518043518
471.3183898925781 265.5262451171875 0.19634142518043518
475.2415466308594 266.30657958984375 0.19634142518043518
479.1647033691406 267.0869140625 0.19634142518043518
483.0878601074219 267.86724853515625 0.19634142518043518
487.0110168457031 268.6475830078125 0.19634142518043518
490.9341735839844 269.42791748046875 0.19634142518043518
494.8573303222656 270.208251953125 0.19634142518043518
498.7804870605469 270.98858642578125 0.19634142518043518
502.7036437988281 271.7689208984375 0.19634142518043518
506.6268005371094 272.54925537109375 0.19634142518043518
510.5499572753906 273.32958984375 0.19634142518043518
514.4730834960938 274.10992431640625 0.19634142518043518
518.396240234375 274.8902587890625 0.19634142518043518
522.3193969726562 275.67059326171875 0.19634142518043518
526.2425537109375 276.450927734375 0.19634142518043518
528.06298828125 276.6113586425781 -0.020548120141029358
529.8753051757812 276.37628173828125 -0.2374376654624939
529.8753051757812 276.37628173828125 -0.6374377012252808
529.879638671875 276.3714904785156 -1.036787748336792
531.9155883789062 272.92840576171875 -1.036787748336792
533.9515380859375 269.4853210449219 -1.036787748336792
535.9874877929688 266.042236328125 -1.036787748336792
538.0234375 262.5991516113281 -1.036787748336792
540.0593872070312 259.15606689453125 -1.036787748336792
542.0953369140625 255.7129669189453 -1.036787748336792
542.384033203125 254.97674560546875 -1.3573668003082275
543.2312622070312 251.0675048828125 -1.3573668003082275
544.0784912109375 247.15826416015625 -1.3573668003082275
544.9257202148438 243.2490234375 -1.3573668003082275
545.77294921875 239.33978271484375 -1.3573668003082275
546.6201782226562 235.4305419921875 -1.3573668003082275
547.4674072265625 231.52130126953125 -1.3573668003082275
548.3146362304688 227.612060546875 -1.3573668003082275
549.161865234375 223.70281982421875 -1.3573668003082275
550.0090942382812 219.7935791015625 -1.3573668003082275
550.8563232421875 215.88433837890625 -1.3573668003082275
551.7035522460938 211.97509765625 -1.3573668003082275
552.55078125 208.06585693359375 -1.3573668003082275
553.3980102539062 204.1566162109375 -1.3573668003082275
554.2452392578125 200.24737548828125 -1.3573668003082275
555.0924682617188 196.338134765625 -1.3573668003082275
555.939697265625 192.42889404296875 -1.3573668003082275
556.7869262695312 188.51966857910156 -1.357367992401123
556.7869873046875 188.51321411132812 -1.7567180395126343
556.047607421875 184.5821533203125 -1.7567180395126343
555.3082275390625 180.65109252929688 -1.7567180395126343
554.56884765625 176.72003173828125 -1.7567180395126343
553.8294677734375 172.78897094726562 -1.7567180395126343
553.090087890625 168.85791015625 -1.7567180395126343
552.3507080078125 164.92684936523438 -1.7567180395126343
551.611328125 160.99578857421875 -1.7567180395126343
550.8719482421875 157.06472778320312 -1.7567180395126343
550.132568359375 153.1336669921875 -1.7567180395126343
549.3931884765625 149.20260620117188 -1.7567180395126343
548.65380859375 145.27154541015625 -1.7567180395126343
547.9144287109375 141.34048461914062 -1.7567180395126343
547.175048828125 137.409423828125 -1.7567180395126343
546.4356689453125 133.47836303710938 -1.7567180395126343
545.6962890625 129.54730224609375 -1.7567180395126343
544.9569091796875 125.6162338256836 -1.7567180395126343
544.217529296875 121.68516540527344 -1.7567180395126343
543.4781494140625 117.75409698486328 -1.7567180395126343
542.73876953125 113.82302856445312 -1.7567180395126343
541.9993896484375 109.89196014404297 -1.7567180395126343
541.260009765625 105.96089172363281 -1.7567180395126343
540.5206298828125 102.02982330322266 -1.7567180395126343
539.78125 98.0987548828125 -1.7567180395126343
539.0418701171875 94.16768646240234 -1.7567180395126343
538.302490234375 90.23661804199219 -1.7567180395126343
537.5631103515625 86.30554962158203 -1.7567180395126343
536.82373046875 82.37448120117188 -1.7567180395126343
536.0843505859375 78.44341278076172 -1.7567180395126343
535.344970703125 74.51234436035156 -1.7567180395126343
534.6055908203125 70.5812759399414 -1.7567180395126343
534.6041870117188 70.57775115966797 -2.15633487701416
534.599609375 70.57318115234375 -2.5556843280792236
531.2667846679688 68.36135864257812 -2.5556843280792236
527.9339599609375 66.1495361328125 -2.5556843280792236
524.6011352539062 63.93770980834961 -2.5556843280792236
521.268310546875 61.72588348388672 -2.5556843280792236
517.9354858398438 59.51405715942383 -2.5556843280792236
514.6026611328125 57.30223083496094 -2.5556843280792236
511.2698059082031 55.09040451049805 -2.5556843280792236
511.2638244628906 55.08797073364258 -2.9550344944000244
507.3332214355469 54.3460578918457 -2.9550344944000244
503.4026184082031 53.60414505004883 -2.9550344944000244
499.4720153808594 52.86223220825195 -2.9550344944000244
495.5414123535156 52.12031936645508 -2.9550344944000244
491.6108093261719 51.3784065246582 -2.9550344944000244
487.6802062988281 50.63649368286133 -2.9550344944000244
483.7496032714844 49.89458084106445 -2.9550344944000244
479.8190002441406 49.15266799926758 -2.9550344944000244
475.8883972167969 48.4107551574707 -2.9550344944000244
471.9577941894531 47.66884231567383 -2.9550344944000244
468.0271911621094 46.92692947387695 -2.9550344944000244
464.0965881347656 46.18501663208008 -2.9550344944000244
460.1659851074219 45.4431037902832 -2.9550344944000244
456.2353820800781 44.70119094848633 -2.9550344944000244
452.3047790527344 43.95927810668945 -2.9550344944000244
448.3741760253906 43.21736526489258 -2.9550344944000244
444.4435729980469 42.4754524230957 -2.9550344944000244
440.5129699707031 41.73353958129883 -2.9550344944000244
436.5823669433594 40.99162673950195 -2.9550344944000244
432.6517639160156 40.24971389770508 -2.9550344944000244
428.7211608886719 39.5078010559082 -2.9550344944000244
424.7905578613281 38.76588821411133 -2.9550344944000244
420.8599548339844 38.02397537231445 -2.9550344944000244
416.9293518066406 37.28206253051758 -2.9550344944000244
412.9987487792969 36.5401496887207 -2.9550344944000244
409.0681457519531 35.79823684692383 -2.9550344944000244
405.1375427246094 35.05632400512695 -2.9550344944000244
405.1310729980469 35.0564079284668 2.928800582885742
401.22137451171875 35.90113830566406 2.9288077354431152
397.3116455078125 36.74584197998047 2.9288148880004883
393.40185546875 37.590545654296875 2.9288151264190674
389.49212646484375 38.435218811035156 2.9288225173950195
385.58233642578125 39.27989196777344 2.9288225173950195
381.67254638671875 40.12456512451172 2.9288225173950195
377.76275634765625 40.96923828125 2.9288225173950195
373.85296630859375 41.81391143798828 2.9288225173950195
369.94317626953125 42.65858459472656 2.9288225173950195
366.03338623046875 43.503257751464844 2.9288225173950195
362.12359619140625 44.347930908203125 2.9288225173950195
358.21380615234375 45.192604064941406 2.9288225173950195
354.30401611328125 46.03727722167969 2.9288225173950195
350.39422607421875 46.88195037841797 2.9288225173950195
346.48443603515625 47.72662353515625 2.9288225173950195
342.57464599609375 48.57129669189453 2.9288225173950195
338.66485595703125 49.41596984863281 2.9288225173950195
334.75506591796875 50.260643005371094 2.9288225173950195
330.84527587890625 51.105316162109375 2.9288225173950195
326.93548583984375 51.949989318847656 2.9288225173950195
323.02569580078125 52.79466247558594 2.9288225173950195
319.11590576171875 53.63933563232422 2.9288225173950195
315.20611572265625 54.4840087890625 2.9288225173950195
311.29632568359375 55.32868194580078 2.9288225173950195
307.38653564453125 56.17335510253906 2.9288225173950195
303.47674560546875 57.018028259277344 2.9288225173950195
299.56695556640625 57.862701416015625 2.9288225173950195
295.65716552734375 58.707374572753906 2.9288225173950195
291.74737548828125 59.55204772949219 2.9288225173950195
287.83758544921875 60.39672088623047 2.9288225173950195
283.92779541015625 61.24139404296875 2.9288225173950195
280.01800537109375 62.08606719970703 2.9288225173950195
276.10821533203125 62.93074035644531 2.9288225173950195
272.19842529296875 63.775413513183594 2.9288225173950195
268.28863525390625 64.62008666992188 2.9288225173950195
264.37884521484375 65.46475982666016 2.9288225173950195
260.46905517578125 66.30943298339844 2.9288225173950195
256.55926513671875 67.15410614013672 2.9288225173950195
252.6494598388672 67.998779296875 2.9288225173950195
248.73965454101562 68.84345245361328 2.9288225173950195
244.82984924316406 69.68812561035156 2.9288225173950195
240.9200439453125 70.53279876708984 2.9288225173950195
237.01023864746094 71.37747192382812 2.9288225173950195
233.10043334960938 72.2221450805664 2.9288225173950195
229.1906280517578 73.06681823730469 2.9288225173950195
225.28082275390625 73.91149139404297 2.9288225173950195
221.3710174560547 74.75616455078125 2.9288225173950195
217.46121215820312 75.60083770751953 2.9288225173950195
213.55140686035156 76.44551086425781 2.9288225173950195
209.6416015625 77.2901840209961 2.9288225173950195
205.73179626464844 78.13485717773438 2.9288225173950195
201.82199096679688 78.97953033447266 2.9288225173950195
197.9121856689453 79.82420349121094 2.9288225173950195
194.00238037109375 80.66887664794922 2.9288225173950195
190.0925750732422 81.5135498046875 2.9288225173950195
186.18276977539062 82.35822296142578 2.9288225173950195
182.27296447753906 83.20289611816406 2.9288225173950195
178.3631591796875 84.04756927490234 2.9288225173950195
174.45335388183594 84.89224243164062 2.9288225173950195
170.54354858398438 85.7369155883789 2.9288225173950195
166.6337432861328 86.58158874511719 2.9288225173950195
162.72393798828125 87.42626190185547 2.9288225173950195
158.8141326904297 88.27093505859375 2.9288225173950195
154.90432739257812 89.11560821533203 2.9288225173950195
150.99452209472656 89.96028137207031 2.9288225173950195
147.084716796875 90.8049545288086 2.9288225173950195
143.17491149902344 91.64962768554688 2.9288225173950195
139.26510620117188 92.49430084228516 2.9288225173950195
135.3553009033203 93.33897399902344 2.9288225173950195
131.44549560546875 94.18364715576172 2.9288225173950195
127.53569793701172 95.0283203125 2.9288225173950195
123.62590026855469 95.87299346923828 2.9288225173950195
119.71610260009766 96.71766662597656 2.9288225173950195
115.80630493164062 97.56233978271484 2.9288225173950195
111.8965072631836 98.40701293945312 2.9288225173950195
107.98670959472656 99.2516860961914 2.9288225173950195
104.07691192626953 100.09635925292969 2.9288225173950195
100.1671142578125 100.94103240966797 2.9288225173950195
96.25731658935547 101.78570556640625 2.9288225173950195
92.34751892089844 102.63037872314453 2.9288225173950195
88.4377212524414 103.47505187988281 2.9288225173950195
84.52792358398438 104.3197250366211 2.9288225173950195
80.61812591552734 105.16439819335938 2.9288225173950195
76.70832824707031 106.00907135009766 2.9288225173950195
72.79853057861328 106.85374450683594 2.9288225173950195
68.88873291015625 107.69841766357422 2.9288225173950195
64.97893524169922 108.5430908203125 2.9288225173950195
61.06913757324219 109.38776397705078 2.9288225173950195
57.159339904785156 110.23243713378906 2.9288225173950195
53.249542236328125 111.07711029052734 2.9288225173950195
49.339744567871094 111.92178344726562 2.9288225173950195
45.42994689941406 112.7664566040039 2.9288225173950195
41.52014923095703 113.61112976074219 2.9288225173950195
37.6103515625 114.45580291748047 2.9288225173950195
33.70055389404297 115.30047607421875 2.9288225173950195
33.70055389404297 115.30047607421875 2.9288225173950195
33.70055389404297 115.30047607421875 2.9288225173950195
33.70055389404297 115.30047607421875 2.9288225173950195
33.70055389404297 115.30047607421875 2.9288225173950195
33.70055389404297 115.30047607421875 2.9288225173950195
33.70055389404297 115.30047607421875 2.9288225173950195
33.70055389404297 115.30047607421875 2.9288225173950195
33.70055389404297 115.30047607421875 2.9288225173950195
33.70055389404297 115.30047607421875 2.9288225173950195
33.70055389404297 115.30047607421875 2.9288225173950195
