-392.1619132813203
-394.1411867303504
-395.9273773520995
-397.5111669725687
-398.88444448833826
-400.04021268405967
-400.97265678948156
-401.6770706562503
-402.14997536740856
-402.389003577337
-402.3929809712632
-402.1618635101232
-401.6968096432294
-401.00013944027876
-400.075308429209
-398.9269808777549
-397.56093140505357
-395.9841064541983
-394.20460807842994
-396.56045316465355
-394.5570005575873
-392.37223281148454
-390.0178484219848
-387.5066949116885
-384.2634907751116
-381.03467319283783
-377.8206110032586
-374.621683987704
-371.43828178969534
-368.27080834627327
-365.1196782113947
-361.98531819730727
-359.42550753677085
-356.1249763138611
-352.83891771739843
-356.11886177182413
-352.8308591029161
-356.112747341138
-352.82283028614535
-356.10662974422513
-352.81476836862515
-356.10048245302323
-352.8067064858545
-356.09390070641973
-352.7980696286019
-356.08734233501553
-352.7894625730918
-356.08081389414167
-352.7808819454415
-356.0742790208703
-352.77233111880105
-356.0677707972905
-352.7637769567956
-356.0612594178216
-352.7552492210759
-356.0535906399561
-352.7452048727196
-356.0459983224138
-352.7353026370581
-356.03850898356126
-352.72548298807607
-356.03103648629946
-352.71574592400526
-356.0236437149411
-352.7060650564012
-356.0162975804888
-352.6964965323657
-356.0089980784367
-352.68698082683477
-356.0017484863482
-352.6775179383442
-355.9945488007054
-352.66814437822984
-355.987399018018
-352.6588202569284
-349.3443269064569
-350.14753555382237
-346.31122450863376
-342.47865920902774
-338.64996682894764
-334.82528022772004
-331.0047382630424
-327.1884861242661
-323.3766756874758
-319.5694658939848
-315.76702315400274
-311.9695217773753
-308.17714443345403
-304.39008264232535
-300.60853729981676
-296.83271923889885
-293.06284983032657
-289.2991616256018
-285.5418990456035
-281.7913191185156
-278.04769227099615
-274.3113031768651
-270.5824516679591
-266.86145371219646
-263.14864246433063
-259.44436939533574
-255.7490055068772
-252.06294263786566
-248.38659487068372
-244.72040004530956
-241.06482139024243
-237.42034927986398
-233.78750312864392
-230.16683343342225
-226.55892397586496
-222.9643941980978
-219.38390176546162
-215.81814533129653
-212.26788141465872
-208.73388581933972
-205.21699900632316
-201.7181158350134
-198.2381895948434
-196.1272388471561
-193.10914337516314
-190.02262530688887
-186.88550375824516
-183.71668088582453
-180.53632689049826
-177.36569432346383
-174.2271326428827
-171.14401249343658
-168.14060828549157
-165.24191176912987
-162.4678421772017
-159.12493735244502
-155.78661583121504
-152.4801415788827
-149.20763183812056
-145.97137096230423
-142.77382393681145
-140.34346439353277
-137.44168132681037
-134.59622405356717
-131.81074041439675
-129.08911279918527
-126.43546493585552
-123.8541664191681
-121.34983428420449
-118.92733082768092
-116.5917567856549
-114.34843889843803
-112.2029108456202
-110.16088653204658
-108.22822476784214
-106.4108845318304
-104.714870256666
-103.14616694027033
-101.71066537805024
-100.41407841730742
-99.26184983529419
-98.39712207763775
-98.39712207763775
-98.27629123224183
-98.14604274292718
-98.1571984958039
-98.11340815357723
-96.80765233656146
-95.64742843655192
-94.63810461889123
-94.63810461889123
-94.63810461889123
-94.63810461889123
-94.63810461889123
-94.63810461889123
-94.63810461889123
-94.63810461889123
-94.63810461889123
-94.63810461889123
-94.63810461889123
