62.34161376953125 452.1582336425781 0.7039375305175781
64.85108184814453 454.1187744140625 0.6224768757820129
67.51175689697266 455.8686218261719 0.5410162210464478
70.30599212646484 457.3961486816406 0.45955559611320496
73.21525573730469 458.6912536621094 0.37809497117996216
76.22026062011719 459.7453308105469 0.29663434624671936
79.30107116699219 460.5513916015625 0.21517372131347656
82.437255859375 461.1040954589844 0.13371309638023376
85.6080093383789 461.3997802734375 0.05225246399641037
88.79231262207031 461.43646240234375 -0.029208168387413025
91.96903991699219 461.21392822265625 -0.11066880077123642
95.11712646484375 460.733642578125 -0.19212943315505981
98.21569061279297 459.998779296875 -0.2735900580883026
101.24418640136719 459.01422119140625 -0.3550506830215454
104.18252563476562 457.7864990234375 -0.4365113079547882
107.01121520996094 456.3237609863281 -0.517971932888031
109.71150207519531 454.63568115234375 -0.5994325876235962
112.26547241210938 452.7334899902344 -0.6808932423591614
114.65619659423828 450.6297912597656 -0.7623538970947266
111.77200317382812 453.3868103027344 -0.7633594274520874
113.98130798339844 451.09332275390625 -0.8448203802108765
115.99666595458984 448.627685546875 -0.9262810349464417
117.8047103881836 446.0062255859375 -1.0077416896820068
119.9397964477539 442.62371826171875 -1.0077416896820068
122.07488250732422 439.2412109375 -1.0077416896820068
124.20996856689453 435.85870361328125 -1.0077416896820068
126.34505462646484 432.4761962890625 -1.0077416896820068
127.93379211425781 429.71630859375 -1.0892022848129272
129.78656005859375 426.1712646484375 -1.0892022848129272
131.6393280029297 422.626220703125 -1.0892022848129272
133.49209594726562 419.0811767578125 -1.0892022848129272
135.34486389160156 415.5361328125 -1.0892022848129272
133.49594116210938 419.0763854980469 -1.0898030996322632
135.34658813476562 415.5302429199219 -1.0898030996322632
133.49978637695312 419.0716247558594 -1.0904039144515991
135.34829711914062 415.5243835449219 -1.0904039144515991
133.50363159179688 419.0668640136719 -1.091004729270935
135.35000610351562 415.51849365234375 -1.091004729270935
133.50746154785156 419.06207275390625 -1.091605544090271
135.35169982910156 415.5126037597656 -1.091605544090271
133.51129150390625 419.05731201171875 -1.092206358909607
135.35340881347656 415.5067443847656 -1.092206358909607
133.51513671875 419.05255126953125 -1.0928071737289429
135.35511779785156 415.5008544921875 -1.0928071737289429
133.5189666748047 419.0477600097656 -1.0934079885482788
135.3568115234375 415.4949645996094 -1.0934079885482788
133.52279663085938 419.04296875 -1.0940088033676147
135.35850524902344 415.48907470703125 -1.0940088033676147
133.52662658691406 419.0381774902344 -1.0946096181869507
135.36019897460938 415.4831848144531 -1.0946096181869507
133.5304412841797 419.03338623046875 -1.0952104330062866
135.36187744140625 415.477294921875 -1.0952104330062866
133.5342559814453 419.0285949707031 -1.0958112478256226
135.36355590820312 415.4714050292969 -1.0958112478256226
133.53807067871094 419.0238037109375 -1.0964120626449585
135.365234375 415.46551513671875 -1.0964120626449585
133.54188537597656 419.0190124511719 -1.0970128774642944
135.36691284179688 415.4596252441406 -1.0970128774642944
133.5457000732422 419.01422119140625 -1.0976136922836304
135.36859130859375 415.4537353515625 -1.0976136922836304
133.5495147705078 419.0094299316406 -1.0982145071029663
135.37025451660156 415.4478454589844 -1.0982145071029663
133.55331420898438 419.004638671875 -1.0988153219223022
135.37191772460938 415.44195556640625 -1.0988153219223022
133.55711364746094 418.99981689453125 -1.0994161367416382
135.3735809326172 415.43603515625 -1.0994161367416382
133.5609130859375 418.9949951171875 -1.1000169515609741
135.375244140625 415.4301452636719 -1.1000169515609741
133.56471252441406 418.9902038574219 -1.10061776638031
135.37689208984375 415.42425537109375 -1.10061776638031
133.56849670410156 418.9853820800781 -1.101218581199646
135.3785400390625 415.4183349609375 -1.101218581199646
133.57229614257812 418.9805603027344 -1.101819396018982
135.38018798828125 415.4124450683594 -1.101819396018982
133.57608032226562 418.9757385253906 -1.1024202108383179
135.3818359375 415.4065246582031 -1.1024202108383179
133.57986450195312 418.9709167480469 -1.1030210256576538
135.3834686279297 415.400634765625 -1.1030210256576538
133.58364868164062 418.9660949707031 -1.1036218404769897
135.38511657714844 415.39471435546875 -1.1036218404769897
133.58743286132812 418.9612731933594 -1.1042226552963257
135.38674926757812 415.3888244628906 -1.1042226552963257
133.59120178222656 418.9564514160156 -1.1048234701156616
135.38836669921875 415.3829040527344 -1.1048234701156616
133.594970703125 418.9516296386719 -1.1054242849349976
135.38999938964844 415.37701416015625 -1.1054242849349976
133.59873962402344 418.9468078613281 -1.1060250997543335
135.39161682128906 415.3711242675781 -1.1060250997543335
133.60250854492188 418.9419860839844 -1.1066259145736694
135.3932342529297 415.3652038574219 -1.1066259145736694
133.6062774658203 418.9371337890625 -1.1072267293930054
135.3948516845703 415.3592834472656 -1.1072267293930054
133.6100311279297 418.9322814941406 -1.1078275442123413
135.39645385742188 415.3533630371094 -1.1078275442123413
133.61378479003906 418.9274597167969 -1.1084283590316772
135.39805603027344 415.34747314453125 -1.1084283590316772
133.61753845214844 418.9226379394531 -1.1090291738510132
135.399658203125 415.3415832519531 -1.1090291738510132
133.6212921142578 418.9178161621094 -1.1096299886703491
135.40126037597656 415.335693359375 -1.1096299886703491
133.62503051757812 418.9129943847656 -1.110230803489685
135.40284729003906 415.3298034667969 -1.110230803489685
137.1806640625 411.7466125488281 -1.110230803489685
135.40658569335938 415.3249816894531 -1.110831618309021
137.1822509765625 411.74072265625 -1.110831618309021
135.4103240966797 415.32012939453125 -1.111432433128357
137.183837890625 411.73480224609375 -1.111432433128357
135.4140625 415.3152770996094 -1.1120332479476929
137.1854248046875 411.7288818359375 -1.1120332479476929
135.4178009033203 415.3104248046875 -1.1126340627670288
137.18699645996094 411.72296142578125 -1.1126340627670288
135.42152404785156 415.3055725097656 -1.1132348775863647
137.18856811523438 411.717041015625 -1.1132348775863647
135.4252471923828 415.30072021484375 -1.1138356924057007
137.1901397705078 411.71112060546875 -1.1138356924057007
135.42897033691406 415.29583740234375 -1.1144365072250366
137.19171142578125 411.7052001953125 -1.1144365072250366
135.43270874023438 415.2909851074219 -1.1150373220443726
137.1932830810547 411.69927978515625 -1.1150373220443726
135.43643188476562 415.2861328125 -1.1156381368637085
137.19485473632812 411.693359375 -1.1156381368637085
135.44015502929688 415.28125 -1.1162389516830444
137.1964111328125 411.68743896484375 -1.1162389516830444
135.44386291503906 415.2763977050781 -1.1168397665023804
137.19796752929688 411.6815185546875 -1.1168397665023804
135.4475860595703 415.2715148925781 -1.1174405813217163
137.19952392578125 411.67559814453125 -1.1174405813217163
135.4512939453125 415.26666259765625 -1.1180413961410522
137.20106506347656 411.669677734375 -1.1180413961410522
135.4550018310547 415.26177978515625 -1.1186422109603882
137.20262145996094 411.66375732421875 -1.1186422109603882
135.45870971679688 415.25689697265625 -1.1192430257797241
137.20416259765625 411.6578063964844 -1.1192430257797241
135.46240234375 415.25201416015625 -1.11984384059906
137.2056884765625 411.6518859863281 -1.11984384059906
135.46609497070312 415.24713134765625 -1.120444655418396
137.2072296142578 411.6459655761719 -1.120444655418396
135.4698028564453 415.24224853515625 -1.121045470237732
137.20877075195312 411.6400146484375 -1.121045470237732
135.47349548339844 415.2373352050781 -1.1216462850570679
137.21029663085938 411.6340637207031 -1.1216462850570679
135.47718811035156 415.2324523925781 -1.1222470998764038
137.21182250976562 411.6281433105469 -1.1222470998764038
135.4808807373047 415.2275695800781 -1.1228479146957397
137.21334838867188 411.6222229003906 -1.1228479146957397
135.48455810546875 415.2226867675781 -1.1234487295150757
137.21485900878906 411.6163024902344 -1.1234487295150757
135.4882354736328 415.2178039550781 -1.1240495443344116
137.21636962890625 411.6103820800781 -1.1240495443344116
135.49191284179688 415.2129211425781 -1.1246503591537476
137.21788024902344 411.6044616699219 -1.1246503591537476
135.49559020996094 415.2080383300781 -1.1252511739730835
137.21939086914062 411.5985412597656 -1.1252511739730835
135.499267578125 415.203125 -1.1258519887924194
137.2209014892578 411.59259033203125 -1.1258519887924194
135.50294494628906 415.1982116699219 -1.1264528036117554
137.222412109375 411.5866394042969 -1.1264528036117554
135.50662231445312 415.19329833984375 -1.1270536184310913
137.22390747070312 411.5806884765625 -1.1270536184310913
135.51028442382812 415.1883850097656 -1.1276544332504272
137.22540283203125 411.5747375488281 -1.1276544332504272
135.51394653320312 415.1834716796875 -1.1282552480697632
137.22689819335938 411.5688171386719 -1.1282552480697632
135.51760864257812 415.1785583496094 -1.1288560628890991
137.22837829589844 411.5628662109375 -1.1288560628890991
135.52125549316406 415.17364501953125 -1.129456877708435
137.2298583984375 411.5569152832031 -1.129456877708435
135.52490234375 415.168701171875 -1.130057692527771
137.23133850097656 411.55096435546875 -1.130057692527771
135.52854919433594 415.1637878417969 -1.130658507347107
137.23280334472656 411.5450134277344 -1.130658507347107
135.53219604492188 415.15887451171875 -1.1312593221664429
137.23428344726562 411.5390930175781 -1.1312593221664429
135.5358428955078 415.1539611816406 -1.1318601369857788
137.23574829101562 411.53314208984375 -1.1318601369857788
135.5394744873047 415.1490173339844 -1.1324609518051147
137.23721313476562 411.5271911621094 -1.1324609518051147
135.54312133789062 415.14410400390625 -1.1330617666244507
137.23867797851562 411.521240234375 -1.1330617666244507
135.5467529296875 415.13916015625 -1.1336625814437866
137.24012756347656 411.5152893066406 -1.1336625814437866
135.55038452148438 415.13421630859375 -1.1342633962631226
137.2415771484375 411.50933837890625 -1.1342633962631226
135.5540008544922 415.1293029785156 -1.1348642110824585
137.24302673339844 411.5033874511719 -1.1348642110824585
135.55763244628906 415.1243591308594 -1.1354650259017944
137.24447631835938 411.4974365234375 -1.1354650259017944
135.56124877929688 415.1194152832031 -1.1360658407211304
137.24591064453125 411.4914855957031 -1.1360658407211304
135.5648651123047 415.1144714355469 -1.1366666555404663
137.24734497070312 411.48553466796875 -1.1366666555404663
135.5684814453125 415.1095275878906 -1.1372674703598022
137.248779296875 411.4795837402344 -1.1372674703598022
135.57208251953125 415.1045837402344 -1.1378682851791382
137.2501983642578 411.4736328125 -1.1378682851791382
135.57568359375 415.0996398925781 -1.1384690999984741
137.25161743164062 411.4676818847656 -1.1384690999984741
135.57928466796875 415.0946960449219 -1.13906991481781
137.25303649902344 411.46173095703125 -1.13906991481781
135.5828857421875 415.0897521972656 -1.139670729637146
137.25445556640625 411.4557800292969 -1.139670729637146
135.58648681640625 415.0848083496094 -1.140271544456482
137.25587463378906 411.4498291015625 -1.140271544456482
135.590087890625 415.0798645019531 -1.1408723592758179
137.25729370117188 411.4438781738281 -1.1408723592758179
135.59368896484375 415.0749206542969 -1.1414731740951538
137.2587127685547 411.43792724609375 -1.1414731740951538
135.5972900390625 415.0699462890625 -1.1420739889144897
137.2601318359375 411.43194580078125 -1.1420739889144897
135.60089111328125 415.0649719238281 -1.1426748037338257
137.26153564453125 411.4259948730469 -1.1426748037338257
135.60447692871094 415.0600280761719 -1.1432756185531616
137.262939453125 411.4200439453125 -1.1432756185531616
135.60806274414062 415.0550537109375 -1.1438764333724976
137.26434326171875 411.4140625 -1.1438764333724976
135.6116485595703 415.0500793457031 -1.1444772481918335
137.26573181152344 411.4081115722656 -1.1444772481918335
135.61521911621094 415.04510498046875 -1.1450780630111694
137.26712036132812 411.4021301269531 -1.1450780630111694
135.61878967285156 415.0401306152344 -1.1456788778305054
137.26849365234375 411.39617919921875 -1.1456788778305054
135.6223602294922 415.03515625 -1.1462796926498413
137.26988220214844 411.39019775390625 -1.1462796926498413
135.6259307861328 415.0301818847656 -1.1468805074691772
137.27125549316406 411.3842468261719 -1.1468805074691772
135.62948608398438 415.02520751953125 -1.1474813222885132
137.2726287841797 411.3782653808594 -1.1474813222885132
135.633056640625 415.02020263671875 -1.1480821371078491
137.2740020751953 411.3722839355469 -1.1480821371078491
135.63661193847656 415.01519775390625 -1.148682951927185
137.27537536621094 411.3663024902344 -1.148682951927185
135.64016723632812 415.0102233886719 -1.149283766746521
137.2767333984375 411.3603515625 -1.149283766746521
135.6437225341797 415.0052490234375 -1.149884581565857
137.27809143066406 411.3543701171875 -1.149884581565857
135.64727783203125 415.000244140625 -1.1504853963851929
137.27944946289062 411.348388671875 -1.1504853963851929
135.65081787109375 414.9952392578125 -1.1510862112045288
137.2808074951172 411.3424072265625 -1.1510862112045288
135.6543731689453 414.990234375 -1.1516870260238647
137.28216552734375 411.33642578125 -1.1516870260238647
135.6579132080078 414.9852294921875 -1.1522878408432007
137.28350830078125 411.3304443359375 -1.1522878408432007
135.6614532470703 414.980224609375 -1.1528886556625366
137.28485107421875 411.324462890625 -1.1528886556625366
135.6649932861328 414.9752197265625 -1.1534894704818726
137.28619384765625 411.3184814453125 -1.1534894704818726
135.6685333251953 414.97021484375 -1.1540902853012085
137.28753662109375 411.3125 -1.1540902853012085
135.67205810546875 414.9652099609375 -1.1546911001205444
137.2888641357422 411.3065185546875 -1.1546911001205444
135.6755828857422 414.9601745605469 -1.1552919149398804
137.29019165039062 411.300537109375 -1.1552919149398804
135.67910766601562 414.9551696777344 -1.1558927297592163
137.29151916503906 411.2945556640625 -1.1558927297592163
135.68263244628906 414.9501647949219 -1.1564935445785522
137.2928466796875 411.28857421875 -1.1564935445785522
135.6861572265625 414.9451599121094 -1.1570943593978882
137.29415893554688 411.2825927734375 -1.1570943593978882
135.68966674804688 414.94012451171875 -1.1576951742172241
137.29547119140625 411.276611328125 -1.1576951742172241
135.69317626953125 414.93511962890625 -1.15829598903656
137.29678344726562 411.2706298828125 -1.15829598903656
135.69668579101562 414.9300842285156 -1.158896803855896
137.298095703125 411.2646484375 -1.158896803855896
135.7001953125 414.9250793457031 -1.159497618675232
137.2993927001953 411.2586669921875 -1.159497618675232
135.7036895751953 414.9200439453125 -1.1600984334945679
137.30068969726562 411.252685546875 -1.1600984334945679
135.7071990966797 414.9150390625 -1.1606992483139038
137.30198669433594 411.2467041015625 -1.1606992483139038
135.710693359375 414.9100036621094 -1.1613000631332397
137.30328369140625 411.24072265625 -1.1613000631332397
135.7141876220703 414.90496826171875 -1.1619008779525757
137.3045654296875 411.2347412109375 -1.1619008779525757
135.71766662597656 414.8999328613281 -1.1625016927719116
137.30584716796875 411.2287292480469 -1.1625016927719116
138.89402770996094 407.5575256347656 -1.1625016927719116
137.30934143066406 411.22369384765625 -1.1631025075912476
138.8953094482422 407.5515441894531 -1.1631025075912476
137.3128204345703 411.2186584472656 -1.1637033224105835
138.89659118652344 407.5455627441406 -1.1637033224105835
137.31629943847656 411.213623046875 -1.1643041372299194
138.89785766601562 407.5395812988281 -1.1643041372299194
137.3197784423828 411.2085876464844 -1.1649049520492554
138.8991241455078 407.5335693359375 -1.1649049520492554
137.3232421875 411.2035217285156 -1.1655057668685913
138.900390625 407.5275573730469 -1.1655057668685913
137.32672119140625 411.1984558105469 -1.1661065816879272
138.9016571044922 407.52154541015625 -1.1661065816879272
137.33018493652344 411.1933898925781 -1.1667073965072632
138.9029083251953 407.5155334472656 -1.1667073965072632
137.33364868164062 411.1883239746094 -1.1673082113265991
138.90415954589844 407.509521484375 -1.1673082113265991
137.3371124267578 411.1832580566406 -1.167909026145935
138.90541076660156 407.5035400390625 -1.167909026145935
137.34056091308594 411.17822265625 -1.168509840965271
138.90664672851562 407.49755859375 -1.168509840965271
137.34400939941406 411.1731872558594 -1.169110655784607
138.90789794921875 407.4915771484375 -1.169110655784607
137.34747314453125 411.1681213378906 -1.1697114706039429
138.90914916992188 407.4855651855469 -1.1697114706039429
137.35093688964844 411.1630554199219 -1.1703122854232788
138.910400390625 407.47955322265625 -1.1703122854232788
137.35438537597656 411.1579895019531 -1.1709131002426147
138.91162109375 407.47357177734375 -1.1709131002426147
137.35781860351562 411.1529235839844 -1.1715139150619507
138.912841796875 407.4675598144531 -1.1715139150619507
137.3612518310547 411.1478576660156 -1.1721147298812866
138.9140625 407.4615783691406 -1.1721147298812866
137.36468505859375 411.1427917480469 -1.1727155447006226
138.915283203125 407.45556640625 -1.1727155447006226
137.3681182861328 411.1377258300781 -1.1733163595199585
138.91650390625 407.4495544433594 -1.1733163595199585
137.37155151367188 411.13262939453125 -1.1739171743392944
138.917724609375 407.44354248046875 -1.1739171743392944
137.37498474121094 411.1275634765625 -1.1745179891586304
138.91893005371094 407.43756103515625 -1.1745179891586304
137.37840270996094 411.12249755859375 -1.1751188039779663
138.92013549804688 407.4315490722656 -1.1751188039779663
137.38182067871094 411.1174011230469 -1.1757196187973022
138.9213409423828 407.425537109375 -1.1757196187973022
137.38523864746094 411.1123352050781 -1.1763204336166382
138.9225311279297 407.4195556640625 -1.1763204336166382
137.38865661621094 411.1072692871094 -1.1769212484359741
138.92373657226562 407.4135437011719 -1.1769212484359741
137.39207458496094 411.1021728515625 -1.17752206325531
138.9249267578125 407.40753173828125 -1.17752206325531
137.39547729492188 411.0970764160156 -1.178122878074646
138.92611694335938 407.4015197753906 -1.178122878074646
137.3988800048828 411.09197998046875 -1.178723692893982
138.9272918701172 407.3955078125 -1.178723692893982
137.40228271484375 411.0868835449219 -1.1793245077133179
138.92848205566406 407.3894958496094 -1.1793245077133179
137.4056854248047 411.081787109375 -1.1799253225326538
138.92965698242188 407.38348388671875 -1.1799253225326538
140.45362854003906 403.6851806640625 -1.1799253225326538
138.93304443359375 407.3783874511719 -1.1805261373519897
140.45480346679688 403.6791687011719 -1.1805261373519897
138.9364471435547 407.373291015625 -1.1811269521713257
140.4559783935547 403.67315673828125 -1.1811269521713257
138.93983459472656 407.3681945800781 -1.1817277669906616
140.45713806152344 403.6671447753906 -1.1817277669906616
138.94322204589844 407.36309814453125 -1.1823285818099976
140.4582977294922 403.6611328125 -1.1823285818099976
138.94659423828125 407.3580017089844 -1.1829293966293335
140.45945739746094 403.6551208496094 -1.1829293966293335
138.94998168945312 407.3528747558594 -1.1835302114486694
140.4606170654297 403.64910888671875 -1.1835302114486694
138.953369140625 407.3477783203125 -1.1841310262680054
140.46177673339844 403.6430969238281 -1.1841310262680054
138.9567413330078 407.3426818847656 -1.1847318410873413
140.46292114257812 403.6370849609375 -1.1847318410873413
138.96011352539062 407.3375549316406 -1.1853326559066772
140.4640655517578 403.6310729980469 -1.1853326559066772
138.96348571777344 407.33245849609375 -1.1859334707260132
140.4652099609375 403.62506103515625 -1.1859334707260132
138.9668426513672 407.32733154296875 -1.1865342855453491
140.46633911132812 403.6190185546875 -1.1865342855453491
138.97019958496094 407.32220458984375 -1.187135100364685
140.46746826171875 403.6130065917969 -1.187135100364685
138.9735565185547 407.31707763671875 -1.187735915184021
140.46859741210938 403.6069641113281 -1.187735915184021
138.97691345214844 407.31195068359375 -1.188336730003357
140.4697265625 403.6009521484375 -1.188336730003357
138.9802703857422 407.30682373046875 -1.1889375448226929
140.47085571289062 403.5949401855469 -1.1889375448226929
138.98362731933594 407.30169677734375 -1.1895383596420288
140.47198486328125 403.5888977050781 -1.1895383596420288
138.9869842529297 407.29656982421875 -1.1901391744613647
140.47311401367188 403.5828857421875 -1.1901391744613647
138.99034118652344 407.29144287109375 -1.1907399892807007
140.47422790527344 403.5768737792969 -1.1907399892807007
138.99368286132812 407.28631591796875 -1.1913408041000366
140.475341796875 403.57086181640625 -1.1913408041000366
138.9970245361328 407.28118896484375 -1.1919416189193726
140.47645568847656 403.5648193359375 -1.1919416189193726
139.0003662109375 407.2760314941406 -1.1925424337387085
140.47755432128906 403.55877685546875 -1.1925424337387085
139.00369262695312 407.2708740234375 -1.1931432485580444
140.47865295410156 403.552734375 -1.1931432485580444
139.00701904296875 407.2657165527344 -1.1937440633773804
140.47975158691406 403.54669189453125 -1.1937440633773804
139.01036071777344 407.26055908203125 -1.1943448781967163
140.48085021972656 403.5406494140625 -1.1943448781967163
139.01368713378906 407.2554016113281 -1.1949456930160522
140.48194885253906 403.53460693359375 -1.1949456930160522
139.0170135498047 407.250244140625 -1.1955465078353882
140.4830322265625 403.528564453125 -1.1955465078353882
139.02032470703125 407.2450866699219 -1.1961473226547241
140.48411560058594 403.5225524902344 -1.1961473226547241
139.02365112304688 407.23992919921875 -1.19674813747406
140.48519897460938 403.5165100097656 -1.19674813747406
139.02696228027344 407.2347717285156 -1.197348952293396
140.48626708984375 403.5104675292969 -1.197348952293396
139.0302734375 407.2296142578125 -1.197949767112732
140.4873504638672 403.5044250488281 -1.197949767112732
139.03358459472656 407.2244567871094 -1.1985505819320679
140.48841857910156 403.4984130859375 -1.1985505819320679
139.03689575195312 407.21929931640625 -1.1991513967514038
140.48948669433594 403.49237060546875 -1.1991513967514038
139.04019165039062 407.2141418457031 -1.1997522115707397
140.49053955078125 403.4863586425781 -1.1997522115707397
139.04348754882812 407.208984375 -1.2003530263900757
140.49160766601562 403.4803161621094 -1.2003530263900757
139.04678344726562 407.2038269042969 -1.2009538412094116
140.49266052246094 403.47430419921875 -1.2009538412094116
139.05007934570312 407.19866943359375 -1.2015546560287476
140.49371337890625 403.46826171875 -1.2015546560287476
139.05337524414062 407.1934814453125 -1.2021554708480835
140.49476623535156 403.46221923828125 -1.2021554708480835
139.05665588378906 407.1883239746094 -1.2027562856674194
140.4958038330078 403.4561767578125 -1.2027562856674194
139.0599365234375 407.1831359863281 -1.2033571004867554
140.49684143066406 403.45013427734375 -1.2033571004867554
139.06321716308594 407.1779479980469 -1.2039579153060913
140.4978790283203 403.444091796875 -1.2039579153060913
139.06649780273438 407.17279052734375 -1.2045587301254272
140.49891662597656 403.4380798339844 -1.2045587301254272
139.06976318359375 407.1676330566406 -1.2051595449447632
140.49993896484375 403.4320373535156 -1.2051595449447632
139.07302856445312 407.1624450683594 -1.2057603597640991
140.50096130371094 403.4259948730469 -1.2057603597640991
139.0762939453125 407.1572570800781 -1.206361174583435
140.50198364257812 403.4199523925781 -1.206361174583435
139.07955932617188 407.1520690917969 -1.206961989402771
140.5030059814453 403.4139099121094 -1.206961989402771
139.08282470703125 407.1468811035156 -1.207562804222107
140.50401306152344 403.4078674316406 -1.207562804222107
139.08607482910156 407.1416931152344 -1.2081636190414429
140.50502014160156 403.4018249511719 -1.2081636190414429
139.08932495117188 407.1365051269531 -1.2087644338607788
140.5060272216797 403.3957824707031 -1.2087644338607788
139.0925750732422 407.1313171386719 -1.2093652486801147
140.5070343017578 403.3897399902344 -1.2093652486801147
139.0958251953125 407.1260986328125 -1.2099660634994507
140.50802612304688 403.3836975097656 -1.2099660634994507
139.09906005859375 407.12091064453125 -1.2105668783187866
140.50901794433594 403.3776550292969 -1.2105668783187866
139.10231018066406 407.11572265625 -1.2111676931381226
140.510009765625 403.3716125488281 -1.2111676931381226
139.1055450439453 407.11053466796875 -1.2117685079574585
140.51100158691406 403.3655700683594 -1.2117685079574585
139.10877990722656 407.1053161621094 -1.2123693227767944
140.51199340820312 403.3595275878906 -1.2123693227767944
139.1120147705078 407.1001281738281 -1.2129701375961304
140.51296997070312 403.3534851074219 -1.2129701375961304
139.11524963378906 407.09490966796875 -1.2135709524154663
140.51394653320312 403.347412109375 -1.2135709524154663
139.11846923828125 407.0896911621094 -1.2141717672348022
140.51492309570312 403.34136962890625 -1.2141717672348022
139.12168884277344 407.08447265625 -1.2147725820541382
140.51588439941406 403.3353271484375 -1.2147725820541382
139.12490844726562 407.07928466796875 -1.2153733968734741
140.51686096191406 403.32928466796875 -1.2153733968734741
139.1281280517578 407.0740661621094 -1.21597421169281
140.517822265625 403.3232421875 -1.21597421169281
139.13134765625 407.06884765625 -1.216575026512146
140.51878356933594 403.3171691894531 -1.216575026512146
139.13455200195312 407.0636291503906 -1.217175841331482
140.51974487304688 403.3111267089844 -1.217175841331482
139.1377716064453 407.05841064453125 -1.2177766561508179
140.5207061767578 403.3050842285156 -1.2177766561508179
139.14097595214844 407.0531921386719 -1.2183774709701538
140.5216522216797 403.2990417480469 -1.2183774709701538
139.14418029785156 407.0479736328125 -1.2189782857894897
140.52259826660156 403.29296875 -1.2189782857894897
139.14736938476562 407.042724609375 -1.2195791006088257
140.52352905273438 403.2868957519531 -1.2195791006088257
139.1505584716797 407.0374755859375 -1.2201799154281616
140.5244598388672 403.28082275390625 -1.2201799154281616
139.15374755859375 407.0322265625 -1.2207807302474976
140.525390625 403.2747497558594 -1.2207807302474976
139.15692138671875 407.0269775390625 -1.2213815450668335
140.52630615234375 403.2686767578125 -1.2213815450668335
139.16009521484375 407.021728515625 -1.2219823598861694
140.5272216796875 403.2626037597656 -1.2219823598861694
139.16326904296875 407.0164794921875 -1.2225831747055054
140.52813720703125 403.25653076171875 -1.2225831747055054
139.16644287109375 407.01123046875 -1.2231839895248413
140.529052734375 403.25048828125 -1.2231839895248413
139.16961669921875 407.0060119628906 -1.2237848043441772
140.52996826171875 403.24444580078125 -1.2237848043441772
139.17279052734375 407.0007629394531 -1.2243856191635132
140.5308837890625 403.2383728027344 -1.2243856191635132
139.17596435546875 406.9955139160156 -1.2249864339828491
140.53179931640625 403.2322998046875 -1.2249864339828491
139.1791229248047 406.9902648925781 -1.225587248802185
140.53269958496094 403.22625732421875 -1.225587248802185
139.18228149414062 406.9850158691406 -1.226188063621521
140.53359985351562 403.2201843261719 -1.226188063621521
139.18544006347656 406.9797668457031 -1.226788878440857
140.53448486328125 403.214111328125 -1.226788878440857
139.1885986328125 406.9744873046875 -1.2273896932601929
140.53538513183594 403.2080383300781 -1.2273896932601929
139.19175720214844 406.96923828125 -1.2279905080795288
140.53628540039062 403.20196533203125 -1.2279905080795288
139.19491577148438 406.9639587402344 -1.2285913228988647
140.53717041015625 403.1958923339844 -1.2285913228988647
139.19805908203125 406.9587097167969 -1.2291921377182007
140.53805541992188 403.1898498535156 -1.2291921377182007
139.20120239257812 406.9534606933594 -1.2297929525375366
140.5389404296875 403.18377685546875 -1.2297929525375366
139.204345703125 406.94818115234375 -1.2303937673568726
140.53981018066406 403.1777038574219 -1.2303937673568726
141.87527465820312 399.4072265625 -1.2303937673568726
140.54293823242188 403.1724548339844 -1.2309945821762085
141.8761444091797 399.40118408203125 -1.2309945821762085
140.54608154296875 403.1672058105469 -1.2315953969955444
141.87701416015625 399.3951110839844 -1.2315953969955444
140.54920959472656 403.16192626953125 -1.2321962118148804
141.8778839111328 399.3890380859375 -1.2321962118148804
140.55233764648438 403.1566467285156 -1.2327970266342163
141.8787384033203 399.3829650878906 -1.2327970266342163
140.5554656982422 403.1513671875 -1.2333978414535522
141.8795928955078 399.37689208984375 -1.2333978414535522
140.55857849121094 403.1460876464844 -1.2339986562728882
141.8804473876953 399.3708190917969 -1.2339986562728882
140.56170654296875 403.14080810546875 -1.2345994710922241
141.8813018798828 399.36474609375 -1.2345994710922241
140.5648193359375 403.1355285644531 -1.23520028591156
141.88214111328125 399.3586730957031 -1.23520028591156
140.56793212890625 403.1302490234375 -1.235801100730896
141.88299560546875 399.35260009765625 -1.235801100730896
140.571044921875 403.1249694824219 -1.236401915550232
141.8838348388672 399.3465270996094 -1.236401915550232
140.57415771484375 403.11968994140625 -1.2370027303695679
141.88467407226562 399.3404541015625 -1.2370027303695679
140.57725524902344 403.1144104003906 -1.2376035451889038
141.885498046875 399.33441162109375 -1.2376035451889038
140.58035278320312 403.109130859375 -1.2382043600082397
141.88632202148438 399.3283386230469 -1.2382043600082397
140.58343505859375 403.1038513183594 -1.2388051748275757
141.88714599609375 399.322265625 -1.2388051748275757
140.58653259277344 403.09857177734375 -1.2394059896469116
141.88796997070312 399.31622314453125 -1.2394059896469116
140.58963012695312 403.0932922363281 -1.2400068044662476
141.8887939453125 399.3101501464844 -1.2400068044662476
140.5927276611328 403.0880126953125 -1.2406076192855835
141.88961791992188 399.3040771484375 -1.2406076192855835
140.59580993652344 403.08270263671875 -1.2412084341049194
141.8904266357422 399.2980041503906 -1.2412084341049194
140.59889221191406 403.0774230957031 -1.2418092489242554
141.8912353515625 399.29193115234375 -1.2418092489242554
140.6019744873047 403.0721130371094 -1.2424100637435913
141.8920440673828 399.2858581542969 -1.2424100637435913
140.6050567626953 403.0668029785156 -1.2430108785629272
141.89285278320312 399.27978515625 -1.2430108785629272
140.60813903808594 403.0615234375 -1.2436116933822632
141.89364624023438 399.2737121582031 -1.2436116933822632
140.6112060546875 403.05621337890625 -1.2442125082015991
141.89443969726562 399.26763916015625 -1.2442125082015991
140.61427307128906 403.0509033203125 -1.244813323020935
141.89523315429688 399.2615661621094 -1.244813323020935
140.61734008789062 403.04559326171875 -1.245414137840271
141.89602661132812 399.2554931640625 -1.245414137840271
140.6204071044922 403.040283203125 -1.246014952659607
141.89682006835938 399.2493896484375 -1.246014952659607
140.6234893798828 403.034912109375 -1.2466206550598145
141.89759826660156 399.2432556152344 -1.2466206550598145
140.62655639648438 403.0295715332031 -1.2472258806228638
141.89837646484375 399.2371520996094 -1.2472258806228638
140.62962341308594 403.02423095703125 -1.2478307485580444
141.89913940429688 399.2310485839844 -1.2478307485580444
140.63267517089844 403.0188903808594 -1.2484352588653564
141.89990234375 399.2249450683594 -1.2484352588653564
140.63572692871094 403.0135498046875 -1.2490394115447998
141.90066528320312 399.21881103515625 -1.2490394115447998
140.63877868652344 403.0081787109375 -1.249643325805664
141.90142822265625 399.2126770019531 -1.249643325805664
140.64183044433594 403.0028076171875 -1.2502470016479492
141.9021759033203 399.20654296875 -1.2502470016479492
140.64486694335938 402.9974365234375 -1.2508504390716553
141.90292358398438 399.200439453125 -1.2508504390716553
140.6479034423828 402.9920959472656 -1.2514536380767822
141.90367126464844 399.1943359375 -1.2514536380767822
140.65093994140625 402.98675537109375 -1.25205659866333
141.9044189453125 399.188232421875 -1.25205659866333
140.6539764404297 402.9814147949219 -1.2526594400405884
141.90516662597656 399.18212890625 -1.2526594400405884
140.65699768066406 402.97607421875 -1.2532620429992676
141.90589904785156 399.1760559082031 -1.2532620429992676
140.66001892089844 402.9707336425781 -1.2538645267486572
141.90663146972656 399.1699523925781 -1.2538645267486572
140.6630401611328 402.96539306640625 -1.2544668912887573
141.90736389160156 399.1638488769531 -1.2544668912887573
140.6660614013672 402.96002197265625 -1.2550691366195679
141.90809631347656 399.1577453613281 -1.2550691366195679
140.66908264160156 402.9546813964844 -1.2556712627410889
141.90882873535156 399.1516418457031 -1.2556712627410889
140.67208862304688 402.9493103027344 -1.2562732696533203
141.9095458984375 399.1455383300781 -1.2562732696533203
140.6750946044922 402.9439697265625 -1.2568751573562622
141.91026306152344 399.1394348144531 -1.2568751573562622
140.6781005859375 402.9385986328125 -1.2574769258499146
141.91098022460938 399.1333312988281 -1.2574769258499146
140.6811065673828 402.9332275390625 -1.258078694343567
141.91168212890625 399.1272277832031 -1.258078694343567
140.68409729003906 402.9278869628906 -1.2586803436279297
141.91238403320312 399.12115478515625 -1.2586803436279297
140.6870880126953 402.92254638671875 -1.259281873703003
141.9130859375 399.11505126953125 -1.259281873703003
140.6900634765625 402.91717529296875 -1.2598834037780762
141.9137725830078 399.10894775390625 -1.2598834037780762
140.6930389404297 402.91180419921875 -1.2604848146438599
141.91445922851562 399.10284423828125 -1.2604848146438599
143.13587951660156 395.29388427734375 -1.2604848146438599
141.9174346923828 399.09747314453125 -1.2610856294631958
143.13656616210938 395.28778076171875 -1.2610856294631958
141.92041015625 399.09210205078125 -1.2616864442825317
143.1372528076172 395.28167724609375 -1.2616864442825317
141.9233856201172 399.08673095703125 -1.2622872591018677
143.137939453125 395.27557373046875 -1.2622872591018677
141.92636108398438 399.08135986328125 -1.2628880739212036
143.1386260986328 395.26947021484375 -1.2628880739212036
141.9293212890625 399.07598876953125 -1.2634888887405396
143.13929748535156 395.2633972167969 -1.2634888887405396
141.93228149414062 399.0706481933594 -1.2640897035598755
143.1399688720703 395.25732421875 -1.2640897035598755
141.93524169921875 399.0652770996094 -1.2646905183792114
143.14064025878906 395.251220703125 -1.2646905183792114
141.93820190429688 399.0599060058594 -1.2652913331985474
143.14129638671875 395.2451171875 -1.2652913331985474
141.94114685058594 399.0545349121094 -1.2658921480178833
143.14195251464844 395.2390441894531 -1.2658921480178833
141.944091796875 399.0491638183594 -1.2664929628372192
143.14260864257812 395.2329406738281 -1.2664929628372192
141.94703674316406 399.0437927246094 -1.2670937776565552
143.1432647705078 395.2268371582031 -1.2670937776565552
141.94998168945312 399.03839111328125 -1.2676945924758911
143.14390563964844 395.2207336425781 -1.2676945924758911
141.95291137695312 399.03302001953125 -1.268295407295227
143.14454650878906 395.2146301269531 -1.268295407295227
141.95584106445312 399.0276184082031 -1.268896222114563
143.1451873779297 395.2085266113281 -1.268896222114563
141.9587860107422 399.0222473144531 -1.269497036933899
143.1458282470703 395.20245361328125 -1.269497036933899
141.9617156982422 399.0168762207031 -1.2700978517532349
143.14646911621094 395.19635009765625 -1.2700978517532349
141.9646453857422 399.011474609375 -1.2706986665725708
143.1470947265625 395.19024658203125 -1.2706986665725708
141.96755981445312 399.006103515625 -1.2712994813919067
143.14772033691406 395.1841735839844 -1.2712994813919067
141.97048950195312 399.000732421875 -1.2719002962112427
143.14834594726562 395.1780700683594 -1.2719002962112427
141.97340393066406 398.9953308105469 -1.2725011110305786
143.1489715576172 395.1719665527344 -1.2725011110305786
141.976318359375 398.98992919921875 -1.2731019258499146
143.1495819091797 395.1658630371094 -1.2731019258499146
144.32284545898438 391.341796875 -1.2731019258499146
143.15248107910156 395.16046142578125 -1.2737027406692505
144.32345581054688 391.335693359375 -1.2737027406692505
143.1553955078125 395.1550598144531 -1.2743035554885864
144.32406616210938 391.32958984375 -1.2743035554885864
143.15829467773438 395.149658203125 -1.2749043703079224
144.3246612548828 391.323486328125 -1.2749043703079224
143.16119384765625 395.1442565917969 -1.2755051851272583
144.3252716064453 391.3173828125 -1.2755051851272583
143.16409301757812 395.13885498046875 -1.2761059999465942
144.32586669921875 391.311279296875 -1.2761059999465942
143.1669921875 395.1334533691406 -1.2767068147659302
144.3264617919922 391.30517578125 -1.2767068147659302
143.1698760986328 395.1280517578125 -1.2773076295852661
144.32705688476562 391.2991027832031 -1.2773076295852661
143.1727752685547 395.1226501464844 -1.277908444404602
144.32765197753906 391.2929992675781 -1.277908444404602
143.1756591796875 395.11724853515625 -1.278509259223938
144.32823181152344 391.2868957519531 -1.278509259223938
143.1785430908203 395.1118469238281 -1.279110074043274
144.3288116455078 391.2807922363281 -1.279110074043274
143.18141174316406 395.1064147949219 -1.2797108888626099
144.32937622070312 391.2746887207031 -1.2797108888626099
144.593994140625 389.7298583984375 -1.5225934982299805
144.78672790527344 385.7344970703125 -1.5225934982299805
144.97946166992188 381.7391357421875 -1.5225934982299805
145.1721954345703 377.7437744140625 -1.5225934982299805
145.36492919921875 373.7484130859375 -1.5225934982299805
145.5576629638672 369.7530517578125 -1.5225934982299805
145.75039672851562 365.7576904296875 -1.5225934982299805
145.94313049316406 361.7623291015625 -1.5225934982299805
146.1358642578125 357.7669677734375 -1.5225934982299805
146.32859802246094 353.7716064453125 -1.5225934982299805
146.52133178710938 349.7762451171875 -1.5225934982299805
146.7140655517578 345.7808837890625 -1.5225934982299805
146.90679931640625 341.7855224609375 -1.5225934982299805
147.0995330810547 337.7901611328125 -1.5225934982299805
147.29226684570312 333.7947998046875 -1.5225934982299805
147.48500061035156 329.7994384765625 -1.5225934982299805
147.677734375 325.8040771484375 -1.5225934982299805
147.87046813964844 321.8087158203125 -1.5225934982299805
148.06320190429688 317.8133544921875 -1.5225934982299805
148.2559356689453 313.8179931640625 -1.5225934982299805
148.44866943359375 309.8226318359375 -1.5225934982299805
148.6414031982422 305.8272705078125 -1.5225934982299805
148.83413696289062 301.8319091796875 -1.5225934982299805
149.02687072753906 297.8365478515625 -1.5225934982299805
149.2196044921875 293.8411865234375 -1.5225934982299805
149.41233825683594 289.8458251953125 -1.5225934982299805
149.60507202148438 285.8504638671875 -1.5225934982299805
149.7978057861328 281.8551025390625 -1.5225934982299805
149.99053955078125 277.8597412109375 -1.5225934982299805
150.1832733154297 273.8643798828125 -1.5225934982299805
150.37600708007812 269.8690185546875 -1.5225934982299805
150.56874084472656 265.8736572265625 -1.5225934982299805
150.761474609375 261.8782958984375 -1.5225934982299805
150.95420837402344 257.8829345703125 -1.5225934982299805
151.14694213867188 253.8875732421875 -1.5225934982299805
151.3396759033203 249.8922119140625 -1.5225934982299805
151.53240966796875 245.8968505859375 -1.5225934982299805
151.7251434326172 241.9014892578125 -1.5225934982299805
151.91787719726562 237.9061279296875 -1.5225934982299805
152.11061096191406 233.9107666015625 -1.5225934982299805
151.9959259033203 232.34762573242188 -1.765472650527954
151.22213745117188 228.42318725585938 -1.765472650527954
151.99594116210938 232.3411407470703 -1.7661086320877075
151.2196502685547 228.4171905517578 -1.7661086320877075
151.99595642089844 232.3346710205078 -1.766743540763855
151.21717834472656 228.4112091064453 -1.766743540763855
151.9959716796875 232.3282012939453 -1.7673773765563965
151.21470642089844 228.40524291992188 -1.7673773765563965
151.9959716796875 232.32174682617188 -1.7680102586746216
151.21221923828125 228.39927673339844 -1.7680102586746216
151.9959716796875 232.31529235839844 -1.7686421871185303
151.20974731445312 228.39332580566406 -1.7686421871185303
151.9959716796875 232.30885314941406 -1.7692731618881226
151.20726013183594 228.3873748779297 -1.7692731618881226
151.99595642089844 232.30242919921875 -1.7699031829833984
151.2047882080078 228.38145446777344 -1.7699031829833984
151.99595642089844 232.29600524902344 -1.7705323696136475
151.2023162841797 228.3755340576172 -1.7705323696136475
151.99594116210938 232.2895965576172 -1.7711607217788696
151.1998291015625 228.36961364746094 -1.7711607217788696
151.99591064453125 232.28318786621094 -1.771788239479065
151.1973419189453 228.36370849609375 -1.771788239479065
151.99588012695312 232.27679443359375 -1.7724149227142334
151.19485473632812 228.35781860351562 -1.7724149227142334
151.995849609375 232.27041625976562 -1.7730408906936646
151.19236755371094 228.35194396972656 -1.7730408906936646
151.9958038330078 232.2640380859375 -1.7736661434173584
151.18988037109375 228.3460693359375 -1.7736661434173584
151.9957733154297 232.25767517089844 -1.774290680885315
151.18740844726562 228.3402099609375 -1.774290680885315
151.99574279785156 232.25131225585938 -1.7749145030975342
151.18492126464844 228.3343505859375 -1.7749145030975342
151.99569702148438 232.2449493408203 -1.7755376100540161
151.18243408203125 228.3284912109375 -1.7755376100540161
151.99563598632812 232.2386016845703 -1.7761601209640503
151.17994689941406 228.32264709472656 -1.7761601209640503
151.99559020996094 232.2322540283203 -1.7767820358276367
151.17745971679688 228.3168182373047 -1.7767820358276367
151.9955291748047 232.22592163085938 -1.7774033546447754
151.1749725341797 228.3109893798828 -1.7774033546447754
151.99546813964844 232.21958923339844 -1.7780239582061768
151.17247009277344 228.30517578125 -1.7780239582061768
151.99539184570312 232.21327209472656 -1.77864408493042
151.1699676513672 228.2993621826172 -1.77864408493042
151.9953155517578 232.2069549560547 -1.7792636156082153
151.16748046875 228.29356384277344 -1.7792636156082153
151.99522399902344 232.19778442382812 -1.7801642417907715
151.1638641357422 228.28514099121094 -1.7801642417907715
151.9951171875 232.18875122070312 -1.781050205230713
151.1602783203125 228.27684020996094 -1.781050205230713
151.9949951171875 232.1798553466797 -1.7819223403930664
151.15675354003906 228.2686767578125 -1.7819223403930664
151.994873046875 232.1710968017578 -1.7827818393707275
151.1532745361328 228.26063537597656 -1.7827818393707275
151.9947509765625 232.16246032714844 -1.7836294174194336
151.1498260498047 228.25271606445312 -1.7836294174194336
151.99461364746094 232.1539306640625 -1.7844657897949219
151.14642333984375 228.24488830566406 -1.7844657897949219
151.99447631835938 232.1455078125 -1.7852917909622192
151.14305114746094 228.23716735839844 -1.7852917909622192
151.99432373046875 232.13717651367188 -1.7861078977584839
151.13970947265625 228.2295379638672 -1.7861078977584839
151.99417114257812 232.1289520263672 -1.7869148254394531
151.13641357421875 228.2220001220703 -1.7869148254394531
151.9940185546875 232.1208038330078 -1.7877130508422852
151.1331329345703 228.21453857421875 -1.7877130508422852
151.9938507080078 232.1127471923828 -1.7885030508041382
151.1298828125 228.20716857910156 -1.7885030508041382
151.99368286132812 232.10476684570312 -1.78928542137146
151.1266632080078 228.19985961914062 -1.78928542137146
151.99351501464844 232.09686279296875 -1.7900604009628296
151.12347412109375 228.192626953125 -1.7900604009628296
151.99334716796875 232.0890350341797 -1.7908284664154053
151.12030029296875 228.1854705810547 -1.7908284664154053
151.9931640625 232.08126831054688 -1.7915899753570557
151.1171417236328 228.17837524414062 -1.7915899753570557
151.99298095703125 232.07357788085938 -1.7923452854156494
151.114013671875 228.1713409423828 -1.7923452854156494
151.99278259277344 232.06593322753906 -1.7930946350097656
151.11090087890625 228.16436767578125 -1.7930946350097656
151.9925994873047 232.05836486816406 -1.793838381767273
151.10780334472656 228.15745544433594 -1.793838381767273
151.99240112304688 232.05084228515625 -1.7945767641067505
151.104736328125 228.15057373046875 -1.7945767641067505
151.99220275878906 232.04336547851562 -1.7953100204467773
151.10166931152344 228.1437530517578 -1.7953100204467773
151.9919891357422 232.0359344482422 -1.7960383892059326
151.09861755371094 228.13697814941406 -1.7960383892059326
151.9917755126953 232.028564453125 -1.796762228012085
151.0955810546875 228.1302490234375 -1.796762228012085
151.99156188964844 232.02122497558594 -1.7974815368652344
151.09255981445312 228.12356567382812 -1.7974815368652344
151.9913330078125 232.01394653320312 -1.7981966733932495
151.0895538330078 228.11692810058594 -1.7981966733932495
151.99111938476562 232.00669860839844 -1.79890775680542
151.08656311035156 228.11032104492188 -1.79890775680542
151.9908905029297 231.99949645996094 -1.7996149063110352
151.08358764648438 228.103759765625 -1.7996149063110352
151.99066162109375 231.99232482910156 -1.8003183603286743
151.0806121826172 228.09722900390625 -1.8003183603286743
151.9904327392578 231.98519897460938 -1.8010183572769165
151.07765197753906 228.09072875976562 -1.8010183572769165
151.9901885986328 231.97808837890625 -1.8017148971557617
151.07470703125 228.08425903320312 -1.8017148971557617
151.98995971679688 231.9710235595703 -1.802408218383789
151.07177734375 228.0778350830078 -1.802408218383789
151.98971557617188 231.9639892578125 -1.803098440170288
151.06884765625 228.07142639160156 -1.803098440170288
151.98947143554688 231.9569854736328 -1.8037855625152588
151.06591796875 228.0650634765625 -1.8037855625152588
151.9892120361328 231.95001220703125 -1.8044698238372803
151.06300354003906 228.0587158203125 -1.8044698238372803
151.98895263671875 231.94305419921875 -1.805151343345642
151.06008911132812 228.05239868164062 -1.805151343345642
151.9886932373047 231.93614196777344 -1.8058302402496338
151.05718994140625 228.04611206054688 -1.8058302402496338
151.98843383789062 231.9292449951172 -1.8065065145492554
151.05430603027344 228.03985595703125 -1.8065065145492554
151.98817443847656 231.92237854003906 -1.807180404663086
151.05142211914062 228.0336151123047 -1.807180404663086
151.9879150390625 231.91554260253906 -1.8078519105911255
151.04855346679688 228.02740478515625 -1.8078519105911255
151.98764038085938 231.90872192382812 -1.8085211515426636
151.04566955566406 228.02120971679688 -1.8085211515426636
151.98736572265625 231.90191650390625 -1.8091881275177002
151.0428009033203 228.01504516601562 -1.8091881275177002
151.98707580566406 231.8951416015625 -1.809852957725525
151.03993225097656 228.00889587402344 -1.809852957725525
151.98678588867188 231.8883819580078 -1.8105157613754272
151.0370635986328 228.0027618408203 -1.8105157613754272
151.9864959716797 231.88165283203125 -1.8111766576766968
151.03421020507812 227.9966583251953 -1.8111766576766968
151.9862060546875 231.87493896484375 -1.8118356466293335
151.03135681152344 227.99057006835938 -1.8118356466293335
151.9859161376953 231.8682403564453 -1.812492847442627
151.0285186767578 227.98451232910156 -1.812492847442627
151.98562622070312 231.861572265625 -1.8131482601165771
151.0256805419922 227.9784698486328 -1.8131482601165771
151.98532104492188 231.85491943359375 -1.8138020038604736
151.02284240722656 227.97244262695312 -1.8138020038604736
151.98501586914062 231.84828186035156 -1.8144540786743164
151.02000427246094 227.9664306640625 -1.8144540786743164
151.98471069335938 231.84165954589844 -1.815104603767395
151.0171661376953 227.96043395996094 -1.815104603767395
151.98439025878906 231.8350372314453 -1.8157535791397095
151.0143280029297 227.95445251464844 -1.8157535791397095
151.98300170898438 231.806640625 -1.818542242050171
151.0021209716797 227.92877197265625 -1.818542242050171
151.9817657470703 231.7828369140625 -1.820880651473999
150.9918212890625 227.9072723388672 -1.820880651473999
151.9806365966797 231.76199340820312 -1.8229281902313232
150.98275756835938 227.88845825195312 -1.8229281902313232
151.97958374023438 231.7432403564453 -1.8247696161270142
150.97457885742188 227.87155151367188 -1.8247696161270142
151.9785919189453 231.72607421875 -1.8264561891555786
150.96705627441406 227.85609436035156 -1.8264561891555786
151.97764587402344 231.71014404296875 -1.82802152633667
150.96005249023438 227.8417510986328 -1.82802152633667
151.97674560546875 231.69520568847656 -1.82948899269104
150.95347595214844 227.82830810546875 -1.82948899269104
151.97586059570312 231.68109130859375 -1.8308755159378052
150.94723510742188 227.81561279296875 -1.8308755159378052
151.97500610351562 231.6676788330078 -1.8321938514709473
150.9412841796875 227.80355834960938 -1.8321938514709473
151.97418212890625 231.65484619140625 -1.8334540128707886
150.9355926513672 227.7920379638672 -1.8334540128707886
151.97337341308594 231.64254760742188 -1.8346638679504395
150.93011474609375 227.78099060058594 -1.8346638679504395
151.9725799560547 231.63067626953125 -1.835829734802246
150.92481994628906 227.7703399658203 -1.835829734802246
151.9718017578125 231.6192169189453 -1.8369567394256592
150.91969299316406 227.76007080078125 -1.8369567394256592
151.97103881835938 231.6081085205078 -1.8380491733551025
150.91470336914062 227.75010681152344 -1.8380491733551025
151.97027587890625 231.59730529785156 -1.8391106128692627
150.90985107421875 227.7404327392578 -1.8391106128692627
151.2834930419922 228.5713348388672 -2.147643566131592
149.43946838378906 225.9750518798828 -2.2291042804718018
147.39028930664062 223.5374298095703 -2.3105647563934326
145.14955139160156 221.27462768554688 -2.3920252323150635
142.22161865234375 218.54933166503906 -2.3920252323150635
139.29368591308594 215.82403564453125 -2.3920252323150635
136.36575317382812 213.09873962402344 -2.3920252323150635
133.4378204345703 210.37344360351562 -2.3920252323150635
131.02040100097656 208.30047607421875 -2.4734859466552734
127.88041687011719 205.82247924804688 -2.4734859466552734
124.74043273925781 203.344482421875 -2.4734859466552734
121.60044860839844 200.86648559570312 -2.4734859466552734
118.46046447753906 198.38848876953125 -2.4734859466552734
115.88237762451172 196.51910400390625 -2.5549466609954834
112.5511703491211 194.30482482910156 -2.5549466609954834
109.21996307373047 192.09054565429688 -2.5549466609954834
106.49789428710938 190.43679809570312 -2.6363537311553955
102.9976577758789 188.500732421875 -2.6363537311553955
99.49742126464844 186.56466674804688 -2.6363537311553955
95.99718475341797 184.62860107421875 -2.6363537311553955
92.4969482421875 182.69253540039062 -2.6363537311553955
88.99671173095703 180.7564697265625 -2.6363537311553955
85.49647521972656 178.82040405273438 -2.6363537311553955
81.9962387084961 176.88433837890625 -2.6363537311553955
78.49600219726562 174.94827270507812 -2.6363537311553955
75.66642761230469 173.53419494628906 -2.719937324523926
72.01677703857422 171.89710998535156 -2.719937324523926
68.36712646484375 170.26002502441406 -2.719937324523926
64.71747589111328 168.62294006347656 -2.719937324523926
61.06782531738281 166.98585510253906 -2.719937324523926
57.418174743652344 165.34877014160156 -2.719937324523926
53.768524169921875 163.71168518066406 -2.719937324523926
50.118873596191406 162.07460021972656 -2.719937324523926
46.46922302246094 160.43751525878906 -2.719937324523926
42.81957244873047 158.80043029785156 -2.719937324523926
39.169921875 157.16334533691406 -2.719937324523926
35.52027130126953 155.52626037597656 -2.719937324523926
35.52027130126953 155.52626037597656 -2.719937324523926
34.001129150390625 155.05401611328125 -2.960468292236328
37.928192138671875 155.77157592773438 -2.9612600803375244
36.18900680541992 155.65370178222656 3.096611976623535
40.17890548706055 155.47291564941406 3.096011161804199
44.16869354248047 155.28973388671875 3.0954103469848633
48.15837097167969 155.10415649414062 3.0948095321655273
52.1479377746582 154.91616821289062 3.0942087173461914
56.13739013671875 154.7257843017578 3.0936079025268555
60.12672805786133 154.5330047607422 3.0930070877075195
60.12672805786133 154.5330047607422 3.0924062728881836
60.12672805786133 154.5330047607422 3.0918054580688477
60.12672805786133 154.5330047607422 3.0912046432495117
60.12672805786133 154.5330047607422 3.090603828430176
60.12672805786133 154.5330047607422 3.09000301361084
60.12672805786133 154.5330047607422 3.089402198791504
60.12672805786133 154.5330047607422 3.088801383972168
60.12672805786133 154.5330047607422 3.088200569152832
60.12672805786133 154.5330047607422 3.087599754333496
60.12672805786133 154.5330047607422 3.08699893951416
