62.34017562866211 452.1564025878906 0.7037090063095093
64.8485107421875 454.11468505859375 0.6220198273658752
67.50827026367188 455.86175537109375 0.5403306484222412
70.30171966552734 457.3859558105469 0.4586414694786072
73.21022033691406 458.6771240234375 0.37695229053497314
76.21438598632812 459.7266540527344 0.2952631115913391
79.29417419433594 460.5275573730469 0.21357394754886627
82.42904663085938 461.0744934082031 0.13188478350639343
85.59809112548828 461.3638000488281 0.05019561946392059
88.7801742553711 461.3935546875 -0.031493544578552246
91.9540786743164 461.16357421875 -0.11318270862102509
95.09862518310547 460.67535400390625 -0.19487187266349792
98.1928482055664 459.93218994140625 -0.27656102180480957
101.21611022949219 458.9389953613281 -0.3582502007484436
104.14825439453125 457.7024230957031 -0.43993937969207764
106.96971893310547 456.230712890625 -0.5216285586357117
109.66168212890625 454.53369140625 -0.6033177375793457
112.2061996459961 452.6226806640625 -0.6850069165229797
114.58629608154297 450.5104064941406 -0.7666960954666138
116.45764923095703 448.4714660644531 -0.8897672295570374
118.97602081298828 445.36376953125 -0.8897672295570374
120.8515853881836 442.8364562988281 -0.9749495387077332
123.09642791748047 439.5257568359375 -0.9749495387077332
125.34127044677734 436.2150573730469 -0.9749495387077332
127.58611297607422 432.90435791015625 -0.9749495387077332
125.45609283447266 436.1002197265625 -0.9908803701400757
127.64791107177734 432.7541809082031 -0.9908803701400757
129.8397216796875 429.40814208984375 -0.9908803701400757
127.68184661865234 432.7195129394531 -0.9956378936767578
129.8577117919922 429.36309814453125 -0.9956378936767578
131.9104461669922 426.1352233886719 -1.013102412223816
129.82667541503906 429.4937438964844 -1.0178592205047607
131.85879516601562 426.1641540527344 -1.0277845859527588
129.82456970214844 429.5528869628906 -1.0325413942337036
131.8751220703125 426.11846923828125 -1.0325413942337036
129.85702514648438 429.516845703125 -1.0372982025146484
131.89122009277344 426.0727233886719 -1.0372982025146484
129.88931274414062 429.48065185546875 -1.0420550107955933
131.9071044921875 426.0268859863281 -1.0420550107955933
129.9214324951172 429.4443054199219 -1.046811819076538
131.9227752685547 425.9809875488281 -1.046811819076538
133.9241180419922 422.5176696777344 -1.046811819076538
131.95472717285156 425.94451904296875 -1.051568627357483
133.93955993652344 422.4717102050781 -1.051568627357483
131.9864959716797 425.9078674316406 -1.0563254356384277
133.9547882080078 422.4256591796875 -1.0563254356384277
132.01808166503906 425.8710632324219 -1.0610822439193726
133.96978759765625 422.3795166015625 -1.0610822439193726
132.04949951171875 425.8341064453125 -1.0658390522003174
133.9845733642578 422.33331298828125 -1.0658390522003174
135.91964721679688 418.8325500488281 -1.0658398866653442
134.0158233642578 422.2962341308594 -1.070596694946289
135.9342041015625 418.78631591796875 -1.0705991983413696
134.046875 422.259033203125 -1.0753560066223145
135.94850158691406 418.74005126953125 -1.0753633975982666
134.07774353027344 422.2217102050781 -1.0801202058792114
135.96263122558594 418.69366455078125 -1.0801202058792114
134.10845947265625 422.1841735839844 -1.0848770141601562
135.97654724121094 418.6471862792969 -1.0848770141601562
136.53399658203125 417.1854553222656 -1.3280476331710815
137.4954833984375 413.302734375 -1.3280476331710815
138.45697021484375 409.4200134277344 -1.3280476331710815
139.41845703125 405.53729248046875 -1.3280476331710815
140.37994384765625 401.6545715332031 -1.3280476331710815
141.3414306640625 397.7718505859375 -1.3280476331710815
142.30291748046875 393.8891296386719 -1.3280476331710815
143.264404296875 390.00640869140625 -1.3280476331710815
144.22589111328125 386.1236877441406 -1.3280476331710815
145.1873779296875 382.240966796875 -1.3280476331710815
146.14886474609375 378.3582458496094 -1.3280476331710815
147.1103515625 374.47552490234375 -1.3280476331710815
148.07183837890625 370.5928039550781 -1.3280478715896606
148.27415466308594 368.97540283203125 -1.5646668672561646
148.29867553710938 364.9754638671875 -1.5646668672561646
148.3231964111328 360.97552490234375 -1.5646668672561646
148.34771728515625 356.9755859375 -1.5646668672561646
148.3722381591797 352.97564697265625 -1.5646668672561646
148.39675903320312 348.9757080078125 -1.5646668672561646
148.42127990722656 344.97576904296875 -1.5646668672561646
148.44580078125 340.975830078125 -1.5646668672561646
148.47032165527344 336.97589111328125 -1.5646668672561646
148.49484252929688 332.9759521484375 -1.5646668672561646
148.5193634033203 328.97601318359375 -1.5646668672561646
148.54388427734375 324.97607421875 -1.5646668672561646
148.5684051513672 320.97613525390625 -1.5646668672561646
148.59292602539062 316.9761962890625 -1.5646668672561646
148.61744689941406 312.97625732421875 -1.5646668672561646
148.6419677734375 308.976318359375 -1.5646668672561646
148.66648864746094 304.97637939453125 -1.5646668672561646
148.69100952148438 300.9764404296875 -1.5646668672561646
148.7155303955078 296.97650146484375 -1.5646668672561646
148.74005126953125 292.9765625 -1.5646668672561646
148.7645721435547 288.97662353515625 -1.5646668672561646
148.78909301757812 284.9766845703125 -1.5646668672561646
148.81361389160156 280.97674560546875 -1.5646668672561646
148.838134765625 276.976806640625 -1.5646668672561646
148.86265563964844 272.97686767578125 -1.5646668672561646
148.88717651367188 268.9769287109375 -1.5646668672561646
148.9116973876953 264.97698974609375 -1.5646668672561646
148.93621826171875 260.97705078125 -1.5646668672561646
148.9607391357422 256.97711181640625 -1.5646668672561646
148.98526000976562 252.97718811035156 -1.5646668672561646
149.00978088378906 248.97726440429688 -1.5646668672561646
149.0343017578125 244.9773406982422 -1.5646668672561646
149.05882263183594 240.9774169921875 -1.5646668672561646
149.08334350585938 236.9774932861328 -1.5646668672561646
149.1078643798828 232.97756958007812 -1.5646668672561646
149.13238525390625 228.97764587402344 -1.5646668672561646
148.95228576660156 227.4267578125 -1.808150053024292
148.0117645263672 223.5389862060547 -1.8081588745117188
147.462890625 222.07667541503906 -2.0515801906585693
145.87721252441406 219.31765747070312 -2.1332693099975586
144.07168579101562 216.69723510742188 -2.214958429336548
141.66957092285156 213.4988250732422 -2.214958429336548
139.65625 211.0344696044922 -2.296647548675537
137.00115966796875 208.042724609375 -2.296647548675537
134.79345703125 205.75086975097656 -2.3783366680145264
131.90310668945312 202.9857635498047 -2.3783366680145264
129.01275634765625 200.2206573486328 -2.3783366680145264
126.62541198730469 198.11659240722656 -2.460026741027832
123.5190658569336 195.5965576171875 -2.460026741027832
120.4127197265625 193.07652282714844 -2.460026741027832
117.3063735961914 190.55648803710938 -2.460026741027832
115.85888671875 189.6336212158203 -2.6879892349243164
112.26338958740234 187.88079833984375 -2.6879892349243164
108.66789245605469 186.1279754638672 -2.6879892349243164
105.07239532470703 184.37515258789062 -2.6879892349243164
101.47689819335938 182.62232971191406 -2.6879892349243164
97.88140106201172 180.8695068359375 -2.6879892349243164
94.28590393066406 179.11668395996094 -2.6879892349243164
90.6904067993164 177.36386108398438 -2.6879892349243164
87.09490966796875 175.6110382080078 -2.6879892349243164
83.4994125366211 173.85821533203125 -2.6879892349243164
79.90391540527344 172.1053924560547 -2.6879892349243164
77.98790740966797 171.3929901123047 -2.8832478523254395
74.12065124511719 170.37106323242188 -2.8832478523254395
70.2533950805664 169.34913635253906 -2.8832478523254395
66.38613891601562 168.32720947265625 -2.8832478523254395
62.518882751464844 167.30528259277344 -2.8832478523254395
58.65162658691406 166.28335571289062 -2.8832478523254395
54.78437042236328 165.2614288330078 -2.8832478523254395
50.9171142578125 164.239501953125 -2.8832478523254395
47.04985809326172 163.2175750732422 -2.8832478523254395
43.18260192871094 162.19564819335938 -2.8832478523254395
39.315345764160156 161.17372131347656 -2.8832478523254395
35.448089599609375 160.15179443359375 -2.8832478523254395
31.580833435058594 159.12986755371094 -2.8832478523254395
27.713577270507812 158.10794067382812 -2.8832478523254395
24.606584548950195 157.42135620117188 -2.9649643898010254
21.453996658325195 156.99069213867188 -3.046689033508301
18.602615356445312 156.88328552246094 3.121992588043213
22.407211303710938 156.77183532714844 3.102621555328369
26.350452423095703 156.60755920410156 3.097288131713867
30.298574447631836 156.42311096191406 3.092531204223633
34.24577331542969 156.2198944091797 3.0877742767333984
38.19196319580078 155.99789428710938 3.083017587661743
42.13705062866211 155.7571258544922 3.078260898590088
46.08094787597656 155.4976043701172 3.0735042095184326
50.02356719970703 155.2193145751953 3.0687475204467773
53.96481704711914 154.92227172851562 3.063990831375122
57.90230178833008 154.60623168945312 3.0590059757232666
57.90230178833008 154.60623168945312 3.0542492866516113
57.90230178833008 154.60623168945312 3.049492359161377
57.90230178833008 154.60623168945312 3.0446949005126953
57.90230178833008 154.60623168945312 3.0398974418640137
57.90230178833008 154.60623168945312 3.0351407527923584
57.90230178833008 154.60623168945312 3.030384063720703
57.90230178833008 154.60623168945312 3.025608777999878
57.90230178833008 154.60623168945312 3.0208520889282227
57.90230178833008 154.60623168945312 3.0160953998565674
57.90230178833008 154.60623168945312 3.011338710784912
