62.33902359008789 452.1549377441406 0.7035254836082458
64.84644317626953 454.11138916015625 0.6216527819633484
67.50546264648438 455.8562316894531 0.5397800803184509
70.29827117919922 457.37774658203125 0.45790737867355347
73.20616149902344 458.665771484375 0.376034677028656
76.20964813232422 459.711669921875 0.29416197538375854
79.28860473632812 460.5084533691406 0.21228928864002228
82.42240905761719 461.0507507324219 0.130416601896286
85.59007263183594 461.3349609375 0.048543915152549744
88.7703628540039 461.3591613769531 -0.03332877159118652
91.94197845458984 461.1231994628906 -0.11520145833492279
95.08367156982422 460.6286315917969 -0.19707414507865906
98.17440032958984 459.8787841796875 -0.27894681692123413
101.19345092773438 458.8786926269531 -0.3608195185661316
104.12059783935547 457.6350402832031 -0.44269222021102905
106.93623352050781 456.15618896484375 -0.5245649218559265
109.62149810791016 454.4520263671875 -0.606437623500824
112.15839385986328 452.5339660644531 -0.6883103251457214
114.5299301147461 450.41485595703125 -0.7701830267906189
111.69477844238281 453.1766052246094 -0.7743876576423645
113.87535095214844 450.8614501953125 -0.8562604784965515
115.85928344726562 448.375732421875 -0.938133180141449
117.63328552246094 445.736083984375 -1.0200058221817017
119.18547058105469 442.960205078125 -1.1018785238265991
120.99315643310547 439.3919677734375 -1.1018785238265991
122.80084228515625 435.82373046875 -1.1018785238265991
124.60852813720703 432.2554931640625 -1.1018785238265991
126.41621398925781 428.687255859375 -1.1018785238265991
128.22389221191406 425.1190185546875 -1.1018785238265991
130.0315704345703 421.55078125 -1.1018785238265991
131.83924865722656 417.9825439453125 -1.1018785238265991
133.6469268798828 414.414306640625 -1.1018785238265991
134.96713256835938 411.52044677734375 -1.1837105751037598
136.4770965576172 407.81640625 -1.1837105751037598
137.987060546875 404.11236572265625 -1.1837105751037598
136.48193359375 407.80908203125 -1.184571385383606
137.98870849609375 404.1037292480469 -1.184571385383606
136.4867706298828 407.8017578125 -1.1854321956634521
137.9903564453125 404.0951232910156 -1.1854321956634521
136.49159240722656 407.79443359375 -1.1862930059432983
137.9919891357422 404.08648681640625 -1.1862930059432983
136.4964141845703 407.7870788574219 -1.1871538162231445
137.99362182617188 404.0778503417969 -1.1871538162231445
136.50157165527344 407.7792053222656 -1.1880762577056885
137.99534606933594 404.068603515625 -1.1880762577056885
136.50669860839844 407.7713623046875 -1.1889960765838623
137.9970703125 404.05938720703125 -1.1889960765838623
136.51182556152344 407.7635498046875 -1.1899133920669556
137.998779296875 404.0502014160156 -1.1899133920669556
136.5169219970703 407.7557373046875 -1.1908283233642578
138.00048828125 404.0410461425781 -1.1908283233642578
136.52200317382812 407.7479553222656 -1.1917409896850586
138.00218200683594 404.0318908691406 -1.1917409896850586
136.52706909179688 407.74017333984375 -1.192651391029358
138.0038604736328 404.02276611328125 -1.192651391029358
136.53298950195312 407.73101806640625 -1.193719506263733
138.0058135986328 404.01202392578125 -1.193719506263733
136.53884887695312 407.7219543457031 -1.1947765350341797
138.0077362060547 404.0014343261719 -1.1947765350341797
136.5446319580078 407.7130126953125 -1.1958231925964355
138.00962829589844 403.9909362792969 -1.1958231925964355
136.55035400390625 407.7041015625 -1.1968601942062378
138.01148986816406 403.98052978515625 -1.1968601942062378
136.5560302734375 407.6952819824219 -1.1978881359100342
138.01333618164062 403.9701843261719 -1.1978881359100342
136.5616455078125 407.6865234375 -1.1989076137542725
138.01515197753906 403.9599609375 -1.1989076137542725
136.56719970703125 407.6778259277344 -1.1999192237854004
138.01693725585938 403.9497985839844 -1.1999192237854004
136.5727081298828 407.669189453125 -1.2009233236312866
138.01869201660156 403.939697265625 -1.2009233236312866
136.5781707763672 407.6606140136719 -1.2019203901290894
138.02044677734375 403.9296875 -1.2019203901290894
136.58358764648438 407.652099609375 -1.2029109001159668
138.02215576171875 403.91973876953125 -1.2029109001159668
139.46072387695312 400.1873779296875 -1.2029109001159668
139.27337646484375 401.0557556152344 -1.5137174129486084
139.50157165527344 397.062255859375 -1.5137174129486084
139.72976684570312 393.0687561035156 -1.5137174129486084
139.9579620361328 389.07525634765625 -1.5137174129486084
140.1861572265625 385.0817565917969 -1.5137174129486084
140.4143524169922 381.0882568359375 -1.5137174129486084
140.64254760742188 377.0947570800781 -1.5137174129486084
140.87074279785156 373.10125732421875 -1.5137174129486084
141.09893798828125 369.1077575683594 -1.5137174129486084
141.32713317871094 365.1142578125 -1.5137174129486084
141.55532836914062 361.1207580566406 -1.5137174129486084
141.7835235595703 357.12725830078125 -1.5137174129486084
142.01171875 353.1337585449219 -1.5137174129486084
142.2399139404297 349.1402587890625 -1.5137174129486084
142.46810913085938 345.1467590332031 -1.5137174129486084
142.69630432128906 341.15325927734375 -1.5137174129486084
142.92449951171875 337.1597595214844 -1.5137174129486084
143.15269470214844 333.166259765625 -1.5137174129486084
143.38088989257812 329.1727600097656 -1.5137174129486084
143.6090850830078 325.17926025390625 -1.5137174129486084
143.8372802734375 321.1857604980469 -1.5137174129486084
144.0654754638672 317.1922607421875 -1.5137174129486084
144.29367065429688 313.1987609863281 -1.5137174129486084
144.52186584472656 309.20526123046875 -1.5137174129486084
144.75006103515625 305.2117614746094 -1.5137174129486084
144.97825622558594 301.21826171875 -1.5137174129486084
145.20645141601562 297.2247619628906 -1.5137174129486084
145.4346466064453 293.23126220703125 -1.5137174129486084
145.662841796875 289.2377624511719 -1.5137174129486084
145.8910369873047 285.2442626953125 -1.5137174129486084
146.11923217773438 281.2507629394531 -1.5137174129486084
146.34742736816406 277.25726318359375 -1.5137174129486084
146.57562255859375 273.2637634277344 -1.5137174129486084
146.80381774902344 269.270263671875 -1.5137174129486084
147.03201293945312 265.2767639160156 -1.5137174129486084
147.2602081298828 261.28326416015625 -1.5137174129486084
147.4884033203125 257.2897644042969 -1.5137174129486084
147.7165985107422 253.29627990722656 -1.5137174129486084
147.94479370117188 249.30279541015625 -1.5137174129486084
148.17298889160156 245.30931091308594 -1.5137174129486084
148.40118408203125 241.31582641601562 -1.5137174129486084
148.62937927246094 237.3223419189453 -1.5137174129486084
148.56842041015625 234.99008178710938 -1.6801416873931885
148.09226989746094 231.84555053710938 -1.7620148658752441
147.3605499267578 228.75050354003906 -1.843889594078064
146.37815856933594 225.72569274902344 -1.925766110420227
145.1516571044922 222.79132080078125 -2.007638931274414
143.6892852783203 219.9670867919922 -2.0895116329193115
142.0008544921875 217.2718963623047 -2.171384334564209
140.09765625 214.72381591796875 -2.2532570362091064
137.99244689941406 212.3399200439453 -2.335129737854004
135.6993408203125 210.1361846923828 -2.4170024394989014
133.2336883544922 208.1273651123047 -2.498875141143799
130.607666015625 206.32278442382812 -2.5801570415496826
127.24703979492188 204.21713256835938 -2.5835766792297363
123.85381317138672 202.09912109375 -2.5835766792297363
120.46058654785156 199.98110961914062 -2.5835766792297363
117.0673599243164 197.86309814453125 -2.5835766792297363
113.67413330078125 195.74508666992188 -2.5835766792297363
110.2809066772461 193.6270751953125 -2.5835766792297363
107.51630401611328 192.05487060546875 -2.665449380874634
103.96122741699219 190.22145080566406 -2.665449380874634
100.4061508178711 188.38803100585938 -2.665449380874634
96.85107421875 186.5546112060547 -2.665449380874634
93.2959976196289 184.72119140625 -2.665449380874634
89.74092102050781 182.8877716064453 -2.665449380874634
86.18584442138672 181.05435180664062 -2.665449380874634
82.63076782226562 179.22093200683594 -2.665449380874634
79.07569122314453 177.38751220703125 -2.665449380874634
75.52061462402344 175.55409240722656 -2.665449380874634
71.96553802490234 173.72067260742188 -2.665449380874634
68.41046142578125 171.8872528076172 -2.665449380874634
64.85538482666016 170.0538330078125 -2.665449380874634
61.30030822753906 168.2204132080078 -2.665449380874634
57.74523162841797 166.38699340820312 -2.665449380874634
54.190155029296875 164.55357360839844 -2.665449380874634
50.63507843017578 162.72015380859375 -2.665449380874634
47.08000183105469 160.88673400878906 -2.665449380874634
43.524925231933594 159.05331420898438 -2.665449380874634
39.9698486328125 157.2198944091797 -2.665449380874634
36.685184478759766 155.5950469970703 -2.698974132537842
36.685184478759766 155.5950469970703 -2.698974132537842
35.16674041748047 155.08700561523438 -2.9384732246398926
39.072959899902344 155.88902282714844 -2.9397029876708984
42.914039611816406 156.65870666503906 -2.94795823097229
43.17786407470703 156.6605224609375 2.961763858795166
47.104583740234375 155.94493103027344 2.9609031677246094
51.03068542480469 155.2259521484375 2.9600424766540527
54.95616912841797 154.50360107421875 2.959181785583496
54.95616912841797 154.50360107421875 2.9583210945129395
54.95616912841797 154.50360107421875 2.957460403442383
54.95616912841797 154.50360107421875 2.956599712371826
54.95616912841797 154.50360107421875 2.9557390213012695
54.95616912841797 154.50360107421875 2.954878330230713
54.95616912841797 154.50360107421875 2.9540176391601562
54.95616912841797 154.50360107421875 2.9531569480895996
54.95616912841797 154.50360107421875 2.952296257019043
54.95616912841797 154.50360107421875 2.9514355659484863
54.95616912841797 154.50360107421875 2.9505748748779297
