-392.65960170299195
-395.41234689325455
-398.25371511911203
-401.1792226359044
-404.18428017150586
-407.26435603222166
-410.414893168184
-413.6313471047461
-416.9092244762423
-420.24402669503934
-423.63128680205864
-427.066633370045
-430.5457335154345
-434.0642649281256
-437.6180394057511
-441.2028814712293
-444.8147215933876
-448.44953350828297
-452.10339533198936
-455.77245784563513
-459.4529726365183
-463.1411986400679
-466.83355352715097
-470.52648689442526
-474.2165397492437
-477.90040148118993
-481.5747231682635
-485.2363579233907
-488.8821749873344
-492.50911551219264
-496.1142504638064
-499.69465362333267
-503.24751921430965
-506.7701586993919
-510.2598741356622
-513.7141357439492
-517.1303958506751
-520.5062669899015
-520.5062669899015
-520.5055035030658
-520.5049975195088
-520.5048643042699
-520.5048643042699
-518.722464888936
-516.8614222537813
-514.9226687087224
-512.9070888140818
-510.8157646044543
-508.64967367330325
-506.40993520519265
-504.09769050826907
-501.7141669592432
-499.2605585419917
-496.7381508772864
-494.1483242362539
-491.49243465614745
-488.77187823579345
-485.98821657783685
-483.1429971749427
-480.23781810844974
-477.2743317087816
-474.2542486770162
-471.17934182379537
-468.05151080773055
-464.87260416760705
-464.8731428070978
-461.2007121594305
-457.51823273343825
-453.8289714850944
-450.13628082223306
-446.44360190637485
-442.7544380695792
-439.0723887714718
-435.4011523331033
-431.7444985430073
-428.10630131628136
-424.4904799590209
-420.90109213949285
-417.3422125903862
-413.81799566150767
-410.33273468666385
-406.89074043526784
-403.4963693035425
-400.1541130855525
-396.8684430389451
-393.6438970765368
-390.4850751478626
-387.3966026195011
-384.38312316684176
-381.44926015211377
-378.59963804512887
-375.8389025683809
-373.1716787729537
-370.6024977344062
-368.1358437884066
-365.7761404479594
-363.52770467217084
-361.39476054838076
-359.3813930458117
-357.49153017435685
-355.7289256210319
-354.0971408644931
-352.59955830788726
-351.2393021615825
-350.01925488291806
-348.9420370726933
-348.0099951166317
-347.2251884232235
-346.589343556215
-346.58866970055044
-344.71430290430743
-342.9592660613897
-342.95807399144
-340.1722926810197
-337.4805280161791
-334.8875814780661
-332.3982643306198
-332.3967300463146
-329.1017236888233
-325.8687593794482
-322.70275450759715
-319.6087531215239
-316.59179394061255
-313.6569935074833
-310.80947194117005
-310.8077914556048
-307.31024017160667
-303.85597321595463
-300.44978048535955
-297.0965786598162
-293.80141732982037
-290.5693714800903
-287.4056997604625
-284.31570776525996
-281.30477722217074
-281.3030167940995
-277.7282809185538
-274.18738222687585
-270.6850752338419
-267.2261876384017
-263.8157785503858
-260.45900815053477
-257.1612195289857
-253.9278496013834
-250.76448263332534
-247.6768433508724
-244.67076430163073
-244.66901722785846
-241.09721265479422
-237.5602588294301
-234.0631186628792
-230.61101058629018
-227.2092777479781
-223.8634994143389
-220.57944706446983
-217.36305512691723
-214.2204777794909
-211.15802235865488
-208.182179408394
-208.1804546655852
-204.62340689501673
-201.10423426448364
-197.6283586952568
-194.2014636187902
-190.82948952872596
-187.5073388187367
-187.50547848051036
-183.82866931450027
-180.1652543045004
-176.51961844910392
-172.89641426435963
-172.89436699081273
-169.25701501215715
-165.603631411622
-161.93666637732966
-158.25875961634918
-158.25690022797815
-154.95802797931518
-151.6263417948626
-148.2628548175909
-148.26128207822043
-145.71226849671228
-143.13021800179007
-140.51578379904933
-137.86966246311144
-135.19255353338886
-132.48518011460226
-129.74828024875586
-126.98258999680337
-126.98142524697377
-125.36001198166261
-123.72457609887978
-122.07613206451528
-120.41571129202146
-118.74442184858418
-117.06339457924292
-115.37382970501574
-113.6769726991179
-111.97411813384599
-110.26662790245335
-108.55592391795203
-106.84350711247797
-105.13093326101502
-103.41984932456594
-101.71198524192042
-100.00916042690767
-100.00862937484459
-99.73073256753081
-99.47589518021415
-99.2445435759774
-99.2445435759774
-99.2445435759774
-99.2445435759774
-99.2445435759774
-99.2445435759774
-99.2445435759774
-99.2445435759774
-99.2445435759774
-99.2445435759774
-99.2445435759774
