62.33902359008789 452.1549377441406 0.7035254836082458
64.84644317626953 454.11138916015625 0.6216527819633484
67.5054702758789 455.8562316894531 0.5397800803184509
70.29827880859375 457.37774658203125 0.45790737867355347
73.20616912841797 458.665771484375 0.376034677028656
76.20965576171875 459.711669921875 0.29416197538375854
79.28861236572266 460.5084533691406 0.21228927373886108
82.42241668701172 461.0507507324219 0.13041657209396362
85.59008026123047 461.3349609375 0.04854387044906616
88.77037048339844 461.3591613769531 -0.0333288311958313
91.94198608398438 461.1231994628906 -0.11520153284072876
95.08367919921875 460.6286315917969 -0.19707423448562622
98.17440795898438 459.8787841796875 -0.2789469361305237
101.1934585571289 458.8786926269531 -0.36081963777542114
104.12060546875 457.6350402832031 -0.4426923394203186
106.93624114990234 456.15618896484375 -0.5245650410652161
109.62150573730469 454.4520263671875 -0.6064377427101135
112.15840148925781 452.5339660644531 -0.688310444355011
114.52993774414062 450.41485595703125 -0.7701831459999084
111.77889251708984 453.12127685546875 -0.7842652201652527
113.93649291992188 450.7846984863281 -0.8661379218101501
116.527587890625 447.73736572265625 -0.8661379218101501
119.11868286132812 444.6900329589844 -0.8661379218101501
116.69444274902344 447.6026611328125 -0.8871796727180481
119.2208480834961 444.5014953613281 -0.8871796727180481
121.10179138183594 441.98016357421875 -0.9725210666656494
123.35466003417969 438.6749267578125 -0.9725210666656494
125.60752868652344 435.36968994140625 -0.9725210666656494
127.86039733886719 432.064453125 -0.9725210666656494
128.5777587890625 430.6751708984375 -1.215779423713684
129.9681854248047 426.92462158203125 -1.215779423713684
131.35861206054688 423.174072265625 -1.215779423713684
132.74903869628906 419.42352294921875 -1.215779423713684
134.13946533203125 415.6729736328125 -1.215779423713684
135.52989196777344 411.92242431640625 -1.215779423713684
136.92031860351562 408.171875 -1.215779423713684
138.3107452392578 404.42132568359375 -1.215779423713684
139.701171875 400.6707763671875 -1.215779423713684
140.06211853027344 399.15167236328125 -1.4592536687850952
140.5073699951172 395.1765441894531 -1.4592536687850952
140.95262145996094 391.201416015625 -1.4592536687850952
141.3978729248047 387.2262878417969 -1.4592536687850952
141.84312438964844 383.25115966796875 -1.4592536687850952
142.2883758544922 379.2760314941406 -1.4592536687850952
142.73362731933594 375.3009033203125 -1.4592536687850952
143.1788787841797 371.3257751464844 -1.4592536687850952
143.62413024902344 367.35064697265625 -1.4592536687850952
144.0693817138672 363.3755187988281 -1.4592536687850952
144.51463317871094 359.400390625 -1.4592536687850952
144.9598846435547 355.4252624511719 -1.4592536687850952
145.40513610839844 351.45013427734375 -1.4592536687850952
145.8503875732422 347.4750061035156 -1.4592536687850952
146.29563903808594 343.4998779296875 -1.4592536687850952
146.7408905029297 339.5247497558594 -1.4592536687850952
147.18614196777344 335.54962158203125 -1.4592536687850952
147.6313934326172 331.5744934082031 -1.4592536687850952
148.07664489746094 327.599365234375 -1.4592536687850952
148.5218963623047 323.6242370605469 -1.4592536687850952
148.96714782714844 319.64910888671875 -1.4592536687850952
149.4123992919922 315.6739807128906 -1.4592536687850952
149.85765075683594 311.6988525390625 -1.4592536687850952
150.3029022216797 307.7237243652344 -1.4592536687850952
150.74815368652344 303.74859619140625 -1.4592536687850952
151.1934051513672 299.7734680175781 -1.4592536687850952
151.63865661621094 295.79833984375 -1.4592536687850952
152.0839080810547 291.8232116699219 -1.4592536687850952
152.52915954589844 287.84808349609375 -1.4592536687850952
152.9744110107422 283.8729553222656 -1.4592536687850952
153.41966247558594 279.8978271484375 -1.4592536687850952
153.8649139404297 275.9226989746094 -1.4592536687850952
154.31016540527344 271.94757080078125 -1.4592536687850952
154.7554168701172 267.9724426269531 -1.4592536687850952
155.20066833496094 263.997314453125 -1.4592536687850952
155.6459197998047 260.0221862792969 -1.4592536687850952
156.09117126464844 256.04705810546875 -1.4592536687850952
156.5364227294922 252.07191467285156 -1.4592536687850952
156.98167419433594 248.09677124023438 -1.4592536687850952
157.4268341064453 244.1218719482422 -1.4592794179916382
157.4268341064453 244.1218719482422 -1.4592794179916382
157.41085815429688 242.56072998046875 -1.7027710676193237
156.88449096679688 238.59552001953125 -1.7027710676193237
156.35812377929688 234.63031005859375 -1.7027710676193237
155.83175659179688 230.66510009765625 -1.7027721405029297
155.43988037109375 229.15386962890625 -1.9462642669677734
153.97305297851562 225.43252563476562 -1.9462642669677734
152.5062255859375 221.711181640625 -1.9462642669677734
151.7615509033203 220.3389892578125 -2.1897552013397217
149.4407958984375 217.0810546875 -2.1897552013397217
147.1200408935547 213.8231201171875 -2.1897552013397217
145.1703643798828 211.31044006347656 -2.271627902984619
142.59095764160156 208.2532196044922 -2.271627902984619
140.4423065185547 205.9084014892578 -2.3535006046295166
137.6215057373047 203.07237243652344 -2.3535006046295166
135.2496337890625 200.86163330078125 -2.429182767868042
132.22247314453125 198.2469940185547 -2.429182767868042
132.12289428710938 198.19021606445312 -2.8176474571228027
128.33094787597656 196.91697692871094 -2.8176474571228027
124.53900146484375 195.64373779296875 -2.8176474571228027
120.74705505371094 194.37049865722656 -2.8176474571228027
116.95510864257812 193.09725952148438 -2.8176474571228027
113.16316223144531 191.8240203857422 -2.8176474571228027
109.3712158203125 190.55078125 -2.8176474571228027
105.57926940917969 189.2775421142578 -2.8176474571228027
101.78732299804688 188.00430297851562 -2.8176474571228027
97.99537658691406 186.73106384277344 -2.8176474571228027
94.20343017578125 185.45782470703125 -2.8176474571228027
90.41148376464844 184.18458557128906 -2.8176474571228027
86.61953735351562 182.91134643554688 -2.8176474571228027
82.82759094238281 181.6381072998047 -2.8176474571228027
79.03564453125 180.3648681640625 -2.8176474571228027
75.24369812011719 179.0916290283203 -2.8176474571228027
71.45175170898438 177.81838989257812 -2.8176474571228027
67.65980529785156 176.54515075683594 -2.8176474571228027
63.86785888671875 175.27191162109375 -2.8176474571228027
60.07591247558594 173.99867248535156 -2.8176474571228027
56.283966064453125 172.72543334960938 -2.8176474571228027
52.49201965332031 171.4521942138672 -2.8176474571228027
48.7000732421875 170.178955078125 -2.8176474571228027
44.90812683105469 168.9057159423828 -2.8176474571228027
41.116180419921875 167.63247680664062 -2.8176474571228027
37.32423400878906 166.35923767089844 -2.8176474571228027
33.53228759765625 165.08599853515625 -2.8176474571228027
29.756866455078125 163.82223510742188 -2.8195157051086426
26.701345443725586 162.93983459472656 -2.90138840675354
23.58389663696289 162.31027221679688 -2.9832611083984375
20.42584991455078 161.93789672851562 -3.0651795864105225
20.38306999206543 161.943115234375 2.8223443031311035
24.15118980407715 160.69139099121094 2.8194029331207275
27.915611267089844 159.4285888671875 2.8164615631103516
31.67630386352539 158.15472412109375 2.8135201930999756
35.433231353759766 156.8697967529297 2.8105788230895996
39.186363220214844 155.57382202148438 2.8076374530792236
39.186363220214844 155.57382202148438 2.8046960830688477
39.186363220214844 155.57382202148438 2.8017547130584717
39.186363220214844 155.57382202148438 2.7988133430480957
39.186363220214844 155.57382202148438 2.7958719730377197
39.186363220214844 155.57382202148438 2.7929306030273438
39.186363220214844 155.57382202148438 2.7899892330169678
39.186363220214844 155.57382202148438 2.787047863006592
39.186363220214844 155.57382202148438 2.784106492996216
39.186363220214844 155.57382202148438 2.78116512298584
39.186363220214844 155.57382202148438 2.778223752975464
