62.33902359008789 452.1549377441406 0.7035254836082458
64.84644317626953 454.11138916015625 0.6216527819633484
67.5054702758789 455.8562316894531 0.5397800803184509
70.29827880859375 457.37774658203125 0.45790737867355347
73.20616912841797 458.665771484375 0.376034677028656
76.20965576171875 459.711669921875 0.29416197538375854
79.28861236572266 460.5084533691406 0.21228927373886108
82.42241668701172 461.0507507324219 0.13041657209396362
85.59008026123047 461.3349609375 0.04854387044906616
88.77037048339844 461.3591613769531 -0.0333288311958313
91.94198608398438 461.1231994628906 -0.11520153284072876
95.08367919921875 460.6286315917969 -0.19707423448562622
98.17440795898438 459.8787841796875 -0.2789469361305237
101.1934585571289 458.8786926269531 -0.36081963777542114
104.12060546875 457.6350402832031 -0.4426923394203186
106.93624114990234 456.15618896484375 -0.5245650410652161
109.62150573730469 454.4520263671875 -0.6064377427101135
112.15840148925781 452.5339660644531 -0.688310444355011
114.52993774414062 450.41485595703125 -0.7701831459999084
111.67316436767578 453.1906433105469 -0.7718592286109924
113.8577880859375 450.88238525390625 -0.8539557456970215
115.84744262695312 448.4012451171875 -0.935828447341919
117.62752532958984 445.76568603515625 -1.0177011489868164
119.72882080078125 442.362060546875 -1.0177011489868164
121.83011627197266 438.95843505859375 -1.0177011489868164
123.93141174316406 435.5548095703125 -1.0177011489868164
126.03270721435547 432.15118408203125 -1.0177011489868164
128.1339874267578 428.7475891113281 -1.017702341079712
129.69256591796875 425.97528076171875 -1.0995750427246094
131.5084686279297 422.4112243652344 -1.0995750427246094
133.32437133789062 418.84716796875 -1.0995750427246094
135.14027404785156 415.2831115722656 -1.0995750427246094
133.33494567871094 418.8337707519531 -1.101249098777771
135.14488220214844 415.26666259765625 -1.101249098777771
133.3455047607422 418.8203430175781 -1.1029231548309326
135.1494598388672 415.2502136230469 -1.1029231548309326
133.3560333251953 418.806884765625 -1.1045972108840942
135.1540069580078 415.2337646484375 -1.1045972108840942
133.3665313720703 418.7934265136719 -1.1062712669372559
135.1585235595703 415.21728515625 -1.1062712669372559
133.37701416015625 418.7799377441406 -1.1079453229904175
135.16302490234375 415.2008056640625 -1.1079453229904175
136.94903564453125 411.6216735839844 -1.1079453229904175
135.17349243164062 415.18731689453125 -1.109619379043579
136.95350646972656 411.6051940917969 -1.109619379043579
135.18392944335938 415.1737976074219 -1.1112934350967407
136.95794677734375 411.5887145996094 -1.1112934350967407
135.19435119628906 415.1602783203125 -1.1129674911499023
136.9623565673828 411.5722351074219 -1.1129674911499023
135.20474243164062 415.1467590332031 -1.114641547203064
136.96673583984375 411.5557556152344 -1.114641547203064
135.21510314941406 415.1332092285156 -1.1163156032562256
136.97108459472656 411.53924560546875 -1.1163156032562256
135.22544860839844 415.11962890625 -1.1179896593093872
136.9754180908203 411.5227355957031 -1.1179896593093872
135.23577880859375 415.10601806640625 -1.1196637153625488
136.97972106933594 411.5061950683594 -1.1196637153625488
135.24607849121094 415.0924072265625 -1.1213377714157104
136.98399353027344 411.48968505859375 -1.1213377714157104
135.25636291503906 415.07879638671875 -1.123011827468872
136.9882354736328 411.4731750488281 -1.123011827468872
135.26661682128906 415.0651550292969 -1.1246858835220337
136.99246215820312 411.4566345214844 -1.1246858835220337
135.27685546875 415.0514831542969 -1.1263599395751953
136.9966583251953 411.4400634765625 -1.1263599395751953
135.2870635986328 415.03778076171875 -1.128033995628357
137.0008087158203 411.4234924316406 -1.128033995628357
135.2972412109375 415.0240783691406 -1.1297080516815186
137.00494384765625 411.40692138671875 -1.1297080516815186
135.30740356445312 415.0103454589844 -1.1313821077346802
137.00904846191406 411.3903503417969 -1.1313821077346802
135.3175506591797 414.9966125488281 -1.1330561637878418
137.01312255859375 411.373779296875 -1.1330561637878418
135.32766723632812 414.9828796386719 -1.1347302198410034
137.01718139648438 411.3572082519531 -1.1347302198410034
135.3377685546875 414.9691162109375 -1.136404275894165
137.02120971679688 411.3406066894531 -1.136404275894165
135.34783935546875 414.955322265625 -1.1380783319473267
137.0251922607422 411.3240051269531 -1.1380783319473267
135.35787963867188 414.9415283203125 -1.1397523880004883
137.02915954589844 411.3074035644531 -1.1397523880004883
135.36790466308594 414.9277038574219 -1.14142644405365
137.03309631347656 411.2908020019531 -1.14142644405365
135.37789916992188 414.91387939453125 -1.1431005001068115
137.03700256347656 411.274169921875 -1.1431005001068115
135.38787841796875 414.9000244140625 -1.1447745561599731
137.04087829589844 411.257568359375 -1.1447745561599731
135.3978271484375 414.88616943359375 -1.1464486122131348
137.04473876953125 411.2409362792969 -1.1464486122131348
135.4077606201172 414.8722839355469 -1.1481226682662964
137.04856872558594 411.22430419921875 -1.1481226682662964
135.4176788330078 414.8583984375 -1.149796724319458
137.0523681640625 411.2076721191406 -1.149796724319458
135.4275665283203 414.844482421875 -1.1514707803726196
137.05613708496094 411.1910400390625 -1.1514707803726196
135.4374237060547 414.83056640625 -1.1531448364257812
137.0598907470703 411.17437744140625 -1.1531448364257812
135.447265625 414.81658935546875 -1.1548188924789429
137.0635986328125 411.15771484375 -1.1548188924789429
135.4570770263672 414.8026428222656 -1.1564929485321045
137.06729125976562 411.14105224609375 -1.1564929485321045
135.4668731689453 414.7886657714844 -1.1581670045852661
137.07095336914062 411.1243896484375 -1.1581670045852661
135.4766387939453 414.774658203125 -1.1598410606384277
137.0745849609375 411.1076965332031 -1.1598410606384277
138.6725311279297 407.44073486328125 -1.1598410606384277
137.08433532714844 411.09368896484375 -1.1615151166915894
138.67613220214844 407.424072265625 -1.1615151166915894
137.09405517578125 411.0796813964844 -1.163189172744751
138.67970275878906 407.4073791503906 -1.163189172744751
137.10374450683594 411.06561279296875 -1.1648632287979126
138.68324279785156 407.39068603515625 -1.1648632287979126
137.11341857910156 411.0515441894531 -1.1665372848510742
138.686767578125 407.37396240234375 -1.1665372848510742
137.12306213378906 411.0374450683594 -1.1682113409042358
138.69024658203125 407.35723876953125 -1.1682113409042358
137.13267517089844 411.0233459472656 -1.1698853969573975
138.69371032714844 407.34051513671875 -1.1698853969573975
137.1422882080078 411.00921630859375 -1.171559453010559
138.6971435546875 407.32379150390625 -1.171559453010559
137.15185546875 410.9950866699219 -1.1732335090637207
138.70054626464844 407.30706787109375 -1.1732335090637207
137.16140747070312 410.98095703125 -1.1749075651168823
138.70391845703125 407.29034423828125 -1.1749075651168823
137.1709442138672 410.966796875 -1.176581621170044
138.707275390625 407.2735900878906 -1.176581621170044
137.18045043945312 410.9526062011719 -1.1782556772232056
138.71060180664062 407.2568359375 -1.1782556772232056
140.24075317382812 403.5610656738281 -1.1782556772232056
138.7200927734375 407.2426452636719 -1.1799297332763672
140.24404907226562 403.5443420410156 -1.1799297332763672
138.72955322265625 407.22845458984375 -1.1816037893295288
140.247314453125 403.527587890625 -1.1816037893295288
138.73898315429688 407.2142333984375 -1.1832778453826904
140.25054931640625 403.5108337402344 -1.1832778453826904
138.74839782714844 407.1999816894531 -1.184951901435852
140.25376892089844 403.4940490722656 -1.184951901435852
138.75779724121094 407.18572998046875 -1.1866259574890137
140.2569580078125 403.477294921875 -1.1866259574890137
138.7671661376953 407.17144775390625 -1.1883000135421753
140.26011657714844 403.46051025390625 -1.1883000135421753
138.77650451660156 407.15716552734375 -1.189974069595337
140.26324462890625 403.4437255859375 -1.189974069595337
138.78582763671875 407.1428527832031 -1.1916481256484985
140.26634216308594 403.42694091796875 -1.1916481256484985
138.7951202392578 407.1285400390625 -1.1933221817016602
140.2694091796875 403.41015625 -1.1933221817016602
138.80438232421875 407.1142272949219 -1.1949962377548218
140.27244567871094 403.39337158203125 -1.1949962377548218
138.81362915039062 407.0998840332031 -1.1966702938079834
140.2754669189453 403.3765869140625 -1.1966702938079834
138.82284545898438 407.0855407714844 -1.198344349861145
140.2784423828125 403.35980224609375 -1.198344349861145
138.83204650878906 407.0711669921875 -1.2000184059143066
140.28140258789062 403.3429870605469 -1.2000184059143066
138.84121704101562 407.0567626953125 -1.2016924619674683
140.28433227539062 403.326171875 -1.2016924619674683
138.85035705566406 407.0423583984375 -1.2033665180206299
140.2872314453125 403.3093566894531 -1.2033665180206299
138.85948181152344 407.0279541015625 -1.2050405740737915
140.29010009765625 403.29254150390625 -1.2050405740737915
138.8685760498047 407.0135192871094 -1.2067146301269531
140.29293823242188 403.2757263183594 -1.2067146301269531
138.87765502929688 406.99908447265625 -1.2083886861801147
140.29576110839844 403.2589111328125 -1.2083886861801147
138.88670349121094 406.984619140625 -1.2100627422332764
140.29855346679688 403.2420654296875 -1.2100627422332764
138.89573669433594 406.9701232910156 -1.211736798286438
140.3013153076172 403.2252197265625 -1.211736798286438
138.9047393798828 406.95562744140625 -1.2134108543395996
140.30404663085938 403.2083740234375 -1.2134108543395996
138.91372680664062 406.94110107421875 -1.2150849103927612
140.3067626953125 403.1914978027344 -1.2150849103927612
138.9226837158203 406.92657470703125 -1.2167589664459229
140.30943298339844 403.1746520996094 -1.2167589664459229
138.93161010742188 406.9120178222656 -1.2184330224990845
140.31207275390625 403.15777587890625 -1.2184330224990845
138.9405059814453 406.8974609375 -1.220107078552246
140.31468200683594 403.14093017578125 -1.220107078552246
138.9493865966797 406.8829040527344 -1.2217811346054077
140.31727600097656 403.1240539550781 -1.2217811346054077
138.958251953125 406.8682861328125 -1.2234551906585693
140.31985473632812 403.1071472167969 -1.2234551906585693
138.9670867919922 406.8536682128906 -1.225129246711731
140.3223876953125 403.09027099609375 -1.225129246711731
138.9759063720703 406.83905029296875 -1.2268033027648926
140.3249053955078 403.0733947753906 -1.2268033027648926
138.9846954345703 406.8244323730469 -1.2284773588180542
140.327392578125 403.0565185546875 -1.2284773588180542
141.6700897216797 399.2886047363281 -1.2284773588180542
140.33616638183594 403.0418701171875 -1.2301514148712158
141.67254638671875 399.2716979980469 -1.2301514148712158
140.34490966796875 403.0271911621094 -1.2318254709243774
141.6749725341797 399.2547912597656 -1.2318254709243774
140.35362243652344 403.01251220703125 -1.233499526977539
141.6773681640625 399.2379150390625 -1.233499526977539
140.3623046875 402.9978332519531 -1.2351735830307007
141.6797332763672 399.22100830078125 -1.2351735830307007
140.3709716796875 402.9831237792969 -1.2368476390838623
141.6820831298828 399.2041015625 -1.2368476390838623
140.37962341308594 402.9683837890625 -1.238521695137024
141.6844024658203 399.1871643066406 -1.238521695137024
140.38824462890625 402.9536437988281 -1.2401957511901855
141.6866912841797 399.1702575683594 -1.2401957511901855
140.39683532714844 402.93890380859375 -1.2418698072433472
141.68894958496094 399.1533508300781 -1.2418698072433472
140.40541076660156 402.92413330078125 -1.2435438632965088
141.69117736816406 399.13641357421875 -1.2435438632965088
140.4139404296875 402.9093322753906 -1.2452179193496704
141.69337463378906 399.1194763183594 -1.2452179193496704
140.42245483398438 402.89453125 -1.246891975402832
141.69554138183594 399.1025390625 -1.246891975402832
140.4309539794922 402.8797302246094 -1.2485660314559937
141.69769287109375 399.0856018066406 -1.2485660314559937
140.43942260742188 402.8648986816406 -1.2502400875091553
141.69979858398438 399.06866455078125 -1.2502400875091553
140.44786071777344 402.8500671386719 -1.251914143562317
141.70188903808594 399.0517272949219 -1.251914143562317
140.45628356933594 402.835205078125 -1.2535881996154785
141.70394897460938 399.0347595214844 -1.2535881996154785
140.4646759033203 402.8203430175781 -1.2552622556686401
141.7059783935547 399.017822265625 -1.2552622556686401
140.47305297851562 402.8054504394531 -1.2569363117218018
141.70797729492188 399.0008544921875 -1.2569363117218018
140.48138427734375 402.7905578613281 -1.2586103677749634
141.70994567871094 398.98388671875 -1.2586103677749634
142.93850708007812 395.1772155761719 -1.2586103677749634
141.71826171875 398.9689636230469 -1.260284423828125
142.94044494628906 395.1602478027344 -1.260284423828125
141.72654724121094 398.95404052734375 -1.2619584798812866
142.94235229492188 395.1432800292969 -1.2619584798812866
141.7348175048828 398.9390869140625 -1.2636325359344482
142.94424438476562 395.1263122558594 -1.2636325359344482
141.74305725097656 398.92413330078125 -1.2653065919876099
142.94610595703125 395.1093444824219 -1.2653065919876099
141.75128173828125 398.9091796875 -1.2669806480407715
142.94793701171875 395.0923767089844 -1.2669806480407715
141.7594757080078 398.8941955566406 -1.268654704093933
142.94973754882812 395.07537841796875 -1.268654704093933
141.76763916015625 398.8791809082031 -1.2703287601470947
142.95150756835938 395.0583801269531 -1.2703287601470947
141.77578735351562 398.8641662597656 -1.2720028162002563
142.95326232910156 395.0413818359375 -1.2720028162002563
143.3848114013672 392.9654541015625 -1.459659218788147
143.8284454345703 388.9901428222656 -1.459659218788147
144.27207946777344 385.01483154296875 -1.459659218788147
144.71571350097656 381.0395202636719 -1.459659218788147
145.1593475341797 377.064208984375 -1.459659218788147
145.6029815673828 373.0888977050781 -1.459659218788147
146.04661560058594 369.11358642578125 -1.459659218788147
146.49024963378906 365.1382751464844 -1.459659218788147
146.9338836669922 361.1629638671875 -1.459659218788147
147.3775177001953 357.1876525878906 -1.459659218788147
147.82115173339844 353.21234130859375 -1.459659218788147
148.26478576660156 349.2370300292969 -1.459659218788147
148.7084197998047 345.26171875 -1.459659218788147
149.1520538330078 341.2864074707031 -1.459659218788147
149.59568786621094 337.31109619140625 -1.459659218788147
150.03932189941406 333.3357849121094 -1.459659218788147
150.4829559326172 329.3604736328125 -1.459659218788147
150.9265899658203 325.3851623535156 -1.459659218788147
151.37022399902344 321.40985107421875 -1.459659218788147
151.81385803222656 317.4345397949219 -1.459659218788147
152.2574920654297 313.459228515625 -1.459659218788147
152.7011260986328 309.4839172363281 -1.459659218788147
153.14476013183594 305.50860595703125 -1.459659218788147
153.58839416503906 301.5332946777344 -1.459659218788147
154.0320281982422 297.5579833984375 -1.459659218788147
154.4756622314453 293.5826721191406 -1.459659218788147
154.91929626464844 289.60736083984375 -1.459659218788147
155.36293029785156 285.6320495605469 -1.459659218788147
155.8065643310547 281.65673828125 -1.459659218788147
155.80809020996094 279.86602783203125 -1.6802235841751099
155.3712615966797 275.88995361328125 -1.6802235841751099
154.93443298339844 271.91387939453125 -1.6802235841751099
154.4976043701172 267.93780517578125 -1.6802235841751099
154.06077575683594 263.96173095703125 -1.6802235841751099
153.6239471435547 259.98565673828125 -1.6802235841751099
153.18711853027344 256.00958251953125 -1.6802235841751099
152.7502899169922 252.03350830078125 -1.6802235841751099
152.31346130371094 248.05743408203125 -1.6802235841751099
151.8766326904297 244.08135986328125 -1.6802235841751099
151.43980407714844 240.10528564453125 -1.6802235841751099
151.0029754638672 236.12921142578125 -1.6802235841751099
150.56614685058594 232.15313720703125 -1.6802235841751099
150.2076416015625 230.6282501220703 -1.9231911897659302
148.82705688476562 226.87405395507812 -1.9231911897659302
147.6107177734375 223.94729614257812 -2.006155490875244
146.1525421142578 221.1208953857422 -2.0880281925201416
144.46810913085938 218.42320251464844 -2.169900894165039
142.56869506835938 215.872314453125 -2.2517735958099365
140.46702575683594 213.4853057861328 -2.333646297454834
138.17718505859375 211.27816772460938 -2.4155189990997314
135.18603515625 208.62240600585938 -2.4155189990997314
132.72335815429688 206.60992431640625 -2.497391700744629
129.52503967285156 204.2076873779297 -2.497391700744629
126.32672119140625 201.80545043945312 -2.497391700744629
123.12840270996094 199.40321350097656 -2.497391700744629
119.93008422851562 197.0009765625 -2.497391700744629
116.73176574707031 194.59873962402344 -2.497392177581787
114.11275482177734 192.79440307617188 -2.5792648792266846
110.72869110107422 190.66177368164062 -2.5792648792266846
107.3446273803711 188.52914428710938 -2.5792648792266846
104.66496276855469 187.00743103027344 -2.6709980964660645
101.09976959228516 185.1937713623047 -2.6709980964660645
97.53457641601562 183.38011169433594 -2.6709980964660645
93.9693832397461 181.5664520263672 -2.6709980964660645
90.40419006347656 179.75279235839844 -2.6709980964660645
86.83899688720703 177.9391326904297 -2.6709980964660645
83.2738037109375 176.12547302246094 -2.6709980964660645
79.70861053466797 174.3118133544922 -2.6709980964660645
76.14341735839844 172.49815368652344 -2.6709980964660645
79.69512939453125 174.3011932373047 -2.6726818084716797
76.12688446044922 172.4935302734375 -2.6726818084716797
79.68162536621094 174.29058837890625 -2.674365282058716
76.11034393310547 172.4889373779297 -2.674365282058716
79.66810607910156 174.28001403808594 -2.676048517227173
76.09379577636719 172.484375 -2.676048517227173
72.51948547363281 170.68873596191406 -2.676048517227173
68.94517517089844 168.89309692382812 -2.676048517227173
65.37086486816406 167.0974578857422 -2.676048517227173
61.79655456542969 165.30181884765625 -2.676048517227173
58.22224426269531 163.5061798095703 -2.676048517227173
54.64793395996094 161.71054077148438 -2.676048517227173
51.07362365722656 159.91490173339844 -2.676048517227173
48.17391586303711 158.6035614013672 -2.757715940475464
44.46503829956055 157.10548400878906 -2.757715940475464
40.756160736083984 155.60740661621094 -2.757715940475464
40.756160736083984 155.60740661621094 -2.757715940475464
39.2482795715332 155.2028350830078 -3.0012083053588867
43.19281768798828 155.7568817138672 -3.002882480621338
47.138275146484375 156.3043212890625 -3.004556655883789
45.577396392822266 156.2804718017578 3.035120964050293
49.537742614746094 155.85385131835938 3.033446788787842
53.49736785888672 155.4206085205078 3.0317726135253906
57.45626449584961 154.98072814941406 3.0300984382629395
61.4144172668457 154.5342254638672 3.0284242630004883
61.4144172668457 154.5342254638672 3.026750087738037
61.4144172668457 154.5342254638672 3.025075912475586
61.4144172668457 154.5342254638672 3.0234017372131348
61.4144172668457 154.5342254638672 3.0217275619506836
61.4144172668457 154.5342254638672 3.0200533866882324
61.4144172668457 154.5342254638672 3.0183792114257812
61.4144172668457 154.5342254638672 3.01670503616333
61.4144172668457 154.5342254638672 3.015030860900879
61.4144172668457 154.5342254638672 3.0133566856384277
61.4144172668457 154.5342254638672 3.0116825103759766
