-392.1652245785092
-394.1486284902436
-395.93988462673457
-397.52976298726537
-398.9102138713257
-400.0742760531075
-401.01614513899756
-401.73116115689743
-402.21580494286695
-402.46767648127394
-402.48557205578066
-402.26939339835474
-401.8201867104275
-401.1401645620832
-400.23267529874414
-399.1022148245552
-397.75438938765524
-396.196004228173
-394.4349548985182
-396.7789344619878
-394.80117618149217
-392.64119062007575
-390.31037743591116
-387.2901870363117
-384.2878961295027
-381.30392752398706
-378.3387147456057
-375.9057713725771
-372.7620675699819
-369.63491347293325
-366.5247326832085
-363.4319609639631
-366.52080976343785
-363.42655650660515
-366.51691680230863
-363.4211787633613
-366.51302390201
-363.41577118863654
-366.50909810472695
-363.4103604730927
-366.50520226546996
-363.404982798621
-366.5013095473683
-363.3995752928222
-366.49738393194747
-363.39416464585173
-366.49345837713963
-363.388754021679
-366.4895328829468
-363.38334342030504
-366.4856043878984
-363.37792967717127
-366.4816759530849
-363.37251595660246
-366.47774757850834
-363.3671022585995
-366.47381926417063
-363.3616885831635
-366.46989101007364
-363.35627493029546
-366.4659628162194
-363.35085813484926
-366.462031619988
-363.34544136173827
-366.45807058714433
-363.3399947572532
-366.4541096143231
-363.33457802886545
-366.4501785978457
-363.32915815720105
-366.4462146816106
-363.32370845408053
-366.4422538885988
-363.3182886266781
-366.438290091849
-363.31283896792047
-366.4343263547494
-363.3074160187034
-366.43036267730184
-363.3019664041959
-366.42639905950836
-363.2965434988998
-366.42243243684027
-363.2910875957885
-366.41846587344924
-363.28566473418556
-366.4144993693372
-363.2802387278044
-366.4105329245061
-363.27478288995525
-366.40653664349753
-363.26932707385635
-366.4025373564487
-363.263868112503
-366.39856802376704
-363.2584390256441
-366.39459874999426
-363.25300996021053
-366.3906295351324
-363.2475809162032
-366.38665731294464
-363.2421487261596
-360.11461278973934
-363.23820803783866
-360.10919988324383
-363.2342375565837
-360.1037571903756
-363.23026713522387
-360.0983145195753
-363.2262967737611
-360.09286860007603
-363.22232330377625
-360.0874227024141
-363.21834989330966
-360.0819768265903
-363.21434669010495
-360.0765309726058
-363.21037656775627
-360.0710851404615
-363.20640333612823
-360.0656393301584
-363.2024003120118
-360.0601902702337
-363.19842402995096
-360.05474123192073
-363.19442112494465
-360.0492922152203
-363.1904449614539
-360.0438399483239
-363.18643900542503
-360.0383909747362
-363.18243310871236
-360.03290894304735
-363.1784241007963
-360.0274534683175
-363.17441515181946
-360.0220012870144
-363.1704094326855
-360.0165193195737
-363.1663707504972
-360.0110341011242
-363.16236197862065
-360.0055787113611
-363.15835326569106
-360.00012334276
-363.1543414400478
-359.99466472248054
-363.1503296729757
-359.98920612313697
-363.1463179644768
-359.98374754473025
-363.14230631455297
-359.97828898726135
-363.1382648724848
-359.97280064360586
-363.13422348915697
-359.9673123209901
-363.1301821645713
-359.9618207458916
-363.12613772573974
-359.95632919160744
-363.1220933452753
-359.95086746506445
-363.1180490231799
-359.94537267849955
-363.1140015858983
-359.9398779125258
-363.1099243564538
-359.93438316714406
-363.10587703524453
-359.9288851681553
-363.1018297720342
-359.92342027052644
-363.0977825668247
-359.9179223123397
-363.093702395281
-359.91242437452394
-363.0896553059707
-359.90692645708003
-363.0855752501135
-359.9014252852486
-363.08149525204834
-359.8959241335673
-363.077441986041
-359.89042300203704
-363.07336210329737
-359.88492189065875
-363.0692791027229
-359.8794175242275
-363.0651961595722
-359.8739131777277
-363.0611132738473
-359.8684088511601
-363.05702726935885
-359.8629012689878
-363.05294132192523
-359.8573937065284
-363.04885543154836
-359.85188616378275
-363.04476959823023
-359.8463786407518
-363.0406838219727
-359.8408711374366
-363.0365981027778
-359.83536365383776
-363.03251244064734
-359.82985618995644
-363.0283969870234
-359.82431893999285
-363.0242815906273
-359.81880823917743
-363.020192921986
-359.81329755786214
-363.01607446172216
-359.8077570903921
-363.0119560583178
-359.802243171379
-363.00783453333986
-359.7966994660902
-363.0037130648523
-359.7911823087272
-362.9995916528571
-359.7856386420437
-362.99547029735606
-359.78012152297396
-362.9913458191721
-359.7745746176059
-362.9871947287133
-359.76902773140415
-362.9830405153619
-359.7634808643697
-362.9789162059064
-359.75796054410915
-362.9747919525829
-359.75241043752806
-362.97063790794414
-359.7468603498999
-362.96648073930595
-359.7413102812256
-362.96232680707163
-359.735760231506
-362.95816975047063
-359.73020692258274
-362.95401274979855
-359.72465363240025
-362.94985580505727
-359.71910036095926
-362.94569891624866
-359.71354710826074
-362.9415389019696
-359.7079905957167
-362.93734909643945
-359.7024341017023
-362.93318919337423
-359.69687762621834
-362.92902934587954
-359.6913211692658
-362.9248695539572
-359.68576145182936
-362.92067678877817
-359.6802017527127
-362.91651392538796
-359.6746420719166
-362.9123212708614
-359.66908240944196
-362.9081585179704
-359.6635194858487
-362.90396279103936
-359.6579565803665
-362.899800148471
-359.65239369299616
-362.89560453165564
-359.64683082373847
-362.89140896984827
-359.6412646927311
-362.8872102792516
-359.63566877543605
-356.399356387832
-359.6315022247567
-356.39380707499294
-359.6273324499198
-356.38825778074505
-359.6231627308961
-356.38270512701877
-359.6189930676875
-356.3771227313913
-359.6147903756167
-356.3715403542404
-359.6105910202397
-356.36595799556693
-359.6063884395789
-356.36037227687336
-359.6021859145334
-356.3547865764453
-359.597983445105
-356.34923065432093
-359.5938075528463
-356.3436713715504
-359.58963171567603
-356.3381154856618
-359.58542941257707
-356.33252985805257
-359.58122716510314
-356.3269442487132
-359.57702169069273
-356.3213816589575
-359.5728129887937
-356.31578932720504
-359.5686043417865
-356.31022677300234
-359.5643957496732
-356.30463447690016
-359.5601872124557
-356.29904219864824
-359.5559489274931
-356.2934499382475
-359.551740500154
-356.28788407533654
-359.5475288438645
-356.2822884705107
-359.5432874397112
-356.27669288332845
-359.53907589257614
-356.271123692973
-359.53486439998073
-356.2655281409281
-359.53062315977013
-356.25992922613534
-359.5263786894952
-356.25433032878067
-359.5221342735606
-356.2487280682633
-359.51788991196827
-356.24312920568315
-359.5136456047202
-356.23752697973435
-352.9763303018318
-356.2333077797922
-352.9707443967693
-356.22909201618177
-352.9651585096174
-356.2248729267312
-352.95956916213555
-356.2206538924368
-352.9539798323549
-356.21643153156566
-352.9483905202763
-356.21218284882497
-352.9428012259006
-356.20796397990983
-352.9372119492287
-356.2037417838687
-352.9316192114945
-356.1994898842965
-352.9260264912558
-356.1952677979337
-352.9204337885136
-356.19101262536805
-352.9148079104445
-356.18675750740346
-352.9092117634576
-356.18250244404186
-352.90358592011455
-356.17824743528513
-352.8979898077578
-356.1739924811353
-352.8923937126931
-356.16973758159435
-352.8867679214209
-356.16548273666416
-352.88117186099134
-356.16122794634674
-352.8755723380478
-356.1569698263271
-352.8699728321921
-356.15271176055626
-352.864343630119
-356.14842399171386
-352.8587109651139
-356.1441328924236
-352.8530783170894
-356.139841847188
-352.8474456860463
-356.13555424124337
-352.84181307198537
-356.13126330430623
-352.83618047490745
-356.1269724214296
-352.83054441418017
-356.12267820683115
-352.82493808320055
-356.1183874318981
-352.8193020559843
-356.1140933248811
-352.813662564609
-356.1097992715664
-352.8080265708525
-356.10550527195585
-352.8024168255116
-356.10121132605155
-352.7967773839245
-356.09691404697475
-352.79116419025246
-356.0926168212432
-352.7855247816758
-356.0883196488588
-352.779911620718
-356.0840225298235
-352.77426876350444
-356.0796957081483
-352.76862592267054
-356.0753953081091
-352.7629796163648
-356.07106520523564
-352.7573333262385
-356.06673515552086
-352.75168705229237
-356.0624349146266
-352.74607050683096
-356.0581313382126
-352.74042078294644
-356.05379805894006
-352.73477107504385
-356.0494648324709
-352.72912138312387
-356.04513165880707
-352.72347170718734
-356.0407985379505
-352.7178185645817
-356.03646208048104
-352.71216543776166
-356.0321256754609
-352.70651232672793
-356.0277893228921
-352.7008592314813
-356.02342326785816
-352.6952026689723
-356.01908363013587
-352.6895461220537
-356.014747434834
-352.6838895907262
-356.0104079014865
-352.6782330749907
-356.0060386656495
-352.67257657484794
-356.00169923658643
-352.666916606755
-355.99733010520197
-352.6612269424532
-355.99295763486293
-352.6555670052016
-355.98858521643615
-352.649903599511
-355.98424260410326
-352.6442436929594
-355.97987028942475
-352.6385803177746
-355.9754980266641
-352.63288724641825
-355.9711224237012
-352.6272239016904
-355.96675026460264
-352.6215605721692
-355.9623747649468
-352.6158937734321
-355.9579993168578
-352.6101972785146
-355.9535907738915
-352.60449731408545
-355.9491822823013
-352.5987973645686
-355.94477384208903
-352.59309742996487
-355.9403620598824
-352.5873940253686
-355.93595032870064
-352.5816906354943
-355.93153864854577
-352.5759872603425
-355.92712701941963
-352.5703136107921
-355.9227451943624
-352.56463997587576
-355.9183336672181
-352.558936644806
-355.9139221911082
-352.5532333284618
-355.9095073714144
-352.547556251965
-355.90509260240304
-352.5418494792605
-355.9006778840762
-352.53613923532527
-355.896233463884
-352.53043249159856
-355.89181884701264
-352.5247257624094
-355.887374528442
-352.51901556170606
-355.8829566173483
-352.5133350857823
-355.878538756594
-352.5076249137328
-355.87409119403407
-352.5019112696976
-349.14298796224506
-352.49751581521076
-349.137317941806
-352.49312389853054
-349.1316182695181
-352.4886988363604
-349.1259186119857
-352.4842738254751
-349.12021539058395
-352.4798488658765
-349.11451218374685
-352.4754204701561
-349.10880899147514
-352.47099561295755
-349.10310581376945
-352.4665673192833
-349.0973990716224
-352.4621390765457
-349.0916959229552
-352.45771088474675
-349.08598920965704
-352.4532827438883
-349.0802825107368
-352.44885116549034
-349.07460191285566
-352.44441963768014
-349.068891663069
-352.4399846716224
-349.06318142747256
-352.4355532448156
-349.0575008719797
-352.43112186860225
-349.05179066472016
-352.4266905429843
-349.04608047165294
-352.42222606958177
-349.0403667128236
-352.41779135533983
-349.0346529679994
-352.41332698267706
-349.0289392371811
-352.40886266042884
-349.02322552036924
-352.4044280970966
-349.0175082372343
-352.3999603851637
-349.01179096792
-352.3954927232963
-349.0060737124269
-352.3910251114963
-349.0003564707558
-352.3865575497656
-348.9946095774928
-352.382034113084
-348.98882945197676
-352.3775369438415
-348.98307900560275
-352.3730398248407
-348.9773249919743
-352.3685392644066
-348.9715709918893
-352.36403875386384
-348.96578734015793
-352.35950858554753
-348.9600037020608
-352.35497846729277
-348.9542164962459
-352.35044490671737
-348.9484589689387
-352.3459411032716
-348.94270145499416
-352.34143734937396
-348.936943954413
-352.33693364502625
-348.9311864671958
-352.33242649714225
-348.9254550764123
-352.3279193984603
-348.91969403388697
-352.3234123489824
-348.91393300454473
-352.31887564178845
-348.90817198838613
-352.31436869080665
-348.90241098541185
-352.3098285883122
-348.8966464133565
-352.30531824151785
-348.89088185430506
-352.3007782369944
-348.88511730825815
-352.2962382815005
-348.8793491926794
-352.2917245867998
-348.8736107544118
-352.2872109406183
-348.86784266444084
-352.28266414168087
-348.8620710044906
-352.2781173910821
-348.85629935718833
-345.44690373020813
-348.8517771197201
-345.4411448587808
-348.8472549317046
-345.43538600055354
-348.8427327931435
-345.4296271555271
-348.8382107040389
-345.4238683237021
-348.83368508061506
-345.41813545282406
-348.8291891701438
-345.41240259487626
-348.8246636448522
-345.4066401295389
-348.82013816867214
-345.40087400428627
-348.81560915712487
-345.39513751210535
-348.81108019434157
-345.38937141249045
-348.8065512803241
-345.3836053257178
-348.8019927517387
-345.3778355784909
-348.79746035016166
-345.3720658439275
-348.7928983338395
-345.36629612202825
-348.7883696147233
-345.3605560327573
-348.78383735867556
-345.35478633614383
-348.77927548814216
-345.3490129784518
-348.7747397429788
-345.34326925307846
-348.7702076321277
-345.33749592031876
-348.76564232064476
-345.3317226000483
-348.7610770574161
-345.32594561816774
-341.90309829343977
-345.3214010349676
-341.8973338500478
-345.31686017524595
-341.8915694195155
-345.3123156902754
-341.88580123832867
-345.3077712543343
-341.8800368334271
-345.30322686742454
-341.8742686776914
-345.2986825295481
-341.8685005346373
-345.2941345653717
-341.86276197884126
-345.28959032539115
-341.8569938611063
-345.2850424587622
-341.85122199199975
-345.2804946408219
-341.8454501353978
-345.27591357679734
-341.8396745270678
-340.40846547070146
-336.5884011824119
-332.7725655366432
-328.9611056858231
-325.1541755092985
-321.35193599092685
-317.5545556215411
-313.7622108281441
-309.9750864318416
-306.19337613668785
-302.41728305179817
-298.6470202492772
-294.8828113607262
-291.1248912153196
-287.37350652269663
-283.6289166041813
-279.89139417614393
-276.16122618963385
-272.43871473076524
-268.7241779867102
-265.01795128256407
-261.32038819478777
-257.6318617474054
-253.95276569765198
-250.28351591831102
-246.62455188457818
-242.97633827391334
-239.33936668801888
-235.71415750679336
-232.10126188486228
-228.5012639020758
-224.91478288018195
-221.34247587872807
-217.78504038409952
-214.24321720646145
-210.7177936002055
-207.20960662429536
-203.71954675961823
-200.2485618010425
-196.79766104230058
-195.363646767796
-191.54072247588178
-195.35793299557557
-191.53426499836664
-195.35223273242232
-191.52782820746572
-195.3465325172075
-191.52140483603546
-195.34083862447488
-191.51497419967973
-195.33514477904427
-191.50856424990218
-195.32946444137966
-191.5021470350576
-195.32379042438131
-191.49576392377566
-195.31812364081156
-191.4893808146743
-195.31246317705583
-191.48299044027246
-195.30679557214773
-191.47661348488137
-195.30114147297616
-191.47024994843
-195.2955008792155
-191.46389983084816
-195.28985314284657
-191.4575497152167
-195.28422609925946
-191.45122028605869
-195.27859910085905
-191.44488359115124
-195.27296495902985
-191.4385468981486
-195.26733713241714
-191.4322236238085
-195.26171653899522
-191.42591376806323
-195.2561022599582
-191.4196039141327
-195.25048802487936
-191.41330021076155
-195.24488010295374
-191.40699650908036
-195.23927222437638
-191.40071349376305
-195.23114044410457
-191.39158498374948
-195.2231226911583
-191.38257834632066
-195.2152189605485
-191.3737215340304
-195.20743643834604
-191.36499386195723
-195.1997616626022
-191.35638806158298
-195.1921739804966
-191.34788456795488
-195.1846805799899
-191.33948952907355
-195.1772608085412
-191.3311895282534
-195.16993531255108
-191.32299183381193
-195.16267717460977
-191.31486849225126
-195.1554926569998
-191.30684018826477
-195.14837549260935
-191.29888008904888
-195.14132567944768
-191.2910016108722
-195.13434321554354
-191.2831974849114
-195.1274074485603
-191.2754542946992
-195.120539026728
-191.26777930889924
-195.11370384118388
-191.26016525863722
-195.10694319151722
-191.25261214376968
-195.10021577490699
-191.24510040077624
-195.0935287844993
-191.23764232409027
-195.08687502400153
-191.23023176635496
-195.0802751427758
-191.22286872749882
-195.07370222815317
-191.2155532074515
-195.0671759945325
-191.20828520614376
-195.06068392124186
-191.20105130747257
-195.05422507088156
-191.19386492744417
-195.04779318312154
-191.1867053807665
-195.04140171228235
-191.17957993658953
-195.03501655055413
-191.17248859490465
-195.02867900086952
-191.16544477164368
-195.0223612133902
-191.158414365533
-195.01607038439283
-191.1514242083278
-195.00979931538518
-191.14445473752494
-195.00354174874866
-191.13751209957744
-194.99732459259354
-191.13060356387518
-194.99112093769554
-191.12372913041045
-194.98494423772334
-191.1168681138012
-194.97879449201446
-191.11004119938576
-194.9726510470696
-191.10322043213978
-194.96652110121283
-191.09643376698554
-194.96041090821032
-191.08966051848765
-194.95431421302362
-191.08290068659966
-194.94824446867625
-191.07617495672966
-194.9421882212883
-191.06946264340425
-194.93614547054113
-191.0627844320576
-194.93012966913952
-191.05611963719156
-194.92412016285812
-191.0494682587624
-194.9181241516573
-191.04283029672723
-194.91214163522366
-191.03620575104404
-194.90615195938122
-191.02959462167155
-194.8804617355032
-191.00120019934064
-194.85889327457525
-190.97739040467383
-194.83998534256276
-190.95653062663413
-194.82295663796538
-190.9377694587759
-194.80735596474662
-190.92059538233076
-194.79286667582141
-190.9046478241994
-194.77927350871136
-190.88969534608773
-194.76641405855867
-190.87556017144857
-194.75418789760198
-190.8621265810518
-194.74248740137975
-190.84928612631285
-194.73126499396298
-190.83696333428617
-194.72042651070151
-190.8250765872033
-194.7099584881327
-190.813605199038
-194.69980711678826
-190.80246755211618
-194.68992483106618
-190.7916502310573
-191.70021134913992
-188.53948220811628
-185.4226351172329
-182.37311105890242
-178.6009102587162
-174.83883639006314
-171.08755750279028
-167.34779954143372
-164.42909889122254
-160.8475876365821
-157.2862494691179
-153.74648624550863
-150.22982304071414
-147.513748128769
-144.22001066924798
-140.9628213970949
-138.4767578714725
-135.50364130594394
-132.584543426454
-129.72311095517432
-126.9232440809465
-124.18910689762781
-121.52513595090188
-118.93604615757074
-116.42683322654732
-114.60999247985994
-112.54050894441818
-110.57704067148435
-108.72533139437587
-106.99118394956628
-105.38040231467289
-103.89872441004279
-102.55174629924663
-101.34483902486296
-100.2830599746789
-99.37106133957724
-98.61299883170736
-98.61299883170736
-98.54545785939908
-98.28204036317712
-98.57278560310382
-97.50873504610246
-96.59587800912405
-95.83853484119187
-95.24040040554422
-94.80450393593685
-94.53308970458521
-94.53308970458521
-94.53308970458521
-94.53308970458521
-94.53308970458521
-94.53308970458521
-94.53308970458521
-94.53308970458521
-94.53308970458521
-94.53308970458521
-94.53308970458521
