62.339515686035156 452.15557861328125 0.7036041617393494
64.84732818603516 454.11279296875 0.6218101382255554
67.50666809082031 455.85858154296875 0.5400161147117615
70.29975128173828 457.3812561035156 0.45822209119796753
73.20790100097656 458.6706237792969 0.3764280676841736
76.21167755126953 459.71807861328125 0.29463404417037964
79.2909927368164 460.5166320800781 0.2128400206565857
82.42525482177734 461.0609130859375 0.13104599714279175
85.593505859375 461.3472900390625 0.0492519736289978
88.77456665039062 461.3738708496094 -0.03254204988479614
91.9471664428711 461.1404724121094 -0.11433607339859009
95.090087890625 460.64862060546875 -0.19613009691238403
98.18231964111328 459.9016418457031 -0.277924120426178
101.20317840576172 458.9045104980469 -0.3597181439399719
104.1324691772461 457.6639099121094 -0.44151216745376587
106.95060729980469 456.1881103515625 -0.5233061909675598
109.63874816894531 454.48699951171875 -0.6051002144813538
112.17891693115234 452.57196044921875 -0.6868942379951477
114.55412292480469 450.4557800292969 -0.7686882615089417
111.72553253173828 453.20635986328125 -0.7741426825523376
113.90730285644531 450.8912658691406 -0.8559368252754211
115.89263153076172 448.4056396484375 -0.9377308487892151
117.66824340820312 445.76611328125 -1.0195248126983643
119.7633285522461 442.3586730957031 -1.0195248126983643
121.85841369628906 438.95123291015625 -1.0195248126983643
123.95349884033203 435.5437927246094 -1.0195248126983643
126.048583984375 432.1363525390625 -1.0195248126983643
128.14366149902344 428.7289123535156 -1.0195248126983643
130.23873901367188 425.32147216796875 -1.0195248126983643
128.1512908935547 428.720703125 -1.0206245183944702
130.2426300048828 425.31097412109375 -1.0206245183944702
128.15892028808594 428.7124938964844 -1.0217242240905762
130.2465057373047 425.3004455566406 -1.0217242240905762
128.16653442382812 428.7042541503906 -1.0228239297866821
130.2503662109375 425.2899169921875 -1.0228239297866821
128.17413330078125 428.6960144042969 -1.023923635482788
130.25421142578125 425.2793884277344 -1.023923635482788
128.18173217773438 428.687744140625 -1.025023341178894
130.25804138183594 425.2688293457031 -1.025023341178894
128.18931579589844 428.6794738769531 -1.026123046875
130.26187133789062 425.25830078125 -1.026123046875
132.3344268798828 421.8371276855469 -1.026123046875
130.26943969726562 425.2500305175781 -1.027222752571106
132.33822631835938 421.8265686035156 -1.027222752571106
130.27700805664062 425.24176025390625 -1.028322458267212
132.34202575683594 421.8160095214844 -1.028322458267212
130.28456115722656 425.23345947265625 -1.0294221639633179
132.3458251953125 421.8054504394531 -1.0294221639633179
130.2921142578125 425.22515869140625 -1.0305218696594238
132.34959411621094 421.7948913574219 -1.0305218696594238
130.29965209960938 425.21685791015625 -1.0316215753555298
132.35336303710938 421.7843322753906 -1.0316215753555298
130.3071746826172 425.20855712890625 -1.0327212810516357
132.35711669921875 421.7737731933594 -1.0327212810516357
130.314697265625 425.2002258300781 -1.0338209867477417
132.36085510253906 421.76318359375 -1.0338209867477417
130.32220458984375 425.19189453125 -1.0349206924438477
132.3645782470703 421.7525939941406 -1.0349206924438477
130.32969665527344 425.18353271484375 -1.0360203981399536
132.3682861328125 421.74200439453125 -1.0360203981399536
130.33718872070312 425.1752014160156 -1.0371201038360596
132.3719940185547 421.7314453125 -1.0371201038360596
130.34466552734375 425.1668701171875 -1.0382198095321655
132.3756866455078 421.7208557128906 -1.0382198095321655
130.35214233398438 425.15850830078125 -1.0393195152282715
132.37936401367188 421.71026611328125 -1.0393195152282715
130.35960388183594 425.150146484375 -1.0404192209243774
132.38304138183594 421.6996765136719 -1.0404192209243774
130.3670654296875 425.1417541503906 -1.0415189266204834
132.38670349121094 421.6890563964844 -1.0415189266204834
130.37451171875 425.13336181640625 -1.0426186323165894
132.39035034179688 421.678466796875 -1.0426186323165894
130.38194274902344 425.1249694824219 -1.0437183380126953
132.39398193359375 421.6678466796875 -1.0437183380126953
130.38937377929688 425.1165771484375 -1.0448180437088013
132.39761352539062 421.6572570800781 -1.0448180437088013
130.39678955078125 425.1081848144531 -1.0459177494049072
132.40121459960938 421.6466369628906 -1.0459177494049072
130.40419006347656 425.0997619628906 -1.0470174551010132
132.40481567382812 421.6360168457031 -1.0470174551010132
130.41159057617188 425.0913391113281 -1.0481171607971191
132.4084014892578 421.6253967285156 -1.0481171607971191
132.51620483398438 421.31964111328125 -1.4155128002166748
133.1348419189453 417.3677673339844 -1.4155128002166748
133.75347900390625 413.4158935546875 -1.4155128002166748
134.3721160888672 409.4640197753906 -1.4155128002166748
134.99075317382812 405.51214599609375 -1.4155128002166748
135.60939025878906 401.5602722167969 -1.4155128002166748
136.22802734375 397.6083984375 -1.4155128002166748
136.84666442871094 393.6565246582031 -1.4155128002166748
137.46530151367188 389.70465087890625 -1.4155128002166748
138.0839385986328 385.7527770996094 -1.4155128002166748
138.7038116455078 381.8310241699219 -1.4125580787658691
139.33526611328125 377.9111022949219 -1.4096033573150635
139.97830200195312 373.9930725097656 -1.4066486358642578
140.63194274902344 370.0468444824219 -1.4066486358642578
141.28558349609375 366.1006164550781 -1.4066486358642578
141.93922424316406 362.1543884277344 -1.4066486358642578
142.59286499023438 358.2081604003906 -1.4066486358642578
143.2465057373047 354.2619323730469 -1.4066486358642578
143.900146484375 350.3157043457031 -1.4066486358642578
144.5537872314453 346.3694763183594 -1.4066486358642578
145.20742797851562 342.4232482910156 -1.4066486358642578
145.86106872558594 338.4770202636719 -1.4066486358642578
146.51470947265625 334.5307922363281 -1.4066486358642578
147.16835021972656 330.5845642089844 -1.4066486358642578
147.82199096679688 326.6383361816406 -1.4066486358642578
148.4756317138672 322.6921081542969 -1.4066486358642578
149.1292724609375 318.7458801269531 -1.4066486358642578
149.7829132080078 314.7996520996094 -1.4066486358642578
150.43655395507812 310.8534240722656 -1.4066486358642578
151.09019470214844 306.9071960449219 -1.4066486358642578
151.74383544921875 302.9609680175781 -1.4066486358642578
152.39747619628906 299.0147399902344 -1.4066486358642578
153.05111694335938 295.0685119628906 -1.4066486358642578
153.7047576904297 291.1222839355469 -1.4066486358642578
153.77093505859375 289.5624694824219 -1.6501408815383911
153.45388793945312 285.5750427246094 -1.6501408815383911
153.1368408203125 281.5876159667969 -1.6501408815383911
152.81979370117188 277.6001892089844 -1.6501408815383911
152.50274658203125 273.6127624511719 -1.6501408815383911
152.18569946289062 269.6253356933594 -1.6501408815383911
151.86865234375 265.6379089355469 -1.6501408815383911
151.55160522460938 261.6504821777344 -1.6501408815383911
151.23455810546875 257.6630554199219 -1.6501408815383911
150.91751098632812 253.67564392089844 -1.6501408815383911
150.6004638671875 249.688232421875 -1.6501408815383911
150.28341674804688 245.70082092285156 -1.6501408815383911
149.96636962890625 241.71340942382812 -1.6501408815383911
149.64932250976562 237.7259979248047 -1.6501408815383911
149.332275390625 233.73858642578125 -1.6501408815383911
149.01522827148438 229.7511749267578 -1.6501408815383911
148.70335388183594 228.22113037109375 -1.8936035633087158
147.57168579101562 225.24806213378906 -1.975398302078247
146.20089721679688 222.37738037109375 -2.057192325592041
144.6001434326172 219.6282958984375 -2.138986349105835
142.78013610839844 217.01919555664062 -2.220780372619629
140.75303649902344 214.56752014160156 -2.302574396133423
138.53240966796875 212.28965759277344 -2.384368419647217
135.62542724609375 209.54202270507812 -2.384368419647217
133.2256317138672 207.45262145996094 -2.4660871028900146
130.10406494140625 204.95144653320312 -2.4660871028900146
126.98249816894531 202.4502716064453 -2.4660871028900146
123.86093139648438 199.9490966796875 -2.4660871028900146
120.73936462402344 197.4479217529297 -2.4660871028900146
118.17755126953125 195.56192016601562 -2.5478811264038086
114.86206817626953 193.32415771484375 -2.5478811264038086
111.54658508300781 191.08639526367188 -2.5478811264038086
108.83924865722656 189.416015625 -2.6296751499176025
105.35202026367188 187.4566192626953 -2.6296751499176025
101.86479187011719 185.49722290039062 -2.6296751499176025
98.3775634765625 183.53782653808594 -2.6296751499176025
95.22586822509766 181.8543701171875 -2.672335624694824
91.65824890136719 180.04547119140625 -2.672335624694824
88.09062957763672 178.236572265625 -2.672335624694824
84.52301025390625 176.42767333984375 -2.672335624694824
80.95539093017578 174.6187744140625 -2.672335624694824
77.38777160644531 172.80987548828125 -2.672335624694824
73.82015228271484 171.0009765625 -2.672335624694824
70.25253295898438 169.19207763671875 -2.672335624694824
73.81123352050781 170.99395751953125 -2.673448085784912
70.24160766601562 169.18902587890625 -2.673448085784912
73.80230712890625 170.98695373535156 -2.674560308456421
70.23067474365234 169.18600463867188 -2.674560308456421
73.79338073730469 170.97996520996094 -2.6756722927093506
70.2197494506836 169.1829833984375 -2.6756722927093506
73.7844467163086 170.97299194335938 -2.676784038543701
70.20881652832031 169.17999267578125 -2.676784038543701
73.77550506591797 170.96603393554688 -2.6778955459594727
70.19788360595703 169.177001953125 -2.6778955459594727
73.76655578613281 170.95907592773438 -2.679006814956665
70.18695068359375 169.1740264892578 -2.679006814956665
66.60734558105469 167.38897705078125 -2.679006814956665
63.027740478515625 165.6039276123047 -2.679006814956665
59.44813537597656 163.81887817382812 -2.679006814956665
55.8685302734375 162.03382873535156 -2.679006814956665
52.28892517089844 160.248779296875 -2.679006814956665
48.709320068359375 158.46372985839844 -2.679006814956665
45.12971496582031 156.67868041992188 -2.679006814956665
43.65131759643555 156.1536865234375 -2.921736240386963
39.748111724853516 155.28155517578125 -2.921790838241577
39.748111724853516 155.28155517578125 -2.9218554496765137
38.19438934326172 155.12881469726562 3.117837429046631
42.182212829589844 155.03187561035156 3.1167376041412354
46.16992950439453 154.9305419921875 3.11563777923584
50.15753173828125 154.8248291015625 3.1145379543304443
54.145015716552734 154.7147216796875 3.113438129425049
58.13237380981445 154.60023498535156 3.1123383045196533
58.13237380981445 154.60023498535156 3.111238479614258
58.13237380981445 154.60023498535156 3.1101386547088623
58.13237380981445 154.60023498535156 3.109038829803467
58.13237380981445 154.60023498535156 3.1079390048980713
58.13237380981445 154.60023498535156 3.106839179992676
58.13237380981445 154.60023498535156 3.1057393550872803
58.13237380981445 154.60023498535156 3.1046395301818848
58.13237380981445 154.60023498535156 3.1035397052764893
58.13237380981445 154.60023498535156 3.1024398803710938
58.13237380981445 154.60023498535156 3.1013400554656982
