62.828426361083984 452.82843017578125 0.7853981852531433
65.65685272216797 455.6568603515625 0.7853981852531433
68.48528289794922 458.48529052734375 0.7853981852531433
71.31371307373047 461.313720703125 0.7853981852531433
74.14214324951172 464.14215087890625 0.7853981852531433
76.97057342529297 466.9705810546875 0.7853981852531433
79.79900360107422 469.79901123046875 0.7853981852531433
82.62743377685547 472.62744140625 0.7853981852531433
85.45586395263672 475.45587158203125 0.7853981852531433
88.28429412841797 478.2843017578125 0.7853981852531433
91.11272430419922 481.11273193359375 0.7853981852531433
93.94115447998047 483.941162109375 0.7853981852531433
96.76958465576172 486.76959228515625 0.7853981852531433
99.59801483154297 489.5980224609375 0.7853981852531433
102.42644500732422 492.42645263671875 0.7853981852531433
105.25487518310547 495.2548828125 0.7853981852531433
108.08330535888672 498.08331298828125 0.7853981852531433
110.91173553466797 500.9117431640625 0.7853981852531433
113.74016571044922 503.74017333984375 0.7853981852531433
116.56859588623047 506.568603515625 0.7853981852531433
119.39702606201172 509.39703369140625 0.7853981852531433
122.22545623779297 512.2254638671875 0.7853981852531433
125.05388641357422 515.0538940429688 0.7853981852531433
127.88231658935547 517.88232421875 0.7853981852531433
130.7107391357422 520.7107543945312 0.7853981852531433
133.53916931152344 523.5391845703125 0.7853981852531433
136.3675994873047 526.3676147460938 0.7853981852531433
139.19602966308594 529.196044921875 0.7853981852531433
142.0244598388672 532.0244750976562 0.7853981852531433
142.02984619140625 532.0280151367188 0.38604816794395447
145.73545837402344 533.5341186523438 0.38604816794395447
149.44107055664062 535.0402221679688 0.38604816794395447
153.1466827392578 536.5463256835938 0.38604816794395447
153.15306091308594 536.5475463867188 -0.01329919695854187
157.1527099609375 536.4943237304688 -0.01329919695854187
161.15235900878906 536.4411010742188 -0.01329919695854187
165.15200805664062 536.3878784179688 -0.01329919695854187
169.1516571044922 536.3346557617188 -0.01329919695854187
173.15130615234375 536.2814331054688 -0.01329919695854187
177.1509552001953 536.2282104492188 -0.01329919695854187
181.15060424804688 536.1749877929688 -0.01329919695854187
181.15692138671875 536.1736450195312 -0.4126492738723755
184.8211669921875 534.5695190429688 -0.4126492738723755
188.48541259765625 532.9653930664062 -0.4126492738723755
192.149658203125 531.3612670898438 -0.4126492738723755
195.81390380859375 529.7571411132812 -0.4126492738723755
199.4781494140625 528.1530151367188 -0.4126492738723755
203.14239501953125 526.5488891601562 -0.4126492738723755
206.806640625 524.9447631835938 -0.4126492738723755
210.47088623046875 523.3406372070312 -0.4126492738723755
214.1351318359375 521.7365112304688 -0.4126492738723755
217.79937744140625 520.1323852539062 -0.4126492738723755
221.463623046875 518.5282592773438 -0.4126493036746979
221.46890258789062 518.5245361328125 -0.8119993805885315
224.22109985351562 515.6218872070312 -0.8119993805885315
226.97329711914062 512.71923828125 -0.8119993805885315
229.72549438476562 509.81658935546875 -0.8119993805885315
232.47769165039062 506.9139404296875 -0.8119993805885315
235.22988891601562 504.01129150390625 -0.8119993805885315
237.98208618164062 501.108642578125 -0.8119993805885315
240.73428344726562 498.20599365234375 -0.8119993805885315
243.48648071289062 495.3033447265625 -0.8119993805885315
246.23867797851562 492.40069580078125 -0.8119993805885315
248.99087524414062 489.498046875 -0.8119993805885315
251.74307250976562 486.59539794921875 -0.8119993805885315
254.49526977539062 483.6927490234375 -0.8119993805885315
257.2474670410156 480.79010009765625 -0.8119993805885315
259.9996643066406 477.887451171875 -0.8119993805885315
262.7518615722656 474.98480224609375 -0.8119993805885315
265.5040588378906 472.0821533203125 -0.8119993805885315
268.2562561035156 469.17950439453125 -0.8119993805885315
271.0084533691406 466.27685546875 -0.8119993805885315
273.7606506347656 463.37420654296875 -0.8119993805885315
276.5128479003906 460.4715576171875 -0.8119993805885315
279.2650451660156 457.56890869140625 -0.8119993805885315
282.0172424316406 454.666259765625 -0.8119993805885315
284.7694396972656 451.76361083984375 -0.8119993805885315
287.5216369628906 448.8609619140625 -0.8119993805885315
290.2738342285156 445.95831298828125 -0.8119993805885315
291.3803405761719 444.50384521484375 -1.0288877487182617
292.1479187011719 442.8453369140625 -1.2457772493362427
292.1479187011719 442.8453369140625 -1.6457772254943848
292.1479187011719 442.8453369140625 -2.0457773208618164
290.3186340332031 439.2881164550781 -2.0457773208618164
288.4893493652344 435.73089599609375 -2.0457773208618164
286.6600646972656 432.1736755371094 -2.0457773208618164
286.6560363769531 432.16864013671875 -2.445127248764038
283.58758544921875 429.60260009765625 -2.445127248764038
280.5191345214844 427.03656005859375 -2.445127248764038
277.45068359375 424.47052001953125 -2.445127248764038
274.3822326660156 421.90447998046875 -2.445127248764038
271.31378173828125 419.33843994140625 -2.445127248764038
268.2453308105469 416.77239990234375 -2.445127248764038
265.1768798828125 414.20635986328125 -2.445127248764038
262.1084289550781 411.64031982421875 -2.445127248764038
259.03997802734375 409.07427978515625 -2.445127248764038
255.97152709960938 406.50823974609375 -2.445127248764038
252.903076171875 403.94219970703125 -2.445127248764038
249.83462524414062 401.37615966796875 -2.445127248764038
246.76617431640625 398.81011962890625 -2.445127248764038
243.69772338867188 396.24407958984375 -2.445127248764038
240.6292724609375 393.67803955078125 -2.445127248764038
237.56082153320312 391.11199951171875 -2.445127248764038
234.49237060546875 388.54595947265625 -2.445127248764038
231.42391967773438 385.97991943359375 -2.445127248764038
228.35546875 383.41387939453125 -2.445127248764038
225.28701782226562 380.84783935546875 -2.445127248764038
222.21856689453125 378.28179931640625 -2.445127248764038
219.15011596679688 375.71575927734375 -2.445127248764038
216.0816650390625 373.14971923828125 -2.445127248764038
213.01321411132812 370.58367919921875 -2.445127248764038
209.94476318359375 368.01763916015625 -2.445127248764038
206.87631225585938 365.45159912109375 -2.445127248764038
203.807861328125 362.88555908203125 -2.445127248764038
200.73941040039062 360.31951904296875 -2.445127248764038
197.67095947265625 357.75347900390625 -2.445127248764038
194.60250854492188 355.18743896484375 -2.445127248764038
193.0818328857422 354.173583984375 -2.6620025634765625
191.37875366210938 353.5107727050781 -2.878892183303833
191.37875366210938 353.5107727050781 -3.0957984924316406
191.20542907714844 353.5361633300781 2.805011510848999
191.20542907714844 353.5361633300781 2.4050114154815674
191.20542907714844 353.5361633300781 2.0050113201141357
191.20542907714844 353.5361633300781 1.6050113439559937
191.2064971923828 353.54254150390625 1.2056612968444824
191.20994567871094 353.5480041503906 0.8063112497329712
193.97860717773438 356.4349670410156 0.8063112497329712
196.7472686767578 359.3219299316406 0.8063112497329712
199.51593017578125 362.2088928222656 0.8063112497329712
202.2845916748047 365.0958557128906 0.8063112497329712
205.05325317382812 367.9828186035156 0.8063112497329712
207.82191467285156 370.8697814941406 0.8063112497329712
210.590576171875 373.7567443847656 0.8063112497329712
213.35923767089844 376.6437072753906 0.8063112497329712
216.12789916992188 379.5306701660156 0.8063112497329712
218.8965606689453 382.4176330566406 0.8063112497329712
221.66522216796875 385.3045959472656 0.8063112497329712
224.4338836669922 388.1915588378906 0.8063112497329712
227.20254516601562 391.0785217285156 0.8063112497329712
229.97120666503906 393.9654846191406 0.8063112497329712
232.7398681640625 396.8524475097656 0.8063112497329712
235.50852966308594 399.7394104003906 0.8063112497329712
238.27719116210938 402.6263732910156 0.8063112497329712
241.0458526611328 405.5133361816406 0.8063112497329712
243.81451416015625 408.4002990722656 0.8063112497329712
246.5831756591797 411.2872619628906 0.8063112497329712
249.35183715820312 414.1742248535156 0.8063112497329712
252.12049865722656 417.0611877441406 0.8063112497329712
254.88916015625 419.9481506347656 0.8063112497329712
257.6578369140625 422.8351135253906 0.8063112497329712
260.426513671875 425.7220764160156 0.8063112497329712
261.8267822265625 426.89642333984375 0.5894216895103455
265.1518249511719 429.11993408203125 0.5894216895103455
268.47686767578125 431.34344482421875 0.5894216895103455
271.8019104003906 433.56695556640625 0.5894216895103455
275.126953125 435.79046630859375 0.5894216895103455
278.4519958496094 438.01397705078125 0.5894216895103455
281.77703857421875 440.23748779296875 0.5894216895103455
285.1020812988281 442.46099853515625 0.5894216895103455
288.4271240234375 444.68450927734375 0.5894216895103455
291.7521667480469 446.90802001953125 0.5894216895103455
295.07720947265625 449.13153076171875 0.5894216895103455
298.4022521972656 451.35504150390625 0.5894216895103455
301.727294921875 453.57855224609375 0.5894216895103455
301.7332763671875 453.58099365234375 0.19007161259651184
305.6611633300781 454.3367004394531 0.19007888436317444
309.58905029296875 455.0924377441406 0.19008615612983704
313.5169372558594 455.84820556640625 0.19009342789649963
317.44488525390625 456.60400390625 0.19009342789649963
321.3728332519531 457.35980224609375 0.19009342789649963
325.30078125 458.1156005859375 0.19009342789649963
329.2287292480469 458.87139892578125 0.19009342789649963
333.15667724609375 459.627197265625 0.19009342789649963
337.0846252441406 460.38299560546875 0.19009342789649963
341.0125732421875 461.1387939453125 0.19009342789649963
344.9405212402344 461.89459228515625 0.19009342789649963
348.86846923828125 462.650390625 0.19009342789649963
352.7964172363281 463.40618896484375 0.19009342789649963
356.724365234375 464.1619873046875 0.19009342789649963
360.6523132324219 464.91778564453125 0.19009342789649963
364.58026123046875 465.673583984375 0.19009342789649963
368.5082092285156 466.42938232421875 0.19009342789649963
372.4361572265625 467.1851806640625 0.19009342789649963
376.3641052246094 467.94097900390625 0.19009342789649963
380.2919921875 468.69677734375 0.19010069966316223
384.2199401855469 469.4526062011719 0.19010084867477417
388.1477966308594 470.20843505859375 0.19010812044143677
392.0756530761719 470.96429443359375 0.19011539220809937
396.0035095214844 471.7201843261719 0.19012266397476196
399.9313659667969 472.4761047363281 0.19012993574142456
403.8592224121094 473.2320556640625 0.19013720750808716
407.78704833984375 473.988037109375 0.19014447927474976
411.7148742675781 474.7440490722656 0.19015175104141235
415.6427001953125 475.5000915527344 0.19015902280807495
419.5705261230469 476.25616455078125 0.19016629457473755
423.49835205078125 477.01226806640625 0.19017356634140015
427.4261779785156 477.76837158203125 0.19018083810806274
431.3539733886719 478.5245056152344 0.19018810987472534
435.2817687988281 479.2806701660156 0.19019538164138794
439.2095642089844 480.036865234375 0.19020265340805054
443.1373596191406 480.7930908203125 0.19020992517471313
447.0651550292969 481.5493469238281 0.19021719694137573
450.9930114746094 482.3056335449219 0.19021719694137573
454.9208679199219 483.0619201660156 0.19021719694137573
458.8487243652344 483.8182067871094 0.19021719694137573
462.7765808105469 484.5744934082031 0.19021719694137573
466.7044372558594 485.3307800292969 0.19021719694137573
470.6322937011719 486.0870666503906 0.19021719694137573
474.5601501464844 486.8433532714844 0.19021719694137573
478.4880065917969 487.5996398925781 0.19021719694137573
482.4158630371094 488.3559265136719 0.19021719694137573
486.3437194824219 489.1122131347656 0.19021719694137573
490.2715759277344 489.8684997558594 0.19021719694137573
494.1994323730469 490.6247863769531 0.19021719694137573
498.1272888183594 491.3810729980469 0.19021719694137573
502.0551452636719 492.1373596191406 0.19021719694137573
505.9830017089844 492.8936462402344 0.19021719694137573
509.9108581542969 493.6499328613281 0.19021719694137573
513.8386840820312 494.4062194824219 0.19021719694137573
517.7665405273438 495.1625061035156 0.19021719694137573
521.6943969726562 495.9187927246094 0.19021719694137573
525.6222534179688 496.6750793457031 0.19021719694137573
527.4436645507812 496.8243408203125 -0.026672348380088806
529.2545166015625 496.5781555175781 -0.24356189370155334
533.136474609375 495.613525390625 -0.24356189370155334
537.0184326171875 494.6488952636719 -0.24356189370155334
540.900390625 493.68426513671875 -0.24356189370155334
544.7822875976562 492.7196350097656 -0.24356509745121002
544.7822875976562 492.7196350097656 -0.6435651183128357
544.7865600585938 492.7148132324219 -1.0429152250289917
544.7886352539062 492.7087097167969 -1.442265272140503
544.7881469726562 492.7022705078125 -1.8416153192520142
543.7180786132812 488.8480529785156 -1.8416153192520142
542.6480102539062 484.99383544921875 -1.8416153192520142
541.5779418945312 481.1396179199219 -1.8416153192520142
540.5078735351562 477.285400390625 -1.8416157960891724
540.5049438476562 477.2796325683594 -2.2409658432006836
538.0204467773438 474.144775390625 -2.2409658432006836
535.5359497070312 471.0099182128906 -2.2409658432006836
533.0514526367188 467.87506103515625 -2.2409658432006836
530.5669555664062 464.7402038574219 -2.2409658432006836
528.0824584960938 461.6053466796875 -2.2409658432006836
525.5979614257812 458.4704895019531 -2.2409658432006836
523.1134643554688 455.33563232421875 -2.2409658432006836
520.6289672851562 452.2007751464844 -2.2409658432006836
518.1444702148438 449.06591796875 -2.2409658432006836
515.6599731445312 445.9310607910156 -2.2409658432006836
513.1754760742188 442.79620361328125 -2.2409658432006836
513.1686401367188 442.7904052734375 -2.6400628089904785
509.66131591796875 440.86737060546875 -2.6400556564331055
506.1540222167969 438.9443054199219 -2.6400485038757324
502.646728515625 437.0212097167969 -2.6400413513183594
499.1394348144531 435.09808349609375 -2.6400341987609863
495.6321716308594 433.1749267578125 -2.6400270462036133
492.1249084472656 431.2517395019531 -2.6400198936462402
488.61767578125 429.32855224609375 -2.640012741088867
485.1104431152344 427.40533447265625 -2.640005588531494
481.6032409667969 425.4820861816406 -2.639998435974121
478.0960388183594 423.5588073730469 -2.639991283416748
474.5888671875 421.635498046875 -2.639984130859375
471.0816955566406 419.7121887207031 -2.639976978302002
467.57452392578125 417.7888488769531 -2.639969825744629
464.0673828125 415.865478515625 -2.639962673187256
460.56024169921875 413.94207763671875 -2.639955520629883
457.0531311035156 412.0186462402344 -2.6399483680725098
453.5460205078125 410.0951843261719 -2.6399412155151367
450.0389404296875 408.1717224121094 -2.6399340629577637
446.5318603515625 406.24822998046875 -2.6399269104003906
443.0248107910156 404.32470703125 -2.6399197578430176
439.51776123046875 402.4011535644531 -2.6399126052856445
436.0107421875 400.4775695800781 -2.6399054527282715
432.50372314453125 398.5539855957031 -2.6398983001708984
428.9967041015625 396.63037109375 -2.6398911476135254
425.4897155761719 394.70672607421875 -2.6398839950561523
421.98272705078125 392.7830505371094 -2.6398768424987793
418.47576904296875 390.8593444824219 -2.6398696899414062
414.96881103515625 388.93560791015625 -2.639862537384033
411.4618835449219 387.0118713378906 -2.63985538482666
407.9549560546875 385.0881042480469 -2.639848232269287
404.44805908203125 383.164306640625 -2.639841079711914
400.941162109375 381.240478515625 -2.639833927154541
397.4342956542969 379.3166198730469 -2.639826774597168
393.92742919921875 377.3927307128906 -2.639819622039795
390.4205627441406 375.4688415527344 -2.639812469482422
386.9137268066406 373.544921875 -2.639805316925049
383.4068908691406 371.6209716796875 -2.639798164367676
379.90008544921875 369.6969909667969 -2.6397910118103027
376.3932800292969 367.7729797363281 -2.6397838592529297
372.8865051269531 365.8489685058594 -2.6397767066955566
369.3797302246094 363.9249267578125 -2.6397695541381836
365.87298583984375 362.0008544921875 -2.6397624015808105
362.3662414550781 360.0767517089844 -2.6397552490234375
358.8594970703125 358.1526184082031 -2.6397480964660645
355.352783203125 356.22845458984375 -2.6397409439086914
351.8460693359375 354.3042907714844 -2.6397337913513184
348.3393859863281 352.3800964355469 -2.6397266387939453
344.83270263671875 350.45587158203125 -2.6397194862365723
341.3260498046875 348.5316162109375 -2.639712333679199
337.81939697265625 346.6073303222656 -2.639705181121826
334.3127746582031 344.6830139160156 -2.639698028564453
330.80615234375 342.7586975097656 -2.63969087600708
327.299560546875 340.8343505859375 -2.639683723449707
323.79296875 338.90997314453125 -2.639676570892334
320.286376953125 336.9855651855469 -2.639669418334961
316.7798156738281 335.0611267089844 -2.639662265777588
313.27325439453125 333.1366882324219 -2.639655113220215
309.7667236328125 331.21221923828125 -2.639647960662842
306.26019287109375 329.2877197265625 -2.6396408081054688
302.7536926269531 327.3631896972656 -2.6396336555480957
299.2471923828125 325.4386291503906 -2.6396265029907227
295.74072265625 323.5140380859375 -2.6396193504333496
292.2342529296875 321.5894470214844 -2.6396121978759766
288.727783203125 319.6648254394531 -2.6396050453186035
285.2213439941406 317.74017333984375 -2.6395978927612305
281.71490478515625 315.81549072265625 -2.6395907402038574
278.20849609375 313.8907775878906 -2.6395835876464844
274.70208740234375 311.966064453125 -2.6395764350891113
271.1957092285156 310.04132080078125 -2.6395692825317383
267.6893310546875 308.1165466308594 -2.6395621299743652
264.1828918457031 306.19171142578125 -2.6395621299743652
260.67645263671875 304.2668762207031 -2.6395621299743652
257.1700134277344 302.342041015625 -2.6395621299743652
253.66358947753906 300.4172058105469 -2.6395621299743652
250.15716552734375 298.49237060546875 -2.6395621299743652
246.65074157714844 296.5675354003906 -2.6395621299743652
243.14431762695312 294.6427001953125 -2.6395621299743652
239.6378936767578 292.7178649902344 -2.6395621299743652
236.1314697265625 290.79302978515625 -2.6395621299743652
232.6250457763672 288.8681945800781 -2.6395621299743652
230.80230712890625 288.094970703125 -2.8412301540374756
229.0083465576172 287.74639892578125 -3.058119773864746
225.02227783203125 287.41290283203125 -3.058119773864746
221.0362091064453 287.07940673828125 -3.058119773864746
217.05014038085938 286.74591064453125 -3.058119773864746
213.06407165527344 286.41241455078125 -3.058119773864746
209.0780029296875 286.07891845703125 -3.058119773864746
205.0921630859375 285.7454833984375 -3.058142900466919
201.1060791015625 285.4120788574219 -3.058142900466919
199.2791290283203 285.457763671875 3.008152484893799
195.31468200683594 285.98992919921875 3.008152484893799
195.1920623779297 286.031494140625 2.621181011199951
191.94021606445312 287.94451904296875 2.59847092628479
191.94021606445312 287.94451904296875 2.1984708309173584
191.94021606445312 287.94451904296875 2.197434902191162
191.94004821777344 287.94488525390625 1.7974764108657837
191.94004821777344 287.94488525390625 1.3974764347076416
191.94004821777344 287.94488525390625 0.9974764585494995
191.94004821777344 287.94488525390625 0.5974764823913574
195.24708557128906 290.19512939453125 0.5974764823913574
195.25303649902344 290.1976318359375 0.19812652468681335
195.25949096679688 290.1976318359375 -0.20122355222702026
199.1787872314453 289.3981628417969 -0.20122355222702026
203.09808349609375 288.59869384765625 -0.20122355222702026
207.0173797607422 287.7992248535156 -0.20122355222702026
208.75796508789062 287.2423095703125 -0.418113112449646
208.74942016601562 287.2483825683594 -0.8170572519302368
211.4868927001953 284.33184814453125 -0.8170572519302368
214.224365234375 281.4153137207031 -0.8170572519302368
216.9618377685547 278.498779296875 -0.8170572519302368
219.69931030273438 275.5822448730469 -0.8170572519302368
222.43678283691406 272.66571044921875 -0.8170572519302368
225.17425537109375 269.7491760253906 -0.8170572519302368
227.91172790527344 266.8326416015625 -0.8170572519302368
227.91513061523438 266.8271484375 -1.216407299041748
227.91612243652344 266.8207702636719 -1.6157573461532593
227.73634338378906 262.8247985839844 -1.6157573461532593
227.5565643310547 258.8288269042969 -1.6157573461532593
227.3767852783203 254.83287048339844 -1.6157573461532593
227.19700622558594 250.8369140625 -1.6157573461532593
227.01722717285156 246.84095764160156 -1.6157573461532593
226.8374481201172 242.84500122070312 -1.6157573461532593
226.6576690673828 238.8490447998047 -1.6157573461532593
226.47789001464844 234.85308837890625 -1.6157573461532593
226.29811096191406 230.8571319580078 -1.6157573461532593
226.1183319091797 226.86117553710938 -1.6157573461532593
225.9385528564453 222.86521911621094 -1.6157573461532593
225.75877380371094 218.8692626953125 -1.6157573461532593
225.57899475097656 214.87330627441406 -1.6157573461532593
225.3992156982422 210.87734985351562 -1.6157573461532593
225.2194366455078 206.8813934326172 -1.6157573461532593
225.03965759277344 202.88543701171875 -1.6157573461532593
224.85987854003906 198.8894805908203 -1.6157573461532593
224.58062744140625 197.0834197998047 -1.8326468467712402
223.54515075683594 193.2197723388672 -1.8326468467712402
222.50967407226562 189.3561248779297 -1.8326468467712402
221.4741973876953 185.4924774169922 -1.8326468467712402
220.438720703125 181.6288299560547 -1.8326468467712402
219.4032440185547 177.7651824951172 -1.8326468467712402
218.36776733398438 173.9015350341797 -1.8326468467712402
217.70640563964844 172.19789123535156 -2.0495364665985107
215.86375427246094 168.6475830078125 -2.0495364665985107
214.02110290527344 165.09727478027344 -2.0495364665985107
214.02110290527344 165.09727478027344 -2.4495365619659424
210.9413604736328 162.54478454589844 -2.4495365619659424
210.9413604736328 162.54478454589844 -2.849536657333374
207.11074829101562 161.39309692382812 -2.849536657333374
203.28013610839844 160.2414093017578 -2.849536657333374
199.44952392578125 159.0897216796875 -2.849536657333374
195.61891174316406 157.9380340576172 -2.849536657333374
195.61891174316406 157.9380340576172 -2.8495655059814453
195.61849975585938 157.93800354003906 3.033661127090454
195.61849975585938 157.93800354003906 2.6336610317230225
195.61849975585938 157.93800354003906 2.233660936355591
195.61849975585938 157.93800354003906 1.8336609601974487
195.61849975585938 157.93800354003906 1.4336609840393066
195.62063598632812 157.944091796875 1.0343109369277954
197.6651153564453 161.3821258544922 1.0343109369277954
199.7095947265625 164.82015991210938 1.0343109369277954
201.7540740966797 168.25819396972656 1.0343109369277954
203.79855346679688 171.69622802734375 1.0343109369277954
205.84303283691406 175.13426208496094 1.0343109369277954
207.88751220703125 178.57229614257812 1.0343109369277954
209.93199157714844 182.0103302001953 1.0343109369277954
211.97647094726562 185.4483642578125 1.0343109369277954
214.0209503173828 188.8863983154297 1.0343109369277954
216.0654296875 192.32443237304688 1.0343109369277954
218.1099090576172 195.76246643066406 1.0343109369277954
220.15438842773438 199.20050048828125 1.0343109369277954
222.19886779785156 202.63853454589844 1.0343109369277954
223.29747009277344 204.09898376464844 0.8174213767051697
224.68930053710938 205.29364013671875 0.6012026071548462
227.98793029785156 207.55618286132812 0.6012026071548462
231.28656005859375 209.8187255859375 0.6012026071548462
234.58518981933594 212.08126831054688 0.6012026071548462
237.88381958007812 214.34381103515625 0.6012026071548462
241.1824493408203 216.60635375976562 0.6012026071548462
244.4810791015625 218.868896484375 0.6012026071548462
247.7797088623047 221.13143920898438 0.6012026071548462
251.07833862304688 223.39398193359375 0.6012026071548462
251.0842742919922 223.39649963378906 0.20185253024101257
255.00282287597656 224.19833374023438 0.20182693004608154
258.921630859375 225.0001678466797 0.20182693004608154
262.8404541015625 225.802001953125 0.20182693004608154
266.75927734375 226.6038360595703 0.20182693004608154
270.6781005859375 227.40567016601562 0.20182693004608154
274.596923828125 228.20750427246094 0.20182693004608154
278.5157470703125 229.00933837890625 0.20182693004608154
282.4345703125 229.81117248535156 0.20182693004608154
286.3533935546875 230.61300659179688 0.20182693004608154
290.272216796875 231.4148406982422 0.20182693004608154
294.1910400390625 232.2166748046875 0.20182693004608154
298.10986328125 233.0185089111328 0.20182693004608154
302.0286865234375 233.82034301757812 0.20182693004608154
305.947509765625 234.62217712402344 0.20182693004608154
309.8663330078125 235.42401123046875 0.20182693004608154
313.78515625 236.22584533691406 0.20182693004608154
317.7039794921875 237.02767944335938 0.20182693004608154
321.622802734375 237.8295135498047 0.20182693004608154
325.5416259765625 238.63134765625 0.20182693004608154
329.46044921875 239.4331817626953 0.20182693004608154
333.3792724609375 240.23501586914062 0.20182693004608154
337.298095703125 241.03684997558594 0.20182693004608154
341.2169189453125 241.83868408203125 0.20182693004608154
345.1357421875 242.64051818847656 0.20182693004608154
349.0545654296875 243.44235229492188 0.20182693004608154
352.973388671875 244.2441864013672 0.20182693004608154
356.8922119140625 245.0460205078125 0.20182693004608154
360.81103515625 245.8478546142578 0.20182693004608154
364.7298583984375 246.64968872070312 0.20182693004608154
368.648681640625 247.45152282714844 0.20182693004608154
372.5675048828125 248.25335693359375 0.20182693004608154
376.486328125 249.05519104003906 0.20182693004608154
380.4051513671875 249.85702514648438 0.20182693004608154
384.323974609375 250.6588592529297 0.20182693004608154
388.2427978515625 251.460693359375 0.20182693004608154
392.16162109375 252.2625274658203 0.20182693004608154
396.0804443359375 253.06436157226562 0.20182693004608154
399.999267578125 253.86619567871094 0.20182693004608154
403.9180908203125 254.66802978515625 0.20182693004608154
407.8369140625 255.46986389160156 0.20182693004608154
411.7557373046875 256.2716979980469 0.20182693004608154
415.674560546875 257.07354736328125 0.20182693004608154
419.5933837890625 257.8753967285156 0.20182693004608154
423.51220703125 258.67724609375 0.20182693004608154
427.4310302734375 259.4790954589844 0.20182693004608154
431.349853515625 260.28094482421875 0.20182693004608154
435.2686767578125 261.0827941894531 0.20182693004608154
439.1875 261.8846435546875 0.20182693004608154
443.1063232421875 262.6864929199219 0.20182693004608154
447.025146484375 263.48834228515625 0.20182693004608154
450.9439697265625 264.2901916503906 0.20182693004608154
454.86279296875 265.092041015625 0.20182693004608154
458.7816162109375 265.8938903808594 0.20182693004608154
462.700439453125 266.69573974609375 0.20182693004608154
466.6192626953125 267.4975891113281 0.20182693004608154
470.5380859375 268.2994384765625 0.20182693004608154
474.4569091796875 269.1012878417969 0.20182693004608154
478.375732421875 269.90313720703125 0.20182693004608154
482.2945556640625 270.7049865722656 0.20182693004608154
486.21337890625 271.5068359375 0.20182693004608154
490.1322021484375 272.3086853027344 0.20182693004608154
494.051025390625 273.11053466796875 0.20182693004608154
497.9698486328125 273.9123840332031 0.20182693004608154
501.888671875 274.7142333984375 0.20182693004608154
505.8074951171875 275.5160827636719 0.20182693004608154
509.726318359375 276.31793212890625 0.20182693004608154
513.6451416015625 277.1197814941406 0.20182693004608154
517.56396484375 277.921630859375 0.20182693004608154
521.4827880859375 278.7234802246094 0.20182693004608154
525.401611328125 279.52532958984375 0.20182693004608154
527.22119140625 279.69573974609375 -0.015062615275382996
529.0347900390625 279.4706115722656 -0.23195216059684753
529.0347900390625 279.4706115722656 -0.631952166557312
529.0391235351562 279.4658508300781 -1.0313022136688232
531.0939331054688 276.0339660644531 -1.0313022136688232
533.1487426757812 272.6020812988281 -1.0313022136688232
535.2035522460938 269.1701965332031 -1.0313022136688232
537.2583618164062 265.7383117675781 -1.0313022136688232
539.3131713867188 262.3064270019531 -1.0313022136688232
541.3679809570312 258.8745422363281 -1.0313022136688232
543.4227905273438 255.4426727294922 -1.0313022136688232
543.4249267578125 255.43658447265625 -1.4306522607803345
543.983642578125 251.47579956054688 -1.4306522607803345
544.5423583984375 247.5150146484375 -1.4306522607803345
545.10107421875 243.55422973632812 -1.4306522607803345
545.6597900390625 239.59344482421875 -1.4306522607803345
546.218505859375 235.63265991210938 -1.4306522607803345
546.7772216796875 231.671875 -1.4306522607803345
547.3359375 227.71109008789062 -1.4306522607803345
547.8946533203125 223.75030517578125 -1.4306522607803345
548.453369140625 219.78952026367188 -1.4306522607803345
549.0120849609375 215.8287353515625 -1.4306522607803345
549.57080078125 211.86795043945312 -1.4306522607803345
550.1295166015625 207.90716552734375 -1.4306522607803345
550.688232421875 203.94638061523438 -1.4306522607803345
551.2469482421875 199.985595703125 -1.4306522607803345
551.8056640625 196.02481079101562 -1.4306522607803345
552.3643798828125 192.06402587890625 -1.4306522607803345
552.923095703125 188.10324096679688 -1.4306522607803345
553.4818115234375 184.1424560546875 -1.4306522607803345
554.04052734375 180.18167114257812 -1.4306522607803345
554.5992431640625 176.22088623046875 -1.4306522607803345
555.157958984375 172.26010131835938 -1.4306522607803345
555.7166748046875 168.29931640625 -1.4306522607803345
556.275390625 164.33853149414062 -1.4306522607803345
556.8341064453125 160.37774658203125 -1.4306522607803345
557.3910522460938 156.42205810546875 -1.43118155002594
557.390625 156.41517639160156 -1.8304870128631592
556.363525390625 152.54930114746094 -1.8304870128631592
555.33642578125 148.6834259033203 -1.8304870128631592
554.309326171875 144.8175506591797 -1.8304870128631592
553.2822265625 140.95167541503906 -1.8304870128631592
552.255126953125 137.08580017089844 -1.8304870128631592
551.22802734375 133.2199249267578 -1.8304870128631592
550.200927734375 129.3540496826172 -1.8304870128631592
549.173828125 125.48817443847656 -1.8304870128631592
548.146728515625 121.62229919433594 -1.8304870128631592
547.11962890625 117.75642395019531 -1.8304870128631592
546.092529296875 113.89054870605469 -1.8304870128631592
545.0654296875 110.02467346191406 -1.8304870128631592
544.038330078125 106.15879821777344 -1.8304870128631592
543.01123046875 102.29292297363281 -1.8304870128631592
541.984130859375 98.42704772949219 -1.8304870128631592
540.95703125 94.56117248535156 -1.8304870128631592
539.929931640625 90.69529724121094 -1.8304870128631592
538.90283203125 86.82942199707031 -1.8304870128631592
537.875732421875 82.96354675292969 -1.8304870128631592
536.8486328125 79.09767150878906 -1.8304870128631592
535.821533203125 75.23179626464844 -1.8304870128631592
534.79443359375 71.36592102050781 -1.8304870128631592
534.791748046875 71.36052703857422 -2.2298812866210938
532.3421630859375 68.19831848144531 -2.2298812866210938
532.3372802734375 68.19409942626953 -2.6292314529418945
528.8509521484375 66.233154296875 -2.6292314529418945
525.3646240234375 64.27220916748047 -2.6292314529418945
521.8782958984375 62.31126403808594 -2.6292314529418945
518.3919677734375 60.350318908691406 -2.6292314529418945
514.9056396484375 58.389373779296875 -2.6292314529418945
511.4192810058594 56.428428649902344 -2.6292314529418945
507.93292236328125 54.46748352050781 -2.6292314529418945
504.4465637207031 52.50653839111328 -2.6292314529418945
504.44036865234375 52.50453567504883 -3.028576374053955
500.46588134765625 52.05343246459961 -3.028576374053955
496.49139404296875 51.60232925415039 -3.028576374053955
492.51690673828125 51.15122604370117 -3.028576374053955
488.54241943359375 50.70012283325195 -3.028576374053955
484.56793212890625 50.249019622802734 -3.028576374053955
480.59344482421875 49.797916412353516 -3.028576374053955
476.61895751953125 49.3468132019043 -3.028576374053955
472.64447021484375 48.89570999145508 -3.028576374053955
468.66998291015625 48.44460678100586 -3.028576374053955
464.69549560546875 47.99350357055664 -3.028576374053955
460.72100830078125 47.54240036010742 -3.028576374053955
456.74652099609375 47.0912971496582 -3.028576374053955
452.77203369140625 46.640193939208984 -3.028576374053955
448.79754638671875 46.189090728759766 -3.028576374053955
444.82305908203125 45.73798751831055 -3.028576374053955
440.8486633300781 45.2868766784668 -3.028569221496582
436.874267578125 44.83573913574219 -3.028562068939209
432.8998718261719 44.38457489013672 -3.028554916381836
428.92547607421875 43.933380126953125 -3.028547763824463
424.9510803222656 43.48215866088867 -3.02854061126709
420.9766845703125 43.030906677246094 -3.028533458709717
417.0022888183594 42.579627990722656 -3.0285263061523438
413.02789306640625 42.128318786621094 -3.0285191535949707
409.0534973144531 41.67698287963867 -3.0285120010375977
405.0791320800781 41.225616455078125 -3.0285048484802246
401.1047668457031 40.77422332763672 -3.0284976959228516
397.13031005859375 40.32280731201172 -3.0284976959228516
393.1558532714844 39.87139129638672 -3.0284976959228516
389.181396484375 39.41997528076172 -3.0284976959228516
385.2069396972656 38.96855926513672 -3.0284976959228516
381.23248291015625 38.51714324951172 -3.0284976959228516
377.2580261230469 38.06572723388672 -3.0284976959228516
373.2835693359375 37.61431121826172 -3.0284976959228516
373.2771301269531 37.6148681640625 2.855337619781494
369.4399719238281 38.74428176879883 2.855344772338867
365.602783203125 39.87366485595703 2.8553519248962402
361.7655944824219 41.003021240234375 2.8553590774536133
357.92840576171875 42.13235092163086 2.8553662300109863
354.0911560058594 43.261688232421875 2.8553662300109863
350.25396728515625 44.3909912109375 2.8553733825683594
346.41668701171875 45.520301818847656 2.8553733825683594
342.57940673828125 46.64961242675781 2.8553733825683594
338.74212646484375 47.77892303466797 2.8553733825683594
334.90484619140625 48.908233642578125 2.8553733825683594
331.06756591796875 50.03754425048828 2.8553733825683594
327.23028564453125 51.16685485839844 2.8553733825683594
323.39300537109375 52.296165466308594 2.8553733825683594
319.55572509765625 53.42547607421875 2.8553733825683594
315.71844482421875 54.554786682128906 2.8553733825683594
311.88116455078125 55.68409729003906 2.8553733825683594
308.04388427734375 56.81340789794922 2.8553733825683594
304.20660400390625 57.942718505859375 2.8553733825683594
300.36932373046875 59.07202911376953 2.8553733825683594
296.53204345703125 60.20133972167969 2.8553733825683594
292.69476318359375 61.330650329589844 2.8553733825683594
288.85748291015625 62.4599609375 2.8553733825683594
285.02020263671875 63.589271545410156 2.8553733825683594
281.18292236328125 64.71858215332031 2.8553733825683594
277.34564208984375 65.84789276123047 2.8553733825683594
273.50836181640625 66.97720336914062 2.8553733825683594
269.67108154296875 68.10651397705078 2.8553733825683594
265.83380126953125 69.23582458496094 2.8553733825683594
261.99652099609375 70.3651351928711 2.8553733825683594
258.15924072265625 71.49444580078125 2.8553733825683594
254.32196044921875 72.6237564086914 2.8553733825683594
250.48468017578125 73.75306701660156 2.8553733825683594
246.64739990234375 74.88237762451172 2.8553733825683594
242.81011962890625 76.01168823242188 2.8553733825683594
238.97283935546875 77.14099884033203 2.8553733825683594
235.13555908203125 78.27030944824219 2.8553733825683594
231.29827880859375 79.39962005615234 2.8553733825683594
227.46099853515625 80.5289306640625 2.8553733825683594
223.62371826171875 81.65824127197266 2.8553733825683594
219.78643798828125 82.78755187988281 2.8553733825683594
215.94915771484375 83.91686248779297 2.8553733825683594
212.11187744140625 85.04617309570312 2.8553733825683594
208.27459716796875 86.17548370361328 2.8553733825683594
204.43731689453125 87.30479431152344 2.8553733825683594
200.60003662109375 88.4341049194336 2.8553733825683594
196.76275634765625 89.56341552734375 2.8553733825683594
192.92547607421875 90.6927261352539 2.8553733825683594
189.08819580078125 91.82203674316406 2.8553733825683594
185.25091552734375 92.95134735107422 2.8553733825683594
181.41363525390625 94.08065795898438 2.8553733825683594
177.57635498046875 95.20996856689453 2.8553733825683594
173.73907470703125 96.33927917480469 2.8553733825683594
169.90179443359375 97.46858978271484 2.8553733825683594
166.06459045410156 98.59786224365234 2.8553805351257324
162.2273712158203 99.72711181640625 2.8553876876831055
158.39015197753906 100.85633087158203 2.8553948402404785
154.55291748046875 101.98552703857422 2.8554019927978516
150.71568298339844 103.11469268798828 2.8554091453552246
146.8783721923828 104.24386596679688 2.8554091453552246
143.0410614013672 105.37303924560547 2.8554091453552246
139.20375061035156 106.50221252441406 2.8554091453552246
135.36643981933594 107.63138580322266 2.8554091453552246
131.5291290283203 108.76055908203125 2.8554091453552246
127.69181823730469 109.88973236083984 2.8554091453552246
123.85450744628906 111.01890563964844 2.8554091453552246
120.01719665527344 112.14807891845703 2.8554091453552246
116.17988586425781 113.27725219726562 2.8554091453552246
114.4927978515625 113.9798812866211 2.6385233402252197
112.9964599609375 115.0290756225586 2.421633720397949
111.7609634399414 116.37568664550781 2.2047441005706787
110.84419250488281 117.95661926269531 1.9878545999526978
110.28910827636719 119.69779968261719 1.7709650993347168
110.84945678710938 116.39134979248047 1.7063826322555542
111.34937286376953 112.54832458496094 1.6939259767532349
111.34790802001953 114.1007308959961 1.4495538473129272
111.34790802001953 114.1007308959961 1.0495538711547852
111.34790802001953 114.1007308959961 0.6495538949966431
111.34790802001953 114.1007308959961 0.2495538890361786
111.34790802001953 114.1007308959961 -0.1504461169242859
111.35397338867188 114.09851837158203 -0.5497962236404419
114.76449584960938 112.00846099853516 -0.5497962236404419
118.17501831054688 109.91840362548828 -0.5497962236404419
121.58554077148438 107.8283462524414 -0.5497962236404419
124.99606323242188 105.73828887939453 -0.5497962236404419
128.40658569335938 103.64823150634766 -0.5497962236404419
131.81710815429688 101.55817413330078 -0.5497962236404419
135.22763061523438 99.4681167602539 -0.5497962236404419
138.63815307617188 97.37805938720703 -0.5497962236404419
142.04867553710938 95.28800201416016 -0.5497962236404419
145.45919799804688 93.19794464111328 -0.5497962236404419
148.86972045898438 91.1078872680664 -0.5497962236404419
152.28024291992188 89.01782989501953 -0.5497962236404419
155.69076538085938 86.92777252197266 -0.5497962236404419
159.10128784179688 84.83771514892578 -0.5497962236404419
162.51181030273438 82.7476577758789 -0.5497962236404419
165.92233276367188 80.65760040283203 -0.5497962236404419
169.33285522460938 78.56754302978516 -0.5497962236404419
172.74337768554688 76.47748565673828 -0.5497962236404419
176.15390014648438 74.3874282836914 -0.5497962236404419
179.56442260742188 72.29737091064453 -0.5497962236404419
182.97494506835938 70.20731353759766 -0.5497962236404419
186.38546752929688 68.11725616455078 -0.5497962236404419
189.79598999023438 66.0271987915039 -0.5497962236404419
193.20651245117188 63.9371452331543 -0.5497962236404419
196.61703491210938 61.84709167480469 -0.5497962236404419
200.02755737304688 59.75703811645508 -0.5497962236404419
203.43807983398438 57.66698455810547 -0.5497962236404419
206.84860229492188 55.57693099975586 -0.5497962236404419
210.25912475585938 53.48687744140625 -0.5497962236404419
213.66964721679688 51.39682388305664 -0.5497962236404419
217.08016967773438 49.30677032470703 -0.5497962236404419
220.49069213867188 47.21671676635742 -0.5497962236404419
223.90121459960938 45.12666320800781 -0.5497962236404419
227.31173706054688 43.0366096496582 -0.5497962236404419
230.72225952148438 40.946556091308594 -0.5497962236404419
234.13278198242188 38.856502532958984 -0.5497962236404419
237.54330444335938 36.766448974609375 -0.5497962236404419
240.95382690429688 34.676395416259766 -0.5497962236404419
242.40914916992188 33.55232620239258 -0.7655503749847412
243.5819854736328 32.15080642700195 -0.9824399352073669
244.42575073242188 30.529733657836914 -1.1993294954299927
244.90090942382812 28.765066146850586 -1.4162189960479736
244.9851837158203 26.93949317932129 -1.6331084966659546
245.23536682128906 30.923603057861328 -1.6339126825332642
245.23265075683594 30.913501739501953 -2.0328595638275146
245.23265075683594 30.913501739501953 -2.4328596591949463
245.23265075683594 30.913501739501953 -2.832859754562378
245.23265075683594 30.913501739501953 3.050325393676758
245.22647094726562 30.915353775024414 2.650975227355957
241.69830322265625 32.8000373840332 2.650975227355957
238.17013549804688 34.68471908569336 2.650975227355957
234.6419677734375 36.569400787353516 2.650975227355957
231.11380004882812 38.45408248901367 2.650975227355957
227.58563232421875 40.33876419067383 2.650975227355957
224.05746459960938 42.223445892333984 2.650975227355957
220.529296875 44.10812759399414 2.650975227355957
217.00112915039062 45.9928092956543 2.650975227355957
213.47296142578125 47.87749099731445 2.650975227355957
209.94479370117188 49.76217269897461 2.650975227355957
206.4166259765625 51.646854400634766 2.650975227355957
202.88845825195312 53.53153610229492 2.650975227355957
199.36029052734375 55.41621780395508 2.650975227355957
195.83212280273438 57.300899505615234 2.650975227355957
192.303955078125 59.18558120727539 2.650975227355957
188.77578735351562 61.07026290893555 2.650975227355957
185.24761962890625 62.9549446105957 2.650975227355957
181.71945190429688 64.83963012695312 2.650975227355957
178.1912841796875 66.72431182861328 2.650975227355957
174.66311645507812 68.60899353027344 2.650975227355957
171.13494873046875 70.4936752319336 2.650975227355957
167.60678100585938 72.37835693359375 2.650975227355957
164.07861328125 74.2630386352539 2.650975227355957
160.55044555664062 76.14772033691406 2.650975227355957
157.02227783203125 78.03240203857422 2.650975227355957
153.49411010742188 79.91708374023438 2.650975227355957
149.9659423828125 81.80176544189453 2.650975227355957
146.43777465820312 83.68644714355469 2.650975227355957
142.90960693359375 85.57112884521484 2.650975227355957
139.38143920898438 87.455810546875 2.650975227355957
135.853271484375 89.34049224853516 2.650975227355957
132.32510375976562 91.22517395019531 2.650975227355957
128.79693603515625 93.10985565185547 2.650975227355957
125.26876831054688 94.99453735351562 2.650975227355957
121.7406005859375 96.87921905517578 2.650975227355957
118.21243286132812 98.76390075683594 2.650975227355957
114.68426513671875 100.6485824584961 2.650975227355957
111.15609741210938 102.53326416015625 2.650975227355957
109.64681243896484 103.5637435913086 2.4340856075286865
108.39464569091797 104.89486694335938 2.217195987701416
107.45825958251953 106.46426391601562 2.0003063678741455
106.88153839111328 108.19839477539062 1.7834168672561646
106.69149780273438 110.01600646972656 1.5665273666381836
106.69149780273438 110.01600646972656 1.1665273904800415
106.69149780273438 110.01600646972656 0.7665274143218994
106.69149780273438 110.01600646972656 0.36652740836143494
106.69149780273438 110.01600646972656 -0.03347259759902954
106.6977767944336 110.01451110839844 -0.43282267451286316
110.32891845703125 108.3367691040039 -0.43282267451286316
113.9600601196289 106.65902709960938 -0.43282267451286316
117.59120178222656 104.98128509521484 -0.43282267451286316
121.22234344482422 103.30354309082031 -0.43282267451286316
124.85348510742188 101.62580108642578 -0.43282267451286316
128.484619140625 99.94805908203125 -0.43282267451286316
132.11575317382812 98.27031707763672 -0.43282267451286316
135.74688720703125 96.59257507324219 -0.43282267451286316
139.37802124023438 94.91483306884766 -0.43282267451286316
143.0091552734375 93.23709106445312 -0.43282267451286316
146.64028930664062 91.5593490600586 -0.43282267451286316
150.27142333984375 89.88160705566406 -0.43282267451286316
153.90255737304688 88.20386505126953 -0.43282267451286316
157.53369140625 86.526123046875 -0.43282267451286316
161.16482543945312 84.84838104248047 -0.43282267451286316
164.79595947265625 83.17063903808594 -0.43282267451286316
168.42709350585938 81.4928970336914 -0.43282267451286316
172.0582275390625 79.81515502929688 -0.43282267451286316
175.68936157226562 78.13741302490234 -0.43282267451286316
179.32049560546875 76.45967102050781 -0.43282267451286316
182.95162963867188 74.78192901611328 -0.43282267451286316
186.582763671875 73.10418701171875 -0.43282267451286316
190.21389770507812 71.42644500732422 -0.43282267451286316
193.84503173828125 69.74870300292969 -0.43282267451286316
197.47616577148438 68.07096099853516 -0.43282267451286316
201.1072998046875 66.39321899414062 -0.43282267451286316
204.73843383789062 64.7154769897461 -0.43282267451286316
208.36956787109375 63.03773880004883 -0.43282267451286316
212.00070190429688 61.36000061035156 -0.43282267451286316
215.6318359375 59.6822624206543 -0.43282267451286316
219.26296997070312 58.00452423095703 -0.43282267451286316
222.89410400390625 56.326786041259766 -0.43282267451286316
226.52523803710938 54.6490478515625 -0.43282267451286316
230.1563720703125 52.971309661865234 -0.43282267451286316
233.78750610351562 51.29357147216797 -0.43282267451286316
237.41864013671875 49.6158332824707 -0.43282267451286316
241.04977416992188 47.93809509277344 -0.43282267451286316
244.680908203125 46.26035690307617 -0.43282267451286316
248.31204223632812 44.582618713378906 -0.43282267451286316
251.94317626953125 42.90488052368164 -0.43282267451286316
255.57431030273438 41.227142333984375 -0.43282267451286316
259.2054443359375 39.54940414428711 -0.43282267451286316
262.8365783691406 37.871665954589844 -0.43282267451286316
266.46771240234375 36.19392776489258 -0.43282267451286316
270.0988464355469 34.51618957519531 -0.43282267451286316
273.72998046875 32.83845138549805 -0.43282267451286316
277.3611145019531 31.16071128845215 -0.43282267451286316
280.99224853515625 29.48297119140625 -0.43282267451286316
284.6233825683594 27.80523109436035 -0.43282267451286316
286.1896667480469 26.8636531829834 -0.6497122049331665
287.5166320800781 25.607080459594727 -0.8666017651557922
288.5421142578125 24.094392776489258 -1.083491325378418
289.2180480957031 22.39647102355957 -1.300380825996399
289.51275634765625 20.592872619628906 -1.5172703266143799
289.49566650390625 20.471874237060547 -1.9049735069274902
289.49566650390625 20.471874237060547 -2.304973602294922
289.49566650390625 20.471874237060547 -2.7049736976623535
289.49566650390625 20.471874237060547 -3.104973793029785
289.4892883300781 20.47292137145996 2.7788612842559814
289.48382568359375 20.476364135742188 2.3795111179351807
286.5902099609375 23.238079071044922 2.3795111179351807
283.69659423828125 25.999794006347656 2.3795111179351807
280.802978515625 28.76150894165039 2.3795111179351807
277.90936279296875 31.523223876953125 2.3795111179351807
275.0157470703125 34.28493881225586 2.3795111179351807
272.12213134765625 37.046653747558594 2.3795111179351807
269.228515625 39.80836868286133 2.3795111179351807
266.33489990234375 42.57008361816406 2.3795111179351807
263.4412841796875 45.3317985534668 2.3795111179351807
260.54766845703125 48.09351348876953 2.3795111179351807
257.654052734375 50.855228424072266 2.3795111179351807
254.7604522705078 53.616943359375 2.3795111179351807
251.86685180664062 56.378658294677734 2.3795111179351807
248.97325134277344 59.14037322998047 2.3795111179351807
246.07965087890625 61.9020881652832 2.3795111179351807
243.18605041503906 64.66380310058594 2.3795111179351807
240.29244995117188 67.42552185058594 2.3795111179351807
237.3988494873047 70.18724060058594 2.3795111179351807
234.5052490234375 72.94895935058594 2.3795111179351807
231.6116485595703 75.71067810058594 2.3795111179351807
228.71804809570312 78.47239685058594 2.3795111179351807
225.82444763183594 81.23411560058594 2.3795111179351807
222.93084716796875 83.99583435058594 2.3795111179351807
220.03724670410156 86.75755310058594 2.3795111179351807
217.14364624023438 89.51927185058594 2.3795111179351807
214.2500457763672 92.28099060058594 2.3795111179351807
211.3564453125 95.04270935058594 2.3795111179351807
208.4628448486328 97.80442810058594 2.3795111179351807
205.56924438476562 100.56614685058594 2.3795111179351807
204.39154052734375 101.96359252929688 2.16262149810791
203.5421600341797 103.58172607421875 1.9457319974899292
203.06088256835938 105.34473419189453 1.7288424968719482
202.97027587890625 107.17000579833984 1.5119529962539673
203.27456665039062 108.97200775146484 1.2950634956359863
202.185791015625 105.12606048583984 1.2947725057601929
202.8712158203125 106.82009887695312 1.0778759717941284
202.8712158203125 106.82009887695312 0.6778759956359863
202.8712158203125 106.82009887695312 0.27787598967552185
202.8712158203125 106.82009887695312 -0.12212401628494263
202.87733459472656 106.81805419921875 -0.5214741230010986
202.88218688964844 106.81378936767578 -0.9208241701126099
205.30284118652344 103.62938690185547 -0.9208241701126099
207.72349548339844 100.44498443603516 -0.9208241701126099
210.14414978027344 97.26058197021484 -0.9208241701126099
212.56480407714844 94.07617950439453 -0.9208241701126099
214.98545837402344 90.89177703857422 -0.9208241701126099
217.40611267089844 87.7073745727539 -0.9208241701126099
219.82676696777344 84.5229721069336 -0.9208241701126099
222.24742126464844 81.33856964111328 -0.9208241701126099
224.66807556152344 78.15416717529297 -0.9208241701126099
227.08872985839844 74.96976470947266 -0.9208241701126099
229.50938415527344 71.78536224365234 -0.9208241701126099
231.93003845214844 68.60095977783203 -0.9208241701126099
234.35069274902344 65.41655731201172 -0.9208241701126099
236.77134704589844 62.232154846191406 -0.9208241701126099
239.19200134277344 59.047752380371094 -0.9208241701126099
241.61265563964844 55.86334991455078 -0.9208241701126099
244.03330993652344 52.67894744873047 -0.9208241701126099
244.9752960205078 51.11290740966797 -1.1377136707305908
245.55821228027344 49.3808479309082 -1.3546031713485718
245.75474548339844 47.563926696777344 -1.5714926719665527
245.55567932128906 45.747283935546875 -1.7883821725845337
245.55567932128906 45.747283935546875 -2.188382148742676
245.55567932128906 45.747283935546875 -2.5883822441101074
245.55567932128906 45.747283935546875 -2.988382339477539
241.6025390625 45.136837005615234 -2.988382339477539
237.64939880371094 44.526390075683594 -2.988382339477539
233.69625854492188 43.91594314575195 -2.988382339477539
229.7431182861328 43.30549621582031 -2.988382339477539
225.78997802734375 42.69504928588867 -2.988382339477539
221.8368377685547 42.08460235595703 -2.988382339477539
217.88369750976562 41.47415542602539 -2.988382339477539
213.93055725097656 40.86370849609375 -2.988382339477539
209.9774169921875 40.25326156616211 -2.988382339477539
209.9685821533203 40.25366973876953 2.895693302154541
206.0889129638672 41.227386474609375 2.895693302154541
202.20924377441406 42.20110321044922 2.895693302154541
198.32957458496094 43.17481994628906 2.895693302154541
194.4499053955078 44.148536682128906 2.895693302154541
190.5702362060547 45.12225341796875 2.895693302154541
186.69056701660156 46.095970153808594 2.895693302154541
182.81089782714844 47.06968688964844 2.895693302154541
178.9312286376953 48.04340362548828 2.895693302154541
175.0515594482422 49.017120361328125 2.895693302154541
171.17189025878906 49.99083709716797 2.895693302154541
167.29222106933594 50.96455383300781 2.895693302154541
163.4125518798828 51.938270568847656 2.895693302154541
159.5328826904297 52.9119873046875 2.895693302154541
155.65321350097656 53.885704040527344 2.895693302154541
151.77354431152344 54.85942077636719 2.895693302154541
147.8938751220703 55.83313751220703 2.895693302154541
144.0142059326172 56.806854248046875 2.895693302154541
140.13453674316406 57.78057098388672 2.895693302154541
136.25486755371094 58.75428771972656 2.895693302154541
132.3751983642578 59.728004455566406 2.895693302154541
128.4955291748047 60.70172119140625 2.895693302154541
124.61585235595703 61.675437927246094 2.895693302154541
120.73617553710938 62.64915466308594 2.895693302154541
116.85649871826172 63.62287139892578 2.895693302154541
112.97682189941406 64.59658813476562 2.895693302154541
109.0971450805664 65.57030487060547 2.895693302154541
105.21746826171875 66.54402160644531 2.895693302154541
101.3377914428711 67.51773834228516 2.895693302154541
97.45811462402344 68.491455078125 2.895693302154541
93.57843780517578 69.46517181396484 2.895693302154541
89.69876098632812 70.43888854980469 2.895693302154541
85.81908416748047 71.41260528564453 2.895693302154541
81.93940734863281 72.38632202148438 2.895693302154541
78.05973052978516 73.36003875732422 2.895693302154541
74.1800537109375 74.33375549316406 2.895693302154541
70.30037689208984 75.3074722290039 2.895693302154541
66.42070007324219 76.28118896484375 2.895693302154541
62.54102325439453 77.2549057006836 2.895693302154541
58.661346435546875 78.22862243652344 2.895693302154541
54.78166961669922 79.20233917236328 2.895693302154541
50.90199279785156 80.17605590820312 2.895693302154541
47.022315979003906 81.14977264404297 2.895693302154541
43.14263916015625 82.12348937988281 2.895693302154541
39.262962341308594 83.09720611572266 2.895693302154541
39.262962341308594 83.09720611572266 2.4956934452056885
36.0687255859375 85.50487518310547 2.4956934452056885
32.874488830566406 87.91254425048828 2.4956934452056885
29.680253982543945 90.3202133178711 2.4956934452056885
26.486019134521484 92.7278823852539 2.4956934452056885
26.486019134521484 92.7278823852539 2.095693349838257
24.481523513793945 96.18938446044922 2.095693349838257
22.477027893066406 99.65088653564453 2.095693349838257
20.472532272338867 103.11238861083984 2.095693349838257
18.468036651611328 106.57389068603516 2.095693349838257
18.468036651611328 106.57389068603516 2.095693349838257
16.682071685791016 109.77906799316406 2.0626273155212402
16.682071685791016 109.77906799316406 2.0626273155212402
16.68195343017578 109.77946472167969 1.6626688241958618
16.68195343017578 109.77946472167969 1.2626688480377197
16.68195343017578 109.77946472167969 0.8626688718795776
16.68195343017578 109.77946472167969 0.46266886591911316
16.68195343017578 109.77946472167969 0.06266885995864868
16.6883487701416 109.77857971191406 -0.33668121695518494
16.700611114501953 109.77129364013672 -0.735245406627655
19.66727638244629 107.08821868896484 -0.735245406627655
22.633941650390625 104.40514373779297 -0.735245406627655
25.60060691833496 101.7220687866211 -0.735245406627655
28.567272186279297 99.03899383544922 -0.735245406627655
31.533937454223633 96.35591888427734 -0.735245406627655
34.50060272216797 93.67284393310547 -0.735245406627655
37.46726608276367 90.9897689819336 -0.735245406627655
40.433929443359375 88.30669403076172 -0.735245406627655
43.40059280395508 85.62361907958984 -0.735245406627655
46.36725616455078 82.94054412841797 -0.735245406627655
49.333919525146484 80.2574691772461 -0.735245406627655
52.30058288574219 77.57439422607422 -0.735245406627655
55.26724624633789 74.89131927490234 -0.735245406627655
58.233909606933594 72.20824432373047 -0.735245406627655
61.2005729675293 69.5251693725586 -0.735245406627655
64.167236328125 66.84209442138672 -0.735245406627655
67.13390350341797 64.15901947021484 -0.735245406627655
70.10057067871094 61.47594451904297 -0.735245406627655
