60.0 450.0 0.38539817929267883
60.0 450.0 -0.014601826667785645
60.0 450.0 -0.4146018326282501
60.0 450.0 -0.8146018385887146
60.0 450.0 -1.2146018743515015
60.0 450.0 -1.6146018505096436
60.0 450.0 -2.014601945877075
60.0 450.0 -2.414602041244507
57.15975570678711 447.5335388183594 -2.4384219646453857
54.26156997680664 445.1354064941406 -2.4622418880462646
51.307090759277344 442.8069763183594 -2.4860618114471436
48.29799270629883 440.5495910644531 -2.5098817348480225
45.23598098754883 438.364501953125 -2.5337016582489014
42.12279510498047 436.2529602050781 -2.5575215816497803
38.960201263427734 434.2161865234375 -2.581341505050659
38.960201263427734 434.2161865234375 -2.981341600418091
35.23979949951172 433.66021728515625 -3.0051615238189697
31.507213592529297 433.1930236816406 -3.0289814472198486
27.764558792114258 432.8148498535156 -3.0528013706207275
24.013961791992188 432.52593994140625 -3.0766217708587646
20.257543563842773 432.3264465332031 -3.1004416942596436
20.257543563842773 432.3264465332031 2.782743453979492
20.257543563842773 432.3264465332031 2.3827433586120605
20.257543563842773 432.3264465332031 1.9827433824539185
20.257543563842773 432.3264465332031 1.5827434062957764
20.257543563842773 432.3264465332031 1.1827434301376343
21.77109146118164 436.0290222167969 1.1827434301376343
23.284639358520508 439.7315979003906 1.1827434301376343
24.798187255859375 443.4341735839844 1.1827434301376343
26.311735153198242 447.1367492675781 1.1827434301376343
27.82528305053711 450.8393249511719 1.1827434301376343
29.338830947875977 454.5419006347656 1.1827434301376343
29.338830947875977 454.5419006347656 0.7827434539794922
29.338830947875977 454.5419006347656 0.3827434480190277
29.338830947875977 454.5419006347656 -0.017256557941436768
29.338830947875977 454.5419006347656 -0.41725656390190125
29.338830947875977 454.5419006347656 -0.8172565698623657
29.338830947875977 454.5419006347656 -1.2172565460205078
29.338830947875977 454.5419006347656 -1.61725652217865
29.153057098388672 450.54620361328125 -1.61725652217865
28.967283248901367 446.5505065917969 -1.61725652217865
28.781509399414062 442.5548095703125 -1.61725652217865
28.595735549926758 438.5591125488281 -1.61725652217865
28.409961700439453 434.56341552734375 -1.61725652217865
28.22418785095215 430.5677185058594 -1.61725652217865
28.038414001464844 426.572021484375 -1.61725652217865
27.85264015197754 422.5763244628906 -1.61725652217865
27.666866302490234 418.58062744140625 -1.61725652217865
27.48109245300293 414.5849304199219 -1.61725652217865
27.295318603515625 410.5892333984375 -1.61725652217865
27.10954475402832 406.5935363769531 -1.61725652217865
26.923770904541016 402.59783935546875 -1.61725652217865
26.73799705505371 398.6021423339844 -1.61725652217865
26.552223205566406 394.6064453125 -1.61725652217865
26.3664493560791 390.6107482910156 -1.61725652217865
26.180675506591797 386.61505126953125 -1.61725652217865
25.994901657104492 382.6193542480469 -1.61725652217865
25.809127807617188 378.6236572265625 -1.61725652217865
25.623353958129883 374.6279602050781 -1.61725652217865
25.437580108642578 370.63226318359375 -1.61725652217865
25.251806259155273 366.6365661621094 -1.61725652217865
25.06603240966797 362.640869140625 -1.61725652217865
24.880258560180664 358.6451721191406 -1.61725652217865
24.69448471069336 354.64947509765625 -1.61725652217865
24.508710861206055 350.6537780761719 -1.61725652217865
24.32293701171875 346.6580810546875 -1.61725652217865
24.137163162231445 342.6623840332031 -1.61725652217865
23.95138931274414 338.66668701171875 -1.61725652217865
23.765615463256836 334.6709899902344 -1.61725652217865
23.57984161376953 330.67529296875 -1.61725652217865
23.394067764282227 326.6795959472656 -1.61725652217865
23.208293914794922 322.68389892578125 -1.61725652217865
23.022520065307617 318.6882019042969 -1.61725652217865
22.836746215820312 314.6925048828125 -1.61725652217865
22.650972366333008 310.6968078613281 -1.61725652217865
22.465198516845703 306.70111083984375 -1.61725652217865
22.2794246673584 302.7054138183594 -1.61725652217865
22.093650817871094 298.709716796875 -1.61725652217865
21.90787696838379 294.7140197753906 -1.61725652217865
21.722103118896484 290.71832275390625 -1.61725652217865
21.53632926940918 286.7226257324219 -1.61725652217865
21.350555419921875 282.7269287109375 -1.61725652217865
21.16478157043457 278.7312316894531 -1.61725652217865
20.979007720947266 274.73553466796875 -1.61725652217865
20.79323387145996 270.7398376464844 -1.61725652217865
20.607460021972656 266.744140625 -1.61725652217865
20.607460021972656 266.744140625 -2.017256498336792
18.88035774230957 263.13623046875 -2.017256498336792
17.153257369995117 259.5283203125 -2.017256498336792
17.153257369995117 259.5283203125 -2.017256498336792
17.153257369995117 259.5283203125 -2.017256498336792
17.153257369995117 259.5283203125 -2.017256498336792
17.153257369995117 259.5283203125 -2.017256498336792
17.153257369995117 259.5283203125 -2.017256498336792
17.153257369995117 259.5283203125 -2.017256498336792
17.153257369995117 259.5283203125 -2.017256498336792
17.153257369995117 259.5283203125 -2.017256498336792
17.153257369995117 259.5283203125 -2.017256498336792
17.153257369995117 259.5283203125 -2.017256498336792
