60.0 450.0 0.38539817929267883
60.0 450.0 -0.014601826667785645
60.0 450.0 -0.4146018326282501
60.0 450.0 -0.8146018385887146
60.0 450.0 -1.2146018743515015
60.0 450.0 -1.6146018505096436
59.824832916259766 446.00384521484375 -1.6146018505096436
59.64966583251953 442.0076904296875 -1.6146018505096436
59.4744987487793 438.01153564453125 -1.6146018505096436
59.29933166503906 434.015380859375 -1.6146018505096436
59.12416458129883 430.01922607421875 -1.6146018505096436
58.948997497558594 426.0230712890625 -1.6146018505096436
58.77383041381836 422.02691650390625 -1.6146018505096436
58.598663330078125 418.03076171875 -1.6146018505096436
58.42349624633789 414.03460693359375 -1.6146018505096436
58.248329162597656 410.0384521484375 -1.6146018505096436
58.07316207885742 406.04229736328125 -1.6146018505096436
57.89799499511719 402.046142578125 -1.6146018505096436
57.72282791137695 398.04998779296875 -1.6146018505096436
57.54766082763672 394.0538330078125 -1.6146018505096436
57.372493743896484 390.05767822265625 -1.6146018505096436
57.19732666015625 386.0615234375 -1.6146018505096436
57.022159576416016 382.06536865234375 -1.6146018505096436
56.84699249267578 378.0692138671875 -1.6146018505096436
56.55162811279297 375.51336669921875 -1.7570981979370117
55.81072235107422 371.58258056640625 -1.7570981979370117
55.06981658935547 367.65179443359375 -1.7570981979370117
54.32891082763672 363.72100830078125 -1.7570981979370117
53.58800506591797 359.79022216796875 -1.7570981979370117
52.84709930419922 355.85943603515625 -1.7570981979370117
52.10619354248047 351.92864990234375 -1.7570981979370117
51.36528778076172 347.99786376953125 -1.7570981979370117
50.7099494934082 345.5098571777344 -1.8995945453643799
49.41832733154297 341.72412109375 -1.8995945453643799
48.126705169677734 337.9383850097656 -1.8995945453643799
46.8350830078125 334.15264892578125 -1.8995945453643799
45.543460845947266 330.3669128417969 -1.8995945453643799
44.25183868408203 326.5811767578125 -1.8995945453643799
42.9602165222168 322.7954406738281 -1.8995945453643799
41.66859436035156 319.00970458984375 -1.8995945453643799
40.37697219848633 315.2239685058594 -1.8995945453643799
39.085350036621094 311.438232421875 -1.8995945453643799
37.79372787475586 307.6524963378906 -1.8995945453643799
36.502105712890625 303.86676025390625 -1.8995945453643799
35.21048355102539 300.0810241699219 -1.8995945453643799
33.918861389160156 296.2952880859375 -1.8995945453643799
32.62723922729492 292.5095520019531 -1.8995945453643799
31.335615158081055 288.72381591796875 -1.8995945453643799
30.043991088867188 284.9380798339844 -1.8995945453643799
29.041963577270508 282.568359375 -2.042090892791748
27.22580337524414 279.0044250488281 -2.042090892791748
25.409643173217773 275.44049072265625 -2.042090892791748
23.593482971191406 271.8765563964844 -2.042090892791748
21.77732276916504 268.3126220703125 -2.042090892791748
19.961162567138672 264.7486877441406 -2.042090892791748
18.145002365112305 261.18475341796875 -2.042090892791748
18.145002365112305 261.18475341796875 -2.042090892791748
18.145002365112305 261.18475341796875 -2.042090892791748
18.145002365112305 261.18475341796875 -2.042090892791748
18.145002365112305 261.18475341796875 -2.042090892791748
18.145002365112305 261.18475341796875 -2.042090892791748
18.145002365112305 261.18475341796875 -2.042090892791748
18.145002365112305 261.18475341796875 -2.042090892791748
18.145002365112305 261.18475341796875 -2.042090892791748
18.145002365112305 261.18475341796875 -2.042090892791748
18.145002365112305 261.18475341796875 -2.042090892791748
