-392.16194382110814
-394.14121733943404
-395.9274081534498
-397.51122858020096
-398.88453674865883
-400.04033558154964
-400.9727801865089
-401.67722513565695
-402.1501610146841
-402.3892204721081
-402.3932297920831
-402.1621437769098
-401.6971214133058
-401.0004827626107
-400.0756841856932
-398.92738921308467
-397.5613421718909
-395.9845208296668
-394.20505654593745
-396.51696516047787
-394.4885714271283
-391.8361700969724
-389.2068029680775
-391.7294126044664
-389.03971766833325
-386.37271004988474
-389.0243573538019
-386.3487377295716
-389.0088989625402
-386.324723927896
-388.99337380943723
-386.3006686351765
-388.97781204677267
-386.2765718417684
-388.96215218059086
-386.2524021928045
-388.9464255264019
-386.2281910237297
-388.9306007512034
-386.2039082012866
-388.9147080055496
-386.1795826180282
-388.8919516358844
-386.1448540708661
-388.8696339656161
-386.11090162291697
-388.84767826408955
-386.07761443144864
-383.32927337906335
-386.06154118155695
-383.3048356761519
-386.04542967542017
-383.28035586627846
-386.02922088414556
-383.25580385604104
-386.0129135749802
-383.23120972064544
-385.9965692071749
-383.2065721687337
-380.4381716369193
-383.1903456116847
-380.4136201039265
-383.17402020008797
-380.3889958667297
-383.1576272914831
-380.3643276200736
-383.14116559368813
-380.339616693972
-383.1246350971178
-380.3148630792195
-383.10803579220635
-380.29006408477824
-383.0913676694079
-380.2651936810428
-383.0746006382852
-380.2402778778806
-378.8325598701938
-375.4739780540322
-372.128081280833
-368.795213404937
-365.47573086818795
-362.17000172223493
-358.878406026241
-355.6013362559142
-352.3391977238019
-350.9689147227773
-347.25601604386776
-343.5495627212036
-339.84976563696176
-336.1568445701529
-332.4710286468919
-328.792556816573
-325.12167835555465
-321.458653400064
-317.80375351013197
-314.1572622664823
-310.51947590241485
-306.89070397284087
-303.27127006275714
-299.6615125375731
-296.06178533784265
-292.47245882108626
-288.89392065353263
-285.32657675474894
-281.77085229827105
-278.2271927714848
-274.69606509814486
-271.1779588270477
-267.6733873904914
-264.1828894362628
-260.70703023697246
-259.26960734635105
-255.42814584144637
-251.591625320852
-247.76027531526793
-243.93433945659925
-240.11407654920615
-236.29976173739425
-232.4916877790283
-228.6901664362805
-224.8955299957889
-221.1081329319221
-217.3283537284422
-213.5565830572628
-209.79326750880728
-206.0388703839644
-202.29388823770208
-198.55885379329078
-194.83433915311917
-191.12095933965384
-189.60935890209498
-185.65156544013047
-181.69562068850686
-181.6882323276891
-177.8143965149701
-173.9462720293388
-170.0842485391445
-166.22875128161579
-162.38024512687534
-159.36482974582884
-155.638700599267
-151.9264994501372
-155.60863357390366
-151.90102268126856
-155.57865018529162
-151.8756511524296
-155.54874717345464
-151.8503955276924
-155.5189245472642
-151.82523877121028
-155.48916525966288
-151.8001777010894
-148.12733512108684
-151.77082403845037
-148.10278055491108
-144.46140119824307
-148.08110911832347
-144.45219763540533
-148.06452274901145
-144.44944751722323
-148.05326418684945
-144.45167010923024
-148.04607118631273
-144.45675871995093
-148.04116560781085
-144.46322862586885
-143.15696460037228
-140.1334413463541
-137.15992951894674
-134.23975253181658
-131.3764669415905
-128.57387364623045
-125.8360278887942
-123.16724750254224
-120.572118717248
-118.05549872272084
-115.6225140596116
-113.27855378821876
-112.47264557407645
-111.08937989003391
-109.8344418085853
-108.71227540523522
-107.72703031587514
-106.88249303831206
-106.18202105820808
-105.62848050805349
-105.22419024819483
-104.97087478367482
-104.86962817148321
-104.92089064296933
-105.20008470679397
-105.11004734685359
-103.21298682136347
-101.42540615897472
-99.75321463349331
-98.2023301609852
-96.7785894141315
-95.4877005086529
-95.4877005086529
-95.4877005086529
-95.4877005086529
-95.4877005086529
-95.4877005086529
-95.4877005086529
-95.4877005086529
-95.4877005086529
-95.4877005086529
-95.4877005086529
