-392.1619132813203
-394.1411867303504
-395.9273774967274
-397.5111671702225
-398.8844447409303
-400.04021299320317
-400.9726571564902
-401.6770710821383
-402.1499758528911
-402.3890041228303
-402.3929815768851
-402.16186417569406
-401.69681036827274
-401.00014022402195
-400.0753092705843
-398.9269817754006
-397.5609323573152
-395.98410745913003
-394.20460913379657
-396.5715545809237
-394.57534190480396
-392.39580025345884
-390.04627443136445
-386.9990663811787
-383.96934614662155
-380.95753096489335
-377.9640488667073
-374.98936614000996
-372.5519559374897
-369.398641891683
-366.261864505833
-363.14205230523385
-366.25085568468603
-363.1269129029845
-366.2398143728512
-363.1117673572339
-366.22873751307344
-363.096615666059
-366.21765500176343
-363.08142797095957
-366.20653999450803
-363.06623728580087
-359.9429891255355
-363.055207987857
-359.92784647803563
-363.04414298184446
-359.9126974781385
-363.03307528156813
-359.8975421239124
-363.0220017244099
-359.8823804134327
-363.01089245189553
-359.86718253343224
-362.9997506236712
-359.85198155761657
-362.9885762388597
-359.83674440966735
-362.9773959880427
-359.82153070995986
-362.966213031793
-359.80631064539114
-362.9549943501279
-359.7910576686844
-362.94374310535926
-359.7757685137468
-362.9324561313177
-359.760469723595
-362.9211632790733
-359.74516782782814
-362.9098378585607
-359.7298595590032
-362.89850972198946
-359.71454491526197
-362.8871757004245
-359.6992271618961
-362.87580910605453
-359.683873220849
-362.864406769569
-359.66850963247765
-362.85299854072554
-359.65314293016405
-362.84155773395884
-359.63776984462686
-362.8301110301442
-359.6223605648951
-362.81863174520765
-359.60697470758885
-362.8071465585471
-359.5915559220244
-362.79562878757554
-359.5761307468652
-362.78410828230363
-359.5606991803137
-362.7725520179725
-359.54526122057945
-362.7609898426056
-359.5297903280195
-362.74936522637313
-359.5143097687819
-362.7377645448945
-359.49882608238306
-362.7261312695954
-359.4833359965605
-362.71446222445536
-359.4678097017209
-356.2364824051742
-359.4562187301406
-356.2210265662601
-359.4446216497103
-356.205534367947
-359.4329588430617
-356.1900355725328
-359.4212931960978
-356.1745037857129
-359.4095916263417
-356.1589620278199
-359.39788393789
-356.143417039392
-359.3861468720525
-356.12786544767323
-359.3744004081215
-356.1123072509157
-359.36265109417263
-356.0967424473789
-359.3508691231417
-356.0811446453574
-359.339051216858
-356.0655402339397
-352.80700718216985
-356.053798878724
-352.79147149542393
-356.04205120672225
-352.7758992886133
-356.0302674529755
-352.7603202777998
-356.01845099025337
-352.7447082155436
-356.00663157918655
-352.7291190637888
-355.9947760809231
-352.7134933864185
-355.9829142540885
-352.6978608989689
-355.9710197120875
-352.68222159972225
-355.95911883693907
-352.6665754869683
-355.9472116256178
-352.6509225590039
-355.9352716937707
-352.6352662877118
-355.9233254211989
-352.61959972452917
-355.9113464250371
-352.6039000991592
-355.89933132426506
-352.5881936526624
-355.8873098756898
-352.57248038336644
-355.87528545755765
-352.5567602896062
-355.8632249279895
-352.5410333697238
-355.8511614253667
-352.52530309760897
-355.83906180726535
-352.5095362813578
-355.82692945465016
-352.4937626348592
-355.81479074072666
-352.47798215647884
-355.8026192892688
-352.462168606342
-355.79044147202825
-352.44637445972245
-355.7782275289847
-352.4305437617267
-355.76600721470135
-352.4147359401414
-355.7537839124842
-352.39889504194593
-355.74149810811764
-352.3830210667273
-355.7292059265756
-352.367166485825
-355.7169107526637
-352.3513085395147
-355.7046091967013
-352.335443748231
-348.979599488382
-352.3231815853555
-348.96373722174724
-352.310883150266
-348.94786792752603
-352.2985781538866
-348.932021273855
-352.28626659326534
-348.91613791955393
-352.27392223402177
-348.9002511051832
-352.2615450754044
-348.8843275880677
-352.2491613466388
-348.86842670546173
-352.23677104479106
-348.8525187863266
-352.2243479384097
-348.8365741601365
-352.21188505924044
-348.8206224945637
-352.1994190833958
-348.8046637880658
-352.1869500094404
-348.7887016132134
-352.1744446398505
-348.7727288205227
-352.1619326830458
-348.7567525569387
-352.1493879119335
-348.7407395786106
-352.1368365492544
-348.72474922060655
-352.12425236935803
-348.7087221450888
-352.11165810588835
-348.6926880187886
-345.28620273342483
-348.68012934208997
-345.2701972587248
-348.66756389687595
-345.25418455539483
-348.6549655901876
-345.23816828788136
-348.6423605106272
-345.2221447892263
-348.62975223337725
-345.2061140579291
-348.61710751199644
-345.19004646913623
-348.60442634430245
-345.17397164496833
-348.59174197363524
-345.1578932511543
-343.24775366708707
-339.5021683851098
-335.762451892297
-332.0288024932598
-328.3014271844316
-324.58054211459836
-320.8663730734711
-317.15915601017537
-313.459137583665
-309.76657574720474
-306.08174036921554
-302.4049138929334
-298.7363920374993
-295.07648454327557
-291.4255159643693
-287.78382651154186
-284.1517729488891
-280.5297295478935
-276.9180891026748
-273.31726401049946
-269.72768742184894
-266.1498144645937
-262.58412354706843
-259.0311177450925
-255.49132627822675
-251.9653060807938
-248.453643473414
-244.95695594101014
-241.47589402340574
-239.83381818316522
-236.0172654906565
-232.20688802427742
-228.40299484247652
-224.60591539620273
-220.81600118601185
-217.03362757751657
-213.2591957923323
-209.49313509370484
-205.7359051882947
-201.98799886816417
-198.2499449199035
-194.52231133107796
-193.0062650357126
-189.04284148893794
-185.8880140870818
-182.70797312282855
-179.53487838060903
-176.39095163376606
-173.29939794013708
-170.2843395436018
-166.5579762409695
-163.65560402656703
-160.09243654964556
-156.55037437942696
-153.03088303708458
-149.53555622231005
-146.06612869914818
-143.39645645119197
-140.16382986512775
-136.97172946620321
-134.6322637261442
-131.7674901045624
-128.96315903558087
-126.2232991803327
-123.55219970138006
-120.9544160983066
-118.43477286618804
-115.9983620642959
-113.65053676461052
-115.98560642312043
-113.6436129123915
-115.97286307172233
-113.63672035948035
-115.96014834969776
-113.62985911120386
-111.39449620771589
-109.2598861270699
-107.23204593320226
-105.31714324330669
-103.52144547982617
-101.85125779746033
-100.31284954086136
-99.31021391099566
-98.34027689413585
-97.52487656743243
-97.52487656743243
-97.43825587819
-97.22068593068428
-97.15938588296304
-97.35471609110088
-96.42312814961691
-95.6419194453282
-95.01478469221499
-94.5448060987912
-94.5448060987912
-94.5448060987912
-94.5448060987912
-94.5448060987912
-94.5448060987912
-94.5448060987912
-94.5448060987912
-94.5448060987912
-94.5448060987912
-94.5448060987912
