-392.83861260070745
-395.6972973447963
-398.57562242630917
-401.47316538979356
-404.3895131339564
-407.324261745324
-410.2770163548833
-413.2473909909103
-416.23500842860443
-419.2395000371072
-422.2605056244355
-425.29767328082255
-428.3506592209188
-431.41912762526795
-434.50275048143925
-437.6012074251642
-440.7141855817944
-443.8413794083695
-446.9824905365546
-450.1372276166848
-453.3053061631269
-456.4864484011485
-459.6803831154639
-462.8868455006061
-466.1055758558366
-469.33632403122084
-472.57884245426635
-475.8328905033011
-479.0982332497959
-479.1026432196927
-481.2329273340051
-483.3869234678479
-485.5643160569584
-485.56673766299
-486.2977376053798
-487.06049164950434
-487.85485085414206
-488.68066109504656
-489.53776320625207
-490.42599312432816
-491.3451820352987
-491.3454383741586
-490.7102527296187
-490.1068906767687
-489.5354698852227
-488.9961023307376
-488.48889418857044
-488.01394573157773
-487.5713512332795
-487.1611988761014
-486.78357066499956
-486.4385423466613
-486.12618333446545
-486.1244251616541
-484.31381741510853
-482.5295749078931
-480.7719911803718
-479.041359662647
-477.3379735077506
-475.6621254195934
-474.0141074757528
-472.39421094519616
-470.802726101055
-469.23994202858097
-467.70614642843594
-466.20162541548433
-464.7266633132772
-463.28154244443533
-461.8665429171599
-460.4819424081174
-459.12801594196725
-457.8050356678183
-456.5132706329225
-455.25298655393135
-454.0244455860616
-452.8279060905342
-451.6636224006703
-450.5318445870429
-449.4328182221031
-448.7539069358013
-447.73117844765727
-447.73117844765727
-447.73117844765727
-443.74108269007667
-439.7511671154217
-435.76143667306104
-435.7550407365647
-431.96931646351885
-428.18748826857404
-424.4096603032225
-420.6359403484195
-416.8664399685559
-413.10127467301766
-409.3405640857529
-405.5844321232864
-401.8330071816538
-398.0864223327509
-394.34481553062614
-390.6083298282742
-386.877113605522
-383.15132080863583
-379.4311112023108
-375.71665063474956
-372.00811131657406
-368.3056721143602
-364.6095188596324
-360.91984467420275
-357.2368503127926
-353.5607445239284
-349.8917444301601
-346.230075928713
-342.5759741137435
-338.9296837214381
-335.2914595992625
-331.661567200738
-328.0402831071992
-324.42789557806077
-322.87593864895035
-321.5726210480943
-321.5726210480943
-321.5250282666358
-321.5250282666358
-321.5250282666358
-321.5250282666358
-321.5312870904903
-321.5376814398089
-325.3059434838129
-329.07967610983724
-332.8586932523666
-336.6428169458646
-340.43187690237926
-344.2257101143994
-348.02416048128674
-351.827078457731
-355.63432072278454
-359.4457498681357
-363.2612341043735
-367.08064698408515
-370.90386714070894
-374.73077804213904
-378.56126775814914
-382.3952287407668
-386.23255761678826
-390.07315499168106
-393.9169252641709
-397.76377645085887
-401.6136200202569
-405.4663707356725
-409.32194650641003
-413.18027554631556
-417.0412744090257
-418.744594572274
-422.29941631207515
-425.8621354027883
-429.4325552871003
-433.01048547266873
-436.595741317327
-440.1881438224553
-443.7875194342142
-447.39369985234447
-451.0065218462462
-454.6258270780594
-458.25146193247747
-461.88327735303244
-461.8884881306107
-464.59753601380737
-467.32511724608554
-470.07090920889914
-472.83459464842616
-475.61586164114493
-478.41440355553976
-481.2299190102418
-484.0621118288973
-486.9106909920408
-489.7753705862396
-492.6558697507591
-495.55191262198997
-498.46322827586266
-501.38955066846376
-504.3306185750575
-507.28617552770265
-510.2559697516464
-513.2397541006638
-516.2372859915037
-519.2483273375891
-522.2726444821149
-525.3100081306712
-528.3601932835186
-531.4229791676262
-534.4981491685825
-537.5854517220937
-540.6847795541735
-543.7958262753514
-546.9184534618233
-550.0524640138176
-553.1976445344302
-556.3538252178564
-559.5208200365487
-562.6984465202848
-565.8865030393946
-569.0848368693876
-572.2932551826971
-575.5116717476842
-578.739836962744
-581.9775886038531
-585.2247675605422
-588.4812177759528
-591.7467861877147
-595.0213226696607
-598.3046799743911
-601.5967136767018
-604.8972821178811
-608.2062463508855
-611.5234700863995
-614.8488196397808
-618.1821638788965
-621.523374172847
-624.8723243415806
-628.2288685600842
-631.5929294226438
-634.9643658353693
-638.3430609354124
-639.7746783607896
-640.9311585731335
-643.1247733878157
-645.3357254879517
-647.5638372915014
-649.8088867484222
-649.8088867484222
-649.8088633968553
-649.8063473389675
-649.8016952974513
-646.4404119683526
-643.0864397201723
-639.7398935426038
-636.4008905867581
-636.3948967277682
-632.4639395402712
-628.5338535618712
-624.604655237819
-620.6763614260308
-616.7489894099882
-612.8225569121211
-608.8970821076915
-604.972583639205
-601.0490806313675
-597.1265927066154
-593.2051400012438
-593.1964341974001
-589.2766818299391
-585.3580150655561
-581.4404558537906
-577.5240267334611
-573.608750852348
-569.6946519876608
-565.7817545673283
-561.8700836921457
-557.959665158822
-554.0505254839691
-550.1426919290772
-546.2361925265226
-542.3310561066595
-538.4273123260454
-534.5249916968564
-530.6241256175522
-526.7247464048473
-522.8268873270591
-518.9305826388955
-515.0358676177586
-511.1427786016378
-507.2513530286736
-503.3616294784782
-499.4736477153016
-495.58744873313856
-491.70307480287823
-487.820569521602
-483.93997786414286
-480.0613462370259
-476.18472253491694
-472.3101561997134
-468.4376982824195
-464.5674015079579
-460.6993203430768
-456.83351106752366
-452.9700318486657
-449.1089428197493
-445.2503061620015
-441.3941861907913
-437.54064944608
-433.6897647874061
-429.8416034936653
-425.99623936796297
-422.15374884783364
-418.31421112114333
-414.47770824800796
-410.64432528908605
-406.814150440626
-402.98727517667294
-399.16379439886873
-395.343806594307
-391.52741400193537
-387.7147648619622
-383.90586299041854
-380.1008872241304
-376.2999566601435
-372.5031951272127
-368.71073141588977
-364.9226995216935
-361.139238902202
-357.3604947489648
-353.5866182751968
-349.8178075323355
-346.0542060072354
-342.2958783942615
-338.5430893713013
-334.79608810843155
-331.0549395961041
-327.3199755912364
-323.59132173683133
-319.86916030104317
-316.1537855004208
-312.4454394403035
-308.744384957145
-305.0508774126916
-301.3651942910895
-297.6876262160137
-294.0184776953822
-290.3580679138445
-286.70673157632234
-284.9436752687969
-283.58643633332605
-280.9454714269868
-278.33693419019124
-275.7617448621629
-273.22084638698635
-270.71520431513346
-268.2601057386213
-265.83372591890117
-264.90293963782545
-263.28627709127505
-263.28264942539585
-263.3576413154141
-263.3576413154141
-263.3576413154141
-263.3576413154141
-263.3576413154141
-263.3576413154141
-266.9064239590829
-270.4678005931066
-274.04128021223113
-277.62639546463174
-281.22270134654667
-284.82977397430426
-288.44720942920713
-292.07462267095354
-295.7116465154903
-299.35793067340654
-299.3631877139381
-302.1053805498331
-304.87539073194733
-307.67246693301104
-310.49587768796727
-313.3449111309878
-316.21887470554515
-319.11709485122395
-322.03890730350514
-324.9836846445397
-327.95080824721754
-330.9396770588567
-333.94970721740873
-336.980331660946
-340.0309997323845
-343.1011767811997
-346.19034376371445
-349.29799684336734
-352.4236469922171
-355.56681959479306
-358.7270540552705
-361.90390340882664
-365.09693393792446
-368.3057247941669
-371.52986762627245
-374.76896621464
-378.022636112892
-381.29050429671787
-384.57220882027667
-387.86739848036086
-391.17573248847515
-392.5723549165548
-393.68749435807587
-394.4714283939897
-394.8894990835992
-394.9232871320255
-394.9232871320255
-395.3381261519753
-394.8582695078356
-396.323258931224
-396.323258931224
-396.323258931224
-396.323258931224
-396.323258931224
-392.66396719225634
-389.01138363727574
-385.3656990114003
-381.7271109793404
-378.0958244223986
-374.4720517496652
-370.85601322411594
-367.2479373043482
-363.648061002726
-360.05663026073734
-356.4739003424
-352.9001362465881
-349.33561313918256
-345.7806168059856
-342.23544412736993
-338.70040357566677
-335.1758157363267
-331.66201385391656
-328.15934440404124
-324.6681676923006
-321.1888985384553
-317.72182326605
-314.26741078663684
-310.8260832900724
-307.3982802362986
-303.98445914042634
-300.5850963927483
-297.2006881147059
-293.8317510517681
-290.4788235040868
-287.1424662956792
-285.7431076468237
-282.9974402179737
-280.2819630724643
-277.59756218156923
-274.9451477769948
-273.90021182523896
-272.0149115638884
-270.1756801403449
-268.38346468527936
-266.6392132538646
-264.943873157682
-264.943873157682
-266.61947323644347
-264.93626357447937
-264.93626357447937
-266.59980640727866
-264.9287786999756
-264.9287786999756
-266.5802468000278
-264.9213998814908
-264.9213998814908
-266.5607604188274
-264.9141381013841
-264.9141381013841
-266.54137342950713
-264.90698239292357
-264.90693846629375
-264.9076250694201
-266.43776142909104
-266.43776142909104
-266.43776142909104
-266.43776142909104
-266.43776142909104
-266.44298879286436
-266.44632246975385
-267.81972912818816
-269.2455603005227
-270.72298766708934
-272.2511712368818
-273.8292612321027
-274.3815420645221
-273.6212433124726
-273.76501337634954
-273.54773311278467
-272.48082773697865
-271.4686733699555
-270.51188458584767
-269.6110508251824
-268.76673472708643
-267.97947049837563
-267.97700700183583
-267.97243437332526
-264.6386247362427
-261.32351219133795
-258.0278173940662
-254.75230555353133
-251.49775303335537
-248.26498411396247
-245.05486090603887
-241.86828508620692
-238.70619968425598
-235.56959091773643
-232.45949006846783
-229.37697539405977
-226.32317406588018
-223.29926412300352
-220.30647642951325
-217.3460966200982
-214.41946701615282
-212.96515575243555
-209.55422554525998
-206.16447177884433
-202.79695634941802
-199.45280566110688
-196.13321485242736
-192.8394522689049
-189.57286418460768
-186.33487977215063
-184.5387293006867
-180.9445031982245
-177.36765132350348
-177.36765132350348
-177.36765132350348
-173.5894510211309
-169.82141010908802
-169.82141010908802
-169.82105665900735
-169.82105665900735
-169.82105665900735
-169.82105665900735
-169.82105665900735
-169.82639865252287
-173.52354527929123
-177.2338448524347
-180.95648831675967
-184.69072925992876
-188.43587820016936
-192.19129746023327
-195.95639656234928
-199.73062808649948
-203.51348394106097
-207.30449200078473
-209.32489086585917
-213.2933089487639
-217.2628851104321
-221.23355701292652
-225.20526669809877
-229.17796021087798
-233.15158726065485
-234.97907949097115
-238.9582222170149
-242.93805009498536
-246.91852999509004
-250.80652319857492
-250.81267447941158
-254.32080991089816
-257.84327999222234
-261.37949399661136
-264.9289015718487
-268.490979467789
-272.0652300174422
-275.65117970848496
-279.24837784001517
-282.85639525958214
-286.4748231757456
-290.10327204164577
-293.74137050529373
-297.3887644225182
-301.04511592872666
-304.7101025658545
-308.3834164610857
-312.0647635541281
-315.7538628700226
-319.45044583464403
-323.15425563023206
-326.86504658845143
-330.58258361864193
-334.3066416690624
-338.0370052190767
-341.7734678003575
-345.51583154530925
-349.26390676102756
-353.01751152721823
-356.7764713166049
-360.54061863644637
-364.30979268987454
-368.0838390558488
-371.86260938659757
-375.6459611214943
-379.4337572163787
-383.2258658874021
-387.02216036853116
-390.82251868190207
-394.62682342026756
-398.43496154082794
-402.2468241697822
-406.06230641697715
-409.8813072000711
-413.7037218425419
-417.5294708935535
-421.3584564528103
-425.19059108275627
-429.02579039922193
-432.8639729423266
-436.70506005371413
-440.54897575977355
-444.39564666051547
-448.2450018237957
-452.0969726845957
-455.95149294908805
-459.8084985032281
-463.66792732563323
-467.5297194045197
-471.39381665848543
-475.26016286093596
-479.12870356796367
-482.9993860495027
-486.87215922358934
-490.74697359357026
-494.62378118810796
-498.50253550384167
-502.3831638433205
-506.26567766681666
-510.15000697346096
-514.0361106069962
-515.7552148953582
-517.3021338762461
-517.3021338762461
-517.3040660291645
-517.7285278360044
-518.1835197951782
-518.6689615607979
-519.1847677204584
-519.7308478688651
-520.3071009456816
-520.2982671662604
-519.633759677279
-518.9992307282358
-518.3947904027223
-517.8205440660786
-517.2765922764362
-516.7630306991597
-516.2799500248526
-515.827435891087
-515.4055688080098
-515.0144240879747
-514.6540717793397
-514.3245766045648
-514.0259979027338
-513.7583895766212
-513.5218000444097
-513.3162721961613
-513.1418471767926
-513.1402897419885
-511.4527756840239
-509.79106151089064
-508.1554003265304
-506.5460445100126
-504.96324557295304
-503.40725401359566
-501.87831916765913
-500.3766890560632
-498.90261022966104
-497.4563276111156
-496.03808433406965
-494.64812157977224
-493.28667841133546
-491.95399160580746
-490.65029548426145
-489.37582071714826
-488.1307973376049
-486.9154512637523
-485.73000526258954
-484.5746787735416
-483.4496877314546
-482.3552443893142
-481.2915571409737
-480.25883034418575
-479.2572641442399
-478.28705429851664
-477.3483920022741
-476.44146371599044
-475.56645099458837
-474.7235303188742
-474.7220483068491
-474.71736999880557
-471.3409537157104
-467.97436647681144
-464.6178219114644
-461.2715393220877
-457.93574367133436
-454.6106658092203
-451.2965121206875
-451.2905575129931
-447.3689507121235
-443.44874446974296
-439.52997626096356
-435.6126848954031
-431.69691057644496
-427.7826949636454
-423.870081238483
-419.9591141736584
-416.04984020616604
-412.14230751437725
-408.2365660993899
-404.33266787091827
-400.43066673801826
-396.53061870496225
-392.63258197260353
-388.7366170455944
-384.8427868458493
-380.95115683267477
-377.06179513002024
-373.1747726613367
-369.29016329257144
-365.4080439838655
-361.52849495056665
-357.6515998342185
-353.7774458842406
-349.9061241510705
-346.0377296916028
-346.03127074617726
-342.0713106336592
-338.1122625111491
-334.1541274233754
-330.1970641753989
-326.2409855755983
-322.2859910241298
-318.33212092601616
-314.37941770715304
-310.4279259414397
-306.477692487564
-302.52876663630235
-298.58120026928225
-294.6350480302551
-290.6903675100342
-286.7472194463781
-282.8056679402349
-278.86578068991906
-274.9276292449636
-270.99128928158717
-267.0568409019325
-263.1243689594824
-259.1939634133367
-255.26571971434973
-251.33973922648664
-247.41612968716126
-243.49500571077965
-239.57648934023882
-235.66071065172713
-231.74780841885664
-227.8379308429385
-223.93123635710742
-220.02789451302834
-216.12808696009986
-212.23200852842902
-208.33986842842248
-204.45189158165337
-200.56832009976657
-196.68941493062417
-192.81544244807628
-188.94672224614334
-185.08358368340694
-181.22638370568953
-177.37550973403452
-173.5313829144255
-169.69446178174175
-165.86524639904138
-162.04428304340775
-158.23216952158313
-154.4295612128055
-150.6371779530867
-146.85581189513007
-143.08633650178965
-139.3297168591345
-135.58702152863833
-131.85943619774022
-128.1482794351218
-124.45502091276126
-120.7813025224818
-117.12896289166203
-113.50006589224103
-109.89693383997306
-106.3221861970935
-102.77878471965442
-99.27008612661905
-95.79990350277657
-92.37257776588184
-88.99306060308363
-85.66701026831734
-82.4009014607092
-79.2021500666533
-76.07925945850413
-73.04195263975409
-70.10135485282537
-67.27014969565163
-64.56273003094732
-61.9953156224127
-59.58600666512333
-57.35473130064901
-55.32303494877288
-53.513654055919375
-51.949823156484946
-50.654289676822785
-49.64806119514501
-48.94898241342944
-48.570317677400034
-48.51956945766176
-48.79776083520782
-49.399334872074874
-50.312693131819294
-51.521256541837296
-53.004836026753075
-54.7410758927528
-56.70677312869455
-58.8789506406349
-61.23563929212611
-61.23563929212611
-61.23563929212611
-61.23563929212611
-61.23563929212611
-61.23563929212611
-61.23563929212611
-61.23563929212611
-61.23563929212611
-61.23563929212611
-61.23563929212611
