-392.16338497193834
-394.1445078080521
-395.9329532734501
-397.51946279840064
-398.89592519973075
-400.055376508188
-400.99200661990847
-401.70114686843505
-402.17926632150557
-402.42401043530765
-402.4341889351437
-402.20971245843845
-401.7517270720594
-401.0624511997545
-400.1453307265723
-399.0049277069994
-397.6469744968703
-396.0783466100009
-394.3070393742937
-392.55260297564115
-389.85049172505654
-387.64244828927076
-384.73492084529704
-381.8471566187234
-378.9796073875223
-381.7536841571063
-378.84286882152145
-375.9520742948048
-378.8148197834054
-375.91115728020054
-373.13015701469175
-376.0337636145962
-373.1485952752147
-376.09148726964986
-373.10691053638317
-376.0621002184395
-373.0651234511565
-376.03253600106257
-373.0232069741758
-376.0027945765533
-372.98119101309453
-369.9781561887963
-372.95157028776435
-369.936209666749
-372.92173850642143
-369.8941323280518
-372.8917255686094
-369.851921084134
-372.86153437774914
-369.8096088488711
-366.77594224276436
-369.7795334705417
-366.73372335050703
-369.7493026829509
-366.69142242240054
-369.7189194921306
-366.648968812927
-369.6883002748722
-366.60638286417304
-365.2928990913902
-361.7020487417915
-358.1198709358794
-354.54662854405694
-350.98259447227434
-347.42805210680007
-343.8832957802206
-340.3486312596437
-336.8243762581088
-333.31086097023615
-329.8084286331704
-326.3174361138966
-322.8382545240229
-321.3380244177436
-317.5006923813142
-313.66742517277896
-309.8383736602349
-306.01369609269005
-302.193558545166
-298.3781353954468
-294.56760983503926
-290.7621744171407
-286.96203164466044
-283.1673946016206
-279.3784876315643
-275.5955470669327
-271.81882201373605
-268.0485751962502
-264.28508386690305
-260.5286407870037
-256.7795552844945
-253.03815439548512
-249.3047840969672
-245.57981063880027
-241.86362198382383
-238.15662936578215
-234.45926897565496
-230.7720037879768
-227.0953255398026
-223.42975687614066
-219.77585367693425
-216.13420758202665
-212.5054625885735
-208.8902763527103
-205.28936519287788
-201.703493647812
-198.1334782918478
-194.58019188029996
-191.04456785309975
-189.58963150633707
-185.71771779867652
-184.17004628894634
-180.98898202077294
-177.82595941553052
-173.8729654477328
-170.75283064351459
-166.87068915774054
-163.82117460161118
-160.04682230371066
-156.28369488204348
-153.34646595426332
-149.73676290400002
-146.14738325582417
-142.57986191370136
-141.15626438449314
-138.14832780457525
-135.19182649379357
-132.2902090162675
-129.44716616334117
-126.66664213274039
-123.95284428346105
-121.31025083663914
-118.74361576711748
-116.2579699984543
-113.85861788282135
-112.83600072290226
-111.2706807323542
-109.82880192246643
-108.51528501730711
-107.33484263104219
-106.29190849944297
-105.39056500397693
-104.6344712838039
-104.02679452624236
-103.57014718319692
-103.26653284231668
-103.11730326466858
-103.12312868344402
-103.28398286243056
-103.65140858360884
-104.36948181894472
-105.35708077273738
-103.8171752387271
-102.30011020279663
-100.89395922163258
-99.60696899431245
-98.44382244108735
-97.40899400032852
-96.50664460265266
-95.74051952850874
-95.11393748224758
-94.62948489908274
-94.62948489908274
-94.62948489908274
-94.62948489908274
-94.62948489908274
-94.62948489908274
-94.62948489908274
-94.62948489908274
-94.62948489908274
-94.62948489908274
-94.62948489908274
