-390.0
-390.0
-390.0
-390.0
-390.0
-390.0
-386.0038849581904
-382.0078510660576
-378.0119008971465
-374.01603713492887
-370.0202625787328
-366.02458015006005
-362.02899289932094
-358.03350401301964
-354.03811682142475
-350.042834806765
-346.047661611991
-342.05260105015043
-338.05765711442655
-334.0628339888958
-330.0681360600647
-326.0735679292539
-322.079134425901
-318.0848406218645
-315.0802218930815
-311.12724023283823
-307.17547607029246
-303.22497700637933
-300.26971282446965
-296.40428269404305
-292.54247081620287
-288.68442239810173
-284.8302903688446
-280.98023588870626
-277.13442889822204
-273.29304871074265
-269.4562846524071
-266.6080767031025
-262.91333880993585
-259.2276626268006
-255.5514402299977
-251.88508554934987
-248.22903582515485
-244.58375317480554
-241.90361720334434
-238.46346295044538
-235.04103105535035
-231.63710682855395
-228.2525184929382
-224.8881390713185
-221.54488924296518
-218.22374014419267
-214.92571631493513
-211.65189879276122
-208.40342835423775
-205.18150890161618
-205.18150890161618
-205.18150890161618
-205.18150890161618
-205.18150890161618
-205.18150890161618
-205.18150890161618
-205.18150890161618
-205.18150890161618
-205.18150890161618
-205.18150890161618
