-392.83861260070745
-395.6972973447963
-398.57562242630917
-401.47316538979356
-404.3895131339564
-407.324261745324
-410.2770163548833
-413.2473909909103
-416.23500842860443
-419.2395000371072
-422.2605056244355
-425.29767328082255
-428.3506592209188
-431.41912762526795
-434.50275048143925
-437.6012074251642
-440.7141855817944
-443.8413794083695
-446.9824905365546
-450.1372276166848
-453.3053061631269
-456.4864484011485
-459.6803831154639
-462.8868455006061
-466.1055758558366
-469.33632403122084
-472.57884245426635
-475.8328905033011
-479.0982332497959
-479.1026432196927
-481.2329273340051
-483.3869234678479
-485.5643160569584
-485.56673766299
-486.2977376053798
-487.06049164950434
-487.85485085414206
-488.68066109504656
-489.53776320625207
-490.42599312432816
-491.3451820352987
-491.3454383741586
-490.7102527296187
-490.1068906767687
-489.5354698852227
-488.9961023307376
-488.48889418857044
-488.01394573157773
-487.5713512332795
-487.1611988761014
-486.78357066499956
-486.4385423466613
-486.12618333446545
-486.1244251616541
-484.31381741510853
-482.5295749078931
-480.7719911803718
-479.041359662647
-477.3379735077506
-475.6621254195934
-474.0141074757528
-472.39421094519616
-470.802726101055
-469.23994202858097
-467.70614642843594
-466.20162541548433
-464.7266633132772
-463.28154244443533
-461.8665429171599
-460.4819424081174
-459.12801594196725
-457.8050356678183
-456.5132706329225
-455.25298655393135
-454.0244455860616
-452.8279060905342
-451.6636224006703
-450.5318445870429
-449.4328182221031
-448.7539069358013
-447.73117844765727
-447.73117844765727
-447.73117844765727
-443.74108269007667
-439.7511671154217
-435.76143667306104
-435.7550407365647
-431.96931646351885
-428.18748826857404
-424.4096603032225
-420.6359403484195
-416.8664399685559
-413.10127467301766
-409.3405640857529
-405.5844321232864
-401.8330071816538
-398.0864223327509
-394.34481553062614
-390.6083298282742
-386.877113605522
-383.15132080863583
-379.4311112023108
-375.71665063474956
-372.00811131657406
-368.3056721143602
-364.6095188596324
-360.91984467420275
-357.2368503127926
-353.5607445239284
-349.8917444301601
-346.230075928713
-342.5759741137435
-338.9296837214381
-335.2914595992625
-331.661567200738
-328.0402831071992
-324.42789557806077
-322.87593864895035
-321.5726210480943
-321.5726210480943
-321.5250282666358
-321.5250282666358
-321.5250282666358
-321.5250282666358
-321.5312870904903
-321.5376814398089
-325.3059434838129
-329.07967610983724
-332.8586932523666
-336.6428169458646
-340.43187690237926
-344.2257101143994
-348.02416048128674
-351.827078457731
-355.63432072278454
-359.4457498681357
-363.2612341043735
-367.08064698408515
-370.90386714070894
-374.73077804213904
-378.56126775814914
-382.3952287407668
-386.23255761678826
-390.07315499168106
-393.9169252641709
-397.76377645085887
-401.6136200202569
-405.4663707356725
-409.32194650641003
-413.18027554631556
-417.0412744090257
-418.744594572274
-422.29941631207515
-425.8621354027883
-429.4325552871003
-433.01048547266873
-436.595741317327
-440.1881438224553
-443.7875194342142
-447.39369985234447
-451.0065218462462
-454.6258270780594
-458.25146193247747
-461.88327735303244
-461.8884881306107
-464.59753601380737
-467.32511724608554
-470.07090920889914
-472.83459464842616
-475.61586164114493
-478.41440355553976
-481.2299190102418
-484.0621118288973
-486.9106909920408
-489.7753705862396
-492.6558697507591
-495.55191262198997
-498.46322827586266
-501.38955066846376
-504.3306185750575
-507.28617552770265
-510.2559697516464
-513.2397541006638
-516.2372859915037
-519.2483273375891
-522.2726444821149
-525.3100081306712
-528.3601932835186
-531.4229791676262
-534.4981491685825
-537.5854517220937
-540.6847795541735
-543.7958262753514
-546.9184534618233
-550.0524640138176
-553.1976445344302
-556.3538252178564
-559.5208200365487
-562.6984465202848
-565.8865030393946
-569.0848368693876
-572.2932551826971
-575.5116717476842
-578.739836962744
-581.9775886038531
-585.2247675605422
-588.4812177759528
-591.7467861877147
-595.0213226696607
-598.3046799743911
-601.5967136767018
-604.8972821178811
-608.2062463508855
-611.5234700863995
-614.8488196397808
-618.1821638788965
-621.523374172847
-624.8723243415806
-628.2288685600842
-631.5929294226438
-634.9643658353693
-638.3430609354124
-639.7746783607896
-640.9311585731335
-643.1247733878157
-645.3357254879517
-647.5638372915014
-649.8088867484222
-649.8088867484222
-649.8088633968553
-649.8063473389675
-649.8016952974513
-646.4404119683526
-643.0864397201723
-639.7398935426038
-636.4008905867581
-636.3948967277682
-632.4639395402712
-628.5338535618712
-624.604655237819
-620.6763614260308
-616.7489894099882
-612.8225569121211
-608.8970821076915
-604.972583639205
-601.0490806313675
-597.1265927066154
-593.2051400012438
-593.1964341974001
-589.2766818299391
-585.3580150655561
-581.4404558537906
-577.5240267334611
-573.608750852348
-569.6946519876608
-565.7817545673283
-561.8700836921457
-557.959665158822
-554.0505254839691
-550.1426919290772
-546.2361925265226
-542.3310561066595
-538.4273123260454
-534.5249916968564
-530.6241256175522
-526.7247464048473
-522.8268873270591
-518.9305826388955
-515.0358676177586
-511.1427786016378
-507.2513530286736
-503.3616294784782
-499.4736477153016
-495.58744873313856
-491.70307480287823
-487.820569521602
-483.93997786414286
-480.0613462370259
-476.18472253491694
-472.3101561997134
-468.4376982824195
-464.5674015079579
-460.6993203430768
-456.83351106752366
-452.9700318486657
-449.1089428197493
-445.2503061620015
-441.3941861907913
-437.54064944608
-433.6897647874061
-429.8416034936653
-425.99623936796297
-422.15374884783364
-418.31421112114333
-414.47770824800796
-410.64432528908605
-406.814150440626
-402.98727517667294
-399.16379439886873
-395.343806594307
-391.52741400193537
-387.7147648619622
-383.90586299041854
-380.1008872241304
-376.2999566601435
-372.5031951272127
-368.71073141588977
-364.9226995216935
-361.139238902202
-357.3604947489648
-353.5866182751968
-349.8178075323355
-346.0542060072354
-342.2958783942615
-338.5430893713013
-334.79608810843155
-331.0549395961041
-327.3199755912364
-323.59132173683133
-319.86916030104317
-316.1537855004208
-312.4454394403035
-308.744384957145
-305.0508774126916
-301.3651942910895
-297.6876262160137
-294.0184776953822
-290.3580679138445
-286.70673157632234
-284.9436752687969
-283.58643633332605
-280.9454714269868
-278.33693419019124
-275.7617448621629
-273.22084638698635
-270.71520431513346
-268.2601057386213
-265.83372591890117
-264.90293963782545
-263.28627709127505
-263.28264942539585
-263.3576413154141
-263.3576413154141
-263.3576413154141
-263.3576413154141
-263.3576413154141
-263.3576413154141
-266.9064239590829
-270.4678005931066
-274.04128021223113
-277.62639546463174
-281.22270134654667
-284.82977397430426
-288.44720942920713
-292.07462267095354
-295.7116465154903
-299.35793067340654
-299.3631877139381
-302.1053805498331
-304.87539073194733
-307.67246693301104
-310.49587768796727
-313.3449111309878
-316.21887470554515
-319.11709485122395
-322.03890730350514
-324.9836846445397
-327.95080824721754
-330.9396770588567
-333.94970721740873
-336.980331660946
-340.0309997323845
-343.1011767811997
-346.19034376371445
-349.29799684336734
-352.4236469922171
-355.56681959479306
-358.7270540552705
-361.90390340882664
-365.09693393792446
-368.3057247941669
-371.52986762627245
-374.76896621464
-378.022636112892
-381.29050429671787
-384.57220882027667
-387.86739848036086
-391.17573248847515
-392.5723549165548
-393.68749435807587
-394.4714283939897
-394.8894990835992
-394.9232871320255
-394.9232871320255
-395.3381261519753
-394.8582695078356
-396.323258931224
-396.323258931224
-396.323258931224
-396.323258931224
-396.323258931224
-392.66396719225634
-389.01138363727574
-385.3656990114003
-381.7271109793404
-378.0958244223986
-374.4720517496652
-370.85601322411594
-367.2479373043482
-363.648061002726
-360.05663026073734
-356.4739003424
-352.9001362465881
-349.33561313918256
-345.7806168059856
-342.23544412736993
-338.70040357566677
-335.1758157363267
-331.66201385391656
-328.15934440404124
-324.6681676923006
-321.1888985384553
-317.72182326605
-314.26741078663684
-310.8260832900724
-307.3982802362986
-303.98445914042634
-300.5850963927483
-297.2006881147059
-293.8317510517681
-290.4788235040868
-287.1424662956792
-285.7431076468237
-282.9974402179737
-280.2819630724643
-277.59756218156923
-274.9451477769948
-273.90021182523896
-272.0149115638884
-270.1756801403449
-268.38346468527936
-266.6392132538646
-264.943873157682
-264.943873157682
-266.61947323644347
-264.93626357447937
-264.93626357447937
-266.59980640727866
-264.9287786999756
-264.9287786999756
-266.5802468000278
-264.9213998814908
-264.9213998814908
-266.5607604188274
-264.9141381013841
-264.9141381013841
-266.54137342950713
-264.90698239292357
-264.90693846629375
-264.9076250694201
-266.4377689328883
-266.4377689328883
-266.4377689328883
-266.4377689328883
-266.4377689328883
-266.4429962968508
-266.44632997401607
-267.81973681855106
-269.2455681735541
-270.7229957193298
-272.2511794648516
-273.82926963230886
-274.38155054551714
-273.62125161243665
-273.76499626425516
-273.54771621081443
-272.48080184837215
-271.46863813910403
-270.51183965892534
-269.61099585069
-268.76666935640253
-267.9793943863132
-267.97693088764873
-267.9723487430464
-264.63852860461236
-261.32340534092634
-258.027699601722
-254.7521765903321
-251.49761266455675
-248.26483209898154
-245.05469699845375
-241.86810903378077
-238.70601122898887
-235.5693897959492
-232.4592760109219
-229.37674812611783
-226.32293330771282
-223.2990095898474
-220.30620783198668
-217.3458136645808
-214.41916940523586
-212.96484528809972
-209.55391073653223
-206.1641521306153
-202.79663134496872
-199.45247476120593
-196.13287749442347
-192.8391078658223
-189.57251212425464
-186.3345194162525
-184.5389670952646
-180.9445831103759
-177.367567175296
-177.367567175296
-177.367567175296
-173.58948645840402
-169.82157054432335
-169.82157054432335
-169.8212170968813
-169.8212170968813
-169.8212170968813
-169.8212170968813
-169.8212170968813
-169.82655913500744
-173.52384832386159
-177.23428459556666
-180.95705922835828
-184.6914261208198
-188.4366960812102
-192.1922317029384
-195.95744276092955
-199.73178207121532
-203.51474176279555
-207.30584991674672
-209.32169049120128
-213.29038587287675
-217.2602294125246
-221.2311593013985
-225.20311807382788
-229.17605223361352
-233.14991191821025
-234.97740758930738
-238.9563470283176
-242.93597816517092
-246.916267554901
-250.84511111035178
-250.8512822509334
-254.36620630508742
-257.8952538367545
-261.4378759641291
-264.99351700102136
-268.5616598536169
-272.1418127758265
-275.7335079480188
-279.33630014115823
-282.94976546130283
-286.57350016965154
-290.20711957356974
-293.85025698425903
-297.502562736972
-301.1637032699006
-304.83336025809166
-308.5112297989527
-312.1970216461215
-315.8904584886658
-319.5912752727678
-323.29921856322596
-327.01404594227296
-330.7355254433691
-334.46343501777864
-338.19756203187825
-341.93770279327845
-345.6836621039627
-349.43525283876676
-353.19229554762796
-356.95461808013783
-360.72205523102565
-364.4944484052907
-368.2716453017841
-372.05349961411866
-375.8398707478583
-379.6306235530066
-383.4256280708769
-387.22475929448535
-391.0278969416655
-394.8349252401507
-398.6457327239224
-402.4602120401649
-406.27825976620994
-410.0997762358929
-413.924665374779
-417.75283454375284
-421.5841943904935
-425.41865870839126
-429.25614430248504
-433.0965708620296
-436.939860839322
-440.7859393344429
-444.6347339855853
-448.48617486466753
-452.34019437794166
-456.19672717132784
-460.0557100402208
-463.91708184352996
-467.7807834217276
-471.6467575186942
-475.5149487071616
-479.38530331756635
-483.2577693701361
-487.1322965100427
-491.008835945465
-494.887340388413
-498.7677639981731
-502.65006232724335
-506.5341922696333
-510.4201120114117
-514.3077809833895
-516.0279213807198
-517.5764917044295
-517.5764917044295
-517.578412562392
-518.009414695538
-518.4709191499161
-518.9628445500128
-519.4851044746708
-520.0376075314318
-520.6202574346376
-521.232947428534
-521.2326735941904
-520.2894854436029
-519.3753915121727
-518.4905456784228
-517.6350979325368
-516.8091942579755
-516.0129765148945
-515.2465823255664
-514.5101449620062
-513.8037932360027
-513.1276513917544
-512.4818390013085
-511.8664708629982
-511.2816569030719
-510.72750208070147
-510.20410629655623
-509.7115643051223
-509.2499656309408
-508.81939448893485
-508.4199297089864
-508.0516446649173
-507.71460720802247
-507.4088796052923
-507.13451848245546
-507.13139735717436
-505.35579234276975
-503.605698551808
-501.88138286236324
-500.18311187438053
-498.5111517662947
-496.8657681475892
-495.2472259073721
-493.6557890590558
-492.0917205812428
-490.5552822549303
-489.0467344971628
-487.56633619127155
-486.1143445138594
-484.6910147586976
-483.2966001577192
-481.9313516993081
-480.5955179440937
-479.2893448384792
-478.01307552614423
-476.7669501577741
-475.5512056992866
-474.3660757388354
-473.211790292885
-472.088575611664
-472.088575611664
-472.08305103984185
-468.55931103648277
-465.04327676483416
-461.5351243638421
-458.0350348765599
-454.54319456202063
-451.05982551819926
-447.58509430038066
-444.11920365231197
-440.66236217217113
-440.65626602346754
-436.6904014817092
-432.72516538834117
-428.7605751792923
-424.7966489385096
-420.83340542820105
-416.8708641207795
-412.90904523261975
-408.9479697597499
-404.98765951560614
-401.02813717099104
-397.0694262963863
-393.1115514067819
-389.15453800919767
-385.19841265308537
-381.24320298381804
-377.2889377994857
-373.33564711123853
-369.38345400691844
-365.432300724865
-361.4822212943074
-357.5331597775987
-353.5852742015832
-349.6385426103705
-345.69303585959966
-341.7487963718036
-337.80586853687737
-333.86429882657285
-329.9241359170191
-325.98543081992443
-322.04823702318146
-318.112610641663
-314.17861057907305
-314.1721472129625
-310.2665065962028
-306.3633012266231
-302.4626253830255
-298.5645782084088
-294.6692640232308
-290.77679266281683
-286.887279841076
-283.0008475429071
-279.11762444792055
-275.23774638837585
-271.3613568445371
-267.48860748099037
-263.6196587278446
-259.7546804111641
-255.8938524374541
-252.0373655375565
-248.18542207590886
-244.33823693179298
-240.49603845995424
-236.65906953882282
-232.82758871552522
-229.0018714579533
-225.18221152537558
-221.3689225530531
-217.56233949496016
-213.76282059825334
-209.97074935119377
-206.1865366736216
-202.41062333090034
-198.6434825971509
-194.88563842299496
-191.13762299462
-187.40002604004638
-183.67348358124005
-179.95868236127833
-176.25636476118615
-172.56733426616566
-168.8924615485079
-165.23269124292355
-161.5890494994194
-157.96265240921264
-154.35471541052146
-150.76656379334852
-147.19964443546056
-143.6555389154195
-140.13597816233568
-136.64285881534772
-133.17826147772354
-129.74447105949514
-126.34399940665509
-122.97961041128309
-119.65434778157662
-116.37156561823612
-113.13496188679163
-109.94861478478741
-106.81702186609947
-103.74514158683955
-100.73843665992351
-97.80291822731503
-94.94518935761697
-92.17248573088409
-89.49271056766432
-86.91445989573232
-84.44703315373138
-82.10042297850461
-79.88527694959033
-77.81282329190702
-77.09472333174962
-76.79607170205243
-76.93541331979712
-77.50390940532552
-78.46602796306088
-78.08318398535592
-78.08318398535592
-78.08318398535592
-78.08318398535592
-78.08318398535592
-78.08524354915457
-78.6852807583274
-79.48233479498518
-80.47055156681046
-81.64298979722983
-82.99184228075511
-84.50866851080978
-86.18459440384436
-88.01053154259104
-89.97734772170544
-92.07601552209456
-94.29773198007643
-96.6340104182616
-99.076746884504
-101.61826443944261
-104.25133885433762
-106.96920925634811
-109.7655770071104
-112.63459572106785
-115.57085489673399
-118.56935919808504
-121.62550501640726
-124.73505558228902
-127.89411558983619
-131.09910604067846
-134.34673981006299
-137.63399827546058
-140.95810922311367
-144.31652615341747
-147.70690903608346
-151.12710651556415
-154.57513953190704
-158.04918629850462
-161.54756856325426
-165.06873907117688
-168.61127014279396
-172.17384328217
-175.7552397304537
-179.35433188421823
-180.91000693047704
-182.23064155662902
-183.26001116611442
-183.9551021122479
-184.2872488263114
-184.02390451925805
-184.02390451925805
-184.02390451925805
-184.02390451925805
-184.01760980923666
-184.0108560786296
-180.2932921787471
-176.58807231773378
-172.89599010826262
-169.21790548438096
-165.55475139030742
-161.9075412378104
-158.27737722688363
-154.66545963579048
-151.07309719887462
-147.50171870372247
-143.95288595309472
-140.42830825114459
-136.92985858721042
-133.4595917029929
-130.01976423885282
-126.61285702347952
-123.24160025908043
-119.90900093420673
-116.61837323299409
-113.37337185525509
-110.17802828150305
-107.03678987160971
-103.9545614963013
-100.93674913334166
-97.98930449378503
-95.1187692550424
-92.3323168444396
-89.63778892286265
-87.04372276015704
-84.55936459531961
-82.19466290113373
-79.96023435400582
-77.86729445867351
-75.92754450480871
-74.15300723905509
-73.58605674641498
-73.45026013227455
-73.75434742905439
-74.4788475596905
-75.57839882632001
-75.57839882632001
-75.57839882632001
-75.57839882632001
-75.57839882632001
-75.58192412599456
-77.14996728612988
-78.88984532211161
-80.7904572500673
-82.84074067411328
-85.02986274382623
-87.3473911288374
-89.78338293791458
-92.32846203917974
-94.97385897838537
-97.71142620980487
-100.53363452419289
-103.4335557994395
-106.40483633730884
-109.44166419881016
-112.53873317761627
-115.69120538667674
-118.8946738857703
-122.14512634144292
-125.43891037278811
-128.7727009813789
-132.14347027586646
-135.54845956719657
-138.98515381692025
-142.45125835866796
-145.94467777347992
-149.46349686510308
-153.00596304862967
-156.57047125906834
-160.1555497654984
-163.7598475806737
-167.38212314090202
-171.02123412962752
-174.6761283285149
-178.34583539015682
-182.0294594364884
-185.7261723964116
-189.43520800489333
-193.15585639386387
-196.88745921259405
-200.62940522188907
-204.3811263124392
-208.14209390305373
-211.911815679325
-215.68983263757002
-217.3445977706
-218.7984892571091
-219.98800251450163
-220.86200308236363
-221.38347244986505
-221.38237672905666
-221.38237672905666
-221.38237672905666
-221.38237672905666
-221.37591035075556
-217.4821517581439
-213.5923191874425
-209.70663110922294
-205.82532224991292
-201.94864510605828
-198.07687162780078
-194.21027971654507
-190.3492014462713
-186.49397927230723
-182.6449840218406
-178.80261782700262
-174.96731742005983
-171.1395578423845
-167.3198566271614
-163.5087785255364
-159.70694085738432
-155.9150195813966
-152.13375619514093
-148.36396559458083
-144.606545044785
-140.86248443982868
-137.13287806089613
-133.4189380781466
-129.72201008490464
-126.04359100314451
-122.38534975804876
-118.7491510249923
-115.13708351236521
-111.55149125064341
-107.99501132313226
-104.47061697461463
-100.98166774896269
-97.5319675880643
-94.12583201103001
-90.76816552002217
-87.46455031556337
-84.22134718626492
-81.04580897102029
-77.94620613985606
-74.93196261515399
-72.01380480434466
-69.20388067629504
-66.51590844407616
-63.96526408015349
-61.56901736074757
-59.345873874377396
-57.315979885893896
-55.50054334750326
-53.92122986984991
-52.599312796913146
-51.55459572103188
-50.80418221398488
