62.67811965942383 452.7262878417969 0.8032279014587402
65.30720520019531 455.4999084472656 0.8210576176643372
67.88642120361328 458.3199462890625 0.8388873338699341
70.41494750976562 461.1855163574219 0.856717050075531
72.89198303222656 464.0957336425781 0.8745467662811279
75.31674194335938 467.0496520996094 0.8923764824867249
77.6884536743164 470.04632568359375 0.9102061986923218
80.00635528564453 473.0848083496094 0.9280359148979187
82.26972198486328 476.16412353515625 0.9458656311035156
84.47782897949219 479.2832946777344 0.9636953473091125
86.62997436523438 482.44134521484375 0.9815250635147095
88.72547149658203 485.63726806640625 0.9993547797203064
90.76365661621094 488.87005615234375 1.0171844959259033
92.74388122558594 492.1386413574219 1.035014271736145
94.66551208496094 495.4420166015625 1.0528440475463867
96.52794647216797 498.7791442871094 1.0706738233566284
98.3305892944336 502.14892578125 1.0885035991668701
100.07286071777344 505.5503234863281 1.1063333749771118
101.75421142578125 508.98223876953125 1.1241631507873535
103.37410736083984 512.443603515625 1.1419929265975952
104.93203735351562 515.9332885742188 1.159822702407837
106.42750549316406 519.4501953125 1.1776524782180786
107.86003112792969 522.9932250976562 1.1954822540283203
109.22916412353516 526.5612182617188 1.213312029838562
110.53446197509766 530.1530151367188 1.2311418056488037
111.7755126953125 533.7675170898438 1.2489715814590454
112.9519271850586 537.4036254882812 1.266801357269287
112.95211791992188 537.4039916992188 0.8668404221534729
115.39956665039062 540.339111328125 0.8846701383590698
115.39986419677734 540.33935546875 0.4847092032432556
118.76528930664062 542.150146484375 0.5025389194488525
122.097900390625 544.0206298828125 0.5203686356544495
125.3966293334961 545.9502563476562 0.5381983518600464
128.66043090820312 547.9383544921875 0.5560280680656433
131.88827514648438 549.9843139648438 0.5738577842712402
135.07913208007812 552.0875244140625 0.5916875004768372
135.07949829101562 552.087646484375 0.19172656536102295
138.82447814941406 552.8493041992188 0.20955629646778107
142.55528259277344 553.6776123046875 0.22738602757453918
146.27073669433594 554.572265625 0.2452157586812973
149.9696502685547 555.5330200195312 0.2630454897880554
153.65084838867188 556.5595703125 0.28087520599365234
157.48480224609375 557.66357421875 0.2798488140106201
157.4851837158203 557.6636352539062 -0.12011212110519409
161.28323364257812 557.2395629882812 -0.10228238999843597
165.08824157714844 556.8832397460938 -0.08445265889167786
168.8990020751953 556.5948486328125 -0.06662292778491974
172.71429443359375 556.3744506835938 -0.04879320040345192
176.5329132080078 556.2221069335938 -0.0309634730219841
180.3536376953125 556.1378784179688 -0.013133745640516281
180.35401916503906 556.1378173828125 -0.4130946695804596
183.86773681640625 554.6348876953125 -0.39526495337486267
187.40769958496094 553.19482421875 -0.37743523716926575
190.9727783203125 551.818115234375 -0.3596055209636688
194.56182861328125 550.5051879882812 -0.3417758047580719
198.17372131347656 549.2564697265625 -0.323946088552475
198.17405700683594 549.2562866210938 -0.7239069938659668
201.05978393554688 546.7507934570312 -0.7060772776603699
203.98971557617188 544.297119140625 -0.688247561454773
206.9629364013672 541.8960571289062 -0.670417845249176
209.97848510742188 539.5484008789062 -0.6525881290435791
213.03541564941406 537.2548828125 -0.6347584128379822
216.13275146484375 535.0162353515625 -0.6169286966323853
219.26950073242188 532.8331909179688 -0.5990989804267883
222.44467163085938 530.7063598632812 -0.5812692642211914
225.65725708007812 528.636474609375 -0.5634395480155945
228.90623474121094 526.6242065429688 -0.5456098318099976
232.19058227539062 524.6702270507812 -0.5277801156044006
235.5092315673828 522.7750854492188 -0.5099503993988037
235.509521484375 522.7748413085938 -0.9099113345146179
237.88211059570312 519.7788696289062 -0.892081618309021
240.3077392578125 516.82568359375 -0.8742519021034241
242.78562927246094 513.9161987304688 -0.8564221858978271
245.31500244140625 511.0513610839844 -0.8385924696922302
247.89505004882812 508.2320861816406 -0.8207627534866333
250.5249481201172 505.4592590332031 -0.8029330372810364
253.20387268066406 502.7337646484375 -0.7851033210754395
255.9309539794922 500.05645751953125 -0.7672736048698425
258.7053527832031 497.4281921386719 -0.7494438886642456
261.5261535644531 494.84979248046875 -0.7316141724586487
264.3924865722656 492.3221130371094 -0.7137844562530518
267.3034362792969 489.845947265625 -0.6959547400474548
270.258056640625 487.42205810546875 -0.6781250238418579
273.25543212890625 485.0512390136719 -0.660295307636261
276.2945861816406 482.7342224121094 -0.6424655914306641
279.37457275390625 480.4717712402344 -0.6246358752250671
282.4944152832031 478.26458740234375 -0.6068061590194702
285.6531066894531 476.1133728027344 -0.5889764428138733
288.8496398925781 474.0188293457031 -0.5711467266082764
292.0830078125 471.9815979003906 -0.5533170104026794
295.3522033691406 470.0023498535156 -0.5354872941970825
298.6561584472656 468.0816955566406 -0.5176575779914856
301.99383544921875 466.2202453613281 -0.49982786178588867
305.3641662597656 464.4186096191406 -0.48199814558029175
308.7660827636719 462.6773376464844 -0.4641684293746948
312.198486328125 460.99700927734375 -0.4463387131690979
315.6603088378906 459.3781433105469 -0.428508996963501
319.15045166015625 457.82122802734375 -0.41067928075790405
322.66778564453125 456.3268127441406 -0.39284956455230713
326.2112121582031 454.89532470703125 -0.3750198483467102
329.77960205078125 453.5272521972656 -0.3571901321411133
333.371826171875 452.2230224609375 -0.33936041593551636
336.9867248535156 450.9830322265625 -0.32153069972991943
340.6231384277344 449.80767822265625 -0.3037009835243225
344.2799377441406 448.6973571777344 -0.2858712673187256
347.9559631347656 447.65240478515625 -0.26804155111312866
351.6500244140625 446.67315673828125 -0.25021180510520935
351.6490478515625 446.6732177734375 0.14968901872634888
355.4227294921875 447.27679443359375 0.167518749833107
359.18505859375 447.94757080078125 0.1853484809398651
362.934814453125 448.685302734375 0.20317821204662323
366.67083740234375 449.4897766113281 0.22100794315338135
370.39190673828125 450.3607482910156 0.23883767426013947
374.09686279296875 451.29791259765625 0.2566674053668976
377.7845153808594 452.3009948730469 0.2744971215724945
381.4537048339844 453.3696594238281 0.29232683777809143
385.103271484375 454.5035705566406 0.31015655398368835
388.7320251464844 455.7023620605469 0.3279862701892853
388.7320251464844 455.7023620605469 0.727986216545105
391.5621643066406 458.2705078125 0.7458159327507019
394.3460693359375 460.8887023925781 0.7636456489562988
397.0828552246094 463.55609130859375 0.7814753651618958
399.7716369628906 466.2718505859375 0.7993050813674927
402.4115905761719 469.0351257324219 0.8171347975730896
405.0018615722656 471.84503173828125 0.8349645137786865
407.5416259765625 474.70068359375 0.8527942299842834
410.0300598144531 477.6011657714844 0.8706239461898804
412.4664001464844 480.5455322265625 0.8884536623954773
414.849853515625 483.5328674316406 0.9062833786010742
417.1796569824219 486.5622253417969 0.9241130948066711
419.455078125 489.63262939453125 0.9419428110122681
421.6754150390625 492.7431335449219 0.959772527217865
423.8399353027344 495.8927307128906 0.9776022434234619
425.94793701171875 499.0804138183594 0.9954319596290588
427.998779296875 502.30517578125 1.0132616758346558
429.9918212890625 505.56597900390625 1.0310914516448975
431.9263916015625 508.8617858886719 1.0489212274551392
433.8019104003906 512.1915893554688 1.0667510032653809
435.6177673339844 515.5542602539062 1.0845807790756226
437.3733825683594 518.9487915039062 1.1024105548858643
439.06817626953125 522.3740844726562 1.120240330696106
440.7016296386719 525.8290405273438 1.1380701065063477
442.2732238769531 529.3125610351562 1.1558998823165894
443.782470703125 532.8235473632812 1.173729658126831
445.2288818359375 536.3609008789062 1.1915594339370728
445.2290954589844 536.3612060546875 0.7915984988212585
447.8902587890625 539.1040649414062 0.8094282150268555
450.5021057128906 541.8939208984375 0.8272579312324524
450.5024108886719 541.8941650390625 0.4272969961166382
453.9661865234375 543.5088500976562 0.4451267123222351
457.400634765625 545.18505859375 0.46295642852783203
460.8046569824219 546.9221801757812 0.48078614473342896
464.1771545410156 548.7197265625 0.4986158609390259
467.51708984375 550.5771484375 0.5164455771446228
470.8233642578125 552.4937744140625 0.5342752933502197
474.0949401855469 554.4690551757812 0.5521050095558167
474.0953063964844 554.4691772460938 0.15214407444000244
477.86749267578125 555.08203125 0.16997380554676056
481.628173828125 555.7620239257812 0.18780353665351868
485.3761291503906 556.5089721679688 0.2056332677602768
489.11016845703125 557.3226318359375 0.2234629988670349
492.8291015625 558.2026977539062 0.24129272997379303
496.53173828125 559.1489868164062 0.25912246108055115
500.2169189453125 560.1611328125 0.27695217728614807
503.88348388671875 561.23876953125 0.294781893491745
507.5302429199219 562.3816528320312 0.3126116096973419
511.1560363769531 563.58935546875 0.33044132590293884
514.759765625 564.8615112304688 0.34827104210853577
518.3402099609375 566.1976928710938 0.3661007583141327
521.896240234375 567.5975341796875 0.3839304745197296
521.896728515625 567.5975952148438 -0.016020983457565308
521.8970947265625 567.5975341796875 -0.4159819185733795
525.406494140625 566.08447265625 -0.3981522023677826
528.9422607421875 564.6342163085938 -0.38032248616218567
532.5033569335938 563.2472534179688 -0.36249276995658875
536.088623046875 561.9240112304688 -0.3446630537509918
536.0889282226562 561.923828125 -0.7446240186691284
538.922119140625 559.3590698242188 -0.7267943024635315
541.8005981445312 556.84521484375 -0.7089645862579346
541.8008422851562 556.8449096679688 -1.1089255809783936
543.5343017578125 553.4390258789062 -1.0910958051681519
545.3281860351562 550.0645751953125 -1.0732660293579102
547.1819458007812 546.72265625 -1.0554362535476685
549.0950317382812 543.414306640625 -1.0376064777374268
551.0667724609375 540.1405639648438 -1.019776701927185
553.0965576171875 536.9025268554688 -1.0019469261169434
553.0966796875 536.9021606445312 -1.4019079208374023
553.7725830078125 533.1407470703125 -1.3840781450271606
554.5154418945312 529.3919677734375 -1.366248369216919
555.3250122070312 525.6570434570312 -1.3484185934066772
556.2010498046875 521.9371337890625 -1.3305888175964355
557.143310546875 518.2334594726562 -1.3127590417861938
558.1514282226562 514.5471801757812 -1.2949292659759521
559.22509765625 510.87945556640625 -1.2770994901657104
560.364013671875 507.2314453125 -1.2592697143554688
561.5677490234375 503.6043395996094 -1.241439938545227
561.5678100585938 503.60394287109375 -1.6414008140563965
561.3322143554688 499.78955078125 -1.6235710382461548
561.1646728515625 495.9715881347656 -1.605741262435913
561.065185546875 492.1512451171875 -1.5879114866256714
561.06494140625 492.1501159667969 -1.9877957105636597
559.54833984375 488.64227294921875 -1.969965934753418
558.094482421875 485.10797119140625 -1.9521361589431763
556.703857421875 481.5483093261719 -1.9343063831329346
555.376953125 477.96441650390625 -1.9164766073226929
554.1141357421875 474.357421875 -1.8986468315124512
552.9158325195312 470.7284851074219 -1.8808170557022095
552.9156494140625 470.7281494140625 -2.280777931213379
550.4505615234375 467.8078308105469 -2.2629482746124268
548.0379028320312 464.8440246582031 -2.2451186180114746
545.678466796875 461.8376770019531 -2.2272889614105225
543.373046875 458.78973388671875 -2.2094593048095703
541.122314453125 455.701171875 -2.191629648208618
538.927001953125 452.5729675292969 -2.173799991607666
536.787841796875 449.4061279296875 -2.155970335006714
536.78759765625 449.4058532714844 -2.555931329727173
533.6217651367188 447.26513671875 -2.5381016731262207
530.49462890625 445.06829833984375 -2.5202720165252686
527.4071655273438 442.8160705566406 -2.5024423599243164
524.3603515625 440.5091552734375 -2.4846127033233643
521.3551635742188 438.1482849121094 -2.466783046722412
518.3925170898438 435.73419189453125 -2.44895339012146
515.473388671875 433.2676696777344 -2.431123733520508
512.5986938476562 430.74951171875 -2.4132940769195557
509.76934814453125 428.18048095703125 -2.3954644203186035
506.98626708984375 425.5614318847656 -2.3776347637176514
504.25030517578125 422.8931884765625 -2.359805107116699
501.5623474121094 420.17657470703125 -2.341975450515747
498.92327880859375 417.4124755859375 -2.324145793914795
498.9229736328125 417.4122619628906 -2.724106788635254
495.4435119628906 415.8316345214844 -2.7062771320343018
491.9927978515625 414.1892395019531 -2.6884474754333496
488.5718994140625 412.4855651855469 -2.6706178188323975
485.1819152832031 410.72119140625 -2.6527881622314453
481.8239440917969 408.8966369628906 -2.634958505630493
478.4990234375 407.01251220703125 -2.617128849029541
475.2082214355469 405.06939697265625 -2.599299192428589
471.95257568359375 403.06793212890625 -2.5814695358276367
468.733154296875 401.00872802734375 -2.5636398792266846
465.5509338378906 398.8924560546875 -2.5458102226257324
462.4069519042969 396.71978759765625 -2.5279805660247803
459.3022155761719 394.4914245605469 -2.510150909423828
456.2377014160156 392.20806884765625 -2.492321252822876
453.2143859863281 389.87042236328125 -2.474491596221924
450.23321533203125 387.479248046875 -2.4566619396209717
447.295166015625 385.0353088378906 -2.4388322830200195
444.4011535644531 382.53936767578125 -2.4210026264190674
441.5520935058594 379.99224853515625 -2.4031729698181152
441.5517578125 379.9920349121094 -2.803133964538574
437.9583740234375 378.6910400390625 -2.785304307937622
434.3887634277344 377.326171875 -2.76747465133667
430.84405517578125 375.89788818359375 -2.7496449947357178
427.32537841796875 374.4066162109375 -2.7318153381347656
423.8338317871094 372.8528747558594 -2.7139856815338135
420.37054443359375 371.23712158203125 -2.6961560249328613
416.9366149902344 369.55987548828125 -2.678326368331909
413.53314208984375 367.8216857910156 -2.660496711730957
410.16119384765625 366.0230712890625 -2.642667055130005
406.82183837890625 364.1646423339844 -2.6248373985290527
403.5161437988281 362.2469787597656 -2.6070077419281006
400.24517822265625 360.2706604003906 -2.5891780853271484
397.0099792480469 358.2363586425781 -2.5713484287261963
393.8115539550781 356.1446838378906 -2.553518772125244
390.65093994140625 353.996337890625 -2.535689115524292
387.52911376953125 351.7919616699219 -2.51785945892334
384.44708251953125 349.53228759765625 -2.5000298023223877
381.40582275390625 347.218017578125 -2.4822001457214355
381.4054870605469 347.21783447265625 -2.8821606636047363
377.7206115722656 346.2045593261719 -2.864331007003784
374.05438232421875 345.1257629394531 -2.846501350402832
370.407958984375 343.9817810058594 -2.82867169380188
366.78253173828125 342.77294921875 -2.8108420372009277
363.1792297363281 341.49969482421875 -2.7930123805999756
359.59918212890625 340.1623840332031 -2.7751827239990234
356.0435485839844 338.761474609375 -2.7573530673980713
352.5134582519531 337.2973937988281 -2.739523410797119
349.0100402832031 335.7705993652344 -2.721693754196167
345.5343933105469 334.18157958984375 -2.703864097595215
342.087646484375 332.5308532714844 -2.6860344409942627
338.6708679199219 330.8189392089844 -2.6682047843933105
335.28515625 329.04638671875 -2.6503751277923584
331.93157958984375 327.2137451171875 -2.6325454711914062
328.6112060546875 325.32159423828125 -2.614715814590454
325.3251037597656 323.37054443359375 -2.596886157989502
322.0743103027344 321.3612365722656 -2.57905650138855
318.85986328125 319.2942810058594 -2.5612268447875977
315.6827697753906 317.17034912109375 -2.5433971881866455
312.5440368652344 314.9901123046875 -2.5255675315856934
309.4446716308594 312.7542724609375 -2.507737874984741
306.38568115234375 310.4635314941406 -2.489908218383789
303.3680114746094 308.11859130859375 -2.472078561782837
300.39263916015625 305.7202453613281 -2.4542489051818848
297.4604797363281 303.26922607421875 -2.4364192485809326
294.5724792480469 300.7663269042969 -2.4185895919799805
291.7295837402344 298.2123107910156 -2.4007599353790283
291.729248046875 298.21209716796875 -2.8007209300994873
288.1390075683594 296.9024353027344 -2.782891273498535
284.57269287109375 295.5289611816406 -2.765061616897583
281.03143310546875 294.0921325683594 -2.747231960296631
277.516357421875 292.5923767089844 -2.7294023036956787
274.028564453125 291.03021240234375 -2.7115726470947266
270.5691833496094 289.4060974121094 -2.6937429904937744
267.1393127441406 287.7205810546875 -2.6759133338928223
263.74005126953125 285.97418212890625 -2.65808367729187
260.3724365234375 284.1674499511719 -2.640254020690918
257.03759765625 282.30096435546875 -2.622424364089966
253.73655700683594 280.37530517578125 -2.6045947074890137
250.47036743164062 278.39111328125 -2.5867650508880615
247.2400665283203 276.3489990234375 -2.5689353942871094
244.04669189453125 274.2496337890625 -2.5511057376861572
240.89125061035156 272.0936584472656 -2.533276081085205
237.77474975585938 269.88177490234375 -2.515446424484253
234.69818115234375 267.6146545410156 -2.497616767883301
231.6625213623047 265.2930603027344 -2.4797871112823486
228.66873168945312 262.917724609375 -2.4619574546813965
225.7177734375 260.4893798828125 -2.4441277980804443
222.81057739257812 258.0088195800781 -2.426298141479492
219.9480743408203 255.476806640625 -2.40846848487854
217.13116455078125 252.8941650390625 -2.390638828277588
214.36074829101562 250.26170349121094 -2.3728091716766357
214.3612060546875 250.2623748779297 -1.9728904962539673
212.89703369140625 246.73233032226562 -1.9550607204437256
211.4960174560547 243.17674255371094 -1.9372309446334839
210.15863037109375 239.59674072265625 -1.9194011688232422
208.88526916503906 235.99346923828125 -1.9015713930130005
207.67636108398438 232.36805725097656 -1.8837416172027588
206.53228759765625 228.7216796875 -1.865911841392517
205.45339965820312 225.05548095703125 -1.8480820655822754
204.44004821777344 221.37062072753906 -1.8302522897720337
203.4925537109375 217.6682891845703 -1.812422513961792
202.61122131347656 213.94964599609375 -1.7945927381515503
201.79632568359375 210.21588134765625 -1.7767629623413086
201.04812622070312 206.4681854248047 -1.758933186531067
200.3668670654297 202.70774841308594 -1.7411034107208252
199.7527618408203 198.93576049804688 -1.7232736349105835
199.20599365234375 195.15342712402344 -1.7054438591003418
198.72674560546875 191.3619384765625 -1.6876140832901
198.31517028808594 187.56251525878906 -1.6697843074798584
197.97140502929688 183.75636291503906 -1.6519545316696167
197.695556640625 179.94468688964844 -1.634124755859375
197.4877166748047 176.12869262695312 -1.6162949800491333
197.34793090820312 172.30960083007812 -1.5984652042388916
197.27626037597656 168.48861694335938 -1.58063542842865
197.27273559570312 164.66696166992188 -1.5628056526184082
197.33734130859375 160.84585571289062 -1.5449758768081665
197.47006225585938 157.02650451660156 -1.5271461009979248
197.47006225585938 157.02650451660156 -1.509316325187683
197.47006225585938 157.02650451660156 -1.4914865493774414
197.47006225585938 157.02650451660156 -1.4736567735671997
197.47006225585938 157.02650451660156 -1.455826997756958
197.47006225585938 157.02650451660156 -1.4379972219467163
197.47006225585938 157.02650451660156 -1.4201674461364746
197.47006225585938 157.02650451660156 -1.402337670326233
197.47006225585938 157.02650451660156 -1.3845078945159912
197.46969604492188 157.0274200439453 -0.9846071004867554
197.468994140625 157.0281219482422 -0.5847063064575195
