62.339027404785156 452.15496826171875 0.7035263776779175
64.84645080566406 454.1114196777344 0.6216545701026917
67.50547790527344 455.85626220703125 0.5397827625274658
70.29829406738281 457.3778076171875 0.45791095495224
73.20618438720703 458.6658630371094 0.37603914737701416
76.20967102050781 459.7117919921875 0.29416733980178833
79.28863525390625 460.5085754394531 0.2122955173254013
82.42244720458984 461.0509033203125 0.13042369484901428
85.59011840820312 461.33514404296875 0.04855187237262726
88.77041625976562 461.359375 -0.033319950103759766
91.94204711914062 461.1234436035156 -0.11519177258014679
95.08374786376953 460.62890625 -0.19706447422504425
98.17448425292969 459.87908935546875 -0.2789371609687805
101.19354248046875 458.8790283203125 -0.360809862613678
104.1207046508789 457.6354064941406 -0.44268256425857544
106.93635559082031 456.1565856933594 -0.5245552659034729
109.62163543701172 454.4524230957031 -0.6064279675483704
112.15855407714844 452.53436279296875 -0.6883006691932678
114.53011322021484 450.415283203125 -0.7701733708381653
111.77912139892578 453.12164306640625 -0.7842642068862915
113.93851470947266 450.7836608886719 -0.8659117221832275
116.5302963256836 447.7369079589844 -0.8659117221832275
119.12207794189453 444.6901550292969 -0.8659117221832275
116.69364929199219 447.60516357421875 -0.8865037560462952
119.22215270996094 444.5057067871094 -0.8865037560462952
121.75065612792969 441.40625 -0.8865037560462952
119.24527740478516 444.4866027832031 -0.8894451260566711
121.7646484375 441.37969970703125 -0.8894451260566711
119.26834106445312 444.4674072265625 -0.8923864960670471
121.778564453125 441.3531188964844 -0.8923864960670471
119.29135131835938 444.4481506347656 -0.8953278660774231
121.79240417480469 441.3265075683594 -0.8953278660774231
119.3143081665039 444.4288635253906 -0.8982694149017334
121.80616760253906 441.29986572265625 -0.8982694149017334
119.33720397949219 444.40948486328125 -0.9012109041213989
121.8198471069336 441.2731628417969 -0.9012109041213989
119.36004638671875 444.3900451660156 -0.9041523933410645
121.83345031738281 441.2464294433594 -0.9041523933410645
119.38282775878906 444.3705139160156 -0.90709388256073
121.84697723388672 441.2196350097656 -0.90709388256073
119.40554809570312 444.3509216308594 -0.9100353717803955
121.86042022705078 441.19281005859375 -0.9100353717803955
119.43781280517578 444.3229064941406 -0.9142252206802368
121.87943267822266 441.154541015625 -0.9142252206802368
119.46917724609375 444.29547119140625 -0.9183119535446167
121.8978271484375 441.1171569824219 -0.9183119535446167
119.4997329711914 444.2685241699219 -0.9223079681396484
121.91566467285156 441.0805358886719 -0.9223079681396484
124.33159637451172 437.8925476074219 -0.9223079681396484
121.9380874633789 441.06060791015625 -0.9252493381500244
124.3446273803711 437.86553955078125 -0.9252493381500244
121.96044921875 441.0406494140625 -0.9281907081604004
124.35758209228516 437.8385009765625 -0.9281907081604004
121.98275756835938 441.0205993652344 -0.9311321377754211
124.3704605102539 437.8114013671875 -0.9311321377754211
122.0050048828125 441.0004577636719 -0.9340735673904419
124.38326263427734 437.7842712402344 -0.9340735673904419
122.0271987915039 440.98028564453125 -0.9370149970054626
124.39598083496094 437.7571105957031 -0.9370149970054626
126.76476287841797 434.533935546875 -0.9370149970054626
124.41810607910156 437.73687744140625 -0.9399563670158386
126.77739715576172 434.5067443847656 -0.9399563670158386
124.44017028808594 437.716552734375 -0.9428977370262146
126.78995513916016 434.4794921875 -0.9428977370262146
124.4621810913086 437.6961669921875 -0.9458391070365906
126.80242919921875 434.45220947265625 -0.9458391070365906
124.484130859375 437.67572021484375 -0.9487804770469666
126.81482696533203 434.4248962402344 -0.9487804770469666
124.50601959228516 437.65521240234375 -0.9517218470573425
126.8271484375 434.3975524902344 -0.9517218470573425
124.52784729003906 437.6346435546875 -0.9546632170677185
126.8393783569336 434.37017822265625 -0.9546632170677185
124.54961395263672 437.614013671875 -0.9576045870780945
126.8515396118164 434.3427429199219 -0.9576045870780945
124.57131958007812 437.5932922363281 -0.9605459570884705
126.86360931396484 434.3152770996094 -0.9605459570884705
127.73238372802734 432.7283630371094 -1.1792672872543335
129.2587890625 429.03106689453125 -1.1792672872543335
130.7852020263672 425.3337707519531 -1.1792672872543335
132.31161499023438 421.636474609375 -1.1792672872543335
133.83802795410156 417.9391784667969 -1.1792672872543335
135.36444091796875 414.24188232421875 -1.1792672872543335
136.89085388183594 410.5445861816406 -1.1792672872543335
138.41726684570312 406.8472900390625 -1.1792672872543335
139.9436798095703 403.1499938964844 -1.1792672872543335
140.35977172851562 401.645263671875 -1.4227595329284668
140.9497528076172 397.68902587890625 -1.4227595329284668
141.53973388671875 393.7327880859375 -1.4227595329284668
142.1297149658203 389.77655029296875 -1.4227595329284668
142.71969604492188 385.8203125 -1.4227595329284668
143.30967712402344 381.86407470703125 -1.4227595329284668
143.899658203125 377.9078369140625 -1.4227595329284668
144.48963928222656 373.95159912109375 -1.4227595329284668
145.07962036132812 369.995361328125 -1.4227595329284668
145.6696014404297 366.03912353515625 -1.4227595329284668
146.25958251953125 362.0828857421875 -1.4227595329284668
146.8495635986328 358.12664794921875 -1.4227595329284668
147.43954467773438 354.17041015625 -1.4227595329284668
148.02952575683594 350.21417236328125 -1.4227595329284668
148.6195068359375 346.2579345703125 -1.4227595329284668
149.20948791503906 342.30169677734375 -1.4227595329284668
149.79946899414062 338.345458984375 -1.4227595329284668
150.3894500732422 334.38922119140625 -1.4227595329284668
150.97943115234375 330.4329833984375 -1.4227595329284668
151.5694122314453 326.47674560546875 -1.4227595329284668
152.15939331054688 322.5205078125 -1.4227595329284668
152.74937438964844 318.56427001953125 -1.4227595329284668
153.33935546875 314.6080322265625 -1.4227595329284668
153.92933654785156 310.65179443359375 -1.4227595329284668
154.51931762695312 306.695556640625 -1.4227595329284668
155.1092987060547 302.73931884765625 -1.4227595329284668
155.1503448486328 301.17864990234375 -1.6662517786026
154.76910400390625 297.1968688964844 -1.6662517786026
154.3878631591797 293.215087890625 -1.6662517786026
154.00662231445312 289.2333068847656 -1.6662517786026
153.62538146972656 285.25152587890625 -1.6662517786026
153.244140625 281.2697448730469 -1.6662517786026
152.86289978027344 277.2879638671875 -1.6662517786026
152.48165893554688 273.3061828613281 -1.6662517786026
152.1004180908203 269.32440185546875 -1.6662517786026
151.71917724609375 265.3426208496094 -1.6662517786026
151.3379364013672 261.36083984375 -1.6662517786026
150.95669555664062 257.3790588378906 -1.6662517786026
150.57545471191406 253.3972625732422 -1.6662517786026
150.1942138671875 249.41546630859375 -1.6662517786026
149.81297302246094 245.4336700439453 -1.6662517786026
149.43173217773438 241.45187377929688 -1.6662517786026
149.0504913330078 237.47007751464844 -1.6662517786026
148.66925048828125 233.48828125 -1.6662517786026
148.2880096435547 229.50648498535156 -1.6662517786026
147.95091247558594 227.9772186279297 -1.9092684984207153
146.6227264404297 224.20416259765625 -1.9092684984207153
145.29454040527344 220.4311065673828 -1.9092684984207153
145.29074096679688 220.4247589111328 -2.308520793914795
142.60031127929688 217.46475219726562 -2.308520793914795
139.90988159179688 214.50474548339844 -2.308520793914795
137.21945190429688 211.54473876953125 -2.308520793914795
134.52902221679688 208.58473205566406 -2.308520793914795
131.83859252929688 205.62472534179688 -2.308520793914795
129.60491943359375 203.36074829101562 -2.3903932571411133
126.68143463134766 200.6306915283203 -2.3903932571411133
123.75794982910156 197.900634765625 -2.3903932571411133
126.66358184814453 200.6058807373047 -2.3933913707733154
123.73192596435547 197.8845977783203 -2.3933913707733154
126.64569854736328 200.5811767578125 -2.3963820934295654
123.70591735839844 197.86866760253906 -2.3963820934295654
126.62777709960938 200.55657958984375 -2.3993663787841797
123.67991638183594 197.8528594970703 -2.3993663787841797
126.60981750488281 200.53208923339844 -2.4023451805114746
123.65391540527344 197.837158203125 -2.4023451805114746
126.59181213378906 200.5076904296875 -2.4053189754486084
123.6279067993164 197.82156372070312 -2.4053189754486084
120.66400146484375 195.13543701171875 -2.4053189754486084
123.61003112792969 197.7974853515625 -2.4082603454589844
120.63823699951172 195.12008666992188 -2.4082603454589844
117.67198944091797 192.45013427734375 -2.409170627593994
120.62825012207031 195.10081481933594 -2.41211199760437
117.65548706054688 192.44728088378906 -2.41363263130188
120.62354278564453 195.08474731445312 -2.416574001312256
117.64295196533203 192.44973754882812 -2.4187395572662354
120.62443542480469 195.07200622558594 -2.4216809272766113
117.63351440429688 192.45626831054688 -2.4243428707122803
120.62964630126953 195.06178283691406 -2.4272842407226562
117.62589263916016 192.4651336669922 -2.4302306175231934
120.63731384277344 195.05296325683594 -2.4331719875335693
117.61917114257812 192.47511291503906 -2.4362523555755615
116.31610107421875 191.61463928222656 -2.6797125339508057
112.73523712158203 189.8321075439453 -2.6797125339508057
109.15437316894531 188.04957580566406 -2.6797125339508057
105.5735092163086 186.2670440673828 -2.6797125339508057
101.99264526367188 184.48451232910156 -2.6797125339508057
98.41178131103516 182.7019805908203 -2.6797125339508057
94.83091735839844 180.91944885253906 -2.6797125339508057
91.25005340576172 179.1369171142578 -2.6797125339508057
87.669189453125 177.35438537597656 -2.6797125339508057
84.08832550048828 175.5718536376953 -2.6797125339508057
80.50746154785156 173.78932189941406 -2.6797125339508057
76.92659759521484 172.0067901611328 -2.6797125339508057
75.31916809082031 171.42449951171875 -2.908374547958374
71.42745971679688 170.50006103515625 -2.908374547958374
67.53575134277344 169.57562255859375 -2.908374547958374
63.644039154052734 168.65118408203125 -2.908374547958374
59.75232696533203 167.72674560546875 -2.908374547958374
55.86061477661133 166.80230712890625 -2.908374547958374
51.968902587890625 165.87786865234375 -2.908374547958374
48.07719039916992 164.95343017578125 -2.908374547958374
44.18547821044922 164.02899169921875 -2.908374547958374
40.293766021728516 163.10455322265625 -2.908374547958374
36.40205383300781 162.18011474609375 -2.908374547958374
32.51034164428711 161.25567626953125 -2.908374547958374
29.38840675354004 160.64784240722656 -2.9902303218841553
29.667211532592773 160.63818359375 2.921013593673706
33.54030990600586 159.7637481689453 2.91807222366333
37.41082000732422 158.87791442871094 2.915130853652954
41.278709411621094 157.98069763183594 2.912189483642578
45.14393997192383 157.07211303710938 2.909248113632202
49.00648498535156 156.15216064453125 2.906306743621826
52.86630630493164 155.22085571289062 2.90336537361145
52.86630630493164 155.22085571289062 2.900424003601074
52.86630630493164 155.22085571289062 2.8974826335906982
52.86630630493164 155.22085571289062 2.8945412635803223
52.86630630493164 155.22085571289062 2.8915998935699463
52.86630630493164 155.22085571289062 2.8886585235595703
52.86630630493164 155.22085571289062 2.8857171535491943
52.86630630493164 155.22085571289062 2.8827757835388184
52.86630630493164 155.22085571289062 2.8798344135284424
52.86630630493164 155.22085571289062 2.8768930435180664
52.86630630493164 155.22085571289062 2.8739516735076904
