-391.9932532447754
-393.7634997328274
-395.2950456591289
-396.5744672073612
-397.5906089495671
-398.3347553908931
-398.8005206317469
-398.9839155956539
-398.8834119069601
-398.4998501842081
-397.83647001156095
-396.8989942294361
-395.6954389314708
-394.23628130480336
-392.5342526452992
-390.9897218310536
-389.36878421109895
-387.51481062798575
-385.8268763194912
-384.0493699554921
-382.43386238861257
-380.7357229316011
-378.80990817871
-377.0543117442862
-375.20305353197637
-373.13542015290136
-371.2455770465341
-369.2472945228596
-367.0450143627698
-365.0274459577374
-362.8889791140327
-360.5599067660168
-358.42179626493487
-356.15073504005545
-353.7035345218062
-351.45280128732196
-349.0574954700129
-346.85646528648056
-344.51624634649295
-342.0084323715428
-339.69993324715745
-337.24094587551895
-334.97932210526074
-332.57235652508547
-330.0067385538321
-327.6430215718956
-325.12303896408287
-322.8032147023181
-320.33208603939596
-317.71151760209744
-315.2952148636868
-312.71701313845773
-310.34154601864066
-307.8088882116743
-305.47732010168875
-302.9935688401066
-300.36261614342317
-297.93663552864336
-295.3480167583297
-292.96290098890194
-290.4199440296594
-288.078887299876
-288.0785815860367
-285.4320268237972
-282.905315596886
-282.905315596886
-282.9050055826773
-280.2425646704165
-277.69278687679395
-275.29851223429824
-275.29851223429824
-275.29851223429824
-275.29820370047037
-272.6389678869958
-270.094001378788
-270.094001378788
-270.094001378788
-270.094001378788
-270.094001378788
-270.094001378788
-270.094001378788
-267.4504305512766
-264.9282516209035
-264.9282516209035
-264.9282516209035
-264.9282516209035
-264.9282516209035
-262.2848473664784
-259.76297133325414
-257.4055353263497
-257.4055353263497
-257.4055353263497
-257.4055353263497
-254.76682007571907
-252.251799887265
-252.251799887265
-252.251799887265
-252.251799887265
-252.251799887265
-252.251799887265
-252.25149606745336
-249.63083528874233
-247.1413405627184
-247.1413405627184
-247.1413405627184
-247.1413405627184
-247.14103793000766
-244.5215389267821
-242.0337750123219
-242.0337750123219
-242.0337750123219
-242.0337750123219
-242.0337750123219
-242.0337750123219
-242.03347361682674
-239.43406135445946
-236.9741705965524
-234.69655282438666
-234.69655282438666
-234.69655282438666
-234.69655282438666
-232.1053859294928
-229.656901528731
-229.656901528731
-229.656901528731
-229.656901528731
-229.656901528731
-227.0682358025675
-224.62330651961702
-224.62330651961702
-224.62330651961702
-224.62330651961702
-224.62330651961702
-224.62330651961702
-224.62330651961702
-222.0581560266733
-219.64501400898604
-219.64501400898604
-219.64501400898604
-219.64501400898604
-219.6447196966087
-217.08339741399874
-214.67549666279402
-214.67549666279402
-214.67549666279402
-214.67549666279402
-214.6751905265583
-212.11806657896514
-209.71592920171923
-207.51167628244417
-207.51167628244417
-207.51167628244417
-207.51167628244417
-207.51167628244417
-207.51167628244417
-204.990509114546
-202.63587777622433
-202.63587777622433
-202.63587777622433
-202.63587777622433
-202.63587777622433
-200.12104896137254
-197.77485042676392
-197.77485042676392
-197.77485042676392
-197.77485042676392
-197.77485042676392
-195.26694220256803
-192.92993895402526
-190.80667226543665
-190.80667226543665
-190.80667226543665
-190.80667226543665
-190.80667226543665
-190.80667226543665
-190.80667226543665
-190.80667226543665
-187.5096783587068
-184.87178498504016
-182.11527208391618
-179.2646641088741
-176.34646632627172
-173.38909039239064
-170.4227669206913
-167.47939499029826
-164.5923328271321
-161.79611061854584
-159.19304783998896
-156.38788108586832
-153.70619881477708
-151.21083354059468
-148.5229412356218
-145.99326989529942
-143.64183431275703
-141.11179561422173
-138.76052960143338
-136.23124835672414
-133.88124498750227
-131.35395488092342
-129.02369718291655
-126.86356103824941
-124.54608605191777
-122.4651587861452
-120.54343516156618
-118.48996761861625
-116.59548713282987
-114.57329934049977
-112.83308026238392
-111.23846645510231
-109.54859779189647
-108.00326714802286
-106.36918818051596
-105.06281307917189
-103.88364271047575
-102.65408991683893
-101.54910491019574
-100.40240975169628
-99.37727864709359
-98.31957680506198
-97.38002075275796
-96.41748158439044
-95.56920587196275
-95.56920587196275
-95.56920587196275
-95.56920587196275
-95.56920587196275
-95.56920587196275
-94.88434043137995
-94.88434043137995
-94.88434043137995
-94.88434043137995
-94.88434043137995
-94.88434043137995
-94.88434043137995
-94.88434043137995
-94.88434043137995
-94.88434043137995
-94.88434043137995
