61.86477279663086 451.5972900390625 0.6311752796173096
63.95277404785156 452.88916015625 0.47695237398147583
66.21443939208984 453.8449401855469 0.3227294683456421
68.59608459472656 454.44195556640625 0.16850656270980835
71.04117584228516 454.6660461425781 0.01428365707397461
73.49166870117188 454.5118713378906 -0.13993924856185913
75.88939666748047 453.9831237792969 -0.29416215419769287
78.17744445800781 453.0923156738281 -0.4483850598335266
80.3014907836914 451.8606262207031 -0.6026079654693604
82.21112823486328 450.3172607421875 -0.7568308711051941
85.11552429199219 447.575927734375 -0.7562142610549927
88.02161407470703 444.8363952636719 -0.7555976510047913
90.92938995361328 442.0986633300781 -0.7549810409545898
93.83885192871094 439.3627014160156 -0.7543644309043884
96.75 436.6285400390625 -0.753747820854187
99.66283416748047 433.89617919921875 -0.7531312108039856
102.57735443115234 431.1656188964844 -0.7525146007537842
105.4935531616211 428.4368591308594 -0.7518979907035828
108.41143798828125 425.70989990234375 -0.7512813806533813
110.07139587402344 423.90069580078125 -0.9055042862892151
112.53768920898438 420.7593994140625 -0.9048876762390137
115.00592041015625 417.61962890625 -0.9042710661888123
117.47608947753906 414.4813537597656 -0.9036544561386108
119.94818878173828 411.3446044921875 -0.9030378460884094
121.31555938720703 409.30523681640625 -1.0572607517242432
123.27862548828125 405.82720947265625 -1.0566442012786865
125.24383544921875 402.3503723144531 -1.0560276508331299
127.21118927001953 398.874755859375 -1.0554111003875732
129.18067932128906 395.4003601074219 -1.0547945499420166
130.2240447998047 393.177734375 -1.2090175151824951
131.6387481689453 389.4429016113281 -1.2084009647369385
133.05575561523438 385.7089538574219 -1.2077844142913818
134.47506713867188 381.9758605957031 -1.2071678638458252
135.8966827392578 378.24365234375 -1.2065513134002686
137.3206024169922 374.5123291015625 -1.205934762954712
138.746826171875 370.7818603515625 -1.2053182125091553
140.1753387451172 367.0522766113281 -1.2047016620635986
140.87506103515625 364.6987609863281 -1.3589246273040771
141.71612548828125 360.7945251464844 -1.3583080768585205
142.55958557128906 356.89080810546875 -1.3576915264129639
143.40545654296875 352.98760986328125 -1.3570749759674072
144.2537384033203 349.0849304199219 -1.3564584255218506
145.10443115234375 345.18280029296875 -1.355841875076294
145.95751953125 341.28118896484375 -1.3552253246307373
146.81301879882812 337.3800964355469 -1.3546087741851807
147.67091369628906 333.4795227050781 -1.353992223739624
148.53121948242188 329.5794982910156 -1.3533756732940674
149.39393615722656 325.67999267578125 -1.3527591228485107
150.25904846191406 321.7810363769531 -1.352142572402954
151.12657165527344 317.8825988769531 -1.3515260219573975
151.4744415283203 315.4520263671875 -1.505748987197876
151.7352752685547 311.4667663574219 -1.5051324367523193
151.99856567382812 307.4816589355469 -1.5045158863067627
152.26431274414062 303.4967041015625 -1.503899335861206
152.5325164794922 299.5119323730469 -1.5032827854156494
152.8031768798828 295.5273132324219 -1.5026662349700928
153.0762939453125 291.5428771972656 -1.5020496845245361
153.35186767578125 287.55859375 -1.5014331340789795
153.62989807128906 283.5744934082031 -1.5008165836334229
153.91038513183594 279.5905456542969 -1.5002000331878662
154.19332885742188 275.6067810058594 -1.4995834827423096
154.47872924804688 271.6231994628906 -1.498966932296753
154.76658630371094 267.6398010253906 -1.4983503818511963
155.05690002441406 263.6565856933594 -1.4977338314056396
155.34967041015625 259.67352294921875 -1.497117280960083
155.6448974609375 255.69065856933594 -1.4965007305145264
155.9425811767578 251.70797729492188 -1.4958841800689697
156.24270629882812 247.72547912597656 -1.495267629623413
156.5452880859375 243.7431640625 -1.4946510791778564
156.85032653808594 239.7610321044922 -1.4940345287322998
157.15782165527344 235.7790985107422 -1.4934179782867432
157.4677734375 231.79734802246094 -1.4928014278411865
157.4677734375 231.79734802246094 -1.4921848773956299
157.4677734375 231.79734802246094 -1.4915683269500732
157.4677734375 231.79734802246094 -1.4909517765045166
157.4677734375 231.79734802246094 -1.49033522605896
157.4677734375 231.79734802246094 -1.4897186756134033
157.4677734375 231.79734802246094 -1.4891021251678467
157.4677734375 231.79734802246094 -1.48848557472229
157.4677734375 231.79734802246094 -1.4878690242767334
157.4677734375 231.79734802246094 -1.4872524738311768
157.4677734375 231.79734802246094 -1.4866359233856201
