62.247718811035156 452.0411376953125 0.6891342401504517
64.68121337890625 453.8567810058594 0.59287029504776
67.2779541015625 455.43011474609375 0.49660634994506836
70.0138931274414 456.74658203125 0.4003424048423767
72.86369323730469 457.7939758300781 0.30407845973968506
75.80097198486328 458.5626220703125 0.2078145146369934
78.79853057861328 459.0453796386719 0.11155056953430176
81.82861328125 459.23779296875 0.015286624431610107
84.86316680908203 459.1380920410156 -0.08097732067108154
87.87408447265625 458.7471923828125 -0.1772412657737732
90.83348846435547 458.0686950683594 -0.27350521087646484
93.71398162841797 457.10888671875 -0.3697691559791565
96.48888397216797 455.8766784667969 -0.46603310108184814
99.13250732421875 454.3834533691406 -0.5622970461845398
101.62036895751953 452.64306640625 -0.6585609912872314
103.92942810058594 450.6716003417969 -0.7548249363899231
106.03831481933594 448.4873352050781 -0.8510888814926147
106.81033325195312 447.8307800292969 -0.5583972930908203
109.30496215820312 446.10009765625 -0.654661238193512
111.62169647216797 444.1376647949219 -0.7509251832962036
113.73908233642578 441.9616394042969 -0.8471891283988953
115.63751220703125 439.5921630859375 -0.9434530735015869
116.34568786621094 438.8672180175781 -0.6507614850997925
118.67005920410156 436.913818359375 -0.7470254302024841
120.79591369628906 434.7460632324219 -0.8432893753051758
122.70357513427734 432.3840026855469 -0.9395533204078674
124.37537384033203 429.84954833984375 -1.035817265510559
125.01366424560547 429.0623779296875 -0.7431256771087646
127.14795684814453 426.9029235839844 -0.8393896222114563
129.06480407714844 424.54833984375 -0.935653567314148
130.74647521972656 422.0204162597656 -1.0319175720214844
132.17738342285156 419.3425598144531 -1.1281814575195312
132.74034118652344 418.4998779296875 -0.8354898691177368
134.66636657714844 416.15277099609375 -0.9317538142204285
136.35787963867188 413.63140869140625 -1.0280177593231201
137.79922485351562 410.9591369628906 -1.124281644821167
138.97705078125 408.16070556640625 -1.2205455303192139
139.4598846435547 407.2696838378906 -0.9278539419174194
141.16122436523438 404.75494384765625 -1.0241179466247559
142.61297607421875 402.08831787109375 -1.1203818321228027
143.80169677734375 399.29449462890625 -1.2166457176208496
144.71640014648438 396.39935302734375 -1.3129096031188965
145.11500549316406 395.46759033203125 -1.020218014717102
147.20773315429688 392.0587158203125 -1.020218014717102
147.20773315429688 392.0587158203125 -1.4202178716659546
147.50424194335938 391.0896301269531 -1.1275262832641602
148.6729736328125 388.28741455078125 -1.223790168762207
149.56695556640625 385.3858337402344 -1.320054054260254
150.17791748046875 382.4117431640625 -1.4163179397583008
150.47821044921875 381.4438171386719 -1.1236263513565063
150.47821044921875 381.4438171386719 -1.5236262083053589
150.67311096191406 380.44927978515625 -1.2309346199035645
151.5463409423828 377.5413818359375 -1.3271985054016113
152.13604736328125 374.5630187988281 -1.4234623908996582
152.42941284179688 373.59295654296875 -1.1307708024978638
152.42941284179688 373.59295654296875 -1.5307706594467163
152.61720275878906 372.5970764160156 -1.2380790710449219
152.61720275878906 372.5970764160156 -1.6380789279937744
152.69725036621094 371.5867919921875 -1.34538733959198
153.23268127441406 368.5981750488281 -1.4416513442993164
153.50836181640625 367.6229553222656 -1.148959755897522
153.50836181640625 367.6229553222656 -1.5489596128463745
153.67800903320312 366.6238098144531 -1.25626802444458
153.67800903320312 366.6238098144531 -1.6562678813934326
153.7396697998047 365.61224365234375 -1.3635762929916382
154.2206573486328 362.6144104003906 -1.4598402976989746
154.47854614257812 361.63433837890625 -1.1671487092971802
154.47854614257812 361.63433837890625 -1.5671485662460327
154.62998962402344 360.63226318359375 -1.2744569778442383
154.62998962402344 360.63226318359375 -1.6744568347930908
154.67323303222656 359.6197509765625 -1.3817652463912964
155.099609375 356.6136474609375 -1.4780292510986328
155.33963012695312 355.6290283203125 -1.1853376626968384
155.33963012695312 355.6290283203125 -1.585337519645691
155.4728240966797 354.6243896484375 -1.2926459312438965
155.4728240966797 354.6243896484375 -1.692645788192749
155.49765014648438 353.6112365722656 -1.3999541997909546
155.81373596191406 352.6483459472656 -1.1072626113891602
155.81373596191406 352.6483459472656 -1.5072625875473022
156.02487182617188 351.6571350097656 -1.2145709991455078
156.02487182617188 351.6571350097656 -1.6145708560943604
156.12864685058594 350.6490173339844 -1.321879267692566
155.14556884765625 354.4974060058594 -1.3195104598999023
154.15174865722656 358.37017822265625 -1.3196855783462524
154.76380920410156 355.3963317871094 -1.4159495830535889
155.0872039794922 352.3774108886719 -1.5122134685516357
155.29344177246094 351.3851623535156 -1.2195218801498413
155.29344177246094 351.3851623535156 -1.6195217370986938
155.3922119140625 350.3765563964844 -1.3268301486968994
154.42820739746094 354.2297058105469 -1.3244541883468628
155.0260467529297 351.2530517578125 -1.4207267761230469
155.3220672607422 350.2838134765625 -1.1280351877212524
155.3220672607422 350.2838134765625 -1.528035044670105
155.5125732421875 349.2884521484375 -1.2353434562683105
155.5125732421875 349.2884521484375 -1.635343313217163
155.5953826904297 348.2784118652344 -1.3426517248153687
154.6918487548828 352.1722412109375 -1.3429229259490967
154.64720153808594 352.87652587890625 -1.672034740447998
154.69290161132812 351.8641052246094 -1.3793431520462036
155.12655639648438 348.8590393066406 -1.47560715675354
155.36895751953125 347.875 -1.1829155683517456
155.36895751953125 347.875 -1.5829154253005981
155.50457763671875 346.87066650390625 -1.2902238368988037
155.50457763671875 346.87066650390625 -1.6902236938476562
155.5318603515625 345.85760498046875 -1.3975321054458618
155.91079711914062 342.84515380859375 -1.4937961101531982
156.13526916503906 341.85687255859375 -1.2011045217514038
156.13526916503906 341.85687255859375 -1.6011043787002563
156.2526092529297 340.8502502441406 -1.308412790298462
156.2526092529297 340.8502502441406 -1.7084126472473145
156.26145935058594 339.83685302734375 -1.41572105884552
156.5623321533203 338.8691101074219 -1.1230294704437256
156.5623321533203 338.8691101074219 -1.5230293273925781
156.75782775878906 337.87469482421875 -1.2303377389907837
156.75782775878906 337.87469482421875 -1.6303375959396362
156.84568786621094 336.8650817871094 -1.3376460075378418
155.92225646972656 340.7552185058594 -1.337821125984192
155.00067138671875 344.6184997558594 -1.3354222774505615
154.06861877441406 348.50653076171875 -1.3356034755706787
154.63327026367188 345.5233154296875 -1.4318673610687256
154.91847229003906 344.55084228515625 -1.1391757726669312
154.91847229003906 344.55084228515625 -1.5391756296157837
155.09788513183594 343.55340576171875 -1.2464840412139893
155.09788513183594 343.55340576171875 -1.6464838981628418
155.16943359375 342.54248046875 -1.3537923097610474
155.6724853515625 339.57147216796875 -1.4523406028747559
155.93771362304688 338.5933532714844 -1.1596490144729614
155.93771362304688 338.5933532714844 -1.559648871421814
156.09666442871094 337.59246826171875 -1.2669572830200195
156.09666442871094 337.59246826171875 -1.666957139968872
156.1475067138672 336.5802917480469 -1.3742655515670776
155.3671417236328 340.5015869140625 -1.3744473457336426
155.8155059814453 337.4986877441406 -1.4707112312316895
156.06272888183594 336.515869140625 -1.178019642829895
156.06272888183594 336.515869140625 -1.5780194997787476
156.20326232910156 335.51220703125 -1.2853279113769531
156.20326232910156 335.51220703125 -1.6853277683258057
156.23550415039062 334.499267578125 -1.3926361799240112
156.62918090820312 331.48870849609375 -1.4889001846313477
156.85848999023438 330.5015563964844 -1.1962085962295532
156.85848999023438 330.5015563964844 -1.5962084531784058
156.98074340820312 329.4955139160156 -1.3035168647766113
156.98074340820312 329.4955139160156 -1.7035167217254639
156.9945526123047 328.482177734375 -1.4108251333236694
157.33340454101562 325.4649658203125 -1.5070891380310059
157.33340454101562 325.4649658203125 -1.2143975496292114
157.33340454101562 325.4649658203125 -1.614397406578064
157.43734741210938 324.4568786621094 -1.3217058181762695
157.43734741210938 324.4568786621094 -1.721705675125122
157.43272399902344 323.4434509277344 -1.4290140867233276
157.43272399902344 323.4434509277344 -1.1363224983215332
157.43272399902344 323.4434509277344 -1.5363224744796753
157.43272399902344 323.4434509277344 -1.2436308860778809
157.43272399902344 323.4434509277344 -1.6436307430267334
157.43272399902344 323.4434509277344 -1.350939154624939
156.5618896484375 327.3184814453125 -1.3485403060913086
155.68089294433594 331.2184753417969 -1.3487154245376587
154.8005828857422 335.1186218261719 -1.3488905429840088
153.92095947265625 339.0189208984375 -1.3490657806396484
154.4453887939453 336.02838134765625 -1.4453296661376953
154.71746826171875 335.0521545410156 -1.1526380777359009
154.71746826171875 335.0521545410156 -1.5526379346847534
154.88343811035156 334.0523986816406 -1.259946346282959
154.88343811035156 334.0523986816406 -1.6599462032318115
154.94137573242188 333.0406188964844 -1.367254614830017
155.4113311767578 330.041015625 -1.4635186195373535
155.66561889648438 329.05999755859375 -1.170827031135559
155.66561889648438 329.05999755859375 -1.5708268880844116
155.81336975097656 328.057373046875 -1.2781352996826172
155.81336975097656 328.057373046875 -1.6781351566314697
155.85289001464844 327.0447082519531 -1.3854435682296753
156.26821899414062 324.03704833984375 -1.4817075729370117
156.50462341308594 323.05157470703125 -1.1890159845352173
156.50462341308594 323.05157470703125 -1.5890158414840698
156.6341094970703 322.04644775390625 -1.2963242530822754
156.6341094970703 322.04644775390625 -1.696324110031128
156.65521240234375 321.0332336425781 -1.4036325216293335
157.01576232910156 318.0185241699219 -1.49989652633667
157.2342071533203 317.0289001464844 -1.2072049379348755
157.2342071533203 317.0289001464844 -1.607204794883728
157.34539794921875 316.0215759277344 -1.3145132064819336
157.34539794921875 316.0215759277344 -1.7145130634307861
157.3480682373047 315.0081481933594 -1.4218214750289917
157.3480682373047 315.0081481933594 -1.1291298866271973
157.3480682373047 315.0081481933594 -1.5291297435760498
157.3480682373047 315.0081481933594 -1.2364381551742554
157.3480682373047 315.0081481933594 -1.636438012123108
157.4297637939453 313.9980163574219 -1.3437464237213135
156.5310821533203 317.8674011230469 -1.341427206993103
155.6225128173828 321.7602844238281 -1.3415910005569458
154.7144317626953 325.654052734375 -1.341766119003296
153.80703735351562 329.5479736328125 -1.341941237449646
154.35276794433594 326.56121826171875 -1.4382052421569824
154.63180541992188 325.5869445800781 -1.145513653755188
154.63180541992188 325.5869445800781 -1.5455135107040405
154.8048858642578 324.58837890625 -1.252821922302246
154.8048858642578 324.58837890625 -1.6528217792510986
154.87002563476562 323.5770263671875 -1.3601301908493042
154.0343780517578 327.48675537109375 -1.3603278398513794
154.5251007080078 324.490478515625 -1.4565918445587158
154.7861785888672 323.51123046875 -1.1639002561569214
154.7861785888672 323.51123046875 -1.563900113105774
154.9408721923828 322.5096740722656 -1.2712085247039795
154.9408721923828 322.5096740722656 -1.671208381652832
154.98741149902344 321.497314453125 -1.3785167932510376
155.42355346679688 318.49261474609375 -1.474780797958374
155.66677856445312 317.5087890625 -1.1820892095565796
155.66677856445312 317.5087890625 -1.5820890665054321
155.80323791503906 316.50457763671875 -1.2893974781036377
155.80323791503906 316.50457763671875 -1.6893973350524902
155.8313446044922 315.49151611328125 -1.3967057466506958
156.2127685546875 312.4793701171875 -1.4929697513580322
156.43804931640625 311.49127197265625 -1.2002781629562378
156.43804931640625 311.49127197265625 -1.6002780199050903
156.55621337890625 310.4847412109375 -1.307586431503296
156.55621337890625 310.4847412109375 -1.7075862884521484
156.56590270996094 309.4713439941406 -1.414894700050354
156.86756896972656 308.50384521484375 -1.1222031116485596
156.86756896972656 308.50384521484375 -1.522202968597412
157.06387329101562 307.5096130371094 -1.2295113801956177
157.06387329101562 307.5096130371094 -1.6295112371444702
157.15257263183594 306.50006103515625 -1.3368196487426758
156.22592163085938 310.3894348144531 -1.3369948863983154
155.29995727539062 314.27899169921875 -1.3371700048446655
154.3746795654297 318.168701171875 -1.3373451232910156
154.9341278076172 315.18450927734375 -1.4336090087890625
155.21763610839844 314.2115173339844 -1.140917420387268
155.21763610839844 314.2115173339844 -1.5409173965454102
155.3953094482422 313.2137756347656 -1.2482258081436157
155.3953094482422 313.2137756347656 -1.6482256650924683
155.46510314941406 312.2027282714844 -1.3555340766906738
154.61221313476562 316.1069030761719 -1.3559082746505737
155.1161651611328 313.1128234863281 -1.4521722793579102
155.38156127929688 312.1347351074219 -1.1594806909561157
155.38156127929688 312.1347351074219 -1.5594805479049683
155.54067993164062 311.13385009765625 -1.2667889595031738
155.54067993164062 311.13385009765625 -1.6667888164520264
155.59169006347656 310.1217041015625 -1.374097228050232
156.04110717773438 307.11895751953125 -1.4703612327575684
156.28868103027344 306.13623046875 -1.177669644355774
156.28868103027344 306.13623046875 -1.5776695013046265
156.4295654296875 305.13262939453125 -1.284977912902832
156.4295654296875 305.13262939453125 -1.6849777698516846
156.462158203125 304.1197204589844 -1.3922861814498901
156.8568878173828 301.10931396484375 -1.4885501861572266
157.0865478515625 300.1222229003906 -1.1958585977554321
157.0865478515625 300.1222229003906 -1.5958584547042847
157.20916748046875 299.1162109375 -1.3031668663024902
157.20916748046875 299.1162109375 -1.7031667232513428
157.22332763671875 298.1028747558594 -1.4104751348495483
157.22332763671875 298.1028747558594 -1.5067391395568848
157.4349822998047 297.1117858886719 -1.2140475511550903
157.4349822998047 297.1117858886719 -1.6140474081039429
157.4349822998047 297.1117858886719 -1.3213558197021484
157.4349822998047 297.1117858886719 -1.721355676651001
157.4307098388672 296.0983581542969 -1.4286640882492065
157.4307098388672 296.0983581542969 -1.1359728574752808
157.4307098388672 296.0983581542969 -1.5359728336334229
157.4307098388672 296.0983581542969 -1.2432812452316284
157.4307098388672 296.0983581542969 -1.643281102180481
157.4307098388672 296.0983581542969 -1.3505895137786865
156.5585174560547 299.97308349609375 -1.3481906652450562
155.6761932373047 303.8726806640625 -1.3483747243881226
154.7945556640625 307.77252197265625 -1.3485498428344727
153.91360473632812 311.6725158691406 -1.3487249612808228
154.43905639648438 308.68212890625 -1.4449889659881592
154.7114715576172 307.70599365234375 -1.1522973775863647
154.7114715576172 307.70599365234375 -1.5522972345352173
154.87777709960938 306.706298828125 -1.2596056461334229
154.87777709960938 306.706298828125 -1.6596055030822754
154.93605041503906 305.69451904296875 -1.366913914680481
155.4070281982422 302.695068359375 -1.4631779193878174
155.66165161132812 301.7141418457031 -1.170486330986023
155.66165161132812 301.7141418457031 -1.5704861879348755
155.80975341796875 300.7115783691406 -1.277794599533081
155.80975341796875 300.7115783691406 -1.6777944564819336
155.84962463378906 299.69891357421875 -1.3851028680801392
156.26597595214844 296.69140625 -1.4813668727874756
156.50271606445312 295.70599365234375 -1.1886752843856812
156.50271606445312 295.70599365234375 -1.5886751413345337
156.63255310058594 294.7008972167969 -1.2959835529327393
156.63255310058594 294.7008972167969 -1.6959834098815918
156.65399169921875 293.68768310546875 -1.4032918214797974
157.01556396484375 290.673095703125 -1.4995558261871338
157.23434448242188 289.6835632324219 -1.2068642377853394
157.23434448242188 289.6835632324219 -1.606864094734192
157.3458709716797 288.67626953125 -1.3141725063323975
157.3458709716797 288.67626953125 -1.71417236328125
157.348876953125 287.662841796875 -1.4214807748794556
157.348876953125 287.662841796875 -1.1287891864776611
157.348876953125 287.662841796875 -1.5287891626358032
157.348876953125 287.662841796875 -1.2360975742340088
157.348876953125 287.662841796875 -1.6360974311828613
157.43092346191406 286.6527404785156 -1.343405842781067
157.43092346191406 286.6527404785156 -1.7434055805206299
157.40431213378906 285.6396484375 -1.4507139921188354
157.40431213378906 285.6396484375 -1.158022403717041
157.40431213378906 285.6396484375 -1.5580222606658936
157.40431213378906 285.6396484375 -1.2653306722640991
157.40431213378906 285.6396484375 -1.6653305292129517
157.45680236816406 284.6275634765625 -1.3726389408111572
156.6700439453125 288.5476379394531 -1.3728140592575073
155.88397216796875 292.4678649902344 -1.3729891777038574
156.3367156982422 289.4656677246094 -1.4692562818527222
156.5853729248047 288.48321533203125 -1.1765646934509277
156.5853729248047 288.48321533203125 -1.5765645503997803
156.7273712158203 287.4797668457031 -1.2838729619979858
156.7273712158203 287.4797668457031 -1.6838728189468384
156.76107788085938 286.4668884277344 -1.391181230545044
157.1591339111328 283.4569091796875 -1.4874451160430908
157.38987731933594 282.4700927734375 -1.1947535276412964
157.38987731933594 282.4700927734375 -1.594753384590149
157.38987731933594 282.4700927734375 -1.3020617961883545
157.38987731933594 282.4700927734375 -1.702061653137207
157.40516662597656 281.4567565917969 -1.4093700647354126
157.40516662597656 281.4567565917969 -1.505634069442749
157.40516662597656 281.4567565917969 -1.2129424810409546
157.40516662597656 281.4567565917969 -1.6129423379898071
157.40516662597656 281.4567565917969 -1.3202507495880127
157.40516662597656 281.4567565917969 -1.7202506065368652
157.4020233154297 280.4433288574219 -1.4275590181350708
157.4020233154297 280.4433288574219 -1.1348674297332764
157.4020233154297 280.4433288574219 -1.534867286682129
157.4020233154297 280.4433288574219 -1.2421756982803345
157.4020233154297 280.4433288574219 -1.642175555229187
157.47792053222656 279.4327392578125 -1.3494839668273926
156.6006317138672 283.3334655761719 -1.3496668338775635
155.72402954101562 287.23443603515625 -1.3498419523239136
154.84811401367188 291.13555908203125 -1.3500170707702637
155.29296875 288.3834533691406 -1.471063256263733
155.5398406982422 287.4005432128906 -1.1783716678619385
155.5398406982422 287.4005432128906 -1.578371524810791
155.68002319335938 286.3968505859375 -1.2856799364089966
155.68002319335938 286.3968505859375 -1.6856797933578491
155.71189880371094 285.3839111328125 -1.3929882049560547
156.10452270507812 282.37322998046875 -1.4892520904541016
156.33348083496094 281.385986328125 -1.1965605020523071
156.33348083496094 281.385986328125 -1.5965603590011597
156.45538330078125 280.3799133300781 -1.3038687705993652
156.45538330078125 280.3799133300781 -1.7038686275482178
156.46884155273438 279.3665466308594 -1.4111770391464233
156.77410888671875 278.4001770019531 -1.118485450744629
156.77410888671875 278.4001770019531 -1.5184853076934814
156.97412109375 277.40667724609375 -1.225793719291687
156.97412109375 277.40667724609375 -1.6257935762405396
157.0665740966797 276.3974609375 -1.3331019878387451
156.12548828125 280.2833557128906 -1.3332780599594116
155.18507385253906 284.16943359375 -1.3334531784057617
154.24661254882812 288.0289306640625 -1.3310824632644653
154.82473754882812 285.04827880859375 -1.4273464679718018
155.1143341064453 284.07708740234375 -1.1346548795700073
155.1143341064453 284.07708740234375 -1.5346548557281494
155.29824829101562 283.0804748535156 -1.241963267326355
155.29824829101562 283.0804748535156 -1.6419631242752075
155.37435913085938 282.06988525390625 -1.349271535873413
154.4964599609375 285.969970703125 -1.3495051860809326
155.0195770263672 282.97918701171875 -1.4457690715789795
155.29122924804688 282.0028381347656 -1.153077483177185
155.29122924804688 282.0028381347656 -1.5530773401260376
155.45675659179688 281.00299072265625 -1.2603857517242432
155.45675659179688 281.00299072265625 -1.6603856086730957
155.51425170898438 279.9911804199219 -1.3676940202713013
155.98255920410156 276.992431640625 -1.4640671014785767
156.23631286621094 276.0112609863281 -1.1713755130767822
156.23631286621094 276.0112609863281 -1.5713753700256348
156.38351440429688 275.0085754394531 -1.2786837816238403
156.38351440429688 275.0085754394531 -1.6786836385726929
156.4224853515625 273.9958801269531 -1.3859920501708984
156.83615112304688 270.9880065917969 -1.4822559356689453
157.07200622558594 270.00238037109375 -1.1895643472671509
157.07200622558594 270.00238037109375 -1.5895642042160034
157.20094299316406 268.9971618652344 -1.296872615814209
157.20094299316406 268.9971618652344 -1.6968724727630615
157.2214813232422 267.9839172363281 -1.404180884361267
157.2214813232422 267.9839172363281 -1.5004448890686035
157.4393768310547 266.9941711425781 -1.207753300666809
157.4393768310547 266.9941711425781 -1.6077531576156616
157.4393768310547 266.9941711425781 -1.3150615692138672
157.4393768310547 266.9941711425781 -1.7150614261627197
157.4414825439453 265.9807434082031 -1.4223698377609253
157.4414825439453 265.9807434082031 -1.1296823024749756
157.4414825439453 265.9807434082031 -1.5296822786331177
157.4414825439453 265.9807434082031 -1.2369906902313232
157.4414825439453 265.9807434082031 -1.6369905471801758
157.4414825439453 265.9807434082031 -1.3442989587783813
156.54493713378906 269.84991455078125 -1.341900110244751
155.63827514648438 273.7416076660156 -1.3419123888015747
154.7314453125 277.6356506347656 -1.3420875072479248
153.82530212402344 281.5298767089844 -1.342262625694275
154.3700714111328 278.54296875 -1.4385266304016113
154.64878845214844 277.568603515625 -1.145835041999817
154.64878845214844 277.568603515625 -1.5458348989486694
154.82154846191406 276.57000732421875 -1.253143310546875
154.82154846191406 276.57000732421875 -1.6531431674957275
154.88636779785156 275.55865478515625 -1.360451579093933
154.05194091796875 279.4687194824219 -1.3606393337249756
154.54173278808594 276.4722900390625 -1.4569032192230225
154.80250549316406 275.49298095703125 -1.164211630821228
154.80250549316406 275.49298095703125 -1.5642114877700806
154.95689392089844 274.4913635253906 -1.2715198993682861
154.95689392089844 274.4913635253906 -1.6715197563171387
155.00311279296875 273.4789733886719 -1.3788281679153442
155.43832397460938 270.4741516113281 -1.4750921726226807
155.68124389648438 269.4902648925781 -1.1824005842208862
155.68124389648438 269.4902648925781 -1.5824004411697388
155.8173828125 268.48602294921875 -1.2897088527679443
155.8173828125 268.48602294921875 -1.6897087097167969
155.84518432617188 267.47296142578125 -1.3970171213150024
156.2256622314453 264.460693359375 -1.4932811260223389
156.4506378173828 263.4725341796875 -1.2005895376205444
156.4506378173828 263.4725341796875 -1.600589394569397
156.56849670410156 262.4659729003906 -1.3078978061676025
156.56849670410156 262.4659729003906 -1.707897663116455
156.57786560058594 261.45257568359375 -1.4152060747146606
156.8792266845703 260.4849853515625 -1.1225144863128662
156.8792266845703 260.4849853515625 -1.5225143432617188
157.07522583007812 259.4906921386719 -1.2298227548599243
157.07522583007812 259.4906921386719 -1.6298226118087769
157.16360473632812 258.4811096191406 -1.3371310234069824
156.23817443847656 262.37078857421875 -1.3373063802719116
155.3134307861328 266.2606201171875 -1.3374814987182617
154.3893585205078 270.1506042480469 -1.3376566171646118
154.9478759765625 267.1662292480469 -1.4339206218719482
155.2310791015625 266.19317626953125 -1.1412290334701538
155.2310791015625 266.19317626953125 -1.541229009628296
155.40843200683594 265.19537353515625 -1.2485374212265015
155.40843200683594 265.19537353515625 -1.648537278175354
155.4779052734375 264.184326171875 -1.3558456897735596
154.62583923339844 268.0896911621094 -1.356123685836792
155.129150390625 265.09552001953125 -1.4523875713348389
155.3943328857422 264.1174011230469 -1.1596959829330444
155.3943328857422 264.1174011230469 -1.559695839881897
155.55323791503906 263.1164855957031 -1.2670042514801025
155.55323791503906 263.1164855957031 -1.667004108428955
155.60403442382812 262.10430908203125 -1.3743125200271606
156.0528106689453 259.1014709472656 -1.470576524734497
156.3001708984375 258.1186828613281 -1.1778849363327026
156.3001708984375 258.1186828613281 -1.5778847932815552
156.4408416748047 257.11505126953125 -1.2851932048797607
156.4408416748047 257.11505126953125 -1.6851930618286133
156.4732208251953 256.10211181640625 -1.3925014734268188
156.8673095703125 253.09161376953125 -1.4887654781341553
157.0967559814453 252.1044921875 -1.1960738897323608
157.0967559814453 252.1044921875 -1.5960737466812134
157.21914672851562 251.0984649658203 -1.303382158279419
157.21914672851562 251.0984649658203 -1.7033820152282715
157.23309326171875 250.08511352539062 -1.410690426826477
157.23309326171875 250.08511352539062 -1.5069544315338135
157.4445343017578 249.09397888183594 -1.214262843132019
157.4445343017578 249.09397888183594 -1.6142627000808716
157.4445343017578 249.09397888183594 -1.3215711116790771
157.4445343017578 249.09397888183594 -1.7215709686279297
157.44004821777344 248.08055114746094 -1.4288793802261353
157.44004821777344 248.08055114746094 -1.136188268661499
157.44004821777344 248.08055114746094 -1.5361882448196411
157.44004821777344 248.08055114746094 -1.2434966564178467
157.44004821777344 248.08055114746094 -1.6434965133666992
157.44004821777344 248.08055114746094 -1.3508049249649048
156.56869506835938 251.95545959472656 -1.3484060764312744
155.68722534179688 255.85519409179688 -1.3485944271087646
156.16506958007812 253.01126098632812 -1.4600645303726196
156.42274475097656 252.0311279296875 -1.1673729419708252
156.42274475097656 252.0311279296875 -1.5673727989196777
156.57395935058594 251.02903747558594 -1.2746812105178833
156.57395935058594 251.02903747558594 -1.6746810674667358
156.61697387695312 250.01651000976562 -1.3819894790649414
157.0426788330078 247.01031494140625 -1.4782533645629883
157.28248596191406 246.02565002441406 -1.1855617761611938
157.28248596191406 246.02565002441406 -1.5855616331100464
157.4154510498047 245.02096557617188 -1.292870044708252
157.4154510498047 245.02096557617188 -1.6928699016571045
157.44004821777344 244.00782775878906 -1.40017831325531
157.44004821777344 244.00782775878906 -1.4964423179626465
157.44004821777344 244.00782775878906 -1.203750729560852
157.44004821777344 244.00782775878906 -1.6037505865097046
157.44004821777344 244.00782775878906 -1.3110589981079102
157.44004821777344 244.00782775878906 -1.7110588550567627
157.4462127685547 242.99440002441406 -1.4183672666549683
157.4462127685547 242.99440002441406 -1.5146312713623047
157.4462127685547 242.99440002441406 -1.2219396829605103
157.4462127685547 242.99440002441406 -1.6219395399093628
157.4462127685547 242.99440002441406 -1.3292479515075684
156.4915313720703 246.84962463378906 -1.3268492221832275
155.52615356445312 250.72958374023438 -1.3270243406295776
154.5629119873047 254.58267211914062 -1.3246254920959473
153.5889129638672 258.4604797363281 -1.3248008489608765
154.1857452392578 255.48353576660156 -1.421064853668213
154.4814453125 254.51419067382812 -1.1283732652664185
154.4814453125 254.51419067382812 -1.528373122215271
154.67161560058594 253.5187530517578 -1.2356815338134766
154.67161560058594 253.5187530517578 -1.635681390762329
154.7540740966797 252.5086669921875 -1.3429898023605347
153.8514404296875 256.4036865234375 -1.3431650400161743
154.3935089111328 253.41627502441406 -1.4394290447235107
154.67135620117188 252.44166564941406 -1.1467374563217163
154.67135620117188 252.44166564941406 -1.5467373132705688
154.8432159423828 251.44290161132812 -1.2540457248687744
154.8432159423828 251.44290161132812 -1.654045581817627
154.90711975097656 250.4314727783203 -1.3613539934158325
155.39476013183594 247.43470764160156 -1.457617998123169
155.6548309326172 246.4552001953125 -1.1649264097213745
155.6548309326172 246.4552001953125 -1.564926266670227
155.80850219726562 245.45347595214844 -1.2722346782684326
155.80850219726562 245.45347595214844 -1.6722345352172852
155.85400390625 244.44105529785156 -1.3795429468154907
156.2870635986328 241.4359130859375 -1.4758069515228271
156.52928161621094 240.45184326171875 -1.1831153631210327
156.52928161621094 240.45184326171875 -1.5831152200698853
156.66470336914062 239.44749450683594 -1.2904236316680908
156.66470336914062 239.44749450683594 -1.6904234886169434
156.6917724609375 238.43441772460938 -1.397731900215149
157.07009887695312 235.42189025878906 -1.4939959049224854
157.29437255859375 234.43357849121094 -1.201304316520691
157.29437255859375 234.43357849121094 -1.6013041734695435
157.4114990234375 233.4269256591797 -1.308612585067749
157.4114990234375 233.4269256591797 -1.7086124420166016
157.42015075683594 232.41351318359375 -1.4159208536148071
157.42015075683594 232.41351318359375 -1.5121848583221436
157.42015075683594 232.41351318359375 -1.2194932699203491
157.42015075683594 232.41351318359375 -1.6194931268692017
157.42015075683594 232.41351318359375 -1.3268015384674072
157.42015075683594 232.41351318359375 -1.7268013954162598
157.4103546142578 231.40011596679688 -1.4341098070144653
157.4103546142578 231.40011596679688 -1.141418218612671
157.4103546142578 231.40011596679688 -1.5414180755615234
157.4103546142578 231.40011596679688 -1.248726487159729
157.4103546142578 231.40011596679688 -1.6487263441085815
157.47962951660156 230.3890380859375 -1.356034755706787
156.62855529785156 234.26844787597656 -1.3536359071731567
155.76744079589844 238.17286682128906 -1.3538110256195068
156.27723693847656 235.18121337890625 -1.4502161741256714
156.5445556640625 234.2036590576172 -1.157524585723877
156.5445556640625 234.2036590576172 -1.5575244426727295
156.70562744140625 233.20309448242188 -1.264832854270935
156.70562744140625 233.20309448242188 -1.6648327112197876
156.7586212158203 232.1910400390625 -1.3721411228179932
155.97056579589844 236.10916137695312 -1.372482419013977
155.1831817626953 240.02911376953125 -1.3726575374603271
155.6369171142578 237.0270233154297 -1.468921422958374
155.88589477539062 236.04464721679688 -1.1762298345565796
155.88589477539062 236.04464721679688 -1.5762296915054321
156.02822875976562 235.04124450683594 -1.2835381031036377
156.02822875976562 235.04124450683594 -1.6835379600524902
156.06227111816406 234.02838134765625 -1.3908463716506958
156.46133422851562 231.01853942871094 -1.4871103763580322
156.69241333007812 230.03179931640625 -1.1944187879562378
156.69241333007812 230.03179931640625 -1.5944186449050903
156.81646728515625 229.02598571777344 -1.301727056503296
155.75527954101562 232.864013671875 -1.3003615140914917
155.75527954101562 232.864013671875 -1.7003613710403442
155.77227783203125 231.8507080078125 -1.4076697826385498
156.0809326171875 230.88540649414062 -1.1149781942367554
156.0809326171875 230.88540649414062 -1.514978051185608
156.284423828125 229.89260864257812 -1.2222864627838135
156.284423828125 229.89260864257812 -1.622286319732666
156.3804168701172 228.88372802734375 -1.3295947313308716
155.42568969726562 232.7663116455078 -1.3297698497772217
154.4730224609375 236.62203979492188 -1.3273711204528809
154.4766845703125 236.54461669921875 -1.7195701599121094
154.47422790527344 235.5311737060547 -1.426878571510315
154.7642822265625 234.56011962890625 -1.1341869831085205
154.7642822265625 234.56011962890625 -1.534186840057373
154.94866943359375 233.5635986328125 -1.2414952516555786
154.94866943359375 233.5635986328125 -1.6414951086044312
155.02525329589844 232.5530548095703 -1.3488035202026367
154.14527893066406 236.45326232910156 -1.3489786386489868
154.6699676513672 233.46275329589844 -1.4452426433563232
154.942138671875 232.48654174804688 -1.1525510549545288
154.942138671875 232.48654174804688 -1.5525509119033813
155.10818481445312 231.48680114746094 -1.259859323501587
155.10818481445312 231.48680114746094 -1.6598591804504395
155.16619873046875 230.4750213623047 -1.367167592048645
155.63641357421875 227.4754638671875 -1.4634315967559814
155.89077758789062 226.4944610595703 -1.170740008354187
155.89077758789062 226.4944610595703 -1.5707398653030396
156.03866577148438 225.4912872314453 -1.2781070470809937
154.88912963867188 229.30868530273438 -1.278494119644165
153.73733520507812 233.13743591308594 -1.2786692380905151
152.58621215820312 236.96640014648438 -1.2788443565368652
153.31918334960938 234.02001953125 -1.375108242034912
153.76556396484375 231.01683044433594 -1.471372127532959
154.0121307373047 230.03384399414062 -1.1786805391311646
154.0121307373047 230.03384399414062 -1.578680396080017
154.15200805664062 229.0301055908203 -1.2859888076782227
154.86390686035156 226.07855224609375 -1.3822526931762695
155.288818359375 223.07225036621094 -1.4785165786743164
155.42282104492188 220.0390167236328 -1.5747804641723633
155.26466369628906 217.0069580078125 -1.6710443496704102
154.81581115722656 214.00413513183594 -1.767308235168457
154.08041381835938 211.058349609375 -1.863572120666504
153.06529235839844 208.19688415527344 -1.9598360061645508
151.7798309326172 205.4462432861328 -2.0560998916625977
150.23594665527344 202.83189392089844 -2.1523637771606445
148.44793701171875 200.37803649902344 -2.2486276626586914
146.43234252929688 198.10739135742188 -2.3448915481567383
144.2078399658203 196.04098510742188 -2.441155433654785
141.79502868652344 194.1979522705078 -2.537419319152832
141.05386352539062 193.5067596435547 -2.244727849960327
139.04714965820312 191.228271484375 -2.340991735458374
136.83071899414062 189.15321350097656 -2.437255620956421
134.42510986328125 187.30079650878906 -2.5335195064544678
131.8525848388672 185.68817138671875 -2.6297833919525146
131.0508270263672 185.06829833984375 -2.3370919227600098
128.84251403808594 182.98460388183594 -2.4333558082580566
126.44414520263672 181.12281799316406 -2.5296196937561035
123.8779296875 179.5001678466797 -2.6258835792541504
121.16763305664062 178.13168334960938 -2.7221474647521973
120.31211853027344 177.58839416503906 -2.4294559955596924
117.8614501953125 175.65359497070312 -2.517118453979492
115.31571960449219 173.99899291992188 -2.613382339477539
112.62274932861328 172.59674072265625 -2.709646224975586
109.80746459960938 171.45980834960938 -2.805910110473633
108.90950012207031 170.99000549316406 -2.513218641281128
108.90824890136719 170.9894256591797 -2.9130799770355225
107.96517944335938 170.6183624267578 -2.6203885078430176
105.18008422851562 169.17515563964844 -2.7066102027893066
102.3682632446289 168.02967834472656 -2.8028740882873535
99.45936584472656 167.15977478027344 -2.8991379737854004
98.52156066894531 166.77560424804688 -2.6064465045928955
95.83837890625 165.35470581054688 -2.7027103900909424
93.03105163574219 164.19827270507812 -2.7989742755889893
90.12556457519531 163.3170166015625 -2.895238161087036
89.18927001953125 162.92918395996094 -2.6025466918945312
89.18927001953125 162.92918395996094 -3.002546548843384
88.2168197631836 162.64385986328125 -2.709855079650879
85.40129852294922 161.5075225830078 -2.806119441986084
82.48959350585938 160.64706420898438 -2.902383327484131
81.55054473876953 160.26593017578125 -2.609691858291626
81.55054473876953 160.26593017578125 -3.0096917152404785
80.57608032226562 159.98756408691406 -2.7170002460479736
84.19313049316406 161.62803649902344 -2.714601516723633
81.41051483154297 160.52734375 -2.815234422683716
78.4910888671875 159.69345092773438 -2.9114983081817627
77.5486068725586 159.32089233398438 -2.618806838989258
77.5486068725586 159.32089233398438 -3.0188066959381104
76.57164764404297 159.05142211914062 -2.7261152267456055
80.22976684570312 160.66482543945312 -2.726304292678833
77.39593505859375 159.574951171875 -2.82256817817688
74.47046661376953 158.7624969482422 -2.9188320636749268
73.52527618408203 158.39686584472656 -2.626140594482422
73.52527618408203 158.39686584472656 -3.0261404514312744
72.5463638305664 158.1345672607422 -2.7334489822387695
76.2163314819336 159.72117614746094 -2.733624219894409
73.37459564208984 158.65206909179688 -2.829888105392456
70.4432601928711 157.86105346679688 -2.926151990890503
69.49542236328125 157.50234985351562 -2.633460521697998
69.49542236328125 157.50234985351562 -3.0334603786468506
69.49542236328125 157.50234985351562 -2.7407689094543457
66.64612579345703 156.4535675048828 -2.8370327949523926
63.70921325683594 155.68350219726562 -2.9332966804504395
62.75883483886719 155.33157348632812 -2.6406052112579346
62.75883483886719 155.33157348632812 -3.040605068206787
61.7762336730957 155.08346557617188 -2.7479135990142822
61.7762336730957 155.08346557617188 -2.8457064628601074
61.7762336730957 155.08346557617188 -2.9419703483581543
60.82284164428711 154.73980712890625 -2.6492788791656494
60.82284164428711 154.73980712890625 -3.049278736114502
59.8381233215332 154.50022888183594 -2.756587266921997
59.8381233215332 154.50022888183594 -2.852851152420044
59.8381233215332 154.50022888183594 -2.949115037918091
59.8381233215332 154.50022888183594 -2.656423568725586
59.8381233215332 154.50022888183594 -3.0564234256744385
59.8381233215332 154.50022888183594 -2.7637319564819336
59.8381233215332 154.50022888183594 -2.8599958419799805
59.8381233215332 154.50022888183594 -2.9562597274780273
59.8381233215332 154.50022888183594 -2.6635682582855225
59.8381233215332 154.50022888183594 -3.063568115234375
59.8381233215332 154.50022888183594 -2.77087664604187
