-392.1815669193047
-394.1854985410858
-396.0019241701413
-397.6220538329895
-399.0381135868489
-400.2434092557195
-401.23224653546663
-402.000010243837
-402.5431329317516
-402.8591317624831
-402.9465036637954
-402.80487332897525
-402.4349094768937
-401.8383098194265
-401.01782581451926
-399.97726995269085
-398.7214985401432
-397.2564324844966
-395.58906227536085
-393.7273922130373
-391.68045634025634
-389.4583703275803
-387.0722361524466
-385.65396822943325
-383.5406083460922
-381.2563602437488
-378.81265748592193
-377.35571874985095
-375.17719419817536
-372.8321959933365
-370.33252228521326
-368.8378125057132
-366.59544296896456
-364.1911871338531
-361.6370961552679
-358.94626239418506
-357.32105770326524
-354.85558880263824
-352.2456070215653
-349.5045474196331
-347.8447091010624
-345.31960304267875
-342.65551484763665
-339.86616958988645
-338.17285660502546
-338.17285660502546
-336.290149316866
-334.5801162611703
-334.5801162611703
-332.68644671323227
-330.96000297889117
-330.9588284181205
-329.0546624683114
-327.3122552401402
-327.3122552401402
-325.3978946575998
-323.6396823626145
-323.6396823626145
-321.7155141656613
-319.9418214705536
-317.21788508311954
-314.37590734983866
-312.6460180772113
-312.6448454377024
-310.738568859568
-308.9930529435912
-308.9918784455712
-307.0757490821402
-305.3149027839046
-305.31372139526366
-303.3881058030421
-301.61223896287714
-301.61223896287714
-299.6774665592306
-297.8867492927709
-297.8867492927709
-297.8867492927709
-297.8867492927709
-297.8855681155008
-295.95962441319944
-295.95962441319944
-295.95962441319944
-294.0227845253982
-294.0227845253982
-294.0227845253982
-294.0227845253982
-294.0227845253982
-294.0227845253982
-292.09275611898744
-292.09275611898744
-292.09275611898744
-292.09275611898744
-292.09275611898744
-292.0915779520536
-290.1687936260694
-288.3975502240597
-288.3975502240597
-286.46564574419574
-286.46564574419574
-286.46564574419574
-286.46564574419574
-286.46564574419574
-286.46564574419574
-286.46564574419574
-286.46443753415747
-284.541489574252
-284.541489574252
-284.541489574252
-284.541489574252
-284.541489574252
-284.541489574252
-282.6260398358691
-282.6260398358691
-282.6260398358691
-280.69920163918056
-278.92152555800027
-278.92152555800027
-278.92152555800027
-278.92152555800027
-278.92152555800027
-277.0041509384093
-277.0041509384093
-277.0041509384093
-277.0041509384093
-277.0041509384093
-277.0041509384093
-275.0945811858102
-275.0945811858102
-275.0933751925299
-273.1722238897747
-271.40374211803993
-271.40374211803993
-271.40374211803993
-271.4026114525932
-269.54875121900653
-269.54875121900653
-269.547611375564
-267.67996262746766
-267.67996262746766
-267.6788133890381
-265.7978554276408
-265.7978554276408
-265.7967021799716
-263.902988500972
-263.902988500972
-263.90179711943574
-261.99583125895106
-261.99583125895106
-261.99583125895106
-261.99583125895106
-261.99583125895106
-261.99583125895106
-260.0982816037541
-260.0982816037541
-260.0982816037541
-258.1886092640674
-256.438381784024
-256.438381784024
-256.438381784024
-256.43726567718653
-254.59868842108312
-254.59868842108312
-254.59756276447112
-252.7447833034107
-252.7447833034107
-252.7436478631081
-250.87717163437574
-250.87717163437574
-250.87602618261047
-248.99634758018007
-248.99634758018007
-248.99634758018007
-247.1038693407564
-247.1038693407564
-247.1038693407564
-247.1038693407564
-247.1038693407564
-247.10269318402257
-245.21941710369958
-245.21941710369958
-245.21941710369958
-245.21941710369958
-245.21941710369958
-245.21941710369958
-243.34562765523305
-241.64994125357188
-241.64877131219626
-239.76535205994156
-239.76535205994156
-239.76535205994156
-239.76535205994156
-239.76535205994156
-239.76535205994156
-237.89149128654802
-237.89149128654802
-237.89149128654802
-237.89149128654802
-237.89149128654802
-237.89149128654802
-236.02759186839907
-236.02759186839907
-236.02642758723638
-234.14936935863182
-232.44900351286594
-232.44900351286594
-232.44900351286594
-232.44900351286594
-232.44900351286594
-230.5853924115007
-230.5853924115007
-230.5853924115007
-230.5853924115007
-230.5853924115007
-230.58426908631685
-228.73122347617306
-228.73122347617306
-228.73122347617306
-226.86461703785582
-225.17979405118675
-225.17979405118675
-225.17979405118675
-225.17869131784977
-223.34916520490955
-223.34916520490955
-223.34916520490955
-221.5054233248651
-221.5054233248651
-221.5054233248651
-219.6479339160847
-217.97653040040498
-217.97653040040498
-217.97653040040498
-217.97546585102373
-217.97546585102373
-217.97546585102373
-217.97437400869808
-217.97437400869808
-217.97437400869808
-217.9732685211859
-216.16367238383134
-216.16367238383134
-216.16255597305232
-214.3384284282759
-214.3384284282759
-214.3373077555705
-212.4990668700489
-212.4990668700489
-212.4990668700489
-212.4990668700489
-212.4990668700489
-212.49889750890682
-210.6723925646071
-210.6723925646071
-210.6723925646071
-210.6723925646071
-210.6723925646071
-210.6723925646071
-208.85810907695145
-207.24826541112918
-207.24826541112918
-205.42460523710966
-205.42460523710966
-205.42460523710966
-205.42460523710966
-205.42460523710966
-205.42460523710966
-203.61337147381954
-203.61337147381954
-203.61337147381954
-203.61337147381954
-203.61337147381954
-203.61227587662827
-201.81410181628388
-201.81410181628388
-201.81358167618677
-200.00079382180382
-198.39329852130155
-198.39329852130155
-196.57150877878368
-194.951567328776
-194.951567328776
-194.951567328776
-194.95052048219407
-194.95052048219407
-194.95052048219407
-194.95052048219407
-193.2032788438231
-193.2032788438231
-193.2032788438231
-191.44049065886878
-191.44049065886878
-191.44049065886878
-191.44049065886878
-191.44049065886878
-191.44049065886878
-188.6222074454519
-185.70160670555043
-182.69263078437527
-179.610299807893
-176.47072414123116
-173.29112343583324
-170.08986279457818
-166.88645641619695
-163.70155641482475
-160.5569522141787
-157.47546234889887
-154.480856094499
-151.59771428344177
-149.7436814613342
-146.73899447825525
-143.8438171276809
-141.08369015864537
-139.30183807578692
-136.40266734141582
-133.63864335890875
-131.03627008219732
-128.62224350802683
-127.04905036248802
-124.46540938573364
-122.07462385782931
-119.90372921869962
-118.48061590914104
-116.13005199470132
-114.0066704774391
-112.13710238497983
-110.90199730072702
-108.84707412511791
-107.05571825731727
-105.87069760346259
-103.89653965289534
-102.1968990431739
-100.7966228242153
-99.85808922359001
-98.27593819155676
-98.27593819155676
-98.27593819155676
-98.27593819155676
-98.27593819155676
-97.15057290823422
-96.38609306551385
-95.08203181763264
-95.08203181763264
-95.08203181763264
-94.50585671893042
-94.50585671893042
-94.50585671893042
-94.50585671893042
-94.50585671893042
-94.50585671893042
-94.50585671893042
-94.50585671893042
-94.50585671893042
-94.50585671893042
-94.50585671893042
