60.0 450.0 0.38539817929267883
60.0 450.0 -0.014601826667785645
60.0 450.0 -0.4146018326282501
60.0 450.0 -0.8146018385887146
60.0 450.0 -1.2146018743515015
60.0 450.0 -1.6146018505096436
59.83831787109375 446.059326171875 -1.6090023517608643
59.69870376586914 442.1177978515625 -1.603402853012085
59.5811653137207 438.175537109375 -1.5978033542633057
59.48570251464844 434.2326965332031 -1.5922038555145264
59.41231918334961 430.28936767578125 -1.586604356765747
59.36101531982422 426.345703125 -1.5810048580169678
59.33179473876953 422.4018249511719 -1.5754053592681885
59.32465744018555 418.45782470703125 -1.5698058605194092
59.33960723876953 414.51385498046875 -1.5642063617706299
59.37664031982422 410.5700378417969 -1.5586068630218506
59.43575668334961 406.6264953613281 -1.5530073642730713
59.51695251464844 402.6833190917969 -1.547407865524292
59.6202278137207 398.74066162109375 -1.5418083667755127
59.736289978027344 394.74310302734375 -1.541733980178833
59.85252380371094 390.7447814941406 -1.541733980178833
60.029693603515625 387.1542053222656 -1.501251459121704
60.03044891357422 387.15997314453125 -1.9006637334823608
58.763370513916016 383.425048828125 -1.8950642347335815
57.5172233581543 379.6830749511719 -1.8894647359848022
56.292049407958984 375.9342041015625 -1.883865237236023
55.087886810302734 372.17852783203125 -1.8782657384872437
53.9047737121582 368.4161682128906 -1.8726662397384644
52.74274444580078 364.6472473144531 -1.867066740989685
51.601837158203125 360.8718566894531 -1.8614672422409058
50.48208999633789 357.09014892578125 -1.8558677434921265
49.38353729248047 353.30224609375 -1.8502682447433472
48.306209564208984 349.50823974609375 -1.8446687459945679
47.250144958496094 345.708251953125 -1.8390692472457886
46.21537399291992 341.90240478515625 -1.8334697484970093
45.20193099975586 338.0908203125 -1.82787024974823
44.20984649658203 334.27362060546875 -1.8222707509994507
43.38596725463867 330.7743835449219 -1.7817882299423218
42.704383850097656 327.2446594238281 -1.7413057088851929
42.16621017456055 323.69024658203125 -1.700823187828064
41.77233123779297 320.1169738769531 -1.660340666770935
41.52339172363281 316.5306701660156 -1.6198581457138062
41.52482604980469 316.53631591796875 -2.019270420074463
39.825321197509766 312.9783935546875 -2.013568878173828
38.145511627197266 309.4100036621094 -2.007969379425049
36.48571014404297 305.832275390625 -2.0023698806762695
34.845970153808594 302.24530029296875 -1.9967703819274902
33.226341247558594 298.6492004394531 -1.991170883178711
31.626873016357422 295.0440979003906 -1.9855713844299316
30.047616958618164 291.4300842285156 -1.9799718856811523
28.48862075805664 287.8072814941406 -1.974372386932373
26.99573516845703 284.2439880371094 -1.9607133865356445
25.506793975830078 280.5918273925781 -1.9551138877868652
24.038326263427734 276.931396484375 -1.949514389038086
22.777050018310547 273.5649719238281 -1.9090321063995361
21.653051376342773 270.1502685546875 -1.8685495853424072
20.561996459960938 266.4820861816406 -1.8512535095214844
19.637060165405273 263.0081787109375 -1.8107709884643555
19.637060165405273 263.0081787109375 -1.7702884674072266
19.637060165405273 263.0081787109375 -1.7298059463500977
19.637060165405273 263.0081787109375 -1.6893234252929688
19.637060165405273 263.0081787109375 -1.6488409042358398
19.637060165405273 263.0081787109375 -2.0488409996032715
18.048166275024414 259.7834167480469 -2.0083603858947754
18.048166275024414 259.7834167480469 -1.9680899381637573
18.048166275024414 259.7834167480469 -1.962490439414978
18.048166275024414 259.7834167480469 -1.9568909406661987
18.048166275024414 259.7834167480469 -1.9512914419174194
18.048166275024414 259.7834167480469 -1.9456919431686401
18.048166275024414 259.7834167480469 -1.9400924444198608
18.048166275024414 259.7834167480469 -1.9344929456710815
18.048166275024414 259.7834167480469 -1.9288934469223022
18.048166275024414 259.7834167480469 -1.923293948173523
18.048166275024414 259.7834167480469 -1.9176944494247437
