-391.6017300057811
-392.9090436614521
-393.8939656388696
-394.53561180381485
-394.8204598824583
-394.7425005631729
-394.3034044354034
-393.5123735396849
-392.38616299523346
-390.94871562744686
-389.68024784459783
-388.31022670605086
-387.10367262137436
-385.80323746918515
-384.66046445084373
-383.43168069263726
-382.3545818347864
-381.19944185837244
-379.73589094238145
-378.4437271886768
-377.04737278114374
-375.81692046775044
-374.4899688670414
-373.3232321672391
-372.06788748471405
-370.51351753407016
-369.1381355813942
-367.6484294537529
-366.3325330696996
-364.9098355818158
-363.2057168058747
-361.6926730171804
-360.04797383999
-358.58973210954343
-357.00690768643227
-355.1624483740335
-353.52001052825636
-351.7292351133908
-350.1364453536997
-348.40191559102936
-346.42770440408384
-344.6652622801577
-342.73855498480435
-341.02021524334714
-339.14367107110303
-337.0515824946797
-335.1796747769446
-333.1285832131988
-331.2949217508905
-329.2874510084045
-327.49440078206857
-325.53322782924664
-323.78324253728744
-321.87111567456407
-319.75038673812645
-317.85203966837094
-315.77100440995764
-313.9097019696473
-311.87102468886155
-310.0492700354705
-308.0557570003641
-305.8703259288566
-303.911664395589
-301.76181361945396
-299.8364680740585
-297.72485921703964
-295.8353423647129
-293.7647937534243
-291.9136393819391
-291.9134756288525
-289.84123689944346
-287.9456368508156
-285.86827920497353
-284.0109015312753
-284.01073915555014
-281.9345436185373
-280.0332303035681
-280.0332303035681
-277.9291965144988
-275.98609622546746
-273.8545391883635
-271.9467623444244
-271.94667674389024
-269.838731489577
-267.88972333904553
-265.75153762962543
-263.8377090432933
-263.8377090432933
-263.8377090432933
-263.8375444814951
-261.74269199671596
-261.74269199671596
-261.74269199671596
-261.74269199671596
-261.74269199671596
-259.6351180329592
-257.68680186250185
-257.68680186250185
-257.68680186250185
-257.68680186250185
-257.68680186250185
-257.6866380872228
-255.58599155916474
-253.64839222572405
-253.64839222572405
-253.64839222572405
-253.64839222572405
-253.64839222572405
-253.64839222572405
-251.5550877685125
-251.5550877685125
-251.5550877685125
-251.5550877685125
-251.5550877685125
-251.5550877685125
-251.5550877685125
-249.46620589403892
-247.54652540643298
-247.54652540643298
-247.54652540643298
-247.54652540643298
-247.54652540643298
-247.54636310340496
-245.46550960629705
-245.46550960629705
-245.46550960629705
-245.46550960629705
-245.46550960629705
-245.46550960629705
-245.46550960629705
-243.3894769451504
-243.3894769451504
-243.3894769451504
-243.3894769451504
-243.3894769451504
-243.3894769451504
-243.3894769451504
-241.31838958257322
-239.42524302463394
-239.42524302463394
-239.42524302463394
-239.42508197910215
-237.3442196766826
-237.3442196766826
-237.3442196766826
-237.3442196766826
-237.3442196766826
-237.3442196766826
-237.3442196766826
-235.2682428504682
-233.36802474809858
-233.36802474809858
-233.36802474809858
-233.36802474809858
-233.36802474809858
-233.36786472302444
-231.30088882731638
-231.30088882731638
-231.30088882731638
-231.30088882731638
-231.30088882731638
-231.30088882731638
-231.30088882731638
-229.2392467296932
-227.36013660650258
-227.36013660650258
-227.36013660650258
-227.36013660650258
-227.36013660650258
-227.36013660650258
-225.30835358043862
-225.30835358043862
-225.30835358043862
-225.30835358043862
-225.30835358043862
-225.30835358043862
-225.3081950122342
-223.26222896552096
-221.40584079045567
-221.40584079045567
-221.40584079045567
-221.40584079045567
-221.40584079045567
-221.40584079045567
-219.37068699317797
-219.37068699317797
-219.37068699317797
-219.37068699317797
-219.37068699317797
-219.37068699317797
-219.37052967248547
-217.34167061165243
-217.34167061165243
-217.34167061165243
-217.34167061165243
-217.34167061165243
-217.34167061165243
-217.34150003589963
-215.31917596813508
-213.49643149297998
-213.49643149297998
-213.49643149297998
-213.49643149297998
-211.46464333151383
-211.46464333151383
-211.46464333151383
-211.46464333151383
-211.46464333151383
-211.46464333151383
-211.4644742375661
-209.4392637707213
-207.61264209364896
-207.61264209364896
-207.61264209364896
-207.61264209364896
-207.61264209364896
-207.61264209364896
-205.59982302130788
-205.59982302130788
-205.59982302130788
-205.59982302130788
-205.59982302130788
-205.59982302130788
-205.59982302130788
-203.59416565849733
-201.79497623681536
-201.79497623681536
-201.79497623681536
-201.79497623681536
-201.79497623681536
-201.79482327365292
-199.80285054847297
-199.80285054847297
-199.80285054847297
-199.80285054847297
-199.80285054847297
-199.80285054847297
-199.80285054847297
-197.81872524700032
-197.81872524700032
-197.81872524700032
-197.81872524700032
-197.81872524700032
-197.81872524700032
-197.68871566404079
-195.72933446740709
-195.72933446740709
-195.72933446740709
-195.72933446740709
-195.72933446740709
-193.7542063800987
-191.99713658146226
-191.99713658146226
-191.99713658146226
-191.99713658146226
-191.99713658146226
-191.99713658146226
-191.99713658146226
-191.99713658146226
-191.99713658146226
-191.99713658146226
-190.0894080423351
-188.00086235779554
-185.74468116421198
-183.36911124649072
-180.92697747340983
-178.47472655915948
-176.07134294616307
-173.8959223763745
-171.48370782835352
-169.30059554783372
-166.88018621989906
-164.5547182741309
-162.44861050300088
-160.11183703774202
-157.9956846258367
-155.6479845692676
-153.44483953931598
-151.4493954042902
-149.23524492762942
-147.22999224040228
-145.00517309461563
-142.99042707152338
-140.7552511749483
-138.71418960997627
-136.8671196780742
-134.81943339137632
-132.9666539426035
-130.91295738170442
-129.1094073272611
-127.48065954035364
-125.67891319774128
-124.05233578638017
-122.25360249988329
-120.63031750716236
-118.83589837614305
-117.34990717640716
-116.0145330795138
-114.54488504805387
-113.22520959498478
-111.77399545085706
-110.47196686810433
-109.04144289271662
-107.75916732373678
-106.35175315517975
-105.09152023610785
-103.70983819596698
-102.70219236369317
-101.80998015279205
-100.84323748460048
-99.9892531998028
-99.06626375879776
-98.25312462607856
-97.37678523855273
-96.60712876570818
-95.78040947092238
-95.05690381297573
-95.05690381297573
-95.05690381297573
-95.05690381297573
-95.05690381297573
-95.05690381297573
-95.05690381297573
-95.05690381297573
-95.05690381297573
-95.05690381297573
-95.05690381297573
