-389.9967956844827
-389.9957276824188
-389.9969485813934
-390.0003057428049
-390.0052497690766
-390.01098713192954
-386.033276317141
-382.0553186179784
-378.0771373898573
-374.0987256320269
-370.1201070312986
-366.1412749361353
-362.16225339138003
-358.1830666590594
-354.20367815688405
-350.22414308659506
-346.2444253333147
-342.26458059921157
-338.2845732689597
-334.3044290551376
-330.4517648142359
-326.59889952378813
-322.746695781269
-322.7524287106939
-319.0474231470485
-315.34632813399
-311.64925194636714
-307.9564014217208
-304.2678992670037
-300.583936925841
-296.90471419812377
-293.2304091682892
-289.56123954128486
-285.8974025293895
-282.23910583429824
-278.5865985019987
-274.9401111086656
-271.2999172318199
-267.6662733526099
-264.0394802372937
-260.4198236204394
-256.80760498032043
-253.203174056937
-249.60689806698358
-246.01913376647568
-242.4402585496541
-238.87070256433194
-235.31088921222496
-231.7612977978266
-228.22240434093646
-224.69474474164284
-221.1788550409403
-217.6753357372623
-214.18479247534847
-210.7078697866829
-210.7078697866829
-210.7078697866829
-210.7078697866829
-210.7078697866829
-210.7078697866829
-210.7078697866829
-210.7078697866829
-210.7078697866829
-210.7078697866829
-210.7078697866829
