-392.05187345788033
-393.8941957757021
-395.5131145724003
-396.896651293369
-398.0346283334112
-398.9187930125932
-399.5427464287017
-399.90201212314304
-399.99400232381214
-399.8180663080517
-399.37546853134603
-398.6693570934204
-397.7048436497055
-396.4888905730379
-395.0303689510594
-393.34004181553803
-391.43047094997553
-390.0981834175401
-388.4090039600683
-386.5007023715899
-385.16949751619256
-383.48203140480587
-381.5755391602724
-379.46429404982337
-377.9767229376211
-376.06968675552855
-373.95815970400497
-372.4704752945741
-370.56347360226135
-368.452159039779
-366.1525142541624
-364.51875215846195
-362.4051578491547
-360.10359319843394
-357.6317475743043
-355.86300150476734
-353.556899691801
-351.08114292933345
-349.30944404153405
-346.99925132288
-344.51998613762805
-341.8909586396683
-339.99771084178775
-337.5122748390427
-334.87797734666276
-332.9806303072726
-330.48938626606014
-327.8501986132375
-325.94901345715135
-323.4523899409295
-320.8086499474347
-318.90395421496146
-318.90395421496146
-316.78235591129845
-314.826310179113
-312.2498321170069
-309.537217861103
-307.57726697545496
-307.57726697545496
-305.4220906315885
-303.4145294392575
-300.7624838936175
-298.85145555388186
-298.8512632970444
-296.7258617696138
-294.7643269844658
-294.7641303120439
-292.60813316540896
-290.5994098839081
-290.5994098839081
-290.5994098839081
-290.5992136942463
-288.4665623329964
-288.4665623329964
-288.44869216868665
-286.2852705542186
-284.26472726455364
-284.26472726455364
-284.26472726455364
-284.2645317776203
-282.1235566653667
-282.1235566653667
-282.1235566653667
-282.1235566653667
-282.12336139223504
-280.00492361211326
-280.00492361211326
-280.004728576469
-277.8524863274407
-275.84987491207875
-275.84987491207875
-275.84987491207875
-275.84968041497336
-273.72152490714154
-273.72152490714154
-273.72152490714154
-273.72152490714154
-273.72133607067667
-271.61708147052406
-271.61708147052406
-271.61688747569826
-269.4771200117974
-267.49402846325887
-267.49402846325887
-267.49402846325887
-267.49383506416285
-265.37986008602877
-265.37986008602877
-265.37986008602877
-265.37986008602877
-265.37967255079246
-263.2910727216796
-263.2910727216796
-263.29087988244885
-261.1650122364328
-261.1650122364328
-261.1650122364328
-261.1650122364328
-261.16481965925874
-259.0631863828868
-259.0631863828868
-259.0631863828868
-259.0631863828868
-259.062999821342
-256.9879492974537
-256.9879492974537
-256.9879492974537
-254.87418659318385
-252.93062495623107
-252.93062495623107
-252.93062495623107
-252.93043370185833
-250.83858050017554
-250.83858050017554
-250.83858050017554
-250.83858050017554
-250.83839548822945
-248.77411239331147
-248.77411239331147
-248.77411239331147
-246.67006143337161
-246.67006143337161
-245.50867004565737
-245.50867004565737
-245.50867004565737
-245.50848002163409
-243.43549529079482
-243.43549529079482
-243.43549529079482
-241.32369670667467
-241.32369670667467
-241.32369670667467
-241.32369670667467
-241.32350735578356
-239.23755603912264
-239.23755603912264
-239.23755603912264
-239.23755603912264
-239.2373732393362
-237.17965058156898
-237.17965058156898
-237.1794898062145
-235.08148479248405
-233.16147688895782
-233.16147688895782
-233.16147688895782
-233.16128913894
-231.09496519966854
-231.09496519966854
-231.09496519966854
-231.09496519966854
-231.09478426849384
-229.05853421267068
-229.05853421267068
-229.0583749202575
-226.97990959968706
-225.0882246341972
-225.0882246341972
-222.97587095870293
-221.03503614785427
-221.03503614785427
-221.03503614785427
-221.03503614785427
-221.03503614785427
-221.0348578338761
-219.02703396977554
-219.02703396977554
-219.02703396977554
-216.97464335655764
-216.97464335655764
-216.97464335655764
-216.97464335655764
-216.97445927821892
-214.95345823392964
-214.95345823392964
-214.95327465824283
-212.88894467560917
-211.01769653882414
-211.01769653882414
-211.01769653882414
-211.01751408299896
-208.9894890708392
-208.9894890708392
-208.9894890708392
-208.9894890708392
-208.98930713678394
-206.9948812052523
-206.9948812052523
-206.9946998387265
-204.95488197536045
-203.11811157738487
-203.11811157738487
-203.11811157738487
-203.11793147116146
-201.11747373304698
-201.11747373304698
-201.11747373304698
-201.11747373304698
-201.11730160835694
-199.15278804550894
-199.15278804550894
-199.15278804550894
-197.14078158269783
-197.14078158269783
-197.14078158269783
-197.14078158269783
-197.14078158269783
-195.16398128704344
-195.16398128704344
-195.16398128704344
-195.16398128704344
-195.16381127009785
-193.22495115828764
-193.22495115828764
-192.19156720843733
-192.19156720843733
-192.19156720843733
-192.19156720843733
-192.19156720843733
-192.19156720843733
-192.19156720843733
-192.19156720843733
-192.19156720843733
-192.19139853929266
-190.261262539257
-190.261262539257
-187.64245596512072
-184.89768137882416
-182.04695036796534
-179.11193601734385
-176.11598525812087
-173.0840826433714
-170.04280327774296
-167.02023874985045
-164.04586698055678
-161.1503110838053
-158.36513774581962
-156.27660165210622
-153.4162888800398
-150.67803695227985
-148.6225499411713
-145.8044113376742
-143.12109912290663
-141.1047059830596
-138.3371062394809
-135.7183468756098
-133.28184948573835
-131.44312857012088
-128.90849912604136
-126.57338940080128
-124.80909411981077
-122.37411931030685
-120.15744422860477
-118.19219906726418
-116.70036160553676
-114.63192962880159
-112.83588746879623
-111.47023673604843
-109.57375258992319
-107.97134639538913
-106.75050394003041
-105.05192171663147
-103.66927410282625
-102.61302673905404
-101.13974682034923
-100.00356362522741
-99.13195701695747
-97.91150118801265
-96.97837966117788
-95.67589096732141
-94.72676598809579
-94.72676598809579
-94.72676598809579
-94.72676598809579
-94.72676598809579
-94.72676598809579
-94.72676598809579
-94.72676598809579
-94.72676598809579
-94.72676598809579
-94.72676598809579
