-389.9967651669996
-389.9956971652547
-389.99691806477057
-390.00027522687367
-390.0052192538593
-390.01098713462585
-386.0332763476392
-382.05531869385663
-378.0771375278646
-374.0987258480476
-370.12010734031554
-366.14130586968645
-362.16228444500206
-358.183097844784
-354.2037094856688
-350.2241745818598
-346.2444570058049
-342.2646124426634
-338.2846052894009
-334.30446125724524
-330.45179716936
-326.5989319667203
-322.7467282324149
-322.75249166094835
-319.047488307452
-315.3463957864971
-311.6493528934941
-307.9565054464299
-304.26803718145004
-300.58410903642005
-296.9048903226843
-293.230589640239
-289.5614247043835
-285.8975927382333
-282.23930145482075
-278.58679991198255
-274.9403186983092
-271.30013140431527
-267.6664942091981
-264.0397085011204
-260.4200593739213
-256.8078793826411
-253.20348754254678
-249.60722076643256
-246.01946595528045
-242.44063123609237
-238.87108574181718
-235.31131389106437
-231.76173432661636
-228.22288375587277
-224.69523721215157
-221.17936121537036
-217.67585628908486
-214.18532810433334
-210.70842083576792
-210.70842083576792
-210.70842083576792
-210.70842083576792
-210.70842083576792
-210.70842083576792
-210.70842083576792
-210.70842083576792
-210.70842083576792
-210.70842083576792
-210.70842083576792
