61.86477279663086 451.5972900390625 0.6311752796173096
63.95277404785156 452.88916015625 0.47695237398147583
66.21443939208984 453.8449401855469 0.3227294683456421
68.59608459472656 454.44195556640625 0.16850656270980835
71.04117584228516 454.6660461425781 0.01428365707397461
73.49166870117188 454.5118713378906 -0.13993924856185913
75.88939666748047 453.9831237792969 -0.29416215419769287
78.17744445800781 453.0923156738281 -0.4483850598335266
80.3014907836914 451.8606262207031 -0.6026079654693604
82.21112823486328 450.3172607421875 -0.7568308711051941
83.95276641845703 448.9433898925781 -0.5789564847946167
85.89836883544922 447.44561767578125 -0.7331793904304504
87.67201232910156 446.11334228515625 -0.555305004119873
89.6524887084961 444.6620178222656 -0.7095279097557068
91.45714569091797 443.3720397949219 -0.5316535234451294
93.47138977050781 441.96795654296875 -0.6858764290809631
95.30604553222656 440.7210388183594 -0.5080020427703857
97.35293579101562 439.3649597167969 -0.6622249484062195
99.16722106933594 437.7105712890625 -0.8164478540420532
100.82391357421875 436.2353820800781 -0.6385734677314758
102.67681884765625 434.6243591308594 -0.7927963733673096
104.36793518066406 433.1887512207031 -0.6149219870567322
106.2584228515625 431.6219787597656 -0.7691448926925659
107.98301696777344 430.2267761230469 -0.5912705063819885
109.91002655029297 428.7051696777344 -0.7454934120178223
111.58042907714844 426.9056091308594 -0.899716317653656
113.10868072509766 425.2977294921875 -0.7218419313430786
114.82117462158203 423.5381774902344 -0.8760648369789124
116.38702392578125 421.9668884277344 -0.698190450668335
118.1406478881836 420.2483215332031 -0.8524133563041687
119.60946655273438 418.28076171875 -1.0066362619400024
120.95740509033203 416.51898193359375 -0.828761875629425
122.47234344482422 414.58673095703125 -0.9829847812652588
123.861572265625 412.8573303222656 -0.8051103949546814
125.42178344726562 410.96142578125 -0.9593333005905151
126.6722412109375 408.8483581542969 -1.113556146621704
127.82447814941406 406.9527893066406 -0.9356817603111267
129.1245574951172 404.8699035644531 -1.0899046659469604
130.32130432128906 403.0021057128906 -0.9120302796363831
131.6702880859375 400.9505310058594 -1.0662531852722168
132.6881103515625 398.7160949707031 -1.2204761505126953
133.6314697265625 396.7084045410156 -1.0426018238067627
134.70184326171875 394.4986572265625 -1.1968247890472412
135.6924285888672 392.5138244628906 -1.0189504623413086
136.8147735595703 390.33001708984375 -1.173173427581787
137.5883331298828 387.9997253417969 -1.3273963928222656
138.3120574951172 385.9028015136719 -1.149522066116333
139.1405029296875 383.5914611816406 -1.3037450313568115
139.9136199951172 381.51226806640625 -1.125870704650879
140.7965087890625 379.2211608886719 -1.2800936698913574
141.6185760498047 377.16082763671875 -1.1022193431854248
142.55538940429688 374.8912353515625 -1.2564423084259033
143.4259490966797 372.8509216308594 -1.0785679817199707
144.4161834716797 370.6041259765625 -1.2327909469604492
145.04953002929688 368.23187255859375 -1.3870139122009277
145.64703369140625 366.0955810546875 -1.2091395854949951
146.3363037109375 363.7389831542969 -1.3633625507354736
146.98416137695312 361.6174011230469 -1.185488224029541
147.7289581298828 359.2777404785156 -1.3397111892700195
148.4268035888672 357.1720886230469 -1.161836862564087
149.2267303466797 354.8507080078125 -1.3160598278045654
149.6605682373047 352.4339904785156 -1.470282793045044
150.07830810546875 350.2554016113281 -1.2924084663391113
150.56918334960938 347.8496398925781 -1.4466314315795898
151.038330078125 345.6815185546875 -1.2687571048736572
151.58595275878906 343.28802490234375 -1.4229800701141357
152.1062469482422 341.1316223144531 -1.2451057434082031
152.7103271484375 338.75177001953125 -1.3993287086486816
153.28147888183594 336.6082763671875 -1.221454381942749
153.28150939941406 336.60809326171875 -1.6214349269866943
153.36643981933594 334.39141845703125 -1.4435606002807617
153.84225463867188 332.2247619628906 -1.265686273574829
154.39723205566406 329.8329772949219 -1.4199092388153076
154.9241485595703 327.67816162109375 -1.242034912109375
154.92417907714844 327.677978515625 -1.6420154571533203
154.96348571777344 325.46002197265625 -1.4641411304473877
155.3946075439453 323.2840270996094 -1.286266803741455
155.3946075439453 323.2840270996094 -1.6862667798995972
155.33575439453125 321.0665283203125 -1.5083924531936646
155.67019653320312 318.87359619140625 -1.330518126487732
156.0690460205078 316.45086669921875 -1.484740972518921
156.4552459716797 314.2664489746094 -1.3068666458129883
156.4552459716797 314.266357421875 -1.7068575620651245
156.3507537841797 312.050537109375 -1.528983235359192
156.6399688720703 309.8511962890625 -1.3511089086532593
156.98886108398438 307.4207763671875 -1.5053317546844482
157.33001708984375 305.2288818359375 -1.3274574279785156
157.33001708984375 305.2288818359375 -1.4816864728927612
157.33001708984375 305.2288818359375 -1.3038121461868286
157.3300323486328 305.22869873046875 -1.7037925720214844
157.23233032226562 303.0125732421875 -1.5259182453155518
157.23233032226562 303.0125732421875 -1.3480439186096191
157.23233032226562 303.0125732421875 -1.5022668838500977
157.23233032226562 303.0125732421875 -1.324392557144165
157.23233032226562 303.0125732421875 -1.7243925333023071
157.08900451660156 300.7989196777344 -1.5465182065963745
157.33961486816406 298.5948181152344 -1.368643879890442
157.33961486816406 298.5948181152344 -1.5228667259216309
157.33961486816406 298.5948181152344 -1.3449923992156982
157.33961486816406 298.5948181152344 -1.4992384910583496
157.33961486816406 298.5948181152344 -1.321364164352417
157.33963012695312 298.5946350097656 -1.7213447093963623
157.2030487060547 296.38055419921875 -1.5434703826904297
157.4603729248047 294.17724609375 -1.365596055984497
157.4603729248047 294.17724609375 -1.5198190212249756
157.4603729248047 294.17724609375 -1.341944694519043
157.4603729248047 294.17724609375 -1.4961676597595215
157.4603729248047 294.17724609375 -1.3182933330535889
157.4603729248047 294.17724609375 -1.718293309211731
157.33055114746094 291.9627685546875 -1.5404189825057983
157.33055114746094 291.9627685546875 -1.3625446557998657
157.33055114746094 291.9627685546875 -1.5167675018310547
157.33055114746094 291.9627685546875 -1.338893175125122
157.33055114746094 291.9627685546875 -1.4931161403656006
157.33055114746094 291.9627685546875 -1.315241813659668
157.33055114746094 291.9627685546875 -1.71524178981781
157.2074737548828 289.7478942871094 -1.5373674631118774
157.47824096679688 287.54620361328125 -1.3594931364059448
157.47824096679688 287.54620361328125 -1.5137159824371338
157.47824096679688 287.54620361328125 -1.3358416557312012
157.47824096679688 287.54620361328125 -1.4900646209716797
157.47824096679688 287.54620361328125 -1.312190294265747
157.47825622558594 287.5460205078125 -1.7121708393096924
157.3619842529297 285.3307800292969 -1.5342965126037598
157.3619842529297 285.3307800292969 -1.3564221858978271
157.3619842529297 285.3307800292969 -1.5106451511383057
157.3619842529297 285.3307800292969 -1.332770824432373
157.3619842529297 285.3307800292969 -1.4869937896728516
157.3619842529297 285.3307800292969 -1.309119462966919
157.3619842529297 285.3307800292969 -1.709119439125061
157.25247192382812 283.1152038574219 -1.5312451124191284
157.25247192382812 283.1152038574219 -1.3533707857131958
157.25247192382812 283.1152038574219 -1.5075936317443848
157.25247192382812 283.1152038574219 -1.3297193050384521
157.25247192382812 283.1152038574219 -1.4839422702789307
157.25247192382812 283.1152038574219 -1.306067943572998
157.25247192382812 283.1152038574219 -1.7060679197311401
157.14971923828125 280.8992919921875 -1.5281935930252075
157.440673828125 278.7001647949219 -1.350319266319275
157.440673828125 278.7001647949219 -1.5045421123504639
157.440673828125 278.7001647949219 -1.3266677856445312
157.44068908691406 278.6999816894531 -1.7266486883163452
157.2923583984375 276.4866638183594 -1.5487743616104126
157.2923583984375 276.4866638183594 -1.37090003490448
157.2923583984375 276.4866638183594 -1.525122880935669
157.2923583984375 276.4866638183594 -1.3472485542297363
157.2923583984375 276.4866638183594 -1.5014715194702148
157.2923583984375 276.4866638183594 -1.3235971927642822
157.2923583984375 276.4866638183594 -1.7235971689224243
157.15078735351562 274.27288818359375 -1.5457228422164917
157.4031524658203 272.0690002441406 -1.367848515510559
157.4031524658203 272.0690002441406 -1.522071361541748
157.4031524658203 272.0690002441406 -1.3441970348358154
157.4031524658203 272.0690002441406 -1.498420000076294
157.4031524658203 272.0690002441406 -1.3205456733703613
157.40316772460938 272.0688171386719 -1.7205262184143066
157.26840209960938 269.8546142578125 -1.542651891708374
157.26840209960938 269.8546142578125 -1.3647775650024414
157.26840209960938 269.8546142578125 -1.51900053024292
157.26840209960938 269.8546142578125 -1.3411262035369873
157.26840209960938 269.8546142578125 -1.4953491687774658
157.26840209960938 269.8546142578125 -1.3174748420715332
157.26840209960938 269.8546142578125 -1.7174737453460693
157.14039611816406 267.6400146484375 -1.5395994186401367
157.40625 265.4377136230469 -1.361725091934204
157.40625 265.4377136230469 -1.5159480571746826
157.40625 265.4377136230469 -1.33807373046875
157.40625 265.4377136230469 -1.4922966957092285
157.40625 265.4377136230469 -1.314422369003296
157.40625 265.4377136230469 -1.714422345161438
157.2849884033203 263.2227478027344 -1.5365480184555054
157.2849884033203 263.2227478027344 -1.3586736917495728
157.2849884033203 263.2227478027344 -1.5128965377807617
157.2849884033203 263.2227478027344 -1.335022211074829
157.2849884033203 263.2227478027344 -1.4892451763153076
157.2849884033203 263.2227478027344 -1.311370849609375
157.28500366210938 263.2225646972656 -1.7113513946533203
157.17054748535156 261.0072326660156 -1.5334770679473877
157.4498748779297 258.8066101074219 -1.355602741241455
157.4498748779297 258.8066101074219 -1.5098257064819336
157.4498748779297 258.8066101074219 -1.331951379776001
157.4498748779297 258.8066101074219 -1.4861743450164795
157.4498748779297 258.8066101074219 -1.3083000183105469
157.4498748779297 258.8066101074219 -1.708299994468689
157.34217834472656 256.5909423828125 -1.5304256677627563
157.34217834472656 256.5909423828125 -1.3525513410568237
157.34217834472656 256.5909423828125 -1.506800889968872
157.34217834472656 256.5909423828125 -1.3289265632629395
157.34217834472656 256.5909423828125 -1.4831761121749878
157.34217834472656 256.5909423828125 -1.3053017854690552
157.34219360351562 256.59075927734375 -1.705282211303711
157.24119567871094 254.37477111816406 -1.5274078845977783
157.24119567871094 254.37477111816406 -1.3495335578918457
157.24119567871094 254.37477111816406 -1.5037565231323242
157.24119567871094 254.37477111816406 -1.3258821964263916
157.24119567871094 254.37477111816406 -1.4801051616668701
157.24119567871094 254.37477111816406 -1.3022308349609375
157.2412109375 254.37457275390625 -1.7022113800048828
157.1470184326172 252.1582794189453 -1.5243370532989502
157.4464569091797 249.96029663085938 -1.3464627265930176
157.4464569091797 249.96029663085938 -1.500685691833496
157.4464569091797 249.96029663085938 -1.3228113651275635
157.4464569091797 249.96029663085938 -1.7228113412857056
157.30662536621094 247.7464141845703 -1.544937014579773
157.30662536621094 247.7464141845703 -1.3670626878738403
157.30662536621094 247.7464141845703 -1.5212855339050293
157.30662536621094 247.7464141845703 -1.3434112071990967
157.30662536621094 247.7464141845703 -1.4976342916488647
157.30662536621094 247.7464141845703 -1.3197599649429321
157.306640625 247.7462158203125 -1.719740390777588
157.17361450195312 245.53192138671875 -1.5418660640716553
157.43447875976562 243.3290252685547 -1.3639917373657227
157.43447875976562 243.3290252685547 -1.5182147026062012
157.43447875976562 243.3290252685547 -1.3403403759002686
157.43447875976562 243.3290252685547 -1.494563341140747
157.43447875976562 243.3290252685547 -1.3166890144348145
157.43447875976562 243.3290252685547 -1.7166889905929565
157.30819702148438 241.1143341064453 -1.538814663887024
157.30819702148438 241.1143341064453 -1.3609403371810913
157.30819702148438 241.1143341064453 -1.5151631832122803
157.30819702148438 241.1143341064453 -1.3372888565063477
157.30819702148438 241.1143341064453 -1.4915118217468262
157.30819702148438 241.1143341064453 -1.3136374950408936
157.30819702148438 241.1143341064453 -1.7136374711990356
157.1886749267578 238.89926147460938 -1.535763144493103
157.4629669189453 236.697998046875 -1.3578888177871704
157.4629669189453 236.697998046875 -1.5121116638183594
157.4629669189453 236.697998046875 -1.3342373371124268
157.4629669189453 236.697998046875 -1.4884603023529053
157.4629669189453 236.697998046875 -1.3105859756469727
157.46298217773438 236.69781494140625 -1.710566759109497
157.3502655029297 234.48239135742188 -1.5326924324035645
157.3502655029297 234.48239135742188 -1.3548181056976318
157.3502655029297 234.48239135742188 -1.5090410709381104
157.3502655029297 234.48239135742188 -1.3311667442321777
157.3502655029297 234.48239135742188 -1.4853897094726562
157.3502655029297 234.48239135742188 -1.3075153827667236
157.3502655029297 234.48239135742188 -1.7075153589248657
157.2443084716797 232.26663208007812 -1.529641032218933
157.2443084716797 232.26663208007812 -1.3517667055130005
157.2443084716797 232.26663208007812 -1.5059895515441895
157.2443084716797 232.26663208007812 -1.3281152248382568
157.2443084716797 232.26663208007812 -1.4823381900787354
157.2443084716797 232.26663208007812 -1.3044638633728027
157.25588989257812 232.11077880859375 -1.6887390613555908
157.19155883789062 229.89341735839844 -1.5108647346496582
157.19155883789062 229.89341735839844 -1.3329904079437256
157.19155883789062 229.89341735839844 -1.487213373184204
157.19155883789062 229.89341735839844 -1.3093390464782715
157.19155883789062 229.89341735839844 -1.7093390226364136
157.08155822753906 227.6778564453125 -1.531464695930481
157.3653106689453 225.477783203125 -1.3535903692245483
157.3653106689453 225.477783203125 -1.5078132152557373
157.3653106689453 225.477783203125 -1.3299388885498047
157.3653106689453 225.477783203125 -1.4841618537902832
157.3653106689453 225.477783203125 -1.3062875270843506
157.3653106689453 225.477783203125 -1.460510492324829
157.3653106689453 225.477783203125 -1.2826361656188965
157.3653106689453 225.477783203125 -1.436870813369751
157.3653106689453 225.477783203125 -1.2589964866638184
157.3653106689453 225.477783203125 -1.6589964628219604
157.366943359375 223.25949096679688 -1.4811221361160278
157.39781188964844 220.80419921875 -1.6353299617767334
157.0511932373047 218.3734588623047 -1.789552927017212
156.33529663085938 216.02481079101562 -1.9437758922576904
155.26710510253906 213.8140106201172 -2.097998857498169
153.8719940185547 211.7935333251953 -2.2522218227386475
152.1830596923828 210.01133728027344 -2.406444787979126
150.67633056640625 208.38327026367188 -2.2285704612731934
149.030029296875 206.5616455078125 -2.382793426513672
147.56222534179688 204.89840698242188 -2.2049190998077393
145.95945739746094 203.03834533691406 -2.3591420650482178
144.08998107910156 201.44656372070312 -2.5133650302886963
142.41812133789062 199.98858642578125 -2.3354907035827637
140.58682250976562 198.35304260253906 -2.489713668823242
138.9499053955078 196.85594177246094 -2.3118393421173096
137.1577911376953 195.17755126953125 -2.466062307357788
135.12911987304688 193.79437255859375 -2.6202852725982666
133.31121826171875 192.5231475830078 -2.442410945892334
131.31582641601562 191.09237670898438 -2.5966339111328125
129.5284881591797 189.77850341796875 -2.41875958442688
127.56749725341797 188.3009490966797 -2.5729825496673584
125.81173706054688 186.94517517089844 -2.395108222961426
123.88623809814453 185.42164611816406 -2.5493311882019043
121.74955749511719 184.2119903564453 -2.703554153442383
119.83222198486328 183.0963592529297 -2.52567982673645
117.72474670410156 181.8365020751953 -2.6799027919769287
115.8343276977539 180.67584228515625 -2.502028465270996
113.75724029541016 179.3665008544922 -2.6562514305114746
111.50366973876953 178.3917694091797 -2.810474395751953
109.47822570800781 177.48712158203125 -2.6326000690460205
107.24833679199219 176.45936584472656 -2.786823034286499
105.2448501586914 175.507080078125 -2.6089487075805664
103.0398941040039 174.4268798828125 -2.763171672821045
101.05948638916016 173.42747497558594 -2.5852973461151123
98.88069152832031 172.29542541503906 -2.739520311355591
96.55386352539062 171.51150512695312 -2.8937432765960693
94.46019744873047 170.77845764160156 -2.7158689498901367
92.15255737304688 169.93972778320312 -2.8700919151306152
90.07681274414062 169.15737915039062 -2.6922175884246826
87.7896499633789 168.26431274414062 -2.846440553665161
85.73298645019531 167.43309020996094 -2.6685662269592285
83.46758270263672 166.48619079589844 -2.822789192199707
81.43115234375 165.60655212402344 -2.6449148654937744
79.18878173828125 164.60633850097656 -2.799137830734253
77.17372131347656 163.6787872314453 -2.6212635040283203
74.95562744140625 162.62582397460938 -2.775486469268799
72.60211181640625 161.92608642578125 -2.9297094345092773
70.48343658447266 161.268798828125 -2.7518351078033447
68.14712524414062 160.5135955810547 -2.9060580730438232
66.04458618164062 159.80638122558594 -2.7281837463378906
63.72679138183594 158.9961395263672 -2.882406711578369
61.64156723022461 158.23941040039062 -2.7045323848724365
59.34358215332031 157.37457275390625 -2.858755350112915
57.27683639526367 156.56874084472656 -2.6808810234069824
54.99994659423828 155.64981079101562 -2.835103988647461
52.95283508300781 154.79531860351562 -2.6572296619415283
52.95283508300781 154.79531860351562 -2.811452627182007
52.95283508300781 154.79531860351562 -2.633578300476074
52.95283508300781 154.79531860351562 -3.033578395843506
52.95283508300781 154.79531860351562 -2.8557040691375732
52.95283508300781 154.79531860351562 -2.6778297424316406
52.95283508300781 154.79531860351562 -2.832052707672119
52.95283508300781 154.79531860351562 -2.6541783809661865
52.95283508300781 154.79531860351562 -2.808401346206665
52.95283508300781 154.79531860351562 -2.6305270195007324
52.95283508300781 154.79531860351562 -3.030527114868164
