62.251190185546875 452.04541015625 0.6896775364875793
64.68756103515625 453.8663024902344 0.5939568877220154
67.28681182861328 455.44598388671875 0.49823620915412903
70.02513885498047 456.77001953125 0.4025155305862427
72.87747955322266 457.8262634277344 0.3067948520183563
75.81771087646484 458.6050720214844 0.21107417345046997
78.81891632080078 459.09930419921875 0.11535350233316422
81.85362243652344 459.304443359375 0.01963283121585846
84.89404296875 459.2185974121094 -0.0760878399014473
87.91233825683594 458.8425598144531 -0.17180851101875305
90.88087463378906 458.1797790527344 -0.2675291895866394
93.77247619628906 457.2362976074219 -0.36324986815452576
96.5606689453125 456.0207824707031 -0.4589705467224121
99.21992492675781 454.5443420410156 -0.5546911954879761
101.72589874267578 452.82049560546875 -0.65041184425354
104.05564880371094 450.86505126953125 -0.746132493019104
106.1878433227539 448.6958923339844 -0.841853141784668
107.71604919433594 447.2834167480469 -0.6502703428268433
110.04607391357422 445.32830810546875 -0.7459909915924072
112.17857360839844 443.1594543457031 -0.8417116403579712
114.09402465820312 440.7967224121094 -0.9374322891235352
115.48046112060547 439.2448425292969 -0.7458494901657104
117.61326599121094 437.0762939453125 -0.8415701389312744
119.529052734375 434.71380615234375 -0.9372907876968384
120.91571044921875 433.1621398925781 -0.7457079887390137
123.04882049560547 430.993896484375 -0.8414286375045776
124.96493530273438 428.6316833496094 -0.9371492862701416
126.64651489257812 426.09716796875 -1.0328699350357056
127.8787612915039 424.4202575683594 -0.8412871360778809
129.7952117919922 422.0583190917969 -0.9370077848434448
131.47715759277344 419.5240478515625 -1.0327284336090088
132.9091796875 416.8406066894531 -1.1284490823745728
133.97576904296875 415.0537414550781 -0.936866283416748
135.65806579589844 412.5196838378906 -1.032586932182312
137.09046936035156 409.8364562988281 -1.128307580947876
138.25987243652344 407.0285949707031 -1.22402822971344
139.15106201171875 405.1481018066406 -1.0324454307556152
140.58384704589844 402.465087890625 -1.1281660795211792
141.75364685058594 399.65740966796875 -1.2238867282867432
142.64974975585938 396.7507629394531 -1.3196073770523071
143.35740661621094 394.7937927246094 -1.1280245780944824
144.52760314941406 391.98626708984375 -1.2237452268600464
145.4241180419922 389.07977294921875 -1.3194658756256104
146.13204956054688 387.1228942871094 -1.1278830766677856
147.30264282226562 384.3155517578125 -1.2236037254333496
148.19956970214844 381.4091796875 -1.3193243741989136
148.90777587890625 379.4524230957031 -1.1277415752410889
148.90777587890625 379.4524230957031 -1.527741551399231
149.19578552246094 377.3914794921875 -1.3361587524414062
149.87095642089844 375.4230651855469 -1.1445759534835815
149.87095642089844 375.4230651855469 -1.5445759296417236
150.12423706054688 373.3575439453125 -1.352993130683899
150.76617431640625 371.3780517578125 -1.1614103317260742
150.76617431640625 371.3780517578125 -1.5614103078842163
150.98464965820312 369.3085632324219 -1.3698275089263916
151.5931854248047 367.31854248046875 -1.178244709968567
151.5931854248047 367.31854248046875 -1.578244686126709
151.77679443359375 365.24566650390625 -1.3866618871688843
152.3517303466797 363.2456970214844 -1.1950790882110596
152.3517303466797 363.2456970214844 -1.5950790643692017
152.5004119873047 361.1700439453125 -1.403496265411377
153.04161071777344 359.1606750488281 -1.2119134664535522
153.04164123535156 359.16046142578125 -1.611891746520996
153.15541076660156 357.08258056640625 -1.4203089475631714
153.66275024414062 355.06439208984375 -1.2287261486053467
153.66275024414062 355.06439208984375 -1.6287261247634888
153.74151611328125 352.9848937988281 -1.437143325805664
154.21481323242188 350.95843505859375 -1.2455605268478394
154.21481323242188 350.95843505859375 -1.6455605030059814
154.25856018066406 348.8778991699219 -1.4539777040481567
154.6976776123047 346.8437805175781 -1.262394905090332
154.6977081298828 346.84356689453125 -1.6623733043670654
154.70648193359375 344.7626037597656 -1.4707905054092407
155.111328125 342.72137451171875 -1.279207706451416
155.111328125 342.72137451171875 -1.679207682609558
155.08506774902344 340.64056396484375 -1.4876248836517334
155.45550537109375 338.5928039550781 -1.2960420846939087
155.45550537109375 338.5928039550781 -1.6960420608520508
155.39422607421875 336.5127258300781 -1.504459261894226
155.73013305664062 334.45904541015625 -1.3128764629364014
156.36436462402344 331.4842834472656 -1.4085971117019653
156.7113800048828 328.4625244140625 -1.5043177604675293
157.04757690429688 326.40887451171875 -1.3127349615097046
157.04757690429688 326.40887451171875 -1.7127349376678467
156.9515838623047 324.3301086425781 -1.521152138710022
157.253173828125 322.2710876464844 -1.3295693397521973
157.253173828125 322.2710876464844 -1.4252899885177612
157.253173828125 322.2710876464844 -1.2337071895599365
157.25320434570312 322.2708740234375 -1.63368558883667
157.3216552734375 320.1910095214844 -1.4421027898788452
157.3216552734375 320.1910095214844 -1.2505199909210205
157.32168579101562 320.1907958984375 -1.650498390197754
157.35516357421875 318.1100769042969 -1.4589155912399292
157.35516357421875 318.1100769042969 -1.2673327922821045
157.3551788330078 318.10986328125 -1.667311191558838
157.35366821289062 316.02886962890625 -1.4757283926010132
157.35366821289062 316.02886962890625 -1.2841455936431885
157.3536834716797 316.0286560058594 -1.6841239929199219
157.31719970703125 313.947998046875 -1.4925411939620972
157.31719970703125 313.947998046875 -1.3009583950042725
157.31719970703125 313.947998046875 -1.7009583711624146
157.2456817626953 311.8682556152344 -1.5093755722045898
157.2456817626953 311.8682556152344 -1.3177927732467651
157.2456817626953 311.8682556152344 -1.7177927494049072
157.13917541503906 309.7900085449219 -1.5262099504470825
157.4303436279297 307.7294921875 -1.3346271514892578
157.4303436279297 307.7294921875 -1.7346271276474
157.2888641357422 305.6533203125 -1.5430443286895752
157.2888641357422 305.6533203125 -1.3514615297317505
157.2888641357422 305.6533203125 -1.4471821784973145
157.2888641357422 305.6533203125 -1.2555993795394897
157.2888946533203 305.6531066894531 -1.6555776596069336
157.3118133544922 303.5722351074219 -1.4639948606491089
157.3118133544922 303.5722351074219 -1.2724120616912842
157.31182861328125 303.572021484375 -1.6723904609680176
157.2997589111328 301.4910583496094 -1.4808076620101929
157.2997589111328 301.4910583496094 -1.2892248630523682
157.29977416992188 301.4908447265625 -1.6892032623291016
157.25271606445312 299.410400390625 -1.4976204633712769
157.25271606445312 299.410400390625 -1.3060376644134521
157.25271606445312 299.410400390625 -1.7060376405715942
157.17063903808594 297.3310241699219 -1.5144548416137695
157.4860076904297 295.2740783691406 -1.3228720426559448
157.4860076904297 295.2740783691406 -1.722872018814087
157.3689422607422 293.1963806152344 -1.5312892198562622
157.3689422607422 293.1963806152344 -1.3397064208984375
157.3689422607422 293.1963806152344 -1.435427188873291
157.3689422607422 293.1963806152344 -1.2438443899154663
157.3689727783203 293.1961669921875 -1.6438226699829102
157.4163360595703 291.11572265625 -1.4522398710250854
157.4163360595703 291.11572265625 -1.2606570720672607
157.41636657714844 291.1155090332031 -1.6606354713439941
157.4287567138672 289.0345458984375 -1.4690526723861694
157.4287567138672 289.0345458984375 -1.2774698734283447
157.42877197265625 289.0343322753906 -1.6774482727050781
157.4061737060547 286.9534606933594 -1.4858654737472534
157.4061737060547 286.9534606933594 -1.2942826747894287
157.40618896484375 286.9532470703125 -1.694261074066162
157.34860229492188 284.873046875 -1.5026782751083374
157.34860229492188 284.873046875 -1.3110954761505127
157.34860229492188 284.873046875 -1.7110954523086548
157.25601196289062 282.79412841796875 -1.51951265335083
157.25601196289062 282.79412841796875 -1.3279298543930054
157.25601196289062 282.79412841796875 -1.4236505031585693
157.25601196289062 282.79412841796875 -1.2320677042007446
157.25604248046875 282.7939147949219 -1.6320459842681885
157.32791137695312 280.71417236328125 -1.4404631853103638
157.32791137695312 280.71417236328125 -1.248880386352539
157.32794189453125 280.7139587402344 -1.6488587856292725
157.36483764648438 278.63330078125 -1.4572759866714478
157.36483764648438 278.63330078125 -1.265693187713623
157.36485290527344 278.6330871582031 -1.6656715869903564
157.36676025390625 276.5520935058594 -1.4740887880325317
157.36676025390625 276.5520935058594 -1.282505989074707
157.3667755126953 276.5518798828125 -1.6824843883514404
157.3336944580078 274.4711608886719 -1.4909015893936157
157.3336944580078 274.4711608886719 -1.299318790435791
157.3336944580078 274.4711608886719 -1.699318766593933
157.26559448242188 272.39129638671875 -1.5077359676361084
157.26559448242188 272.39129638671875 -1.3161531686782837
157.26559448242188 272.39129638671875 -1.7161531448364258
157.16249084472656 270.3128662109375 -1.524570345878601
157.45703125 268.2528381347656 -1.3329875469207764
157.45703125 268.2528381347656 -1.4287081956863403
157.45703125 268.2528381347656 -1.2371253967285156
157.45706176757812 268.25262451171875 -1.637103796005249
157.45706176757812 268.25262451171875 -1.4455209970474243
157.45706176757812 268.25262451171875 -1.2539381980895996
157.45709228515625 268.2524108886719 -1.653916597366333
157.48345947265625 266.1716003417969 -1.4623337984085083
157.48345947265625 266.1716003417969 -1.2707509994506836
157.4834747314453 266.17138671875 -1.670729398727417
157.474853515625 264.0904235839844 -1.4791465997695923
157.474853515625 264.0904235839844 -1.2875638008117676
157.47486877441406 264.0902099609375 -1.687542200088501
157.43125915527344 262.0096740722656 -1.4959594011306763
157.43125915527344 262.0096740722656 -1.3043766021728516
157.43125915527344 262.0096740722656 -1.7043765783309937
157.35264587402344 259.93017578125 -1.512793779373169
157.35264587402344 259.93017578125 -1.3212109804153442
157.35264587402344 259.93017578125 -1.7212109565734863
157.23902893066406 257.852294921875 -1.5296281576156616
157.23902893066406 257.852294921875 -1.338045358657837
157.23902893066406 257.852294921875 -1.4337660074234009
157.23902893066406 257.852294921875 -1.2421832084655762
157.2390594482422 257.8520812988281 -1.6421616077423096
157.28988647460938 255.77171325683594 -1.4505788087844849
157.28988647460938 255.77171325683594 -1.2589960098266602
157.2899169921875 255.77149963378906 -1.6589744091033936
157.30575561523438 253.69058227539062 -1.4673916101455688
157.30575561523438 253.69058227539062 -1.2758088111877441
157.30577087402344 253.69036865234375 -1.6757872104644775
157.28662109375 251.60946655273438 -1.4842044115066528
157.28662109375 251.60946655273438 -1.2926216125488281
157.28663635253906 251.6092529296875 -1.6926000118255615
157.23251342773438 249.5289764404297 -1.5010172128677368
157.23251342773438 249.5289764404297 -1.309434413909912
157.23251342773438 249.5289764404297 -1.7094343900680542
157.14337158203125 247.4499053955078 -1.5178515911102295
157.45175170898438 245.3918914794922 -1.3262687921524048
157.45175170898438 245.3918914794922 -1.7262687683105469
157.32763671875 243.31460571289062 -1.5346859693527222
157.32763671875 243.31460571289062 -1.3431031703948975
157.32763671875 243.31460571289062 -1.4388238191604614
157.32763671875 243.31460571289062 -1.2472410202026367
157.32766723632812 243.31439208984375 -1.6472194194793701
157.3679656982422 241.23379516601562 -1.4556366205215454
157.3679656982422 241.23379516601562 -1.2640538215637207
157.3679962158203 241.23358154296875 -1.664032220840454
157.37332153320312 239.15260314941406 -1.4724494218826294
157.37332153320312 239.15260314941406 -1.2808666229248047
157.3733367919922 239.1523895263672 -1.680845022201538
157.3436737060547 237.0716094970703 -1.4892622232437134
157.3436737060547 237.0716094970703 -1.2976794242858887
157.3436737060547 237.0716094970703 -1.6976794004440308
157.2789764404297 234.99163818359375 -1.506096601486206
157.2789764404297 234.99163818359375 -1.3145138025283813
157.2789764404297 234.99163818359375 -1.7145137786865234
157.1792755126953 232.9130401611328 -1.5229309797286987
157.47718811035156 230.85348510742188 -1.331348180770874
157.47718811035156 230.85348510742188 -1.427068829536438
157.47718811035156 230.85348510742188 -1.2354860305786133
157.4772186279297 230.853271484375 -1.6354644298553467
157.4772186279297 230.853271484375 -1.443881630897522
157.4772186279297 230.853271484375 -1.2522988319396973
157.4772491455078 230.85305786132812 -1.6522772312164307
157.4772491455078 230.85305786132812 -1.460694432258606
157.4772491455078 230.85305786132812 -1.2691116333007812
157.4772491455078 230.85305786132812 -1.6691116094589233
157.4720001220703 228.77207946777344 -1.4775288105010986
157.4720001220703 228.77207946777344 -1.285946011543274
157.4720001220703 228.77207946777344 -1.685945987701416
157.4317169189453 226.6914825439453 -1.4943631887435913
157.4317169189453 226.6914825439453 -1.3027803897857666
157.4317169189453 226.6914825439453 -1.7027803659439087
157.35641479492188 224.6118621826172 -1.511197566986084
157.35641479492188 224.6118621826172 -1.3196508884429932
157.35641479492188 224.6118621826172 -1.4153715372085571
157.35641479492188 224.6118621826172 -1.511092185974121
157.45668029785156 221.21739196777344 -1.5714452266693115
157.30918884277344 218.17933654785156 -1.6671658754348755
156.87200927734375 215.16929626464844 -1.7628865242004395
156.14915466308594 212.21481323242188 -1.8586071729660034
155.14723205566406 209.3429412841797 -1.9543278217315674
153.8754119873047 206.57997131347656 -2.050048589706421
152.34535217285156 203.95120239257812 -2.1457693576812744
150.571044921875 201.48069763183594 -2.241490125656128
148.56875610351562 199.1910858154297 -2.3372108936309814
146.35679626464844 197.1033172607422 -2.432931661605835
143.95542907714844 195.2365264892578 -2.5286524295806885
142.3755645751953 193.882080078125 -2.3370697498321533
140.1638946533203 191.79400634765625 -2.432790517807007
137.76278686523438 189.92686462402344 -2.5285112857818604
135.19422912597656 188.29776000976562 -2.624232053756714
133.49232482910156 187.1002655029297 -2.4326493740081787
131.0914764404297 185.2327880859375 -2.5283701419830322
128.5231475830078 183.6033172607422 -2.6240909099578857
126.8214111328125 182.40557861328125 -2.4325082302093506
124.42082977294922 180.5377655029297 -2.528228998184204
121.85272216796875 178.90792846679688 -2.6239497661590576
119.1406021118164 177.531005859375 -2.719670534133911
117.33232116699219 176.5011444091797 -2.528087854385376
114.76444244384766 174.87095642089844 -2.6238086223602295
112.05252075195312 173.49365234375 -2.719529390335083
109.22137451171875 172.3818359375 -2.8152501583099365
107.32306671142578 171.52923583984375 -2.6236674785614014
104.61133575439453 170.15155029296875 -2.719388246536255
101.78034973144531 169.03933715820312 -2.8151090145111084
99.88216400146484 168.1864776611328 -2.6235263347625732
97.1706314086914 166.80841064453125 -2.7192471027374268
94.33979797363281 165.69580078125 -2.8149678707122803
91.41558837890625 164.8588409423828 -2.910688638687134
89.44467163085938 164.19102478027344 -2.7191059589385986
86.61399841308594 163.07801818847656 -2.814826726913452
83.68990325927734 162.2406463623047 -2.9105474948883057
81.71907806396484 161.5725555419922 -2.7189648151397705
78.88855743408203 160.4591522216797 -2.814685583114624
75.96458435058594 159.62136840820312 -2.9104063510894775
73.99385833740234 158.95298767089844 -2.7188236713409424
73.99385833740234 158.95298767089844 -3.118823766708374
71.92748260498047 158.70684814453125 -2.927241086959839
69.94578552246094 158.07174682617188 -2.7356584072113037
67.09707641601562 157.0057373046875 -2.8313791751861572
64.1595230102539 156.2168731689453 -2.9270999431610107
62.177913665771484 155.58148193359375 -2.7355172634124756
59.32935333251953 154.51507568359375 -2.831238031387329
59.32935333251953 154.51507568359375 -2.9269587993621826
59.32935333251953 154.51507568359375 -2.7353761196136475
59.32935333251953 154.51507568359375 -2.831109046936035
59.32935333251953 154.51507568359375 -2.9268298149108887
59.32935333251953 154.51507568359375 -2.7352471351623535
59.32935333251953 154.51507568359375 -2.830980062484741
59.32935333251953 154.51507568359375 -2.9267008304595947
59.32935333251953 154.51507568359375 -2.7351181507110596
59.32935333251953 154.51507568359375 -2.8308510780334473
59.32935333251953 154.51507568359375 -2.926571846008301
