-390.0
-390.0
-390.0
-390.0
-390.0
-390.0
-386.0593600282125
-382.11791663614554
-378.17576904193464
-374.2330499253319
-370.2898340252837
-366.3462603870444
-362.4024409771697
-358.4584608867112
-354.5144700738066
-350.5705920491474
-346.6269546024908
-342.68365954425576
-338.74087450794866
-334.74320690247106
-330.74481437331
-327.1542066698107
-327.1599745614777
-323.4274129723096
-319.6927158852542
-315.95596246768434
-312.2171713653218
-308.4763922873549
-304.73367561602464
-300.9890418053059
-297.2425729931375
-293.4943216555626
-289.7443107562906
-285.9925943756057
-282.2392278507882
-278.48426739802585
-274.7277705433037
-271.2836022840238
-267.8037459195869
-264.29262229965934
-260.7548427305009
-257.19519783468627
-257.20072596564313
-253.78156999729907
-250.36566974881038
-246.95430640335482
-243.5477586255593
-240.14635053105107
-236.75042194817377
-233.36029897108781
-229.97635644448366
-226.6597619072646
-223.27233499523135
-219.89195701206714
-216.78455950128193
-213.62027956716253
-210.21467131755242
-206.98185315535042
-206.98185315535042
-206.98185315535042
-206.98185315535042
-206.98185315535042
-206.98185315535042
-204.14056422086173
-204.14056422086173
-204.14056422086173
-204.14056422086173
-204.14056422086173
-204.14056422086173
-204.14056422086173
-204.14056422086173
-204.14056422086173
-204.14056422086173
-204.14056422086173
