60.0 450.0 1.1853982210159302
60.0 450.0 1.5853981971740723
60.0 450.0 1.9853981733322144
59.999996185302734 450.0 2.3853976726531982
59.999996185302734 450.0 2.78539776802063
59.999996185302734 450.0 -3.097787380218506
59.999996185302734 450.0 -2.697787284851074
59.90546417236328 449.929931640625 -2.309628486633301
57.21176528930664 446.972900390625 -2.309628486633301
54.51806640625 444.015869140625 -2.309628486633301
51.82436752319336 441.058837890625 -2.309628486633301
51.76337432861328 440.9581604003906 -1.9214725494384766
50.389286041259766 437.20166015625 -1.9214640855789185
49.01523208618164 433.4451599121094 -1.9214556217193604
47.64120864868164 429.68865966796875 -1.9214471578598022
46.267215728759766 425.93212890625 -1.9214386940002441
44.89325714111328 422.17559814453125 -1.921430230140686
44.89325714111328 422.17559814453125 -1.521430253982544
45.090641021728516 418.18048095703125 -1.521430253982544
45.28802490234375 414.18536376953125 -1.521430253982544
45.485408782958984 410.19024658203125 -1.521430253982544
45.68279266357422 406.19512939453125 -1.521430253982544
45.88017654418945 402.20001220703125 -1.521430253982544
46.07756042480469 398.20489501953125 -1.521430253982544
46.27494430541992 394.20977783203125 -1.521430253982544
46.472328186035156 390.21466064453125 -1.521430253982544
46.66971206665039 386.21954345703125 -1.521430253982544
46.867095947265625 382.22442626953125 -1.521430253982544
47.06447982788086 378.22930908203125 -1.521430253982544
47.261863708496094 374.23419189453125 -1.521430253982544
47.45924758911133 370.23907470703125 -1.521430253982544
47.65663146972656 366.24395751953125 -1.521430253982544
47.8540153503418 362.24884033203125 -1.521430253982544
48.05139923095703 358.25372314453125 -1.521430253982544
48.05155944824219 358.2530822753906 -1.1214959621429443
48.05155944824219 358.2530822753906 -0.7214959859848022
48.05155944824219 358.2530822753906 -0.32149598002433777
48.16827392578125 358.2381286621094 0.06666293740272522
52.159305572509766 358.5046081542969 0.06667136400938034
52.15937805175781 358.504638671875 0.46666377782821655
55.731590270996094 360.30426025390625 0.46667221188545227
59.30379104614258 362.1039123535156 0.466680645942688
59.30379104614258 362.1039123535156 0.8666806221008301
59.30379104614258 362.1039123535156 1.2666805982589722
59.30379104614258 362.1039123535156 1.6666805744171143
59.30379104614258 362.1039123535156 2.066680669784546
59.30378723144531 362.1039123535156 2.4666800498962402
59.30378723144531 362.1039123535156 2.866680145263672
59.30378723144531 362.1039123535156 -3.016505002975464
59.30378723144531 362.1039123535156 -2.6165049076080322
59.21525955200195 362.0263977050781 -2.2283458709716797
56.77054214477539 358.8604431152344 -2.2283458709716797
54.32582473754883 355.6944885253906 -2.2283458709716797
51.881107330322266 352.5285339355469 -2.2283458709716797
49.4363899230957 349.3625793457031 -2.2283458709716797
46.99167251586914 346.1966247558594 -2.2283458709716797
44.54695510864258 343.0306701660156 -2.2283458709716797
42.102237701416016 339.8647155761719 -2.2283458709716797
39.65752029418945 336.6987609863281 -2.2283458709716797
37.21280288696289 333.5328063964844 -2.2283458709716797
34.76808547973633 330.3668518066406 -2.2283458709716797
32.323368072509766 327.2008972167969 -2.2283458709716797
29.878650665283203 324.0349426269531 -2.2283458709716797
27.43393325805664 320.8689880371094 -2.2283458709716797
27.381330490112305 320.76373291015625 -1.8401864767074585
27.381330490112305 320.76373291015625 -1.4401865005493164
27.902286529541016 316.79779052734375 -1.4401865005493164
28.423242568969727 312.83184814453125 -1.4401865005493164
28.944198608398438 308.86590576171875 -1.4401865005493164
28.944198608398438 308.86590576171875 -1.0401865243911743
28.944198608398438 308.86590576171875 -0.6401865482330322
28.944198608398438 308.86590576171875 -0.24018654227256775
29.061742782592773 308.8604736328125 0.14797237515449524
29.061742782592773 308.8604736328125 0.5479723811149597
29.061742782592773 308.8604736328125 0.9479724168777466
31.395004272460938 312.1093444824219 0.9479808211326599
33.72823715209961 315.3582458496094 0.9479892253875732
36.06144332885742 318.607177734375 0.9479976296424866
38.394622802734375 321.8561096191406 0.9480060338973999
40.72777557373047 325.1050720214844 0.9480144381523132
43.0609016418457 328.3540344238281 0.9480228424072266
45.39400100708008 331.60302734375 0.9480312466621399
47.727073669433594 334.85205078125 0.9480396509170532
50.060115814208984 338.10107421875 0.9480480551719666
52.393131256103516 341.3501281738281 0.9480564594268799
54.72611999511719 344.5992126464844 0.9480648636817932
54.72611999511719 344.5992126464844 1.34806489944458
54.72611999511719 344.5992126464844 1.7480648756027222
54.72611999511719 344.5992126464844 2.148064374923706
54.72611999511719 344.5992126464844 2.5480644702911377
54.72611999511719 344.5992126464844 2.9480645656585693
54.72611999511719 344.5992126464844 -2.9351205825805664
54.61776351928711 344.5533447265625 -2.546961784362793
54.53483581542969 344.4698791503906 -2.1588029861450195
52.31602096557617 341.1416931152344 -2.1588029861450195
50.097206115722656 337.8135070800781 -2.1588029861450195
47.87839126586914 334.4853210449219 -2.1588029861450195
45.659576416015625 331.1571350097656 -2.1588029861450195
43.44076156616211 327.8289489746094 -2.1588029861450195
41.221946716308594 324.5007629394531 -2.1588029861450195
39.00313186645508 321.1725769042969 -2.1588029861450195
36.78431701660156 317.8443908691406 -2.1588029861450195
34.56550216674805 314.5162048339844 -2.1588029861450195
32.34668731689453 311.1880187988281 -2.1588029861450195
30.127872467041016 307.8598327636719 -2.1588029861450195
27.9090576171875 304.5316467285156 -2.1588029861450195
25.690242767333984 301.2034606933594 -2.1588029861450195
23.47142791748047 297.8752746582031 -2.1588029861450195
21.252613067626953 294.5470886230469 -2.1588029861450195
19.033859252929688 291.2189636230469 -2.158794641494751
19.033859252929688 291.2189636230469 -1.7587946653366089
18.310707092285156 287.3501892089844 -1.752373456954956
17.612411499023438 283.4768371582031 -1.7459522485733032
17.612411499023438 283.4768371582031 -1.3459522724151611
18.504228591918945 279.5775146484375 -1.3459522724151611
19.396045684814453 275.6781921386719 -1.3459522724151611
20.287677764892578 271.7855529785156 -1.345298171043396
20.287677764892578 271.7855529785156 -0.9452981948852539
20.287677764892578 271.7855529785156 -0.5452982187271118
20.287677764892578 271.7855529785156 -0.14529821276664734
20.40520668029785 271.7912902832031 0.24286076426506042
20.40520668029785 271.7912902832031 0.6428607702255249
20.40520668029785 271.7912902832031 1.042860746383667
22.376934051513672 275.19757080078125 1.0492819547653198
24.32674789428711 278.6164245605469 1.0557031631469727
26.25457000732422 282.0477294921875 1.0621243715286255
26.25457000732422 282.0477294921875 1.4621243476867676
26.68840217590332 286.0241394042969 1.4621243476867676
27.120885848999023 289.99627685546875 1.4625635147094727
27.120885848999023 289.99627685546875 1.8625630140304565
27.120885848999023 289.99627685546875 2.2625629901885986
27.120885848999023 289.99627685546875 2.6625630855560303
27.120885848999023 289.99627685546875 3.062563180923462
27.120885848999023 289.99627685546875 -2.820621967315674
27.018482208251953 289.9383239746094 -2.4324631690979004
26.945634841918945 289.8459167480469 -2.044304370880127
25.12158966064453 286.2860107421875 -2.044304370880127
23.297544479370117 282.7261047363281 -2.044304370880127
21.473499298095703 279.16619873046875 -2.044304370880127
19.64945411682129 275.6062927246094 -2.044304370880127
17.825408935546875 272.04638671875 -2.044304370880127
17.825408935546875 272.04638671875 -2.0442967414855957
17.771501541137695 271.86114501953125 -1.6637053489685059
17.400400161743164 267.8783874511719 -1.6637053489685059
17.029298782348633 263.8956298828125 -1.6637053489685059
16.6581974029541 259.9128723144531 -1.6637053489685059
16.6581974029541 259.9128723144531 -1.6637053489685059
16.6581974029541 259.9128723144531 -1.6637053489685059
16.6581974029541 259.9128723144531 -1.6637053489685059
16.6581974029541 259.9128723144531 -1.6637053489685059
16.6581974029541 259.9128723144531 -1.6637053489685059
16.6581974029541 259.9128723144531 -1.6637053489685059
16.6581974029541 259.9128723144531 -1.6637053489685059
16.6581974029541 259.9128723144531 -1.6637053489685059
16.6581974029541 259.9128723144531 -1.6637053489685059
16.6581974029541 259.9128723144531 -1.6637053489685059
