60.7346305847168 450.5368347167969 0.4767482578754425
61.597625732421875 450.82513427734375 0.1680983304977417
62.50741958618164 450.8376770019531 -0.1405515968799591
63.37802505493164 450.5732421875 -0.4492015242576599
64.12716674804688 450.0568542480469 -0.7578514814376831
64.68403625488281 449.3372802734375 -1.0665013790130615
64.99600982666016 448.4825439453125 -1.37515127658844
65.0335922241211 447.5734558105469 -1.6838011741638184
64.61688995361328 443.7081604003906 -1.6725729703903198
64.24361419677734 439.8384094238281 -1.6613447666168213
63.91381072998047 435.9647216796875 -1.6501165628433228
63.62752151489258 432.08758544921875 -1.6388883590698242
63.38478469848633 428.20745849609375 -1.6276601552963257
63.18562698364258 424.3248596191406 -1.6164319515228271
63.03007888793945 420.4402770996094 -1.6052037477493286
62.918155670166016 416.55419921875 -1.59397554397583
62.84987258911133 412.6671142578125 -1.5827473402023315
62.82523727416992 408.77947998046875 -1.571519136428833
62.84425354003906 404.8918151855469 -1.5602909326553345
62.906917572021484 401.0046081542969 -1.549062728881836
63.01322555541992 397.1183776855469 -1.5378345251083374
63.16315841674805 393.23358154296875 -1.5266063213348389
63.33845138549805 389.24322509765625 -1.5271856784820557
63.52974319458008 385.3602294921875 -1.5159579515457153
63.45577621459961 388.704345703125 -1.5814039707183838
63.600669860839844 392.046142578125 -1.6468499898910522
63.963802337646484 395.3713073730469 -1.7122960090637207
63.7050895690918 394.5263977050781 -2.023576498031616
63.186012268066406 393.77911376953125 -2.332226514816284
60.519508361816406 390.9499816894531 -2.320998430252075
57.88493728637695 388.0910949707031 -2.309770345687866
55.282630920410156 385.20281982421875 -2.2985422611236572
52.71291732788086 382.2854919433594 -2.2873141765594482
50.17612075805664 379.3395080566406 -2.2760860919952393
47.67256164550781 376.365234375 -2.2648580074310303
45.20255661010742 373.363037109375 -2.2536299228668213
42.766414642333984 370.3332824707031 -2.2424018383026123
40.364444732666016 367.2763671875 -2.2311737537384033
42.8181037902832 370.4354248046875 -2.2311737537384033
40.45060729980469 367.35174560546875 -2.2199456691741943
42.86864471435547 370.53814697265625 -2.2199456691741943
40.535919189453125 367.4280700683594 -2.2087175846099854
38.23826217651367 364.2919921875 -2.1974895000457764
35.97595977783203 361.13031005859375 -2.1862614154815674
38.28531265258789 364.3963317871094 -2.1862614154815674
36.058650970458984 361.2094421386719 -2.1750333309173584
38.3311882019043 364.5011901855469 -2.1750333309173584
36.14044952392578 361.2895202636719 -2.1638052463531494
38.375885009765625 364.6065673828125 -2.1638052463531494
36.221343994140625 361.3704833984375 -2.1525771617889404
34.103275299072266 358.11041259765625 -2.1413490772247314
36.26366424560547 361.4768371582031 -2.1413490772247314
34.18233108520508 358.1932067871094 -2.1301209926605225
32.137996673583984 354.88641357421875 -2.1188929080963135
34.222251892089844 358.30047607421875 -2.1188929080963135
32.21517562866211 354.970947265625 -2.1076648235321045
30.245609283447266 351.61907958984375 -2.0964367389678955
32.25267791748047 355.0791015625 -2.0964367389678955
30.32086944580078 351.705322265625 -2.0852086544036865
32.288963317871094 355.1876525878906 -2.0852086544036865
30.395156860351562 351.79241943359375 -2.0739805698394775
32.32402801513672 355.296630859375 -2.0739805698394775
30.468461990356445 351.8803405761719 -2.0627524852752686
28.651371002197266 348.44342041015625 -2.0515244007110596
30.501070022583008 351.99005126953125 -2.0515244007110596
28.72268295288086 348.532958984375 -2.0402963161468506
26.98322296142578 345.0561218261719 -2.0290682315826416
28.752819061279297 348.6434020996094 -2.0290682315826416
27.052507400512695 345.1472473144531 -2.0178401470184326
28.781715393066406 348.754150390625 -2.0178401470184326
27.120763778686523 345.2391357421875 -2.0066120624542236
28.809364318847656 348.865234375 -2.0066120624542236
27.187984466552734 345.331787109375 -1.995383858680725
25.608016967773438 341.7826843261719 -1.9838753938674927
24.0673885345459 338.2132873535156 -1.9726471900939941
25.631877899169922 341.8946533203125 -1.9726471900939941
24.131423950195312 338.30816650390625 -1.9614189863204956
24.138277053833008 338.3433532714844 -1.5650262832641602
24.161357879638672 334.3434143066406 -1.5650262832641602
24.184438705444336 330.3434753417969 -1.5650262832641602
24.20751953125 326.3435363769531 -1.5650262832641602
24.230600357055664 322.3435974121094 -1.5650262832641602
24.253681182861328 318.3436584472656 -1.5650262832641602
24.276762008666992 314.3437194824219 -1.5650262832641602
24.299842834472656 310.3437805175781 -1.5650262832641602
24.344100952148438 306.4563293457031 -1.5537980794906616
24.432003021240234 302.5696105957031 -1.542569875717163
24.563539505004883 298.68414306640625 -1.5313416719436646
24.45924949645996 297.7802429199219 -1.839990258216858
23.395431518554688 293.9242858886719 -1.839990258216858
22.331613540649414 290.0683288574219 -1.839990258216858
21.26779556274414 286.2123718261719 -1.839990258216858
20.203977584838867 282.3564147949219 -1.839990258216858
19.140159606933594 278.5004577636719 -1.839990258216858
18.07634162902832 274.6445007324219 -1.839990258216858
17.012523651123047 270.7885437011719 -1.839990258216858
17.012523651123047 270.7885437011719 -1.839990258216858
17.012523651123047 270.7885437011719 -1.839990258216858
17.012523651123047 270.7885437011719 -1.839990258216858
17.012523651123047 270.7885437011719 -1.839990258216858
17.012523651123047 270.7885437011719 -1.839990258216858
17.012523651123047 270.7885437011719 -1.839990258216858
17.012523651123047 270.7885437011719 -1.839990258216858
17.012523651123047 270.7885437011719 -1.839990258216858
17.012523651123047 270.7885437011719 -1.839990258216858
17.012523651123047 270.7885437011719 -1.839990258216858
