60.000572204589844 450.0008544921875 1.1852936744689941
60.000762939453125 450.0018615722656 1.5851891040802002
60.000762939453125 450.0018615722656 1.9851890802383423
60.00065994262695 450.00201416015625 2.385171413421631
60.00065994262695 450.00201416015625 2.7851715087890625
60.00065994262695 450.00201416015625 -3.0980136394500732
60.00065994262695 450.00201416015625 -2.6980135440826416
59.99982833862305 450.00140380859375 -2.2981181144714355
57.3403434753418 447.0135803222656 -2.2981181144714355
54.68085861206055 444.0257568359375 -2.2981181144714355
52.0213737487793 441.0379333496094 -2.2981181144714355
52.020851135253906 441.03704833984375 -1.8982226848602295
50.73727798461914 437.2544860839844 -1.8976632356643677
49.4558219909668 433.4712219238281 -1.8971037864685059
48.176483154296875 429.6872253417969 -1.896544337272644
46.899261474609375 425.90252685546875 -1.8959848880767822
45.6241569519043 422.1170959472656 -1.8954254388809204
44.351253509521484 418.33111572265625 -1.8948497772216797
43.19367218017578 414.746826171875 -1.8715152740478516
43.19367218017578 414.746826171875 -1.4715152978897095
43.590145111083984 410.7665100097656 -1.4715152978897095
43.98661804199219 406.78619384765625 -1.4715152978897095
44.38309097290039 402.8058776855469 -1.4715152978897095
44.779563903808594 398.8255615234375 -1.4715152978897095
45.1760368347168 394.8452453613281 -1.4715152978897095
45.572509765625 390.86492919921875 -1.4715152978897095
45.9689826965332 386.8846130371094 -1.4715152978897095
46.365455627441406 382.904296875 -1.4715152978897095
46.76192855834961 378.9239807128906 -1.4715152978897095
47.15840148925781 374.94366455078125 -1.4715152978897095
47.554874420166016 370.9633483886719 -1.4715152978897095
47.95134735107422 366.9830322265625 -1.4715152978897095
48.34782028198242 363.0027160644531 -1.4715152978897095
48.779296875 359.4841613769531 -1.4260375499725342
48.779296875 359.4841613769531 -1.026037573814392
48.779296875 359.4841613769531 -0.62603759765625
48.780242919921875 359.4837341308594 -0.22614210844039917
48.781280517578125 359.48370361328125 0.17375338077545166
52.71534729003906 360.17535400390625 0.1743128001689911
52.71534729003906 360.17535400390625 0.5743128061294556
56.073612213134766 362.348388671875 0.5743128061294556
56.07435607910156 362.34912109375 0.9742082953453064
56.07475662231445 362.3500671386719 1.3741037845611572
56.07475280761719 362.3511047363281 1.7739992141723633
56.074684143066406 362.35125732421875 2.1739816665649414
56.074684143066406 362.35125732421875 2.573981761932373
56.074684143066406 362.35125732421875 2.9739818572998047
56.074684143066406 362.35125732421875 -2.909203290939331
56.0737419128418 362.350830078125 -2.509307861328125
56.07304382324219 362.3500671386719 -2.109412431716919
54.02124786376953 358.9163818359375 -2.109412431716919
51.969451904296875 355.4826965332031 -2.109412431716919
49.91765594482422 352.04901123046875 -2.109412431716919
47.86585998535156 348.6153259277344 -2.109412431716919
45.814064025878906 345.181640625 -2.109412431716919
43.76226806640625 341.7479553222656 -2.109412431716919
41.710472106933594 338.31427001953125 -2.109412431716919
39.65867614746094 334.8805847167969 -2.109412431716919
37.60688018798828 331.4468994140625 -2.109412431716919
35.555084228515625 328.0132141113281 -2.109412431716919
33.50328826904297 324.57952880859375 -2.109412431716919
31.451494216918945 321.1458435058594 -2.109412431716919
29.399700164794922 317.712158203125 -2.109412431716919
27.3479061126709 314.2784729003906 -2.109412431716919
25.296112060546875 310.84478759765625 -2.109412431716919
23.24431800842285 307.4111022949219 -2.109412431716919
21.196353912353516 303.9816589355469 -2.1088531017303467
19.150306701660156 300.5510559082031 -2.1082937717437744
19.150306701660156 300.5510559082031 -1.7082937955856323
19.086219787597656 298.6363525390625 -1.5002162456512451
19.086219787597656 298.6363525390625 -1.100216269493103
19.086864471435547 298.6355285644531 -0.7003207802772522
19.086864471435547 298.6355285644531 -0.3003207743167877
19.08789825439453 298.63543701171875 0.09957471489906311
19.088890075683594 298.6357421875 0.49947020411491394
22.594789505004883 300.5498962402344 0.5000296235084534
26.09961700439453 302.46600341796875 0.5005890130996704
29.60337257385254 304.3840637207031 0.5011484026908875
33.106056213378906 306.3040771484375 0.5017077922821045
36.607666015625 308.22607421875 0.5022671818733215
40.10819625854492 310.1500244140625 0.5028268098831177
40.391719818115234 310.3813781738281 0.8660306334495544
40.391719818115234 310.3813781738281 1.2660306692123413
41.59199905395508 314.1970520019531 1.2660306692123413
42.79227828979492 318.0127258300781 1.2660306692123413
43.992557525634766 321.8283996582031 1.2660306692123413
43.992557525634766 321.8283996582031 1.6660306453704834
43.99250793457031 321.8285827636719 2.0660130977630615
43.99250793457031 321.8285827636719 2.466013193130493
43.99250793457031 321.8285827636719 2.866013288497925
43.99250793457031 321.8285827636719 -3.017171859741211
43.99250793457031 321.8285827636719 -2.6171717643737793
43.991729736328125 321.827880859375 -2.2172763347625732
41.58220672607422 318.6350402832031 -2.2172763347625732
39.17268371582031 315.44219970703125 -2.2172763347625732
36.763160705566406 312.2493591308594 -2.2172763347625732
34.3536376953125 309.0565185546875 -2.2172763347625732
31.944116592407227 305.8636779785156 -2.2172763347625732
29.534595489501953 302.67083740234375 -2.2172763347625732
27.12507438659668 299.4779968261719 -2.2172763347625732
24.715553283691406 296.28515625 -2.2172763347625732
22.306032180786133 293.0923156738281 -2.2172763347625732
22.29854393005371 293.07672119140625 -1.819019079208374
22.023277282714844 291.18084716796875 -1.6109415292739868
21.86273956298828 287.18408203125 -1.6109415292739868
21.70220184326172 283.18731689453125 -1.6109415292739868
21.541664123535156 279.1905517578125 -1.6109415292739868
21.381126403808594 275.19378662109375 -1.6109415292739868
21.22058868408203 271.197021484375 -1.6109415292739868
21.22058868408203 271.197021484375 -1.2109416723251343
21.22058868408203 271.197021484375 -0.8109416961669922
21.22058868408203 271.197021484375 -0.4109416902065277
21.22160530090332 271.1968078613281 -0.01104620099067688
21.22160530090332 271.1968078613281 0.3889538049697876
21.22160530090332 271.1968078613281 0.7889537811279297
21.22160530090332 271.1968078613281 1.1889537572860718
21.22160530090332 271.1968078613281 1.5889537334442139
21.221567153930664 271.1969909667969 1.9889360666275024
21.221567153930664 271.1969909667969 2.3889360427856445
21.221567153930664 271.1969909667969 2.788936138153076
21.221567153930664 271.1969909667969 -3.0942490100860596
21.221567153930664 271.1969909667969 -2.694248914718628
21.220739364624023 271.19635009765625 -2.294353485107422
18.572521209716797 268.1985168457031 -2.294353485107422
18.57146453857422 268.1966857910156 -1.894566297531128
17.298892974853516 264.4045104980469 -1.894566297531128
17.298892974853516 264.4045104980469 -1.894566297531128
17.244718551635742 264.0279846191406 -1.532815933227539
17.396604537963867 260.0308837890625 -1.532815933227539
17.396604537963867 260.0308837890625 -1.532815933227539
17.396759033203125 260.0302429199219 -1.1328818798065186
17.396759033203125 260.0302429199219 -0.7328819036483765
17.396759033203125 260.0302429199219 -0.332881897687912
17.397789001464844 260.03009033203125 0.06701359152793884
17.397789001464844 260.03009033203125 0.4670135974884033
17.397789001464844 260.03009033203125 0.8670135736465454
17.397789001464844 260.03009033203125 1.2670135498046875
17.397789001464844 260.03009033203125 1.6670135259628296
17.397737503051758 260.0302429199219 2.066995859146118
17.397737503051758 260.0302429199219 2.46699595451355
17.397737503051758 260.0302429199219 2.8669960498809814
17.397737503051758 260.0302429199219 -3.0161890983581543
17.397737503051758 260.0302429199219 -2.6161890029907227
17.39695930480957 260.029541015625 -2.2162935733795166
17.39695930480957 260.029541015625 -2.2162935733795166
17.39695930480957 260.029541015625 -2.2162935733795166
17.39695930480957 260.029541015625 -2.2162935733795166
17.39695930480957 260.029541015625 -2.2162935733795166
17.39695930480957 260.029541015625 -2.2162935733795166
17.39695930480957 260.029541015625 -2.2162935733795166
17.39695930480957 260.029541015625 -2.2162935733795166
17.39695930480957 260.029541015625 -2.2162935733795166
17.39695930480957 260.029541015625 -2.2162935733795166
17.39695930480957 260.029541015625 -2.2162935733795166
