60.0 450.0 1.1853982210159302
60.0 450.0 1.5853981971740723
60.0 450.0 1.9853981733322144
59.999996185302734 450.0 2.3853976726531982
59.999996185302734 450.0 2.78539776802063
59.999996185302734 450.0 -3.097787380218506
59.999996185302734 450.0 -2.697787284851074
59.899227142333984 449.92535400390625 -2.310405731201172
57.20322799682617 446.9704284667969 -2.310405731201172
54.50722885131836 444.0155029296875 -2.310405731201172
51.81122970581055 441.0605773925781 -2.310405731201172
51.7461051940918 440.953369140625 -1.9230273962020874
50.36617660522461 437.1990051269531 -1.923019528388977
48.98627853393555 433.44464111328125 -1.9230116605758667
47.606407165527344 429.6902770996094 -1.9230037927627563
46.226566314697266 425.9358825683594 -1.922995924949646
44.84675598144531 422.1814880371094 -1.9229880571365356
44.84675598144531 422.1814880371094 -1.5229880809783936
45.03791427612305 418.1860656738281 -1.5229880809783936
45.22907257080078 414.1906433105469 -1.5229880809783936
45.420230865478516 410.1952209472656 -1.5229880809783936
45.61138916015625 406.1997985839844 -1.5229880809783936
45.802547454833984 402.2043762207031 -1.5229880809783936
45.99370574951172 398.2089538574219 -1.5229880809783936
46.18486404418945 394.2135314941406 -1.5229880809783936
46.37602233886719 390.2181091308594 -1.5229880809783936
46.56718063354492 386.2226867675781 -1.5229880809783936
46.758338928222656 382.2272644042969 -1.5229880809783936
46.94949722290039 378.2318420410156 -1.5229880809783936
47.140655517578125 374.2364196777344 -1.5229880809783936
47.33181381225586 370.2409973144531 -1.5229880809783936
47.522972106933594 366.2455749511719 -1.5229880809783936
47.71413040161133 362.2501525878906 -1.5229880809783936
47.90528869628906 358.2547302246094 -1.5229880809783936
48.102622985839844 354.30084228515625 -1.5188696384429932
48.102622985839844 354.30084228515625 -1.1188701391220093
48.102622985839844 354.30084228515625 -0.7188701629638672
48.102622985839844 354.30084228515625 -0.3188701570034027
48.2270393371582 354.2851867675781 0.06851145625114441
52.21757507324219 354.55902099609375 0.06851934641599655
52.21757507324219 354.55902099609375 0.4685193598270416
52.21757507324219 354.55902099609375 0.8685193657875061
52.21757507324219 354.55902099609375 1.268519401550293
52.21757507324219 354.55902099609375 1.668519377708435
52.21757507324219 354.55902099609375 2.068518877029419
52.21757507324219 354.55902099609375 2.4685189723968506
52.21757507324219 354.55902099609375 2.8685190677642822
52.21757507324219 354.55902099609375 -3.0146660804748535
52.21757507324219 354.55902099609375 -2.614665985107422
52.12335205078125 354.4762878417969 -2.2272844314575195
49.68199920654297 351.3077392578125 -2.2272844314575195
47.24064636230469 348.1391906738281 -2.2272844314575195
44.799293518066406 344.97064208984375 -2.2272844314575195
42.357940673828125 341.8020935058594 -2.2272844314575195
39.916587829589844 338.633544921875 -2.2272844314575195
37.47523498535156 335.4649963378906 -2.2272844314575195
35.03388214111328 332.29644775390625 -2.2272844314575195
32.592529296875 329.1278991699219 -2.2272844314575195
30.151174545288086 325.9593505859375 -2.2272844314575195
27.709819793701172 322.7908020019531 -2.2272844314575195
27.65383529663086 322.6785888671875 -1.8399029970169067
27.65383529663086 322.6785888671875 -1.4399030208587646
28.175914764404297 318.7127990722656 -1.4399030208587646
28.697994232177734 314.74700927734375 -1.4399030208587646
29.220073699951172 310.7812194824219 -1.4399030208587646
29.74215316772461 306.8154296875 -1.4399030208587646
29.74215316772461 306.8154296875 -1.0399030447006226
29.74215316772461 306.8154296875 -0.6399030685424805
29.74215316772461 306.8154296875 -0.239903062582016
29.867416381835938 306.80963134765625 0.14747855067253113
29.867416381835938 306.80963134765625 0.5474785566329956
29.867416381835938 306.80963134765625 0.9474785327911377
32.20225524902344 310.0573425292969 0.9474904537200928
32.20225524902344 310.0573425292969 1.3474904298782349
32.20225524902344 310.0573425292969 1.7474899291992188
32.20225524902344 310.0573425292969 2.147489309310913
32.20225524902344 310.0573425292969 2.5474894046783447
32.20225524902344 310.0573425292969 2.9474895000457764
32.20225524902344 310.0573425292969 -2.9356956481933594
32.08673858642578 310.008544921875 -2.548314094543457
31.99820899963379 309.91973876953125 -2.1609325408935547
29.77231216430664 306.5962829589844 -2.1609325408935547
27.546415328979492 303.2728271484375 -2.1609325408935547
25.320518493652344 299.9493713378906 -2.1609325408935547
23.094621658325195 296.62591552734375 -2.1609325408935547
20.868724822998047 293.3024597167969 -2.1609325408935547
18.643213272094727 289.9793701171875 -2.160879373550415
18.643213272094727 289.9793701171875 -1.760879397392273
17.91047477722168 286.1083068847656 -1.7548596858978271
17.201051712036133 282.23291015625 -1.7488399744033813
17.201051712036133 282.23291015625 -1.3488399982452393
18.081605911254883 278.3310241699219 -1.3488399982452393
18.962160110473633 274.42913818359375 -1.3488399982452393
18.962160110473633 274.42913818359375 -0.9488400220870972
18.962160110473633 274.42913818359375 -0.5488400459289551
18.962160110473633 274.42913818359375 -0.1488400399684906
19.087430953979492 274.43475341796875 0.23854157328605652
19.087430953979492 274.43475341796875 0.638541579246521
19.087430953979492 274.43475341796875 1.038541555404663
19.087430953979492 274.43475341796875 1.4385415315628052
18.772109985351562 271.1700439453125 1.5104795694351196
18.692258834838867 267.89111328125 1.582417607307434
18.692256927490234 267.89111328125 1.982417106628418
18.692256927490234 267.89111328125 2.3824172019958496
18.692256927490234 267.89111328125 2.7824172973632812
18.692256927490234 267.89111328125 -3.1007678508758545
18.692256927490234 267.89111328125 -2.700767755508423
18.591266632080078 267.8167724609375 -2.3133862018585205
18.506729125976562 267.6791076660156 -1.929640531539917
18.506729125976562 267.6791076660156 -1.529640555381775
18.671306610107422 263.6824951171875 -1.529640555381775
18.83588409423828 259.6858825683594 -1.529640555381775
18.83588409423828 259.6858825683594 -1.1296405792236328
18.83588409423828 259.6858825683594 -0.7296406030654907
18.83588409423828 259.6858825683594 -0.32964059710502625
18.960124969482422 259.66888427734375 0.057741016149520874
18.960124969482422 259.66888427734375 0.45774102210998535
18.960124969482422 259.66888427734375 0.8577409982681274
18.960124969482422 259.66888427734375 1.2577409744262695
18.960124969482422 259.66888427734375 1.6577409505844116
18.96012306213379 259.66888427734375 2.0577404499053955
18.96012306213379 259.66888427734375 2.457740545272827
18.96012306213379 259.66888427734375 2.857740640640259
18.96012306213379 259.66888427734375 -3.025444507598877
18.96012306213379 259.66888427734375 -2.6254444122314453
18.865013122558594 259.587158203125 -2.238062858581543
18.865013122558594 259.587158203125 -2.238062858581543
18.865013122558594 259.587158203125 -2.238062858581543
18.865013122558594 259.587158203125 -2.238062858581543
18.865013122558594 259.587158203125 -2.238062858581543
18.865013122558594 259.587158203125 -2.238062858581543
18.865013122558594 259.587158203125 -2.238062858581543
18.865013122558594 259.587158203125 -2.238062858581543
18.865013122558594 259.587158203125 -2.238062858581543
18.865013122558594 259.587158203125 -2.238062858581543
18.865013122558594 259.587158203125 -2.238062858581543
