60.0 450.0 1.1853982210159302
60.0 450.0 1.5853981971740723
60.0 450.0 1.9853981733322144
59.999996185302734 450.0 2.3853976726531982
59.999996185302734 450.0 2.78539776802063
59.999996185302734 450.0 -3.097787380218506
59.999996185302734 450.0 -2.697787284851074
59.899192810058594 449.92535400390625 -2.310410261154175
57.203182220458984 446.9704284667969 -2.310410261154175
54.507171630859375 444.0155029296875 -2.310410261154175
51.811161041259766 441.0605773925781 -2.310410261154175
51.74601364135742 440.9533386230469 -1.9230364561080933
50.366050720214844 437.1990051269531 -1.923028588294983
48.98611831665039 433.44464111328125 -1.9230207204818726
47.6062126159668 429.6902770996094 -1.9230128526687622
46.22633743286133 425.9359130859375 -1.9230049848556519
44.846492767333984 422.1815185546875 -1.9229971170425415
44.846492767333984 422.1815185546875 -1.5229971408843994
45.03761672973633 418.18609619140625 -1.5229971408843994
45.22874069213867 414.190673828125 -1.5229971408843994
45.419864654541016 410.19525146484375 -1.5229971408843994
45.61098861694336 406.1998291015625 -1.5229971408843994
45.8021125793457 402.20440673828125 -1.5229971408843994
45.99323654174805 398.208984375 -1.5229971408843994
46.18436050415039 394.21356201171875 -1.5229971408843994
46.375484466552734 390.2181396484375 -1.5229971408843994
46.56660842895508 386.22271728515625 -1.5229971408843994
46.75773239135742 382.227294921875 -1.5229971408843994
46.948856353759766 378.23187255859375 -1.5229971408843994
47.13998031616211 374.2364501953125 -1.5229971408843994
47.33110427856445 370.24102783203125 -1.5229971408843994
47.5222282409668 366.24560546875 -1.5229971408843994
47.71335220336914 362.25018310546875 -1.5229971408843994
47.904476165771484 358.2547607421875 -1.5229971408843994
48.102317810058594 354.3045654296875 -1.51851224899292
48.102317810058594 354.3045654296875 -1.118512749671936
48.102317810058594 354.3045654296875 -0.718512773513794
48.102317810058594 354.3045654296875 -0.31851276755332947
48.226783752441406 354.2889404296875 0.06886431574821472
52.21722412109375 354.5641784667969 0.06887220591306686
52.21722412109375 354.5641784667969 0.46887221932411194
52.21722412109375 354.5641784667969 0.8688722252845764
52.21722412109375 354.5641784667969 1.2688722610473633
52.21722412109375 354.5641784667969 1.6688722372055054
52.21722412109375 354.5641784667969 2.0688717365264893
52.21722412109375 354.5641784667969 2.468871831893921
52.21722412109375 354.5641784667969 2.8688719272613525
52.21722412109375 354.5641784667969 -3.014313220977783
52.21722412109375 354.5641784667969 -2.6143131256103516
52.12299728393555 354.48138427734375 -2.226936101913452
49.68274688720703 351.3119812011719 -2.226936101913452
47.242496490478516 348.142578125 -2.226936101913452
44.80224609375 344.9731750488281 -2.226936101913452
42.361995697021484 341.80377197265625 -2.226936101913452
39.92174530029297 338.6343688964844 -2.226936101913452
37.48149490356445 335.4649658203125 -2.226936101913452
35.04124450683594 332.2955627441406 -2.226936101913452
32.60099411010742 329.12615966796875 -2.226936101913452
30.160743713378906 325.9567565917969 -2.226936101913452
27.72049331665039 322.787353515625 -2.226936101913452
27.664527893066406 322.6750793457031 -1.8395591974258423
27.664527893066406 322.6750793457031 -1.4395592212677002
28.187971115112305 318.70947265625 -1.4395592212677002
28.711414337158203 314.7438659667969 -1.4395592212677002
29.2348575592041 310.77825927734375 -1.4395592212677002
29.75830078125 306.8126525878906 -1.4395592212677002
29.75830078125 306.8126525878906 -1.039559245109558
29.75830078125 306.8126525878906 -0.639559268951416
29.75830078125 306.8126525878906 -0.23955926299095154
29.883609771728516 306.8069152832031 0.14781782031059265
29.883609771728516 306.8069152832031 0.5478178262710571
29.883609771728516 306.8069152832031 0.9478178024291992
32.217323303222656 310.0553894042969 0.9478328227996826
32.217323303222656 310.0553894042969 1.3478327989578247
32.217323303222656 310.0553894042969 1.7478322982788086
32.217323303222656 310.0553894042969 2.147831678390503
32.217323303222656 310.0553894042969 2.5478317737579346
32.217323303222656 310.0553894042969 2.947831869125366
32.217323303222656 310.0553894042969 -2.9353532791137695
32.10177993774414 310.0065612792969 -2.54797625541687
32.013248443603516 309.9176940917969 -2.1605992317199707
29.78845977783203 306.593505859375 -2.1605992317199707
27.563671112060547 303.2693176269531 -2.1605992317199707
25.338882446289062 299.94512939453125 -2.1605992317199707
23.114093780517578 296.6209411621094 -2.1605992317199707
20.889305114746094 293.2967529296875 -2.1605992317199707
18.665124893188477 289.97314453125 -2.160515069961548
18.665124893188477 289.97314453125 -1.7605150938034058
17.933788299560547 286.101806640625 -1.7544975280761719
17.22576141357422 282.22613525390625 -1.748479962348938
17.22576141357422 282.22613525390625 -1.348479986190796
18.10771942138672 278.3245849609375 -1.348479986190796
18.98967742919922 274.42303466796875 -1.348479986190796
18.98967742919922 274.42303466796875 -0.9484800100326538
18.98967742919922 274.42303466796875 -0.5484800338745117
18.98967742919922 274.42303466796875 -0.14848002791404724
19.114990234375 274.4287109375 0.23889705538749695
19.114990234375 274.4287109375 0.6388970613479614
19.114990234375 274.4287109375 1.0388970375061035
19.114990234375 274.4287109375 1.4388970136642456
18.941484451293945 271.7706604003906 1.5723295211791992
18.941482543945312 271.7706604003906 1.972329020500183
18.941482543945312 271.7706604003906 2.372328996658325
18.941482543945312 271.7706604003906 2.772329092025757
18.941482543945312 271.7706604003906 -3.110856056213379
18.941482543945312 271.7706604003906 -2.7108559608459473
18.839712142944336 271.69732666015625 -2.323478937149048
18.77318572998047 271.5909729003906 -1.9361019134521484
18.77318572998047 271.5909729003906 -1.5361019372940063
18.911935806274414 267.5933837890625 -1.5361019372940063
19.05068588256836 263.5957946777344 -1.5361019372940063
19.190160751342773 259.6026306152344 -1.5356627702713013
19.190160751342773 259.6026306152344 -1.1356627941131592
19.190160751342773 259.6026306152344 -0.7356628179550171
19.190160751342773 259.6026306152344 -0.3356628119945526
19.314340591430664 259.5848693847656 0.05171427130699158
19.314340591430664 259.5848693847656 0.45171427726745605
19.314340591430664 259.5848693847656 0.8517142534255981
19.314340591430664 259.5848693847656 1.2517142295837402
19.314340591430664 259.5848693847656 1.6517142057418823
19.31433868408203 259.5848693847656 2.051713705062866
19.31433868408203 259.5848693847656 2.451713800430298
19.31433868408203 259.5848693847656 2.8517138957977295
19.31433868408203 259.5848693847656 -3.0314712524414062
19.31433868408203 259.5848693847656 -2.6314711570739746
19.218704223632812 259.5036926269531 -2.244094133377075
19.218704223632812 259.5036926269531 -2.244094133377075
19.218704223632812 259.5036926269531 -2.244094133377075
19.218704223632812 259.5036926269531 -2.244094133377075
19.218704223632812 259.5036926269531 -2.244094133377075
19.218704223632812 259.5036926269531 -2.244094133377075
19.218704223632812 259.5036926269531 -2.244094133377075
19.218704223632812 259.5036926269531 -2.244094133377075
19.218704223632812 259.5036926269531 -2.244094133377075
19.218704223632812 259.5036926269531 -2.244094133377075
19.218704223632812 259.5036926269531 -2.244094133377075
