-390.0
-390.0
-390.0
-390.0
-390.0
-390.0
-390.0
-389.92533651812914
-386.9805048061294
-384.05475424383866
-381.14852424040964
-381.0426856805285
-377.3219540269324
-373.606990963813
-369.89793958253654
-366.1950105040233
-362.4983909981911
-362.4983909981911
-358.498472860783
-354.4985563559618
-350.49864153962113
-346.49872847023545
-342.4988172090108
-338.4989078200462
-334.49900037050674
-330.49909493080867
-326.4991915748191
-322.4992903800697
-318.4993914279867
-314.499494804139
-310.4996005985043
-306.4997089057574
-302.49981982558063
-298.4999334629989
-294.5393912201736
-294.5393912201736
-294.5393912201736
-294.5393912201736
-294.5187161208763
-294.65909994952654
-294.65909994952654
-294.65909994952654
-294.65909994952654
-294.65909994952654
-294.65909994952654
-294.65909994952654
-294.65909994952654
-294.65909994952654
-294.65909994952654
-294.5788713519157
-291.4882266219207
-288.4199384557293
-285.37472797325967
-282.35334186123606
-279.35655313952265
-276.38516192294514
-273.4399961741901
-270.5219124427823
-267.63179637172766
-264.7705639896078
-264.66600256953757
-264.66600256953757
-260.66615106354453
-256.66630373536503
-252.66646078341023
-248.66662241885703
-248.66662241885703
-248.66662241885703
-248.66662241885703
-248.64561417847827
-248.64561417847827
-248.64561417847827
-251.60032374692452
-251.60032374692452
-251.60032374692452
-251.60032374692452
-251.60032374692452
-251.60032374692452
-251.60032374692452
-251.56465818942937
-251.4862224375761
-248.44541714820667
-245.4321300506197
-242.44738718665465
-239.49225578147707
-236.56784552888564
-233.67530950540322
-233.67530950540322
-229.99982113504902
-226.32456163933188
-226.32456163933188
-222.32655997698004
-218.3286315404797
-218.3286315404797
-218.3286315404797
-218.3286315404797
-218.31058449303566
-218.31058449303566
-218.31058449303566
-218.31058449303566
-215.7240485980853
-215.7240489615662
-215.7240489615662
-215.7240489615662
-215.7240489615662
-215.7240489615662
-215.67165729521653
-215.58014682257993
-215.58014682257993
-211.6319614166943
-207.68575946512863
-203.74584468740315
-203.74584468740315
-203.74584468740315
-203.74584468740315
-203.70338788923928
-203.70338788923928
-203.70338788923928
-203.70338788923928
-203.70338788923928
-203.70338827087025
-203.70338827087025
-203.70338827087025
-203.70338827087025
-203.70338827087025
-203.64319509008078
-203.64319509008078
-203.64319509008078
-203.64319509008078
-203.64319509008078
-203.64319509008078
-203.64319509008078
-203.64319509008078
-203.64319509008078
-203.64319509008078
-203.64319509008078
