60.0 450.0 1.1853982210159302
60.0 450.0 1.5853981971740723
60.0 450.0 1.9853981733322144
59.999996185302734 450.0 2.3853976726531982
59.999996185302734 450.0 2.78539776802063
59.999996185302734 450.0 -3.097787380218506
59.999996185302734 450.0 -2.697787284851074
59.899131774902344 449.92529296875 -2.310417652130127
57.20309829711914 446.97039794921875 -2.310417652130127
54.50706481933594 444.0155029296875 -2.310417652130127
51.811031341552734 441.06060791015625 -2.310417652130127
51.745826721191406 440.9532775878906 -1.9230543375015259
50.36579513549805 437.198974609375 -1.9230464696884155
48.98579406738281 433.44464111328125 -1.9230386018753052
47.6058235168457 429.6903076171875 -1.9230307340621948
46.22588348388672 425.93597412109375 -1.9230228662490845
44.845970153808594 422.1816101074219 -1.9230149984359741
44.845970153808594 422.1816101074219 -1.523015022277832
45.03702163696289 418.1861877441406 -1.523015022277832
45.22807312011719 414.1907653808594 -1.523015022277832
45.419124603271484 410.1953430175781 -1.523015022277832
45.61017608642578 406.1999206542969 -1.523015022277832
45.80122756958008 402.2044982910156 -1.523015022277832
45.992279052734375 398.2090759277344 -1.523015022277832
46.18333053588867 394.2136535644531 -1.523015022277832
46.37438201904297 390.2182312011719 -1.523015022277832
46.565433502197266 386.2228088378906 -1.523015022277832
46.75648498535156 382.2273864746094 -1.523015022277832
46.94753646850586 378.2319641113281 -1.523015022277832
47.138587951660156 374.2365417480469 -1.523015022277832
47.32963943481445 370.2411193847656 -1.523015022277832
47.52069091796875 366.2456970214844 -1.523015022277832
47.71174240112305 362.2502746582031 -1.523015022277832
47.90346145629883 358.25927734375 -1.522575855255127
48.101776123046875 354.3010559082031 -1.518896222114563
48.101776123046875 354.3010559082031 -1.118896722793579
48.101776123046875 354.3010559082031 -0.718896746635437
48.101776123046875 354.3010559082031 -0.31889674067497253
48.22631072998047 354.2853698730469 0.06847289204597473
52.21685791015625 354.5590515136719 0.06848078221082687
52.21685791015625 354.5590515136719 0.46848079562187195
52.21685791015625 354.5590515136719 0.8684808015823364
52.21685791015625 354.5590515136719 1.2684807777404785
52.21685791015625 354.5590515136719 1.6684807538986206
52.21685791015625 354.5590515136719 2.0684802532196045
52.21685791015625 354.5590515136719 2.468480348587036
52.21685791015625 354.5590515136719 2.8684804439544678
52.21685791015625 354.5590515136719 -3.014704704284668
52.21685791015625 354.5590515136719 -2.6147046089172363
52.12254333496094 354.4762268066406 -2.227334976196289
49.6810302734375 351.30780029296875 -2.227334976196289
47.23951721191406 348.1393737792969 -2.227334976196289
44.798004150390625 344.970947265625 -2.227334976196289
42.35649108886719 341.8025207519531 -2.227334976196289
39.91497802734375 338.63409423828125 -2.227334976196289
37.47346496582031 335.4656677246094 -2.227334976196289
35.031951904296875 332.2972412109375 -2.227334976196289
32.59043884277344 329.1288146972656 -2.227334976196289
30.148923873901367 325.96038818359375 -2.227334976196289
27.707408905029297 322.7919616699219 -2.227334976196289
27.651363372802734 322.6796569824219 -1.8399657011032104
27.651363372802734 322.6796569824219 -1.4399657249450684
28.173194885253906 318.7138366699219 -1.4399657249450684
28.695026397705078 314.7480163574219 -1.4399657249450684
29.21685791015625 310.7821960449219 -1.4399657249450684
29.738689422607422 306.8163757324219 -1.4399657249450684
29.738689422607422 306.8163757324219 -1.0399657487869263
29.738689422607422 306.8163757324219 -0.6399657726287842
29.738689422607422 306.8163757324219 -0.2399657666683197
29.864070892333984 306.8105773925781 0.14740386605262756
29.864070892333984 306.8105773925781 0.547403872013092
29.864070892333984 306.8105773925781 0.9474039077758789
32.19915771484375 310.05810546875 0.9474153518676758
32.19915771484375 310.05810546875 1.3474153280258179
32.19915771484375 310.05810546875 1.7474148273468018
32.19915771484375 310.05810546875 2.147414207458496
32.19915771484375 310.05810546875 2.5474143028259277
32.19915771484375 310.05810546875 2.9474143981933594
32.19915771484375 310.05810546875 -2.9357707500457764
32.083526611328125 310.00927734375 -2.548401117324829
31.994905471801758 309.9203796386719 -2.161031484603882
29.768680572509766 306.5971374511719 -2.161031484603882
27.542455673217773 303.2738952636719 -2.161031484603882
25.31623077392578 299.9506530761719 -2.161031484603882
23.09000587463379 296.6274108886719 -2.161031484603882
20.863780975341797 293.3041687011719 -2.161031484603882
18.637556076049805 289.9809265136719 -2.161031484603882
18.637556076049805 289.9809265136719 -1.7610315084457397
17.904205322265625 286.10992431640625 -1.7550175189971924
17.194149017333984 282.2345886230469 -1.749003529548645
17.194149017333984 282.2345886230469 -1.349003553390503
18.074064254760742 278.33258056640625 -1.349003553390503
18.9539794921875 274.4305725097656 -1.349003553390503
18.9539794921875 274.4305725097656 -0.9490035772323608
18.9539794921875 274.4305725097656 -0.5490036010742188
18.9539794921875 274.4305725097656 -0.14900359511375427
19.079370498657227 274.4361877441406 0.238366037607193
19.079370498657227 274.4361877441406 0.6383660435676575
19.079370498657227 274.4361877441406 1.0383660793304443
19.079370498657227 274.4361877441406 1.4383660554885864
18.902387619018555 271.7679443359375 1.5707610845565796
18.902385711669922 271.7679443359375 1.9707605838775635
18.902385711669922 271.7679443359375 2.370760679244995
18.902385711669922 271.7679443359375 2.7707607746124268
18.902385711669922 271.7679443359375 -3.112424373626709
18.902385711669922 271.7679443359375 -2.7124242782592773
18.800439834594727 271.6947326660156 -2.32505464553833
18.733707427978516 271.58843994140625 -1.9376850128173828
18.733707427978516 271.58843994140625 -1.5376850366592407
18.86612892150879 267.59063720703125 -1.5376850366592407
18.998550415039062 263.59283447265625 -1.5376850366592407
19.131702423095703 259.5994567871094 -1.5372458696365356
19.131702423095703 259.5994567871094 -1.1372458934783936
19.131702423095703 259.5994567871094 -0.7372459173202515
19.131702423095703 259.5994567871094 -0.337245911359787
19.25592613220215 259.5815124511719 0.05012372136116028
19.25592613220215 259.5815124511719 0.45012372732162476
19.25592613220215 259.5815124511719 0.8501237630844116
19.25592613220215 259.5815124511719 1.2501237392425537
19.25592613220215 259.5815124511719 1.6501237154006958
19.255924224853516 259.5815124511719 2.0501232147216797
19.255924224853516 259.5815124511719 2.4501233100891113
19.255924224853516 259.5815124511719 2.850123405456543
19.255924224853516 259.5815124511719 -3.0330617427825928
19.255924224853516 259.5815124511719 -2.633061647415161
19.160104751586914 259.50042724609375 -2.245692014694214
19.160104751586914 259.50042724609375 -2.245692014694214
19.160104751586914 259.50042724609375 -2.245692014694214
19.160104751586914 259.50042724609375 -2.245692014694214
19.160104751586914 259.50042724609375 -2.245692014694214
19.160104751586914 259.50042724609375 -2.245692014694214
19.160104751586914 259.50042724609375 -2.245692014694214
19.160104751586914 259.50042724609375 -2.245692014694214
19.160104751586914 259.50042724609375 -2.245692014694214
19.160104751586914 259.50042724609375 -2.245692014694214
19.160104751586914 259.50042724609375 -2.245692014694214
