60.0 450.0 1.1853982210159302
60.0 450.0 1.5853981971740723
60.0 450.0 1.9853981733322144
59.999996185302734 450.0 2.3853976726531982
59.999996185302734 450.0 2.78539776802063
59.999996185302734 450.0 -3.097787380218506
59.999996185302734 450.0 -2.697787284851074
59.89925003051758 449.9253845214844 -2.3104028701782227
57.20326232910156 446.970458984375 -2.3104028701782227
54.50727462768555 444.0155334472656 -2.3104028701782227
51.81128692626953 441.06060791015625 -2.3104028701782227
51.746177673339844 440.95343017578125 -1.923021674156189
50.366268157958984 437.1990661621094 -1.9230138063430786
48.98638916015625 433.4447021484375 -1.9230059385299683
47.60654067993164 429.6903076171875 -1.922998070716858
46.226722717285156 425.9359130859375 -1.9229902029037476
44.84693145751953 422.1815185546875 -1.9229823350906372
44.84693145751953 422.1815185546875 -1.5229823589324951
45.03811264038086 418.18609619140625 -1.5229823589324951
45.22929382324219 414.190673828125 -1.5229823589324951
45.420475006103516 410.19525146484375 -1.5229823589324951
45.611656188964844 406.1998291015625 -1.5229823589324951
45.80283737182617 402.20440673828125 -1.5229823589324951
45.9940185546875 398.208984375 -1.5229823589324951
46.18519973754883 394.21356201171875 -1.5229823589324951
46.376380920410156 390.2181396484375 -1.5229823589324951
46.567562103271484 386.22271728515625 -1.5229823589324951
46.75874328613281 382.227294921875 -1.5229823589324951
46.94992446899414 378.23187255859375 -1.5229823589324951
47.14110565185547 374.2364501953125 -1.5229823589324951
47.3322868347168 370.24102783203125 -1.5229823589324951
47.523468017578125 366.24560546875 -1.5229823589324951
47.71464920043945 362.25018310546875 -1.5229823589324951
47.90583038330078 358.2547607421875 -1.5229823589324951
48.10333251953125 354.3018493652344 -1.5187656879425049
48.10333251953125 354.3018493652344 -1.118766188621521
48.10333251953125 354.3018493652344 -0.7187662124633789
48.10333251953125 354.3018493652344 -0.31876620650291443
48.22772216796875 354.2862243652344 0.06861826777458191
52.21822738647461 354.56048583984375 0.06862615793943405
52.21822738647461 354.56048583984375 0.4686261713504791
52.21822738647461 354.56048583984375 0.8686261773109436
52.21822738647461 354.56048583984375 1.2686262130737305
52.21822738647461 354.56048583984375 1.6686261892318726
52.21822738647461 354.56048583984375 2.0686256885528564
52.21822738647461 354.56048583984375 2.468625783920288
52.21822738647461 354.56048583984375 2.8686258792877197
52.21822738647461 354.56048583984375 -3.014559268951416
52.21822738647461 354.56048583984375 -2.6145591735839844
52.1240348815918 354.4777526855469 -2.227174758911133
49.68302917480469 351.3089294433594 -2.227174758911133
47.24202346801758 348.1401062011719 -2.227174758911133
44.80101776123047 344.9712829589844 -2.227174758911133
42.36001205444336 341.8024597167969 -2.227174758911133
39.91900634765625 338.6336364746094 -2.227174758911133
37.47800064086914 335.4648132324219 -2.227174758911133
35.03699493408203 332.2959899902344 -2.227174758911133
32.59598922729492 329.1271667480469 -2.227174758911133
30.15498161315918 325.9583435058594 -2.227174758911133
27.713973999023438 322.7895202636719 -2.227174758911133
27.65801429748535 322.6773376464844 -1.8397904634475708
27.65801429748535 322.6773376464844 -1.4397904872894287
28.180540084838867 318.71160888671875 -1.4397904872894287
28.703065872192383 314.7458801269531 -1.4397904872894287
29.2255916595459 310.7801513671875 -1.4397904872894287
29.748117446899414 306.8144226074219 -1.4397904872894287
29.748117446899414 306.8144226074219 -1.0397905111312866
29.748117446899414 306.8144226074219 -0.6397905349731445
29.748117446899414 306.8144226074219 -0.23979052901268005
29.87335205078125 306.80865478515625 0.14759394526481628
29.87335205078125 306.80865478515625 0.5475939512252808
29.87335205078125 306.80865478515625 0.9475939273834229
32.20780944824219 310.0566101074219 0.94760662317276
32.20780944824219 310.0566101074219 1.3476066589355469
32.20780944824219 310.0566101074219 1.7476061582565308
32.20780944824219 310.0566101074219 2.1476056575775146
32.20780944824219 310.0566101074219 2.5476057529449463
32.20780944824219 310.0566101074219 2.947605848312378
32.20780944824219 310.0566101074219 -2.935579299926758
32.092323303222656 310.0078125 -2.5481948852539062
32.00382614135742 309.91900634765625 -2.1608104705810547
29.778335571289062 306.59527587890625 -2.1608104705810547
27.552845001220703 303.27154541015625 -2.1608104705810547
25.327354431152344 299.94781494140625 -2.1608104705810547
23.101863861083984 296.62408447265625 -2.1608104705810547
20.876373291015625 293.30035400390625 -2.1608104705810547
18.65131187438965 289.97705078125 -2.1607511043548584
18.65131187438965 289.97705078125 -1.7607511281967163
17.91907501220703 286.1059265136719 -1.754729986190796
17.210159301757812 282.2304382324219 -1.7487088441848755
17.210159301757812 282.2304382324219 -1.3487088680267334
18.091224670410156 278.32867431640625 -1.3487088680267334
18.9722900390625 274.4269104003906 -1.3487088680267334
18.9722900390625 274.4269104003906 -0.9487088918685913
18.9722900390625 274.4269104003906 -0.5487089157104492
18.9722900390625 274.4269104003906 -0.14870890974998474
19.097532272338867 274.43255615234375 0.2386755645275116
19.097532272338867 274.43255615234375 0.6386755704879761
19.097532272338867 274.43255615234375 1.0386755466461182
19.097532272338867 274.43255615234375 1.4386755228042603
18.78264808654785 271.16778564453125 1.5106135606765747
18.703237533569336 267.8888244628906 1.5825515985488892
18.703235626220703 267.8888244628906 1.982551097869873
18.703235626220703 267.8888244628906 2.3825511932373047
18.703235626220703 267.8888244628906 2.7825512886047363
18.703235626220703 267.8888244628906 -3.1006338596343994
18.703235626220703 267.8888244628906 -2.7006337642669678
18.602279663085938 267.8144836425781 -2.313249349594116
18.51803970336914 267.67724609375 -1.9294508695602417
18.51803970336914 267.67724609375 -1.5294511318206787
18.683372497558594 263.6806640625 -1.5294511318206787
18.848705291748047 259.68408203125 -1.5294511318206787
18.848705291748047 259.68408203125 -1.1294511556625366
18.848705291748047 259.68408203125 -0.7294511795043945
18.848705291748047 259.68408203125 -0.32945117354393005
18.972919464111328 259.6671142578125 0.057933300733566284
18.972919464111328 259.6671142578125 0.45793330669403076
18.972919464111328 259.6671142578125 0.8579332828521729
18.972919464111328 259.6671142578125 1.257933259010315
18.972919464111328 259.6671142578125 1.657933235168457
18.972917556762695 259.6671142578125 2.0579326152801514
18.972917556762695 259.6671142578125 2.457932710647583
18.972917556762695 259.6671142578125 2.8579328060150146
18.972917556762695 259.6671142578125 -3.025252342224121
18.972917556762695 259.6671142578125 -2.6252522468566895
18.877845764160156 259.58538818359375 -2.237867832183838
18.877845764160156 259.58538818359375 -2.237867832183838
18.877845764160156 259.58538818359375 -2.237867832183838
18.877845764160156 259.58538818359375 -2.237867832183838
18.877845764160156 259.58538818359375 -2.237867832183838
18.877845764160156 259.58538818359375 -2.237867832183838
18.877845764160156 259.58538818359375 -2.237867832183838
18.877845764160156 259.58538818359375 -2.237867832183838
18.877845764160156 259.58538818359375 -2.237867832183838
18.877845764160156 259.58538818359375 -2.237867832183838
18.877845764160156 259.58538818359375 -2.237867832183838
