-390.0
-390.0
-390.0
-390.0
-390.0
-390.0
-390.0
-389.92530601535003
-386.9805053851063
-384.05478623139146
-381.14858796609343
-381.042689316398
-377.32199028115906
-373.6070297900637
-369.89801183135097
-366.1951166273975
-362.49850112874094
-362.49850112874094
-358.4985855093064
-354.49867151348195
-350.4987591968538
-346.49884861757494
-342.49893983651475
-338.4990329174198
-334.4991279270856
-330.4992249355414
-326.4993240162479
-322.4994252463103
-318.4995287067072
-314.4996344825367
-310.4997426632818
-306.4998533430965
-302.4999666211148
-298.5044769619967
-294.54147286945755
-294.54147286945755
-294.54147286945755
-294.54147286945755
-294.52079498796513
-294.66186066307375
-294.66186066307375
-294.66186066307375
-294.66186066307375
-294.66186066307375
-294.66186066307375
-294.66186066307375
-294.66186066307375
-294.66186066307375
-294.66186066307375
-294.58157185707597
-291.49050695991093
-288.4217894731783
-285.3761403188416
-282.3543059860292
-279.3570592980057
-276.3852001747037
-273.43955638641023
-270.5209842936161
-267.6303697801391
-264.7686283492678
-264.6640067784837
-264.6640067784837
-260.6641417768908
-256.66428113448444
-252.66442505829178
-248.66457376866023
-248.66457376866023
-248.66457376866023
-248.66457376866023
-248.64359098122773
-248.64359098122773
-248.64359098122773
-251.5987737298905
-251.5987737298905
-251.5987737298905
-251.5987737298905
-251.5987737298905
-251.5987737298905
-251.5987737298905
-251.56305023672402
-251.4845551485641
-248.44331521181869
-245.42958318117445
-242.44438487910782
-239.48878731625604
-236.5638999781896
-233.670876078832
-233.670876078832
-229.99511691320956
-226.31958213730664
-226.31958213730664
-222.3216134902322
-218.32371888183295
-218.32371888183295
-218.32371888183295
-218.32371888183295
-218.30569514565232
-218.30569514565232
-218.30569514565232
-218.30569514565232
-215.71897457499216
-215.71897493836994
-215.71897493836994
-215.71897493836994
-215.71897493836994
-215.71897493836994
-215.66655650878897
-215.57498653479664
-215.57498653479664
-211.62671855397465
-207.68043026890737
-203.7404252880207
-203.7404252880207
-203.7404252880207
-203.7404252880207
-203.69796186423133
-203.69796186423133
-203.69796186423133
-203.69796186423133
-203.69796186423133
-203.69796224574304
-203.69796224574304
-203.69796224574304
-203.69796224574304
-203.69796224574304
-203.63771142712073
-203.63771142712073
-203.63771142712073
-203.63771142712073
-203.63771142712073
-203.63771142712073
-203.63771142712073
-203.63771142712073
-203.63771142712073
-203.63771142712073
-203.63771142712073
