-390.0
-390.0
-390.0
-390.0
-390.0
-390.0
-390.0
-389.9252755115919
-386.9805059089569
-384.0548180552899
-381.1486513639785
-381.0427225537656
-377.3220248796674
-373.60709642174066
-369.89808024580765
-366.19518708956053
-362.4986042429357
-362.4986042429357
-358.49868971978407
-354.49877681620126
-350.4988655876351
-346.4989560920938
-342.4990483902951
-338.49914254582694
-334.4992386253186
-330.49933669862475
-326.49943683902336
-322.49953912342767
-318.49964363261455
-314.4997504514702
-310.49985966925493
-306.49997137988834
-302.5000856822574
-298.50020268054953
-294.5427252909252
-294.5427252909252
-294.5427252909252
-294.5427252909252
-294.5220742026375
-294.66350728684523
-294.66350728684523
-294.66350728684523
-294.66350728684523
-294.66350728684523
-294.66350728684523
-294.66350728684523
-294.66350728684523
-294.66350728684523
-294.66350728684523
-294.5831594249603
-291.4918598794726
-288.4229030196114
-285.377009668946
-282.35492621872703
-279.3574253952083
-276.38530702256855
-273.439398777029
-270.5205569271774
-267.62966705487054
-264.7676447504019
-264.662964802906
-264.662964802906
-260.6631185213633
-256.6632766928472
-252.66343952884142
-248.6636072544366
-248.6636072544366
-248.6636072544366
-248.6636072544366
-248.64261707339236
-248.64261707339236
-248.64261707339236
-251.59803304456145
-251.59803304456145
-251.59803304456145
-251.59803304456145
-251.59803304456145
-251.59803304456145
-251.59803304456145
-251.56228476313706
-251.48376338488853
-248.44232817722133
-245.42839621808508
-242.4429932301948
-239.48718612657098
-236.56208429797266
-233.6749691898311
-233.6749691898311
-230.00033624984226
-226.32543701523423
-226.32543701523423
-222.3277035219207
-218.3300531917436
-218.3300531917436
-218.3300531917436
-218.3300531917436
-218.3122506786879
-218.3122506786879
-218.3122506786879
-218.3122506786879
-215.64329985678734
-215.64329985678734
-215.64329985678734
-215.64329985678734
-215.64329985678734
-215.64329985678734
-215.59164155732884
-215.5006043011593
-215.5006043011593
-211.55686816897023
-207.6152848150822
-203.6803918110845
-203.6803918110845
-203.6803918110845
-203.6803918110845
-203.63703062506517
-203.63703062506517
-203.63703062506517
-203.63703062506517
-203.63703062506517
-203.63703100725218
-203.63703100725218
-203.63703100725218
-203.63703100725218
-203.63703100725218
-203.63703100725218
