-390.0000305175784
-390.0000610351567
-390.0000610351567
-390.00006103515653
-390.00006103515653
-390.00006103515653
-390.00006103515653
-390.0000305175782
-387.020483672631
-384.0594819137195
-381.1174574860408
-381.11742729446405
-377.6444330367647
-374.13757568082116
-370.5996416644735
-367.0335426264701
-363.4422309410545
-359.5220047625352
-355.60355511922324
-351.99317177879476
-348.05346062153893
-344.1151407158515
-340.48756963753743
-336.53071458534316
-332.5748918388986
-328.9268210175671
-324.95558539088125
-320.9850643615899
-317.01528478004593
-313.0462748534299
-309.0780642321947
-305.11068410317614
-301.14416728997355
-297.1785483612687
-293.2138637478219
-289.2501518689619
-285.28745326947825
-281.32581076792064
-277.36526961742527
-273.40587768031264
-269.44768561784514
-265.49074709669276
-261.5351190138391
-259.54743717604225
-259.54743717604225
-259.54743717604225
-259.54743717604225
-259.54743465561734
-259.54743465561734
-259.54743465561734
-262.4259407286355
-265.39562798773903
-268.45032335353693
-271.58401437478244
-274.7918033991005
-274.7918335481527
-274.7918335481527
-274.7918337173917
-274.7918337173917
-274.7918337173917
-274.7918337173917
-274.7918042452964
-272.11632695954984
-269.4736632705223
-266.864788002876
-264.2907017587111
-261.7524308909297
-261.7524020661544
-261.7524020661544
-257.76856830666543
-253.78524307695054
-249.80245070390757
-245.8202170876553
-245.8202170876553
-245.8202170876553
-245.8202170876553
-245.82021424298046
-245.82021424298046
-245.82021424298046
-245.82021424298046
-249.45067210270562
-253.09227187759436
-256.7445394657431
-260.407026012039
-264.07930634004015
-264.07930634004015
-264.07930634004015
-264.07930634004015
-264.07930634004015
-264.07930634004015
-264.07930634004015
-264.07927761571494
-261.1562956047539
-258.2621860868652
-255.3979305929178
-252.5645445963811
-249.763078866017
-246.9946195436439
-246.99459173518093
-246.93862482096992
-242.93929003961674
-238.93997738960994
-234.9406880011519
-234.9406880011519
-234.9406880011519
-234.9406880011519
-234.94068396116705
-234.94068396116705
-234.94068396116705
-234.94068396116705
-238.68766437956575
-242.44272976348688
-246.20551018354095
-249.97565724620446
-249.97565724620446
-249.97565747283042
-249.97565747283042
-249.97565747283042
-249.97565747283042
-249.97566064559507
-249.9756326104621
-246.87704591524144
-243.80470619429556
-240.75961826467568
-237.74282927826226
-234.75543022756383
-231.9974622620206
-231.9974622620206
-231.9974622620206
-228.01355476740318
-224.03022030921548
-224.03022030921548
-224.03022030921548
-224.03022030921548
-224.03022030921548
-224.03022030921548
-224.03022030921548
-224.08174834823214
-224.08174834823214
-224.08174834823214
-224.08174834823214
-224.08174834823214
-224.08174834823214
-224.08175278229115
-224.08172582636408
-220.86979581315066
-217.71680077849783
-217.71680077849783
-213.78507371347146
-209.85592762234506
-205.9295102405326
-205.9295102405326
-205.9295102405326
-205.9295102405326
-205.9295102405326
-205.929504679106
-205.92949872043832
-205.92949872043832
-205.92949872043832
-205.92949872043832
-205.92949872043832
