62.52264404296875 452.3943786621094 0.7332428693771362
65.16667938232422 454.65399169921875 0.6810875535011292
67.92491912841797 456.772705078125 0.6289322376251221
70.78986358642578 458.7447509765625 0.576776921749115
73.75371551513672 460.56475830078125 0.5246216058731079
76.80841827392578 462.227783203125 0.4724663197994232
79.94566345214844 463.72930908203125 0.4203110337257385
83.15692138671875 465.0652160644531 0.36815574765205383
86.43345642089844 466.2319030761719 0.31600046157836914
89.766357421875 467.2261962890625 0.26384517550468445
93.14656066894531 468.0453796386719 0.21168988943099976
96.56487274169922 468.687255859375 0.15953460335731506
100.01200103759766 469.1500549316406 0.10737930983304977
103.47856140136719 469.4325256347656 0.055224016308784485
106.95513916015625 469.53387451171875 0.0030687227845191956
110.4322738647461 469.453857421875 -0.049086570739746094
113.90050506591797 469.19268798828125 -0.10124186426401138
117.35040283203125 468.7510681152344 -0.15339715778827667
120.77259063720703 468.13018798828125 -0.20555245876312256
124.68838500976562 467.3137512207031 -0.20555245876312256
128.6041717529297 466.497314453125 -0.20555245876312256
129.73324584960938 466.0910949707031 -0.4851680099964142
129.73428344726562 466.0902404785156 -0.885033369064331
131.86587524414062 463.3419494628906 -0.9371886849403381
132.17529296875 462.7298889160156 -1.2682907581329346
133.366943359375 458.9115295410156 -1.2682907581329346
134.55859375 455.0931701660156 -1.2682907581329346
135.750244140625 451.2748107910156 -1.2682907581329346
136.94189453125 447.4564514160156 -1.2682907581329346
138.133544921875 443.6380920410156 -1.2682907581329346
139.3251953125 439.8197326660156 -1.2682907581329346
140.516845703125 436.0013732910156 -1.2682907581329346
141.70849609375 432.1830139160156 -1.2682907581329346
142.900146484375 428.3646545410156 -1.2682907581329346
144.091796875 424.5462951660156 -1.2682907581329346
145.283447265625 420.7279357910156 -1.2682907581329346
146.47509765625 416.9095764160156 -1.2682907581329346
147.666748046875 413.0912170410156 -1.2682907581329346
148.8583984375 409.2728576660156 -1.2682907581329346
148.8594512939453 409.2626037597656 -1.6672537326812744
148.47421264648438 405.28118896484375 -1.6672537326812744
148.08897399902344 401.2997741699219 -1.6672537326812744
147.7037353515625 397.318359375 -1.6672537326812744
147.31849670410156 393.3369445800781 -1.6672537326812744
146.93325805664062 389.35552978515625 -1.6672537326812744
146.5480194091797 385.3741149902344 -1.6672537326812744
146.16278076171875 381.3927001953125 -1.6672537326812744
145.7775421142578 377.4112854003906 -1.6672537326812744
145.39230346679688 373.42987060546875 -1.6672537326812744
145.00706481933594 369.4484558105469 -1.6672537326812744
144.621826171875 365.467041015625 -1.6672537326812744
144.23658752441406 361.4856262207031 -1.6672537326812744
143.85134887695312 357.50421142578125 -1.6672537326812744
143.4661102294922 353.5227966308594 -1.6672537326812744
143.08087158203125 349.5413818359375 -1.6672537326812744
142.6956329345703 345.5599670410156 -1.6672537326812744
142.31039428710938 341.57855224609375 -1.6672537326812744
141.92515563964844 337.5971374511719 -1.6672537326812744
141.5399169921875 333.61572265625 -1.6672537326812744
141.15467834472656 329.6343078613281 -1.6672537326812744
140.76943969726562 325.65289306640625 -1.6672537326812744
140.3842010498047 321.6714782714844 -1.6672537326812744
139.99896240234375 317.6900634765625 -1.6672537326812744
139.6137237548828 313.7086486816406 -1.6672537326812744
139.22848510742188 309.72723388671875 -1.6672537326812744
138.84324645996094 305.7458190917969 -1.6672537326812744
138.4580078125 301.764404296875 -1.6672537326812744
138.07276916503906 297.7829895019531 -1.6672537326812744
137.68753051757812 293.80157470703125 -1.6672537326812744
137.3022918701172 289.8201599121094 -1.6672537326812744
136.91705322265625 285.8387451171875 -1.6672537326812744
136.5318145751953 281.8573303222656 -1.6672537326812744
136.14657592773438 277.87591552734375 -1.6672537326812744
135.76133728027344 273.8945007324219 -1.6672537326812744
135.3760986328125 269.9130859375 -1.6672537326812744
134.99085998535156 265.9316711425781 -1.6672537326812744
134.60562133789062 261.95025634765625 -1.6672537326812744
134.2203826904297 257.9688415527344 -1.6672537326812744
133.83514404296875 253.98744201660156 -1.6672537326812744
133.4499053955078 250.00604248046875 -1.6672537326812744
133.06466674804688 246.02464294433594 -1.6672537326812744
132.67942810058594 242.04324340820312 -1.6672537326812744
132.294189453125 238.0618438720703 -1.6672537326812744
131.90895080566406 234.0804443359375 -1.6672537326812744
131.52371215820312 230.0990447998047 -1.6672537326812744
131.1384735107422 226.11764526367188 -1.6672537326812744
130.75323486328125 222.13624572753906 -1.6672537326812744
130.3679962158203 218.15484619140625 -1.6672537326812744
129.94288635253906 214.70286560058594 -1.7194076776504517
129.33839416503906 211.27774047851562 -1.771562933921814
128.55616760253906 207.8887939453125 -1.8237181901931763
127.59833526611328 204.54522705078125 -1.8758734464645386
126.46749877929688 201.2561492919922 -1.9280287027359009
125.16673278808594 198.03048706054688 -1.9801839590072632
125.16673278808594 198.03048706054688 -2.3801839351654053
122.27127075195312 195.27072143554688 -2.3801839351654053
119.37580871582031 192.51095581054688 -2.3801839351654053
116.4803466796875 189.75119018554688 -2.3801839351654053
113.58488464355469 186.99142456054688 -2.3801839351654053
113.01724243164062 186.6065216064453 -2.7112860679626465
109.38188934326172 184.93792724609375 -2.7112860679626465
105.74653625488281 183.2693328857422 -2.7112860679626465
102.1111831665039 181.60073852539062 -2.7112860679626465
98.475830078125 179.93214416503906 -2.7112860679626465
94.8404769897461 178.2635498046875 -2.7112860679626465
91.20512390136719 176.59495544433594 -2.7112860679626465
87.56977081298828 174.92636108398438 -2.7112860679626465
83.93441772460938 173.2577667236328 -2.7112860679626465
80.29906463623047 171.58917236328125 -2.7112860679626465
76.66371154785156 169.9205780029297 -2.7112860679626465
73.02835845947266 168.25198364257812 -2.7112860679626465
69.39300537109375 166.58338928222656 -2.7112860679626465
65.75765228271484 164.914794921875 -2.7112860679626465
62.12229919433594 163.24620056152344 -2.7112860679626465
58.48694610595703 161.57760620117188 -2.7112860679626465
54.851593017578125 159.9090118408203 -2.7112860679626465
51.21623992919922 158.24041748046875 -2.7112860679626465
47.58088684082031 156.5718231201172 -2.7112860679626465
43.945533752441406 154.90322875976562 -2.7112860679626465
43.945533752441406 154.90322875976562 -2.7112860679626465
43.945533752441406 154.90322875976562 -2.7112860679626465
43.945533752441406 154.90322875976562 -2.7112860679626465
43.945533752441406 154.90322875976562 -2.7112860679626465
43.945533752441406 154.90322875976562 -2.7112860679626465
43.945533752441406 154.90322875976562 -2.7112860679626465
43.945533752441406 154.90322875976562 -2.7112860679626465
43.945533752441406 154.90322875976562 -2.7112860679626465
43.945533752441406 154.90322875976562 -2.7112860679626465
43.945533752441406 154.90322875976562 -2.7112860679626465
