62.191768646240234 451.9729919433594 0.6804323196411133
64.57818603515625 453.7054748535156 0.5754664540290833
67.13298797607422 455.17840576171875 0.4705005884170532
69.82805633544922 456.37554931640625 0.3655347228050232
72.63372039794922 457.2837219238281 0.26056885719299316
75.51908874511719 457.8929443359375 0.15560300648212433
78.45240783691406 458.1965026855469 0.05063715577125549
81.4013900756836 458.1910705566406 -0.05432869493961334
84.33357238769531 457.8766784667969 -0.15929454565048218
87.2166748046875 457.2568054199219 -0.2642604112625122
90.01896667480469 456.3382873535156 -0.36922627687454224
92.7095947265625 455.1311950683594 -0.47419214248657227
95.25894165039062 453.64886474609375 -0.5791580080986023
97.63894653320312 451.9075622558594 -0.6841238737106323
99.82341766357422 449.9264831542969 -0.7890897393226624
102.64138793945312 447.087646484375 -0.7890897393226624
105.4593505859375 444.2488098144531 -0.7890897393226624
108.27731323242188 441.40997314453125 -0.7890897393226624
111.09527587890625 438.5711364746094 -0.7890897393226624
113.91323852539062 435.7322998046875 -0.7890897393226624
116.731201171875 432.8934631347656 -0.7890897393226624
119.54916381835938 430.05462646484375 -0.7890897393226624
122.36712646484375 427.2157897949219 -0.7890897393226624
122.81812286376953 426.5849304199219 -1.1112048625946045
124.59245300292969 423.0 -1.1112048625946045
126.36678314208984 419.4150695800781 -1.1112048625946045
128.14111328125 415.83013916015625 -1.1112048625946045
129.91543579101562 412.2452087402344 -1.1112048625946045
131.68975830078125 408.6602783203125 -1.1112048625946045
133.46408081054688 405.0753479003906 -1.1112048625946045
135.2384033203125 401.49041748046875 -1.1112048625946045
137.01272583007812 397.9054870605469 -1.1112048625946045
137.2413330078125 397.1628112792969 -1.4331622123718262
137.79013061523438 393.20062255859375 -1.4331622123718262
138.33892822265625 389.23846435546875 -1.4331622123718262
138.88772583007812 385.27630615234375 -1.4331622123718262
139.4365234375 381.31414794921875 -1.4331622123718262
139.98532104492188 377.35198974609375 -1.4331622123718262
140.53411865234375 373.38983154296875 -1.4331622123718262
141.08291625976562 369.42767333984375 -1.4331622123718262
141.6317138671875 365.46551513671875 -1.4331622123718262
142.18051147460938 361.50335693359375 -1.4331622123718262
142.72930908203125 357.54119873046875 -1.4331622123718262
143.27810668945312 353.57904052734375 -1.4331622123718262
143.826904296875 349.61688232421875 -1.4331622123718262
144.37570190429688 345.65472412109375 -1.4331622123718262
144.92449951171875 341.69256591796875 -1.4331622123718262
145.47329711914062 337.73040771484375 -1.4331622123718262
146.0220947265625 333.76824951171875 -1.4331622123718262
146.57089233398438 329.80609130859375 -1.4331622123718262
147.11968994140625 325.84393310546875 -1.4331622123718262
147.66848754882812 321.88177490234375 -1.4331622123718262
148.21728515625 317.91961669921875 -1.4331622123718262
148.76608276367188 313.95745849609375 -1.4331622123718262
149.31488037109375 309.99530029296875 -1.4331622123718262
149.86367797851562 306.03314208984375 -1.4331622123718262
150.4124755859375 302.07098388671875 -1.4331622123718262
150.96127319335938 298.10882568359375 -1.4331622123718262
151.51007080078125 294.14666748046875 -1.4331622123718262
152.05886840820312 290.18450927734375 -1.4331622123718262
152.607666015625 286.22235107421875 -1.4331622123718262
153.15646362304688 282.26019287109375 -1.4331622123718262
153.70526123046875 278.29803466796875 -1.4331622123718262
154.25405883789062 274.33587646484375 -1.4331622123718262
154.8028564453125 270.37371826171875 -1.4331622123718262
155.35165405273438 266.41156005859375 -1.4331622123718262
155.90045166015625 262.44940185546875 -1.4331622123718262
156.44924926757812 258.48724365234375 -1.4331622123718262
156.4383544921875 257.4546813964844 -1.7295210361480713
155.80612182617188 253.5049591064453 -1.7295210361480713
155.17388916015625 249.55523681640625 -1.7295210361480713
154.54165649414062 245.6055145263672 -1.7295210361480713
153.909423828125 241.65579223632812 -1.7295210361480713
153.27719116210938 237.70606994628906 -1.7295210361480713
152.64495849609375 233.75634765625 -1.7295210361480713
152.01272583007812 229.80662536621094 -1.7295210361480713
151.3804931640625 225.85690307617188 -1.7295210361480713
150.74826049804688 221.9071807861328 -1.7295210361480713
150.11602783203125 217.95745849609375 -1.7295210361480713
150.03428649902344 217.7311553955078 -2.1053168773651123
147.99656677246094 214.2891082763672 -2.1053168773651123
145.95884704589844 210.84706115722656 -2.1053168773651123
143.92112731933594 207.40501403808594 -2.1053168773651123
141.88340759277344 203.9629669189453 -2.1053168773651123
141.38645935058594 203.36764526367188 -2.427432060241699
138.3638916015625 200.74771118164062 -2.427432060241699
135.34132385253906 198.12777709960938 -2.427432060241699
132.31875610351562 195.50784301757812 -2.427432060241699
129.2961883544922 192.88790893554688 -2.427432060241699
126.27361297607422 190.26797485351562 -2.427432060241699
125.61375427246094 189.860595703125 -2.749547243118286
121.917236328125 188.332275390625 -2.749547243118286
118.22071838378906 186.803955078125 -2.749547243118286
114.52420043945312 185.275634765625 -2.749547243118286
110.82768249511719 183.747314453125 -2.749547243118286
107.13116455078125 182.218994140625 -2.749547243118286
103.43464660644531 180.690673828125 -2.749547243118286
99.73812866210938 179.162353515625 -2.749547243118286
96.04161071777344 177.634033203125 -2.749547243118286
92.3450927734375 176.105712890625 -2.749547243118286
88.64857482910156 174.577392578125 -2.749547243118286
84.95205688476562 173.049072265625 -2.749547243118286
81.25553894042969 171.520751953125 -2.749547243118286
77.55902099609375 169.992431640625 -2.749547243118286
73.86250305175781 168.464111328125 -2.749547243118286
70.16598510742188 166.935791015625 -2.749547243118286
66.46946716308594 165.407470703125 -2.749547243118286
62.77294921875 163.879150390625 -2.749547243118286
59.07643127441406 162.350830078125 -2.749547243118286
55.379913330078125 160.822509765625 -2.749547243118286
51.68339538574219 159.294189453125 -2.749547243118286
47.98687744140625 157.765869140625 -2.749547243118286
44.29035949707031 156.237548828125 -2.749547243118286
40.593841552734375 154.709228515625 -2.749547243118286
40.593841552734375 154.709228515625 -2.749547243118286
40.593841552734375 154.709228515625 -2.749547243118286
40.593841552734375 154.709228515625 -2.749547243118286
40.593841552734375 154.709228515625 -2.749547243118286
40.593841552734375 154.709228515625 -2.749547243118286
40.593841552734375 154.709228515625 -2.749547243118286
40.593841552734375 154.709228515625 -2.749547243118286
40.593841552734375 154.709228515625 -2.749547243118286
40.593841552734375 154.709228515625 -2.749547243118286
40.593841552734375 154.709228515625 -2.749547243118286
