-391.9791196770913
-393.7320925667664
-395.2427758958289
-396.49737298904716
-397.48454887799494
-398.1954762020788
-398.62381527698585
-398.76578108987127
-398.620087317383
-398.18804206036344
-397.47349142117764
-396.48275990681594
-395.2247736190054
-393.71084268719295
-391.9548020620307
-389.42924135998754
-386.92854689143695
-384.45320467782994
-382.00370755899587
-379.5805558834847
-377.18425740616823
-374.81532716726093
-372.4742873517447
-371.92825621496763
-368.702027367542
-365.49109721836123
-362.29587253230517
-359.1167710401436
-355.9542261634524
-352.8086831384882
-349.68060078473735
-346.570451893124
-345.8973617051488
-342.16072143741115
-338.43013176462546
-334.7057642628146
-330.9878289728626
-327.27654510897054
-323.57214154132635
-319.87485730781844
-316.1849421566994
-312.50265712223063
-308.82827513547807
-305.162081672569
-301.5043754428745
-297.8554691197409
-294.2156901165624
-290.58538141116156
-286.96490242163134
-283.35462993698115
-279.75495910612864
-276.16630448898155
-272.58910117356317
-269.0238059633426
-265.4708986391435
-261.9308833002088
-258.4042897892018
-254.89167520610985
-251.39362551618765
-247.91075725722433
-244.44371935152807
-240.99319502809172
-237.55990386041177
-234.14460392537197
-230.74809408844865
-227.3712164202294
-224.01485874883176
-220.67995735223508
-219.74691675322313
-215.9235563299159
-212.10671130917467
-208.29673985747732
-204.4940261639406
-200.69898277482145
-196.91205317497085
-193.13371464594636
-189.36448143441774
-185.60490826897566
-181.85559426855312
-181.61852914223832
-177.61904373252528
-173.6195819751684
-169.6201455432594
-165.6207362714875
-164.8576278916891
-161.0925749679729
-157.339117470299
-153.5981054689034
-149.8704709464925
-146.15723399592184
-145.4954950027573
-142.4883049988598
-139.53098248267162
-136.62676567749062
-133.77911325085483
-130.99171424429466
-128.26849681396305
-125.61363526683377
-123.03155477667279
-120.52693305797888
-118.10469816963425
-115.77002152068161
-113.52830506899394
-111.38516165342143
-109.3463873983036
-107.41792519566624
-105.60581842590115
-103.91615434208414
-102.35499693162078
-100.92830958793047
-99.64186856669727
-98.50116893940704
-97.51132554312362
-96.67697218937535
-96.67697218937535
-96.67697218937535
-96.67697218937535
-96.67697218937535
-96.67697218937535
-96.67697218937535
-96.67697218937535
-96.67697218937535
-96.67697218937535
-96.67697218937535
