-392.40248742660947
-394.6878104780622
-396.85184116771427
-398.8907088258318
-400.8008112305096
-402.5788276913869
-404.22170216652233
-405.7265979369023
-407.0910054216917
-408.31263876865836
-409.3894555660269
-410.31970830132315
-411.1018458698492
-411.7345969786793
-412.2169082729745
-412.54802824013336
-412.7274165226196
-412.75477512724336
-412.63004994802225
-412.4185726766588
-412.2457992988021
-412.03483225478243
-412.0341656947907
-409.69431558313255
-409.1462285557954
-405.60216564837316
-402.066657426116
-398.53993155882057
-395.02222327098167
-391.51377562855873
-388.0148398371509
-384.5256755519851
-381.04655120012757
-377.5777443153299
-374.11954188592455
-370.6722407161827
-367.2361478015443
-363.81158071812376
-360.3988680268881
-360.38919027811045
-356.43622957885674
-352.48433041575095
-348.5335288979506
-344.58386278037784
-340.63537155792176
-336.6880965661394
-332.742081088981
-328.79737047411356
-324.85401225646945
-320.91205629070834
-316.9715548933446
-313.032562995366
-309.09513830625104
-305.15934149038037
-301.2252363569396
-297.2928900645206
-293.3623733417521
-289.4337607254299
-285.50713081776917
-281.58256656457536
-277.6601555563234
-273.73999035434946
-269.8221688446048
-265.9067946216925
-261.9939774062162
-258.08383349881547
-254.17648627465354
-250.2720667225638
-246.37071403356194
-242.47257624399572
-238.57781093924663
-234.68658602462767
-230.79908057095125
-226.91548574318892
-223.0360058217232
-219.16085932692806
-215.29028025922767
-211.42451946840387
-207.5638604285204
-203.70857807588453
-199.85898355983605
-196.01541199509424
-192.1782247597419
-188.34781205569882
-184.52459576624318
-180.70903265024052
-176.90161791865998
-173.1028892458386
-169.77922127385656
-166.41144092180517
-163.00626825661192
-159.5708544625608
-156.11286976664485
-152.64048748757844
-152.64048748757844
-148.91567828390794
-145.20550978004377
-141.5111335394627
-137.83381941374233
-137.25902268462593
-134.34305586691247
-131.4841207500557
-128.68601850085835
-125.95280347901932
-123.28879125564833
-120.69856417027653
-118.18697362521412
-115.75913819237306
-113.42043649108372
-111.17649369830005
-109.03316049120797
-106.9964832169172
-105.07266415822785
-103.26801094366348
-101.58887445801646
-100.041575064899
-98.6323175623395
-97.36709604585992
-96.25159071684168
-96.25159071684168
-96.25159071684168
-96.25159071684168
-96.25159071684168
-96.25159071684168
-96.25159071684168
-96.25159071684168
-96.25159071684168
-96.25159071684168
-96.25159071684168
