62.7987174987793 452.78411865234375 0.7801654934883118
65.6119613647461 455.5535583496094 0.7749328017234802
68.43965911865234 458.3082275390625 0.7697001099586487
71.28173828125 461.0480651855469 0.7644674181938171
74.13811492919922 463.7729797363281 0.7592347264289856
77.00870513916016 466.48291015625 0.754002034664154
79.89344024658203 469.17779541015625 0.7487693428993225
82.792236328125 471.8575439453125 0.743536651134491
85.70501708984375 474.5220947265625 0.7383039593696594
88.63169860839844 477.1713562011719 0.7330712676048279
91.57220458984375 479.8052673339844 0.7278385758399963
94.52645111083984 482.42376708984375 0.7226058840751648
97.4943618774414 485.0267639160156 0.7173731923103333
100.47584533691406 487.61419677734375 0.7121405005455017
103.47083282470703 490.1860046386719 0.7069078087806702
106.47923278808594 492.7420959472656 0.7016751170158386
109.50096893310547 495.28240966796875 0.6964424252510071
112.53595733642578 497.806884765625 0.6912097334861755
115.58411407470703 500.3154296875 0.685977041721344
118.64535522460938 502.8079833984375 0.6807443499565125
121.71959686279297 505.28448486328125 0.6755116581916809
124.80675506591797 507.744873046875 0.6702789664268494
127.90674591064453 510.1890869140625 0.6650462746620178
131.0194854736328 512.6170654296875 0.6598135828971863
134.14488220214844 515.0286865234375 0.6545808911323547
137.28285217285156 517.4239501953125 0.6493481993675232
140.43331909179688 519.802734375 0.6441155076026917
143.59619140625 522.1650390625 0.6388828158378601
146.77137756347656 524.5107421875 0.6336501240730286
149.95880126953125 526.8397827148438 0.628417432308197
153.1583709716797 529.152099609375 0.6231847405433655
156.3699951171875 531.4476318359375 0.6179520487785339
159.5935821533203 533.7263793945312 0.6127193570137024
162.82904052734375 535.9882202148438 0.6074866652488708
166.0762939453125 538.2330932617188 0.6022539734840393
169.3352508544922 540.4609375 0.5970212817192078
172.60581970214844 542.6716918945312 0.5917885899543762
175.88790893554688 544.8652954101562 0.5865558981895447
179.1814422607422 547.0416870117188 0.5813232064247131
182.48631286621094 549.2008056640625 0.5760905146598816
185.8024444580078 551.3426513671875 0.57085782289505
189.12973022460938 553.4671020507812 0.5656251311302185
189.12973022460938 553.4671020507812 0.16562512516975403
189.12973022460938 553.4671020507812 -0.23437488079071045
192.96705627441406 552.540283203125 -0.2396075576543808
196.7994842529297 551.5933837890625 -0.24484023451805115
200.6269073486328 550.62646484375 -0.2500729262828827
204.44921875 549.6395263671875 -0.25530561804771423
208.2663116455078 548.632568359375 -0.2605383098125458
208.2663116455078 548.632568359375 -0.6605383157730103
211.37728881835938 546.2023315429688 -0.6657710075378418
214.4755096435547 543.755859375 -0.6710036993026733
217.56088256835938 541.293212890625 -0.6762363910675049
220.63333129882812 538.814453125 -0.6814690828323364
223.69053649902344 536.3208618164062 -0.6869491934776306
226.72695922851562 533.8143920898438 -0.6932183504104614
229.72665405273438 531.3004150390625 -0.7018339037895203
232.6752471923828 528.7772827148438 -0.7137548923492432
235.60511779785156 526.2124633789062 -0.7243629097938538
238.52926635742188 523.6038208007812 -0.7325006127357483
238.52926635742188 523.6038208007812 -1.1325006484985352
240.19528198242188 520.02490234375 -1.1377333402633667
241.84255981445312 516.4373168945312 -1.1429660320281982
243.47103881835938 512.8411865234375 -1.1481987237930298
245.08067321777344 509.236572265625 -1.1534314155578613
246.6714324951172 505.62359619140625 -1.1586641073226929
248.24325561523438 502.0023498535156 -1.1638967990875244
249.79611206054688 498.3729248046875 -1.169129490852356
251.3299560546875 494.73541259765625 -1.1743621826171875
252.84474182128906 491.0899353027344 -1.179594874382019
254.34043884277344 487.43658447265625 -1.1848275661468506
255.81698608398438 483.77545166015625 -1.1900602579116821
257.27435302734375 480.1066589355469 -1.1952929496765137
258.7125244140625 476.4302673339844 -1.2005256414413452
260.1314392089844 472.74639892578125 -1.2057583332061768
261.5310363769531 469.05517578125 -1.2109910249710083
262.91131591796875 465.3566589355469 -1.2162237167358398
264.272216796875 461.6509704589844 -1.2214564085006714
264.272216796875 461.6509704589844 -1.6214563846588135
264.06201171875 457.7088928222656 -1.626689076423645
263.8311767578125 453.7679748535156 -1.6319217681884766
263.5797119140625 449.82830810546875 -1.637154459953308
263.3076477050781 445.8900146484375 -1.6423871517181396
263.0149841308594 441.9532165527344 -1.6476198434829712
262.70172119140625 438.01800537109375 -1.6528525352478027
262.36785888671875 434.08447265625 -1.6580852270126343
262.013427734375 430.1527404785156 -1.6633179187774658
261.638427734375 426.2229309082031 -1.6685506105422974
261.24285888671875 422.2951354980469 -1.673783302307129
260.8267517089844 418.36944580078125 -1.6790159940719604
260.3901062011719 414.4460144042969 -1.684248685836792
259.93292236328125 410.52490234375 -1.6894813776016235
259.4544372558594 406.61700439453125 -1.695772647857666
258.9521179199219 402.701416015625 -1.7010053396224976
258.4292907714844 398.78875732421875 -1.706261396408081
258.4292907714844 398.78875732421875 -2.1062614917755127
256.4061584472656 395.39892578125 -2.1114940643310547
254.3653106689453 392.01971435546875 -2.1167266368865967
252.3068084716797 388.6512451171875 -2.1219592094421387
250.230712890625 385.2935791015625 -2.1271917819976807
248.13706970214844 381.94683837890625 -2.1324243545532227
246.02593994140625 378.611083984375 -2.1376569271087646
243.8973846435547 375.28643798828125 -2.1428894996643066
241.75148010253906 371.97296142578125 -2.1481235027313232
239.5882568359375 368.6707763671875 -2.1533563137054443
237.40777587890625 365.37994384765625 -2.1585888862609863
237.40777587890625 365.37994384765625 -2.558588981628418
234.10653686523438 363.2152404785156 -2.56382155418396
230.7940216064453 361.0678405761719 -2.569054126739502
227.47030639648438 358.93780517578125 -2.574286699295044
224.135498046875 356.8251953125 -2.579519271850586
220.7896728515625 354.7300720214844 -2.584751844406128
217.4329376220703 352.6524658203125 -2.58998441696167
214.06536865234375 350.59246826171875 -2.595216989517212
210.68707275390625 348.55010986328125 -2.600449562072754
207.2981414794922 346.52545166015625 -2.605682134628296
203.89865112304688 344.5185546875 -2.610914707183838
200.48870849609375 342.52947998046875 -2.61614727973938
197.0684051513672 340.55828857421875 -2.621379852294922
193.63783264160156 338.6050109863281 -2.626612424850464
193.8173065185547 338.6653747558594 -3.0075619220733643
194.00636291503906 338.6546936035156 2.8946738243103027
194.00636291503906 338.6546936035156 2.494673728942871
194.00636291503906 338.6546936035156 2.0946736335754395
194.00636291503906 338.6546936035156 1.6946736574172974
194.00636291503906 338.6546936035156 1.2946736812591553
194.00636291503906 338.6546936035156 0.8946737051010132
195.58831787109375 340.9009094238281 1.0197409391403198
197.6640625 344.2587890625 1.0145082473754883
199.75733947753906 347.60577392578125 1.0092755556106567
201.0720672607422 350.0181579589844 1.1343427896499634
202.75021362304688 353.59136962890625 1.1291100978851318
204.44703674316406 357.15576171875 1.1238774061203003
206.16249084472656 360.7112121582031 1.1186447143554688
207.89651489257812 364.2576599121094 1.1134120225906372
209.64907836914062 367.79498291015625 1.1081793308258057
211.4201202392578 371.3230895996094 1.1029466390609741
213.20960998535156 374.84185791015625 1.0977139472961426
215.01748657226562 378.3512268066406 1.092481255531311
216.8437042236328 381.85107421875 1.0872485637664795
218.68820190429688 385.3413391113281 1.082015872001648
220.55093383789062 388.8218994140625 1.0767831802368164
222.43185424804688 392.29266357421875 1.0715504884719849
224.33091735839844 395.7535400390625 1.0663177967071533
226.24806213378906 399.2044372558594 1.0610851049423218
228.18324279785156 402.645263671875 1.0558524131774902
230.1363983154297 406.0758972167969 1.0506197214126587
232.10748291015625 409.49627685546875 1.0453870296478271
234.096435546875 412.9062805175781 1.0401543378829956
236.1031951904297 416.30584716796875 1.034921646118164
238.12771606445312 419.6948547363281 1.0296889543533325
240.16995239257812 423.0732116699219 1.024456262588501
242.22982788085938 426.44085693359375 1.0192235708236694
242.22982788085938 426.44085693359375 0.6192235946655273
242.22982788085938 426.44085693359375 0.21922358870506287
246.0852508544922 427.2892761230469 0.21399091184139252
249.94505310058594 428.1175231933594 0.20875823497772217
253.80914306640625 428.925537109375 0.20352555811405182
257.6773986816406 429.7133483886719 0.19829288125038147
261.54974365234375 430.48089599609375 0.19306020438671112
265.426025390625 431.2281799316406 0.18782752752304077
269.3061828613281 431.9551696777344 0.18259485065937042
273.1900939941406 432.6618347167969 0.17736217379570007
277.07763671875 433.3481750488281 0.17212949693202972
280.9687194824219 434.01416015625 0.16689682006835938
284.8632507324219 434.6597595214844 0.16166414320468903
288.7611083984375 435.28497314453125 0.15643146634101868
292.66217041015625 435.8898010253906 0.15119878947734833
296.56634521484375 436.4742126464844 0.14596611261367798
300.4735107421875 437.0381774902344 0.14073343575000763
303.1643371582031 437.5928039550781 0.26580071449279785
306.97607421875 438.61981201171875 0.2605680227279663
309.581298828125 439.49212646484375 0.3856353163719177
313.242919921875 440.96746826171875 0.3804026246070862
315.72515869140625 442.1449890136719 0.5054699182510376
319.18414306640625 444.0474853515625 0.500237226486206
321.5078125 445.5133056640625 0.6253045201301575
324.7145690917969 447.815673828125 0.6200718283653259
326.8463439941406 449.54876708984375 0.7451391220092773
329.7548522949219 452.2179870605469 0.7399064302444458
332.6772766113281 454.8719482421875 0.7346737384796143
335.6135559082031 457.5105895996094 0.7294410467147827
338.5635986328125 460.1338195800781 0.7242083549499512
341.52734375 462.7415771484375 0.7189756631851196
344.5046691894531 465.33380126953125 0.7137429714202881
347.49554443359375 467.910400390625 0.7085102796554565
350.4998474121094 470.4713134765625 0.703277587890625
353.51751708984375 473.0164794921875 0.6980448961257935
356.5484619140625 475.5458068847656 0.6928122043609619
359.59259033203125 478.0592346191406 0.6875795125961304
362.64984130859375 480.55670166015625 0.6823468208312988
365.7201232910156 483.03814697265625 0.6771141290664673
368.8033447265625 485.50347900390625 0.6718814373016357
371.8994140625 487.95263671875 0.6666487455368042
375.0082702636719 490.3855895996094 0.6614160537719727
378.1297912597656 492.8022155761719 0.6561833620071411
381.263916015625 495.2024841308594 0.6509506702423096
384.4105529785156 497.5863342285156 0.645717978477478
387.56964111328125 499.95367431640625 0.6404852867126465
390.7410583496094 502.304443359375 0.6352525949478149
393.92474365234375 504.6385803222656 0.6300199031829834
397.12060546875 506.9560241699219 0.6247872114181519
400.32855224609375 509.2567138671875 0.6195545196533203
403.5484924316406 511.54058837890625 0.6143218278884888
406.78033447265625 513.8076171875 0.6090891361236572
410.02398681640625 516.0576782226562 0.6038564443588257
413.27935791015625 518.2907104492188 0.5986237525939941
416.54638671875 520.5067138671875 0.5933910608291626
419.824951171875 522.70556640625 0.588158369064331
423.114990234375 524.8872680664062 0.5829256772994995
426.4164123535156 527.0516967773438 0.577692985534668
429.7290954589844 529.1988525390625 0.5724602937698364
433.052978515625 531.32861328125 0.5672276020050049
436.3879699707031 533.4409790039062 0.5619949102401733
439.73394775390625 535.5358276367188 0.5567622184753418
443.0908508300781 537.6131591796875 0.5515295267105103
446.4585876464844 539.6729125976562 0.5462968349456787
449.8370361328125 541.7150268554688 0.5410641431808472
453.22613525390625 543.7393798828125 0.5358314514160156
456.6257629394531 545.7459716796875 0.5305987596511841
460.0358581542969 547.7348022460938 0.5253660678863525
463.4563293457031 549.7057495117188 0.520133376121521
466.8870544433594 551.6587524414062 0.5149006843566895
470.32794189453125 553.59375 0.5096679925918579
473.7789001464844 555.5107421875 0.5044353008270264
477.2398681640625 557.40966796875 0.4992026090621948
480.7107238769531 559.2904663085938 0.4939699172973633
484.1913757324219 561.153076171875 0.48873722553253174
484.1913757324219 561.153076171875 0.08873721957206726
488.1244201660156 561.4926147460938 0.08350454270839691
492.0591735839844 561.8115844726562 0.07827186584472656
495.99554443359375 562.1099853515625 0.07303918898105621
499.9334411621094 562.3877563476562 0.06780651211738586
503.8727111816406 562.6448974609375 0.06257383525371552
507.81329345703125 562.8814697265625 0.05734115466475487
511.75506591796875 563.097412109375 0.05210847407579422
515.6978759765625 563.292724609375 0.04687579348683357
519.6416625976562 563.4674072265625 0.041643112897872925
523.5863037109375 563.6214599609375 0.03641043230891228
527.53173828125 563.7548217773438 0.03117775171995163
531.477783203125 563.8675537109375 0.025945071130990982
535.4243774414062 563.9596557617188 0.020712390542030334
539.3713989257812 564.0310668945312 0.015479710884392262
543.3187255859375 564.0818481445312 0.010247031226754189
547.2662963867188 564.1119995117188 0.005014351569116116
551.2139282226562 564.1214599609375 -0.0002183280885219574
555.0706176757812 564.093017578125 -0.014538129791617393
555.0706176757812 564.093017578125 -0.4145381450653076
555.0706176757812 564.093017578125 -0.8145381212234497
557.77197265625 561.21435546875 -0.8197708129882812
560.458251953125 558.3215942382812 -0.8250035047531128
560.458251953125 558.3215942382812 -1.2250034809112549
561.7865600585938 554.6041259765625 -1.2302361726760864
563.0953979492188 550.8797607421875 -1.235468864440918
563.0953979492188 550.8797607421875 -1.63546884059906
562.8299560546875 546.9410400390625 -1.6407015323638916
562.5439453125 543.0037231445312 -1.6459342241287231
562.2373046875 539.0679931640625 -1.6511669158935547
561.9100952148438 535.1339111328125 -1.6563996076583862
561.562255859375 531.2015991210938 -1.6616322994232178
561.19384765625 527.2711791992188 -1.6668649911880493
560.804931640625 523.3427124023438 -1.6720976829528809
560.3954467773438 519.4163208007812 -1.6773303747177124
559.9653930664062 515.4921264648438 -1.682563066482544
559.5148315429688 511.57025146484375 -1.6877957582473755
559.0437622070312 507.6507873535156 -1.693028450012207
558.5521850585938 503.7338562011719 -1.6982611417770386
558.0401000976562 499.8195495605469 -1.7034938335418701
557.507568359375 495.907958984375 -1.7087265253067017
556.95458984375 491.99920654296875 -1.7139592170715332
556.3811645507812 488.0934143066406 -1.7191919088363647
555.7872924804688 484.190673828125 -1.7244246006011963
555.1729736328125 480.2911071777344 -1.7296572923660278
554.5382690429688 476.3948059082031 -1.7348899841308594
553.8831787109375 472.5018615722656 -1.740122675895691
553.207763671875 468.6123962402344 -1.7453553676605225
552.511962890625 464.7265319824219 -1.750588059425354
551.7958374023438 460.8443603515625 -1.7558207511901855
551.7958374023438 460.8443603515625 -2.155820846557617
549.6072387695312 457.55889892578125 -2.161053419113159
547.4014892578125 454.2849426269531 -2.166285991668701
545.1786499023438 451.0225830078125 -2.171518564224243
542.9387817382812 447.7718811035156 -2.176751136779785
540.6819458007812 444.532958984375 -2.181983709335327
540.6819458007812 444.532958984375 -2.581983804702759
537.3309936523438 442.4460754394531 -2.587216377258301
533.9691162109375 440.37677001953125 -2.5924489498138428
530.5964965820312 438.3250732421875 -2.5976815223693848
527.2131958007812 436.2910461425781 -2.6029140949249268
523.8192749023438 434.2747497558594 -2.6081466674804688
520.4148559570312 432.2762451171875 -2.6133792400360107
517.0 430.29559326171875 -2.6186118125915527
513.5748291015625 428.33282470703125 -2.6238443851470947
510.13946533203125 426.38800048828125 -2.6290769577026367
506.6939697265625 424.461181640625 -2.6343095302581787
503.2384338378906 422.55242919921875 -2.6395421028137207
499.77294921875 420.6617736816406 -2.6447746753692627
496.2976379394531 418.7892761230469 -2.6500072479248047
492.81256103515625 416.93499755859375 -2.6552398204803467
489.3178405761719 415.0989685058594 -2.6604723930358887
485.8135681152344 413.28125 -2.6657049655914307
482.2998046875 411.4819030761719 -2.6709375381469727
478.7767028808594 409.7009582519531 -2.6761701107025146
475.24432373046875 407.9384765625 -2.6814026832580566
471.7027587890625 406.19451904296875 -2.6866352558135986
468.1521301269531 404.4691162109375 -2.6918678283691406
464.5924987792969 402.7622985839844 -2.6971004009246826
461.02398681640625 401.0741271972656 -2.7023329734802246
457.44671630859375 399.4046630859375 -2.7075655460357666
453.8607482910156 397.7539367675781 -2.7127981185913086
450.26617431640625 396.12200927734375 -2.7180306911468506
446.6631164550781 394.5089111328125 -2.7232632637023926
443.0516662597656 392.9146728515625 -2.7284958362579346
439.43194580078125 391.33935546875 -2.7337284088134766
435.80401611328125 389.7829895019531 -2.7389609813690186
432.1679992675781 388.2456359863281 -2.7441935539245605
428.52398681640625 386.7273254394531 -2.7494261264801025
424.8720703125 385.2281188964844 -2.7546586990356445
421.2123718261719 383.748046875 -2.7598912715911865
417.54498291015625 382.2871398925781 -2.7651238441467285
413.8699951171875 380.8454284667969 -2.7703564167022705
410.1875 379.4229736328125 -2.7755889892578125
406.49761962890625 378.0198059082031 -2.7808215618133545
402.8004455566406 376.6359558105469 -2.7860541343688965
399.0960693359375 375.271484375 -2.7912867069244385
395.3846130371094 373.9264221191406 -2.7965192794799805
391.6661682128906 372.6007995605469 -2.8017518520355225
387.94085693359375 371.2946472167969 -2.8069844245910645
384.208740234375 370.00799560546875 -2.8122169971466064
380.4699401855469 368.7408752441406 -2.8174495697021484
376.7245788574219 367.49334716796875 -2.8226821422576904
372.9727478027344 366.26544189453125 -2.8279147148132324
370.4175109863281 365.25604248046875 -2.702847480773926
366.83935546875 363.5884094238281 -2.7080800533294678
363.2525329589844 361.93951416015625 -2.7133126258850098
359.6571350097656 360.3094177246094 -2.7185451984405518
356.0532531738281 358.6981506347656 -2.7237777709960938
352.44097900390625 357.10577392578125 -2.7290103435516357
348.8204345703125 355.5323181152344 -2.7342429161071777
345.19171142578125 353.97784423828125 -2.7394754886627197
341.5549011230469 352.4423522949219 -2.7447080612182617
339.0924072265625 351.2240905761719 -2.619640827178955
335.6652526855469 349.2648620605469 -2.624873399734497
332.2278747558594 347.3235778808594 -2.630105972290039
328.7803955078125 345.4002990722656 -2.635338544845581
325.3229064941406 343.4950866699219 -2.640571117401123
321.8554992675781 341.6080017089844 -2.645803689956665
318.3782653808594 339.73907470703125 -2.651036262512207
314.89129638671875 337.88836669921875 -2.656268835067749
311.3946838378906 336.0559387207031 -2.661501407623291
307.8885192871094 334.2418212890625 -2.666733980178833
304.3729248046875 332.4460754394531 -2.671966552734375
300.8479919433594 330.66876220703125 -2.677199125289917
297.31378173828125 328.909912109375 -2.682431697845459
293.7704162597656 327.1695861816406 -2.687664270401001
290.218017578125 325.44781494140625 -2.692896842956543
286.6566467285156 323.7446594238281 -2.698129415512085
283.08642578125 322.0601806640625 -2.703361988067627
279.5074157714844 320.3943786621094 -2.708594560623169
277.0896301269531 319.0876770019531 -2.583620309829712
273.7352600097656 317.00628662109375 -2.588852882385254
270.3700256347656 314.9424743652344 -2.594085454940796
266.9940490722656 312.89630126953125 -2.599318027496338
264.7340087890625 311.3341369628906 -2.4742507934570312
261.6268615722656 308.8990478515625 -2.4794833660125732
259.5697937011719 307.0779113769531 -2.3544161319732666
256.7760314941406 304.288818359375 -2.3596487045288086
253.96771240234375 301.514404296875 -2.3648812770843506
252.1324005126953 299.469970703125 -2.239814043045044
249.6759033203125 296.37969970703125 -2.245046615600586
248.09815979003906 294.1305236816406 -2.1199793815612793
246.02871704101562 290.7687683105469 -2.1252119541168213
244.73117065429688 288.34710693359375 -2.0001447200775146
243.07846069335938 284.7620544433594 -2.0053772926330566
242.07972717285156 282.20263671875 -1.88031005859375
240.86744689941406 278.4457092285156 -1.8855427503585815
240.1818389892578 275.7852478027344 -1.760475516319275
239.83346557617188 273.06005859375 -1.6354082822799683
239.56826782226562 269.1213073730469 -1.6406409740447998
239.54818725585938 266.3739929199219 -1.5155737400054932
239.75576782226562 262.4317932128906 -1.5208064317703247
239.94271850585938 258.4885559082031 -1.5260391235351562
240.10902404785156 254.5443878173828 -1.5312718152999878
240.2546844482422 250.5994110107422 -1.5365045070648193
240.3797149658203 246.65371704101562 -1.5417371988296509
240.4840850830078 242.70742797851562 -1.5469698905944824
240.56781005859375 238.76065063476562 -1.552202582359314
240.63087463378906 234.81349182128906 -1.5574352741241455
240.6732940673828 230.86605834960938 -1.562667965888977
240.69505310058594 226.91845703125 -1.5679006576538086
240.69615173339844 222.97079467773438 -1.5731333494186401
240.6765899658203 219.02317810058594 -1.5783660411834717
240.63638305664062 215.07569885253906 -1.5835976600646973
240.63638305664062 215.07569885253906 -1.9835976362228394
240.7438201904297 215.23162841796875 -2.36454701423645
238.9091796875 213.18658447265625 -2.2394797801971436
237.34397888183594 210.92864990234375 -2.114412546157837
236.07266235351562 208.4931182861328 -1.9893453121185303
236.1809844970703 208.64842224121094 -2.3702948093414307
234.33462524414062 206.61395263671875 -2.245227575302124
232.7564697265625 204.36505126953125 -2.1201603412628174
231.47117614746094 201.93685913085938 -1.9950931072235107
231.5803985595703 202.091552734375 -2.376042604446411
229.72238159179688 200.06773376464844 -2.2509753704071045
228.13133239746094 197.82794189453125 -2.125908136367798
226.83209228515625 195.4071807861328 -2.000840902328491
226.94219970703125 195.5612335205078 -2.3817903995513916
224.07315063476562 192.84967041015625 -2.3870229721069336
221.18994140625 190.1531524658203 -2.3922555446624756
219.29934692382812 188.1597137451172 -2.267188310623169
217.6721954345703 185.94601440429688 -2.1421210765838623
216.33364868164062 183.54632568359375 -2.017092704772949
216.44627380371094 183.6986083984375 -2.3980369567871094
213.53353881835938 181.0340118408203 -2.4032695293426514
210.60690307617188 178.3846893310547 -2.4085021018981934
207.66644287109375 175.75071716308594 -2.4137346744537354
204.71224975585938 173.13217163085938 -2.4189672470092773
201.74440002441406 170.52911376953125 -2.4241998195648193
198.73077392578125 167.8999481201172 -2.4242467880249023
196.7773895263672 165.96800231933594 -2.2991795539855957
195.08026123046875 163.80747985839844 -2.174112319946289
195.21527099609375 163.94024658203125 -2.5550618171691895
191.92169189453125 161.763916015625 -2.5602943897247314
191.92169189453125 161.763916015625 -2.4540891647338867
191.92169189453125 161.763916015625 -2.329054355621338
191.92169189453125 161.763916015625 -2.2678725719451904
191.92169189453125 161.763916015625 -2.142833709716797
190.58145141601562 159.3651885986328 -2.0178029537200928
190.58145141601562 159.3651885986328 -2.0224857330322266
190.6949920654297 159.51699829101562 -2.4034128189086914
190.6949920654297 159.51699829101562 -2.4077937602996826
190.85708618164062 159.61489868164062 -2.788743257522583
190.85708618164062 159.61489868164062 3.0944418907165527
190.85708618164062 159.61489868164062 2.694441795349121
190.85708618164062 159.61489868164062 2.2944416999816895
190.85708618164062 159.61489868164062 1.8944417238235474
190.85708618164062 159.61489868164062 1.4944417476654053
190.85708618164062 159.61489868164062 1.0944417715072632
192.6764373779297 163.1183319091797 1.0892090797424316
194.51409912109375 166.61219787597656 1.0839763879776
196.37001037597656 170.09640502929688 1.0787436962127686
198.24412536621094 173.5708465576172 1.073511004447937
200.1363983154297 177.03543090820312 1.0682783126831055
202.04676818847656 180.4900665283203 1.063045620918274
203.97518920898438 183.93466186523438 1.0578129291534424
205.92161560058594 187.36912536621094 1.0525802373886108
207.885986328125 190.79335021972656 1.0473475456237793
209.8682403564453 194.20726013183594 1.0421148538589478
211.8683319091797 197.61074829101562 1.0368821620941162
213.88621520996094 201.00372314453125 1.0316494703292847
215.92181396484375 204.38609313964844 1.0264167785644531
217.97509765625 207.7577667236328 1.0211840867996216
220.04598999023438 211.11863708496094 1.01595139503479
222.1344451904297 214.4686279296875 1.0107187032699585
224.2404022216797 217.80764770507812 1.005486011505127
226.36380004882812 221.13560485839844 1.0002533197402954
228.50457763671875 224.45240783691406 0.9950206279754639
230.66268920898438 227.75796508789062 0.9897879362106323
232.8380584716797 231.05218505859375 0.9845552444458008
235.0306396484375 234.33497619628906 0.9793225526809692
237.24037170410156 237.6062469482422 0.9740898609161377
239.46719360351562 240.86590576171875 0.9688571691513062
239.46719360351562 240.86590576171875 0.5688571929931641
239.46719360351562 240.86590576171875 0.16885718703269958
239.46719360351562 240.86590576171875 -0.2311428189277649
239.46719360351562 240.86590576171875 -0.6311428546905518
242.64825439453125 238.52818298339844 -0.6363755464553833
245.81703186035156 236.17384338378906 -0.6416082382202148
248.97344970703125 233.80296325683594 -0.6468409299850464
252.11741638183594 231.41558837890625 -0.6520736217498779
255.2488555908203 229.0117950439453 -0.6573063135147095
258.36767578125 226.59165954589844 -0.662539005279541
261.4737854003906 224.1552276611328 -0.6677716970443726
264.5671081542969 221.70257568359375 -0.6730043888092041
267.6475524902344 219.23377990722656 -0.6782370805740356
270.71502685546875 216.7489013671875 -0.6834697723388672
273.76947021484375 214.2480010986328 -0.6887024641036987
276.810791015625 211.7311553955078 -0.6939351558685303
279.8388977050781 209.19842529296875 -0.6991678476333618
282.85369873046875 206.64988708496094 -0.7044005393981934
285.8551330566406 204.08560180664062 -0.7096332311630249
288.8431091308594 201.50564575195312 -0.7148659229278564
291.8175354003906 198.91009521484375 -0.720098614692688
294.7783508300781 196.29901123046875 -0.7253313064575195
297.7254638671875 193.67247009277344 -0.7305639982223511
300.6587829589844 191.03054809570312 -0.7357966899871826
302.8066711425781 189.31744384765625 -0.610729455947876
306.0347900390625 187.04513549804688 -0.6159621477127075
308.37225341796875 185.60093688964844 -0.4909188747406006
311.84881591796875 183.7307586669922 -0.49615156650543213
315.3155517578125 181.84242248535156 -0.5013842582702637
318.7723693847656 179.9359588623047 -0.5066169500350952
321.2544860839844 178.7548065185547 -0.3816939890384674
324.9142150878906 177.27474975585938 -0.38692668080329895
328.5661315917969 175.7755584716797 -0.3921593725681305
332.21014404296875 174.2572784423828 -0.39739206433296204
335.8461608886719 172.71995544433594 -0.4026247560977936
339.4740905761719 171.1636199951172 -0.4078574478626251
343.0938415527344 169.5883331298828 -0.41309013962745667
346.7052917480469 167.99412536621094 -0.4183228313922882
350.308349609375 166.38104248046875 -0.42355552315711975
353.9029235839844 164.74913024902344 -0.4287882149219513
356.474609375 163.7616424560547 -0.304458349943161
360.23760986328125 162.56837463378906 -0.30969104170799255
363.99432373046875 161.35543823242188 -0.3149237334728241
367.74462890625 160.1228485107422 -0.32015642523765564
371.4884338378906 158.8706512451172 -0.3253891170024872
375.22564697265625 157.59889221191406 -0.3306218087673187
378.9561462402344 156.30758666992188 -0.33585450053215027
382.6798400878906 154.9967803955078 -0.3410871922969818
386.3966369628906 153.66650390625 -0.34631988406181335
390.1064147949219 152.31680297851562 -0.3515525758266449
393.80908203125 150.9477081298828 -0.35678526759147644
397.5045166015625 149.5592498779297 -0.362017959356308
401.1926574707031 148.15147399902344 -0.3672506511211395
404.87335205078125 146.72442626953125 -0.37248334288597107
408.5465393066406 145.27813720703125 -0.3777160346508026
412.2121276855469 143.81265258789062 -0.38294872641563416
415.8699951171875 142.3280029296875 -0.3881814181804657
419.52001953125 140.82423400878906 -0.39341410994529724
423.1621398925781 139.3013916015625 -0.3986468017101288
426.7962341308594 137.75950622558594 -0.4038794934749603
430.4222106933594 136.19862365722656 -0.40911218523979187
434.03997802734375 134.61878967285156 -0.4143448770046234
437.6494140625 133.02005004882812 -0.41957756876945496
441.2504577636719 131.40243530273438 -0.4248102605342865
444.8429870605469 129.76600646972656 -0.43004295229911804
448.4268798828125 128.11080932617188 -0.4352756440639496
452.0020751953125 126.43687438964844 -0.44050833582878113
455.5684509277344 124.74425506591797 -0.44574102759361267
459.1259460449219 123.03299713134766 -0.4509737193584442
462.6744384765625 121.30314636230469 -0.45620641112327576
466.21380615234375 119.55474853515625 -0.4614391028881073
469.7439880371094 117.78785705566406 -0.46667179465293884
473.2648620605469 116.00251770019531 -0.4719044864177704
476.7763671875 114.19877624511719 -0.47713717818260193
480.27838134765625 112.3766860961914 -0.48236986994743347
483.77081298828125 110.53630065917969 -0.487602561712265
487.2535705566406 108.67766571044922 -0.49283525347709656
490.7265625 106.80082702636719 -0.4980679452419281
494.1896667480469 104.90584564208984 -0.5033006072044373
497.642822265625 102.99276733398438 -0.5085332989692688
501.0859069824219 101.0616455078125 -0.5137659907341003
504.5188293457031 99.11253356933594 -0.5189986824989319
507.9415283203125 97.1454849243164 -0.5242313742637634
511.3538818359375 95.16055297851562 -0.529464066028595
514.7557983398438 93.15779113769531 -0.5346967577934265
518.147216796875 91.13726043701172 -0.5399294495582581
521.5280151367188 89.09900665283203 -0.5451621413230896
524.8980712890625 87.0430908203125 -0.5503948330879211
528.25732421875 84.96956634521484 -0.5556275248527527
531.605712890625 82.87849426269531 -0.5608602166175842
534.943115234375 80.76992797851562 -0.5660929083824158
538.2694091796875 78.64392852783203 -0.5713256001472473
541.5845336914062 76.50055694580078 -0.5765582919120789
544.8883666992188 74.3398666381836 -0.5817909836769104
548.1808471679688 72.16191864013672 -0.5870236754417419
551.4619140625 69.9667739868164 -0.5922563672065735
554.7314453125 67.75448608398438 -0.597489058971405
557.9893798828125 65.5251235961914 -0.6027217507362366
561.235595703125 63.27873992919922 -0.6079544425010681
564.4700317382812 61.015403747558594 -0.6131871342658997
567.6925659179688 58.735172271728516 -0.6184198260307312
570.7026977539062 56.53168869018555 -0.6453615427017212
570.7026977539062 56.53168869018555 -1.0453615188598633
572.6738891601562 53.111366271972656 -1.0505942106246948
574.6271362304688 49.68077850341797 -1.0558269023895264
576.5623779296875 46.24001693725586 -1.061059594154358
578.4796142578125 42.78917694091797 -1.0662922859191895
580.3781127929688 39.32912826538086 -1.071624517440796
580.3781127929688 39.32912826538086 -1.471624493598938
580.3781127929688 39.32912826538086 -1.87162446975708
579.1985473632812 35.561927795410156 -1.8768678903579712
579.1985473632812 35.561927795410156 -2.2768678665161133
579.1985473632812 35.561927795410156 -2.676867961883545
579.1985473632812 35.561927795410156 -3.0768680572509766
575.2584838867188 35.31690216064453 -3.0821006298065186
571.3171997070312 35.09249496459961 -3.0873332023620605
567.3748168945312 34.88871765136719 -3.0925657749176025
563.431396484375 34.705570220947266 -3.0977983474731445
559.487060546875 34.543060302734375 -3.1030309200286865
555.5419311523438 34.40119171142578 -3.1082634925842285
551.5961303710938 34.27996826171875 -3.1134960651397705
547.6497192382812 34.17938995361328 -3.1187286376953125
543.702880859375 34.099464416503906 -3.1239612102508545
539.7556762695312 34.040191650390625 -3.1291937828063965
535.8081665039062 34.0015754699707 -3.1344263553619385
531.8605346679688 33.983612060546875 -3.1396589279174805
527.912841796875 33.98630905151367 3.138293743133545
523.9652709960938 34.00965881347656 3.133061170578003
520.017822265625 34.05366516113281 3.127828598022461
516.0706787109375 34.11832809448242 3.122596025466919
512.1239013671875 34.203643798828125 3.117363452911377
508.1776428222656 34.309608459472656 3.112130880355835
504.23199462890625 34.436222076416016 3.106898307800293
500.2870788574219 34.58347702026367 3.101665735244751
496.3429870605469 34.751373291015625 3.096433162689209
492.3998107910156 34.939903259277344 3.091200590133667
488.4576721191406 35.14906692504883 3.085968017578125
484.5166931152344 35.37885284423828 3.080735445022583
480.57696533203125 35.62925720214844 3.075502872467041
476.63861083984375 35.900272369384766 3.070270299911499
472.70172119140625 36.191890716552734 3.065037727355957
468.76641845703125 36.50410461425781 3.059805154800415
464.8327941894531 36.83690643310547 3.054572582244873
460.9009704589844 37.19028854370117 3.049340009689331
456.9710388183594 37.564239501953125 3.044107437133789
453.0431213378906 37.95874786376953 3.038874864578247
449.1173400878906 38.373802185058594 3.033642292022705
445.19378662109375 38.80939483642578 3.028409719467163
441.2725524902344 39.26551055908203 3.023177146911621
437.353759765625 39.74213790893555 3.017944574356079
433.4375305175781 40.23926544189453 3.012712001800537
429.5239562988281 40.75687789916992 3.007479429244995
425.6131286621094 41.294960021972656 3.002246856689453
421.7051696777344 41.85350036621094 2.997014284133911
417.8002014160156 42.43247985839844 2.991781711578369
415.06329345703125 42.671958923339844 3.116848945617676
411.1170959472656 42.77995300292969 3.111616373062134
407.1715087890625 42.90859603881836 3.106383800506592
403.2266540527344 43.05788040161133 3.10115122795105
399.28265380859375 43.227806091308594 3.095918655395508
395.339599609375 43.418365478515625 3.090686082839966
391.3975830078125 43.629554748535156 3.085453510284424
387.45672607421875 43.86137008666992 3.080220937728882
383.51715087890625 44.113800048828125 3.07498836517334
379.5789489746094 44.3868408203125 3.069755792617798
375.6422119140625 44.680484771728516 3.064523220062256
371.7070617675781 44.99472427368164 3.059290647506714
367.77362060546875 45.329551696777344 3.054058074951172
363.84197998046875 45.68495559692383 3.04882550239563
359.9122619628906 46.06092834472656 3.043592929840088
355.98455810546875 46.45745849609375 3.038360357284546
352.0589904785156 46.874534606933594 3.033127784729004
348.1356506347656 47.3121452331543 3.027895212173462
344.21466064453125 47.77027893066406 3.02266263961792
340.2961120605469 48.248924255371094 3.017430067062378
336.380126953125 48.74806594848633 3.012197494506836
332.466796875 49.26769256591797 3.006964921951294
328.5562438964844 49.80778884887695 3.001732349395752
324.6485900878906 50.36833953857422 2.99649977684021
320.743896484375 50.9493293762207 2.991267204284668
316.8423156738281 51.550743103027344 2.986034631729126
312.9439392089844 52.17256164550781 2.980802059173584
309.0488586425781 52.81476974487305 2.975569486618042
305.1571960449219 53.477352142333984 2.9703369140625
301.26904296875 54.1602897644043 2.965104341506958
297.384521484375 54.863563537597656 2.959871768951416
293.50372314453125 55.58715057373047 2.954639196395874
290.777587890625 55.928096771240234 3.0797064304351807
286.838134765625 56.18255615234375 3.0744738578796387
282.9000549316406 56.45762634277344 3.0692412853240967
278.9634704589844 56.7532958984375 3.0640087127685547
275.02850341796875 57.06956100463867 3.0587761402130127
271.0952453613281 57.406410217285156 3.0535435676574707
267.1637878417969 57.76383590698242 3.0483109951019287
263.2342529296875 58.14183044433594 3.0430784225463867
259.3067626953125 58.54037857055664 3.0378458499908447
255.38140869140625 58.95947265625 3.0326132774353027
251.4582977294922 59.39910125732422 3.0273807048797607
247.53753662109375 59.8592529296875 3.0221481323242188
243.61923217773438 60.33991241455078 3.0169155597686768
239.70350646972656 60.841068267822266 3.0116829872131348
235.7904510498047 61.362709045410156 3.0064504146575928
231.88018798828125 61.904815673828125 3.001217842102051
227.97280883789062 62.467376708984375 2.995985269546509
224.06842041015625 63.05037307739258 2.990752696990967
220.16714477539062 63.65379333496094 2.985520124435425
216.26907348632812 64.27761840820312 2.980287551879883
212.37432861328125 64.92182922363281 2.975054979324341
208.48300170898438 65.58641052246094 2.969822406768799
204.59519958496094 66.27134704589844 2.964589834213257
200.71104431152344 66.97661590576172 2.959357261657715
196.83062744140625 67.70220184326172 2.954124689102173
192.9540557861328 68.44808197021484 2.948892116546631
189.02902221679688 69.21411895751953 2.948803424835205
186.30491638183594 69.57096862792969 3.0738706588745117
182.36700439453125 69.8484115600586 3.0686380863189697
178.43060302734375 70.14645385742188 3.0634055137634277
174.49581909179688 70.46509552001953 3.0581729412078857
170.56275939941406 70.8043212890625 3.0529403686523438
166.6315155029297 71.16412353515625 3.0477077960968018
162.70220947265625 71.54448699951172 3.0424752235412598
158.7749481201172 71.94540405273438 3.0372426509857178
156.02996826171875 72.06025695800781 -3.120875358581543
152.08294677734375 71.98880767822266 -3.126107931137085
148.13560485839844 71.9380111694336 -3.131340503692627
144.18804931640625 71.90786743164062 -3.136573076248169
140.24038696289062 71.89837646484375 3.1413795948028564
136.29273986816406 71.9095458984375 3.1361470222473145
132.34519958496094 71.94136810302734 3.1309144496917725
128.3978729248047 71.99385070800781 3.1256818771362305
124.45088195800781 72.06698608398438 3.1204493045806885
120.50432586669922 72.16077423095703 3.1152167320251465
116.55831909179688 72.27520751953125 3.1099841594696045
112.61296081542969 72.41028594970703 3.1047515869140625
109.86648559570312 72.33970642089844 -3.0533664226531982
105.93327331542969 72.00215911865234 -3.0585989952087402
101.99835205078125 71.68519592285156 -3.0638315677642822
98.06182098388672 71.38882446289062 -3.069064140319824
94.12379455566406 71.1130599975586 -3.074296712875366
90.18437957763672 70.85790252685547 -3.079529285430908
86.24368286132812 70.62336730957031 -3.08476185798645
82.30181121826172 70.40945434570312 -3.089994430541992
82.30181121826172 70.40945434570312 2.7931907176971436
79.66592407226562 71.18418884277344 2.91825795173645
76.95398712158203 71.62406921386719 3.043325185775757
77.13550567626953 71.57015228271484 2.6623756885528564
73.63729095458984 73.39952087402344 2.6571431159973145
70.14869689941406 75.2471694946289 2.6519105434417725
66.66981506347656 77.11304473876953 2.6466779708862305
63.200748443603516 78.99710083007812 2.6414453983306885
59.7415885925293 80.89928436279297 2.6362128257751465
56.29242706298828 82.81954193115234 2.6309802532196045
52.853363037109375 84.75782012939453 2.6257476806640625
49.42448806762695 86.71406555175781 2.6205151081085205
46.00589370727539 88.68822479248047 2.6152825355529785
42.59767532348633 90.68024444580078 2.6100499629974365
39.199928283691406 92.69007110595703 2.6048173904418945
35.812744140625 94.7176513671875 2.5995848178863525
32.436214447021484 96.76292419433594 2.5943522453308105
29.0704345703125 98.82583618164062 2.5891196727752686
25.715496063232422 100.90633392333984 2.5838871002197266
22.371488571166992 103.00435638427734 2.5786545276641846
19.03850555419922 105.1198501586914 2.5734219551086426
19.03850555419922 105.1198501586914 2.5681893825531006
19.03850555419922 105.1198501586914 2.5629007816314697
19.03850555419922 105.1198501586914 2.557612180709839
19.03850555419922 105.1198501586914 2.552323579788208
19.03850555419922 105.1198501586914 2.547034978866577
19.03850555419922 105.1198501586914 2.5417463779449463
19.03850555419922 105.1198501586914 2.5364577770233154
19.03850555419922 105.1198501586914 2.5311691761016846
19.03850555419922 105.1198501586914 2.5258805751800537
19.03850555419922 105.1198501586914 2.520591974258423
