-392.8386125732418
-395.6972972357272
-398.5756221014649
-401.4731647447938
-404.3895120667094
-407.32426015598764
-410.2770141458261
-413.2473880666718
-416.2350046958555
-419.23949540460956
-422.2605005651442
-425.29766780100937
-428.350653326765
-431.4190909341063
-434.5026830332887
-437.6011092623212
-440.7140567486735
-443.8412199513511
-446.98230050384075
-450.13700705816177
-453.3050551302345
-456.48619717947435
-459.6801317146174
-462.88659392986864
-466.1053252815927
-469.33607334271744
-472.5785916593123
-472.57889670161853
-474.67422792184664
-476.7939088273604
-478.93761611793985
-478.9377625333484
-479.62750720787744
-480.34957152388
-481.10380996064436
-481.89007144457815
-482.70819949304115
-483.55803236168737
-484.43940319501246
-485.352140179801
-485.3521345593885
-484.70833610289964
-484.09673345228333
-484.0965977615181
-482.02004416572964
-479.96784257241563
-477.94030667285097
-475.93775170109257
-473.9604943018725
-472.00885239187215
-470.08314501430635
-468.1836921867559
-466.31081474220287
-464.46483416323724
-462.64607240941996
-460.8548517378042
-459.0914945166346
-457.3563230322646
-455.6496592893509
-453.9718248044061
-452.3231403928121
-450.70392594942103
-449.1145002228933
-447.5551805839472
-446.0262827877214
-444.5281207304748
-443.06100620087886
-441.6252486261799
-440.2211480393693
-438.84901490529387
-437.5091499967455
-436.20185066512965
-434.9274105661482
-433.6861193826095
-432.4782625448365
-431.3041209491692
-430.81236854087877
-430.8123856305721
-431.91531422870554
-433.0455664902184
-433.045708624253
-435.62901720533006
-438.23275991813034
-440.8565650031936
-443.5010469511379
-446.1664559538837
-448.85168377872657
-451.5563768616302
-451.5563768616302
-455.200911517424
-458.8508749725483
-462.5088133058826
-466.17237069915757
-469.8414157096459
-473.51582077469203
-477.19546207705145
-480.88021941544395
-484.56997608010636
-488.26461873314
-491.9640372934559
-495.6681248261275
-499.3767774359723
-503.08989416518614
-506.80737689486546
-510.52913025025777
-514.2550615095874
-517.9850805163107
-521.7190753290206
-525.4569850379107
-529.1987266862777
-532.9442195632746
-536.6933851313258
-540.4461469562153
-544.2024306397392
-547.9621637548205
-551.725275782987
-555.4916980541158
-559.2613636883568
-563.0342075401455
-566.8101661442237
-570.5891776635874
-574.3711818392867
-578.1561199420037
-581.9439347253392
-585.7345703807406
-589.5279959289894
-593.3241113965732
-597.1229081577427
-600.9243161851159
-604.7282862343224
-608.534770259526
-612.3437213781896
-616.155093837037
-619.9687568977857
-619.969174564833
-623.0200975768607
-626.0817089453205
-629.1538526340248
-632.2363751080055
-635.3291252983106
-638.431954566854
-641.5447166713492
-644.667267730355
-647.7994661884586
-650.9411727816224
-654.0922505027156
-654.0925851725966
-656.0515112516059
-658.0289206796846
-660.024647330563
-662.038525551502
-664.0703902016625
-664.0705611338827
-664.0705161062434
-663.7030866456189
-661.5448211372112
-659.4037558109942
-657.2800587538488
-655.173898859622
-653.0854457971107
-651.0148699766702
-648.9623425154253
-648.9620090355546
-645.7452565515486
-642.5373010900686
-639.3382750714335
-636.1483132072618
-632.9675525392239
-629.7961324781759
-629.7957112683376
-625.9282473898952
-622.0649168456159
-618.2029880628239
-614.3424879024616
-610.483509894553
-606.62601633731
-602.7700562452677
-602.7700562452677
-598.8081177751012
-594.8467762719955
-590.8833309745063
-586.9203816931332
-582.9579385436322
-578.9960119173638
-575.0346124906968
-571.0737512347965
-567.1134394258185
-563.1564257799383
-559.1974039894914
-555.2389695700388
-551.2811351743057
-547.3239138190517
-543.3673188981822
-539.4141225682541
-535.4617209134151
-531.5074165644248
-527.5564533109739
-523.6064472984979
-519.6573321032988
-515.7091055851853
-511.7618319609117
-507.8154898769135
-503.87014489603155
-499.9257994828184
-495.9824550426188
-492.0401793579745
-488.0989771034674
-484.15889528832946
-480.2199179263881
-476.2821161932932
-472.3454981578672
-468.4100924205992
-464.4759312273687
-460.5430464963034
-456.6114922886168
-452.68125972120623
-448.75242739816565
-444.82501087273545
-440.8990692350839
-436.9745986998512
-433.05168320454607
-429.13034371151423
-425.21064526889865
-421.2926119262348
-417.376312122228
-413.46175160250925
-409.54902428318434
-405.63816130682994
-401.7292388807338
-397.8222922219895
-393.9174019896609
-390.01462962721064
-386.1139958810172
-382.21561039330845
-378.31952046821266
-374.42581993649986
-370.53456183583444
-366.6458462314776
-362.7597546073627
-358.8763497741465
-354.99574240917286
-351.1228965118889
-351.1228965118889
-347.94262571134016
-344.777580706679
-341.6300475684786
-338.50051479720526
-338.50051479720526
-334.6564040232771
-330.8162096448643
-326.98009309196306
-323.1481993791114
-319.3206571309798
-315.4976484232989
-311.67659156111426
-307.86008089394943
-304.0482973536896
-300.24141078136813
-296.4396098380831
-292.6431164699123
-288.8520916247644
-285.0667925046213
-285.06587318274455
-281.07539730358565
-277.0851960177046
-273.09528136136726
-269.1584875933353
-265.23970823563974
-265.23945094730794
-261.7089550747691
-258.19215312055655
-254.6896123498828
-251.2019292999986
-247.72973149856819
-244.27367928589263
-240.83446774617798
-237.4128287530095
-234.0743618091652
-230.76912740094065
-230.76787199225421
-228.56464006916318
-226.4106412987922
-224.30729402760434
-222.25603630028476
-220.2583234457041
-218.31562536745477
-216.42942352953048
-214.6011958599171
-214.48185660142735
-214.09178299526724
-213.7866265619537
-213.58102573892342
-213.58106515850423
-215.02577605415104
-216.5347483290418
-218.10664820893453
-219.74012524965318
-221.43381672480265
-223.18635179301756
-224.99635543008822
-224.99635543008822
-228.08727572640103
-231.20606482486784
-234.35162282372224
-237.52288620936054
-240.71883904493015
-243.9385109281735
-247.18097499882904
-250.44534600125905
-253.73077840658286
-257.0364645974031
-260.36163311719935
-263.70554698560983
-267.06750208010277
-270.4468255839459
-273.84287449988955
-277.25503422858304
-280.682711829033
-284.1253510727175
-287.58241464418103
-291.0533885575773
-294.5377810349739
-298.0351214388199
-301.54495925646927
-305.06686313463655
-308.6004199616652
-312.14523399551194
-315.70092603538154
-319.26713263499215
-322.8435053555045
-326.42971005620393
-330.02542622109104
-333.6303463195996
-337.244175199731
-340.86662951196246
-344.49743716235656
-348.1363367933688
-351.78307729091756
-355.4374173163501
-359.0991248620003
-362.7679768291014
-366.44375862687605
-370.12626379168586
-373.8152936251817
-377.51065361973957
-381.2121629430258
-384.91964419339786
-388.63292645788374
-392.3518450312687
-396.07624114889467
-399.8059617324496
-403.54085914806126
-407.28079097604984
-411.0256197917267
-414.7752129566619
-418.52944241987365
-422.28818452842285
-426.0513198469255
-429.8187329855203
-433.59031243585656
-437.3659504146891
-441.1455427146916
-444.92898856211895
-448.7161893500112
-452.5070519441645
-456.30148507989907
-460.09943063577794
-463.900742663379
-467.7053685477867
-471.5132280707787
-475.32424351757004
-475.32464443204873
-475.32496407097403
-475.32496407097403
-475.5958443303309
-475.9001920459058
-476.2379430539126
-476.60902634020204
-477.013364114184
-477.4508718894006
-477.9213998681711
-477.9213661211723
-476.8395932798576
-475.7889900895855
-474.7697634734448
-473.78211592860816
-472.8262453438291
-471.9023448183871
-471.0106024828277
-471.01041321826267
-471.0100423842616
-471.0100423842616
-467.0554799018826
-463.1016976156024
-459.1487156804959
-455.1965549476027
-451.24523702292214
-447.2947842017744
-443.3452196098229
-439.396567211521
-435.44885179800076
-431.50209908605046
-427.5563357356316
-423.6121076337305
-419.668344660261
-419.6647735912789
-415.772004092426
-411.88128909206273
-407.99268736674725
-404.10625992285185
-400.2220701287124
-396.3401837627763
-392.4606691756939
-388.5835974604551
-384.70904243692564
-380.8370809179631
-376.9677928198186
-373.10126131752475
-369.23757300952155
-365.37681809215445
-361.51909080150637
-359.19389900502824
-356.82775743305814
-356.82775743305814
-353.24116217529297
-349.6636645407471
-346.0955463213749
-342.53633439719204
-342.53633439719204
-338.54898249906233
-334.5619402427117
-330.575218717579
-326.588829612595
-322.6027851943861
-318.61630568164753
-314.6301689826966
-310.6443882943207
-306.658977498195
-302.67395120581085
-298.6893248069806
-294.70774058127915
-290.72646642726806
-286.74554681385536
-282.7649964762328
-278.7822088893617
-274.8004086990516
-270.8201340374904
-266.83887545400927
-262.8605277921397
-258.88029691071915
-254.9006843049761
-250.9217193924257
-246.94343342391622
-242.96585979761943
-240.01122522741016
-236.01125156637093
-232.01127875436038
-228.01130676848274
-224.0113357236928
-220.01136567131968
-216.01139666649422
-212.01142869987515
-208.0114619033698
-204.01149634580392
-200.01153210150898
-196.01156918102538
-192.01160774063325
-188.0116478747998
-184.01168968620604
-180.01173321535788
-176.01177865472442
-172.01182613756578
-168.0118758098324
-164.01192775868645
-160.01198223238964
-156.0120394251434
-152.01209955158956
-148.0121627744491
-144.012229431919
-140.0122998183636
-136.0123742627744
-132.01245305628845
-128.0125366900939
-124.01262563254862
-120.01272041444942
-116.01282155874623
-112.012929834803
-108.01304603492038
-104.0131710732707
-100.01330592483333
-96.0134519095095
-92.01361047917663
-88.01378334963314
-84.01397247193273
-80.01418038472958
-76.01441005422775
-72.01466510559764
-68.01495754308655
-64.01528543114907
-60.01565585746972
-56.01607793393006
-52.0165634599795
-48.017128423694544
-44.01779447808155
-40.01859193121656
-36.01956440829394
-32.0207776578469
-28.022334754751025
-24.024407381773543
-20.027304065260925
-16.031641484950324
-12.038854255455778
-8.053220310459226
-4.095675605816829
-0.8334406568719134
-4.076095110534728
-8.033327002735362
-12.018901464197778
-16.011667817536004
-20.007320770456626
-24.00441890037283
-28.00234329379797
-32.00078433759649
-35.99956988045166
-39.99859660053333
-39.99859660053333
-39.99859660053333
-39.99859660053333
-39.99859660053333
-39.99859660053333
-39.99859660053333
-39.99859660053333
-39.99859660053333
-39.99859660053333
-39.99859660053333
