-392.41947467076
-394.72672101228216
-396.91797324975266
-398.9896703693197
-400.9385007401529
-402.76141672246007
-404.45555883028857
-406.0183337839017
-407.4473414234289
-408.7404243344789
-409.89562887947676
-410.9112548718215
-411.78579041895415
-412.5179340579344
-413.1066209494987
-413.5509606870956
-413.8503541450577
-414.00434091919743
-414.0126928530076
-413.87538371032775
-413.65441687461043
-413.47170307092483
-413.32728876986874
-413.24128478135384
-413.22614359349996
-413.2818695417245
-413.2825067675985
-413.2825067675985
-415.7951416664078
-418.198004251865
-420.4869857804631
-422.6582391984004
-424.7081947459717
-426.6334617133155
-428.43093526788596
-430.09775973655246
-431.631247916854
-433.02901409710967
-434.2888872100087
-435.40889604719297
-436.387334631104
-437.22269234818714
-437.91372525801205
-438.4593471756036
-438.85877425444903
-439.1113807403319
-439.2167925614376
-439.1748381973301
-438.9856051674339
-438.64936488688437
-438.16660824100705
-437.5380931766013
-436.7647577980797
-435.84776492077634
-434.7885415260343
-433.5886793200212
-432.25004544331006
-430.7747295589745
-429.1650258530317
-427.4235041008152
-425.55291326186165
-423.55627586343667
-421.43684048699987
-419.1980972978875
-416.8437938493855
-414.377918057961
-411.80472328698545
-409.1286665622305
-406.3545279907281
-403.48728433612916
-400.5322218126045
-397.4948877690581
-394.3810676338921
-391.19686305876985
-387.94861934793255
-384.6429474928339
-381.28676931577263
-377.88723992212994
-374.45185989366985
-370.9893482680547
-367.5056871277762
-367.5056871277762
-367.5056871277762
-367.5056871277762
-366.11159323427825
-364.90899557262554
-363.90284069399496
-363.09727646932816
-362.49565990797765
-362.1005180494424
-361.91355115156654
-361.9355106522429
-362.1663198933866
-362.60500042635624
-363.2497079704662
-364.0977476925724
-365.14557048637664
-365.14557048637664
-365.14557048637664
-365.14557048637664
-368.64411254049924
-372.1403637943236
-375.6257466497844
-379.0919653634371
-382.5309317889073
-385.9348935897472
-389.2963194977332
-392.6079881407261
-395.86293340416904
-399.054491424058
-402.1762578300045
-405.22212123192236
-408.1861926370582
-411.0629203556905
-413.8469797120355
-416.5332795326571
-419.117057431088
-421.5937844891012
-423.9591464341063
-426.2091208358309
-428.72507876028095
-431.2634594635168
-433.8238693467039
-436.40592067194245
-439.00923158423404
-441.6334261250022
-444.27813423767554
-446.94299176582524
-449.6276404443317
-452.33172788404096
-455.05490755035385
-457.7968387361738
-460.54752856415786
-463.3211589104095
-466.1172870481649
-468.9355020714802
-471.7754165099801
-474.6366236294099
-477.5187155491234
-480.421341178669
-480.42378602467295
-484.18226568138454
-487.9445855073798
-491.7106573536009
-495.48039566443356
-499.2537173862491
-503.0305418796413
-506.81079083519336
-510.59438819261857
-514.3812600631234
-518.1713346548518
-521.9645422012743
-525.760814892393
-529.5600868086381
-533.3622938573395
-536.6624694289181
-540.4043360995333
-544.1498751522471
-547.3975664190516
-550.5796829082065
-553.6894886707761
-556.7204034660062
-559.6662058043199
-562.5208829377445
-565.2787238322002
-568.3680012859003
-571.0375377609682
-573.6001837318937
-576.0510277222861
-578.3853687238961
-580.5987636854915
-582.6870988929287
-584.6464866787314
-586.4733383209696
-588.1643080845674
-589.7163626453249
-591.1267092144884
-592.3928480019022
-593.5125145438641
-594.4837417538171
-595.3048452313362
-595.9743567957051
-596.4911450116808
-596.8542821335682
-597.0631691311078
-597.1174254564189
-597.0169528178967
-596.7619122784373
-596.3527697492277
-595.7902322266676
-595.0752958191451
-594.209182679511
-593.1934140820898
-592.0297510493392
-590.7202868278385
-589.2673098655134
-587.6734138747546
-585.9415151687031
-584.0747115463653
-582.0763991755624
-579.9502718031565
-577.7002874755575
-577.700268060758
-574.513845946732
-571.2621517135225
-567.952273482487
-567.952273482487
-567.952273482487
-564.4335430150397
-560.9212638720537
-557.4155580030576
-553.9165502136802
-550.4243682415556
-546.9391428343131
-543.4610078297036
-539.9901002379097
-536.5265603260893
-533.0839843899452
-529.6320171858082
-526.2011726343854
-522.7745511444699
-519.3522569003999
-515.9343783780832
-512.5210245749972
-509.11228839970823
-509.10959431313125
-505.151799300661
-501.1946744690626
-497.2382358186506
-493.2824998602509
-489.3274836356046
-485.37320473875303
-481.4196813384576
-477.4669322017147
-473.5149767184261
-469.5638349272934
-465.6135275430058
-461.66407598479697
-457.71550240645274
-453.7678297278539
-449.82108166814703
-445.8752827806416
-441.9304584895371
-437.9866351285937
-434.04383998186563
-430.10210132662564
-426.161448478619
-422.22191183979345
-418.2835229486647
-414.3463145334853
-410.4103205684013
-406.4755763327901
-402.54211847399273
-398.6099850736634
-394.67921571798325
-390.7498515719982
-386.82193545836435
-382.89551194080536
-378.9706274126109
-375.0473301905301
-371.1256706144445
-367.2057011532336
-367.2057011532336
-363.9146789380104
-360.6379906084598
-357.3760304358631
-354.1292054131053
-350.8979356727178
-347.6826549148911
-347.68006405433397
-343.7968165854453
-339.91627677188603
-336.0385384168772
-332.1636996346157
-328.29186309635196
-324.42313629318596
-320.5576318168932
-316.6954676602069
-312.83676753811073
-308.98166123183637
-305.13028495741156
-301.28278176077634
-297.94611122280355
-294.29985648940226
-290.5462016710997
-286.799295085406
-283.0593903904662
-279.3267931318041
-275.7089263019161
-272.0856970276799
-268.4571823807316
-264.8234645467094
-261.18459474683345
-257.54065392017475
-255.59443726601862
-253.68306644209866
-251.79503167005598
-251.79503167005598
-251.7931884939011
-250.04738351727894
-248.00969266569527
-246.19110271556437
-244.07086796746728
-242.17860852949678
-239.97898663448854
-237.8263012239278
-235.90866613082562
-233.6770027656479
-231.4929470348756
-229.5489088586609
-227.28822955292486
-225.27780145135694
-223.16129389028677
-220.7047724733399
-218.29363054344378
-215.9293984720453
-213.61361174434595
-211.3478749084312
-209.13384989316583
-207.05292499343764
-205.0538381788043
-203.1391625138213
-201.31147434561453
-199.57330155736605
-197.9271273628071
-196.37541511303897
-194.92054350175846
-193.56480604759483
-192.31041920836748
-191.159470460392
-191.159470460392
-191.159470460392
-191.159470460392
-191.159470460392
-192.3233667133011
-192.3233667133011
-192.3233667133011
-195.82019396710464
-199.30706016450262
-202.7759666540653
-206.21934546639656
-210.1397440021975
-213.5533146274979
-217.43661172722923
-220.81517775792005
-224.14877144795875
-227.93512077851403
-231.72864952643033
-235.0242450260378
-238.764984238867
-242.01242422720614
-245.6959148056073
-249.38915728345663
-252.59329901901597
-256.2253478233359
-259.8682028104077
-263.0266234861221
-266.60454565022815
-270.1943060179684
-273.7954389539957
-276.9158714400286
-280.4486826885401
-283.9938862296538
-287.063992245534
-290.5372946949693
-294.0239842868083
-297.5235903682219
-301.0356624684128
-304.5597693269503
-308.0954979704581
-311.6424528355121
-314.71305165220434
-318.18598910126804
-321.1900559229116
-324.11174051364065
-326.94603954445535
-329.68818058485937
-332.33365322427085
-334.87818586435833
-337.3177527256185
-339.6485484941226
-341.86701753058946
-343.9698413858771
-345.95388377809513
-347.8162298922781
-349.5542273507701
-351.1653493773421
-352.6473555567325
-353.99815627197825
-355.21588984211814
-356.2988779631524
-357.24561174400856
-358.0548339131181
-358.7254653719521
-359.2565691746111
-359.64746192488917
-359.8976179966893
-360.00669522387705
-359.9745601473632
-359.80122640723
-359.4869446138155
-359.03214198743666
-358.4374236257365
-357.70357585612805
-356.83160096168103
-355.82269240395016
-354.67818062197455
-353.39966350352614
-351.9888937655712
-350.44785080985395
-348.778692025739
-346.9837657601465
-346.9837657601465
-344.07482446433704
-341.0820735367668
-341.0820735367668
-341.0820735367668
-337.23728624705547
-333.3961510807009
-329.55879573845675
-325.7253538101498
-321.91181004805503
-318.1003417115029
-314.2910558085997
-310.4840325401527
-306.67938719336996
-302.87717891404264
-299.0775628239286
-299.07470923622026
-299.07470923622026
-299.07185564881735
-299.07185564881735
-299.0690020617199
-299.0690020617199
-299.06614847492784
-299.06614847492784
-299.0632947260635
-299.0632947260635
-299.0604409775123
-299.0604409775123
-299.05758722927436
-299.05758722927436
-299.0547334813496
-299.0547334813496
-299.0518797337381
-299.0518797337381
-299.0490258240816
-299.0490258240816
-299.04617191474614
-299.04617191474614
-299.04331800573186
-299.04331800573186
-299.04046409703864
-299.04046409703864
-299.0376101886666
-299.0376101886666
-299.0347561182772
-299.0347561182772
-299.03190204821686
-299.03190204821686
-299.02904797848566
-299.02904797848566
-299.0261939090836
-299.0261939090836
-299.0233396776882
-299.0233396776882
-299.02048544663006
-299.02048544663006
-299.01763121590903
-299.01763121590903
-299.01477698552526
-299.01477698552526
-299.0119227554786
-299.0119227554786
-299.0090683634671
-299.0090683634671
-299.006213971801
-299.006213971801
-299.0033595804802
-299.0033595804802
-299.00050518950485
-299.00050518950485
-298.9976507988748
-298.9976507988748
-298.9947962463087
-298.9947962463087
-298.99194169409617
-298.99194169409617
-298.98908714223734
-298.98908714223734
-298.98623259073213
-298.98623259073213
-298.9833778773157
-298.9833778773157
-298.98052316426134
-298.98052316426134
-298.97766845156895
-298.97766845156895
-298.97481373923864
-298.97481373923864
-298.97195902727043
-298.97195902727043
-298.96910415342035
-298.96910415342035
-298.9662492799408
-298.9662492799408
-298.96339440683175
-298.96339440683175
-298.9605395340933
-298.9605395340933
-298.95768466172535
-298.95768466172535
-298.9548296275054
-298.9548296275054
-298.95197459366443
-298.95197459366443
-298.94911956020263
-298.94911956020263
-298.94626452712
-298.94626452712
-298.94340933221105
-298.94340933221105
-298.9405541376899
-298.9405541376899
-298.93769894355654
-298.93769894355654
-298.93484374981097
-298.93484374981097
-298.93198855645323
-298.93198855645323
-298.92913320129963
-298.92913320129963
-298.92627784654263
-298.92627784654263
-298.92342249218217
-298.92342249218217
-298.92056713821836
-298.92056713821836
-298.91771178465115
-298.91771178465115
-298.9148562693188
-298.9148562693188
-298.912000754392
-298.912000754392
-298.90914523987067
-298.90914523987067
-298.9062897257548
-298.9062897257548
-298.9034340499005
-294.91546804767364
-294.91546804767364
-291.1391769558381
-291.13632274615054
-287.14781126252336
-287.14781126252336
-287.144956530487
-287.144956530487
-287.1421017988883
-287.1421017988883
-287.13924706772724
-287.13924706772724
-287.1363923370039
-287.1363923370039
-287.1335376067182
-287.1335376067182
-287.1306827232302
-287.1306827232302
-287.12782784018947
-287.12782784018947
-287.1249729575959
-287.1249729575959
-287.1221180754495
-287.1221180754495
-287.1192630401294
-287.1192630401294
-287.1164080052661
-287.1164080052661
-287.11355297085964
-287.11355297085964
-287.11069793691
-287.11069793691
-287.10784290341724
-287.10784290341724
-287.1049877167844
-287.1049877167844
-287.1021325306182
-287.1021325306182
-287.0992773449185
-287.0992773449185
-287.09642215968535
-287.09642215968535
-287.0935669749188
-287.0935669749188
-287.09074212988435
-287.09074212988435
-287.08791728532935
-287.08791728532935
-287.08509244125395
-287.08509244125395
-287.08226759765813
-287.08226759765813
-287.0794426009892
-287.0794426009892
-287.07661760480977
-287.07661760480977
-287.07379260911983
-287.07379260911983
-287.07096761391944
-287.07096761391944
-287.06814261920863
-287.06814261920863
-287.06531747145954
-287.06531747145954
-287.0624923242101
-287.0624923242101
-287.0596671774602
-287.0596671774602
-287.05684203120995
-287.05684203120995
-287.0540168854593
-287.0540168854593
-287.0511915867057
-287.0511915867057
-287.0483662884619
-287.0483662884619
-287.04554099072794
-287.04554099072794
-287.0427156935037
-287.0427156935037
-287.03989024330707
-287.03989024330707
-287.03706479363046
-287.03706479363046
-287.0342393444739
-287.0342393444739
-287.03141389583743
-287.03141389583743
-287.02858844772106
-287.02858844772106
-287.0257628466682
-287.0257628466682
-287.02293724614583
-287.02293724614583
-287.0201116461539
-287.0201116461539
-287.01728604669245
-287.01728604669245
-287.01446044776145
-287.01446044776145
-287.01163469593035
-287.01163469593035
-287.00880894464024
-287.00880894464024
-287.005983193891
-287.005983193891
-287.00315744368277
-287.00315744368277
-287.0003315406059
-287.0003315406059
-286.9975056380805
-286.9975056380805
-286.99467973610666
-286.99467973610666
-286.9918538346843
-286.9918538346843
-286.9890279338136
-286.9890279338136
-286.98620188011125
-286.98620188011125
-286.98337582697116
-286.98337582697116
-286.9805497743933
-286.9805497743933
-286.9777237223776
-286.9777237223776
-286.97489767092424
-286.97489767092424
-286.97207146667677
-286.97207146667677
-286.9692452630023
-286.9692452630023
-286.9664190599008
-286.9664190599008
-286.96359285737236
-286.96359285737236
-286.960766655417
-286.960766655417
-286.9579403007053
-286.9579403007053
-286.9551139465775
-286.9551139465775
-286.95228759303365
-286.95228759303365
-286.9494612400738
-286.9494612400738
-286.9466347343903
-286.9466347343903
-286.9438082293016
-286.9438082293016
-286.94098172480795
-286.94098172480795
-286.9381552209092
-286.9381552209092
-286.93532871760544
-286.93532871760544
-286.9325020616165
-286.9325020616165
-286.9296754062336
-286.9296754062336
-286.9268487514568
-286.9268487514568
-286.92402209728607
-286.92402209728607
-286.9211954437214
-286.9211954437214
-286.91836863751047
-286.91836863751047
-286.91554183191676
-286.91554183191676
-286.9127150269403
-286.9127150269403
-286.9098882225812
-286.9098882225812
-286.9070612656094
-286.9070612656094
-286.9042343092662
-286.9042343092662
-286.9014073535515
-286.9014073535515
-286.89858039846547
-286.89858039846547
-286.895753444008
-286.895753444008
-286.8929263369775
-286.8929263369775
-286.89009923058694
-286.89009923058694
-286.88727212483644
-282.8922810752469
-282.8922810752469
-279.15294241688395
-279.15011726152386
-279.15011726152386
-279.1472921068463
-279.1472921068463
-279.14446695285125
-279.14446695285125
-279.1416416622768
-279.1416416622768
-279.13881637239695
-279.13881637239695
-279.13599108321165
-279.13599108321165
-279.1331657947209
-279.1331657947209
-279.1303405069248
-279.1303405069248
-279.1275150825916
-279.1275150825916
-279.12468965896505
-279.12468965896505
-279.12186423604527
-279.12186423604527
-279.1190388138322
-279.1190388138322
-279.11621325511857
-279.11621325511857
-279.11338769712387
-279.11338769712387
-279.1105621398482
-279.1105621398482
-279.10773658329157
-279.10773658329157
-279.10491102745397
-279.10491102745397
-279.10208533515873
-279.10208533515873
-279.09925964359485
-279.09925964359485
-279.09643395276237
-279.09643395276237
-279.0936082626613
-279.0936082626613
-279.09078257329173
-279.09078257329173
-279.08795674750775
-279.08795674750775
-279.08513092246767
-279.08513092246767
-279.0823050981715
-279.0823050981715
-279.0794792746193
-279.0794792746193
-279.07665331469013
-279.07665331469013
-279.07382735551744
-279.07382735551744
-279.07100139710127
-279.07100139710127
-279.06817543944163
-279.06817543944163
-279.0653494825386
-279.0653494825386
-279.0625233893026
-279.0625233893026
-279.05969729683585
-279.05969729683585
-279.0568712051383
-279.0568712051383
-279.05404511421
-279.05404511421
-279.051219024051
-279.051219024051
-279.0483927976035
-279.0483927976035
-279.0455665719381
-279.0455665719381
-279.04274034705475
-279.04274034705475
-279.03991412295346
-279.03991412295346
-279.0370878996343
-279.0370878996343
-279.0342615400714
-279.0342615400714
-279.0314351813035
-279.0314351813035
-279.0286088233306
-279.0286088233306
-279.02578246615275
-279.02578246615275
-279.0229559727699
-279.0229559727699
-279.02012948019507
-279.02012948019507
-279.01730298842824
-279.01730298842824
-279.01447649746945
-279.01447649746945
-279.01165000731874
-279.01165000731874
-279.00882338100854
-279.00882338100854
-279.00599675551956
-279.00599675551956
-279.0031701308517
-279.0031701308517
-279.000343507005
-279.000343507005
-278.99751688397964
-278.99751688397964
-278.99469012484064
-278.99469012484064
-278.9918633665361
-278.9918633665361
-278.9890366090659
-278.9890366090659
-278.98620985243025
-274.98805140200255
-274.98805140200255
-274.9852244347906
-274.9852244347906
-274.98239732984683
-274.98239732984683
-274.9795702257588
-274.9795702257588
-274.97674312252644
-274.97674312252644
-274.97391602014994
-274.97391602014994
-274.97108878008197
-274.97108878008197
-274.96826154088336
-274.96826154088336
-274.9654343025541
-274.9654343025541
-274.96260706509423
-274.96260706509423
-274.95977982850377
-274.95977982850377
-274.9569524542695
-274.9569524542695
-274.95412508091835
-274.95412508091835
-274.9512977084502
-274.9512977084502
-274.9484703368653
-274.9484703368653
-274.94564296616346
-274.94564296616346
-274.94281545786583
-274.94281545786583
-274.9399879504651
-274.9399879504651
-274.9371604439613
-274.9371604439613
-274.93433293835454
-270.9356030406007
-270.9356030406007
-267.2319689973451
-263.5371762311582
-263.53435436035403
-263.53435436035403
-263.531532490572
-263.531532490572
-263.5287106218122
-263.5287106218122
-263.5258887540746
-263.5258887540746
-263.5230668873592
-263.5230668873592
-263.52024492377905
-263.52024492377905
-263.51742296123626
-263.51742296123626
-263.51460099973093
-263.51460099973093
-263.51177903926305
-263.51177903926305
-263.5089569819759
-263.5089569819759
-263.5061349257415
-263.5061349257415
-263.5033128705598
-263.5033128705598
-263.5004908164309
-263.5004908164309
-263.49766876335485
-259.49810218863814
-259.49810218863814
-255.81100466522625
-252.13017174102137
-248.45591332785062
-248.45031956077955
-244.4507836862489
-240.9529892434841
-237.46376087731738
-233.48422016430496
-229.50539085490703
-225.52731060159837
-221.5500197538067
-217.5735616030372
-213.59798265513948
-210.13234346391556
-206.1870084249919
-202.24382106155608
-198.30290949108658
-194.8742965913358
-190.9794550911393
-187.0890509960578
-183.20336691402989
-179.3227096744914
-175.44741283843808
-171.57783962019934
-167.71438619302307
-163.85748543720626
-160.51466603750134
-156.73314524550602
-152.9627396466297
-149.20429188897944
-145.4587288966061
-141.72707222890182
-138.01044992743041
-134.31011008856566
-130.62743644069917
-126.96396625173067
-123.32141094679272
-119.70167987827188
-116.10690776042676
-112.53948635892935
-109.01589373264338
-105.52062584582964
-102.0588237518624
-98.63268283119773
-95.24605105788066
-91.90330925340437
-88.60942532688138
-85.37008537672752
-82.19173554565232
-82.18916457380367
-78.33092975769529
-74.48765981397382
-70.66178848034215
-66.85630274506634
-63.07489247759635
-59.32216183014358
-55.603917903005474
-51.92756943038666
-48.3026834301378
-44.74176980158044
-41.62222757319012
-38.78156582443831
-35.74437966324004
-32.91432914635003
-30.348770534699483
-28.12020120310619
-26.3143671656493
-25.022959821186657
-24.32804797747222
-24.280892154580698
