62.82842254638672 452.82843017578125 0.785398006439209
65.65684509277344 455.6568603515625 0.7853978276252747
68.48526763916016 458.48529052734375 0.7853976488113403
71.31369018554688 461.313720703125 0.785397469997406
74.1421127319336 464.14215087890625 0.7853972911834717
76.97053527832031 466.9705810546875 0.7853971123695374
79.79895782470703 469.79901123046875 0.785396933555603
82.62738037109375 472.62744140625 0.7853967547416687
85.45580291748047 475.45587158203125 0.7853965759277344
88.28422546386719 478.2843017578125 0.7853963971138
91.11265563964844 481.11273193359375 0.7853962182998657
93.94108581542969 483.941162109375 0.7853960394859314
96.76951599121094 486.76959228515625 0.7853958606719971
99.59794616699219 489.5979919433594 0.7853956818580627
102.42637634277344 492.4263916015625 0.7853955030441284
105.25480651855469 495.2547912597656 0.7853953242301941
108.08323669433594 498.08319091796875 0.7853951454162598
110.91166687011719 500.9115905761719 0.7853949666023254
113.74009704589844 503.739990234375 0.7853947877883911
116.56852722167969 506.5683898925781 0.7853946089744568
119.39695739746094 509.39678955078125 0.7853944301605225
122.22538757324219 512.2252197265625 0.7853942513465881
125.05381774902344 515.0536499023438 0.7853940725326538
127.88224792480469 517.882080078125 0.7853938937187195
130.71067810058594 520.7105102539062 0.7853937149047852
133.5391082763672 523.5389404296875 0.7853935360908508
136.36753845214844 526.3673706054688 0.7853933572769165
136.36793518066406 526.3676147460938 0.38544148206710815
140.074462890625 527.8714599609375 0.3854413330554962
143.78099060058594 529.3753051757812 0.3854411840438843
147.48751831054688 530.879150390625 0.38544103503227234
147.4879913330078 530.8792114257812 -0.01451084017753601
151.48756408691406 530.8211669921875 -0.014510994777083397
155.4871368408203 530.7631225585938 -0.014511149376630783
159.48670959472656 530.705078125 -0.01451130397617817
163.4862823486328 530.6470336914062 -0.014511458575725555
167.48585510253906 530.5889892578125 -0.014511613175272942
171.4854278564453 530.5309448242188 -0.014511767774820328
175.48500061035156 530.472900390625 -0.014511922374367714
179.4845733642578 530.4148559570312 -0.0145120769739151
179.4850311279297 530.4147338867188 -0.41446393728256226
183.14634704589844 528.803955078125 -0.4144640862941742
186.8076629638672 527.1931762695312 -0.41446423530578613
186.80804443359375 527.1929321289062 -0.8144159913063049
189.55320739746094 524.2836303710938 -0.8144161701202393
192.29837036132812 521.3743286132812 -0.8144163489341736
195.0435333251953 518.4650268554688 -0.8144165277481079
197.7886962890625 515.5557250976562 -0.8144167065620422
200.5338592529297 512.6464233398438 -0.8144168853759766
203.27902221679688 509.73712158203125 -0.8144170641899109
206.02418518066406 506.82781982421875 -0.8144172430038452
208.76934814453125 503.91851806640625 -0.8144174218177795
211.51451110839844 501.00921630859375 -0.8144176006317139
214.25967407226562 498.09991455078125 -0.8144177794456482
217.0048370361328 495.19061279296875 -0.8144179582595825
219.75 492.28131103515625 -0.8144181370735168
222.4951629638672 489.37200927734375 -0.8144183158874512
225.24032592773438 486.46270751953125 -0.8144184947013855
227.98548889160156 483.55340576171875 -0.8144186735153198
230.73065185546875 480.64410400390625 -0.8144188523292542
233.47581481933594 477.73480224609375 -0.8144190311431885
236.22097778320312 474.82550048828125 -0.8144192099571228
238.9661407470703 471.91619873046875 -0.8144193887710571
241.7113037109375 469.00689697265625 -0.8144195675849915
244.4564666748047 466.09759521484375 -0.8144197463989258
247.20162963867188 463.18829345703125 -0.8144199252128601
249.94679260253906 460.27899169921875 -0.8144201040267944
252.69195556640625 457.36968994140625 -0.8144202828407288
255.43710327148438 454.46038818359375 -0.8144204616546631
258.1822509765625 451.55108642578125 -0.8144206404685974
260.9273986816406 448.64178466796875 -0.8144208192825317
263.67254638671875 445.73248291015625 -0.8144209980964661
266.4176940917969 442.82318115234375 -0.8144211769104004
269.162841796875 439.91387939453125 -0.8144213557243347
271.9079895019531 437.00457763671875 -0.814421534538269
274.65313720703125 434.09527587890625 -0.8144217133522034
276.4123229980469 432.5117492675781 -0.6513754725456238
276.4125671386719 432.5116271972656 -0.2514020800590515
280.28680419921875 431.5165710449219 -0.25140222907066345
284.0984802246094 430.5513916015625 -0.24459955096244812
284.0987548828125 430.5513916015625 0.15537390112876892
288.0480041503906 431.16943359375 0.1551051288843155
291.9974060058594 431.78643798828125 0.15483635663986206
295.9469909667969 432.4023742675781 0.15456758439540863
299.89788818359375 433.0176696777344 0.15442019701004028
303.85028076171875 433.6329040527344 0.15442004799842834
307.80267333984375 434.2481384277344 0.15441998839378357
311.75506591796875 434.8633728027344 0.15441983938217163
311.75506591796875 434.8633728027344 0.5544198751449585
315.1539001464844 436.9673156738281 0.5541511178016663
318.55328369140625 439.0703430175781 0.553882360458374
321.9552307128906 441.17431640625 0.5538821816444397
325.357177734375 443.2782897949219 0.5538820028305054
328.7591247558594 445.38226318359375 0.553881824016571
332.16107177734375 447.4862365722656 0.5538816452026367
335.5630187988281 449.5902099609375 0.5538814663887024
338.9649658203125 451.6941833496094 0.5538812875747681
342.3669128417969 453.79815673828125 0.5538811087608337
345.76885986328125 455.9021301269531 0.5538809299468994
349.1708068847656 458.006103515625 0.5538807511329651
352.57275390625 460.1100769042969 0.5538805723190308
355.9747009277344 462.21405029296875 0.5538803935050964
359.37664794921875 464.3180236816406 0.5538802146911621
362.7785949707031 466.4219970703125 0.5538800358772278
366.1805419921875 468.5259704589844 0.5538798570632935
369.5824890136719 470.62994384765625 0.5538796782493591
372.98443603515625 472.7339172363281 0.5538794994354248
376.3863830566406 474.8378601074219 0.5538793206214905
379.788330078125 476.9418029785156 0.5538791418075562
383.1902770996094 479.0457458496094 0.5538789629936218
386.59222412109375 481.1496887207031 0.5538787841796875
389.9941711425781 483.2536315917969 0.5538786053657532
393.3961181640625 485.3575744628906 0.5538784265518188
396.7980651855469 487.4615173339844 0.5538782477378845
400.20001220703125 489.5654602050781 0.5538780689239502
403.6019592285156 491.6694030761719 0.5538778901100159
407.00390625 493.7733459472656 0.5538777112960815
410.4058532714844 495.8772888183594 0.5538775324821472
413.80780029296875 497.9812316894531 0.5538773536682129
417.2097473144531 500.0851745605469 0.5538771748542786
420.6116943359375 502.1891174316406 0.5538769960403442
424.0136413574219 504.2930603027344 0.5538768172264099
427.41558837890625 506.3970031738281 0.5538766384124756
430.8175354003906 508.5009460449219 0.5538764595985413
434.219482421875 510.6048889160156 0.5538762807846069
437.6214294433594 512.7088623046875 0.5538761019706726
441.02337646484375 514.8128051757812 0.5538759231567383
444.42535400390625 516.916748046875 0.553875744342804
447.82733154296875 519.0206909179688 0.5538755655288696
451.22930908203125 521.1246337890625 0.5538753867149353
454.63128662109375 523.2285766601562 0.553875207901001
458.03326416015625 525.33251953125 0.5538750290870667
461.43524169921875 527.4364624023438 0.5538748502731323
464.837158203125 529.5403442382812 0.5538690686225891
464.83758544921875 529.54052734375 0.15391534566879272
468.790283203125 530.1537475585938 0.1539151966571808
472.74298095703125 530.7669677734375 0.15391504764556885
476.6956787109375 531.3801879882812 0.1539148986339569
480.64837646484375 531.993408203125 0.15391474962234497
484.60107421875 532.6066284179688 0.15391460061073303
488.55377197265625 533.2198486328125 0.1539144515991211
492.5064697265625 533.8330688476562 0.15391430258750916
496.45916748046875 534.4462890625 0.15391415357589722
500.411865234375 535.0595092773438 0.15391400456428528
504.36456298828125 535.6727294921875 0.15391385555267334
508.3172607421875 536.2859497070312 0.1539137065410614
508.3177490234375 536.2859497070312 -0.24603816866874695
512.197265625 535.3117065429688 -0.2460383176803589
516.0767822265625 534.3374633789062 -0.24603846669197083
519.956298828125 533.3632202148438 -0.24603861570358276
523.8358154296875 532.3889770507812 -0.2460387647151947
527.71533203125 531.4147338867188 -0.24603891372680664
527.7157592773438 531.41455078125 -0.6459906697273254
527.716064453125 531.4141845703125 -1.0459425449371338
528.043212890625 530.5712890625 -1.3551678657531738
528.8990478515625 526.6639404296875 -1.3551679849624634
529.7548828125 522.756591796875 -1.355168104171753
530.6107177734375 518.8492431640625 -1.3551682233810425
531.466552734375 514.94189453125 -1.355168342590332
532.3223876953125 511.0345458984375 -1.3551684617996216
533.17822265625 507.127197265625 -1.3551685810089111
534.0340576171875 503.2198486328125 -1.3551687002182007
534.0340576171875 503.2193603515625 -1.7551205158233643
533.3009033203125 499.2871398925781 -1.7551206350326538
532.5677490234375 495.35491943359375 -1.7551207542419434
531.8345947265625 491.4226989746094 -1.755120873451233
531.1014404296875 487.490478515625 -1.7551209926605225
530.3682861328125 483.5582580566406 -1.755121111869812
529.6351318359375 479.62603759765625 -1.7551212310791016
529.6349487304688 479.6256103515625 -2.1550726890563965
527.4285888671875 476.2891845703125 -2.1550729274749756
525.2232666015625 472.9552917480469 -2.155341625213623
523.0170288085938 469.6219787597656 -2.1556103229522705
520.8098754882812 466.28924560546875 -2.155879020690918
518.6018676757812 462.9571228027344 -2.1561477184295654
516.3929443359375 459.6255798339844 -2.156416416168213
514.18310546875 456.2946472167969 -2.1566851139068604
514.18310546875 456.2946472167969 -2.556684970855713
510.8500061035156 454.0881042480469 -2.5569536685943604
507.51629638671875 451.8824462890625 -2.557222366333008
504.1800537109375 449.6757507324219 -2.557222366333008
500.84381103515625 447.46905517578125 -2.557222366333008
497.507568359375 445.2623596191406 -2.557222366333008
494.17132568359375 443.0556640625 -2.557222366333008
490.8350830078125 440.8489685058594 -2.557222366333008
487.49884033203125 438.64227294921875 -2.557222366333008
484.16259765625 436.4355773925781 -2.557222366333008
480.82830810546875 434.2308044433594 -2.557490348815918
477.4914855957031 432.0249938964844 -2.557490348815918
474.1546630859375 429.8191833496094 -2.557490348815918
470.8178405761719 427.6133728027344 -2.557490348815918
467.48101806640625 425.4075622558594 -2.557490348815918
464.1441955566406 423.2017517089844 -2.557490348815918
460.809326171875 420.9978942871094 -2.5577590465545654
457.4738464355469 418.794921875 -2.558027744293213
454.1358337402344 416.5909118652344 -2.558027744293213
450.7997131347656 414.3887634277344 -2.558288097381592
447.46307373046875 412.18756103515625 -2.5585567951202393
444.1258544921875 409.98724365234375 -2.5588254928588867
440.78802490234375 407.7878112792969 -2.559094190597534
437.4496154785156 405.58929443359375 -2.5593628883361816
434.110595703125 403.39166259765625 -2.559631586074829
430.77099609375 401.1949462890625 -2.5599002838134766
427.4308166503906 398.9991149902344 -2.560168981552124
424.09002685546875 396.8041687011719 -2.5604376792907715
420.7486572265625 394.6101379394531 -2.560706377029419
417.4067077636719 392.4169921875 -2.5609750747680664
414.0641784667969 390.2247619628906 -2.561243772506714
410.7210388183594 388.0334167480469 -2.5615124702453613
407.3773193359375 385.8429870605469 -2.561781167984009
404.03302001953125 383.6534423828125 -2.5620498657226562
400.6881103515625 381.4648132324219 -2.5623185634613037
397.3426208496094 379.2770690917969 -2.562587261199951
393.9965515136719 377.0902099609375 -2.5628559589385986
390.64990234375 374.9042663574219 -2.563124656677246
387.3026428222656 372.7192077636719 -2.5633933544158936
383.9548034667969 370.5350646972656 -2.563662052154541
380.60638427734375 368.351806640625 -2.5639307498931885
377.25738525390625 366.1694641113281 -2.564199447631836
373.90777587890625 363.9880065917969 -2.5644681453704834
370.5575866699219 361.8074645996094 -2.564736843109131
367.2068176269531 359.6278076171875 -2.5650055408477783
363.85546875 357.4490661621094 -2.565274238586426
360.5035400390625 355.2712097167969 -2.5655429363250732
357.1510314941406 353.0942687988281 -2.5658116340637207
353.79791259765625 350.918212890625 -2.566080331802368
350.4442138671875 348.7430725097656 -2.5663490295410156
347.0899353027344 346.5688171386719 -2.566617727279663
343.7350769042969 344.3954772949219 -2.5668864250183105
340.379638671875 342.2230224609375 -2.567155122756958
337.02362060546875 340.0514831542969 -2.5674238204956055
333.6670227050781 337.880859375 -2.567692518234253
330.309814453125 335.71112060546875 -2.5679612159729004
326.9520263671875 333.54229736328125 -2.568229913711548
323.5936584472656 331.3743591308594 -2.5684986114501953
320.2347106933594 329.20733642578125 -2.5687673091888428
316.87518310546875 327.04119873046875 -2.5690360069274902
313.51507568359375 324.8759765625 -2.5693068504333496
310.1543884277344 322.711669921875 -2.569575548171997
306.7931213378906 320.5482482910156 -2.5698442459106445
303.4312744140625 318.3857421875 -2.570112943649292
300.0723571777344 316.2275390625 -2.5708606243133545
300.0723571777344 316.2275390625 -2.970860481262207
296.133056640625 315.5489196777344 -2.9711291790008545
292.1910400390625 314.870361328125 -2.9711291790008545
288.2490234375 314.1918029785156 -2.9711294174194336
284.3070068359375 313.51324462890625 -2.9711296558380127
284.3070068359375 313.51324462890625 -2.571129560470581
280.9423828125 311.3550720214844 -2.5713982582092285
277.5771789550781 309.1977844238281 -2.571666955947876
274.2113952636719 307.0414123535156 -2.5719356536865234
270.84503173828125 304.8859558105469 -2.572204351425171
267.47808837890625 302.73138427734375 -2.5724730491638184
264.1105651855469 300.5777282714844 -2.572741746902466
260.740478515625 298.4230651855469 -2.572741985321045
257.3703918457031 296.2684020996094 -2.572742223739624
254.0003204345703 294.1137390136719 -2.572742462158203
250.6302490234375 291.9590759277344 -2.5727427005767822
247.2601776123047 289.8044128417969 -2.5727429389953613
243.89010620117188 287.6497802734375 -2.5727431774139404
240.52003479003906 285.4951171875 -2.5727434158325195
237.1499481201172 283.3404846191406 -2.5727436542510986
237.14927673339844 283.33984375 -2.1728386878967285
234.88397216796875 280.0431213378906 -2.1728389263153076
232.61866760253906 276.74639892578125 -2.1728391647338867
230.35336303710938 273.4496765136719 -2.172839403152466
228.12611389160156 270.1901550292969 -2.1676204204559326
225.9273681640625 266.9304504394531 -2.160815954208374
225.92726135253906 266.9302062988281 -1.7608425617218018
225.17164611816406 263.0022277832031 -1.7608426809310913
224.41603088378906 259.0742492675781 -1.7608428001403809
223.66041564941406 255.14627075195312 -1.7608429193496704
222.90480041503906 251.21829223632812 -1.76084303855896
222.14918518066406 247.29031372070312 -1.7608431577682495
221.39356994628906 243.36233520507812 -1.760843276977539
220.63795471191406 239.43435668945312 -1.7608433961868286
219.88233947753906 235.50637817382812 -1.76084303855896
219.1527099609375 231.64271545410156 -1.7540385723114014
218.44940185546875 227.77418518066406 -1.7472341060638428
218.44944763183594 227.7724151611328 -1.3474128246307373
219.3355712890625 223.87181091308594 -1.3474129438400269
220.22169494628906 219.97120666503906 -1.3474130630493164
221.10781860351562 216.0706024169922 -1.347413182258606
221.9939422607422 212.1699981689453 -1.3474133014678955
222.88006591796875 208.26939392089844 -1.347413420677185
223.7661895751953 204.36878967285156 -1.3474135398864746
224.65231323242188 200.4681854248047 -1.3474136590957642
225.53842163085938 196.5675811767578 -1.3474137783050537
225.70362854003906 196.17919921875 -0.9898453950881958
227.89889526367188 192.83543395996094 -0.9898455739021301
230.0787353515625 189.5297088623047 -0.9858190417289734
232.25460815429688 186.27432250976562 -0.9773805141448975
232.25479125976562 186.27413940429688 -0.5774070620536804
235.60630798339844 184.09072875976562 -0.5774072408676147
238.95782470703125 181.90731811523438 -0.5774074196815491
242.30934143066406 179.72390747070312 -0.5774075984954834
245.66085815429688 177.54049682617188 -0.5774077773094177
249.0123748779297 175.35708618164062 -0.577407956123352
252.3638916015625 173.17367553710938 -0.5774081349372864
255.7154083251953 170.99026489257812 -0.5774083137512207
255.7154083251953 170.99026489257812 -0.1774083375930786
259.6526184082031 170.2843475341797 -0.17740848660469055
263.5898132324219 169.57843017578125 -0.1774086356163025
267.5270080566406 168.8725128173828 -0.17740878462791443
271.4642028808594 168.16659545898438 -0.17740893363952637
275.4013977050781 167.46067810058594 -0.1774090826511383
279.3385925292969 166.7547607421875 -0.17740923166275024
283.2757873535156 166.04884338378906 -0.17740938067436218
287.2129821777344 165.34292602539062 -0.17740952968597412
291.1501770019531 164.6370086669922 -0.17740967869758606
295.0873718261719 163.93109130859375 -0.177409827709198
299.0245666503906 163.2251739501953 -0.17740997672080994
302.9617614746094 162.51925659179688 -0.17741012573242188
306.8989562988281 161.81333923339844 -0.1774102747440338
310.8361511230469 161.107421875 -0.17741042375564575
314.7733459472656 160.40150451660156 -0.1774105727672577
318.7105407714844 159.69558715820312 -0.17741072177886963
322.6477355957031 158.98965454101562 -0.17741087079048157
326.5849304199219 158.28372192382812 -0.1774110198020935
330.5221252441406 157.57778930664062 -0.17741116881370544
334.4593200683594 156.87185668945312 -0.17741131782531738
338.3965148925781 156.16592407226562 -0.17741146683692932
342.3337097167969 155.45999145507812 -0.17741161584854126
346.2709045410156 154.75405883789062 -0.1774117648601532
350.2080993652344 154.04812622070312 -0.17741191387176514
354.1452941894531 153.34219360351562 -0.17741206288337708
358.0824890136719 152.63626098632812 -0.177412211894989
362.0196838378906 151.93032836914062 -0.17741236090660095
365.9568786621094 151.22439575195312 -0.1774125099182129
369.8940734863281 150.51846313476562 -0.17741265892982483
373.8312683105469 149.81253051757812 -0.17741280794143677
377.7684631347656 149.10659790039062 -0.1774129569530487
381.7056579589844 148.40066528320312 -0.17741310596466064
385.6428527832031 147.69473266601562 -0.17741325497627258
389.5800476074219 146.98880004882812 -0.17741340398788452
393.5172424316406 146.28286743164062 -0.17741355299949646
397.4544372558594 145.57693481445312 -0.1774137020111084
401.3916320800781 144.87100219726562 -0.17741385102272034
405.3288269042969 144.16506958007812 -0.17741400003433228
409.2660217285156 143.45913696289062 -0.1774141490459442
413.2032165527344 142.75320434570312 -0.17741429805755615
417.1404113769531 142.04727172851562 -0.1774144470691681
421.0776062011719 141.34133911132812 -0.17741459608078003
425.0148010253906 140.63540649414062 -0.17741474509239197
428.9519958496094 139.92945861816406 -0.1774148941040039
432.8891906738281 139.2235107421875 -0.17741504311561584
436.8263854980469 138.51756286621094 -0.17741519212722778
440.7635803222656 137.81161499023438 -0.17741534113883972
444.7007751464844 137.1056671142578 -0.17741549015045166
448.6379699707031 136.39971923828125 -0.1774156391620636
452.5751647949219 135.6937713623047 -0.17741578817367554
456.5123596191406 134.98782348632812 -0.17741593718528748
460.4495544433594 134.28187561035156 -0.17741608619689941
464.3867492675781 133.575927734375 -0.17741623520851135
468.3239440917969 132.86997985839844 -0.1774163842201233
472.2611389160156 132.16403198242188 -0.17741653323173523
476.1983337402344 131.4580841064453 -0.17741668224334717
480.1355285644531 130.75213623046875 -0.1774168312549591
484.0727233886719 130.0461883544922 -0.17741698026657104
488.0099182128906 129.34024047851562 -0.17741712927818298
491.9471130371094 128.63429260253906 -0.17741727828979492
495.8843078613281 127.9283447265625 -0.17741742730140686
499.8215026855469 127.22239685058594 -0.1774175763130188
503.7586975097656 126.51644134521484 -0.17741772532463074
507.6958923339844 125.81048583984375 -0.17741787433624268
511.6330871582031 125.10453033447266 -0.17741802334785461
515.5703125 124.39857482910156 -0.17741817235946655
519.5075073242188 123.69261932373047 -0.1774183213710785
523.4447021484375 122.98666381835938 -0.17741847038269043
527.3818969726562 122.28070831298828 -0.17741861939430237
531.319091796875 121.57475280761719 -0.1774187684059143
531.3195190429688 121.57457733154297 -0.5773702263832092
531.3198852539062 121.5742416381836 -0.9773221015930176
531.3198852539062 121.5742416381836 -1.3773219585418701
532.0889892578125 117.64888000488281 -1.3773220777511597
532.8580932617188 113.72351837158203 -1.3773221969604492
533.627197265625 109.79815673828125 -1.3773223161697388
534.3963012695312 105.87279510498047 -1.3773224353790283
535.1654052734375 101.94743347167969 -1.3773225545883179
535.9345092773438 98.0220718383789 -1.3773226737976074
536.7035522460938 94.09674072265625 -1.377326250076294
536.7035522460938 94.09626770019531 -1.777278184890747
535.8834838867188 90.18124389648438 -1.7772783041000366
535.0634155273438 86.26622009277344 -1.7772784233093262
534.2433471679688 82.3511962890625 -1.7772785425186157
533.4232788085938 78.43617248535156 -1.7772786617279053
532.6032104492188 74.52114868164062 -1.7772787809371948
531.7831420898438 70.60612487792969 -1.7772789001464844
530.9630737304688 66.69110107421875 -1.777279019355774
530.962890625 66.69066619873047 -2.1772308349609375
530.9625244140625 66.69033813476562 -2.5771827697753906
530.9625244140625 66.69033813476562 -2.977182626724243
527.0164794921875 66.03565979003906 -2.9771828651428223
523.0704345703125 65.3809814453125 -2.9771831035614014
519.1243896484375 64.72630310058594 -2.9771833419799805
515.1783447265625 64.07162475585938 -2.9771835803985596
511.2322998046875 63.41695022583008 -2.9771838188171387
507.2862548828125 62.76227569580078 -2.9771840572357178
503.3402099609375 62.107601165771484 -2.977184295654297
499.3941650390625 61.45293045043945 -2.977184534072876
495.4481201171875 60.79825973510742 -2.977184772491455
491.5020751953125 60.14358901977539 -2.977185010910034
487.5560302734375 59.48891830444336 -2.9771852493286133
483.6105041503906 58.834449768066406 -2.977241039276123
479.6643981933594 58.18000030517578 -2.977241277694702
479.66082763671875 58.18012619018555 2.906303882598877
475.77105712890625 59.11262130737305 2.906303644180298
471.88128662109375 60.04511642456055 2.9063034057617188
467.99151611328125 60.97761154174805 2.9063031673431396
464.10174560546875 61.91010665893555 2.9063029289245605
460.21197509765625 62.84260559082031 2.9063026905059814
456.32220458984375 63.77510452270508 2.9063024520874023
452.43243408203125 64.70760345458984 2.9063022136688232
448.54266357421875 65.64010620117188 2.906301975250244
444.65289306640625 66.5726089477539 2.906301736831665
440.76312255859375 67.50511169433594 2.906301498413086
436.87335205078125 68.43761444091797 2.906301259994507
432.98358154296875 69.3701171875 2.9063010215759277
429.09381103515625 70.30261993408203 2.9063007831573486
425.20404052734375 71.23512268066406 2.9063005447387695
421.31427001953125 72.16763305664062 2.9063003063201904
418.97528076171875 72.53015899658203 3.0693464279174805
416.60845947265625 72.5082015991211 -3.0507924556732178
416.60845947265625 72.5082015991211 -2.650792360305786
413.0813903808594 70.62310791015625 -2.6507136821746826
409.5544738769531 68.73773956298828 -2.650634527206421
406.0277099609375 66.85208892822266 -2.650555372238159
402.5003356933594 64.96592712402344 -2.650555372238159
402.5003356933594 64.96592712402344 -3.0505552291870117
398.5177001953125 64.6021957397461 -3.05047607421875
394.53509521484375 64.23815155029297 -3.0503969192504883
390.5525207519531 63.8737907409668 -3.0503177642822266
386.5699768066406 63.50911331176758 -3.050238609313965
382.58746337890625 63.14411926269531 -3.050159454345703
378.60418701171875 62.77889633178711 -3.050159454345703
374.62091064453125 62.413673400878906 -3.050159454345703
370.63763427734375 62.0484504699707 -3.050159454345703
366.65435791015625 61.6832275390625 -3.050159454345703
362.67108154296875 61.3180046081543 -3.050159454345703
358.68780517578125 60.952781677246094 -3.050159454345703
354.7071533203125 60.58833694458008 -3.0504279136657715
350.72637939453125 60.22495651245117 -3.050694465637207
346.7455139160156 59.86264419555664 -3.0509631633758545
342.7645568847656 59.501399993896484 -3.051231861114502
338.7808837890625 59.14044952392578 -3.051232099533081
334.7976989746094 58.77964782714844 -3.051283121109009
330.8155212402344 58.419349670410156 -3.051438808441162
326.8318176269531 58.05923843383789 -3.051443338394165
322.8504638671875 57.69984436035156 -3.051690101623535
318.86663818359375 57.340721130371094 -3.0516905784606934
314.8828125 56.981597900390625 -3.0516908168792725
310.89898681640625 56.622474670410156 -3.0516910552978516
306.9151611328125 56.26335525512695 -3.0516912937164307
302.93133544921875 55.90423583984375 -3.0516915321350098
299.9743347167969 55.79204177856445 3.1275389194488525
295.9747314453125 55.8482551574707 3.1275386810302734
291.9751281738281 55.90446853637695 3.1275384426116943
287.97552490234375 55.96068572998047 3.1275382041931152
283.9759216308594 56.016902923583984 3.127537965774536
279.976318359375 56.0731201171875 3.127537727355957
275.9767150878906 56.129337310791016 3.127537488937378
271.97711181640625 56.1855583190918 3.127537250518799
267.9775085449219 56.24177932739258 3.1275370121002197
263.9779052734375 56.29800033569336 3.1275367736816406
259.9783020019531 56.35422134399414 3.1275365352630615
255.97869873046875 56.41044616699219 3.1275362968444824
251.97909545898438 56.466670989990234 3.1275360584259033
247.9794921875 56.52289581298828 3.127535820007324
243.97988891601562 56.57912063598633 3.127535581588745
239.98028564453125 56.63534927368164 3.127535343170166
235.98068237304688 56.69157791137695 3.127535104751587
231.9810791015625 56.747806549072266 3.127534866333008
227.98147583007812 56.80403518676758 3.1275346279144287
223.98187255859375 56.860267639160156 3.1275343894958496
219.98226928710938 56.916500091552734 3.1275341510772705
215.982666015625 56.97273254394531 3.1275339126586914
211.98306274414062 57.02896499633789 3.1275336742401123
207.98345947265625 57.085201263427734 3.127533435821533
203.98385620117188 57.14143753051758 3.127533197402954
199.9842529296875 57.19767379760742 3.127532958984375
195.98464965820312 57.253910064697266 3.127532720565796
191.98504638671875 57.310150146484375 3.127532482147217
187.98544311523438 57.366390228271484 3.1275322437286377
183.98583984375 57.422630310058594 3.1275320053100586
179.98623657226562 57.4788703918457 3.1275317668914795
175.98663330078125 57.53511428833008 3.1275315284729004
171.98703002929688 57.59135818481445 3.1275312900543213
167.9874267578125 57.64760208129883 3.127531051635742
163.98782348632812 57.7038459777832 3.127530813217163
159.98822021484375 57.760093688964844 3.127530574798584
155.98861694335938 57.816341400146484 3.127530336380005
151.989013671875 57.872589111328125 3.127530097961426
147.98941040039062 57.928836822509766 3.1275298595428467
143.98980712890625 57.98508834838867 3.1275296211242676
139.99020385742188 58.04133987426758 3.1275293827056885
135.9906005859375 58.097591400146484 3.1275291442871094
131.99099731445312 58.15384292602539 3.1275289058685303
127.99140167236328 58.21009826660156 3.127528667449951
123.99180603027344 58.266353607177734 3.127528429031372
119.9922103881836 58.322608947753906 3.127528190612793
115.99261474609375 58.37886428833008 3.127527952194214
111.9930191040039 58.435123443603516 3.1275277137756348
107.99342346191406 58.49138259887695 3.1275274753570557
103.99382781982422 58.54764175415039 3.1275272369384766
99.99423217773438 58.60390090942383 3.1275269985198975
95.99463653564453 58.66016387939453 3.1275267601013184
91.99504089355469 58.716426849365234 3.1275265216827393
87.99544525146484 58.77268981933594 3.12752628326416
83.995849609375 58.82895278930664 3.127526044845581
79.99625396728516 58.88521957397461 3.127525806427002
75.99665832519531 58.94148635864258 3.127525568008423
71.99706268310547 58.99775314331055 3.1275253295898438
67.99746704101562 59.054019927978516 3.1275250911712646
63.99787139892578 59.11029052734375 3.1275248527526855
59.99827575683594 59.166561126708984 3.1275246143341064
55.998680114746094 59.22283172607422 3.1275243759155273
51.99908447265625 59.27910232543945 3.1275241374969482
47.999488830566406 59.33537673950195 3.127523899078369
43.99989318847656 59.39165115356445 3.12752366065979
40.00029754638672 59.44792556762695 3.127523422241211
36.000701904296875 59.50419998168945 3.127523183822632
32.00110626220703 59.56047821044922 3.1275229454040527
28.001510620117188 59.616756439208984 3.1275227069854736
24.001914978027344 59.67303466796875 3.1275224685668945
20.0023193359375 59.729312896728516 3.1275222301483154
20.0023193359375 59.729312896728516 3.1275219917297363
20.0023193359375 59.729312896728516 3.1275217533111572
20.0023193359375 59.729312896728516 3.127521514892578
20.0023193359375 59.729312896728516 3.127521276473999
20.0023193359375 59.729312896728516 3.12752103805542
20.0023193359375 59.729312896728516 3.127520799636841
20.0023193359375 59.729312896728516 3.1275205612182617
20.0023193359375 59.729312896728516 3.1275203227996826
20.0023193359375 59.729312896728516 3.1275200843811035
20.0023193359375 59.729312896728516 3.1275198459625244
