62.53519058227539 452.4112854003906 0.7353134155273438
65.18791961669922 454.692626953125 0.6852286458015442
67.9515380859375 456.83831787109375 0.6351438760757446
70.81910705566406 458.84295654296875 0.5850591063499451
73.78343963623047 460.7015075683594 0.5349743366241455
76.83710479736328 462.4093322753906 0.48488956689834595
79.97244262695312 463.9621276855469 0.4348047971725464
83.18158721923828 465.35601806640625 0.3847200274467468
86.45648956298828 466.5874938964844 0.33463525772094727
89.78893280029297 467.6534729003906 0.2845504879951477
93.17057037353516 468.55126953125 0.23446573317050934
96.59291076660156 469.2786560058594 0.18438097834587097
100.04737854003906 469.83380126953125 0.1342962235212326
103.52530670166016 470.2153015136719 0.08421146869659424
107.0179672241211 470.4222106933594 0.03412671014666557
110.51660919189453 470.4539794921875 -0.015958048403263092
114.01245880126953 470.3105773925781 -0.06604281067848206
117.49674224853516 469.9923400878906 -0.11612756550312042
120.96072387695312 469.50006103515625 -0.1662123203277588
124.39571380615234 468.8349609375 -0.21629707515239716
128.30172729492188 467.9765319824219 -0.21637442708015442
132.20767211914062 467.1177978515625 -0.21645177900791168
136.113525390625 466.2587585449219 -0.21653088927268982
139.90391540527344 465.442626953125 -0.20763182640075684
143.70143127441406 464.6602478027344 -0.19873276352882385
147.50575256347656 463.91168212890625 -0.18983370065689087
147.5086212158203 463.9117126464844 0.20987799763679504
147.5086212158203 463.9117126464844 0.6098780035972595
150.42591857910156 465.84326171875 0.55979323387146
153.43626403808594 467.6263427734375 0.5097084641456604
156.5321044921875 469.2564697265625 0.45962369441986084
159.70567321777344 470.72955322265625 0.4095389246940613
162.94900512695312 472.04193115234375 0.3594541549682617
166.25396728515625 473.1902770996094 0.30936938524246216
169.61227416992188 474.1717224121094 0.2592846155166626
173.01551818847656 474.98382568359375 0.20919986069202423
176.45513916015625 475.62451171875 0.15911510586738586
179.9225311279297 476.0921936035156 0.1090303510427475
183.4089813232422 476.3857116699219 0.05894559249281883
186.90576171875 476.5043029785156 0.008860833942890167
190.40408325195312 476.44769287109375 -0.0412239246070385
193.8951873779297 476.21600341796875 -0.09130868315696716
197.3703155517578 475.8098449707031 -0.14139343798160553
200.8207550048828 475.2301940917969 -0.1914781928062439
204.23785400390625 474.4785461425781 -0.24156294763088226
207.613037109375 473.5567626953125 -0.29164770245552063
210.93783569335938 472.4671630859375 -0.3417324721813202
214.20391845703125 471.21246337890625 -0.39181724190711975
217.40309143066406 469.79583740234375 -0.4419020116329193
220.52732849121094 468.2208251953125 -0.49198678135871887
223.56878662109375 466.4913635253906 -0.542071521282196
226.5198516845703 464.61181640625 -0.5921562910079956
229.3731231689453 462.5868835449219 -0.6422410607337952
232.12144470214844 460.421630859375 -0.6923258304595947
234.75791931152344 458.12152099609375 -0.7424106001853943
237.2759246826172 455.6922912597656 -0.7924953699111938
239.66915893554688 453.1400451660156 -0.8425801396369934
241.93162536621094 450.47119140625 -0.892664909362793
244.05763244628906 447.6924133300781 -0.9427496790885925
246.0418701171875 444.8106994628906 -0.9928344488143921
247.8793487548828 441.833251953125 -1.0429191589355469
249.56546020507812 438.7675476074219 -1.0930038690567017
251.09596252441406 435.62127685546875 -1.1430885791778564
252.467041015625 432.4023132324219 -1.1931732892990112
253.6752471923828 429.1187438964844 -1.243257999420166
254.71754455566406 425.77880859375 -1.2933427095413208
255.59132385253906 422.3908996582031 -1.3434274196624756
256.2944030761719 418.9634704589844 -1.3935121297836304
256.82501220703125 415.5051574707031 -1.4435968399047852
257.18182373046875 412.02459716796875 -1.49368155002594
257.3639221191406 408.5305480957031 -1.5437662601470947
257.3708801269531 405.0317687988281 -1.5938509702682495
257.2026672363281 401.5370178222656 -1.6439356803894043
256.8597106933594 398.0550842285156 -1.694020390510559
256.3428649902344 394.5946960449219 -1.7441051006317139
255.65341186523438 391.1645202636719 -1.7941898107528687
254.79310607910156 387.7731628417969 -1.8442745208740234
253.7640838623047 384.4291076660156 -1.8943592309951782
252.56893920898438 381.1407775878906 -1.944443941116333
251.21090698242188 377.91741943359375 -1.994632601737976
249.69259643554688 374.7652282714844 -2.044717311859131
249.69259643554688 374.7652282714844 -2.4447174072265625
249.69259643554688 374.7652282714844 -2.844717502593994
249.69259643554688 374.7652282714844 3.0384676456451416
246.22250366210938 375.2124328613281 2.9883828163146973
242.77915954589844 375.8327941894531 2.938297986984253
239.37118530273438 376.6247863769531 2.8882131576538086
236.00714111328125 377.5863952636719 2.8381283283233643
232.69544982910156 378.7152099609375 2.78804349899292
229.44442749023438 380.0083923339844 2.7379586696624756
226.26222229003906 381.4627380371094 2.6878738403320312
223.1568145751953 383.0745544433594 2.637789011001587
220.13600158691406 384.8398132324219 2.5877041816711426
217.2073516845703 386.75408935546875 2.5376193523406982
214.37820434570312 388.8125915527344 2.487534523010254
211.65567016601562 391.0101623535156 2.4374496936798096
209.04656982421875 393.3412780761719 2.3873648643493652
209.04656982421875 393.3412780761719 1.9873648881912231
209.04656982421875 393.3412780761719 1.587364912033081
209.04656982421875 393.3412780761719 1.187364935874939
210.4363250732422 396.5522155761719 1.1372802257537842
211.98507690429688 399.6895446777344 1.0871955156326294
213.68896484375 402.7453918457031 1.0371108055114746
215.543701171875 405.7121276855469 0.987026035785675
217.5446319580078 408.582275390625 0.9369412660598755
219.68675231933594 411.3486633300781 0.8868564963340759
221.9646759033203 414.00433349609375 0.8367717266082764
224.37269592285156 416.5426330566406 0.7866869568824768
226.90476989746094 418.9571838378906 0.7366021871566772
229.55455017089844 421.241943359375 0.6865174174308777
232.31539916992188 423.39117431640625 0.6364326477050781
235.18038940429688 425.3995056152344 0.5863478779792786
238.14231872558594 427.2618713378906 0.536263108253479
241.1937713623047 428.9736328125 0.48617833852767944
244.3271026611328 430.5304870605469 0.4360935688018799
247.53443908691406 431.9284973144531 0.3860087990760803
250.80775451660156 433.1641845703125 0.33592402935028076
254.13882446289062 434.2344665527344 0.2858392596244812
257.519287109375 435.1366271972656 0.23575450479984283
260.940673828125 435.868408203125 0.18566974997520447
264.8719177246094 436.6068115234375 0.18566951155662537
268.80316162109375 437.34521484375 0.18566925823688507
272.7344055175781 438.0836181640625 0.1856689602136612
276.6656494140625 438.822021484375 0.1856687068939209
280.5968933105469 439.5604248046875 0.1856684535741806
284.52813720703125 440.298828125 0.1856684535741806
288.4593811035156 441.0372314453125 0.1856684535741806
292.390625 441.775634765625 0.1856684535741806
296.3218688964844 442.5140380859375 0.1856684535741806
300.25311279296875 443.25244140625 0.1856684535741806
304.1843566894531 443.9908447265625 0.1856684535741806
308.1156005859375 444.729248046875 0.1856684535741806
312.02886962890625 445.4678649902344 0.18743087351322174
315.94085693359375 446.21337890625 0.18919329345226288
319.85150146484375 446.9657897949219 0.19095571339130402
323.7608337402344 447.7250671386719 0.19271813333034515
327.6688232421875 448.4912414550781 0.1944805532693863
331.575439453125 449.2643127441406 0.19624297320842743
335.4806823730469 450.04425048828125 0.19800539314746857
339.3845520019531 450.8310852050781 0.1997678130865097
339.3871765136719 450.83221435546875 0.5994794964790344
342.689697265625 453.08905029296875 0.5994794964790344
345.9922180175781 455.34588623046875 0.5994794964790344
349.29473876953125 457.60272216796875 0.5994794964790344
352.5972595214844 459.85955810546875 0.5994794964790344
355.8997802734375 462.11639404296875 0.5994794964790344
359.2023010253906 464.37322998046875 0.5994794964790344
362.50482177734375 466.63006591796875 0.5994794964790344
365.8073425292969 468.88690185546875 0.5994794964790344
369.10986328125 471.14373779296875 0.5994794964790344
372.4123840332031 473.40057373046875 0.5994794964790344
375.71490478515625 475.65740966796875 0.5994794964790344
379.0174255371094 477.91424560546875 0.5994794964790344
382.3199462890625 480.17108154296875 0.5994794964790344
385.6224670410156 482.42791748046875 0.5994794964790344
388.5596923828125 484.32904052734375 0.5493954420089722
391.9710388183594 486.417724609375 0.5493954420089722
395.38238525390625 488.50640869140625 0.5493954420089722
398.4111022949219 490.2580871582031 0.4993106722831726
401.5237121582031 491.8559265136719 0.44922590255737305
404.7124328613281 493.29595947265625 0.3991411328315735
407.96923828125 494.57452392578125 0.3490563631057739
411.2859802246094 495.6884460449219 0.29897159337997437
414.6543273925781 496.6349182128906 0.248886838555336
418.0658264160156 497.4115905761719 0.19880208373069763
421.96905517578125 498.2015380859375 0.20056450366973877
425.4140930175781 498.8125 0.1504797488451004
428.8853759765625 499.2502136230469 0.10039499402046204
432.3742370605469 499.51361083984375 0.05031023547053337
435.8719177246094 499.6020202636719 0.0002254769206047058
439.36962890625 499.51519775390625 -0.04985928162932396
442.8586120605469 499.2533874511719 -0.09994404017925262
446.3301086425781 498.8172302246094 -0.150028795003891
449.7754211425781 498.20782470703125 -0.20011354982852936
453.1858825683594 497.42669677734375 -0.2501983046531677
456.552978515625 496.4757995605469 -0.3002830743789673
459.8682556152344 495.3575134277344 -0.35036784410476685
463.1233825683594 494.0746765136719 -0.4004526138305664
466.3102111816406 492.6304626464844 -0.45053738355636597
469.42071533203125 491.0285339355469 -0.5006221532821655
472.4471435546875 489.27288818359375 -0.5507069230079651
475.3818664550781 487.367919921875 -0.6007916927337646
478.2175598144531 485.31842041015625 -0.6508764624595642
480.94708251953125 483.1295166015625 -0.7009612321853638
483.5635986328125 480.8067321777344 -0.7510460019111633
486.060546875 478.3558654785156 -0.8011307716369629
488.4316711425781 475.7830505371094 -0.8512155413627625
490.6709899902344 473.0947570800781 -0.901300311088562
492.7729187011719 470.2977294921875 -0.9513850808143616
494.732177734375 467.39898681640625 -1.0014698505401611
496.54388427734375 464.4057922363281 -1.051554560661316
498.2034606933594 461.3256530761719 -1.1016392707824707
499.7067565917969 458.1662902832031 -1.1517239809036255
501.04998779296875 454.93560791015625 -1.2018086910247803
502.22979736328125 451.6417541503906 -1.251893401145935
503.24322509765625 448.2929382324219 -1.3019781112670898
504.08770751953125 444.8975830078125 -1.3520628213882446
504.76116943359375 441.4642333984375 -1.4021475315093994
505.26190185546875 438.00146484375 -1.4522322416305542
505.588623046875 434.5179748535156 -1.502316951751709
505.74053955078125 431.0224914550781 -1.5524016618728638
505.71728515625 427.5237731933594 -1.6024863719940186
505.71728515625 427.52374267578125 -2.0024843215942383
504.17425537109375 424.3835754394531 -2.0525691509246826
502.4759521484375 421.3246154785156 -2.102653980255127
500.62664794921875 418.3544921875 -2.1527388095855713
500.62664794921875 418.3544921875 -2.552738904953003
500.62664794921875 418.3544921875 -2.9527390003204346
496.69775390625 417.6035461425781 -2.9527390003204346
492.76885986328125 416.85260009765625 -2.9527390003204346
488.8399658203125 416.1016540527344 -2.9527390003204346
484.91107177734375 415.3507080078125 -2.9527390003204346
480.982177734375 414.5997619628906 -2.9527390003204346
477.05328369140625 413.84881591796875 -2.9527390003204346
473.1243896484375 413.0978698730469 -2.9527390003204346
469.19549560546875 412.346923828125 -2.9527390003204346
465.2666015625 411.5959777832031 -2.9527390003204346
461.3556823730469 410.84490966796875 -2.950976610183716
457.4281311035156 410.0870666503906 -2.950976610183716
453.5185546875 409.3291015625 -2.949214220046997
449.6103210449219 408.5642395019531 -2.9474518299102783
445.70343017578125 407.7925109863281 -2.9456894397735596
441.79791259765625 407.0138854980469 -2.943927049636841
437.8937683105469 406.2283935546875 -2.942164659500122
433.99102783203125 405.4360046386719 -2.9404022693634033
433.9884033203125 405.43487548828125 -2.5406906604766846
430.6890869140625 403.17333984375 -2.5406906604766846
427.3897705078125 400.91180419921875 -2.5406906604766846
424.0904541015625 398.6502685546875 -2.5406906604766846
420.7911376953125 396.38873291015625 -2.5406906604766846
417.4918212890625 394.127197265625 -2.5406906604766846
414.1925048828125 391.86566162109375 -2.5406906604766846
410.8931884765625 389.6041259765625 -2.5406906604766846
407.5938720703125 387.34259033203125 -2.5406906604766846
404.2945556640625 385.0810546875 -2.5406906604766846
400.9952392578125 382.81951904296875 -2.5406906604766846
397.6959228515625 380.5579833984375 -2.5406906604766846
394.3966064453125 378.29644775390625 -2.5406906604766846
391.0972900390625 376.034912109375 -2.5406906604766846
387.7979736328125 373.77337646484375 -2.5406906604766846
384.4986572265625 371.5118408203125 -2.5406906604766846
381.1993408203125 369.25030517578125 -2.5406906604766846
377.9000244140625 366.98876953125 -2.5406906604766846
374.6007080078125 364.72723388671875 -2.5406906604766846
371.3013916015625 362.4656982421875 -2.5406906604766846
368.0020751953125 360.20416259765625 -2.5406906604766846
364.7027587890625 357.942626953125 -2.5406906604766846
361.4034423828125 355.68109130859375 -2.5406906604766846
358.1041259765625 353.4195556640625 -2.5406906604766846
354.8048095703125 351.15802001953125 -2.5406906604766846
351.5054931640625 348.896484375 -2.5406906604766846
348.2061767578125 346.63494873046875 -2.5406906604766846
344.9068603515625 344.3734130859375 -2.5406906604766846
341.6075439453125 342.11187744140625 -2.5406906604766846
338.3082275390625 339.850341796875 -2.5406906604766846
335.0089111328125 337.58880615234375 -2.5406906604766846
331.7095947265625 335.3272705078125 -2.5406906604766846
328.4102783203125 333.06573486328125 -2.5406906604766846
325.1109619140625 330.80419921875 -2.5406906604766846
321.8116455078125 328.54266357421875 -2.5406906604766846
318.5123291015625 326.2811279296875 -2.5406906604766846
315.2130126953125 324.01959228515625 -2.5406906604766846
315.2130126953125 324.01959228515625 -2.940690517425537
311.29345703125 323.22137451171875 -2.940690517425537
307.3739013671875 322.42315673828125 -2.940690517425537
303.454345703125 321.62493896484375 -2.940690517425537
299.5347900390625 320.82672119140625 -2.940690517425537
295.615234375 320.02850341796875 -2.940690517425537
291.6956787109375 319.23028564453125 -2.940690517425537
291.69305419921875 319.2291564941406 -2.5409789085388184
288.3930969238281 316.96856689453125 -2.5409789085388184
285.0931396484375 314.7079772949219 -2.5409789085388184
281.7931823730469 312.4473876953125 -2.5409789085388184
278.49322509765625 310.1867980957031 -2.5409789085388184
275.1932678222656 307.92620849609375 -2.5409789085388184
271.893310546875 305.6656188964844 -2.5409789085388184
268.5933532714844 303.405029296875 -2.5409789085388184
265.29339599609375 301.1444396972656 -2.5409789085388184
261.9934387207031 298.88385009765625 -2.5409789085388184
258.6934814453125 296.6232604980469 -2.5409789085388184
255.39352416992188 294.3626708984375 -2.5409789085388184
252.09356689453125 292.1020812988281 -2.5409789085388184
249.1584930419922 290.1976318359375 -2.5910637378692627
245.84779357910156 288.1950988769531 -2.604139566421509
242.41232299804688 286.1478271484375 -2.6042168140411377
238.9766845703125 284.100830078125 -2.6042940616607666
235.5408935546875 282.0540771484375 -2.6043713092803955
232.10494995117188 280.0075988769531 -2.6044485569000244
228.78256225585938 278.00885009765625 -2.5955495834350586
225.47808837890625 275.9806213378906 -2.5866506099700928
222.19180297851562 273.9230651855469 -2.577751636505127
218.9239501953125 271.83636474609375 -2.568852663040161
215.6748046875 269.72064208984375 -2.5599536895751953
212.44461059570312 267.5760803222656 -2.5510520935058594
210.8960723876953 266.2980651855469 -2.3521649837493896
209.69711303710938 264.8069152832031 -2.1438488960266113
208.83245849609375 263.1000671386719 -1.9355326890945435
208.83245849609375 263.1000671386719 -1.5355327129364014
208.8331298828125 263.0972900390625 -1.135820984840393
210.22756958007812 259.8883972167969 -1.1859056949615479
211.72940063476562 256.1810302734375 -1.1859056949615479
212.96144104003906 252.90634155273438 -1.2359904050827026
214.27578735351562 249.12844848632812 -1.2359904050827026
215.34481811523438 245.7914581298828 -1.2855494022369385
216.47039794921875 241.95309448242188 -1.2855494022369385
217.59597778320312 238.11473083496094 -1.2855494022369385
218.4961395263672 234.7337188720703 -1.3356341123580933
219.4281463623047 230.84381103515625 -1.3356341123580933
220.3601531982422 226.9539031982422 -1.3356341123580933
221.0899200439453 223.53207397460938 -1.385718822479248
221.8260040283203 219.6003875732422 -1.385718822479248
222.383544921875 216.1463165283203 -1.4358035326004028
222.7674560546875 212.6686553955078 -1.4858882427215576
223.10646057128906 208.68382263183594 -1.485965609550476
223.44515991210938 204.69895935058594 -1.4860429763793945
223.78355407714844 200.71408081054688 -1.486120343208313
224.1216278076172 196.7291717529297 -1.4861977100372314
224.4593963623047 192.74423217773438 -1.48627507686615
224.79684448242188 188.75933837890625 -1.4863592386245728
225.14102172851562 184.8973846435547 -1.4774601459503174
225.51956176757812 181.03863525390625 -1.468561053276062
225.9324188232422 177.18341064453125 -1.4596619606018066
226.37957763671875 173.33201599121094 -1.4507628679275513
226.86099243164062 169.48475646972656 -1.441863775253296
227.37661743164062 165.6419219970703 -1.4329646825790405
227.92642211914062 161.8038330078125 -1.4240655899047852
228.51036071777344 157.97079467773438 -1.4151664972305298
229.12838745117188 154.14309692382812 -1.4062671661376953
229.78045654296875 150.32106018066406 -1.39736807346344
230.46652221679688 146.5049591064453 -1.388461709022522
230.46652221679688 146.5049591064453 -1.180361270904541
230.46652221679688 146.5049591064453 -0.9720450639724731
230.46652221679688 146.5049591064453 -0.7637288570404053
230.46652221679688 146.5049591064453 -0.5554126501083374
232.18836975097656 145.67054748535156 -0.34709644317626953
232.18836975097656 145.67054748535156 0.052903562784194946
232.18836975097656 145.67054748535156 0.4529035687446594
235.37176513671875 147.12228393554688 0.40281879901885986
238.62384033203125 148.41282653808594 0.3527340292930603
241.9364471435547 149.5389404296875 0.30264925956726074
245.30128479003906 150.497802734375 0.2525644898414612
249.17437744140625 151.4973602294922 0.2525644898414612
252.58299255371094 152.28656005859375 0.20247973501682281
256.50128173828125 153.09095764160156 0.20247973501682281
259.94512939453125 153.70852661132812 0.15239498019218445
263.41558837890625 154.1529083251953 0.10231022536754608
267.3946838378906 154.56143188476562 0.10231022536754608
271.373779296875 154.96995544433594 0.10231022536754608
274.86212158203125 155.2400360107422 0.052225466817617416
278.8566589355469 155.44883728027344 0.052225466817617416
282.3541564941406 155.54393005371094 0.0021407082676887512
286.3541564941406 155.552490234375 0.0021407082676887512
290.3541564941406 155.56105041503906 0.0021407082676887512
293.8520202636719 155.48092651367188 -0.047944050282239914
297.847412109375 155.2892303466797 -0.047944050282239914
301.8428039550781 155.0975341796875 -0.047944050282239914
305.332275390625 154.84239196777344 -0.09802880883216858
309.3130798339844 154.45089721679688 -0.09802880883216858
313.29388427734375 154.0594024658203 -0.09802880883216858
317.2746887207031 153.66790771484375 -0.09802880883216858
320.74700927734375 153.23838806152344 -0.14811331033706665
324.7032165527344 152.64810180664062 -0.14811331033706665
328.659423828125 152.0578155517578 -0.14811331033706665
332.1060791015625 151.4550018310547 -0.19818058609962463
336.02777099609375 150.66746520996094 -0.19818058609962463
339.949462890625 149.8799285888672 -0.19818058609962463
343.87115478515625 149.09239196777344 -0.19818058609962463
347.7928466796875 148.3048553466797 -0.19818058609962463
351.71453857421875 147.51731872558594 -0.19818058609962463
355.63623046875 146.7297821044922 -0.19818058609962463
359.55792236328125 145.94224548339844 -0.19818058609962463
362.96990966796875 145.16770935058594 -0.248265340924263
366.8472595214844 144.184814453125 -0.248265340924263
370.2161865234375 143.2404327392578 -0.29835009574890137
373.5335998535156 142.12857055664062 -0.3484348654747009
376.79119873046875 140.85202026367188 -0.3985196352005005
379.9808044433594 139.4139862060547 -0.44860440492630005
383.09442138671875 137.8180694580078 -0.4986891746520996
386.1242370605469 136.06826782226562 -0.5487739443778992
389.0626525878906 134.16897583007812 -0.5988587141036987
391.90228271484375 132.12496948242188 -0.6489434838294983
394.6360168457031 129.9413604736328 -0.6990282535552979
397.25701904296875 127.62362670898438 -0.7491130232810974
399.7586975097656 125.17758178710938 -0.799197793006897
402.134765625 122.60935974121094 -0.8492825627326965
404.3793029785156 119.92539978027344 -0.8993673324584961
406.48663330078125 117.13243865966797 -0.9494521021842957
408.4515075683594 114.23748016357422 -0.9995368719100952
410.26898193359375 111.2477798461914 -1.04962158203125
411.93450927734375 108.17083740234375 -1.0997062921524048
413.44390869140625 105.01437377929688 -1.1497910022735596
414.7933654785156 101.78630065917969 -1.1998757123947144
415.9795227050781 98.49472045898438 -1.2499604225158691
416.9994201660156 95.14788055419922 -1.300045132637024
417.8504638671875 91.75418090820312 -1.3501298427581787
418.5305480957031 88.32212829589844 -1.4002145528793335
419.0379638671875 84.8603286743164 -1.4502992630004883
419.3714294433594 81.37747192382812 -1.500383973121643
419.5301208496094 77.88228607177734 -1.5504686832427979
419.51361083984375 74.38353729248047 -1.6005533933639526
419.32196044921875 70.88999938964844 -1.6506381034851074
418.9556579589844 67.41043853759766 -1.7007228136062622
418.4156188964844 63.95357894897461 -1.750807523727417
417.70318603515625 60.52809143066406 -1.8008922338485718
416.8201599121094 57.1425666809082 -1.8509769439697266
415.7687683105469 53.80549240112305 -1.9010616540908813
414.5516052246094 50.52524185180664 -1.9511463642120361
413.1717529296875 47.31003952026367 -2.0012311935424805
411.6326599121094 44.16794967651367 -2.051316022872925
409.9382019042969 41.10685348510742 -2.101400852203369
408.0926208496094 38.13442611694336 -2.1514856815338135
406.10052490234375 35.25812530517578 -2.201570510864258
406.10052490234375 35.25812530517578 -2.6015706062316895
403.0555114746094 33.534912109375 -2.651655435562134
399.9280700683594 31.966304779052734 -2.701740264892578
399.9280700683594 31.966304779052734 -3.1017403602600098
399.9280700683594 31.966304779052734 2.781444787979126
396.1846923828125 33.375953674316406 2.781444787979126
392.4413146972656 34.78560256958008 2.781444787979126
388.69793701171875 36.19525146484375 2.781444787979126
384.9545593261719 37.60490036010742 2.781444787979126
381.2264404296875 39.005062103271484 2.78320574760437
377.495849609375 40.398651123046875 2.784968137741089
373.7628173828125 41.78565979003906 2.7867305278778076
370.02734375 43.16608810424805 2.7884929180145264
366.2894592285156 44.53993225097656 2.790255308151245
362.54913330078125 45.90718460083008 2.792017698287964
358.8064270019531 47.267845153808594 2.7937800884246826
358.8035888671875 47.26826858520508 -3.089693546295166
358.8035888671875 47.26826858520508 2.7934916019439697
358.8007507324219 47.26869201660156 -3.089982032775879
358.8007507324219 47.26869201660156 2.793203115463257
358.79791259765625 47.26911544799805 -3.090270519256592
358.79791259765625 47.26911544799805 2.792914628982544
358.7950744628906 47.26953887939453 -3.0905590057373047
358.7950744628906 47.26953887939453 2.792626142501831
358.792236328125 47.26996612548828 -3.0908474922180176
358.792236328125 47.26996612548828 2.792337656021118
358.7893981933594 47.27039337158203 -3.0911359786987305
358.7893981933594 47.27039337158203 2.7920491695404053
358.78656005859375 47.27082061767578 -3.0914244651794434
358.78656005859375 47.27082061767578 2.7917606830596924
358.7837219238281 47.27124786376953 -3.0917129516601562
358.7837219238281 47.27124786376953 2.7914721965789795
358.7808837890625 47.27167510986328 -3.092001438140869
358.7808837890625 47.27167510986328 2.7911837100982666
358.7780456542969 47.2721061706543 -3.092289924621582
358.7780456542969 47.2721061706543 2.7908952236175537
358.77520751953125 47.27253723144531 -3.092578411102295
358.77520751953125 47.27253723144531 2.790606737136841
358.7723693847656 47.27296829223633 -3.092866897583008
358.7723693847656 47.27296829223633 2.790318250656128
358.76953125 47.273399353027344 -3.0931553840637207
358.76953125 47.273399353027344 2.790029764175415
358.7666931152344 47.27383041381836 -3.0934438705444336
358.7666931152344 47.27383041381836 2.789741277694702
358.76385498046875 47.27426528930664 -3.0937323570251465
358.76385498046875 47.27426528930664 2.7894527912139893
358.7610168457031 47.27470016479492 -3.0940208435058594
358.7610168457031 47.27470016479492 2.7891643047332764
358.7581787109375 47.2751350402832 -3.0943093299865723
358.7581787109375 47.2751350402832 2.7888758182525635
358.7553405761719 47.275569915771484 -3.094597816467285
358.7553405761719 47.275569915771484 2.7885873317718506
358.75250244140625 47.27600860595703 -3.094886302947998
358.75250244140625 47.27600860595703 2.7882988452911377
358.7496643066406 47.27644729614258 -3.095174789428711
358.7496643066406 47.27644729614258 2.788010358810425
358.746826171875 47.276885986328125 -3.095463275909424
358.746826171875 47.276885986328125 2.787721872329712
358.7439880371094 47.27732467651367 -3.0957517623901367
358.7439880371094 47.27732467651367 2.787433385848999
358.74114990234375 47.27776336669922 -3.0960402488708496
358.74114990234375 47.27776336669922 2.787144899368286
358.7383117675781 47.27820587158203 -3.0963287353515625
358.7383117675781 47.27820587158203 2.7868564128875732
358.7354736328125 47.278648376464844 -3.0966172218322754
358.7354736328125 47.278648376464844 2.7865679264068604
358.7326354980469 47.279090881347656 -3.0969057083129883
358.7326354980469 47.279090881347656 2.7862794399261475
358.72979736328125 47.27953338623047 -3.097194194793701
358.72979736328125 47.27953338623047 2.7859909534454346
358.7269592285156 47.27997589111328 -3.097482681274414
358.7269592285156 47.27997589111328 2.7857024669647217
358.72412109375 47.28042221069336 -3.097771167755127
358.72412109375 47.28042221069336 2.785413980484009
358.7212829589844 47.28086853027344 -3.09805965423584
358.7212829589844 47.28086853027344 2.785125494003296
358.71844482421875 47.281314849853516 -3.0983481407165527
358.71844482421875 47.281314849853516 2.784837007522583
358.7156066894531 47.281761169433594 -3.0986366271972656
358.7156066894531 47.281761169433594 2.78454852104187
358.7127685546875 47.28221130371094 -3.0989251136779785
358.7127685546875 47.28221130371094 2.7842600345611572
358.7099304199219 47.28266143798828 -3.0992136001586914
358.7099304199219 47.28266143798828 2.7839715480804443
358.70709228515625 47.283111572265625 -3.0995020866394043
358.70709228515625 47.283111572265625 2.7836830615997314
358.7042541503906 47.28356170654297 -3.099790573120117
358.7042541503906 47.28356170654297 2.7833945751190186
358.701416015625 47.28401184082031 -3.10007905960083
358.701416015625 47.28401184082031 2.7831060886383057
358.6985778808594 47.28446578979492 -3.100367546081543
358.6985778808594 47.28446578979492 2.7828176021575928
358.69573974609375 47.28491973876953 -3.100656032562256
358.69573974609375 47.28491973876953 2.78252911567688
358.6929016113281 47.28537368774414 -3.1009445190429688
358.6929016113281 47.28537368774414 2.782240629196167
358.6900634765625 47.28582763671875 -3.1012330055236816
358.6900634765625 47.28582763671875 2.781952142715454
358.6872253417969 47.28628158569336 -3.1015214920043945
358.6872253417969 47.28628158569336 2.781663656234741
358.68438720703125 47.286739349365234 -3.1018099784851074
358.68438720703125 47.286739349365234 2.7813751697540283
358.6815490722656 47.28719711303711 -3.1020984649658203
358.6815490722656 47.28719711303711 2.7810866832733154
358.6787109375 47.287654876708984 -3.102386951446533
358.6787109375 47.287654876708984 2.7807981967926025
358.6758728027344 47.28811264038086 -3.102675437927246
358.6758728027344 47.28811264038086 2.7805097103118896
358.67303466796875 47.28857421875 -3.102963924407959
358.67303466796875 47.28857421875 2.7802212238311768
358.6701965332031 47.28903579711914 -3.103252410888672
358.6701965332031 47.28903579711914 2.779932737350464
358.6673583984375 47.28949737548828 -3.1035408973693848
358.6673583984375 47.28949737548828 2.779644250869751
358.6645202636719 47.28995895385742 -3.1038293838500977
358.6645202636719 47.28995895385742 2.779355764389038
358.66168212890625 47.29042053222656 -3.1041178703308105
358.66168212890625 47.29042053222656 2.779067277908325
358.6588439941406 47.29088592529297 -3.1044063568115234
358.6588439941406 47.29088592529297 2.7787787914276123
358.656005859375 47.291351318359375 -3.1046948432922363
358.656005859375 47.291351318359375 2.7784903049468994
358.6531677246094 47.29181671142578 -3.104983329772949
358.6531677246094 47.29181671142578 2.7782018184661865
358.65032958984375 47.29228210449219 -3.105271816253662
358.65032958984375 47.29228210449219 2.7779133319854736
358.6474914550781 47.292747497558594 -3.105560302734375
358.6474914550781 47.292747497558594 2.7776248455047607
358.6446533203125 47.293216705322266 -3.105848789215088
358.6446533203125 47.293216705322266 2.777336359024048
358.6418151855469 47.29368591308594 -3.106137275695801
358.6418151855469 47.29368591308594 2.777047872543335
358.63897705078125 47.29415512084961 -3.1064257621765137
358.63897705078125 47.29415512084961 2.776759386062622
358.6361389160156 47.29462432861328 -3.1067142486572266
358.6361389160156 47.29462432861328 2.776470899581909
358.63330078125 47.29509735107422 -3.1070027351379395
354.63568115234375 47.15676498413086 -3.1070029735565186
354.63568115234375 47.15676498413086 2.776182174682617
350.91497802734375 48.57651901245117 2.777944803237915
350.9121398925781 48.57698440551758 -3.1055288314819336
346.91473388671875 48.432762145996094 -3.105529308319092
346.91473388671875 48.432762145996094 2.777655839920044
346.9118957519531 48.433231353759766 -3.1058177947998047
346.9118957519531 48.433231353759766 2.777367353439331
346.9090576171875 48.43370056152344 -3.1061062812805176
346.9090576171875 48.43370056152344 2.777078866958618
346.9062194824219 48.43416976928711 -3.1063947677612305
346.9062194824219 48.43416976928711 2.7767903804779053
346.90338134765625 48.43463897705078 -3.1066832542419434
346.90338134765625 48.43463897705078 2.7765018939971924
346.9005432128906 48.43510818481445 -3.1069717407226562
346.9005432128906 48.43510818481445 2.7762134075164795
346.897705078125 48.43558120727539 -3.107260227203369
346.897705078125 48.43558120727539 2.7759249210357666
346.8948669433594 48.43605422973633 -3.107548713684082
346.8948669433594 48.43605422973633 2.7756364345550537
346.89202880859375 48.436527252197266 -3.107837200164795
346.89202880859375 48.436527252197266 2.775347948074341
346.8891906738281 48.4370002746582 -3.108125686645508
346.8891906738281 48.4370002746582 2.775059461593628
346.8863525390625 48.437477111816406 -3.1084141731262207
346.8863525390625 48.437477111816406 2.774770975112915
346.8835144042969 48.43795394897461 -3.1087026596069336
346.8835144042969 48.43795394897461 2.774482488632202
346.88067626953125 48.43843078613281 -3.1089911460876465
346.88067626953125 48.43843078613281 2.7741940021514893
346.8778381347656 48.438907623291016 -3.1092796325683594
346.8778381347656 48.438907623291016 2.7739055156707764
346.875 48.43938446044922 -3.1095681190490723
346.875 48.43938446044922 2.7736170291900635
346.8721618652344 48.43986511230469 -3.109856605529785
346.8721618652344 48.43986511230469 2.7733285427093506
346.86932373046875 48.440345764160156 -3.110145092010498
346.86932373046875 48.440345764160156 2.7730400562286377
346.8664855957031 48.440826416015625 -3.110433578491211
346.8664855957031 48.440826416015625 2.772751569747925
346.8636474609375 48.441307067871094 -3.110722064971924
346.8636474609375 48.441307067871094 2.772463083267212
346.8608093261719 48.44178771972656 -3.1110105514526367
346.8608093261719 48.44178771972656 2.772174596786499
346.8580017089844 48.4422721862793 -3.1112990379333496
346.8580017089844 48.4422721862793 2.771886110305786
346.8551940917969 48.44275665283203 -3.1115875244140625
346.8551940917969 48.44275665283203 2.7715976238250732
346.8523864746094 48.443241119384766 -3.1118760108947754
346.8523864746094 48.443241119384766 2.7713091373443604
346.8495788574219 48.4437255859375 -3.1121644973754883
346.8495788574219 48.4437255859375 2.7710206508636475
346.8467712402344 48.4442138671875 -3.112452983856201
346.8467712402344 48.4442138671875 2.7707321643829346
346.8439636230469 48.4447021484375 -3.112741470336914
346.8439636230469 48.4447021484375 2.7704436779022217
346.8411560058594 48.4451904296875 -3.113029956817627
346.8411560058594 48.4451904296875 2.770155191421509
346.8383483886719 48.4456787109375 -3.11331844329834
346.8383483886719 48.4456787109375 2.769866704940796
346.8355407714844 48.4461669921875 -3.1136069297790527
346.8355407714844 48.4461669921875 2.769578218460083
346.8327331542969 48.446659088134766 -3.1138954162597656
346.8327331542969 48.446659088134766 2.76928973197937
346.8299255371094 48.44715118408203 -3.1141839027404785
346.8299255371094 48.44715118408203 2.7690012454986572
346.8271179199219 48.4476432800293 -3.1144723892211914
346.8271179199219 48.4476432800293 2.7687127590179443
346.8243103027344 48.44813537597656 -3.1147608757019043
346.8243103027344 48.44813537597656 2.7684242725372314
346.8215026855469 48.44862747192383 -3.115049362182617
346.8215026855469 48.44862747192383 2.7681357860565186
346.8186950683594 48.44912338256836 -3.11533784866333
346.8186950683594 48.44912338256836 2.7678472995758057
346.8158874511719 48.44961929321289 -3.115626335144043
346.8158874511719 48.44961929321289 2.7675588130950928
346.8130798339844 48.45011520385742 -3.115914821624756
346.8130798339844 48.45011520385742 2.76727032661438
346.8102722167969 48.45061111450195 -3.1162033081054688
346.8102722167969 48.45061111450195 2.766981840133667
346.8074645996094 48.45111083984375 -3.1164917945861816
346.8074645996094 48.45111083984375 2.766693353652954
346.8046569824219 48.45161056518555 -3.1167802810668945
346.8046569824219 48.45161056518555 2.766404867172241
346.8018493652344 48.452110290527344 -3.1170687675476074
346.8018493652344 48.452110290527344 2.7661163806915283
346.7990417480469 48.45261001586914 -3.1173572540283203
346.7990417480469 48.45261001586914 2.7658278942108154
346.7962341308594 48.45310974121094 -3.117645740509033
346.7962341308594 48.45310974121094 2.7655394077301025
346.7934265136719 48.45361328125 -3.117934226989746
346.7934265136719 48.45361328125 2.7652509212493896
346.7906188964844 48.45411682128906 -3.118222713470459
346.7906188964844 48.45411682128906 2.7649624347686768
346.7878112792969 48.454620361328125 -3.118511199951172
346.7878112792969 48.454620361328125 2.764673948287964
346.7850036621094 48.45512390136719 -3.1187996864318848
346.7850036621094 48.45512390136719 2.764385461807251
346.7821960449219 48.45562744140625 -3.1190881729125977
346.7821960449219 48.45562744140625 2.764096975326538
346.7793884277344 48.45613479614258 -3.1193766593933105
346.7793884277344 48.45613479614258 2.763808488845825
346.7765808105469 48.456642150878906 -3.1196651458740234
346.7765808105469 48.456642150878906 2.7635200023651123
346.7737731933594 48.457149505615234 -3.1199536323547363
346.7737731933594 48.457149505615234 2.7632315158843994
346.7709655761719 48.45765686035156 -3.120242118835449
346.7709655761719 48.45765686035156 2.7629430294036865
346.7681579589844 48.458168029785156 -3.120530605316162
346.7681579589844 48.458168029785156 2.7626545429229736
346.7653503417969 48.45867919921875 -3.120819091796875
346.7653503417969 48.45867919921875 2.7623660564422607
346.7625427246094 48.459190368652344 -3.121107578277588
346.7625427246094 48.459190368652344 2.762077569961548
346.7597351074219 48.45970153808594 -3.121396064758301
346.7597351074219 48.45970153808594 2.761789083480835
346.7569274902344 48.46021270751953 -3.1216845512390137
346.7569274902344 48.46021270751953 2.761500597000122
346.7541198730469 48.46072769165039 -3.1219730377197266
346.7541198730469 48.46072769165039 2.761212110519409
346.7513122558594 48.46124267578125 -3.1222615242004395
346.7513122558594 48.46124267578125 2.7609236240386963
346.7485046386719 48.46175765991211 -3.1225500106811523
346.7485046386719 48.46175765991211 2.7606351375579834
346.7456970214844 48.46227264404297 -3.1228384971618652
346.7456970214844 48.46227264404297 2.7603466510772705
346.7428894042969 48.46278762817383 -3.123126983642578
346.7428894042969 48.46278762817383 2.7600581645965576
346.7400817871094 48.46330642700195 -3.123415470123291
346.7400817871094 48.46330642700195 2.7597696781158447
346.7372741699219 48.46382522583008 -3.123703956604004
346.7372741699219 48.46382522583008 2.759481191635132
346.7344665527344 48.4643440246582 -3.123992443084717
346.7344665527344 48.4643440246582 2.759192705154419
346.7316589355469 48.46486282348633 -3.1242809295654297
346.7316589355469 48.46486282348633 2.758904218673706
346.7288513183594 48.46538162231445 -3.1245694160461426
346.7288513183594 48.46538162231445 2.758615732192993
346.7260437011719 48.465904235839844 -3.1248579025268555
346.7260437011719 48.465904235839844 2.7583272457122803
346.7232360839844 48.466426849365234 -3.1251463890075684
346.7232360839844 48.466426849365234 2.7580387592315674
346.7204284667969 48.466949462890625 -3.1254348754882812
346.7204284667969 48.466949462890625 2.7577502727508545
346.7176208496094 48.467472076416016 -3.125723361968994
346.7176208496094 48.467472076416016 2.7574617862701416
346.7148132324219 48.46799850463867 -3.126011848449707
346.7148132324219 48.46799850463867 2.7571732997894287
346.7120056152344 48.46852493286133 -3.12630033493042
346.7120056152344 48.46852493286133 2.756884813308716
346.7091979980469 48.469051361083984 -3.126588821411133
346.7091979980469 48.469051361083984 2.756596326828003
346.7063903808594 48.46957778930664 -3.1268773078918457
346.7063903808594 48.46957778930664 2.75630784034729
346.7035827636719 48.4701042175293 -3.1271657943725586
346.7035827636719 48.4701042175293 2.756019353866577
346.7007751464844 48.47063446044922 -3.1274542808532715
346.7007751464844 48.47063446044922 2.7557308673858643
346.6979675292969 48.47116470336914 -3.1277427673339844
346.6979675292969 48.47116470336914 2.7554423809051514
346.6951599121094 48.47169494628906 -3.1280312538146973
346.6951599121094 48.47169494628906 2.7551538944244385
346.6923522949219 48.472225189208984 -3.12831974029541
346.6923522949219 48.472225189208984 2.7548654079437256
346.6895446777344 48.472755432128906 -3.128608226776123
346.6895446777344 48.472755432128906 2.7545769214630127
346.6867370605469 48.473289489746094 -3.128896713256836
346.6867370605469 48.473289489746094 2.7542884349823
346.6839294433594 48.47382354736328 -3.129185199737549
346.6839294433594 48.47382354736328 2.753999948501587
346.6811218261719 48.47435760498047 -3.1294736862182617
346.6811218261719 48.47435760498047 2.753711462020874
346.6783142089844 48.474891662597656 -3.1297621726989746
346.6783142089844 48.474891662597656 2.753422975540161
346.6755065917969 48.47542953491211 -3.1300506591796875
346.6755065917969 48.47542953491211 2.7531344890594482
346.6726989746094 48.47596740722656 -3.1303391456604004
346.6726989746094 48.47596740722656 2.7528460025787354
346.6698913574219 48.476505279541016 -3.1306276321411133
346.6698913574219 48.476505279541016 2.7525575160980225
346.6670837402344 48.47704315185547 -3.130916118621826
346.6670837402344 48.47704315185547 2.7522690296173096
346.6642761230469 48.47758102416992 -3.131204605102539
346.6642761230469 48.47758102416992 2.7519805431365967
346.6614685058594 48.47812271118164 -3.131493091583252
346.6614685058594 48.47812271118164 2.751692056655884
346.6586608886719 48.47866439819336 -3.131781578063965
346.6586608886719 48.47866439819336 2.751403570175171
346.6558532714844 48.47920608520508 -3.1320700645446777
342.6560363769531 48.44111633300781 -3.132070302963257
342.6560363769531 48.44111633300781 2.751114845275879
338.97210693359375 49.95366668701172 2.752880334854126
338.96929931640625 49.95420455932617 -3.1305932998657227
338.96929931640625 49.95420455932617 2.752591848373413
338.96649169921875 49.954742431640625 -3.1308817863464355
338.96649169921875 49.954742431640625 2.7523033618927
338.96368408203125 49.95528030395508 -3.1311702728271484
338.96368408203125 49.95528030395508 2.7520148754119873
338.96087646484375 49.9558219909668 -3.1314587593078613
338.96087646484375 49.9558219909668 2.7517263889312744
338.95806884765625 49.956363677978516 -3.131747245788574
338.95806884765625 49.956363677978516 2.7514379024505615
338.95526123046875 49.956905364990234 -3.132035732269287
338.95526123046875 49.956905364990234 2.7511494159698486
338.95245361328125 49.95744705200195 -3.13232421875
338.95245361328125 49.95744705200195 2.7508609294891357
338.94964599609375 49.95798873901367 -3.132612705230713
338.94964599609375 49.95798873901367 2.750572443008423
338.94683837890625 49.958534240722656 -3.132901191711426
338.94683837890625 49.958534240722656 2.75028395652771
338.94403076171875 49.95907974243164 -3.1331896781921387
338.94403076171875 49.95907974243164 2.749995470046997
338.94122314453125 49.959625244140625 -3.1334781646728516
338.94122314453125 49.959625244140625 2.749706983566284
338.93841552734375 49.96017074584961 -3.1337666511535645
338.93841552734375 49.96017074584961 2.7494184970855713
338.93560791015625 49.96072006225586 -3.1340551376342773
338.93560791015625 49.96072006225586 2.7491300106048584
338.93280029296875 49.96126937866211 -3.1343436241149902
338.93280029296875 49.96126937866211 2.7488415241241455
338.92999267578125 49.96181869506836 -3.134632110595703
338.92999267578125 49.96181869506836 2.7485530376434326
338.92718505859375 49.96236801147461 -3.134920597076416
338.92718505859375 49.96236801147461 2.7482645511627197
338.92437744140625 49.96291732788086 -3.135209083557129
338.92437744140625 49.96291732788086 2.747976064682007
338.92156982421875 49.963470458984375 -3.135497570037842
338.92156982421875 49.963470458984375 2.747687578201294
338.91876220703125 49.96402359008789 -3.1357860565185547
338.91876220703125 49.96402359008789 2.747399091720581
338.91595458984375 49.964576721191406 -3.1360745429992676
338.91595458984375 49.964576721191406 2.747110605239868
338.91314697265625 49.96512985229492 -3.1363630294799805
338.91314697265625 49.96512985229492 2.7468221187591553
338.91033935546875 49.96568298339844 -3.1366515159606934
338.91033935546875 49.96568298339844 2.7465336322784424
338.90753173828125 49.96623992919922 -3.1369400024414062
338.90753173828125 49.96623992919922 2.7462451457977295
338.90472412109375 49.966796875 -3.137228488922119
338.90472412109375 49.966796875 2.7459566593170166
338.90191650390625 49.96735382080078 -3.137516975402832
338.90191650390625 49.96735382080078 2.7456681728363037
338.89910888671875 49.96791076660156 -3.137805461883545
338.89910888671875 49.96791076660156 2.745379686355591
338.89630126953125 49.96847152709961 -3.138093948364258
338.89630126953125 49.96847152709961 2.745091199874878
338.89349365234375 49.969032287597656 -3.1383824348449707
338.89349365234375 49.969032287597656 2.744802713394165
338.89068603515625 49.9695930480957 -3.1386709213256836
338.89068603515625 49.9695930480957 2.744514226913452
338.88787841796875 49.97015380859375 -3.1389594078063965
338.88787841796875 49.97015380859375 2.7442257404327393
338.88507080078125 49.9707145690918 -3.1392478942871094
338.88507080078125 49.9707145690918 2.7439372539520264
338.88226318359375 49.97127914428711 -3.1395363807678223
338.88226318359375 49.97127914428711 2.7436487674713135
338.87945556640625 49.97184371948242 -3.139824867248535
338.87945556640625 49.97184371948242 2.7433602809906006
338.87664794921875 49.972408294677734 -3.140113353729248
338.87664794921875 49.972408294677734 2.7430717945098877
338.87384033203125 49.97297286987305 -3.140401840209961
338.87384033203125 49.97297286987305 2.742783308029175
338.87103271484375 49.97353744506836 -3.140690326690674
338.87103271484375 49.97353744506836 2.742494821548462
338.86822509765625 49.97410583496094 -3.1409788131713867
338.86822509765625 49.97410583496094 2.742206335067749
338.86541748046875 49.974674224853516 -3.1412672996520996
338.86541748046875 49.974674224853516 2.741917848587036
338.86260986328125 49.975242614746094 -3.1415557861328125
338.86260986328125 49.975242614746094 2.7416293621063232
338.85980224609375 49.97581100463867 3.141340970993042
338.85980224609375 49.97581100463867 2.7413408756256104
338.85699462890625 49.97637939453125 3.141052484512329
338.85699462890625 49.97637939453125 2.7410523891448975
338.85418701171875 49.976951599121094 3.140763998031616
338.85418701171875 49.976951599121094 2.7407639026641846
338.85137939453125 49.97752380371094 3.1404755115509033
338.85137939453125 49.97752380371094 2.7404754161834717
338.84857177734375 49.97809600830078 3.1401870250701904
338.84857177734375 49.97809600830078 2.740186929702759
338.84576416015625 49.978668212890625 3.1398985385894775
338.84576416015625 49.978668212890625 2.739898443222046
338.84295654296875 49.979244232177734 3.1396100521087646
338.84295654296875 49.979244232177734 2.739609956741333
338.84014892578125 49.979820251464844 3.1393215656280518
338.84014892578125 49.979820251464844 2.73932147026062
338.83734130859375 49.98039627075195 3.139033079147339
338.83734130859375 49.98039627075195 2.7390329837799072
338.83453369140625 49.98097229003906 3.138744592666626
338.83453369140625 49.98097229003906 2.7387444972991943
338.83172607421875 49.98154830932617 3.138456106185913
338.83172607421875 49.98154830932617 2.7384560108184814
338.82891845703125 49.98212814331055 3.1381676197052
338.82891845703125 49.98212814331055 2.7381675243377686
338.82611083984375 49.98270797729492 3.1378791332244873
338.82611083984375 49.98270797729492 2.7378790378570557
338.82330322265625 49.9832878112793 3.1375906467437744
338.82330322265625 49.9832878112793 2.7375905513763428
338.82049560546875 49.98386764526367 3.1373021602630615
338.82049560546875 49.98386764526367 2.73730206489563
338.81768798828125 49.98444747924805 3.1370136737823486
338.81768798828125 49.98444747924805 2.737013578414917
338.81488037109375 49.98503112792969 3.1367251873016357
338.81488037109375 49.98503112792969 2.736725091934204
338.81207275390625 49.98561477661133 3.136436700820923
338.81207275390625 49.98561477661133 2.736436605453491
338.80926513671875 49.98619842529297 3.13614821434021
338.80926513671875 49.98619842529297 2.7361481189727783
338.80645751953125 49.98678207397461 3.135859727859497
334.8065185546875 50.00971603393555 3.135859489440918
334.8065185546875 50.00971603393555 2.7358593940734863
334.8037109375 50.01029968261719 3.135571002960205
334.8037109375 50.01029968261719 2.7355709075927734
334.8009033203125 50.010887145996094 3.135282516479492
334.8009033203125 50.010887145996094 2.7352824211120605
334.798095703125 50.011474609375 3.1349940299987793
334.798095703125 50.011474609375 2.7349939346313477
334.7952880859375 50.012062072753906 3.1347055435180664
334.7952880859375 50.012062072753906 2.7347054481506348
334.79248046875 50.01264953613281 3.1344170570373535
334.79248046875 50.01264953613281 2.734416961669922
334.7896728515625 50.013240814208984 3.1341285705566406
334.7896728515625 50.013240814208984 2.734128475189209
334.786865234375 50.013832092285156 3.1338400840759277
334.786865234375 50.013832092285156 2.733839988708496
334.7840576171875 50.01442337036133 3.133551597595215
334.7840576171875 50.01442337036133 2.733551502227783
334.78125 50.0150146484375 3.133263111114502
334.78125 50.0150146484375 2.7332630157470703
334.7784423828125 50.01560592651367 3.132974624633789
334.7784423828125 50.01560592651367 2.7329745292663574
334.775634765625 50.01620101928711 3.132686138153076
334.775634765625 50.01620101928711 2.7326860427856445
334.7728271484375 50.01679611206055 3.1323976516723633
334.7728271484375 50.01679611206055 2.7323975563049316
334.77001953125 50.017391204833984 3.1321091651916504
334.77001953125 50.017391204833984 2.7321090698242188
334.7672119140625 50.01798629760742 3.1318206787109375
334.7672119140625 50.01798629760742 2.731820583343506
334.764404296875 50.01858139038086 3.1315321922302246
334.764404296875 50.01858139038086 2.731532096862793
334.7615966796875 50.01918029785156 3.1312437057495117
334.7615966796875 50.01918029785156 2.73124361038208
334.7587890625 50.019779205322266 3.130955219268799
334.7587890625 50.019779205322266 2.730955123901367
334.7559814453125 50.02037811279297 3.130666732788086
334.7559814453125 50.02037811279297 2.7306666374206543
334.753173828125 50.02097702026367 3.130378246307373
330.75341796875 50.065834045410156 3.130378007888794
330.75341796875 50.065834045410156 2.7303779125213623
327.10162353515625 51.65446472167969 2.732140302658081
323.4503173828125 53.2343864440918 2.7342939376831055
323.447509765625 53.23497772216797 3.134005546569824
323.447509765625 53.23497772216797 2.7340054512023926
323.4447021484375 53.23556900024414 3.1337170600891113
323.4447021484375 53.23556900024414 2.7337169647216797
323.44189453125 53.23616027832031 3.1334285736083984
323.44189453125 53.23616027832031 2.733428478240967
323.4390869140625 53.236751556396484 3.1331400871276855
323.4390869140625 53.236751556396484 2.733139991760254
323.436279296875 53.237342834472656 3.1328516006469727
323.436279296875 53.237342834472656 2.732851505279541
323.4334716796875 53.237937927246094 3.1325631141662598
323.4334716796875 53.237937927246094 2.732563018798828
323.4306640625 53.23853302001953 3.132274627685547
323.4306640625 53.23853302001953 2.7322745323181152
323.4278564453125 53.23912811279297 3.131986141204834
323.4278564453125 53.23912811279297 2.7319860458374023
323.425048828125 53.239723205566406 3.131697654724121
323.425048828125 53.239723205566406 2.7316975593566895
323.4222412109375 53.24032211303711 3.131409168243408
323.4222412109375 53.24032211303711 2.7314090728759766
323.41943359375 53.24092102050781 3.1311206817626953
323.41943359375 53.24092102050781 2.7311205863952637
323.4166259765625 53.241519927978516 3.1308321952819824
323.4166259765625 53.241519927978516 2.730832099914551
323.413818359375 53.24211883544922 3.1305437088012695
323.413818359375 53.24211883544922 2.730543613433838
323.4110107421875 53.24271774291992 3.1302552223205566
319.4112854003906 53.28806686401367 3.1302542686462402
319.4112854003906 53.28806686401367 2.7302541732788086
315.75970458984375 54.87714767456055 2.7320165634155273
312.1053161621094 56.45979309082031 2.733778953552246
308.4481506347656 58.03599548339844 2.735541343688965
308.44256591796875 58.03716278076172 3.1349680423736572
304.443115234375 58.063751220703125 3.1349222660064697
300.9460754394531 58.17469024658203 3.0848374366760254
297.4587707519531 58.46054458618164 3.0347750186920166
293.4815673828125 58.88700485229492 3.0347750186920166
289.5043640136719 59.3134651184082 3.0347750186920166
285.52716064453125 59.739925384521484 3.0347750186920166
281.5499572753906 60.166385650634766 3.0347750186920166
277.57275390625 60.59284591674805 3.0347750186920166
273.5955505371094 61.01930618286133 3.0347750186920166
270.12713623046875 61.47932052612305 2.9846901893615723
266.17626953125 62.1043586730957 2.9846901893615723
262.22540283203125 62.72939682006836 2.9846901893615723
258.2745361328125 63.354434967041016 2.9846901893615723
254.83349609375 63.98751449584961 2.934605360031128
250.91888427734375 64.80956268310547 2.934605360031128
247.0042724609375 65.6316146850586 2.934605360031128
243.08966064453125 66.45366668701172 2.934605360031128
239.175048828125 67.27571868896484 2.934605360031128
235.26043701171875 68.09777069091797 2.934605360031128
231.3458251953125 68.9198226928711 2.934605360031128
227.43121337890625 69.74187469482422 2.934605360031128
223.5166015625 70.56392669677734 2.934605360031128
220.111572265625 71.36848449707031 2.884521007537842
216.24301147460938 72.38548278808594 2.884521007537842
212.37445068359375 73.40248107910156 2.884521007537842
208.50588989257812 74.41947937011719 2.884521007537842
204.6373291015625 75.43647766113281 2.884521007537842
200.76876831054688 76.45347595214844 2.884521007537842
196.90020751953125 77.47047424316406 2.884521007537842
193.03164672851562 78.48747253417969 2.884521007537842
189.1630859375 79.50447082519531 2.884521007537842
185.29452514648438 80.52146911621094 2.884521007537842
181.42596435546875 81.53846740722656 2.884521007537842
177.55740356445312 82.55546569824219 2.884521007537842
173.6888427734375 83.57246398925781 2.884521007537842
169.82028198242188 84.58946228027344 2.884521007537842
165.96780395507812 85.59862518310547 2.886274576187134
162.11248779296875 86.60154724121094 2.887911081314087
158.25668334960938 87.59760284423828 2.8896734714508057
154.39913940429688 88.58686065673828 2.8914358615875244
150.53985595703125 89.56932067871094 2.893198251724243
146.67884826660156 90.54497528076172 2.894960641860962
142.8161163330078 91.51382446289062 2.8967230319976807
138.95169067382812 92.47586822509766 2.8984854221343994
135.0855712890625 93.43109893798828 2.900247812271118
135.08270263671875 93.43122100830078 -2.9832258224487305
131.13275146484375 92.80039978027344 -2.9832258224487305
127.18280792236328 92.1695785522461 -2.9832258224487305
123.23286437988281 91.53875732421875 -2.9832258224487305
119.28292083740234 90.9079360961914 -2.9832258224487305
115.33297729492188 90.27711486816406 -2.9832258224487305
111.3830337524414 89.64629364013672 -2.9832258224487305
107.43309020996094 89.01547241210938 -2.9832258224487305
103.48314666748047 88.38465118408203 -2.9832258224487305
99.533203125 87.75382995605469 -2.9832258224487305
95.58325958251953 87.12300872802734 -2.9832258224487305
91.99695587158203 86.61962890625 -3.0210585594177246
88.51410675048828 86.2860336303711 -3.071143388748169
84.52403259277344 86.00447082519531 -3.0711426734924316
80.53471374511719 85.72311401367188 -3.0712199211120605
76.54537200927734 85.44206237792969 -3.0712971687316895
72.55601501464844 85.16132354736328 -3.0713744163513184
68.56663513183594 84.88088989257812 -3.0714516639709473
64.57723236083984 84.60076141357422 -3.071528911590576
60.587806701660156 84.3209457397461 -3.071606159210205
56.598365783691406 84.04143524169922 -3.0716841220855713
