62.53519058227539 452.4112854003906 0.7353134155273438
65.18791961669922 454.692626953125 0.6852286458015442
67.9515380859375 456.83831787109375 0.6351438760757446
70.81910705566406 458.84295654296875 0.5850591063499451
73.78343963623047 460.7015075683594 0.5349743366241455
76.83710479736328 462.4093322753906 0.48488956689834595
79.97244262695312 463.9621276855469 0.4348047971725464
83.18158721923828 465.35601806640625 0.3847200274467468
86.45648956298828 466.5874938964844 0.33463525772094727
89.78893280029297 467.6534729003906 0.2845504879951477
93.17057037353516 468.55126953125 0.23446573317050934
96.59291076660156 469.2786560058594 0.18438097834587097
100.04737854003906 469.83380126953125 0.1342962235212326
103.52530670166016 470.2153015136719 0.08421146869659424
107.0179672241211 470.4222106933594 0.03412671014666557
110.51660919189453 470.4539794921875 -0.015958048403263092
114.01245880126953 470.3105773925781 -0.06604281067848206
117.49674224853516 469.9923400878906 -0.11612756550312042
120.96072387695312 469.50006103515625 -0.1662123203277588
124.39571380615234 468.8349609375 -0.21629707515239716
128.3019256591797 467.97650146484375 -0.2163543850183487
132.2080841064453 467.1178283691406 -0.21641169488430023
136.11419677734375 466.2589416503906 -0.21646900475025177
140.02024841308594 465.3998107910156 -0.2165263146162033
143.92625427246094 464.54046630859375 -0.21658362448215485
146.71958923339844 464.0914611816406 -0.1021694466471672
146.71958923339844 464.0914611816406 0.2978305518627167
146.71958923339844 464.0914611816406 0.6978305578231812
149.45594787597656 466.27178955078125 0.6477457880973816
152.29803466796875 468.3124084472656 0.597661018371582
155.23870849609375 470.2081604003906 0.5475762486457825
158.27061462402344 471.9543151855469 0.4974914789199829
161.38613891601562 473.5465087890625 0.44740670919418335
164.57745361328125 474.980712890625 0.3973219394683838
167.83657836914062 476.25335693359375 0.34723716974258423
171.15533447265625 477.3612365722656 0.29715240001678467
174.525390625 478.30157470703125 0.2470676451921463
177.93829345703125 479.072021484375 0.19698289036750793
181.38548278808594 479.670654296875 0.14689813554286957
184.8583221435547 480.095947265625 0.0968133807182312
188.3480987548828 480.3468322753906 0.046728622168302536
191.8460693359375 480.4226989746094 -0.003356136381626129
195.34344482421875 480.3233642578125 -0.053440894931554794
198.8314666748047 480.0490417480469 -0.10352565348148346
202.30137634277344 479.6004333496094 -0.15361040830612183
205.74447631835938 478.97869873046875 -0.2036951631307602
209.15213012695312 478.18536376953125 -0.25377991795539856
212.5157928466797 477.222412109375 -0.3038646876811981
215.8270263671875 476.09228515625 -0.3539494574069977
219.07752990722656 474.79779052734375 -0.40403422713279724
222.2591552734375 473.3421936035156 -0.4541189968585968
225.36392211914062 471.7291259765625 -0.504203736782074
228.384033203125 469.962646484375 -0.5542885065078735
231.31192016601562 468.04718017578125 -0.6043732762336731
234.14024353027344 465.987548828125 -0.6544580459594727
236.86190795898438 463.7889099121094 -0.7045428156852722
239.47007751464844 461.4567565917969 -0.7546275854110718
241.95822143554688 458.9969482421875 -0.8047123551368713
244.32009887695312 456.4156494140625 -0.8547971248626709
246.54978942871094 453.7193603515625 -0.9048818945884705
248.64169311523438 450.9148254394531 -0.95496666431427
250.590576171875 448.0090637207031 -1.0050513744354248
252.39154052734375 445.0093994140625 -1.0551360845565796
254.04006958007812 441.9233093261719 -1.1052207946777344
255.5320281982422 438.7585754394531 -1.1553055047988892
256.8636779785156 435.5231018066406 -1.205390214920044
258.03167724609375 432.22503662109375 -1.2554749250411987
259.0331115722656 428.87261962890625 -1.3055596351623535
259.8654479980469 425.4742736816406 -1.3556443452835083
260.526611328125 422.03851318359375 -1.405729055404663
261.0149230957031 418.573974609375 -1.4558137655258179
261.3291931152344 415.0893249511719 -1.5058984756469727
261.4685974121094 411.59332275390625 -1.5559831857681274
261.43280029296875 408.0947265625 -1.6060678958892822
261.2218933105469 404.602294921875 -1.656152606010437
260.83642578125 401.12481689453125 -1.7062373161315918
260.27734375 397.6709899902344 -1.7563220262527466
259.5460510253906 394.2494812011719 -1.8064067363739014
259.5460510253906 394.2494812011719 -2.206406831741333
257.3990783691406 391.48687744140625 -2.2564916610717773
255.1165008544922 388.835205078125 -2.3065764904022217
252.7040252685547 386.3011474609375 -2.356661319732666
252.7040252685547 386.3011474609375 -2.7566614151000977
249.42938232421875 385.0689697265625 -2.806746244430542
246.09716796875 384.0022888183594 -2.8568310737609863
242.71572875976562 383.103759765625 -2.9069159030914307
239.2935333251953 382.3756408691406 -2.957000732421875
235.8391876220703 381.81976318359375 -3.0070855617523193
232.36134338378906 381.4375305175781 -3.0571703910827637
228.8687286376953 381.2298889160156 -3.107255220413208
225.37008666992188 381.1973571777344 3.125845193862915
221.87420654296875 381.34002685546875 3.0757603645324707
218.38986206054688 381.65753173828125 3.0256755352020264
214.92578125 382.1490783691406 2.975590705871582
211.4906463623047 382.8134460449219 2.9255058765411377
208.09307861328125 383.6489562988281 2.8754210472106934
204.74160766601562 384.65350341796875 2.825336217880249
201.4446258544922 385.8245849609375 2.7752513885498047
198.2104034423828 387.1592712402344 2.7251665592193604
195.04705810546875 388.6541748046875 2.675081729888916
195.04705810546875 388.6541748046875 2.2750816345214844
195.04705810546875 388.6541748046875 1.8750816583633423
195.04705810546875 388.6541748046875 1.4750816822052002
195.04705810546875 388.6541748046875 1.075081706047058
196.78782653808594 391.6891784667969 1.0249969959259033
198.67835998535156 394.6332092285156 0.9749122262001038
200.7139129638672 397.4789123535156 0.9248274564743042
202.88938903808594 400.2191467285156 0.8747426867485046
205.19931030273438 402.8470153808594 0.8246579170227051
207.63790893554688 405.35595703125 0.7745731472969055
210.1990509033203 407.7396545410156 0.724488377571106
212.87631225585938 409.9921569824219 0.6744036078453064
215.66299438476562 412.1077880859375 0.6243188381195068
218.55209350585938 414.0812683105469 0.5742340683937073
221.536376953125 415.9076232910156 0.5241492986679077
224.6083526611328 417.582275390625 0.47406452894210815
227.76031494140625 419.1010437011719 0.4239797592163086
230.98435974121094 420.4601135253906 0.37389498949050903
234.27239990234375 421.65606689453125 0.3238102197647095
237.61619567871094 422.6859130859375 0.2737254500389099
241.00735473632812 423.54705810546875 0.22364069521427155
244.43736267089844 424.23736572265625 0.17355594038963318
247.8976287841797 424.75506591796875 0.12347118556499481
251.37948608398438 425.098876953125 0.07338643074035645
254.8741912841797 425.2679443359375 0.02330167219042778
258.37298583984375 425.2618408203125 -0.026783086359500885
262.3715515136719 425.15472412109375 -0.026783086359500885
266.36956787109375 425.0477294921875 -0.026727821677923203
270.3675842285156 424.9409484863281 -0.02667255699634552
274.3656005859375 424.8343811035156 -0.026617292314767838
278.3636474609375 424.7280578613281 -0.026562027633190155
282.36224365234375 424.621826171875 -0.026562027633190155
282.3735656738281 424.6238098144531 0.3722802400588989
286.0989990234375 426.07867431640625 0.3723354935646057
289.8243713378906 427.53375244140625 0.3723907470703125
293.5496520996094 428.989013671875 0.3724460005760193
297.2748718261719 430.4444885253906 0.3725012540817261
301.0 431.9001770019531 0.37255650758743286
304.7255859375 433.3561706542969 0.37255650758743286
308.451171875 434.8121643066406 0.37255650758743286
312.1767578125 436.2681579589844 0.37255650758743286
315.90179443359375 437.72406005859375 0.37261176109313965
319.62677001953125 439.1801452636719 0.37266701459884644
323.3522033691406 440.63653564453125 0.37266772985458374
327.07708740234375 442.09283447265625 0.3727229833602905
330.8018798828125 443.5493469238281 0.3727782368659973
334.526611328125 445.0060729980469 0.372833788394928
334.526611328125 445.0060729980469 0.7728338241577148
337.0918884277344 447.38531494140625 0.7227490544319153
339.7730712890625 449.6331481933594 0.6726642847061157
342.56341552734375 451.7439270019531 0.6225795149803162
345.4559326171875 453.7123718261719 0.5724947452545166
348.4433898925781 455.5335388183594 0.5224101543426514
351.90985107421875 457.5294189453125 0.5224101543426514
354.9847412109375 459.19873046875 0.4723253846168518
358.5467834472656 461.0185546875 0.4723253846168518
362.10882568359375 462.83837890625 0.4723253846168518
365.6708679199219 464.658203125 0.4723253846168518
369.23291015625 466.47802734375 0.4723253846168518
372.7949523925781 468.2978515625 0.4723253846168518
376.35699462890625 470.11767578125 0.4723253846168518
379.91851806640625 471.9373474121094 0.4723806381225586
383.48046875 473.75738525390625 0.4723806381225586
387.04241943359375 475.5774230957031 0.4723806381225586
390.60382080078125 477.3973083496094 0.4724351763725281
394.1656799316406 479.217529296875 0.4724351763725281
397.72698974609375 481.03759765625 0.47249042987823486
401.2887268066406 482.8580322265625 0.47249042987823486
404.8504638671875 484.678466796875 0.47249042987823486
408.4117431640625 486.4987487792969 0.4725382626056671
411.5660095214844 488.0126953125 0.42245349287986755
414.7921142578125 489.3668518066406 0.372368723154068
418.5174255371094 490.8220520019531 0.3724239766597748
421.8072204589844 492.01318359375 0.3223392069339752
425.15252685546875 493.0381164550781 0.27225443720817566
428.5449523925781 493.894287109375 0.2221696823835373
431.9759826660156 494.57952880859375 0.17208492755889893
435.43701171875 495.0921325683594 0.12200017273426056
438.91937255859375 495.43084716796875 0.07191541790962219
442.414306640625 495.59478759765625 0.021830659359693527
445.9130859375 495.58355712890625 -0.028254099190235138
449.4068908691406 495.3971862792969 -0.0783388614654541
452.8869934082031 495.0361328125 -0.12842361629009247
456.34466552734375 494.50128173828125 -0.17850837111473083
459.7712097167969 493.79400634765625 -0.2285931259393692
463.1580505371094 492.91607666015625 -0.27867788076400757
466.4967041015625 491.86968994140625 -0.32876265048980713
469.7787780761719 490.657470703125 -0.3788474202156067
472.9960632324219 489.2824401855469 -0.42893218994140625
476.1404724121094 487.7480773925781 -0.4790169596672058
479.2041015625 486.0582275390625 -0.5291017293930054
482.1792907714844 484.21710205078125 -0.5791864991188049
485.05859375 482.2293395996094 -0.6292712688446045
487.8347473144531 480.09991455078125 -0.679356038570404
490.5008239746094 477.8341979980469 -0.7294408082962036
493.0501403808594 475.4378356933594 -0.7795255780220032
495.4762878417969 472.9168395996094 -0.8296103477478027
497.7731628417969 470.2775573730469 -0.8796951174736023
499.9350280761719 467.5265808105469 -0.9297798871994019
501.9564514160156 464.67083740234375 -0.9798646569252014
503.8323974609375 461.71746826171875 -1.029949426651001
505.5581359863281 458.67388916015625 -1.0800341367721558
507.12933349609375 455.5477294921875 -1.1301188468933105
508.54205322265625 452.3468322753906 -1.1802035570144653
509.7927551269531 449.0792236328125 -1.2302882671356201
510.8782958984375 445.7530822753906 -1.280372977256775
511.79595947265625 442.37677001953125 -1.3304576873779297
512.54345703125 438.9587707519531 -1.3805423974990845
513.118896484375 435.50762939453125 -1.4306271076202393
513.5208129882812 432.0320129394531 -1.480711817741394
513.7482299804688 428.5406188964844 -1.5307965278625488
513.800537109375 425.042236328125 -1.5808812379837036
513.800537109375 425.042236328125 -1.9808812141418457
513.800537109375 425.042236328125 -2.3808813095092773
511.20660400390625 422.6942443847656 -2.4309661388397217
511.20660400390625 422.6942443847656 -2.8309662342071533
507.3985900878906 421.4716796875 -2.8309109210968018
503.59039306640625 420.2490234375 -2.8309438228607178
499.7823181152344 419.0263671875 -2.8308968544006348
495.97406005859375 417.8034973144531 -2.830873966217041
492.1661682128906 416.5805969238281 -2.8308186531066895
488.35833740234375 415.35748291015625 -2.830763339996338
484.5505676269531 414.1341552734375 -2.8307080268859863
480.7428894042969 412.9106140136719 -2.8306527137756348
476.9352722167969 411.6868591308594 -2.830597400665283
473.1277160644531 410.462890625 -2.8305420875549316
469.3202209472656 409.23870849609375 -2.83048677444458
465.5127868652344 408.0143127441406 -2.8304314613342285
461.7054443359375 406.78973388671875 -2.830376148223877
457.8981628417969 405.56494140625 -2.8303208351135254
454.0909423828125 404.3399353027344 -2.830265522003174
450.2837829589844 403.1147155761719 -2.8302102088928223
446.4767150878906 401.8892822265625 -2.830152988433838
442.6697082519531 400.66363525390625 -2.8300976753234863
442.6697082519531 400.66363525390625 -2.4300975799560547
439.9634094238281 398.44610595703125 -2.480182409286499
437.14947509765625 396.3668518066406 -2.530266284942627
433.87445068359375 394.0712585449219 -2.5302112102508545
430.9600524902344 392.13531494140625 -2.5802934169769287
427.5738220214844 390.00616455078125 -2.580292224884033
424.1880798339844 387.8772277832031 -2.5802371501922607
420.8024597167969 385.7480773925781 -2.580181837081909
417.4169616699219 383.6187438964844 -2.5801265239715576
414.0315856933594 381.4892272949219 -2.580071210861206
410.6463317871094 379.3595275878906 -2.5800158977508545
407.26080322265625 377.2294921875 -2.5800013542175293
403.87518310546875 375.099365234375 -2.579998731613159
400.4895935058594 372.96923828125 -2.5799946784973145
397.48046875 371.17901611328125 -2.6298205852508545
393.9934997558594 369.2203063964844 -2.629765272140503
390.5066223144531 367.2613830566406 -2.6297099590301514
387.0198669433594 365.3022766113281 -2.6296546459198
383.533203125 363.3429870605469 -2.6295993328094482
380.0466613769531 361.38348388671875 -2.6295440196990967
376.56024169921875 359.4237976074219 -2.629488706588745
373.07391357421875 357.46392822265625 -2.6294333934783936
369.58770751953125 355.50384521484375 -2.629378080368042
366.1015930175781 353.5435791015625 -2.6293227672576904
362.6156005859375 351.5831298828125 -2.629267454147339
359.1294860839844 349.6224060058594 -2.6292364597320557
355.64312744140625 347.6614685058594 -2.6292364597320557
352.1567687988281 345.7005310058594 -2.6292364597320557
348.6709289550781 343.7397766113281 -2.629181146621704
345.1846618652344 341.7786560058594 -2.629181146621704
341.6983947753906 339.8175354003906 -2.629181146621704
338.2121276855469 337.8564147949219 -2.629181146621704
334.7258605957031 335.8952941894531 -2.629181146621704
331.2395935058594 333.9341735839844 -2.629181146621704
327.7533264160156 331.9730529785156 -2.629181146621704
324.2676086425781 330.0121154785156 -2.6291258335113525
320.7815246582031 328.0508117675781 -2.6291186809539795
317.2953796386719 326.0894775390625 -2.6291186809539795
313.8092346191406 324.1281433105469 -2.6291186809539795
310.3230895996094 322.16680908203125 -2.6291186809539795
306.8369445800781 320.2054748535156 -2.6291186809539795
303.3507995605469 318.244140625 -2.6291186809539795
299.8646545410156 316.2828063964844 -2.6291186809539795
296.3785095214844 314.32147216796875 -2.6291186809539795
292.8923645019531 312.3601379394531 -2.6291186809539795
289.4062194824219 310.3988037109375 -2.6291186809539795
285.9200744628906 308.4374694824219 -2.6291186809539795
282.4339294433594 306.47613525390625 -2.6291186809539795
278.9477844238281 304.5148010253906 -2.6291186809539795
275.4616394042969 302.553466796875 -2.6291186809539795
271.9754943847656 300.5921325683594 -2.6291186809539795
268.4893493652344 298.63079833984375 -2.6291186809539795
265.0032043457031 296.6694641113281 -2.6291186809539795
261.9118957519531 295.0307922363281 -2.679203510284424
258.742431640625 293.5489196777344 -2.729288339614868
255.07810974121094 291.9463806152344 -2.7293455600738525
251.4136962890625 290.34405517578125 -2.729402780532837
247.7491912841797 288.7419128417969 -2.7294600009918213
244.0845947265625 287.1399841308594 -2.7295172214508057
240.41990661621094 285.53826904296875 -2.72957444190979
236.755126953125 283.936767578125 -2.7296316623687744
233.0902557373047 282.3354797363281 -2.729688882827759
229.42529296875 280.7344055175781 -2.729746103286743
225.76023864746094 279.133544921875 -2.7298033237457275
222.0950927734375 277.5328674316406 -2.729860544204712
218.4298553466797 275.9324035644531 -2.7299177646636963
215.5110321044922 274.527587890625 -2.6561238765716553
213.08839416503906 273.0665588378906 -2.541700839996338
210.84840393066406 271.3384704589844 -2.4272778034210205
208.82037353515625 269.3659362792969 -2.312854766845703
207.0308074951172 267.17474365234375 -2.1984317302703857
205.5031280517578 264.7935791015625 -2.0840086936950684
204.25730895996094 262.2535400390625 -1.9695854187011719
204.25730895996094 262.2535400390625 -1.5695854425430298
204.25730895996094 262.2535400390625 -1.1695854663848877
205.54261779785156 258.9993896484375 -1.2196701765060425
206.66342163085938 255.68495178222656 -1.269752025604248
207.8494873046875 251.86483764648438 -1.269752025604248
208.80296325683594 248.49844360351562 -1.319833755493164
209.7963104248047 244.62374877929688 -1.319833755493164
210.78965759277344 240.74905395507812 -1.319833755493164
211.7830047607422 236.87435913085938 -1.319833755493164
212.56674194335938 233.4644775390625 -1.3699184656143188
213.36485290527344 229.54490661621094 -1.3699184656143188
213.97689819335938 226.10006713867188 -1.4200031757354736
214.41571044921875 222.62890625 -1.4700878858566284
214.81768798828125 218.6497344970703 -1.4701452255249023
215.2194366455078 214.67054748535156 -1.4702025651931763
215.62095642089844 210.6913299560547 -1.4702599048614502
216.02224731445312 206.71209716796875 -1.4703172445297241
216.42330932617188 202.7328338623047 -1.470374584197998
216.8241424560547 198.75355529785156 -1.470431923866272
217.22474670410156 194.7742462158203 -1.470489263534546
217.62513732910156 190.794921875 -1.4705466032028198
218.02529907226562 186.81556701660156 -1.4706039428710938
218.42523193359375 182.83619689941406 -1.4706612825393677
218.82493591308594 178.85679626464844 -1.4707186222076416
219.23011779785156 174.96194458007812 -1.4635565280914307
219.6580810546875 170.98548889160156 -1.4636138677597046
220.0858154296875 167.00900268554688 -1.4636714458465576
220.51332092285156 163.03250122070312 -1.4637287855148315
220.94044494628906 159.05653381347656 -1.4638351202011108
221.40286254882812 156.26416015625 -1.349541187286377
222.18052673339844 153.54403686523438 -1.2351181507110596
223.263671875 150.9304962158203 -1.1206951141357422
223.263671875 150.9304962158203 -1.0062720775604248
224.91146850585938 148.6308135986328 -0.8918489813804626
226.81106567382812 146.5343017578125 -0.7774258852005005
226.81106567382812 146.5343017578125 -0.6630027890205383
226.81106567382812 146.5343017578125 -0.5485790371894836
226.81106567382812 146.5343017578125 -0.14857903122901917
226.81106567382812 146.5343017578125 0.2514209747314453
226.81106567382812 146.5343017578125 0.6514209508895874
229.6456298828125 148.58534240722656 0.6013361811637878
232.57931518554688 150.4918975830078 0.5512514114379883
235.6047821044922 152.2491912841797 0.5011666417121887
238.7144317626953 153.85281372070312 0.45108187198638916
241.9004669189453 155.2987518310547 0.4009971022605896
245.15489196777344 156.5833740234375 0.35091233253479004
248.46954345703125 157.7034454345703 0.3008275628089905
251.83612060546875 158.6561737060547 0.2507427930831909
255.2461700439453 159.4391632080078 0.20065803825855255
258.6911315917969 160.05044555664062 0.15057328343391418
262.1623840332031 160.48849487304688 0.10048852860927582
265.6512145996094 160.75221252441406 0.05040377005934715
269.14886474609375 160.8409423828125 0.00031901150941848755
272.6465759277344 160.75445556640625 -0.04976574704051018
276.1355895996094 160.4929656982422 -0.09985050559043884
279.60711669921875 160.05712890625 -0.1499352604150772
283.052490234375 159.4480438232422 -0.20002001523971558
286.4630432128906 158.667236328125 -0.25010478496551514
290.33856201171875 157.67723083496094 -0.25010135769844055
294.214111328125 156.68722534179688 -0.25010135769844055
298.08966064453125 155.6972198486328 -0.25010135769844055
301.9652099609375 154.70721435546875 -0.25010135769844055
305.3323974609375 153.75665283203125 -0.3001861274242401
309.1535339355469 152.57386779785156 -0.3001861274242401
312.97467041015625 151.39108276367188 -0.3001861274242401
316.7958068847656 150.2082977294922 -0.3001861274242401
320.616943359375 149.0255126953125 -0.3001861274242401
324.4380798339844 147.8427276611328 -0.3001861274242401
328.25921630859375 146.65994262695312 -0.3001861274242401
332.0803527832031 145.47715759277344 -0.3001861274242401
335.9014892578125 144.29437255859375 -0.3001861274242401
339.7226257324219 143.11158752441406 -0.3001861274242401
343.54376220703125 141.92880249023438 -0.3001861274242401
347.3648986816406 140.7460174560547 -0.3001861274242401
351.18603515625 139.563232421875 -0.3001861274242401
355.0071716308594 138.3804473876953 -0.3001861274242401
358.82830810546875 137.19766235351562 -0.3001861274242401
362.6494445800781 136.01487731933594 -0.3001861274242401
366.4705810546875 134.83209228515625 -0.3001861274242401
370.2917175292969 133.64930725097656 -0.3001861274242401
374.1123352050781 132.46678161621094 -0.3001308739185333
377.93304443359375 131.2844696044922 -0.30007562041282654
381.24853515625 130.16688537597656 -0.3501603901386261
384.5039367675781 128.8847198486328 -0.40024515986442566
387.6910400390625 127.44117736816406 -0.4503299295902252
390.8018798828125 125.83988952636719 -0.5004146695137024
393.82867431640625 124.08486938476562 -0.550499439239502
396.7637939453125 122.1805191040039 -0.6005842089653015
399.5998840332031 120.1316146850586 -0.6506689786911011
402.3298645019531 117.94329071044922 -0.7007537484169006
404.9468688964844 115.62104034423828 -0.7508385181427002
407.4443054199219 113.17068481445312 -0.8009232878684998
409.8159484863281 110.5983657836914 -0.8510080575942993
412.05584716796875 107.91053771972656 -0.9010928273200989
414.1583557128906 105.11394500732422 -0.9511775970458984
416.11822509765625 102.2155990600586 -1.0012623071670532
417.9305419921875 99.22277069091797 -1.051347017288208
419.59075927734375 96.14295959472656 -1.1014317274093628
421.0946960449219 92.98389434814453 -1.1515164375305176
422.4385986328125 89.75350189208984 -1.2016011476516724
423.61907958984375 86.45987701416016 -1.2516858577728271
424.6332092285156 83.11128234863281 -1.301770567893982
425.4784240722656 79.71611785888672 -1.3518552780151367
426.152587890625 76.28289794921875 -1.4019399881362915
426.6540222167969 72.82022857666016 -1.4520246982574463
426.9814758300781 69.33679962158203 -1.502109408378601
427.1341247558594 65.84134674072266 -1.5521941184997559
427.1116027832031 62.34263229370117 -1.6022788286209106
426.9139404296875 58.84943389892578 -1.6523635387420654
426.5416564941406 55.37051010131836 -1.7024482488632202
425.99566650390625 51.914588928222656 -1.752532958984375
425.27734375 48.49033737182617 -1.8026176691055298
424.38848876953125 45.10634231567383 -1.8527023792266846
423.3313293457031 41.771087646484375 -1.9027870893478394
422.1085205078125 38.492942810058594 -1.9528717994689941
420.7231140136719 35.28012466430664 -2.0029566287994385
419.1786193847656 32.14069366455078 -2.053041458129883
419.1786193847656 32.14069366455078 -2.4530415534973145
419.1786193847656 32.14069366455078 -2.853041648864746
415.80059814453125 31.229366302490234 -2.9031264781951904
415.80059814453125 31.229366302490234 2.9800586700439453
411.8526611328125 31.872695922851562 2.9800586700439453
407.9052734375 32.51582717895508 2.980113983154297
403.95782470703125 33.15874099731445 2.9801692962646484
400.0103454589844 33.80143737792969 2.980224609375
396.0628356933594 34.443912506103516 2.9802799224853516
392.11529541015625 35.0861701965332 2.980335235595703
388.167724609375 35.72821044921875 2.9803905487060547
384.2201232910156 36.370033264160156 2.9804458618164062
380.2724609375 37.011634826660156 2.980501174926758
376.32476806640625 37.653018951416016 2.9805564880371094
372.3770446777344 38.294185638427734 2.980611801147461
368.4292907714844 38.93513488769531 2.9806671142578125
364.48150634765625 39.57586669921875 2.980722427368164
361.0429992675781 40.22259521484375 2.9306375980377197
357.13177490234375 41.0601692199707 2.9306275844573975
353.2209777832031 41.897560119628906 2.930682897567749
349.31011962890625 42.73473358154297 2.9307382106781006
345.908203125 43.55245590209961 2.880655288696289
342.04412841796875 44.58415222167969 2.8807106018066406
338.17974853515625 45.615745544433594 2.8807411193847656
334.3155822753906 46.64710998535156 2.880796432495117
330.4508361816406 47.67850875854492 2.880796432495117
326.5860900878906 48.70990753173828 2.880796432495117
323.229248046875 49.69643783569336 2.830714464187622
319.4214782714844 50.919742584228516 2.8307697772979736
315.6131591796875 52.14311218261719 2.8307697772979736
311.8048400878906 53.36648178100586 2.8307697772979736
307.99652099609375 54.589847564697266 2.8307700157165527
304.1882019042969 55.81321716308594 2.8307700157165527
300.3798828125 57.03658676147461 2.8307700157165527
296.5715637207031 58.25995635986328 2.8307700157165527
292.76324462890625 59.48332595825195 2.8307700157165527
288.9549255371094 60.706695556640625 2.8307700157165527
285.1466064453125 61.9300651550293 2.8307700157165527
281.3382873535156 63.15343475341797 2.8307700157165527
277.53045654296875 64.37652587890625 2.8308253288269043
273.7220458984375 65.59968566894531 2.8308253288269043
269.91363525390625 66.82284545898438 2.8308253288269043
266.105224609375 68.04600524902344 2.8308253288269043
262.29681396484375 69.2691650390625 2.8308253288269043
258.488525390625 70.49226379394531 2.830836534500122
254.68011474609375 71.71537780761719 2.830836534500122
250.8721466064453 72.93824768066406 2.830885887145996
247.06414794921875 74.1609115600586 2.8309385776519775
243.255615234375 75.38363647460938 2.8309385776519775
239.44757080078125 76.60608673095703 2.83099365234375
235.63946533203125 77.82833099365234 2.8310489654541016
231.83079528808594 79.0506362915039 2.8310489654541016
228.02261352539062 80.27266693115234 2.831104278564453
224.21437072753906 81.49449157714844 2.8311595916748047
220.4055633544922 82.71637725830078 2.8311595916748047
216.5972442626953 83.93798828125 2.8312149047851562
212.7885284423828 85.15957641601562 2.8312320709228516
208.98013305664062 86.38091278076172 2.831287384033203
205.17117309570312 87.60231018066406 2.831287384033203
201.36268615722656 88.82344055175781 2.831340789794922
197.5541534423828 90.04435729980469 2.8313961029052734
193.74554443359375 91.26506805419922 2.831451416015625
189.93687438964844 92.48556518554688 2.8315067291259766
186.12814331054688 93.70585632324219 2.831562042236328
182.3193359375 94.92593383789062 2.8316173553466797
182.3193359375 94.92593383789062 -3.051567792892456
178.8279266357422 94.69873046875 -3.1016526222229004
174.83111572265625 94.53901672363281 -3.1016526222229004
170.8343048095703 94.3792953491211 -3.1016526222229004
167.33575439453125 94.3271484375 3.131462812423706
163.33595275878906 94.36766815185547 3.131462812423706
159.33615112304688 94.40818786621094 3.131462812423706
155.3363494873047 94.4487075805664 3.131462812423706
151.3365478515625 94.48922729492188 3.131462812423706
147.3367462158203 94.52974700927734 3.131462812423706
143.33750915527344 94.57015228271484 3.1315181255340576
139.3382568359375 94.61033630371094 3.131572723388672
135.33900451660156 94.65029907226562 3.1316280364990234
131.33975219726562 94.6900405883789 3.131683349609375
127.34049987792969 94.72956085205078 3.1317384243011475
123.34124755859375 94.76885986328125 3.131793737411499
119.34199523925781 94.80793762207031 3.1318490505218506
115.34273529052734 94.84679412841797 3.131904125213623
111.34347534179688 94.88542938232422 3.1319594383239746
107.3442153930664 94.92384338378906 3.132014751434326
103.3449478149414 94.9620361328125 3.1320700645446777
99.3456802368164 95.00000762939453 3.1321253776550293
99.33439636230469 94.99784088134766 -2.7522165775299072
96.06526184082031 93.75112915039062 -2.8023014068603516
92.7378158569336 92.66964721679688 -2.852386236190796
89.36039733886719 91.756103515625 -2.9024710655212402
85.94148254394531 91.0127944946289 -2.9525558948516846
82.40419006347656 90.41122436523438 -2.993722438812256
78.44839477539062 89.82209777832031 -2.9937796592712402
74.49256896972656 89.23319244384766 -2.9938368797302246
70.53670501708984 88.64451599121094 -2.993894100189209
66.580810546875 88.05606842041016 -2.9939513206481934
62.624881744384766 87.46784210205078 -2.9940085411071777
58.66891860961914 86.87984466552734 -2.994065761566162
54.71292495727539 86.29207611083984 -2.9941229820251465
50.75689697265625 85.70452880859375 -2.994180202484131
46.80083465576172 85.1172103881836 -2.9942374229431152
42.8447380065918 84.53012084960938 -2.9942946434020996
38.888607025146484 83.94325256347656 -2.994351863861084
34.93244552612305 83.35661315917969 -2.9944090843200684
30.97624969482422 82.77020263671875 -2.9944663047790527
27.02001953125 82.18401336669922 -2.994523525238037
23.06375503540039 81.59805297851562 -2.9945807456970215
19.107458114624023 81.01232147216797 -2.994637966156006
19.107458114624023 81.01232147216797 -3.0445637702941895
19.107458114624023 81.01232147216797 -3.0946481227874756
19.107458114624023 81.01232147216797 3.1384522914886475
19.107458114624023 81.01232147216797 3.088367462158203
19.107458114624023 81.01232147216797 3.038282632827759
19.107458114624023 81.01232147216797 2.9881978034973145
19.107458114624023 81.01232147216797 2.93811297416687
19.107458114624023 81.01232147216797 2.888028144836426
19.107458114624023 81.01232147216797 2.8379433155059814
19.107458114624023 81.01232147216797 2.787858486175537
