-392.41947467076
-394.72672101228216
-396.91797324975266
-398.9896703693197
-400.9385007401529
-402.76141672246007
-404.45555883028857
-406.0183337839017
-407.4473414234289
-408.7404243344789
-409.89562887947676
-410.9112548718215
-411.78579041895415
-412.5179340579344
-413.1066209494987
-413.5509606870956
-413.8503541450577
-414.00434091919743
-414.0126928530076
-413.87538371032775
-413.65441952944946
-413.47180506816727
-413.3275923791632
-413.2217888077579
-413.154456635022
-413.2919125045716
-413.2919125045716
-413.2919125045716
-416.00380296226984
-418.61438043792293
-421.1190063854208
-423.5133577920712
-425.7933517711714
-427.9551084833662
-429.9950525992274
-431.9098192304407
-433.69629394980166
-435.3516137861964
-436.8731455696877
-438.2584644820855
-439.5053973367912
-440.61202476422477
-441.5766378726416
-442.3977236636177
-443.0740358258261
-443.6045778925508
-443.9885169105124
-444.2252609848294
-444.31447598022413
-444.2560032725547
-444.04995039718204
-443.69660546411546
-443.19652354040977
-442.55045571991013
-441.75940380143766
-440.82454099130604
-439.7473420220272
-438.5294500199381
-437.1727530454086
-435.67939282076134
-434.05169036288453
-432.29226922744004
-430.40393507947056
-428.389772085278
-426.25306124863596
-423.9973702522127
-421.62648251916136
-419.1444405551203
-416.5555429418902
-413.86436489210803
-411.0756683965582
-408.1945468662508
-405.2263323793336
-402.17662336428964
-399.05127632875235
-395.85646898390456
-392.5985856293785
-389.2843223762891
-385.9206406578125
-382.51478834400075
-379.0742940958663
-375.60695309039244
-375.60695309039244
-375.60695309039244
-372.97277786745724
-370.4727197741203
-368.1158488194317
-365.91089810440064
-363.8662175370057
-361.98968371352913
-360.2886552164163
-358.76993860264406
-357.4396771544479
-356.30333949287933
-355.365662955357
-354.6305677157493
-354.1011515125172
-353.7796839831267
-353.66755264582184
-353.76521909444926
-354.0722675420085
-354.0722675420085
-354.0722675420085
-356.90372977033786
-356.90372977033786
-360.3517529352174
-363.82583085678897
-367.3165375217511
-370.81479920369907
-374.3117221007259
-377.7987284967403
-381.2674422271112
-384.70980873883667
-388.1179710553736
-391.48440410095986
-394.8018388510659
-398.06327011406535
-401.2620095202876
-404.3916081288105
-407.4458909408748
-410.4189472867265
-413.3051774118125
-416.09922178463626
-418.7959830621232
-421.3906222466982
-423.87856875471385
-426.2554989684731
-428.5173586403692
-430.6603110408999
-432.6808218801989
-434.57554080616495
-436.3413749444429
-437.9755097989515
-439.47531874487163
-440.8384368889595
-442.0627186039719
-443.1462476177009
-444.3200401462164
-445.28992955265755
-446.3332851486735
-447.4097304197283
-448.5190426583441
-449.66095297278093
-450.83523939560814
-452.04164961698086
-453.27992714777236
-454.5498115555648
-455.6184494197436
-456.9930133998487
-459.15433164762743
-460.830794681562
-461.0116348003034
-461.0116348003034
-464.4832650640752
-467.92945715786175
-471.85193730252035
-475.26594106358533
-479.1476532597439
-483.0312958124066
-486.9168225320768
-490.5439874635637
-493.90009547928196
-497.71020859753617
-501.52327887074244
-504.83386572171287
-508.5883774329257
-512.3466048224184
-516.1083623401188
-519.8737850049943
-523.6426863568327
-527.4149918196706
-531.1906288695686
-534.9695269668302
-538.7516174907896
-542.0373281514146
-545.7572156922912
-549.4810384228148
-552.70872330513
-555.8686496272326
-558.9540970759199
-561.9586215480725
-564.8760347657591
-567.7004310342724
-570.4261278439093
-573.0477585025213
-575.5602259569165
-577.9586909422425
-580.2385793416645
-582.3956271934736
-584.4257780603361
-586.325303497394
-588.0907190666652
-589.7188156385644
-591.2066702022121
-592.5516097384601
-593.7512486234276
-594.8034736766672
-595.7064191727726
-596.4584987651946
-597.0584229953784
-597.505150221488
-597.7978823323252
-597.9361058479342
-597.9196103695988
-597.7484044871508
-597.4227979898213
-596.9433224600614
-596.3108607978455
-595.5264769482812
-594.5915556608886
-593.507740303399
-592.2769212335685
-590.9013062344446
-589.3833416836497
-587.7257315984756
-585.9314412533956
-584.0037775538311
-581.9462524616804
-579.7626769085236
-579.7626769085236
-579.7626769085236
-576.2681184088068
-576.2681184088068
-572.5493944199945
-568.834391901689
-565.1227443195272
-561.4155201216817
-557.7122445873989
-554.0129970193542
-550.3178587654913
-546.626913282173
-542.9402694868273
-539.2579918497789
-535.5801705512024
-531.9068981552105
-528.2382696849515
-524.5744027671202
-520.9153776541153
-517.2613200934538
-517.2613200934538
-513.7661269709922
-510.28342712561704
-506.31359194169426
-502.3441200741833
-498.88398611535956
-494.94564023432554
-491.0082508211029
-487.07131219971706
-483.13540925445574
-479.20096414294625
-475.267329093062
-471.6606543495526
-467.75530380441995
-463.8515233201927
-459.94933183464036
-456.04826304503916
-452.1494279363013
-448.2523304046432
-444.35699493757295
-440.46296331070755
-436.57135085710513
-432.68116530532853
-428.79350226515567
-424.9073521042338
-421.0233343136697
-417.1415084571714
-413.26191507655096
-409.38466064289645
-405.50976913460863
-401.63733078228233
-397.76741723353643
-393.9001029039835
-390.0354651096593
-386.17358420696837
-382.3145437406398
-378.4584306002173
-374.60533518565137
-370.75535158260067
-366.90857774809547
-363.0651157072674
-359.2250717618991
-355.38855671160894
-351.5556860885459
-347.72658040653835
-347.72630479109347
-344.66397479936256
-341.62087726482565
-341.61740400924737
-337.81063361260226
-334.0083796192353
-330.21079804327354
-326.41805196292813
-322.63031191219324
-318.8477562979458
-315.0705718443065
-311.2989540662662
-308.03536403315167
-304.8452670164715
-301.25015724403005
-297.6654603662153
-294.09156716898326
-290.5288523612103
-286.977756583939
-283.43871638737994
-279.91218887948105
-276.398652838721
-272.89860989037965
-269.412552123154
-266.87883994901193
-264.2220392636191
-261.47368059597807
-258.66737831658656
-255.83853230303745
-253.02399002250232
-252.80749481585207
-252.80749481585207
-250.45764761001428
-248.36563019096133
-245.9324551405011
-243.7682331515488
-241.25326768927133
-239.01820269842867
-236.4230491773585
-233.86751648083558
-231.35291757176918
-229.119558759385
-226.78413217036638
-224.07654909901865
-221.40792983643982
-218.77970024357637
-216.19333340433644
-213.65034969295445
-211.15231659953398
-208.70084828152926
-206.29760480709558
-203.94429105467097
-201.64265523194067
-199.39448697659444
-197.20161500112997
-195.06590424452042
-193.6783663825652
-192.65015189175708
-191.96785258298493
-191.6441092873046
-191.6849861615275
-192.0897149829337
-192.85074451038946
-193.95399362419369
-193.95399362419369
-193.95399362419369
-197.7715445956221
-201.0900540575789
-204.35631896597567
-208.06362239694474
-211.28212415829694
-214.9328717048285
-218.1002470396671
-221.2008631081022
-224.71310605628065
-228.2419214084318
-231.78604231710793
-234.85737744488404
-238.33504615717183
-241.34684598394966
-244.75495410690257
-248.18073092646398
-251.62345478187464
-254.7391530805686
-258.1401363543622
-261.5580701435277
-264.9922985535219
-267.9639894891908
-271.31179136409764
-274.6860470048386
-278.07689713864994
-281.4837420572284
-284.90600797453794
-288.3431458082553
-291.7946300163528
-295.25995748717065
-298.2593178506542
-301.6485173977229
-305.05251252097844
-308.4708134104257
-311.90294971421514
-315.3484696940471
-318.80693941621945
-322.2775282252272
-325.27982030026465
-328.1994683070908
-331.03145296214984
-333.7709957999485
-336.41356828726055
-338.95486241951477
-341.390862714535
-343.71775618320925
-345.9319734692445
-348.0301353082286
-350.00912317793944
-351.86602836092226
-353.59816474973655
-355.2030191453876
-356.6783288615379
-358.0220023507483
-359.23216805228964
-360.3071603040759
-361.2455082779366
-362.0459253758
-362.7073009493891
-363.2287519971053
-363.60958675858393
-363.8492689166616
-363.9475053416027
-363.904151726909
-363.7192415433844
-363.3930472889368
-362.92602074506243
-362.3187649865829
-361.57212990654483
-360.68709538148255
-359.6648998551047
-358.50692634026854
-357.21477224909233
-355.79022938389033
-355.79022938389033
-355.79022938389033
-352.54532079302896
-352.54532079302896
-348.5780514550931
-344.6109783706013
-340.6452107096003
-336.6802264789366
-332.7160228566707
-328.75265874181736
-324.7901341662637
-320.8285112068907
-316.86779264758184
-312.9080435614134
-308.94927045558865
-304.9915423489529
-301.03486913975644
-297.0792938190478
-293.12489188300697
-289.1716803568013
-285.2197396040344
-281.2685623763025
-277.3187854006578
-273.88035032098276
-269.9714104239919
-266.065177209387
-262.6207877319975
-258.7645779872236
-254.91279978507123
-251.0656570880384
-247.22336630112449
-243.3861572129736
-239.5542740214906
-235.7279764526378
-231.90754098212093
-228.0932621708052
-224.2854541259688
-220.4844521019368
-216.69061425524936
-212.90432347196034
-209.12613978178874
-205.35616891160421
-201.59506451127496
-197.84380668348317
-194.10193049871555
-190.37055156593294
-186.6502994467982
-182.94185295747366
-179.24594484484433
-175.56336697329718
-171.8949760829351
-168.24215331601243
-164.60489242209763
-160.98486932221698
-157.3832140106558
-153.80124822090568
-150.24076015438544
-146.70242851803462
-143.18882988652516
-139.70125799456304
-136.2412974785669
-132.8120833615621
-129.41549192014162
-126.05414504053753
-122.73095624499314
-122.73095624499314
-119.32216218113001
-115.88335028125906
-112.0758078112047
-108.28214335918241
-104.5038683216191
-100.74271421649016
-97.000672631832
-93.28034288694245
-89.5841977735102
-85.91514836894558
-82.2765920251255
-78.67326353061738
-75.10993074607903
-71.59233133905465
-68.12814500233202
-64.72559687163118
-61.39465439132291
-58.148321236225755
-55.0029773891867
-54.99282574647202
-51.675371088911405
-48.449169038691565
-45.34264079920847
-42.390740539399154
-39.63622107259632
-36.71358172429388
-34.01097428701082
-31.584943109325167
-29.50378963641892
-27.844946281750374
-26.687285738179586
-26.097582713296266
-26.11434935659746
-26.7364444185274
-27.92343266055373
-29.607456973617257
-31.709425969852855
-34.15225168894769
-36.86824723123646
-39.80152957149427
-42.9075549778736
-46.15146460260295
-46.15146460260295
-46.15146460260295
-46.15146460260295
-46.15146460260295
-46.15146460260295
-46.15146460260295
-46.15146460260295
-46.15146460260295
-46.15146460260295
-46.15146460260295
