62.82814407348633 452.8282470703125 0.7854313850402832
65.65619659423828 455.6565856933594 0.7854645848274231
68.4841537475586 458.4850158691406 0.785497784614563
71.31201934814453 461.31353759765625 0.7855309844017029
74.13978576660156 464.14215087890625 0.7855641841888428
76.96746063232422 466.9708557128906 0.7855973839759827
79.7950439453125 469.7996520996094 0.7856305837631226
82.62252807617188 472.6285400390625 0.7856637835502625
85.44992065429688 475.45751953125 0.7856969833374023
88.2772216796875 478.2865905761719 0.7857301831245422
91.10442352294922 481.1157531738281 0.7857633829116821
93.93153381347656 483.9450378417969 0.785796582698822
96.75855255126953 486.7744140625 0.7858297824859619
99.5854721069336 489.6038818359375 0.7858629822731018
102.41230010986328 492.4334411621094 0.7858961820602417
105.2390365600586 495.2630920410156 0.7859293818473816
108.06568145751953 498.09283447265625 0.7859625816345215
110.89222717285156 500.92266845703125 0.7859957814216614
113.71868133544922 503.7525939941406 0.7860289812088013
116.5450439453125 506.5826110839844 0.7860621809959412
119.37130737304688 509.4127197265625 0.786095380783081
122.19747924804688 512.242919921875 0.786128580570221
125.0235595703125 515.0732421875 0.7861617803573608
127.84954071044922 517.9036254882812 0.7861949801445007
130.67543029785156 520.734130859375 0.7862281799316406
133.501220703125 523.564697265625 0.7862613797187805
136.32691955566406 526.3953857421875 0.7862945795059204
139.15252685546875 529.2261352539062 0.7863277792930603
141.97804260253906 532.0570068359375 0.7863609790802002
144.803466796875 534.887939453125 0.7863941788673401
147.3560333251953 537.32861328125 0.7395892143249512
150.01998901367188 539.6471557617188 0.6927842497825623
152.78952026367188 541.8385620117188 0.645980954170227
155.65853881835938 543.89794921875 0.5991759896278381
158.6207733154297 545.8208618164062 0.5523710250854492
161.6697235107422 547.6030883789062 0.5055660605430603
164.79872131347656 549.2406616210938 0.45876041054725647
164.79872131347656 549.2406616210938 0.05876040458679199
168.32814025878906 549.365478515625 0.011955417692661285
171.8595428466797 549.3250732421875 -0.03484956920146942
175.3851776123047 549.1194458007812 -0.08165455609560013
178.8973388671875 548.7490844726562 -0.12845954298973083
182.38832092285156 548.21484375 -0.17526453733444214
185.85047912597656 547.517822265625 -0.22206953167915344
189.2762451171875 546.6596069335938 -0.26887452602386475
192.65809631347656 545.6420288085938 -0.31567952036857605
195.98863220214844 544.4673461914062 -0.36248451471328735
199.72842407226562 543.0491333007812 -0.36245131492614746
203.00039672851562 541.7200317382812 -0.40925630927085876
206.66978454589844 540.1285400390625 -0.40922310948371887
209.87680053710938 538.647705078125 -0.4559496343135834
213.01039123535156 537.0189208984375 -0.5027546286582947
216.51516723632812 535.091796875 -0.5027217864990234
220.02000427246094 533.1647338867188 -0.502689003944397
220.02000427246094 533.1647338867188 -0.9026889801025391
222.4978485107422 530.0250244140625 -0.9026557803153992
224.97579956054688 526.8854370117188 -0.9026225805282593
227.453857421875 523.7459106445312 -0.9025893807411194
229.93202209472656 520.6065063476562 -0.9025561809539795
232.41029357910156 517.4671630859375 -0.9025229811668396
234.888671875 514.327880859375 -0.9024897813796997
237.3671417236328 511.1886901855469 -0.9024565815925598
239.84571838378906 508.0495910644531 -0.9024233818054199
242.32440185546875 504.91058349609375 -0.90239018201828
244.80319213867188 501.7716369628906 -0.9023569822311401
247.28208923339844 498.6327819824219 -0.9023237824440002
249.76109313964844 495.4940185546875 -0.9022905826568604
252.2401885986328 492.3553161621094 -0.9022573828697205
254.71939086914062 489.2167053222656 -0.9022241830825806
257.1986999511719 486.07818603515625 -0.9021909832954407
259.6781005859375 482.9397277832031 -0.9021577835083008
262.1576232910156 479.8013610839844 -0.9021245837211609
264.6372375488281 476.6630859375 -0.902091383934021
267.1169738769531 473.52490234375 -0.9020581841468811
269.5968017578125 470.38677978515625 -0.9020249843597412
272.0767517089844 467.2487487792969 -0.9019917845726013
274.5567932128906 464.1108093261719 -0.9019585847854614
277.03692626953125 460.9729309082031 -0.9019253849983215
279.5171813964844 457.83514404296875 -0.9018921852111816
281.9975280761719 454.69744873046875 -0.9018589854240417
284.4779968261719 451.559814453125 -0.9018257856369019
286.95855712890625 448.4222717285156 -0.901792585849762
289.439208984375 445.2848205566406 -0.9017593860626221
287.0042419433594 448.3484191894531 -0.896702229976654
289.5008544921875 445.2236328125 -0.8966690301895142
287.0503234863281 448.2747802734375 -0.8916118741035461
289.56280517578125 445.1627502441406 -0.8915786743164062
287.0968017578125 448.2013854980469 -0.8865215182304382
289.6250915527344 445.1021728515625 -0.8864883184432983
287.1436462402344 448.1282043457031 -0.8814311623573303
289.68768310546875 445.0419006347656 -0.8813977241516113
287.19085693359375 448.0552673339844 -0.8763405680656433
289.75054931640625 444.9819641113281 -0.8763059973716736
287.2384033203125 447.9825744628906 -0.8712488412857056
289.8136901855469 444.92242431640625 -0.8712062239646912
287.2862854003906 447.9101867675781 -0.8661490678787231
289.87664794921875 444.86407470703125 -0.8660096526145935
287.333740234375 447.83868408203125 -0.8609524965286255
284.77581787109375 450.8003845214844 -0.8558953404426575
287.3978271484375 447.7800598144531 -0.8558621406555176
284.82489013671875 450.72869873046875 -0.8508049845695496
287.46221923828125 447.72174072265625 -0.8507717847824097
284.8742980957031 450.6572570800781 -0.8457146286964417
287.52691650390625 447.66375732421875 -0.8456814289093018
284.924072265625 450.5860595703125 -0.8406242728233337
287.5918884277344 447.6061096191406 -0.8405910730361938
284.9742126464844 450.5151062011719 -0.8355339169502258
287.65716552734375 447.54876708984375 -0.8355007171630859
285.02471923828125 450.44439697265625 -0.8304435610771179
287.7227478027344 447.49176025390625 -0.830410361289978
285.0755920410156 450.37396240234375 -0.8253529071807861
287.7886047363281 447.4350891113281 -0.8253197073936462
285.1268005371094 450.30377197265625 -0.8202625513076782
287.854736328125 447.3787536621094 -0.8202293515205383
285.1783752441406 450.2338562011719 -0.8151721954345703
287.9211730957031 447.3227844238281 -0.8151389956474304
285.2303161621094 450.1642150878906 -0.8100818395614624
287.9878845214844 447.2671203613281 -0.8100486397743225
285.2825927734375 450.0948181152344 -0.8049914836883545
288.05487060546875 447.2117919921875 -0.8049582839012146
285.3352355957031 450.02569580078125 -0.7999011278152466
288.1221618652344 447.1568298339844 -0.7998679280281067
285.3882141113281 449.95684814453125 -0.7948107719421387
288.189697265625 447.1022033691406 -0.7947775721549988
285.4415283203125 449.8882751464844 -0.7897204160690308
288.25750732421875 447.0479431152344 -0.7896872162818909
285.4952087402344 449.8199768066406 -0.7846300601959229
288.32562255859375 446.9940185546875 -0.784596860408783
285.54925537109375 449.751953125 -0.7795397043228149
288.3940124511719 446.9404296875 -0.779506504535675
285.6036376953125 449.6842041015625 -0.774449348449707
288.4626770019531 446.88720703125 -0.7744161486625671
285.6583557128906 449.61676025390625 -0.7693589925765991
288.5315856933594 446.8343505859375 -0.7693257927894592
285.7134094238281 449.5495910644531 -0.7642686367034912
288.60076904296875 446.7818298339844 -0.7642353177070618
285.7688293457031 449.482666015625 -0.7591781616210938
288.67022705078125 446.7296447753906 -0.759144127368927
285.8245544433594 449.4160461425781 -0.754086971282959
288.7398986816406 446.6778869628906 -0.754048228263855
285.8805847167969 449.3497619628906 -0.748991072177887
288.8096008300781 446.6268310546875 -0.7489089369773865
285.93658447265625 449.2839660644531 -0.7438517808914185
288.8663024902344 446.5941467285156 -0.7416169047355652
285.9739990234375 449.2302551269531 -0.7365597486495972
287.6387634277344 447.95123291015625 -0.5736486315727234
284.3464660644531 450.06671142578125 -0.5685914754867554
287.71685791015625 447.9131774902344 -0.5685582756996155
284.413818359375 450.0118713378906 -0.5635011196136475
287.7951354980469 447.8755187988281 -0.5634679198265076
284.4814453125 449.9573669433594 -0.5584107637405396
287.87359619140625 447.8382568359375 -0.5583775639533997
284.54937744140625 449.9031982421875 -0.5533204078674316
287.9522705078125 447.8013610839844 -0.5532872080802917
284.6175842285156 449.849365234375 -0.5482300519943237
288.0311279296875 447.764892578125 -0.5481968522071838
284.68603515625 449.7958984375 -0.5431396961212158
288.1101379394531 447.72882080078125 -0.5431064963340759
284.7547607421875 449.7427673339844 -0.5380493402481079
288.1893615722656 447.6931457519531 -0.538016140460968
284.8237609863281 449.69000244140625 -0.532958984375
288.26873779296875 447.65789794921875 -0.5329257845878601
284.8930358886719 449.6375732421875 -0.5278686285018921
288.3482971191406 447.6230163574219 -0.5278354287147522
284.9625549316406 449.5854797363281 -0.5227782726287842
288.42803955078125 447.58856201171875 -0.5227450728416443
285.0323486328125 449.5337829589844 -0.5176879167556763
288.5079650878906 447.55450439453125 -0.5176547169685364
285.1024169921875 449.482421875 -0.5125975608825684
288.5880432128906 447.5208740234375 -0.5125643610954285
285.1727294921875 449.4314270019531 -0.5075072050094604
288.6683044433594 447.4876403808594 -0.5074740052223206
285.2433166503906 449.3807678222656 -0.5024168491363525
288.7487487792969 447.4548034667969 -0.5023836493492126
285.31414794921875 449.3304748535156 -0.49732649326324463
288.829345703125 447.4223937988281 -0.49729329347610474
285.38525390625 449.28057861328125 -0.4922361373901367
288.91009521484375 447.3904113769531 -0.4922029376029968
285.45660400390625 449.23101806640625 -0.4871457815170288
288.99102783203125 447.35882568359375 -0.4871125817298889
285.5283508300781 449.1817321777344 -0.4820433557033539
289.0722961425781 447.32757568359375 -0.482010155916214
285.6002502441406 449.13287353515625 -0.4769507348537445
289.153564453125 447.2967834472656 -0.4769175350666046
285.6723327636719 449.0843811035156 -0.4718603789806366
289.2349548339844 447.26641845703125 -0.4718271791934967
285.7446594238281 449.0362854003906 -0.4667700231075287
289.3164978027344 447.2364807128906 -0.4667368233203888
285.8172302246094 448.9885559082031 -0.4616796672344208
289.398193359375 447.2069396972656 -0.4616464674472809
285.89007568359375 448.9411926269531 -0.45658931136131287
289.48004150390625 447.1778564453125 -0.456556111574173
285.963134765625 448.89422607421875 -0.45149895548820496
289.5620422363281 447.149169921875 -0.45146575570106506
286.03643798828125 448.84759521484375 -0.44640859961509705
289.6441650390625 447.1208801269531 -0.44637539982795715
286.1099853515625 448.80133056640625 -0.441317617893219
289.7264709472656 447.093017578125 -0.4412844181060791
286.18377685546875 448.7554626464844 -0.43622714281082153
289.80889892578125 447.0655822753906 -0.43619394302368164
286.2577819824219 448.7099914550781 -0.4311367869377136
289.8914794921875 447.03857421875 -0.43110358715057373
286.33203125 448.6648864746094 -0.4260464310646057
289.97418212890625 447.0119934082031 -0.4260132312774658
286.406494140625 448.6201477050781 -0.4209560751914978
290.0570068359375 446.9858093261719 -0.4209228754043579
286.48193359375 448.5753479003906 -0.4158085882663727
290.14080810546875 446.9598388671875 -0.4157753884792328
293.79974365234375 445.3444519042969 -0.4157421290874481
290.21575927734375 446.9158630371094 -0.41068002581596375
293.88287353515625 445.3191223144531 -0.4106464684009552
290.2908935546875 446.8722839355469 -0.4055893123149872
293.966064453125 445.29425048828125 -0.4055538475513458
290.3662414550781 446.8291015625 -0.4004966914653778
294.0492858886719 445.2698974609375 -0.4004470109939575
290.441650390625 446.7863464355469 -0.3953898549079895
294.1305236816406 445.24737548828125 -0.3950952887535095
290.51483154296875 446.7444763183594 -0.3900381326675415
286.8916015625 448.2232666015625 -0.3849809765815735
290.5985412597656 446.7212829589844 -0.3849477767944336
286.96783447265625 448.1816101074219 -0.3798906207084656
290.682373046875 446.6985168457031 -0.3798574209213257
287.2563781738281 448.02276611328125 -0.3578292727470398
291.0027160644531 446.6219787597656 -0.3577960729598999
294.74908447265625 445.2213134765625 -0.3577612042427063
291.0800476074219 446.5824279785156 -0.3527040481567383
294.83343505859375 445.200927734375 -0.3526589870452881
291.1575012207031 446.5433044433594 -0.34760183095932007
294.9166564941406 445.18170166015625 -0.3474167585372925
291.2337341308594 446.5047912597656 -0.34235960245132446
295.0013122558594 445.162109375 -0.34232640266418457
291.3116760253906 446.4664306640625 -0.33726924657821655
295.0860290527344 445.1429443359375 -0.33723604679107666
291.3898010253906 446.428466796875 -0.33217889070510864
295.17083740234375 445.1242370605469 -0.33214569091796875
291.4681396484375 446.39093017578125 -0.32708853483200073
295.2557678222656 445.10595703125 -0.32705533504486084
291.5466613769531 446.3537902832031 -0.3219981789588928
295.3407897949219 445.0881042480469 -0.32196497917175293
291.6253662109375 446.3170166015625 -0.3169078230857849
295.4258728027344 445.0706787109375 -0.316874623298645
291.7042541503906 446.2806701660156 -0.311817467212677
295.5110778808594 445.0536804199219 -0.3117842674255371
291.7833557128906 446.2447204589844 -0.3067271113395691
295.59637451171875 445.037109375 -0.3066939115524292
291.8626403808594 446.20916748046875 -0.3016367554664612
295.6817626953125 445.02099609375 -0.3016035556793213
291.9421081542969 446.17401123046875 -0.29654639959335327
295.7672119140625 445.00531005859375 -0.2965131998062134
292.0235595703125 446.1384582519531 -0.29132387042045593
295.8547058105469 444.98974609375 -0.29129067063331604
292.1033630371094 446.1041564941406 -0.286233514547348
295.9403076171875 444.9749450683594 -0.28620031476020813
292.1833190917969 446.0702209472656 -0.2811431586742401
296.0259704589844 444.9605712890625 -0.2811099588871002
292.2634582519531 446.0367126464844 -0.2760528028011322
296.1117248535156 444.9466247558594 -0.2760196030139923
292.3437805175781 446.00360107421875 -0.2709624469280243
296.1975402832031 444.93310546875 -0.2709292471408844
292.4242858886719 445.97088623046875 -0.2658720910549164
296.283447265625 444.9200439453125 -0.2658388912677765
292.50494384765625 445.9385986328125 -0.26078173518180847
296.369384765625 444.90740966796875 -0.2607485353946686
292.58575439453125 445.90673828125 -0.25569137930870056
296.4554138183594 444.8952331542969 -0.25565817952156067
292.66705322265625 445.8751525878906 -0.25057828426361084
296.54180908203125 444.8834533691406 -0.25054508447647095
292.74822998046875 445.8440856933594 -0.24548371136188507
296.62799072265625 444.87213134765625 -0.24545051157474518
292.82952880859375 445.8134460449219 -0.2403925657272339
296.7142028808594 444.86126708984375 -0.240359365940094
292.9109802246094 445.7832336425781 -0.23530206084251404
296.8004455566406 444.850830078125 -0.23526886105537415
292.9925842285156 445.75341796875 -0.23021171987056732
296.8867492675781 444.8408203125 -0.23017852008342743
293.0743408203125 445.7240295410156 -0.2251213788986206
296.97308349609375 444.8312683105469 -0.2250881791114807
293.1562194824219 445.695068359375 -0.2200310379266739
297.0594787597656 444.8221740722656 -0.219997838139534
293.23828125 445.6665344238281 -0.21494069695472717
297.14593505859375 444.8135070800781 -0.21490749716758728
293.3204650878906 445.6383972167969 -0.20985035598278046
297.2323913574219 444.8052673339844 -0.20981715619564056
293.40277099609375 445.61065673828125 -0.20476001501083374
297.31890869140625 444.7974548339844 -0.20472681522369385
293.4852600097656 445.5833435058594 -0.19966967403888702
297.4054870605469 444.79010009765625 -0.19963647425174713
301.3257141113281 443.9969787597656 -0.19960327446460724
301.2159729003906 443.9975280761719 0.18935225903987885
302.5554504394531 444.0734558105469 -0.07608933746814728
306.5435485839844 443.76947021484375 -0.07605613768100739
310.5316467285156 443.46563720703125 -0.07602293789386749
310.4223327636719 443.45263671875 0.31289923191070557
311.74224853515625 443.69305419921875 0.04745763540267944
315.7362365722656 443.8830261230469 0.047605909407138824
315.7362365722656 443.8830261230469 0.44760584831237793
317.01190185546875 444.2985534667969 0.1821642518043518
317.01190185546875 444.2985534667969 0.5821641683578491
318.2203063964844 444.8814392089844 0.316722571849823
322.0210266113281 446.1272277832031 0.3167557716369629
325.8216857910156 447.3731384277344 0.3167889714241028
329.622314453125 448.6191711425781 0.3168221712112427
333.42291259765625 449.8653259277344 0.31685537099838257
337.223388671875 451.1116027832031 0.3168941140174866
341.0233154296875 452.35797119140625 0.31698209047317505
341.0233154296875 452.35797119140625 0.7169820070266724
344.0381774902344 454.98626708984375 0.7170152068138123
347.052978515625 457.6146545410156 0.7170484066009521
350.06768798828125 460.2431335449219 0.717081606388092
353.0823059082031 462.8717041015625 0.7171148061752319
356.0968322753906 465.5003967285156 0.7171480059623718
359.11126708984375 468.1291809082031 0.7171812057495117
362.1256103515625 470.758056640625 0.7172144055366516
365.1398620605469 473.38702392578125 0.7172476053237915
368.154052734375 476.01611328125 0.7172808051109314
371.16815185546875 478.6452941894531 0.7173140048980713
374.1821594238281 481.2745666503906 0.7173472046852112
377.1960754394531 483.9039611816406 0.7173804044723511
380.20989990234375 486.533447265625 0.717413604259491
383.2236328125 489.16302490234375 0.7174468040466309
386.2372741699219 491.7926940917969 0.7174800038337708
389.2508239746094 494.4224853515625 0.7175132036209106
392.2643127441406 497.0523681640625 0.7175464034080505
395.2777099609375 499.6823425292969 0.7175796031951904
398.291015625 502.31243896484375 0.7176128029823303
401.3042297363281 504.942626953125 0.7176460027694702
404.3173522949219 507.5729064941406 0.7176792025566101
407.33038330078125 510.2032775878906 0.71771240234375
410.34332275390625 512.833740234375 0.7177456021308899
413.356201171875 515.4642944335938 0.7177788019180298
416.3689880371094 518.094970703125 0.7178120017051697
419.3816833496094 520.7257690429688 0.7178452014923096
422.394287109375 523.3566284179688 0.7178784012794495
425.40679931640625 525.9876098632812 0.7179116010665894
428.4192199707031 528.6187133789062 0.7179448008537292
431.4315490722656 531.2498779296875 0.7179780006408691
434.4438171386719 533.8811645507812 0.718011200428009
437.45599365234375 536.5125732421875 0.7180444002151489
440.2254943847656 538.84033203125 0.6798482537269592
443.3336486816406 541.3519897460938 0.6794620156288147
446.1321105957031 543.5062866210938 0.6326570510864258
449.0283203125 545.5272827148438 0.5858520865440369
452.0158996582031 547.4105834960938 0.539047122001648
455.08831787109375 549.1520385742188 0.49224215745925903
458.61309814453125 551.0423583984375 0.4922753572463989
462.1369323730469 552.931884765625 0.49212247133255005
465.28741455078125 554.527099609375 0.44528645277023315
468.5093994140625 555.9732055664062 0.39848145842552185
472.1956787109375 557.5252075195312 0.39851465821266174
472.19647216796875 557.525390625 -0.0014032721519470215
476.1961364746094 557.5198364257812 -0.001370072364807129
480.19580078125 557.514404296875 -0.0013368725776672363
484.1954650878906 557.5090942382812 -0.0013036727905273438
488.19512939453125 557.5039672851562 -0.0012704730033874512
492.1947937011719 557.4989624023438 -0.0012372732162475586
496.1944580078125 557.4940795898438 -0.001204073429107666
500.1941223144531 557.4893188476562 -0.0011708736419677734
504.19378662109375 557.4846801757812 -0.0011376738548278809
508.1934509277344 557.480224609375 -0.0011044740676879883
511.72406005859375 557.3936767578125 -0.04790642112493515
515.2467041015625 557.1420288085938 -0.09471140801906586
518.7537231445312 556.7258911132812 -0.14151638746261597
522.2374267578125 556.1461181640625 -0.18832138180732727
525.690185546875 555.4039916992188 -0.23512637615203857
529.1044311523438 554.5010986328125 -0.2819313704967499
532.4727172851562 553.439453125 -0.3287363648414612
535.7876586914062 552.2213745117188 -0.3755413591861725
539.0419311523438 550.8495483398438 -0.4223463535308838
542.2284545898438 549.3269653320312 -0.4691513478755951
542.2284545898438 549.3269653320312 -0.8691513538360596
544.4442749023438 546.5769653320312 -0.9159563183784485
546.5289916992188 543.726318359375 -0.9627612829208374
548.4780883789062 540.78125 -1.009566307067871
550.2872314453125 537.7482299804688 -1.0563713312149048
551.9525146484375 534.6338500976562 -1.103176236152649
553.7554931640625 531.0635986328125 -1.1031429767608643
555.2733154296875 527.874755859375 -1.1499481201171875
556.6402587890625 524.618408203125 -1.1967531442642212
558.1017456054688 520.8953247070312 -1.1967198848724365
559.5633544921875 517.1723022460938 -1.1966867446899414
559.5633544921875 517.1723022460938 -1.5966867208480835
559.4598999023438 513.1739501953125 -1.5966534614562988
559.3565673828125 509.1756286621094 -1.5966203212738037
559.2533569335938 505.17730712890625 -1.5965871810913086
559.1502685546875 501.178955078125 -1.5965540409088135
558.9767456054688 497.6515808105469 -1.6433590650558472
558.6383666992188 494.1361999511719 -1.6901640892028809
558.1358642578125 490.6405029296875 -1.736968994140625
557.4703369140625 487.1721496582031 -1.7837740182876587
556.643310546875 483.7387390136719 -1.8305790424346924
555.656494140625 480.3477783203125 -1.877384066581726
554.5121459960938 477.0066833496094 -1.9241890907287598
553.2127075195312 473.7228088378906 -1.9709941148757935
551.7610473632812 470.5033264160156 -2.017799139022827
550.1603393554688 467.35528564453125 -2.0646040439605713
548.4141235351562 464.28558349609375 -2.1114089488983154
546.5261840820312 461.30096435546875 -2.1582138538360596
544.309326171875 457.97149658203125 -2.1582155227661133
542.2838134765625 455.0784606933594 -2.2050204277038574
539.9138793945312 451.8565673828125 -2.2049872875213623
537.7553100585938 449.0614013671875 -2.251791000366211
535.2373046875 445.9538269042969 -2.251757860183716
532.9501342773438 443.26220703125 -2.298513889312744
530.2897338867188 440.275634765625 -2.298480749130249
530.2897338867188 440.275634765625 -2.6984808444976807
526.6763916015625 438.5606994628906 -2.6984477043151855
525.3988647460938 438.15087890625 -2.9638891220092773
521.4622192382812 437.44378662109375 -2.9638559818267822
517.5255737304688 436.736572265625 -2.963822841644287
513.5889282226562 436.02923583984375 -2.963789701461792
509.65234375 435.3217468261719 -2.963756561279297
505.71575927734375 434.6141357421875 -2.9637234210968018
501.7792053222656 433.9064025878906 -2.9636902809143066
501.7792053222656 433.9064025878906 -2.563690423965454
498.4290771484375 431.7214660644531 -2.563657283782959
495.0790100097656 429.5364074707031 -2.563624143600464
491.7290344238281 427.3512268066406 -2.5635910034179688
488.3789978027344 425.1658935546875 -2.563570976257324
485.0289611816406 422.98046875 -2.563556671142578
483.8180847167969 422.40252685546875 -2.8289878368377686
483.8180847167969 422.40252685546875 -2.428987979888916
480.9523620605469 419.9890441894531 -2.454315662384033
479.8117980957031 419.2825927734375 -2.719757318496704
476.16278076171875 417.6449279785156 -2.719724178314209
472.51416015625 416.0072326660156 -2.7196569442749023
468.86529541015625 414.36920166015625 -2.7196238040924072
465.21649169921875 412.7310485839844 -2.719590663909912
461.5677490234375 411.0927734375 -2.719557523727417
457.9190673828125 409.4543762207031 -2.719524383544922
454.2704162597656 407.81585693359375 -2.7194912433624268
454.2704162597656 407.81585693359375 -2.319491386413574
451.5552062988281 404.89776611328125 -2.3208980560302734
450.51873779296875 404.0458679199219 -2.5863397121429443
447.1199951171875 401.9373474121094 -2.586306571960449
443.7213134765625 399.8287353515625 -2.586273431777954
442.4930114746094 399.2759704589844 -2.8511838912963867
442.4930114746094 399.2759704589844 -2.451184034347534
441.3546447753906 398.5659484863281 -2.716625690460205
437.71075439453125 396.9168701171875 -2.71659255027771
434.0669250488281 395.2676696777344 -2.7165591716766357
434.0669250488281 395.2676696777344 -2.316559314727783
431.3530578613281 392.32958984375 -2.316526174545288
430.3202819824219 391.4731140136719 -2.5819625854492188
429.09906005859375 390.9176025390625 -2.8474042415618896
429.09906005859375 390.9176025390625 -2.447404384613037
427.9634094238281 390.2032775878906 -2.712846040725708
424.3258056640625 388.5404357910156 -2.712812900543213
420.6944580078125 386.8821105957031 -2.7136032581329346
417.0555725097656 385.2220153808594 -2.7135701179504395
413.416748046875 383.5617980957031 -2.7135369777679443
409.7779846191406 381.9014587402344 -2.713503837585449
406.1392822265625 380.2409973144531 -2.713470697402954
406.1392822265625 380.2409973144531 -2.3134708404541016
405.10919189453125 379.38140869140625 -2.5789124965667725
403.8896789550781 378.8221740722656 -2.8443541526794434
403.8896789550781 378.8221740722656 -2.444354295730591
402.7561950683594 378.1044006347656 -2.7097959518432617
399.1236572265625 376.43048095703125 -2.7097628116607666
395.4911804199219 374.7564392089844 -2.7097296714782715
395.49114990234375 374.7564392089844 -2.30973219871521
394.4642639160156 373.89300537109375 -2.575173854827881
391.0890197753906 371.74658203125 -2.5751657485961914
389.8716125488281 371.1827697753906 -2.8406074047088623
389.8716125488281 371.1827697753906 -2.4406075477600098
388.7408447265625 370.46075439453125 -2.7060492038726807
385.1146240234375 368.7732238769531 -2.7060160636901855
381.4884338378906 367.0855712890625 -2.7059829235076904
377.8623046875 365.3977966308594 -2.7059497833251953
374.23590087890625 363.7098083496094 -2.7059497833251953
374.23590087890625 363.7098083496094 -2.3059499263763428
373.2122802734375 362.8424987792969 -2.5713915824890137
371.99700927734375 362.27410888671875 -2.8368332386016846
371.99700927734375 362.27410888671875 -2.436833381652832
370.86895751953125 361.5478210449219 -2.702275037765503
370.86895751953125 361.5478210449219 -2.3022751808166504
369.8484802246094 360.67669677734375 -2.5677084922790527
368.63525390625 360.10382080078125 -2.8331453800201416
368.63525390625 360.10382080078125 -2.433145523071289
367.5098876953125 359.3733825683594 -2.69858717918396
367.5096740722656 359.37322998046875 -2.298614740371704
366.4924621582031 358.4984436035156 -2.564056396484375
365.2813720703125 357.921142578125 -2.829498052597046
365.2813720703125 357.921142578125 -2.4294981956481934
364.15869140625 357.18658447265625 -2.6949398517608643
360.5514221191406 355.4588623046875 -2.694906711578369
359.2075500488281 355.0170593261719 -2.953049898147583
359.2075500488281 355.0170593261719 -2.5530500411987305
358.0028991699219 354.4264831542969 -2.8184916973114014
358.0028991699219 354.4264831542969 -2.418491840362549
356.88836669921875 353.67962646484375 -2.6839334964752197
353.3000793457031 351.9122314453125 -2.683927536010742
349.71173095703125 350.1448059082031 -2.683927536010742
347.07684326171875 349.0282287597656 -2.7976012229919434
347.07684326171875 349.0282287597656 -2.397601366043091
345.9781494140625 348.25823974609375 -2.6630430221557617
342.4278259277344 346.4163513183594 -2.6630098819732666
338.8863220214844 344.58154296875 -2.664153575897217
335.3339538574219 342.7436218261719 -2.66412091255188
334.0712585449219 342.2901916503906 -2.929561138153076
334.0712585449219 342.2901916503906 -2.5295612812042236
332.88079833984375 341.6714782714844 -2.7950029373168945
332.88079833984375 341.6714782714844 -2.395003080368042
331.78411865234375 340.8986511230469 -2.660444736480713
328.2382507324219 339.0474548339844 -2.660444736480713
324.6927490234375 337.1963806152344 -2.660409450531006
321.14727783203125 335.34515380859375 -2.6603763103485107
317.6015625 333.49371337890625 -2.6603758335113525
314.05615234375 331.6423645019531 -2.6603426933288574
310.510498046875 329.7908020019531 -2.6603426933288574
306.9648742675781 327.93927001953125 -2.66033935546875
306.9623107910156 327.93719482421875 -2.2606728076934814
304.41656494140625 324.8518981933594 -2.2606728076934814
303.4332580566406 323.93914794921875 -2.5261144638061523
302.24493408203125 323.3163146972656 -2.7915561199188232
302.24493408203125 323.3163146972656 -2.3915562629699707
301.1509094238281 322.5397033691406 -2.6569979190826416
299.8891906738281 322.0762939453125 -2.9221906661987305
299.8891906738281 322.0762939453125 -2.522190809249878
298.7033386230469 321.4488220214844 -2.787632465362549
298.7033386230469 321.4488220214844 -2.3876326084136963
297.61236572265625 320.6679382324219 -2.653074264526367
296.3547668457031 320.2005920410156 -2.918515682220459
296.3547668457031 320.2005920410156 -2.5185158252716064
295.1712341308594 319.5687561035156 -2.7839574813842773
295.1712341308594 319.5687561035156 -2.383957624435425
294.0831604003906 318.78387451171875 -2.6493992805480957
292.8272705078125 318.3119201660156 -2.9148409366607666
292.8272705078125 318.3119201660156 -2.514841079711914
291.64605712890625 317.6757507324219 -2.780282735824585
291.64605712890625 317.6757507324219 -2.3802828788757324
290.56085205078125 316.8868713378906 -2.6457245349884033
289.30670166015625 316.4103088378906 -2.911166191101074
289.30670166015625 316.4103088378906 -2.5111663341522217
288.1278381347656 315.7698059082031 -2.7766079902648926
288.1278381347656 315.7698059082031 -2.37660813331604
287.0455627441406 314.9769287109375 -2.642049789428711
285.7931823730469 314.4957580566406 -2.907491445541382
285.7931823730469 314.4957580566406 -2.5074915885925293
284.6166687011719 313.8509216308594 -2.7729332447052
284.6166687011719 313.8509216308594 -2.3729333877563477
283.53729248046875 313.0540771484375 -2.6383750438690186
282.28668212890625 312.56829833984375 -2.9038166999816895
282.28668212890625 312.56829833984375 -2.503816604614258
281.112548828125 311.91912841796875 -2.7692582607269287
281.112548828125 311.91912841796875 -2.369258403778076
280.0361328125 311.1183166503906 -2.634700059890747
278.69287109375 310.5827331542969 -2.8896982669830322
278.69287109375 310.5827331542969 -2.4896984100341797
277.52801513671875 309.91705322265625 -2.7551400661468506
273.822998046875 308.409423828125 -2.7551400661468506
273.822998046875 308.409423828125 -2.355140209197998
272.7579650878906 307.593505859375 -2.620581865310669
271.5162048339844 307.0855407714844 -2.88602352142334
271.5162048339844 307.0855407714844 -2.486023426055908
270.35382080078125 306.41558837890625 -2.751465082168579
266.65472412109375 304.8944396972656 -2.7514302730560303
266.65472412109375 304.8944396972656 -2.3514301776885986
265.5927429199219 304.0745849609375 -2.6168718338012695
262.1311950683594 302.07080078125 -2.6168386936187744
258.66973876953125 300.0669250488281 -2.6168055534362793
255.20834350585938 298.06292724609375 -2.616772413253784
257.0833435058594 299.3106384277344 -2.492098808288574
253.89808654785156 296.89166259765625 -2.492065668106079
250.71290588378906 294.4725646972656 -2.492032527923584
247.52781677246094 292.0533752441406 -2.491999387741089
244.34280395507812 289.6340637207031 -2.4919662475585938
241.15786743164062 287.21466064453125 -2.4919331073760986
244.26805114746094 289.58978271484375 -2.4868760108947754
241.09547424316406 287.1542053222656 -2.4868428707122803
244.1935272216797 289.5451354980469 -2.481785774230957
241.03338623046875 287.09344482421875 -2.481752634048462
244.11923217773438 289.5001220703125 -2.4766955375671387
240.97161865234375 287.0323486328125 -2.4766623973846436
244.04518127441406 289.4547119140625 -2.4716053009033203
240.91017150878906 286.9709777832031 -2.471572160720825
243.9713592529297 289.408935546875 -2.466515064239502
240.84902954101562 286.9092712402344 -2.466481924057007
243.89776611328125 289.36279296875 -2.4614248275756836
240.78819274902344 286.8472595214844 -2.4613916873931885
243.82440185546875 289.3162536621094 -2.4563345909118652
240.72767639160156 286.784912109375 -2.45630145072937
243.75128173828125 289.26934814453125 -2.451244354248047
240.66748046875 286.7222900390625 -2.4512112140655518
243.67840576171875 289.2220764160156 -2.4461541175842285
240.6076202392578 286.65936279296875 -2.4461209774017334
243.60577392578125 289.1744384765625 -2.44106388092041
240.54806518554688 286.59613037109375 -2.441030740737915
243.5333709716797 289.1264343261719 -2.435973644256592
240.48883056640625 286.5325927734375 -2.4359405040740967
243.4612274169922 289.07806396484375 -2.4308834075927734
240.429931640625 286.46875 -2.4308502674102783
243.3893280029297 289.0293273925781 -2.425793170928955
240.37135314941406 286.40460205078125 -2.42576003074646
243.3176727294922 288.9801940917969 -2.4207029342651367
240.31309509277344 286.34014892578125 -2.4206697940826416
243.24267578125 288.92828369140625 -2.4153263568878174
240.25233459472656 286.2721252441406 -2.4152932167053223
243.17144775390625 288.87835693359375 -2.4102284908294678
240.19468688964844 286.2070007324219 -2.4101953506469727
243.10055541992188 288.828125 -2.405136823654175
240.13743591308594 286.1416320800781 -2.4051036834716797
243.02993774414062 288.77752685546875 -2.4000463485717773
240.08053588867188 286.07598876953125 -2.4000132083892822
242.95957946777344 288.7265930175781 -2.394956111907959
240.02395629882812 286.01007080078125 -2.394922971725464
242.88946533203125 288.67529296875 -2.3898658752441406
239.96771240234375 285.9438781738281 -2.3898327350616455
242.8196258544922 288.6236572265625 -2.3847756385803223
239.9118194580078 285.87738037109375 -2.384742498397827
237.00413513183594 283.13104248046875 -2.3847057819366455
239.84226989746094 285.8254089355469 -2.379648447036743
236.94882202148438 283.0644226074219 -2.379587173461914
239.77313232421875 285.77325439453125 -2.3745298385620117
236.8995819091797 283.0011901855469 -2.3738083839416504
239.70819091796875 285.726318359375 -2.368750810623169
237.95138549804688 283.7872314453125 -2.2450740337371826
235.45431518554688 280.6628112792969 -2.2450408935546875
232.9573974609375 277.5383605957031 -2.245001792907715
235.38958740234375 280.5998229980469 -2.2392916679382324
232.91062927246094 277.4610290527344 -2.2392585277557373
235.32791137695312 280.5380554199219 -2.2341182231903076
232.86521911621094 277.386474609375 -2.2340850830078125
235.26608276367188 280.4756774902344 -2.228844404220581
232.82003784179688 277.3111572265625 -2.228811264038086
235.2035369873047 280.412353515625 -2.223348617553711
232.77493286132812 277.23443603515625 -2.223315477371216
235.13894653320312 280.34710693359375 -2.2173566818237305
232.7294158935547 277.1546936035156 -2.2173235416412354
235.06871032714844 280.2771911621094 -2.210211992263794
232.6820526123047 277.067626953125 -2.210178852081299
235.00921630859375 280.2138671875 -2.2051210403442383
232.63893127441406 276.9922180175781 -2.205087900161743
230.2687530517578 273.7704772949219 -2.205054759979248
230.3154754638672 273.8697814941406 -1.8161004781723022
229.34420776367188 269.9898376464844 -1.8160672187805176
228.37307739257812 266.10986328125 -1.8160340785980225
227.40206909179688 262.2298583984375 -1.8160009384155273
226.4311981201172 258.3498229980469 -1.8159677982330322
225.46044921875 254.46974182128906 -1.815934658050537
225.46044921875 254.46974182128906 -1.4159348011016846
226.0774383544922 250.5179443359375 -1.4159016609191895
226.69454956054688 246.56617736816406 -1.4158685207366943
227.31179809570312 242.6144256591797 -1.4158353805541992
227.92918395996094 238.66268920898438 -1.415802240371704
228.54669189453125 234.7109832763672 -1.415769100189209
229.16433715820312 230.75929260253906 -1.4157359600067139
229.7821044921875 226.8076171875 -1.4157028198242188
230.40000915527344 222.85597229003906 -1.4156696796417236
231.01805114746094 218.9043426513672 -1.4156365394592285
231.63621520996094 214.95272827148438 -1.4156033992767334
232.2545166015625 211.0011444091797 -1.4155702590942383
232.87294006347656 207.04957580566406 -1.4155371189117432
233.4915008544922 203.0980224609375 -1.415503978729248
234.1101837158203 199.14649963378906 -1.415470838546753
233.4949951171875 203.01123046875 -1.4104137420654297
234.1337890625 199.0629119873047 -1.4103806018829346
233.4989471435547 202.92445373535156 -1.4053235054016113
234.1578369140625 198.97943115234375 -1.4052903652191162
233.5033416748047 202.8376922607422 -1.400233268737793
232.8333740234375 206.59832763671875 -1.388750433921814
233.5575408935547 202.66476440429688 -1.3887171745300293
234.2750244140625 199.17518615722656 -1.3473155498504639
233.3980712890625 202.98904418945312 -1.3422584533691406
234.3042755126953 199.0933837890625 -1.3422253131866455
233.40792846679688 202.90272521972656 -1.3371682167053223
234.33395385742188 199.01173400878906 -1.3371350765228271
233.41822814941406 202.81646728515625 -1.332077980041504
234.36404418945312 198.93023681640625 -1.3320448398590088
233.428955078125 202.73025512695312 -1.3269877433776855
234.39454650878906 198.84889221191406 -1.3269546031951904
233.44012451171875 202.64410400390625 -1.3218975067138672
234.4254608154297 198.7677001953125 -1.321864366531372
233.4517364501953 202.55799865722656 -1.3168072700500488
234.456787109375 198.68666076660156 -1.3167741298675537
233.46377563476562 202.47195434570312 -1.3117170333862305
234.48851013183594 198.6057891845703 -1.3116838932037354
233.47625732421875 202.385986328125 -1.306626796722412
234.52066040039062 198.52508544921875 -1.306593656539917
233.48916625976562 202.30007934570312 -1.3015365600585938
234.55320739746094 198.44454956054688 -1.3015034198760986
233.5025177001953 202.21424865722656 -1.2964463233947754
234.586181640625 198.3641815185547 -1.2964131832122803
233.5163116455078 202.12847900390625 -1.291356086730957
234.6195526123047 198.2839813232422 -1.291322946548462
233.53053283691406 202.04278564453125 -1.2862658500671387
234.65333557128906 198.20394897460938 -1.2862327098846436
233.54519653320312 201.9571533203125 -1.2811756134033203
234.68751525878906 198.12408447265625 -1.2811424732208252
233.56028747558594 201.87161254882812 -1.276085376739502
234.72210693359375 198.04440307617188 -1.2760522365570068
233.57582092285156 201.7861328125 -1.2709951400756836
234.75711059570312 197.9648895263672 -1.2709619998931885
233.591796875 201.70074462890625 -1.2659049034118652
234.7925262451172 197.88555908203125 -1.2658717632293701
233.60821533203125 201.6154327392578 -1.2608146667480469
234.82833862304688 197.80641174316406 -1.2607815265655518
233.6250457763672 201.53021240234375 -1.2557244300842285
232.66871643066406 204.05825805664062 -1.1625670194625854
234.25657653808594 200.3872833251953 -1.1625337600708008
235.84457397460938 196.71636962890625 -1.1625006198883057
234.28170776367188 200.3041229248047 -1.1574435234069824
235.88836669921875 196.64134216308594 -1.1574103832244873
234.3072509765625 200.22109985351562 -1.152353286743164
235.93252563476562 196.56654357910156 -1.152320146560669
234.33322143554688 200.13819885253906 -1.1472630500793457
235.97708129882812 196.49195861816406 -1.1472299098968506
234.35960388183594 200.05543518066406 -1.1421728134155273
236.02200317382812 196.41761779785156 -1.1421396732330322
234.38641357421875 199.97280883789062 -1.137082576751709
236.0673065185547 196.34349060058594 -1.1370494365692139
234.41363525390625 199.89031982421875 -1.1319923400878906
236.11297607421875 196.2696075439453 -1.1319591999053955
234.4412841796875 199.80796813964844 -1.1269021034240723
236.15904235839844 196.19595336914062 -1.1268689632415771
234.4696044921875 199.7249755859375 -1.1217581033706665
236.20591735839844 196.12184143066406 -1.1217248439788818
234.49813842773438 199.64276123046875 -1.1166576147079468
236.2528076171875 196.0485382080078 -1.116624355316162
234.5270538330078 199.56082153320312 -1.111565351486206
236.3000030517578 195.97557067871094 -1.111532211303711
238.07296752929688 192.39073181152344 -1.1114637851715088
236.32911682128906 195.8938751220703 -1.106366753578186
238.1175994873047 192.32901000976562 -1.105219841003418
236.3519287109375 195.82101440429688 -1.1000864505767822
237.49952697753906 193.94305419921875 -0.94443678855896
239.84417724609375 190.70269775390625 -0.9444035887718201
242.18893432617188 187.46241760253906 -0.9443703889846802
239.88931274414062 190.6182098388672 -0.937762975692749
242.2555389404297 187.39356994628906 -0.9377297759056091
239.93234252929688 190.54270935058594 -0.9326672554016113
242.31497192382812 187.33016967773438 -0.9326340556144714
244.6977081298828 184.11770629882812 -0.9326008558273315
242.35848999023438 187.25454711914062 -0.9274705648422241
244.75778198242188 184.05442810058594 -0.9274373650550842
242.40231323242188 187.17947387695312 -0.9223761558532715
244.81787109375 183.9916229248047 -0.9223429560661316
242.4464874267578 187.1046600341797 -0.9172846674919128
244.8782501220703 183.9291534423828 -0.917251467704773
242.4910430908203 187.03009033203125 -0.9121933579444885
244.93893432617188 183.86700439453125 -0.9121601581573486
242.53598022460938 186.9557342529297 -0.9071012139320374
244.9999542236328 183.80514526367188 -0.9070680141448975
242.58143615722656 186.88116455078125 -0.9019215106964111
245.0616912841797 183.74339294433594 -0.9018883109092712
242.62744140625 186.80628967285156 -0.8966336250305176
245.12425231933594 183.68167114257812 -0.8966004252433777
242.98358154296875 186.23460388183594 -0.8494182229042053
245.62509155273438 183.23130798339844 -0.8493850231170654
248.26669311523438 180.2281036376953 -0.8493513464927673
250.9084014892578 177.22499084472656 -0.8493180274963379
250.82135009765625 177.2918243408203 -0.4603624939918518
254.40464782714844 175.5149383544922 -0.4603292942047119
257.9880065917969 173.73817443847656 -0.460296094417572
261.5714111328125 171.96153259277344 -0.46026289463043213
265.1548767089844 170.1850128173828 -0.46022969484329224
268.5926818847656 168.51910400390625 -0.44225162267684937
272.20758056640625 166.80740356445312 -0.4422184228897095
275.8224792480469 165.09585571289062 -0.4421802759170532
275.8224792480469 165.09585571289062 -0.04218032956123352
279.818603515625 164.92726135253906 -0.04214712977409363
283.8147277832031 164.75880432128906 -0.042113929986953735
287.81085205078125 164.59048461914062 -0.04208073019981384
291.8069763183594 164.4222869873047 -0.04204753041267395
295.8031005859375 164.2542266845703 -0.04201433062553406
299.79925537109375 164.0863037109375 -0.041981130838394165
303.79541015625 163.9185028076172 -0.04194793105125427
307.79156494140625 163.75083923339844 -0.04191473126411438
311.7877197265625 163.58331298828125 -0.04188153147697449
315.78387451171875 163.41590881347656 -0.041848331689834595
319.780029296875 163.24864196777344 -0.0418151319026947
323.7762145996094 163.08151245117188 -0.04178193211555481
327.77239990234375 162.91452026367188 -0.04174873232841492
331.7685852050781 162.74765014648438 -0.041715532541275024
335.7647705078125 162.58091735839844 -0.04168233275413513
339.7609558105469 162.41432189941406 -0.04164913296699524
343.75714111328125 162.2478485107422 -0.04161593317985535
347.75335693359375 162.08151245117188 -0.041582733392715454
351.74957275390625 161.91531372070312 -0.04154953360557556
355.74578857421875 161.74923706054688 -0.04151633381843567
359.74200439453125 161.5832977294922 -0.041483134031295776
363.73822021484375 161.41749572753906 -0.041449934244155884
367.7344665527344 161.2518310546875 -0.04141673445701599
371.730712890625 161.08628845214844 -0.0413835346698761
375.7269592285156 160.92088317871094 -0.041350334882736206
379.72320556640625 160.755615234375 -0.041317135095596313
383.7194519042969 160.59046936035156 -0.04128393530845642
387.7156982421875 160.4254608154297 -0.04125073552131653
391.71197509765625 160.26058959960938 -0.041217535734176636
395.708251953125 160.09584045410156 -0.04118433594703674
399.70452880859375 159.9312286376953 -0.04115113615989685
403.7008056640625 159.76675415039062 -0.04111793637275696
407.69708251953125 159.60240173339844 -0.041084736585617065
411.6933898925781 159.4381866455078 -0.04105153679847717
415.689697265625 159.27410888671875 -0.04101833701133728
419.6860046386719 159.11016845703125 -0.04098513722419739
423.68231201171875 158.94635009765625 -0.040951937437057495
427.6786193847656 158.7826690673828 -0.0409187376499176
431.6749267578125 158.61912536621094 -0.04088553786277771
435.6712646484375 158.45570373535156 -0.04085233807563782
439.6676025390625 158.29241943359375 -0.040819138288497925
443.6639404296875 158.1292724609375 -0.04078593850135803
447.6602783203125 157.96624755859375 -0.04075273871421814
451.6566162109375 157.80335998535156 -0.04071953892707825
455.6529846191406 157.64060974121094 -0.040686339139938354
459.64935302734375 157.47799682617188 -0.04065313935279846
463.6457214355469 157.3155059814453 -0.04061993956565857
467.64208984375 157.1531524658203 -0.04058673977851868
471.6384582519531 156.99093627929688 -0.040553539991378784
475.63482666015625 156.82884216308594 -0.04052034020423889
479.6312255859375 156.66688537597656 -0.040487140417099
483.62762451171875 156.50506591796875 -0.040453940629959106
487.6240234375 156.34336853027344 -0.040420740842819214
491.62042236328125 156.1818084716797 -0.04038754105567932
495.6168212890625 156.0203857421875 -0.04035434126853943
499.61322021484375 155.8590850830078 -0.040321141481399536
503.6096496582031 155.6979217529297 -0.040287941694259644
507.6060791015625 155.53689575195312 -0.04025474190711975
511.6025085449219 155.37600708007812 -0.04022154211997986
515.5989379882812 155.21524047851562 -0.040188342332839966
519.5953979492188 155.0546112060547 -0.04015514254570007
523.5918579101562 154.89410400390625 -0.04012374207377434
527.1163330078125 154.66990661621094 -0.08692872524261475
530.62646484375 154.2810516357422 -0.13373371958732605
534.1145629882812 153.7283935546875 -0.18053871393203735
537.572998046875 153.0131378173828 -0.22734370827674866
540.9942016601562 152.1368408203125 -0.27414870262145996
544.3706665039062 151.1014404296875 -0.32095369696617126
544.3706665039062 151.1014404296875 -0.7209537029266357
544.3706665039062 151.1014404296875 -1.1209536790847778
546.10986328125 147.4997100830078 -1.1209204196929932
547.8491821289062 143.89804077148438 -1.120887279510498
549.588623046875 140.29641723632812 -1.120854139328003
551.3281860351562 136.69485473632812 -1.1208209991455078
553.06787109375 133.09335327148438 -1.1207878589630127
554.8076782226562 129.49191284179688 -1.1207547187805176
556.2691040039062 126.27685546875 -1.1675597429275513
557.5818481445312 122.99154663085938 -1.2137408256530762
558.9798583984375 119.2441635131836 -1.213707685470581
560.3779907226562 115.496826171875 -1.213674545288086
560.3780517578125 115.4966049194336 -1.613651990890503
560.206787109375 111.5006103515625 -1.6136188507080078
560.03564453125 107.50460815429688 -1.6135857105255127
559.8646240234375 103.50859832763672 -1.6135525703430176
559.6937255859375 99.51258850097656 -1.6135194301605225
559.52294921875 95.51657104492188 -1.6134862899780273
559.352294921875 91.52054595947266 -1.6134531497955322
559.1818237304688 87.5245132446289 -1.613420009613037
558.9487915039062 84.00057983398438 -1.6602250337600708
558.5511474609375 80.49140930175781 -1.7070300579071045
557.98974609375 77.00468444824219 -1.7538350820541382
557.265869140625 73.54804229736328 -1.8006401062011719
556.3810424804688 70.12905883789062 -1.8474451303482056
555.3372192382812 66.75521850585938 -1.8942501544952393
554.1366577148438 63.43391418457031 -1.941055178642273
552.7820434570312 60.17241668701172 -1.9878602027893066
551.2763061523438 56.97787094116211 -2.034665107727051
549.6227416992188 53.857276916503906 -2.081470012664795
549.6227416992188 53.857276916503906 -2.4814701080322266
546.7831420898438 51.75750732421875 -2.5282750129699707
543.848388671875 49.79289627075195 -2.575079917907715
540.824951171875 47.96774673461914 -2.621884822845459
537.718505859375 46.285343170166016 -2.668576955795288
534.1580200195312 44.463130950927734 -2.668548345565796
530.5975952148438 42.640830993652344 -2.668515205383301
527.4764404296875 41.1481819152832 -2.722501039505005
524.2176513671875 39.78690719604492 -2.769300937652588
520.4920043945312 38.33196258544922 -2.7692677974700928
516.7664184570312 36.87689208984375 -2.7692346572875977
516.7664184570312 36.87689208984375 3.113950490951538
512.7682495117188 36.987369537353516 3.113983631134033
508.7701110839844 37.09771728515625 3.1140167713165283
504.77197265625 37.20793151855469 3.1140499114990234
500.7738342285156 37.31801223754883 3.1140830516815186
496.7756652832031 37.42796325683594 3.1141161918640137
492.7774963378906 37.53778076171875 3.114149332046509
488.7793273925781 37.647464752197266 3.114182472229004
484.7811584472656 37.757015228271484 3.114215612411499
480.7829895019531 37.86643600463867 3.114248752593994
476.7848205566406 37.97572326660156 3.1142818927764893
472.7866516113281 38.084877014160156 3.1143150329589844
468.7884826660156 38.19389724731445 3.1143481731414795
464.7903137207031 38.30278778076172 3.1143813133239746
460.7921142578125 38.41154479980469 3.1144144535064697
456.7939147949219 38.52016830444336 3.114447593688965
452.79571533203125 38.628658294677734 3.11448073387146
448.7975158691406 38.73701858520508 3.114513874053955
444.79931640625 38.845245361328125 3.11454701423645
440.8011169433594 38.953338623046875 3.1145801544189453
439.4423522949219 39.169857025146484 2.852564573287964
435.60858154296875 40.30978012084961 2.852597713470459
431.7747497558594 41.44957733154297 2.852630853652954
427.9408874511719 42.58924865722656 2.852663993835449
424.10699462890625 43.728790283203125 2.8526971340179443
420.2730712890625 44.86820602416992 2.8527302742004395
420.2730712890625 44.86820602416992 -3.0304551124572754
416.2977600097656 44.4245719909668 -3.0304551124572754
412.32244873046875 43.98093795776367 -3.0304551124572754
410.2142028808594 43.945682525634766 3.063897132873535
410.2142028808594 43.945682525634766 -2.8192882537841797
406.4205017089844 42.678714752197266 -2.8192551136016846
402.6268615722656 41.411617279052734 -2.8192219734191895
398.833251953125 40.1443977355957 -2.8191890716552734
397.5041198730469 39.88839340209961 -3.08343768119812
396.16619873046875 39.98834228515625 2.9343059062957764
396.16619873046875 39.98834228515625 -2.9488794803619385
392.2406005859375 39.222251892089844 -2.9488463401794434
390.29046630859375 39.044639587402344 3.1304984092712402
388.9624938964844 39.2369384765625 2.865077018737793
388.9624938964844 39.2369384765625 -3.018108367919922
385.0971984863281 38.77829360961914 -3.0288660526275635
383.755615234375 38.80510711669922 2.9888997077941895
379.8024597167969 39.41339111328125 2.9889328479766846
375.84930419921875 40.02154541015625 2.9889659881591797
371.8961181640625 40.62957000732422 2.988999128341675
367.94293212890625 41.23746109008789 2.98903226852417
363.9897155761719 41.84522247314453 2.989065408706665
360.0364685058594 42.45285415649414 2.98909854888916
356.0832214355469 43.06035232543945 2.9891316890716553
352.12994384765625 43.667720794677734 2.9891648292541504
348.1766357421875 44.27495574951172 2.9891979694366455
344.22332763671875 44.88206100463867 2.9892311096191406
340.2699890136719 45.489036560058594 2.9892642498016357
336.3166198730469 46.09587860107422 2.989297389984131
332.3632507324219 46.70259094238281 2.989330530166626
328.40985107421875 47.309173583984375 2.989363670349121
324.4564208984375 47.91562271118164 2.989396810531616
320.50299072265625 48.521942138671875 2.9894299507141113
316.5495300292969 49.12813186645508 2.9894630908966064
312.5960388183594 49.734188079833984 2.9894962310791016
308.6425476074219 50.34011459350586 2.9895293712615967
304.68902587890625 50.9459114074707 2.989562511444092
300.7354736328125 51.55157470703125 2.989595651626587
296.78192138671875 52.157108306884766 2.989628791809082
292.8283386230469 52.76251220703125 2.989661931991577
288.8747253417969 53.36778259277344 2.9896950721740723
284.9211120605469 53.972923278808594 2.9897282123565674
280.96746826171875 54.57793426513672 2.9897613525390625
277.0137939453125 55.18281173706055 2.9897944927215576
273.06011962890625 55.787559509277344 2.9898276329040527
269.1064147949219 56.39217758178711 2.989860773086548
265.1526794433594 56.99666213989258 2.989893913269043
261.1989440917969 57.601016998291016 2.989927053451538
257.24517822265625 58.20524215698242 2.989960193634033
253.29139709472656 58.80933380126953 2.9899933338165283
249.3376007080078 59.41329574584961 2.9900264739990234
245.38377380371094 60.017127990722656 2.9900596141815186
241.429931640625 60.620826721191406 2.9900927543640137
237.47607421875 61.224395751953125 2.990125894546509
233.52218627929688 61.82783126831055 2.990159034729004
229.5682830810547 62.43113708496094 2.990192174911499
225.61436462402344 63.0343132019043 2.990225315093994
221.66041564941406 63.63735580444336 2.9902584552764893
217.70645141601562 64.24027252197266 2.9902915954589844
213.75247192382812 64.84305572509766 2.9903247356414795
209.7984619140625 65.44570922851562 2.9903578758239746
205.8444366455078 66.04823303222656 2.9903910160064697
201.89039611816406 66.65061950683594 2.990424156188965
197.93634033203125 67.25287628173828 2.99045729637146
193.9822540283203 67.8550033569336 2.990490436553955
190.0281524658203 68.45700073242188 2.99052357673645
186.07403564453125 69.05886840820312 2.9905567169189453
182.11988830566406 69.66059875488281 2.9905898571014404
178.1657257080078 70.26219940185547 2.9906229972839355
174.2115478515625 70.8636703491211 2.9906561374664307
170.25733947753906 71.46501159667969 2.990689277648926
166.30311584472656 72.06622314453125 2.990722417831421
162.348876953125 72.66730499267578 2.990755558013916
158.3946075439453 73.26824951171875 2.990788698196411
154.44032287597656 73.86906433105469 2.9908218383789062
150.48602294921875 74.4697494506836 2.9908549785614014
146.53170776367188 75.07030487060547 2.9908881187438965
142.57736206054688 75.67073059082031 2.9909212589263916
138.6230010986328 76.27102661132812 2.9909543991088867
134.6686248779297 76.87118530273438 2.990987539291382
130.71421813964844 77.4712142944336 2.991020679473877
126.75979614257812 78.07111358642578 2.991053819656372
122.80535125732422 78.67088317871094 2.991086959838867
118.85089111328125 79.27052307128906 2.9911201000213623
114.89640808105469 79.87002563476562 2.9911532402038574
110.94190979003906 80.46939849853516 2.9911863803863525
106.98738861083984 81.06864166259766 2.9912195205688477
103.03284454345703 81.66775512695312 2.9912526607513428
99.07828521728516 82.26673889160156 2.991285800933838
95.12370300292969 82.86559295654297 2.991318941116333
91.16910552978516 83.46430969238281 2.991352081298828
87.21489715576172 84.06275177001953 2.9914278984069824
91.08570861816406 83.48709106445312 2.9964852333068848
87.1446762084961 84.05953216552734 2.998215913772583
91.01930236816406 83.51016235351562 3.0032732486724854
87.05783081054688 84.06156921386719 3.0033063888549805
90.9352035522461 83.53192901611328 3.008363723754883
86.9709701538086 84.06315612792969 3.008396863937378
90.85098266601562 83.55326843261719 3.013456344604492
86.88410186767578 84.06430053710938 3.0134894847869873
90.76667022705078 83.57417297363281 3.0185465812683105
86.79723358154297 84.06501007080078 3.0185797214508057
90.68224334716797 83.59465026855469 3.023636817932129
86.71036529541016 84.06527709960938 3.023669958114624
90.59771728515625 83.61470031738281 3.0287270545959473
86.62349700927734 84.06510162353516 3.0287606716156006
