-392.83842856617173
-395.6968369012186
-398.57482508858476
-401.4719720219371
-404.38786592596784
-407.32210450758487
-410.2742939592967
-413.2440499797624
-416.230996252703
-419.2347658643403
-422.2549689464171
-425.29128581356935
-428.3433732945171
-431.41089667465826
-434.4935297676656
-437.5909526097387
-440.70285419084155
-443.82892923001265
-446.9688812606264
-450.12238878485203
-453.28919957262633
-456.4690358476036
-459.66165749903325
-462.86677145770796
-466.0840586607633
-469.3133291292365
-472.5543360999889
-475.806839741244
-479.0706058950129
-482.34540862610214
-485.6310221749077
-488.9272285953699
-492.2340180217905
-495.5510285273836
-498.87805926306834
-502.21490824857665
-505.5613842339545
-508.91723468051487
-512.2823339501515
-515.6552683720573
-515.6552683720573
-515.6552683720573
-515.6552683720573
-514.8983517332953
-514.1714393155908
-513.474658547493
-512.8081322536326
-512.1719195612089
-511.5661889834309
-510.99105273796187
-510.44661423959997
-510.44661423959997
-508.427029848271
-506.4309853272594
-504.4587555467458
-502.5105671959695
-500.58675526303233
-498.687606472982
-496.8134036623379
-494.96442514011113
-493.14095955058497
-491.3432909434401
-489.5716981120483
-487.8264703750814
-486.10788611039857
-484.41620601691864
-482.75174170808873
-481.1147697415806
-479.50557743857627
-477.924445405148
-476.37161895886976
-474.847403846962
-473.3520890904862
-471.88594313723655
-470.44922536725136
-469.0421918750251
-467.6651383929341
-466.3183305169443
-465.0020310525658
-463.7164853743113
-462.46199790417216
-461.2386868594258
-460.0468155548636
-458.8866026351406
-457.758315741668
-456.662181527506
-455.5985299279865
-454.5675889632842
-453.5695816823628
-452.60472594461856
-451.6732342031818
-450.775313290325
-449.9111642054334
-449.08098190599827
-448.28495510210024
-447.52326605484757
-447.50296576766976
-447.73303291683544
-448.1896226451388
-448.1896226451388
-448.1896226451388
-452.18921000320483
-456.18878768848964
-460.18837364496335
-464.18817610242183
-468.18775528332685
-472.1873670376053
-476.1869686107231
-480.186559909441
-484.18615888671843
-488.18577202246485
-492.18539266090227
-496.1850026776048
-500.1846200298772
-504.18425122097756
-508.18387156088966
-512.1834990093078
-516.1831400852628
-520.1827881297165
-524.1824250468734
-528.1820687988368
-532.1817259238154
-536.1813717382264
-540.1810242053914
-544.1806652465916
-548.1803374568
-552.1799981345075
-556.1796472291653
-560.1793027053928
-564.1789711341471
-568.178645847365
-572.1783087865177
-576.1779779167085
-580.1776351845475
-584.1772805489703
-588.1769812555387
-592.1766699810413
-596.1763646905819
-600.1762492034851
-600.1762492034851
-603.8727446813783
-607.5730843612236
-611.2772166175314
-614.985055182982
-614.985055182982
-617.8257108714606
-620.6791438345845
-623.5451786604054
-626.4236423795306
-629.3143644439051
-632.2171767049921
-635.1318656264897
-638.0583158825884
-640.9963663852159
-643.9458583534491
-646.9066352894026
-649.8785429537871
-652.8614293411764
-655.855144655019
-658.8594948048077
-661.8744010024045
-664.8997002330285
-667.9352512762631
-670.9809149929916
-674.0365542995528
-677.102034141849
-677.102034141849
-678.9409523660938
-680.798241063405
-682.6738666137979
-684.5675923033039
-686.479354116335
-688.408957797262
-690.356256063852
-692.3210974891739
-694.3033772831886
-696.3028604605336
-698.3194850748821
-700.3530599794517
-702.4034379836316
-704.4705154466901
-706.5540597606667
-708.6540114922607
-710.7701835554749
-712.902429166981
-712.902429166981
-712.902429166981
-712.902429166981
-712.902429166981
-712.902429166981
-708.9394646812934
-704.9769129898484
-701.0147809418411
-697.0530755414757
-693.0918039523533
-689.1309320043412
-685.1704639729129
-681.2104522520533
-677.2509046901849
-673.2918293194367
-669.3332343610217
-665.3751282308035
-661.4174745433885
-657.4603270502993
-653.5036947855592
-649.547587002133
-645.5920131785601
-641.6369625114588
-637.6824655081792
-633.7284871019821
-629.7750829323301
-625.822263713512
-621.8700404306369
-617.9184243481907
-613.9674270189183
-610.0170399564549
-606.0670827235774
-602.1177631088311
-598.1691397642809
-594.2213933014363
-590.2743420822242
-586.327977083682
-582.3823353794394
-578.4374315889863
-574.49325777749
-570.5498321969527
-566.6071908429307
-562.6653500141725
-558.7241142596242
-554.7837193582857
-550.8441833549716
-546.9055016865613
-542.9677364059265
-539.0308872149246
-535.0949743333687
-535.0949743333687
-531.192439085824
-527.2913745544585
-523.3918369818712
-519.4938404079123
-515.5974167331601
-511.70260508618134
-507.80946262367144
-503.9180047305223
-500.02827370466036
-496.14030750433847
-492.25417102843113
-488.3698872492083
-484.48749832078016
-480.60705272274635
-476.72859567699504
-472.85219900346993
-468.97789283850966
-465.1057274630239
-461.2357795569701
-457.3680618697273
-453.5026752628858
-449.6396586339573
-445.7790721208098
-441.92100194860785
-438.0654932115095
-434.21261297788305
-430.3624542344275
-426.5150470881976
-422.6705105525908
-418.8286855452349
-414.9900655861693
-411.1545383103015
-407.3222131516978
-403.49313772243744
-399.66744934832735
-395.84524575421756
-392.02658522705775
-388.21137906065417
-384.4001670893952
-380.59284736975525
-376.78930160793055
-372.99010311355585
-369.1949501298293
-365.40440374476833
-361.61819459427517
-357.83661547559683
-354.05983639929224
-350.2882057647956
-346.52150294099755
-342.7603226156944
-339.0044163433132
-335.2541568100929
-331.5097356551429
-327.77135296935177
-324.03921774701354
-320.31356825886655
-316.5945928796515
-312.8827616760846
-309.17814353444703
-305.4807864885157
-301.791148578596
-298.1095164191263
-294.43619032213684
-290.77148508011044
-287.115730799417
-283.4692737878036
-279.8324774996593
-276.205723543016
-275.4495969899661
-271.4779387951271
-267.50712503088334
-266.72133128208293
-266.72133128208293
-263.4282386365489
-260.1549640623812
-256.9022745441
-253.67095233785025
-250.46183624820432
-247.2757784016918
-244.113681636267
-240.97648920667072
-237.86519665034484
-234.7808233325342
-231.72443301336023
-228.69715947077572
-225.7001743211934
-222.73470019556962
-219.8020124971129
-216.9034411168463
-214.04037208633082
-211.21424914375027
-208.42657518617673
-205.67891357719992
-205.24264946435318
-203.62236593734144
-203.43103295237722
-203.13716648317228
-202.92174957877322
-202.78502037041127
-202.72713417413019
-202.85073142932427
-202.85073142932427
-205.5108212833636
-208.21388389712368
-210.95815969649118
-213.74187327183108
-216.56379808077227
-219.4223523044971
-222.31594344467828
-225.24350890335228
-228.20346293450143
-231.19486352536524
-234.21616122515073
-237.26634817256618
-240.3445389170866
-243.44931638129447
-246.579844727276
-249.73518469090436
-252.91431518924242
-256.1164141760968
-259.3406035585517
-262.58606930784754
-265.85203190421504
-269.1377787676498
-272.4425610459539
-275.76569408016917
-279.106551004737
-282.4644797176439
-285.8388734309374
-289.22915557794295
-292.6348028371255
-296.05525663679043
-299.49001365889495
-302.93858279906533
-306.4005268308978
-309.8753688985006
-313.3626835524475
-316.8620547853526
-320.3731168717837
-323.8954608176887
-327.42872227724087
-330.97255480747447
-334.5266484701796
-338.09065066968435
-341.6642510908935
-345.2471545798135
-348.8391009633304
-352.43978460107405
-356.04894018792425
-359.6663138748322
-363.291688515701
-366.9247990090715
-370.56541622676355
-374.2133221412207
-377.86833424009507
-381.53021888468874
-385.19878104942933
-388.87386049374703
-392.55524581285624
-396.2427598903848
-399.93623406406925
-403.63553365870723
-407.3404703847621
-411.0508925995117
-414.7666518813657
-418.4876370924075
-422.21367945237984
-425.9446469323935
-429.6804101438092
-433.42087605765727
-437.1658933864133
-440.9153459713882
-444.66912219071094
-448.42714288082
-452.18927314549586
-455.95544074126326
-459.7254868990399
-463.4993761652111
-467.2769557978379
-471.0581962899087
-474.84301076283526
-478.6312546900304
-482.42290667895094
-486.21788807998
-490.0160606481675
-493.81741126201445
-497.62180621116516
-501.42923626831515
-505.2396337820977
-509.052871256093
-512.8689458394296
-516.6877947882632
-520.5061951932285
-520.5061951932285
-520.5061951932285
-520.5061951932285
-520.5061951932285
-520.5061951932285
-518.2530168271825
-516.0210070212445
-513.8105076261945
-511.62166760260146
-509.45476596692924
-507.31002267401016
-505.1877815031185
-503.0883270121539
-501.0119454483068
-501.0119454483068
-497.78153844272913
-494.56238241441514
-491.3546984963788
-491.3546984963788
-487.47292567841873
-483.59307884779935
-479.7152046948499
-475.8393514077678
-471.9655687321153
-468.0939080331197
-464.22436153996046
-460.35704490553525
-456.4920147598905
-452.629329633257
-448.76908051259994
-444.9112994835151
-441.05605126459386
-437.2034028138965
-433.3534234246003
-429.506154369117
-425.6617003839434
-421.82013839210776
-417.9815480855802
-414.14601204805
-410.31361588412284
-406.4844483553197
-402.6586016804054
-398.8361712260717
-395.0172561152225
-395.0172561152225
-391.0360580481202
-387.0552467039473
-383.07483418280066
-379.09483309173726
-375.11525657153527
-371.1363310707264
-367.15763908309117
-363.1794155245209
-359.20167609716395
-355.2244368931874
-351.24771503842567
-347.2716221520295
-343.29599155878395
-339.32093370154934
-335.34646921851504
-331.3726194349762
-327.3994067081977
-323.42685423513706
-319.45498689699883
-315.4838305441734
-311.5134123404563
-307.54376061526443
-303.5751186855302
-299.6072997349162
-295.64036847818414
-291.6743603294305
-287.70931288506114
-283.7452351626132
-279.78219976925084
-275.8202205467237
-271.8593747022954
-267.8996815886487
-263.94122431323996
-259.98402804636356
-256.02818268295766
-252.07372066346886
-248.12073929622267
-244.16930995695165
-240.21947803613347
-236.27135488985488
-232.32499652266145
-228.38052578168757
-224.43801088260128
-220.497588214333
-216.55934070242452
-212.62342062429434
-208.68992840067585
-204.75903542527294
-200.83089351861196
-196.90563596904062
-192.983455095109
-189.06454242707844
-185.14910556917746
-181.2373851270367
-177.32961097807217
-173.42605001701494
-169.52699310066106
-165.6327587064938
-161.74369530576158
-157.860184773964
-153.9826477858513
-150.11154740349326
-146.2473943056443
-142.39076999454693
-138.54228688764886
-134.7026421674855
-130.87261465028112
-127.05307425542473
-123.24499521977033
-119.44947483987838
-115.66774962152058
-111.90121717267942
-108.1514662286383
-104.42030490779447
-100.70981302084479
-97.02234700295334
-93.36063550282611
-89.72782996869897
-86.12759032631918
-82.56417711012962
-79.04256902531449
-75.56861350756837
-72.14897867464313
-68.79197257368317
-65.50721909126187
-62.30614665721775
-59.20232696764316
-56.21187595697031
-53.35385976595314
-50.650696911831275
-48.128491498133066
-48.128491498133066
-44.70244394384518
-41.3795410820788
-38.18670636623938
-35.15920094654066
-32.343689776109116
-29.80032071141629
-27.604419025030566
-25.844704949985278
-24.614905793649488
-23.996632879318838
-24.037120894472665
-24.733134885863215
-26.032148023266064
-27.849910038710856
-30.09256115154477
-32.67272521830337
-35.51692295162679
-38.566782048446214
-41.77728519246355
-45.11414818711775
-45.11414818711775
-45.11414818711775
-45.11414818711775
-45.11414818711775
-45.11414818711775
-45.11414818711775
-45.11414818711775
-45.11414818711775
-45.11414818711775
-45.11414818711775
