-392.83842856617173
-395.6968369012186
-398.57482508858476
-401.4719720219371
-404.38786592596784
-407.32210450758487
-410.2742939592967
-413.2440499797624
-416.230996252703
-419.2347658643403
-422.2549689464171
-425.29128581356935
-428.3433732945171
-431.41089667465826
-434.4935297676656
-437.5909526097387
-440.70285419084155
-443.82892923001265
-446.9688812606264
-450.12238878485203
-453.28919957262633
-456.4690358476036
-459.66165749903325
-462.86677145770796
-466.0840586607633
-469.3133291292365
-472.5543360999889
-475.806839741244
-479.0706058950129
-482.34540862610214
-485.6310221749077
-488.9272285953699
-492.2340180217905
-495.5510285273836
-498.87805926306834
-502.21490824857665
-505.5613842339545
-508.91723468051487
-512.2823339501515
-515.6552683720573
-515.6552683720573
-515.6552683720573
-515.6552683720573
-514.8983517332953
-514.1714393155908
-513.474658547493
-512.8081322536326
-512.1719195612089
-511.5661889834309
-510.99105273796187
-510.44661423959997
-510.44661423959997
-508.427029848271
-506.4309853272594
-504.4587555467458
-502.5105671959695
-500.58675526303233
-498.687606472982
-496.8134036623379
-494.96442514011113
-493.14095955058497
-491.3432909434401
-489.5716981120483
-487.8264703750814
-486.10788611039857
-484.41620601691864
-482.75174170808873
-481.1147697415806
-479.50557743857627
-477.924445405148
-476.37161895886976
-474.847403846962
-473.3520890904862
-471.88594313723655
-470.44922536725136
-469.0421918750251
-467.6651383929341
-466.3183305169443
-465.0020310525658
-463.7164853743113
-462.46199790417216
-461.2386868594258
-460.0468155548636
-458.8866026351406
-457.758315741668
-456.662181527506
-455.5985299279865
-454.5675889632842
-453.5695816823628
-452.60472594461856
-451.6732342031818
-450.775313290325
-449.9111642054334
-449.08098190599827
-448.28495510210024
-447.52326605484757
-447.3827690868953
-447.64514582002414
-448.2973937603877
-449.30743535748576
-449.30743535748576
-449.30743535748576
-452.54587997453774
-456.54587439406254
-460.5458688136882
-464.5456374345168
-468.5453938968033
-472.5451809285714
-476.5449558017688
-480.54471851645206
-484.54448739713644
-488.5442685232255
-492.5440558156949
-496.5438309503632
-500.5435939275008
-504.5433630719634
-508.5431444631402
-512.542913697825
-516.5426891010993
-520.542452348818
-524.5422217662339
-528.5420034325159
-532.5417729447715
-536.5415486285135
-540.5413121594903
-544.5410818634076
-548.5408638190327
-552.5406336238246
-556.5404096037814
-560.5401734344363
-564.5399434420002
-568.5397257046798
-572.5394958203226
-576.5392721154625
-580.5390362653225
-584.5387882707178
-588.5385464585282
-592.5382925037526
-596.5380935380565
-600.537882431411
-604.5376775111766
-604.5376775111766
-608.2228506107515
-611.911977539215
-615.6049872144149
-619.3018101757737
-623.0023301990707
-626.7065481475724
-626.7065481475724
-629.5402878310005
-632.3866302309938
-635.2454059406991
-638.1164478556361
-640.9995911545539
-643.894673279718
-646.801533916675
-649.7200149735359
-652.6499138036755
-655.5911237786086
-658.5434933436613
-661.5068730798398
-664.4811156813126
-667.4660960204142
-670.4616510430827
-673.4676396421235
-676.4838772598281
-676.4838772598281
-678.255300398765
-680.0455896174459
-681.8545103513705
-683.6820005271501
-685.5278256454052
-687.3919238475909
-689.2741032098209
-691.174217763296
-693.0921620589825
-695.0277024613802
-696.9807782498482
-698.9511998363329
-700.9388205104354
-700.9388205104354
-700.9388205104354
-700.9388205104354
-698.438495521652
-695.9521774914623
-693.4800170763668
-691.0221662247451
-688.5787335622454
-686.149917817527
-683.7358747604073
-681.3367614141532
-678.9527360434165
-676.5839378397305
-674.2305480302485
-674.2305480302485
-670.8116602213317
-667.3992442265155
-663.993312482467
-660.5940116864505
-657.2013783091757
-653.8155830893426
-650.436685959633
-647.0648419037102
-643.7001615557634
-640.3425744991633
-636.9924074045256
-636.9924074045256
-633.0572441153219
-629.1229178766254
-625.1894247645806
-621.2567806040355
-617.3250016196245
-613.3941044483582
-609.4641061526861
-609.4641061526861
-605.5543205875042
-601.645959163447
-597.7388172879115
-593.8329000005306
-589.928298731689
-586.0249917794583
-582.1230096006174
-578.222374929442
-574.3231195138654
-570.4252911491147
-566.5288955637094
-562.6339666181113
-558.7405546076676
-554.8486678291264
-550.9583424901813
-547.069631643499
-543.1825464221243
-539.2971256459574
-535.4134254146626
-531.531459999763
-527.6512711331269
-523.7728952339033
-519.8963962002474
-516.0217959241959
-512.1491576232698
-508.2785029152843
-504.40988042180334
-500.5433347061112
-496.67893736819775
-492.8167182483646
-488.95651118780137
-485.0987845641382
-481.2434163046692
-477.3904426395272
-473.5399201180444
-469.6918024613321
-465.8461537702989
-462.0033640359814
-458.16304101431075
-454.32569062998107
-450.4911635123719
-446.65938152091604
-442.8305743547981
-439.004798743197
-435.18215618290776
-431.3627299671934
-427.5466062943198
-423.7338743918471
-419.92462664715976
-416.118958744591
-412.3169698095192
-408.51876255983717
-404.72444346522053
-400.93412291464995
-397.1479153926683
-393.36596093773
-389.58833941913605
-385.81520056347273
-382.04667718471507
-378.28290722355877
-374.52403398808707
-370.7702064075382
-367.02157929996935
-363.27831365466255
-359.5405769301757
-355.8085433689982
-352.082394329835
-348.3623186386081
-344.64849005461986
-340.9411362004215
-337.24047061018933
-333.5467159007449
-329.86010423512147
-326.1810423558448
-322.5094260468886
-322.50927758831835
-318.50950883661596
-314.5097457619004
-310.5099885835521
-306.51026099938616
-302.5105300380886
-298.51101480827265
-294.51150469940103
-290.5120097913278
-286.5125206834619
-282.5130474901942
-278.51358085579045
-274.51413093464356
-270.51445578954235
-266.5147901749497
-262.51513452648453
-258.51548930672345
-254.515855007319
-250.5162321513203
-248.69456037938787
-248.69456037938787
-245.4119711595742
-242.1509584628152
-238.9124058109878
-235.69723902971342
-235.69621428130202
-233.70394698901745
-231.76351305507472
-229.87621470603546
-228.0433819849461
-226.2663382062814
-224.5463970202235
-222.8848804183945
-221.2831045108191
-219.7423416717139
-218.26401700530388
-216.84940749219507
-215.49976787607383
-214.2163261613561
-213.0002789857245
-212.65931695015277
-212.39758285514773
-212.21093575179145
-212.34870324733637
-212.34870324733637
-214.59322285016387
-216.8883038596195
-219.23233995464383
-221.62379626251237
-223.18958390066263
-226.13640230207184
-229.1151555569818
-232.12461425078848
-235.16359954647882
-238.23098148149802
-241.3256834864972
-244.44666165755575
-247.59292234135728
-250.76351390155335
-253.95752504638847
-257.173889745314
-260.4121029431969
-263.6712288174959
-266.9503056023305
-270.248965563387
-273.56611169763806
-276.90123825099636
-280.2537320796524
-283.6229492186412
-287.0083049505782
-290.4094596170967
-293.8254688280142
-297.2560164583325
-300.7005805177273
-304.15868044216086
-307.6298595250865
-311.11370931959425
-314.6097801818248
-318.11790621510283
-321.6374850170959
-325.167968600408
-328.70915320341425
-332.26072627595795
-335.8223323884215
-339.3936522347656
-342.9743821659277
-346.56423029895603
-350.1629474001765
-353.7702321455673
-357.38582626289383
-361.0094785039196
-364.640979806764
-368.28006732606985
-371.9265194130205
-375.5801201212245
-379.24069397596355
-382.9080103565081
-386.58187828492896
-390.26211142853157
-393.94853225201183
-397.64099767099384
-401.3393112865298
-405.04331367803405
-408.75284904394897
-412.4677991306583
-416.1879883775738
-419.9132782079978
-423.64353303028633
-427.37865381479895
-431.11848356281985
-434.8629013587368
-438.61178876930626
-442.3650326900303
-446.1225526891874
-449.88421248760176
-453.64993869131956
-457.4196010656707
-461.1930730850145
-464.97032135247196
-468.7512557182818
-472.5357268405929
-476.32371092882767
-480.115063984626
-483.9097673256538
-487.70774284959253
-491.5088547465948
-495.31309046536046
-499.12031855981456
-502.93053079389875
-506.74366075244956
-510.55952128825976
-514.3779884451791
-518.197720496848
-518.197720496848
-518.197720496848
-518.197720496848
-518.197720496848
-518.197720496848
-515.5448803089355
-512.9094513883929
-510.2917031559396
-507.69190915783463
-505.11034640059813
-502.5472957188185
-500.00298063533654
-497.4777504598321
-494.97183923200123
-494.97183923200123
-491.45932749917694
-487.95425922352536
-484.45685823013844
-480.9672916913367
-477.4857314267234
-474.01235365045943
-474.01235365045943
-470.0418854720043
-466.0719215822001
-462.10247496238196
-458.13355904206344
-454.16518771836735
-450.1973753764714
-446.23013691113243
-442.2634877493535
-438.29744387426786
-434.33202185031365
-430.36723884978295
-426.40311268083167
-422.4396618170461
-418.47690542866553
-414.5148634155715
-410.5535564421594
-406.5930059742188
-402.6332343179585
-398.6742342063036
-394.71606021345724
-390.7587374251113
-386.80229194804065
-382.8467509622862
-378.892172942939
-374.9385264855638
-370.98587304534635
-367.0342446842725
-363.0836748516136
-359.1341984592785
-355.1858519620966
-351.2386734434092
-347.29270270638136
-343.3479813714801
-339.4045529806082
-335.462463108424
-331.52175948142934
-327.58249210545745
-323.6447134022572
-319.70847835593065
-315.77384467005675
-311.84087293641306
-307.90962681629685
-303.98017323554546
-300.0525825944673
-296.12692899401435
-292.2032904796665
-288.2817493046483
-284.3623922142674
-280.4453107533566
-276.5306015990096
-272.6183669210419
-268.7087147728724
-264.9801615759691
-261.0597941702702
-257.1418777869721
-257.1418777869721
-253.21929889035877
-249.29917889210478
-245.38163576353227
-241.46679530046612
-237.55500650134638
-233.6462172895455
-229.74058026824375
-225.83825944307785
-221.93942969235385
-218.0442778290739
-214.15300495921954
-210.26582601580967
-206.38297270901288
-202.50469381025917
-198.63125689182402
-194.76296638601616
-190.90010347147557
-187.04302086065024
-183.19208360986647
-179.34768730539156
-175.51026199132184
-171.6802750607964
-167.85823547543737
-164.04469887207526
-160.24027219072354
-156.4456201231456
-152.6614714994087
-148.88862713401318
-145.12796863950294
-141.38046845190027
-137.6472012124397
-133.92935708032272
-130.22825691616072
-126.54537030708026
-122.88233445197747
-119.2409787067948
-115.62335133900002
-112.03175093286711
-108.46876389874382
-104.93730385095422
-101.44066340271648
-97.98257028235959
-94.56725322968408
-91.19951983704182
-87.88483870187918
-84.6294436365757
-81.44023690654014
-78.32548488695942
-75.29442530331796
-72.35757927294998
-69.52688326738865
-67.85699415497918
-64.71852571249244
-61.67984565696807
-58.75643378902121
-55.96636059484209
-53.330632821989866
-53.330632821989866
-49.815589864328885
-46.37920946274153
-43.04033031659536
-39.82347834410182
-36.76051129713822
-33.89337551858813
-31.275974278576097
-28.976062187906066
-27.074669759274403
-25.66053866529228
-24.817106111899797
-24.603135493322192
-25.03477193012527
-26.07997975921661
-27.66931318348993
-29.71559269151624
-32.13163573687587
-34.84060261252102
-37.77953380915487
-40.89888468439802
-44.16043719444419
-44.16043719444419
-44.16043719444419
-44.16043719444419
-44.16043719444419
-44.16043719444419
-44.16043719444419
-44.16043719444419
-44.16043719444419
-44.16043719444419
-44.16043719444419
