62.82829666137695 452.8282470703125 0.7853754162788391
65.65666198730469 455.6564025878906 0.7853526473045349
68.48509216308594 458.4844970703125 0.7853298783302307
71.31358337402344 461.3125305175781 0.7853071093559265
74.14213562011719 464.1405029296875 0.7852843403816223
76.97075653076172 466.9684143066406 0.7852615714073181
79.7994384765625 469.7962646484375 0.7852388024330139
82.62818908691406 472.6240539550781 0.7852160334587097
85.45700073242188 475.4517822265625 0.7851932644844055
88.28588104248047 478.2794494628906 0.7851704955101013
91.11482238769531 481.1070251464844 0.7851477265357971
93.94383239746094 483.9345397949219 0.7851249575614929
96.77290344238281 486.7619934082031 0.7851021885871887
99.60203552246094 489.5893859863281 0.7850794196128845
102.43123626708984 492.4167175292969 0.7850566506385803
105.260498046875 495.2439880371094 0.7850338816642761
108.08982849121094 498.0711975097656 0.7850111126899719
110.91921997070312 500.8983459472656 0.7849883437156677
113.7486801147461 503.7254333496094 0.7849655747413635
116.57820129394531 506.55242919921875 0.7849428057670593
119.40779113769531 509.3793640136719 0.7849200367927551
122.23744201660156 512.2062377929688 0.7848972678184509
125.06715393066406 515.0330810546875 0.7848744988441467
127.89693450927734 517.85986328125 0.7848517298698425
130.72677612304688 520.6865234375 0.7848289608955383
133.5566864013672 523.5131225585938 0.7848061919212341
136.38665771484375 526.3396606445312 0.7847834229469299
139.21669006347656 529.1661376953125 0.7847606539726257
142.04678344726562 531.9925537109375 0.7847378849983215
144.876953125 534.8189086914062 0.7847151160240173
147.70718383789062 537.6452026367188 0.7846923470497131
150.5374755859375 540.471435546875 0.7846695780754089
153.36795043945312 543.2977905273438 0.7846676111221313
156.19842529296875 546.1241455078125 0.7846656441688538
159.02891540527344 548.9505004882812 0.7846636772155762
161.85940551757812 551.77685546875 0.7846617102622986
164.68991088867188 554.6032104492188 0.784659743309021
167.52041625976562 557.4295043945312 0.7846577763557434
170.35092163085938 560.2557983398438 0.7846556901931763
173.18069458007812 563.0809936523438 0.7845219969749451
173.18069458007812 563.0809936523438 0.3845219910144806
173.18069458007812 563.0809936523438 -0.015478014945983887
173.18069458007812 563.0809936523438 -0.41547802090644836
176.84036254882812 561.4664916992188 -0.41548001766204834
180.50003051757812 559.8519897460938 -0.4154820144176483
184.15969848632812 558.2374877929688 -0.4154840111732483
187.81936645507812 556.6229858398438 -0.41548600792884827
191.47903442382812 555.0084228515625 -0.41548800468444824
195.13868713378906 553.3938598632812 -0.4154900014400482
198.79833984375 551.779296875 -0.4154919981956482
202.45799255371094 550.1647338867188 -0.41549399495124817
202.45799255371094 550.1647338867188 -0.8154940009117126
205.20001220703125 547.2525024414062 -0.8154959678649902
207.94203186035156 544.3402709960938 -0.8154979348182678
210.6840362548828 541.4280395507812 -0.8154999017715454
213.42604064941406 538.5157470703125 -0.815501868724823
216.16802978515625 535.6034545898438 -0.8155038356781006
218.91001892089844 532.691162109375 -0.8155058026313782
221.65200805664062 529.7788696289062 -0.8155077695846558
224.39398193359375 526.8665771484375 -0.8155097365379333
227.13595581054688 523.9542846679688 -0.8155117034912109
229.8779296875 521.0419921875 -0.8155136704444885
232.61988830566406 518.1296997070312 -0.8155156373977661
235.36184692382812 515.2174072265625 -0.8155176043510437
238.10379028320312 512.3051147460938 -0.8155195713043213
240.84573364257812 509.3927917480469 -0.8155215382575989
243.58767700195312 506.48046875 -0.8155235052108765
246.32960510253906 503.5681457519531 -0.815525472164154
249.071533203125 500.65582275390625 -0.8155274391174316
251.81346130371094 497.7434997558594 -0.8155294060707092
254.5553741455078 494.8311462402344 -0.8155313730239868
257.2972717285156 491.9187927246094 -0.8155333399772644
260.0391845703125 489.0064392089844 -0.815535306930542
262.7810974121094 486.0940856933594 -0.8155372738838196
265.5229797363281 483.1817321777344 -0.8155392408370972
268.2648620605469 480.26934814453125 -0.8155412077903748
271.0067443847656 477.3569641113281 -0.8155431747436523
273.7486267089844 474.444580078125 -0.8155451416969299
276.4905090332031 471.5321960449219 -0.8155471086502075
279.23236083984375 468.61981201171875 -0.8155490756034851
281.97406005859375 465.7075500488281 -0.8155718445777893
284.7156677246094 462.79522705078125 -0.8155946135520935
287.45721435546875 459.8828430175781 -0.8156173825263977
290.1986999511719 456.9703674316406 -0.8156401515007019
292.94012451171875 454.0578308105469 -0.8156629204750061
295.6816711425781 451.1451110839844 -0.8156629204750061
298.4232177734375 448.2323913574219 -0.8156629204750061
301.1647644042969 445.3196716308594 -0.8156629204750061
303.90631103515625 442.4069519042969 -0.8156629204750061
306.6478576660156 439.4942321777344 -0.8156629204750061
309.389404296875 436.5815124511719 -0.8156629204750061
312.1309509277344 433.6687927246094 -0.8156626224517822
314.87249755859375 430.7560729980469 -0.8156626224517822
317.6140441894531 427.8433532714844 -0.8156626224517822
320.3555908203125 424.9306335449219 -0.8156626224517822
323.0971374511719 422.0179138183594 -0.8156623244285583
323.720703125 421.5387878417969 -0.494640052318573
324.4635925292969 421.2808837890625 -0.17361778020858765
325.2499084472656 421.27056884765625 0.1474044919013977
325.2499084472656 421.27056884765625 0.5474045276641846
325.2499084472656 421.27056884765625 0.9474045038223267
327.5849914550781 424.5179748535156 0.9473817348480225
329.9201354980469 427.76531982421875 0.9473589658737183
332.25537109375 431.0126037597656 0.9473361968994141
334.59075927734375 434.2600402832031 0.9473338723182678
336.9260559082031 437.50726318359375 0.9473111033439636
339.2614440917969 440.75445556640625 0.9472883343696594
341.5968933105469 444.0015869140625 0.9472655653953552
343.9324035644531 447.2486572265625 0.947242796421051
346.26800537109375 450.49566650390625 0.9472200274467468
348.6036682128906 453.7426452636719 0.9471972584724426
350.9394226074219 456.98956298828125 0.9471744894981384
353.2752380371094 460.2364196777344 0.9471517205238342
355.61114501953125 463.48321533203125 0.94712895154953
357.9471130371094 466.72998046875 0.9471061825752258
360.28314208984375 469.9766845703125 0.9470834136009216
362.6192626953125 473.22332763671875 0.9470606446266174
364.9554443359375 476.4699401855469 0.9470378756523132
367.2917175292969 479.71649169921875 0.947015106678009
369.6280517578125 482.9629821777344 0.9469923377037048
371.9644775390625 486.20941162109375 0.9469695687294006
374.30096435546875 489.455810546875 0.9469467997550964
376.63751220703125 492.7021484375 0.9469240307807922
378.9741516113281 495.94842529296875 0.946901261806488
381.31085205078125 499.19464111328125 0.9468784928321838
383.64764404296875 502.4408264160156 0.9468557238578796
385.9844970703125 505.68695068359375 0.9468329548835754
388.3214111328125 508.9330139160156 0.9468101859092712
390.6584167480469 512.1790161132812 0.946787416934967
392.9954833984375 515.4249877929688 0.9467646479606628
395.3326416015625 518.6708984375 0.9467418789863586
397.66986083984375 521.916748046875 0.9467191100120544
400.0071716308594 525.1625366210938 0.9466963410377502
402.34454345703125 528.4082641601562 0.946673572063446
404.6819763183594 531.6539306640625 0.9466508030891418
407.0195007324219 534.8995971679688 0.9466280341148376
409.3570861816406 538.1452026367188 0.9466052651405334
411.69476318359375 541.3907470703125 0.9465824961662292
414.0325927734375 544.6364135742188 0.94657963514328
414.0325927734375 544.6364135742188 0.5465795993804932
417.4497985839844 546.7154541015625 0.5465776324272156
420.86700439453125 548.7944946289062 0.546575665473938
424.28424072265625 550.87353515625 0.5465736985206604
427.70147705078125 552.9525756835938 0.5465717315673828
427.70147705078125 552.9525756835938 0.14657172560691833
431.6585693359375 553.5367431640625 0.14656972885131836
435.61566162109375 554.1209106445312 0.14656773209571838
439.57275390625 554.705078125 0.1465657353401184
443.52984619140625 555.2892456054688 0.14656373858451843
447.4869384765625 555.8734130859375 0.14656174182891846
451.44403076171875 556.4575805664062 0.14655974507331848
455.401123046875 557.0416870117188 0.1465577483177185
459.35821533203125 557.6257934570312 0.14655575156211853
463.3153076171875 558.2098999023438 0.14655375480651855
467.27239990234375 558.7940063476562 0.14655175805091858
471.2294921875 559.3781127929688 0.1465497612953186
475.18658447265625 559.9622192382812 0.14654776453971863
479.1436767578125 560.5463256835938 0.14654576778411865
483.10076904296875 561.1304321289062 0.14654377102851868
487.057861328125 561.7144775390625 0.1465417742729187
491.0149841308594 562.2985229492188 0.14653977751731873
494.97210693359375 562.882568359375 0.14653778076171875
498.9292297363281 563.4666137695312 0.14653578400611877
502.8863525390625 564.0506591796875 0.1465337872505188
506.8434753417969 564.6347045898438 0.14653179049491882
510.80059814453125 565.21875 0.14652979373931885
510.80059814453125 565.21875 -0.25347021222114563
514.6727905273438 564.2156982421875 -0.2534722089767456
518.5447387695312 563.212646484375 -0.2534949779510498
522.4166870117188 562.2095336914062 -0.253517746925354
526.28857421875 561.206298828125 -0.2535405158996582
530.1604614257812 560.2030029296875 -0.2535632848739624
534.0323486328125 559.1995849609375 -0.2535860538482666
537.9041748046875 558.1961059570312 -0.2536088228225708
541.7760009765625 557.1925048828125 -0.253631591796875
545.6478271484375 556.1888427734375 -0.2536543607711792
549.5195922851562 555.18505859375 -0.2536771297454834
553.391357421875 554.1812133789062 -0.2536998987197876
557.2630615234375 553.1773071289062 -0.2537226676940918
561.134765625 552.1732788085938 -0.253745436668396
565.0064697265625 551.169189453125 -0.2537682056427002
568.8781127929688 550.1649780273438 -0.2537909746170044
572.749755859375 549.1607055664062 -0.2538137435913086
576.6213989257812 548.1563110351562 -0.2538365125656128
580.4929809570312 547.15185546875 -0.253859281539917
580.4929809570312 547.15185546875 -0.6538592576980591
580.4929809570312 547.15185546875 -1.0538592338562012
580.4929809570312 547.15185546875 -1.4538592100143433
580.4929809570312 547.15185546875 -1.8538591861724854
580.4929809570312 547.15185546875 -2.253859281539917
577.9683837890625 544.0494995117188 -2.2538819313049316
575.4437255859375 540.9472045898438 -2.2539045810699463
572.9190063476562 537.844970703125 -2.253927230834961
570.3942260742188 534.7427978515625 -2.2539498805999756
567.869384765625 531.6406860351562 -2.2539725303649902
565.344482421875 528.53857421875 -2.253995180130005
562.8194580078125 525.4365234375 -2.2540178298950195
560.2943725585938 522.3345336914062 -2.254040479660034
557.7692260742188 519.2326049804688 -2.254063129425049
555.2440185546875 516.1307373046875 -2.2540857791900635
552.71875 513.0289306640625 -2.254108428955078
550.1934204101562 509.92718505859375 -2.2541310787200928
547.66796875 506.82550048828125 -2.2541537284851074
545.1424560546875 503.723876953125 -2.254176378250122
542.6168823242188 500.622314453125 -2.2541990280151367
540.0912475585938 497.52081298828125 -2.2542216777801514
537.5655517578125 494.41937255859375 -2.254244327545166
535.039794921875 491.3179626464844 -2.2542669773101807
532.5139770507812 488.21661376953125 -2.2542896270751953
529.988037109375 485.1153259277344 -2.25431227684021
527.4620361328125 482.01409912109375 -2.2543349266052246
524.9359741210938 478.9129333496094 -2.2543575763702393
522.4098510742188 475.81182861328125 -2.254380226135254
519.8836669921875 472.7107849121094 -2.2544028759002686
517.357421875 469.60980224609375 -2.254425525665283
514.8311157226562 466.50885009765625 -2.254448175430298
512.3046264648438 463.40777587890625 -2.2544474601745605
509.7781066894531 460.30670166015625 -2.2544467449188232
507.2516174316406 457.20562744140625 -2.254446029663086
504.7252197265625 454.104736328125 -2.2544686794281006
502.1987609863281 451.00390625 -2.2544913291931152
499.6722106933594 447.90313720703125 -2.25451397895813
497.1455993652344 444.80242919921875 -2.2545366287231445
494.6189270019531 441.7017822265625 -2.254559278488159
492.0921630859375 438.6011962890625 -2.254581928253174
489.5653381347656 435.5006408691406 -2.2546045780181885
487.0384521484375 432.400146484375 -2.254627227783203
484.5115051269531 429.2997131347656 -2.2546498775482178
481.984375 426.19915771484375 -2.2546517848968506
479.4572448730469 423.0986022949219 -2.2546536922454834
476.93011474609375 419.998046875 -2.254655599594116
474.4029541015625 416.8974914550781 -2.254657506942749
471.87579345703125 413.7969665527344 -2.254659414291382
469.3486328125 410.6964416503906 -2.2546613216400146
466.82147216796875 407.5959167480469 -2.2546632289886475
466.82147216796875 407.5959167480469 -2.654663324356079
463.28656005859375 405.7243957519531 -2.6546859741210938
459.7515869140625 403.85296630859375 -2.6547086238861084
456.2165832519531 401.98162841796875 -2.654731273651123
452.6815490722656 400.1103515625 -2.6547539234161377
449.1464538574219 398.2391662597656 -2.6547765731811523
445.611328125 396.3680419921875 -2.654799222946167
442.076171875 394.49700927734375 -2.6548218727111816
438.54095458984375 392.6260681152344 -2.6548445224761963
435.0057067871094 390.75518798828125 -2.654867172241211
431.47039794921875 388.8843994140625 -2.6548898220062256
427.93505859375 387.0137023925781 -2.6549124717712402
424.3996887207031 385.14306640625 -2.654935121536255
420.8642578125 383.27252197265625 -2.6549577713012695
417.32879638671875 381.40203857421875 -2.654980421066284
413.79327392578125 379.5316467285156 -2.655003070831299
410.2577209472656 377.6613464355469 -2.6550257205963135
406.7221374511719 375.7911071777344 -2.655048370361328
403.1864929199219 373.92095947265625 -2.6550710201263428
399.65081787109375 372.0509033203125 -2.6550936698913574
396.1150817871094 370.180908203125 -2.655116319656372
392.5793151855469 368.3110046386719 -2.6551389694213867
389.04351806640625 366.441162109375 -2.6551616191864014
385.5076599121094 364.5714111328125 -2.655184268951416
381.9717712402344 362.7017517089844 -2.6552069187164307
378.43585205078125 360.8321533203125 -2.6552295684814453
374.8998718261719 358.962646484375 -2.65525221824646
371.3638610839844 357.0932312011719 -2.6552748680114746
367.8277893066406 355.223876953125 -2.6552975177764893
364.29168701171875 353.3546142578125 -2.655320167541504
360.75537109375 351.48529052734375 -2.655320167541504
357.21923828125 349.6160888671875 -2.6553428173065186
353.68304443359375 347.7469787597656 -2.655365467071533
350.1468200683594 345.8779602050781 -2.655388116836548
346.61053466796875 344.0090026855469 -2.6554107666015625
343.07421875 342.14013671875 -2.655433416366577
339.5378723144531 340.2713623046875 -2.655456066131592
336.00146484375 338.40264892578125 -2.6554787158966064
332.46484375 336.53387451171875 -2.655478000640869
328.92840576171875 334.6652526855469 -2.655500650405884
325.3919372558594 332.79669189453125 -2.6555233001708984
321.855224609375 330.9280700683594 -2.6555233001708984
318.3186950683594 329.0596008300781 -2.655545949935913
314.7819519042969 327.1910705566406 -2.655545234680176
311.2453918457031 325.32269287109375 -2.6555678844451904
307.7086486816406 323.4542541503906 -2.6555721759796143
304.171875 321.5858154296875 -2.655571460723877
300.6351013183594 319.7173767089844 -2.6555707454681396
297.0984802246094 317.84906005859375 -2.6555933952331543
293.5616455078125 315.9806823730469 -2.655592679977417
290.0249938964844 314.1124572753906 -2.6556150913238525
286.4881286621094 312.2441711425781 -2.6556143760681152
282.9512634277344 310.3758850097656 -2.6556143760681152
279.4143981933594 308.5075988769531 -2.655613660812378
275.8775329589844 306.6393127441406 -2.6556129455566406
272.3406677246094 304.7710266113281 -2.6556122303009033
268.8038330078125 302.9027404785156 -2.6556148529052734
265.2669677734375 301.0344543457031 -2.655614137649536
261.73028564453125 299.1662902832031 -2.655636787414551
258.19354248046875 297.2982177734375 -2.6556594371795654
254.65658569335938 295.4300842285156 -2.6556594371795654
251.11962890625 293.56195068359375 -2.6556594371795654
247.58267211914062 291.6938171386719 -2.6556594371795654
244.04571533203125 289.82568359375 -2.6556594371795654
240.50875854492188 287.9575500488281 -2.6556594371795654
236.9718017578125 286.08941650390625 -2.6556594371795654
233.43484497070312 284.2212829589844 -2.6556594371795654
229.89788818359375 282.3531494140625 -2.6556591987609863
226.36093139648438 280.4850158691406 -2.6556589603424072
225.73321533203125 280.0113220214844 -2.334636688232422
222.96641540527344 277.1225891113281 -2.3346364498138428
220.19961547851562 274.2338562011719 -2.3346362113952637
219.75343322753906 273.5863037109375 -2.0136139392852783
219.75343322753906 273.5863037109375 -1.6136139631271362
219.58221435546875 269.5899658203125 -1.613613247871399
219.41099548339844 265.5936279296875 -1.6136125326156616
219.2397918701172 261.5972900390625 -1.6136118173599243
219.06858825683594 257.6009521484375 -1.613611102104187
218.8973846435547 253.60462951660156 -1.6136103868484497
218.72618103027344 249.60830688476562 -1.6136096715927124
218.5549774169922 245.6119842529297 -1.613608956336975
218.38377380371094 241.61566162109375 -1.6136082410812378
218.21258544921875 237.6193389892578 -1.6136075258255005
218.04139709472656 233.62301635742188 -1.6136068105697632
217.87020874023438 229.62667846679688 -1.6136068105697632
217.6990203857422 225.63034057617188 -1.6136068105697632
217.52783203125 221.63400268554688 -1.6136068105697632
217.3566436767578 217.63766479492188 -1.6136068105697632
217.18545532226562 213.64132690429688 -1.6136064529418945
217.01426696777344 209.64498901367188 -1.6136060953140259
216.84307861328125 205.64865112304688 -1.6136057376861572
216.67189025878906 201.65231323242188 -1.6136053800582886
216.50070190429688 197.65597534179688 -1.61360502243042
216.3295135498047 193.65963745117188 -1.6136046648025513
216.42185974121094 192.87869262695312 -1.292582392692566
217.52041625976562 189.03250122070312 -1.2925820350646973
217.8545379638672 188.32041931152344 -0.9715776443481445
220.1105194091797 185.01731872558594 -0.9715773463249207
222.36651611328125 181.71421813964844 -0.9715770483016968
224.6225128173828 178.41111755371094 -0.9715767502784729
226.8784942626953 175.1080322265625 -0.9715749025344849
227.42010498046875 174.5378875732422 -0.6505526304244995
227.42010498046875 174.5378875732422 -0.25055262446403503
231.29498291015625 173.546142578125 -0.25057536363601685
235.17005920410156 172.55430603027344 -0.25057458877563477
239.04513549804688 171.56246948242188 -0.2505738139152527
242.91998291015625 170.57064819335938 -0.2505965828895569
246.79502868652344 169.57872009277344 -0.2505958080291748
250.67007446289062 168.5867919921875 -0.2505950331687927
254.54490661621094 167.59487915039062 -0.2506178021430969
258.419921875 166.60287475585938 -0.25061702728271484
262.29473876953125 165.6108856201172 -0.25063979625701904
266.1697692871094 164.61878967285156 -0.25063979625701904
270.0445556640625 163.626708984375 -0.25066256523132324
273.9193115234375 162.63453674316406 -0.25068533420562744
277.7942810058594 161.6422576904297 -0.25068554282188416
281.66900634765625 160.64999389648438 -0.25070831179618835
285.5437316894531 159.6576385498047 -0.25073108077049255
289.4184875488281 158.66519165039062 -0.25074711441993713
293.29315185546875 157.67269897460938 -0.25076988339424133
297.1678161621094 156.68011474609375 -0.25079265236854553
301.0424499511719 155.68743896484375 -0.25081542134284973
304.91705322265625 154.69467163085938 -0.25083819031715393
308.7916259765625 153.70181274414062 -0.25086095929145813
312.66619873046875 152.70887756347656 -0.25088372826576233
316.5407409667969 151.71585083007812 -0.25090649724006653
320.4152526855469 150.7227325439453 -0.2509292662143707
324.2897644042969 149.72952270507812 -0.2509520351886749
328.16424560546875 148.73623657226562 -0.2509748041629791
332.0386962890625 147.74285888671875 -0.2509975731372833
335.9131164550781 146.7493896484375 -0.2510203421115875
339.78753662109375 145.75582885742188 -0.2510431110858917
343.66192626953125 144.76217651367188 -0.2510658800601959
347.5362854003906 143.76844787597656 -0.2510886490345001
351.4106140136719 142.77462768554688 -0.2511114180088043
355.2849426269531 141.7807159423828 -0.2511341869831085
359.15924072265625 140.78671264648438 -0.2511569559574127
363.03350830078125 139.79263305664062 -0.2511797249317169
366.9077453613281 138.7984619140625 -0.2512024939060211
370.781982421875 137.80419921875 -0.2512252628803253
374.65618896484375 136.80984497070312 -0.2512480318546295
378.5303649902344 135.81539916992188 -0.2512708008289337
382.4045104980469 134.8208770751953 -0.2512935698032379
386.2786560058594 133.82626342773438 -0.2513163387775421
390.15277099609375 132.83155822753906 -0.2513391077518463
394.02685546875 131.83676147460938 -0.2513618767261505
397.9009094238281 130.84188842773438 -0.2513846457004547
401.77496337890625 129.846923828125 -0.2514074146747589
405.64898681640625 128.85186767578125 -0.2514301836490631
409.5229797363281 127.85671997070312 -0.2514529526233673
413.3969421386719 126.86148834228516 -0.2514757215976715
417.2709045410156 125.86616516113281 -0.2514984905719757
421.14483642578125 124.87075805664062 -0.2515212595462799
425.01873779296875 123.87525939941406 -0.2515440285205841
428.8926086425781 122.87967681884766 -0.2515667974948883
432.7664794921875 121.88400268554688 -0.2515895664691925
436.64031982421875 120.88823699951172 -0.2516123354434967
440.5141296386719 119.89238739013672 -0.2516351044178009
444.387939453125 118.89644622802734 -0.2516578733921051
448.26171875 117.90042114257812 -0.2516806423664093
452.1354675292969 116.90430450439453 -0.2517034113407135
456.0091857910156 115.9081039428711 -0.2517261803150177
459.8829040527344 114.91181182861328 -0.2517489492893219
463.756591796875 113.9154281616211 -0.2517717182636261
467.6302490234375 112.91896057128906 -0.2517944872379303
471.5038757324219 111.92240142822266 -0.2518172562122345
475.37750244140625 110.9257583618164 -0.2518400251865387
479.2510986328125 109.92902374267578 -0.2518627941608429
483.1246643066406 108.93220520019531 -0.2518855631351471
486.9981994628906 107.93529510498047 -0.2519083321094513
490.8717346191406 106.93830108642578 -0.2519311010837555
494.7452392578125 105.94121551513672 -0.2519538700580597
498.61871337890625 104.94403839111328 -0.2519766390323639
502.4921569824219 103.94677734375 -0.2519994080066681
506.3656005859375 102.94942474365234 -0.2520221769809723
510.239013671875 101.95198822021484 -0.2520449459552765
514.1124267578125 100.95446014404297 -0.2520677149295807
517.9857788085938 99.95684814453125 -0.2520904839038849
521.859130859375 98.95914459228516 -0.2521132528781891
525.732421875 97.96135711669922 -0.2521360218524933
529.605712890625 96.9634780883789 -0.2521587908267975
533.47900390625 95.96550750732422 -0.2521815598011017
537.3522338867188 94.96745300292969 -0.2522043287754059
541.2254638671875 93.96930694580078 -0.2522270977497101
545.0986938476562 92.97107696533203 -0.2522498667240143
548.9718627929688 91.9727554321289 -0.2522726356983185
552.8450317382812 90.97434997558594 -0.2522954046726227
556.7181396484375 89.9758529663086 -0.2523181736469269
560.5912475585938 88.97726440429688 -0.2523409426212311
564.46435546875 87.97859191894531 -0.2523637115955353
568.33740234375 86.97982788085938 -0.2523868978023529
572.21044921875 85.9809799194336 -0.2524096667766571
576.08349609375 84.98204040527344 -0.2524324357509613
579.953369140625 83.98318481445312 -0.2527633607387543
579.953369140625 83.98318481445312 -0.5262477397918701
579.953369140625 83.98318481445312 -0.9262477159500122
579.953369140625 83.98318481445312 -1.3262476921081543
579.953369140625 83.98318481445312 -1.7262476682662964
579.953369140625 83.98318481445312 -2.1262476444244385
577.8440551757812 80.58455657958984 -2.1262495517730713
575.7347412109375 77.1859359741211 -2.1262519359588623
573.62548828125 73.78751373291016 -2.126274585723877
571.5161743164062 70.3891372680664 -2.1262972354888916
569.4067993164062 66.99080657958984 -2.1263198852539062
567.2973022460938 63.592525482177734 -2.126342535018921
565.187744140625 60.19429397583008 -2.1263651847839355
563.078125 56.79610824584961 -2.12638783454895
560.9684448242188 53.397972106933594 -2.126410484313965
560.9684448242188 53.397972106933594 -2.5264105796813965
557.7017822265625 51.08955764770508 -2.5264124870300293
554.4351196289062 48.781150817871094 -2.526414394378662
551.16845703125 46.472747802734375 -2.526416301727295
551.16845703125 46.472747802734375 -2.9264163970947266
547.2607421875 45.61867904663086 -2.9264183044433594
543.35302734375 44.764617919921875 -2.926420211791992
539.4453125 43.91056442260742 -2.926422119140625
535.53759765625 43.0565185546875 -2.926424026489258
531.6298828125 42.20248031616211 -2.9264259338378906
527.72216796875 41.34844970703125 -2.9264278411865234
523.8143920898438 40.494422912597656 -2.9264297485351562
519.9066162109375 39.640403747558594 -2.926431655883789
515.9988403320312 38.78639221191406 -2.926433563232422
512.091064453125 37.93238830566406 -2.9264354705810547
508.1833190917969 37.078392028808594 -2.9264373779296875
504.27557373046875 36.224403381347656 -2.9264392852783203
500.3678283691406 35.37042236328125 -2.926441192626953
496.4600830078125 34.516448974609375 -2.926443099975586
492.5523376464844 33.66248321533203 -2.9264450073242188
488.6445617675781 32.80852508544922 -2.9264469146728516
484.7367858886719 31.954574584960938 -2.9264488220214844
480.8290100097656 31.100631713867188 -2.926450729370117
476.9212341308594 30.24669647216797 -2.92645263671875
473.0134582519531 29.39276885986328 -2.926454544067383
469.1056823730469 28.538848876953125 -2.9264564514160156
465.1979064941406 27.6849365234375 -2.9264583587646484
461.2901306152344 26.831029891967773 -2.9264602661132812
457.3823547363281 25.977130889892578 -2.926462173461914
453.4745788574219 25.123239517211914 -2.926464080810547
453.4745788574219 25.123239517211914 2.956721067428589
449.5427551269531 25.8585205078125 2.956719160079956
445.6109313964844 26.593809127807617 2.9567172527313232
441.6791076660156 27.329105377197266 2.9567153453826904
437.7472839355469 28.064409255981445 2.9567134380340576
433.8154602050781 28.799720764160156 2.956711530685425
429.88385009765625 29.53504180908203 2.95668888092041
425.9520263671875 30.27044677734375 2.9566895961761475
422.02020263671875 31.005849838256836 2.9566903114318848
418.08837890625 31.741249084472656 2.956691026687622
414.15655517578125 32.476646423339844 2.9566917419433594
410.2247314453125 33.212039947509766 2.9566924571990967
406.2929992675781 33.94739532470703 2.95670223236084
402.3611755371094 34.68274688720703 2.956702947616577
398.4293518066406 35.41809844970703 2.9567036628723145
394.4975280761719 36.153446197509766 2.9567043781280518
390.5657043457031 36.888790130615234 2.956705093383789
386.6338806152344 37.62413024902344 2.9567058086395264
382.7020568847656 38.35947036743164 2.9567065238952637
378.7702331542969 39.09480667114258 2.956707239151001
374.8384094238281 39.83013916015625 2.9567079544067383
370.9065856933594 40.565467834472656 2.9567086696624756
366.9747619628906 41.30079650878906 2.956709384918213
363.04315185546875 42.03612518310547 2.9566867351531982
359.1115417480469 42.77154541015625 2.956665515899658
355.1799621582031 43.507049560546875 2.9566428661346436
351.2484130859375 44.24264144897461 2.956620216369629
347.31689453125 44.97832107543945 2.9565975666046143
343.3853759765625 45.71409225463867 2.9565749168395996
339.4538879394531 46.449951171875 2.956552267074585
335.52239990234375 47.18589782714844 2.9565296173095703
331.5909423828125 47.92193603515625 2.9565069675445557
327.65948486328125 48.65806198120117 2.956484317779541
323.7280578613281 49.3942756652832 2.9564616680145264
319.796630859375 50.13058090209961 2.9564390182495117
315.865234375 50.866973876953125 2.956416368484497
311.933837890625 51.60345458984375 2.9563937187194824
308.0024719238281 52.34002685546875 2.9563710689544678
304.0711364746094 53.07668685913086 2.956348419189453
300.1398010253906 53.81343460083008 2.9563257694244385
296.20849609375 54.55027389526367 2.956303119659424
292.2771911621094 55.287200927734375 2.956280469894409
288.3459167480469 56.02421569824219 2.9562578201293945
284.4146423339844 56.761322021484375 2.95623517036438
280.4833984375 57.49851608276367 2.9562125205993652
276.5521545410156 58.23579788208008 2.9561898708343506
272.6209411621094 58.97317123413086 2.956167221069336
268.6897277832031 59.71063232421875 2.9561445713043213
264.758544921875 60.448184967041016 2.9561219215393066
260.827392578125 61.18582534790039 2.956099271774292
256.896240234375 61.923553466796875 2.9560766220092773
252.96510314941406 62.661373138427734 2.9560539722442627
249.0339813232422 63.3992805480957 2.956031322479248
245.10287475585938 64.13727569580078 2.9560086727142334
241.1717987060547 64.87535858154297 2.9559860229492188
237.24073791503906 65.61353302001953 2.955963373184204
233.3096923828125 66.35179901123047 2.9559407234191895
229.378662109375 67.09014892578125 2.955918073654175
225.44764709472656 67.8285903930664 2.95589542388916
221.5166473388672 68.56712341308594 2.9558727741241455
217.58566284179688 69.30574035644531 2.955850124359131
213.65469360351562 70.04444885253906 2.955827474594116
209.72373962402344 70.78324890136719 2.9558048248291016
205.7928009033203 71.52213287353516 2.955782175064087
201.8618927001953 72.2611083984375 2.9557595252990723
197.93099975585938 73.00017547607422 2.9557368755340576
194.0001220703125 73.73932647705078 2.955714225769043
190.0692596435547 74.47856903076172 2.9556915760040283
186.13841247558594 75.21790313720703 2.9556689262390137
182.20758056640625 75.95732116699219 2.955646276473999
178.27676391601562 76.69683074951172 2.9556236267089844
174.34596252441406 77.43643188476562 2.9556009769439697
170.41517639160156 78.17611694335938 2.955578327178955
166.48440551757812 78.9158935546875 2.9555556774139404
162.55364990234375 79.65576171875 2.955533027648926
158.6229248046875 80.39571380615234 2.955510377883911
154.6922149658203 81.13575744628906 2.9554877281188965
150.7615203857422 81.87589263916016 2.955465078353882
146.83084106445312 82.6161117553711 2.955442428588867
142.90017700195312 83.3564224243164 2.9554197788238525
138.9695281982422 84.0968246459961 2.955397129058838
135.0388946533203 84.83731079101562 2.9553754329681396
131.1082763671875 85.57788848876953 2.955352783203125
127.17744445800781 86.31855010986328 2.955352783203125
123.24662017822266 87.0592041015625 2.9553534984588623
119.3157958984375 87.79985809326172 2.9553542137145996
115.38497161865234 88.54051208496094 2.955354928970337
111.45414733886719 89.28115844726562 2.955355644226074
107.52332305908203 90.02180480957031 2.9553563594818115
103.59249877929688 90.762451171875 2.955357074737549
99.66167449951172 91.50308990478516 2.955357789993286
95.73085021972656 92.24372863769531 2.9553585052490234
95.73085021972656 92.24372863769531 -2.9278266429901123
91.82210540771484 91.39525604248047 -2.927849292755127
87.91334533691406 90.546875 -2.9278719425201416
84.00456237792969 89.69857788085938 -2.9278945922851562
80.09555053710938 88.85027313232422 -2.9278945922851562
76.18653869628906 88.00196838378906 -2.9278945922851562
72.27752685546875 87.1536636352539 -2.9278945922851562
68.36851501464844 86.30535888671875 -2.9278945922851562
64.45950317382812 85.4570541381836 -2.9278945922851562
60.55049133300781 84.60874938964844 -2.9278945922851562
56.6414794921875 83.76044464111328 -2.9278945922851562
52.73246765136719 82.91213989257812 -2.9278945922851562
48.823455810546875 82.06383514404297 -2.9278945922851562
44.91444396972656 81.21553039550781 -2.9278945922851562
41.00543212890625 80.36722564697266 -2.9278945922851562
37.09642028808594 79.5189208984375 -2.9278945922851562
33.187408447265625 78.67061614990234 -2.9278945922851562
29.27839469909668 77.82231140136719 -2.9278945922851562
25.369380950927734 76.97400665283203 -2.9278945922851562
21.46036720275879 76.12570190429688 -2.9278945922851562
17.55135726928711 75.27740478515625 -2.927894353866577
17.55135726928711 75.27740478515625 -2.927894353866577
17.55135726928711 75.27740478515625 -2.927894353866577
17.55135726928711 75.27740478515625 -2.927894353866577
17.55135726928711 75.27740478515625 -2.927894353866577
17.55135726928711 75.27740478515625 -2.927894353866577
17.55135726928711 75.27740478515625 -2.927894353866577
17.55135726928711 75.27740478515625 -2.927894353866577
17.55135726928711 75.27740478515625 -2.927894353866577
17.55135726928711 75.27740478515625 -2.927894353866577
17.55135726928711 75.27740478515625 -2.927894353866577
