-390.0
-390.0
-390.0
-390.0
-390.0
-390.0
-390.15536566809925
-390.15536566809925
-390.311129091837
-390.311129091837
-390.4672287899718
-390.4672287899718
-390.62363386235677
-390.62363386235677
-390.7802524365225
-390.7802524365225
-390.9370537405025
-390.9370537405025
-391.09400706474435
-391.09400706474435
-391.2510207315959
-391.2510207315959
-391.4080641599914
-391.4080641599914
-391.5650763186123
-391.5650763186123
-391.72199623935563
-391.72199623935563
-391.87879353659645
-391.87879353659645
-392.03540737061604
-392.18510792416555
-392.18510792416555
-392.3356675278588
-392.3356675278588
-392.4870241883106
-392.4870241883106
-392.6391464803796
-392.6391464803796
-392.79194200267483
-392.79194200267483
-392.94540996377833
-392.94540996377833
-393.0994580775436
-393.0994580775436
-393.2540551516685
-393.2540551516685
-393.40913953959443
-393.40913953959443
-393.56464965166504
-393.56464965166504
-393.72052396748705
-393.72052396748705
-393.8767315380155
-393.8767315380155
-394.0332109721408
-394.0332109721408
-394.18990093313175
-394.18990093313175
-394.34677066955817
-394.34677066955817
-394.50375897604715
-394.50375897604715
-394.66080471579204
-394.66080471579204
-394.817846815852
-394.817846815852
-394.9748547845739
-394.9748547845739
-395.13173715879816
-395.13173715879816
-395.2884635785342
-395.2884635785342
-395.44500374664347
-395.5950243702947
-395.5950243702947
-395.7458705336539
-395.7458705336539
-395.8975107721073
-395.8975107721073
-396.049883157315
-396.049883157315
-396.20292582219446
-396.20292582219446
-396.35660747425334
-396.35660747425334
-396.5108663612301
-396.5108663612301
-396.6656407966384
-396.6656407966384
-396.82086914658925
-396.82086914658925
-396.97652035445117
-396.97652035445117
-397.13253292229894
-397.13253292229894
-397.2888454064933
-397.2888454064933
-397.4454269510575
-397.4454269510575
-397.60218572778047
-397.60218572778047
-397.75909100640075
-397.75909100640075
-397.91611211973077
-397.91611211973077
-398.0731574371415
-398.0731574371415
-398.23019642629754
-398.23019642629754
-398.3871681005073
-398.3871681005073
-398.54401154429485
-398.54401154429485
-398.70066589655397
-398.8501245450486
-398.8501245450486
-399.0004369932094
-399.0004369932094
-399.15157173552757
-399.15157173552757
-399.3034668017167
-399.3034668017167
-399.4560907926722
-399.4560907926722
-399.6093818569477
-399.6093818569477
-399.763278199963
-399.763278199963
-399.9177180847088
-399.9177180847088
-400.0726703611688
-400.0726703611688
-400.22807341021564
-400.22807341021564
-400.3838656839151
-400.3838656839151
-400.53998570703226
-400.53998570703226
-400.6964025596203
-400.6964025596203
-400.853054901653
-400.853054901653
-401.0098814315297
-401.0098814315297
-401.1668209342832
-401.1668209342832
-401.3238427629401
-401.3238427629401
-401.48088582803103
-401.48088582803103
-401.637889102794
-401.637889102794
-401.794822140462
-401.794822140462
-401.9515935339199
-403.02102836346467
-403.17497331404803
-403.17497331404803
-403.3294905310438
-403.3294905310438
-403.4844878377423
-403.4844878377423
-403.63993413779974
-403.63993413779974
-403.7957678904933
-403.7957678904933
-403.9519276154688
-403.9519276154688
-404.1083824247779
-404.1083824247779
-404.2650404429852
-404.2650404429852
-404.42187090526903
-404.42187090526903
-404.57884312333294
-404.57884312333294
-404.7358654219327
-404.7358654219327
-404.89290723720217
-404.89290723720217
-405.04990755008276
-405.04990755008276
-405.20680540354584
-405.20680540354584
-405.3635704341311
-405.5125644871152
-405.5125644871152
-405.6624691363948
-405.6624691363948
-405.81319180554533
-405.81319180554533
-405.964731537597
-405.964731537597
-406.1169958446812
-406.1169958446812
-406.26995335885556
-406.26995335885556
-406.42354225041714
-406.42354225041714
-406.5777007459121
-406.5777007459121
-406.7323976460763
-406.7323976460763
-406.88757130977154
-406.88757130977154
-407.04316013697985
-407.04316013697985
-407.19913312190215
-407.19913312190215
-407.35539830265924
-407.35539830265924
-407.51192479438873
-407.51192479438873
-407.668651274253
-407.668651274253
-407.8255470166215
-407.8255470166215
-407.9825508030996
-407.9825508030996
-408.1396015140269
-408.1396015140269
-408.2966380914881
-408.2966380914881
-408.45359953917324
-408.45359953917324
-408.6104554394582
-408.6102418744139
-408.76693140867235
-408.9162490265615
-408.9162490265615
-409.06644347548723
-409.06644347548723
-409.2174832247519
-409.2174832247519
-409.3692757606403
-409.3692757606403
-409.52178967649354
-409.52178967649354
-409.67496308227766
-409.67496308227766
-409.82876468013615
-409.82876468013615
-409.98313271111977
-409.98313271111977
-410.1380054730192
-410.1380054730192
-410.2933213427911
-410.2933213427911
-410.44904927330845
-410.44904927330845
-410.6051277595948
-410.6051277595948
-410.7614953563288
-410.7614953563288
-410.91812121764417
-410.91812121764417
-411.07491350191145
-411.07491350191145
-411.2318415072662
-411.2318415072662
-411.388874593146
-411.388874593146
-411.5459211010508
-411.5459211010508
-411.70295053526587
-411.70295053526587
-411.8599019216056
-411.8599019216056
-412.0167143691487
-412.16545269997664
-412.16545269997664
-412.31509596672987
-412.31509596672987
-412.4656125758264
-412.4656125758264
-412.6169404652563
-412.6169404652563
-412.7690176716733
-412.7690176716733
-412.9217822854384
-412.9217822854384
-413.07520294314224
-413.07520294314224
-413.229217843675
-413.229217843675
-413.38376524180603
-413.38376524180603
-413.53881396572876
-413.53881396572876
-413.6943024099785
-413.6943024099785
-413.8501690539018
-413.8501690539018
-414.0063523836949
-414.0063523836949
-414.16282151411076
-414.16282151411076
-414.31951507661626
-414.31951507661626
-414.4763718160185
-414.4763718160185
-414.63333048446844
-414.63333048446844
-414.79036046486874
-414.79036046486874
-414.9474006840831
-414.9474006840831
-415.10439012962803
-415.10439012962803
-415.26129836636375
-415.4094349975074
-415.4094349975074
-415.55853493885263
-415.55853493885263
-415.70850554485554
-415.70850554485554
-415.8593152244982
-415.8593152244982
-416.01093249293154
-416.01093249293154
-416.1632648554791
-416.1632648554791
-416.316280902999
-416.316280902999
-416.4699187923754
-416.4699187923754
-416.62414725216956
-416.62414725216956
-416.77890454996157
-416.77890454996157
-416.9341290401563
-416.9341290401563
-417.0897591349486
-417.0897591349486
-417.2457637904767
-417.2457637904767
-417.402051049621
-417.402051049621
-417.5586205334922
-417.5586205334922
-417.71538043512965
-417.71538043512965
-417.8722999784888
-417.8722999784888
-418.02931796201153
-418.02931796201153
-418.1863732756181
-418.1863732756181
-418.34340486948787
-418.34340486948787
-418.50038227046963
-418.50038227046963
-418.6572445488331
-418.8057407840563
-418.8057407840563
-418.9551662553024
-418.9551662553024
-419.10545881080355
-419.10545881080355
-419.2565869286184
-419.2565869286184
-419.408458039258
-419.408458039258
-419.56104072294204
-419.56104072294204
-419.71430357936026
-419.71430357936026
-419.8681847788141
-419.8681847788141
-420.02262254648235
-420.02262254648235
-420.17755519769275
-420.17755519769275
-420.3329210699439
-420.3329210699439
-420.48868910869936
-420.48868910869936
-420.64479780101965
-420.64479780101965
-420.8011856922805
-420.8011856922805
-420.95782193821486
-420.95782193821486
-421.11464523765153
-421.11464523765153
-421.27159434892195
-421.27159434892195
-421.4286080899733
-421.4286080899733
-421.58565589028035
-421.58565589028035
-421.7426767227965
-421.7426767227965
-421.8996096200622
-422.04751024641183
-422.04751024641183
-422.19636796673313
-422.19636796673313
-422.34612062161597
-422.34612062161597
-422.4967365788602
-422.4967365788602
-422.64815377534916
-422.64815377534916
-422.80031019823315
-422.80031019823315
-422.95317444014415
-422.95317444014415
-423.10665407627044
-423.10665407627044
-423.2607483215425
-423.2607483215425
-423.41536489749865
-423.41536489749865
-423.5704726523398
-423.5704726523398
-423.7260099355141
-423.7260099355141
-423.8819152323119
-423.8819152323119
-424.03815752254286
-424.03815752254286
-424.1946448914887
-424.1946448914887
-424.35134651506536
-424.35134651506536
-424.50823158796857
-424.50823158796857
-424.6652084122598
-424.6652084122598
-424.82224634098134
-424.82224634098134
-424.97928431067965
-424.97928431067965
-425.13626131711067
-425.37765283369447
-425.37765283369447
-425.5265754707316
-425.5265754707316
-425.6763893446194
-425.6763893446194
-425.82706285044617
-425.82706285044617
-425.97853391654667
-425.97853391654667
-426.1307405640927
-426.1307405640927
-426.2836512956103
-426.2836512956103
-426.4371737197159
-426.4371737197159
-426.5913070893098
-426.5913070893098
-426.7459590777594
-426.7459590777594
-426.9010985319759
-426.9010985319759
-427.05666379523774
-427.05666379523774
-427.212593311492
-427.212593311492
-427.3688561421655
-427.3688561421655
-427.5253603309568
-427.5253603309568
-427.6820750103796
-427.6820750103796
-427.8389694611247
-427.8389694611247
-427.99595194681746
-427.99595194681746
-428.152991820685
-428.152991820685
-428.31002802432516
-428.31002802432516
-428.46699955807793
-428.61435215801623
-428.61435215801623
-428.76268597970824
-428.76268597970824
-428.9119387244082
-428.9119387244082
-429.0620787458837
-429.0620787458837
-429.21304393062513
-429.21304393062513
-429.3648027293413
-429.3648027293413
-429.517262612139
-429.517262612139
-429.67039217848065
-429.67039217848065
-429.82416003203184
-429.82416003203184
-429.9784738472525
-429.9784738472525
-430.13330243196265
-430.13330243196265
-430.28861460037155
-430.28861460037155
-430.4443181918339
-430.4443181918339
-430.6003822306672
-430.6003822306672
-430.7567452340688
-430.7567452340688
-430.91334582620283
-430.91334582620283
-431.07012263935025
-431.07012263935025
-431.2270449284206
-431.2270449284206
-431.3840515414933
-431.3840515414933
-431.54111185012135
-431.54111185012135
-431.6981342542488
-431.8448482951068
-431.8448482951068
-431.9925711107234
-431.9925711107234
-432.14127091862474
-432.14127091862474
-432.2908854657398
-432.2908854657398
-432.4413525965736
-432.4413525965736
-432.59264071840823
-432.59264071840823
-432.7446572052034
-432.7446572052034
-432.8974011297201
-432.8974011297201
-433.0507800727142
-433.0507800727142
-433.20476264312765
-433.20476264312765
-433.35928709542736
-433.35928709542736
-433.5142916306555
-433.5142916306555
-433.66974518113193
-433.66974518113193
-433.82558611217655
-433.82558611217655
-433.98175289935426
-433.98175289935426
-434.138214589306
-434.138214589306
-434.29487931168546
-434.29487931168546
-434.4517162826361
-434.4517162826361
-434.6086947759943
-434.6086947759943
-434.76572314963045
-434.76572314963045
-434.92277073808384
-435.06882451147777
-435.06882451147777
-435.2159449524609
-435.2159449524609
-435.36406977463486
-435.36406977463486
-435.51313662299606
-435.51313662299606
-435.6630832999228
-435.6630832999228
-435.8138781113785
-435.8138781113785
-435.96545901180764
-435.96545901180764
-436.1177638892813
-436.1177638892813
-436.27076131174493
-436.27076131174493
-436.4243893849736
-436.4243893849736
-436.5785862080228
-436.5785862080228
-436.7333205649469
-436.7333205649469
-436.88853072087807
-436.88853072087807
-437.04415499528426
-437.04415499528426
-437.2001318826251
-437.2001318826251
-437.35643032741905
-437.35643032741905
-437.5129889367274
-437.5129889367274
-437.66974637471606
-437.66974637471606
-437.8266413023276
-437.8266413023276
-437.98364307229383
-437.98364307229383
-438.14069052068896
-438.14069052068896
-438.29772260149645
-438.4442111146374
-438.4442111146374
-438.59170104881196
-438.59170104881196
-438.7401910886935
-438.7401910886935
-438.8895884214524
-438.8895884214524
-439.0398613059755
-439.0398613059755
-439.1909475962335
-439.1909475962335
-439.3428157710947
-439.3428157710947
-439.4954037188023
-439.4954037188023
-439.64864950411675
-439.64864950411675
-439.8024911793042
-439.8024911793042
-439.956897490277
-439.956897490277
-440.11180659415453
-440.11180659415453
-440.26715689568334
-440.26715689568334
-440.42291723819903
-440.42291723819903
-440.5790260064461
-440.5790260064461
-440.73542177116724
-440.73542177116724
-440.8920431596875
-440.8920431596875
-441.04885930349855
-441.04885930349855
-441.2058090087882
-441.2058090087882
-441.36283100755696
-441.5075525117467
-441.5075525117467
-441.65339545146236
-441.65339545146236
-441.80026681683984
-441.80026681683984
-441.94816524381145
-441.94816524381145
-442.0969978722405
-442.0969978722405
-442.24673297969866
-442.24673297969866
-442.3973388209916
-442.3973388209916
-442.5487532530437
-442.5487532530437
-442.7009141809066
-442.7009141809066
-442.85375955858865
-442.85375955858865
-443.00725797242796
-443.00725797242796
-443.1613475478857
-443.1613475478857
-443.3159663920641
-443.3159663920641
-443.4710528057272
-443.4710528057272
-443.62657558522636
-443.62657558522636
-443.7824732109205
-443.7824732109205
-443.93868407622557
-443.93868407622557
-444.0951772845314
-444.0951772845314
-444.25189141159433
-444.25189141159433
-444.4087651607594
-444.4087651607594
-444.56573729185146
-444.7097650149208
-444.7097650149208
-444.854941072533
-444.854941072533
-445.00120298821616
-445.00120298821616
-445.1484883260649
-445.1484883260649
-445.2967652036166
-445.2967652036166
-445.445971269061
-445.445971269061
-445.5960747260314
-445.5960747260314
-445.74701338635595
-445.74701338635595
-445.8987250335234
-445.8987250335234
-446.05114764968675
-446.05114764968675
-446.2042497024964
-446.2042497024964
-446.35796927421615
-446.35796927421615
-446.51227501006997
-446.51227501006997
-446.6670745075579
-446.6670745075579
-446.8223365932594
-446.8223365932594
-446.9780301477616
-446.9780301477616
-447.13406308346515
-447.13406308346515
-447.2904043125385
-447.2904043125385
-447.44699252376387
-447.44699252376387
-447.6037662286822
-447.6037662286822
-447.76069473907364
-447.9040077750955
-447.9040077750955
-448.04849597369673
-448.04849597369673
-448.19409681293627
-448.19409681293627
-448.34077832137154
-448.34077832137154
-448.4884779767315
-448.4884779767315
-448.6371333775437
-448.6371333775437
-448.78671267589374
-448.78671267589374
-448.9371536385435
-448.9371536385435
-449.088394078696
-449.088394078696
-449.2404022849869
-449.2404022849869
-449.393116247422
-449.393116247422
-449.54647392329
-449.54647392329
-449.70044391304054
-449.70044391304054
-449.85496427472106
-449.85496427472106
-450.00997328475495
-450.00997328475495
-450.16540927305437
-450.16540927305437
-450.3212410495614
-450.3212410495614
-450.4774070516094
-450.4774070516094
-450.6338457711295
-450.6338457711295
-450.7905262650854
-450.7905262650854
-450.93522580179655
-450.93522580179655
-451.089215118752
-451.2329583178082
-451.2329583178082
-451.377841209271
-451.377841209271
-451.5238317737944
-451.5238317737944
-451.67086743522503
-451.67086743522503
-451.8189162529002
-451.8189162529002
-451.967915818163
-451.967915818163
-452.11780376530993
-452.11780376530993
-452.2685483701119
-452.2685483701119
-452.4200568473259
-452.4200568473259
-452.5722975652399
-452.5722975652399
-452.7252695383365
-452.7252695383365
-452.8788497045831
-452.8788497045831
-453.03303717820006
-453.03303717820006
-453.18770908786513
-453.18770908786513
-453.3428646508214
-453.3428646508214
-453.4984422084944
-453.4984422084944
-453.6543801559359
-453.6543801559359
-453.81067786968123
-453.81067786968123
-453.96721292509704
-453.96721292509704
-454.1239238800328
-454.1239238800328
-450.1671840042445
-446.2112154023012
-442.2560387712759
-438.30167555109307
-434.3481479579544
-430.39547901957377
-426.4436926123373
-422.4928135005102
-418.5428673776225
-414.59388091017604
-410.645881783824
-406.6988987521867
-402.75296168848024
-398.8081016401465
-394.8643508866892
-390.9217430009353
-386.98031291395966
-383.04009698392804
-379.1011330691347
-375.16346060553457
-371.22712068909135
-367.29215616329174
-363.3586117122043
-359.4265339594937
-355.4959715738332
-351.5669753812012
-347.6395984845837
-343.7138963916545
-339.7899271510522
-335.8677514979306
-331.9474330095173
-328.0290382714833
-324.1126370560001
-320.1983025124409
-316.28611137177165
-312.3761441657778
-308.4684854623805
-304.5632241184166
-300.6604535513921
-296.7602720318654
-292.86278299828166
-288.96809539626423
-285.0763240445693
-281.18759003013986
-277.30202113494545
-273.4197522975752
-269.5409261128689
-265.6656933732179
-261.79421365556607
-257.9266559585761
-254.06319939492445
-250.20403394424034
-246.34936127282722
-242.49939562700624
-238.65436480770805
-234.81451123482947
-230.98009311087196
-227.15138569451048
-223.32868269601957
-219.51229780792804
-215.70256638590917
-211.89984729676556
-208.10452495246597
-208.2601380628408
-204.26686807025206
-204.26686807025206
-204.4221417576135
-204.4221417576135
-204.4221417576135
-204.5769336136034
-204.5769336136034
-204.5769336136034
-204.73121263008366
-204.73121263008366
-204.73121263008366
-204.8849209631536
-204.8849209631536
-204.8849209631536
-205.0380004956371
-205.0380004956371
-205.0380004956371
-205.19042274921344
-205.19042274921344
-205.19042274921344
-205.3421301940147
-205.3421301940147
-205.3421301940147
-205.49306539848365
-205.49306539848365
-205.49306539848365
-205.64320056708385
-205.64320056708385
-205.64320056708385
-205.7924792155781
-205.7924792155781
-205.7924792155781
-205.7924792155781
-205.7924792155781
-205.7924792155781
-205.7924792155781
-205.7924792155781
-205.7924792155781
-205.7924792155781
-205.7924792155781
