60.0 450.0 0.38539817929267883
60.0 450.0 -0.014601826667785645
60.0 450.0 -0.4146018326282501
60.0 450.0 -0.8146018385887146
60.0 450.0 -1.2146018743515015
60.0 450.0 -1.6146018505096436
59.97700119018555 450.1553649902344 -1.2330422401428223
59.97700119018555 450.1553649902344 -1.6330422163009644
59.956871032714844 450.3111267089844 -1.251482605934143
59.956871032714844 450.3111267089844 -1.6514825820922852
59.93961715698242 450.46722412109375 -1.2699229717254639
59.93961715698242 450.46722412109375 -1.669922947883606
59.92524337768555 450.6236267089844 -1.2883633375167847
59.92524337768555 450.6236267089844 -1.6883633136749268
59.91375732421875 450.7802429199219 -1.3068037033081055
59.91375732421875 450.7802429199219 -1.7068036794662476
59.90515899658203 450.9370422363281 -1.3252440690994263
59.90515899658203 450.9370422363281 -1.7252440452575684
59.89945602416992 451.093994140625 -1.343684434890747
59.89945602416992 451.093994140625 -1.7436844110488892
59.896644592285156 451.2510070800781 -1.3621248006820679
59.896644592285156 451.2510070800781 -1.76212477684021
59.896732330322266 451.4080505371094 -1.3805651664733887
59.896732330322266 451.4080505371094 -1.7805651426315308
59.899715423583984 451.5650634765625 -1.3990055322647095
59.899715423583984 451.5650634765625 -1.7990055084228516
59.90559387207031 451.72198486328125 -1.4174458980560303
59.90559387207031 451.72198486328125 -1.8174458742141724
59.914363861083984 451.8787841796875 -1.435886263847351
59.914363861083984 451.8787841796875 -1.8358862400054932
59.926021575927734 452.035400390625 -1.4543266296386719
59.87852478027344 452.1850891113281 -1.0727670192718506
59.87852478027344 452.1850891113281 -1.4727669954299927
59.833797454833984 452.33563232421875 -1.0912073850631714
59.833797454833984 452.33563232421875 -1.4912073612213135
59.79185104370117 452.4869689941406 -1.1096477508544922
59.79185104370117 452.4869689941406 -1.5096477270126343
59.75270462036133 452.6390686035156 -1.128088116645813
59.75270462036133 452.6390686035156 -1.528088092803955
59.71636962890625 452.7918395996094 -1.1465284824371338
59.71636962890625 452.7918395996094 -1.5465284585952759
59.682857513427734 452.9452819824219 -1.1649688482284546
59.682857513427734 452.9452819824219 -1.5649688243865967
59.65217971801758 453.09930419921875 -1.1834092140197754
59.65217971801758 453.09930419921875 -1.5834091901779175
59.62434768676758 453.2538757324219 -1.2018495798110962
59.62434768676758 453.2538757324219 -1.6018495559692383
59.599369049072266 453.408935546875 -1.220289945602417
59.599369049072266 453.408935546875 -1.620289921760559
59.57725524902344 453.5644226074219 -1.2387303113937378
59.57725524902344 453.5644226074219 -1.6387302875518799
59.55801010131836 453.72027587890625 -1.2571706771850586
59.55801010131836 453.72027587890625 -1.6571706533432007
59.54164505004883 453.87646484375 -1.2756110429763794
59.54164505004883 453.87646484375 -1.6756110191345215
59.528160095214844 454.0329284667969 -1.2940514087677002
59.528160095214844 454.0329284667969 -1.6940513849258423
59.51756286621094 454.1896057128906 -1.312491774559021
59.51756286621094 454.1896057128906 -1.712491750717163
59.509857177734375 454.3464660644531 -1.3309321403503418
59.509857177734375 454.3464660644531 -1.7309321165084839
59.50504684448242 454.5034484863281 -1.3493725061416626
59.50504684448242 454.5034484863281 -1.7493724822998047
59.50313186645508 454.6604919433594 -1.3678128719329834
59.50313186645508 454.6604919433594 -1.7678128480911255
59.504112243652344 454.8175354003906 -1.3862532377243042
59.504112243652344 454.8175354003906 -1.7862532138824463
59.50798797607422 454.97454833984375 -1.404693603515625
59.50798797607422 454.97454833984375 -1.804693579673767
59.5147590637207 455.1314392089844 -1.4231339693069458
59.5147590637207 455.1314392089844 -1.823133945465088
59.52442169189453 455.2881774902344 -1.4415743350982666
59.52442169189453 455.2881774902344 -1.8415743112564087
59.53697204589844 455.4447326660156 -1.4600147008895874
59.490325927734375 455.5946960449219 -1.0784550905227661
59.490325927734375 455.5946960449219 -1.4784550666809082
59.44645309448242 455.7454833984375 -1.096895456314087
59.44645309448242 455.7454833984375 -1.496895432472229
59.40536880493164 455.8970642089844 -1.1153358221054077
59.40536880493164 455.8970642089844 -1.5153357982635498
59.367088317871094 456.04937744140625 -1.1337761878967285
59.367088317871094 456.04937744140625 -1.5337761640548706
59.33162307739258 456.2023620605469 -1.1522165536880493
59.33162307739258 456.2023620605469 -1.5522165298461914
59.29898452758789 456.3559875488281 -1.1706569194793701
59.29898452758789 456.3559875488281 -1.5706568956375122
59.26918411254883 456.51019287109375 -1.189097285270691
59.26918411254883 456.51019287109375 -1.589097261428833
59.24222946166992 456.6649169921875 -1.2075376510620117
59.24222946166992 456.6649169921875 -1.6075376272201538
59.21813201904297 456.8200988769531 -1.2259780168533325
59.21813201904297 456.8200988769531 -1.6259779930114746
59.196903228759766 456.9757080078125 -1.2444183826446533
59.196903228759766 456.9757080078125 -1.6444183588027954
59.17854690551758 457.1316833496094 -1.2628587484359741
59.17854690551758 457.1316833496094 -1.6628587245941162
59.16307067871094 457.2879638671875 -1.281299114227295
59.16307067871094 457.2879638671875 -1.681299090385437
59.15047836303711 457.44451904296875 -1.2997394800186157
59.15047836303711 457.44451904296875 -1.6997394561767578
59.14077377319336 457.60125732421875 -1.3181798458099365
59.14077377319336 457.60125732421875 -1.7181798219680786
59.13396072387695 457.7581481933594 -1.3366202116012573
59.13396072387695 457.7581481933594 -1.7366201877593994
59.130043029785156 457.9151611328125 -1.3550605773925781
59.130043029785156 457.9151611328125 -1.7550605535507202
59.12902069091797 458.07220458984375 -1.373500943183899
59.12902069091797 458.07220458984375 -1.773500919342041
59.13089370727539 458.229248046875 -1.3919413089752197
59.13089370727539 458.229248046875 -1.7919412851333618
59.13566207885742 458.38623046875 -1.4103816747665405
59.13566207885742 458.38623046875 -1.8103816509246826
59.1433219909668 458.5430908203125 -1.4288220405578613
59.1433219909668 458.5430908203125 -1.8288220167160034
59.153873443603516 458.69976806640625 -1.4472624063491821
59.10531997680664 458.84912109375 -1.0657027959823608
59.10531997680664 458.84912109375 -1.465702772140503
59.05952835083008 458.99932861328125 -1.0841431617736816
59.05952835083008 458.99932861328125 -1.4841431379318237
59.01651382446289 459.1503601074219 -1.1025835275650024
59.01651382446289 459.1503601074219 -1.5025835037231445
58.97629165649414 459.3021545410156 -1.1210238933563232
58.97629165649414 459.3021545410156 -1.5210238695144653
58.93887710571289 459.4546813964844 -1.139464259147644
58.93887710571289 459.4546813964844 -1.5394642353057861
58.90428161621094 459.6078796386719 -1.1579046249389648
58.90428161621094 459.6078796386719 -1.557904601097107
58.87251663208008 459.7616882324219 -1.1763449907302856
58.87251663208008 459.7616882324219 -1.5763449668884277
58.84359359741211 459.9160461425781 -1.1947853565216064
58.84359359741211 459.9160461425781 -1.5947853326797485
58.81752014160156 460.0709228515625 -1.2132257223129272
58.81752014160156 460.0709228515625 -1.6132256984710693
58.794307708740234 460.22625732421875 -1.231666088104248
58.794307708740234 460.22625732421875 -1.6316660642623901
58.773963928222656 460.3819885253906 -1.2501064538955688
58.773963928222656 460.3819885253906 -1.650106430053711
58.756492614746094 460.5380554199219 -1.2685468196868896
58.756492614746094 460.5380554199219 -1.6685467958450317
58.741905212402344 460.6944274902344 -1.2869871854782104
58.741905212402344 460.6944274902344 -1.6869871616363525
58.730201721191406 460.8510437011719 -1.3054275512695312
58.730201721191406 460.8510437011719 -1.7054275274276733
58.72138977050781 461.0078430175781 -1.323867917060852
58.72138977050781 461.0078430175781 -1.7238678932189941
58.71546936035156 461.1647644042969 -1.3423082828521729
58.71546936035156 461.1647644042969 -1.742308259010315
58.71244430541992 461.32177734375 -1.3607486486434937
58.71244430541992 461.32177734375 -1.7607486248016357
58.71231460571289 461.47882080078125 -1.3791890144348145
58.71231460571289 461.47882080078125 -1.7791889905929565
58.71508026123047 461.6358337402344 -1.3976293802261353
58.71508026123047 461.6358337402344 -1.7976293563842773
58.720741271972656 461.79278564453125 -1.416069746017456
58.720741271972656 461.79278564453125 -1.8160697221755981
58.72929382324219 461.9495849609375 -1.4345101118087769
58.650299072265625 463.0187683105469 -1.5595815181732178
58.61879348754883 463.172607421875 -1.1780219078063965
58.61879348754883 463.172607421875 -1.5780218839645386
58.59012985229492 463.3270263671875 -1.1964622735977173
58.59012985229492 463.3270263671875 -1.5964622497558594
58.56431579589844 463.48193359375 -1.214902639389038
58.56431579589844 463.48193359375 -1.6149026155471802
58.54136276245117 463.6372985839844 -1.2333430051803589
58.54136276245117 463.6372985839844 -1.633342981338501
58.521278381347656 463.7930603027344 -1.2517833709716797
58.521278381347656 463.7930603027344 -1.6517833471298218
58.50407028198242 463.94915771484375 -1.2702237367630005
58.50407028198242 463.94915771484375 -1.6702237129211426
58.489742279052734 464.1055603027344 -1.2886641025543213
58.489742279052734 464.1055603027344 -1.6886640787124634
58.478302001953125 464.2621765136719 -1.307104468345642
58.478302001953125 464.2621765136719 -1.7071044445037842
58.46975326538086 464.4189758300781 -1.325544834136963
58.46975326538086 464.4189758300781 -1.725544810295105
58.46409606933594 464.575927734375 -1.3439851999282837
58.46409606933594 464.575927734375 -1.7439851760864258
58.461334228515625 464.7329406738281 -1.3624255657196045
58.461334228515625 464.7329406738281 -1.7624255418777466
58.46146774291992 464.8899841308594 -1.3808659315109253
58.46146774291992 464.8899841308594 -1.7808659076690674
58.46449661254883 465.0469970703125 -1.399306297302246
58.46449661254883 465.0469970703125 -1.7993062734603882
58.470420837402344 465.20391845703125 -1.417746663093567
58.470420837402344 465.20391845703125 -1.817746639251709
58.4792366027832 465.3607177734375 -1.4361870288848877
58.42903137207031 465.509521484375 -1.0546274185180664
58.42903137207031 465.509521484375 -1.4546273946762085
58.3815803527832 465.65924072265625 -1.0730677843093872
58.3815803527832 465.65924072265625 -1.4730677604675293
58.33689880371094 465.8097839355469 -1.091508150100708
58.33689880371094 465.8097839355469 -1.49150812625885
58.29499816894531 465.9611511230469 -1.1099485158920288
58.29499816894531 465.9611511230469 -1.509948492050171
58.255897521972656 466.1132507324219 -1.1283888816833496
58.255897521972656 466.1132507324219 -1.5283888578414917
58.219608306884766 466.26605224609375 -1.1468292474746704
58.219608306884766 466.26605224609375 -1.5468292236328125
58.18614196777344 466.41949462890625 -1.1652696132659912
58.18614196777344 466.41949462890625 -1.5652695894241333
58.15550994873047 466.5735168457031 -1.183709979057312
58.15550994873047 466.5735168457031 -1.583709955215454
58.127723693847656 466.72808837890625 -1.2021503448486328
58.127723693847656 466.72808837890625 -1.602150321006775
58.10279083251953 466.8831481933594 -1.2205907106399536
58.10279083251953 466.8831481933594 -1.6205906867980957
58.08072280883789 467.03863525390625 -1.2390310764312744
58.08072280883789 467.03863525390625 -1.6390310525894165
58.061527252197266 467.19451904296875 -1.2574714422225952
58.061527252197266 467.19451904296875 -1.6574714183807373
58.04520797729492 467.3507080078125 -1.275911808013916
58.04520797729492 467.3507080078125 -1.675911784172058
58.03177261352539 467.5071716308594 -1.2943521738052368
58.03177261352539 467.5071716308594 -1.694352149963379
58.02122497558594 467.6638488769531 -1.3127925395965576
58.02122497558594 467.6638488769531 -1.7127925157546997
58.01356506347656 467.8207092285156 -1.3312329053878784
58.01356506347656 467.8207092285156 -1.7312328815460205
58.0088005065918 467.9776916503906 -1.3496732711791992
58.0088005065918 467.9776916503906 -1.7496732473373413
58.00693130493164 468.1347351074219 -1.36811363697052
58.00693130493164 468.1347351074219 -1.768113613128662
58.007957458496094 468.2917785644531 -1.3865540027618408
58.007957458496094 468.2917785644531 -1.786553978919983
58.011878967285156 468.4487609863281 -1.4049943685531616
58.011878967285156 468.4487609863281 -1.8049943447113037
58.01869583129883 468.60565185546875 -1.4234347343444824
58.01868438720703 468.6054382324219 -1.8233959674835205
58.028385162353516 468.7621765136719 -1.4418363571166992
57.97902297973633 468.9112548828125 -1.060276746749878
57.97902297973633 468.9112548828125 -1.46027672290802
57.93241882324219 469.06121826171875 -1.0787171125411987
57.93241882324219 469.06121826171875 -1.4787170886993408
57.888587951660156 469.2120361328125 -1.0971574783325195
57.888587951660156 469.2120361328125 -1.4971574544906616
57.8475456237793 469.3636169433594 -1.1155978441238403
57.8475456237793 469.3636169433594 -1.5155978202819824
57.809303283691406 469.51593017578125 -1.1340382099151611
57.809303283691406 469.51593017578125 -1.5340381860733032
57.77387619018555 469.6689147949219 -1.152478575706482
57.77387619018555 469.6689147949219 -1.552478551864624
57.741275787353516 469.8225402832031 -1.1709189414978027
57.741275787353516 469.8225402832031 -1.5709189176559448
57.71151351928711 469.97674560546875 -1.1893593072891235
57.71151351928711 469.97674560546875 -1.5893592834472656
57.684600830078125 470.1314697265625 -1.2077996730804443
57.684600830078125 470.1314697265625 -1.6077996492385864
57.660545349121094 470.2866516113281 -1.2262400388717651
57.660545349121094 470.2866516113281 -1.6262400150299072
57.63935470581055 470.4422607421875 -1.244680404663086
57.63935470581055 470.4422607421875 -1.644680380821228
57.621036529541016 470.5982360839844 -1.2631207704544067
57.621036529541016 470.5982360839844 -1.6631207466125488
57.60559844970703 470.7545166015625 -1.2815611362457275
57.60559844970703 470.7545166015625 -1.6815611124038696
57.59304428100586 470.91107177734375 -1.3000015020370483
57.59304428100586 470.91107177734375 -1.7000014781951904
57.58338165283203 471.06781005859375 -1.3184418678283691
57.58338165283203 471.06781005859375 -1.7184418439865112
57.57661056518555 471.2247009277344 -1.33688223361969
57.57661056518555 471.2247009277344 -1.736882209777832
57.572731018066406 471.3817138671875 -1.3553225994110107
57.572731018066406 471.3817138671875 -1.7553225755691528
57.57175064086914 471.53875732421875 -1.3737629652023315
57.57175064086914 471.53875732421875 -1.7737629413604736
57.573665618896484 471.69580078125 -1.3922033309936523
57.573665618896484 471.69580078125 -1.7922033071517944
57.57847595214844 471.852783203125 -1.4106436967849731
57.57847595214844 471.852783203125 -1.8106436729431152
57.586177825927734 472.0096435546875 -1.429084062576294
57.53491973876953 472.1580810546875 -1.0475244522094727
57.53491973876953 472.1580810546875 -1.4475244283676147
57.48640441894531 472.30743408203125 -1.0659648180007935
57.48640441894531 472.30743408203125 -1.4659647941589355
57.440650939941406 472.4576721191406 -1.0844051837921143
57.440650939941406 472.4576721191406 -1.4844051599502563
57.39767837524414 472.6087341308594 -1.102845549583435
57.39767837524414 472.6087341308594 -1.5028455257415771
57.35749816894531 472.76055908203125 -1.1212859153747559
57.35749816894531 472.76055908203125 -1.521285891532898
57.32012176513672 472.9130859375 -1.1397262811660767
57.32012176513672 472.9130859375 -1.5397262573242188
57.28556442260742 473.0662841796875 -1.1581666469573975
57.28556442260742 473.0662841796875 -1.5581666231155396
57.25383758544922 473.2200927734375 -1.1766070127487183
57.25383758544922 473.2200927734375 -1.5766069889068604
57.224952697753906 473.37445068359375 -1.195047378540039
57.224952697753906 473.37445068359375 -1.5950473546981812
57.19892120361328 473.5293273925781 -1.2134877443313599
57.19892120361328 473.5293273925781 -1.613487720489502
57.175750732421875 473.6846618652344 -1.2319281101226807
57.175750732421875 473.6846618652344 -1.6319280862808228
57.15544509887695 473.84039306640625 -1.2503684759140015
57.15544509887695 473.84039306640625 -1.6503684520721436
57.13801574707031 473.9964599609375 -1.2688088417053223
57.13801574707031 473.9964599609375 -1.6688088178634644
57.12346649169922 474.15283203125 -1.287249207496643
57.12346649169922 474.15283203125 -1.6872491836547852
57.1118049621582 474.3094482421875 -1.3056895732879639
57.1118049621582 474.3094482421875 -1.705689549446106
57.103031158447266 474.46624755859375 -1.3241299390792847
57.103031158447266 474.46624755859375 -1.7241299152374268
57.09715270996094 474.6231689453125 -1.3425703048706055
57.09715270996094 474.6231689453125 -1.7425702810287476
57.09416961669922 474.7801818847656 -1.3610106706619263
57.09416961669922 474.7801818847656 -1.7610106468200684
57.09408187866211 474.9372253417969 -1.379451036453247
57.09408187866211 474.9372253417969 -1.7794510126113892
57.09688949584961 475.09423828125 -1.3978914022445679
57.09688949584961 475.09423828125 -1.79789137840271
57.10259246826172 475.2511901855469 -1.4163317680358887
57.049442291259766 475.3989562988281 -1.0347721576690674
57.049442291259766 475.3989562988281 -1.4347721338272095
56.999027252197266 475.5476989746094 -1.0532125234603882
56.999027252197266 475.5476989746094 -1.4532124996185303
56.95136260986328 475.69732666015625 -1.071652889251709
56.95136260986328 475.69732666015625 -1.471652865409851
56.90646743774414 475.8478088378906 -1.0900932550430298
56.90646743774414 475.8478088378906 -1.4900932312011719
56.86435317993164 475.9991149902344 -1.1085336208343506
56.86435317993164 475.9991149902344 -1.5085335969924927
56.825035095214844 476.1511535644531 -1.1269739866256714
56.825035095214844 476.1511535644531 -1.5269739627838135
56.78852844238281 476.30389404296875 -1.1454143524169922
56.78852844238281 476.30389404296875 -1.5454143285751343
56.754844665527344 476.457275390625 -1.163854718208313
56.754844665527344 476.457275390625 -1.563854694366455
56.723995208740234 476.61126708984375 -1.1822950839996338
56.723995208740234 476.61126708984375 -1.5822950601577759
56.69599151611328 476.76580810546875 -1.2007354497909546
56.69599151611328 476.76580810546875 -1.6007354259490967
56.670841217041016 476.92083740234375 -1.2191758155822754
56.670841217041016 476.92083740234375 -1.6191757917404175
56.64855194091797 477.0762939453125 -1.2376161813735962
56.64855194091797 477.0762939453125 -1.6376161575317383
56.62913513183594 477.2321472167969 -1.256056547164917
56.62913513183594 477.2321472167969 -1.656056523323059
56.61259460449219 477.3883056640625 -1.2744969129562378
56.61259460449219 477.3883056640625 -1.6744968891143799
56.59893798828125 477.5447692871094 -1.2929372787475586
56.59893798828125 477.5447692871094 -1.6929372549057007
56.588165283203125 477.7014465332031 -1.3113776445388794
56.588165283203125 477.7014465332031 -1.7113776206970215
56.580284118652344 477.8583068847656 -1.3298180103302002
56.580284118652344 477.8583068847656 -1.7298179864883423
56.57529830932617 478.0152893066406 -1.348258376121521
56.57529830932617 478.0152893066406 -1.748258352279663
56.57320785522461 478.1723327636719 -1.3666987419128418
56.57320785522461 478.1723327636719 -1.7666987180709839
56.574012756347656 478.3293762207031 -1.3851391077041626
56.574012756347656 478.3293762207031 -1.7851390838623047
56.57771301269531 478.48638916015625 -1.4035794734954834
56.57771301269531 478.48638916015625 -1.8035794496536255
56.58430862426758 478.643310546875 -1.4220198392868042
56.53200149536133 478.7913818359375 -1.040460228919983
56.53200149536133 478.7913818359375 -1.440460205078125
56.4824333190918 478.9403991699219 -1.0589005947113037
56.4824333190918 478.9403991699219 -1.4589005708694458
56.43562316894531 479.0903015136719 -1.0773409605026245
56.43562316894531 479.0903015136719 -1.4773409366607666
56.39158248901367 479.2410583496094 -1.0957813262939453
56.39158248901367 479.2410583496094 -1.4957813024520874
56.3503303527832 479.392578125 -1.1142216920852661
56.3503303527832 479.392578125 -1.5142216682434082
56.3118782043457 479.5448303222656 -1.132662057876587
56.3118782043457 479.5448303222656 -1.532662034034729
56.276241302490234 479.6977844238281 -1.1511024236679077
56.276241302490234 479.6977844238281 -1.5511023998260498
56.243431091308594 479.85137939453125 -1.1695427894592285
56.243431091308594 479.85137939453125 -1.5695427656173706
56.21345901489258 480.00555419921875 -1.1879831552505493
56.21345901489258 480.00555419921875 -1.5879831314086914
56.18633270263672 480.1602478027344 -1.2064235210418701
56.18633270263672 480.1602478027344 -1.6064234972000122
56.16206359863281 480.3153991699219 -1.224863886833191
56.16206359863281 480.3153991699219 -1.624863862991333
56.14065933227539 480.4709777832031 -1.2433042526245117
56.14065933227539 480.4709777832031 -1.6433042287826538
56.122127532958984 480.6269226074219 -1.2617446184158325
56.122127532958984 480.6269226074219 -1.6617445945739746
56.106475830078125 480.7831726074219 -1.2801849842071533
56.106475830078125 480.7831726074219 -1.6801849603652954
56.09370803833008 480.939697265625 -1.2986253499984741
56.09370803833008 480.939697265625 -1.6986253261566162
56.08382797241211 481.096435546875 -1.317065715789795
56.08382797241211 481.096435546875 -1.717065691947937
56.076839447021484 481.2533264160156 -1.3355060815811157
56.076839447021484 481.2533264160156 -1.7355060577392578
56.07274627685547 481.4103088378906 -1.3539464473724365
56.07274627685547 481.4103088378906 -1.7539464235305786
56.07154846191406 481.5673522949219 -1.3723868131637573
56.07154846191406 481.5673522949219 -1.7723867893218994
56.073246002197266 481.7243957519531 -1.3908271789550781
56.073246002197266 481.7243957519531 -1.7908271551132202
56.07783889770508 481.8813781738281 -1.409267544746399
56.02364730834961 482.0287780761719 -1.0277079343795776
56.02364730834961 482.0287780761719 -1.4277079105377197
55.97218322753906 482.1771545410156 -1.0461483001708984
55.97218322753906 482.1771545410156 -1.4461482763290405
55.9234619140625 482.3264465332031 -1.0645886659622192
55.9234619140625 482.3264465332031 -1.4645886421203613
55.87750244140625 482.47662353515625 -1.08302903175354
55.87750244140625 482.47662353515625 -1.4830290079116821
55.834320068359375 482.62762451171875 -1.1014693975448608
55.834320068359375 482.62762451171875 -1.501469373703003
55.79393005371094 482.7793884277344 -1.1199097633361816
55.79393005371094 482.7793884277344 -1.5199097394943237
55.756343841552734 482.931884765625 -1.1383501291275024
55.756343841552734 482.931884765625 -1.5383501052856445
55.72157669067383 483.08502197265625 -1.1567904949188232
55.72157669067383 483.08502197265625 -1.5567904710769653
55.689640045166016 483.2388000488281 -1.175230860710144
55.689640045166016 483.2388000488281 -1.5752308368682861
55.660545349121094 483.39312744140625 -1.1936712265014648
55.660545349121094 483.39312744140625 -1.593671202659607
55.634300231933594 483.5479736328125 -1.2121115922927856
55.634300231933594 483.5479736328125 -1.6121115684509277
55.61091613769531 483.7032775878906 -1.2305519580841064
55.61091613769531 483.7032775878906 -1.6305519342422485
55.590396881103516 483.8589782714844 -1.2489923238754272
55.590396881103516 483.8589782714844 -1.6489923000335693
55.57275390625 484.0150451660156 -1.267432689666748
55.57275390625 484.0150451660156 -1.6674326658248901
55.55799102783203 484.17138671875 -1.2858730554580688
55.55799102783203 484.17138671875 -1.685873031616211
55.546112060546875 484.3279724121094 -1.3043134212493896
55.546112060546875 484.3279724121094 -1.7043133974075317
55.53712463378906 484.4847717285156 -1.3227537870407104
55.53712463378906 484.4847717285156 -1.7227537631988525
55.531028747558594 484.6416931152344 -1.3411941528320312
55.531028747558594 484.6416931152344 -1.7411941289901733
55.527828216552734 484.7987060546875 -1.359634518623352
55.527828216552734 484.7987060546875 -1.7596344947814941
55.527523040771484 484.95574951171875 -1.3780748844146729
55.527523040771484 484.95574951171875 -1.778074860572815
55.530113220214844 485.1127624511719 -1.3965152502059937
55.43996810913086 485.35321044921875 -1.0276662111282349
55.43996810913086 485.35321044921875 -1.427666187286377
55.38849639892578 485.5015869140625 -1.0461065769195557
55.38849639892578 485.5015869140625 -1.4461065530776978
55.33977127075195 485.65087890625 -1.0645469427108765
55.33977127075195 485.65087890625 -1.4645469188690186
55.29380798339844 485.8010559082031 -1.0829873085021973
55.29380798339844 485.8010559082031 -1.4829872846603394
55.2506217956543 485.9520568847656 -1.101427674293518
55.2506217956543 485.9520568847656 -1.5014276504516602
55.21022415161133 486.10382080078125 -1.1198680400848389
55.21022415161133 486.10382080078125 -1.519868016242981
55.17263412475586 486.2563171386719 -1.1383084058761597
55.17263412475586 486.2563171386719 -1.5383083820343018
55.13786315917969 486.4094543457031 -1.1567487716674805
55.13786315917969 486.4094543457031 -1.5567487478256226
55.105918884277344 486.563232421875 -1.1751891374588013
55.105918884277344 486.563232421875 -1.5751891136169434
55.07681655883789 486.7175598144531 -1.193629503250122
55.07681655883789 486.7175598144531 -1.5936294794082642
55.05056381225586 486.8724060058594 -1.2120698690414429
55.05056381225586 486.8724060058594 -1.612069845199585
55.02717208862305 487.0277099609375 -1.2305102348327637
55.02717208862305 487.0277099609375 -1.6305102109909058
55.006649017333984 487.18341064453125 -1.2489506006240845
55.006649017333984 487.18341064453125 -1.6489505767822266
54.98899841308594 487.3394775390625 -1.2673909664154053
54.98899841308594 487.3394775390625 -1.6673909425735474
54.97422790527344 487.4958190917969 -1.285831332206726
54.97422790527344 487.4958190917969 -1.6858313083648682
54.962345123291016 487.65240478515625 -1.3042716979980469
54.962345123291016 487.65240478515625 -1.704271674156189
54.95335006713867 487.8092041015625 -1.3227120637893677
54.95335006713867 487.8092041015625 -1.7227120399475098
54.94724655151367 487.96612548828125 -1.3411524295806885
54.94724655151367 487.96612548828125 -1.7411524057388306
54.94403839111328 488.1231384277344 -1.3595927953720093
54.94403839111328 488.1231384277344 -1.7595927715301514
54.9437255859375 488.2801818847656 -1.37803316116333
54.9437255859375 488.2801818847656 -1.7780331373214722
54.94630813598633 488.43719482421875 -1.3964735269546509
54.890235900878906 488.5838928222656 -1.0149139165878296
54.890235900878906 488.5838928222656 -1.4149138927459717
54.836875915527344 488.7315979003906 -1.0333542823791504
54.836875915527344 488.7315979003906 -1.4333542585372925
54.786251068115234 488.8802490234375 -1.0517946481704712
54.786251068115234 488.8802490234375 -1.4517946243286133
54.73837661743164 489.0298156738281 -1.070235013961792
54.73837661743164 489.0298156738281 -1.470234990119934
54.693267822265625 489.18023681640625 -1.0886753797531128
54.693267822265625 489.18023681640625 -1.4886753559112549
54.65093994140625 489.33148193359375 -1.1071157455444336
54.65093994140625 489.33148193359375 -1.5071157217025757
54.61140823364258 489.48345947265625 -1.1255561113357544
54.61140823364258 489.48345947265625 -1.5255560874938965
54.574684143066406 489.6361389160156 -1.1439964771270752
54.574684143066406 489.6361389160156 -1.5439964532852173
54.5407829284668 489.78948974609375 -1.162436842918396
54.5407829284668 489.78948974609375 -1.562436819076538
54.50971603393555 489.94342041015625 -1.1808772087097168
54.50971603393555 489.94342041015625 -1.5808771848678589
54.48149108886719 490.097900390625 -1.1993175745010376
54.48149108886719 490.097900390625 -1.5993175506591797
54.456119537353516 490.2528991699219 -1.2177579402923584
54.456119537353516 490.2528991699219 -1.6177579164505005
54.43361282348633 490.4083251953125 -1.2361983060836792
54.43361282348633 490.4083251953125 -1.6361982822418213
54.41397476196289 490.56414794921875 -1.254638671875
54.41397476196289 490.56414794921875 -1.654638648033142
54.397212982177734 490.7203063964844 -1.2730790376663208
54.397212982177734 490.7203063964844 -1.673079013824463
54.383331298828125 490.8767395019531 -1.2915194034576416
54.383331298828125 490.8767395019531 -1.6915193796157837
54.372337341308594 491.03338623046875 -1.3099597692489624
54.372337341308594 491.03338623046875 -1.7099597454071045
54.364234924316406 491.1902160644531 -1.3284001350402832
54.364234924316406 491.1902160644531 -1.7284001111984253
54.35902404785156 491.34716796875 -1.346840500831604
54.35902404785156 491.34716796875 -1.746840476989746
54.35670852661133 491.50421142578125 -1.3652808666229248
54.35670852661133 491.50421142578125 -1.765280842781067
54.35729217529297 491.6612548828125 -1.3837212324142456
54.299354553222656 491.8072204589844 -1.0021616220474243
54.299354553222656 491.8072204589844 -1.4021615982055664
54.244117736816406 491.9542236328125 -1.0206019878387451
54.244117736816406 491.9542236328125 -1.4206019639968872
54.19160079956055 492.10223388671875 -1.039042353630066
54.19160079956055 492.10223388671875 -1.439042329788208
54.141822814941406 492.2511901855469 -1.0574827194213867
54.141822814941406 492.2511901855469 -1.4574826955795288
54.09479904174805 492.4010314941406 -1.0759230852127075
54.09479904174805 492.4010314941406 -1.4759230613708496
54.05054473876953 492.5517272949219 -1.0943634510040283
54.05054473876953 492.5517272949219 -1.4943634271621704
54.00907897949219 492.70318603515625 -1.1128038167953491
54.00907897949219 492.70318603515625 -1.5128037929534912
53.97041320800781 492.85540771484375 -1.13124418258667
53.97041320800781 492.85540771484375 -1.531244158744812
53.9345588684082 493.00830078125 -1.1496845483779907
53.9345588684082 493.00830078125 -1.5496845245361328
53.90153121948242 493.1618347167969 -1.1681249141693115
53.90153121948242 493.1618347167969 -1.5681248903274536
53.871337890625 493.3159484863281 -1.1865652799606323
53.871337890625 493.3159484863281 -1.5865652561187744
53.843994140625 493.4705810546875 -1.2050056457519531
53.843994140625 493.4705810546875 -1.6050056219100952
53.81950378417969 493.6257019042969 -1.223446011543274
53.81950378417969 493.6257019042969 -1.623445987701416
53.79787826538086 493.78125 -1.2418863773345947
53.79787826538086 493.78125 -1.6418863534927368
53.77912521362305 493.9371643066406 -1.2603267431259155
53.77912521362305 493.9371643066406 -1.6603267192840576
53.76325225830078 494.0934143066406 -1.2787671089172363
53.76325225830078 494.0934143066406 -1.6787670850753784
53.75026321411133 494.2499084472656 -1.2972074747085571
53.75026321411133 494.2499084472656 -1.6972074508666992
53.74016189575195 494.4066162109375 -1.315647840499878
53.74016189575195 494.4066162109375 -1.71564781665802
53.73295211791992 494.5635070800781 -1.3340882062911987
53.73295211791992 494.5635070800781 -1.7340881824493408
53.728633880615234 494.7204895019531 -1.3525285720825195
53.728633880615234 494.7204895019531 -1.7525285482406616
53.72721481323242 494.8775329589844 -1.3709689378738403
53.66741943359375 495.0227355957031 -0.989409327507019
53.66741943359375 495.0227355957031 -1.3894093036651611
53.610313415527344 495.1690368652344 -1.0078496932983398
53.610313415527344 495.1690368652344 -1.407849669456482
53.555912017822266 495.3163757324219 -1.0262900590896606
53.555912017822266 495.3163757324219 -1.4262900352478027
53.50423812866211 495.4646911621094 -1.0447304248809814
53.50423812866211 495.4646911621094 -1.4447304010391235
53.45530700683594 495.6139221191406 -1.0631707906723022
53.45530700683594 495.6139221191406 -1.4631707668304443
53.40913772583008 495.7640380859375 -1.081611156463623
53.40913772583008 495.7640380859375 -1.4816111326217651
53.36574172973633 495.91497802734375 -1.1000515222549438
53.36574172973633 495.91497802734375 -1.500051498413086
53.325138092041016 496.0666809082031 -1.1184918880462646
53.325138092041016 496.0666809082031 -1.5184918642044067
53.28733825683594 496.2191162109375 -1.1369322538375854
53.28733825683594 496.2191162109375 -1.5369322299957275
53.25235366821289 496.3722229003906 -1.1553726196289062
53.25235366821289 496.3722229003906 -1.5553725957870483
53.22019958496094 496.52593994140625 -1.173812985420227
53.22019958496094 496.52593994140625 -1.5738129615783691
53.19088363647461 496.68023681640625 -1.1922533512115479
53.19088363647461 496.68023681640625 -1.59225332736969
53.1644172668457 496.8350524902344 -1.2106937170028687
53.1644172668457 496.8350524902344 -1.6106936931610107
53.140811920166016 496.9903259277344 -1.2291340827941895
53.140811920166016 496.9903259277344 -1.6291340589523315
53.12007141113281 497.14599609375 -1.2475744485855103
53.12007141113281 497.14599609375 -1.6475744247436523
53.10220718383789 497.3020324707031 -1.266014814376831
53.10220718383789 497.3020324707031 -1.6660147905349731
53.087223052978516 497.4583740234375 -1.2844551801681519
53.087223052978516 497.4583740234375 -1.684455156326294
53.07512283325195 497.6149597167969 -1.3028955459594727
53.07512283325195 497.6149597167969 -1.7028955221176147
53.065914154052734 497.771728515625 -1.3213359117507935
53.065914154052734 497.771728515625 -1.7213358879089355
53.05959701538086 497.92864990234375 -1.3397762775421143
53.05959701538086 497.92864990234375 -1.7397762537002563
53.056175231933594 498.0856628417969 -1.358216643333435
53.056175231933594 498.0856628417969 -1.7582166194915771
53.05564880371094 498.2427062988281 -1.3766570091247559
52.996681213378906 498.3882751464844 -0.9950973987579346
52.996681213378906 498.3882751464844 -1.3950973749160767
52.940406799316406 498.5348815917969 -1.0135377645492554
52.940406799316406 498.5348815917969 -1.4135377407073975
52.886844635009766 498.6825256347656 -1.0319781303405762
52.886844635009766 498.6825256347656 -1.4319781064987183
52.83601379394531 498.83111572265625 -1.050418496131897
52.83601379394531 498.83111572265625 -1.450418472290039
52.787933349609375 498.9806213378906 -1.0688588619232178
52.787933349609375 498.9806213378906 -1.4688588380813599
52.742618560791016 499.1309814453125 -1.0872992277145386
52.742618560791016 499.1309814453125 -1.4872992038726807
52.70008087158203 499.28216552734375 -1.1057395935058594
52.70008087158203 499.28216552734375 -1.5057395696640015
52.66033935546875 499.4341125488281 -1.1241799592971802
52.66033935546875 499.4341125488281 -1.5241799354553223
52.62340545654297 499.5867614746094 -1.142620325088501
52.62340545654297 499.5867614746094 -1.542620301246643
52.58929443359375 499.74005126953125 -1.1610606908798218
52.58929443359375 499.74005126953125 -1.5610606670379639
52.558013916015625 499.8939514160156 -1.1795010566711426
52.558013916015625 499.8939514160156 -1.5795010328292847
52.529579162597656 500.04840087890625 -1.1979414224624634
52.529579162597656 500.04840087890625 -1.5979413986206055
52.50399398803711 500.2033386230469 -1.2163817882537842
52.50399398803711 500.2033386230469 -1.6163817644119263
52.48126983642578 500.3587341308594 -1.234822154045105
52.48126983642578 500.3587341308594 -1.634822130203247
52.46141815185547 500.5145263671875 -1.2532625198364258
52.46141815185547 500.5145263671875 -1.6532624959945679
52.44444274902344 500.670654296875 -1.2717028856277466
52.44444274902344 500.670654296875 -1.6717028617858887
52.43034744262695 500.8270568847656 -1.2901432514190674
52.43034744262695 500.8270568847656 -1.6901432275772095
52.41913986206055 500.98370361328125 -1.3085836172103882
52.41913986206055 500.98370361328125 -1.7085835933685303
52.41082000732422 501.1405334472656 -1.327023983001709
52.41082000732422 501.1405334472656 -1.727023959159851
52.4053955078125 501.2974853515625 -1.3454643487930298
52.341915130615234 501.4411315917969 -0.9639047980308533
52.341915130615234 501.4411315917969 -1.3639048337936401
52.28109359741211 501.5859375 -0.9823452234268188
52.28109359741211 501.5859375 -1.382345199584961
52.22295379638672 501.7318115234375 -1.0007855892181396
52.22295379638672 501.7318115234375 -1.4007855653762817
52.16751480102539 501.8787536621094 -1.0192259550094604
52.16751480102539 501.8787536621094 -1.4192259311676025
52.11479568481445 502.02667236328125 -1.0376663208007812
52.11479568481445 502.02667236328125 -1.4376662969589233
52.06481170654297 502.175537109375 -1.056106686592102
52.06481170654297 502.175537109375 -1.4561066627502441
52.017581939697266 502.3253173828125 -1.0745470523834229
52.017581939697266 502.3253173828125 -1.474547028541565
51.973121643066406 502.4759521484375 -1.0929874181747437
51.973121643066406 502.4759521484375 -1.4929873943328857
51.93144607543945 502.62738037109375 -1.1114277839660645
51.93144607543945 502.62738037109375 -1.5114277601242065
51.89257049560547 502.779541015625 -1.1298681497573853
51.89257049560547 502.779541015625 -1.5298681259155273
51.85650634765625 502.9324035644531 -1.148308515548706
51.85650634765625 502.9324035644531 -1.5483084917068481
51.823265075683594 503.0859069824219 -1.1667488813400269
51.823265075683594 503.0859069824219 -1.566748857498169
51.79286193847656 503.239990234375 -1.1851892471313477
51.79286193847656 503.239990234375 -1.5851892232894897
51.76530456542969 503.39459228515625 -1.2036296129226685
51.76530456542969 503.39459228515625 -1.6036295890808105
51.740604400634766 503.5496826171875 -1.2220699787139893
51.740604400634766 503.5496826171875 -1.6220699548721313
51.71876525878906 503.7052001953125 -1.24051034450531
51.71876525878906 503.7052001953125 -1.6405103206634521
51.699798583984375 503.861083984375 -1.2589507102966309
51.699798583984375 503.861083984375 -1.658950686454773
51.68370819091797 504.0173034667969 -1.2773910760879517
51.68370819091797 504.0173034667969 -1.6773910522460938
51.670501708984375 504.1737976074219 -1.2958314418792725
51.670501708984375 504.1737976074219 -1.6958314180374146
51.66018295288086 504.33050537109375 -1.3142718076705933
51.66018295288086 504.33050537109375 -1.7142717838287354
51.65275573730469 504.48736572265625 -1.332712173461914
51.58744812011719 504.63018798828125 -0.9511525630950928
51.58744812011719 504.63018798828125 -1.3511525392532349
51.52478790283203 504.7742004394531 -0.9695929288864136
51.52478790283203 504.7742004394531 -1.3695929050445557
51.46479415893555 504.9193420410156 -0.9880332946777344
51.46479415893555 504.9193420410156 -1.3880332708358765
51.40748596191406 505.0655517578125 -1.0064736604690552
51.40748596191406 505.0655517578125 -1.4064736366271973
51.352882385253906 505.2127990722656 -1.024914026260376
51.352882385253906 505.2127990722656 -1.424914002418518
51.301002502441406 505.36102294921875 -1.0433543920516968
51.301002502441406 505.36102294921875 -1.4433543682098389
51.25186538696289 505.51019287109375 -1.0617947578430176
51.25186538696289 505.51019287109375 -1.4617947340011597
51.20548629760742 505.6602478027344 -1.0802351236343384
51.20548629760742 505.6602478027344 -1.4802350997924805
51.16188430786133 505.8111267089844 -1.0986754894256592
51.16188430786133 505.8111267089844 -1.4986754655838013
51.121070861816406 505.9627685546875 -1.11711585521698
51.121070861816406 505.9627685546875 -1.517115831375122
51.08306121826172 506.1151428222656 -1.1355562210083008
51.08306121826172 506.1151428222656 -1.5355561971664429
51.04786682128906 506.2681884765625 -1.1539965867996216
51.04786682128906 506.2681884765625 -1.5539965629577637
51.015499114990234 506.421875 -1.1724369525909424
51.015499114990234 506.421875 -1.5724369287490845
50.9859733581543 506.57611083984375 -1.1908773183822632
50.9859733581543 506.57611083984375 -1.5908772945404053
50.95929718017578 506.7308654785156 -1.209317684173584
50.95929718017578 506.7308654785156 -1.609317660331726
50.93547821044922 506.8861083984375 -1.2277580499649048
50.93547821044922 506.8861083984375 -1.6277580261230469
50.91452407836914 507.041748046875 -1.2461984157562256
50.91452407836914 507.041748046875 -1.6461983919143677
50.896446228027344 507.19775390625 -1.2646387815475464
50.896446228027344 507.19775390625 -1.6646387577056885
50.88124465942383 507.35406494140625 -1.2830791473388672
50.88124465942383 507.35406494140625 -1.6830791234970093
50.86893081665039 507.5106201171875 -1.301519513130188
50.86893081665039 507.5106201171875 -1.70151948928833
50.85950469970703 507.6673889160156 -1.3199598789215088
50.792381286621094 507.8093566894531 -0.9384002685546875
50.792381286621094 507.8093566894531 -1.3384002447128296
50.72789001464844 507.9525451660156 -0.9568406343460083
50.72789001464844 507.9525451660156 -1.3568406105041504
50.66604995727539 508.0968933105469 -0.9752810001373291
50.66604995727539 508.0968933105469 -1.3752809762954712
50.60688018798828 508.24237060546875 -0.9937213659286499
50.60688018798828 508.24237060546875 -1.393721342086792
50.5504035949707 508.388916015625 -1.0121617317199707
50.5504035949707 508.388916015625 -1.4121617078781128
50.496639251708984 508.5364685058594 -1.0306020975112915
50.496639251708984 508.5364685058594 -1.4306020736694336
50.44560623168945 508.68499755859375 -1.0490424633026123
50.44560623168945 508.68499755859375 -1.4490424394607544
50.39731979370117 508.8344421386719 -1.067482829093933
50.39731979370117 508.8344421386719 -1.4674828052520752
50.3517951965332 508.9847412109375 -1.085923194885254
50.3517951965332 508.9847412109375 -1.485923171043396
50.309051513671875 509.1358642578125 -1.1043635606765747
50.309051513671875 509.1358642578125 -1.5043635368347168
50.269100189208984 509.2877502441406 -1.1228039264678955
50.269100189208984 509.2877502441406 -1.5228039026260376
50.231956481933594 509.4403381347656 -1.1412442922592163
50.231956481933594 509.4403381347656 -1.5412442684173584
50.1976318359375 509.5935974121094 -1.159684658050537
50.1976318359375 509.5935974121094 -1.5596846342086792
50.166141510009766 509.7474670410156 -1.178125023841858
50.166141510009766 509.7474670410156 -1.578125
50.13749313354492 509.9018859863281 -1.1965653896331787
50.13749313354492 509.9018859863281 -1.5965653657913208
50.1116943359375 510.0567932128906 -1.2150057554244995
50.1116943359375 510.0567932128906 -1.6150057315826416
50.0887565612793 510.212158203125 -1.2334461212158203
50.0887565612793 510.212158203125 -1.6334460973739624
50.068687438964844 510.367919921875 -1.2518864870071411
50.068687438964844 510.367919921875 -1.6518864631652832
50.05149459838867 510.5240173339844 -1.270326852798462
50.05149459838867 510.5240173339844 -1.670326828956604
50.03718566894531 510.680419921875 -1.2887672185897827
50.03718566894531 510.680419921875 -1.6887671947479248
50.02659606933594 510.8249206542969 -1.3065111637115479
50.02659606933594 510.8249206542969 -1.70651113986969
50.018104553222656 510.978759765625 -1.3247718811035156
49.95166778564453 511.1210632324219 -0.9432122707366943
49.95166778564453 511.1210632324219 -1.3432122468948364
49.88786697387695 511.2645568847656 -0.9616526365280151
49.88786697387695 511.2645568847656 -1.3616526126861572
49.82672119140625 511.4092102050781 -0.9800930023193359
49.82672119140625 511.4092102050781 -1.380092978477478
49.768253326416016 511.5549621582031 -0.9985333681106567
49.768253326416016 511.5549621582031 -1.3985333442687988
49.71248245239258 511.7017822265625 -1.0169737339019775
49.71248245239258 511.7017822265625 -1.4169737100601196
49.659427642822266 511.849609375 -1.0354140996932983
49.659427642822266 511.849609375 -1.4354140758514404
49.609107971191406 511.9983825683594 -1.0538544654846191
49.609107971191406 511.9983825683594 -1.4538544416427612
49.56153869628906 512.1480712890625 -1.07229483127594
49.56153869628906 512.1480712890625 -1.472294807434082
49.51673889160156 512.298583984375 -1.0907351970672607
49.51673889160156 512.298583984375 -1.4907351732254028
49.47472381591797 512.4498901367188 -1.1091755628585815
49.47472381591797 512.4498901367188 -1.5091755390167236
49.43550491333008 512.6019897460938 -1.1276159286499023
49.43550491333008 512.6019897460938 -1.5276159048080444
49.39909744262695 512.7547607421875 -1.1460562944412231
49.39909744262695 512.7547607421875 -1.5460562705993652
49.36551284790039 512.908203125 -1.164496660232544
49.36551284790039 512.908203125 -1.564496636390686
49.33476257324219 513.0621948242188 -1.1829370260238647
49.33476257324219 513.0621948242188 -1.5829370021820068
49.30685806274414 513.2167358398438 -1.2013773918151855
49.30685806274414 513.2167358398438 -1.6013773679733276
49.28180694580078 513.3717651367188 -1.2198177576065063
49.28180694580078 513.3717651367188 -1.6198177337646484
49.25961685180664 513.5272216796875 -1.2382581233978271
49.25961685180664 513.5272216796875 -1.6382580995559692
49.240299224853516 513.68310546875 -1.256698489189148
49.240299224853516 513.68310546875 -1.65669846534729
49.22385787963867 513.8392944335938 -1.2751388549804688
49.22385787963867 513.8392944335938 -1.6751388311386108
49.21030044555664 513.9957275390625 -1.2935792207717896
49.21030044555664 513.9957275390625 -1.6935791969299316
48.720401763916016 510.0258483886719 -1.6935791969299316
48.23050308227539 506.05596923828125 -1.6935791969299316
47.740604400634766 502.0860900878906 -1.6935791969299316
47.25070571899414 498.1162109375 -1.6935791969299316
46.760807037353516 494.1463317871094 -1.6935791969299316
46.27090835571289 490.17645263671875 -1.6935791969299316
45.781009674072266 486.2065734863281 -1.6935791969299316
45.29111099243164 482.2366943359375 -1.6935791969299316
44.801212310791016 478.2668151855469 -1.6935791969299316
44.31131362915039 474.29693603515625 -1.6935791969299316
43.821414947509766 470.3270568847656 -1.6935791969299316
43.33151626586914 466.357177734375 -1.6935791969299316
42.841617584228516 462.3872985839844 -1.6935791969299316
42.35171890258789 458.41741943359375 -1.6935791969299316
41.861820220947266 454.4475402832031 -1.6935791969299316
41.37192153930664 450.4776611328125 -1.6935791969299316
40.882022857666016 446.5077819824219 -1.6935791969299316
40.39212417602539 442.53790283203125 -1.6935791969299316
39.902225494384766 438.5680236816406 -1.6935791969299316
39.41232681274414 434.59814453125 -1.6935791969299316
38.922428131103516 430.6282653808594 -1.6935791969299316
38.43252944946289 426.65838623046875 -1.6935791969299316
37.942630767822266 422.6885070800781 -1.6935791969299316
37.45273208618164 418.7186279296875 -1.6935791969299316
36.962833404541016 414.7487487792969 -1.6935791969299316
36.47293472290039 410.77886962890625 -1.6935791969299316
35.983036041259766 406.8089904785156 -1.6935791969299316
35.49313735961914 402.839111328125 -1.6935791969299316
35.003238677978516 398.8692321777344 -1.6935791969299316
34.51333999633789 394.89935302734375 -1.6935791969299316
34.023441314697266 390.9294738769531 -1.6935791969299316
33.53354263305664 386.9595947265625 -1.6935791969299316
33.043643951416016 382.9897155761719 -1.6935791969299316
32.55374526977539 379.01983642578125 -1.6935791969299316
32.063846588134766 375.0499572753906 -1.6935791969299316
31.57394790649414 371.080078125 -1.6935791969299316
31.084049224853516 367.1101989746094 -1.6935791969299316
30.59415054321289 363.14031982421875 -1.6935791969299316
30.104251861572266 359.1704406738281 -1.6935791969299316
29.61435317993164 355.2005615234375 -1.6935791969299316
29.124454498291016 351.2306823730469 -1.6935791969299316
28.63455581665039 347.26080322265625 -1.6935791969299316
28.144657135009766 343.2909240722656 -1.6935791969299316
27.65475845336914 339.321044921875 -1.6935791969299316
27.164859771728516 335.3511657714844 -1.6935791969299316
26.67496109008789 331.38128662109375 -1.6935791969299316
26.185062408447266 327.4114074707031 -1.6935791969299316
25.69516372680664 323.4415283203125 -1.6935791969299316
25.205265045166016 319.4716491699219 -1.6935791969299316
24.71536636352539 315.50177001953125 -1.6935791969299316
24.225467681884766 311.5318908691406 -1.6935791969299316
23.73556900024414 307.56201171875 -1.6935791969299316
23.245670318603516 303.5921325683594 -1.6935791969299316
22.75577163696289 299.62225341796875 -1.6935791969299316
22.265872955322266 295.6523742675781 -1.6935791969299316
21.77597427368164 291.6824951171875 -1.6935791969299316
21.286075592041016 287.7126159667969 -1.6935791969299316
20.79617691040039 283.74273681640625 -1.6935791969299316
20.306278228759766 279.7728576660156 -1.6935791969299316
19.81637954711914 275.802978515625 -1.6935791969299316
19.326480865478516 271.8330993652344 -1.6935791969299316
18.83658218383789 267.86322021484375 -1.6935791969299316
18.346683502197266 263.8933410644531 -1.6935791969299316
18.336015701293945 264.04998779296875 -1.3120169639587402
19.3596134185791 260.1831970214844 -1.3120181560516357
19.3596134185791 260.1831970214844 -1.7120181322097778
19.35183334350586 260.3400573730469 -1.3304588794708252
19.35183334350586 260.3400573730469 -1.3313863277435303
19.35183334350586 260.3400573730469 -1.7313863039016724
19.34709358215332 260.4970397949219 -1.3498268127441406
19.34709358215332 260.4970397949219 -1.349865436553955
19.34709358215332 260.4970397949219 -1.7498654127120972
19.34525489807129 260.6540832519531 -1.3683059215545654
19.34525489807129 260.6540832519531 -1.368312954902649
19.34525489807129 260.6540832519531 -1.768312931060791
19.3463134765625 260.8111267089844 -1.3867533206939697
19.3463134765625 260.8111267089844 -1.386756181716919
19.3463134765625 260.8111267089844 -1.786756157875061
19.35026741027832 260.9681091308594 -1.4051965475082397
19.35026741027832 260.9681091308594 -1.4051976203918457
19.35026741027832 260.9681091308594 -1.8051975965499878
19.35711669921875 261.125 -1.4236379861831665
19.35711669921875 261.125 -1.4236390590667725
19.35711669921875 261.125 -1.8236390352249146
19.366857528686523 261.28173828125 -1.4420794248580933
19.366857528686523 261.28173828125 -1.4420804977416992
19.366857528686523 261.28173828125 -1.8420804738998413
19.379486083984375 261.4382629394531 -1.46052086353302
19.379486083984375 261.4382629394531 -1.460521936416626
19.379486083984375 261.4382629394531 -1.860521912574768
19.395000457763672 261.59454345703125 -1.4789623022079468
19.395000457763672 261.59454345703125 -1.4789633750915527
19.395000457763672 261.59454345703125 -1.8789633512496948
19.413393020629883 261.7505187988281 -1.4974037408828735
19.413393020629883 261.7505187988281 -1.4974050521850586
19.413393020629883 261.7505187988281 -1.497406244277954
19.413393020629883 261.7505187988281 -1.4974074363708496
19.413393020629883 261.7505187988281 -1.4974086284637451
19.413393020629883 261.7505187988281 -1.4974098205566406
19.413393020629883 261.7505187988281 -1.4974110126495361
19.413393020629883 261.7505187988281 -1.4974122047424316
19.413393020629883 261.7505187988281 -1.4974133968353271
19.413393020629883 261.7505187988281 -1.4974145889282227
19.413393020629883 261.7505187988281 -1.4974157810211182
