-390.0
-390.0
-390.0
-390.0
-390.0
-390.0
-390.14285335145996
-390.14285335145996
-390.286104272718
-390.286104272718
-390.42969133164314
-390.42969133164314
-390.5735531574016
-390.5735531574016
-390.7176284398715
-390.7176284398715
-390.86185593111065
-390.86185593111065
-391.0062049627136
-391.0062049627136
-391.15058389411223
-391.15058389411223
-391.29496218211244
-391.29496218211244
-391.4392788280467
-391.4392788280467
-391.5835034128135
-391.5835034128135
-391.7275445446684
-391.7275445446684
-391.8713414106963
-392.0097158174452
-392.0097158174452
-392.14888709201455
-392.14888709201455
-392.2887933824049
-392.2887933824049
-392.42937289175967
-392.42937289175967
-392.57056387632736
-392.57056387632736
-392.71233516493925
-392.71233516493925
-392.8546251331201
-392.8546251331201
-392.99737220703145
-392.99737220703145
-393.14051487663204
-393.14051487663204
-393.28402221249365
-393.28402221249365
-393.427802307314
-393.427802307314
-393.5718243493786
-393.5718243493786
-393.7160270739077
-393.7160270739077
-393.8603492812902
-393.8603492812902
-394.004729829987
-394.004729829987
-394.1491381576891
-394.1491381576891
-394.2934827360397
-394.2934827360397
-394.43773313327904
-394.43773313327904
-394.5818284576895
-394.581279179703
-394.7251586094665
-394.86332035665384
-394.86332035665384
-395.00227704860157
-395.00227704860157
-395.1419973315408
-395.1419973315408
-395.282419386719
-395.282419386719
-395.4234814540652
-395.4234814540652
-395.5651218291451
-395.5651218291451
-395.7072788638745
-395.7072788638745
-395.8499214847732
-395.8499214847732
-395.9929881646185
-395.9929881646185
-396.1363869177813
-396.1363869177813
-396.28011737081493
-396.28011737081493
-396.42408766409426
-396.42408766409426
-396.56823651628685
-396.56823651628685
-396.7125332179311
-396.7125332179311
-396.8569166161895
-396.8569166161895
-397.00132561960334
-397.00132561960334
-397.14569919797344
-397.14569919797344
-397.2899763822416
-397.2899763822416
-397.434096270796
-397.5898258010134
-397.5898258010134
-397.7279053144964
-397.7279053144964
-397.86680776634086
-397.86680776634086
-398.00647126467493
-398.00647126467493
-398.1468339851366
-398.1468339851366
-398.28783415774876
-398.28783415774876
-398.4294100586786
-398.4294100586786
-398.5715305455905
-398.5715305455905
-398.71413402471563
-398.71413402471563
-398.85715895081194
-398.85715895081194
-399.000543846304
-399.000543846304
-399.14422729276464
-399.14422729276464
-399.28817845882367
-399.28817845882367
-399.43233605596157
-399.43233605596157
-399.5766083386735
-399.5766083386735
-399.720964657033
-399.720964657033
-399.8653744320703
-399.8653744320703
-400.0097461107081
-400.0097461107081
-400.15401871804846
-400.15401871804846
-400.29816185725497
-400.4352170602026
-400.4352170602026
-400.5733379965055
-400.5733379965055
-400.71203511012516
-400.71203511012516
-400.85152136246495
-400.85152136246495
-400.9917043828974
-400.9917043828974
-401.1325528881234
-401.1325528881234
-401.27400514331674
-401.27400514331674
-401.41599946902954
-401.41599946902954
-401.55847425486076
-401.55847425486076
-401.70139845218785
-401.70139845218785
-401.8447105522775
-401.8447105522775
-401.98834913134885
-401.98834913134885
-402.13225282522546
-402.13225282522546
-402.2763603158043
-402.2763603158043
-402.42061035838407
-402.42061035838407
-402.56497228585516
-402.56497228585516
-402.70935447049084
-402.70935447049084
-402.8537263797501
-402.8537263797501
-402.9980270240174
-402.9980270240174
-403.14222599124184
-403.27902215386973
-403.27902215386973
-403.41669834088026
-403.41669834088026
-403.55522309381314
-403.55522309381314
-403.69453448680616
-403.69453448680616
-403.8345706449315
-403.8345706449315
-403.97526976102444
-403.97526976102444
-404.1165700657261
-404.1165700657261
-404.25844037701756
-404.25844037701756
-404.40081905105563
-404.40081905105563
-404.54364450018335
-404.54364450018335
-404.6868552276393
-404.6868552276393
-404.83042027834455
-404.83042027834455
-404.9742477551493
-404.9742477551493
-405.1183068374192
-405.1183068374192
-405.26253626391554
-405.26253626391554
-405.40687485068094
-405.40687485068094
-405.55126145626076
-405.55126145626076
-405.69566553386227
-405.69566553386227
-405.83999556208516
-405.83999556208516
-405.9842211138265
-406.1207914295734
-406.1207914295734
-406.25826978141595
-406.25826978141595
-406.396594155337
-406.396594155337
-406.5357026041373
-406.5357026041373
-406.67556374819213
-406.67556374819213
-406.81611576161123
-406.81611576161123
-406.9572968520078
-406.9572968520078
-407.09904528005785
-407.09904528005785
-407.24129940125107
-407.24129940125107
-407.38402812419184
-407.38402812419184
-407.52713940028013
-407.52713940028013
-407.6706022727587
-407.6706022727587
-407.81438586389737
-407.81438586389737
-407.9583982781915
-407.9583982781915
-408.1025782593316
-408.1025782593316
-408.2468951064021
-408.2468951064021
-408.3912876607517
-408.3912876607517
-408.53569484454187
-408.53569484454187
-408.6800556181867
-408.6800556181867
-408.8243090653418
-408.8243090653418
-408.9683942650356
-409.1056405786822
-409.1056405786822
-409.2437612251467
-409.2437612251467
-409.3826942386735
-409.3826942386735
-409.522377680562
-409.522377680562
-409.6627496844268
-409.6627496844268
-409.8037789758473
-409.8037789758473
-409.9453733000513
-409.9453733000513
-410.08750149066265
-410.08750149066265
-410.2301019193244
-410.2301019193244
-410.37314353036066
-410.37314353036066
-410.51653433911537
-410.51653433911537
-410.6602434041216
-410.6602434041216
-410.8042093734038
-410.8042093734038
-410.94837095368695
-410.94837095368695
-411.0926669105317
-411.0926669105317
-411.2370360931567
-411.2370360931567
-411.3814478774466
-411.3814478774466
-411.5258107385773
-411.5258107385773
-411.67009421994425
-411.67009421994425
-411.8142374314062
-411.9512847602547
-411.9512847602547
-412.08920412869037
-412.08920412869037
-412.2279335510957
-412.2279335510957
-412.36744158181625
-412.36744158181625
-412.5076358429928
-412.5076358429928
-412.64851553299235
-412.64851553299235
-412.7899883515349
-412.7899883515349
-412.9319926224261
-412.9319926224261
-413.07449718696785
-413.07449718696785
-413.2174405067879
-413.2174405067879
-413.360761045288
-413.360761045288
-413.5043973500732
-413.5043973500732
-413.6482880541643
-413.6482880541643
-413.7924023374001
-413.7924023374001
-413.9366484323002
-413.9366484323002
-414.080995663462
-414.080995663462
-414.22538292561467
-414.22538292561467
-414.3697491722433
-414.3697491722433
-414.51406393220503
-414.51406393220503
-414.65823575935633
-414.79505610615075
-414.79505610615075
-414.93274616027156
-414.93274616027156
-415.07127437546256
-415.07127437546256
-415.21057882317376
-415.21057882317376
-415.35062811258473
-415.35062811258473
-415.4913298700238
-415.4913298700238
-415.6326528064844
-415.6326528064844
-415.77453523005363
-415.77453523005363
-415.9169154419015
-415.9169154419015
-416.059762375858
-416.059762375858
-416.20298398868454
-416.20298398868454
-416.346549295287
-416.346549295287
-416.4903969135372
-416.4903969135372
-416.634465519082
-416.634465519082
-416.7786938137479
-416.7786938137479
-416.9230206207602
-416.9230206207602
-417.0674153064502
-417.0674153064502
-417.21181681067156
-417.21181681067156
-417.3561641315336
-417.3561641315336
-417.50039632526534
-417.64442891519155
-417.64442891519155
-417.78198254214533
-417.78198254214533
-417.9203718309878
-417.9203718309878
-418.0595653557747
-418.0595653557747
-418.1994706746227
-418.1994706746227
-418.34005639458957
-418.34005639458957
-418.4812607584538
-418.4812607584538
-418.6230525104831
-418.6230525104831
-418.7653394493589
-418.7653394493589
-418.90809046065834
-418.90809046065834
-419.05124403841955
-419.05124403841955
-419.194738663118
-419.194738663118
-419.33854342259133
-419.33854342259133
-419.4825664643116
-419.4825664643116
-419.62677702583056
-419.62677702583056
-419.77111385062227
-419.77111385062227
-419.9154853300023
-419.9154853300023
-420.05989135567825
-420.05989135567825
-420.20424043484064
-420.20424043484064
-420.34847161323336
-420.48490516407435
-420.48490516407435
-420.6222339279031
-420.6222339279031
-420.76042644997693
-420.76042644997693
-420.89942066221744
-420.89942066221744
-421.03915465407556
-421.03915465407556
-421.17959704434804
-421.17959704434804
-421.3206554699227
-421.3206554699227
-421.4622986892119
-421.4622986892119
-421.60446499754835
-421.60446499754835
-421.7471232599683
-421.7471232599683
-421.8901814024555
-421.8901814024555
-422.0336084386058
-422.0336084386058
-422.17734292192904
-422.17734292192904
-422.321323462264
-422.321323462264
-422.4654887653076
-422.4654887653076
-422.6097775940326
-422.6097775940326
-422.7541592847695
-422.7541592847695
-422.89854223864995
-422.89854223864995
-423.04289594625595
-423.04289594625595
-423.18715943958716
-423.32337316213324
-423.32337316213324
-423.46051015758576
-423.46051015758576
-423.5985083234686
-423.5985083234686
-423.73730564360216
-423.73730564360216
-423.87687066566093
-423.87687066566093
-424.0171414703552
-424.0171414703552
-424.1580561882172
-424.1580561882172
-424.2995835581228
-424.2995835581228
-424.4416313399528
-424.4416313399528
-424.584168378221
-424.584168378221
-424.7271330979977
-424.7271330979977
-424.8704639367208
-424.8704639367208
-425.0141299451917
-425.0141299451917
-425.1580392417407
-425.1580392417407
-425.3021609896599
-425.3021609896599
-425.44643397921857
-425.44643397921857
-425.5907969716748
-425.5907969716748
-425.7351888714263
-425.7351888714263
-425.87957915567057
-425.87957915567057
-426.02387632736907
-426.1598423250513
-426.1598423250513
-426.2967595658757
-426.2967595658757
-426.43456592413054
-426.43456592413054
-426.57319931905016
-426.57319931905016
-426.7125977608759
-426.7125977608759
-426.85269930828485
-426.85269930828485
-426.99347258466673
-426.99347258466673
-427.1348557939195
-427.1348557939195
-427.27678719196047
-427.27678719196047
-427.4192356026843
-427.4192356026843
-427.56210887254366
-427.56210887254366
-427.7053759791561
-427.7053759791561
-427.84897543984744
-427.84897543984744
-427.9928458273739
-427.9928458273739
-428.13692581721904
-428.13692581721904
-428.2811540942732
-428.2811540942732
-428.425500009109
-428.425500009109
-428.56990240680744
-428.56990240680744
-428.7143002362091
-428.7143002362091
-428.8586325028367
-428.99438393566794
-428.99438393566794
-429.13108396689677
-429.13108396689677
-429.268670494507
-429.268670494507
-429.4071118803381
-429.4071118803381
-429.5463156467881
-429.5463156467881
-429.68625029719425
-429.68625029719425
-429.8268844317985
-429.8268844317985
-429.9681257202592
-429.9681257202592
-430.1099428637314
-430.1099428637314
-430.2522742001256
-430.2522742001256
-430.3950580705804
-430.3950580705804
-430.5382329202207
-430.5382329202207
-430.6817371979672
-430.6817371979672
-430.8255400237918
-430.8255400237918
-430.9695800075951
-430.9695800075951
-431.11379586594705
-431.11379586594705
-431.25812637157924
-431.25812637157924
-431.4025103534893
-431.4025103534893
-431.54691726295925
-431.54691726295925
-431.6912555268888
-431.82676454562227
-431.82676454562227
-431.96325002732465
-431.96325002732465
-432.1006192310491
-432.1006192310491
-432.23884059304237
-432.23884059304237
-432.3778825958559
-432.3778825958559
-432.51765268671244
-432.51765268671244
-432.65811944272355
-432.65811944272355
-432.7992210294113
-432.7992210294113
-432.9408956633333
-432.9408956633333
-433.08311207282156
-433.08311207282156
-433.22577811775915
-433.22577811775915
-433.3688626859735
-433.3688626859735
-433.5123042591259
-433.5123042591259
-433.65604137344263
-433.65604137344263
-433.8000126751481
-433.8000126751481
-433.94418732525924
-433.94418732525924
-434.08850408105667
-434.08850408105667
-434.2328712965807
-434.2328712965807
-434.37725835542534
-434.37725835542534
-434.5216041827677
-434.6568734194552
-434.6568734194552
-434.79311636401127
-434.79311636401127
-434.9303013882492
-434.9303013882492
-435.0683357666666
-435.0683357666666
-435.2071879595087
-435.2071879595087
-435.34679590212033
-435.34679590212033
-435.4870976919316
-435.4870976919316
-435.628061874103
-435.628061874103
-435.76962670298735
-435.76962670298735
-435.9117303680872
-435.9117303680872
-436.05431122733523
-436.05431122733523
-436.19730763297036
-436.19730763297036
-436.3406579901926
-436.3406579901926
-436.48433139003504
-436.48433139003504
-436.6282664052641
-436.6282664052641
-436.7724016634199
-436.7724016634199
-436.91667596598984
-436.91667596598984
-437.06102805125556
-437.06102805125556
-437.2054273457659
-437.2054273457659
-437.34981281787253
-437.4848449741431
-437.4848449741431
-437.6208786027955
-437.6208786027955
-437.7578514201861
-437.7578514201861
-437.8957013061015
-437.8957013061015
-438.03436612434274
-438.03436612434274
-438.1738143589845
-438.1738143589845
-438.31398396560235
-438.31398396560235
-438.4548130713909
-438.4548130713909
-438.59623985363544
-438.59623985363544
-438.7382024775023
-438.7382024775023
-438.88066973503453
-438.88066973503453
-439.02358001998704
-439.02358001998704
-439.16687171601467
-439.16687171601467
-439.31048332330744
-439.31048332330744
-439.4543534597102
-439.4543534597102
-439.5984512474757
-439.5984512474757
-439.74271535011206
-439.74271535011206
-439.8870541002771
-439.8870541002771
-440.03143684886726
-440.16521116240506
-440.16521116240506
-440.30001558613657
-440.30001558613657
-440.43581827795003
-440.43581827795003
-440.57258750056917
-440.57258750056917
-440.71023053282937
-440.71023053282937
-440.84871572316956
-440.84871572316956
-440.9879810179753
-440.9879810179753
-441.1279644104361
-441.1279644104361
-441.2686344542204
-441.2686344542204
-441.4099292384937
-441.4099292384937
-441.5517869693665
-441.5517869693665
-441.6941459039127
-441.6941459039127
-441.8369444187897
-441.8369444187897
-441.9801513879263
-441.9801513879263
-442.1237052250534
-442.1237052250534
-442.26751402128747
-442.26751402128747
-442.41157746018797
-442.41157746018797
-442.5558036732183
-442.5558036732183
-442.70013142761223
-442.70013142761223
-442.8444995454452
-442.9780215033809
-442.9780215033809
-443.1126008643497
-443.1126008643497
-443.24820582346945
-443.24820582346945
-443.38474359161944
-443.38474359161944
-443.5222128879254
-443.5222128879254
-443.66052107797464
-443.66052107797464
-443.7996060137259
-443.7996060137259
-443.93943617607005
-443.93943617607005
-444.0799495807674
-444.0799495807674
-444.22111480368125
-444.22111480368125
-444.3628395178065
-444.3628395178065
-444.50509247083295
-444.50509247083295
-444.64781194940906
-444.64781194940906
-444.7909363649771
-444.7909363649771
-444.9344041085082
-444.9344041085082
-445.07815377040725
-445.07815377040725
-445.2221544334854
-445.2221544334854
-445.3663447223865
-445.3663447223865
-445.5106633894697
-445.5106633894697
-445.6550493152262
-445.78832176728247
-445.78832176728247
-445.92267894354217
-445.92267894354217
-446.05805842563785
-446.05805842563785
-446.19439790918335
-446.19439790918335
-446.33166564276405
-446.33166564276405
-446.4697994056819
-446.4697994056819
-446.60873709719624
-446.60873709719624
-446.74841658560484
-446.74841658560484
-446.88880637305834
-446.88880637305834
-447.0298139864707
-447.0298139864707
-447.17140810139205
-447.17140810139205
-447.313557443266
-447.313557443266
-447.45616976562695
-447.45616976562695
-447.59921389568336
-447.59921389568336
-447.7425977682787
-447.7425977682787
-447.886290393423
-447.886290393423
-448.03023040156415
-448.03023040156415
-448.17438683086823
-448.17438683086823
-448.318667986575
-448.4519737180877
-448.4519737180877
-448.5850364132956
-448.5850364132956
-448.71918026327046
-448.71918026327046
-448.8543428166998
-448.8543428166998
-448.9904921710738
-448.9904921710738
-449.12756603358963
-449.12756603358963
-449.2655022351536
-449.2655022351536
-449.4042689976893
-449.4042689976893
-449.54380432203874
-449.54380432203874
-449.6840460913784
-449.6840460913784
-449.8249324005248
-449.8249324005248
-449.9664317373423
-449.9664317373423
-450.10845186662004
-450.10845186662004
-450.25096154141966
-450.25096154141966
-450.39389905517834
-450.39389905517834
-450.53723326284995
-450.53723326284995
-450.68087221872645
-450.68087221872645
-450.8247849666895
-450.8247849666895
-450.9689100934045
-450.9689100934045
-451.11150590768335
-451.2431612478584
-451.2431612478584
-451.37595668551245
-451.37595668551245
-451.50986012349597
-451.50986012349597
-451.6448091612633
-451.6448091612633
-451.78074135116094
-451.78074135116094
-451.9176248808906
-451.9176248808906
-452.05539746981776
-452.05539746981776
-452.1939968798744
-452.1939968798744
-452.3333914260533
-452.3333914260533
-452.4734581158341
-452.4734581158341
-452.61419586549476
-452.61419586549476
-452.7555427960382
-452.7555427960382
-452.89743707767093
-452.89743707767093
-453.03987785971606
-453.03987785971606
-453.1827424825842
-453.1827424825842
-453.3259692674819
-453.3259692674819
-453.4695576949217
-453.4695576949217
-453.61338526105567
-453.61338526105567
-453.75745164115887
-453.75745164115887
-449.79852315683627
-445.8403278033592
-441.8828852819332
-437.9262160020898
-433.9703411136243
-430.0152825402666
-426.0610630151959
-422.1077061185162
-418.15523631682066
-414.2036790049795
-410.2530605502994
-406.30340833920974
-402.3547508266469
-398.40711758831713
-394.4605393760354
-390.5150481763511
-386.57067727269026
-382.6274613112584
-378.685436370973
-374.74464003771067
-370.80511148318334
-366.8668915487772
-362.93002283472214
-358.99454979498665
-355.0605188383269
-351.1279784359574
-347.1969792363493
-343.2675741877075
-339.33981866872637
-335.413770628277
-331.48949073473847
-327.5670425357497
-323.64649262923047
-319.7279108465993
-315.8113704492016
-311.8969483390601
-307.98472510998533
-304.0747858057965
-300.1672196768356
-296.26212062650734
-292.3595875144537
-288.4597244834029
-284.56264131184327
-280.66845379489604
-276.7772841560077
-272.88926149236073
-269.00452225720943
-265.1232107826959
-261.24547984708744
-257.37149129081286
-253.50141668616337
-249.63543806607174
-245.77374871800305
-241.9165540496837
-238.064072534181
-234.21653674273068
-230.37419447470864
-226.53730999527585
-222.70616539250406
-218.88106206724214
-215.0623223706265
-215.20577781248977
-211.2173862782653
-211.09539045923984
-211.25602959064344
-210.46984441508292
-210.46984441508292
-207.31005944405953
-204.17973957544157
-204.17973957544157
-204.17973957544157
-204.17973957544157
-204.17973957544157
-204.17973957544157
-204.17973957544157
-204.17973957544157
-204.17973957544157
-204.17973957544157
-204.17973957544157
