60.0 450.0 0.38539817929267883
60.0 450.0 -0.014601826667785645
60.0 450.0 -0.4146018326282501
60.0 450.0 -0.8146018385887146
60.0 450.0 -1.2146018743515015
60.0 450.0 -1.6146018505096436
59.97894287109375 450.1428527832031 -1.2343153953552246
59.97894287109375 450.1428527832031 -1.6343153715133667
59.96070861816406 450.2861022949219 -1.2540289163589478
59.96070861816406 450.2861022949219 -1.6540288925170898
59.9453010559082 450.4296875 -1.273742437362671
59.9453010559082 450.4296875 -1.673742413520813
59.93272399902344 450.57354736328125 -1.293455958366394
59.93272399902344 450.57354736328125 -1.6934559345245361
59.9229850769043 450.7176208496094 -1.3131694793701172
59.9229850769043 450.7176208496094 -1.7131694555282593
59.91608810424805 450.8618469238281 -1.3328830003738403
59.91608810424805 450.8618469238281 -1.7328829765319824
59.91203689575195 451.0061950683594 -1.3525965213775635
59.91203689575195 451.0061950683594 -1.7525964975357056
59.910831451416016 451.15057373046875 -1.3723100423812866
59.910831451416016 451.15057373046875 -1.7723100185394287
59.912471771240234 451.2949523925781 -1.3920235633850098
59.912471771240234 451.2949523925781 -1.7920235395431519
59.91695785522461 451.43927001953125 -1.411737084388733
59.91695785522461 451.43927001953125 -1.811737060546875
59.92428970336914 451.58349609375 -1.431450605392456
59.92428970336914 451.58349609375 -1.8314505815505981
59.93446350097656 451.7275390625 -1.4511641263961792
59.93446350097656 451.7275390625 -1.8511641025543213
59.94747543334961 451.871337890625 -1.4708776473999023
59.90617752075195 452.00970458984375 -1.0905911922454834
59.90617752075195 452.00970458984375 -1.4905911684036255
59.86761474609375 452.14886474609375 -1.1103047132492065
59.86761474609375 452.14886474609375 -1.5103046894073486
59.83180236816406 452.28875732421875 -1.1300182342529297
59.83180236816406 452.28875732421875 -1.5300182104110718
59.79875183105469 452.4293212890625 -1.1497317552566528
59.79875183105469 452.4293212890625 -1.549731731414795
59.76847839355469 452.57049560546875 -1.169445276260376
59.76847839355469 452.57049560546875 -1.569445252418518
59.740997314453125 452.7122497558594 -1.1891587972640991
59.740997314453125 452.7122497558594 -1.5891587734222412
59.716312408447266 452.8545227050781 -1.2088723182678223
59.716312408447266 452.8545227050781 -1.6088722944259644
59.69443893432617 452.99725341796875 -1.2285858392715454
59.69443893432617 452.99725341796875 -1.6285858154296875
59.675384521484375 453.140380859375 -1.2482993602752686
59.675384521484375 453.140380859375 -1.6482993364334106
59.65915298461914 453.28387451171875 -1.2680128812789917
59.65915298461914 453.28387451171875 -1.6680128574371338
59.645751953125 453.4276428222656 -1.2877264022827148
59.645751953125 453.4276428222656 -1.687726378440857
59.635189056396484 453.5716552734375 -1.307439923286438
59.635189056396484 453.5716552734375 -1.70743989944458
59.62746810913086 453.7158508300781 -1.3271534442901611
59.62746810913086 453.7158508300781 -1.7271534204483032
59.622589111328125 453.86016845703125 -1.3468669652938843
59.622589111328125 453.86016845703125 -1.7468669414520264
59.62055587768555 454.0045471191406 -1.3665804862976074
59.62055587768555 454.0045471191406 -1.7665804624557495
59.62137222290039 454.1489562988281 -1.3862940073013306
59.62137222290039 454.1489562988281 -1.7862939834594727
59.62503433227539 454.2933044433594 -1.4060075283050537
59.62503433227539 454.2933044433594 -1.8060075044631958
59.63153839111328 454.43756103515625 -1.4257210493087769
59.63153839111328 454.43756103515625 -1.825721025466919
59.64088439941406 454.5816650390625 -1.4454345703125
59.64088439941406 454.5816650390625 -1.845434546470642
59.653072357177734 454.7255554199219 -1.4651480913162231
59.61098098754883 454.8636779785156 -1.0848616361618042
59.61098098754883 454.8636779785156 -1.4848616123199463
59.57162094116211 455.0025939941406 -1.1045751571655273
59.57162094116211 455.0025939941406 -1.5045751333236694
59.53500747680664 455.14227294921875 -1.1242886781692505
59.53500747680664 455.14227294921875 -1.5242886543273926
59.50115203857422 455.28265380859375 -1.1440021991729736
59.50115203857422 455.28265380859375 -1.5440021753311157
59.47007369995117 455.4236755371094 -1.1637157201766968
59.47007369995117 455.4236755371094 -1.5637156963348389
59.44178009033203 455.5652770996094 -1.18342924118042
59.44178009033203 455.5652770996094 -1.583429217338562
59.416282653808594 455.7073974609375 -1.203142762184143
59.416282653808594 455.7073974609375 -1.6031427383422852
59.393592834472656 455.8500061035156 -1.2228562831878662
59.393592834472656 455.8500061035156 -1.6228562593460083
59.37371826171875 455.9930419921875 -1.2425698041915894
59.37371826171875 455.9930419921875 -1.6425697803497314
59.356666564941406 456.1364440917969 -1.2622833251953125
59.356666564941406 456.1364440917969 -1.6622833013534546
59.342445373535156 456.2801513671875 -1.2819968461990356
59.342445373535156 456.2801513671875 -1.6819968223571777
59.331058502197266 456.4241027832031 -1.3017103672027588
59.331058502197266 456.4241027832031 -1.7017103433609009
59.322509765625 456.5682373046875 -1.321423888206482
59.322509765625 456.5682373046875 -1.721423864364624
59.31680679321289 456.7125244140625 -1.341137409210205
59.31680679321289 456.7125244140625 -1.7411373853683472
59.31394577026367 456.8569030761719 -1.3608509302139282
59.31394577026367 456.8569030761719 -1.7608509063720703
59.313934326171875 457.0013122558594 -1.3805644512176514
59.313934326171875 457.0013122558594 -1.7805644273757935
59.316768646240234 457.14569091796875 -1.4002779722213745
59.316768646240234 457.14569091796875 -1.8002779483795166
59.32244873046875 457.28997802734375 -1.4199914932250977
59.32244873046875 457.28997802734375 -1.8199914693832397
59.330970764160156 457.4341125488281 -1.4397050142288208
59.330970764160156 457.4341125488281 -1.839704990386963
59.34233093261719 457.57806396484375 -1.459418535232544
59.34233093261719 457.57806396484375 -1.859418511390686
59.356529235839844 457.7217712402344 -1.479132056236267
59.31637191772461 457.8604736328125 -1.0988456010818481
59.31637191772461 457.8604736328125 -1.4988455772399902
59.27895736694336 457.99993896484375 -1.1185591220855713
59.27895736694336 457.99993896484375 -1.5185590982437134
59.244300842285156 458.1401062011719 -1.1382726430892944
59.244300842285156 458.1401062011719 -1.5382726192474365
59.2124137878418 458.28094482421875 -1.1579861640930176
59.2124137878418 458.28094482421875 -1.5579861402511597
59.18330764770508 458.4223937988281 -1.1776996850967407
59.18330764770508 458.4223937988281 -1.5776996612548828
59.15699768066406 458.5643615722656 -1.1974132061004639
59.15699768066406 458.5643615722656 -1.597413182258606
59.13349151611328 458.70684814453125 -1.217126727104187
59.13349151611328 458.70684814453125 -1.617126703262329
59.112796783447266 458.8497619628906 -1.2368402481079102
59.112796783447266 458.8497619628906 -1.6368402242660522
59.09492492675781 458.9930419921875 -1.2565537691116333
59.09492492675781 458.9930419921875 -1.6565537452697754
59.07987976074219 459.13665771484375 -1.2762672901153564
59.07987976074219 459.13665771484375 -1.6762672662734985
59.06766891479492 459.2805480957031 -1.2959808111190796
59.06766891479492 459.2805480957031 -1.6959807872772217
59.05829620361328 459.4246520996094 -1.3156943321228027
59.05829620361328 459.4246520996094 -1.7156943082809448
59.05176544189453 459.56890869140625 -1.3354078531265259
59.05176544189453 459.56890869140625 -1.735407829284668
59.04808044433594 459.7132568359375 -1.355121374130249
59.04808044433594 459.7132568359375 -1.7551213502883911
59.0472412109375 459.857666015625 -1.3748348951339722
59.0472412109375 459.857666015625 -1.7748348712921143
59.04924774169922 460.0020446777344 -1.3945484161376953
59.04924774169922 460.0020446777344 -1.7945483922958374
59.054100036621094 460.1463623046875 -1.4142619371414185
59.054100036621094 460.1463623046875 -1.8142619132995605
59.06179428100586 460.2905578613281 -1.4339754581451416
59.06179428100586 460.2905578613281 -1.8339754343032837
59.072330474853516 460.4345703125 -1.4536889791488647
59.072330474853516 460.4345703125 -1.8536884784698486
59.0857048034668 460.5783386230469 -1.4734020233154297
59.04475402832031 460.716796875 -1.0931155681610107
59.04475402832031 460.716796875 -1.4931155443191528
59.00654220581055 460.8560485839844 -1.1128290891647339
59.00654220581055 460.8560485839844 -1.512829065322876
58.9710807800293 460.99603271484375 -1.132542610168457
58.9710807800293 460.99603271484375 -1.5325425863265991
58.938385009765625 461.1366882324219 -1.1522561311721802
58.938385009765625 461.1366882324219 -1.5522561073303223
58.908470153808594 461.2779541015625 -1.1719696521759033
58.908470153808594 461.2779541015625 -1.5719696283340454
58.881343841552734 461.4197692871094 -1.1916831731796265
58.881343841552734 461.4197692871094 -1.5916831493377686
58.85702133178711 461.5621032714844 -1.2113966941833496
58.85702133178711 461.5621032714844 -1.6113966703414917
58.835506439208984 461.70489501953125 -1.2311102151870728
58.835506439208984 461.70489501953125 -1.6311101913452148
58.816810607910156 461.84808349609375 -1.250823736190796
58.816810607910156 461.84808349609375 -1.650823712348938
58.800941467285156 461.9916076660156 -1.270537257194519
58.800941467285156 461.9916076660156 -1.6705372333526611
58.787906646728516 462.1354064941406 -1.2902507781982422
58.787906646728516 462.1354064941406 -1.6902507543563843
58.777706146240234 462.2794494628906 -1.3099642992019653
58.777706146240234 462.2794494628906 -1.7099642753601074
58.770347595214844 462.42364501953125 -1.3296778202056885
58.770347595214844 462.42364501953125 -1.7296777963638306
58.76583480834961 462.5679626464844 -1.3493913412094116
58.76583480834961 462.5679626464844 -1.7493913173675537
58.76416778564453 462.71234130859375 -1.3691048622131348
58.76416778564453 462.71234130859375 -1.7691048383712769
58.76534652709961 462.8567199707031 -1.388818383216858
58.76534652709961 462.8567199707031 -1.788818359375
58.769371032714844 463.0010681152344 -1.408531904220581
58.769371032714844 463.0010681152344 -1.8085318803787231
58.776241302490234 463.1452941894531 -1.4282454252243042
58.776241302490234 463.1452941894531 -1.8282454013824463
58.785953521728516 463.28936767578125 -1.4479589462280273
58.72248458862305 463.489013671875 -1.0779998302459717
58.72248458862305 463.489013671875 -1.4779998064041138
58.68217086791992 463.627685546875 -1.0977133512496948
58.68217086791992 463.627685546875 -1.497713327407837
58.64459991455078 463.7671203613281 -1.117426872253418
58.64459991455078 463.7671203613281 -1.51742684841156
58.60978317260742 463.9072570800781 -1.1371403932571411
58.60978317260742 463.9072570800781 -1.5371403694152832
58.577735900878906 464.0480651855469 -1.1568539142608643
58.577735900878906 464.0480651855469 -1.5568538904190063
58.54846954345703 464.189453125 -1.1765674352645874
58.54846954345703 464.189453125 -1.5765674114227295
58.521995544433594 464.3313903808594 -1.1962809562683105
58.521995544433594 464.3313903808594 -1.5962809324264526
58.49832534790039 464.4738464355469 -1.2159944772720337
58.49832534790039 464.4738464355469 -1.6159944534301758
58.47747039794922 464.6167297363281 -1.2357079982757568
58.47747039794922 464.6167297363281 -1.635707974433899
58.459434509277344 464.760009765625 -1.25542151927948
58.459434509277344 464.760009765625 -1.655421495437622
58.4442253112793 464.9035949707031 -1.2751350402832031
58.4442253112793 464.9035949707031 -1.6751350164413452
58.43185043334961 465.0474548339844 -1.2948485612869263
58.43185043334961 465.0474548339844 -1.6948485374450684
58.42231369018555 465.1915283203125 -1.3145620822906494
58.42231369018555 465.1915283203125 -1.7145620584487915
58.415618896484375 465.3357849121094 -1.3342756032943726
58.415618896484375 465.3357849121094 -1.7342755794525146
58.41176986694336 465.4801330566406 -1.3539891242980957
58.41176986694336 465.4801330566406 -1.7539891004562378
58.4107666015625 465.6245422363281 -1.3737026453018188
58.4107666015625 465.6245422363281 -1.773702621459961
58.4126091003418 465.7689208984375 -1.393416166305542
58.4126091003418 465.7689208984375 -1.793416142463684
58.41729736328125 465.9132385253906 -1.4131296873092651
58.41729736328125 465.9132385253906 -1.8131296634674072
58.42483139038086 466.05743408203125 -1.4328432083129883
58.37827682495117 466.1942138671875 -1.052567958831787
58.37827682495117 466.1942138671875 -1.4525679349899292
58.334373474121094 466.3320617675781 -1.0723223686218262
58.334373474121094 466.3320617675781 -1.4723223447799683
58.29327392578125 466.4704895019531 -1.0920358896255493
58.29327392578125 466.4704895019531 -1.4920358657836914
58.25490951538086 466.6097106933594 -1.1117494106292725
58.25490951538086 466.6097106933594 -1.5117493867874146
58.21929931640625 466.7496337890625 -1.1314629316329956
58.21929931640625 466.7496337890625 -1.5314629077911377
58.18645477294922 466.8902587890625 -1.1511764526367188
58.18645477294922 466.8902587890625 -1.5511764287948608
58.15638732910156 467.031494140625 -1.170889973640442
58.15638732910156 467.031494140625 -1.570889949798584
58.12910842895508 467.17327880859375 -1.190603494644165
58.12910842895508 467.17327880859375 -1.5906034708023071
58.10462951660156 467.3155822753906 -1.2103170156478882
58.10462951660156 467.3155822753906 -1.6103169918060303
58.08296203613281 467.4583435058594 -1.2300305366516113
58.08296203613281 467.4583435058594 -1.6300305128097534
58.06411361694336 467.60150146484375 -1.2497440576553345
58.06411361694336 467.60150146484375 -1.6497440338134766
58.048091888427734 467.7449951171875 -1.2694575786590576
58.048091888427734 467.7449951171875 -1.6694575548171997
58.0349006652832 467.8887939453125 -1.2891710996627808
58.0349006652832 467.8887939453125 -1.6891710758209229
58.0245475769043 468.0328063964844 -1.308884620666504
58.0245475769043 468.0328063964844 -1.708884596824646
58.017032623291016 468.177001953125 -1.328598141670227
58.017032623291016 468.177001953125 -1.7285981178283691
58.01236343383789 468.3213195800781 -1.3483116626739502
58.01236343383789 468.3213195800781 -1.7483116388320923
58.01054000854492 468.4656982421875 -1.3680251836776733
58.01054000854492 468.4656982421875 -1.7680251598358154
58.01156234741211 468.610107421875 -1.3877387046813965
58.01156234741211 468.610107421875 -1.7877386808395386
58.01543045043945 468.75445556640625 -1.4074522256851196
58.01543045043945 468.75445556640625 -1.8074522018432617
58.02214431762695 468.8987121582031 -1.4271657466888428
57.97483825683594 469.03515625 -1.0468792915344238
57.97483825683594 469.03515625 -1.446879267692566
57.93022918701172 469.1724853515625 -1.0665929317474365
57.93022918701172 469.1724853515625 -1.4665929079055786
57.888336181640625 469.3106689453125 -1.0863064527511597
57.888336181640625 469.3106689453125 -1.4863064289093018
57.84917449951172 469.44964599609375 -1.1060199737548828
57.84917449951172 469.44964599609375 -1.506019949913025
57.81276321411133 469.5893859863281 -1.125733494758606
57.81276321411133 469.5893859863281 -1.525733470916748
57.77911376953125 469.72979736328125 -1.145447015762329
57.77911376953125 469.72979736328125 -1.5454469919204712
57.74823760986328 469.870849609375 -1.1651605367660522
57.74823760986328 469.870849609375 -1.5651605129241943
57.72014617919922 470.0124816894531 -1.1848740577697754
57.72014617919922 470.0124816894531 -1.5848740339279175
57.694854736328125 470.1546325683594 -1.2045875787734985
57.694854736328125 470.1546325683594 -1.6045875549316406
57.67237091064453 470.2972717285156 -1.2243010997772217
57.67237091064453 470.2972717285156 -1.6243010759353638
57.65270233154297 470.4403381347656 -1.2440146207809448
57.65270233154297 470.4403381347656 -1.644014596939087
57.63585662841797 470.583740234375 -1.263728141784668
57.63585662841797 470.583740234375 -1.66372811794281
57.62184143066406 470.7274475097656 -1.2834416627883911
57.62184143066406 470.7274475097656 -1.6834416389465332
57.610660552978516 470.87139892578125 -1.3031551837921143
57.610660552978516 470.87139892578125 -1.7031551599502563
57.60232162475586 471.01556396484375 -1.3228687047958374
57.60232162475586 471.01556396484375 -1.7228686809539795
57.596824645996094 471.15985107421875 -1.3425822257995605
57.596824645996094 471.15985107421875 -1.7425822019577026
57.594173431396484 471.3042297363281 -1.3622957468032837
57.594173431396484 471.3042297363281 -1.7622957229614258
57.59436798095703 471.4486389160156 -1.3820092678070068
57.59436798095703 471.4486389160156 -1.782009243965149
57.597408294677734 471.593017578125 -1.40172278881073
57.597408294677734 471.593017578125 -1.801722764968872
57.603294372558594 471.7373046875 -1.4214363098144531
57.603294372558594 471.7373046875 -1.8214362859725952
57.61202621459961 471.8814392089844 -1.4411498308181763
57.56663131713867 472.0185241699219 -1.0608633756637573
57.56663131713867 472.0185241699219 -1.4608633518218994
57.523948669433594 472.1564636230469 -1.0805768966674805
57.523948669433594 472.1564636230469 -1.4805768728256226
57.48399353027344 472.29522705078125 -1.1002904176712036
57.48399353027344 472.29522705078125 -1.5002903938293457
57.446781158447266 472.43475341796875 -1.1200039386749268
57.446781158447266 472.43475341796875 -1.5200039148330688
57.41232681274414 472.5749816894531 -1.13971745967865
57.41232681274414 472.5749816894531 -1.539717435836792
57.38064193725586 472.7158508300781 -1.159430980682373
57.38064193725586 472.7158508300781 -1.5594309568405151
57.351741790771484 472.8573303222656 -1.1791445016860962
57.351741790771484 472.8573303222656 -1.5791444778442383
57.32563400268555 472.9993591308594 -1.1988580226898193
57.32563400268555 472.9993591308594 -1.5988579988479614
57.30233383178711 473.1418762207031 -1.2185715436935425
57.30233383178711 473.1418762207031 -1.6185715198516846
57.28184509277344 473.2848205566406 -1.2382850646972656
57.28184509277344 473.2848205566406 -1.6382850408554077
57.26417922973633 473.4281311035156 -1.2579985857009888
57.26417922973633 473.4281311035156 -1.6579985618591309
57.24934005737305 473.57177734375 -1.277712106704712
57.24934005737305 473.57177734375 -1.677712082862854
57.237335205078125 473.7156677246094 -1.297425627708435
57.237335205078125 473.7156677246094 -1.6974256038665771
57.22816848754883 473.8597717285156 -1.3171391487121582
57.22816848754883 473.8597717285156 -1.7171391248703003
57.22184753417969 474.0040283203125 -1.3368526697158813
57.22184753417969 474.0040283203125 -1.7368526458740234
57.21836853027344 474.14837646484375 -1.3565661907196045
57.21836853027344 474.14837646484375 -1.7565661668777466
57.217735290527344 474.29278564453125 -1.3762797117233276
57.217735290527344 474.29278564453125 -1.7762796878814697
57.21995162963867 474.4371643066406 -1.3959932327270508
57.21995162963867 474.4371643066406 -1.7959932088851929
57.225013732910156 474.58148193359375 -1.415706753730774
57.225013732910156 474.58148193359375 -1.815706729888916
57.23291778564453 474.7256774902344 -1.435420274734497
57.18674087524414 474.86248779296875 -1.0551338195800781
57.18674087524414 474.86248779296875 -1.4551337957382202
57.14326858520508 475.00018310546875 -1.0748473405838013
57.14326858520508 475.00018310546875 -1.4748473167419434
57.10251998901367 475.1387023925781 -1.0945608615875244
57.10251998901367 475.1387023925781 -1.4945608377456665
57.064510345458984 475.27801513671875 -1.1142743825912476
57.064510345458984 475.27801513671875 -1.5142743587493896
57.02925109863281 475.41802978515625 -1.1339879035949707
57.02925109863281 475.41802978515625 -1.5339878797531128
56.996761322021484 475.5587158203125 -1.1537014245986938
56.996761322021484 475.5587158203125 -1.553701400756836
56.96704864501953 475.70001220703125 -1.173414945602417
56.96704864501953 475.70001220703125 -1.573414921760559
56.940128326416016 475.8418884277344 -1.1931284666061401
56.940128326416016 475.8418884277344 -1.5931284427642822
56.916011810302734 475.9842529296875 -1.2128419876098633
56.916011810302734 475.9842529296875 -1.6128419637680054
56.89470672607422 476.1270751953125 -1.2325555086135864
56.89470672607422 476.1270751953125 -1.6325554847717285
56.876220703125 476.2702941894531 -1.2522690296173096
56.876220703125 476.2702941894531 -1.6522690057754517
56.86056137084961 476.4138488769531 -1.2719825506210327
56.86056137084961 476.4138488769531 -1.6719825267791748
56.84773254394531 476.55767822265625 -1.2916960716247559
56.84773254394531 476.55767822265625 -1.691696047782898
56.83774185180664 476.70172119140625 -1.311409592628479
56.83774185180664 476.70172119140625 -1.711409568786621
56.83059310913086 476.845947265625 -1.3311231136322021
56.83059310913086 476.845947265625 -1.7311230897903442
56.826290130615234 476.99029541015625 -1.3508366346359253
56.826290130615234 476.99029541015625 -1.7508366107940674
56.824832916259766 477.1346740722656 -1.3705501556396484
56.824832916259766 477.1346740722656 -1.7705501317977905
56.82622146606445 477.279052734375 -1.3902636766433716
56.82622146606445 477.279052734375 -1.7902636528015137
56.8304557800293 477.42340087890625 -1.4099771976470947
56.8304557800293 477.42340087890625 -1.8099771738052368
56.83753204345703 477.567626953125 -1.4296907186508179
56.79056930541992 477.70416259765625 -1.049404263496399
56.79056930541992 477.70416259765625 -1.449404239654541
56.746307373046875 477.84161376953125 -1.069117784500122
56.746307373046875 477.84161376953125 -1.4691177606582642
56.70476531982422 477.97991943359375 -1.0888313055038452
56.70476531982422 477.97991943359375 -1.4888312816619873
56.66595458984375 478.1190185546875 -1.1085448265075684
56.66595458984375 478.1190185546875 -1.5085448026657104
56.6298942565918 478.25885009765625 -1.1282583475112915
56.6298942565918 478.25885009765625 -1.5282583236694336
56.59659957885742 478.39935302734375 -1.1479718685150146
56.59659957885742 478.39935302734375 -1.5479718446731567
56.566078186035156 478.5404968261719 -1.1676853895187378
56.566078186035156 478.5404968261719 -1.5676853656768799
56.53834533691406 478.6822204589844 -1.187398910522461
56.53834533691406 478.6822204589844 -1.587398886680603
56.51341247558594 478.824462890625 -1.207112431526184
56.51341247558594 478.824462890625 -1.6071124076843262
56.49128723144531 478.9671630859375 -1.2268259525299072
56.49128723144531 478.9671630859375 -1.6268259286880493
56.471981048583984 479.1102600097656 -1.2465394735336304
56.471981048583984 479.1102600097656 -1.6465394496917725
56.45549774169922 479.25372314453125 -1.2662529945373535
56.45549774169922 479.25372314453125 -1.6662529706954956
56.44184494018555 479.3974609375 -1.2859665155410767
56.44184494018555 479.3974609375 -1.6859664916992188
56.4310302734375 479.54144287109375 -1.3056800365447998
56.4310302734375 479.54144287109375 -1.705680012702942
56.42305374145508 479.68560791015625 -1.325393557548523
56.42305374145508 479.68560791015625 -1.725393533706665
56.41792297363281 479.8299255371094 -1.345107078552246
56.41792297363281 479.8299255371094 -1.7451070547103882
56.4156379699707 479.97430419921875 -1.3648205995559692
56.4156379699707 479.97430419921875 -1.7648205757141113
56.41619873046875 480.11871337890625 -1.3845341205596924
56.41619873046875 480.11871337890625 -1.7845340967178345
56.41960525512695 480.2630615234375 -1.4042476415634155
56.35199737548828 480.8763427734375 -1.5177574157714844
56.31722640991211 481.0164794921875 -1.1374709606170654
56.31722640991211 481.0164794921875 -1.5374709367752075
56.28522491455078 481.15728759765625 -1.1571844816207886
56.28522491455078 481.15728759765625 -1.5571844577789307
56.256004333496094 481.2987060546875 -1.1768980026245117
56.256004333496094 481.2987060546875 -1.5768979787826538
56.22957992553711 481.440673828125 -1.1966115236282349
56.22957992553711 481.440673828125 -1.596611499786377
56.20595932006836 481.5831298828125 -1.216325044631958
56.20595932006836 481.5831298828125 -1.6163250207901
56.185150146484375 481.72601318359375 -1.2360385656356812
56.185150146484375 481.72601318359375 -1.6360385417938232
56.16716003417969 481.8692932128906 -1.2557520866394043
56.16716003417969 481.8692932128906 -1.6557520627975464
56.152000427246094 482.01287841796875 -1.2754656076431274
56.152000427246094 482.01287841796875 -1.6754655838012695
56.139671325683594 482.15673828125 -1.2951791286468506
56.139671325683594 482.15673828125 -1.6951791048049927
56.130184173583984 482.3008117675781 -1.3148926496505737
56.130184173583984 482.3008117675781 -1.7148926258087158
56.123538970947266 482.445068359375 -1.3346061706542969
56.123538970947266 482.445068359375 -1.734606146812439
56.11973571777344 482.58941650390625 -1.35431969165802
56.11973571777344 482.58941650390625 -1.754319667816162
56.118778228759766 482.73382568359375 -1.3740332126617432
56.118778228759766 482.73382568359375 -1.7740331888198853
56.120670318603516 482.8782043457031 -1.3937467336654663
56.120670318603516 482.8782043457031 -1.7937467098236084
56.12540817260742 483.02252197265625 -1.4134602546691895
56.07573318481445 483.15972900390625 -1.03340744972229
56.07573318481445 483.15972900390625 -1.4334074258804321
56.02743911743164 483.3020935058594 -1.0540279150009155
56.02743911743164 483.3020935058594 -1.4540278911590576
55.98381423950195 483.43975830078125 -1.0737414360046387
55.98381423950195 483.43975830078125 -1.4737414121627808
55.942909240722656 483.5782470703125 -1.0934549570083618
55.942909240722656 483.5782470703125 -1.493454933166504
55.90474319458008 483.7174987792969 -1.113168478012085
55.90474319458008 483.7174987792969 -1.513168454170227
55.86933135986328 483.85748291015625 -1.132881999015808
55.86933135986328 483.85748291015625 -1.5328819751739502
55.83668518066406 483.9981384277344 -1.1525955200195312
55.83668518066406 483.9981384277344 -1.5525954961776733
55.80681610107422 484.139404296875 -1.1723090410232544
55.80681610107422 484.139404296875 -1.5723090171813965
55.77973937988281 484.28125 -1.1920225620269775
55.77973937988281 484.28125 -1.5920225381851196
55.755462646484375 484.423583984375 -1.2117360830307007
55.755462646484375 484.423583984375 -1.6117360591888428
55.7339973449707 484.5663757324219 -1.2314496040344238
55.7339973449707 484.5663757324219 -1.631449580192566
55.71535110473633 484.7095642089844 -1.251163125038147
55.71535110473633 484.7095642089844 -1.651163101196289
55.69953155517578 484.85308837890625 -1.2708766460418701
55.69953155517578 484.85308837890625 -1.6708766222000122
55.68654251098633 484.99688720703125 -1.2905901670455933
55.68654251098633 484.99688720703125 -1.6905901432037354
55.6763916015625 485.14093017578125 -1.3103036880493164
55.6763916015625 485.14093017578125 -1.7103036642074585
55.66908264160156 485.28515625 -1.3300172090530396
55.66908264160156 485.28515625 -1.7300171852111816
55.66461944580078 485.4294738769531 -1.3497307300567627
55.66461944580078 485.4294738769531 -1.7497307062149048
55.663002014160156 485.5738525390625 -1.3694442510604858
55.663002014160156 485.5738525390625 -1.769444227218628
55.66423034667969 485.7182312011719 -1.389157772064209
55.66423034667969 485.7182312011719 -1.789157748222351
55.668304443359375 485.8625793457031 -1.4088712930679321
55.61851119995117 485.99810791015625 -1.0285851955413818
55.61851119995117 485.99810791015625 -1.428585171699524
55.57139587402344 486.1346130371094 -1.04830002784729
55.57139587402344 486.1346130371094 -1.4483000040054321
55.526981353759766 486.2720031738281 -1.0680135488510132
55.526981353759766 486.2720031738281 -1.4680135250091553
55.485286712646484 486.4102478027344 -1.0877270698547363
55.485286712646484 486.4102478027344 -1.4877270460128784
55.44632339477539 486.5492858886719 -1.1074405908584595
55.44632339477539 486.5492858886719 -1.5074405670166016
55.41011047363281 486.6890563964844 -1.1271541118621826
55.41011047363281 486.6890563964844 -1.5271540880203247
55.37665939331055 486.82952880859375 -1.1468676328659058
55.37665939331055 486.82952880859375 -1.5468676090240479
55.34598159790039 486.97064208984375 -1.166581153869629
55.34598159790039 486.97064208984375 -1.566581130027771
55.318092346191406 487.1123352050781 -1.186294674873352
55.318092346191406 487.1123352050781 -1.5862946510314941
55.29300308227539 487.2545471191406 -1.2060081958770752
55.29300308227539 487.2545471191406 -1.6060081720352173
55.270721435546875 487.397216796875 -1.2257217168807983
55.270721435546875 487.397216796875 -1.6257216930389404
55.25125503540039 487.540283203125 -1.2454352378845215
55.25125503540039 487.540283203125 -1.6454352140426636
55.234615325927734 487.6837158203125 -1.2651487588882446
55.234615325927734 487.6837158203125 -1.6651487350463867
55.22080612182617 487.82745361328125 -1.2848622798919678
55.22080612182617 487.82745361328125 -1.6848622560501099
55.20983123779297 487.971435546875 -1.304575800895691
55.20983123779297 487.971435546875 -1.704575777053833
55.201698303222656 488.1156005859375 -1.324289321899414
55.201698303222656 488.1156005859375 -1.7242892980575562
55.196407318115234 488.2598876953125 -1.3440028429031372
55.196407318115234 488.2598876953125 -1.7440028190612793
55.19396209716797 488.4042663574219 -1.3637163639068604
55.19396209716797 488.4042663574219 -1.7637163400650024
55.19436264038086 488.5486755371094 -1.3834298849105835
55.19436264038086 488.5486755371094 -1.7834298610687256
55.197608947753906 488.6930236816406 -1.4031434059143066
55.147037506103516 488.8282775878906 -1.0228569507598877
55.147037506103516 488.8282775878906 -1.4228569269180298
55.099143981933594 488.9645080566406 -1.0425704717636108
55.099143981933594 488.9645080566406 -1.442570447921753
55.0539436340332 489.1016540527344 -1.062283992767334
55.0539436340332 489.1016540527344 -1.462283968925476
55.01145553588867 489.2396545410156 -1.0819975137710571
55.01145553588867 489.2396545410156 -1.4819974899291992
54.97169876098633 489.37847900390625 -1.1017110347747803
54.97169876098633 489.37847900390625 -1.5017110109329224
54.93468475341797 489.51806640625 -1.1214245557785034
54.93468475341797 489.51806640625 -1.5214245319366455
54.900428771972656 489.6583557128906 -1.1411380767822266
54.900428771972656 489.6583557128906 -1.5411380529403687
54.86894607543945 489.7992858886719 -1.1608515977859497
54.86894607543945 489.7992858886719 -1.5608515739440918
54.84024429321289 489.9407958984375 -1.1805651187896729
54.84024429321289 489.9407958984375 -1.580565094947815
54.81433868408203 490.0828552246094 -1.200278639793396
54.81433868408203 490.0828552246094 -1.600278615951538
54.79124069213867 490.22540283203125 -1.2199921607971191
54.79124069213867 490.22540283203125 -1.6199921369552612
54.77095413208008 490.3683776855469 -1.2397056818008423
54.77095413208008 490.3683776855469 -1.6397056579589844
54.75349044799805 490.51171875 -1.2594192028045654
54.75349044799805 490.51171875 -1.6594191789627075
54.73885726928711 490.6553649902344 -1.2791327238082886
54.73885726928711 490.6553649902344 -1.6791326999664307
54.72705841064453 490.7992858886719 -1.2988462448120117
54.72705841064453 490.7992858886719 -1.6988462209701538
54.71809768676758 490.94342041015625 -1.3185597658157349
54.71809768676758 490.94342041015625 -1.718559741973877
54.711978912353516 491.0876770019531 -1.338273286819458
54.711978912353516 491.0876770019531 -1.7382732629776
54.70870590209961 491.2320251464844 -1.3579868078231812
54.70870590209961 491.2320251464844 -1.7579867839813232
54.70827865600586 491.3764343261719 -1.3777003288269043
54.70827865600586 491.3764343261719 -1.7777003049850464
54.710697174072266 491.52081298828125 -1.3974138498306274
54.65935516357422 491.65576171875 -1.0171273946762085
54.65935516357422 491.65576171875 -1.4171273708343506
54.61068344116211 491.7917175292969 -1.0368409156799316
54.61068344116211 491.7917175292969 -1.4368408918380737
54.564701080322266 491.9285888671875 -1.0565544366836548
54.564701080322266 491.9285888671875 -1.4565544128417969
54.52142333984375 492.06634521484375 -1.076267957687378
54.52142333984375 492.06634521484375 -1.47626793384552
54.48086929321289 492.2049255371094 -1.095981478691101
54.48086929321289 492.2049255371094 -1.4959814548492432
54.44305419921875 492.34429931640625 -1.1156949996948242
54.44305419921875 492.34429931640625 -1.5156949758529663
54.407997131347656 492.484375 -1.1354085206985474
54.407997131347656 492.484375 -1.5354084968566895
54.37570571899414 492.6251220703125 -1.1551220417022705
54.37570571899414 492.6251220703125 -1.5551220178604126
54.346195220947266 492.7664794921875 -1.1748355627059937
54.346195220947266 492.7664794921875 -1.5748355388641357
54.31947708129883 492.90838623046875 -1.1945490837097168
54.31947708129883 492.90838623046875 -1.5945490598678589
54.295562744140625 493.05078125 -1.21426260471344
54.295562744140625 493.05078125 -1.614262580871582
54.27445983886719 493.1936340332031 -1.233976125717163
54.27445983886719 493.1936340332031 -1.6339761018753052
54.25617599487305 493.3368835449219 -1.2536896467208862
54.25617599487305 493.3368835449219 -1.6536896228790283
54.240718841552734 493.4804382324219 -1.2734031677246094
54.240718841552734 493.4804382324219 -1.6734031438827515
54.22809600830078 493.6242980957031 -1.2931166887283325
54.22809600830078 493.6242980957031 -1.6931166648864746
54.21831130981445 493.76837158203125 -1.3128302097320557
54.21831130981445 493.76837158203125 -1.7128301858901978
54.211368560791016 493.91259765625 -1.3325437307357788
54.211368560791016 493.91259765625 -1.732543706893921
54.20726776123047 494.05694580078125 -1.352257251739502
54.20726776123047 494.05694580078125 -1.752257227897644
54.20601272583008 494.2013244628906 -1.371970772743225
54.20601272583008 494.2013244628906 -1.7719707489013672
54.20760726928711 494.345703125 -1.3916842937469482
54.15549087524414 494.4803771972656 -1.0113978385925293
54.15549087524414 494.4803771972656 -1.4113978147506714
54.106040954589844 494.6160583496094 -1.0311113595962524
54.106040954589844 494.6160583496094 -1.4311113357543945
54.05927276611328 494.752685546875 -1.0508248805999756
54.05927276611328 494.752685546875 -1.4508248567581177
54.01520538330078 494.89019775390625 -1.0705384016036987
54.01520538330078 494.89019775390625 -1.4705383777618408
53.97385787963867 495.028564453125 -1.0902519226074219
53.97385787963867 495.028564453125 -1.490251898765564
53.935245513916016 495.1676940917969 -1.109965443611145
53.935245513916016 495.1676940917969 -1.509965419769287
53.899383544921875 495.30755615234375 -1.1296789646148682
53.899383544921875 495.30755615234375 -1.5296789407730103
53.86628723144531 495.4481201171875 -1.1493924856185913
53.86628723144531 495.4481201171875 -1.5493924617767334
53.835968017578125 495.58929443359375 -1.1691060066223145
53.835968017578125 495.58929443359375 -1.5691059827804565
53.80843734741211 495.7310485839844 -1.1888195276260376
53.80843734741211 495.7310485839844 -1.5888195037841797
53.78370666503906 495.8733215332031 -1.2085330486297607
53.78370666503906 495.8733215332031 -1.6085330247879028
53.761783599853516 496.01605224609375 -1.2282465696334839
53.761783599853516 496.01605224609375 -1.628246545791626
53.742679595947266 496.1591796875 -1.247960090637207
53.742679595947266 496.1591796875 -1.6479600667953491
53.72639846801758 496.3026428222656 -1.2676736116409302
53.72639846801758 496.3026428222656 -1.6676735877990723
53.71295166015625 496.4464111328125 -1.2873871326446533
53.71295166015625 496.4464111328125 -1.6873871088027954
53.70233917236328 496.5904235839844 -1.3071006536483765
53.70233917236328 496.5904235839844 -1.7071006298065186
53.6945686340332 496.734619140625 -1.3268141746520996
53.6945686340332 496.734619140625 -1.7268141508102417
53.689640045166016 496.8789367675781 -1.3465276956558228
53.689640045166016 496.8789367675781 -1.7465276718139648
53.687557220458984 497.0233154296875 -1.366241216659546
53.687557220458984 497.0233154296875 -1.766241192817688
53.688323974609375 497.167724609375 -1.385954737663269
53.63543701171875 497.3020935058594 -1.00566828250885
53.63543701171875 497.3020935058594 -1.4056682586669922
53.585208892822266 497.4374694824219 -1.0253818035125732
53.585208892822266 497.4374694824219 -1.4253817796707153
53.53765869140625 497.5738220214844 -1.0450953245162964
53.53765869140625 497.5738220214844 -1.4450953006744385
53.49280548095703 497.7110900878906 -1.0648088455200195
53.49280548095703 497.7110900878906 -1.4648088216781616
53.45066833496094 497.8492126464844 -1.0845223665237427
53.45066833496094 497.8492126464844 -1.4845223426818848
53.411258697509766 497.9881286621094 -1.1042358875274658
53.411258697509766 497.9881286621094 -1.504235863685608
53.374595642089844 498.1278076171875 -1.123949408531189
53.374595642089844 498.1278076171875 -1.523949384689331
53.340694427490234 498.2681579589844 -1.143662929534912
53.340694427490234 498.2681579589844 -1.5436629056930542
53.309566497802734 498.4091491699219 -1.1633764505386353
53.309566497802734 498.4091491699219 -1.5633764266967773
53.28122329711914 498.5507507324219 -1.1830899715423584
53.28122329711914 498.5507507324219 -1.5830899477005005
53.25567626953125 498.69287109375 -1.2028034925460815
53.25567626953125 498.69287109375 -1.6028034687042236
53.23293685913086 498.8354797363281 -1.2225170135498047
53.23293685913086 498.8354797363281 -1.6225169897079468
53.2130126953125 498.9784851074219 -1.2422305345535278
53.2130126953125 498.9784851074219 -1.64223051071167
53.1959114074707 499.1218566894531 -1.261944055557251
53.1959114074707 499.1218566894531 -1.661944031715393
53.181640625 499.2655334472656 -1.2816575765609741
53.181640625 499.2655334472656 -1.6816575527191162
53.170204162597656 499.40948486328125 -1.3013710975646973
53.170204162597656 499.40948486328125 -1.7013710737228394
53.16160583496094 499.5536193847656 -1.3210846185684204
53.16160583496094 499.5536193847656 -1.7210845947265625
53.155853271484375 499.6979064941406 -1.3407981395721436
53.155853271484375 499.6979064941406 -1.7407981157302856
53.15294647216797 499.84228515625 -1.3605116605758667
53.15294647216797 499.84228515625 -1.7605116367340088
53.15288543701172 499.9866943359375 -1.3802251815795898
53.09922790527344 500.1207580566406 -0.9999387264251709
53.09922790527344 500.1207580566406 -1.399938702583313
53.04822540283203 500.255859375 -1.019652247428894
53.04822540283203 500.255859375 -1.4196522235870361
52.99989700317383 500.3919372558594 -1.0393657684326172
52.99989700317383 500.3919372558594 -1.4393657445907593
52.95425796508789 500.5289306640625 -1.0590792894363403
52.95425796508789 500.5289306640625 -1.4590792655944824
52.91132736206055 500.66680908203125 -1.0787928104400635
52.91132736206055 500.66680908203125 -1.4787927865982056
52.871124267578125 500.8055114746094 -1.0985063314437866
52.871124267578125 500.8055114746094 -1.4985063076019287
52.83366394042969 500.9449768066406 -1.1182198524475098
52.83366394042969 500.9449768066406 -1.5182198286056519
52.79895782470703 501.08514404296875 -1.137933373451233
52.79895782470703 501.08514404296875 -1.537933349609375
52.76702117919922 501.2259521484375 -1.157646894454956
52.76702117919922 501.2259521484375 -1.5576468706130981
52.73786926269531 501.36737060546875 -1.1773604154586792
52.73786926269531 501.36737060546875 -1.5773603916168213
52.711509704589844 501.50933837890625 -1.1970739364624023
52.711509704589844 501.50933837890625 -1.5970739126205444
52.68795394897461 501.65179443359375 -1.2167874574661255
52.68795394897461 501.65179443359375 -1.6167874336242676
52.66720962524414 501.7947082519531 -1.2365009784698486
52.66720962524414 501.7947082519531 -1.6365009546279907
52.649288177490234 501.93798828125 -1.2562144994735718
52.649288177490234 501.93798828125 -1.6562144756317139
52.634193420410156 502.08160400390625 -1.275928020477295
52.634193420410156 502.08160400390625 -1.675927996635437
52.62193298339844 502.2254943847656 -1.295641541481018
52.62193298339844 502.2254943847656 -1.6956415176391602
52.612510681152344 502.3695983886719 -1.3153550624847412
52.612510681152344 502.3695983886719 -1.7153550386428833
52.60593032836914 502.51385498046875 -1.3350685834884644
52.60593032836914 502.51385498046875 -1.7350685596466064
52.602195739746094 502.658203125 -1.3547821044921875
52.602195739746094 502.658203125 -1.7547820806503296
52.6013069152832 502.8026123046875 -1.3744956254959106
52.54688262939453 502.9363708496094 -0.9942091703414917
52.54688262939453 502.9363708496094 -1.3942091464996338
52.4951057434082 503.0711669921875 -1.0139226913452148
52.4951057434082 503.0711669921875 -1.413922667503357
52.44599533081055 503.20697021484375 -1.033636212348938
52.44599533081055 503.20697021484375 -1.43363618850708
52.399574279785156 503.34368896484375 -1.0533497333526611
52.399574279785156 503.34368896484375 -1.4533497095108032
52.355857849121094 503.4813232421875 -1.0730632543563843
52.355857849121094 503.4813232421875 -1.4730632305145264
52.31486129760742 503.6197814941406 -1.0927767753601074
52.31486129760742 503.6197814941406 -1.4927767515182495
52.2765998840332 503.759033203125 -1.1124902963638306
52.2765998840332 503.759033203125 -1.5124902725219727
52.241092681884766 503.89898681640625 -1.1322038173675537
52.241092681884766 503.89898681640625 -1.5322037935256958
52.208351135253906 504.03961181640625 -1.1519173383712769
52.208351135253906 504.03961181640625 -1.551917314529419
52.17838668823242 504.1808776855469 -1.171630859375
52.17838668823242 504.1808776855469 -1.571630835533142
52.151214599609375 504.32269287109375 -1.1913443803787231
52.151214599609375 504.32269287109375 -1.5913443565368652
52.1268424987793 504.46502685546875 -1.2110579013824463
52.1268424987793 504.46502685546875 -1.6110578775405884
52.105281829833984 504.6078186035156 -1.2307714223861694
52.105281829833984 504.6078186035156 -1.6307713985443115
52.08654022216797 504.7510070800781 -1.2504849433898926
52.08654022216797 504.7510070800781 -1.6504849195480347
52.070621490478516 504.89453125 -1.2701984643936157
52.070621490478516 504.89453125 -1.6701984405517578
52.05753707885742 505.038330078125 -1.2899119853973389
52.05753707885742 505.038330078125 -1.689911961555481
52.04729080200195 505.182373046875 -1.309625506401062
52.04729080200195 505.182373046875 -1.709625482559204
52.03988265991211 505.3265686035156 -1.3293390274047852
52.03988265991211 505.3265686035156 -1.7293390035629272
52.03532028198242 505.47088623046875 -1.3490525484085083
52.03532028198242 505.47088623046875 -1.7490525245666504
52.03360366821289 505.6152648925781 -1.3687660694122314
51.978416442871094 505.7486877441406 -0.9884796142578125
51.978416442871094 505.7486877441406 -1.3884795904159546
51.92586898803711 505.8831787109375 -1.0081931352615356
51.92586898803711 505.8831787109375 -1.4081931114196777
51.87598419189453 506.0186767578125 -1.0279066562652588
51.87598419189453 506.0186767578125 -1.4279066324234009
51.82877731323242 506.1551513671875 -1.047620177268982
51.82877731323242 506.1551513671875 -1.447620153427124
51.784271240234375 506.2925109863281 -1.067333698272705
51.784271240234375 506.2925109863281 -1.4673336744308472
51.74248123168945 506.43072509765625 -1.0870472192764282
51.74248123168945 506.43072509765625 -1.4870471954345703
51.70342254638672 506.5697326660156 -1.1067607402801514
51.70342254638672 506.5697326660156 -1.5067607164382935
51.6671142578125 506.7095031738281 -1.1264742612838745
51.6671142578125 506.7095031738281 -1.5264742374420166
51.633567810058594 506.8499450683594 -1.1461877822875977
51.633567810058594 506.8499450683594 -1.5461877584457397
51.6027946472168 506.99102783203125 -1.1659013032913208
51.6027946472168 506.99102783203125 -1.565901279449463
51.57481002807617 507.1326904296875 -1.185614824295044
51.57481002807617 507.1326904296875 -1.585614800453186
51.54962158203125 507.2748718261719 -1.205328345298767
51.54962158203125 507.2748718261719 -1.6053283214569092
51.52724075317383 507.4175109863281 -1.2250418663024902
51.52724075317383 507.4175109863281 -1.6250418424606323
51.5076789855957 507.5605773925781 -1.2447553873062134
51.5076789855957 507.5605773925781 -1.6447553634643555
51.49094009399414 507.7040100097656 -1.2644689083099365
51.49094009399414 507.7040100097656 -1.6644688844680786
51.47703170776367 507.8477478027344 -1.2841824293136597
51.47703170776367 507.8477478027344 -1.6841824054718018
51.46595764160156 507.9917297363281 -1.3038959503173828
51.46595764160156 507.9917297363281 -1.703895926475525
51.457725524902344 508.1358947753906 -1.323609471321106
51.457725524902344 508.1358947753906 -1.723609447479248
51.452335357666016 508.2801818847656 -1.343322992324829
51.452335357666016 508.2801818847656 -1.7433229684829712
51.449790954589844 508.424560546875 -1.3630365133285522
51.393836975097656 508.55767822265625 -0.9827500581741333
51.393836975097656 508.55767822265625 -1.3827500343322754
51.340518951416016 508.6918640136719 -1.0024635791778564
51.340518951416016 508.6918640136719 -1.4024635553359985
51.28985595703125 508.82708740234375 -1.0221771001815796
51.28985595703125 508.82708740234375 -1.4221770763397217
51.24187088012695 508.9632873535156 -1.0418906211853027
51.24187088012695 508.9632873535156 -1.4418905973434448
51.19657897949219 509.10040283203125 -1.0616041421890259
51.19657897949219 509.10040283203125 -1.461604118347168
51.15399932861328 509.2383728027344 -1.081317663192749
51.15399932861328 509.2383728027344 -1.4813176393508911
51.1141471862793 509.3771667480469 -1.1010311841964722
51.1141471862793 509.3771667480469 -1.5010311603546143
51.0770378112793 509.5167236328125 -1.1207447052001953
51.0770378112793 509.5167236328125 -1.5207446813583374
51.042686462402344 509.656982421875 -1.1404582262039185
51.042686462402344 509.656982421875 -1.5404582023620605
51.0111083984375 509.7978820800781 -1.1601717472076416
51.0111083984375 509.7978820800781 -1.5601717233657837
50.9823112487793 509.93939208984375 -1.1798852682113647
50.9823112487793 509.93939208984375 -1.5798852443695068
50.9563102722168 510.0814208984375 -1.199598789215088
50.9563102722168 510.0814208984375 -1.59959876537323
50.93311309814453 510.22393798828125 -1.219312310218811
50.93311309814453 510.22393798828125 -1.6193122863769531
50.9127311706543 510.36688232421875 -1.2390258312225342
50.9127311706543 510.36688232421875 -1.6390258073806763
50.895172119140625 510.5102233886719 -1.2587393522262573
50.895172119140625 510.5102233886719 -1.6587393283843994
50.88043975830078 510.65386962890625 -1.2784528732299805
50.88043975830078 510.65386962890625 -1.6784528493881226
50.8685417175293 510.79779052734375 -1.2981663942337036
50.8685417175293 510.79779052734375 -1.6981663703918457
50.85948181152344 510.94189453125 -1.3178799152374268
50.58247756958008 511.664794921875 -1.0918482542037964
50.58247756958008 511.664794921875 -1.4918482303619385
50.544090270996094 511.8039855957031 -1.1115617752075195
50.544090270996094 511.8039855957031 -1.5115617513656616
50.508453369140625 511.94390869140625 -1.1312752962112427
50.508453369140625 511.94390869140625 -1.5312752723693848
50.475582122802734 512.0845336914062 -1.1509888172149658
50.475582122802734 512.0845336914062 -1.550988793373108
50.44548797607422 512.2257690429688 -1.170702338218689
50.44548797607422 512.2257690429688 -1.570702314376831
50.418182373046875 512.3675537109375 -1.190415859222412
50.418182373046875 512.3675537109375 -1.5904158353805542
50.3936767578125 512.5098876953125 -1.2101293802261353
50.3936767578125 512.5098876953125 -1.6101293563842773
50.37198257446289 512.6526489257812 -1.2298429012298584
50.37198257446289 512.6526489257812 -1.6298428773880005
50.35310745239258 512.7958374023438 -1.2495564222335815
50.35310745239258 512.7958374023438 -1.6495563983917236
50.337059020996094 512.9393310546875 -1.2692699432373047
50.337059020996094 512.9393310546875 -1.6692699193954468
50.3238410949707 513.0831298828125 -1.2889834642410278
50.3238410949707 513.0831298828125 -1.68898344039917
50.31346130371094 513.2271728515625 -1.308696985244751
50.31346130371094 513.2271728515625 -1.708696961402893
50.3078727722168 513.3331298828125 -1.3275506496429443
50.24723434448242 513.4641723632812 -0.9472643136978149
50.24723434448242 513.4641723632812 -1.347264289855957
50.18918991088867 513.5963745117188 -0.9669778347015381
50.18918991088867 513.5963745117188 -1.3669778108596802
50.13376235961914 513.729736328125 -0.9866913557052612
50.13376235961914 513.729736328125 -1.3866913318634033
50.08097457885742 513.8641357421875 -1.0064048767089844
50.08097457885742 513.8641357421875 -1.4064048528671265
50.030845642089844 513.9995727539062 -1.0261183977127075
50.030845642089844 513.9995727539062 -1.4261183738708496
49.983394622802734 514.1359252929688 -1.0458319187164307
49.983394622802734 514.1359252929688 -1.4458318948745728
49.93864440917969 514.273193359375 -1.0655454397201538
49.93864440917969 514.273193359375 -1.465545415878296
49.8966064453125 514.4113159179688 -1.085258960723877
49.8966064453125 514.4113159179688 -1.485258936882019
49.8572998046875 514.5502319335938 -1.1049724817276
49.8572998046875 514.5502319335938 -1.5049724578857422
49.82073974609375 514.68994140625 -1.1246860027313232
49.82073974609375 514.68994140625 -1.5246859788894653
49.78694152832031 514.830322265625 -1.1443995237350464
49.78694152832031 514.830322265625 -1.5443994998931885
49.755916595458984 514.9713745117188 -1.1641130447387695
49.755916595458984 514.9713745117188 -1.5641130208969116
49.72768020629883 515.1129760742188 -1.1838265657424927
49.72768020629883 515.1129760742188 -1.5838265419006348
49.702239990234375 515.255126953125 -1.2035400867462158
49.702239990234375 515.255126953125 -1.603540062904358
49.67960739135742 515.3977661132812 -1.223253607749939
49.67960739135742 515.3977661132812 -1.623253583908081
49.6597900390625 515.540771484375 -1.242967128753662
49.6597900390625 515.540771484375 -1.6429671049118042
49.64279556274414 515.6841430664062 -1.2626806497573853
49.64279556274414 515.6841430664062 -1.6626806259155273
49.628631591796875 515.8278198242188 -1.2823941707611084
49.628631591796875 515.8278198242188 -1.6823941469192505
49.61730194091797 515.9718017578125 -1.3021076917648315
49.61730194091797 515.9718017578125 -1.7021076679229736
49.09356689453125 512.0062255859375 -1.7021076679229736
48.56983184814453 508.0406494140625 -1.7021076679229736
48.04609680175781 504.0750732421875 -1.7021076679229736
47.522361755371094 500.1094970703125 -1.7021076679229736
46.998626708984375 496.1439208984375 -1.7021076679229736
46.474891662597656 492.1783447265625 -1.7021076679229736
45.95115661621094 488.2127685546875 -1.7021076679229736
45.42742156982422 484.2471923828125 -1.7021076679229736
44.9036865234375 480.2816162109375 -1.7021076679229736
44.37995147705078 476.3160400390625 -1.7021076679229736
43.85621643066406 472.3504638671875 -1.7021076679229736
43.332481384277344 468.3848876953125 -1.7021076679229736
42.808746337890625 464.4193115234375 -1.7021076679229736
42.285011291503906 460.4537353515625 -1.7021076679229736
41.76127624511719 456.4881591796875 -1.7021076679229736
41.23754119873047 452.5225830078125 -1.7021076679229736
40.71380615234375 448.5570068359375 -1.7021076679229736
40.19007110595703 444.5914306640625 -1.7021076679229736
39.66633605957031 440.6258544921875 -1.7021076679229736
39.142601013183594 436.6602783203125 -1.7021076679229736
38.618865966796875 432.6947021484375 -1.7021076679229736
38.095130920410156 428.7291259765625 -1.7021076679229736
37.57139587402344 424.7635498046875 -1.7021076679229736
37.04766082763672 420.7979736328125 -1.7021076679229736
36.52392578125 416.8323974609375 -1.7021076679229736
36.00019073486328 412.8668212890625 -1.7021076679229736
35.47645568847656 408.9012451171875 -1.7021076679229736
34.952720642089844 404.9356689453125 -1.7021076679229736
34.428985595703125 400.9700927734375 -1.7021076679229736
33.905250549316406 397.0045166015625 -1.7021076679229736
33.38151550292969 393.0389404296875 -1.7021076679229736
32.85778045654297 389.0733642578125 -1.7021076679229736
32.33404541015625 385.1077880859375 -1.7021076679229736
31.8103084564209 381.1422119140625 -1.7021076679229736
31.286571502685547 377.1766357421875 -1.7021076679229736
30.762834548950195 373.2110595703125 -1.7021076679229736
30.239097595214844 369.2454833984375 -1.7021076679229736
29.715360641479492 365.2799072265625 -1.7021076679229736
29.19162368774414 361.3143310546875 -1.7021076679229736
28.66788673400879 357.3487548828125 -1.7021076679229736
28.144149780273438 353.3831787109375 -1.7021076679229736
27.620412826538086 349.4176025390625 -1.7021076679229736
27.096675872802734 345.4520263671875 -1.7021076679229736
26.572938919067383 341.4864501953125 -1.7021076679229736
26.04920196533203 337.5208740234375 -1.7021076679229736
25.52546501159668 333.5552978515625 -1.7021076679229736
25.001728057861328 329.5897216796875 -1.7021076679229736
24.477991104125977 325.6241455078125 -1.7021076679229736
23.954254150390625 321.6585693359375 -1.7021076679229736
23.430517196655273 317.6929931640625 -1.7021076679229736
22.906780242919922 313.7274169921875 -1.7021076679229736
22.38304328918457 309.7618408203125 -1.7021076679229736
21.85930633544922 305.7962646484375 -1.7021076679229736
21.335569381713867 301.8306884765625 -1.7021076679229736
20.811832427978516 297.8651123046875 -1.7021076679229736
20.288095474243164 293.8995361328125 -1.7021076679229736
19.764358520507812 289.9339599609375 -1.7021076679229736
19.24062156677246 285.9683837890625 -1.7021076679229736
18.71688461303711 282.0028076171875 -1.7021076679229736
18.193147659301758 278.0372314453125 -1.7021076679229736
17.669410705566406 274.0716552734375 -1.7021076679229736
17.145673751831055 270.1060791015625 -1.7021076679229736
16.621936798095703 266.1405029296875 -1.7021076679229736
16.621936798095703 266.1405029296875 -1.7021076679229736
16.621936798095703 266.1405029296875 -1.7021076679229736
16.621936798095703 266.1405029296875 -1.7021076679229736
16.621936798095703 266.1405029296875 -1.7021076679229736
16.621936798095703 266.1405029296875 -1.7021076679229736
16.621936798095703 266.1405029296875 -1.7021076679229736
16.621936798095703 266.1405029296875 -1.7021076679229736
16.621936798095703 266.1405029296875 -1.7021076679229736
16.621936798095703 266.1405029296875 -1.7021076679229736
16.621936798095703 266.1405029296875 -1.7021076679229736
