60.0 450.0 0.38539817929267883
60.0 450.0 -0.014601826667785645
60.0 450.0 -0.4146018326282501
60.0 450.0 -0.8146018385887146
60.0 450.0 -1.2146018743515015
60.0 450.0 -1.6146018505096436
59.97894287109375 450.1428527832031 -1.2343153953552246
59.97894287109375 450.1428527832031 -1.6343153715133667
59.96070861816406 450.2861022949219 -1.2540289163589478
59.96070861816406 450.2861022949219 -1.6540288925170898
59.9453010559082 450.4296875 -1.273742437362671
59.9453010559082 450.4296875 -1.673742413520813
59.93272399902344 450.57354736328125 -1.293455958366394
59.93272399902344 450.57354736328125 -1.6934559345245361
59.9229850769043 450.7176208496094 -1.3131694793701172
59.9229850769043 450.7176208496094 -1.7131694555282593
59.91608810424805 450.8618469238281 -1.3328830003738403
59.91608810424805 450.8618469238281 -1.7328829765319824
59.91203689575195 451.0061950683594 -1.3525965213775635
59.91203689575195 451.0061950683594 -1.7525964975357056
59.910831451416016 451.15057373046875 -1.3723100423812866
59.910831451416016 451.15057373046875 -1.7723100185394287
59.912471771240234 451.2949523925781 -1.3920235633850098
59.912471771240234 451.2949523925781 -1.7920235395431519
59.91695785522461 451.43927001953125 -1.411737084388733
59.91695785522461 451.43927001953125 -1.811737060546875
59.92428970336914 451.58349609375 -1.431450605392456
59.92428970336914 451.58349609375 -1.8314505815505981
59.93446350097656 451.7275390625 -1.4511641263961792
59.93446350097656 451.7275390625 -1.8511641025543213
59.94747543334961 451.871337890625 -1.4708776473999023
59.90617752075195 452.00970458984375 -1.0905911922454834
59.90617752075195 452.00970458984375 -1.4905911684036255
59.86761474609375 452.14886474609375 -1.1103047132492065
59.86761474609375 452.14886474609375 -1.5103046894073486
59.83180236816406 452.28875732421875 -1.1300182342529297
59.83180236816406 452.28875732421875 -1.5300182104110718
59.79875183105469 452.4293212890625 -1.1497317552566528
59.79875183105469 452.4293212890625 -1.549731731414795
59.76847839355469 452.57049560546875 -1.169445276260376
59.76847839355469 452.57049560546875 -1.569445252418518
59.740997314453125 452.7122497558594 -1.1891587972640991
59.740997314453125 452.7122497558594 -1.5891587734222412
59.716312408447266 452.8545227050781 -1.2088723182678223
59.716312408447266 452.8545227050781 -1.6088722944259644
59.69443893432617 452.99725341796875 -1.2285858392715454
59.69443893432617 452.99725341796875 -1.6285858154296875
59.675384521484375 453.140380859375 -1.2482993602752686
59.675384521484375 453.140380859375 -1.6482993364334106
59.65915298461914 453.28387451171875 -1.2680128812789917
59.65915298461914 453.28387451171875 -1.6680128574371338
59.645751953125 453.4276428222656 -1.2877264022827148
59.645751953125 453.4276428222656 -1.687726378440857
59.635189056396484 453.5716552734375 -1.307439923286438
59.635189056396484 453.5716552734375 -1.70743989944458
59.62746810913086 453.7158508300781 -1.3271534442901611
59.62746810913086 453.7158508300781 -1.7271534204483032
59.622589111328125 453.86016845703125 -1.3468669652938843
59.622589111328125 453.86016845703125 -1.7468669414520264
59.62055587768555 454.0045471191406 -1.3665804862976074
59.62055587768555 454.0045471191406 -1.7665804624557495
59.62137222290039 454.1489562988281 -1.3862940073013306
59.62137222290039 454.1489562988281 -1.7862939834594727
59.62503433227539 454.2933044433594 -1.4060075283050537
59.62503433227539 454.2933044433594 -1.8060075044631958
59.63153839111328 454.43756103515625 -1.4257210493087769
59.63153839111328 454.43756103515625 -1.825721025466919
59.64088439941406 454.5816650390625 -1.4454345703125
59.64088439941406 454.5816650390625 -1.845434546470642
59.653072357177734 454.7255554199219 -1.4651480913162231
59.61098098754883 454.8636779785156 -1.0848616361618042
59.61098098754883 454.8636779785156 -1.4848616123199463
59.57162094116211 455.0025939941406 -1.1045751571655273
59.57162094116211 455.0025939941406 -1.5045751333236694
59.53500747680664 455.14227294921875 -1.1242886781692505
59.53500747680664 455.14227294921875 -1.5242886543273926
59.50115203857422 455.28265380859375 -1.1440021991729736
59.50115203857422 455.28265380859375 -1.5440021753311157
59.47007369995117 455.4236755371094 -1.1637157201766968
59.47007369995117 455.4236755371094 -1.5637156963348389
59.44178009033203 455.5652770996094 -1.18342924118042
59.44178009033203 455.5652770996094 -1.583429217338562
59.416282653808594 455.7073974609375 -1.203142762184143
59.416282653808594 455.7073974609375 -1.6031427383422852
59.393592834472656 455.8500061035156 -1.2228562831878662
59.393592834472656 455.8500061035156 -1.6228562593460083
59.37371826171875 455.9930419921875 -1.2425698041915894
59.37371826171875 455.9930419921875 -1.6425697803497314
59.356666564941406 456.1364440917969 -1.2622833251953125
59.356666564941406 456.1364440917969 -1.6622833013534546
59.342445373535156 456.2801513671875 -1.2819968461990356
59.342445373535156 456.2801513671875 -1.6819968223571777
59.331058502197266 456.4241027832031 -1.3017103672027588
59.331058502197266 456.4241027832031 -1.7017103433609009
59.322509765625 456.5682373046875 -1.321423888206482
59.322509765625 456.5682373046875 -1.721423864364624
59.31680679321289 456.7125244140625 -1.341137409210205
59.31680679321289 456.7125244140625 -1.7411373853683472
59.31394577026367 456.8569030761719 -1.3608509302139282
59.31394577026367 456.8569030761719 -1.7608509063720703
59.313934326171875 457.0013122558594 -1.3805644512176514
59.313934326171875 457.0013122558594 -1.7805644273757935
59.316768646240234 457.14569091796875 -1.4002779722213745
59.316768646240234 457.14569091796875 -1.8002779483795166
59.32244873046875 457.28997802734375 -1.4199914932250977
59.32244873046875 457.28997802734375 -1.8199914693832397
59.330970764160156 457.4341125488281 -1.4397050142288208
59.3309326171875 457.4335632324219 -1.8396238088607788
59.342281341552734 457.5775146484375 -1.4593373537063599
59.342281341552734 457.5775146484375 -1.859337329864502
59.356468200683594 457.7212219238281 -1.479050874710083
59.31629943847656 457.85992431640625 -1.098764419555664
59.31629943847656 457.85992431640625 -1.4987643957138062
59.278873443603516 457.9993896484375 -1.1184779405593872
59.278873443603516 457.9993896484375 -1.5184779167175293
59.244205474853516 458.1395568847656 -1.1381914615631104
59.244205474853516 458.1395568847656 -1.5381914377212524
59.21230697631836 458.2803955078125 -1.1579049825668335
59.21230697631836 458.2803955078125 -1.5579049587249756
59.183189392089844 458.42181396484375 -1.1776185035705566
59.183189392089844 458.42181396484375 -1.5776184797286987
59.15686798095703 458.56378173828125 -1.1973320245742798
59.15686798095703 458.56378173828125 -1.5973320007324219
59.13335037231445 458.70623779296875 -1.217045545578003
59.13335037231445 458.70623779296875 -1.617045521736145
59.11264419555664 458.8491516113281 -1.236759066581726
59.11264419555664 458.8491516113281 -1.6367590427398682
59.094757080078125 458.992431640625 -1.2564725875854492
59.094757080078125 458.992431640625 -1.6564725637435913
59.0797004699707 459.13604736328125 -1.2761861085891724
59.0797004699707 459.13604736328125 -1.6761860847473145
59.06747817993164 459.2799377441406 -1.2958996295928955
59.06747817993164 459.2799377441406 -1.6958996057510376
59.0580940246582 459.4240417480469 -1.3156131505966187
59.0580940246582 459.4240417480469 -1.7156131267547607
59.051551818847656 459.56829833984375 -1.3353266716003418
59.051551818847656 459.56829833984375 -1.7353266477584839
59.047855377197266 459.712646484375 -1.355040192604065
59.047855377197266 459.712646484375 -1.755040168762207
59.04700469970703 459.8570556640625 -1.374753713607788
59.04700469970703 459.8570556640625 -1.7747536897659302
59.04899978637695 460.0014343261719 -1.3944672346115112
59.04899978637695 460.0014343261719 -1.7944672107696533
59.05384063720703 460.145751953125 -1.4141807556152344
59.05384063720703 460.145751953125 -1.8141807317733765
59.0615234375 460.2899475097656 -1.4338942766189575
59.0615234375 460.2899475097656 -1.8338942527770996
59.07204818725586 460.4339599609375 -1.4536077976226807
58.93833541870117 460.9090881347656 -1.1393340826034546
58.93833541870117 460.9090881347656 -1.5393340587615967
58.90659713745117 461.0499572753906 -1.1590476036071777
58.90659713745117 461.0499572753906 -1.5590475797653198
58.87764358520508 461.1914367675781 -1.1787611246109009
58.87764358520508 461.1914367675781 -1.578761100769043
58.85148239135742 461.33343505859375 -1.198474645614624
58.85148239135742 461.33343505859375 -1.5984746217727661
58.828125 461.4759216308594 -1.2181881666183472
58.828125 461.4759216308594 -1.6181881427764893
58.80758285522461 461.6188659667969 -1.2379016876220703
58.80758285522461 461.6188659667969 -1.6379016637802124
58.789859771728516 461.7621765136719 -1.2576152086257935
58.789859771728516 461.7621765136719 -1.6576151847839355
58.774967193603516 461.9057922363281 -1.2773287296295166
58.774967193603516 461.9057922363281 -1.6773287057876587
58.762908935546875 462.0496826171875 -1.2970422506332397
58.762908935546875 462.0496826171875 -1.6970422267913818
58.75368881225586 462.19378662109375 -1.316755771636963
58.75368881225586 462.19378662109375 -1.716755747795105
58.747310638427734 462.3380432128906 -1.336469292640686
58.747310638427734 462.3380432128906 -1.7364692687988281
58.743778228759766 462.4823913574219 -1.3561828136444092
58.743778228759766 462.4823913574219 -1.7561827898025513
58.74309158325195 462.6268005371094 -1.3758963346481323
58.74309158325195 462.6268005371094 -1.7758963108062744
58.7452507019043 462.77117919921875 -1.3956098556518555
58.7452507019043 462.77117919921875 -1.7956098318099976
58.7502555847168 462.9154968261719 -1.4153233766555786
58.7502555847168 462.9154968261719 -1.8153233528137207
58.75810623168945 463.0596923828125 -1.4350368976593018
58.71185302734375 463.1965637207031 -1.0547611713409424
58.71185302734375 463.1965637207031 -1.4547611474990845
58.66825485229492 463.3345031738281 -1.0745139122009277
58.66825485229492 463.3345031738281 -1.4745138883590698
58.62746047973633 463.4730224609375 -1.0942274332046509
58.62746047973633 463.4730224609375 -1.494227409362793
58.58940124511719 463.6123046875 -1.113940954208374
58.58940124511719 463.6123046875 -1.5139409303665161
58.55409622192383 463.7523193359375 -1.1336544752120972
58.55409622192383 463.7523193359375 -1.5336544513702393
58.52155685424805 463.89300537109375 -1.1533679962158203
58.52155685424805 463.89300537109375 -1.5533679723739624
58.491798400878906 464.0343017578125 -1.1730815172195435
58.491798400878906 464.0343017578125 -1.5730814933776855
58.4648323059082 464.1761474609375 -1.1927950382232666
58.4648323059082 464.1761474609375 -1.5927950143814087
58.44066619873047 464.3185119628906 -1.2125085592269897
58.44066619873047 464.3185119628906 -1.6125085353851318
58.4193115234375 464.4613342285156 -1.232222080230713
58.4193115234375 464.4613342285156 -1.632222056388855
58.40077590942383 464.6045227050781 -1.251935601234436
58.40077590942383 464.6045227050781 -1.6519355773925781
58.385066986083984 464.7480773925781 -1.2716491222381592
58.385066986083984 464.7480773925781 -1.6716490983963013
58.3721923828125 464.89190673828125 -1.2913626432418823
58.3721923828125 464.89190673828125 -1.6913626194000244
58.362152099609375 465.03594970703125 -1.3110761642456055
58.362152099609375 465.03594970703125 -1.7110761404037476
58.35495376586914 465.18017578125 -1.3307896852493286
58.35495376586914 465.18017578125 -1.7307896614074707
58.35060119628906 465.3244934082031 -1.3505032062530518
58.35060119628906 465.3244934082031 -1.7505031824111938
58.34909439086914 465.4688720703125 -1.370216727256775
58.34909439086914 465.4688720703125 -1.770216703414917
58.350433349609375 465.6132507324219 -1.389930248260498
58.350433349609375 465.6132507324219 -1.7899302244186401
58.354618072509766 465.7575988769531 -1.4096437692642212
58.354618072509766 465.7575988769531 -1.8096437454223633
58.36164855957031 465.9018249511719 -1.4293572902679443
58.314640045166016 466.0383605957031 -1.0490708351135254
58.314640045166016 466.0383605957031 -1.4490708112716675
58.27033233642578 466.17578125 -1.068784475326538
58.27033233642578 466.17578125 -1.4687844514846802
58.22874450683594 466.3140563964844 -1.0884979963302612
58.22874450683594 466.3140563964844 -1.4884979724884033
58.18988800048828 466.453125 -1.1082115173339844
58.18988800048828 466.453125 -1.5082114934921265
58.15378189086914 466.5929260253906 -1.1279250383377075
58.15378189086914 466.5929260253906 -1.5279250144958496
58.12043762207031 466.7334289550781 -1.1476385593414307
58.12043762207031 466.7334289550781 -1.5476385354995728
58.08987045288086 466.8745422363281 -1.1673520803451538
58.08987045288086 466.8745422363281 -1.567352056503296
58.06209182739258 467.0162353515625 -1.187065601348877
58.06209182739258 467.0162353515625 -1.587065577507019
58.037109375 467.158447265625 -1.2067791223526
58.037109375 467.158447265625 -1.6067790985107422
58.01493835449219 467.3011474609375 -1.2264926433563232
58.01493835449219 467.3011474609375 -1.6264926195144653
57.995582580566406 467.4442443847656 -1.2462061643600464
57.995582580566406 467.4442443847656 -1.6462061405181885
57.97905349731445 467.58770751953125 -1.2659196853637695
57.97905349731445 467.58770751953125 -1.6659196615219116
57.965354919433594 467.7314453125 -1.2856332063674927
57.965354919433594 467.7314453125 -1.6856331825256348
57.954490661621094 467.87542724609375 -1.3053467273712158
57.954490661621094 467.87542724609375 -1.705346703529358
57.946468353271484 468.01959228515625 -1.325060248374939
57.946468353271484 468.01959228515625 -1.725060224533081
57.941287994384766 468.1639099121094 -1.344773769378662
57.941287994384766 468.1639099121094 -1.7447737455368042
57.9389533996582 468.30828857421875 -1.3644872903823853
57.9389533996582 468.30828857421875 -1.7644872665405273
57.9394645690918 468.45269775390625 -1.3842008113861084
57.9394645690918 468.45269775390625 -1.7842007875442505
57.94282150268555 468.5970458984375 -1.4039143323898315
57.94282150268555 468.5970458984375 -1.8039143085479736
57.94902420043945 468.7413024902344 -1.4236278533935547
57.94902420043945 468.7413024902344 -1.8236278295516968
57.95806884765625 468.8854064941406 -1.4433413743972778
57.9129753112793 469.0225830078125 -1.0630549192428589
57.9129753112793 469.0225830078125 -1.463054895401001
57.8705940246582 469.1606140136719 -1.082768440246582
57.8705940246582 469.1606140136719 -1.4827684164047241
57.8309440612793 469.2994689941406 -1.1024819612503052
57.8309440612793 469.2994689941406 -1.5024819374084473
57.794036865234375 469.4390563964844 -1.1221954822540283
57.794036865234375 469.4390563964844 -1.5221954584121704
57.7598876953125 469.579345703125 -1.1419090032577515
57.7598876953125 469.579345703125 -1.5419089794158936
57.728511810302734 469.7203063964844 -1.1616225242614746
57.728511810302734 469.7203063964844 -1.5616225004196167
57.699920654296875 469.8618469238281 -1.1813360452651978
57.699920654296875 469.8618469238281 -1.5813360214233398
57.67412567138672 470.0039367675781 -1.201049566268921
57.67412567138672 470.0039367675781 -1.601049542427063
57.6511344909668 470.146484375 -1.220763087272644
57.6511344909668 470.146484375 -1.6207630634307861
57.630958557128906 470.2894592285156 -1.2404766082763672
57.630958557128906 470.2894592285156 -1.6404765844345093
57.61360549926758 470.43280029296875 -1.2601901292800903
57.61360549926758 470.43280029296875 -1.6601901054382324
57.599082946777344 470.57647705078125 -1.2799036502838135
57.599082946777344 470.57647705078125 -1.6799036264419556
57.58739471435547 470.72039794921875 -1.2996171712875366
57.58739471435547 470.72039794921875 -1.6996171474456787
57.57854461669922 470.8645324707031 -1.3193306922912598
57.57854461669922 470.8645324707031 -1.7193306684494019
57.57253646850586 471.0088195800781 -1.339044213294983
57.57253646850586 471.0088195800781 -1.739044189453125
57.569374084472656 471.1531982421875 -1.358757734298706
57.569374084472656 471.1531982421875 -1.7587577104568481
57.56905746459961 471.297607421875 -1.3784712553024292
57.56905746459961 471.297607421875 -1.7784712314605713
57.571590423583984 471.4419860839844 -1.3981847763061523
57.571590423583984 471.4419860839844 -1.7981847524642944
57.576969146728516 471.5862731933594 -1.4178982973098755
57.576969146728516 471.5862731933594 -1.8178982734680176
57.58518981933594 471.7304382324219 -1.4376118183135986
57.539310455322266 471.8673400878906 -1.0573253631591797
57.539310455322266 471.8673400878906 -1.4573253393173218
57.49613952636719 472.005126953125 -1.0770388841629028
57.49613952636719 472.005126953125 -1.477038860321045
57.455692291259766 472.14373779296875 -1.096752405166626
57.455692291259766 472.14373779296875 -1.496752381324768
57.41798782348633 472.2831115722656 -1.1164659261703491
57.41798782348633 472.2831115722656 -1.5164659023284912
57.38303756713867 472.4232177734375 -1.1361794471740723
57.38303756713867 472.4232177734375 -1.5361794233322144
57.35085678100586 472.5639953613281 -1.1558929681777954
57.35085678100586 472.5639953613281 -1.5558929443359375
57.32145690917969 472.70538330078125 -1.1756064891815186
57.32145690917969 472.70538330078125 -1.5756064653396606
57.29484939575195 472.8473205566406 -1.1953200101852417
57.29484939575195 472.8473205566406 -1.5953199863433838
57.27104187011719 472.98974609375 -1.2150335311889648
57.27104187011719 472.98974609375 -1.615033507347107
57.25004959106445 473.1325988769531 -1.234747052192688
57.25004959106445 473.1325988769531 -1.63474702835083
57.231876373291016 473.2758483886719 -1.2544605731964111
57.231876373291016 473.2758483886719 -1.6544605493545532
57.216529846191406 473.41943359375 -1.2741740942001343
57.216529846191406 473.41943359375 -1.6741740703582764
57.204017639160156 473.56329345703125 -1.2938876152038574
57.204017639160156 473.56329345703125 -1.6938875913619995
57.19434356689453 473.7073669433594 -1.3136011362075806
57.19434356689453 473.7073669433594 -1.7136011123657227
57.1875114440918 473.8515930175781 -1.3333146572113037
57.1875114440918 473.8515930175781 -1.7333146333694458
57.18352127075195 473.9959411621094 -1.3530281782150269
57.18352127075195 473.9959411621094 -1.753028154373169
57.18238067626953 474.14031982421875 -1.37274169921875
57.18238067626953 474.14031982421875 -1.772741675376892
57.184085845947266 474.2846984863281 -1.3924552202224731
57.184085845947266 474.2846984863281 -1.7924551963806152
57.188636779785156 474.42901611328125 -1.4121687412261963
57.188636779785156 474.42901611328125 -1.8121687173843384
57.19602966308594 474.5732116699219 -1.4318822622299194
57.14936828613281 474.7098693847656 -1.0515958070755005
57.14936828613281 474.7098693847656 -1.4515957832336426
57.10540771484375 474.847412109375 -1.0713093280792236
57.10540771484375 474.847412109375 -1.4713093042373657
57.06416702270508 474.9858093261719 -1.0910228490829468
57.06416702270508 474.9858093261719 -1.4910228252410889
57.02566146850586 475.1249694824219 -1.11073637008667
57.02566146850586 475.1249694824219 -1.510736346244812
56.98991012573242 475.2648620605469 -1.130449891090393
56.98991012573242 475.2648620605469 -1.5304498672485352
56.9569206237793 475.40545654296875 -1.1501634120941162
56.9569206237793 475.40545654296875 -1.5501633882522583
56.92670822143555 475.5466613769531 -1.1698769330978394
56.92670822143555 475.5466613769531 -1.5698769092559814
56.899288177490234 475.6884460449219 -1.1895904541015625
56.899288177490234 475.6884460449219 -1.5895904302597046
56.87466812133789 475.8307189941406 -1.2093039751052856
56.87466812133789 475.8307189941406 -1.6093039512634277
56.85285568237305 475.97344970703125 -1.2290174961090088
56.85285568237305 475.97344970703125 -1.6290174722671509
56.8338623046875 476.1166076660156 -1.248731017112732
56.8338623046875 476.1166076660156 -1.648730993270874
56.817691802978516 476.2601013183594 -1.268444538116455
56.817691802978516 476.2601013183594 -1.6684445142745972
56.80435562133789 476.40386962890625 -1.2881580591201782
56.80435562133789 476.40386962890625 -1.6881580352783203
56.793853759765625 476.5478820800781 -1.3078715801239014
56.793853759765625 476.5478820800781 -1.7078715562820435
56.78619384765625 476.69207763671875 -1.3275851011276245
56.78619384765625 476.69207763671875 -1.7275850772857666
56.78137969970703 476.8363952636719 -1.3472986221313477
56.78137969970703 476.8363952636719 -1.7472985982894897
56.77941131591797 476.98077392578125 -1.3670121431350708
56.77941131591797 476.98077392578125 -1.767012119293213
56.78028869628906 477.12518310546875 -1.386725664138794
56.78028869628906 477.12518310546875 -1.786725640296936
56.78401184082031 477.26953125 -1.406439185142517
56.78401184082031 477.26953125 -1.8064391613006592
56.79058074951172 477.4137878417969 -1.4261527061462402
56.79058074951172 477.41375732421875 -1.826150894165039
56.799991607666016 477.557861328125 -1.4458644390106201
56.755245208740234 477.6951599121094 -1.0655779838562012
56.755245208740234 477.6951599121094 -1.4655779600143433
56.71321105957031 477.83331298828125 -1.0852915048599243
56.71321105957031 477.83331298828125 -1.4852914810180664
56.67390823364258 477.9722595214844 -1.1050050258636475
56.67390823364258 477.9722595214844 -1.5050050020217896
56.63735580444336 478.1119689941406 -1.1247185468673706
56.63735580444336 478.1119689941406 -1.5247185230255127
56.60356140136719 478.2523498535156 -1.1444320678710938
56.60356140136719 478.2523498535156 -1.5444320440292358
56.572540283203125 478.39337158203125 -1.164145588874817
56.572540283203125 478.39337158203125 -1.564145565032959
56.544307708740234 478.53497314453125 -1.18385910987854
56.544307708740234 478.53497314453125 -1.5838590860366821
56.51887130737305 478.6771240234375 -1.2035726308822632
56.51887130737305 478.6771240234375 -1.6035726070404053
56.49624252319336 478.8197326660156 -1.2232861518859863
56.49624252319336 478.8197326660156 -1.6232861280441284
56.4764289855957 478.9627685546875 -1.2429996728897095
56.4764289855957 478.9627685546875 -1.6429996490478516
56.45943832397461 479.1061706542969 -1.2627131938934326
56.45943832397461 479.1061706542969 -1.6627131700515747
56.44527816772461 479.2498779296875 -1.2824267148971558
56.44527816772461 479.2498779296875 -1.6824266910552979
56.43395233154297 479.3938293457031 -1.302140235900879
56.43395233154297 479.3938293457031 -1.702140212059021
56.42546844482422 479.5379638671875 -1.321853756904602
56.42546844482422 479.5379638671875 -1.7218537330627441
56.41982650756836 479.6822509765625 -1.3415672779083252
56.41982650756836 479.6822509765625 -1.7415672540664673
56.417030334472656 479.8266296386719 -1.3612807989120483
56.417030334472656 479.8266296386719 -1.7612807750701904
56.41707992553711 479.9710388183594 -1.3809943199157715
56.41707992553711 479.9710388183594 -1.7809942960739136
56.41997528076172 480.11541748046875 -1.4007078409194946
56.41997528076172 480.11541748046875 -1.8007078170776367
56.425716400146484 480.25970458984375 -1.4204213619232178
56.37050247192383 480.4163818359375 -1.043492317199707
56.37050247192383 480.4163818359375 -1.4434922933578491
56.3254280090332 480.5535583496094 -1.0632058382034302
56.3254280090332 480.5535583496094 -1.4632058143615723
56.2830696105957 480.69158935546875 -1.0829193592071533
56.2830696105957 480.69158935546875 -1.4829193353652954
56.243438720703125 480.8304443359375 -1.1026328802108765
56.243438720703125 480.8304443359375 -1.5026328563690186
56.2065544128418 480.9700622558594 -1.1223464012145996
56.2065544128418 480.9700622558594 -1.5223463773727417
56.172428131103516 481.1103820800781 -1.1420599222183228
56.172428131103516 481.1103820800781 -1.5420598983764648
56.141075134277344 481.2513427734375 -1.161773443222046
56.141075134277344 481.2513427734375 -1.561773419380188
56.11250686645508 481.39288330078125 -1.181486964225769
56.11250686645508 481.39288330078125 -1.5814869403839111
56.086734771728516 481.53497314453125 -1.2012004852294922
56.086734771728516 481.53497314453125 -1.6012004613876343
56.06376647949219 481.6775207519531 -1.2209140062332153
56.06376647949219 481.6775207519531 -1.6209139823913574
56.04361343383789 481.82049560546875 -1.2406275272369385
56.04361343383789 481.82049560546875 -1.6406275033950806
56.026283264160156 481.9638366699219 -1.2603410482406616
56.026283264160156 481.9638366699219 -1.6603410243988037
56.01177978515625 482.1075134277344 -1.2800545692443848
56.01177978515625 482.1075134277344 -1.6800545454025269
56.00011444091797 482.2514343261719 -1.299768090248108
56.00011444091797 482.2514343261719 -1.69976806640625
55.99128723144531 482.39556884765625 -1.319481611251831
55.99128723144531 482.39556884765625 -1.7194815874099731
55.98530197143555 482.53985595703125 -1.3391951322555542
55.98530197143555 482.53985595703125 -1.7391951084136963
55.98216247558594 482.6842346191406 -1.3589086532592773
55.98216247558594 482.6842346191406 -1.7589086294174194
55.981868743896484 482.8286437988281 -1.3786221742630005
55.981868743896484 482.8286437988281 -1.7786221504211426
55.98442077636719 482.9730224609375 -1.3983356952667236
55.93320083618164 483.1080322265625 -1.018050193786621
55.93320083618164 483.1080322265625 -1.4180501699447632
55.8846435546875 483.2440490722656 -1.0377674102783203
55.8846435546875 483.2440490722656 -1.4377673864364624
55.83878707885742 483.3809814453125 -1.0574809312820435
55.83878707885742 483.3809814453125 -1.4574809074401855
55.79563903808594 483.5187683105469 -1.0771944522857666
55.79563903808594 483.5187683105469 -1.4771944284439087
55.75521469116211 483.6573791503906 -1.0969079732894897
55.75521469116211 483.6573791503906 -1.4969079494476318
55.717529296875 483.7967834472656 -1.116621494293213
55.717529296875 483.7967834472656 -1.516621470451355
55.68260192871094 483.9368896484375 -1.136335015296936
55.68260192871094 483.9368896484375 -1.5363349914550781
55.65044021606445 484.0776672363281 -1.1560485363006592
55.65044021606445 484.0776672363281 -1.5560485124588013
55.62105941772461 484.21905517578125 -1.1757620573043823
55.62105941772461 484.21905517578125 -1.5757620334625244
55.5944709777832 484.3609924316406 -1.1954755783081055
55.5944709777832 484.3609924316406 -1.5954755544662476
55.57068634033203 484.50341796875 -1.2151890993118286
55.57068634033203 484.50341796875 -1.6151890754699707
55.549713134765625 484.6462707519531 -1.2349026203155518
55.549713134765625 484.6462707519531 -1.6349025964736938
55.53156280517578 484.7895202636719 -1.254616141319275
55.53156280517578 484.7895202636719 -1.654616117477417
55.516239166259766 484.93310546875 -1.274329662322998
55.516239166259766 484.93310546875 -1.6743296384811401
55.50374984741211 485.07696533203125 -1.2940431833267212
55.50374984741211 485.07696533203125 -1.6940431594848633
55.49409866333008 485.2210388183594 -1.3137567043304443
55.49409866333008 485.2210388183594 -1.7137566804885864
55.48728942871094 485.3652648925781 -1.3334702253341675
55.48728942871094 485.3652648925781 -1.7334702014923096
55.48332214355469 485.5096130371094 -1.3531837463378906
55.48332214355469 485.5096130371094 -1.7531837224960327
55.482200622558594 485.65399169921875 -1.3728972673416138
55.482200622558594 485.65399169921875 -1.7728972434997559
55.48392868041992 485.7983703613281 -1.392610788345337
55.43193817138672 485.9330749511719 -1.012324333190918
55.43193817138672 485.9330749511719 -1.41232430934906
55.38261413574219 486.06878662109375 -1.0320378541946411
55.38261413574219 486.06878662109375 -1.4320378303527832
55.33597183227539 486.2054443359375 -1.0517513751983643
55.33597183227539 486.2054443359375 -1.4517513513565063
55.29203414916992 486.3429870605469 -1.0714648962020874
55.29203414916992 486.3429870605469 -1.4714648723602295
55.250816345214844 486.48138427734375 -1.0911784172058105
55.250816345214844 486.48138427734375 -1.4911783933639526
55.21233367919922 486.6205749511719 -1.1108919382095337
55.21233367919922 486.6205749511719 -1.5108919143676758
55.17660140991211 486.7604675292969 -1.1306054592132568
55.17660140991211 486.7604675292969 -1.530605435371399
55.14363479614258 486.90106201171875 -1.15031898021698
55.14363479614258 486.90106201171875 -1.550318956375122
55.11344528198242 487.0422668457031 -1.1700325012207031
55.11344528198242 487.0422668457031 -1.5700324773788452
55.08604431152344 487.1840515136719 -1.1897460222244263
55.08604431152344 487.1840515136719 -1.5897459983825684
55.06144332885742 487.3263244628906 -1.2094595432281494
55.06144332885742 487.3263244628906 -1.6094595193862915
55.03965377807617 487.46905517578125 -1.2291730642318726
55.03965377807617 487.46905517578125 -1.6291730403900146
55.02068328857422 487.6122131347656 -1.2488865852355957
55.02068328857422 487.6122131347656 -1.6488865613937378
55.00453567504883 487.7557067871094 -1.2686001062393188
55.00453567504883 487.7557067871094 -1.668600082397461
54.9912223815918 487.89947509765625 -1.288313627243042
54.9912223815918 487.89947509765625 -1.688313603401184
54.980743408203125 488.0434875488281 -1.3080271482467651
54.980743408203125 488.0434875488281 -1.7080271244049072
54.973106384277344 488.18768310546875 -1.3277406692504883
54.973106384277344 488.18768310546875 -1.7277406454086304
54.96831512451172 488.3320007324219 -1.3474541902542114
54.96831512451172 488.3320007324219 -1.7474541664123535
54.96636962890625 488.47637939453125 -1.3671677112579346
54.96636962890625 488.47637939453125 -1.7671676874160767
54.96726989746094 488.62078857421875 -1.3868812322616577
54.91450881958008 488.75518798828125 -1.0065947771072388
54.91450881958008 488.75518798828125 -1.4065947532653809
54.86440658569336 488.890625 -1.026308298110962
54.86440658569336 488.890625 -1.426308274269104
54.81698226928711 489.0270080566406 -1.046021819114685
54.81698226928711 489.0270080566406 -1.4460217952728271
54.772254943847656 489.164306640625 -1.0657353401184082
54.772254943847656 489.164306640625 -1.4657353162765503
54.73024368286133 489.3024597167969 -1.0854488611221313
54.73024368286133 489.3024597167969 -1.4854488372802734
54.69096374511719 489.44140625 -1.1051623821258545
54.69096374511719 489.44140625 -1.5051623582839966
54.6544303894043 489.58111572265625 -1.1248759031295776
54.6544303894043 489.58111572265625 -1.5248758792877197
54.62065887451172 489.72149658203125 -1.1445894241333008
54.62065887451172 489.72149658203125 -1.5445894002914429
54.58966064453125 489.8625183105469 -1.164302945137024
54.58966064453125 489.8625183105469 -1.564302921295166
54.56145095825195 490.0041198730469 -1.184016466140747
54.56145095825195 490.0041198730469 -1.5840164422988892
54.53603744506836 490.1462707519531 -1.2037299871444702
54.53603744506836 490.1462707519531 -1.6037299633026123
54.513431549072266 490.28887939453125 -1.2234435081481934
54.513431549072266 490.28887939453125 -1.6234434843063354
54.4936408996582 490.4319152832031 -1.2431570291519165
54.4936408996582 490.4319152832031 -1.6431570053100586
54.4766731262207 490.5753173828125 -1.2628705501556396
54.4766731262207 490.5753173828125 -1.6628705263137817
54.4625358581543 490.7190246582031 -1.2825840711593628
54.4625358581543 490.7190246582031 -1.6825840473175049
54.45123291015625 490.86297607421875 -1.302297592163086
54.45123291015625 490.86297607421875 -1.702297568321228
54.44276809692383 491.00714111328125 -1.322011113166809
54.44276809692383 491.00714111328125 -1.7220110893249512
54.43714904785156 491.15142822265625 -1.3417246341705322
54.43714904785156 491.15142822265625 -1.7417246103286743
54.43437576293945 491.2958068847656 -1.3614381551742554
54.43437576293945 491.2958068847656 -1.7614381313323975
54.4344482421875 491.4402160644531 -1.3811516761779785
54.380916595458984 491.5743103027344 -1.0008652210235596
54.380916595458984 491.5743103027344 -1.4008651971817017
54.330039978027344 491.7094421386719 -1.0205787420272827
54.330039978027344 491.7094421386719 -1.4205787181854248
54.281837463378906 491.8455505371094 -1.0402922630310059
54.281837463378906 491.8455505371094 -1.440292239189148
54.236324310302734 491.9825744628906 -1.060005784034729
54.236324310302734 491.9825744628906 -1.460005760192871
54.19352340698242 492.1204833984375 -1.0797193050384521
54.19352340698242 492.1204833984375 -1.4797192811965942
54.15345001220703 492.25921630859375 -1.0994328260421753
54.15345001220703 492.25921630859375 -1.4994328022003174
54.116119384765625 492.3987121582031 -1.1191463470458984
54.116119384765625 492.3987121582031 -1.5191463232040405
54.08154296875 492.5389099121094 -1.1388598680496216
54.08154296875 492.5389099121094 -1.5388598442077637
54.049739837646484 492.67974853515625 -1.1585733890533447
54.049739837646484 492.67974853515625 -1.5585733652114868
54.02071762084961 492.8211975097656 -1.1782869100570679
54.02071762084961 492.8211975097656 -1.57828688621521
53.99448776245117 492.96319580078125 -1.198000431060791
53.99448776245117 492.96319580078125 -1.598000407218933
53.971065521240234 493.1056823730469 -1.2177139520645142
53.971065521240234 493.1056823730469 -1.6177139282226562
53.95045471191406 493.24859619140625 -1.2374274730682373
53.95045471191406 493.24859619140625 -1.6374274492263794
53.93266677856445 493.39190673828125 -1.2571409940719604
53.93266677856445 493.39190673828125 -1.6571409702301025
53.91770553588867 493.5355224609375 -1.2768545150756836
53.91770553588867 493.5355224609375 -1.6768544912338257
53.90557861328125 493.6794128417969 -1.2965680360794067
53.90557861328125 493.6794128417969 -1.6965680122375488
53.89628982543945 493.8235168457031 -1.3162815570831299
53.89628982543945 493.8235168457031 -1.716281533241272
53.88984298706055 493.9677734375 -1.335995078086853
53.88984298706055 493.9677734375 -1.7359950542449951
53.8862419128418 494.11212158203125 -1.3557085990905762
53.8862419128418 494.11212158203125 -1.7557085752487183
53.8854866027832 494.25653076171875 -1.3754221200942993
53.8311882019043 494.39031982421875 -0.9951356649398804
53.8311882019043 494.39031982421875 -1.3951356410980225
53.779537200927734 494.5251770019531 -1.0148491859436035
53.779537200927734 494.5251770019531 -1.4148491621017456
53.730552673339844 494.6610107421875 -1.0345627069473267
53.730552673339844 494.6610107421875 -1.4345626831054688
53.68425750732422 494.79779052734375 -1.0542762279510498
53.68425750732422 494.79779052734375 -1.454276204109192
53.64066696166992 494.9354553222656 -1.073989748954773
53.64066696166992 494.9354553222656 -1.473989725112915
53.59980010986328 495.0739440917969 -1.093703269958496
53.59980010986328 495.0739440917969 -1.4937032461166382
53.561668395996094 495.2132263183594 -1.1134167909622192
53.561668395996094 495.2132263183594 -1.5134167671203613
53.52629089355469 495.35321044921875 -1.1331303119659424
53.52629089355469 495.35321044921875 -1.5331302881240845
53.49367904663086 495.4938659667969 -1.1528438329696655
53.49367904663086 495.4938659667969 -1.5528438091278076
53.46384811401367 495.6351623535156 -1.1725573539733887
53.46384811401367 495.6351623535156 -1.5725573301315308
53.436805725097656 495.7770080566406 -1.1922708749771118
53.436805725097656 495.7770080566406 -1.592270851135254
53.412567138671875 495.9193420410156 -1.211984395980835
53.412567138671875 495.9193420410156 -1.611984372138977
53.391136169433594 496.0621337890625 -1.231697916984558
53.391136169433594 496.0621337890625 -1.6316978931427002
53.37252426147461 496.205322265625 -1.2514114379882812
53.37252426147461 496.205322265625 -1.6514114141464233
53.35673904418945 496.3488464355469 -1.2711249589920044
53.35673904418945 496.3488464355469 -1.6711249351501465
53.343788146972656 496.49267578125 -1.2908384799957275
53.343788146972656 496.49267578125 -1.6908384561538696
53.333675384521484 496.63671875 -1.3105520009994507
53.333675384521484 496.63671875 -1.7105519771575928
53.32640075683594 496.78094482421875 -1.3302655220031738
53.32640075683594 496.78094482421875 -1.730265498161316
53.32197189331055 496.9252624511719 -1.349979043006897
53.32197189331055 496.9252624511719 -1.749979019165039
53.32038879394531 497.06964111328125 -1.3696925640106201
53.265323638916016 497.203125 -0.9894061088562012
53.265323638916016 497.203125 -1.3894060850143433
53.2129020690918 497.3376770019531 -1.0091196298599243
53.2129020690918 497.3376770019531 -1.4091196060180664
53.163143157958984 497.4732360839844 -1.0288331508636475
53.163143157958984 497.4732360839844 -1.4288331270217896
53.116065979003906 497.6097412109375 -1.0485466718673706
53.116065979003906 497.6097412109375 -1.4485466480255127
53.071685791015625 497.7471618652344 -1.0682601928710938
53.071685791015625 497.7471618652344 -1.4682601690292358
53.030025482177734 497.8854064941406 -1.087973713874817
53.030025482177734 497.8854064941406 -1.487973690032959
52.99109649658203 498.0244445800781 -1.10768723487854
52.99109649658203 498.0244445800781 -1.5076872110366821
52.954917907714844 498.16424560546875 -1.1274007558822632
52.954917907714844 498.16424560546875 -1.5274007320404053
52.92150115966797 498.3047180175781 -1.1471142768859863
52.92150115966797 498.3047180175781 -1.5471142530441284
52.89086151123047 498.4458312988281 -1.1668277978897095
52.89086151123047 498.4458312988281 -1.5668277740478516
52.863006591796875 498.5875244140625 -1.1865413188934326
52.863006591796875 498.5875244140625 -1.5865412950515747
52.83795166015625 498.729736328125 -1.2062548398971558
52.83795166015625 498.729736328125 -1.6062548160552979
52.815704345703125 498.8724060058594 -1.225968360900879
52.815704345703125 498.8724060058594 -1.625968337059021
52.79627227783203 499.0155029296875 -1.245681881904602
52.79627227783203 499.0155029296875 -1.6456818580627441
52.779666900634766 499.158935546875 -1.2653954029083252
52.779666900634766 499.158935546875 -1.6653953790664673
52.765892028808594 499.30267333984375 -1.2851089239120483
52.765892028808594 499.30267333984375 -1.6851089000701904
52.75495147705078 499.4466552734375 -1.3048224449157715
52.75495147705078 499.4466552734375 -1.7048224210739136
52.74685287475586 499.5908203125 -1.3245359659194946
52.74685287475586 499.5908203125 -1.7245359420776367
52.74159622192383 499.7351379394531 -1.3442494869232178
52.74159622192383 499.7351379394531 -1.7442494630813599
52.73918533325195 499.8795166015625 -1.363963007926941
52.68335723876953 500.0126953125 -0.983676552772522
52.68335723876953 500.0126953125 -1.383676528930664
52.630165100097656 500.1469421386719 -1.0033900737762451
52.630165100097656 500.1469421386719 -1.4033900499343872
52.579627990722656 500.2821960449219 -1.0231035947799683
52.579627990722656 500.2821960449219 -1.4231035709381104
52.531768798828125 500.4184265136719 -1.0428171157836914
52.531768798828125 500.4184265136719 -1.4428170919418335
52.486602783203125 500.5555725097656 -1.0625306367874146
52.486602783203125 500.5555725097656 -1.4625306129455566
52.444149017333984 500.693603515625 -1.0822441577911377
52.444149017333984 500.693603515625 -1.4822441339492798
52.40442657470703 500.8324279785156 -1.1019576787948608
52.40442657470703 500.8324279785156 -1.501957654953003
52.36744689941406 500.9720153808594 -1.121671199798584
52.36744689941406 500.9720153808594 -1.521671175956726
52.33322525024414 501.1123046875 -1.1413847208023071
52.33322525024414 501.1123046875 -1.5413846969604492
52.30177688598633 501.25323486328125 -1.1610982418060303
52.30177688598633 501.25323486328125 -1.5610982179641724
52.27311325073242 501.3947448730469 -1.1808117628097534
52.27311325073242 501.3947448730469 -1.5808117389678955
52.24724197387695 501.53680419921875 -1.2005252838134766
52.24724197387695 501.53680419921875 -1.6005252599716187
52.224178314208984 501.6793518066406 -1.2202388048171997
52.224178314208984 501.6793518066406 -1.6202387809753418
52.20392990112305 501.82232666015625 -1.2399523258209229
52.20392990112305 501.82232666015625 -1.639952301979065
52.186500549316406 501.9656677246094 -1.259665846824646
52.186500549316406 501.9656677246094 -1.659665822982788
52.17190170288086 502.10931396484375 -1.2793793678283691
52.17190170288086 502.10931396484375 -1.6793793439865112
52.16013717651367 502.25323486328125 -1.2990928888320923
52.16013717651367 502.25323486328125 -1.6990928649902344
52.15121078491211 502.3973693847656 -1.3188064098358154
52.15121078491211 502.3973693847656 -1.7188063859939575
52.1451301574707 502.5416259765625 -1.3385199308395386
52.1451301574707 502.5416259765625 -1.7385199069976807
52.14189147949219 502.68597412109375 -1.3582332134246826
52.08530044555664 502.8188171386719 -0.9779467582702637
52.08530044555664 502.8188171386719 -1.3779467344284058
52.03133773803711 502.9527587890625 -0.9976602792739868
52.03133773803711 502.9527587890625 -1.397660255432129
51.98002624511719 503.0877380371094 -1.01737380027771
51.98002624511719 503.0877380371094 -1.417373776435852
51.9313850402832 503.22369384765625 -1.037087321281433
51.9313850402832 503.22369384765625 -1.4370872974395752
51.885433197021484 503.360595703125 -1.0568008422851562
51.885433197021484 503.360595703125 -1.4568008184432983
51.84218978881836 503.49835205078125 -1.0765143632888794
51.84218978881836 503.49835205078125 -1.4765143394470215
51.80167007446289 503.636962890625 -1.0962278842926025
51.80167007446289 503.636962890625 -1.4962278604507446
51.76388931274414 503.7763366699219 -1.1159414052963257
51.76388931274414 503.7763366699219 -1.5159413814544678
51.72886657714844 503.9164123535156 -1.1356549263000488
51.72886657714844 503.9164123535156 -1.535654902458191
51.69660949707031 504.0571594238281 -1.155368447303772
51.69660949707031 504.0571594238281 -1.555368423461914
51.66713333129883 504.1985168457031 -1.1750819683074951
51.66713333129883 504.1985168457031 -1.5750819444656372
51.64044952392578 504.3404235839844 -1.1947954893112183
51.64044952392578 504.3404235839844 -1.5947954654693604
51.61656951904297 504.4828186035156 -1.2145090103149414
51.61656951904297 504.4828186035156 -1.6145089864730835
51.59550094604492 504.62567138671875 -1.2342225313186646
51.59550094604492 504.62567138671875 -1.6342225074768066
51.57725143432617 504.7689208984375 -1.2539360523223877
51.57725143432617 504.7689208984375 -1.6539360284805298
51.56182861328125 504.9125061035156 -1.2736495733261108
51.56182861328125 504.9125061035156 -1.673649549484253
51.54924011230469 505.0563659667969 -1.293363094329834
51.54924011230469 505.0563659667969 -1.693363070487976
51.53948974609375 505.200439453125 -1.3130766153335571
51.53948974609375 505.200439453125 -1.7130765914916992
51.5325813293457 505.34466552734375 -1.3327901363372803
51.5325813293457 505.34466552734375 -1.7327901124954224
51.52851867675781 505.489013671875 -1.3525036573410034
51.471168518066406 505.62152099609375 -0.9722172021865845
51.471168518066406 505.62152099609375 -1.3722171783447266
51.416439056396484 505.7551574707031 -0.9919307231903076
51.416439056396484 505.7551574707031 -1.3919306993484497
51.364356994628906 505.88983154296875 -1.0116442441940308
51.364356994628906 505.88983154296875 -1.4116442203521729
51.314937591552734 506.0255126953125 -1.031357765197754
51.314937591552734 506.0255126953125 -1.431357741355896
51.26820373535156 506.1621398925781 -1.051071286201477
51.26820373535156 506.1621398925781 -1.4510712623596191
51.22417068481445 506.2996520996094 -1.0707848072052002
51.22417068481445 506.2996520996094 -1.4707847833633423
51.182857513427734 506.4380187988281 -1.0904983282089233
51.182857513427734 506.4380187988281 -1.4904983043670654
51.14427947998047 506.5771789550781 -1.1102118492126465
51.14427947998047 506.5771789550781 -1.5102118253707886
51.10845184326172 506.7170715332031 -1.1299253702163696
51.10845184326172 506.7170715332031 -1.5299253463745117
51.07538986206055 506.8576354980469 -1.1496388912200928
51.07538986206055 506.8576354980469 -1.5496388673782349
51.04510498046875 506.9988098144531 -1.169352412223816
51.04510498046875 506.9988098144531 -1.569352388381958
51.017608642578125 507.14056396484375 -1.189065933227539
51.017608642578125 507.14056396484375 -1.5890659093856812
50.99291229248047 507.2828369140625 -1.2087794542312622
50.99291229248047 507.2828369140625 -1.6087794303894043
50.97102355957031 507.4255676269531 -1.2284929752349854
50.97102355957031 507.4255676269531 -1.6284929513931274
50.95195388793945 507.5686950683594 -1.2482064962387085
50.95195388793945 507.5686950683594 -1.6482064723968506
50.93571090698242 507.7121887207031 -1.2679200172424316
50.93571090698242 507.7121887207031 -1.6679199934005737
50.922298431396484 507.85595703125 -1.2876335382461548
50.922298431396484 507.85595703125 -1.6876335144042969
50.91172409057617 507.9999694824219 -1.307347059249878
50.91172409057617 507.9999694824219 -1.70734703540802
50.903987884521484 508.1441650390625 -1.327060580253601
50.6706428527832 508.7217102050781 -1.0465991497039795
50.6706428527832 508.7217102050781 -1.4465991258621216
50.62599563598633 508.8590393066406 -1.0663126707077026
50.62599563598633 508.8590393066406 -1.4663126468658447
50.58406448364258 508.9972229003906 -1.0860261917114258
50.58406448364258 508.9972229003906 -1.4860261678695679
50.544864654541016 509.1361999511719 -1.105739712715149
50.544864654541016 509.1361999511719 -1.505739688873291
50.5084114074707 509.2759094238281 -1.125453233718872
50.5084114074707 509.2759094238281 -1.5254532098770142
50.4747200012207 509.41632080078125 -1.1451667547225952
50.4747200012207 509.41632080078125 -1.5451667308807373
50.44380569458008 509.557373046875 -1.1648802757263184
50.44380569458008 509.557373046875 -1.5648802518844604
50.41567611694336 509.6990051269531 -1.1845937967300415
50.41567611694336 509.6990051269531 -1.5845937728881836
50.390342712402344 509.8411560058594 -1.2043073177337646
50.390342712402344 509.8411560058594 -1.6043072938919067
50.36781692504883 509.9837951660156 -1.2240208387374878
50.36781692504883 509.9837951660156 -1.6240208148956299
50.348106384277344 510.1268310546875 -1.243734359741211
50.348106384277344 510.1268310546875 -1.643734335899353
50.33122253417969 510.2702331542969 -1.263447880744934
50.33122253417969 510.2702331542969 -1.6634478569030762
50.31716537475586 510.4139404296875 -1.2831614017486572
50.31716537475586 510.4139404296875 -1.6831613779067993
50.305946350097656 510.5578918457031 -1.3028749227523804
50.305946350097656 510.5578918457031 -1.7028748989105225
50.297664642333984 510.70025634765625 -1.3225246667861938
50.236366271972656 510.83099365234375 -0.9422386884689331
50.236366271972656 510.83099365234375 -1.3422386646270752
50.17765808105469 510.9629211425781 -0.9619522094726562
50.17765808105469 510.9629211425781 -1.3619521856307983
50.12156295776367 511.0959777832031 -0.9816657304763794
50.12156295776367 511.0959777832031 -1.3816657066345215
50.06809997558594 511.2301025390625 -1.0013792514801025
50.06809997558594 511.2301025390625 -1.4013792276382446
50.01729202270508 511.3652648925781 -1.0210927724838257
50.01729202270508 511.3652648925781 -1.4210927486419678
49.96915817260742 511.50140380859375 -1.0408062934875488
49.96915817260742 511.50140380859375 -1.440806269645691
49.9237174987793 511.6384582519531 -1.060519814491272
49.9237174987793 511.6384582519531 -1.460519790649414
49.880985260009766 511.7763977050781 -1.0802333354949951
49.880985260009766 511.7763977050781 -1.4802333116531372
49.840980529785156 511.9151306152344 -1.0999468564987183
49.840980529785156 511.9151306152344 -1.4999468326568604
49.80371856689453 512.0546264648438 -1.1196603775024414
49.80371856689453 512.0546264648438 -1.5196603536605835
49.76921463012695 512.19482421875 -1.1393738985061646
49.76921463012695 512.19482421875 -1.5393738746643066
49.73748016357422 512.335693359375 -1.1590874195098877
49.73748016357422 512.335693359375 -1.5590873956680298
49.70853042602539 512.4771728515625 -1.1788009405136108
49.70853042602539 512.4771728515625 -1.578800916671753
49.682376861572266 512.6192016601562 -1.198514461517334
49.682376861572266 512.6192016601562 -1.598514437675476
49.659027099609375 512.76171875 -1.2182279825210571
49.659027099609375 512.76171875 -1.6182279586791992
49.63848876953125 512.9046630859375 -1.2379415035247803
49.63848876953125 512.9046630859375 -1.6379414796829224
49.62077331542969 513.0479736328125 -1.2576550245285034
49.62077331542969 513.0479736328125 -1.6576550006866455
49.60588455200195 513.1915893554688 -1.2773685455322266
49.60588455200195 513.1915893554688 -1.6773685216903687
49.59383010864258 513.3355102539062 -1.2970820665359497
49.59383010864258 513.3355102539062 -1.6970820426940918
49.090030670166016 509.36737060546875 -1.6970820426940918
48.58623123168945 505.39923095703125 -1.6970820426940918
48.08243179321289 501.43109130859375 -1.6970820426940918
47.57863235473633 497.46295166015625 -1.6970820426940918
47.074832916259766 493.49481201171875 -1.6970820426940918
46.5710334777832 489.52667236328125 -1.6970820426940918
46.06723403930664 485.55853271484375 -1.6970820426940918
45.56343460083008 481.59039306640625 -1.6970820426940918
45.059635162353516 477.62225341796875 -1.6970820426940918
44.55583572387695 473.65411376953125 -1.6970820426940918
44.05203628540039 469.68597412109375 -1.6970820426940918
43.54823684692383 465.71783447265625 -1.6970820426940918
43.044437408447266 461.74969482421875 -1.6970820426940918
42.5406379699707 457.78155517578125 -1.6970820426940918
42.03683853149414 453.81341552734375 -1.6970820426940918
41.53303909301758 449.84527587890625 -1.6970820426940918
41.029239654541016 445.87713623046875 -1.6970820426940918
40.52544021606445 441.90899658203125 -1.6970820426940918
40.02164077758789 437.94085693359375 -1.6970820426940918
39.51784133911133 433.97271728515625 -1.6970820426940918
39.014041900634766 430.00457763671875 -1.6970820426940918
38.5102424621582 426.03643798828125 -1.6970820426940918
38.00644302368164 422.06829833984375 -1.6970820426940918
37.50264358520508 418.10015869140625 -1.6970820426940918
36.998844146728516 414.13201904296875 -1.6970820426940918
36.49504470825195 410.16387939453125 -1.6970820426940918
35.99124526977539 406.19573974609375 -1.6970820426940918
35.48744583129883 402.22760009765625 -1.6970820426940918
34.983646392822266 398.25946044921875 -1.6970820426940918
34.4798469543457 394.29132080078125 -1.6970820426940918
33.97604751586914 390.32318115234375 -1.6970820426940918
33.47224807739258 386.35504150390625 -1.6970820426940918
32.968448638916016 382.38690185546875 -1.6970820426940918
32.46464920043945 378.41876220703125 -1.6970820426940918
31.960847854614258 374.45062255859375 -1.6970820426940918
31.457046508789062 370.48248291015625 -1.6970820426940918
30.953245162963867 366.51434326171875 -1.6970820426940918
30.449443817138672 362.54620361328125 -1.6970820426940918
29.945642471313477 358.57806396484375 -1.6970820426940918
29.44184112548828 354.60992431640625 -1.6970820426940918
28.938039779663086 350.64178466796875 -1.6970820426940918
28.43423843383789 346.67364501953125 -1.6970820426940918
27.930437088012695 342.70550537109375 -1.6970820426940918
27.4266357421875 338.73736572265625 -1.6970820426940918
26.922834396362305 334.76922607421875 -1.6970820426940918
26.41903305053711 330.80108642578125 -1.6970820426940918
25.915231704711914 326.83294677734375 -1.6970820426940918
25.41143035888672 322.86480712890625 -1.6970820426940918
24.907629013061523 318.89666748046875 -1.6970820426940918
24.403827667236328 314.92852783203125 -1.6970820426940918
23.900026321411133 310.96038818359375 -1.6970820426940918
23.396224975585938 306.99224853515625 -1.6970820426940918
22.892423629760742 303.02410888671875 -1.6970820426940918
22.388622283935547 299.05596923828125 -1.6970820426940918
21.88482093811035 295.08782958984375 -1.6970820426940918
21.381019592285156 291.11968994140625 -1.6970820426940918
20.87721824645996 287.15155029296875 -1.6970820426940918
20.373416900634766 283.18341064453125 -1.6970820426940918
19.86961555480957 279.21527099609375 -1.6970820426940918
19.365814208984375 275.24713134765625 -1.6970820426940918
18.86201286315918 271.27899169921875 -1.6970820426940918
18.358211517333984 267.31085205078125 -1.6970820426940918
17.85441017150879 263.34271240234375 -1.6970820426940918
17.849224090576172 263.42327880859375 -1.3159557580947876
18.85736083984375 259.55291748046875 -1.3160067796707153
18.85736083984375 259.55291748046875 -1.316057801246643
18.85736083984375 259.55291748046875 -1.3161088228225708
18.85736083984375 259.55291748046875 -1.3161598443984985
18.85736083984375 259.55291748046875 -1.3162108659744263
18.85736083984375 259.55291748046875 -1.316261887550354
18.85736083984375 259.55291748046875 -1.3163129091262817
18.85736083984375 259.55291748046875 -1.3163639307022095
18.85736083984375 259.55291748046875 -1.3164149522781372
18.85736083984375 259.55291748046875 -1.316465973854065
18.85736083984375 259.55291748046875 -1.3165169954299927
