-390.0
-390.0
-390.0
-390.0
-390.0
-390.0
-390.14285335145996
-390.14285335145996
-390.286104272718
-390.286104272718
-390.42969133164314
-390.42969133164314
-390.5735531574016
-390.5735531574016
-390.7176284398715
-390.7176284398715
-390.86185593111065
-390.86185593111065
-391.0062049627136
-391.0062049627136
-391.15058389411223
-391.15058389411223
-391.29496218211244
-391.29496218211244
-391.4392788280467
-391.4392788280467
-391.5835034128135
-391.5835034128135
-391.7275445446684
-391.8836839391528
-391.8836839391528
-392.02218685322754
-392.02218685322754
-392.1614861115972
-392.1614861115972
-392.3014893493116
-392.3014893493116
-392.4421652936539
-392.4421652936539
-392.5834522070554
-392.5834522070554
-392.7253189309539
-392.7253189309539
-392.8676733230834
-392.8676733230834
-393.0104843438342
-393.0104843438342
-393.1536904886246
-393.1536904886246
-393.29723031573724
-393.29723031573724
-393.4410729612194
-393.4410729612194
-393.5851265907301
-393.5851265907301
-393.7293604705699
-393.7293604705699
-393.8736828851899
-393.8736828851899
-394.0180632240516
-394.0180632240516
-394.1624404208343
-394.1624404208343
-394.30678398843753
-394.30678398843753
-394.451002466185
-394.451002466185
-394.5950654939463
-394.7326266812771
-394.7326266812771
-394.87092176723525
-394.87092176723525
-395.01001093136085
-395.01001093136085
-395.1498628298833
-395.1498628298833
-395.2903851262919
-395.2903851262919
-395.43154659012714
-395.43154659012714
-395.57328551743683
-395.57328551743683
-395.7155402730537
-395.7155402730537
-395.85824926616954
-395.85824926616954
-396.00138150178566
-396.00138150178566
-396.14484500257544
-396.14484500257544
-396.2886088858579
-396.2886088858579
-396.4326118114506
-396.4326118114506
-396.5767925146948
-396.5767925146948
-396.72108977704085
-396.72108977704085
-396.8654729736472
-396.8654729736472
-397.0098810235155
-397.0098810235155
-397.1542223893724
-397.1542223893724
-397.29846663010204
-397.29846663010204
-397.44258337300556
-397.57981940648
-397.57981940648
-397.717909127845
-397.717909127845
-397.85682111689215
-397.85682111689215
-397.99649347802153
-397.99649347802153
-398.1368643850117
-398.1368643850117
-398.27787206604415
-398.27787206604415
-398.4194547945385
-398.4194547945385
-398.5615814263325
-398.5615814263325
-398.7041903667844
-398.7041903667844
-398.84722006887006
-398.84722006887006
-398.99060905416553
-398.99060905416553
-399.13429590340513
-399.13429590340513
-399.2782497852889
-399.2782497852889
-399.4224094113934
-399.4224094113934
-399.5666830363357
-399.5666830363357
-399.71104001027464
-399.71104001027464
-399.85544975524715
-399.85544975524715
-399.9998207192239
-399.9998207192239
-400.1440919283341
-400.1440919283341
-400.28823298674655
-400.42526854158166
-400.42526854158166
-400.5631554014711
-400.5631554014711
-400.7018621257318
-400.7018621257318
-400.841357324188
-400.841357324188
-400.9815486233262
-400.9815486233262
-401.1224047369336
-401.1224047369336
-401.26386392822343
-401.26386392822343
-401.4058645158028
-401.4058645158028
-401.54834488825213
-401.54834488825213
-401.69127399500377
-401.69127399500377
-401.8345903254163
-401.8345903254163
-401.9782324556356
-401.9782324556356
-402.1221390214193
-402.1221390214193
-402.2662487036938
-402.2662487036938
-402.4105002577048
-402.4105002577048
-402.55486301626667
-402.55486301626667
-402.69924535254415
-402.69924535254415
-402.8436167348343
-402.8436167348343
-402.9879161743869
-402.9879161743869
-403.1321132599885
-403.2689204064994
-403.2689204064994
-403.4066069390926
-403.4066069390926
-403.54514138181156
-403.54514138181156
-403.6844618058947
-403.6844618058947
-403.82450633353403
-403.82450633353403
-403.96521313882727
-403.96521313882727
-404.10652046579236
-404.10652046579236
-404.2483971305346
-404.2483971305346
-404.3907814873804
-404.3907814873804
-404.53361196459923
-404.53361196459923
-404.6768270301211
-404.6768270301211
-404.82039576264566
-404.82039576264566
-404.96422624725517
-404.96422624725517
-405.1082876623272
-405.1082876623272
-405.2525187465781
-405.2525187465781
-405.3968583169136
-405.3968583169136
-405.5412452318412
-405.5412452318412
-405.6856489454016
-405.6856489454016
-405.82997791875414
-405.82997791875414
-405.9742017623794
-406.1107831203397
-406.1107831203397
-406.2482718674
-406.2482718674
-406.3866060053481
-406.3866060053481
-406.5257235654013
-406.5257235654013
-406.6655931650481
-406.6655931650481
-406.80615295593583
-406.80615295593583
-406.94734116282024
-406.94734116282024
-407.0890960647268
-407.0890960647268
-407.23135599562875
-407.23135599562875
-407.3740898622162
-407.3740898622162
-407.5172056149635
-407.5172056149635
-407.66067229611804
-407.66067229611804
-407.80445900589507
-407.80445900589507
-407.94847389082327
-407.94847389082327
-408.09265567361524
-408.09265567361524
-408.2369736311008
-408.2369736311008
-408.38136664894427
-408.38136664894427
-408.5257736058476
-408.5257736058476
-408.6701335066204
-408.6701335066204
-408.81438539327826
-408.81734501833347
-408.96167087544285
-408.96167087544285
-409.1058888323686
-409.24245585374484
-409.24245585374484
-409.3799276299268
-409.3799276299268
-409.51824210828676
-409.51824210828676
-409.657337352897
-409.657337352897
-409.79718194836204
-409.79718194836204
-409.93771406032505
-409.93771406032505
-410.07887188297474
-410.07887188297474
-410.2205936879746
-410.2205936879746
-410.3628483184665
-410.3628483184665
-410.50557418106774
-410.50557418106774
-410.64870971362194
-410.64870971362194
-410.79219343591564
-410.79219343591564
-410.93596392530816
-410.93596392530816
-411.0799598428917
-411.0799598428917
-411.2241504252981
-411.2241504252981
-411.36847442519047
-411.36847442519047
-411.51287070588523
-411.51287070588523
-411.65727818989825
-411.65727818989825
-411.8016358588124
-411.8016358588124
-411.94588275314567
-412.209774203221
-412.209774203221
-412.347980336502
-412.347980336502
-412.48699508119097
-412.48699508119097
-412.62675651277874
-412.62675651277874
-412.767202757256
-412.767202757256
-412.9083025370695
-412.9083025370695
-413.0499635659766
-413.0499635659766
-413.1921547018979
-413.1921547018979
-413.334814312688
-413.334814312688
-413.47788082156353
-413.47788082156353
-413.6213232830895
-413.6213232830895
-413.7650497172511
-413.7650497172511
-413.90902929352063
-413.90902929352063
-414.0532007229672
-414.0532007229672
-414.1975027750717
-414.1975027750717
-414.34187427785537
-414.34187427785537
-414.4862846643582
-414.4862846643582
-414.6306423929927
-414.6306423929927
-414.7749170140255
-414.91128237203753
-414.91128237203753
-415.0484247828066
-415.0484247828066
-415.1864352020827
-415.1864352020827
-415.32528212109173
-415.32528212109173
-415.4648730770142
-415.4648730770142
-415.60517672199273
-415.60517672199273
-415.74613117930625
-415.74613117930625
-415.88767472010636
-415.88767472010636
-416.0297456048243
-416.0297456048243
-416.17231272939324
-416.17231272939324
-416.31528397947284
-416.31528397947284
-416.4586283622906
-416.4586283622906
-416.6022844252595
-416.6022844252595
-416.7462212892303
-416.7462212892303
-416.89034716672484
-416.89034716672484
-417.0346312941427
-417.0346312941427
-417.1789819665856
-417.1789819665856
-417.3233686038452
-417.3233686038452
-417.46773016762535
-417.46773016762535
-417.61203619420104
-417.7480301205298
-417.7480301205298
-417.8849820043036
-417.8849820043036
-418.0227992326473
-418.0227992326473
-418.1614503064108
-418.1614503064108
-418.30087322297084
-418.30087322297084
-418.44100609940415
-418.44100609940415
-418.58181758440213
-418.58181758440213
-418.72321534530346
-418.72321534530346
-418.8651681705125
-418.8651681705125
-419.00761438598204
-419.00761438598204
-419.15049240912407
-419.15049240912407
-419.2937712291985
-419.2937712291985
-419.4373588219556
-419.4373588219556
-419.58122432634445
-419.58122432634445
-419.7253064225521
-419.7253064225521
-419.8695438106682
-419.8695438106682
-420.01390583961785
-420.01390583961785
-420.15830084642624
-420.15830084642624
-420.30269829579134
-420.30269829579134
-420.4470066780322
-420.5827848811512
-420.5827848811512
-420.71951834270044
-420.71951834270044
-420.857144979936
-420.857144979936
-420.99560267855503
-420.99560267855503
-421.13482948792347
-421.13482948792347
-421.2747939836701
-421.2747939836701
-421.4154342349496
-421.4154342349496
-421.55668848177004
-421.55668848177004
-421.69852545218856
-421.69852545218856
-421.84085293567375
-421.84085293567375
-421.98363980727123
-421.98363980727123
-422.12682456325
-422.12682456325
-422.27034567334937
-422.27034567334937
-422.4141722201049
-422.4141722201049
-422.55821235261567
-422.55821235261567
-422.7024353086528
-422.7024353086528
-422.846749351711
-422.846749351711
-422.9911238341597
-422.9911238341597
-423.13552820758036
-423.13552820758036
-423.27987090780607
-423.4154055351917
-423.4154055351917
-423.55192322132723
-423.55192322132723
-423.689331261915
-423.689331261915
-423.82759815731197
-423.82759815731197
-423.9666618098936
-423.9666618098936
-424.10646029967006
-424.10646029967006
-424.2469622283869
-424.2469622283869
-424.38807521677484
-424.38807521677484
-424.5297680124101
-424.5297680124101
-424.67197890006656
-424.67197890006656
-424.81467673331747
-424.81467673331747
-424.9577694342873
-424.9577694342873
-425.1012260111818
-425.1012260111818
-425.2449850123568
-425.2449850123568
-425.38898504213455
-425.38898504213455
-425.5331648070554
-425.5331648070554
-425.6774630705436
-425.6774630705436
-425.82184921433213
-425.82184921433213
-425.9662315546187
-425.9662315546187
-426.1105796332665
-426.24590387066496
-426.24590387066496
-426.3821778868265
-426.3821778868265
-426.51936998010547
-426.51936998010547
-426.65744853888464
-426.65744853888464
-426.79632101438534
-426.79632101438534
-426.9359559360703
-426.9359559360703
-427.07629136686637
-427.07629136686637
-427.21726541927785
-427.21726541927785
-427.35884682040034
-427.35884682040034
-427.50094331941347
-427.50094331941347
-427.6435237484608
-427.6435237484608
-427.7865265277968
-427.7865265277968
-427.9298900825345
-427.9298900825345
-428.0735835072793
-428.0735835072793
-428.2175148225276
-428.2175148225276
-428.3616532846847
-428.3616532846847
-428.50593759149655
-428.50593759149655
-428.6503065473339
-428.6503065473339
-428.79469906355513
-428.79469906355513
-428.93908462320496
-429.07417068535045
-429.07417068535045
-429.21023417942666
-429.21023417942666
-429.3472434248644
-429.3472434248644
-429.48510575508055
-429.48510575508055
-429.62378957785666
-429.62378957785666
-429.763263399272
-429.763263399272
-429.90343474419683
-429.90343474419683
-430.04427221594904
-430.04427221594904
-430.18571400650956
-430.18571400650956
-430.32769835960676
-430.32769835960676
-430.4701635713276
-430.4701635713276
-430.6130785052422
-430.6130785052422
-430.75638161813566
-430.75638161813566
-430.9000114215266
-430.9000114215266
-431.04390648202275
-431.04390648202275
-431.188005476205
-431.188005476205
-431.33224708209525
-431.33224708209525
-431.47660065740064
-431.47660065740064
-431.62100504715806
-431.62100504715806
-431.7653992073558
-431.90024984468374
-431.90024984468374
-432.03610551271845
-432.03610551271845
-432.17290399018566
-432.17290399018566
-432.31058315531425
-432.31058315531425
-432.44908081878606
-432.44908081878606
-432.58836552031534
-432.58836552031534
-432.7283752197265
-432.7283752197265
-432.86907849583724
-432.86907849583724
-433.01038300649776
-433.01038300649776
-433.15225748902776
-433.15225748902776
-433.2946401601952
-433.2946401601952
-433.43746940545475
-433.43746940545475
-433.58068366413994
-433.58068366413994
-433.7242213710349
-433.7242213710349
-433.86805164677816
-433.86805164677816
-434.0121130944837
-434.0121130944837
-434.15634443160167
-434.15634443160167
-434.30068443137344
-434.30068443137344
-434.4450719229273
-434.4450719229273
-434.58947636437136
-434.72409428771624
-434.72409428771624
-434.8597143326807
-434.8597143326807
-434.9962742533145
-434.9962742533145
-435.13374229922385
-435.13374229922385
-435.27205637068835
-435.27205637068835
-435.41118492790133
-435.41118492790133
-435.55103538909515
-435.55103538909515
-435.6915763707201
-435.6915763707201
-435.832745900926
-435.832745900926
-435.97448224433356
-435.97448224433356
-436.1167541058007
-436.1167541058007
-436.25946934045095
-436.25946934045095
-436.40259682053346
-436.40259682053346
-436.54607502131506
-436.54607502131506
-436.68984253573
-436.68984253573
-436.8338378846444
-436.8338378846444
-436.9780302839368
-436.9780302839368
-437.1223584915723
-437.1223584915723
-437.26673087138226
-437.26673087138226
-437.41111680583896
-437.54547428058055
-437.54547428058055
-437.68086137507987
-437.68086137507987
-437.817215817113
-437.817215817113
-437.95447544199493
-437.95447544199493
-438.0926085114135
-438.0926085114135
-438.2315529487815
-438.2315529487815
-438.37124665784296
-438.37124665784296
-438.5116277220136
-438.5116277220136
-438.65266472024365
-438.65266472024365
-438.7942652548426
-438.7942652548426
-438.93639807131046
-438.93639807131046
-439.0790320342643
-439.0790320342643
-439.22207496786393
-439.22207496786393
-439.3654652617949
-439.3654652617949
-439.5091720077961
-439.5091720077961
-439.6531337713375
-439.6531337713375
-439.79728924053774
-439.79728924053774
-439.94157709023654
-439.94157709023654
-440.08593618678975
-440.08593618678975
-440.230335896258
-440.3644661661492
-440.3644661661492
-440.4996230588854
-440.4996230588854
-440.63577478976475
-440.63577478976475
-440.77285903305454
-440.77285903305454
-440.91081364496057
-440.91081364496057
-441.0495764562695
-441.0495764562695
-441.1891159258975
-441.1891159258975
-441.3293394638417
-441.3293394638417
-441.4702156946741
-441.4702156946741
-441.611713292668
-441.611713292668
-441.75373988608055
-441.75373988608055
-441.8962642500104
-441.8962642500104
-442.0392247715735
-442.0392247715735
-442.1825598182464
-442.1825598182464
-442.3262078830106
-442.3262078830106
-442.47010758544144
-442.47010758544144
-442.61422803862064
-442.61422803862064
-442.7584773858812
-442.9214681926368
-442.9214681926368
-443.27100272225687
-443.27100272225687
-443.40725345521855
-443.40725345521855
-443.5444327242855
-443.5444327242855
-443.6824782246893
-443.6824782246893
-443.82132784647473
-443.82132784647473
-443.96095003717375
-443.96095003717375
-444.10125219135233
-444.10125219135233
-444.24220292737647
-444.24220292737647
-444.38374032436764
-444.38374032436764
-444.5258330996632
-444.5258330996632
-444.66838899894475
-444.66838899894475
-444.81137691991853
-444.81137691991853
-444.95473522352637
-444.95473522352637
-445.09840240148674
-445.09840240148674
-445.24234758849525
-445.24234758849525
-445.38647887259407
-445.38647887259407
-445.5307654180816
-445.66253574967743
-445.66253574967743
-445.79544992723214
-445.79544992723214
-445.92947604276577
-445.92947604276577
-446.064521044409
-446.064521044409
-446.2005531001316
-446.2005531001316
-446.33754041873834
-446.33754041873834
-446.47539022972916
-446.47539022972916
-446.6140708271372
-446.6140708271372
-446.7535201207212
-446.7535201207212
-446.8936760667048
-446.8936760667048
-447.0345070961842
-447.0345070961842
-447.17592091555565
-447.17592091555565
-447.3178861363059
-447.3178861363059
-447.46034099248806
-447.46034099248806
-447.603254279451
-447.603254279451
-447.7465339074033
-447.7465339074033
-447.8901487758244
-447.8901487758244
-448.0340374945656
-448.0340374945656
-448.178138727281
-448.178138727281
-448.3223299187354
-448.45386862157477
-448.45386862157477
-448.58654756355656
-448.58654756355656
-448.7203347222868
-448.7203347222868
-448.85516760175665
-448.85516760175665
-448.99101433993553
-448.99101433993553
-449.12778200891455
-449.12778200891455
-449.26546933723574
-449.26546933723574
-449.40398365467007
-449.40398365467007
-449.54326275794546
-449.54326275794546
-449.68327508610844
-449.68327508610844
-449.8239586154635
-449.8239586154635
-449.9652513699629
-449.9652513699629
-450.1071220202273
-450.1071220202273
-450.24947826828554
-450.24947826828554
-450.39228888534257
-450.39228888534257
-450.5354921844541
-450.5354921844541
-450.6790267096465
-450.6790267096465
-450.82286138775663
-450.82286138775663
-450.9669043594863
-450.9669043594863
-447.0068046428911
-443.0474218036851
-439.0887752347035
-435.13088503082196
-431.1737720208358
-427.21745780108273
-423.26196477091935
-419.3073161701724
-415.35353611869226
-411.40064965814713
-407.44868279620704
-403.4976625532763
-399.5476170119477
-395.59857536936266
-391.65056799267825
-387.7036264778555
-383.757783712003
-379.8130739395252
-375.86953283234993
-371.9271975645255
-367.986106891509
-364.0463012344878
-360.10782277010964
-356.17071552602533
-352.23502548268516
-348.3008006818672
-344.3680913424567
-340.43694998404374
-336.5074315589551
-332.5795935933928
-328.65349633841214
-324.72920293154095
-320.80677956991497
-316.8862956958868
-312.9678241961575
-309.0514416155791
-305.1372283868905
-301.2252690777683
-297.3156526567166
-293.4084727794678
-289.50382809773845
-285.60182259237246
-281.7025659331132
-277.8061738674824
-273.91276864150495
-270.0224794553118
-266.1354429569816
-262.25180377835005
-258.3717151169271
-254.49533936852697
-250.62284881573703
-246.75442637793702
-242.8902664292429
-239.03057569149462
-235.17557421025032
-231.3254964227019
-227.48059232750575
-227.62438315685696
-223.64415928138754
-219.66465365910858
-219.66465365910858
-219.66465365910858
-216.61504421448433
-213.59680443853247
-210.61128299809855
-207.6598910702315
-207.6598910702315
-207.6598910702315
-207.6598910702315
-207.6598910702315
-207.6598910702315
-207.6598910702315
-207.6598910702315
-207.6598910702315
-207.6598910702315
-207.6598910702315
