62.55038070678711 452.4318542480469 0.737828254699707
65.21351623535156 454.73968505859375 0.6902583241462708
67.9833755493164 456.91827392578125 0.6426883935928345
70.85369873046875 458.9626770019531 0.5951184630393982
73.8179931640625 460.8682861328125 0.5475485324859619
76.86955261230469 462.6307678222656 0.49997857213020325
80.00146484375 464.24615478515625 0.4524086117744446
83.20664978027344 465.7107849121094 0.4048386514186859
86.47785186767578 467.0213317871094 0.35726869106292725
89.80767822265625 468.17486572265625 0.3096987307071686
93.18859100341797 469.1687316894531 0.2621287703514099
96.6129379272461 470.000732421875 0.21455880999565125
100.0729751586914 470.6689453125 0.16698884963989258
103.56087493896484 471.171875 0.11941889673471451
107.06874084472656 471.50836181640625 0.07184894382953644
110.58863830566406 471.67767333984375 0.024278990924358368
114.11260986328125 471.6794128417969 -0.023290961980819702
117.63267517089844 471.5135803222656 -0.07086091488599777
121.140869140625 471.1805419921875 -0.11843086779117584
124.62925720214844 470.6810607910156 -0.16600081324577332
128.08995056152344 470.0162658691406 -0.21357077360153198
131.51512145996094 469.1876525878906 -0.26114073395729065
134.8970184326172 468.1971130371094 -0.3087106943130493
134.9012451171875 468.19476318359375 -0.7082232236862183
134.9042205810547 468.1909484863281 -1.1077357530593872
136.69093322753906 464.61236572265625 -1.1077176332473755
138.4777069091797 461.0338134765625 -1.1076995134353638
138.4778289794922 461.0333251953125 -1.5076496601104736
138.7302703857422 457.0414733886719 -1.507631540298462
138.9827880859375 453.04962158203125 -1.5076134204864502
139.23538208007812 449.05780029296875 -1.5075953006744385
139.488037109375 445.06597900390625 -1.5075771808624268
139.7407684326172 441.07415771484375 -1.507559061050415
139.9935760498047 437.08233642578125 -1.5075409412384033
140.2464599609375 433.09051513671875 -1.5075228214263916
140.49940490722656 429.09869384765625 -1.5075047016143799
140.75242614746094 425.10687255859375 -1.5074865818023682
141.00552368164062 421.1150817871094 -1.5074684619903564
141.25869750976562 417.123291015625 -1.5074503421783447
141.51193237304688 413.1315002441406 -1.507432222366333
141.76524353027344 409.13970947265625 -1.5074141025543213
142.0186309814453 405.1479187011719 -1.5073959827423096
142.2720947265625 401.1561279296875 -1.5073778629302979
142.52561950683594 397.16436767578125 -1.5073597431182861
142.7792205810547 393.172607421875 -1.5073416233062744
143.03289794921875 389.18084716796875 -1.5073235034942627
143.28663635253906 385.1890869140625 -1.507305383682251
143.5404510498047 381.19732666015625 -1.5072872638702393
143.79434204101562 377.20556640625 -1.5072691440582275
144.04830932617188 373.21380615234375 -1.5072510242462158
144.30233764648438 369.2220764160156 -1.507232904434204
144.5564422607422 365.2303466796875 -1.5072147846221924
144.8106231689453 361.2386169433594 -1.5071966648101807
145.06488037109375 357.24688720703125 -1.507178544998169
145.31919860839844 353.2551574707031 -1.5071604251861572
145.57359313964844 349.263427734375 -1.5071423053741455
145.82806396484375 345.2716979980469 -1.5071241855621338
146.08261108398438 341.2799987792969 -1.507106065750122
146.33721923828125 337.2882995605469 -1.5070879459381104
146.59190368652344 333.2966003417969 -1.5070698261260986
146.84666442871094 329.3049011230469 -1.507051706314087
147.10150146484375 325.3132019042969 -1.5070335865020752
147.3563995361328 321.3215026855469 -1.5070154666900635
147.6113739013672 317.329833984375 -1.5069973468780518
147.86642456054688 313.3381652832031 -1.50697922706604
148.12155151367188 309.34649658203125 -1.5069611072540283
148.37673950195312 305.3548278808594 -1.5069429874420166
148.6320037841797 301.3631591796875 -1.5069248676300049
148.88734436035156 297.3714904785156 -1.5069067478179932
149.14276123046875 293.37982177734375 -1.5068886280059814
149.3982391357422 289.38818359375 -1.5068705081939697
149.65379333496094 285.39654541015625 -1.506852388381958
149.909423828125 281.4049072265625 -1.5068342685699463
150.1651153564453 277.41326904296875 -1.5068161487579346
150.42088317871094 273.421630859375 -1.5067980289459229
150.67672729492188 269.42999267578125 -1.5067799091339111
150.93264770507812 265.4383544921875 -1.5067617893218994
151.18862915039062 261.4467468261719 -1.5067436695098877
151.44468688964844 257.45513916015625 -1.506725549697876
151.70082092285156 253.46353149414062 -1.5067074298858643
151.95703125 249.471923828125 -1.5066893100738525
152.2133026123047 245.48031616210938 -1.5066711902618408
152.4696502685547 241.4887237548828 -1.506653070449829
152.72607421875 237.49713134765625 -1.5066349506378174
152.98257446289062 233.5055389404297 -1.5066168308258057
153.2391357421875 229.5139617919922 -1.506598711013794
153.4957733154297 225.5223846435547 -1.5065805912017822
153.7524871826172 221.5308074951172 -1.5065624713897705
154.00924682617188 217.5390625 -1.5065624713897705
154.26602172851562 213.54739379882812 -1.5065544843673706
154.52281188964844 209.55564880371094 -1.506554126739502
154.77960205078125 205.56390380859375 -1.506554126739502
155.0364227294922 201.57232666015625 -1.5065371990203857
155.29330444335938 197.5807647705078 -1.506519079208374
155.55026245117188 193.58920288085938 -1.5065009593963623
155.8072967529297 189.59765625 -1.5064828395843506
156.06439208984375 185.60610961914062 -1.5064647197723389
156.06019592285156 184.83636474609375 -1.6460400819778442
156.06007385253906 184.83590698242188 -2.045991897583008
156.0597686767578 184.83554077148438 -2.445943832397461
156.05935668945312 184.83531188964844 -2.845895767211914
152.23313903808594 183.66970825195312 -2.8458776473999023
148.40695190429688 182.5040283203125 -2.8458595275878906
144.58078002929688 181.33828735351562 -2.845841407775879
140.75462341308594 180.17247009277344 -2.845823287963867
136.92849731445312 179.006591796875 -2.8458051681518555
133.10238647460938 177.84063720703125 -2.8457870483398438
129.27630615234375 176.6746063232422 -2.845768928527832
125.45024108886719 175.50851440429688 -2.8457508087158203
121.62419891357422 174.34234619140625 -2.8457326889038086
117.79817199707031 173.17611694335938 -2.845714569091797
113.97216796875 172.0098114013672 -2.845696449279785
110.14618682861328 170.84344482421875 -2.8456783294677734
106.32022857666016 169.677001953125 -2.8456602096557617
102.49429321289062 168.510498046875 -2.84564208984375
98.66837310791016 167.3439178466797 -2.8456239700317383
94.84247589111328 166.17727661132812 -2.8456058502197266
91.0166015625 165.01055908203125 -2.845587730407715
87.19075012207031 163.84378051757812 -2.845569610595703
83.36491394042969 162.6769256591797 -2.8455514907836914
79.53910064697266 161.50999450683594 -2.8455333709716797
75.71312713623047 160.34298706054688 -2.8455333709716797
71.88715362548828 159.1759796142578 -2.8455331325531006
68.0611801147461 158.00897216796875 -2.8455331325531006
64.2352066040039 156.8419647216797 -2.8455331325531006
60.40923309326172 155.67495727539062 -2.8455331325531006
56.58325958251953 154.50794982910156 -2.8455331325531006
56.58325958251953 154.50794982910156 -2.845515012741089
56.58325958251953 154.50794982910156 -2.845496892929077
56.58325958251953 154.50794982910156 -2.8454787731170654
56.58325958251953 154.50794982910156 -2.8454606533050537
56.58325958251953 154.50794982910156 -2.845442533493042
56.58325958251953 154.50794982910156 -2.8454244136810303
56.58325958251953 154.50794982910156 -2.8454062938690186
56.58325958251953 154.50794982910156 -2.845388174057007
56.58325958251953 154.50794982910156 -2.845370054244995
56.58325958251953 154.50794982910156 -2.8453519344329834
