-392.44014151244755
-394.77411226129567
-396.99855221572653
-399.11028603219006
-401.1063696354628
-402.98401581512695
-404.74067284432914
-406.3739528907139
-407.88165093477636
-409.2617972505299
-410.51252546682156
-411.63224826310477
-412.61946873863116
-413.47292609850984
-414.1914994414182
-414.77429651815265
-415.2205600689618
-415.5297246130583
-415.7013880085801
-415.73534198927007
-415.6315431301437
-415.3901149856858
-415.01138112336923
-415.0098326673902
-415.00661764244614
-411.8162709745905
-408.6402098166041
-408.6397270483018
-404.7718988908703
-400.9066737654515
-397.04412476496407
-393.18433393124053
-389.32738341646564
-385.473355432741
-381.62237165931174
-377.77449453143487
-373.92981678334536
-370.08844155935265
-366.2504729003351
-362.4160157283789
-358.58518626778306
-354.7581021699299
-350.93491576806326
-347.11572166216956
-343.30065687477196
-339.4898607539141
-335.6834750302972
-331.88165539950774
-328.08456073769867
-324.29235320562026
-320.5052103983764
-316.7233435533985
-312.9469094158535
-309.1761113700054
-305.41115832829365
-301.652264972883
-297.8996651998685
-294.15360003443226
-290.4143179714481
-286.6821182559062
-282.95725096391
-279.2400049315452
-275.53069358326155
-271.82964191401976
-268.13718711902425
-264.45369451803987
-260.7795440611088
-257.1151364248384
-253.46091759334493
-249.8173102909695
-246.1847858688889
-242.56383679751215
-238.95499517727262
-235.35881815087782
-231.7758894709583
-228.2068393648372
-224.6523574148471
-221.11311065314536
-217.58984908532187
-214.08336215667654
-210.59448134413495
-207.12410330377082
-203.67317407109695
-200.24270587026808
-196.83376151009364
-193.44747911948826
-190.08506258486028
-186.7478220773667
-183.43697896768455
-180.15423011111218
-176.90091917235335
-173.6787946431419
-170.4897472661139
-167.33557157890564
-164.21828078066872
-161.14001140709897
-158.10304301485712
-157.4895529494869
-157.4891063818274
-157.48863004552274
-157.48818813431672
-154.2495225408888
-151.04729859136958
-147.88389636426797
-144.76184816001523
-141.68390083650522
-138.65297832312314
-135.67224566777554
-132.7450704950571
-129.8750914996403
-127.06616645527448
-124.32244782163457
-121.64833374525563
-119.04852915214958
-116.52799346588071
-114.09199515892178
-111.74605070355064
-109.4959604757632
-107.34773727296044
-105.30763063358872
-103.38202623311857
-101.57743651718933
-99.90040379453784
-98.35754016468637
-96.95525099865492
-95.69971599984721
-94.59677905248317
-94.59677905248317
-94.59677905248317
-94.59677905248317
-94.59677905248317
-94.59677905248317
-94.59677905248317
-94.59677905248317
-94.59677905248317
-94.59677905248317
-94.59677905248317
