-392.4172975219349
-394.72171118774054
-396.9094226060448
-398.97687836797013
-400.9207116893845
-402.7378183697739
-404.4253413270643
-405.980626704447
-407.40130307553636
-408.68514758462305
-409.8302299724077
-410.8348106017598
-411.69739503677454
-412.4166970024962
-412.9916353987738
-413.42135907883875
-413.7052151344937
-413.8428097738345
-413.83391733818564
-413.6785718157334
-413.376983001735
-412.9295956694801
-412.33710417247136
-411.60035662803443
-410.7204685870194
-410.71838497012624
-410.7148643883981
-407.20182996440013
-403.697858381944
-400.20318768972334
-396.7180636811231
-393.2427401794206
-389.7774793337538
-386.32255192619334
-382.87823769025283
-379.4448256411689
-376.0226144182771
-376.01600971696894
-372.0600035140719
-368.1049479263318
-364.150873927745
-360.19781384451807
-356.2458014292049
-352.2948719397425
-348.3450622237659
-344.39641080861435
-340.4489579974788
-336.5027459721822
-332.5578189031279
-328.6142230670014
-324.67200697286637
-320.73122149735553
-316.7919200297242
-312.85415862760937
-308.91799618441826
-304.9834946093638
-301.0507190212642
-297.1197379573379
-293.19062359835254
-289.2634520116243
-285.3383034135242
-281.41526245332227
-277.49441852039615
-273.5758660770538
-269.6597050194634
-265.7460410694667
-261.8349862003588
-257.92665910007474
-254.0211856756183
-250.11869960301743
-246.21934292759917
-242.32326671995327
-238.43063179360416
-234.5416094911553
-230.65638254651148
-226.77514603174748
-222.89810839828783
-219.02549262331553
-215.15753747376345
-211.29449890188462
-207.4366373670604
-203.58426226636888
-199.7376910534503
-195.89726561802493
-192.0633546263004
-188.23635612822136
-184.41670046659735
-180.6048535282935
-177.16331458680142
-173.69868954824736
-170.2124406705546
-166.70607064950698
-163.18119414171372
-159.63948655389507
-156.08384672486096
-156.07681999797174
-152.60424710030975
-149.1673174656803
-145.7714040068103
-142.42224441847404
-139.12599341055417
-135.90086356263762
-135.89529031660632
-133.36929430501235
-130.916795775493
-128.5420016506283
-126.24929694893736
-124.04323355739582
-121.9285143933575
-119.90997236464769
-117.992543587859
-116.18123442147571
-114.48108202050601
-112.89710832876371
-111.43426769593921
-110.09738863563805
-108.891110616827
-107.8198171852848
-106.88756711560643
-106.09802566231451
-105.45439827011427
-104.95936927738018
-104.61504816813824
-104.4229257723665
-104.43179884929935
-104.6664941286478
-105.14817920033815
-105.91538049393506
-105.91538049393506
-105.91538049393506
-105.91538049393506
-105.91538049393506
-105.91538049393506
-105.91538049393506
-105.91538049393506
-105.91538049393506
-105.91538049393506
-105.91538049393506
