-392.44014151244755
-394.77411226129567
-396.99855221572653
-399.11028603219006
-401.1063696354628
-402.98401581512695
-404.74067284432914
-406.3739528907139
-407.88165093477636
-409.2617972505299
-410.51252546682156
-411.63224826310477
-412.61946873863116
-413.47292609850984
-414.1914994414182
-414.77429651815265
-415.2205600689618
-415.5297246130583
-415.7013880085801
-415.73534198927007
-415.6315431301437
-415.3901149856858
-415.01138112336923
-415.0098326673902
-415.00661764244614
-411.8161295806927
-408.6398862326532
-405.47822234895085
-405.47737326589487
-401.61564793958155
-397.75665583804437
-393.90047729244185
-390.0471957509462
-386.1968979281874
-382.34967396317626
-378.5056175862572
-374.6648262956842
-370.8274015444528
-366.9934489380716
-363.16307844400365
-359.3364046135662
-355.51354681713326
-351.69462949355074
-347.87978241474207
-344.0691409665578
-340.26284644700235
-336.4610463830575
-332.66389486742037
-328.8715529165706
-325.08418885169687
-321.30197870412997
-317.5251066470604
-313.7537654554594
-309.9881569962734
-306.22849275112776
-302.4749943739535
-298.7278942861435
-294.98743631205366
-291.2538763578898
-287.5274831372654
-283.80853894697805
-280.0973404968364
-276.3941997976758
-272.6994451120295
-269.01342197227723
-265.3364942714715
-261.66904543244937
-258.01147966127064
-254.3642232914876
-250.7277262262387
-247.10246348568052
-243.4889368678152
-239.8876767313406
-236.2992439097423
-232.72423176645367
-229.16326840152774
-225.61701902088348
-222.08618847979537
-218.57152401287578
-215.07383191706532
-211.59393930883144
-208.1327389901196
-204.69117918803803
-201.27026741625346
-197.87107460361986
-194.49473950298207
-191.14247339206128
-187.81556507674566
-184.51538620483697
-181.2433968951792
-178.00115168292362
-174.79030577623965
-171.61262161279387
-168.469975695496
-165.364365676002
-162.2979176409002
-159.2728935389785
-159.2728935389785
-159.2728935389785
-159.2728935389785
-159.2728935389785
-159.2728935389785
-159.2728935389785
-159.2728935389785
-159.2728935389785
-159.2728935389785
-159.2728935389785
