62.533573150634766 452.40911865234375 0.73504638671875
65.18518829345703 454.6876525878906 0.6846945881843567
67.9481201171875 456.829833984375 0.6343427896499634
70.81536865234375 458.83026123046875 0.5839909911155701
73.7796630859375 460.683837890625 0.5336391925811768
76.83349609375 462.3858642578125 0.48328739404678345
79.96912384033203 463.9320373535156 0.43293559551239014
83.17859649658203 465.31842041015625 0.3825837969779968
86.45378112792969 466.5415344238281 0.3322319984436035
89.78636932373047 467.5982360839844 0.2818801999092102
93.16792297363281 468.4858703613281 0.2315284162759781
96.5898666381836 469.2021789550781 0.18117663264274597
100.04352569580078 469.745361328125 0.13082484900951385
103.5201416015625 470.1140441894531 0.08047306537628174
107.01091003417969 470.3072814941406 0.030121278017759323
110.5069808959961 470.3245849609375 -0.020230509340763092
113.9994888305664 470.1658935546875 -0.0705823004245758
117.47958374023438 469.8316345214844 -0.12093408405780792
120.93844604492188 469.3226318359375 -0.17128586769104004
124.36730194091797 468.64019775390625 -0.22163765132427216
127.7574691772461 467.7860412597656 -0.2719894349575043
131.100341796875 466.7623291015625 -0.3223412334918976
134.38746643066406 465.5716857910156 -0.3726930320262909
137.61048889160156 464.21710205078125 -0.4230448305606842
140.76126098632812 462.7020263671875 -0.4733966290950775
140.7648162841797 462.6991882324219 -0.8729397058486938
140.76699829101562 462.6951599121094 -1.2724788188934326
141.94264221191406 458.871826171875 -1.2724788188934326
143.1182861328125 455.0484924316406 -1.2724788188934326
144.29393005371094 451.22515869140625 -1.2724788188934326
145.46957397460938 447.4018249511719 -1.2724788188934326
146.6452178955078 443.5784912109375 -1.2724788188934326
147.82086181640625 439.7551574707031 -1.2724788188934326
148.9965057373047 435.93182373046875 -1.2724788188934326
150.17214965820312 432.1084899902344 -1.2724788188934326
151.34779357910156 428.28515625 -1.2724788188934326
152.5234375 424.4618225097656 -1.2724788188934326
152.5241241455078 424.454833984375 -1.6717710494995117
152.12091064453125 420.4752197265625 -1.6717710494995117
151.7176971435547 416.49560546875 -1.6717710494995117
151.31448364257812 412.5159912109375 -1.6717710494995117
150.91127014160156 408.536376953125 -1.6717710494995117
150.508056640625 404.5567626953125 -1.6717710494995117
150.10484313964844 400.5771484375 -1.6717710494995117
149.70162963867188 396.5975341796875 -1.6717710494995117
149.2984161376953 392.617919921875 -1.6717710494995117
148.89520263671875 388.6383056640625 -1.6717710494995117
148.4919891357422 384.65869140625 -1.6717710494995117
148.08877563476562 380.6790771484375 -1.6717710494995117
147.68556213378906 376.699462890625 -1.6717710494995117
147.2823486328125 372.7198486328125 -1.6717710494995117
146.87913513183594 368.740234375 -1.6717710494995117
146.47592163085938 364.7606201171875 -1.6717710494995117
146.0727081298828 360.781005859375 -1.6717710494995117
145.66949462890625 356.8013916015625 -1.6717710494995117
145.2662811279297 352.82177734375 -1.6717710494995117
144.86306762695312 348.8421630859375 -1.6717710494995117
144.45985412597656 344.862548828125 -1.6717710494995117
144.056640625 340.8829345703125 -1.6717710494995117
143.65342712402344 336.9033203125 -1.6717710494995117
143.25021362304688 332.9237060546875 -1.6717710494995117
142.8470001220703 328.944091796875 -1.6717710494995117
142.44378662109375 324.9644775390625 -1.6717710494995117
142.0405731201172 320.98486328125 -1.6717710494995117
141.63735961914062 317.0052490234375 -1.6717710494995117
141.23414611816406 313.025634765625 -1.6717710494995117
140.8309326171875 309.0460205078125 -1.6717710494995117
140.42771911621094 305.06640625 -1.6717710494995117
140.02450561523438 301.0867919921875 -1.6717710494995117
139.6212921142578 297.107177734375 -1.6717710494995117
139.21807861328125 293.1275634765625 -1.6717710494995117
138.8148651123047 289.14794921875 -1.6717710494995117
138.41165161132812 285.1683349609375 -1.6717710494995117
138.00843811035156 281.188720703125 -1.6717710494995117
137.605224609375 277.2091064453125 -1.6717710494995117
137.20201110839844 273.2294921875 -1.6717710494995117
136.79879760742188 269.2498779296875 -1.6717710494995117
136.3955841064453 265.270263671875 -1.6717710494995117
135.99237060546875 261.2906494140625 -1.6717710494995117
135.5891571044922 257.31103515625 -1.6717710494995117
135.18594360351562 253.33140563964844 -1.6717710494995117
134.78273010253906 249.35177612304688 -1.6717710494995117
134.3795166015625 245.3721466064453 -1.6717710494995117
133.97630310058594 241.39251708984375 -1.6717710494995117
133.57308959960938 237.4128875732422 -1.6717710494995117
133.1698760986328 233.43325805664062 -1.6717710494995117
132.76666259765625 229.45362854003906 -1.6717710494995117
132.3634490966797 225.4739990234375 -1.6717710494995117
131.9496612548828 221.89529418945312 -1.7000508308410645
131.43484497070312 218.3297119140625 -1.7283306121826172
130.8194122314453 214.78012084960938 -1.75661039352417
130.10385131835938 211.2493438720703 -1.7848901748657227
129.2887420654297 207.74021911621094 -1.8131699562072754
128.37474060058594 204.2555389404297 -1.8414497375488281
127.36250305175781 200.7993621826172 -1.8699612617492676
127.35913848876953 200.79318237304688 -2.2692534923553467
125.0037841796875 198.06724548339844 -2.2975332736968994
122.57229614257812 195.40899658203125 -2.325813055038452
120.06661224365234 192.82057189941406 -2.354092836380005
117.48873901367188 190.3040313720703 -2.3823726177215576
114.84074401855469 187.86138916015625 -2.4106523990631104
112.13067626953125 185.50473022460938 -2.441014289855957
112.1244125366211 185.5012969970703 -2.8402955532073975
108.30460357666016 184.3142547607422 -2.8402955532073975
104.48479461669922 183.12721252441406 -2.8402955532073975
100.66498565673828 181.94017028808594 -2.8402955532073975
96.84517669677734 180.7531280517578 -2.8402955532073975
93.0253677368164 179.5660858154297 -2.8402955532073975
89.20555877685547 178.37904357910156 -2.8402955532073975
85.38574981689453 177.19200134277344 -2.8402955532073975
81.5659408569336 176.0049591064453 -2.8402955532073975
77.74613189697266 174.8179168701172 -2.8402955532073975
73.92632293701172 173.63087463378906 -2.8402955532073975
70.10651397705078 172.44383239746094 -2.8402955532073975
66.28670501708984 171.2567901611328 -2.8402955532073975
62.466896057128906 170.0697479248047 -2.8402955532073975
58.64708709716797 168.88270568847656 -2.8402955532073975
54.82727813720703 167.69566345214844 -2.8402955532073975
51.007469177246094 166.5086212158203 -2.8402955532073975
47.187660217285156 165.3215789794922 -2.8402955532073975
43.36785125732422 164.13453674316406 -2.8402955532073975
39.54804229736328 162.94749450683594 -2.8402955532073975
35.728233337402344 161.7604522705078 -2.8402955532073975
31.908424377441406 160.5734100341797 -2.8402955532073975
28.45332145690918 159.55303955078125 -2.8685691356658936
24.97081756591797 158.6307830810547 -2.8968489170074463
21.55864143371582 157.8693084716797 -2.9472007751464844
18.112462997436523 157.28053283691406 -2.9975526332855225
18.112462997436523 157.28053283691406 -3.0479044914245605
18.112462997436523 157.28053283691406 -3.0982563495635986
18.112462997436523 157.28053283691406 3.1345770359039307
18.112462997436523 157.28053283691406 3.0842251777648926
18.112462997436523 157.28053283691406 3.0338733196258545
18.112462997436523 157.28053283691406 3.0403101444244385
18.112462997436523 157.28053283691406 3.0467469692230225
18.112462997436523 157.28053283691406 3.0531837940216064
18.112462997436523 157.28053283691406 3.0596206188201904
18.112462997436523 157.28053283691406 3.0660574436187744
