-392.4393443291666
-394.7722990862896
-396.9954769893873
-399.1057055324676
-401.0999818556927
-402.9755508440421
-404.7298319225636
-406.3604373365489
-407.86516212324716
-409.24200449195627
-410.489127065386
-411.6048789536896
-412.5878197387194
-413.4366838859006
-414.1503457071599
-414.7278762820433
-415.1685696761663
-415.47182361244535
-415.6372872082769
-415.6647431493182
-415.554135823606
-415.3056055353083
-414.9194968340194
-414.3962663433104
-413.73662077225123
-413.73470927792886
-413.73121088802793
-410.3557922842432
-410.3495584351988
-406.4075569618316
-402.46669990262967
-398.5270212074077
-394.5885561714798
-390.6513415024244
-386.71541539082943
-382.7808175852951
-378.8475894719926
-374.91577415910245
-370.98541656648183
-367.0565635209378
-363.12926385751626
-359.2035685272494
-355.2795307118414
-351.35720594581437
-347.4366522466791
-343.517930253746
-339.60110337624405
-335.6862379514754
-331.77340341379676
-327.86267247529196
-323.95412131907574
-320.0478298062581
-316.1438816976915
-312.24236489172887
-308.343371679338
-304.44699901804336
-300.55334882631047
-296.6625283001452
-292.77465025385357
-288.8898334871017
-285.00820318063074
-281.12989132321957
-277.2550371727556
-273.383787754567
-269.51629840050384
-265.65273333261973
-261.79326629572
-257.9380812435008
-254.08737308351846
-250.2413484868051
-246.40022676859166
-242.5642408473257
-238.7336382899835
-234.90868245259304
-231.0896537259099
-227.27685089734928
-223.47059264157818
-219.67121915364257
-215.87909394015995
-212.09460578597555
-208.31817091578833
-204.55023537262932
-200.79127763775938
-197.04181151957755
-193.30238934254518
-189.57360547097363
-185.85610020685104
-182.47972219596593
-179.0700311702582
-175.6289845444491
-172.15864515834903
-168.66117507017617
-165.1388714321381
-161.5941479849519
-161.5874676421009
-158.0619258217141
-154.5710417762342
-151.1212214643155
-147.71932626625957
-144.37264138733195
-141.08895479042303
-137.876541379584
-134.74419136108287
-131.7012128601627
-128.7574510369958
-125.96198198301438
-123.26047415232114
-120.37777119331899
-117.8688613817127
-115.21536448657584
-112.9293771679496
-110.54001948103627
-108.2457738000044
-106.0528129925017
-103.96754638371694
-102.23193318990022
-100.70606118571588
-99.20850227029877
-97.85163821874495
-96.64139536280491
-95.58334326361127
-95.58334326361127
-95.58334326361127
-95.58334326361127
-95.58334326361127
-95.58334326361127
-95.58334326361127
-95.58334326361127
-95.58334326361127
-95.58334326361127
-95.58334326361127
