62.55038070678711 452.4318542480469 0.737828254699707
65.21351623535156 454.73968505859375 0.6902583241462708
67.9833755493164 456.91827392578125 0.6426883935928345
70.85369873046875 458.9626770019531 0.5951184630393982
73.8179931640625 460.8682861328125 0.5475485324859619
76.86955261230469 462.6307678222656 0.49997857213020325
80.00146484375 464.24615478515625 0.4524086117744446
83.20664978027344 465.7107849121094 0.4048386514186859
86.47785186767578 467.0213317871094 0.35726869106292725
89.80767822265625 468.17486572265625 0.3096987307071686
93.18859100341797 469.1687316894531 0.2621287703514099
96.6129379272461 470.000732421875 0.21455880999565125
100.0729751586914 470.6689453125 0.16698884963989258
103.56087493896484 471.171875 0.11941889673471451
107.06874084472656 471.50836181640625 0.07184894382953644
110.58863830566406 471.67767333984375 0.024278990924358368
114.11260986328125 471.6794128417969 -0.023290961980819702
117.63267517089844 471.5135803222656 -0.07086091488599777
121.140869140625 471.1805419921875 -0.11843086779117584
124.62925720214844 470.6810607910156 -0.16600081324577332
128.08995056152344 470.0162658691406 -0.21357077360153198
131.51512145996094 469.1876525878906 -0.26114073395729065
134.8970184326172 468.1971130371094 -0.3087106943130493
134.9012451171875 468.19476318359375 -0.7082232236862183
134.9042205810547 468.1909484863281 -1.1077357530593872
136.69093322753906 464.61236572265625 -1.1077179908752441
138.4777069091797 461.0338134765625 -1.1077001094818115
138.47805786132812 461.0325012207031 -1.5075616836547852
138.73085021972656 457.0406799316406 -1.5075438022613525
138.9837188720703 453.0488586425781 -1.50752592086792
139.23666381835938 449.0570373535156 -1.5075080394744873
139.4896697998047 445.0652160644531 -1.5074901580810547
139.7427520751953 441.0733947753906 -1.507472276687622
139.99591064453125 437.08160400390625 -1.5074543952941895
140.24913024902344 433.0898132324219 -1.5074365139007568
140.50242614746094 429.0980224609375 -1.5074186325073242
140.75579833984375 425.1062316894531 -1.5074007511138916
141.0092315673828 421.11444091796875 -1.507382869720459
141.2627410888672 417.1226501464844 -1.5073649883270264
141.51632690429688 413.1308898925781 -1.5073471069335938
141.7699737548828 409.1391296386719 -1.5073292255401611
142.02369689941406 405.1473693847656 -1.5073113441467285
142.27749633789062 401.1556091308594 -1.507293462753296
142.53135681152344 397.1638488769531 -1.5072755813598633
142.78529357910156 393.1720886230469 -1.5072576999664307
143.039306640625 389.1803283691406 -1.507239818572998
143.2933807373047 385.1885986328125 -1.5072219371795654
143.5475311279297 381.1968688964844 -1.5072040557861328
143.8017578125 377.20513916015625 -1.5071861743927002
144.05604553222656 373.2134094238281 -1.5071682929992676
144.31040954589844 369.2216796875 -1.507150411605835
144.56484985351562 365.2299499511719 -1.5071325302124023
144.81935119628906 361.23822021484375 -1.5071146488189697
145.0739288330078 357.24652099609375 -1.507096767425537
145.32858276367188 353.25482177734375 -1.5070788860321045
145.5832977294922 349.26312255859375 -1.5070610046386719
145.8380889892578 345.27142333984375 -1.5070431232452393
146.09295654296875 341.27972412109375 -1.5070252418518066
146.34788513183594 337.28802490234375 -1.507007360458374
146.60289001464844 333.29632568359375 -1.5069894790649414
146.85797119140625 329.3046569824219 -1.5069715976715088
147.11312866210938 325.31298828125 -1.5069537162780762
147.36834716796875 321.3213195800781 -1.5069358348846436
147.62364196777344 317.32965087890625 -1.506917953491211
147.87901306152344 313.3379821777344 -1.5069000720977783
148.1344451904297 309.3463134765625 -1.5068821907043457
148.38995361328125 305.35467529296875 -1.506864309310913
148.64553833007812 301.363037109375 -1.5068464279174805
148.90118408203125 297.37139892578125 -1.5068285465240479
149.1569061279297 293.3797607421875 -1.5068106651306152
149.41270446777344 289.38812255859375 -1.5067927837371826
149.66856384277344 285.396484375 -1.50677490234375
149.92449951171875 281.40484619140625 -1.5067570209503174
150.18051147460938 277.4132385253906 -1.5067391395568848
150.43658447265625 273.421630859375 -1.5067212581634521
150.69273376464844 269.4300231933594 -1.5067033767700195
150.94895935058594 265.43841552734375 -1.506685495376587
151.2052459716797 261.4468078613281 -1.5066676139831543
151.46160888671875 257.4552001953125 -1.5066497325897217
151.71804809570312 253.46360778808594 -1.506631851196289
151.97454833984375 249.47201538085938 -1.5066139698028564
152.2311248779297 245.48043823242188 -1.5065960884094238
152.48777770996094 241.48886108398438 -1.5065782070159912
152.74449157714844 237.49728393554688 -1.5065603256225586
153.00128173828125 233.50570678710938 -1.506542444229126
153.25814819335938 229.51414489746094 -1.5065245628356934
153.51507568359375 225.5225830078125 -1.5065066814422607
153.77207946777344 221.53102111816406 -1.5064888000488281
154.0291290283203 217.53929138183594 -1.5064888000488281
154.28619384765625 213.54762268066406 -1.5064829587936401
154.54327392578125 209.55589294433594 -1.5064828395843506
154.8003692626953 205.56434631347656 -1.5064650774002075
155.0575408935547 201.57278442382812 -1.5064489841461182
155.3147735595703 197.58123779296875 -1.5064311027526855
155.57208251953125 193.58970642089844 -1.506413221359253
155.8294677734375 189.59817504882812 -1.5063953399658203
156.0869140625 185.6066436767578 -1.5063774585723877
156.08277893066406 184.83689880371094 -1.6459531784057617
156.08265686035156 184.83644104003906 -2.045905113220215
156.0823516845703 184.83607482910156 -2.445857048034668
156.08193969726562 184.83584594726562 -2.845808982849121
152.25582885742188 183.66990661621094 -2.8457911014556885
148.4297332763672 182.50389099121094 -2.845773220062256
144.60365295410156 181.3378143310547 -2.8457553386688232
140.77760314941406 180.17166137695312 -2.8457374572753906
136.95156860351562 179.0054473876953 -2.845719575881958
133.1255645751953 177.8391571044922 -2.8457016944885254
129.29957580566406 176.6728057861328 -2.8456838130950928
125.4736099243164 175.5063934326172 -2.84566593170166
121.64765930175781 174.33990478515625 -2.8456480503082275
117.82173156738281 173.17335510253906 -2.845630168914795
113.9958267211914 172.00672912597656 -2.8456122875213623
110.1699447631836 170.8400421142578 -2.8455944061279297
106.34407806396484 169.67327880859375 -2.845576524734497
102.51823425292969 168.50645446777344 -2.8455586433410645
98.69241333007812 167.3395538330078 -2.845540761947632
94.86660766601562 166.17259216308594 -2.845522880554199
91.04082489013672 165.00555419921875 -2.8455049991607666
87.2150650024414 163.8384552001953 -2.845487117767334
83.38932800292969 162.67127990722656 -2.8454692363739014
79.56343078613281 161.5040283203125 -2.8454692363739014
75.73753356933594 160.33677673339844 -2.8454692363739014
71.91163635253906 159.16952514648438 -2.8454689979553223
68.08573913574219 158.0022735595703 -2.8454689979553223
64.25984191894531 156.83502197265625 -2.8454689979553223
60.43394088745117 155.6677703857422 -2.8454689979553223
56.60803985595703 154.50051879882812 -2.8454689979553223
56.60803985595703 154.50051879882812 -2.8454511165618896
56.60803985595703 154.50051879882812 -2.845433235168457
56.60803985595703 154.50051879882812 -2.8454153537750244
56.60803985595703 154.50051879882812 -2.845397472381592
56.60803985595703 154.50051879882812 -2.845379590988159
56.60803985595703 154.50051879882812 -2.8453617095947266
56.60803985595703 154.50051879882812 -2.845343828201294
56.60803985595703 154.50051879882812 -2.8453259468078613
56.60803985595703 154.50051879882812 -2.8453080654144287
56.60803985595703 154.50051879882812 -2.845290184020996
