62.55038070678711 452.4318542480469 0.737828254699707
65.21351623535156 454.73968505859375 0.6902583241462708
67.9833755493164 456.91827392578125 0.6426883935928345
70.85369873046875 458.9626770019531 0.5951184630393982
73.8179931640625 460.8682861328125 0.5475485324859619
76.86955261230469 462.6307678222656 0.49997857213020325
80.00146484375 464.24615478515625 0.4524086117744446
83.20664978027344 465.7107849121094 0.4048386514186859
86.47785186767578 467.0213317871094 0.35726869106292725
89.80767822265625 468.17486572265625 0.3096987307071686
93.18859100341797 469.1687316894531 0.2621287703514099
96.6129379272461 470.000732421875 0.21455880999565125
100.0729751586914 470.6689453125 0.16698884963989258
103.56087493896484 471.171875 0.11941889673471451
107.06874084472656 471.50836181640625 0.07184894382953644
110.58863830566406 471.67767333984375 0.024278990924358368
114.11260986328125 471.6794128417969 -0.023290961980819702
117.63267517089844 471.5135803222656 -0.07086091488599777
121.140869140625 471.1805419921875 -0.11843086779117584
124.62925720214844 470.6810607910156 -0.16600081324577332
128.08995056152344 470.0162658691406 -0.21357077360153198
131.51512145996094 469.1876525878906 -0.26114073395729065
134.8970184326172 468.1971130371094 -0.3087106943130493
134.9012451171875 468.19476318359375 -0.7082232236862183
134.9042205810547 468.1909484863281 -1.1077357530593872
136.69093322753906 464.61236572265625 -1.1077176332473755
138.4777069091797 461.0338134765625 -1.1076995134353638
138.4779510498047 461.03289794921875 -1.5076054334640503
138.73057556152344 457.04107666015625 -1.5075873136520386
138.98326110839844 453.04925537109375 -1.5075691938400269
139.23602294921875 449.05743408203125 -1.5075510740280151
139.48886108398438 445.06561279296875 -1.5075329542160034
139.7417755126953 441.07379150390625 -1.5075148344039917
139.9947509765625 437.08197021484375 -1.50749671459198
140.247802734375 433.0901794433594 -1.5074785947799683
140.5009307861328 429.098388671875 -1.5074604749679565
140.75413513183594 425.1065979003906 -1.5074423551559448
141.0074005126953 421.11480712890625 -1.507424235343933
141.2607421875 417.1230163574219 -1.5074061155319214
141.51416015625 413.1312255859375 -1.5073879957199097
141.7676544189453 409.1394348144531 -1.507369875907898
142.02120971679688 405.1476745605469 -1.5073517560958862
142.27484130859375 401.1559143066406 -1.5073336362838745
142.52854919433594 397.1641540527344 -1.5073155164718628
142.78233337402344 393.1723937988281 -1.507297396659851
143.0361785888672 389.1806335449219 -1.5072792768478394
143.29010009765625 385.1888732910156 -1.5072611570358276
143.54409790039062 381.1971130371094 -1.507243037223816
143.7981719970703 377.20538330078125 -1.5072249174118042
144.05230712890625 373.2136535644531 -1.5072067975997925
144.3065185546875 369.221923828125 -1.5071886777877808
144.56080627441406 365.2301940917969 -1.507170557975769
144.81515502929688 361.23846435546875 -1.5071524381637573
145.069580078125 357.2467346191406 -1.5071343183517456
145.32408142089844 353.2550354003906 -1.5071161985397339
145.5786590576172 349.2633361816406 -1.5070980787277222
145.8332977294922 345.2716369628906 -1.5070799589157104
146.0880126953125 341.2799377441406 -1.5070618391036987
146.34280395507812 337.2882385253906 -1.507043719291687
146.59767150878906 333.2965393066406 -1.5070255994796753
146.85260009765625 329.3048400878906 -1.5070074796676636
147.10760498046875 325.31317138671875 -1.5069893598556519
147.36268615722656 321.3215026855469 -1.5069712400436401
147.6178436279297 317.329833984375 -1.5069531202316284
147.87306213378906 313.3381652832031 -1.5069350004196167
148.12835693359375 309.34649658203125 -1.506916880607605
148.38372802734375 305.3548278808594 -1.5068987607955933
148.63917541503906 301.3631591796875 -1.5068806409835815
148.89468383789062 297.37152099609375 -1.5068625211715698
149.1502685546875 293.3798828125 -1.506844401359558
149.4059295654297 289.38824462890625 -1.5068262815475464
149.6616668701172 285.3966064453125 -1.5068081617355347
149.91746520996094 281.40496826171875 -1.506790041923523
150.17333984375 277.413330078125 -1.5067719221115112
150.42929077148438 273.4217224121094 -1.5067538022994995
150.685302734375 269.43011474609375 -1.5067356824874878
150.94139099121094 265.4385070800781 -1.506717562675476
151.1975555419922 261.4468994140625 -1.5066994428634644
151.45379638671875 257.4552917480469 -1.5066813230514526
151.71009826660156 253.4636993408203 -1.506663203239441
151.9664764404297 249.47210693359375 -1.5066450834274292
152.22293090820312 245.4805145263672 -1.5066269636154175
152.47946166992188 241.4889373779297 -1.5066088438034058
152.73605346679688 237.4973602294922 -1.506590723991394
152.9927215576172 233.5057830810547 -1.5065726041793823
153.2494659423828 229.5142059326172 -1.5065544843673706
153.50628662109375 225.52264404296875 -1.5065363645553589
153.76316833496094 221.5310821533203 -1.5065182447433472
154.02011108398438 217.53933715820312 -1.5065182447433472
154.2770538330078 213.54766845703125 -1.5065107345581055
154.53402709960938 209.55593872070312 -1.5065103769302368
154.791015625 205.56439208984375 -1.506492257118225
155.04808044433594 201.5728302001953 -1.5064754486083984
155.30520629882812 197.58128356933594 -1.5064573287963867
155.56240844726562 193.58973693847656 -1.506439208984375
155.81968688964844 189.59820556640625 -1.5064210891723633
156.07704162597656 185.60667419433594 -1.5064029693603516
156.07289123535156 184.83692932128906 -1.645978331565857
156.07276916503906 184.8364715576172 -2.0459303855895996
156.0724639892578 184.8361053466797 -2.4458823204040527
156.07205200195312 184.83587646484375 -2.845834255218506
152.24591064453125 183.67002868652344 -2.845816135406494
148.41978454589844 182.50411987304688 -2.8457980155944824
144.59368896484375 181.338134765625 -2.8457798957824707
140.76760864257812 180.17208862304688 -2.845761775970459
136.94155883789062 179.00596618652344 -2.8457436561584473
133.1155242919922 177.83978271484375 -2.8457255363464355
129.2895050048828 176.67352294921875 -2.845707416534424
125.46350860595703 175.5072021484375 -2.845689296722412
121.63753509521484 174.34080505371094 -2.8456711769104004
117.81158447265625 173.17433166503906 -2.8456530570983887
113.98565673828125 172.00779724121094 -2.845634937286377
110.15974426269531 170.8411865234375 -2.8456168174743652
106.33385467529297 169.6745147705078 -2.8455986976623535
102.50798797607422 168.5077667236328 -2.845580577850342
98.68214416503906 167.34095764160156 -2.84556245803833
94.8563232421875 166.174072265625 -2.8455443382263184
91.030517578125 165.0071258544922 -2.8455262184143066
87.2047348022461 163.84010314941406 -2.845508098602295
83.37897491455078 162.6730194091797 -2.845489978790283
79.55305480957031 161.50584411621094 -2.845489978790283
75.72712707519531 160.3386688232422 -2.845489978790283
71.90120697021484 159.17149353027344 -2.845489740371704
68.07528686523438 158.0043182373047 -2.845489740371704
64.2493667602539 156.83714294433594 -2.845489740371704
60.42344284057617 155.6699676513672 -2.845489740371704
56.59751892089844 154.50279235839844 -2.845489740371704
56.59751892089844 154.50279235839844 -2.8454716205596924
56.59751892089844 154.50279235839844 -2.8454535007476807
56.59751892089844 154.50279235839844 -2.845435380935669
56.59751892089844 154.50279235839844 -2.8454172611236572
56.59751892089844 154.50279235839844 -2.8453991413116455
56.59751892089844 154.50279235839844 -2.845381021499634
56.59751892089844 154.50279235839844 -2.845362901687622
56.59751892089844 154.50279235839844 -2.8453447818756104
56.59751892089844 154.50279235839844 -2.8453266620635986
56.59751892089844 154.50279235839844 -2.845308542251587
