-392.44014151244755
-394.77411226129567
-396.99855221572653
-399.11028603219006
-401.1063696354628
-402.98401581512695
-404.74067284432914
-406.3739528907139
-407.88165093477636
-409.2617972505299
-410.51252546682156
-411.63224826310477
-412.61946873863116
-413.47292609850984
-414.1914994414182
-414.77429651815265
-415.2205600689618
-415.5297246130583
-415.7013880085801
-415.73534198927007
-415.6315431301437
-415.3901149856858
-415.01138112336923
-415.0098326673902
-415.00661764244614
-411.81647233596686
-408.640482292691
-408.64005649300964
-404.77227294729283
-400.907095786188
-397.04462813236154
-393.18492222219436
-389.3280603420762
-385.47412484343755
-381.6232077149954
-377.7754014147965
-373.9307988352006
-370.0895330625533
-366.25167849002736
-362.41734364728876
-358.5866381251445
-354.75968315070133
-350.93660158816095
-347.1175476024102
-343.30262874017586
-339.4919845733746
-335.6857570658614
-331.8841021565707
-328.087178975275
-324.29514994705386
-320.5082223861714
-316.72654889894966
-312.9503160058422
-309.17972740528074
-305.41499233761294
-301.6563258272514
-297.90396212860435
-294.15817182264453
-290.4191745260512
-286.68724079534684
-282.9626503162711
-279.2456923720253
-275.5366808559278
-271.83594125320184
-268.1438401042062
-264.4607143158485
-260.78694439266945
-257.12293159169815
-253.46909392383048
-249.8258834717232
-246.19380069687097
-242.57331018657703
-238.96494477181818
-235.36926235889504
-231.7868474982333
-228.21833125354803
-224.6643761735452
-221.12570611903774
-217.60304404490634
-214.09718039144832
-210.60894767177558
-207.13924362407334
-203.68902900429163
-200.2592899402584
-196.8511041186077
-193.4656242935805
-190.10404210980306
-186.76765586524354
-183.45768076221967
-180.17577583425728
-176.923369098848
-173.70217847708093
-170.51412946227597
-167.36099607198926
-164.24478486486214
-161.16763791528734
-158.13183896048065
-157.5185550154207
-157.5181177846587
-157.51764144493208
-157.5172088025559
-154.27750835563327
-151.07418459804734
-147.90962287524215
-144.7863427269937
-141.7070872279284
-138.67478444765453
-135.69258687481081
-132.76387505487114
-129.8922530952683
-127.08160480093349
-124.3360477626352
-121.66000669490278
-119.05815470063392
-116.5354753214662
-114.09720280473239
-111.74888006067323
-109.49627950937565
-107.3454421964299
-105.30258690335567
-103.37413289049971
-101.56653784479549
-99.8864949509922
-98.34054170235001
-96.93509383050821
-95.6763434420858
-94.57014845006437
-94.57014845006437
-94.57014845006437
-94.57014845006437
-94.57014845006437
-94.57014845006437
-94.57014845006437
-94.57014845006437
-94.57014845006437
-94.57014845006437
-94.57014845006437
