-392.44014151244755
-394.77411226129567
-396.99855221572653
-399.11028603219006
-401.1063696354628
-402.98401581512695
-404.74067284432914
-406.3739528907139
-407.88165093477636
-409.2617972505299
-410.51252546682156
-411.63224826310477
-412.61946873863116
-413.47292609850984
-414.1914994414182
-414.77429651815265
-415.2205600689618
-415.5297246130583
-415.7013880085801
-415.73534198927007
-415.6315431301437
-415.3901149856858
-415.01138112336923
-415.0098326673902
-415.00661764244614
-411.8163009583222
-408.6402697156479
-408.63916322281204
-404.7714550393028
-400.906354380184
-397.04393754154245
-393.18428376353387
-389.3274722455534
-385.47362144129806
-381.62279040677186
-377.77507164098483
-373.93055807869376
-370.0893530728497
-366.25156088111595
-362.41729008284096
-358.5866800338752
-354.7598222558513
-350.93683966630454
-347.11786047074423
-343.3030147628447
-339.4924457546793
-335.6863288245342
-331.884782842322
-328.08797073765123
-324.29605896065414
-320.5092216187726
-316.727636833721
-312.9514992995317
-309.1810381318773
-305.41643325216694
-301.65789977909736
-297.9056720659842
-294.1599916150136
-290.4211119553269
-286.6893238522651
-282.9648823927013
-279.2480817410578
-275.539231314331
-271.8386518176138
-268.14669085693623
-264.4637096024715
-260.79011743494243
-257.1262816824529
-253.4726309557423
-249.82961234428333
-246.1976980605307
-242.57738147429347
-238.96919562963902
-235.37372684343546
-231.79153152782592
-228.2232409743996
-224.66951796794396
-221.1310651052157
-217.60862115022056
-214.10299678852692
-210.61501757723687
-207.1455888075569
-203.6956372259722
-200.26617672668192
-196.85829198284944
-193.47310911050852
-190.11183362419249
-186.7757773718924
-183.46612943117952
-180.18456246979247
-176.93250487172062
-173.71184500249902
-170.52420148446518
-167.37150844065877
-164.25575169454547
-161.1790646032954
-158.14373705337056
-157.5305336168926
-157.5300964031728
-157.5296200617178
-157.52918740188255
-154.28904676355808
-151.085270202045
-147.9202237702234
-144.79643484985516
-141.71665346966387
-138.68378951866666
-135.70100258754252
-132.77166227996332
-129.89938999360567
-127.08804529554071
-124.34177471934989
-121.66497067735061
-119.06233267229504
-116.53881240377771
-114.09966288082308
-111.75042339687433
-109.49686604435578
-107.34502999431662
-105.30113865942361
-103.37156056728479
-101.56293232549669
-99.88182451419246
-98.3347623199789
-96.92818022282367
-95.6682747342517
-94.56090888145572
-94.56090888145572
-94.56090888145572
-94.56090888145572
-94.56090888145572
-94.56090888145572
-94.56090888145572
-94.56090888145572
-94.56090888145572
-94.56090888145572
-94.56090888145572
