-392.44014151244755
-394.77411226129567
-396.99855221572653
-399.11028603219006
-401.1063696354628
-402.98401581512695
-404.74067284432914
-406.3739528907139
-407.88165093477636
-409.2617972505299
-410.51252546682156
-411.63224826310477
-412.61946873863116
-413.47292609850984
-414.1914994414182
-414.77429651815265
-415.2205600689618
-415.5297246130583
-415.7013880085801
-415.73534198927007
-415.6315431301437
-415.3901149856858
-415.01138112336923
-415.0098326673902
-415.00661764244614
-411.8163009583222
-408.6402697156479
-408.6392472105404
-404.7715329717497
-400.90642610155476
-397.04399984645534
-393.18433640769916
-389.3275181029061
-385.4736273158483
-381.62278590413274
-377.7750564882985
-373.9305319949401
-370.08931576850415
-366.25151205783396
-362.417226001098
-358.58657404767877
-354.75970377370885
-350.9367083508101
-347.1177123459079
-343.30285304576546
-339.49227007344473
-335.6861054458639
-331.8845446923683
-328.0877174066216
-324.2957860702221
-320.50892861366515
-316.7273272138239
-312.95116845879727
-309.18065611800864
-305.41602880803634
-301.6574722501384
-297.90522077450925
-294.1595158592727
-290.4206064718718
-286.6887632601506
-282.96426600489036
-279.247433082934
-275.5385493931519
-271.837940522103
-268.14594428283186
-264.46292664341684
-260.7892682312543
-257.12536517134436
-253.47167461670912
-249.82861489793663
-246.19665817793614
-242.5762977749446
-238.9680666789572
-235.37252296166497
-231.79027944454697
-228.22193908354487
-224.6681646000824
-221.12965223180896
-217.6071531408993
-214.10147176490446
-210.6134269238015
-207.14391657147132
-203.69388809007324
-200.26435509767592
-196.85638185350987
-193.4711079827144
-190.10975219778697
-186.77359959854704
-183.46385254107847
-180.18218360639753
-176.93003398634957
-173.70925772749092
-170.521515511325
-167.36869907565534
-164.25281526527178
-161.17601869357622
-158.1405686574657
-157.52734534677987
-157.52690812889938
-157.52643178786593
-157.5259991322924
-154.28598026130504
-151.08232236451434
-147.91740988903035
-144.79376143671453
-141.71411910763496
-138.68140996779306
-135.69878547286015
-132.76961184579324
-129.89751853348594
-127.0863615859864
-124.34028459292472
-121.66368396266544
-119.06125954706391
-116.53796613894721
-114.09906559718644
-111.75007180650198
-109.49678580186688
-107.34521761376347
-105.30161990038997
-103.37233127410894
-101.56400265265441
-99.88320398845352
-98.33647484812536
-96.93023354196214
-95.6706752658776
-94.56366151722891
-94.56366151722891
-94.56366151722891
-94.56366151722891
-94.56366151722891
-94.56366151722891
-94.56366151722891
-94.56366151722891
-94.56366151722891
-94.56366151722891
-94.56366151722891
