62.55038070678711 452.4318542480469 0.737828254699707
65.21351623535156 454.73968505859375 0.6902583241462708
67.9833755493164 456.91827392578125 0.6426883935928345
70.85369873046875 458.9626770019531 0.5951184630393982
73.8179931640625 460.8682861328125 0.5475485324859619
76.86955261230469 462.6307678222656 0.49997857213020325
80.00146484375 464.24615478515625 0.4524086117744446
83.20664978027344 465.7107849121094 0.4048386514186859
86.47785186767578 467.0213317871094 0.35726869106292725
89.80767822265625 468.17486572265625 0.3096987307071686
93.18859100341797 469.1687316894531 0.2621287703514099
96.6129379272461 470.000732421875 0.21455880999565125
100.0729751586914 470.6689453125 0.16698884963989258
103.56087493896484 471.171875 0.11941889673471451
107.06874084472656 471.50836181640625 0.07184894382953644
110.58863830566406 471.67767333984375 0.024278990924358368
114.11260986328125 471.6794128417969 -0.023290961980819702
117.63267517089844 471.5135803222656 -0.07086091488599777
121.140869140625 471.1805419921875 -0.11843086779117584
124.62925720214844 470.6810607910156 -0.16600081324577332
128.08995056152344 470.0162658691406 -0.21357077360153198
131.51512145996094 469.1876525878906 -0.26114073395729065
134.8970184326172 468.1971130371094 -0.3087106943130493
134.9012451171875 468.19476318359375 -0.7082232236862183
134.9042205810547 468.1909484863281 -1.1077357530593872
136.69088745117188 464.612548828125 -1.1077005863189697
138.47772216796875 461.0340270996094 -1.107682704925537
138.47784423828125 461.0335693359375 -1.5076346397399902
138.7303466796875 457.0417175292969 -1.5076167583465576
138.98292541503906 453.04986572265625 -1.507598876953125
139.23556518554688 449.05804443359375 -1.5075809955596924
139.48828125 445.06622314453125 -1.5075631141662598
139.74107360839844 441.07440185546875 -1.5075452327728271
139.99392700195312 437.08258056640625 -1.5075273513793945
140.24685668945312 433.09075927734375 -1.507509469985962
140.49986267089844 429.09893798828125 -1.5074915885925293
140.7529296875 425.10711669921875 -1.5074737071990967
141.00607299804688 421.1153259277344 -1.507455825805664
141.25929260253906 417.12353515625 -1.5074379444122314
141.51258850097656 413.1317443847656 -1.5074200630187988
141.7659454345703 409.13995361328125 -1.5074021816253662
142.01937866210938 405.1481628417969 -1.5073843002319336
142.27288818359375 401.1563720703125 -1.507366418838501
142.52645874023438 397.16461181640625 -1.5073485374450684
142.7801055908203 393.1728515625 -1.5073306560516357
143.03382873535156 389.18109130859375 -1.5073127746582031
143.28761291503906 385.1893310546875 -1.5072948932647705
143.54147338867188 381.19757080078125 -1.507277011871338
143.79541015625 377.205810546875 -1.5072591304779053
144.04940795898438 373.21405029296875 -1.5072412490844727
144.30348205566406 369.2223205566406 -1.50722336769104
144.55763244628906 365.2305908203125 -1.5072054862976074
144.8118438720703 361.2388610839844 -1.5071876049041748
145.06613159179688 357.24713134765625 -1.5071697235107422
145.32049560546875 353.2554016113281 -1.5071518421173096
145.57492065429688 349.263671875 -1.507133960723877
145.8294219970703 345.2719421386719 -1.5071160793304443
146.08399963378906 341.2802429199219 -1.5070981979370117
146.33863830566406 337.2885437011719 -1.507080316543579
146.59335327148438 333.2968444824219 -1.5070624351501465
146.84814453125 329.3051452636719 -1.5070445537567139
147.10299682617188 325.3134460449219 -1.5070266723632812
147.35792541503906 321.3217468261719 -1.5070087909698486
147.61293029785156 317.3300476074219 -1.506990909576416
147.8679962158203 313.33837890625 -1.5069730281829834
148.12313842773438 309.3467102050781 -1.5069551467895508
148.37835693359375 305.35504150390625 -1.5069372653961182
148.63365173339844 301.3633728027344 -1.5069193840026855
148.88900756835938 297.3717041015625 -1.506901502609253
149.14443969726562 293.3800354003906 -1.5068836212158203
149.3999481201172 289.3883972167969 -1.5068657398223877
149.655517578125 285.3967590332031 -1.506847858428955
149.91116333007812 281.4051208496094 -1.5068299770355225
150.16688537597656 277.4134826660156 -1.5068120956420898
150.42266845703125 273.4218444824219 -1.5067942142486572
150.67852783203125 269.4302062988281 -1.5067763328552246
150.93446350097656 265.4385681152344 -1.506758451461792
151.19046020507812 261.44696044921875 -1.5067405700683594
151.446533203125 257.4553527832031 -1.5067226886749268
151.7026824951172 253.4637451171875 -1.5067048072814941
151.95889282226562 249.47213745117188 -1.5066869258880615
152.21517944335938 245.48052978515625 -1.506669044494629
152.47154235839844 241.4889373779297 -1.5066511631011963
152.72796630859375 237.49734497070312 -1.5066332817077637
152.98446655273438 233.50575256347656 -1.506615400314331
153.2410430908203 229.51417541503906 -1.5065975189208984
153.4976806640625 225.52259826660156 -1.5065796375274658
153.75439453125 221.53102111816406 -1.5065617561340332
154.0111541748047 217.53927612304688 -1.5065617561340332
154.26792907714844 213.547607421875 -1.5065540075302124
154.52471923828125 209.5558624267578 -1.5065536499023438
154.78150939941406 205.56411743164062 -1.5065536499023438
155.038330078125 201.57254028320312 -1.5065370798110962
155.2952117919922 197.5809783935547 -1.5065191984176636
155.5521697998047 193.58941650390625 -1.506501317024231
155.8092041015625 189.5978546142578 -1.5064834356307983
156.06629943847656 185.60630798339844 -1.5064655542373657
156.06210327148438 184.83656311035156 -1.646040916442871
156.06198120117188 184.8361053466797 -2.045992851257324
156.06167602539062 184.8357391357422 -2.4459447860717773
156.06126403808594 184.83551025390625 -2.8458967208862305
152.23504638671875 183.66990661621094 -2.845878839492798
148.40884399414062 182.5042266845703 -2.8458609580993652
144.58267211914062 181.33848571777344 -2.8458430767059326
140.7565155029297 180.17266845703125 -2.8458251953125
136.9303741455078 179.0067901611328 -2.8458073139190674
133.10426330566406 177.84083557128906 -2.8457894325256348
129.27816772460938 176.67481994628906 -2.845771551132202
125.45209503173828 175.5087432861328 -2.8457536697387695
121.62604522705078 174.34259033203125 -2.845735788345337
117.80001831054688 173.17637634277344 -2.8457179069519043
113.97400665283203 172.0100860595703 -2.8457000255584717
110.14801788330078 170.84373474121094 -2.845682144165039
106.32205200195312 169.67730712890625 -2.8456642627716064
102.49610900878906 168.5108184814453 -2.845646381378174
98.67018127441406 167.34425354003906 -2.845628499984741
94.84427642822266 166.17762756347656 -2.8456106185913086
91.01839447021484 165.01092529296875 -2.845592737197876
87.19253540039062 163.8441619873047 -2.8455748558044434
83.36669158935547 162.6773223876953 -2.8455569744110107
79.5408706665039 161.5104217529297 -2.845539093017578
75.71488952636719 160.3434295654297 -2.845539093017578
71.88890838623047 159.1764373779297 -2.845538854598999
68.06292724609375 158.0094451904297 -2.845538854598999
64.23694610595703 156.8424530029297 -2.845538854598999
60.41096496582031 155.6754608154297 -2.845538854598999
56.584983825683594 154.5084686279297 -2.845538854598999
56.584983825683594 154.5084686279297 -2.8455209732055664
56.584983825683594 154.5084686279297 -2.845503091812134
56.584983825683594 154.5084686279297 -2.845485210418701
56.584983825683594 154.5084686279297 -2.8454673290252686
56.584983825683594 154.5084686279297 -2.845449447631836
56.584983825683594 154.5084686279297 -2.8454315662384033
56.584983825683594 154.5084686279297 -2.8454136848449707
56.584983825683594 154.5084686279297 -2.845395803451538
56.584983825683594 154.5084686279297 -2.8453779220581055
56.584983825683594 154.5084686279297 -2.845360040664673
