62.8062629699707 452.7953186035156 0.7814911603927612
65.62342834472656 455.57965087890625 0.7775841355323792
68.45144653320312 458.35296630859375 0.7736771106719971
71.290283203125 461.1152038574219 0.769770085811615
74.139892578125 463.8663330078125 0.7658630609512329
77.00022888183594 466.6062927246094 0.7619560360908508
79.87124633789062 469.3350830078125 0.7580490112304688
82.75289916992188 472.0526123046875 0.7541419863700867
85.64514923095703 474.7588806152344 0.7502349615097046
88.5479507446289 477.4538269042969 0.7463279366493225
91.46125793457031 480.13739013671875 0.7424209117889404
94.3850326538086 482.8095703125 0.7385138869285583
97.31922149658203 485.4703063964844 0.7346068620681763
100.26378631591797 488.1195373535156 0.7306998372077942
103.21867370605469 490.75726318359375 0.7267928123474121
106.18384552001953 493.3834228515625 0.72288578748703
109.15925598144531 495.99798583984375 0.718978762626648
112.14485931396484 498.60089111328125 0.7150717377662659
115.14060974121094 501.1921081542969 0.7111647129058838
118.1464614868164 503.7716064453125 0.7072576880455017
121.16236877441406 506.3393249511719 0.7033506631851196
124.18828582763672 508.895263671875 0.6994436383247375
127.22416687011719 511.4393615722656 0.6955366134643555
130.26995849609375 513.9715576171875 0.6916295886039734
133.32562255859375 516.4918212890625 0.6877225637435913
136.39111328125 519.0001220703125 0.6838155388832092
139.4663848876953 521.4964599609375 0.6799085140228271
142.55137634277344 523.9807739257812 0.6760014891624451
145.64605712890625 526.4530029296875 0.672094464302063
148.7503662109375 528.9131469726562 0.6681874394416809
151.86427307128906 531.3611450195312 0.6642804145812988
154.9877166748047 533.7969360351562 0.6603733897209167
158.1206512451172 536.2205200195312 0.6564663648605347
160.4502716064453 537.8055419921875 0.538399338722229
160.4502716064453 537.8055419921875 0.13839933276176453
164.3743896484375 538.3442993164062 0.13449232280254364
168.3005828857422 538.8677368164062 0.13058531284332275
172.22879028320312 539.3758544921875 0.12667830288410187
176.15895080566406 539.8685913085938 0.12277129292488098
176.15895080566406 539.8685913085938 -0.2772287130355835
179.96652221679688 538.777099609375 -0.2811357378959656
183.76979064941406 537.6707153320312 -0.28504276275634766
187.56871032714844 536.5494995117188 -0.28894978761672974
191.36322021484375 535.4134521484375 -0.2928568124771118
195.15325927734375 534.2625732421875 -0.2967638373374939
198.93878173828125 533.096923828125 -0.300670862197876
198.93878173828125 533.096923828125 -0.7006708383560181
201.96156311035156 530.5372924804688 -0.7045778632164001
204.9743194580078 527.9658813476562 -0.7084848880767822
207.9770050048828 525.3826904296875 -0.7123919129371643
210.96957397460938 522.7877807617188 -0.7162989377975464
213.9519805908203 520.1812133789062 -0.7202059626579285
216.92417907714844 517.56298828125 -0.7241129875183105
219.88612365722656 514.9331665039062 -0.7280200123786926
222.8377685546875 512.2918090820312 -0.7319270372390747
225.77908325195312 509.6389465332031 -0.7358340620994568
228.7100067138672 506.974609375 -0.7397410869598389
231.6304931640625 504.2988586425781 -0.743648111820221
234.54051208496094 501.6117248535156 -0.747555136680603
237.44000244140625 498.9132385253906 -0.7514621615409851
240.3289337158203 496.20343017578125 -0.7553691864013672
243.20724487304688 493.48236083984375 -0.7592762112617493
246.0749053955078 490.75006103515625 -0.7631832361221313
248.93186950683594 488.006591796875 -0.7670902609825134
251.77809143066406 485.2519836425781 -0.7709972858428955
254.61354064941406 482.48626708984375 -0.7749043107032776
257.43817138671875 479.7095031738281 -0.7788113355636597
260.2519226074219 476.9217224121094 -0.7827183604240417
263.05474853515625 474.1229553222656 -0.7866253852844238
265.84661865234375 471.3132629394531 -0.7905324101448059
268.62750244140625 468.49267578125 -0.794439435005188
271.3973388671875 465.6612548828125 -0.7983464598655701
271.3973388671875 465.6612548828125 -1.198346495628357
271.3973388671875 465.6612548828125 -1.598346471786499
271.2804870605469 461.7020568847656 -1.6022534370422363
271.1481628417969 457.74334716796875 -1.6061604022979736
271.0003967285156 453.7851867675781 -1.610067367553711
270.837158203125 449.82763671875 -1.6139743328094482
270.658447265625 445.8707275390625 -1.6178812980651855
270.46429443359375 441.91455078125 -1.6217882633209229
270.2546691894531 437.95916748046875 -1.6256952285766602
270.2546691894531 437.95916748046875 -2.025695323944092
268.5074157714844 434.4044494628906 -2.029602289199829
266.74627685546875 430.8565979003906 -2.0335092544555664
264.9712829589844 427.3156433105469 -2.0374162197113037
263.1824645996094 423.7816467285156 -2.041323184967041
261.3798522949219 420.2546691894531 -2.0452301502227783
259.5634765625 416.7347717285156 -2.0491371154785156
257.7333679199219 413.22198486328125 -2.053044080734253
255.88955688476562 409.71636962890625 -2.0569510459899902
254.0320587158203 406.2179870605469 -2.0608580112457275
252.16090393066406 402.7268981933594 -2.064764976501465
250.276123046875 399.2431335449219 -2.068671941757202
248.37774658203125 395.7667541503906 -2.0725789070129395
246.46580505371094 392.2978210449219 -2.0764858722686768
244.5403289794922 388.8363952636719 -2.080392837524414
242.60133361816406 385.38250732421875 -2.0842998027801514
240.64886474609375 381.93621826171875 -2.0882067680358887
240.64886474609375 381.93621826171875 -2.4882068634033203
237.4990692138672 379.53460693359375 -2.4921138286590576
234.3399200439453 377.14532470703125 -2.496020793914795
231.1714630126953 374.7684020996094 -2.4999277591705322
227.99374389648438 372.40386962890625 -2.5038347244262695
224.8068084716797 370.0517578125 -2.507741689682007
221.61070251464844 367.7121276855469 -2.511648654937744
218.40548706054688 365.385009765625 -2.5155556201934814
215.19119262695312 363.0704345703125 -2.5194625854492188
211.96788024902344 360.7684326171875 -2.523369550704956
208.73561096191406 358.4790344238281 -2.5272765159606934
205.49441528320312 356.2022705078125 -2.5311834812164307
202.24435424804688 353.9382019042969 -2.535090446472168
202.24435424804688 353.9382019042969 -2.9350905418395996
202.24435424804688 353.9382019042969 2.948094606399536
202.24435424804688 353.9382019042969 2.5480945110321045
202.24435424804688 353.9382019042969 2.148094415664673
202.24435424804688 353.9382019042969 1.7480944395065308
202.24435424804688 353.9382019042969 1.3480944633483887
202.24435424804688 353.9382019042969 0.9480944871902466
204.57728576660156 357.18743896484375 0.9480944871902466
206.91021728515625 360.4366760253906 0.9480944871902466
209.2266387939453 363.6496276855469 0.9441874623298645
211.5555877685547 366.853515625 0.9402804374694824
213.8970489501953 370.04827880859375 0.9363734126091003
216.2509765625 373.23388671875 0.9324663877487183
218.61732482910156 376.4102478027344 0.9285593628883362
220.99606323242188 379.5773620605469 0.9246523380279541
223.3871612548828 382.7351379394531 0.920745313167572
225.7905731201172 385.883544921875 0.9168382883071899
228.20626831054688 389.0225524902344 0.9129312634468079
230.63421630859375 392.152099609375 0.9090242385864258
233.07437133789062 395.2721252441406 0.9051172137260437
235.5266876220703 398.3825988769531 0.9012101888656616
237.99114990234375 401.48345947265625 0.8973031640052795
240.4676971435547 404.5746765136719 0.8933961391448975
242.95631408691406 407.65618896484375 0.8894891142845154
245.45693969726562 410.72796630859375 0.8855820894241333
247.9695587158203 413.7899475097656 0.8816750645637512
247.9695587158203 413.7899475097656 0.48167505860328674
251.48338317871094 415.6180419921875 0.47776803374290466
255.03546142578125 417.45721435546875 0.4777664840221405
258.5875549316406 419.29638671875 0.4777664840221405
262.1084899902344 421.1107482910156 0.4738594591617584
265.6677551269531 422.93603515625 0.4738594591617584
269.1957702636719 424.7366027832031 0.46995243430137634
272.7621154785156 426.5479736328125 0.46995243430137634
276.2971496582031 428.3347473144531 0.46604540944099426
279.87054443359375 430.1321716308594 0.46604540944099426
283.4125061035156 431.9051208496094 0.4621383845806122
286.992919921875 433.6885681152344 0.4621383845806122
290.5417785644531 435.4476623535156 0.4582313597202301
294.0975036621094 437.19287109375 0.454324334859848
297.6600036621094 438.9241943359375 0.45041730999946594
301.229248046875 440.6415710449219 0.44651028513908386
304.80517578125 442.3450012207031 0.4426032602787018
308.3877258300781 444.0344543457031 0.4386962354183197
311.97686767578125 445.70989990234375 0.4347892105579376
315.572509765625 447.3713073730469 0.43088218569755554
319.2069091796875 449.0419921875 0.43088218569755554
322.84130859375 450.7126770019531 0.43088218569755554
326.4757080078125 452.38336181640625 0.43088218569755554
330.110107421875 454.0540466308594 0.43088218569755554
333.7445068359375 455.7247314453125 0.43088218569755554
337.37890625 457.3954162597656 0.43088218569755554
341.0133056640625 459.06610107421875 0.43088218569755554
344.647705078125 460.7367858886719 0.43088218569755554
348.2821044921875 462.407470703125 0.43088218569755554
351.91650390625 464.0781555175781 0.43088218569755554
355.5509033203125 465.74884033203125 0.43088218569755554
359.185302734375 467.4195251464844 0.43088218569755554
362.8197021484375 469.0902099609375 0.43088218569755554
366.4541015625 470.7608947753906 0.43088218569755554
370.0885009765625 472.43157958984375 0.43088218569755554
373.722900390625 474.1022644042969 0.43088218569755554
377.3572998046875 475.77294921875 0.43088218569755554
380.99169921875 477.4436340332031 0.43088218569755554
384.6260986328125 479.11431884765625 0.43088218569755554
388.260498046875 480.7850036621094 0.43088218569755554
391.8948974609375 482.4556884765625 0.43088218569755554
395.529296875 484.1263732910156 0.43088218569755554
399.1636962890625 485.79705810546875 0.43088218569755554
402.798095703125 487.4677429199219 0.43088218569755554
406.4324951171875 489.138427734375 0.43088218569755554
410.06689453125 490.8091125488281 0.43088218569755554
413.66900634765625 492.4564514160156 0.42697516083717346
417.27752685546875 494.0896911621094 0.4230681359767914
420.89239501953125 495.7088317871094 0.4191611111164093
424.5135803222656 497.3138427734375 0.4152540862560272
428.1409912109375 498.9046936035156 0.41134706139564514
431.77459716796875 500.4813537597656 0.40744003653526306
435.4143371582031 502.0437927246094 0.403533011674881
439.0601501464844 503.5920104980469 0.3996259868144989
442.71197509765625 505.1259765625 0.3957189619541168
446.3697814941406 506.6456604003906 0.39181193709373474
450.0334777832031 508.1510314941406 0.38790491223335266
453.7030334472656 509.64208984375 0.3839978873729706
457.3783874511719 511.1188049316406 0.3800908625125885
461.0594787597656 512.5811157226562 0.3761838376522064
464.74627685546875 514.029052734375 0.37227681279182434
468.4386901855469 515.4625854492188 0.36836978793144226
472.1366882324219 516.8816528320312 0.3644627630710602
475.8402099609375 518.2862548828125 0.3605557382106781
479.5491638183594 519.6763916015625 0.356648713350296
483.2635192871094 521.0520629882812 0.35274168848991394
486.9832458496094 522.4132080078125 0.34883466362953186
490.708251953125 523.759765625 0.3449276387691498
494.4384765625 525.091796875 0.3410206139087677
498.17388916015625 526.4092407226562 0.3371135890483856
501.9144287109375 527.7120971679688 0.33320656418800354
505.6600341796875 529.0003051757812 0.32929953932762146
509.41064453125 530.2738647460938 0.3253925144672394
513.1661987304688 531.5327758789062 0.3214854896068573
516.9266357421875 532.7769775390625 0.3175784647464752
520.69189453125 534.0064697265625 0.31367143988609314
524.4619140625 535.2212524414062 0.30976441502571106
528.2366943359375 536.4213256835938 0.305857390165329
532.01611328125 537.6066284179688 0.3019503653049469
535.8001098632812 538.7771606445312 0.2980433404445648
539.5884399414062 539.9327392578125 0.2941104769706726
539.5884399414062 539.9327392578125 -0.10588952898979187
539.5884399414062 539.9327392578125 -0.5058895349502563
539.5884399414062 539.9327392578125 -0.9058895111083984
539.5884399414062 539.9327392578125 -1.3058894872665405
540.6180419921875 536.1079711914062 -1.3097964525222778
541.6326904296875 532.2791748046875 -1.3137034177780151
542.63232421875 528.4464721679688 -1.3176103830337524
543.6170043945312 524.60986328125 -1.3215173482894897
544.586669921875 520.7694702148438 -1.325424313545227
545.5413208007812 516.92529296875 -1.3293312788009644
546.48095703125 513.0774536132812 -1.3332382440567017
547.4055786132812 509.2259521484375 -1.337145209312439
548.3151245117188 505.3708801269531 -1.3410521745681763
548.3151245117188 505.3708801269531 -1.7410521507263184
547.6363525390625 501.4685363769531 -1.7449591159820557
546.9423828125 497.5688781738281 -1.748866081237793
546.233154296875 493.6719665527344 -1.7527730464935303
545.5087280273438 489.7778625488281 -1.7566800117492676
544.7691040039062 485.8865966796875 -1.7605869770050049
544.0142822265625 481.9982604980469 -1.7644939422607422
543.2442626953125 478.1129150390625 -1.7684009075164795
542.4590454101562 474.2305908203125 -1.7723078727722168
542.4590454101562 474.2305908203125 -2.1723079681396484
540.2112426757812 470.9692687988281 -2.1762149333953857
537.95068359375 467.71673583984375 -2.180121898651123
535.6774291992188 464.47308349609375 -2.1840288639068604
533.3915405273438 461.23834228515625 -2.1879358291625977
531.093017578125 458.0125427246094 -2.191842794418335
528.7819213867188 454.7957458496094 -2.1957497596740723
526.458251953125 451.5880126953125 -2.1996567249298096
526.458251953125 451.5880126953125 -2.599656820297241
523.0580444335938 449.5490417480469 -2.603186845779419
519.6239624023438 447.4979553222656 -2.603186845779419
516.1898803710938 445.4468688964844 -2.603186845779419
512.7557983398438 443.3957824707031 -2.603186845779419
509.3216857910156 441.3446960449219 -2.603186845779419
505.8875732421875 439.2936096191406 -2.603186845779419
502.4534606933594 437.2425231933594 -2.603186845779419
499.01934814453125 435.1914367675781 -2.603186845779419
495.5852355957031 433.1403503417969 -2.603186845779419
492.151123046875 431.0892639160156 -2.603186845779419
488.7170104980469 429.0381774902344 -2.603186845779419
485.28289794921875 426.9870910644531 -2.603186845779419
481.8487854003906 424.9360046386719 -2.603186845779419
478.4146728515625 422.8849182128906 -2.603186845779419
474.9805603027344 420.8338317871094 -2.603186845779419
471.54644775390625 418.7827453613281 -2.603186845779419
468.1123352050781 416.7316589355469 -2.603186845779419
464.67822265625 414.6805725097656 -2.603186845779419
461.2441101074219 412.6294860839844 -2.603186845779419
457.80999755859375 410.5783996582031 -2.603186845779419
454.3758850097656 408.5273132324219 -2.603186845779419
450.9417724609375 406.4762268066406 -2.603186845779419
447.5076599121094 404.4251403808594 -2.603186845779419
444.07354736328125 402.3740539550781 -2.603186845779419
440.6394348144531 400.3229675292969 -2.603186845779419
437.205322265625 398.2718811035156 -2.603186845779419
433.7712097167969 396.2207946777344 -2.603186845779419
430.33709716796875 394.1697082519531 -2.603186845779419
426.9029846191406 392.1186218261719 -2.603186845779419
423.4688720703125 390.0675354003906 -2.603186845779419
420.0347595214844 388.0164489746094 -2.603186845779419
416.60064697265625 385.9653625488281 -2.603186845779419
413.1665344238281 383.9142761230469 -2.603186845779419
409.732421875 381.8631896972656 -2.603186845779419
406.2983093261719 379.8121032714844 -2.603186845779419
402.86419677734375 377.7610168457031 -2.603186845779419
399.4300842285156 375.7099304199219 -2.603186845779419
395.9959716796875 373.6588439941406 -2.603186845779419
392.5618591308594 371.6077575683594 -2.603186845779419
389.12774658203125 369.5566711425781 -2.603186845779419
385.6936340332031 367.5055847167969 -2.603186845779419
382.259521484375 365.4544982910156 -2.603186845779419
378.8254089355469 363.4034118652344 -2.603186845779419
375.39129638671875 361.3523254394531 -2.603186845779419
371.9571838378906 359.3012390136719 -2.603186845779419
368.5230712890625 357.2501525878906 -2.603186845779419
365.0889587402344 355.1990661621094 -2.603186845779419
361.65484619140625 353.1479797363281 -2.603186845779419
358.2207336425781 351.0968933105469 -2.603186845779419
354.78662109375 349.0458068847656 -2.603186845779419
351.3525085449219 346.9947204589844 -2.603186845779419
347.91839599609375 344.9436340332031 -2.603186845779419
344.4842834472656 342.8925476074219 -2.603186845779419
341.0501708984375 340.8414611816406 -2.603186845779419
337.6160583496094 338.7903747558594 -2.603186845779419
334.18194580078125 336.7392883300781 -2.603186845779419
330.7478332519531 334.6882019042969 -2.603186845779419
327.313720703125 332.6371154785156 -2.603186845779419
323.8796081542969 330.5860290527344 -2.603186845779419
320.44549560546875 328.5349426269531 -2.603186845779419
317.0113830566406 326.4838562011719 -2.603186845779419
313.5772705078125 324.4327697753906 -2.603186845779419
310.1431579589844 322.3816833496094 -2.603186845779419
306.70904541015625 320.3305969238281 -2.603186845779419
303.2749328613281 318.2795104980469 -2.603186845779419
299.87042236328125 316.255126953125 -2.6070938110351562
296.4283142089844 314.2174987792969 -2.6070938110351562
293.00592041015625 312.1975402832031 -2.609689712524414
289.55853271484375 310.1688537597656 -2.609689712524414
286.11114501953125 308.1401672363281 -2.609689712524414
282.66375732421875 306.1114807128906 -2.609689712524414
279.24615478515625 304.1092834472656 -2.6135966777801514
275.7908935546875 302.09405517578125 -2.6135966777801514
272.365478515625 300.105224609375 -2.6175031661987305
268.90234375 298.103515625 -2.6175031661987305
265.439208984375 296.101806640625 -2.6175031661987305
261.97607421875 294.10009765625 -2.6175031661987305
258.512939453125 292.098388671875 -2.6175031661987305
255.04981994628906 290.0966796875 -2.6175031661987305
251.61666870117188 288.1212463378906 -2.6214101314544678
248.1758270263672 286.15924072265625 -2.625317096710205
248.1758270263672 286.15924072265625 -3.0253171920776367
244.70208740234375 285.84332275390625 -3.0764708518981934
240.7105712890625 285.5830078125 -3.0764708518981934
236.71905517578125 285.32269287109375 -3.0764708518981934
232.7275390625 285.0623779296875 -3.0764708518981934
232.7275390625 285.0623779296875 2.8067142963409424
228.988525390625 286.3715515136719 2.8028736114501953
225.25523376464844 287.6949768066406 2.798966646194458
221.5270233154297 289.0329895019531 2.7950711250305176
217.80416870117188 290.385498046875 2.7911641597747803
214.04727172851562 291.7586975097656 2.7911641597747803
210.32972717285156 293.1257629394531 2.787257194519043
206.57821655273438 294.5136413574219 2.787257194519043
202.86602783203125 295.89520263671875 2.7833526134490967
199.16075134277344 297.291015625 2.779299259185791
199.16075134277344 297.291015625 2.3792991638183594
199.16075134277344 297.291015625 1.9792991876602173
199.16075134277344 297.291015625 1.5792992115020752
199.16075134277344 297.291015625 1.179299235343933
199.16075134277344 297.291015625 0.779299259185791
199.16075134277344 297.291015625 0.37929925322532654
199.16075134277344 297.291015625 -0.02070075273513794
199.16075134277344 297.291015625 -0.4207007586956024
199.16075134277344 297.291015625 -0.8207007646560669
201.85528564453125 294.3878479003906 -0.824607789516449
204.5384521484375 291.4741516113281 -0.828514814376831
207.21022033691406 288.5500183105469 -0.8324218392372131
209.87054443359375 285.6154479980469 -0.8363288640975952
212.51937866210938 282.6705017089844 -0.8402358889579773
215.1566925048828 279.7152404785156 -0.8441429138183594
217.78244018554688 276.74969482421875 -0.8480499386787415
220.39657592773438 273.77392578125 -0.8519569635391235
222.9990692138672 270.7879638671875 -0.8558639883995056
222.9990692138672 270.7879638671875 -1.2558640241622925
224.21861267089844 267.01947021484375 -1.2597709894180298
225.42343139648438 263.2462158203125 -1.263677954673767
226.61349487304688 259.4682922363281 -1.2675849199295044
227.78878784179688 255.6857452392578 -1.2714918851852417
228.9492950439453 251.8986358642578 -1.275398850440979
230.09500122070312 248.10702514648438 -1.2793058156967163
231.2258758544922 244.31097412109375 -1.2832127809524536
232.3419189453125 240.51052856445312 -1.287119746208191
233.44309997558594 236.70574951171875 -1.2910267114639282
234.52940368652344 232.89669799804688 -1.2949336767196655
235.60081481933594 229.08343505859375 -1.2988406419754028
236.65733337402344 225.26600646972656 -1.3027476072311401
237.6989288330078 221.44448852539062 -1.3066545724868774
238.7255859375 217.61892700195312 -1.3105615377426147
239.73728942871094 213.7893829345703 -1.314468502998352
240.73402404785156 209.95591735839844 -1.3183754682540894
241.71575927734375 206.11859130859375 -1.3222824335098267
241.71575927734375 206.11859130859375 -1.7222824096679688
241.71575927734375 206.11859130859375 -2.1222825050354004
239.6338348388672 202.7489471435547 -2.1261894702911377
237.53875732421875 199.38746643066406 -2.130096435546875
235.43055725097656 196.03419494628906 -2.1340034008026123
233.30931091308594 192.68927001953125 -2.1379191875457764
233.30931091308594 192.68927001953125 -2.537919282913208
230.0440673828125 190.4471435546875 -2.5418262481689453
226.7700958251953 188.21778869628906 -2.5457332134246826
223.4874267578125 186.00125122070312 -2.54964017868042
220.1961212158203 183.79754638671875 -2.5535471439361572
216.896240234375 181.60671997070312 -2.5574541091918945
213.58782958984375 179.42880249023438 -2.561361074447632
210.27093505859375 177.26382446289062 -2.565268039703369
206.9456024169922 175.11183166503906 -2.5691750049591064
203.6118927001953 172.97283935546875 -2.5730819702148438
200.2698516845703 170.84689331054688 -2.576988935470581
196.91952514648438 168.73402404785156 -2.5808959007263184
193.56097412109375 166.63424682617188 -2.5848028659820557
193.56097412109375 166.63424682617188 -2.9848029613494873
193.56097412109375 166.63424682617188 2.8983821868896484
193.56097412109375 166.63424682617188 2.498382091522217
193.56097412109375 166.63424682617188 2.098381996154785
193.56097412109375 166.63424682617188 1.698382019996643
193.56097412109375 166.63424682617188 1.298382043838501
193.56097412109375 166.63424682617188 0.8983820676803589
196.03419494628906 169.72813415527344 0.8944750428199768
198.5194854736328 172.8123321533203 0.8905680179595947
201.0167999267578 175.8867950439453 0.8866609930992126
203.52610778808594 178.95147705078125 0.8827539682388306
206.04737854003906 182.00633239746094 0.8788469433784485
208.58056640625 185.0513153076172 0.8749397993087769
208.58056640625 185.0513153076172 0.4749397933483124
212.10662841796875 186.85569763183594 0.4710327684879303
215.63970947265625 188.64630126953125 0.4671257436275482
219.1797637939453 190.42308044433594 0.46321871876716614
222.7267303466797 192.18601989746094 0.45931169390678406
226.2805633544922 193.93508911132812 0.455404669046402
229.84120178222656 195.67025756835938 0.4514976441860199
233.40859985351562 197.39149475097656 0.4475906193256378
236.98268127441406 199.09878540039062 0.44368359446525574
240.56341552734375 200.79209899902344 0.43977656960487366
244.15074157714844 202.47140502929688 0.4358695447444916
247.74459838867188 204.13668823242188 0.4319625198841095
251.3449249267578 205.7879180908203 0.4280554950237274
254.95167541503906 207.42506408691406 0.42414847016334534
258.5647888183594 209.04811096191406 0.42024144530296326
262.1842346191406 210.6570281982422 0.4163344204425812
265.8099365234375 212.2517852783203 0.4124273955821991
269.44183349609375 213.83236694335938 0.408520370721817
273.07989501953125 215.39874267578125 0.40461334586143494
276.7240295410156 216.95089721679688 0.40070632100105286
280.37420654296875 218.48880004882812 0.3967992961406708
284.0303649902344 220.01243591308594 0.3928922712802887
287.69244384765625 221.5217742919922 0.3889852464199066
291.3603820800781 223.01678466796875 0.38507822155952454
295.0341491699219 224.49746704101562 0.38117119669914246
298.71368408203125 225.96377563476562 0.3772641718387604
302.3988952636719 227.4156951904297 0.3733571469783783
306.0897521972656 228.85321044921875 0.3694501221179962
309.78619384765625 230.2762908935547 0.36554309725761414
313.4881896972656 231.68492126464844 0.36163607239723206
317.1956481933594 233.07907104492188 0.35772904753685
320.9085388183594 234.45872497558594 0.3538220226764679
324.62677001953125 235.82386779785156 0.3499149978160858
328.3503112792969 237.17446899414062 0.34600797295570374
332.0791015625 238.51051330566406 0.34210094809532166
335.8130798339844 239.8319854736328 0.3381939232349396
339.5522155761719 241.13885498046875 0.3342868983745575
343.2964172363281 242.4311065673828 0.3303798735141754
347.0456237792969 243.70872497558594 0.32647284865379333
350.7998046875 244.9716796875 0.32256582379341125
354.55889892578125 246.21995544433594 0.3186587989330292
358.3228454589844 247.4535369873047 0.3147517740726471
362.0915832519531 248.6724090576172 0.310844749212265
365.86505126953125 249.8765411376953 0.30693772435188293
369.6431884765625 251.06591796875 0.30303069949150085
373.4259338378906 252.2405242919922 0.2991236746311188
377.2132568359375 253.4003448486328 0.2952166497707367
381.00506591796875 254.5453643798828 0.2913096249103546
384.80133056640625 255.67555236816406 0.28740260004997253
388.60198974609375 256.7908935546875 0.28349557518959045
392.406982421875 257.8913879394531 0.2795885503292084
396.2162170410156 258.9770202636719 0.2756815254688263
400.0296630859375 260.0477600097656 0.2717745006084442
403.8472900390625 261.10357666015625 0.26786747574806213
407.66900634765625 262.14447021484375 0.26396045088768005
411.4947509765625 263.1704406738281 0.260053426027298
415.3244934082031 264.18145751953125 0.2561464011669159
419.15814208984375 265.177490234375 0.2522393763065338
422.99566650390625 266.1585388183594 0.24833236634731293
426.83697509765625 267.12457275390625 0.24442535638809204
430.6820373535156 268.0755920410156 0.24051834642887115
434.5307922363281 269.0115966796875 0.23661133646965027
438.3831787109375 269.93255615234375 0.23270432651042938
442.2391357421875 270.83843994140625 0.2287973165512085
446.0986022949219 271.7292785644531 0.2248903065919876
449.9615173339844 272.6050109863281 0.22098329663276672
453.82781982421875 273.46563720703125 0.21707628667354584
457.69744873046875 274.3111572265625 0.21316927671432495
461.5703430175781 275.1415710449219 0.20926226675510406
465.44647216796875 275.95684814453125 0.20535525679588318
469.32574462890625 276.7569580078125 0.2014482468366623
473.2080993652344 277.5419006347656 0.1975412368774414
477.093505859375 278.3116760253906 0.19363422691822052
480.9819030761719 279.0662536621094 0.18972721695899963
484.8731994628906 279.8056640625 0.18582020699977875
488.7673645019531 280.52984619140625 0.18191319704055786
492.6643371582031 281.2388000488281 0.17800618708133698
496.56402587890625 281.9325256347656 0.1740991771221161
500.4664001464844 282.61102294921875 0.1701921671628952
500.4664001464844 282.61102294921875 -0.22980783879756927
500.4664001464844 282.61102294921875 -0.6298078298568726
503.6628112792969 280.2718200683594 -0.6337148547172546
506.8500671386719 277.920166015625 -0.6376218795776367
510.0281066894531 275.5560607910156 -0.6415289044380188
513.1968994140625 273.1795654296875 -0.6454359292984009
516.3563842773438 270.79071044921875 -0.649342954158783
519.5065307617188 268.3895263671875 -0.653249979019165
522.647216796875 265.9760437011719 -0.6571570038795471
525.7785034179688 263.5503234863281 -0.6610640287399292
528.9002685546875 261.11236572265625 -0.6649710536003113
532.012451171875 258.6622314453125 -0.6688780784606934
535.1150512695312 256.1999816894531 -0.6727851033210754
535.1150512695312 256.1999816894531 -1.0727851390838623
537.0003051757812 252.7164764404297 -1.0766921043395996
538.8719482421875 249.2256317138672 -1.080599069595337
540.7299194335938 245.72750854492188 -1.0845060348510742
542.57421875 242.22215270996094 -1.0884130001068115
544.40478515625 238.70960998535156 -1.0923199653625488
546.2216186523438 235.18994140625 -1.0962269306182861
548.0247192382812 231.6632080078125 -1.1001338958740234
548.0247192382812 231.6632080078125 -1.5001338720321655
548.296630859375 227.7116241455078 -1.5040408372879028
548.5531005859375 223.75900268554688 -1.5079478025436401
548.7941284179688 219.805419921875 -1.5118547677993774
549.0197143554688 215.85092163085938 -1.5157617330551147
549.2298583984375 211.89556884765625 -1.519668698310852
549.424560546875 207.93942260742188 -1.5235756635665894
549.6038208007812 203.98255920410156 -1.5274826288223267
549.767578125 200.0250244140625 -1.531389594078064
549.9158935546875 196.06687927246094 -1.5352965593338013
550.0487670898438 192.10818481445312 -1.5392035245895386
550.1661376953125 188.1490020751953 -1.5431104898452759
550.26806640625 184.18939208984375 -1.5470174551010132
550.3544921875 180.22940063476562 -1.5509244203567505
550.4254760742188 176.26910400390625 -1.5548313856124878
550.48095703125 172.30856323242188 -1.558738350868225
550.52099609375 168.34783935546875 -1.5626453161239624
550.5455322265625 164.38699340820312 -1.5665522813796997
550.5546264648438 160.4260711669922 -1.570459246635437
550.5482177734375 156.46514892578125 -1.5743662118911743
550.5263671875 152.50428771972656 -1.5782731771469116
550.489013671875 148.5435333251953 -1.582180142402649
550.4361572265625 144.5829620361328 -1.5860871076583862
550.3678588867188 140.62261962890625 -1.5899940729141235
550.2840576171875 136.66258239746094 -1.5939010381698608
550.184814453125 132.70289611816406 -1.5978080034255981
550.0701293945312 128.74363708496094 -1.6017149686813354
549.93994140625 124.78485107421875 -1.6056219339370728
549.7943115234375 120.82659912109375 -1.60952889919281
549.6331787109375 116.86894989013672 -1.6134358644485474
549.4566040039062 112.91195678710938 -1.6173428297042847
549.2645874023438 108.9556884765625 -1.621249794960022
549.05712890625 105.00019836425781 -1.6251567602157593
548.8341674804688 101.04554748535156 -1.6290637254714966
548.5957641601562 97.091796875 -1.6329706907272339
548.3419189453125 93.13900756835938 -1.6368776559829712
548.0726318359375 89.18724060058594 -1.6407846212387085
547.7879028320312 85.23655700683594 -1.6446915864944458
547.4877319335938 81.28701782226562 -1.648598551750183
547.4874267578125 81.28594970703125 -2.0484864711761475
545.6596069335938 77.77197265625 -2.0523934364318848
543.8180541992188 74.26516723632812 -2.056300401687622
543.8180541992188 74.26516723632812 -2.4563004970550537
540.7464599609375 71.76429748535156 -2.460207462310791
537.6651611328125 69.27544403076172 -2.4641144275665283
534.5741577148438 66.79864501953125 -2.4680213928222656
531.4734497070312 64.33394622802734 -2.471928358078003
528.3631591796875 61.881378173828125 -2.4758353233337402
525.2433471679688 59.440982818603516 -2.4797422885894775
522.114013671875 57.012794494628906 -2.483649253845215
522.114013671875 57.012794494628906 -2.8836493492126465
518.2821655273438 56.0098762512207 -2.887556314468384
514.4464111328125 55.021934509277344 -2.891463279724121
510.6068420410156 54.048988342285156 -2.8953702449798584
506.76348876953125 53.09104919433594 -2.8992772102355957
502.91644287109375 52.148136138916016 -2.903184175491333
499.06573486328125 51.22025680541992 -2.9070911407470703
495.21142578125 50.307430267333984 -2.9109981060028076
491.35357666015625 49.40966796875 -2.914905071258545
487.49224853515625 48.5269889831543 -2.9188120365142822
483.62750244140625 47.659400939941406 -2.9227190017700195
479.7593994140625 46.80691909790039 -2.926625967025757
475.88800048828125 45.96955490112305 -2.930532932281494
472.01336669921875 45.14732360839844 -2.9344398975372314
468.1355285644531 44.34023666381836 -2.9383468627929688
464.25469970703125 43.5483512878418 -2.942265510559082
460.37066650390625 42.771636962890625 -2.9461724758148193
456.483642578125 42.010101318359375 -2.9500794410705566
452.5936584472656 41.26375961303711 -2.953986406326294
448.7008056640625 40.53261947631836 -2.9578933715820312
444.7680969238281 39.80194854736328 -2.9578933715820312
440.83538818359375 39.0712776184082 -2.9578933715820312
436.9026794433594 38.340606689453125 -2.9578933715820312
432.969970703125 37.60993576049805 -2.9578933715820312
429.0372619628906 36.87926483154297 -2.9578933715820312
425.1415710449219 36.1633415222168 -2.9618003368377686
421.24310302734375 35.462642669677734 -2.965707302093506
417.3419494628906 34.77717971801758 -2.969614267349243
413.4381408691406 34.106964111328125 -2.9735212326049805
409.53173828125 33.45200729370117 -2.9774281978607178
409.53173828125 33.45200729370117 2.905756950378418
405.6424560546875 34.38663101196289 2.905756950378418
401.753173828125 35.32125473022461 2.905756950378418
397.8638916015625 36.25587844848633 2.905756950378418
393.974609375 37.19050216674805 2.905756950378418
390.0853271484375 38.125125885009766 2.905756950378418
386.196044921875 39.059749603271484 2.905756950378418
382.3067626953125 39.9943733215332 2.905756950378418
378.41748046875 40.92899703979492 2.905756950378418
374.5281982421875 41.86362075805664 2.905756950378418
370.638916015625 42.79824447631836 2.905756950378418
366.7496337890625 43.73286819458008 2.905756950378418
362.8603515625 44.6674919128418 2.905756950378418
358.9710693359375 45.602115631103516 2.905756950378418
355.081787109375 46.536739349365234 2.905756950378418
351.1925048828125 47.47136306762695 2.905756950378418
347.30322265625 48.40598678588867 2.905756950378418
343.4139404296875 49.34061050415039 2.905756950378418
339.524658203125 50.27523422241211 2.905756950378418
335.6353759765625 51.20985794067383 2.905756950378418
331.74609375 52.14448165893555 2.905756950378418
327.8568115234375 53.079105377197266 2.905756950378418
323.967529296875 54.013729095458984 2.905756950378418
320.0782470703125 54.9483528137207 2.905756950378418
316.18896484375 55.88297653198242 2.905756950378418
312.2996826171875 56.81760025024414 2.905756950378418
308.410400390625 57.75222396850586 2.905756950378418
304.5211181640625 58.68684768676758 2.905756950378418
300.6318359375 59.6214714050293 2.905756950378418
296.7425537109375 60.556095123291016 2.905756950378418
292.853271484375 61.490718841552734 2.905756950378418
288.9639892578125 62.42534255981445 2.905756950378418
285.07470703125 63.35996627807617 2.905756950378418
281.1854248046875 64.29458618164062 2.905756950378418
277.296142578125 65.22920989990234 2.905756950378418
273.4068603515625 66.16383361816406 2.905756950378418
269.517578125 67.09845733642578 2.905756950378418
265.6282958984375 68.0330810546875 2.905756950378418
261.739013671875 68.96770477294922 2.905756950378418
257.8497314453125 69.90232849121094 2.905756950378418
253.96044921875 70.83695220947266 2.905756950378418
250.0711669921875 71.77157592773438 2.905756950378418
246.181884765625 72.7061996459961 2.905756950378418
242.2926025390625 73.64082336425781 2.905756950378418
238.4033203125 74.57544708251953 2.905756950378418
234.5140380859375 75.51007080078125 2.905756950378418
230.624755859375 76.44469451904297 2.905756950378418
226.7354736328125 77.37931823730469 2.905756950378418
222.84619140625 78.3139419555664 2.905756950378418
218.9569091796875 79.24856567382812 2.905756950378418
215.067626953125 80.18318939208984 2.905756950378418
211.1783447265625 81.11781311035156 2.905756950378418
207.2890625 82.05243682861328 2.905756950378418
203.3997802734375 82.987060546875 2.905756950378418
199.510498046875 83.92168426513672 2.905756950378418
195.6212158203125 84.85630798339844 2.905756950378418
191.73193359375 85.79093170166016 2.905756950378418
187.8426513671875 86.72555541992188 2.905756950378418
183.953369140625 87.6601791381836 2.905756950378418
180.0640869140625 88.59480285644531 2.905756950378418
176.1748046875 89.52942657470703 2.905756950378418
172.2855224609375 90.46405029296875 2.905756950378418
168.396240234375 91.39867401123047 2.905756950378418
164.5069580078125 92.33329772949219 2.905756950378418
160.61767578125 93.2679214477539 2.905756950378418
156.7283935546875 94.20254516601562 2.905756950378418
152.839111328125 95.13716888427734 2.905756950378418
148.9498291015625 96.07179260253906 2.905756950378418
145.060546875 97.00641632080078 2.905756950378418
141.1712646484375 97.9410400390625 2.905756950378418
137.281982421875 98.87566375732422 2.905756950378418
133.3927001953125 99.81028747558594 2.905756950378418
129.50341796875 100.74491119384766 2.905756950378418
125.61414337158203 101.67953491210938 2.905756950378418
121.72486877441406 102.6141586303711 2.905756950378418
117.8355941772461 103.54878234863281 2.905756950378418
113.94631958007812 104.48340606689453 2.905756950378418
110.05704498291016 105.41802978515625 2.905756950378418
106.16777038574219 106.35265350341797 2.905756950378418
102.27849578857422 107.28727722167969 2.905756950378418
98.38922119140625 108.2219009399414 2.905756950378418
94.49994659423828 109.15652465820312 2.905756950378418
90.61067199707031 110.09114837646484 2.905756950378418
86.72139739990234 111.02577209472656 2.905756950378418
82.83212280273438 111.96039581298828 2.905756950378418
78.9428482055664 112.89501953125 2.905756950378418
75.05357360839844 113.82964324951172 2.905756950378418
71.16429901123047 114.76426696777344 2.905756950378418
67.2750244140625 115.69889068603516 2.905756950378418
63.385746002197266 116.63351440429688 2.905756950378418
59.49646759033203 117.5681381225586 2.905756950378418
59.49646759033203 117.5681381225586 2.905756950378418
59.49646759033203 117.5681381225586 2.905756950378418
59.49646759033203 117.5681381225586 2.905756950378418
59.49646759033203 117.5681381225586 2.905756950378418
59.49646759033203 117.5681381225586 2.905756950378418
59.49646759033203 117.5681381225586 2.905756950378418
59.49646759033203 117.5681381225586 2.905756950378418
59.49646759033203 117.5681381225586 2.905756950378418
59.49646759033203 117.5681381225586 2.905756950378418
59.49646759033203 117.5681381225586 2.905756950378418
