-392.80534292279424
-395.61961925039265
-398.442609061028
-401.2740675154425
-404.1137853368754
-406.9615277459106
-409.81712581593496
-412.680323892179
-415.5509628532706
-418.428826789886
-421.3137041940589
-424.20544930309933
-427.10385846797175
-430.0087333441987
-432.91993895214654
-435.8372847629643
-438.7606136665526
-441.68974183043645
-444.6245192747081
-447.5647994095281
-450.5104087054651
-453.46123735610803
-456.4171182023699
-459.3778860507089
-462.3434111430709
-465.313565511377
-468.2882540525616
-471.2673214947681
-474.25062049917335
-477.23806104121184
-480.2295010732264
-483.22479542692645
-486.2238639643664
-488.25033847838415
-488.25033847838415
-489.59910324977875
-490.96163354895504
-492.33780195973793
-493.72742153618213
-493.72742153618213
-493.5782385429473
-493.44530939427744
-493.32869502939064
-493.2283914262319
-493.1443925176379
-493.0767530583372
-493.0767530583372
-491.48593979439994
-489.90776622523674
-488.3423415615212
-486.78983379732955
-485.2504111020605
-483.7241840386981
-482.2113214384383
-480.7119921850989
-479.2263418086976
-477.7545057781527
-476.2966533315523
-474.8529307975024
-473.42347366734225
-472.0084287724133
-470.60795970027647
-469.22221334857755
-467.8513588063252
-466.4955368969093
-465.15489472176034
-463.8296007964056
-462.5197889031872
-461.2255988423916
-459.9472042316413
-458.6847511547167
-457.4383986868906
-457.4383986868906
-457.4383986868906
-453.8766205897737
-450.3146865113832
-446.75266170126775
-443.19058386758996
-439.6284792593509
-436.06644370998606
-432.5045181249502
-432.5045181249502
-428.5487535967324
-424.59232117391167
-420.6352441944124
-416.67757369131596
-412.71936177398663
-408.7606616810229
-404.80150120733407
-400.84193603330925
-396.8820156844557
-392.9217985104558
-388.96131768998214
-385.0006345449483
-381.03981199545467
-377.07891464501836
-373.1179747904506
-369.1570681467571
-369.1570681467571
-365.52467030283395
-361.9054637670693
-358.29989772570116
-354.70843766038644
-351.13156599947274
-347.5698098109853
-344.02369470785
-340.4937511608901
-336.9805434834201
-333.4846562569178
-330.0066816483941
-326.54727506775345
-326.54727506775345
-326.54727506775345
-326.54727506775345
-326.54727506775345
-326.54727506775345
-326.54727506775345
-326.54727506775345
-330.4889792990385
-334.43206820512495
-338.3366461371128
-342.2399395676872
-346.1419316808501
-350.04261949892566
-353.94194531099095
-357.839940082037
-361.7365529273022
-365.63178060221276
-369.5256266433341
-373.41806738582443
-377.3090722202804
-381.1986375766535
-385.0867467687922
-388.9733890728251
-392.8585478131139
-396.7422120632455
-400.6243651636567
-400.6243651636567
-403.8936466743718
-407.2032896205616
-410.5252324317304
-413.8222694274194
-417.1592597205323
-420.47082776080356
-423.8221236412907
-427.1475014467562
-430.51239931952534
-433.850910101839
-437.22874705462465
-440.5797370072732
-443.93262134119345
-447.2872586793791
-450.6435680428255
-454.00148023681294
-457.3609021182912
-460.72175914750824
-464.0839622875652
-467.4847636591066
-470.8949827211355
-474.31441634016295
-477.7428666572884
-481.18014093827804
-484.6260514277806
-488.08041520760264
-491.5430540589634
-495.01379432864644
-498.4924667989649
-501.9789065614551
-505.47295289421197
-508.97444914278134
-512.483242604521
-515.999184416346
-519.52212944577
-523.0519361851592
-526.5884666491124
-530.1315862748855
-533.6811638257739
-537.237071297376
-540.7991838266535
-544.3673796037106
-547.9415397862161
-551.5215484163895
-555.1072923404785
-558.6601251795798
-562.2116219169329
-565.7617225607285
-569.3104145077864
-572.8576813976595
-576.4034877199539
-579.9478214613416
-583.4906241951171
-587.0318842389252
-590.5715867707689
-594.1097004062967
-597.6461877338415
-601.1810376821735
-604.714239130439
-608.2457328705859
-611.7755107549427
-615.3035822854233
-618.8298709460662
-622.3543415085888
-625.8770286941907
-629.3978769802819
-632.9168967280498
-636.4340122006641
-639.9492340655837
-643.4625521910909
-646.97389107985
-650.4832616546585
-653.9906749856466
-657.4960559801582
-660.9994384732541
-664.5007247646599
-667.9999913695508
-671.4971420658948
-674.992166824402
-678.4847534060085
-678.4847534060085
-678.4847534060085
-678.4847534060085
-678.4847534060085
-676.5157403979001
-674.5507406740049
-672.589831751418
-670.6330933603687
-668.6806031735296
-666.7323983938073
-664.7886008553382
-662.8492492532822
-660.9144003311638
-660.9144003311638
-657.7876815862141
-654.6604850615556
-651.532799294789
-648.4047039128543
-645.2762134562175
-642.1473832350907
-639.0182485699439
-635.8888252357738
-635.8888252357738
-632.0596927050617
-628.2281932346198
-624.394390255938
-620.5583076296658
-616.719922781045
-612.8792794166108
-609.0363745361065
-609.0363745361065
-605.0855633813219
-601.1354024211768
-597.1859045580527
-593.2370830357291
-589.2889281814776
-585.3414772688628
-581.3947446363792
-577.4487450118777
-573.5034935257767
-569.5590057248102
-565.6152975863403
-561.6723855332573
-557.7302864495005
-553.7890176962247
-549.8485971286489
-545.9090431136151
-541.9703745478977
-538.0326108772963
-534.0957721165537
-530.1598788701397
-526.2249523539441
-522.291014417926
-518.3580875697683
-514.4261949995888
-510.4953606057633
-506.56560902191893
-502.63696564515914
-498.7094566655861
-494.78310909718954
-490.85795081017534
-486.9340105648132
-483.01131804688464
-479.0899039048202
-475.16979978861957
-471.2510383906542
-467.33365348845655
-463.4176799896112
-459.50315397886504
-455.59011276758565
-451.6785949457028
-447.76864043627825
-443.86029055285826
-439.95358805977304
-436.04857723555887
-432.14530393969085
-428.24381568282615
-424.344161700772
-420.44639303240723
-416.55056260180226
-412.6567253047991
-408.7649381003327
-404.9008607644955
-401.0157232000964
-397.1328665554701
-393.2523583939897
-389.3742689306866
-385.49867116136716
-381.6654155779855
-377.7990278458206
-373.96662917640106
-370.1092020797475
-366.25483353203845
-362.4036211215078
-358.55566654748026
-354.71107583434815
-350.90963782396136
-347.0765483368588
-343.28663733492965
-339.4658711717519
-335.64928142260277
-331.837012191321
-328.0292141137073
-324.2260447211022
-320.4672107701242
-316.6788165541536
-312.89568915980755
-309.1418794146963
-305.37303472265756
-301.61013399124937
-297.8927711314372
-294.23320687645173
-294.23320687645173
-291.7920500695392
-289.10277698110804
-286.44411455196314
-283.8169230218559
-283.8169230218559
-282.62464465647315
-281.5008150235817
-280.4397370461193
-279.4464371723267
-278.50454702382126
-277.6322994082807
-276.81389241426086
-276.06457527543176
-275.3713348245384
-275.3713348245384
-275.3713348245384
-275.3713348245384
-275.3713348245384
-275.3713348245384
-275.3713348245384
-275.3713348245384
-275.3713348245384
-275.3713348245384
-274.2523164469874
-273.1712227657617
-272.1285258370358
-271.124686326137
-270.1601551433178
-269.2353628487549
-268.35074423341916
-267.5066956403686
-266.70360890963144
-266.70360890963144
-264.48465000847864
-262.2937705622323
-260.1316996842403
-257.9992211876863
-255.89711168484337
-253.82612883216618
-251.78708824198287
-249.78080703601407
-247.80810400816225
-245.86982125031386
-243.96681214277527
-242.09994057635845
-240.2700687922577
-238.47807989620503
-236.7248741575072
-235.01132638733205
-233.33835006170668
-233.33835006170668
-233.33835006170668
-229.6059669076573
-225.876090273902
-222.14890007888187
-218.4246276820948
-218.4246276820948
-214.46946427990434
-210.51539925889767
-206.5625647942069
-202.61108954085867
-198.6611236456395
-194.7128249150332
-190.76635328337008
-186.82188132939694
-182.87960760835125
-178.93974360867617
-175.0024991584413
-171.06813412644718
-171.06813412644718
-171.06813412644718
-171.06813412644718
-171.06813412644718
-171.06813412644718
-171.06813412644718
-171.06813412644718
-174.9353226776013
-178.8098206022171
-182.6911119327171
-186.57872005980468
-190.47218834704807
-194.37105850471767
-194.37105850471767
-198.23102810632938
-202.09149631895346
-205.9523796422094
-209.8136017174016
-213.67510059674115
-217.536787573116
-221.39859697627261
-225.26046905413338
-229.12234481151626
-232.98417077383706
-236.84588424780839
-240.7074250587242
-244.56875672768285
-248.42983571090457
-252.29059610517768
-256.1509950493296
-260.01101580111555
-263.8706006311536
-267.7297202908026
-271.58831982571564
-275.446388282132
-279.3038661749004
-283.1607358305437
-287.0169645790216
-290.87251184247503
-294.7273379444027
-298.5814213199683
-302.4347403221046
-306.2872495472866
-310.13893738395797
-313.9897677190375
-317.83971350731474
-321.6887736129585
-325.53689647101754
-329.3840479364943
-333.23022827707246
-337.0754043611222
-340.91955173253314
-344.7626462210378
-348.6046639234357
-352.44558118615345
-356.28536650832655
-360.1240227249655
-363.9615270742034
-367.7978229893443
-371.6329220493066
-375.46679411587473
-379.29941721460455
-383.13077735150455
-386.9608371237676
-390.78960133288246
-394.6170301786696
-398.4431363688283
-402.2678493017867
-406.09119736656305
-409.91315193693936
-413.7336846075744
-417.55275570910123
-421.3703635259014
-425.1865216286804
-429.00117550135377
-432.8143121625692
-436.6259038295748
-440.4359643373648
-444.2444539886041
-448.05137200132566
-451.85667864205817
-455.66037336316447
-459.46244332852166
-463.2628343682517
-467.0615605716866
-470.8586090317043
-474.6539526744364
-478.4475786039414
-482.2394598850909
-486.02959751057375
-489.81795066949053
-493.60454747299616
-493.60454747299616
-493.60454747299616
-495.4119345125875
-497.23059380764835
-499.0603607250169
-500.90112684371
-502.7527023208096
-504.61492575112015
-506.4877049205756
-508.3708804173724
-510.2642938689131
-512.1677997835452
-514.0812861363034
-514.0812861363034
-514.5061615993585
-514.9458044201928
-515.4001428287199
-515.8691546332292
-516.3527646181425
-516.8509477419287
-517.3636254374252
-517.3636254374252
-516.3200460935033
-515.2898318700037
-514.2730876838563
-513.2699080238764
-512.2803960692708
-511.30458650084705
-510.3426387891066
-509.39464454328413
-508.46064423239267
-507.5407863861198
-506.63516427999826
-505.7438109919291
-504.8668766614392
-504.00439551112976
-503.1565119561636
-502.32325420636795
-501.50470857436187
-500.70101995483606
-499.9122125733484
-499.13842895435283
-498.3796905044381
-497.63613463777784
-496.907782638497
-496.1947718325281
-495.4971176153718
-494.8149523742656
-494.1482906680715
-493.4972630877858
-492.8619393476427
-492.2423268312916
-491.6385525138517
-491.0506810885826
-490.4787755096872
-489.9228969624396
-489.38310432089924
-488.8594557808047
-488.35200665776364
-487.86081128991157
-487.86081128991157
-485.8903395998581
-483.9308067511748
-483.9308067511748
-480.7906596591608
-477.65317872098944
-474.51847961875336
-471.3867414478883
-468.2579624288038
-465.13232616074623
-462.0099575925134
-462.0099575925134
-458.184803902089
-454.35796172960306
-450.5294185606864
-446.6991924331671
-442.8673012556103
-439.03376303162577
-435.19859560049787
-431.3617865172657
-427.52338419226504
-423.6834064980266
-419.84184089937975
-415.9987357488139
-412.1540785074579
-408.30791764579635
-404.4741176069667
-400.623547120244
-396.77149971327736
-392.9179627597092
-389.06298480558695
-385.1703557042078
-381.2799492350066
-377.3918341351097
-373.5060819624559
-369.62276723965084
-365.77798303810346
-361.93196170147104
-358.0847242129918
-354.23626126896124
-350.38662460866317
-350.38662460866317
-346.4402742816461
-342.4951685138531
-338.55135081346765
-334.60886672533826
-330.66776395062647
-326.7280924749199
-322.7899047055111
-318.8532556186099
-314.9182029173303
-310.98480720137366
-307.0531321494226
-303.1232447153576
-299.19521533952195
-295.2691181763846
-291.34503134008855
-287.42303716952665
-283.50322251476007
-279.5856790467862
-275.67050359288004
-271.7577984999734
-267.8476720288096
-263.94023878191416
-260.03562016876754
-256.13394491194975
-252.23534959846617
-248.3399792809521
-244.44798813401493
-240.55954017160042
-236.67481003198608
-232.79398383781762
-228.91726013952731
-225.04485095152586
-221.17698297308928
-217.31389853596949
-213.45585742261935
-209.60313812166572
-205.75603958128445
-201.91488307997668
-198.08001430110696
-194.2517904040065
-190.43062829627902
-186.61696176925415
-182.81125992448364
-179.0140307319098
-175.22582501192952
-171.44724089892995
-167.67892885248958
-163.921597292422
-160.17601894540223
-156.4430380043002
-152.7235782168233
-149.01865203793636
-145.3293710010992
-141.65695748696876
-138.0027580951656
-134.3682588552776
-130.7551025476373
-127.16510844255033
-123.60029480824952
-120.0629045820772
-116.5554346446442
-113.08066918017884
-109.64171764337854
-106.24205787663288
-102.88558492058765
-99.57666601950109
-96.32020221731912
-93.12169673781403
-89.98732999701531
-86.9240405478958
-83.93961042839611
-81.04275218110345
-78.24319953688618
-75.55176276143038
-72.98040441693351
-70.54225677753807
-68.25159737021762
-66.123755835658
-64.17492982427305
-62.42188830847928
-60.881546070639416
-59.5704050163817
-58.50387718424612
-57.69552952588433
-57.15631722621974
-56.89389299710095
-56.912085814667854
-57.210627973269965
-57.78517443362889
-57.78517443362889
-57.78517443362889
-57.78517443362889
-57.78517443362889
-57.78517443362889
-57.78517443362889
-57.78517443362889
-57.78517443362889
-57.78517443362889
-57.78517443362889
