62.8062629699707 452.7953186035156 0.7814911603927612
65.62342834472656 455.57965087890625 0.7775841355323792
68.45144653320312 458.35296630859375 0.7736771106719971
71.290283203125 461.1152038574219 0.769770085811615
74.139892578125 463.8663330078125 0.7658630609512329
77.00022888183594 466.6062927246094 0.7619560360908508
79.87124633789062 469.3350830078125 0.7580490112304688
82.75289916992188 472.0526123046875 0.7541419863700867
85.64514923095703 474.7588806152344 0.7502349615097046
88.5479507446289 477.4538269042969 0.7463279366493225
91.46125793457031 480.13739013671875 0.7424209117889404
94.3850326538086 482.8095703125 0.7385138869285583
97.31922149658203 485.4703063964844 0.7346068620681763
100.26378631591797 488.1195373535156 0.7306998372077942
103.21867370605469 490.75726318359375 0.7267928123474121
106.18384552001953 493.3834228515625 0.72288578748703
109.15925598144531 495.99798583984375 0.718978762626648
112.14485931396484 498.60089111328125 0.7150717377662659
115.14060974121094 501.1921081542969 0.7111647129058838
118.1464614868164 503.7716064453125 0.7072576880455017
121.16236877441406 506.3393249511719 0.7033506631851196
124.18828582763672 508.895263671875 0.6994436383247375
127.22416687011719 511.4393615722656 0.6955366134643555
130.26995849609375 513.9715576171875 0.6916295886039734
133.32562255859375 516.4918212890625 0.6877225637435913
136.39111328125 519.0001220703125 0.6838155388832092
139.4663848876953 521.4964599609375 0.6799085140228271
142.55137634277344 523.9807739257812 0.6760014891624451
145.64605712890625 526.4530029296875 0.672094464302063
148.7503662109375 528.9131469726562 0.6681874394416809
151.86427307128906 531.3611450195312 0.6642804145812988
154.9877166748047 533.7969360351562 0.6603733897209167
158.1206512451172 536.2205200195312 0.6564663648605347
160.4502716064453 537.8055419921875 0.538399338722229
160.4502716064453 537.8055419921875 0.13839933276176453
164.3743896484375 538.3442993164062 0.13449232280254364
168.3005828857422 538.8677368164062 0.13058531284332275
172.22879028320312 539.3758544921875 0.12667830288410187
176.15895080566406 539.8685913085938 0.12277129292488098
176.15895080566406 539.8685913085938 -0.2772287130355835
179.96652221679688 538.777099609375 -0.2811357378959656
183.76979064941406 537.6707153320312 -0.28504276275634766
187.56871032714844 536.5494995117188 -0.28894978761672974
191.36322021484375 535.4134521484375 -0.2928568124771118
195.15325927734375 534.2625732421875 -0.2967638373374939
198.93878173828125 533.096923828125 -0.300670862197876
198.93878173828125 533.096923828125 -0.7006708383560181
201.96156311035156 530.5372924804688 -0.7045778632164001
204.9743194580078 527.9658813476562 -0.7084848880767822
207.9770050048828 525.3826904296875 -0.7123919129371643
210.96957397460938 522.7877807617188 -0.7162989377975464
213.9519805908203 520.1812133789062 -0.7202059626579285
216.92417907714844 517.56298828125 -0.7241129875183105
219.88612365722656 514.9331665039062 -0.7280200123786926
222.8377685546875 512.2918090820312 -0.7319270372390747
225.77908325195312 509.6389465332031 -0.7358340620994568
228.7100067138672 506.974609375 -0.7397410869598389
231.6304931640625 504.2988586425781 -0.743648111820221
234.54051208496094 501.6117248535156 -0.747555136680603
237.44000244140625 498.9132385253906 -0.7514621615409851
240.3289337158203 496.20343017578125 -0.7553691864013672
243.20724487304688 493.48236083984375 -0.7592762112617493
246.0749053955078 490.75006103515625 -0.7631832361221313
248.93186950683594 488.006591796875 -0.7670902609825134
251.77809143066406 485.2519836425781 -0.7709972858428955
254.61354064941406 482.48626708984375 -0.7749043107032776
257.43817138671875 479.7095031738281 -0.7788113355636597
260.2519226074219 476.9217224121094 -0.7827183604240417
263.05474853515625 474.1229553222656 -0.7866253852844238
265.84661865234375 471.3132629394531 -0.7905324101448059
268.62750244140625 468.49267578125 -0.794439435005188
271.3973388671875 465.6612548828125 -0.7983464598655701
271.3973388671875 465.6612548828125 -1.198346495628357
271.3973388671875 465.6612548828125 -1.598346471786499
271.2804870605469 461.7020568847656 -1.6022534370422363
271.1481628417969 457.74334716796875 -1.6061604022979736
271.0003967285156 453.7851867675781 -1.610067367553711
270.837158203125 449.82763671875 -1.6139743328094482
270.658447265625 445.8707275390625 -1.6178812980651855
270.46429443359375 441.91455078125 -1.6217882633209229
270.2546691894531 437.95916748046875 -1.6256952285766602
270.2546691894531 437.95916748046875 -2.025695323944092
268.5074157714844 434.4044494628906 -2.029602289199829
266.74627685546875 430.8565979003906 -2.0335092544555664
264.9712829589844 427.3156433105469 -2.0374162197113037
263.1824645996094 423.7816467285156 -2.041323184967041
261.3798522949219 420.2546691894531 -2.0452301502227783
259.5634765625 416.7347717285156 -2.0491371154785156
257.7333679199219 413.22198486328125 -2.053044080734253
255.88955688476562 409.71636962890625 -2.0569510459899902
254.0320587158203 406.2179870605469 -2.0608580112457275
252.16090393066406 402.7268981933594 -2.064764976501465
250.276123046875 399.2431335449219 -2.068671941757202
248.37774658203125 395.7667541503906 -2.0725789070129395
246.46580505371094 392.2978210449219 -2.0764858722686768
244.5403289794922 388.8363952636719 -2.080392837524414
242.60133361816406 385.38250732421875 -2.0842998027801514
240.64886474609375 381.93621826171875 -2.0882067680358887
240.64886474609375 381.93621826171875 -2.4882068634033203
237.4990692138672 379.53460693359375 -2.4921138286590576
234.3399200439453 377.14532470703125 -2.496020793914795
231.1714630126953 374.7684020996094 -2.4999277591705322
227.99374389648438 372.40386962890625 -2.5038347244262695
224.8068084716797 370.0517578125 -2.507741689682007
221.61070251464844 367.7121276855469 -2.511648654937744
218.40548706054688 365.385009765625 -2.5155556201934814
215.19119262695312 363.0704345703125 -2.5194625854492188
211.96788024902344 360.7684326171875 -2.523369550704956
208.73561096191406 358.4790344238281 -2.5272765159606934
205.49441528320312 356.2022705078125 -2.5311834812164307
202.24435424804688 353.9382019042969 -2.535090446472168
202.24435424804688 353.9382019042969 -2.9350905418395996
202.24435424804688 353.9382019042969 2.948094606399536
202.24435424804688 353.9382019042969 2.5480945110321045
202.24435424804688 353.9382019042969 2.148094415664673
202.24435424804688 353.9382019042969 1.7480944395065308
202.24435424804688 353.9382019042969 1.3480944633483887
202.24435424804688 353.9382019042969 0.9480944871902466
204.57728576660156 357.18743896484375 0.9480944871902466
206.91021728515625 360.4366760253906 0.9480944871902466
209.2266387939453 363.6496276855469 0.9441874623298645
211.5555877685547 366.853515625 0.9402804374694824
213.8970489501953 370.04827880859375 0.9363734126091003
216.2509765625 373.23388671875 0.9324663877487183
218.61732482910156 376.4102478027344 0.9285593628883362
220.99606323242188 379.5773620605469 0.9246523380279541
223.3871612548828 382.7351379394531 0.920745313167572
225.7905731201172 385.883544921875 0.9168382883071899
228.20626831054688 389.0225524902344 0.9129312634468079
230.63421630859375 392.152099609375 0.9090242385864258
233.07437133789062 395.2721252441406 0.9051172137260437
235.5266876220703 398.3825988769531 0.9012101888656616
237.99114990234375 401.48345947265625 0.8973031640052795
240.4676971435547 404.5746765136719 0.8933961391448975
242.95631408691406 407.65618896484375 0.8894891142845154
245.45693969726562 410.72796630859375 0.8855820894241333
247.9695587158203 413.7899475097656 0.8816750645637512
247.9695587158203 413.7899475097656 0.48167505860328674
251.48338317871094 415.6180419921875 0.47776803374290466
255.0354766845703 417.4572448730469 0.47776803374290466
258.58758544921875 419.29644775390625 0.47776803374290466
262.1085205078125 421.1108093261719 0.4738610088825226
265.66778564453125 422.93609619140625 0.4738610088825226
269.19580078125 424.7366638183594 0.4699539840221405
272.76214599609375 426.54803466796875 0.4699539840221405
276.2971496582031 428.3348083496094 0.4660469591617584
279.87054443359375 430.1322326660156 0.4660469591617584
283.4125061035156 431.9051818847656 0.46213993430137634
286.992919921875 433.6886291503906 0.46213993430137634
290.5417785644531 435.4477233886719 0.45823290944099426
294.0975036621094 437.1929626464844 0.4543258845806122
297.6600036621094 438.9242858886719 0.4504188597202301
301.229248046875 440.64166259765625 0.446511834859848
304.80517578125 442.3450927734375 0.44260480999946594
308.3877258300781 444.0345458984375 0.43869778513908386
311.97686767578125 445.7099914550781 0.4347907602787018
315.572509765625 447.37139892578125 0.4308837652206421
319.2069091796875 449.0420837402344 0.4308837652206421
322.84130859375 450.7127685546875 0.4308837652206421
326.4757080078125 452.3834533691406 0.4308837652206421
330.110107421875 454.05413818359375 0.4308837652206421
333.7445068359375 455.7248229980469 0.4308837652206421
337.37890625 457.3955078125 0.4308837652206421
341.0133056640625 459.0661926269531 0.4308837652206421
344.647705078125 460.73687744140625 0.4308837652206421
348.2821044921875 462.4075622558594 0.4308837652206421
351.91650390625 464.0782470703125 0.4308837652206421
355.5509033203125 465.7489318847656 0.4308837652206421
359.185302734375 467.41961669921875 0.4308837652206421
362.8197021484375 469.0903015136719 0.4308837652206421
366.4541015625 470.760986328125 0.4308837652206421
370.0885009765625 472.4316711425781 0.4308837652206421
373.722900390625 474.10235595703125 0.4308837652206421
377.3572998046875 475.7730407714844 0.4308837652206421
380.99169921875 477.4437255859375 0.4308837652206421
384.6260986328125 479.1144104003906 0.4308837652206421
388.260498046875 480.78509521484375 0.4308837652206421
391.8948974609375 482.4557800292969 0.4308837652206421
395.529296875 484.12646484375 0.4308837652206421
399.1636962890625 485.7971496582031 0.4308837652206421
402.798095703125 487.46783447265625 0.4308837652206421
406.4324951171875 489.1385192871094 0.4308837652206421
410.06689453125 490.8092041015625 0.4308837652206421
413.66900634765625 492.45654296875 0.42697674036026
417.27752685546875 494.0898132324219 0.42306971549987793
420.89239501953125 495.7089538574219 0.41916269063949585
424.5135803222656 497.31396484375 0.41525566577911377
428.1409912109375 498.9048156738281 0.4113486409187317
431.77459716796875 500.4814758300781 0.4074416160583496
435.4143371582031 502.0439453125 0.40353459119796753
439.0601501464844 503.5921630859375 0.39962756633758545
442.71197509765625 505.1261291503906 0.39572054147720337
446.3697814941406 506.64581298828125 0.3918135166168213
450.0334777832031 508.15118408203125 0.3879064917564392
453.7030334472656 509.6422424316406 0.38399946689605713
457.3783874511719 511.11895751953125 0.38009244203567505
461.0594787597656 512.581298828125 0.37618541717529297
464.74627685546875 514.0292358398438 0.3722783923149109
468.4386901855469 515.4627685546875 0.3683713674545288
472.1366882324219 516.8818359375 0.36446434259414673
475.8401794433594 518.2864990234375 0.36055731773376465
479.54913330078125 519.6766357421875 0.35665029287338257
483.26348876953125 521.0523071289062 0.3527432680130005
486.98321533203125 522.4134521484375 0.3488362431526184
490.7082214355469 523.760009765625 0.34492921829223633
494.4384460449219 525.092041015625 0.34102219343185425
498.1738586425781 526.4094848632812 0.33711516857147217
501.9143981933594 527.7123413085938 0.3332081437110901
505.6600036621094 529.0005493164062 0.329301118850708
509.4106140136719 530.2741088867188 0.3253940939903259
513.1661376953125 531.5330200195312 0.32148706912994385
516.9265747070312 532.7772216796875 0.31758004426956177
520.6918334960938 534.0067138671875 0.3136730194091797
524.4618530273438 535.2214965820312 0.3097659945487976
528.2366333007812 536.4215698242188 0.3058589696884155
532.0160522460938 537.6068725585938 0.30195194482803345
535.800048828125 538.7774047851562 0.29804491996765137
539.5883178710938 539.9329833984375 0.29410839080810547
539.5883178710938 539.9329833984375 -0.10589161515235901
539.5883178710938 539.9329833984375 -0.5058916211128235
539.5883178710938 539.9329833984375 -0.9058916568756104
539.5883178710938 539.9329833984375 -1.3058916330337524
540.6178588867188 536.1082153320312 -1.3097985982894897
541.6325073242188 532.2794189453125 -1.313705563545227
542.6321411132812 528.4467163085938 -1.3176125288009644
543.6168212890625 524.610107421875 -1.3215194940567017
544.5864868164062 520.7697143554688 -1.325426459312439
545.5411376953125 516.925537109375 -1.3293334245681763
546.4807739257812 513.0776977539062 -1.3332403898239136
547.4053955078125 509.2261962890625 -1.3371473550796509
548.31494140625 505.3711242675781 -1.3410543203353882
548.31494140625 505.3711242675781 -1.7410542964935303
547.6361694335938 501.4687805175781 -1.7449612617492676
546.9421997070312 497.5691223144531 -1.7488682270050049
546.2329711914062 493.6722106933594 -1.7527751922607422
545.508544921875 489.7781066894531 -1.7566821575164795
544.7689208984375 485.8868408203125 -1.7605891227722168
544.0140991210938 481.9985046386719 -1.764496088027954
543.2440795898438 478.1131591796875 -1.7684030532836914
542.4588623046875 474.2308349609375 -1.7723100185394287
542.4588623046875 474.2308349609375 -2.1723101139068604
540.2110595703125 470.9695129394531 -2.1762170791625977
537.9505004882812 467.7170104980469 -2.180124044418335
535.67724609375 464.4733581542969 -2.1840310096740723
533.391357421875 461.2386169433594 -2.1879379749298096
531.0928344726562 458.0128173828125 -2.191844940185547
528.78173828125 454.7960205078125 -2.195751905441284
526.4580688476562 451.5882873535156 -2.1996588706970215
526.4580688476562 451.5882873535156 -2.599658966064453
523.0523681640625 449.5443115234375 -2.6024584770202637
519.6197509765625 447.4907531738281 -2.6024584770202637
516.1871337890625 445.43719482421875 -2.6024584770202637
512.7545166015625 443.3836364746094 -2.6024584770202637
509.3218994140625 441.330078125 -2.6024584770202637
505.8892822265625 439.2765197753906 -2.6024584770202637
502.4566650390625 437.22296142578125 -2.6024584770202637
499.0240478515625 435.1694030761719 -2.6024584770202637
495.5914306640625 433.1158447265625 -2.6024584770202637
492.1588134765625 431.0622863769531 -2.6024584770202637
488.7261962890625 429.00872802734375 -2.6024584770202637
485.2935791015625 426.9551696777344 -2.6024584770202637
481.8609619140625 424.901611328125 -2.6024584770202637
478.4283447265625 422.8480529785156 -2.6024584770202637
474.9957275390625 420.79449462890625 -2.6024584770202637
471.5631103515625 418.7409362792969 -2.6024584770202637
468.1304931640625 416.6873779296875 -2.6024584770202637
464.6978759765625 414.6338195800781 -2.6024584770202637
461.2652587890625 412.58026123046875 -2.6024584770202637
457.8326416015625 410.5267028808594 -2.6024584770202637
454.4000244140625 408.47314453125 -2.6024584770202637
450.9674072265625 406.4195861816406 -2.6024584770202637
447.5347900390625 404.36602783203125 -2.6024584770202637
444.1021728515625 402.3124694824219 -2.6024584770202637
440.6695556640625 400.2589111328125 -2.6024584770202637
437.2369384765625 398.2053527832031 -2.6024584770202637
433.8043212890625 396.15179443359375 -2.6024584770202637
430.3717041015625 394.0982360839844 -2.6024584770202637
426.9390869140625 392.044677734375 -2.6024584770202637
423.5064697265625 389.9911193847656 -2.6024584770202637
420.0738525390625 387.93756103515625 -2.6024584770202637
416.6412353515625 385.8840026855469 -2.6024584770202637
413.2086181640625 383.8304443359375 -2.6024584770202637
409.7760009765625 381.7768859863281 -2.6024584770202637
406.3433837890625 379.72332763671875 -2.6024584770202637
402.9107666015625 377.6697692871094 -2.6024584770202637
399.4781494140625 375.6162109375 -2.6024584770202637
396.0455322265625 373.5626525878906 -2.6024584770202637
392.6129150390625 371.50909423828125 -2.6024584770202637
389.1802978515625 369.4555358886719 -2.6024584770202637
385.7476806640625 367.4019775390625 -2.6024584770202637
382.3150634765625 365.3484191894531 -2.6024584770202637
378.8824462890625 363.29486083984375 -2.6024584770202637
375.4498291015625 361.2413024902344 -2.6024584770202637
372.0172119140625 359.187744140625 -2.6024584770202637
368.5845947265625 357.1341857910156 -2.6024584770202637
365.1519775390625 355.08062744140625 -2.6024584770202637
361.7193603515625 353.0270690917969 -2.6024584770202637
358.2867431640625 350.9735107421875 -2.6024584770202637
354.8541259765625 348.9199523925781 -2.6024584770202637
351.4215087890625 346.86639404296875 -2.6024584770202637
347.9888916015625 344.8128356933594 -2.6024584770202637
344.5562744140625 342.75927734375 -2.6024584770202637
341.1236572265625 340.7057189941406 -2.6024584770202637
337.6910400390625 338.65216064453125 -2.6024584770202637
334.2584228515625 336.5986022949219 -2.6024584770202637
330.8258056640625 334.5450439453125 -2.6024584770202637
327.3931884765625 332.4914855957031 -2.6024584770202637
323.9605712890625 330.43792724609375 -2.6024584770202637
320.5279541015625 328.3843688964844 -2.6024584770202637
317.0953369140625 326.330810546875 -2.6024584770202637
313.6627197265625 324.2772521972656 -2.6024584770202637
310.2301025390625 322.22369384765625 -2.6024584770202637
306.7974853515625 320.1701354980469 -2.6024584770202637
303.3648681640625 318.1165771484375 -2.6024584770202637
299.9618225097656 316.0897216796875 -2.606365442276001
296.5212097167969 314.049560546875 -2.606365442276001
293.10858154296875 312.0345153808594 -2.6100516319274902
289.66046142578125 310.007080078125 -2.6100516319274902
286.21234130859375 307.9796447753906 -2.6100516319274902
282.76422119140625 305.95220947265625 -2.6100516319274902
279.34588623046875 303.95123291015625 -2.6139585971832275
275.889892578125 301.937255859375 -2.6139585971832275
272.4637451171875 299.94964599609375 -2.617865562438965
268.9999084472656 297.9491882324219 -2.617865562438965
265.53607177734375 295.94873046875 -2.617865562438965
262.0993957519531 293.97210693359375 -2.6214096546173096
258.62847900390625 291.98394775390625 -2.6214096546173096
255.15756225585938 289.99578857421875 -2.6214096546173096
251.7167205810547 288.0337829589844 -2.625316619873047
248.29234313964844 286.1058654785156 -2.6323370933532715
248.29234313964844 286.1058654785156 -3.032337188720703
244.79571533203125 285.8088684082031 -3.0813801288604736
240.80296325683594 285.56817626953125 -3.0813801288604736
236.81021118164062 285.3274841308594 -3.0813801288604736
232.8174591064453 285.0867919921875 -3.0813801288604736
232.8174591064453 285.0867919921875 2.801805019378662
229.0826873779297 286.4146423339844 2.798185348510742
225.3556365966797 287.75555419921875 2.794278383255005
221.63308715820312 289.11114501953125 2.7904484272003174
217.91651916503906 290.4808654785156 2.78654146194458
214.16600036621094 291.8714294433594 2.78654146194458
210.45481872558594 293.2556457519531 2.7826344966888428
206.7097625732422 294.66082763671875 2.7826344966888428
203.00347900390625 296.05963134765625 2.7787811756134033
199.2638702392578 297.479248046875 2.7787811756134033
199.2638702392578 297.479248046875 2.3787810802459717
199.2638702392578 297.479248046875 1.9787811040878296
199.2638702392578 297.479248046875 1.5787811279296875
199.2638702392578 297.479248046875 1.1787811517715454
199.2638702392578 297.479248046875 0.7787811756134033
199.2638702392578 297.479248046875 0.37878116965293884
199.2638702392578 297.479248046875 -0.021218836307525635
199.2638702392578 297.479248046875 -0.4212188422679901
199.2638702392578 297.479248046875 -0.8212188482284546
201.95689392089844 294.5746765136719 -0.8251258730888367
204.6385498046875 291.65960693359375 -0.8290328979492188
207.3087921142578 288.73406982421875 -0.8329399228096008
209.96759033203125 285.7981262207031 -0.8368469476699829
212.61489868164062 282.8518371582031 -0.840753972530365
215.25067138671875 279.89520263671875 -0.8446609973907471
217.8748779296875 276.9283142089844 -0.8485680222511292
220.4874725341797 273.951171875 -0.8524750471115112
223.08840942382812 270.9638671875 -0.8563820719718933
223.08840942382812 270.9638671875 -1.2563821077346802
224.30599975585938 267.1947326660156 -1.2602890729904175
225.5088653564453 263.4208679199219 -1.2641960382461548
226.6969757080078 259.642333984375 -1.268103003501892
227.8703155517578 255.8591766357422 -1.2720099687576294
229.0288543701172 252.07147216796875 -1.2759169340133667
230.17259216308594 248.27926635742188 -1.279823899269104
231.30149841308594 244.4826202392578 -1.2837308645248413
232.4155731201172 240.6815948486328 -1.2876378297805786
233.51478576660156 236.87625122070312 -1.291544795036316
234.59912109375 233.06663513183594 -1.2954517602920532
235.66856384277344 229.2528076171875 -1.2993587255477905
236.7230987548828 225.43482971191406 -1.3032656908035278
237.76271057128906 221.61276245117188 -1.3071726560592651
238.78738403320312 217.7866668701172 -1.3110796213150024
239.79710388183594 213.95660400390625 -1.3149865865707397
240.79183959960938 210.12261962890625 -1.318893551826477
241.77159118652344 206.28477478027344 -1.3228005170822144
241.77159118652344 206.28477478027344 -1.7228004932403564
241.77159118652344 206.28477478027344 -2.122800588607788
239.6879119873047 202.9162139892578 -2.1267075538635254
237.59109497070312 199.55581665039062 -2.1306145191192627
235.4811553955078 196.20362854003906 -2.134521484375
233.358154296875 192.85975646972656 -2.138432264328003
233.358154296875 192.85975646972656 -2.5384323596954346
230.09176635742188 190.6193084716797 -2.542339324951172
226.816650390625 188.39163208007812 -2.546246290206909
223.53285217285156 186.17677307128906 -2.5501532554626465
220.24041748046875 183.97476196289062 -2.554060220718384
216.9394073486328 181.78562927246094 -2.557967185974121
213.62986755371094 179.60940551757812 -2.5618741512298584
210.31185913085938 177.44613647460938 -2.5657811164855957
206.9854278564453 175.29583740234375 -2.569688081741333
203.65061950683594 173.15855407714844 -2.5735950469970703
200.30747985839844 171.03431701660156 -2.5775020122528076
196.95606994628906 168.92315673828125 -2.581408977508545
193.596435546875 166.82510375976562 -2.5853159427642822
193.596435546875 166.82510375976562 -2.985316038131714
193.596435546875 166.82510375976562 2.897869110107422
193.596435546875 166.82510375976562 2.4978690147399902
193.596435546875 166.82510375976562 2.0978689193725586
193.596435546875 166.82510375976562 1.6978689432144165
193.596435546875 166.82510375976562 1.2978689670562744
193.596435546875 166.82510375976562 0.8978689908981323
196.0712432861328 169.917724609375 0.8939619660377502
198.55810546875 173.0006561279297 0.8900549411773682
201.0570068359375 176.07383728027344 0.8861479163169861
203.56788635253906 179.13723754882812 0.882240891456604
206.09071350097656 182.1907958984375 0.8783338665962219
208.6254425048828 185.2344512939453 0.8744228482246399
208.6254425048828 185.2344512939453 0.4744228422641754
212.15243530273438 187.03701782226562 0.47051581740379333
215.6864471435547 188.82579040527344 0.46660879254341125
219.2274169921875 190.60073852539062 0.4627017676830292
222.77529907226562 192.36184692382812 0.4587947428226471
226.3300323486328 194.10906982421875 0.454887717962265
229.89157104492188 195.84239196777344 0.45098069310188293
233.45985412597656 197.56178283691406 0.44707366824150085
237.03482055664062 199.26722717285156 0.4431666433811188
240.61642456054688 200.9586944580078 0.4392596185207367
244.20460510253906 202.6361541748047 0.4353525936603546
247.79931640625 204.29957580566406 0.43144556879997253
251.40049743652344 205.94894409179688 0.42753854393959045
255.0081024169922 207.584228515625 0.4236315190792084
258.6220703125 209.2053985595703 0.4197244942188263
262.2423400878906 210.81243896484375 0.4158174693584442
265.8688659667969 212.4053192138672 0.41191044449806213
269.5015869140625 213.98402404785156 0.40800341963768005
273.14044189453125 215.54852294921875 0.404096394777298
276.7853698730469 217.0988006591797 0.4001893699169159
280.43634033203125 218.63482666015625 0.3962823450565338
284.0932922363281 220.1565704345703 0.39237532019615173
287.75616455078125 221.6640167236328 0.38846829533576965
291.4248962402344 223.15713500976562 0.3845612704753876
295.09942626953125 224.6359100341797 0.3806542456150055
298.7796936035156 226.10031127929688 0.3767472207546234
302.4656677246094 227.55032348632812 0.37284019589424133
306.15728759765625 228.98593139648438 0.36893317103385925
309.8544921875 230.4071044921875 0.3650261461734772
313.5572204589844 231.81382751464844 0.3611191213130951
317.2654113769531 233.20606994628906 0.357212096452713
320.97900390625 234.5838165283203 0.35330507159233093
324.69793701171875 235.94703674316406 0.34939804673194885
328.42218017578125 237.29571533203125 0.3454910218715668
332.15167236328125 238.6298370361328 0.3415839970111847
335.8863525390625 239.94937133789062 0.3376769721508026
339.62615966796875 241.25430297851562 0.33376994729042053
343.37103271484375 242.54461669921875 0.32986292243003845
347.12091064453125 243.82029724121094 0.32595589756965637
350.875732421875 245.08131408691406 0.3220488727092743
354.6354675292969 246.32765197753906 0.3181418478488922
358.4000549316406 247.5592803955078 0.31423482298851013
362.1694030761719 248.7761993408203 0.31032779812812805
365.9434814453125 249.97837829589844 0.30642077326774597
369.72222900390625 251.16580200195312 0.3025137484073639
373.5055847167969 252.3384552001953 0.2986067235469818
377.2934875488281 253.49632263183594 0.29469969868659973
381.0859069824219 254.63937377929688 0.29079267382621765
384.88275146484375 255.76760864257812 0.28688564896583557
388.6839904785156 256.8809814453125 0.2829786241054535
392.4895324707031 257.9795227050781 0.2790715992450714
396.2993469238281 259.06317138671875 0.27516457438468933
400.1133728027344 260.1319274902344 0.27125754952430725
403.9315185546875 261.1857604980469 0.26735052466392517
407.7537536621094 262.22467041015625 0.2634434998035431
411.5800476074219 263.2486572265625 0.259536474943161
415.4103088378906 264.2576904296875 0.25562945008277893
419.2444763183594 265.2517395019531 0.25172242522239685
423.0824890136719 266.2308044433594 0.24781541526317596
426.92431640625 267.1948547363281 0.24390840530395508
430.7698669433594 268.1438903808594 0.2400013953447342
434.6191101074219 269.0779113769531 0.2360943853855133
438.4719543457031 269.99688720703125 0.23218737542629242
442.328369140625 270.9007873535156 0.22828036546707153
446.18829345703125 271.78961181640625 0.22437335550785065
450.0516357421875 272.6633605957031 0.22046634554862976
453.9183654785156 273.5220031738281 0.21655933558940887
457.7884216308594 274.36553955078125 0.212652325630188
461.6617431640625 275.1939392089844 0.2087453156709671
465.53826904296875 276.0072021484375 0.20483830571174622
469.41796875 276.8052978515625 0.20093129575252533
473.3007507324219 277.5882568359375 0.19702428579330444
477.1865539550781 278.35601806640625 0.19311727583408356
481.0753173828125 279.1086120605469 0.18921026587486267
484.9670104980469 279.84600830078125 0.18530325591564178
488.8615417480469 280.56817626953125 0.1813962459564209
492.7588806152344 281.2751159667969 0.1774892359972
496.658935546875 281.9668273925781 0.17358222603797913
500.5616760253906 282.643310546875 0.16967521607875824
500.5616760253906 282.643310546875 -0.23032478988170624
500.5616760253906 282.643310546875 -0.6303247809410095
503.75689697265625 280.3024597167969 -0.6342318058013916
506.94293212890625 277.94915771484375 -0.6381388306617737
510.1197509765625 275.5834045410156 -0.6420458555221558
513.2872924804688 273.20526123046875 -0.6459528803825378
516.445556640625 270.81475830078125 -0.6498599052429199
519.5944213867188 268.4119567871094 -0.653766930103302
522.73388671875 265.9968566894531 -0.6576739549636841
525.8638916015625 263.56951904296875 -0.6615809798240662
528.984375 261.1299743652344 -0.6654880046844482
532.0953369140625 258.6782531738281 -0.6693950295448303
535.1966552734375 256.2143859863281 -0.6733020544052124
535.1966552734375 256.2143859863281 -1.0733020305633545
537.080078125 252.72991943359375 -1.0772089958190918
538.9498901367188 249.2381134033203 -1.081115961074829
540.8060302734375 245.73902893066406 -1.0850229263305664
542.6484985351562 242.2327117919922 -1.0889298915863037
544.477294921875 238.71922302246094 -1.092836856842041
546.2922973632812 235.19862365722656 -1.0967438220977783
548.0935668945312 231.67095947265625 -1.1006507873535156
548.0935668945312 231.67095947265625 -1.5006507635116577
548.3634643554688 227.71923828125 -1.504557728767395
548.617919921875 223.76649475097656 -1.5084646940231323
548.85693359375 219.8127899169922 -1.5123716592788696
549.0805053710938 215.85816955566406 -1.516278624534607
549.2886352539062 211.9027099609375 -1.5201855897903442
549.4812622070312 207.94647216796875 -1.5240925550460815
549.658447265625 203.98951721191406 -1.5279995203018188
549.8201904296875 200.03189086914062 -1.5319064855575562
549.9664306640625 196.07366943359375 -1.5358134508132935
550.0972290039062 192.11489868164062 -1.5397204160690308
550.2125854492188 188.15565490722656 -1.543627381324768
550.3124389648438 184.19598388671875 -1.5475343465805054
550.3968505859375 180.2359619140625 -1.5514413118362427
550.4657592773438 176.275634765625 -1.55534827709198
550.5192260742188 172.3150634765625 -1.5592552423477173
550.5571899414062 168.3543243408203 -1.5631622076034546
550.5797119140625 164.39346313476562 -1.567069172859192
550.5867309570312 160.4325408935547 -1.5709761381149292
550.5783081054688 156.47161865234375 -1.5748831033706665
550.5543823242188 152.51075744628906 -1.5787900686264038
550.5149536132812 148.55001831054688 -1.5826970338821411
550.4600830078125 144.5894775390625 -1.5866039991378784
550.3897094726562 140.62918090820312 -1.5905109643936157
550.3038940429688 136.669189453125 -1.594417929649353
550.2025756835938 132.70956420898438 -1.5983248949050903
550.0858154296875 128.75035095214844 -1.6022318601608276
549.95361328125 124.79163360595703 -1.606138825416565
549.805908203125 120.83345794677734 -1.6100457906723022
549.6427612304688 116.87589263916016 -1.6139527559280396
549.4641723632812 112.91899108886719 -1.6178597211837769
549.2700805664062 108.96282196044922 -1.6217666864395142
549.060546875 105.00743865966797 -1.6256736516952515
548.8355712890625 101.05290222167969 -1.6295806169509888
548.5951538085938 97.09928131103516 -1.633487582206726
548.3392944335938 93.1466293334961 -1.6373945474624634
548.0679931640625 89.19500732421875 -1.6413015127182007
547.78125 85.24447631835938 -1.645208477973938
547.4790649414062 81.29508972167969 -1.6491154432296753
547.47900390625 81.29497528076172 -2.049103260040283
545.6489868164062 77.7821273803711 -2.0530102252960205
543.8052978515625 74.27645874023438 -2.056917190551758
543.8052978515625 74.27645874023438 -2.4569172859191895
540.732177734375 71.77748107910156 -2.4608242511749268
537.6492919921875 69.29052734375 -2.464731216430664
534.5567626953125 66.81564331054688 -2.4686381816864014
531.45458984375 64.35285949707031 -2.4725451469421387
528.3427734375 61.90221405029297 -2.476452112197876
525.221435546875 59.463741302490234 -2.4803590774536133
522.090576171875 57.03748321533203 -2.4842660427093506
522.090576171875 57.03748321533203 -2.8842661380767822
518.2581176757812 56.03692626953125 -2.8881731033325195
514.4217529296875 55.051353454589844 -2.892080068588257
510.5815734863281 54.08077621459961 -2.895987033843994
506.7376403808594 53.12520980834961 -2.8998939990997314
502.8900146484375 52.18466567993164 -2.9038009643554688
499.0387268066406 51.25916290283203 -2.907707929611206
495.1838684082031 50.34871292114258 -2.9116148948669434
491.3254699707031 49.453330993652344 -2.9155218601226807
487.4635925292969 48.57303237915039 -2.919428825378418
483.59832763671875 47.707828521728516 -2.9233357906341553
479.7297058105469 46.857730865478516 -2.9272427558898926
475.8577880859375 46.02275466918945 -2.93114972114563
471.9826354980469 45.202911376953125 -2.935056686401367
468.10430908203125 44.398216247558594 -2.9389636516571045
464.222900390625 43.60869598388672 -2.942875385284424
460.3384094238281 42.8343505859375 -2.946782350540161
456.450927734375 42.0751838684082 -2.9506893157958984
452.56048583984375 41.331214904785156 -2.9545962810516357
448.66717529296875 40.602447509765625 -2.958503246307373
444.7340393066406 39.874176025390625 -2.958503246307373
440.8009033203125 39.145904541015625 -2.958503246307373
436.8677673339844 38.417633056640625 -2.958503246307373
432.93463134765625 37.689361572265625 -2.958503246307373
429.0014953613281 36.961090087890625 -2.958503246307373
425.1053771972656 36.24754333496094 -2.9624102115631104
421.20648193359375 35.54922103881836 -2.9663171768188477
417.3049011230469 34.86613845825195 -2.970224142074585
413.4006652832031 34.19830322265625 -2.9741311073303223
409.4938659667969 33.54572677612305 -2.9780380725860596
409.4938659667969 33.54572677612305 2.905147075653076
405.60516357421875 34.48271942138672 2.905147075653076
401.7164611816406 35.41971206665039 2.905147075653076
397.8277587890625 36.35670471191406 2.905147075653076
393.9390563964844 37.293697357177734 2.905147075653076
390.05035400390625 38.230690002441406 2.905147075653076
386.1616516113281 39.16768264770508 2.905147075653076
382.27294921875 40.10467529296875 2.905147075653076
378.3842468261719 41.04166793823242 2.905147075653076
374.49554443359375 41.978660583496094 2.905147075653076
370.6068420410156 42.915653228759766 2.905147075653076
366.7181396484375 43.85264587402344 2.905147075653076
362.8294372558594 44.78963851928711 2.905147075653076
358.94073486328125 45.72663116455078 2.905147075653076
355.0520324707031 46.66362380981445 2.905147075653076
351.163330078125 47.600616455078125 2.905147075653076
347.2746276855469 48.5376091003418 2.905147075653076
343.38592529296875 49.47460174560547 2.905147075653076
339.4972229003906 50.41159439086914 2.905147075653076
335.6085205078125 51.34858703613281 2.905147075653076
331.7198181152344 52.285579681396484 2.905147075653076
327.83111572265625 53.222572326660156 2.905147075653076
323.9424133300781 54.15956497192383 2.905147075653076
320.0537109375 55.0965576171875 2.905147075653076
316.1650085449219 56.03355026245117 2.905147075653076
312.27630615234375 56.970542907714844 2.905147075653076
308.3876037597656 57.907535552978516 2.905147075653076
304.4989013671875 58.84452819824219 2.905147075653076
300.6101989746094 59.78152084350586 2.905147075653076
296.72149658203125 60.71851348876953 2.905147075653076
292.8327941894531 61.6555061340332 2.905147075653076
288.944091796875 62.592498779296875 2.905147075653076
285.0553894042969 63.52949142456055 2.905147075653076
281.16668701171875 64.46648406982422 2.905147075653076
277.2779846191406 65.40348052978516 2.905147075653076
273.3892822265625 66.3404769897461 2.905147075653076
269.5005798339844 67.27747344970703 2.905147075653076
265.61187744140625 68.21446990966797 2.905147075653076
261.7231750488281 69.1514663696289 2.905147075653076
257.83447265625 70.08846282958984 2.905147075653076
253.94577026367188 71.02545928955078 2.905147075653076
250.05706787109375 71.96245574951172 2.905147075653076
246.16836547851562 72.89945220947266 2.905147075653076
242.2796630859375 73.8364486694336 2.905147075653076
238.39096069335938 74.77344512939453 2.905147075653076
234.50225830078125 75.71044158935547 2.905147075653076
230.61355590820312 76.6474380493164 2.905147075653076
226.724853515625 77.58443450927734 2.905147075653076
222.83615112304688 78.52143096923828 2.905147075653076
218.94744873046875 79.45842742919922 2.905147075653076
215.05874633789062 80.39542388916016 2.905147075653076
211.1700439453125 81.3324203491211 2.905147075653076
207.28134155273438 82.26941680908203 2.905147075653076
203.39263916015625 83.20641326904297 2.905147075653076
199.50393676757812 84.1434097290039 2.905147075653076
195.615234375 85.08040618896484 2.905147075653076
191.72653198242188 86.01740264892578 2.905147075653076
187.83782958984375 86.95439910888672 2.905147075653076
183.94912719726562 87.89139556884766 2.905147075653076
180.0604248046875 88.8283920288086 2.905147075653076
176.17172241210938 89.76538848876953 2.905147075653076
172.28302001953125 90.70238494873047 2.905147075653076
168.39431762695312 91.6393814086914 2.905147075653076
164.505615234375 92.57637786865234 2.905147075653076
160.61691284179688 93.51337432861328 2.905147075653076
156.72821044921875 94.45037078857422 2.905147075653076
152.83950805664062 95.38736724853516 2.905147075653076
148.9508056640625 96.3243637084961 2.905147075653076
145.06210327148438 97.26136016845703 2.905147075653076
141.17340087890625 98.19835662841797 2.905147075653076
137.28469848632812 99.1353530883789 2.905147075653076
133.39599609375 100.07234954833984 2.905147075653076
129.50729370117188 101.00934600830078 2.905147075653076
125.61858367919922 101.94634246826172 2.905147075653076
121.72987365722656 102.88333892822266 2.905147075653076
117.8411636352539 103.8203353881836 2.905147075653076
113.95245361328125 104.75733184814453 2.905147075653076
110.0637435913086 105.69432830810547 2.905147075653076
106.17503356933594 106.6313247680664 2.905147075653076
102.28632354736328 107.56832122802734 2.905147075653076
98.39761352539062 108.50531768798828 2.905147075653076
94.50890350341797 109.44231414794922 2.905147075653076
90.62019348144531 110.37931060791016 2.905147075653076
86.73148345947266 111.3163070678711 2.905147075653076
82.8427734375 112.25330352783203 2.905147075653076
78.95406341552734 113.19029998779297 2.905147075653076
75.06535339355469 114.1272964477539 2.905147075653076
71.17664337158203 115.06429290771484 2.905147075653076
67.28793334960938 116.00128936767578 2.905147075653076
63.399227142333984 116.93828582763672 2.905147075653076
59.510520935058594 117.87528228759766 2.905147075653076
59.510520935058594 117.87528228759766 2.905147075653076
59.510520935058594 117.87528228759766 2.905147075653076
59.510520935058594 117.87528228759766 2.905147075653076
59.510520935058594 117.87528228759766 2.905147075653076
59.510520935058594 117.87528228759766 2.905147075653076
59.510520935058594 117.87528228759766 2.905147075653076
59.510520935058594 117.87528228759766 2.905147075653076
59.510520935058594 117.87528228759766 2.905147075653076
59.510520935058594 117.87528228759766 2.905147075653076
59.510520935058594 117.87528228759766 2.905147075653076
