62.8062629699707 452.7953186035156 0.7814911603927612
65.62342834472656 455.57965087890625 0.7775841355323792
68.45144653320312 458.35296630859375 0.7736771106719971
71.290283203125 461.1152038574219 0.769770085811615
74.139892578125 463.8663330078125 0.7658630609512329
77.00022888183594 466.6062927246094 0.7619560360908508
79.87124633789062 469.3350830078125 0.7580490112304688
82.75289916992188 472.0526123046875 0.7541419863700867
85.64514923095703 474.7588806152344 0.7502349615097046
88.5479507446289 477.4538269042969 0.7463279366493225
91.46125793457031 480.13739013671875 0.7424209117889404
94.3850326538086 482.8095703125 0.7385138869285583
97.31922149658203 485.4703063964844 0.7346068620681763
100.26378631591797 488.1195373535156 0.7306998372077942
103.21867370605469 490.75726318359375 0.7267928123474121
106.18384552001953 493.3834228515625 0.72288578748703
109.15925598144531 495.99798583984375 0.718978762626648
112.14485931396484 498.60089111328125 0.7150717377662659
115.14060974121094 501.1921081542969 0.7111647129058838
118.1464614868164 503.7716064453125 0.7072576880455017
121.16236877441406 506.3393249511719 0.7033506631851196
124.18828582763672 508.895263671875 0.6994436383247375
127.22416687011719 511.4393615722656 0.6955366134643555
130.26995849609375 513.9715576171875 0.6916295886039734
133.32562255859375 516.4918212890625 0.6877225637435913
136.39111328125 519.0001220703125 0.6838155388832092
139.4663848876953 521.4964599609375 0.6799085140228271
142.55137634277344 523.9807739257812 0.6760014891624451
145.64605712890625 526.4530029296875 0.672094464302063
148.7503662109375 528.9131469726562 0.6681874394416809
151.86427307128906 531.3611450195312 0.6642804145812988
154.9877166748047 533.7969360351562 0.6603733897209167
158.1206512451172 536.2205200195312 0.6564663648605347
160.4502716064453 537.8055419921875 0.538399338722229
160.4502716064453 537.8055419921875 0.13839933276176453
164.3743896484375 538.3442993164062 0.13449232280254364
168.3005828857422 538.8677368164062 0.13058531284332275
172.22879028320312 539.3758544921875 0.12667830288410187
176.15895080566406 539.8685913085938 0.12277129292488098
176.15895080566406 539.8685913085938 -0.2772287130355835
179.96652221679688 538.777099609375 -0.2811357378959656
183.76979064941406 537.6707153320312 -0.28504276275634766
187.56871032714844 536.5494995117188 -0.28894978761672974
191.36322021484375 535.4134521484375 -0.2928568124771118
195.15325927734375 534.2625732421875 -0.2967638373374939
198.93878173828125 533.096923828125 -0.300670862197876
198.93878173828125 533.096923828125 -0.7006708383560181
201.96156311035156 530.5372924804688 -0.7045778632164001
204.9743194580078 527.9658813476562 -0.7084848880767822
207.9770050048828 525.3826904296875 -0.7123919129371643
210.96957397460938 522.7877807617188 -0.7162989377975464
213.9519805908203 520.1812133789062 -0.7202059626579285
216.92417907714844 517.56298828125 -0.7241129875183105
219.88612365722656 514.9331665039062 -0.7280200123786926
222.8377685546875 512.2918090820312 -0.7319270372390747
225.77908325195312 509.6389465332031 -0.7358340620994568
228.7100067138672 506.974609375 -0.7397410869598389
231.6304931640625 504.2988586425781 -0.743648111820221
234.54051208496094 501.6117248535156 -0.747555136680603
237.44000244140625 498.9132385253906 -0.7514621615409851
240.3289337158203 496.20343017578125 -0.7553691864013672
243.20724487304688 493.48236083984375 -0.7592762112617493
246.0749053955078 490.75006103515625 -0.7631832361221313
248.93186950683594 488.006591796875 -0.7670902609825134
251.77809143066406 485.2519836425781 -0.7709972858428955
254.61354064941406 482.48626708984375 -0.7749043107032776
257.43817138671875 479.7095031738281 -0.7788113355636597
260.2519226074219 476.9217224121094 -0.7827183604240417
263.05474853515625 474.1229553222656 -0.7866253852844238
265.84661865234375 471.3132629394531 -0.7905324101448059
268.62750244140625 468.49267578125 -0.794439435005188
271.3973388671875 465.6612548828125 -0.7983464598655701
271.3973388671875 465.6612548828125 -1.198346495628357
271.3973388671875 465.6612548828125 -1.598346471786499
271.2804870605469 461.7020568847656 -1.6022534370422363
271.1481628417969 457.74334716796875 -1.6061604022979736
271.0003967285156 453.7851867675781 -1.610067367553711
270.837158203125 449.82763671875 -1.6139743328094482
270.658447265625 445.8707275390625 -1.6178812980651855
270.46429443359375 441.91455078125 -1.6217882633209229
270.2546691894531 437.95916748046875 -1.6256952285766602
270.2546691894531 437.95916748046875 -2.025695323944092
268.5074157714844 434.4044494628906 -2.029602289199829
266.74627685546875 430.8565979003906 -2.0335092544555664
264.9712829589844 427.3156433105469 -2.0374162197113037
263.1824645996094 423.7816467285156 -2.041323184967041
261.3798522949219 420.2546691894531 -2.0452301502227783
259.5634765625 416.7347717285156 -2.0491371154785156
257.7333679199219 413.22198486328125 -2.053044080734253
255.88955688476562 409.71636962890625 -2.0569510459899902
254.0320587158203 406.2179870605469 -2.0608580112457275
252.16090393066406 402.7268981933594 -2.064764976501465
250.276123046875 399.2431335449219 -2.068671941757202
248.37774658203125 395.7667541503906 -2.0725789070129395
246.46580505371094 392.2978210449219 -2.0764858722686768
244.5403289794922 388.8363952636719 -2.080392837524414
242.60133361816406 385.38250732421875 -2.0842998027801514
240.64886474609375 381.93621826171875 -2.0882067680358887
240.64886474609375 381.93621826171875 -2.4882068634033203
237.4990692138672 379.53460693359375 -2.4921138286590576
234.3399200439453 377.14532470703125 -2.496020793914795
231.1714630126953 374.7684020996094 -2.4999277591705322
227.99374389648438 372.40386962890625 -2.5038347244262695
224.8068084716797 370.0517578125 -2.507741689682007
221.61070251464844 367.7121276855469 -2.511648654937744
218.40548706054688 365.385009765625 -2.5155556201934814
215.19119262695312 363.0704345703125 -2.5194625854492188
211.96788024902344 360.7684326171875 -2.523369550704956
208.73561096191406 358.4790344238281 -2.5272765159606934
205.49441528320312 356.2022705078125 -2.5311834812164307
202.24435424804688 353.9382019042969 -2.535090446472168
202.24435424804688 353.9382019042969 -2.9350905418395996
202.24435424804688 353.9382019042969 2.948094606399536
202.24435424804688 353.9382019042969 2.5480945110321045
202.24435424804688 353.9382019042969 2.148094415664673
202.24435424804688 353.9382019042969 1.7480944395065308
202.24435424804688 353.9382019042969 1.3480944633483887
202.24435424804688 353.9382019042969 0.9480944871902466
204.57728576660156 357.18743896484375 0.9480944871902466
206.91021728515625 360.4366760253906 0.9480944871902466
209.2266387939453 363.6496276855469 0.9441874623298645
211.5555877685547 366.853515625 0.9402804374694824
213.8970489501953 370.04827880859375 0.9363734126091003
216.2509765625 373.23388671875 0.9324663877487183
218.61732482910156 376.4102478027344 0.9285593628883362
220.99606323242188 379.5773620605469 0.9246523380279541
223.3871612548828 382.7351379394531 0.920745313167572
225.7905731201172 385.883544921875 0.9168382883071899
228.20626831054688 389.0225524902344 0.9129312634468079
230.63421630859375 392.152099609375 0.9090242385864258
233.07437133789062 395.2721252441406 0.9051172137260437
235.5266876220703 398.3825988769531 0.9012101888656616
237.99114990234375 401.48345947265625 0.8973031640052795
240.4676971435547 404.5746765136719 0.8933961391448975
242.95631408691406 407.65618896484375 0.8894891142845154
245.45693969726562 410.72796630859375 0.8855820894241333
247.9695587158203 413.7899475097656 0.8816750645637512
247.9695587158203 413.7899475097656 0.48167505860328674
251.48338317871094 415.6180419921875 0.47776803374290466
255.0354461669922 417.45721435546875 0.4777644872665405
258.5875549316406 419.29638671875 0.4777644872665405
262.1085205078125 421.1107177734375 0.47385746240615845
265.66778564453125 422.9360046386719 0.47385746240615845
269.19580078125 424.736572265625 0.46995043754577637
272.7621765136719 426.5479431152344 0.46995043754577637
276.2972106933594 428.334716796875 0.4660434126853943
279.8706359863281 430.13214111328125 0.4660434126853943
283.4126281738281 431.90509033203125 0.4621363878250122
286.9930419921875 433.68853759765625 0.4621363878250122
290.54193115234375 435.4476318359375 0.4582293629646301
294.09765625 437.1928405761719 0.45432233810424805
297.66015625 438.9241638183594 0.45041531324386597
301.2294006347656 440.64154052734375 0.4465082883834839
304.8053283691406 442.344970703125 0.4426012635231018
308.38787841796875 444.0343933105469 0.4386942386627197
311.9770202636719 445.7098083496094 0.43478721380233765
315.5726623535156 447.3711853027344 0.43088018894195557
319.2070617675781 449.0418701171875 0.43088018894195557
322.8414611816406 450.7125549316406 0.43088018894195557
326.4758605957031 452.38323974609375 0.43088018894195557
330.1102600097656 454.0539245605469 0.43088018894195557
333.7446594238281 455.724609375 0.43088018894195557
337.3790588378906 457.3952941894531 0.43088018894195557
341.0134582519531 459.06597900390625 0.43088018894195557
344.6478576660156 460.7366638183594 0.43088018894195557
348.2822570800781 462.4073486328125 0.43088018894195557
351.9166564941406 464.0780334472656 0.43088018894195557
355.5510559082031 465.74871826171875 0.43088018894195557
359.1854553222656 467.4194030761719 0.43088018894195557
362.8198547363281 469.090087890625 0.43088018894195557
366.4542541503906 470.7607727050781 0.43088018894195557
370.0886535644531 472.43145751953125 0.43088018894195557
373.7230529785156 474.1021423339844 0.43088018894195557
377.3574523925781 475.7728271484375 0.43088018894195557
380.9918518066406 477.4435119628906 0.43088018894195557
384.6262512207031 479.11419677734375 0.43088018894195557
388.2606506347656 480.7848815917969 0.43088018894195557
391.8950500488281 482.45556640625 0.43088018894195557
395.5294494628906 484.1262512207031 0.43088018894195557
399.1638488769531 485.79693603515625 0.43088018894195557
402.7982482910156 487.4676208496094 0.43088018894195557
406.4326477050781 489.1383056640625 0.43088018894195557
410.0670471191406 490.8089904785156 0.43088018894195557
413.6691589355469 492.4563293457031 0.4269731640815735
417.2776794433594 494.0895690917969 0.4230661392211914
420.8925476074219 495.7087097167969 0.4191591143608093
424.51373291015625 497.313720703125 0.41525208950042725
428.1411437988281 498.9045715332031 0.41134506464004517
431.7747497558594 500.4812316894531 0.4074380397796631
435.41448974609375 502.0436706542969 0.403531014919281
439.060302734375 503.5918884277344 0.3996239900588989
442.7121276855469 505.1258544921875 0.39571696519851685
446.36993408203125 506.6455383300781 0.39180994033813477
450.0336608886719 508.1509094238281 0.3879029154777527
453.7032165527344 509.6419677734375 0.3839958906173706
457.3785705566406 511.11865234375 0.3800888657569885
461.0596618652344 512.5809936523438 0.37618184089660645
464.7464599609375 514.0289306640625 0.37227481603622437
468.4388732910156 515.4624633789062 0.3683677911758423
472.1368713378906 516.8815307617188 0.3644607663154602
475.84039306640625 518.2861328125 0.3605537414550781
479.5493469238281 519.67626953125 0.35664671659469604
483.26373291015625 521.0518798828125 0.35273969173431396
486.98345947265625 522.4130249023438 0.3488326668739319
490.7084655761719 523.7595825195312 0.3449256420135498
494.438720703125 525.0916137695312 0.3410186171531677
498.17413330078125 526.4090576171875 0.33711159229278564
501.9146728515625 527.7118530273438 0.33320456743240356
505.6602783203125 529.0000610351562 0.3292975425720215
509.410888671875 530.2736206054688 0.3253905177116394
513.1664428710938 531.5325317382812 0.3214834928512573
516.9268798828125 532.7767333984375 0.31757646799087524
520.692138671875 534.0062255859375 0.31366944313049316
524.462158203125 535.2210083007812 0.3097624182701111
528.2369384765625 536.4210815429688 0.305855393409729
532.016357421875 537.6063842773438 0.3019483685493469
535.8003540039062 538.7769165039062 0.29804134368896484
539.5886840820312 539.9324951171875 0.2941080629825592
539.5886840820312 539.9324951171875 -0.10589194297790527
539.5886840820312 539.9324951171875 -0.5058919191360474
539.5886840820312 539.9324951171875 -0.9058918952941895
539.5886840820312 539.9324951171875 -1.3058918714523315
540.6182250976562 536.1077270507812 -1.3097988367080688
541.6328125 532.2789306640625 -1.3137058019638062
542.6324462890625 528.4462280273438 -1.3176127672195435
543.6171264648438 524.609619140625 -1.3215197324752808
544.5867919921875 520.7692260742188 -1.325426697731018
545.5414428710938 516.925048828125 -1.3293336629867554
546.4810791015625 513.0772094726562 -1.3332406282424927
547.4057006835938 509.2257080078125 -1.33714759349823
548.3152465820312 505.3706359863281 -1.3410545587539673
548.3152465820312 505.3706359863281 -1.7410545349121094
547.636474609375 501.4682922363281 -1.7449615001678467
546.9425048828125 497.5686340332031 -1.748868465423584
546.2332763671875 493.6717224121094 -1.7527754306793213
545.5088500976562 489.7776184082031 -1.7566823959350586
544.7692260742188 485.8863525390625 -1.760589361190796
544.014404296875 481.9980163574219 -1.7644963264465332
543.244384765625 478.1126708984375 -1.7684032917022705
542.4591674804688 474.2303466796875 -1.7723102569580078
542.4591674804688 474.2303466796875 -2.1723103523254395
540.2113647460938 470.9690246582031 -2.1762173175811768
537.9508056640625 467.7165222167969 -2.180124282836914
535.6775512695312 464.4728698730469 -2.1840312480926514
533.3916625976562 461.2381286621094 -2.1879382133483887
531.0931396484375 458.0123291015625 -2.191845178604126
528.7820434570312 454.7955322265625 -2.1957521438598633
526.4583740234375 451.5877990722656 -2.1996591091156006
526.4583740234375 451.5877990722656 -2.5996592044830322
523.0585327148438 449.5491943359375 -2.603240489959717
519.6243286132812 447.4983215332031 -2.603240489959717
516.1901245117188 445.44744873046875 -2.603240489959717
512.7559204101562 443.3965759277344 -2.603240489959717
509.32171630859375 441.345703125 -2.603240489959717
505.88751220703125 439.2948303222656 -2.603240489959717
502.45330810546875 437.24395751953125 -2.603240489959717
499.01910400390625 435.1930847167969 -2.603240489959717
495.58489990234375 433.1422119140625 -2.603240489959717
492.15069580078125 431.0913391113281 -2.603240489959717
488.71649169921875 429.04046630859375 -2.603240489959717
485.28228759765625 426.9895935058594 -2.603240489959717
481.84808349609375 424.938720703125 -2.603240489959717
478.41387939453125 422.8878479003906 -2.603240489959717
474.97967529296875 420.83697509765625 -2.603240489959717
471.54547119140625 418.7861022949219 -2.603240489959717
468.11126708984375 416.7352294921875 -2.603240489959717
464.67706298828125 414.6843566894531 -2.603240489959717
461.24285888671875 412.63348388671875 -2.603240489959717
457.80865478515625 410.5826110839844 -2.603240489959717
454.37445068359375 408.53173828125 -2.603240489959717
450.94024658203125 406.4808654785156 -2.603240489959717
447.50604248046875 404.42999267578125 -2.603240489959717
444.07183837890625 402.3791198730469 -2.603240489959717
440.63763427734375 400.3282470703125 -2.603240489959717
437.20343017578125 398.2773742675781 -2.603240489959717
433.76922607421875 396.22650146484375 -2.603240489959717
430.33502197265625 394.1756286621094 -2.603240489959717
426.90081787109375 392.124755859375 -2.603240489959717
423.46661376953125 390.0738830566406 -2.603240489959717
420.03240966796875 388.02301025390625 -2.603240489959717
416.59820556640625 385.9721374511719 -2.603240489959717
413.16400146484375 383.9212646484375 -2.603240489959717
409.72979736328125 381.8703918457031 -2.603240489959717
406.29559326171875 379.81951904296875 -2.603240489959717
402.86138916015625 377.7686462402344 -2.603240489959717
399.42718505859375 375.7177734375 -2.603240489959717
395.99298095703125 373.6669006347656 -2.603240489959717
392.55877685546875 371.61602783203125 -2.603240489959717
389.12457275390625 369.5651550292969 -2.603240489959717
385.69036865234375 367.5142822265625 -2.603240489959717
382.25616455078125 365.4634094238281 -2.603240489959717
378.82196044921875 363.41253662109375 -2.603240489959717
375.38775634765625 361.3616638183594 -2.603240489959717
371.95355224609375 359.310791015625 -2.603240489959717
368.51934814453125 357.2599182128906 -2.603240489959717
365.08514404296875 355.20904541015625 -2.603240489959717
361.65093994140625 353.1581726074219 -2.603240489959717
358.21673583984375 351.1072998046875 -2.603240489959717
354.78253173828125 349.0564270019531 -2.603240489959717
351.34832763671875 347.00555419921875 -2.603240489959717
347.91412353515625 344.9546813964844 -2.603240489959717
344.47991943359375 342.90380859375 -2.603240489959717
341.04571533203125 340.8529357910156 -2.603240489959717
337.61151123046875 338.80206298828125 -2.603240489959717
334.17730712890625 336.7511901855469 -2.603240489959717
330.74310302734375 334.7003173828125 -2.603240489959717
327.30889892578125 332.6494445800781 -2.603240489959717
323.87469482421875 330.59857177734375 -2.603240489959717
320.44049072265625 328.5476989746094 -2.603240489959717
317.00628662109375 326.496826171875 -2.603240489959717
313.57208251953125 324.4459533691406 -2.603240489959717
310.13787841796875 322.39508056640625 -2.603240489959717
306.70367431640625 320.3442077636719 -2.603240489959717
303.26947021484375 318.2933349609375 -2.603240489959717
299.8648376464844 316.2691345214844 -2.607147455215454
296.4226379394531 314.231689453125 -2.607147455215454
292.9996032714844 312.21142578125 -2.6096737384796143
289.5522766113281 310.18267822265625 -2.6096737384796143
286.1049499511719 308.1539306640625 -2.6096737384796143
282.6576232910156 306.12518310546875 -2.6096737384796143
279.24005126953125 304.1229248046875 -2.6135807037353516
275.7848205566406 302.107666015625 -2.6135807037353516
272.35943603515625 300.1187744140625 -2.6174871921539307
268.8963623046875 298.11700439453125 -2.6174871921539307
265.43328857421875 296.115234375 -2.6174871921539307
261.97021484375 294.11346435546875 -2.6174871921539307
258.50714111328125 292.1116943359375 -2.6174871921539307
255.04405212402344 290.10992431640625 -2.6174871921539307
251.61093139648438 288.1344299316406 -2.621394157409668
248.1701202392578 286.17236328125 -2.6253011226654053
248.1701202392578 286.17236328125 -3.025301218032837
244.69650268554688 285.8564147949219 -3.0764667987823486
240.70498657226562 285.5960998535156 -3.0764667987823486
236.71347045898438 285.3357849121094 -3.0764667987823486
232.72195434570312 285.0754699707031 -3.0764667987823486
232.72195434570312 285.0754699707031 2.806718349456787
228.98291015625 286.3846435546875 2.802879571914673
225.24960327148438 287.7080383300781 2.7989726066589355
221.52137756347656 289.0460510253906 2.795077323913574
217.79852294921875 290.3985595703125 2.791170358657837
214.04161071777344 291.771728515625 2.791170358657837
210.32406616210938 293.1387634277344 2.7872633934020996
206.5725555419922 294.526611328125 2.7872633934020996
202.8603515625 295.9081726074219 2.7833588123321533
199.15521240234375 297.3039245605469 2.7792913913726807
199.15521240234375 297.3039245605469 2.379291296005249
199.15521240234375 297.3039245605469 1.979291319847107
199.15521240234375 297.3039245605469 1.5792913436889648
199.15521240234375 297.3039245605469 1.1792913675308228
199.15521240234375 297.3039245605469 0.7792913913726807
199.15521240234375 297.3039245605469 0.3792913854122162
199.15521240234375 297.3039245605469 -0.02070862054824829
199.15521240234375 297.3039245605469 -0.42070862650871277
199.15521240234375 297.3039245605469 -0.8207086324691772
201.84971618652344 294.4007263183594 -0.8246156573295593
204.53286743164062 291.4870300292969 -0.8285226821899414
207.20460510253906 288.5628662109375 -0.8324297070503235
209.86489868164062 285.6282958984375 -0.8363367319107056
212.51370239257812 282.683349609375 -0.8402437567710876
215.15098571777344 279.7280578613281 -0.8441507816314697
217.77670288085938 276.76251220703125 -0.8480578064918518
220.39080810546875 273.7867126464844 -0.8519648313522339
222.99327087402344 270.80072021484375 -0.855871856212616
222.99327087402344 270.80072021484375 -1.2558718919754028
224.21278381347656 267.0321960449219 -1.2597788572311401
225.41757202148438 263.2589416503906 -1.2636858224868774
226.60760498046875 259.48101806640625 -1.2675927877426147
227.78286743164062 255.69847106933594 -1.271499752998352
228.94334411621094 251.91136169433594 -1.2754067182540894
230.08901977539062 248.11973571777344 -1.2793136835098267
231.21986389160156 244.32366943359375 -1.283220648765564
232.33587646484375 240.52320861816406 -1.2871276140213013
233.43702697753906 236.71841430664062 -1.2910345792770386
234.52330017089844 232.9093475341797 -1.2949415445327759
235.59469604492188 229.0960693359375 -1.2988485097885132
236.65118408203125 225.2786407470703 -1.3027554750442505
237.6927490234375 221.4571075439453 -1.3066624402999878
238.71937561035156 217.63153076171875 -1.310569405555725
239.73104858398438 213.80197143554688 -1.3144763708114624
240.72775268554688 209.96849060058594 -1.3183833360671997
241.70945739746094 206.1311492919922 -1.322290301322937
241.70945739746094 206.1311492919922 -1.722290277481079
241.70945739746094 206.1311492919922 -2.1222903728485107
239.62750244140625 202.7615203857422 -2.126197338104248
237.5323944091797 199.40005493164062 -2.1301043033599854
235.42417907714844 196.0467987060547 -2.1340112686157227
233.3029022216797 192.70188903808594 -2.1379270553588867
233.3029022216797 192.70188903808594 -2.5379271507263184
230.0376434326172 190.4597930908203 -2.5418341159820557
226.76364135742188 188.23046875 -2.545741081237793
223.48095703125 186.01394653320312 -2.5496480464935303
220.18963623046875 183.81027221679688 -2.5535550117492676
216.88973999023438 181.61947631835938 -2.557461977005005
213.581298828125 179.44158935546875 -2.561368942260742
210.26437377929688 177.27664184570312 -2.5652759075164795
206.93902587890625 175.12466430664062 -2.569182872772217
203.60528564453125 172.98570251464844 -2.573089838027954
200.26321411132812 170.85977172851562 -2.5769968032836914
196.91287231445312 168.74691772460938 -2.5809037685394287
193.55429077148438 166.6471710205078 -2.584810733795166
193.55429077148438 166.6471710205078 -2.9848108291625977
193.55429077148438 166.6471710205078 2.898374319076538
193.55429077148438 166.6471710205078 2.4983742237091064
193.55429077148438 166.6471710205078 2.098374128341675
193.55429077148438 166.6471710205078 1.6983741521835327
193.55429077148438 166.6471710205078 1.2983741760253906
193.55429077148438 166.6471710205078 0.8983741998672485
196.02752685546875 169.7410430908203 0.8944671750068665
198.51283264160156 172.82522583007812 0.8905601501464844
201.0101776123047 175.89967346191406 0.8866531252861023
203.51951599121094 178.96434020996094 0.8827461004257202
206.04080200195312 182.01918029785156 0.8788390755653381
208.57400512695312 185.06414794921875 0.8749319314956665
208.57400512695312 185.06414794921875 0.474931925535202
212.10008239746094 186.86851501464844 0.47102490067481995
215.6331787109375 188.65908813476562 0.46711787581443787
219.17324829101562 190.4358367919922 0.4632108509540558
222.72023010253906 192.19874572753906 0.4593038260936737
226.27407836914062 193.94778442382812 0.4553968012332916
229.83473205566406 195.68292236328125 0.45148977637290955
233.40213012695312 197.4041290283203 0.44758275151252747
236.97622680664062 199.11138916015625 0.4436757266521454
240.55697631835938 200.80467224121094 0.4397687017917633
244.14430236816406 202.48394775390625 0.4358616769313812
247.73817443847656 204.14920043945312 0.43195465207099915
251.33851623535156 205.80039978027344 0.42804762721061707
254.94528198242188 207.43751525878906 0.424140602350235
258.55841064453125 209.06053161621094 0.4202335774898529
262.1778564453125 210.66941833496094 0.4163265526294708
265.8035583496094 212.26414489746094 0.41241952776908875
269.43548583984375 213.84469604492188 0.40851250290870667
273.07354736328125 215.4110565185547 0.4046054780483246
276.71771240234375 216.9631805419922 0.4006984531879425
280.3678894042969 218.5010528564453 0.3967914283275604
284.0240478515625 220.024658203125 0.39288440346717834
287.6861572265625 221.53396606445312 0.38897737860679626
291.3541259765625 223.02896118164062 0.3850703537464142
295.02789306640625 224.50961303710938 0.3811633288860321
298.7074279785156 225.97589111328125 0.37725630402565
302.3926696777344 227.4277801513672 0.37334927916526794
306.08355712890625 228.86526489257812 0.36944225430488586
309.780029296875 230.28831481933594 0.3655352294445038
313.4820251464844 231.69691467285156 0.3616282045841217
317.1894836425781 233.09103393554688 0.3577211797237396
320.9023742675781 234.4706573486328 0.35381415486335754
324.6206359863281 235.8357696533203 0.34990713000297546
328.3442077636719 237.18634033203125 0.3460001051425934
332.0730285644531 238.52235412597656 0.3420930802822113
335.8070373535156 239.8437957763672 0.3381860554218292
339.5461730957031 241.150634765625 0.33427903056144714
343.2903747558594 242.44285583496094 0.33037200570106506
347.03961181640625 243.72044372558594 0.326464980840683
350.7937927246094 244.98336791992188 0.3225579559803009
354.5528869628906 246.2316131591797 0.3186509311199188
358.31683349609375 247.4651641845703 0.31474390625953674
362.0855712890625 248.6840057373047 0.31083688139915466
365.8590393066406 249.8881072998047 0.3069298565387726
369.6371765136719 251.07745361328125 0.3030228316783905
373.4199523925781 252.2520294189453 0.2991158068180084
377.207275390625 253.4118194580078 0.29520878195762634
380.9991149902344 254.5568084716797 0.29130175709724426
384.7953796386719 255.6869659423828 0.2873947322368622
388.5960388183594 256.8022766113281 0.2834877073764801
392.4010314941406 257.9027404785156 0.279580682516098
396.2102966308594 258.98834228515625 0.27567365765571594
400.0237731933594 260.0590515136719 0.27176663279533386
403.8414001464844 261.1148376464844 0.2678596079349518
407.6631164550781 262.15570068359375 0.2639525830745697
411.4888610839844 263.181640625 0.2600455582141876
415.318603515625 264.192626953125 0.25613853335380554
419.1522521972656 265.1886291503906 0.25223150849342346
422.9897766113281 266.1696472167969 0.24832449853420258
426.8310852050781 267.1356506347656 0.2444174885749817
430.6761474609375 268.0866394042969 0.2405104786157608
434.52490234375 269.0226135253906 0.23660346865653992
438.3772888183594 269.94354248046875 0.23269645869731903
442.2332458496094 270.8493957519531 0.22878944873809814
446.09271240234375 271.7402038574219 0.22488243877887726
449.95562744140625 272.61590576171875 0.22097542881965637
453.8219299316406 273.47650146484375 0.21706841886043549
457.6915588378906 274.3219909667969 0.2131614089012146
461.564453125 275.1523742675781 0.2092543989419937
465.4405822753906 275.9676208496094 0.20534738898277283
469.3198547363281 276.7677001953125 0.20144037902355194
473.2022399902344 277.5526123046875 0.19753336906433105
477.087646484375 278.3223571777344 0.19362635910511017
480.9760437011719 279.076904296875 0.18971934914588928
484.8673400878906 279.8162841796875 0.1858123391866684
488.7615051269531 280.5404357910156 0.1819053292274475
492.6584777832031 281.2493591308594 0.17799831926822662
496.5581970214844 281.94305419921875 0.17409130930900574
500.4605712890625 282.62152099609375 0.17018429934978485
500.4605712890625 282.62152099609375 -0.22981570661067963
500.4605712890625 282.62152099609375 -0.6298156976699829
503.656982421875 280.28228759765625 -0.633722722530365
506.84423828125 277.93060302734375 -0.6376297473907471
510.02227783203125 275.56646728515625 -0.6415367722511292
513.1910400390625 273.18994140625 -0.6454437971115112
516.3505249023438 270.8010559082031 -0.6493508219718933
519.5006103515625 268.39984130859375 -0.6532578468322754
522.6412963867188 265.986328125 -0.6571648716926575
525.7725219726562 263.5605773925781 -0.6610718965530396
528.894287109375 261.12261962890625 -0.6649789214134216
532.0064697265625 258.6724853515625 -0.6688859462738037
535.1090698242188 256.210205078125 -0.6727929711341858
535.1090698242188 256.210205078125 -1.0727930068969727
536.9943237304688 252.7266845703125 -1.07669997215271
538.8659057617188 249.23582458496094 -1.0806069374084473
540.723876953125 245.73768615722656 -1.0845139026641846
542.568115234375 242.23231506347656 -1.0884208679199219
544.398681640625 238.71975708007812 -1.0923278331756592
546.2155151367188 235.20008850097656 -1.0962347984313965
548.0185546875 231.67333984375 -1.1001417636871338
548.0185546875 231.67333984375 -1.5001417398452759
548.2904663085938 227.7217559814453 -1.5040487051010132
548.5469360351562 223.76913452148438 -1.5079556703567505
548.7879638671875 219.8155517578125 -1.5118626356124878
549.0135498046875 215.86105346679688 -1.515769600868225
549.2236938476562 211.90570068359375 -1.5196765661239624
549.4183349609375 207.94955444335938 -1.5235835313796997
549.5975341796875 203.99267578125 -1.527490496635437
549.7612915039062 200.03514099121094 -1.5313974618911743
549.9095458984375 196.07699584960938 -1.5353044271469116
550.0423583984375 192.11830139160156 -1.539211392402649
550.1597290039062 188.15911865234375 -1.5431183576583862
550.2615966796875 184.1995086669922 -1.5470253229141235
550.3480224609375 180.23951721191406 -1.5509322881698608
550.4189453125 176.2792205810547 -1.5548392534255981
550.4744262695312 172.3186798095703 -1.5587462186813354
550.514404296875 168.3579559326172 -1.5626531839370728
550.5389404296875 164.39710998535156 -1.56656014919281
550.5479736328125 160.43618774414062 -1.5704671144485474
550.5415649414062 156.4752655029297 -1.5743740797042847
550.5196533203125 152.514404296875 -1.578281044960022
550.4822998046875 148.55364990234375 -1.5821880102157593
550.429443359375 144.59307861328125 -1.5860949754714966
550.361083984375 140.6327362060547 -1.5900019407272339
550.2772827148438 136.67269897460938 -1.5939089059829712
550.177978515625 132.7130126953125 -1.5978158712387085
550.063232421875 128.75375366210938 -1.6017228364944458
549.9330444335938 124.79496765136719 -1.605629801750183
549.787353515625 120.83672332763672 -1.6095367670059204
549.626220703125 116.87907409667969 -1.6134437322616577
549.4496459960938 112.92208862304688 -1.617350697517395
549.257568359375 108.9658203125 -1.6212576627731323
549.050048828125 105.01033020019531 -1.6251646280288696
548.8270874023438 101.0556869506836 -1.629071593284607
548.5886840820312 97.10194396972656 -1.6329785585403442
548.3348388671875 93.14916229248047 -1.6368855237960815
548.0655517578125 89.19740295410156 -1.6407924890518188
547.7808227539062 85.2467269897461 -1.6446994543075562
547.4806518554688 81.29718780517578 -1.6486064195632935
547.4802856445312 81.29589080810547 -2.048470973968506
545.6525268554688 77.78189086914062 -2.052377939224243
543.81103515625 74.27505493164062 -2.0562849044799805
543.81103515625 74.27505493164062 -2.456284999847412
540.739501953125 71.77413177490234 -2.4601919651031494
537.658203125 69.28523254394531 -2.4640989303588867
534.5671997070312 66.80838775634766 -2.468005895614624
531.466552734375 64.34364318847656 -2.4719128608703613
528.3563232421875 61.891029357910156 -2.4758198261260986
525.2365112304688 59.450584411621094 -2.479726791381836
522.107177734375 57.02234649658203 -2.4836337566375732
522.107177734375 57.02234649658203 -2.883633852005005
518.2753295898438 56.01936721801758 -2.887540817260742
514.4395751953125 55.031368255615234 -2.8914477825164795
510.6000061035156 54.0583610534668 -2.895354747772217
506.7566833496094 53.100364685058594 -2.899261713027954
502.9096374511719 52.15739059448242 -2.9031686782836914
499.0589294433594 51.229454040527344 -2.9070756435394287
495.2046203613281 50.316566467285156 -2.910982608795166
491.3468017578125 49.41874694824219 -2.9148895740509033
487.4855041503906 48.536006927490234 -2.9187965393066406
483.62078857421875 47.668357849121094 -2.922703504562378
479.752685546875 46.81581497192383 -2.9266104698181152
475.88128662109375 45.9783935546875 -2.9305174350738525
472.00665283203125 45.15610122680664 -2.93442440032959
468.12884521484375 44.34895324707031 -2.938331365585327
464.2480163574219 43.557003021240234 -2.942248821258545
460.364013671875 42.78022384643555 -2.9461557865142822
456.47698974609375 42.01862335205078 -2.9500627517700195
452.5870361328125 41.272216796875 -2.953969717025757
448.6941833496094 40.541011810302734 -2.957876682281494
444.7615051269531 39.81027603149414 -2.957876682281494
440.8288269042969 39.07954025268555 -2.957876682281494
436.8961486816406 38.34880447387695 -2.957876682281494
432.9634704589844 37.61806869506836 -2.957876682281494
429.0307922363281 36.887332916259766 -2.957876682281494
425.1351013183594 36.17134475708008 -2.9617836475372314
421.2366638183594 35.4705810546875 -2.9656906127929688
417.33551025390625 34.78505325317383 -2.969597578048706
413.43170166015625 34.11477279663086 -2.9735045433044434
409.5252990722656 33.459747314453125 -2.9774115085601807
409.5252990722656 33.459747314453125 2.905773639678955
405.6360168457031 34.39430618286133 2.905773639678955
401.7467346191406 35.32886505126953 2.905773639678955
397.8574523925781 36.263423919677734 2.905773639678955
393.9681701660156 37.19798278808594 2.905773639678955
390.0788879394531 38.13254165649414 2.905773639678955
386.1896057128906 39.067100524902344 2.905773639678955
382.3003234863281 40.00165939331055 2.905773639678955
378.4110412597656 40.93621826171875 2.905773639678955
374.5217590332031 41.87077713012695 2.905773639678955
370.6324768066406 42.805335998535156 2.905773639678955
366.7431945800781 43.73989486694336 2.905773639678955
362.8539123535156 44.67445373535156 2.905773639678955
358.9646301269531 45.609012603759766 2.905773639678955
355.0753479003906 46.54357147216797 2.905773639678955
351.1860656738281 47.47813034057617 2.905773639678955
347.2967834472656 48.412689208984375 2.905773639678955
343.4075012207031 49.34724807739258 2.905773639678955
339.5182189941406 50.28180694580078 2.905773639678955
335.6289367675781 51.216365814208984 2.905773639678955
331.7396545410156 52.15092468261719 2.905773639678955
327.8503723144531 53.08548355102539 2.905773639678955
323.9610900878906 54.020042419433594 2.905773639678955
320.0718078613281 54.9546012878418 2.905773639678955
316.1825256347656 55.88916015625 2.905773639678955
312.2932434082031 56.8237190246582 2.905773639678955
308.4039611816406 57.758277893066406 2.905773639678955
304.5146789550781 58.69283676147461 2.905773639678955
300.6253967285156 59.62739562988281 2.905773639678955
296.7361145019531 60.561954498291016 2.905773639678955
292.8468322753906 61.49651336669922 2.905773639678955
288.9575500488281 62.43107223510742 2.905773639678955
285.0682678222656 63.365631103515625 2.905773639678955
281.1789855957031 64.30018615722656 2.905773639678955
277.2897033691406 65.2347412109375 2.905773639678955
273.4004211425781 66.16929626464844 2.905773639678955
269.5111389160156 67.10385131835938 2.905773639678955
265.6218566894531 68.03840637207031 2.905773639678955
261.7325744628906 68.97296142578125 2.905773639678955
257.8432922363281 69.90751647949219 2.905773639678955
253.95399475097656 70.84207153320312 2.905773639678955
250.064697265625 71.77662658691406 2.905773639678955
246.17539978027344 72.711181640625 2.905773639678955
242.28610229492188 73.64573669433594 2.905773639678955
238.3968048095703 74.58029174804688 2.905773639678955
234.50750732421875 75.51484680175781 2.905773639678955
230.6182098388672 76.44940185546875 2.905773639678955
226.72891235351562 77.38395690917969 2.905773639678955
222.83961486816406 78.31851196289062 2.905773639678955
218.9503173828125 79.25306701660156 2.905773639678955
215.06101989746094 80.1876220703125 2.905773639678955
211.17172241210938 81.12217712402344 2.905773639678955
207.2824249267578 82.05673217773438 2.905773639678955
203.39312744140625 82.99128723144531 2.905773639678955
199.5038299560547 83.92584228515625 2.905773639678955
195.61453247070312 84.86039733886719 2.905773639678955
191.72523498535156 85.79495239257812 2.905773639678955
187.8359375 86.72950744628906 2.905773639678955
183.94664001464844 87.6640625 2.905773639678955
180.05734252929688 88.59861755371094 2.905773639678955
176.1680450439453 89.53317260742188 2.905773639678955
172.27874755859375 90.46772766113281 2.905773639678955
168.3894500732422 91.40228271484375 2.905773639678955
164.50015258789062 92.33683776855469 2.905773639678955
160.61085510253906 93.27139282226562 2.905773639678955
156.7215576171875 94.20594787597656 2.905773639678955
152.83226013183594 95.1405029296875 2.905773639678955
148.94296264648438 96.07505798339844 2.905773639678955
145.0536651611328 97.00961303710938 2.905773639678955
141.16436767578125 97.94416809082031 2.905773639678955
137.2750701904297 98.87872314453125 2.905773639678955
133.38577270507812 99.81327819824219 2.905773639678955
129.49647521972656 100.74783325195312 2.905773639678955
125.60718536376953 101.68238830566406 2.905773639678955
121.7178955078125 102.616943359375 2.905773639678955
117.82860565185547 103.55149841308594 2.905773639678955
113.93931579589844 104.48605346679688 2.905773639678955
110.0500259399414 105.42060852050781 2.905773639678955
106.16073608398438 106.35516357421875 2.905773639678955
102.27144622802734 107.28971862792969 2.905773639678955
98.38215637207031 108.22427368164062 2.905773639678955
94.49286651611328 109.15882873535156 2.905773639678955
90.60357666015625 110.0933837890625 2.905773639678955
86.71428680419922 111.02793884277344 2.905773639678955
82.82499694824219 111.96249389648438 2.905773639678955
78.93570709228516 112.89704895019531 2.905773639678955
75.04641723632812 113.83160400390625 2.905773639678955
71.1571273803711 114.76615905761719 2.905773639678955
67.26783752441406 115.70071411132812 2.905773639678955
63.378543853759766 116.63526916503906 2.905773639678955
59.48925018310547 117.56982421875 2.905773639678955
59.48925018310547 117.56982421875 2.905773639678955
59.48925018310547 117.56982421875 2.905773639678955
59.48925018310547 117.56982421875 2.905773639678955
59.48925018310547 117.56982421875 2.905773639678955
59.48925018310547 117.56982421875 2.905773639678955
59.48925018310547 117.56982421875 2.905773639678955
59.48925018310547 117.56982421875 2.905773639678955
59.48925018310547 117.56982421875 2.905773639678955
59.48925018310547 117.56982421875 2.905773639678955
59.48925018310547 117.56982421875 2.905773639678955
