62.8062629699707 452.7953186035156 0.7814911603927612
65.62342834472656 455.57965087890625 0.7775841355323792
68.45144653320312 458.35296630859375 0.7736771106719971
71.290283203125 461.1152038574219 0.769770085811615
74.139892578125 463.8663330078125 0.7658630609512329
77.00022888183594 466.6062927246094 0.7619560360908508
79.87124633789062 469.3350830078125 0.7580490112304688
82.75289916992188 472.0526123046875 0.7541419863700867
85.64514923095703 474.7588806152344 0.7502349615097046
88.5479507446289 477.4538269042969 0.7463279366493225
91.46125793457031 480.13739013671875 0.7424209117889404
94.3850326538086 482.8095703125 0.7385138869285583
97.31922149658203 485.4703063964844 0.7346068620681763
100.26378631591797 488.1195373535156 0.7306998372077942
103.21867370605469 490.75726318359375 0.7267928123474121
106.18384552001953 493.3834228515625 0.72288578748703
109.15925598144531 495.99798583984375 0.718978762626648
112.14485931396484 498.60089111328125 0.7150717377662659
115.14060974121094 501.1921081542969 0.7111647129058838
118.1464614868164 503.7716064453125 0.7072576880455017
121.16236877441406 506.3393249511719 0.7033506631851196
124.18828582763672 508.895263671875 0.6994436383247375
127.22416687011719 511.4393615722656 0.6955366134643555
130.26995849609375 513.9715576171875 0.6916295886039734
133.32562255859375 516.4918212890625 0.6877225637435913
136.39111328125 519.0001220703125 0.6838155388832092
139.4663848876953 521.4964599609375 0.6799085140228271
142.55137634277344 523.9807739257812 0.6760014891624451
145.64605712890625 526.4530029296875 0.672094464302063
148.7503662109375 528.9131469726562 0.6681874394416809
151.86427307128906 531.3611450195312 0.6642804145812988
154.9877166748047 533.7969360351562 0.6603733897209167
158.1206512451172 536.2205200195312 0.6564663648605347
160.4502716064453 537.8055419921875 0.538399338722229
160.4502716064453 537.8055419921875 0.13839933276176453
164.3743896484375 538.3442993164062 0.13449232280254364
168.3005828857422 538.8677368164062 0.13058531284332275
172.22879028320312 539.3758544921875 0.12667830288410187
176.15895080566406 539.8685913085938 0.12277129292488098
176.15895080566406 539.8685913085938 -0.2772287130355835
179.96652221679688 538.777099609375 -0.2811357378959656
183.76979064941406 537.6707153320312 -0.28504276275634766
187.56871032714844 536.5494995117188 -0.28894978761672974
191.36322021484375 535.4134521484375 -0.2928568124771118
195.15325927734375 534.2625732421875 -0.2967638373374939
198.93878173828125 533.096923828125 -0.300670862197876
198.93878173828125 533.096923828125 -0.7006708383560181
201.96156311035156 530.5372924804688 -0.7045778632164001
204.9743194580078 527.9658813476562 -0.7084848880767822
207.9770050048828 525.3826904296875 -0.7123919129371643
210.96957397460938 522.7877807617188 -0.7162989377975464
213.9519805908203 520.1812133789062 -0.7202059626579285
216.92417907714844 517.56298828125 -0.7241129875183105
219.88612365722656 514.9331665039062 -0.7280200123786926
222.8377685546875 512.2918090820312 -0.7319270372390747
225.77908325195312 509.6389465332031 -0.7358340620994568
228.7100067138672 506.974609375 -0.7397410869598389
231.6304931640625 504.2988586425781 -0.743648111820221
234.54051208496094 501.6117248535156 -0.747555136680603
237.44000244140625 498.9132385253906 -0.7514621615409851
240.3289337158203 496.20343017578125 -0.7553691864013672
243.20724487304688 493.48236083984375 -0.7592762112617493
246.0749053955078 490.75006103515625 -0.7631832361221313
248.93186950683594 488.006591796875 -0.7670902609825134
251.77809143066406 485.2519836425781 -0.7709972858428955
254.61354064941406 482.48626708984375 -0.7749043107032776
257.43817138671875 479.7095031738281 -0.7788113355636597
260.2519226074219 476.9217224121094 -0.7827183604240417
263.05474853515625 474.1229553222656 -0.7866253852844238
265.84661865234375 471.3132629394531 -0.7905324101448059
268.62750244140625 468.49267578125 -0.794439435005188
271.3973388671875 465.6612548828125 -0.7983464598655701
271.3973388671875 465.6612548828125 -1.198346495628357
271.3973388671875 465.6612548828125 -1.598346471786499
271.2804870605469 461.7020568847656 -1.6022534370422363
271.1481628417969 457.74334716796875 -1.6061604022979736
271.0003967285156 453.7851867675781 -1.610067367553711
270.837158203125 449.82763671875 -1.6139743328094482
270.658447265625 445.8707275390625 -1.6178812980651855
270.46429443359375 441.91455078125 -1.6217882633209229
270.2546691894531 437.95916748046875 -1.6256952285766602
270.2546691894531 437.95916748046875 -2.025695323944092
268.5074157714844 434.4044494628906 -2.029602289199829
266.74627685546875 430.8565979003906 -2.0335092544555664
264.9712829589844 427.3156433105469 -2.0374162197113037
263.1824645996094 423.7816467285156 -2.041323184967041
261.3798522949219 420.2546691894531 -2.0452301502227783
259.5634765625 416.7347717285156 -2.0491371154785156
257.7333679199219 413.22198486328125 -2.053044080734253
255.88955688476562 409.71636962890625 -2.0569510459899902
254.0320587158203 406.2179870605469 -2.0608580112457275
252.16090393066406 402.7268981933594 -2.064764976501465
250.276123046875 399.2431335449219 -2.068671941757202
248.37774658203125 395.7667541503906 -2.0725789070129395
246.46580505371094 392.2978210449219 -2.0764858722686768
244.5403289794922 388.8363952636719 -2.080392837524414
242.60133361816406 385.38250732421875 -2.0842998027801514
240.64886474609375 381.93621826171875 -2.0882067680358887
240.64886474609375 381.93621826171875 -2.4882068634033203
237.4990692138672 379.53460693359375 -2.4921138286590576
234.3399200439453 377.14532470703125 -2.496020793914795
231.1714630126953 374.7684020996094 -2.4999277591705322
227.99374389648438 372.40386962890625 -2.5038347244262695
224.8068084716797 370.0517578125 -2.507741689682007
221.61070251464844 367.7121276855469 -2.511648654937744
218.40548706054688 365.385009765625 -2.5155556201934814
215.19119262695312 363.0704345703125 -2.5194625854492188
211.96788024902344 360.7684326171875 -2.523369550704956
208.73561096191406 358.4790344238281 -2.5272765159606934
205.49441528320312 356.2022705078125 -2.5311834812164307
202.24435424804688 353.9382019042969 -2.535090446472168
202.24435424804688 353.9382019042969 -2.9350905418395996
202.24435424804688 353.9382019042969 2.948094606399536
202.24435424804688 353.9382019042969 2.5480945110321045
202.24435424804688 353.9382019042969 2.148094415664673
202.24435424804688 353.9382019042969 1.7480944395065308
202.24435424804688 353.9382019042969 1.3480944633483887
202.24435424804688 353.9382019042969 0.9480944871902466
204.57728576660156 357.18743896484375 0.9480944871902466
206.91021728515625 360.4366760253906 0.9480944871902466
209.2266387939453 363.6496276855469 0.9441874623298645
211.5555877685547 366.853515625 0.9402804374694824
213.8970489501953 370.04827880859375 0.9363734126091003
216.2509765625 373.23388671875 0.9324663877487183
218.61732482910156 376.4102478027344 0.9285593628883362
220.99606323242188 379.5773620605469 0.9246523380279541
223.3871612548828 382.7351379394531 0.920745313167572
225.7905731201172 385.883544921875 0.9168382883071899
228.20626831054688 389.0225524902344 0.9129312634468079
230.63421630859375 392.152099609375 0.9090242385864258
233.07437133789062 395.2721252441406 0.9051172137260437
235.5266876220703 398.3825988769531 0.9012101888656616
237.99114990234375 401.48345947265625 0.8973031640052795
240.4676971435547 404.5746765136719 0.8933961391448975
242.95631408691406 407.65618896484375 0.8894891142845154
245.45693969726562 410.72796630859375 0.8855820894241333
247.9695587158203 413.7899475097656 0.8816750645637512
247.9695587158203 413.7899475097656 0.48167505860328674
251.48338317871094 415.6180419921875 0.47776803374290466
255.035400390625 417.4571838378906 0.47775930166244507
258.5875244140625 419.2963562011719 0.47775930166244507
262.1084899902344 421.1106872558594 0.473852276802063
265.6677551269531 422.9359436035156 0.473852276802063
269.1957702636719 424.7364807128906 0.4699452519416809
272.76214599609375 426.5478210449219 0.4699452519416809
276.29718017578125 428.3345642089844 0.46603822708129883
279.87060546875 430.1319580078125 0.46603822708129883
283.41259765625 431.9048767089844 0.46213120222091675
286.9930114746094 433.68829345703125 0.46213120222091675
290.5419006347656 435.4473571777344 0.45822417736053467
294.0976257324219 437.19256591796875 0.4543171525001526
297.66015625 438.9238586425781 0.4504101276397705
301.22943115234375 440.6412048339844 0.4465031027793884
304.80535888671875 442.3446044921875 0.44259607791900635
308.387939453125 444.0340270996094 0.43868905305862427
311.9770812988281 445.7094421386719 0.4347820281982422
315.57275390625 447.3708190917969 0.4308750033378601
319.2071533203125 449.0414733886719 0.4308750033378601
322.841552734375 450.7121276855469 0.4308750033378601
326.4759521484375 452.3827819824219 0.4308750033378601
330.1103515625 454.0534362792969 0.4308750033378601
333.7447509765625 455.7240905761719 0.4308750033378601
337.379150390625 457.3947448730469 0.4308750033378601
341.0135498046875 459.0653991699219 0.4308750033378601
344.64794921875 460.7360534667969 0.4308750033378601
348.2823486328125 462.4067077636719 0.4308750033378601
351.916748046875 464.0773620605469 0.4308750033378601
355.5511474609375 465.7480163574219 0.4308750033378601
359.185546875 467.4186706542969 0.4308750033378601
362.8199462890625 469.0893249511719 0.4308750033378601
366.454345703125 470.7599792480469 0.4308750033378601
370.0887451171875 472.4306335449219 0.4308750033378601
373.72314453125 474.1012878417969 0.4308750033378601
377.3575439453125 475.7719421386719 0.4308750033378601
380.991943359375 477.4425964355469 0.4308750033378601
384.6263427734375 479.1132507324219 0.4308750033378601
388.2607421875 480.7839050292969 0.4308750033378601
391.8951416015625 482.4545593261719 0.4308750033378601
395.529541015625 484.1252136230469 0.4308750033378601
399.1639404296875 485.7958679199219 0.4308750033378601
402.79833984375 487.4665222167969 0.4308750033378601
406.4327392578125 489.1371765136719 0.4308750033378601
410.067138671875 490.8078308105469 0.4308750033378601
413.66925048828125 492.45513916015625 0.426967978477478
417.27777099609375 494.08837890625 0.42306095361709595
420.8926696777344 495.7074890136719 0.41915392875671387
424.51385498046875 497.3124694824219 0.4152469038963318
428.14129638671875 498.9032897949219 0.4113398790359497
431.77490234375 500.47991943359375 0.4074328541755676
435.4146423339844 502.0423583984375 0.40352582931518555
439.0604553222656 503.5905456542969 0.39961880445480347
442.7123107910156 505.1244812011719 0.3957117795944214
446.3701171875 506.6441345214844 0.3918047547340393
450.0338439941406 508.14947509765625 0.3878977298736572
453.70343017578125 509.6405029296875 0.38399070501327515
457.3788146972656 511.1171875 0.38008368015289307
461.0599365234375 512.5794677734375 0.376176655292511
464.7467346191406 514.0274047851562 0.3722696304321289
468.43914794921875 515.4608764648438 0.3683626055717468
472.13714599609375 516.8799438476562 0.36445558071136475
475.8406677246094 518.2845458984375 0.36054855585098267
479.5496520996094 519.6746826171875 0.3566415309906006
483.2640380859375 521.05029296875 0.3527345061302185
486.9837646484375 522.411376953125 0.3488274812698364
490.7087707519531 523.7579345703125 0.34492045640945435
494.43902587890625 525.0899047851562 0.34101343154907227
498.1744384765625 526.4072875976562 0.3371064066886902
501.91497802734375 527.7100830078125 0.3331993818283081
505.66058349609375 528.998291015625 0.329292356967926
509.41119384765625 530.2718505859375 0.32538533210754395
513.166748046875 531.5307006835938 0.32147830724716187
516.9271850585938 532.77490234375 0.3175712823867798
520.6924438476562 534.00439453125 0.3136642575263977
524.4625244140625 535.2191772460938 0.3097572326660156
528.2373046875 536.419189453125 0.30585020780563354
532.0167236328125 537.6044311523438 0.30194318294525146
535.80078125 538.77490234375 0.2980361580848694
539.5890502929688 539.930419921875 0.2940967082977295
539.5890502929688 539.930419921875 -0.10590329766273499
539.5890502929688 539.930419921875 -0.5059033036231995
539.5890502929688 539.930419921875 -0.9059033393859863
539.5890502929688 539.930419921875 -1.3059033155441284
540.6185913085938 536.1056518554688 -1.3098102807998657
541.6331787109375 532.27685546875 -1.313717246055603
542.6328125 528.4441528320312 -1.3176242113113403
543.617431640625 524.6075439453125 -1.3215311765670776
544.5870361328125 520.7671508789062 -1.325438141822815
545.5416259765625 516.9229736328125 -1.3293451070785522
546.481201171875 513.0750732421875 -1.3332520723342896
547.40576171875 509.22357177734375 -1.3371590375900269
548.3152465820312 505.36846923828125 -1.3410660028457642
548.3152465820312 505.36846923828125 -1.7410659790039062
547.636474609375 501.46612548828125 -1.7449729442596436
546.9424438476562 497.56646728515625 -1.7488799095153809
546.233154296875 493.6695556640625 -1.7527868747711182
545.5086669921875 489.77545166015625 -1.7566938400268555
544.7689819335938 485.88421630859375 -1.7606008052825928
544.0140991210938 481.9958801269531 -1.76450777053833
543.2440185546875 478.11053466796875 -1.7684147357940674
542.458740234375 474.22821044921875 -1.7723217010498047
542.458740234375 474.22821044921875 -2.1723217964172363
540.2108764648438 470.9669189453125 -2.1762287616729736
537.9502563476562 467.7144470214844 -2.180135726928711
535.677001953125 464.4708251953125 -2.1840426921844482
533.3910522460938 461.2361145019531 -2.1879496574401855
531.0924682617188 458.0103454589844 -2.191856622695923
528.7813110351562 454.7935791015625 -2.19576358795166
526.4576416015625 451.58587646484375 -2.1996705532073975
526.4576416015625 451.58587646484375 -2.599670648574829
523.0581665039062 449.5476379394531 -2.603299617767334
519.6238403320312 447.4969482421875 -2.603299617767334
516.1895141601562 445.4462585449219 -2.603299617767334
512.7551879882812 443.39556884765625 -2.603299617767334
509.32086181640625 441.3448791503906 -2.603299617767334
505.88653564453125 439.294189453125 -2.603299617767334
502.45220947265625 437.2434997558594 -2.603299617767334
499.01788330078125 435.19281005859375 -2.603299617767334
495.58355712890625 433.1421203613281 -2.603299617767334
492.14923095703125 431.0914306640625 -2.603299617767334
488.71490478515625 429.0407409667969 -2.603299617767334
485.28057861328125 426.99005126953125 -2.603299617767334
481.84625244140625 424.9393615722656 -2.603299617767334
478.41192626953125 422.888671875 -2.603299617767334
474.97760009765625 420.8379821777344 -2.603299617767334
471.54327392578125 418.78729248046875 -2.603299617767334
468.10894775390625 416.7366027832031 -2.603299617767334
464.67462158203125 414.6859130859375 -2.603299617767334
461.24029541015625 412.6352233886719 -2.603299617767334
457.80596923828125 410.58453369140625 -2.603299617767334
454.37164306640625 408.5338439941406 -2.603299617767334
450.93731689453125 406.483154296875 -2.603299617767334
447.50299072265625 404.4324645996094 -2.603299617767334
444.06866455078125 402.38177490234375 -2.603299617767334
440.63433837890625 400.3310852050781 -2.603299617767334
437.20001220703125 398.2803955078125 -2.603299617767334
433.76568603515625 396.2297058105469 -2.603299617767334
430.33135986328125 394.17901611328125 -2.603299617767334
426.89703369140625 392.1283264160156 -2.603299617767334
423.46270751953125 390.07763671875 -2.603299617767334
420.02838134765625 388.0269470214844 -2.603299617767334
416.59405517578125 385.97625732421875 -2.603299617767334
413.15972900390625 383.9255676269531 -2.603299617767334
409.72540283203125 381.8748779296875 -2.603299617767334
406.29107666015625 379.8241882324219 -2.603299617767334
402.85675048828125 377.77349853515625 -2.603299617767334
399.42242431640625 375.7228088378906 -2.603299617767334
395.98809814453125 373.672119140625 -2.603299617767334
392.55377197265625 371.6214294433594 -2.603299617767334
389.11944580078125 369.57073974609375 -2.603299617767334
385.68511962890625 367.5200500488281 -2.603299617767334
382.25079345703125 365.4693603515625 -2.603299617767334
378.81646728515625 363.4186706542969 -2.603299617767334
375.38214111328125 361.36798095703125 -2.603299617767334
371.94781494140625 359.3172912597656 -2.603299617767334
368.51348876953125 357.2666015625 -2.603299617767334
365.07916259765625 355.2159118652344 -2.603299617767334
361.64483642578125 353.16522216796875 -2.603299617767334
358.21051025390625 351.1145324707031 -2.603299617767334
354.77618408203125 349.0638427734375 -2.603299617767334
351.34185791015625 347.0131530761719 -2.603299617767334
347.90753173828125 344.96246337890625 -2.603299617767334
344.47320556640625 342.9117736816406 -2.603299617767334
341.03887939453125 340.861083984375 -2.603299617767334
337.60455322265625 338.8103942871094 -2.603299617767334
334.17022705078125 336.75970458984375 -2.603299617767334
330.73590087890625 334.7090148925781 -2.603299617767334
327.30157470703125 332.6583251953125 -2.603299617767334
323.86724853515625 330.6076354980469 -2.603299617767334
320.43292236328125 328.55694580078125 -2.603299617767334
316.99859619140625 326.5062561035156 -2.603299617767334
313.56427001953125 324.45556640625 -2.603299617767334
310.12994384765625 322.4048767089844 -2.603299617767334
306.69561767578125 320.35418701171875 -2.603299617767334
303.26129150390625 318.3034973144531 -2.603299617767334
299.8565368652344 316.27947998046875 -2.6072065830230713
296.4142150878906 314.2422180175781 -2.6072065830230713
292.9903564453125 312.22149658203125 -2.609637498855591
289.5430908203125 310.192626953125 -2.609637498855591
286.0958251953125 308.16375732421875 -2.609637498855591
282.6485595703125 306.1348876953125 -2.609637498855591
279.2310485839844 304.13250732421875 -2.613544464111328
275.77587890625 302.11712646484375 -2.613544464111328
272.3505554199219 300.12811279296875 -2.6174509525299072
268.8875427246094 298.126220703125 -2.6174509525299072
265.4245300292969 296.12432861328125 -2.6174509525299072
261.9615173339844 294.1224365234375 -2.6174509525299072
258.4985046386719 292.12054443359375 -2.6174509525299072
255.03549194335938 290.11865234375 -2.6174509525299072
251.60243225097656 288.1430358886719 -2.6213579177856445
248.16168212890625 286.18084716796875 -2.625264883041382
248.16168212890625 286.18084716796875 -3.0252649784088135
244.68743896484375 285.8645935058594 -3.076366662979126
240.69593811035156 285.6038818359375 -3.076366662979126
236.70443725585938 285.3431701660156 -3.076366662979126
232.7129364013672 285.08245849609375 -3.076366662979126
232.7129364013672 285.08245849609375 2.8068184852600098
228.9737548828125 286.3912353515625 2.80298113822937
225.24032592773438 287.7142639160156 2.799074172973633
221.511962890625 289.0518798828125 2.7951793670654297
217.78895568847656 290.40399169921875 2.7912724018096924
214.0319061279297 291.77679443359375 2.7912724018096924
210.31422424316406 293.1434326171875 2.787365436553955
206.56256103515625 294.5308837890625 2.787365436553955
202.8502197265625 295.91204833984375 2.783461093902588
199.14556884765625 297.30731201171875 2.779330253601074
199.14556884765625 297.30731201171875 2.3793301582336426
199.14556884765625 297.30731201171875 1.9793301820755005
199.14556884765625 297.30731201171875 1.5793302059173584
199.14556884765625 297.30731201171875 1.1793302297592163
199.14556884765625 297.30731201171875 0.7793302536010742
199.14556884765625 297.30731201171875 0.37933024764060974
199.14556884765625 297.30731201171875 -0.020669758319854736
199.14556884765625 297.30731201171875 -0.4206697642803192
199.14556884765625 297.30731201171875 -0.8206697702407837
201.84019470214844 294.4042053222656 -0.8245767951011658
204.52345275878906 291.4906005859375 -0.8284838199615479
207.1953125 288.5665283203125 -0.8323908448219299
209.85572814941406 285.6320495605469 -0.836297869682312
212.50465393066406 282.68719482421875 -0.8402048945426941
215.14205932617188 279.7320251464844 -0.8441119194030762
217.7678985595703 276.7665710449219 -0.8480189442634583
220.3821258544922 273.7908630371094 -0.8519259691238403
222.98471069335938 270.8049621582031 -0.8558329939842224
222.98471069335938 270.8049621582031 -1.2558330297470093
224.20437622070312 267.0364990234375 -1.2597399950027466
225.4093017578125 263.2633056640625 -1.2636469602584839
226.5994873046875 259.48541259765625 -1.2675539255142212
227.77490234375 255.70291137695312 -1.2714608907699585
228.93553161621094 251.9158477783203 -1.2753678560256958
230.0813446044922 248.124267578125 -1.279274821281433
231.21234130859375 244.3282470703125 -1.2831817865371704
232.3284912109375 240.52783203125 -1.2870887517929077
233.42979431152344 236.72308349609375 -1.290995717048645
234.51622009277344 232.9140625 -1.2949026823043823
235.58775329589844 229.100830078125 -1.2988096475601196
236.64437866210938 225.28343200683594 -1.302716612815857
237.6860809326172 221.46194458007812 -1.3066235780715942
238.7128448486328 217.63641357421875 -1.3105305433273315
239.7246551513672 213.80690002441406 -1.3144375085830688
240.72149658203125 209.9734649658203 -1.3183444738388062
241.70335388183594 206.13616943359375 -1.3222514390945435
241.70335388183594 206.13616943359375 -1.7222514152526855
241.70335388183594 206.13616943359375 -2.122251510620117
239.6215362548828 202.76646423339844 -2.1261584758758545
237.5265655517578 199.4049072265625 -2.130065441131592
235.41847229003906 196.0515594482422 -2.133972406387329
233.29733276367188 192.70657348632812 -2.137889862060547
233.29733276367188 192.70657348632812 -2.5378899574279785
230.0321502685547 190.46435546875 -2.541796922683716
226.75823974609375 188.2349090576172 -2.545703887939453
223.47564697265625 186.0182647705078 -2.5496108531951904
220.18441772460938 183.81446838378906 -2.5535178184509277
216.8845977783203 181.62355041503906 -2.557424783706665
213.5762481689453 179.44554138183594 -2.5613317489624023
210.25941467285156 177.2804718017578 -2.5652387142181396
206.93414306640625 175.1283721923828 -2.569145679473877
203.60049438476562 172.98928833007812 -2.5730526447296143
200.25851440429688 170.8632354736328 -2.5769596099853516
196.9082489013672 168.75025939941406 -2.580866575241089
193.5497589111328 166.650390625 -2.584773540496826
193.5497589111328 166.650390625 -2.984773635864258
193.5497589111328 166.650390625 2.898411512374878
193.5497589111328 166.650390625 2.4984114170074463
193.5497589111328 166.650390625 2.0984113216400146
193.5497589111328 166.650390625 1.6984113454818726
193.5497589111328 166.650390625 1.2984113693237305
193.5497589111328 166.650390625 0.8984113931655884
196.02288818359375 169.74435424804688 0.8945043683052063
198.50808715820312 172.82862854003906 0.8905973434448242
201.00531005859375 175.90316772460938 0.8866903185844421
203.5145263671875 178.96792602539062 0.8827832937240601
206.03570556640625 182.02285766601562 0.878876268863678
208.5688018798828 185.0679168701172 0.8749690651893616
208.5688018798828 185.0679168701172 0.4749690592288971
212.09481811523438 186.87240600585938 0.471062034368515
215.6278533935547 188.66310119628906 0.46715500950813293
219.16786193847656 190.4399871826172 0.46324798464775085
222.71478271484375 192.20303344726562 0.4593409597873688
226.26856994628906 193.9521942138672 0.4554339349269867
229.82916259765625 195.68746948242188 0.4515269100666046
233.39649963378906 197.4088134765625 0.44761988520622253
236.9705352783203 199.1162109375 0.44371286034584045
240.5512237548828 200.80963134765625 0.4398058354854584
244.13848876953125 202.48904418945312 0.4358988106250763
247.7322998046875 204.15443420410156 0.4319917857646942
251.33258056640625 205.80577087402344 0.42808476090431213
254.9392852783203 207.44302368164062 0.42417773604393005
258.5523681640625 209.06617736816406 0.420270711183548
262.1717529296875 210.67520141601562 0.4163636863231659
265.7973937988281 212.2700653076172 0.4124566614627838
269.42926025390625 213.8507537841797 0.40854963660240173
273.0672607421875 215.417236328125 0.40464261174201965
276.71136474609375 216.96949768066406 0.4007355868816376
280.36151123046875 218.50750732421875 0.3968285620212555
284.01763916015625 220.03125 0.3929215371608734
287.6796875 221.5406951904297 0.38901451230049133
291.34759521484375 223.03582763671875 0.38510748744010925
295.02130126953125 224.51661682128906 0.3812004625797272
298.7007751464844 225.9830322265625 0.3772934377193451
302.3859558105469 227.43505859375 0.373386412858963
306.0767822265625 228.8726806640625 0.36947938799858093
309.773193359375 230.29586791992188 0.36557236313819885
313.4751281738281 231.70460510253906 0.3616653382778168
317.18255615234375 233.098876953125 0.3577583134174347
320.8953857421875 234.47865295410156 0.3538512885570526
324.61358642578125 235.84390258789062 0.34994426369667053
328.33709716796875 237.19461059570312 0.34603723883628845
332.06585693359375 238.53076171875 0.34213021397590637
335.7998046875 239.8523406982422 0.3382231891155243
339.53887939453125 241.15931701660156 0.3343161642551422
343.2830505371094 242.45167541503906 0.33040913939476013
347.0322265625 243.72940063476562 0.32650211453437805
350.786376953125 244.99246215820312 0.32259508967399597
354.5454406738281 246.2408447265625 0.3186880648136139
358.3093566894531 247.4745330810547 0.3147810399532318
362.07806396484375 248.69351196289062 0.31087401509284973
365.85150146484375 249.8977508544922 0.30696699023246765
369.6296081542969 251.0872344970703 0.30305996537208557
373.4123229980469 252.26194763183594 0.2991529405117035
377.1996154785156 253.421875 0.2952459156513214
380.99139404296875 254.56700134277344 0.29133889079093933
384.7876281738281 255.6973114013672 0.28743186593055725
388.5882568359375 256.8127746582031 0.28352484107017517
392.3931884765625 257.91339111328125 0.2796178162097931
396.202392578125 258.9991149902344 0.275710791349411
400.01580810546875 260.0699462890625 0.27180376648902893
403.8334045410156 261.1258850097656 0.26789674162864685
407.65509033203125 262.1669006347656 0.26398971676826477
411.4808044433594 263.1929626464844 0.2600826919078827
415.3105163574219 264.2040710449219 0.2561756670475006
419.1441345214844 265.2002258300781 0.25226864218711853
422.98162841796875 266.181396484375 0.24836163222789764
426.8229064941406 267.1475524902344 0.24445462226867676
430.6679382324219 268.09869384765625 0.24054761230945587
434.51666259765625 269.0348205566406 0.23664060235023499
438.3690185546875 269.9559020996094 0.2327335923910141
442.2249450683594 270.8619079589844 0.2288265824317932
446.0843811035156 271.7528381347656 0.22491957247257233
449.947265625 272.6286926269531 0.22101256251335144
453.81353759765625 273.48944091796875 0.21710555255413055
457.6831359863281 274.3350830078125 0.21319854259490967
461.5559997558594 275.16558837890625 0.20929153263568878
465.4320983886719 275.98095703125 0.2053845226764679
469.31134033203125 276.78118896484375 0.201477512717247
473.1936950683594 277.5662536621094 0.19757050275802612
477.0790710449219 278.3361511230469 0.19366349279880524
480.9674377441406 279.0908508300781 0.18975648283958435
484.8587341308594 279.8303527832031 0.18584947288036346
488.75286865234375 280.5546569824219 0.18194246292114258
492.6498107910156 281.26373291015625 0.1780354529619217
496.54949951171875 281.95758056640625 0.1741284430027008
500.4518737792969 282.6361999511719 0.17022143304347992
500.4518737792969 282.6361999511719 -0.22977857291698456
500.4518737792969 282.6361999511719 -0.6297785639762878
503.64837646484375 280.2970886230469 -0.6336855888366699
506.835693359375 277.9455261230469 -0.637592613697052
510.0138244628906 275.5815124511719 -0.6414996385574341
513.1826782226562 273.2051086425781 -0.6454066634178162
516.3422241210938 270.81634521484375 -0.6493136882781982
519.492431640625 268.4152526855469 -0.6532207131385803
522.6332397460938 266.0018615722656 -0.6571277379989624
525.7645874023438 263.57623291015625 -0.6610347628593445
528.8864135742188 261.13836669921875 -0.6649417877197266
531.9987182617188 258.6883239746094 -0.6688488125801086
535.1013793945312 256.2261657714844 -0.6727558374404907
535.1013793945312 256.2261657714844 -1.0727558135986328
536.9867553710938 252.7427215576172 -1.0766627788543701
538.8584594726562 249.25193786621094 -1.0805697441101074
540.716552734375 245.7538604736328 -1.0844767093658447
542.5609741210938 242.24855041503906 -1.088383674621582
544.3916625976562 238.73606872558594 -1.0922906398773193
546.2086181640625 235.21646118164062 -1.0961976051330566
548.0117797851562 231.68978881835938 -1.100104570388794
548.0117797851562 231.68978881835938 -1.500104546546936
548.2838134765625 227.73822021484375 -1.5040115118026733
548.5404052734375 223.78561401367188 -1.5079184770584106
548.7815551757812 219.83203125 -1.511825442314148
549.0072631835938 215.87753295898438 -1.5157324075698853
549.217529296875 211.9221954345703 -1.5196393728256226
549.412353515625 207.966064453125 -1.5235463380813599
549.5917358398438 204.0092010498047 -1.5274533033370972
549.755615234375 200.05166625976562 -1.5313602685928345
549.904052734375 196.09352111816406 -1.5352672338485718
550.0370483398438 192.13482666015625 -1.539174199104309
550.154541015625 188.17564392089844 -1.5430811643600464
550.256591796875 184.21603393554688 -1.5469881296157837
550.3431396484375 180.2560577392578 -1.550895094871521
550.4142456054688 176.29576110839844 -1.5548020601272583
550.4698486328125 172.33522033691406 -1.5587090253829956
550.510009765625 168.37449645996094 -1.562615990638733
550.53466796875 164.4136505126953 -1.5665229558944702
550.5438842773438 160.45272827148438 -1.5704299211502075
550.53759765625 156.49180603027344 -1.5743368864059448
550.5158081054688 152.53094482421875 -1.5782438516616821
550.4785766601562 148.5701904296875 -1.5821508169174194
550.4258422851562 144.609619140625 -1.5860577821731567
550.357666015625 140.64927673339844 -1.589964747428894
550.2739868164062 136.68923950195312 -1.5938717126846313
550.1748657226562 132.72955322265625 -1.5977786779403687
550.0602416992188 128.77027893066406 -1.601685643196106
549.93017578125 124.81148529052734 -1.6055926084518433
549.78466796875 120.85323333740234 -1.6094995737075806
549.6236572265625 116.89557647705078 -1.6134065389633179
549.4472045898438 112.93858337402344 -1.6173135042190552
549.2553100585938 108.98230743408203 -1.6212204694747925
549.0479125976562 105.02680969238281 -1.6251274347305298
548.8250732421875 101.07215118408203 -1.629034399986267
548.5867919921875 97.11840057373047 -1.6329413652420044
548.3330688476562 93.16560363769531 -1.6368483304977417
548.0639038085938 89.21382904052734 -1.640755295753479
547.779296875 85.26313781738281 -1.6446622610092163
547.479248046875 81.31359100341797 -1.6485692262649536
547.47900390625 81.31278228759766 -2.048485040664673
545.6511840820312 77.7988052368164 -2.05239200592041
543.8096313476562 74.29199981689453 -2.0562989711761475
543.8096313476562 74.29199981689453 -2.456299066543579
540.738037109375 71.79112243652344 -2.4602060317993164
537.65673828125 69.3022689819336 -2.4641129970550537
534.5657348632812 66.82546997070312 -2.468019962310791
531.465087890625 64.36076354980469 -2.4719269275665283
528.3547973632812 61.9081916809082 -2.4758338928222656
525.2349853515625 59.46779251098633 -2.479740858078003
522.1056518554688 57.03960037231445 -2.4836478233337402
522.1056518554688 57.03960037231445 -2.883647918701172
518.2738037109375 56.036678314208984 -2.887554883956909
514.4380493164062 55.04873275756836 -2.8914618492126465
510.5984802246094 54.075782775878906 -2.895368814468384
506.755126953125 53.11783981323242 -2.899275779724121
502.9080810546875 52.17491912841797 -2.9031827449798584
499.057373046875 51.24703598022461 -2.9070897102355957
495.20306396484375 50.334205627441406 -2.910996675491333
491.34521484375 49.436439514160156 -2.9149036407470703
487.48388671875 48.55375289916992 -2.9188106060028076
483.619140625 47.6861572265625 -2.922717571258545
479.75103759765625 46.83367156982422 -2.9266245365142822
475.879638671875 45.99630355834961 -2.9305315017700195
472.0050048828125 45.174068450927734 -2.934438467025757
468.1271667480469 44.366973876953125 -2.938345432281494
464.24627685546875 43.57506561279297 -2.9422595500946045
460.36224365234375 42.79832458496094 -2.946166515350342
456.4752197265625 42.036766052246094 -2.950073480606079
452.5852355957031 41.29039764404297 -2.9539804458618164
448.6923828125 40.559234619140625 -2.9578874111175537
444.7596740722656 39.82854080200195 -2.9578874111175537
440.82696533203125 39.09784698486328 -2.9578874111175537
436.8942565917969 38.36715316772461 -2.9578874111175537
432.9615478515625 37.63645935058594 -2.9578874111175537
429.0288391113281 36.905765533447266 -2.9578874111175537
425.1331481933594 36.189815521240234 -2.961794376373291
421.23468017578125 35.48909378051758 -2.9657013416290283
417.3335266113281 34.80360794067383 -2.9696083068847656
413.4297180175781 34.13336944580078 -2.973515272140503
409.5233154296875 33.47838592529297 -2.9774222373962402
409.5233154296875 33.47838592529297 2.9057629108428955
405.634033203125 34.412986755371094 2.9057629108428955
401.7447509765625 35.34758758544922 2.9057629108428955
397.85546875 36.282188415527344 2.9057629108428955
393.9661865234375 37.21678924560547 2.9057629108428955
390.076904296875 38.151390075683594 2.9057629108428955
386.1876220703125 39.08599090576172 2.9057629108428955
382.29833984375 40.020591735839844 2.9057629108428955
378.4090576171875 40.95519256591797 2.9057629108428955
374.519775390625 41.889793395996094 2.9057629108428955
370.6304931640625 42.82439422607422 2.9057629108428955
366.7412109375 43.758995056152344 2.9057629108428955
362.8519287109375 44.69359588623047 2.9057629108428955
358.962646484375 45.628196716308594 2.9057629108428955
355.0733642578125 46.56279754638672 2.9057629108428955
351.18408203125 47.497398376464844 2.9057629108428955
347.2947998046875 48.43199920654297 2.9057629108428955
343.405517578125 49.366600036621094 2.9057629108428955
339.5162353515625 50.30120086669922 2.9057629108428955
335.626953125 51.235801696777344 2.9057629108428955
331.7376708984375 52.17040252685547 2.9057629108428955
327.848388671875 53.105003356933594 2.9057629108428955
323.9591064453125 54.03960418701172 2.9057629108428955
320.06982421875 54.974205017089844 2.9057629108428955
316.1805419921875 55.90880584716797 2.9057629108428955
312.291259765625 56.843406677246094 2.9057629108428955
308.4019775390625 57.77800750732422 2.9057629108428955
304.5126953125 58.712608337402344 2.9057629108428955
300.6234130859375 59.64720916748047 2.9057629108428955
296.734130859375 60.581809997558594 2.9057629108428955
292.8448486328125 61.51641082763672 2.9057629108428955
288.95556640625 62.451011657714844 2.9057629108428955
285.0662841796875 63.38561248779297 2.9057629108428955
281.177001953125 64.3202133178711 2.9057629108428955
277.2877197265625 65.25481414794922 2.9057629108428955
273.3984375 66.18941497802734 2.9057629108428955
269.5091552734375 67.12401580810547 2.9057629108428955
265.619873046875 68.0586166381836 2.9057629108428955
261.7305908203125 68.99321746826172 2.9057629108428955
257.84130859375 69.92781829833984 2.9057629108428955
253.9520263671875 70.86241912841797 2.9057629108428955
250.062744140625 71.7970199584961 2.9057629108428955
246.1734619140625 72.73162078857422 2.9057629108428955
242.2841796875 73.66622161865234 2.9057629108428955
238.3948974609375 74.60082244873047 2.9057629108428955
234.505615234375 75.5354232788086 2.9057629108428955
230.6163330078125 76.47002410888672 2.9057629108428955
226.72705078125 77.40462493896484 2.9057629108428955
222.8377685546875 78.33922576904297 2.9057629108428955
218.948486328125 79.2738265991211 2.9057629108428955
215.0592041015625 80.20842742919922 2.9057629108428955
211.169921875 81.14302825927734 2.9057629108428955
207.2806396484375 82.07762908935547 2.9057629108428955
203.391357421875 83.0122299194336 2.9057629108428955
199.5020751953125 83.94683074951172 2.9057629108428955
195.61279296875 84.88143157958984 2.9057629108428955
191.7235107421875 85.81603240966797 2.9057629108428955
187.834228515625 86.7506332397461 2.9057629108428955
183.9449462890625 87.68523406982422 2.9057629108428955
180.0556640625 88.61983489990234 2.9057629108428955
176.1663818359375 89.55443572998047 2.9057629108428955
172.277099609375 90.4890365600586 2.9057629108428955
168.3878173828125 91.42363739013672 2.9057629108428955
164.49853515625 92.35823822021484 2.9057629108428955
160.6092529296875 93.29283905029297 2.9057629108428955
156.719970703125 94.2274398803711 2.9057629108428955
152.8306884765625 95.16204071044922 2.9057629108428955
148.94140625 96.09664154052734 2.9057629108428955
145.0521240234375 97.03124237060547 2.9057629108428955
141.162841796875 97.9658432006836 2.9057629108428955
137.2735595703125 98.90044403076172 2.9057629108428955
133.38427734375 99.83504486083984 2.9057629108428955
129.4949951171875 100.76964569091797 2.9057629108428955
125.605712890625 101.7042465209961 2.9057629108428955
121.7164306640625 102.63884735107422 2.9057629108428955
117.8271484375 103.57344818115234 2.9057629108428955
113.9378662109375 104.50804901123047 2.9057629108428955
110.048583984375 105.4426498413086 2.9057629108428955
106.1593017578125 106.37725067138672 2.9057629108428955
102.27001953125 107.31185150146484 2.9057629108428955
98.3807373046875 108.24645233154297 2.9057629108428955
94.491455078125 109.1810531616211 2.9057629108428955
90.6021728515625 110.11565399169922 2.9057629108428955
86.712890625 111.05025482177734 2.9057629108428955
82.8236083984375 111.98485565185547 2.9057629108428955
78.934326171875 112.9194564819336 2.9057629108428955
75.0450439453125 113.85405731201172 2.9057629108428955
71.15576171875 114.78865814208984 2.9057629108428955
67.2664794921875 115.72325897216797 2.9057629108428955
63.377197265625 116.6578598022461 2.9057629108428955
59.4879150390625 117.59246063232422 2.9057629108428955
59.4879150390625 117.59246063232422 2.9057629108428955
59.4879150390625 117.59246063232422 2.9057629108428955
59.4879150390625 117.59246063232422 2.9057629108428955
59.4879150390625 117.59246063232422 2.9057629108428955
59.4879150390625 117.59246063232422 2.9057629108428955
59.4879150390625 117.59246063232422 2.9057629108428955
59.4879150390625 117.59246063232422 2.9057629108428955
59.4879150390625 117.59246063232422 2.9057629108428955
59.4879150390625 117.59246063232422 2.9057629108428955
59.4879150390625 117.59246063232422 2.9057629108428955
