57.37630081176758 447.3116455078125 0.8097417950630188
54.818817138671875 444.5602111816406 0.8340854048728943
52.329063415527344 441.7473449707031 0.8584290146827698
49.90851593017578 438.8747253417969 0.8827726244926453
47.55860900878906 435.94403076171875 0.9071162343025208
45.28073501586914 432.9570007324219 0.9314598441123962
43.07624435424805 429.9154052734375 0.9558034539222717
40.946441650390625 426.821044921875 0.9801470637321472
38.89259338378906 423.67578125 1.004490613937378
36.91591262817383 420.4814453125 1.0288342237472534
35.01757049560547 417.23992919921875 1.053177833557129
33.198692321777344 413.95318603515625 1.0775214433670044
31.460357666015625 410.6231384277344 1.1018650531768799
29.80359649658203 407.25177001953125 1.1262086629867554
28.229389190673828 403.841064453125 1.1505522727966309
26.73866844177246 400.3930358886719 1.1748958826065063
25.332319259643555 396.9097595214844 1.1992394924163818
24.011173248291016 393.3932800292969 1.2235831022262573
22.77601432800293 389.8456726074219 1.2479267120361328
21.627574920654297 386.2690734863281 1.2722703218460083
20.5665340423584 382.6655578613281 1.2966139316558838
19.593521118164062 379.03729248046875 1.3209575414657593
18.70911407470703 375.38641357421875 1.3453011512756348
17.913835525512695 371.715087890625 1.3696447610855103
17.20815658569336 368.0254821777344 1.3939883708953857
16.59249496459961 364.3197937011719 1.4183319807052612
16.59249496459961 364.3197937011719 1.4426755905151367
16.59249496459961 364.3197937011719 1.4670192003250122
16.59249496459961 364.3197937011719 1.4913628101348877
16.59249496459961 364.3197937011719 1.5157064199447632
16.59249496459961 364.3197937011719 1.5400500297546387
16.522724151611328 360.56396484375 1.5643936395645142
16.544395446777344 356.80755615234375 1.5887372493743896
16.657495498657227 353.05279541015625 1.6130808591842651
16.861957550048828 349.3018798828125 1.6374244689941406
17.15766143798828 345.55706787109375 1.6617680788040161
17.544429779052734 341.820556640625 1.6861116886138916
18.022035598754883 338.0945739746094 1.710455298423767
18.590194702148438 334.3813171386719 1.7347989082336426
19.248571395874023 330.6829833984375 1.759142518043518
19.996774673461914 327.00177001953125 1.7834861278533936
20.834360122680664 323.3398742675781 1.807829737663269
21.760833740234375 319.6994323730469 1.8321733474731445
22.775644302368164 316.0826416015625 1.85651695728302
23.878190994262695 312.4916076660156 1.8808605670928955
25.067821502685547 308.9284973144531 1.905204176902771
26.343830108642578 305.3953857421875 1.9295477867126465
27.705461502075195 301.8943786621094 1.953891396522522
29.151906967163086 298.42755126953125 1.9782350063323975
30.68231201171875 294.9969482421875 2.0025784969329834
32.29576873779297 291.6046142578125 2.0269219875335693
33.99131774902344 288.2525634765625 2.0512654781341553
35.7679557800293 284.9427795410156 2.075608968734741
35.7679557800293 284.9427795410156 2.099952459335327
35.7679557800293 284.9427795410156 2.124295949935913
35.7679557800293 284.9427795410156 2.148639440536499
35.7679557800293 284.9427795410156 2.172982931137085
35.7679557800293 284.9427795410156 2.197326421737671
35.7679557800293 284.9427795410156 2.221669912338257
35.7679557800293 284.9427795410156 2.2460134029388428
35.7679557800293 284.9427795410156 2.2703568935394287
35.7679557800293 284.9427795410156 2.2947003841400146
35.7679557800293 284.9427795410156 2.3190438747406006
