-392.80534292279424
-395.61961925039265
-398.442609061028
-401.2740675154425
-404.1137853368754
-406.9615277459106
-409.81712581593496
-412.680323892179
-415.5509628532706
-418.428826789886
-421.3137041940589
-424.20544930309933
-427.10385846797175
-430.0087333441987
-432.91993895214654
-435.8372847629643
-438.7606136665526
-441.68974183043645
-444.6245192747081
-447.5647994095281
-450.5104087054651
-453.46123735610803
-456.4171182023699
-459.3778860507089
-462.3434111430709
-465.313565511377
-468.2882540525616
-471.2673214947681
-474.25062049917335
-477.23806104121184
-480.2295010732264
-483.22479542692645
-486.2238639643664
-488.25033847838415
-488.25033847838415
-489.59910324977875
-490.96163354895504
-492.33780195973793
-493.72742153618213
-493.72742153618213
-493.5782385429473
-493.44530939427744
-493.32869502939064
-493.2283914262319
-493.1443925176379
-493.0767530583372
-493.0767530583372
-491.48593979439994
-489.90776622523674
-488.3423415615212
-486.78983379732955
-485.2504111020605
-483.7241840386981
-482.2113214384383
-480.7119921850989
-479.2263418086976
-477.7545057781527
-476.2966533315523
-474.8529307975024
-473.42347366734225
-472.0084287724133
-470.60795970027647
-469.22221334857755
-467.8513588063252
-466.4955368969093
-465.15489472176034
-463.8296007964056
-462.5197889031872
-461.2255988423916
-459.9472042316413
-458.6847511547167
-457.4383986868906
-457.4383986868906
-457.4383986868906
-453.8766205897737
-450.3146865113832
-446.75266170126775
-443.19058386758996
-439.6284792593509
-436.06644370998606
-432.5045181249502
-432.5045181249502
-428.5487535967324
-424.59232117391167
-420.6352441944124
-416.67757369131596
-412.71936177398663
-408.7606616810229
-404.80150120733407
-400.84193603330925
-396.8820156844557
-392.9217985104558
-388.96131768998214
-385.0006345449483
-381.03981199545467
-377.07891464501836
-373.1179747904506
-369.1570681467571
-369.1570681467571
-365.52467030283395
-361.9054637670693
-358.29989772570116
-354.70843766038644
-351.13156599947274
-347.5698098109853
-344.02369470785
-340.4937511608901
-336.9805434834201
-333.4846562569178
-330.0066816483941
-326.54727506775345
-326.54727506775345
-326.54727506775345
-326.54727506775345
-326.54727506775345
-326.54727506775345
-326.54727506775345
-326.54727506775345
-330.4889792990385
-334.43206820512495
-338.3366461371128
-342.2399395676872
-346.1419316808501
-350.04261949892566
-353.94194531099095
-357.839940082037
-361.7365529273022
-365.63178060221276
-369.5256266433341
-373.41806738582443
-377.3090722202804
-381.1986375766535
-385.0867467687922
-388.9733890728251
-392.8585478131139
-396.7422120632455
-400.6243651636567
-400.6243651636567
-403.8936466743718
-407.2032896205616
-410.5252324317304
-413.8222694274194
-417.1592597205323
-420.47082776080356
-423.8221236412907
-427.1475014467562
-430.51239931952534
-433.850910101839
-437.22874705462465
-440.5797370072732
-443.93262134119345
-447.2872586793791
-450.6435680428255
-454.00148023681294
-457.3609021182912
-460.72175914750824
-464.08394548143684
-467.48472134116884
-470.89491504468776
-474.3143234566689
-477.74274871636896
-481.1799980877075
-484.62588381348456
-488.0802229736586
-491.54283734760276
-495.01355328025903
-498.4922015521047
-501.97861725284764
-505.4726396587633
-508.9741121135881
-512.4828819128822
-515.998800191775
-519.5217218160083
-523.0515052761905
-526.5880125851784
-530.1311091785009
-533.6806638177437
-537.2365484968125
-540.7986383509934
-544.3668115687341
-547.9409493060645
-551.5209356035842
-555.1066573059406
-558.6594916471221
-562.2109898855758
-565.7610920295442
-569.3098050154392
-572.8570734759662
-576.4028813675806
-579.9472166769779
-583.490020977511
-587.0312825868476
-590.5709866830513
-594.1090788616069
-597.645567811335
-601.1804193807399
-604.7135996089451
-608.2450950280456
-611.7748745903071
-615.3029024771532
-618.8291929334333
-622.3536652906388
-625.8763542699487
-629.397225051966
-632.9162019335456
-636.4333193807552
-639.948543219029
-643.4618633166735
-646.9732251980773
-650.4826188895004
-653.990013167194
-657.4953961912316
-660.9987369436967
-664.5000253809321
-667.999294130333
-671.4964469698912
-674.9914738703412
-678.4840625925933
-678.4840625925933
-678.4840625925933
-678.4840625925933
-678.4840625925933
-676.515010171619
-674.550014210018
-672.5891090821307
-670.6323745184862
-668.6798881918667
-666.7316873054326
-664.7878936934751
-662.8485460514087
-660.9137011228893
-660.9137011228893
-657.7869852099128
-654.6597915395165
-651.5321086495188
-648.404016167179
-645.2755286332666
-642.1467013582482
-639.0175696628802
-635.8881493224802
-635.8881493224802
-632.0590180507937
-628.2275396434503
-624.3937378833552
-620.557656473873
-616.7192728401518
-612.8786306886507
-609.0357270189857
-609.0357270189857
-605.1134325914567
-601.1650349803937
-597.2173240861678
-593.2703136173341
-589.3240176472358
-585.3784506261325
-581.4336273938114
-577.4895631927058
-573.5462736815409
-569.6037749495366
-565.6620835311891
-561.7212164216621
-557.7811910928157
-553.8420255099018
-549.9037381489634
-545.966348014966
-542.0298746607023
-538.094338206505
-534.1597593608104
-530.2261594416137
-526.2935603988619
-522.3619848378324
-518.4314560435464
-514.5019980062717
-510.57363544817116
-506.646393851156
-502.7202994860082
-498.7953794428384
-494.8716616629516
-490.949174972195
-487.02794911586886
-483.10801479528584
-479.1894037060682
-475.27214857828
-471.3562832184954
-467.44184255391235
-463.5288626786266
-459.6173809021889
-455.707435800577
-451.79906726971944
-447.8923165817229
-443.9872264439581
-440.0838410611744
-436.1822062008237
-432.28236926178363
-428.38437934668747
-424.4882873380778
-420.59414597862
-416.7020099556244
-412.81193599014574
-408.92398293094703
-405.0382118536337
-401.15468616528835
-397.2734717149576
-393.39463691037
-389.5182528412896
-385.644393409942
-381.7731354689795
-377.9045589674882
-374.0387471055774
-370.1757864981322
-366.3157673483544
-362.45878363176564
-358.60493329139626
-354.7543184449441
-350.94675067905683
-347.10727716364187
-343.30891006823515
-339.4811741930512
-335.657455724202
-331.8378935376356
-328.062222519776
-324.25619730416724
-320.49442366891805
-316.7029805850175
-312.91673047549926
-309.171655534995
-305.40108822152604
-301.63643159858253
-297.91728234686116
-294.24117469995207
-294.24117469995207
-291.7860542535752
-289.08599701129606
-286.4163505857147
-283.7779732490564
-283.7779732490564
-282.58192694184953
-281.4517348017
-280.3875383044902
-279.3905087452467
-278.4448158271605
-277.5695385897191
-276.74800534321275
-275.99663867375637
-275.30132365632755
-275.30132365632755
-275.30132365632755
-275.30132365632755
-275.30132365632755
-275.30132365632755
-275.30132365632755
-275.30132365632755
-275.30132365632755
-275.30132365632755
-274.1843150020858
-273.10526097867506
-272.06461536280716
-271.0628560957339
-270.1004417330592
-269.1777686003629
-268.2953048170347
-267.4534217150621
-266.6525502355065
-266.6525502355065
-264.43547190253076
-262.24651383168515
-260.08641492574134
-257.9559263050136
-255.85582664939463
-253.78690522482242
-251.74995636327466
-249.74580791553635
-247.77527948832773
-245.83920208657935
-243.93842913506523
-242.07382451503935
-240.246261691521
-238.45662274597743
-236.70579731115862
-234.99465991816953
-233.32412368847747
-233.32412368847747
-233.32412368847747
-229.59266089180787
-225.86372655619303
-222.13748969144154
-218.41420409491266
-218.41420409491266
-214.458883537632
-210.50464611436527
-206.55162018844416
-202.59993336146562
-198.6497346492801
-194.70117126725052
-190.7544231942942
-186.8096521180048
-182.8670523783021
-178.9268243152995
-174.98919729219003
-171.05440767228134
-171.05440767228134
-171.05440767228134
-171.05440767228134
-171.05440767228134
-171.05440767228134
-171.05440767228134
-171.05440767228134
-174.92080903293453
-178.7945661266915
-182.6751621827147
-186.56210591248555
-190.4549478840548
-194.35326071529593
-194.35326071529593
-198.21394367129525
-202.07511993742892
-205.93669713137922
-209.79860940709887
-213.6607644613639
-217.5231053650116
-221.38555754763087
-225.24805937884702
-229.11055489510238
-232.97297916016143
-236.83528204291983
-240.69741315697405
-244.55932718837025
-248.4209688704718
-252.28229400960888
-256.1432632319963
-260.0038357053215
-263.86396298600476
-267.7236070269979
-271.58274681665057
-275.4413379990009
-279.2993462113751
-283.15672922323097
-287.013454571463
-290.8694818719697
-294.7248054126321
-298.579395215699
-302.43321333425797
-306.2862311174294
-310.1384119344002
-313.9897282929693
-317.8401447220916
-321.6896602090534
-325.53824882751667
-329.38587668904376
-333.23251869960694
-337.0781500894737
-340.9227463916012
-344.76627523019295
-348.6087385847783
-352.45010490236325
-356.29033328589645
-360.1294184856574
-363.9673378123346
-367.80406876136954
-371.63958900114756
-375.4738945491701
-379.3069453529701
-383.13873003358776
-386.96922437464883
-390.798409597495
-394.6262722630213
-398.4527571526025
-402.2778772298862
-406.1016455766188
-409.92400725977836
-413.7449339071475
-417.5644124320442
-421.3824412566356
-425.19898087375
-429.0140448556734
-432.827578676427
-436.6395812979657
-440.450039932565
-444.25891491900774
-448.06620548824
-451.87189880592035
-455.67596754039306
-459.4783988811261
-463.279192617023
-467.07832327018286
-470.875749457041
-474.67147248190037
-478.4654923580532
-482.2577551199968
-486.0482750689175
-489.83701213327737
-493.6239804887658
-493.6239804887658
-493.6239804887658
-495.4324952686002
-497.2522699079351
-499.0831539259744
-500.9249973205834
-502.77769291644876
-504.64103668015815
-506.5149108207734
-508.3991685492198
-510.2936513247058
-512.1982579238296
-514.1127760045007
-514.1127760045007
-514.5388447810676
-514.9796703040062
-515.4351808088072
-515.905354096373
-516.3901722269408
-516.8895009634501
-517.4033710463129
-517.4033710463129
-516.3609359807516
-515.3318702271397
-514.316273652445
-513.3142407446793
-512.3258746951074
-511.3512146057111
-510.39041531508303
-509.4435684283022
-508.51071443068383
-507.59200183904346
-506.68752778957145
-505.7973212831833
-504.9215360845744
-504.06019904734626
-503.21345831783435
-502.38134540064743
-501.56400278225135
-500.7614560461319
-499.9738489051477
-499.2012041860295
-498.4436030896952
-497.70118819866394
-496.9739751441759
-496.2621012379425
-495.56558187013945
-494.8845494066523
-494.21907991565973
-493.5691818949502
-492.93498637132575
-492.31656040106503
-491.7139103907762
-491.1271607683471
-490.5563744752757
-490.0016132616695
-489.46293580216303
-488.94039964381807
-488.4340604791508
-487.943971786108
-487.9439058146315
-485.974425715977
-484.01589178807
-484.01589178807
-480.87642463506495
-477.7396362444328
-474.60570373057226
-471.4746840187072
-468.3466364237311
-465.2217446182904
-462.1000725952711
-462.1000725952711
-458.27525393495046
-454.4486974767574
-450.6204517946749
-446.7905348966529
-442.9589648328924
-439.125728999287
-435.290875926669
-431.4543930389136
-427.61629824769386
-423.7766400549659
-419.93540595883604
-416.09261384788624
-412.24828172308355
-408.40242745064586
-404.5550989019392
-400.70625348228236
-396.85594002710604
-393.00414575389084
-389.15091955798675
-385.2600807141335
-381.37150033396364
-377.4852482126686
-373.60139700684385
-369.72002238022566
-365.87718657492456
-362.0330968055989
-358.18780459774183
-354.341301260805
-350.4936389154886
-350.4936389154886
-346.54589984198367
-342.59937302538964
-338.65410084704513
-334.71012767271
-330.76749996919835
-326.8262664292699
-322.88647810546234
-318.948188553616
-315.0114539869104
-311.07633344131534
-307.14288895344475
-303.211185751902
-299.2812924633135
-295.3532813343691
-291.42722847132393
-287.50321409856645
-283.5813228380277
-279.66164401139434
-275.7442719673007
-271.8293064359105
-267.91685291356765
-264.00702308049114
-260.09993525482923
-256.1957148867646
-252.29449509679174
-248.39641726277048
-244.50163166090803
-240.61029816643955
-236.72258702048308
-232.83867967034183
-228.9587696914372
-225.0830638000908
-221.21178296755704
-217.3451637418953
-213.48345935370506
-209.6269414235366
-205.77590155525186
-201.93065316710735
-198.0915335228655
-194.2589059881542
-190.43316254086776
-186.61472656852845
-182.80405599030004
-179.0016467468691
-175.20803670780953
-171.42381005346772
-167.6496021970159
-163.88610532231223
-160.13407462480433
-156.39433535616575
-152.6677907889523
-148.95543123562103
-145.25834427711334
-141.57772638022902
-137.9148961105712
-134.27130917925967
-130.64857559714565
-127.04847925001648
-123.47300025207413
-119.92434048217055
-116.40495275651499
-112.91757414033233
-109.46526394503626
-106.05144699014485
-102.6799627199903
-99.35512073859977
-96.08176323898788
-92.86533462262518
-89.71195828516632
-86.62852002357386
-83.62275671680585
-80.7033477477205
-77.87999852676403
-75.1635420890339
-72.56598379552995
-70.10054211672116
-67.78163513744133
-65.62479847400816
-63.6465108517748
-61.86390359860853
-60.294335134510874
-58.95482326467814
-57.8613478846466
-57.028063511649236
-56.46649035269716
-56.18477635103412
-56.187131182167896
-56.47351931082837
-57.039662850991995
-57.87735213038111
-57.87735213038111
-57.87735213038111
-57.87735213038111
-57.87735213038111
-57.87735213038111
-57.87735213038111
-57.87735213038111
-57.87735213038111
-57.87735213038111
-57.87735213038111
