62.8062629699707 452.7953186035156 0.7814911603927612
65.62342834472656 455.57965087890625 0.7775841355323792
68.45144653320312 458.35296630859375 0.7736771106719971
71.290283203125 461.1152038574219 0.769770085811615
74.139892578125 463.8663330078125 0.7658630609512329
77.00022888183594 466.6062927246094 0.7619560360908508
79.87124633789062 469.3350830078125 0.7580490112304688
82.75289916992188 472.0526123046875 0.7541419863700867
85.64514923095703 474.7588806152344 0.7502349615097046
88.5479507446289 477.4538269042969 0.7463279366493225
91.46125793457031 480.13739013671875 0.7424209117889404
94.3850326538086 482.8095703125 0.7385138869285583
97.31922149658203 485.4703063964844 0.7346068620681763
100.26378631591797 488.1195373535156 0.7306998372077942
103.21867370605469 490.75726318359375 0.7267928123474121
106.18384552001953 493.3834228515625 0.72288578748703
109.15925598144531 495.99798583984375 0.718978762626648
112.14485931396484 498.60089111328125 0.7150717377662659
115.14060974121094 501.1921081542969 0.7111647129058838
118.1464614868164 503.7716064453125 0.7072576880455017
121.16236877441406 506.3393249511719 0.7033506631851196
124.18828582763672 508.895263671875 0.6994436383247375
127.22416687011719 511.4393615722656 0.6955366134643555
130.26995849609375 513.9715576171875 0.6916295886039734
133.32562255859375 516.4918212890625 0.6877225637435913
136.39111328125 519.0001220703125 0.6838155388832092
139.4663848876953 521.4964599609375 0.6799085140228271
142.55137634277344 523.9807739257812 0.6760014891624451
145.64605712890625 526.4530029296875 0.672094464302063
148.7503662109375 528.9131469726562 0.6681874394416809
151.86427307128906 531.3611450195312 0.6642804145812988
154.9877166748047 533.7969360351562 0.6603733897209167
158.1206512451172 536.2205200195312 0.6564663648605347
160.4502716064453 537.8055419921875 0.538399338722229
160.4502716064453 537.8055419921875 0.13839933276176453
164.3743896484375 538.3442993164062 0.13449232280254364
168.3005828857422 538.8677368164062 0.13058531284332275
172.22879028320312 539.3758544921875 0.12667830288410187
176.15895080566406 539.8685913085938 0.12277129292488098
176.15895080566406 539.8685913085938 -0.2772287130355835
179.96652221679688 538.777099609375 -0.2811357378959656
183.76979064941406 537.6707153320312 -0.28504276275634766
187.56871032714844 536.5494995117188 -0.28894978761672974
191.36322021484375 535.4134521484375 -0.2928568124771118
195.15325927734375 534.2625732421875 -0.2967638373374939
198.93878173828125 533.096923828125 -0.300670862197876
198.93878173828125 533.096923828125 -0.7006708383560181
201.96156311035156 530.5372924804688 -0.7045778632164001
204.9743194580078 527.9658813476562 -0.7084848880767822
207.9770050048828 525.3826904296875 -0.7123919129371643
210.96957397460938 522.7877807617188 -0.7162989377975464
213.9519805908203 520.1812133789062 -0.7202059626579285
216.92417907714844 517.56298828125 -0.7241129875183105
219.88612365722656 514.9331665039062 -0.7280200123786926
222.8377685546875 512.2918090820312 -0.7319270372390747
225.77908325195312 509.6389465332031 -0.7358340620994568
228.7100067138672 506.974609375 -0.7397410869598389
231.6304931640625 504.2988586425781 -0.743648111820221
234.54051208496094 501.6117248535156 -0.747555136680603
237.44000244140625 498.9132385253906 -0.7514621615409851
240.3289337158203 496.20343017578125 -0.7553691864013672
243.20724487304688 493.48236083984375 -0.7592762112617493
246.0749053955078 490.75006103515625 -0.7631832361221313
248.93186950683594 488.006591796875 -0.7670902609825134
251.77809143066406 485.2519836425781 -0.7709972858428955
254.61354064941406 482.48626708984375 -0.7749043107032776
257.43817138671875 479.7095031738281 -0.7788113355636597
260.2519226074219 476.9217224121094 -0.7827183604240417
263.05474853515625 474.1229553222656 -0.7866253852844238
265.84661865234375 471.3132629394531 -0.7905324101448059
268.62750244140625 468.49267578125 -0.794439435005188
271.3973388671875 465.6612548828125 -0.7983464598655701
271.3973388671875 465.6612548828125 -1.198346495628357
271.3973388671875 465.6612548828125 -1.598346471786499
271.2804870605469 461.7020568847656 -1.6022534370422363
271.1481628417969 457.74334716796875 -1.6061604022979736
271.0003967285156 453.7851867675781 -1.610067367553711
270.837158203125 449.82763671875 -1.6139743328094482
270.658447265625 445.8707275390625 -1.6178812980651855
270.46429443359375 441.91455078125 -1.6217882633209229
270.2546691894531 437.95916748046875 -1.6256952285766602
270.2546691894531 437.95916748046875 -2.025695323944092
268.5074157714844 434.4044494628906 -2.029602289199829
266.74627685546875 430.8565979003906 -2.0335092544555664
264.9712829589844 427.3156433105469 -2.0374162197113037
263.1824645996094 423.7816467285156 -2.041323184967041
261.3798522949219 420.2546691894531 -2.0452301502227783
259.5634765625 416.7347717285156 -2.0491371154785156
257.7333679199219 413.22198486328125 -2.053044080734253
255.88955688476562 409.71636962890625 -2.0569510459899902
254.0320587158203 406.2179870605469 -2.0608580112457275
252.16090393066406 402.7268981933594 -2.064764976501465
250.276123046875 399.2431335449219 -2.068671941757202
248.37774658203125 395.7667541503906 -2.0725789070129395
246.46580505371094 392.2978210449219 -2.0764858722686768
244.5403289794922 388.8363952636719 -2.080392837524414
242.60133361816406 385.38250732421875 -2.0842998027801514
240.64886474609375 381.93621826171875 -2.0882067680358887
240.64886474609375 381.93621826171875 -2.4882068634033203
237.4990692138672 379.53460693359375 -2.4921138286590576
234.3399200439453 377.14532470703125 -2.496020793914795
231.1714630126953 374.7684020996094 -2.4999277591705322
227.99374389648438 372.40386962890625 -2.5038347244262695
224.8068084716797 370.0517578125 -2.507741689682007
221.61070251464844 367.7121276855469 -2.511648654937744
218.40548706054688 365.385009765625 -2.5155556201934814
215.19119262695312 363.0704345703125 -2.5194625854492188
211.96788024902344 360.7684326171875 -2.523369550704956
208.73561096191406 358.4790344238281 -2.5272765159606934
205.49441528320312 356.2022705078125 -2.5311834812164307
202.24435424804688 353.9382019042969 -2.535090446472168
202.24435424804688 353.9382019042969 -2.9350905418395996
202.24435424804688 353.9382019042969 2.948094606399536
202.24435424804688 353.9382019042969 2.5480945110321045
202.24435424804688 353.9382019042969 2.148094415664673
202.24435424804688 353.9382019042969 1.7480944395065308
202.24435424804688 353.9382019042969 1.3480944633483887
202.24435424804688 353.9382019042969 0.9480944871902466
204.57728576660156 357.18743896484375 0.9480944871902466
206.91021728515625 360.4366760253906 0.9480944871902466
209.2266387939453 363.6496276855469 0.9441874623298645
211.5555877685547 366.853515625 0.9402804374694824
213.8970489501953 370.04827880859375 0.9363734126091003
216.2509765625 373.23388671875 0.9324663877487183
218.61732482910156 376.4102478027344 0.9285593628883362
220.99606323242188 379.5773620605469 0.9246523380279541
223.3871612548828 382.7351379394531 0.920745313167572
225.7905731201172 385.883544921875 0.9168382883071899
228.20626831054688 389.0225524902344 0.9129312634468079
230.63421630859375 392.152099609375 0.9090242385864258
233.07437133789062 395.2721252441406 0.9051172137260437
235.5266876220703 398.3825988769531 0.9012101888656616
237.99114990234375 401.48345947265625 0.8973031640052795
240.4676971435547 404.5746765136719 0.8933961391448975
242.95631408691406 407.65618896484375 0.8894891142845154
245.45693969726562 410.72796630859375 0.8855820894241333
247.9695587158203 413.7899475097656 0.8816750645637512
247.9695587158203 413.7899475097656 0.48167505860328674
251.48338317871094 415.6180419921875 0.47776803374290466
255.0352783203125 417.45709228515625 0.4777439534664154
258.58740234375 419.29620361328125 0.4777439534664154
262.1083984375 421.1104736328125 0.4738369286060333
265.6676940917969 422.9356994628906 0.4738369286060333
269.19573974609375 424.7362060546875 0.46992990374565125
272.76214599609375 426.5475158691406 0.46992990374565125
276.2972106933594 428.334228515625 0.46602287888526917
279.87066650390625 430.1315612792969 0.46602287888526917
283.4126892089844 431.9044494628906 0.4621158540248871
286.9931335449219 433.6878356933594 0.4621158540248871
290.54205322265625 435.4468688964844 0.458208829164505
294.0978088378906 437.1920166015625 0.4543018043041229
297.6603698730469 438.9232482910156 0.45039477944374084
301.2296447753906 440.64056396484375 0.44648775458335876
304.80560302734375 442.3439025878906 0.4425807297229767
308.3882141113281 444.03326416015625 0.4386737048625946
311.9773864746094 445.7086181640625 0.4347666800022125
315.57305908203125 447.36993408203125 0.43085965514183044
319.2074890136719 449.04052734375 0.43085965514183044
322.8419189453125 450.71112060546875 0.43085965514183044
326.4763488769531 452.3817138671875 0.43085965514183044
330.11077880859375 454.05230712890625 0.43085965514183044
333.7452087402344 455.722900390625 0.43085965514183044
337.379638671875 457.39349365234375 0.43085965514183044
341.0140686035156 459.0640869140625 0.43085965514183044
344.64849853515625 460.73468017578125 0.43085965514183044
348.2829284667969 462.4052734375 0.43085965514183044
351.9173583984375 464.07586669921875 0.43085965514183044
355.5517883300781 465.7464599609375 0.43085965514183044
359.18621826171875 467.41705322265625 0.43085965514183044
362.8206481933594 469.087646484375 0.43085965514183044
366.455078125 470.75823974609375 0.43085965514183044
370.0895080566406 472.4288330078125 0.43085965514183044
373.72393798828125 474.09942626953125 0.43085965514183044
377.3583679199219 475.77001953125 0.43085965514183044
380.9927978515625 477.44061279296875 0.43085965514183044
384.6272277832031 479.1112060546875 0.43085965514183044
388.26165771484375 480.78179931640625 0.43085965514183044
391.8960876464844 482.452392578125 0.43085965514183044
395.530517578125 484.12298583984375 0.43085965514183044
399.1649475097656 485.7935791015625 0.43085965514183044
402.79937744140625 487.46417236328125 0.43085965514183044
406.4338073730469 489.134765625 0.43085965514183044
410.0682373046875 490.80535888671875 0.43085965514183044
413.6703796386719 492.4526062011719 0.42695263028144836
417.2789306640625 494.0857849121094 0.4230456054210663
420.8938293457031 495.704833984375 0.4191385805606842
424.5150451660156 497.30975341796875 0.4152315557003021
428.1424865722656 498.9005126953125 0.41132453083992004
431.776123046875 500.4770812988281 0.40741750597953796
435.4158935546875 502.0394592285156 0.4035104811191559
439.0617370605469 503.58758544921875 0.3996034562587738
442.7135925292969 505.1214599609375 0.3956964313983917
446.3714294433594 506.64105224609375 0.39178940653800964
450.0351867675781 508.1463623046875 0.38788238167762756
453.70477294921875 509.6373291015625 0.3839753568172455
457.3801574707031 511.11395263671875 0.3800683319568634
461.061279296875 512.5762329101562 0.3761613070964813
464.74810791015625 514.0241088867188 0.37225428223609924
468.4405517578125 515.4575805664062 0.36834725737571716
472.1385803222656 516.8765869140625 0.3644402325153351
475.8421325683594 518.2811279296875 0.360533207654953
479.5511169433594 519.6712036132812 0.3566261827945709
483.2655029296875 521.0467529296875 0.35271915793418884
486.9852600097656 522.4077758789062 0.34881213307380676
490.7102966308594 523.7542724609375 0.3449051082134247
494.4405517578125 525.086181640625 0.3409980833530426
498.1759948730469 526.4035034179688 0.3370910584926605
501.91656494140625 527.7062377929688 0.33318403363227844
505.6622009277344 528.994384765625 0.32927700877189636
509.412841796875 530.2678833007812 0.3253699839115143
513.1683959960938 531.5266723632812 0.3214629590511322
516.9288330078125 532.7708129882812 0.3175559341907501
520.6941528320312 534.000244140625 0.31364890933036804
524.4642333984375 535.2149658203125 0.30974188446998596
528.239013671875 536.4149169921875 0.3058348596096039
532.0184326171875 537.6001586914062 0.3019278347492218
535.802490234375 538.7705688476562 0.2980208098888397
539.5908813476562 539.9260864257812 0.2940905690193176
539.5908813476562 539.9260864257812 -0.10590943694114685
539.5908813476562 539.9260864257812 -0.5059094429016113
539.5908813476562 539.9260864257812 -0.9059094190597534
539.5908813476562 539.9260864257812 -1.3059093952178955
540.620361328125 536.101318359375 -1.3098163604736328
541.6348876953125 532.2725219726562 -1.3137233257293701
542.6344604492188 528.4398193359375 -1.3176302909851074
543.6190795898438 524.6032104492188 -1.3215372562408447
544.5886840820312 520.7628173828125 -1.325444221496582
545.5432739257812 516.9186401367188 -1.3293511867523193
546.4828491210938 513.0707397460938 -1.3332581520080566
547.4073486328125 509.2192077636719 -1.337165117263794
548.3168334960938 505.3641052246094 -1.3410720825195312
548.3168334960938 505.3641052246094 -1.7410720586776733
547.6380004882812 501.4617919921875 -1.7449790239334106
546.9439697265625 497.5621337890625 -1.748885989189148
546.2346801757812 493.66522216796875 -1.7527929544448853
545.5101928710938 489.7711181640625 -1.7566999197006226
544.7704467773438 485.8798828125 -1.7606068849563599
544.0155029296875 481.9915466308594 -1.7645138502120972
543.2454223632812 478.106201171875 -1.7684208154678345
542.4601440429688 474.2239074707031 -1.7723277807235718
542.4601440429688 474.2239074707031 -2.172327756881714
540.2122802734375 470.9626159667969 -2.176234722137451
537.95166015625 467.71014404296875 -2.1801416873931885
535.6783447265625 464.4665222167969 -2.184048652648926
533.3923950195312 461.2318115234375 -2.187955617904663
531.0938110351562 458.00604248046875 -2.1918625831604004
528.7826538085938 454.789306640625 -2.1957695484161377
526.4589233398438 451.58160400390625 -2.199676513671875
526.4589233398438 451.58160400390625 -2.5996766090393066
523.0599365234375 449.5438537597656 -2.6033737659454346
519.6254272460938 447.4934387207031 -2.6033737659454346
516.19091796875 445.4430236816406 -2.6033737659454346
512.7564086914062 443.3926086425781 -2.6033737659454346
509.3219299316406 441.3421936035156 -2.6033737659454346
505.887451171875 439.2917785644531 -2.6033737659454346
502.4529724121094 437.2413635253906 -2.6033737659454346
499.01849365234375 435.1909484863281 -2.6033737659454346
495.5840148925781 433.1405334472656 -2.6033737659454346
492.1495361328125 431.0901184082031 -2.6033737659454346
488.7150573730469 429.0397033691406 -2.6033737659454346
485.28057861328125 426.9892883300781 -2.6033737659454346
481.8460998535156 424.9388732910156 -2.6033737659454346
478.41162109375 422.8884582519531 -2.6033737659454346
474.9771423339844 420.8380432128906 -2.6033737659454346
471.54266357421875 418.7876281738281 -2.6033737659454346
468.1081848144531 416.7372131347656 -2.6033737659454346
464.6737060546875 414.6867980957031 -2.6033737659454346
461.2392272949219 412.6363830566406 -2.6033737659454346
457.80474853515625 410.5859680175781 -2.6033737659454346
454.3702697753906 408.5355529785156 -2.6033737659454346
450.935791015625 406.4851379394531 -2.6033737659454346
447.5013122558594 404.4347229003906 -2.6033737659454346
444.06683349609375 402.3843078613281 -2.6033737659454346
440.6323547363281 400.3338928222656 -2.6033737659454346
437.1978759765625 398.2834777832031 -2.6033737659454346
433.7633972167969 396.2330627441406 -2.6033737659454346
430.32891845703125 394.1826477050781 -2.6033737659454346
426.8944396972656 392.1322326660156 -2.6033737659454346
423.4599609375 390.0818176269531 -2.6033737659454346
420.0254821777344 388.0314025878906 -2.6033737659454346
416.59100341796875 385.9809875488281 -2.6033737659454346
413.1565246582031 383.9305725097656 -2.6033737659454346
409.7220458984375 381.8801574707031 -2.6033737659454346
406.2875671386719 379.8297424316406 -2.6033737659454346
402.85308837890625 377.7793273925781 -2.6033737659454346
399.4186096191406 375.7289123535156 -2.6033737659454346
395.984130859375 373.6784973144531 -2.6033737659454346
392.5496520996094 371.6280822753906 -2.6033737659454346
389.11517333984375 369.5776672363281 -2.6033737659454346
385.6806945800781 367.5272521972656 -2.6033737659454346
382.2462158203125 365.4768371582031 -2.6033737659454346
378.8117370605469 363.4264221191406 -2.6033737659454346
375.37725830078125 361.3760070800781 -2.6033737659454346
371.9427795410156 359.3255920410156 -2.6033737659454346
368.50830078125 357.2751770019531 -2.6033737659454346
365.0738220214844 355.2247619628906 -2.6033737659454346
361.63934326171875 353.1743469238281 -2.6033737659454346
358.2048645019531 351.1239318847656 -2.6033737659454346
354.7703857421875 349.0735168457031 -2.6033737659454346
351.3359069824219 347.0231018066406 -2.6033737659454346
347.90142822265625 344.9726867675781 -2.6033737659454346
344.4669494628906 342.9222717285156 -2.6033737659454346
341.032470703125 340.8718566894531 -2.6033737659454346
337.5979919433594 338.8214416503906 -2.6033737659454346
334.16351318359375 336.7710266113281 -2.6033737659454346
330.7290344238281 334.7206115722656 -2.6033737659454346
327.2945556640625 332.6701965332031 -2.6033737659454346
323.8600769042969 330.6197814941406 -2.6033737659454346
320.42559814453125 328.5693664550781 -2.6033737659454346
316.9911193847656 326.5189514160156 -2.6033737659454346
313.556640625 324.4685363769531 -2.6033737659454346
310.1221618652344 322.4181213378906 -2.6033737659454346
306.68768310546875 320.3677062988281 -2.6033737659454346
303.2532043457031 318.3172912597656 -2.6033737659454346
299.8482971191406 316.2935485839844 -2.607280731201172
296.40582275390625 314.2565612792969 -2.607280731201172
292.9815368652344 312.2358703613281 -2.6096770763397217
289.5341796875 310.2071228027344 -2.6096770763397217
286.0868225097656 308.1783752441406 -2.6096770763397217
282.63946533203125 306.1496276855469 -2.6096770763397217
279.22186279296875 304.1473693847656 -2.613584041595459
275.7666015625 302.1321105957031 -2.613584041595459
272.3412170410156 300.1432189941406 -2.617490530014038
268.87811279296875 298.1414794921875 -2.617490530014038
265.4150085449219 296.1397399902344 -2.617490530014038
261.951904296875 294.13800048828125 -2.617490530014038
258.4888000488281 292.1362609863281 -2.617490530014038
255.0257110595703 290.134521484375 -2.617490530014038
251.5925750732422 288.1590270996094 -2.6213974952697754
248.15174865722656 286.19696044921875 -2.6253044605255127
248.15174865722656 286.19696044921875 -3.0253045558929443
244.67811584472656 285.8810119628906 -3.0764694213867188
240.6865997314453 285.6206970214844 -3.0764694213867188
236.69508361816406 285.3603820800781 -3.0764694213867188
232.7035675048828 285.1000671386719 -3.0764694213867188
232.7035675048828 285.1000671386719 2.806715726852417
228.964599609375 286.40924072265625 2.8028690814971924
225.23130798339844 287.7326965332031 2.798962116241455
221.50311279296875 289.07073974609375 2.795065402984619
217.7802734375 290.42327880859375 2.791158437728882
214.02337646484375 291.7965087890625 2.791158437728882
210.30584716796875 293.16357421875 2.7872514724731445
206.55435180664062 294.55145263671875 2.7872514724731445
202.8421630859375 295.93304443359375 2.783346652984619
199.13729858398438 297.32879638671875 2.779252290725708
199.13729858398438 297.32879638671875 2.3792521953582764
199.13729858398438 297.32879638671875 1.9792522192001343
199.13729858398438 297.32879638671875 1.5792522430419922
199.13729858398438 297.32879638671875 1.17925226688385
199.13729858398438 297.32879638671875 0.779252290725708
199.13729858398438 297.32879638671875 0.37925228476524353
199.13729858398438 297.32879638671875 -0.020747721195220947
199.13729858398438 297.32879638671875 -0.4207477271556854
199.13729858398438 297.32879638671875 -0.8207477331161499
201.83169555664062 294.4255065917969 -0.824654757976532
204.5147247314453 291.5116882324219 -0.8285617828369141
207.1863555908203 288.5874328613281 -0.8324688076972961
209.84654235839844 285.6527404785156 -0.8363758325576782
212.4952392578125 282.7076721191406 -0.8402828574180603
215.13241577148438 279.7522888183594 -0.8441898822784424
217.7580108642578 276.78662109375 -0.8480969071388245
220.37200927734375 273.81072998046875 -0.8520039319992065
222.974365234375 270.82464599609375 -0.8559109568595886
222.974365234375 270.82464599609375 -1.2559109926223755
224.19374084472656 267.05609130859375 -1.2598179578781128
225.39837646484375 263.28277587890625 -1.26372492313385
226.5882568359375 259.5047912597656 -1.2676318883895874
227.76336669921875 255.72219848632812 -1.2715388536453247
228.92369079589844 251.93504333496094 -1.275445818901062
230.0692138671875 248.14337158203125 -1.2793527841567993
231.19992065429688 244.34725952148438 -1.2832597494125366
232.31578063964844 240.5467529296875 -1.287166714668274
233.41677856445312 236.74192810058594 -1.2910736799240112
234.50291442871094 232.93283081054688 -1.2949806451797485
235.57415771484375 229.1195068359375 -1.2988876104354858
236.6304931640625 225.30203247070312 -1.3027945756912231
237.67190551757812 221.48045349121094 -1.3067015409469604
238.69837951660156 217.65484619140625 -1.3106085062026978
239.70989990234375 213.82525634765625 -1.314515471458435
240.70645141601562 209.9917449951172 -1.3184224367141724
241.68801879882812 206.15435791015625 -1.3223294019699097
241.68801879882812 206.15435791015625 -1.7223293781280518
241.68801879882812 206.15435791015625 -2.1223294734954834
239.60592651367188 202.78480529785156 -2.1262364387512207
237.5106964111328 199.4234161376953 -2.130143404006958
235.40234375 196.0702362060547 -2.1340503692626953
233.2809295654297 192.7253875732422 -2.137964963912964
233.2809295654297 192.7253875732422 -2.5379650592803955
230.0155792236328 190.48341369628906 -2.541872024536133
226.7415008544922 188.25421142578125 -2.54577898979187
223.458740234375 186.03781127929688 -2.5496859550476074
220.16734313964844 183.83425903320312 -2.5535929203033447
216.8673553466797 181.64358520507812 -2.557499885559082
213.558837890625 179.4658203125 -2.5614068508148193
210.24183654785156 177.30099487304688 -2.5653138160705566
206.91639709472656 175.14915466308594 -2.569220781326294
203.58258056640625 173.01031494140625 -2.5731277465820312
200.2404327392578 170.884521484375 -2.5770347118377686
196.8900146484375 168.7718048095703 -2.580941677093506
193.53135681152344 166.6721954345703 -2.584848642349243
193.53135681152344 166.6721954345703 -2.984848737716675
193.53135681152344 166.6721954345703 2.898336410522461
193.53135681152344 166.6721954345703 2.4983363151550293
193.53135681152344 166.6721954345703 2.0983362197875977
193.53135681152344 166.6721954345703 1.6983362436294556
193.53135681152344 166.6721954345703 1.2983362674713135
193.53135681152344 166.6721954345703 0.8983362913131714
196.0047149658203 169.76597595214844 0.8944292664527893
198.49014282226562 172.85006713867188 0.8905222415924072
200.9875946044922 175.92442321777344 0.8866152167320251
203.49703979492188 178.98899841308594 0.8827081918716431
206.01844787597656 182.0437469482422 0.878801167011261
208.55177307128906 185.088623046875 0.8748940229415894
208.55177307128906 185.088623046875 0.4748940169811249
212.0779266357422 186.89285278320312 0.4709869921207428
215.61109924316406 188.68328857421875 0.4670799672603607
219.15122985839844 190.45989990234375 0.46317294239997864
222.6982879638672 192.22267150878906 0.45926591753959656
226.252197265625 193.97157287597656 0.4553588926792145
229.8129119873047 195.70657348632812 0.4514518678188324
233.38038635253906 197.4276580810547 0.4475448429584503
236.95455932617188 199.13478088378906 0.44363781809806824
240.53536987304688 200.8279266357422 0.43973079323768616
244.12277221679688 202.507080078125 0.4358237683773041
247.71670532226562 204.1721954345703 0.431916743516922
251.31710815429688 205.82325744628906 0.4280097186565399
254.92393493652344 207.46023559570312 0.42410269379615784
258.5371398925781 209.08311462402344 0.42019566893577576
262.1566467285156 210.69186401367188 0.4162886440753937
265.78240966796875 212.2864532470703 0.4123816192150116
269.41436767578125 213.8668670654297 0.4084745943546295
273.052490234375 215.43309020996094 0.40456756949424744
276.69671630859375 216.98507690429688 0.40066054463386536
280.3469543457031 218.52281188964844 0.3967535197734833
284.003173828125 220.04627990722656 0.3928464949131012
287.6653137207031 221.55545043945312 0.3889394700527191
291.3333435058594 223.05029296875 0.38503244519233704
295.0071716308594 224.5308074951172 0.38112542033195496
298.686767578125 225.9969482421875 0.3772183954715729
302.3720703125 227.44869995117188 0.3733113706111908
306.06298828125 228.88604736328125 0.3694043457508087
309.759521484375 230.3089599609375 0.36549732089042664
313.4615783691406 231.71742248535156 0.36159029603004456
317.1690979003906 233.1114044189453 0.3576832711696625
320.8820495605469 234.4908905029297 0.3537762463092804
324.600341796875 235.85586547851562 0.3498692214488983
328.3239440917969 237.206298828125 0.34596219658851624
332.05279541015625 238.54217529296875 0.34205517172813416
335.7868347167969 239.8634796142578 0.3381481468677521
339.5260314941406 241.17018127441406 0.33424112200737
343.2702941894531 242.46226501464844 0.3303340971469879
347.0195617675781 243.7397003173828 0.32642707228660583
350.7738037109375 245.0024871826172 0.32252004742622375
354.532958984375 246.25059509277344 0.3186130225658417
358.2969665527344 247.4840087890625 0.3147059977054596
362.0657653808594 248.70269775390625 0.3107989728450775
365.83929443359375 249.9066619873047 0.30689194798469543
369.61749267578125 251.0958709716797 0.30298492312431335
373.4002990722656 252.2703094482422 0.2990778982639313
377.18768310546875 253.42996215820312 0.2951708734035492
380.97955322265625 254.57479858398438 0.2912638485431671
384.77587890625 255.70481872558594 0.28735682368278503
388.5765686035156 256.82000732421875 0.28344979882240295
392.381591796875 257.9203186035156 0.2795427739620209
396.1908874511719 259.0057678222656 0.2756357491016388
400.00439453125 260.0763244628906 0.2717287242412567
403.8220520019531 261.1319580078125 0.26782169938087463
407.643798828125 262.17266845703125 0.26391467452049255
411.4696044921875 263.1984558105469 0.2600076496601105
415.29937744140625 264.20928955078125 0.2561006247997284
419.1330871582031 265.20513916015625 0.2521935999393463
422.97064208984375 266.1860046386719 0.24828658998012543
426.81201171875 267.1518859863281 0.24437958002090454
430.6571044921875 268.1027526855469 0.24047257006168365
434.5058898925781 269.03857421875 0.23656556010246277
438.3583068847656 269.9593505859375 0.23265855014324188
442.21429443359375 270.8650817871094 0.228751540184021
446.07379150390625 271.7557373046875 0.2248445302248001
449.9367370605469 272.63128662109375 0.22093752026557922
453.8030700683594 273.49176025390625 0.21703051030635834
457.6727294921875 274.33709716796875 0.21312350034713745
461.5456848144531 275.1673278808594 0.20921649038791656
465.4218444824219 275.982421875 0.20530948042869568
469.3011474609375 276.7823486328125 0.2014024704694748
473.1835632324219 277.567138671875 0.1974954605102539
477.0690002441406 278.33673095703125 0.19358845055103302
480.9574279785156 279.0911560058594 0.18968144059181213
484.8487548828125 279.83038330078125 0.18577443063259125
488.7429504394531 280.55438232421875 0.18186742067337036
492.63995361328125 281.26318359375 0.17796041071414948
496.5396728515625 281.95672607421875 0.1740534007549286
500.44207763671875 282.6350402832031 0.1701463907957077
500.44207763671875 282.6350402832031 -0.22985361516475677
500.44207763671875 282.6350402832031 -0.6298536062240601
503.6383972167969 280.29571533203125 -0.6337606310844421
506.8255615234375 277.94390869140625 -0.6376676559448242
510.0035095214844 275.57965087890625 -0.6415746808052063
513.1721801757812 273.2030029296875 -0.6454817056655884
516.33154296875 270.8139953613281 -0.6493887305259705
519.4815673828125 268.41265869140625 -0.6532957553863525
522.6221923828125 265.9990539550781 -0.6572027802467346
525.7533569335938 263.57318115234375 -0.6611098051071167
528.875 261.1351013183594 -0.6650168299674988
531.9871215820312 258.6848449707031 -0.6689238548278809
535.089599609375 256.2224426269531 -0.6728308796882629
535.089599609375 256.2224426269531 -1.0728309154510498
536.9746704101562 252.73886108398438 -1.076737880706787
538.8461303710938 249.24794006347656 -1.0806448459625244
540.7039184570312 245.74972534179688 -1.0845518112182617
542.5480346679688 242.24427795410156 -1.088458776473999
544.3784790039062 238.73165893554688 -1.0923657417297363
546.1951904296875 235.2119140625 -1.0962727069854736
547.9981079101562 231.6851043701172 -1.100179672241211
547.9981079101562 231.6851043701172 -1.500179648399353
548.2698364257812 227.73350524902344 -1.5040866136550903
548.526123046875 223.7808837890625 -1.5079935789108276
548.7669677734375 219.82728576660156 -1.511900544166565
548.9923706054688 215.87277221679688 -1.5158075094223022
549.2023315429688 211.91741943359375 -1.5197144746780396
549.3968505859375 207.96127319335938 -1.5236214399337769
549.575927734375 204.00439453125 -1.5275284051895142
549.739501953125 200.04684448242188 -1.5314353704452515
549.8876342773438 196.08868408203125 -1.5353423357009888
550.0203247070312 192.12997436523438 -1.539249300956726
550.1375122070312 188.1707763671875 -1.5431562662124634
550.2392578125 184.21115112304688 -1.5470632314682007
550.3255004882812 180.25115966796875 -1.550970196723938
550.3963012695312 176.29086303710938 -1.5548771619796753
550.4515991210938 172.330322265625 -1.5587841272354126
550.491455078125 168.36959838867188 -1.56269109249115
550.5158081054688 164.40875244140625 -1.5665980577468872
550.5247192382812 160.4478302001953 -1.5705050230026245
550.5181274414062 156.48690795898438 -1.5744119882583618
550.49609375 152.5260467529297 -1.5783189535140991
550.4585571289062 148.56529235839844 -1.5822259187698364
550.4055786132812 144.60472106933594 -1.5861328840255737
550.3370971679688 140.64437866210938 -1.590039849281311
550.253173828125 136.68434143066406 -1.5939468145370483
550.1537475585938 132.7246551513672 -1.5978537797927856
550.0388793945312 128.76539611816406 -1.601760745048523
549.9085083007812 124.8066177368164 -1.6056677103042603
549.7626953125 120.84837341308594 -1.6095746755599976
549.6013793945312 116.89073181152344 -1.6134816408157349
549.4246215820312 112.93374633789062 -1.6173886060714722
549.232421875 108.97748565673828 -1.6212955713272095
549.0247802734375 105.02200317382812 -1.6252025365829468
548.8016357421875 101.06736755371094 -1.629109501838684
548.5630493164062 97.11363220214844 -1.6330164670944214
548.3090209960938 93.16085815429688 -1.6369234323501587
548.03955078125 89.2091064453125 -1.640830397605896
547.754638671875 85.25843811035156 -1.6447373628616333
547.4542846679688 81.30891418457031 -1.6486443281173706
547.4537353515625 81.30694580078125 -2.048438310623169
545.6260986328125 77.79288482666016 -2.0523452758789062
543.7847290039062 74.2859878540039 -2.0562522411346436
543.7847290039062 74.2859878540039 -2.456252336502075
540.7132568359375 71.78496551513672 -2.4601593017578125
537.632080078125 69.29596710205078 -2.46406626701355
534.5411987304688 66.81902313232422 -2.467973232269287
531.4406127929688 64.35417175292969 -2.4718801975250244
528.3304443359375 61.90145492553711 -2.4757871627807617
525.210693359375 59.460906982421875 -2.479694128036499
522.0814819335938 57.03256607055664 -2.4836010932922363
522.0814819335938 57.03256607055664 -2.883601188659668
518.2496948242188 56.02946472167969 -2.8875081539154053
514.4140014648438 55.04133987426758 -2.8914151191711426
510.574462890625 54.06821060180664 -2.89532208442688
506.7311706542969 53.11008834838867 -2.899229049682617
502.8841552734375 52.166988372802734 -2.9031360149383545
499.0334777832031 51.23892593383789 -2.907042980194092
495.17919921875 50.3259162902832 -2.910949945449829
491.3214111328125 49.42797088623047 -2.9148569107055664
487.46014404296875 48.54510498046875 -2.9187638759613037
483.5954284667969 47.677330017089844 -2.922670841217041
479.72735595703125 46.82466125488281 -2.9265778064727783
475.8559875488281 45.98711013793945 -2.9304847717285156
471.98138427734375 45.16469192504883 -2.934391736984253
468.1036071777344 44.357418060302734 -2.9382987022399902
464.2228088378906 43.56534957885742 -2.94221830368042
460.33880615234375 42.7884521484375 -2.9461252689361572
456.4518127441406 42.0267333984375 -2.9500322341918945
452.5618591308594 41.28020477294922 -2.953939199447632
448.6690368652344 40.54888153076172 -2.957846164703369
444.7363586425781 39.818023681640625 -2.957846164703369
440.8036804199219 39.08716583251953 -2.957846164703369
436.8710021972656 38.35630798339844 -2.957846164703369
432.9383239746094 37.625450134277344 -2.957846164703369
429.0056457519531 36.89459228515625 -2.957846164703369
425.1099853515625 36.17848205566406 -2.9617531299591064
421.2115478515625 35.47760009765625 -2.9656600952148438
417.3104248046875 34.791954040527344 -2.969567060470581
413.4066467285156 34.121551513671875 -2.9734740257263184
409.5002746582031 33.466407775878906 -2.9773809909820557
409.5002746582031 33.466407775878906 2.90580415725708
405.6109619140625 34.400848388671875 2.90580415725708
401.7216491699219 35.335289001464844 2.90580415725708
397.83233642578125 36.26972961425781 2.90580415725708
393.9430236816406 37.20417022705078 2.90580415725708
390.0537109375 38.13861083984375 2.90580415725708
386.1643981933594 39.07305145263672 2.90580415725708
382.27508544921875 40.00749206542969 2.90580415725708
378.3857727050781 40.941932678222656 2.90580415725708
374.4964599609375 41.876373291015625 2.90580415725708
370.6071472167969 42.810813903808594 2.90580415725708
366.71783447265625 43.74525451660156 2.90580415725708
362.8285217285156 44.67969512939453 2.90580415725708
358.939208984375 45.6141357421875 2.90580415725708
355.0498962402344 46.54857635498047 2.90580415725708
351.16058349609375 47.48301696777344 2.90580415725708
347.2712707519531 48.417457580566406 2.90580415725708
343.3819580078125 49.351898193359375 2.90580415725708
339.4926452636719 50.286338806152344 2.90580415725708
335.60333251953125 51.22077941894531 2.90580415725708
331.7140197753906 52.15522003173828 2.90580415725708
327.82470703125 53.08966064453125 2.90580415725708
323.9353942871094 54.02410125732422 2.90580415725708
320.04608154296875 54.95854187011719 2.90580415725708
316.1567687988281 55.892982482910156 2.90580415725708
312.2674560546875 56.827423095703125 2.90580415725708
308.3781433105469 57.761863708496094 2.90580415725708
304.48883056640625 58.69630432128906 2.90580415725708
300.5995178222656 59.63074493408203 2.90580415725708
296.710205078125 60.565185546875 2.90580415725708
292.8208923339844 61.49962615966797 2.90580415725708
288.93157958984375 62.43406677246094 2.90580415725708
285.0422668457031 63.368507385253906 2.90580415725708
281.1529541015625 64.30294799804688 2.90580415725708
277.2636413574219 65.23738861083984 2.90580415725708
273.37432861328125 66.17182922363281 2.90580415725708
269.4850158691406 67.10626983642578 2.90580415725708
265.595703125 68.04071044921875 2.90580415725708
261.7063903808594 68.97515106201172 2.90580415725708
257.81707763671875 69.90959167480469 2.90580415725708
253.92774963378906 70.84403228759766 2.90580415725708
250.03842163085938 71.77847290039062 2.90580415725708
246.1490936279297 72.7129135131836 2.90580415725708
242.259765625 73.64735412597656 2.90580415725708
238.3704376220703 74.58179473876953 2.90580415725708
234.48110961914062 75.5162353515625 2.90580415725708
230.59178161621094 76.45067596435547 2.90580415725708
226.70245361328125 77.38511657714844 2.90580415725708
222.81312561035156 78.3195571899414 2.90580415725708
218.92379760742188 79.25399780273438 2.90580415725708
215.0344696044922 80.18843841552734 2.90580415725708
211.1451416015625 81.12287902832031 2.90580415725708
207.2558135986328 82.05731964111328 2.90580415725708
203.36648559570312 82.99176025390625 2.90580415725708
199.47715759277344 83.92620086669922 2.90580415725708
195.58782958984375 84.86064147949219 2.90580415725708
191.69850158691406 85.79508209228516 2.90580415725708
187.80917358398438 86.72952270507812 2.90580415725708
183.9198455810547 87.6639633178711 2.90580415725708
180.030517578125 88.59840393066406 2.90580415725708
176.1411895751953 89.53284454345703 2.90580415725708
172.25186157226562 90.46728515625 2.90580415725708
168.36253356933594 91.40172576904297 2.90580415725708
164.47320556640625 92.33616638183594 2.90580415725708
160.58387756347656 93.2706069946289 2.90580415725708
156.69454956054688 94.20504760742188 2.90580415725708
152.8052215576172 95.13948822021484 2.90580415725708
148.9158935546875 96.07392883300781 2.90580415725708
145.0265655517578 97.00836944580078 2.90580415725708
141.13723754882812 97.94281005859375 2.90580415725708
137.24790954589844 98.87725067138672 2.90580415725708
133.35858154296875 99.81169128417969 2.90580415725708
129.46925354003906 100.74613189697266 2.90580415725708
125.5799331665039 101.68057250976562 2.90580415725708
121.69061279296875 102.6150131225586 2.90580415725708
117.8012924194336 103.54945373535156 2.90580415725708
113.91197204589844 104.48389434814453 2.90580415725708
110.02265167236328 105.4183349609375 2.90580415725708
106.13333129882812 106.35277557373047 2.90580415725708
102.24401092529297 107.28721618652344 2.90580415725708
98.35469055175781 108.2216567993164 2.90580415725708
94.46537017822266 109.15609741210938 2.90580415725708
90.5760498046875 110.09053802490234 2.90580415725708
86.68672943115234 111.02497863769531 2.90580415725708
82.79740905761719 111.95941925048828 2.90580415725708
78.90808868408203 112.89385986328125 2.90580415725708
75.01876831054688 113.82830047607422 2.90580415725708
71.12944793701172 114.76274108886719 2.90580415725708
67.24012756347656 115.69718170166016 2.90580415725708
63.350807189941406 116.63162231445312 2.90580415725708
59.46148681640625 117.5660629272461 2.90580415725708
59.46148681640625 117.5660629272461 2.90580415725708
59.46148681640625 117.5660629272461 2.90580415725708
59.46148681640625 117.5660629272461 2.90580415725708
59.46148681640625 117.5660629272461 2.90580415725708
59.46148681640625 117.5660629272461 2.90580415725708
59.46148681640625 117.5660629272461 2.90580415725708
59.46148681640625 117.5660629272461 2.90580415725708
59.46148681640625 117.5660629272461 2.90580415725708
59.46148681640625 117.5660629272461 2.90580415725708
59.46148681640625 117.5660629272461 2.90580415725708
