-392.80534292279424
-395.61961925039265
-398.442609061028
-401.2740675154425
-404.1137853368754
-406.9615277459106
-409.81712581593496
-412.680323892179
-415.5509628532706
-418.428826789886
-421.3137041940589
-424.20544930309933
-427.10385846797175
-430.0087333441987
-432.91993895214654
-435.8372847629643
-438.7606136665526
-441.68974183043645
-444.6245192747081
-447.5647994095281
-450.5104087054651
-453.46123735610803
-456.4171182023699
-459.3778860507089
-462.3434111430709
-465.313565511377
-468.2882540525616
-471.2673214947681
-474.25062049917335
-477.23806104121184
-480.2295010732264
-483.22479542692645
-486.2238639643664
-488.25033847838415
-488.25033847838415
-489.59910324977875
-490.96163354895504
-492.33780195973793
-493.72742153618213
-493.72742153618213
-493.5782385429473
-493.44530939427744
-493.32869502939064
-493.2283914262319
-493.1443925176379
-493.0767530583372
-493.0767530583372
-491.48593979439994
-489.90776622523674
-488.3423415615212
-486.78983379732955
-485.2504111020605
-483.7241840386981
-482.2113214384383
-480.7119921850989
-479.2263418086976
-477.7545057781527
-476.2966533315523
-474.8529307975024
-473.42347366734225
-472.0084287724133
-470.60795970027647
-469.22221334857755
-467.8513588063252
-466.4955368969093
-465.15489472176034
-463.8296007964056
-462.5197889031872
-461.2255988423916
-459.9472042316413
-458.6847511547167
-457.4383986868906
-457.4383986868906
-457.4383986868906
-453.8766205897737
-450.3146865113832
-446.75266170126775
-443.19058386758996
-439.6284792593509
-436.06644370998606
-432.5045181249502
-432.5045181249502
-428.5487535967324
-424.59232117391167
-420.6352441944124
-416.67757369131596
-412.71936177398663
-408.7606616810229
-404.80150120733407
-400.84193603330925
-396.8820156844557
-392.9217985104558
-388.96131768998214
-385.0006345449483
-381.03981199545467
-377.07891464501836
-373.1179747904506
-369.1570681467571
-369.1570681467571
-365.52467030283395
-361.9054637670693
-358.29989772570116
-354.70843766038644
-351.13156599947274
-347.5698098109853
-344.02369470785
-340.4937511608901
-336.9805434834201
-333.4846562569178
-330.0066816483941
-326.54727506775345
-326.54727506775345
-326.54727506775345
-326.54727506775345
-326.54727506775345
-326.54727506775345
-326.54727506775345
-326.54727506775345
-330.4889792990385
-334.43206820512495
-338.3366461371128
-342.2399395676872
-346.1419316808501
-350.04261949892566
-353.94194531099095
-357.839940082037
-361.7365529273022
-365.63178060221276
-369.5256266433341
-373.41806738582443
-377.3090722202804
-381.1986375766535
-385.0867467687922
-388.9733890728251
-392.8585478131139
-396.7422120632455
-400.6243651636567
-400.6243651636567
-403.8936466743718
-407.20325552276586
-410.52519095981063
-413.8222278924633
-417.15921812391684
-420.470786105051
-423.8220819276976
-427.14745967769204
-430.51235749621014
-433.85086822649987
-437.2287051284106
-440.57969503227895
-443.93257931881527
-447.2872166109794
-450.6435259297335
-454.0014380803264
-457.36085991967747
-460.72171690800445
-464.083903202252
-467.4846790232313
-470.8948726894044
-474.3142810654002
-477.742706290431
-481.17995562837285
-484.6258413219843
-488.08018045118337
-491.5427947953043
-495.0135106992515
-498.4921589434659
-501.9785746176202
-505.4725969979561
-508.9740694281772
-512.4828392038119
-515.9987574599589
-519.5216790623308
-523.0514625015073
-526.5879697903174
-530.1310663642636
-533.6806209849057
-537.2365056461244
-540.798595483182
-544.3667686845026
-547.9409064060937
-551.5208926885333
-555.1066143764477
-558.6594487038834
-562.210923366093
-565.7610255578013
-569.3097385918551
-572.8570071009539
-576.4028150415487
-579.9471271394025
-583.4899315499789
-587.0311932697059
-590.570897476646
-594.1089897662797
-597.6454788274254
-601.180330508585
-604.7134880088373
-608.244983600324
-611.7747633352634
-615.3027913950829
-618.8290368238066
-622.3535094742122
-625.8761987469455
-629.3970698226187
-632.9160469980893
-636.4331647394171
-639.9483888720458
-643.4617092642814
-646.9730714405182
-650.4824654270152
-653.9898811464217
-657.4952645278204
-660.9986056375254
-664.4998944318826
-667.999163538299
-671.4963167347688
-674.9913439920299
-678.4839330709873
-678.4839330709873
-678.4839330709873
-678.4839330709873
-678.4839330709873
-676.514881308241
-674.5498424311235
-672.5889377551226
-670.6322036494975
-668.679717787067
-666.7315173710471
-664.7877242357712
-662.848332196371
-660.9134669769019
-660.9134669769019
-657.7867513442297
-654.659512560067
-651.5318298078593
-648.4037374678294
-645.2752042276096
-642.1463309475836
-639.0171991050004
-635.8877786220467
-635.8877786220467
-632.0586009202862
-628.2271223926431
-624.3933205136367
-620.5572389866286
-616.7188552367656
-612.8782129705036
-609.0353091874597
-609.0353091874597
-605.1200495985627
-601.1721134179121
-597.2248698263942
-593.2783326479657
-589.3324928070456
-585.3873881871548
-581.4430337537696
-577.4994448783409
-573.5566373520516
-569.6146274001309
-565.673431696755
-561.73306738056
-557.7935520707985
-553.8549038841675
-549.917141452345
-545.9802839402654
-542.0443510651719
-538.1093631164858
-534.1753409765308
-530.2423061421562
-526.3102807473053
-522.3792875865762
-518.4493501398247
-514.5204925978658
-510.5927398893276
-506.6661177087203
-502.7406525457826
-498.81637171617376
-494.8933033935829
-490.97147664333215
-487.0509214575529
-483.1316687920228
-479.2137506047531
-475.29719989642314
-471.38205075276517
-467.46833838900875
-463.55609919649993
-459.6453707916201
-455.7361920671353
-451.8286032461158
-447.92264593857635
-444.018363200995
-440.115799598881
-436.2150012725723
-432.31601600645604
-428.4188933018181
-424.5236844535427
-420.63044263089637
-416.7392229626492
-412.8500826268026
-408.9630809452108
-405.0782794834061
-401.19574215595827
-397.31553533772126
-393.43772798134916
-389.5623917414878
-385.68960110607964
-381.81943353525304
-377.9519696082987
-374.0872931792785
-370.22549154184765
-366.3666556039212
-362.51088007285773
-358.6582636518915
-354.80890924859506
-351.00262620190534
-347.1644983612016
-343.3566594489985
-339.529105100605
-335.70557153783824
-331.8861977265134
-328.11071860197956
-324.30487658890524
-320.5433306007536
-316.75208649329545
-312.966039542985
-309.18538067107806
-305.41030997389504
-301.6410372613695
-297.9171773645746
-294.20491221148
-294.20491221148
-291.7498082474358
-289.0358023870415
-286.3519505956241
-283.69910866551743
-283.69910866551743
-282.48581082011304
-281.33797076016225
-280.25626717275946
-279.241554427109
-278.27790842878136
-277.38474917042976
-276.54508511120036
-275.7758745797267
-275.07743392555807
-275.07743392555807
-275.07743392555807
-275.07743392555807
-275.07743392555807
-275.07743392555807
-275.07743392555807
-275.07743392555807
-275.07743392555807
-275.07743392555807
-273.9629281691817
-272.8864398303595
-271.84843056770336
-270.8493699540476
-269.889690811347
-268.9698233007767
-268.0902017058491
-267.2512461572314
-266.4533469513889
-266.4533469513889
-264.2388389002645
-262.05251372368446
-259.8951070676671
-257.76739710175076
-255.67015028638892
-253.60413722390066
-251.57018505894743
-249.5691013817236
-247.60170702546876
-245.66884491745049
-243.7713691417802
-241.91014486890046
-240.0860356845466
-238.2999346421663
-236.55271180759968
-234.84527414986576
-233.17852338638568
-233.17852338638568
-233.17852338638568
-229.4484772466216
-225.72099242601487
-221.99626366026095
-218.2745746283378
-218.2745746283378
-214.31900346216852
-210.36449748424747
-206.41117145185504
-202.45915412394424
-198.50860207632726
-194.55964860062676
-190.61246231368068
-186.66723355092768
-182.7241235063273
-178.7833513996777
-174.84512241708603
-170.90969137090414
-170.90969137090414
-170.90969137090414
-170.90969137090414
-170.90969137090414
-170.90969137090414
-170.90969137090414
-170.90969137090414
-174.7748573037284
-178.6474686183909
-182.52699163445982
-186.41293246820044
-190.30483530517404
-194.20229040715355
-194.20229040715355
-198.0640622554494
-201.9263191136755
-205.78896001023583
-209.65190840652903
-213.51508253534075
-217.37842861566443
-221.24187054320808
-225.10534046343685
-228.96879278098575
-232.83217268612862
-236.6954092654228
-240.55845272697
-244.42127969925517
-248.28382625454498
-252.14602431826427
-256.00788077136093
-259.8693216518193
-263.7302989337676
-267.59079967787727
-271.45077865232014
-275.31020071923336
-279.16902289484847
-283.0272032637913
-286.88473466084207
-290.7415858592336
-294.59769256676196
-298.4530500593821
-302.30764584844013
-306.1614263968361
-310.01435529085285
-313.8664306111685
-317.7176256767618
-321.56790582284395
-325.4172452964168
-329.2656187107401
-333.11299272319894
-336.95934271558764
-340.8046700700403
-344.648942688582
-348.4921112294893
-352.3341780891855
-356.175120181476
-360.0149325074583
-363.85357465832544
-367.69101615025346
-371.5272608077051
-375.3622526754076
-379.1960039436945
-383.0284929471039
-386.8596825367591
-390.6895670420034
-394.51811741882557
-398.34530486411745
-402.1711161477569
-405.99553799669627
-409.8185683453947
-413.64015250143007
-417.46030397287336
-421.2790097834965
-425.0962153411702
-428.91191939861255
-432.72610916976737
-436.5387717925598
-440.34987965268334
-444.1594199267745
-447.96736516583996
-451.7737294405398
-455.5784586630088
-459.38154005919745
-463.1829877347448
-466.98274761737554
-470.7808338925189
-474.5772196286867
-478.37186497602886
-482.16478413186957
-485.95595026517515
-489.74535053540694
-493.5329310022784
-493.5329310022784
-493.5329310022784
-495.3433857947089
-497.16507691067494
-498.997908079785
-500.84170276320134
-502.6962840670698
-504.56154574950835
-506.4373399481241
-508.3234946225709
-510.21986360875184
-512.1263454604878
-514.0427840361016
-514.0427840361016
-514.4710245846466
-514.9139599943835
-515.3716372780754
-515.8439772412445
-516.3308989983366
-516.8323826068915
-517.3483491233908
-517.3483491233908
-516.3080056735364
-515.2810380732673
-514.2675462121925
-513.2676292316935
-512.281327200427
-511.3088000958981
-510.35013997909005
-509.4054426566745
-508.4747442031544
-507.55819313478895
-506.65588658665206
-505.76785730263026
-504.8942550668564
-504.0351102422781
-503.19056721239764
-502.3606574650648
-501.5455266418772
-500.74519689620394
-499.95975497038194
-499.18934299824514
-498.433979290473
-497.69380379853226
-496.9688374189161
-496.259214709422
-495.564953254462
-494.88618501473593
-494.22292214016755
-493.5752970295584
-492.9433780885841
-492.3271732721365
-491.7268083549653
-491.14234777064905
-490.5738542103576
-490.02138859308184
-489.48501003651876
-488.96477582864384
-488.4607410055624
-487.9729596305957
-487.9729596305957
-486.00545833066724
-484.04891743294587
-484.04891743294587
-480.91084056883676
-477.775459738918
-474.6428911255957
-471.5132531425386
-468.3866662066719
-465.26319213116284
-462.1430171244496
-462.1430171244496
-458.31877963970385
-454.492875342053
-450.6652612305519
-446.8359553987143
-443.005006396788
-439.172401723468
-435.33815936879876
-431.5022973925115
-427.66483376315495
-423.8257864255211
-419.9851734203596
-416.14301280000166
-412.2993224916176
-408.45412054580345
-404.6074545893207
-400.7592520458467
-396.9095613398838
-393.0584312285173
-389.2058491689832
-385.31566863388105
-381.42775967504156
-377.54219247017767
-373.6590400728678
-369.7783785589503
-365.93623589383486
-362.09288195139277
-358.2483077282828
-354.40253484877707
-350.5556155472176
-350.5556155472176
-346.60737204404046
-342.6603289875419
-338.7145283441683
-334.77001404540647
-330.82683210328975
-326.8850307340827
-322.9446604908239
-319.00577440546766
-315.06842814144056
-311.1326801575036
-307.1985918839019
-303.2662279118796
-299.3356561977464
-295.40694828280215
-291.48017953056114
-287.55542938286794
-283.6327816366618
-279.71232474333755
-275.79415213285745
-271.87836256500526
-267.9650605104377
-264.05435656448464
-260.14636789698363
-256.24121874181145
-252.33904093019837
-248.43997447239266
-244.5441681927853
-240.65178042421948
-236.7629797679096
-232.87794592618627
-228.9968706161882
-225.11995857365045
-221.24742858263915
-217.37951497201442
-213.5164685627172
-209.65855839556542
-205.8060733129782
-201.9593237746021
-198.11864387146784
-194.28439356374403
-190.45696117071017
-186.636766145683
-182.82426217338516
-179.01994063275276
-175.2243344745624
-171.43802257066443
-167.66163460020698
-163.8958565482189
-160.1414369035157
-156.3991936563562
-152.6700222118981
-148.95490435360577
-145.25491841169983
-141.57125081588651
-137.90520923934332
-134.2582375726228
-130.63193300205705
-127.02806550754192
-123.44860013912732
-119.89572248007548
-116.37186775469294
-112.87975408991444
-109.4224204862546
-106.00327008979113
-102.62611937209282
-99.29525380403751
-96.01549052954294
-92.79224837364713
-89.63162521025615
-86.5404822058115
-83.52653366436482
-80.59844002548377
-77.76589345318793
-75.03972212289737
-72.43193818798949
-69.95578249675867
-67.6257155339364
-65.45734000017086
-63.467230757273875
-61.67264759821922
-60.091110866992814
-58.739831548637504
-57.63500739284588
-56.79102398850095
-56.21962998659439
-55.92918064547949
-55.92405351186352
-56.204326669740226
-56.765773131981625
-57.600170698332
-57.600170698332
-57.600170698332
-57.600170698332
-57.600170698332
-57.600170698332
-57.600170698332
-57.600170698332
-57.600170698332
-57.600170698332
-57.600170698332
