62.8062629699707 452.7953186035156 0.7814911603927612
65.62342834472656 455.57965087890625 0.7775841355323792
68.45144653320312 458.35296630859375 0.7736771106719971
71.290283203125 461.1152038574219 0.769770085811615
74.139892578125 463.8663330078125 0.7658630609512329
77.00022888183594 466.6062927246094 0.7619560360908508
79.87124633789062 469.3350830078125 0.7580490112304688
82.75289916992188 472.0526123046875 0.7541419863700867
85.64514923095703 474.7588806152344 0.7502349615097046
88.5479507446289 477.4538269042969 0.7463279366493225
91.46125793457031 480.13739013671875 0.7424209117889404
94.3850326538086 482.8095703125 0.7385138869285583
97.31922149658203 485.4703063964844 0.7346068620681763
100.26378631591797 488.1195373535156 0.7306998372077942
103.21867370605469 490.75726318359375 0.7267928123474121
106.18384552001953 493.3834228515625 0.72288578748703
109.15925598144531 495.99798583984375 0.718978762626648
112.14485931396484 498.60089111328125 0.7150717377662659
115.14060974121094 501.1921081542969 0.7111647129058838
118.1464614868164 503.7716064453125 0.7072576880455017
121.16236877441406 506.3393249511719 0.7033506631851196
124.18828582763672 508.895263671875 0.6994436383247375
127.22416687011719 511.4393615722656 0.6955366134643555
130.26995849609375 513.9715576171875 0.6916295886039734
133.32562255859375 516.4918212890625 0.6877225637435913
136.39111328125 519.0001220703125 0.6838155388832092
139.4663848876953 521.4964599609375 0.6799085140228271
142.55137634277344 523.9807739257812 0.6760014891624451
145.64605712890625 526.4530029296875 0.672094464302063
148.7503662109375 528.9131469726562 0.6681874394416809
151.86427307128906 531.3611450195312 0.6642804145812988
154.9877166748047 533.7969360351562 0.6603733897209167
158.1206512451172 536.2205200195312 0.6564663648605347
160.4502716064453 537.8055419921875 0.538399338722229
160.4502716064453 537.8055419921875 0.13839933276176453
164.3743896484375 538.3442993164062 0.13449232280254364
168.3005828857422 538.8677368164062 0.13058531284332275
172.22879028320312 539.3758544921875 0.12667830288410187
176.15895080566406 539.8685913085938 0.12277129292488098
176.15895080566406 539.8685913085938 -0.2772287130355835
179.96652221679688 538.777099609375 -0.2811357378959656
183.76979064941406 537.6707153320312 -0.28504276275634766
187.56871032714844 536.5494995117188 -0.28894978761672974
191.36322021484375 535.4134521484375 -0.2928568124771118
195.15325927734375 534.2625732421875 -0.2967638373374939
198.93878173828125 533.096923828125 -0.300670862197876
198.93878173828125 533.096923828125 -0.7006708383560181
201.96156311035156 530.5372924804688 -0.7045778632164001
204.9743194580078 527.9658813476562 -0.7084848880767822
207.9770050048828 525.3826904296875 -0.7123919129371643
210.96957397460938 522.7877807617188 -0.7162989377975464
213.9519805908203 520.1812133789062 -0.7202059626579285
216.92417907714844 517.56298828125 -0.7241129875183105
219.88612365722656 514.9331665039062 -0.7280200123786926
222.8377685546875 512.2918090820312 -0.7319270372390747
225.77908325195312 509.6389465332031 -0.7358340620994568
228.7100067138672 506.974609375 -0.7397410869598389
231.6304931640625 504.2988586425781 -0.743648111820221
234.54051208496094 501.6117248535156 -0.747555136680603
237.44000244140625 498.9132385253906 -0.7514621615409851
240.3289337158203 496.20343017578125 -0.7553691864013672
243.20724487304688 493.48236083984375 -0.7592762112617493
246.0749053955078 490.75006103515625 -0.7631832361221313
248.93186950683594 488.006591796875 -0.7670902609825134
251.77809143066406 485.2519836425781 -0.7709972858428955
254.61354064941406 482.48626708984375 -0.7749043107032776
257.43817138671875 479.7095031738281 -0.7788113355636597
260.2519226074219 476.9217224121094 -0.7827183604240417
263.05474853515625 474.1229553222656 -0.7866253852844238
265.84661865234375 471.3132629394531 -0.7905324101448059
268.62750244140625 468.49267578125 -0.794439435005188
271.3973388671875 465.6612548828125 -0.7983464598655701
271.3973388671875 465.6612548828125 -1.198346495628357
271.3973388671875 465.6612548828125 -1.598346471786499
271.2804870605469 461.7020568847656 -1.6022534370422363
271.1481628417969 457.74334716796875 -1.6061604022979736
271.0003967285156 453.7851867675781 -1.610067367553711
270.837158203125 449.82763671875 -1.6139743328094482
270.658447265625 445.8707275390625 -1.6178812980651855
270.46429443359375 441.91455078125 -1.6217882633209229
270.2546691894531 437.95916748046875 -1.6256952285766602
270.2546691894531 437.95916748046875 -2.025695323944092
268.5074157714844 434.4044494628906 -2.029602289199829
266.74627685546875 430.8565979003906 -2.0335092544555664
264.9712829589844 427.3156433105469 -2.0374162197113037
263.1824645996094 423.7816467285156 -2.041323184967041
261.3798522949219 420.2546691894531 -2.0452301502227783
259.5634765625 416.7347717285156 -2.0491371154785156
257.7333679199219 413.22198486328125 -2.053044080734253
255.88955688476562 409.71636962890625 -2.0569510459899902
254.0320587158203 406.2179870605469 -2.0608580112457275
252.16090393066406 402.7268981933594 -2.064764976501465
250.276123046875 399.2431335449219 -2.068671941757202
248.37774658203125 395.7667541503906 -2.0725789070129395
246.46580505371094 392.2978210449219 -2.0764858722686768
244.5403289794922 388.8363952636719 -2.080392837524414
242.60133361816406 385.38250732421875 -2.0842998027801514
240.64886474609375 381.93621826171875 -2.0882067680358887
240.64886474609375 381.93621826171875 -2.4882068634033203
237.4990692138672 379.53460693359375 -2.4921138286590576
234.3399200439453 377.14532470703125 -2.496020793914795
231.1714630126953 374.7684020996094 -2.4999277591705322
227.99374389648438 372.40386962890625 -2.5038347244262695
224.8068084716797 370.0517578125 -2.507741689682007
221.61070251464844 367.7121276855469 -2.511648654937744
218.40548706054688 365.385009765625 -2.5155556201934814
215.19119262695312 363.0704345703125 -2.5194625854492188
211.96788024902344 360.7684326171875 -2.523369550704956
208.73561096191406 358.4790344238281 -2.5272765159606934
205.49441528320312 356.2022705078125 -2.5311834812164307
202.24435424804688 353.9382019042969 -2.535090446472168
202.24435424804688 353.9382019042969 -2.9350905418395996
202.24435424804688 353.9382019042969 2.948094606399536
202.24435424804688 353.9382019042969 2.5480945110321045
202.24435424804688 353.9382019042969 2.148094415664673
202.24435424804688 353.9382019042969 1.7480944395065308
202.24435424804688 353.9382019042969 1.3480944633483887
202.24435424804688 353.9382019042969 0.9480944871902466
204.57728576660156 357.18743896484375 0.9480944871902466
206.91021728515625 360.4366760253906 0.9480944871902466
209.2266387939453 363.6496276855469 0.9441874623298645
211.5555877685547 366.853515625 0.9402804374694824
213.8970489501953 370.04827880859375 0.9363734126091003
216.2509765625 373.23388671875 0.9324663877487183
218.61732482910156 376.4102478027344 0.9285593628883362
220.99606323242188 379.5773620605469 0.9246523380279541
223.3871612548828 382.7351379394531 0.920745313167572
225.7905731201172 385.883544921875 0.9168382883071899
228.20626831054688 389.0225524902344 0.9129312634468079
230.63421630859375 392.152099609375 0.9090242385864258
233.07437133789062 395.2721252441406 0.9051172137260437
235.5266876220703 398.3825988769531 0.9012101888656616
237.99114990234375 401.48345947265625 0.8973031640052795
240.4676971435547 404.5746765136719 0.8933961391448975
242.95631408691406 407.65618896484375 0.8894891142845154
245.45693969726562 410.72796630859375 0.8855820894241333
247.9695587158203 413.7899475097656 0.8816750645637512
247.9695587158203 413.7899475097656 0.48167505860328674
251.48338317871094 415.6180419921875 0.47776803374290466
255.0325927734375 417.4549255371094 0.47740671038627625
258.5853576660156 419.2928466796875 0.47740671038627625
262.1069641113281 421.1059265136719 0.47349968552589417
265.6668701171875 422.929931640625 0.47349968552589417
269.1955261230469 424.729248046875 0.4695926606655121
272.7625427246094 426.5393371582031 0.4695926606655121
276.2982177734375 428.3248596191406 0.46568563580513
279.8722839355469 430.1210021972656 0.46568563580513
283.4148864746094 431.8926696777344 0.4617786109447479
286.9959411621094 433.6748352050781 0.4617786109447479
290.5454406738281 435.4326477050781 0.45787158608436584
294.1017761230469 437.1766052246094 0.45396456122398376
297.6649169921875 438.9066467285156 0.4500575363636017
301.2347717285156 440.62274169921875 0.4461505115032196
304.8113098144531 442.32489013671875 0.4422434866428375
308.39447021484375 444.0130310058594 0.43833646178245544
311.98419189453125 445.6871643066406 0.43442943692207336
315.5804443359375 447.3472595214844 0.4305224120616913
319.2154235839844 449.0166320800781 0.4305224120616913
322.85040283203125 450.6860046386719 0.4305224120616913
326.4853820800781 452.3553771972656 0.4305224120616913
330.120361328125 454.0247497558594 0.4305224120616913
333.7553405761719 455.6941223144531 0.4305224120616913
337.39031982421875 457.3634948730469 0.4305224120616913
341.0252990722656 459.0328674316406 0.4305224120616913
344.6602783203125 460.7022399902344 0.4305224120616913
348.2952575683594 462.3716125488281 0.4305224120616913
351.93023681640625 464.0409851074219 0.4305224120616913
355.5652160644531 465.7103576660156 0.4305224120616913
359.2001953125 467.3797302246094 0.4305224120616913
362.8351745605469 469.0491027832031 0.4305224120616913
366.47015380859375 470.7184753417969 0.4305224120616913
370.1051330566406 472.3878479003906 0.4305224120616913
373.7401123046875 474.0572204589844 0.4305224120616913
377.3750915527344 475.7265930175781 0.4305224120616913
381.01007080078125 477.3959655761719 0.4305224120616913
384.6450500488281 479.0653381347656 0.4305224120616913
388.280029296875 480.7347106933594 0.4305224120616913
391.9150085449219 482.4040832519531 0.4305224120616913
395.54998779296875 484.0734558105469 0.4305224120616913
399.1849670410156 485.7428283691406 0.4305224120616913
402.8199462890625 487.4122009277344 0.4305224120616913
406.4549255371094 489.0815734863281 0.4305224120616913
410.08990478515625 490.7509460449219 0.4305224120616913
413.6925964355469 492.39697265625 0.4266153872013092
417.30169677734375 494.0289306640625 0.4227083623409271
420.9171447753906 495.6467590332031 0.41880133748054504
424.5389099121094 497.2504577636719 0.41489431262016296
428.1669006347656 498.8399963378906 0.4109872877597809
431.80108642578125 500.41534423828125 0.4070802628993988
435.4413757324219 501.9764709472656 0.4031732380390167
439.0877380371094 503.52337646484375 0.39926621317863464
442.7401123046875 505.0560302734375 0.39535918831825256
446.3984680175781 506.57440185546875 0.3914521634578705
450.0627136230469 508.0784606933594 0.3875451385974884
453.7328186035156 509.5682067871094 0.3836381137371063
457.4087219238281 511.0435791015625 0.37973108887672424
461.0903625488281 512.5045776367188 0.37582406401634216
464.7776794433594 513.951171875 0.3719170391559601
468.4706115722656 515.3833618164062 0.368010014295578
472.1690979003906 516.8011474609375 0.3641029894351959
475.87310791015625 518.2044677734375 0.36019596457481384
479.58258056640625 519.59326171875 0.35628893971443176
483.2974548339844 520.9675903320312 0.3523819148540497
487.0176696777344 522.327392578125 0.3484748899936676
490.7431640625 523.672607421875 0.3445678651332855
494.473876953125 525.0032958984375 0.34066084027290344
498.20977783203125 526.3193969726562 0.33675381541252136
501.9507751464844 527.6209106445312 0.3328467905521393
505.69683837890625 528.9077758789062 0.3289397656917572
509.4479064941406 530.1799926757812 0.3250327408313751
513.2039184570312 531.4375610351562 0.32112571597099304
516.9647827148438 532.680419921875 0.31721869111061096
520.73046875 533.9085693359375 0.3133116662502289
524.5009765625 535.1220092773438 0.3094046413898468
528.2761840820312 536.3206787109375 0.3054976165294647
532.0560302734375 537.504638671875 0.30159059166908264
535.8404541015625 538.673828125 0.29768356680870056
539.62939453125 539.8281860351562 0.2937692105770111
539.62939453125 539.8281860351562 -0.10623079538345337
539.62939453125 539.8281860351562 -0.5062308311462402
539.62939453125 539.8281860351562 -0.9062308073043823
539.62939453125 539.8281860351562 -1.3062307834625244
540.6576538085938 536.0030517578125 -1.3101377487182617
541.6709594726562 532.1739501953125 -1.314044713973999
542.6693115234375 528.3408813476562 -1.3179516792297363
543.6527099609375 524.5039672851562 -1.3218586444854736
544.62109375 520.6632080078125 -1.325765609741211
545.574462890625 516.8187255859375 -1.3296725749969482
546.5128173828125 512.9705200195312 -1.3335795402526855
547.4360961914062 509.11871337890625 -1.3374865055084229
548.3442993164062 505.2633056640625 -1.3413934707641602
548.3442993164062 505.2633056640625 -1.7413934469223022
547.6642456054688 501.3612060546875 -1.7453004121780396
546.9689331054688 497.4617919921875 -1.7492073774337769
546.2583618164062 493.56512451171875 -1.7531143426895142
545.5325927734375 489.6712646484375 -1.7570213079452515
544.7916259765625 485.7802734375 -1.7609282732009888
544.0354614257812 481.8921813964844 -1.764835238456726
543.2640991210938 478.007080078125 -1.7687422037124634
542.4776000976562 474.1250305175781 -1.7726491689682007
542.4776000976562 474.1250305175781 -2.1726491451263428
540.2286376953125 470.8644714355469 -2.17655611038208
537.9669799804688 467.61273193359375 -2.1804630756378174
535.692626953125 464.3698425292969 -2.1843700408935547
533.4056396484375 461.1358642578125 -2.188277006149292
531.1060180664062 457.9108581542969 -2.1921839714050293
528.7938232421875 454.6948547363281 -2.1960909366607666
526.4690551757812 451.4879150390625 -2.199997901916504
526.4690551757812 451.4879150390625 -2.5999979972839355
523.0709228515625 449.45263671875 -2.6038966178894043
519.6353759765625 447.40399169921875 -2.6038966178894043
516.1998291015625 445.3553466796875 -2.6038966178894043
512.7642822265625 443.30670166015625 -2.6038966178894043
509.3287048339844 441.258056640625 -2.6038966178894043
505.89312744140625 439.20941162109375 -2.6038966178894043
502.4575500488281 437.1607666015625 -2.6038966178894043
499.02197265625 435.11212158203125 -2.6038966178894043
495.5863952636719 433.0634765625 -2.6038966178894043
492.15081787109375 431.01483154296875 -2.6038966178894043
488.7152404785156 428.9661865234375 -2.6038966178894043
485.2796630859375 426.91754150390625 -2.6038966178894043
481.8440856933594 424.868896484375 -2.6038966178894043
478.40850830078125 422.82025146484375 -2.6038966178894043
474.9729309082031 420.7716064453125 -2.6038966178894043
471.537353515625 418.72296142578125 -2.6038966178894043
468.1017761230469 416.67431640625 -2.6038966178894043
464.66619873046875 414.62567138671875 -2.6038966178894043
461.2306213378906 412.5770263671875 -2.6038966178894043
457.7950439453125 410.52838134765625 -2.6038966178894043
454.3594665527344 408.479736328125 -2.6038966178894043
450.92388916015625 406.43109130859375 -2.6038966178894043
447.4883117675781 404.3824462890625 -2.6038966178894043
444.052734375 402.33380126953125 -2.6038966178894043
440.6171569824219 400.28515625 -2.6038966178894043
437.18157958984375 398.23651123046875 -2.6038966178894043
433.7460021972656 396.1878662109375 -2.6038966178894043
430.3104248046875 394.13922119140625 -2.6038966178894043
426.8748474121094 392.090576171875 -2.6038966178894043
423.43927001953125 390.04193115234375 -2.6038966178894043
420.0036926269531 387.9932861328125 -2.6038966178894043
416.568115234375 385.94464111328125 -2.6038966178894043
413.1325378417969 383.89599609375 -2.6038966178894043
409.69696044921875 381.84735107421875 -2.6038966178894043
406.2613830566406 379.7987060546875 -2.6038966178894043
402.8258056640625 377.75006103515625 -2.6038966178894043
399.3902282714844 375.701416015625 -2.6038966178894043
395.95465087890625 373.65277099609375 -2.6038966178894043
392.5190734863281 371.6041259765625 -2.6038966178894043
389.08349609375 369.55548095703125 -2.6038966178894043
385.6479187011719 367.5068359375 -2.6038966178894043
382.21234130859375 365.45819091796875 -2.6038966178894043
378.7767639160156 363.4095458984375 -2.6038966178894043
375.3411865234375 361.36090087890625 -2.6038966178894043
371.9056091308594 359.312255859375 -2.6038966178894043
368.47003173828125 357.26361083984375 -2.6038966178894043
365.0344543457031 355.2149658203125 -2.6038966178894043
361.598876953125 353.16632080078125 -2.6038966178894043
358.1632995605469 351.11767578125 -2.6038966178894043
354.72772216796875 349.06903076171875 -2.6038966178894043
351.2921447753906 347.0203857421875 -2.6038966178894043
347.8565673828125 344.97174072265625 -2.6038966178894043
344.4209899902344 342.923095703125 -2.6038966178894043
340.98541259765625 340.87445068359375 -2.6038966178894043
337.5498352050781 338.8258056640625 -2.6038966178894043
334.1142578125 336.77716064453125 -2.6038966178894043
330.6786804199219 334.728515625 -2.6038966178894043
327.24310302734375 332.67987060546875 -2.6038966178894043
323.8075256347656 330.6312255859375 -2.6038966178894043
320.3719482421875 328.58258056640625 -2.6038966178894043
316.9363708496094 326.533935546875 -2.6038966178894043
313.50079345703125 324.48529052734375 -2.6038966178894043
310.0652160644531 322.4366455078125 -2.6038966178894043
306.629638671875 320.38800048828125 -2.6038966178894043
303.1940612792969 318.33935546875 -2.6038966178894043
299.7880859375 316.3173828125 -2.6078035831451416
296.34454345703125 314.2821960449219 -2.6078035831451416
292.912353515625 312.2571716308594 -2.6092991828918457
289.46575927734375 310.2271423339844 -2.6092991828918457
286.0191650390625 308.1971130371094 -2.6092991828918457
282.57257080078125 306.1670837402344 -2.6092991828918457
279.1557312011719 304.1635437011719 -2.613206148147583
275.70123291015625 302.14697265625 -2.613206148147583
272.2765808105469 300.15679931640625 -2.617112159729004
268.8142395019531 298.15374755859375 -2.617112159729004
265.3518981933594 296.15069580078125 -2.617112159729004
261.8895568847656 294.14764404296875 -2.617112159729004
258.4272155761719 292.14459228515625 -2.617112159729004
254.96487426757812 290.14154052734375 -2.617112159729004
251.53248596191406 288.1647644042969 -2.621019124984741
248.0924072265625 286.201416015625 -2.6249260902404785
248.0924072265625 286.201416015625 -3.02492618560791
244.61996459960938 285.88446044921875 -3.076200246810913
240.62850952148438 285.6230773925781 -3.076200246810913
236.63705444335938 285.3616943359375 -3.076200246810913
232.64559936523438 285.1003112792969 -3.076200246810913
228.65414428710938 284.83892822265625 -3.076200246810913
228.65414428710938 284.83892822265625 2.8069849014282227
224.91543579101562 286.1470031738281 2.8030779361724854
221.1814727783203 287.4697265625 2.7992098331451416
217.4530487060547 288.80682373046875 2.7953028678894043
213.69049072265625 290.1644592285156 2.7953028678894043
209.9673309326172 291.51611328125 2.791395902633667
206.21011352539062 292.8884582519531 2.791395902633667
202.49224853515625 294.254638671875 2.7874889373779297
198.74041748046875 295.6416320800781 2.7874889373779297
195.0371856689453 297.0208435058594 2.782661199569702
195.0371856689453 297.0208435058594 2.3826611042022705
195.0371856689453 297.0208435058594 1.9826611280441284
195.0371856689453 297.0208435058594 1.5826611518859863
195.0371856689453 297.0208435058594 1.1826611757278442
195.0371856689453 297.0208435058594 0.7826611995697021
195.0371856689453 297.0208435058594 0.38266119360923767
195.0371856689453 297.0208435058594 -0.017338812351226807
195.0371856689453 297.0208435058594 -0.4173388183116913
195.0371856689453 297.0208435058594 -0.8173388242721558
197.74147033691406 294.1267395019531 -0.8212458491325378
200.43441772460938 291.22210693359375 -0.8251528739929199
203.11599731445312 288.3069763183594 -0.829059898853302
205.78616333007812 285.3813781738281 -0.8329669237136841
208.44488525390625 282.44537353515625 -0.8368739485740662
211.0921173095703 279.4989929199219 -0.8407809734344482
213.72781372070312 276.54229736328125 -0.8446879982948303
216.35194396972656 273.5753173828125 -0.8485950231552124
218.96446228027344 270.5981140136719 -0.8525020480155945
221.56211853027344 267.61322021484375 -0.856807291507721
221.56211853027344 267.61322021484375 -1.2568073272705078
222.77810668945312 263.84356689453125 -1.2607142925262451
223.97935485839844 260.0691833496094 -1.2646212577819824
225.1658477783203 256.2901306152344 -1.2685282230377197
226.3375701904297 252.50648498535156 -1.272435188293457
227.4945068359375 248.71829223632812 -1.2763421535491943
228.63662719726562 244.92559814453125 -1.2802491188049316
229.76393127441406 241.12847900390625 -1.284156084060669
230.8763885498047 237.3269805908203 -1.2880630493164062
231.97398376464844 233.5211639404297 -1.2919700145721436
233.05670166015625 229.71109008789062 -1.2958769798278809
234.12452697753906 225.89682006835938 -1.2997839450836182
235.1774444580078 222.07839965820312 -1.3036909103393555
236.21542358398438 218.25588989257812 -1.3075978755950928
237.23846435546875 214.4293670654297 -1.31150484085083
238.24655151367188 210.598876953125 -1.3154118061065674
239.2396697998047 206.76446533203125 -1.3193187713623047
239.2396697998047 206.76446533203125 -1.7193187475204468
239.2396697998047 206.76446533203125 -2.119318723678589
237.16773986816406 203.38865661621094 -2.123225688934326
235.0826416015625 200.02098083496094 -2.1271326541900635
232.98439025878906 196.66146850585938 -2.131039619445801
230.87303161621094 193.3101806640625 -2.134946584701538
228.74859619140625 189.9671630859375 -2.1388535499572754
226.61111450195312 186.63247680664062 -2.1427605152130127
226.61111450195312 186.63247680664062 -2.5427606105804443
223.33505249023438 184.40618896484375 -2.5466675758361816
220.05032348632812 182.19271850585938 -2.550574541091919
216.75697326660156 179.99209594726562 -2.5544815063476562
213.45504760742188 177.80435180664062 -2.5583884716033936
210.14459228515625 175.62953186035156 -2.562295436859131
206.82566833496094 173.4676513671875 -2.566202402114868
203.49832153320312 171.31875610351562 -2.5701093673706055
200.16261291503906 169.18287658691406 -2.5740163326263428
196.81857299804688 167.06004333496094 -2.57792329788208
193.46627807617188 164.95030212402344 -2.5818302631378174
193.46627807617188 164.95030212402344 -2.58575177192688
193.46627807617188 164.95030212402344 -2.9857518672943115
193.46627807617188 164.95030212402344 2.897433280944824
193.46627807617188 164.95030212402344 2.4974331855773926
193.46627807617188 164.95030212402344 2.097433090209961
193.46627807617188 164.95030212402344 1.6974331140518188
193.46627807617188 164.95030212402344 1.2974331378936768
193.46627807617188 164.95030212402344 0.8974331617355347
195.9424285888672 168.04183959960938 0.8935261368751526
198.43063354492188 171.12368774414062 0.8896191120147705
200.9308624267578 174.19578552246094 0.8857120871543884
203.44308471679688 177.25808715820312 0.8818050622940063
205.96725463867188 180.310546875 0.8778980374336243
208.50332641601562 183.35313415527344 0.8739910125732422
208.50332641601562 183.35313415527344 0.4739910066127777
212.03109741210938 185.1541748046875 0.47008398175239563
215.56588745117188 186.94142150878906 0.46617695689201355
219.10763549804688 188.71484375 0.46226993203163147
222.65628051757812 190.4744110107422 0.4583629071712494
226.21177673339844 192.22010803222656 0.4544558823108673
229.77406311035156 193.95188903808594 0.45054885745048523
233.34307861328125 195.66973876953125 0.44664183259010315
236.91879272460938 197.37364196777344 0.44273480772972107
240.50112915039062 199.0635528564453 0.438827782869339
244.0900421142578 200.7394561767578 0.4349207580089569
247.6854705810547 202.4013214111328 0.43101373314857483
251.28736877441406 204.04913330078125 0.42710670828819275
254.8956756591797 205.682861328125 0.42319968342781067
258.5103454589844 207.30247497558594 0.4192926585674286
262.1313171386719 208.907958984375 0.4153856337070465
265.7585144042969 210.49928283691406 0.41147860884666443
269.39190673828125 212.076416015625 0.40757158398628235
273.03143310546875 213.63934326171875 0.40366455912590027
276.6770324707031 215.1880340576172 0.3997575342655182
280.32867431640625 216.72247314453125 0.3958505094051361
283.98626708984375 218.2426300048828 0.39194348454475403
287.6497802734375 219.7484893798828 0.38803645968437195
291.31915283203125 221.24002075195312 0.38412943482398987
294.99432373046875 222.7172088623047 0.3802224099636078
298.67523193359375 224.18002319335938 0.3763153851032257
302.36181640625 225.62844848632812 0.37240836024284363
306.0540466308594 227.0624542236328 0.36850133538246155
309.7518615722656 228.48202514648438 0.36459431052207947
313.4551696777344 229.88714599609375 0.3606872856616974
317.1639404296875 231.2777862548828 0.3567802608013153
320.8781433105469 232.65391540527344 0.3528732359409332
324.5976867675781 234.01553344726562 0.34896621108055115
328.322509765625 235.36260986328125 0.34505918622016907
332.0525817871094 236.6951141357422 0.341152161359787
335.7878112792969 238.01304626464844 0.3372451364994049
339.5281677246094 239.31637573242188 0.3333381116390228
343.2735900878906 240.60507202148438 0.32943108677864075
347.0240173339844 241.87911987304688 0.32552406191825867
350.7793884277344 243.13851928710938 0.3216170370578766
354.5396728515625 244.3832244873047 0.3177100121974945
358.3047790527344 245.6132354736328 0.3138029873371124
362.0746765136719 246.82852172851562 0.30989596247673035
365.8492736816406 248.02906799316406 0.30598893761634827
369.6285400390625 249.21485900878906 0.3020819127559662
373.41241455078125 250.38587951660156 0.2981748878955841
377.2008361816406 251.5421142578125 0.294267863035202
380.9937438964844 252.68353271484375 0.29036083817481995
384.79107666015625 253.81011962890625 0.28645381331443787
388.5927734375 254.92185974121094 0.2825467884540558
392.3988037109375 256.01873779296875 0.2786397635936737
396.2090759277344 257.1007385253906 0.2747327387332916
400.0235595703125 258.1678466796875 0.27082571387290955
403.8421630859375 259.22003173828125 0.26691868901252747
407.66485595703125 260.2572937011719 0.2630116641521454
411.4915771484375 261.2796325683594 0.2591046392917633
415.322265625 262.2869873046875 0.2551976144313812
419.1568603515625 263.2793884277344 0.25129058957099915
422.99530029296875 264.2568054199219 0.24738357961177826
426.8375244140625 265.2192077636719 0.24347656965255737
430.6834716796875 266.1665954589844 0.2395695596933365
434.5331115722656 267.09893798828125 0.2356625497341156
438.3863525390625 268.0162353515625 0.23175553977489471
442.2431640625 268.9184875488281 0.22784852981567383
446.10345458984375 269.8056640625 0.22394151985645294
449.9671936035156 270.677734375 0.22003450989723206
453.83428955078125 271.5346984863281 0.21612749993801117
457.7047119140625 272.3765563964844 0.21222048997879028
461.5783996582031 273.2032775878906 0.2083134800195694
465.4552917480469 274.0148620605469 0.2044064700603485
469.3353271484375 274.8113098144531 0.20049946010112762
473.21844482421875 275.59259033203125 0.19659245014190674
477.1045837402344 276.3586730957031 0.19268544018268585
480.9936828613281 277.1095886230469 0.18877843022346497
484.88568115234375 277.8453063964844 0.18487142026424408
488.780517578125 278.5657958984375 0.1809644103050232
492.67816162109375 279.27105712890625 0.1770574003458023
496.5785217285156 279.9610900878906 0.17315039038658142
500.4815368652344 280.6358947753906 0.16924338042736053
500.4815368652344 280.6358947753906 -0.23075662553310394
500.4815368652344 280.6358947753906 -0.6307566165924072
503.6757507324219 278.2936706542969 -0.6346636414527893
506.86077880859375 275.9389953613281 -0.6385706663131714
510.0365905761719 273.5718688964844 -0.6424776911735535
513.203125 271.1923522949219 -0.6463847160339355
516.3603515625 268.8005065917969 -0.6502917408943176
519.5081787109375 266.3963317871094 -0.6541987657546997
522.6466064453125 263.9798889160156 -0.6581057906150818
525.7755737304688 261.5511779785156 -0.6620128154754639
528.89501953125 259.1102600097656 -0.665919840335846
532.0048828125 256.6571960449219 -0.669826865196228
535.1051635742188 254.19198608398438 -0.6737338900566101
535.1051635742188 254.19198608398438 -1.073733925819397
536.9871215820312 250.70669555664062 -1.0776408910751343
538.8554077148438 247.21408081054688 -1.0815478563308716
540.7100830078125 243.7141876220703 -1.0854548215866089
542.551025390625 240.2070770263672 -1.0893617868423462
544.3782958984375 236.69281005859375 -1.0932687520980835
546.1917724609375 233.1714324951172 -1.0971757173538208
547.9915161132812 229.6429901123047 -1.101082682609558
547.9915161132812 229.6429901123047 -1.5010826587677002
548.2597045898438 225.69114685058594 -1.5049896240234375
548.512451171875 221.73829650878906 -1.5088965892791748
548.749755859375 217.78448486328125 -1.512803554534912
548.9716186523438 213.82977294921875 -1.5167105197906494
549.1780395507812 209.8742218017578 -1.5206174850463867
549.3689575195312 205.9178924560547 -1.524524450302124
549.54443359375 201.9608612060547 -1.5284314155578613
549.7044677734375 198.003173828125 -1.5323383808135986
549.8489990234375 194.04489135742188 -1.536245346069336
549.9780883789062 190.08607482910156 -1.5401523113250732
550.0917358398438 186.12677001953125 -1.5440592765808105
550.1898803710938 182.16705322265625 -1.5479662418365479
550.2725830078125 178.2069854736328 -1.5518732070922852
550.3397827148438 174.2466278076172 -1.5557801723480225
550.3915405273438 170.28604125976562 -1.5596871376037598
550.4277954101562 166.32528686523438 -1.563594102859497
550.4486083984375 162.36441040039062 -1.5675010681152344
550.4539184570312 158.4034881591797 -1.5714080333709717
550.4437866210938 154.4425811767578 -1.575314998626709
550.4181518554688 150.4817352294922 -1.5792219638824463
550.3770141601562 146.52102661132812 -1.5831289291381836
550.3204345703125 142.5605010986328 -1.587035894393921
550.2483520507812 138.60023498535156 -1.5909428596496582
550.1608276367188 134.64027404785156 -1.5948498249053955
550.0578002929688 130.68067932128906 -1.5987567901611328
549.9393310546875 126.72152709960938 -1.6026637554168701
549.805419921875 122.76286315917969 -1.6065707206726074
549.656005859375 118.80475616455078 -1.6104776859283447
549.4911499023438 114.84725952148438 -1.614384651184082
549.3108520507812 110.89044189453125 -1.6182916164398193
549.1150512695312 106.93435668945312 -1.6221985816955566
548.90380859375 102.97906494140625 -1.626105546951294
548.6771240234375 99.02462768554688 -1.6300125122070312
548.4349975585938 95.07110595703125 -1.6339194774627686
548.1774291992188 91.11856079101562 -1.6378264427185059
547.9044189453125 87.16705322265625 -1.6417334079742432
547.615966796875 83.21664428710938 -1.6456403732299805
547.3120727539062 79.26739501953125 -1.6495473384857178
547.3120727539062 79.26739501953125 -2.0495474338531494
545.4805297851562 75.75536346435547 -2.0534543991088867
543.63525390625 72.2505111694336 -2.057361364364624
543.63525390625 72.2505111694336 -2.4573614597320557
540.56103515625 69.75289916992188 -2.461268424987793
537.47705078125 67.26731872558594 -2.4651753902435303
534.3834228515625 64.79380798339844 -2.4690823554992676
531.2801513671875 62.332401275634766 -2.472989320755005
528.1672973632812 59.88313674926758 -2.476896286010742
525.0448608398438 57.44605255126953 -2.4808032512664795
525.0448608398438 57.44605255126953 -2.880803346633911
521.2158813476562 56.43223190307617 -2.8847103118896484
517.3829956054688 55.433380126953125 -2.8886172771453857
513.5462036132812 54.44950866699219 -2.892524242401123
509.7055969238281 53.48063659667969 -2.8964312076568604
505.8612365722656 52.52677536010742 -2.9003381729125977
502.01318359375 51.58794403076172 -2.904245138168335
498.1614990234375 50.66415023803711 -2.9081521034240723
494.30621337890625 49.75541305541992 -2.9120590686798096
490.4474182128906 48.86174392700195 -2.915966033935547
486.5851745605469 47.98316192626953 -2.919872999191284
482.7195129394531 47.11967468261719 -2.9237799644470215
478.8504943847656 46.271297454833984 -2.927686929702759
474.97821044921875 45.43804168701172 -2.931593894958496
471.1026916503906 44.61992263793945 -2.9355008602142334
467.2239990234375 43.81694793701172 -2.9394078254699707
463.3421936035156 43.029136657714844 -2.943314790725708
459.4573669433594 42.25649642944336 -2.9472217559814453
455.5695495605469 41.49903869628906 -2.9511287212371826
451.6788024902344 40.75677490234375 -2.95503568649292
447.7481994628906 40.014869689941406 -2.95503568649292
443.8175964355469 39.27296447753906 -2.95503568649292
439.8869934082031 38.53105926513672 -2.95503568649292
435.9563903808594 37.789154052734375 -2.95503568649292
432.0257873535156 37.04724884033203 -2.95503568649292
428.1321716308594 36.320194244384766 -2.9589426517486572
424.2357177734375 35.60835647583008 -2.9628496170043945
420.3365173339844 34.911746978759766 -2.966756582260132
416.43463134765625 34.230377197265625 -2.970663547515869
412.5301208496094 33.56425857543945 -2.9745705127716064
412.5301208496094 33.56425857543945 2.9086146354675293
408.63818359375 34.487762451171875 2.9086146354675293
404.7462463378906 35.4112663269043 2.9086146354675293
400.85430908203125 36.33477020263672 2.9086146354675293
396.9623718261719 37.25827407836914 2.9086146354675293
393.0704345703125 38.18177795410156 2.9086146354675293
389.1784973144531 39.105281829833984 2.9086146354675293
385.28656005859375 40.028785705566406 2.9086146354675293
381.3946228027344 40.95228958129883 2.9086146354675293
377.502685546875 41.87579345703125 2.9086146354675293
373.6107482910156 42.79929733276367 2.9086146354675293
369.71881103515625 43.722801208496094 2.9086146354675293
365.8268737792969 44.646305084228516 2.9086146354675293
361.9349365234375 45.56980895996094 2.9086146354675293
358.0429992675781 46.49331283569336 2.9086146354675293
354.15106201171875 47.41681671142578 2.9086146354675293
350.2591247558594 48.3403205871582 2.9086146354675293
346.3671875 49.263824462890625 2.9086146354675293
342.4752502441406 50.18732833862305 2.9086146354675293
338.58331298828125 51.11083221435547 2.9086146354675293
334.6913757324219 52.03433609008789 2.9086146354675293
330.7994384765625 52.95783996582031 2.9086146354675293
326.9075012207031 53.881343841552734 2.9086146354675293
323.01556396484375 54.804847717285156 2.9086146354675293
319.1236267089844 55.72835159301758 2.9086146354675293
315.231689453125 56.65185546875 2.9086146354675293
311.3397521972656 57.57535934448242 2.9086146354675293
307.44781494140625 58.498863220214844 2.9086146354675293
303.5558776855469 59.422367095947266 2.9086146354675293
299.6639404296875 60.34587097167969 2.9086146354675293
295.7720031738281 61.26937484741211 2.9086146354675293
291.88006591796875 62.19287872314453 2.9086146354675293
287.9881286621094 63.11638259887695 2.9086146354675293
284.09619140625 64.03988647460938 2.9086146354675293
280.2042541503906 64.96339416503906 2.9086146354675293
276.31231689453125 65.88690185546875 2.9086146354675293
272.4203796386719 66.81040954589844 2.9086146354675293
268.5284423828125 67.73391723632812 2.9086146354675293
264.6365051269531 68.65742492675781 2.9086146354675293
260.74456787109375 69.5809326171875 2.9086146354675293
256.8526306152344 70.50444030761719 2.9086146354675293
252.960693359375 71.42794799804688 2.9086146354675293
249.06875610351562 72.35145568847656 2.9086146354675293
245.17681884765625 73.27496337890625 2.9086146354675293
241.28488159179688 74.19847106933594 2.9086146354675293
237.3929443359375 75.12197875976562 2.9086146354675293
233.50100708007812 76.04548645019531 2.9086146354675293
229.60906982421875 76.968994140625 2.9086146354675293
225.71713256835938 77.89250183105469 2.9086146354675293
221.8251953125 78.81600952148438 2.9086146354675293
217.93325805664062 79.73951721191406 2.9086146354675293
214.04132080078125 80.66302490234375 2.9086146354675293
210.14938354492188 81.58653259277344 2.9086146354675293
206.2574462890625 82.51004028320312 2.9086146354675293
202.36550903320312 83.43354797363281 2.9086146354675293
198.47357177734375 84.3570556640625 2.9086146354675293
194.58163452148438 85.28056335449219 2.9086146354675293
190.689697265625 86.20407104492188 2.9086146354675293
186.79776000976562 87.12757873535156 2.9086146354675293
182.90582275390625 88.05108642578125 2.9086146354675293
179.01388549804688 88.97459411621094 2.9086146354675293
175.1219482421875 89.89810180664062 2.9086146354675293
171.23001098632812 90.82160949707031 2.9086146354675293
167.33807373046875 91.7451171875 2.9086146354675293
163.44613647460938 92.66862487792969 2.9086146354675293
159.55419921875 93.59213256835938 2.9086146354675293
155.66226196289062 94.51564025878906 2.9086146354675293
151.77032470703125 95.43914794921875 2.9086146354675293
147.87838745117188 96.36265563964844 2.9086146354675293
143.9864501953125 97.28616333007812 2.9086146354675293
140.09451293945312 98.20967102050781 2.9086146354675293
136.20257568359375 99.1331787109375 2.9086146354675293
132.31063842773438 100.05668640136719 2.9086146354675293
128.418701171875 100.98019409179688 2.9086146354675293
124.52677154541016 101.90370178222656 2.9086146354675293
120.63484191894531 102.82720947265625 2.9086146354675293
116.74291229248047 103.75071716308594 2.9086146354675293
112.85098266601562 104.67422485351562 2.9086146354675293
108.95905303955078 105.59773254394531 2.9086146354675293
105.06712341308594 106.521240234375 2.9086146354675293
101.1751937866211 107.44474792480469 2.9086146354675293
97.28326416015625 108.36825561523438 2.9086146354675293
93.3913345336914 109.29176330566406 2.9086146354675293
89.49940490722656 110.21527099609375 2.9086146354675293
85.60747528076172 111.13877868652344 2.9086146354675293
81.71554565429688 112.06228637695312 2.9086146354675293
77.82361602783203 112.98579406738281 2.9086146354675293
73.93168640136719 113.9093017578125 2.9086146354675293
70.03975677490234 114.83280944824219 2.9086146354675293
66.1478271484375 115.75631713867188 2.9086146354675293
62.25589370727539 116.67982482910156 2.9086146354675293
58.36396026611328 117.60333251953125 2.9086146354675293
58.36396026611328 117.60333251953125 2.9086146354675293
58.36396026611328 117.60333251953125 2.9086146354675293
58.36396026611328 117.60333251953125 2.9086146354675293
58.36396026611328 117.60333251953125 2.9086146354675293
58.36396026611328 117.60333251953125 2.9086146354675293
58.36396026611328 117.60333251953125 2.9086146354675293
58.36396026611328 117.60333251953125 2.9086146354675293
58.36396026611328 117.60333251953125 2.9086146354675293
58.36396026611328 117.60333251953125 2.9086146354675293
58.36396026611328 117.60333251953125 2.9086146354675293
