-392.73567559235556
-395.4572705674096
-398.16467672690464
-400.8578119047688
-403.53652894622326
-406.20073712580347
-408.8503414297154
-411.4852422286624
-414.10533511413956
-416.71051180033794
-419.3006587402536
-421.87568839036453
-424.4355081464245
-426.9799898048573
-429.50906214873345
-432.0226184185803
-434.52057687123556
-437.0028208856612
-439.4692586960991
-441.91979287565823
-444.3543223822783
-446.7727696158018
-449.1750533286806
-451.561056356156
-453.93068444791845
-456.2838724798054
-458.6205152710966
-460.94050556261936
-463.24375849121867
-465.5302172237211
-467.79978400782977
-470.0523592217197
-472.2878980248402
-474.5062318301411
-476.7073585333155
-478.8911591027069
-478.8911591027069
-479.63598097008435
-480.36486680031675
-481.07779618457886
-481.77469563853475
-482.4555366213199
-483.12034701412495
-483.7678676250049
-483.7678676250049
-482.8587692312956
-481.9334191285354
-480.9918052693409
-480.0339728044497
-479.06001364468244
-478.06993208452906
-477.06378951553125
-476.04163622128016
-475.0035163190098
-473.9494790414585
-472.87956248301083
-471.7938270417984
-470.69230478664605
-469.5750563671625
-468.4421586075829
-467.29362642842926
-466.1295373422999
-464.94992915662937
-463.7548889251741
-462.54445596123384
-461.318678172042
-460.07761118348304
-458.8213322121621
-458.8213322121621
-458.8213322121621
-455.30321285664263
-451.7712284943137
-448.22556938389397
-444.6664276340142
-441.09400803319187
-437.50854492844525
-433.9102172088321
-430.29926067505744
-426.67587060770535
-423.04028491689144
-419.39271631467807
-419.39271631467807
-415.5219005409129
-411.65459048859316
-407.79142701478264
-403.9331166262673
-400.0803566891537
-396.2339158038985
-392.3945324063051
-388.5630145031244
-384.7401494367754
-380.92675793631395
-377.1237143871382
-373.3318946912956
-369.5522040620106
-365.78558556574853
-362.03302122511127
-358.29551866895656
-354.57410012576184
-350.86983032794353
-347.1838034625328
-343.5171859752963
-339.8711296782369
-336.24685419007295
-332.6456010984471
-329.0686894350552
-325.51744213068935
-321.9932486797818
-318.4975049642048
-315.03172388615604
-315.03172388615604
-312.48109883981584
-312.48109883981584
-312.48109883981584
-312.48109883981584
-312.48109883981584
-312.48109883981584
-312.48109883981584
-312.48109883981584
-316.44098025439257
-320.2784129657637
-324.10982244865613
-327.93487260306057
-331.7532214287873
-335.56454972557947
-339.3685458179676
-343.1649050704267
-346.95331612095003
-350.73351433698804
-354.5051999043488
-358.2680849461611
-362.02192760191895
-365.76644239190523
-369.5013684552996
-373.2264689053001
-376.94148978475306
-380.6461803597531
-384.3403059067675
-388.02363403061696
-391.6959146275433
-395.3569466308888
-395.3569466308888
-398.31714779611843
-401.2953840096966
-404.2912641444722
-407.30439176325774
-410.3343869160805
-413.380878696645
-416.4435050619489
-419.5219126513047
-422.61575660520845
-425.7247003844539
-428.84841558985585
-431.9865817829099
-435.1388863076847
-438.3050241142097
-441.48469758359704
-444.67761635510584
-447.88349715533576
-451.1020636297123
-454.33304617640647
-457.5761817828118
-460.83121386468315
-464.09789210802734
-467.37597231381875
-470.6652162455997
-473.96539148001426
-477.27627126031064
-480.59763435283827
-483.929264906556
-487.2709523155584
-490.6224910846212
-493.983680697757
-497.3543254897702
-500.7342345207899
-504.1232214537582
-507.521104434845
-510.92770597675667
-514.3428528449033
-517.7663759463846
-521.1981102217546
-524.6378945395196
-528.0855715933246
-531.5409878017808
-535.0039932108862
-538.4744413989872
-541.9521893842344
-545.4370975344776
-548.929029479551
-552.4278520258955
-555.9334350734663
-559.4456515348741
-562.9643772567068
-566.4894909429833
-570.0208740806823
-573.4400329424259
-576.842748432587
-580.2288064414827
-583.5979923954777
-586.9501343585328
-590.2850176897983
-593.6024689124982
-596.9022714755675
-600.1842502284477
-603.448208362608
-606.6939472721854
-609.9213105976345
-613.1300972122425
-616.3201260586391
-616.3201260586391
-618.3739635330431
-618.3739635330431
-618.9599808165208
-619.5232708301985
-620.0637980301701
-620.581543337602
-621.0764562814417
-621.5485729304866
-621.9978527763421
-622.4242531110106
-622.8277862722757
-623.2084639433123
-623.5662199738006
-623.9010742403625
-623.9010619140367
-623.9010619140367
-623.9010619140367
-623.9010619140367
-620.0268788165097
-616.1507309987852
-612.2731888156786
-608.3947737368956
-604.5160569511006
-600.5161107168085
-596.6376562271795
-592.6383119371313
-588.760708312401
-584.8845784109297
-581.0104999087379
-577.1390861944769
-573.2709634067586
-569.4067905369949
-565.5472007562284
-561.6928644347969
-557.844462719325
-554.0027148458016
-550.1682924540249
-546.341948974958
-542.400834763364
-538.4605889151137
-534.6448320610222
-530.7151739436489
-526.9101798318459
-522.9921866093191
-519.0754442990816
-515.159981433054
-511.2458274077584
-507.33301251693246
-503.42156798561166
-499.51152600575807
-495.6029197735158
-491.6957835281793
-487.7901525929668
-484.0096223662622
-480.1180822298477
-476.2283392859049
-472.34043793429777
-468.4675834237976
-464.58475508204356
-460.7039313872828
-456.8251634291834
-453.07189839378475
-449.20975871101587
-445.3500529122651
-441.49284483147926
-437.63820051101015
-433.78618829594467
-429.93687893320055
-426.0903456756624
-422.2466643916522
-418.4059136800468
-414.568174991376
-410.7335327552556
-406.9020745145352
-403.0738910665625
-399.249076611998
-395.4277289116358
-391.60994945172473
-387.7958436183114
-383.98552088116594
-380.1790949878886
-376.37668416883486
-372.57841135354425
-368.7844043994024
-364.99479633331794
-361.20972560725113
-357.42933636848863
-353.6537787456228
-349.8832091512606
-346.11779060256174
-342.35769306078095
-338.603093791076
-334.8541777439303
-331.1111379596377
-327.37417599739894
-323.6435023906904
-319.91933713068494
-316.2019101796319
-312.49146201623864
-308.7882442152418
-305.09252006351187
-301.40456521520065
-297.8454563320257
-297.8454563320257
-295.12354214149104
-292.43100800101837
-289.76867291114536
-287.13737688905013
-284.5379810475324
-281.9713676179389
-279.43843991101005
-279.43843991101005
-278.41346289457937
-277.4845958543581
-276.65295867747733
-275.9195402777429
-275.28526139651336
-274.74707418242974
-274.74709544956994
-274.74709544956994
-274.74709544956994
-274.74709544956994
-274.74709544956994
-274.74709544956994
-274.74709544956994
-274.74709544956994
-274.74709544956994
-273.48485855468124
-272.2273606693206
-270.9748369547892
-269.7275350213473
-268.485724900805
-267.24966398448623
-266.0195976911713
-264.7958180819864
-263.57858815283714
-263.57858815283714
-261.0244723819031
-258.4675887973007
-255.90825098753302
-253.34674970099783
-250.78341536536706
-248.21855900532614
-245.65251800016344
-243.08564617929616
-240.51829042591845
-237.92035969288148
-235.37137267795663
-232.82325368268513
-230.27640614216318
-227.731253172285
-227.731253172285
-224.1458055378657
-220.57461466523304
-217.6438878063771
-213.96690957350128
-210.3017233217416
-206.6489564901147
-206.6489564901147
-202.77085023542628
-198.89221004805725
-195.0135715416089
-191.13552688237436
-191.13552688237436
-191.13552688237436
-191.13552688237436
-191.13552688237436
-191.13552688237436
-191.13552688237436
-191.13552688237436
-194.83219146391264
-198.54938165539843
-202.2854181769476
-206.03875916446657
-206.03875916446657
-209.86910696241645
-213.69370897232403
-217.5123266426602
-221.3247265846318
-225.130692540103
-228.9299689375337
-232.7223692939843
-236.50765654889793
-240.28562860615483
-244.05608823989135
-244.05608823989135
-247.1617861686285
-250.26118054642419
-253.35406477696714
-256.44022405359163
-259.51943943105294
-262.5915283807553
-265.6562846028394
-268.71350184137873
-271.7630164029826
-274.8046305561418
-277.8381547041668
-280.86343215609276
-283.8802799771765
-286.88852217239497
-289.8879985414602
-292.87855622267386
-295.86000508571084
-298.8322146794237
-301.79499064581057
-304.7482225723394
-307.69173765586623
-310.62536079738044
-313.54899019242066
-316.46245333068333
-319.36558939234584
-322.2582815504166
-325.14039763767113
-328.0117682614255
-330.872255132779
-333.7217511537717
-336.56011870501146
-339.38721698058254
-342.20291453420367
-345.00706382639464
-347.7995544965846
-350.5802728983832
-353.3490797406139
-356.1058318350729
-358.85043902858905
-361.5827566459491
-364.3026645755506
-367.0100391328647
-369.70479217206537
-372.386768962491
-375.0558734602978
-377.71198173967326
-380.35498984318156
-382.98479487016783
-385.60126087422356
-388.2042858552339
-390.793754737979
-393.3695571987356
-395.93157857990036
-398.47973341899393
-401.01389855298504
-403.5339838409571
-406.0398613102861
-408.53146165077186
-411.0086518904306
-413.4713243854413
-415.9194035429996
-418.35277605609707
-420.7713271860889
-423.17499455894404
-425.5636574096428
-427.9372200677454
-430.2955821624172
-432.638638719767
-434.966312745716
-437.2785225414526
-439.5751526180577
-441.8561128804171
-444.12130953521324
-446.3706752232363
-448.60410662624025
-450.821498194819
-453.02276889663324
-455.20783431865
-457.37660372449926
-459.52904439349595
-461.66499682662396
-463.7844182251872
-465.88720042926604
-467.97329154754914
-470.04257330229166
-472.09498404366394
-474.13045677837533
-476.14885891640347
-478.1501747868417
-480.134261268525
-482.101092435184
-484.0505760566761
-485.98261470962524
-487.8971667099947
-489.794185102838
-491.6735564513746
-493.5351620334769
-493.71795110899626
-493.71795110899626
-493.71795110899626
-493.71795110899626
-493.71795110899626
-493.71795110899626
-489.9903746066786
-486.27861659918995
-482.5835433516695
-478.90610436638383
-475.2472718290837
-471.6080409000795
-467.98936934711617
-464.39229959710246
-460.8178983579273
-457.2671959789373
-453.741247533099
-450.24119431986225
-446.76817257411346
-443.32331354323725
-439.90780479027995
-436.52282924807923
-433.1696262416156
-429.84943069249664
-426.56350320512496
-423.31313031925214
-420.09962393800146
-416.9242911267158
-413.78852433979506
-410.6936799209305
-407.6411381245038
-404.63230194730363
-401.6686279985397
-398.7515634215825
-395.88254580593235
-393.06309220982246
-390.2946475048928
-387.5787643591879
-384.91691837338425
-382.31065963801035
-379.76151988725724
-377.2710097721224
-374.8407073860548
-372.4721357632841
-370.1668188421252
-367.92628079807645
-365.7520734466074
-363.6456817514569
-361.6086123522379
-359.6423572884444
-357.74836177475646
-355.92808366718583
-354.18289913070686
-352.51418516612125
-350.9232890839113
-349.41152094466406
-347.9801277435648
-346.63030764110846
-345.3632221458113
-344.17997150348305
-343.08158769261325
-342.0690627980263
-341.1433049982393
-340.3051551418964
-339.5554221486494
-338.89475001592336
-338.32377979157303
-337.8430679986106
-337.453066720017
-337.1541224881178
-336.9465374573795
-336.83052141682157
-336.83052141682157
-338.3169017690364
-339.8840909640925
-341.5307596793795
-343.2555149470416
-345.05692472393673
-346.93353571882574
-348.8838631707392
-350.9063824843244
-352.99957944767556
-352.99957944767556
-356.2418704491803
-359.5219885039059
-362.83844788329975
-366.18977393100215
-369.574529209795
-372.99129531321404
-376.4387262091851
-376.4387262091851
-380.31017077217047
-384.1843026653613
-388.0604995634594
-391.9381425673605
-395.8166220636559
-399.69534634739335
-403.57372445426796
-407.45124007227025
-411.3273244529582
-415.2014914725166
-419.0732173956306
-422.94200137222833
-426.8073619386251
-430.66881340786813
-434.52592363124216
-438.37827136588504
-442.2253939411851
-446.06684827787467
-449.90224896756627
-453.73118720453317
-457.5532626832295
-461.3680890881516
-465.1752975673814
-468.97454234872754
-472.7654424499458
-476.5476391088731
-480.3207952390416
-484.08457406169475
-487.83864951897704
-491.5826742144213
-495.31635784510985
-499.0393883362794
-502.75147319526883
-506.4522819552565
-510.14152947999423
-510.14152947999423
-510.14152947999423
-511.8266207555622
-513.4932020167765
-515.1412203970685
-516.770590672241
-518.3812486917344
-519.9731789701447
-521.5462940826917
-523.1004864145782
-524.6357656453488
-526.1520270876068
-527.6492281121557
-529.1272938518076
-529.1272938518076
-529.0725733073263
-528.9992625079811
-528.9073487551452
-528.7968131202102
-528.6676985767925
-528.5199736711196
-528.3537135965819
-528.1688869117348
-527.9654495204259
-527.9654495204259
-526.2517337437024
-524.518852186938
-522.7668173617174
-520.9957505470192
-519.2056532082398
-517.3966360110771
-515.5687468724614
-513.7220859752596
-511.8566903431073
-509.97264938753796
-508.07004265827413
-506.1489491715516
-504.2093796374092
-502.2514606331384
-500.2752507166458
-498.2808619876033
-496.2683466697991
-494.23774341713874
-492.18914869891114
-490.12265383123406
-488.03834131433456
-485.9362887244455
-483.81657201332587
-481.6792583736695
-479.5244098401142
-477.35214299514047
-475.1625664643418
-472.95572713741484
-470.73166365320543
-468.49052969326914
-466.23241414464525
-463.95733817208156
-461.6654409365246
-459.35679631698576
-457.03152900268725
-454.6896717578272
-452.3313408246251
-449.956616529762
-447.56560570285995
-445.1584094596717
-442.7350930024576
-440.29574716462776
-437.84048842666465
-435.36939746010086
-432.8825800700391
-430.38010705971146
-427.8621049882551
-425.3286654566589
-422.77987542965457
-420.2158470279814
-417.6366577520332
-415.04244101082634
-412.4332648522973
-409.80925378520413
-407.1704974862445
-404.5171116179305
-404.5171116179305
-400.96097360689976
-397.39211651985437
-393.81071844501304
-390.11389080242725
-386.4231019776286
-382.73852666956753
-379.060346069783
-375.3887481505937
-371.8255638471112
-368.2501516838727
-368.2501516838727
-364.2502362468646
-360.25032238975416
-356.25041016575784
-352.2504996305091
-348.25059084219754
-344.250683861717
-340.2507787528247
-336.2508755823117
-332.2509744201853
-328.251075339865
-324.25117841839307
-320.2512837366607
-316.25139137965147
-312.25150143670334
-308.2516140017913
-304.25172917383213
-300.2518470570135
-296.2519677611497
-292.25209140206687
-288.2522181020201
-284.3738587764488
-280.49645728413094
-276.6205861154949
-272.7469977505723
-268.8763207435566
-264.8865903168134
-261.01987407513604
-257.15758401971135
-253.30048704732508
-249.44945072126276
-245.60529345279284
-241.75988319953808
-237.8081831407339
-233.98169755099767
-230.16511499865828
-226.35953309911324
-222.5039934195477
-218.71859701909457
-214.8238391657797
-210.93302026002954
-207.04636236428016
-203.26756588466168
-199.40020644778104
-195.6614597307468
-191.94142916798833
-188.11894024020853
-184.426756333196
-180.6350447453733
-176.852509897639
-173.07975344441226
-169.3174290379319
-165.56624785264725
-161.8269847965594
-158.10048550539008
-154.50885775306304
-150.8294688331101
-147.16681048150733
-143.52216358674903
-139.89693587939337
-136.29267695208188
-132.71109526933267
-129.15407743817894
-125.62371004204684
-122.12230437168014
-118.65242441631865
-115.21691850241017
-111.81895498086065
-108.46206235975946
-105.15017424689724
-101.88767938996968
-98.67947696098487
-95.53103699643239
-92.4484655385573
-89.43857347785571
-86.50894731514002
-83.66801897913827
-80.92513039046094
-78.29058021993373
-75.77567673727127
-73.39272055296608
-71.15496951511459
-69.07653693248368
-67.1722132568926
-65.45719612411544
-63.94671865224322
-62.65557548777418
-61.597560539163936
-60.784848444366
-60.22737042068084
-59.93224930312594
-59.903362815713095
-59.903362815713095
-59.903362815713095
-59.903362815713095
-59.903362815713095
-59.903362815713095
-59.903362815713095
-59.903362815713095
-59.903362815713095
-59.903362815713095
-59.903362815713095
