62.8062629699707 452.7953186035156 0.7814911603927612
65.62342834472656 455.57965087890625 0.7775841355323792
68.45144653320312 458.35296630859375 0.7736771106719971
71.290283203125 461.1152038574219 0.769770085811615
74.139892578125 463.8663330078125 0.7658630609512329
77.00022888183594 466.6062927246094 0.7619560360908508
79.87124633789062 469.3350830078125 0.7580490112304688
82.75289916992188 472.0526123046875 0.7541419863700867
85.64514923095703 474.7588806152344 0.7502349615097046
88.5479507446289 477.4538269042969 0.7463279366493225
91.46125793457031 480.13739013671875 0.7424209117889404
94.3850326538086 482.8095703125 0.7385138869285583
97.31922149658203 485.4703063964844 0.7346068620681763
100.26378631591797 488.1195373535156 0.7306998372077942
103.21867370605469 490.75726318359375 0.7267928123474121
106.18384552001953 493.3834228515625 0.72288578748703
109.15925598144531 495.99798583984375 0.718978762626648
112.14485931396484 498.60089111328125 0.7150717377662659
115.14060974121094 501.1921081542969 0.7111647129058838
118.1464614868164 503.7716064453125 0.7072576880455017
121.16236877441406 506.3393249511719 0.7033506631851196
124.18828582763672 508.895263671875 0.6994436383247375
127.22416687011719 511.4393615722656 0.6955366134643555
130.26995849609375 513.9715576171875 0.6916295886039734
133.32562255859375 516.4918212890625 0.6877225637435913
136.39111328125 519.0001220703125 0.6838155388832092
139.4663848876953 521.4964599609375 0.6799085140228271
142.55137634277344 523.9807739257812 0.6760014891624451
145.64605712890625 526.4530029296875 0.672094464302063
148.7503662109375 528.9131469726562 0.6681874394416809
151.86427307128906 531.3611450195312 0.6642804145812988
154.9877166748047 533.7969360351562 0.6603733897209167
158.1206512451172 536.2205200195312 0.6564663648605347
160.4502716064453 537.8055419921875 0.538399338722229
160.4502716064453 537.8055419921875 0.13839933276176453
164.3743896484375 538.3442993164062 0.13449232280254364
168.3005828857422 538.8677368164062 0.13058531284332275
172.22879028320312 539.3758544921875 0.12667830288410187
176.15895080566406 539.8685913085938 0.12277129292488098
176.15895080566406 539.8685913085938 -0.2772287130355835
179.96652221679688 538.777099609375 -0.2811357378959656
183.76979064941406 537.6707153320312 -0.28504276275634766
187.56871032714844 536.5494995117188 -0.28894978761672974
191.36322021484375 535.4134521484375 -0.2928568124771118
195.15325927734375 534.2625732421875 -0.2967638373374939
198.93878173828125 533.096923828125 -0.300670862197876
198.93878173828125 533.096923828125 -0.7006708383560181
201.96156311035156 530.5372924804688 -0.7045778632164001
204.9743194580078 527.9658813476562 -0.7084848880767822
207.9770050048828 525.3826904296875 -0.7123919129371643
210.96957397460938 522.7877807617188 -0.7162989377975464
213.9519805908203 520.1812133789062 -0.7202059626579285
216.92417907714844 517.56298828125 -0.7241129875183105
219.88612365722656 514.9331665039062 -0.7280200123786926
222.8377685546875 512.2918090820312 -0.7319270372390747
225.77908325195312 509.6389465332031 -0.7358340620994568
228.7100067138672 506.974609375 -0.7397410869598389
231.6304931640625 504.2988586425781 -0.743648111820221
234.54051208496094 501.6117248535156 -0.747555136680603
237.44000244140625 498.9132385253906 -0.7514621615409851
240.3289337158203 496.20343017578125 -0.7553691864013672
243.20724487304688 493.48236083984375 -0.7592762112617493
246.0749053955078 490.75006103515625 -0.7631832361221313
248.93186950683594 488.006591796875 -0.7670902609825134
251.77809143066406 485.2519836425781 -0.7709972858428955
254.61354064941406 482.48626708984375 -0.7749043107032776
257.43817138671875 479.7095031738281 -0.7788113355636597
260.2519226074219 476.9217224121094 -0.7827183604240417
263.05474853515625 474.1229553222656 -0.7866253852844238
265.84661865234375 471.3132629394531 -0.7905324101448059
268.62750244140625 468.49267578125 -0.794439435005188
271.3973388671875 465.6612548828125 -0.7983464598655701
271.3973388671875 465.6612548828125 -1.198346495628357
271.3973388671875 465.6612548828125 -1.598346471786499
271.2804870605469 461.7020568847656 -1.6022534370422363
271.1481628417969 457.74334716796875 -1.6061604022979736
271.0003967285156 453.7851867675781 -1.610067367553711
270.837158203125 449.82763671875 -1.6139743328094482
270.658447265625 445.8707275390625 -1.6178812980651855
270.46429443359375 441.91455078125 -1.6217882633209229
270.2546691894531 437.95916748046875 -1.6256952285766602
270.2546691894531 437.95916748046875 -2.025695323944092
268.5074157714844 434.4044494628906 -2.029602289199829
266.74627685546875 430.8565979003906 -2.0335092544555664
264.9712829589844 427.3156433105469 -2.0374162197113037
263.1824645996094 423.7816467285156 -2.041323184967041
261.3798522949219 420.2546691894531 -2.0452301502227783
259.5634765625 416.7347717285156 -2.0491371154785156
257.7333679199219 413.22198486328125 -2.053044080734253
255.88955688476562 409.71636962890625 -2.0569510459899902
254.0320587158203 406.2179870605469 -2.0608580112457275
252.16090393066406 402.7268981933594 -2.064764976501465
250.276123046875 399.2431335449219 -2.068671941757202
248.37774658203125 395.7667541503906 -2.0725789070129395
246.46580505371094 392.2978210449219 -2.0764858722686768
244.5403289794922 388.8363952636719 -2.080392837524414
242.60133361816406 385.38250732421875 -2.0842998027801514
240.64886474609375 381.93621826171875 -2.0882067680358887
240.64886474609375 381.93621826171875 -2.4882068634033203
237.4990692138672 379.53460693359375 -2.4921138286590576
234.3399200439453 377.14532470703125 -2.496020793914795
231.1714630126953 374.7684020996094 -2.4999277591705322
227.99374389648438 372.40386962890625 -2.5038347244262695
224.8068084716797 370.0517578125 -2.507741689682007
221.61070251464844 367.7121276855469 -2.511648654937744
218.40548706054688 365.385009765625 -2.5155556201934814
215.19119262695312 363.0704345703125 -2.5194625854492188
211.96788024902344 360.7684326171875 -2.523369550704956
208.73561096191406 358.4790344238281 -2.5272765159606934
205.49441528320312 356.2022705078125 -2.5311834812164307
202.24435424804688 353.9382019042969 -2.535090446472168
202.24435424804688 353.9382019042969 -2.9350905418395996
202.24435424804688 353.9382019042969 2.948094606399536
202.24435424804688 353.9382019042969 2.5480945110321045
202.24435424804688 353.9382019042969 2.148094415664673
202.24435424804688 353.9382019042969 1.7480944395065308
202.24435424804688 353.9382019042969 1.3480944633483887
202.24435424804688 353.9382019042969 0.9480944871902466
204.57728576660156 357.18743896484375 0.9480944871902466
206.91021728515625 360.4366760253906 0.9480944871902466
209.2266387939453 363.6496276855469 0.9441874623298645
211.5555877685547 366.853515625 0.9402804374694824
213.8970489501953 370.04827880859375 0.9363734126091003
216.2509765625 373.23388671875 0.9324663877487183
218.61732482910156 376.4102478027344 0.9285593628883362
220.99606323242188 379.5773620605469 0.9246523380279541
223.3871612548828 382.7351379394531 0.920745313167572
225.7905731201172 385.883544921875 0.9168382883071899
228.20626831054688 389.0225524902344 0.9129312634468079
230.63421630859375 392.152099609375 0.9090242385864258
233.07437133789062 395.2721252441406 0.9051172137260437
235.5266876220703 398.3825988769531 0.9012101888656616
237.99114990234375 401.48345947265625 0.8973031640052795
240.4676971435547 404.5746765136719 0.8933961391448975
242.95631408691406 407.65618896484375 0.8894891142845154
245.45693969726562 410.72796630859375 0.8855820894241333
247.9695587158203 413.7899475097656 0.8816750645637512
247.9695587158203 413.7899475097656 0.48167505860328674
251.48338317871094 415.6180419921875 0.47776803374290466
255.0325927734375 417.4549255371094 0.47740671038627625
258.5853576660156 419.2928466796875 0.47740671038627625
262.1069641113281 421.1059265136719 0.47349968552589417
265.6668701171875 422.929931640625 0.47349968552589417
269.1955261230469 424.729248046875 0.4695926606655121
272.7625427246094 426.5393371582031 0.4695926606655121
276.2982177734375 428.3248596191406 0.46568563580513
279.8722839355469 430.1210021972656 0.46568563580513
283.4148864746094 431.8926696777344 0.4617786109447479
286.9959411621094 433.6748352050781 0.4617786109447479
290.5454406738281 435.4326477050781 0.45787158608436584
294.1017761230469 437.1766052246094 0.45396456122398376
297.6649169921875 438.9066467285156 0.4500575363636017
301.2347717285156 440.62274169921875 0.4461505115032196
304.8113098144531 442.32489013671875 0.4422434866428375
308.39447021484375 444.0130310058594 0.43833646178245544
311.98419189453125 445.6871643066406 0.43442943692207336
315.5804443359375 447.3472595214844 0.4305224120616913
319.2154235839844 449.0166320800781 0.4305224120616913
322.85040283203125 450.6860046386719 0.4305224120616913
326.4853820800781 452.3553771972656 0.4305224120616913
330.120361328125 454.0247497558594 0.4305224120616913
333.7553405761719 455.6941223144531 0.4305224120616913
337.39031982421875 457.3634948730469 0.4305224120616913
341.0252990722656 459.0328674316406 0.4305224120616913
344.6602783203125 460.7022399902344 0.4305224120616913
348.2952575683594 462.3716125488281 0.4305224120616913
351.93023681640625 464.0409851074219 0.4305224120616913
355.5652160644531 465.7103576660156 0.4305224120616913
359.2001953125 467.3797302246094 0.4305224120616913
362.8351745605469 469.0491027832031 0.4305224120616913
366.47015380859375 470.7184753417969 0.4305224120616913
370.1051330566406 472.3878479003906 0.4305224120616913
373.7401123046875 474.0572204589844 0.4305224120616913
377.3750915527344 475.7265930175781 0.4305224120616913
381.01007080078125 477.3959655761719 0.4305224120616913
384.6450500488281 479.0653381347656 0.4305224120616913
388.280029296875 480.7347106933594 0.4305224120616913
391.9150085449219 482.4040832519531 0.4305224120616913
395.54998779296875 484.0734558105469 0.4305224120616913
399.1849670410156 485.7428283691406 0.4305224120616913
402.8199462890625 487.4122009277344 0.4305224120616913
406.4549255371094 489.0815734863281 0.4305224120616913
410.08990478515625 490.7509460449219 0.4305224120616913
413.6925964355469 492.39697265625 0.4266153872013092
417.30169677734375 494.0289306640625 0.4227083623409271
420.9171447753906 495.6467590332031 0.41880133748054504
424.5389099121094 497.2504577636719 0.41489431262016296
428.1669006347656 498.8399963378906 0.4109872877597809
431.80108642578125 500.41534423828125 0.4070802628993988
435.4413757324219 501.9764709472656 0.4031732380390167
439.0877380371094 503.52337646484375 0.39926621317863464
442.7401123046875 505.0560302734375 0.39535918831825256
446.3984680175781 506.57440185546875 0.3914521634578705
450.0627136230469 508.0784606933594 0.3875451385974884
453.7328186035156 509.5682067871094 0.3836381137371063
457.4087219238281 511.0435791015625 0.37973108887672424
461.0903625488281 512.5045776367188 0.37582406401634216
464.7776794433594 513.951171875 0.3719170391559601
468.4706115722656 515.3833618164062 0.368010014295578
472.1690979003906 516.8011474609375 0.3641029894351959
475.87310791015625 518.2044677734375 0.36019596457481384
479.58258056640625 519.59326171875 0.35628893971443176
483.2974548339844 520.9675903320312 0.3523819148540497
487.0176696777344 522.327392578125 0.3484748899936676
490.7431640625 523.672607421875 0.3445678651332855
494.473876953125 525.0032958984375 0.34066084027290344
498.20977783203125 526.3193969726562 0.33675381541252136
501.9507751464844 527.6209106445312 0.3328467905521393
505.69683837890625 528.9077758789062 0.3289397656917572
509.4479064941406 530.1799926757812 0.3250327408313751
513.2039184570312 531.4375610351562 0.32112571597099304
516.9647827148438 532.680419921875 0.31721869111061096
520.73046875 533.9085693359375 0.3133116662502289
524.5009765625 535.1220092773438 0.3094046413898468
528.2761840820312 536.3206787109375 0.3054976165294647
532.0560302734375 537.504638671875 0.30159059166908264
535.8404541015625 538.673828125 0.29768356680870056
539.62939453125 539.8281860351562 0.2937702536582947
539.62939453125 539.8281860351562 -0.1062297523021698
539.62939453125 539.8281860351562 -0.5062297582626343
539.62939453125 539.8281860351562 -0.9062297344207764
539.62939453125 539.8281860351562 -1.3062297105789185
540.6576538085938 536.0030517578125 -1.3101366758346558
541.6709594726562 532.1739501953125 -1.314043641090393
542.6693115234375 528.3408813476562 -1.3179506063461304
543.6527099609375 524.5039672851562 -1.3218575716018677
544.62109375 520.6632080078125 -1.325764536857605
545.574462890625 516.8187255859375 -1.3296715021133423
546.5128173828125 512.9705200195312 -1.3335784673690796
547.4360961914062 509.11871337890625 -1.337485432624817
548.3443603515625 505.2633056640625 -1.3413923978805542
548.3443603515625 505.2633056640625 -1.7413923740386963
547.664306640625 501.3612060546875 -1.7452993392944336
546.968994140625 497.4617919921875 -1.749206304550171
546.2584838867188 493.56512451171875 -1.7531132698059082
545.53271484375 489.6712646484375 -1.7570202350616455
544.791748046875 485.7802734375 -1.7609272003173828
544.0355834960938 481.8921813964844 -1.7648341655731201
543.2642211914062 478.007080078125 -1.7687411308288574
542.4777221679688 474.1250305175781 -1.7726480960845947
542.4777221679688 474.1250305175781 -2.1726481914520264
540.2288208007812 470.8644714355469 -2.1765551567077637
537.9671630859375 467.61273193359375 -2.180462121963501
535.6928100585938 464.3698425292969 -2.1843690872192383
533.4058227539062 461.1358642578125 -2.1882760524749756
531.106201171875 457.9108581542969 -2.192183017730713
528.7940063476562 454.6948547363281 -2.19608998298645
526.46923828125 451.4879150390625 -2.1999969482421875
526.46923828125 451.4879150390625 -2.599997043609619
523.0711059570312 449.4526062011719 -2.603895664215088
519.6355590820312 447.4039611816406 -2.603895664215088
516.2000122070312 445.3553161621094 -2.603895664215088
512.7644653320312 443.3066711425781 -2.603895664215088
509.32891845703125 441.2580261230469 -2.603895664215088
505.89337158203125 439.2093811035156 -2.603895664215088
502.45782470703125 437.1607360839844 -2.603895664215088
499.02227783203125 435.1120910644531 -2.603895664215088
495.58673095703125 433.0634460449219 -2.603895664215088
492.15118408203125 431.0148010253906 -2.603895664215088
488.71563720703125 428.9661560058594 -2.603895664215088
485.28009033203125 426.9175109863281 -2.603895664215088
481.84454345703125 424.8688659667969 -2.603895664215088
478.40899658203125 422.8202209472656 -2.603895664215088
474.97344970703125 420.7715759277344 -2.603895664215088
471.53790283203125 418.7229309082031 -2.603895664215088
468.10235595703125 416.6742858886719 -2.603895664215088
464.66680908203125 414.6256408691406 -2.603895664215088
461.23126220703125 412.5769958496094 -2.603895664215088
457.79571533203125 410.5283508300781 -2.603895664215088
454.36016845703125 408.4797058105469 -2.603895664215088
450.92462158203125 406.4310607910156 -2.603895664215088
447.48907470703125 404.3824157714844 -2.603895664215088
444.05352783203125 402.3337707519531 -2.603895664215088
440.61798095703125 400.2851257324219 -2.603895664215088
437.18243408203125 398.2364807128906 -2.603895664215088
433.74688720703125 396.1878356933594 -2.603895664215088
430.31134033203125 394.1391906738281 -2.603895664215088
426.87579345703125 392.0905456542969 -2.603895664215088
423.44024658203125 390.0419006347656 -2.603895664215088
420.00469970703125 387.9932556152344 -2.603895664215088
416.56915283203125 385.9446105957031 -2.603895664215088
413.13360595703125 383.8959655761719 -2.603895664215088
409.69805908203125 381.8473205566406 -2.603895664215088
406.26251220703125 379.7986755371094 -2.603895664215088
402.82696533203125 377.7500305175781 -2.603895664215088
399.39141845703125 375.7013854980469 -2.603895664215088
395.95587158203125 373.6527404785156 -2.603895664215088
392.52032470703125 371.6040954589844 -2.603895664215088
389.08477783203125 369.5554504394531 -2.603895664215088
385.64923095703125 367.5068054199219 -2.603895664215088
382.21368408203125 365.4581604003906 -2.603895664215088
378.77813720703125 363.4095153808594 -2.603895664215088
375.34259033203125 361.3608703613281 -2.603895664215088
371.90704345703125 359.3122253417969 -2.603895664215088
368.47149658203125 357.2635803222656 -2.603895664215088
365.03594970703125 355.2149353027344 -2.603895664215088
361.60040283203125 353.1662902832031 -2.603895664215088
358.16485595703125 351.1176452636719 -2.603895664215088
354.72930908203125 349.0690002441406 -2.603895664215088
351.29376220703125 347.0203552246094 -2.603895664215088
347.85821533203125 344.9717102050781 -2.603895664215088
344.42266845703125 342.9230651855469 -2.603895664215088
340.98712158203125 340.8744201660156 -2.603895664215088
337.55157470703125 338.8257751464844 -2.603895664215088
334.11602783203125 336.7771301269531 -2.603895664215088
330.68048095703125 334.7284851074219 -2.603895664215088
327.24493408203125 332.6798400878906 -2.603895664215088
323.80938720703125 330.6311950683594 -2.603895664215088
320.37384033203125 328.5825500488281 -2.603895664215088
316.93829345703125 326.5339050292969 -2.603895664215088
313.50274658203125 324.4852600097656 -2.603895664215088
310.06719970703125 322.4366149902344 -2.603895664215088
306.63165283203125 320.3879699707031 -2.603895664215088
303.19610595703125 318.3393249511719 -2.603895664215088
299.7901306152344 316.3173522949219 -2.607802629470825
296.3465881347656 314.28216552734375 -2.607802629470825
292.91485595703125 312.2575378417969 -2.6093568801879883
289.4681701660156 310.2276916503906 -2.6093568801879883
286.021484375 308.1978454589844 -2.6093568801879883
282.5747985839844 306.1679992675781 -2.6093568801879883
279.1578369140625 304.1646423339844 -2.6132638454437256
275.7032470703125 302.1482849121094 -2.6132638454437256
272.2784729003906 300.1582946777344 -2.6171698570251465
268.8160095214844 298.1554260253906 -2.6171698570251465
265.3535461425781 296.1525573730469 -2.6171698570251465
261.8910827636719 294.1496887207031 -2.6171698570251465
258.4286193847656 292.1468200683594 -2.6171698570251465
254.96617126464844 290.1439514160156 -2.6171698570251465
251.53367614746094 288.1673583984375 -2.621076822280884
248.09347534179688 286.2041931152344 -2.624983787536621
248.09347534179688 286.2041931152344 -3.0249838829040527
244.6210174560547 285.8874206542969 -3.0762579441070557
240.62954711914062 285.62628173828125 -3.0762579441070557
236.63807678222656 285.3651428222656 -3.0762579441070557
232.6466064453125 285.10400390625 -3.0762579441070557
228.65513610839844 284.8428649902344 -3.0762579441070557
228.65513610839844 284.8428649902344 2.80692720413208
224.91650390625 286.1511535644531 2.8030202388763428
221.18258666992188 287.4740905761719 2.7991549968719482
217.45423889160156 288.8114013671875 2.795248031616211
213.69175720214844 290.16925048828125 2.795248031616211
209.96865844726562 291.5211181640625 2.7913410663604736
206.21151733398438 292.8936462402344 2.7913410663604736
202.4937286376953 294.2600402832031 2.7874341011047363
198.74197387695312 295.6472473144531 2.7874341011047363
195.03871154785156 297.02667236328125 2.7826178073883057
195.03871154785156 297.02667236328125 2.382617712020874
195.03871154785156 297.02667236328125 1.982617735862732
195.03871154785156 297.02667236328125 1.5826177597045898
195.03871154785156 297.02667236328125 1.1826177835464478
195.03871154785156 297.02667236328125 0.7826178073883057
195.03871154785156 297.02667236328125 0.3826178014278412
195.03871154785156 297.02667236328125 -0.01738220453262329
195.03871154785156 297.02667236328125 -0.41738221049308777
195.03871154785156 297.02667236328125 -0.8173822164535522
197.74285888671875 294.1324462890625 -0.8212892413139343
200.43568420410156 291.2276916503906 -0.8251962661743164
203.1171417236328 288.31243896484375 -0.8291032910346985
205.7871856689453 285.38671875 -0.8330103158950806
208.44577026367188 282.4505920410156 -0.8369173407554626
211.09286499023438 279.50408935546875 -0.8408243656158447
213.7284393310547 276.5472717285156 -0.8447313904762268
216.35243225097656 273.5802001953125 -0.8486384153366089
218.96481323242188 270.6028747558594 -0.852545440196991
221.5623321533203 267.61785888671875 -0.8568503856658936
221.5623321533203 267.61785888671875 -1.2568503618240356
222.77816772460938 263.84814453125 -1.260757327079773
223.97926330566406 260.0736999511719 -1.2646642923355103
225.1656036376953 256.29461669921875 -1.2685712575912476
226.337158203125 252.5109100341797 -1.2724782228469849
227.49392700195312 248.72265625 -1.2763851881027222
228.63589477539062 244.92991638183594 -1.2802921533584595
229.76303100585938 241.13275146484375 -1.2841991186141968
230.8753204345703 237.33120727539062 -1.288106083869934
231.97274780273438 233.5253448486328 -1.2920130491256714
233.0552978515625 229.71522521972656 -1.2959200143814087
234.12295532226562 225.90090942382812 -1.299826979637146
235.1757049560547 222.0824432373047 -1.3037339448928833
236.21353149414062 218.2598876953125 -1.3076409101486206
237.2364044189453 214.43331909179688 -1.311547875404358
238.24432373046875 210.602783203125 -1.3154548406600952
239.23727416992188 206.76834106445312 -1.3193618059158325
239.23727416992188 206.76834106445312 -1.7193617820739746
239.23727416992188 206.76834106445312 -2.1193618774414062
237.16519165039062 203.3926239013672 -2.1232688426971436
235.07994079589844 200.02503967285156 -2.127175807952881
232.98155212402344 196.66561889648438 -2.131082773208618
230.87005615234375 193.31442260742188 -2.1349897384643555
228.7454833984375 189.97149658203125 -2.1388967037200928
226.6078643798828 186.63690185546875 -2.14280366897583
226.6078643798828 186.63690185546875 -2.5428037643432617
223.3317108154297 184.41075134277344 -2.546710729598999
220.046875 182.19741821289062 -2.5506176948547363
216.75341796875 179.99693298339844 -2.5545246601104736
213.45140075683594 177.809326171875 -2.558431625366211
210.14085388183594 175.6346435546875 -2.5623385906219482
206.82183837890625 173.47291564941406 -2.5662455558776855
203.49440002441406 171.3241729736328 -2.570152521133423
200.15859985351562 169.18844604492188 -2.57405948638916
196.81446838378906 167.06576538085938 -2.5779664516448975
193.4620819091797 164.95616149902344 -2.5818734169006348
193.4620819091797 164.95616149902344 -2.585794687271118
193.4620819091797 164.95616149902344 -2.98579478263855
193.4620819091797 164.95616149902344 2.897390365600586
193.4620819091797 164.95616149902344 2.4973902702331543
193.4620819091797 164.95616149902344 2.0973901748657227
193.4620819091797 164.95616149902344 1.6973901987075806
193.4620819091797 164.95616149902344 1.2973902225494385
193.4620819091797 164.95616149902344 0.8973902463912964
195.93836975097656 168.04759216308594 0.8934832215309143
198.4267120361328 171.12933349609375 0.8895761966705322
200.9270782470703 174.20132446289062 0.8856691718101501
203.43942260742188 177.26351928710938 0.8817621469497681
205.96371459960938 180.3158721923828 0.877855122089386
208.49990844726562 183.35833740234375 0.8739480972290039
208.49990844726562 183.35833740234375 0.47394809126853943
212.0277557373047 185.1592254638672 0.47004106640815735
215.5626220703125 186.94631958007812 0.46613404154777527
219.10443115234375 188.71958923339844 0.4622270166873932
222.6531524658203 190.47900390625 0.4583199918270111
226.20870971679688 192.22454833984375 0.45441296696662903
229.7710723876953 193.9561767578125 0.45050594210624695
233.3401641845703 195.6738739013672 0.44659891724586487
236.9159393310547 197.37762451171875 0.4426918923854828
240.49835205078125 199.0673828125 0.4387848675251007
244.08734130859375 200.74313354492188 0.43487784266471863
247.68284606933594 202.40484619140625 0.43097081780433655
251.28482055664062 204.05250549316406 0.42706379294395447
254.89320373535156 205.6860809326172 0.4231567680835724
258.5079345703125 207.3055419921875 0.4192497432231903
262.12896728515625 208.91087341308594 0.4153427183628082
265.7562561035156 210.50204467773438 0.41143569350242615
269.38970947265625 212.0790252685547 0.40752866864204407
273.029296875 213.6417999267578 0.403621643781662
276.67498779296875 215.19033813476562 0.3997146189212799
280.3266906738281 216.72462463378906 0.3958075940608978
283.9843444824219 218.24462890625 0.39190056920051575
287.6479187011719 219.75033569335938 0.38799354434013367
291.3173522949219 221.24171447753906 0.3840865194797516
294.9925842285156 222.71875 0.3801794946193695
298.6735534667969 224.18141174316406 0.3762724697589874
302.3601989746094 225.6296844482422 0.37236544489860535
306.052490234375 227.06353759765625 0.36845842003822327
309.7503662109375 228.4829559326172 0.3645513951778412
313.4537353515625 229.88790893554688 0.3606443703174591
317.1625671386719 231.27838134765625 0.356737345457077
320.8768005371094 232.65435791015625 0.35283032059669495
324.5964050292969 234.01580810546875 0.34892329573631287
328.3212890625 235.3627166748047 0.3450162708759308
332.0514221191406 236.695068359375 0.3411092460155487
335.7867126464844 238.01283264160156 0.3372022211551666
339.5271301269531 239.3159942626953 0.33329519629478455
343.2726135253906 240.6045379638672 0.32938817143440247
347.0231018066406 241.87843322753906 0.3254811465740204
350.7785339355469 243.13766479492188 0.3215741217136383
354.5388488769531 244.38221740722656 0.3176670968532562
358.30401611328125 245.612060546875 0.31376007199287415
362.0739440917969 246.8271942138672 0.30985304713249207
365.8486022949219 248.027587890625 0.30594602227211
369.6279296875 249.21322631835938 0.3020389974117279
373.4118347167969 250.3840789794922 0.2981319725513458
377.2002868652344 251.54014587402344 0.29422494769096375
380.99322509765625 252.681396484375 0.29031792283058167
384.7906188964844 253.80783081054688 0.2864108979701996
388.5923767089844 254.91941833496094 0.2825038731098175
392.3984375 256.0161437988281 0.2785968482494354
396.2087707519531 257.0979919433594 0.27468982338905334
400.0232849121094 258.1649475097656 0.27078279852867126
403.8419494628906 259.21697998046875 0.2668757736682892
407.6647033691406 260.25408935546875 0.2629687488079071
411.491455078125 261.2762451171875 0.259061723947525
415.3221740722656 262.283447265625 0.25515469908714294
419.15679931640625 263.2756652832031 0.25124767422676086
422.9952697753906 264.2528991699219 0.24734066426753998
426.8375549316406 265.21514892578125 0.2434336543083191
430.6835632324219 266.162353515625 0.2395266443490982
434.5332336425781 267.09454345703125 0.23561963438987732
438.3865051269531 268.0116882324219 0.23171262443065643
442.24334716796875 268.91375732421875 0.22780561447143555
446.1036682128906 269.8007507324219 0.22389860451221466
449.9674377441406 270.67266845703125 0.21999159455299377
453.8345947265625 271.52947998046875 0.2160845845937729
457.7050476074219 272.3711853027344 0.212177574634552
461.5787658691406 273.19775390625 0.20827056467533112
465.4556884765625 274.0091857910156 0.20436355471611023
469.33575439453125 274.8054504394531 0.20045654475688934
473.2189025878906 275.5865478515625 0.19654953479766846
477.1050720214844 276.35247802734375 0.19264252483844757
480.99420166015625 277.10321044921875 0.18873551487922668
484.88623046875 277.8387451171875 0.1848285049200058
488.7810974121094 278.55908203125 0.1809214949607849
492.67877197265625 279.2641906738281 0.17701448500156403
496.57916259765625 279.9540710449219 0.17310747504234314
500.4822082519531 280.6286926269531 0.16920046508312225
500.4822082519531 280.6286926269531 -0.23079954087734222
500.4822082519531 280.6286926269531 -0.6307995319366455
503.6763000488281 278.28631591796875 -0.6347065567970276
506.8612365722656 275.9314880371094 -0.6386135816574097
510.03692626953125 273.5642395019531 -0.6425206065177917
513.203369140625 271.1846008300781 -0.6464276313781738
516.3604736328125 268.7926025390625 -0.6503346562385559
519.5082397460938 266.3883056640625 -0.654241681098938
522.6465454101562 263.9717102050781 -0.6581487059593201
525.775390625 261.5428771972656 -0.6620557308197021
528.8947143554688 259.1018371582031 -0.6659627556800842
532.0045166015625 256.64862060546875 -0.6698697805404663
535.1046752929688 254.18328857421875 -0.6737768054008484
535.1046752929688 254.18328857421875 -1.0737768411636353
536.9864501953125 250.6979217529297 -1.0776838064193726
538.8546142578125 247.20523071289062 -1.0815907716751099
540.7091064453125 243.70526123046875 -1.0854977369308472
542.5499267578125 240.1980743408203 -1.0894047021865845
544.3770141601562 236.68373107910156 -1.0933116674423218
546.1903686523438 233.1622772216797 -1.097218632698059
547.9899291992188 229.63375854492188 -1.1011255979537964
547.9899291992188 229.63375854492188 -1.5011255741119385
548.2579345703125 225.68191528320312 -1.5050325393676758
548.510498046875 221.7290496826172 -1.508939504623413
548.7476196289062 217.7752227783203 -1.5128464698791504
548.9692993164062 213.8205108642578 -1.5167534351348877
549.175537109375 209.86495971679688 -1.520660400390625
549.3663330078125 205.90863037109375 -1.5245673656463623
549.5416259765625 201.9515838623047 -1.5284743309020996
549.7014770507812 197.99388122558594 -1.532381296157837
549.8458862304688 194.03558349609375 -1.5362882614135742
549.9747924804688 190.07675170898438 -1.5401952266693115
550.0882568359375 186.11744689941406 -1.5441021919250488
550.1862182617188 182.15773010253906 -1.5480091571807861
550.2687377929688 178.19766235351562 -1.5519161224365234
550.3357543945312 174.2373046875 -1.5558230876922607
550.3873291015625 170.27671813964844 -1.559730052947998
550.4234008789062 166.31594848632812 -1.5636370182037354
550.4440307617188 162.35507202148438 -1.5675439834594727
550.4491577148438 158.39414978027344 -1.57145094871521
550.4388427734375 154.43324279785156 -1.5753579139709473
550.4130249023438 150.47239685058594 -1.5792648792266846
550.3717651367188 146.51168823242188 -1.5831718444824219
550.3150024414062 142.55116271972656 -1.5870788097381592
550.2427978515625 138.5908966064453 -1.5909857749938965
550.1550903320312 134.6309356689453 -1.5948927402496338
550.0519409179688 130.67135620117188 -1.598799705505371
549.9332885742188 126.71220397949219 -1.6027066707611084
549.7991943359375 122.75354766845703 -1.6066136360168457
549.6495971679688 118.79544830322266 -1.610520601272583
549.4845581054688 114.83795928955078 -1.6144275665283203
549.3040771484375 110.88114929199219 -1.6183345317840576
549.108154296875 106.9250717163086 -1.622241497039795
548.896728515625 102.96978759765625 -1.6261484622955322
548.6698608398438 99.01536560058594 -1.6300554275512695
548.4275512695312 95.06185913085938 -1.6339623928070068
548.1697998046875 91.10932922363281 -1.6378693580627441
547.8966064453125 87.1578369140625 -1.6417763233184814
547.6079711914062 83.20744323730469 -1.6456832885742188
547.3038940429688 79.2582015991211 -1.649590253829956
547.3038940429688 79.2582015991211 -2.0495903491973877
545.47216796875 75.74624633789062 -2.053497314453125
543.6267700195312 72.2414779663086 -2.0574042797088623
543.6267700195312 72.2414779663086 -2.457404375076294
540.5524291992188 69.7439956665039 -2.4613113403320312
537.4683837890625 67.258544921875 -2.4652183055877686
534.3746337890625 64.78516387939453 -2.469125270843506
531.271240234375 62.323890686035156 -2.473032236099243
528.1582641601562 59.874759674072266 -2.4769392013549805
525.0357055664062 57.437808990478516 -2.4808461666107178
525.0357055664062 57.437808990478516 -2.8808462619781494
521.2066650390625 56.42415237426758 -2.8847532272338867
517.3737182617188 55.42546463012695 -2.888660192489624
513.536865234375 54.44175720214844 -2.8925671577453613
509.69622802734375 53.47304916381836 -2.8964741230010986
505.8518371582031 52.519351959228516 -2.900381088256836
502.0037536621094 51.580684661865234 -2.9042880535125732
498.1520080566406 50.65705871582031 -2.9081950187683105
494.29669189453125 49.74848937988281 -2.912101984024048
490.4378662109375 48.85498809814453 -2.916008949279785
486.5755615234375 47.97657012939453 -2.9199159145355225
482.7098693847656 47.11324691772461 -2.9238228797912598
478.8408203125 46.26503372192383 -2.927729845046997
474.968505859375 45.43194580078125 -2.9316368103027344
471.09295654296875 44.613990783691406 -2.9355437755584717
467.2142333984375 43.81118392944336 -2.939450740814209
463.3323974609375 43.023536682128906 -2.9433577060699463
459.4475402832031 42.251060485839844 -2.9472646713256836
455.5596923828125 41.493770599365234 -2.951171636581421
451.6689147949219 40.75167465209961 -2.955078601837158
447.73828125 40.00993728637695 -2.955078601837158
443.8076477050781 39.2681999206543 -2.955078601837158
439.87701416015625 38.52646255493164 -2.955078601837158
435.9463806152344 37.784725189208984 -2.955078601837158
432.0157470703125 37.04298782348633 -2.955078601837158
428.1221008300781 36.31610107421875 -2.9589855670928955
424.22564697265625 35.60443115234375 -2.962892532348633
420.326416015625 34.907989501953125 -2.96679949760437
416.42449951171875 34.22678756713867 -2.9707064628601074
412.51995849609375 33.56083679199219 -2.9746134281158447
412.51995849609375 33.56083679199219 2.908571720123291
408.6280517578125 34.4845085144043 2.908571720123291
404.73614501953125 35.408180236816406 2.908571720123291
400.84423828125 36.331851959228516 2.908571720123291
396.95233154296875 37.255523681640625 2.908571720123291
393.0604248046875 38.179195404052734 2.908571720123291
389.16851806640625 39.102867126464844 2.908571720123291
385.276611328125 40.02653884887695 2.908571720123291
381.38470458984375 40.95021057128906 2.908571720123291
377.4927978515625 41.87388229370117 2.908571720123291
373.60089111328125 42.79755401611328 2.908571720123291
369.708984375 43.72122573852539 2.908571720123291
365.81707763671875 44.6448974609375 2.908571720123291
361.9251708984375 45.56856918334961 2.908571720123291
358.03326416015625 46.49224090576172 2.908571720123291
354.141357421875 47.41591262817383 2.908571720123291
350.24945068359375 48.33958435058594 2.908571720123291
346.3575439453125 49.26325607299805 2.908571720123291
342.46563720703125 50.186927795410156 2.908571720123291
338.57373046875 51.110599517822266 2.908571720123291
334.68182373046875 52.034271240234375 2.908571720123291
330.7899169921875 52.957942962646484 2.908571720123291
326.89801025390625 53.881614685058594 2.908571720123291
323.006103515625 54.8052864074707 2.908571720123291
319.11419677734375 55.72895812988281 2.908571720123291
315.2222900390625 56.65262985229492 2.908571720123291
311.33038330078125 57.57630157470703 2.908571720123291
307.4384765625 58.49997329711914 2.908571720123291
303.54656982421875 59.42364501953125 2.908571720123291
299.6546630859375 60.34731674194336 2.908571720123291
295.76275634765625 61.27098846435547 2.908571720123291
291.870849609375 62.19466018676758 2.908571720123291
287.97894287109375 63.11833190917969 2.908571720123291
284.0870361328125 64.04199981689453 2.908571720123291
280.19512939453125 64.96566772460938 2.908571720123291
276.30322265625 65.88933563232422 2.908571720123291
272.41131591796875 66.81300354003906 2.908571720123291
268.5194091796875 67.7366714477539 2.908571720123291
264.62750244140625 68.66033935546875 2.908571720123291
260.735595703125 69.5840072631836 2.908571720123291
256.84368896484375 70.50767517089844 2.908571720123291
252.95179748535156 71.43134307861328 2.908571720123291
249.05990600585938 72.35501098632812 2.908571720123291
245.1680145263672 73.27867889404297 2.908571720123291
241.276123046875 74.20234680175781 2.908571720123291
237.3842315673828 75.12601470947266 2.908571720123291
233.49234008789062 76.0496826171875 2.908571720123291
229.60044860839844 76.97335052490234 2.908571720123291
225.70855712890625 77.89701843261719 2.908571720123291
221.81666564941406 78.82068634033203 2.908571720123291
217.92477416992188 79.74435424804688 2.908571720123291
214.0328826904297 80.66802215576172 2.908571720123291
210.1409912109375 81.59169006347656 2.908571720123291
206.2490997314453 82.5153579711914 2.908571720123291
202.35720825195312 83.43902587890625 2.908571720123291
198.46531677246094 84.3626937866211 2.908571720123291
194.57342529296875 85.28636169433594 2.908571720123291
190.68153381347656 86.21002960205078 2.908571720123291
186.78964233398438 87.13369750976562 2.908571720123291
182.8977508544922 88.05736541748047 2.908571720123291
179.005859375 88.98103332519531 2.908571720123291
175.1139678955078 89.90470123291016 2.908571720123291
171.22207641601562 90.828369140625 2.908571720123291
167.33018493652344 91.75203704833984 2.908571720123291
163.43829345703125 92.67570495605469 2.908571720123291
159.54640197753906 93.59937286376953 2.908571720123291
155.65451049804688 94.52304077148438 2.908571720123291
151.7626190185547 95.44670867919922 2.908571720123291
147.8707275390625 96.37037658691406 2.908571720123291
143.9788360595703 97.2940444946289 2.908571720123291
140.08694458007812 98.21771240234375 2.908571720123291
136.19505310058594 99.1413803100586 2.908571720123291
132.30316162109375 100.06504821777344 2.908571720123291
128.41127014160156 100.98871612548828 2.908571720123291
124.51937866210938 101.91238403320312 2.908571720123291
120.62748718261719 102.83605194091797 2.908571720123291
116.735595703125 103.75971984863281 2.908571720123291
112.84370422363281 104.68338775634766 2.908571720123291
108.95181274414062 105.6070556640625 2.908571720123291
105.05992126464844 106.53072357177734 2.908571720123291
101.16802978515625 107.45439147949219 2.908571720123291
97.27613830566406 108.37805938720703 2.908571720123291
93.38424682617188 109.30172729492188 2.908571720123291
89.49235534667969 110.22539520263672 2.908571720123291
85.6004638671875 111.14906311035156 2.908571720123291
81.70857238769531 112.0727310180664 2.908571720123291
77.81668090820312 112.99639892578125 2.908571720123291
73.92478942871094 113.9200668334961 2.908571720123291
70.03289794921875 114.84373474121094 2.908571720123291
66.14100646972656 115.76740264892578 2.908571720123291
62.249114990234375 116.69107055664062 2.908571720123291
58.35722351074219 117.61473846435547 2.908571720123291
58.35722351074219 117.61473846435547 2.908571720123291
58.35722351074219 117.61473846435547 2.908571720123291
58.35722351074219 117.61473846435547 2.908571720123291
58.35722351074219 117.61473846435547 2.908571720123291
58.35722351074219 117.61473846435547 2.908571720123291
58.35722351074219 117.61473846435547 2.908571720123291
58.35722351074219 117.61473846435547 2.908571720123291
58.35722351074219 117.61473846435547 2.908571720123291
58.35722351074219 117.61473846435547 2.908571720123291
58.35722351074219 117.61473846435547 2.908571720123291
