-392.80534292279424
-395.61961925039265
-398.442609061028
-401.2740675154425
-404.1137853368754
-406.9615277459106
-409.81712581593496
-412.680323892179
-415.5509628532706
-418.428826789886
-421.3137041940589
-424.20544930309933
-427.10385846797175
-430.0087333441987
-432.91993895214654
-435.8372847629643
-438.7606136665526
-441.68974183043645
-444.6245192747081
-447.5647994095281
-450.5104087054651
-453.46123735610803
-456.4171182023699
-459.3778860507089
-462.3434111430709
-465.313565511377
-468.2882540525616
-471.2673214947681
-474.25062049917335
-477.23806104121184
-480.2295010732264
-483.22479542692645
-486.2238639643664
-488.25033847838415
-488.25033847838415
-489.59910324977875
-490.96163354895504
-492.33780195973793
-493.72742153618213
-493.72742153618213
-493.5782385429473
-493.44530939427744
-493.32869502939064
-493.2283914262319
-493.1443925176379
-493.0767530583372
-493.0767530583372
-491.48593979439994
-489.90776622523674
-488.3423415615212
-486.78983379732955
-485.2504111020605
-483.7241840386981
-482.2113214384383
-480.7119921850989
-479.2263418086976
-477.7545057781527
-476.2966533315523
-474.8529307975024
-473.42347366734225
-472.0084287724133
-470.60795970027647
-469.22221334857755
-467.8513588063252
-466.4955368969093
-465.15489472176034
-463.8296007964056
-462.5197889031872
-461.2255988423916
-459.9472042316413
-458.6847511547167
-457.4383986868906
-457.4383986868906
-457.4383986868906
-453.8766205897737
-450.3146865113832
-446.75266170126775
-443.19058386758996
-439.6284792593509
-436.06644370998606
-432.5045181249502
-432.5045181249502
-428.5487535967324
-424.59232117391167
-420.6352441944124
-416.67757369131596
-412.71936177398663
-408.7606616810229
-404.80150120733407
-400.84193603330925
-396.8820156844557
-392.9217985104558
-388.96131768998214
-385.0006345449483
-381.03981199545467
-377.07891464501836
-373.1179747904506
-369.1570681467571
-369.1570681467571
-365.52467030283395
-361.9054637670693
-358.29989772570116
-354.70843766038644
-351.13156599947274
-347.5698098109853
-344.02369470785
-340.4937511608901
-336.9805434834201
-333.4846562569178
-330.0066816483941
-326.54727506775345
-326.54727506775345
-326.54727506775345
-326.54727506775345
-326.54727506775345
-326.54727506775345
-326.54727506775345
-326.54727506775345
-330.4889792990385
-334.43206820512495
-338.3366461371128
-342.2399395676872
-346.1419316808501
-350.04261949892566
-353.94194531099095
-357.839940082037
-361.7365529273022
-365.63178060221276
-369.5256266433341
-373.41806738582443
-377.3090722202804
-381.1986375766535
-385.0867467687922
-388.9733890728251
-392.8585478131139
-396.7422120632455
-400.6243651636567
-400.6243651636567
-403.8936466743718
-407.1994290462445
-410.5204428487466
-413.8165997745486
-417.15270962534316
-420.4634112141963
-423.8138700823902
-427.1384091406877
-430.5024558851336
-433.8401547833719
-437.21715152973655
-440.56735558228075
-443.9194249143304
-447.27325996299055
-450.628805416966
-453.98594034468323
-457.34459735089746
-460.70468510259303
-464.0661141158705
-467.46614523263946
-470.8756053107835
-474.294291010344
-477.7220042695203
-481.1585521547392
-484.60374671485647
-488.05740483941355
-491.5193481208692
-494.9894027207247
-498.46739923945876
-501.9531725901876
-505.44656187596524
-508.94741027063674
-512.4555649031595
-515.9708767453055
-519.49320050266
-523.0223945088289
-526.5583206227737
-530.1008441291875
-533.6498336418302
-537.2051610097426
-540.7667012262576
-544.3343323407298
-547.9079353729077
-551.4873942298691
-555.07259562545
-558.6249155086224
-562.1758841962826
-565.7254888484802
-569.2736697671282
-572.8204145097314
-576.3657303257507
-579.9095584736299
-583.4518638812492
-586.9926348373612
-590.5318365287059
-594.0694543905271
-597.6054570820842
-601.1398303980307
-604.6725175184428
-608.2035076040713
-611.7327897569149
-615.2603734602682
-618.786182179423
-622.3101806746132
-625.8324036406445
-629.3527955410449
-632.8713459498276
-636.3879997567666
-639.9027676152983
-643.4156184143304
-646.9265185043298
-650.4354578963129
-653.9424264979193
-657.4473490185812
-660.9502365991667
-664.4510791830187
-667.9499093920107
-671.446630991561
-674.9412339402146
-678.4335785967536
-678.4335785967536
-678.4335785967536
-678.4335785967536
-678.4335785967536
-676.4637766649716
-674.498026387125
-672.5364059785649
-670.5789078692161
-668.6256976202488
-666.6767687157045
-664.7321983898797
-662.7920696663425
-660.8564393611559
-660.8564393611559
-657.7291904856428
-654.6014574142314
-651.4732286859794
-648.3445839434828
-645.215557878153
-642.0861854945247
-638.956502120891
-635.8265235442982
-635.8265235442982
-631.9971601931219
-628.1654446086319
-624.3314005916355
-620.4950718597582
-616.6564555415314
-612.8155755931592
-608.9724757759079
-608.9724757759079
-605.0615456696501
-601.1140011156036
-597.1671547070418
-593.2210203787696
-589.2756124363059
-585.3309455682045
-581.3870348588656
-577.4438958018601
-573.5015443137929
-569.5599967487285
-565.619269913206
-561.6793810818722
-557.7403480137618
-553.8021889692561
-549.8649227277526
-545.9285686060819
-541.9931464777057
-538.0586767927383
-534.1251805988287
-530.1926795629497
-526.2611959941377
-522.3307528672326
-518.4013738476685
-514.4730833173692
-510.5459064018057
-506.61986899827804
-502.69499780548216
-498.77132035443395
-494.84886504081965
-490.9276611588509
-487.00773893670527
-483.0891295736377
-479.1718652788559
-475.25597931225593
-471.3415060271217
-467.42848091489805
-463.51694065215514
-459.60692314986744
-455.69846760514025
-451.79161455552526
-447.88640593607414
-443.98288513929185
-440.0810970781587
-436.1810882524048
-432.2829068182304
-428.3866026616797
-424.4922274758905
-420.59983484245544
-416.70948031714937
-412.8212215202931
-408.9351182320435
-405.0512324929208
-401.16962870990534
-397.2903737684601
-393.41353715086166
-389.5391910612492
-385.66741055783115
-381.79827369272283
-377.93186165992165
-374.06825895196636
-370.2075535258659
-366.34983697893006
-362.4952047351809
-358.64375624307627
-354.79559518533455
-350.9905306210634
-347.1536974494923
-343.3350247263393
-339.5074005263655
-335.68379583184
-331.8643495760631
-328.0887974456835
-324.28290831119676
-320.5212691465235
-316.72996028373024
-312.9438473929762
-309.16312136904895
-305.38798228145475
-301.6186497759555
-297.89469341901076
-294.18232541165065
-294.18232541165065
-291.7279091125844
-289.01404231694795
-286.3303341232936
-283.67764047158073
-281.0568395351411
-281.0568395351411
-279.88479006808006
-278.7788198631356
-277.73993104416104
-276.75195920584395
-275.8348511664163
-274.9711584733891
-274.1783255997262
-273.44124094334603
-272.77844988175895
-272.77844988175895
-272.77844988175895
-272.77844988175895
-272.77844988175895
-272.77844988175895
-272.77844988175895
-272.77844988175895
-272.77844988175895
-272.77844988175895
-271.6289559028735
-270.5176919392614
-269.44514119504936
-268.4117698286117
-267.4180674985894
-266.4644785942138
-265.5514602539544
-264.67946458486347
-263.8488715274869
-263.0601092627588
-263.0601092627588
-260.8527878333982
-258.67428082343133
-256.52536087437505
-254.4068155014443
-252.3194467886657
-250.26404946045727
-248.24145351567256
-246.25252378460286
-244.29809460946433
-242.37902317468897
-240.49619954214668
-238.65049154670183
-236.8428195331055
-235.07408052853728
-233.3451892204937
-231.65705648112177
-231.65705648112177
-231.65705648112177
-227.91914204626295
-224.1836714048118
-220.45082014372466
-216.72078008957885
-212.99377187823146
-209.27000135825008
-209.27000135825008
-205.31472641896445
-201.3605492477258
-197.40760498989127
-193.45602587982947
-189.50596365334434
-185.5575841376267
-181.61104417154576
-177.66653310125102
-173.7242583856548
-169.784442000578
-169.784442000578
-169.784442000578
-169.784442000578
-169.784442000578
-169.784442000578
-169.784442000578
-169.784442000578
-169.784442000578
-173.64405447043495
-177.51145640497654
-181.38610796642914
-185.26749447402224
-189.15512711494182
-193.04859840929265
-193.04859840929265
-196.91513181543496
-200.78205097787603
-204.6492806851895
-208.5167386977898
-212.38436849871644
-216.2520985291774
-220.11985589898538
-223.98759473525618
-227.85525347527877
-231.72278001458477
-235.59012456763685
-239.45723330417127
-243.32406086722688
-247.19056683849064
-251.0567094926894
-254.92245190824917
-258.78775544818416
-262.65257381333595
-266.5168620325091
-270.38058521339553
-274.2437255732819
-278.1062504097123
-281.96809409794116
-285.8292756852437
-289.6897312906024
-293.54943144180527
-297.4083639584371
-301.2664755224586
-305.12376383744254
-308.9801934396036
-312.83572946625435
-316.6903798882496
-320.5440853241459
-324.39683789424043
-328.2485956587573
-332.0993515522609
-335.94907339648904
-339.7977457594935
-343.64536287506115
-347.49187589216075
-351.33725384744326
-355.18150010081285
-359.02460036650535
-362.8664984391822
-366.7071904097388
-370.5466624790025
-374.3848851437165
-378.22187101383486
-382.0575647840819
-385.89193752425194
-389.72500230825517
-393.556738283012
-397.38710593227734
-401.21610319212584
-405.0437018872858
-408.8698891510499
-412.6946370218098
-416.5179327040753
-420.33974843251696
-424.1600981371597
-427.97894240570656
-431.7962389381574
-435.6120165679052
-439.42624796803887
-443.2388936430864
-447.0499531960911
-450.85939962154714
-454.6672347038906
-458.47343138158465
-462.2779357354846
-466.08078915913916
-469.8819519506198
-473.68139731026366
-477.4791125219507
-481.2750847709494
-485.0693145685448
-488.8617619375573
-492.65240028854237
-492.65240028854237
-492.65240028854237
-494.4721353143244
-496.3031214670908
-498.14522053548797
-499.9982680191389
-501.86210043566507
-503.73661101664544
-505.621595355134
-507.51694856789646
-509.42256752372367
-511.3382381450632
-513.2638655773418
-513.2638655773418
-513.7025481310985
-514.1560269936058
-514.6242232292021
-515.1071187112962
-515.6046365163704
-516.1167448912098
-516.6433689121071
-516.6433689121071
-515.6134192081007
-514.5969153676352
-513.5939567548676
-512.6046419611613
-511.6290148838032
-510.66722586499213
-509.7193709748406
-508.78554537021324
-507.86578036104174
-506.9602320515363
-506.0689335475346
-505.19203488703613
-504.32962614642673
-503.4817333692681
-502.64850726632466
-501.82997478719693
-501.02621788307204
-500.2373835656395
-499.4634918262287
-498.7046870124088
-497.96098647317666
-497.2325317371852
-496.5193373881748
-495.82154198295365
-495.13915721957716
-494.4723164728716
-493.8210317066176
-493.1854321763697
-492.5655861765526
-491.9614996215968
-491.3732987693845
-490.8010459647878
-490.2448026384215
-489.7046278807175
-489.1805801755908
-488.6727154884622
-488.1810875443338
-487.70574901374306
-487.70574901374306
-485.7491951727697
-483.8036107035174
-483.8036107035174
-480.67335349303676
-477.5458494645534
-474.4212159852676
-471.2995723901113
-468.18104033457575
-465.06574376495985
-465.06574376495985
-461.2435702350339
-457.4197029676144
-453.59416005032415
-449.766898595258
-445.93796714699147
-442.1073838219603
-438.2751361568396
-434.4412727798541
-430.6058116209082
-426.76874036851297
-422.93010742552684
-419.08990037658344
-415.2481373277214
-411.4048363995991
-407.56004607044594
-403.7137539664592
-399.8659782297364
-396.01673684248686
-392.16604814464694
-388.277755731961
-384.3917560192537
-380.50811925022157
-376.6269185222619
-372.74822993042704
-368.90809036237664
-365.0667135396701
-361.2240909963227
-357.3802745897784
-353.535286145937
-353.535286145937
-349.5857081574268
-345.63729015357137
-341.69007234716827
-337.7440968183701
-333.7994076235525
-329.85605091182885
-325.91407504984187
-321.97353075551945
-318.03447124154854
-314.09695236939467
-310.161032814773
-306.2267742455681
-302.29424151329783
-298.3635028593284
-294.4346301371687
-290.50769905231203
-286.5827894212431
-282.65998545140224
-278.7393760440885
-274.8210551224981
-270.9051219873352
-266.99168170270264
-263.08084551528276
-259.1727313101619
-255.26746410703652
-251.36517660097522
-247.4660097524026
-243.57011343152817
-239.67764712307496
-235.78878069788115
-231.90369525876088
-228.02258406894143
-224.14565364116802
-220.2731246888648
-216.40523350276587
-212.54223328034774
-208.68439563472307
-204.8320122643973
-200.98539680373673
-197.1448868767575
-193.31086161215745
-189.48369847691507
-185.66382182702378
-181.85169083078057
-178.04780300885872
-174.25269820068644
-170.46696301579453
-166.69123583772364
-162.92621245845476
-159.1726524333815
-155.43138626084888
-151.70332350654326
-147.98946201187178
-144.29089834728367
-140.6088396966551
-136.9446173877738
-133.29970231699113
-129.6757225535441
-126.07448345101251
-122.49799063970848
-118.94847632384023
-115.42842935962894
-111.9406296425436
-108.48818737898597
-105.07458785290297
-101.70374230974724
-98.3800455520738
-95.10844074801852
-91.89449176028552
-88.7444629591819
-85.66540592104045
-82.66525154495235
-79.75290483759484
-76.93833779559618
-74.23267333953872
-71.64825004974412
-69.19865356289274
-66.89869617798566
-64.76432213327189
-62.81241332826327
-61.060470768980764
-59.52615298009034
-58.22666624802828
-57.178023853400425
-56.394220775460454
-55.88640118699108
-55.66211920207364
-55.724798484776834
-56.07347674206329
-56.70287805844616
-57.603801969465124
-57.603801969465124
-57.603801969465124
-57.603801969465124
-57.603801969465124
-57.603801969465124
-57.603801969465124
-57.603801969465124
-57.603801969465124
-57.603801969465124
-57.603801969465124
