62.8062629699707 452.7953186035156 0.7814911603927612
65.62342834472656 455.57965087890625 0.7775841355323792
68.45144653320312 458.35296630859375 0.7736771106719971
71.290283203125 461.1152038574219 0.769770085811615
74.139892578125 463.8663330078125 0.7658630609512329
77.00022888183594 466.6062927246094 0.7619560360908508
79.87124633789062 469.3350830078125 0.7580490112304688
82.75289916992188 472.0526123046875 0.7541419863700867
85.64514923095703 474.7588806152344 0.7502349615097046
88.5479507446289 477.4538269042969 0.7463279366493225
91.46125793457031 480.13739013671875 0.7424209117889404
94.3850326538086 482.8095703125 0.7385138869285583
97.31922149658203 485.4703063964844 0.7346068620681763
100.26378631591797 488.1195373535156 0.7306998372077942
103.21867370605469 490.75726318359375 0.7267928123474121
106.18384552001953 493.3834228515625 0.72288578748703
109.15925598144531 495.99798583984375 0.718978762626648
112.14485931396484 498.60089111328125 0.7150717377662659
115.14060974121094 501.1921081542969 0.7111647129058838
118.1464614868164 503.7716064453125 0.7072576880455017
121.16236877441406 506.3393249511719 0.7033506631851196
124.18828582763672 508.895263671875 0.6994436383247375
127.22416687011719 511.4393615722656 0.6955366134643555
130.26995849609375 513.9715576171875 0.6916295886039734
133.32562255859375 516.4918212890625 0.6877225637435913
136.39111328125 519.0001220703125 0.6838155388832092
139.4663848876953 521.4964599609375 0.6799085140228271
142.55137634277344 523.9807739257812 0.6760014891624451
145.64605712890625 526.4530029296875 0.672094464302063
148.7503662109375 528.9131469726562 0.6681874394416809
151.86427307128906 531.3611450195312 0.6642804145812988
154.9877166748047 533.7969360351562 0.6603733897209167
158.1206512451172 536.2205200195312 0.6564663648605347
160.4502716064453 537.8055419921875 0.538399338722229
160.4502716064453 537.8055419921875 0.13839933276176453
164.3743896484375 538.3442993164062 0.13449232280254364
168.3005828857422 538.8677368164062 0.13058531284332275
172.22879028320312 539.3758544921875 0.12667830288410187
176.15895080566406 539.8685913085938 0.12277129292488098
176.15895080566406 539.8685913085938 -0.2772287130355835
179.96652221679688 538.777099609375 -0.2811357378959656
183.76979064941406 537.6707153320312 -0.28504276275634766
187.56871032714844 536.5494995117188 -0.28894978761672974
191.36322021484375 535.4134521484375 -0.2928568124771118
195.15325927734375 534.2625732421875 -0.2967638373374939
198.93878173828125 533.096923828125 -0.300670862197876
198.93878173828125 533.096923828125 -0.7006708383560181
201.96156311035156 530.5372924804688 -0.7045778632164001
204.9743194580078 527.9658813476562 -0.7084848880767822
207.9770050048828 525.3826904296875 -0.7123919129371643
210.96957397460938 522.7877807617188 -0.7162989377975464
213.9519805908203 520.1812133789062 -0.7202059626579285
216.92417907714844 517.56298828125 -0.7241129875183105
219.88612365722656 514.9331665039062 -0.7280200123786926
222.8377685546875 512.2918090820312 -0.7319270372390747
225.77908325195312 509.6389465332031 -0.7358340620994568
228.7100067138672 506.974609375 -0.7397410869598389
231.6304931640625 504.2988586425781 -0.743648111820221
234.54051208496094 501.6117248535156 -0.747555136680603
237.44000244140625 498.9132385253906 -0.7514621615409851
240.3289337158203 496.20343017578125 -0.7553691864013672
243.20724487304688 493.48236083984375 -0.7592762112617493
246.0749053955078 490.75006103515625 -0.7631832361221313
248.93186950683594 488.006591796875 -0.7670902609825134
251.77809143066406 485.2519836425781 -0.7709972858428955
254.61354064941406 482.48626708984375 -0.7749043107032776
257.43817138671875 479.7095031738281 -0.7788113355636597
260.2519226074219 476.9217224121094 -0.7827183604240417
263.05474853515625 474.1229553222656 -0.7866253852844238
265.84661865234375 471.3132629394531 -0.7905324101448059
268.62750244140625 468.49267578125 -0.794439435005188
271.3973388671875 465.6612548828125 -0.7983464598655701
271.3973388671875 465.6612548828125 -1.198346495628357
271.3973388671875 465.6612548828125 -1.598346471786499
271.2804870605469 461.7020568847656 -1.6022534370422363
271.1481628417969 457.74334716796875 -1.6061604022979736
271.0003967285156 453.7851867675781 -1.610067367553711
270.837158203125 449.82763671875 -1.6139743328094482
270.658447265625 445.8707275390625 -1.6178812980651855
270.46429443359375 441.91455078125 -1.6217882633209229
270.2546691894531 437.95916748046875 -1.6256952285766602
270.2546691894531 437.95916748046875 -2.025695323944092
268.5074157714844 434.4044494628906 -2.029602289199829
266.74627685546875 430.8565979003906 -2.0335092544555664
264.9712829589844 427.3156433105469 -2.0374162197113037
263.1824645996094 423.7816467285156 -2.041323184967041
261.3798522949219 420.2546691894531 -2.0452301502227783
259.5634765625 416.7347717285156 -2.0491371154785156
257.7333679199219 413.22198486328125 -2.053044080734253
255.88955688476562 409.71636962890625 -2.0569510459899902
254.0320587158203 406.2179870605469 -2.0608580112457275
252.16090393066406 402.7268981933594 -2.064764976501465
250.276123046875 399.2431335449219 -2.068671941757202
248.37774658203125 395.7667541503906 -2.0725789070129395
246.46580505371094 392.2978210449219 -2.0764858722686768
244.5403289794922 388.8363952636719 -2.080392837524414
242.60133361816406 385.38250732421875 -2.0842998027801514
240.64886474609375 381.93621826171875 -2.0882067680358887
240.64886474609375 381.93621826171875 -2.4882068634033203
237.4990692138672 379.53460693359375 -2.4921138286590576
234.3399200439453 377.14532470703125 -2.496020793914795
231.1714630126953 374.7684020996094 -2.4999277591705322
227.99374389648438 372.40386962890625 -2.5038347244262695
224.8068084716797 370.0517578125 -2.507741689682007
221.61070251464844 367.7121276855469 -2.511648654937744
218.40548706054688 365.385009765625 -2.5155556201934814
215.19119262695312 363.0704345703125 -2.5194625854492188
211.96788024902344 360.7684326171875 -2.523369550704956
208.73561096191406 358.4790344238281 -2.5272765159606934
205.49441528320312 356.2022705078125 -2.5311834812164307
202.24435424804688 353.9382019042969 -2.535090446472168
202.24435424804688 353.9382019042969 -2.9350905418395996
202.24435424804688 353.9382019042969 2.948094606399536
202.24435424804688 353.9382019042969 2.5480945110321045
202.24435424804688 353.9382019042969 2.148094415664673
202.24435424804688 353.9382019042969 1.7480944395065308
202.24435424804688 353.9382019042969 1.3480944633483887
202.24435424804688 353.9382019042969 0.9480944871902466
204.57728576660156 357.18743896484375 0.9480944871902466
206.91021728515625 360.4366760253906 0.9480944871902466
209.2266387939453 363.6496276855469 0.9441874623298645
211.5555877685547 366.853515625 0.9402804374694824
213.8970489501953 370.04827880859375 0.9363734126091003
216.2509765625 373.23388671875 0.9324663877487183
218.61732482910156 376.4102478027344 0.9285593628883362
220.99606323242188 379.5773620605469 0.9246523380279541
223.3871612548828 382.7351379394531 0.920745313167572
225.7905731201172 385.883544921875 0.9168382883071899
228.20626831054688 389.0225524902344 0.9129312634468079
230.63421630859375 392.152099609375 0.9090242385864258
233.07437133789062 395.2721252441406 0.9051172137260437
235.5266876220703 398.3825988769531 0.9012101888656616
237.99114990234375 401.48345947265625 0.8973031640052795
240.4676971435547 404.5746765136719 0.8933961391448975
242.95631408691406 407.65618896484375 0.8894891142845154
245.45693969726562 410.72796630859375 0.8855820894241333
247.9695587158203 413.7899475097656 0.8816750645637512
247.9695587158203 413.7899475097656 0.48167505860328674
251.48338317871094 415.6180419921875 0.47776803374290466
255.0322265625 417.4546203613281 0.47735944390296936
258.5850830078125 419.2923583984375 0.47735944390296936
262.1067810058594 421.10528564453125 0.4734524190425873
265.6667785644531 422.92913818359375 0.4734524190425873
269.1955261230469 424.728271484375 0.4695453941822052
272.76263427734375 426.5382080078125 0.4695453941822052
276.2983703613281 428.32354736328125 0.4656383693218231
279.87249755859375 430.1195068359375 0.4656383693218231
283.4151916503906 431.8910217285156 0.46173134446144104
286.9963073730469 433.6730041503906 0.46173134446144104
290.5458984375 435.4306640625 0.45782431960105896
294.1023254394531 437.1744384765625 0.4539172947406769
297.66552734375 438.904296875 0.4500102698802948
301.2354736328125 440.6202392578125 0.4461032450199127
304.8121032714844 442.32220458984375 0.44219622015953064
308.3953552246094 444.01019287109375 0.43828919529914856
311.98516845703125 445.6841735839844 0.4343821704387665
315.58148193359375 447.3441162109375 0.4304751455783844
319.216552734375 449.0133361816406 0.4304751455783844
322.85162353515625 450.68255615234375 0.4304751455783844
326.4866943359375 452.3517761230469 0.4304751455783844
330.12176513671875 454.02099609375 0.4304751455783844
333.7568359375 455.6902160644531 0.4304751455783844
337.39190673828125 457.35943603515625 0.4304751455783844
341.0269775390625 459.0286560058594 0.4304751455783844
344.66204833984375 460.6978759765625 0.4304751455783844
348.297119140625 462.3670959472656 0.4304751455783844
351.93218994140625 464.03631591796875 0.4304751455783844
355.5672607421875 465.7055358886719 0.4304751455783844
359.20233154296875 467.374755859375 0.4304751455783844
362.83740234375 469.0439758300781 0.4304751455783844
366.47247314453125 470.71319580078125 0.4304751455783844
370.1075439453125 472.3824157714844 0.4304751455783844
373.74261474609375 474.0516357421875 0.4304751455783844
377.377685546875 475.7208557128906 0.4304751455783844
381.01275634765625 477.39007568359375 0.4304751455783844
384.6478271484375 479.0592956542969 0.4304751455783844
388.28289794921875 480.728515625 0.4304751455783844
391.91796875 482.3977355957031 0.4304751455783844
395.55303955078125 484.06695556640625 0.4304751455783844
399.1881103515625 485.7361755371094 0.4304751455783844
402.82318115234375 487.4053955078125 0.4304751455783844
406.458251953125 489.0746154785156 0.4304751455783844
410.09332275390625 490.74383544921875 0.4304751455783844
413.69610595703125 492.38970947265625 0.4265681207180023
417.3052978515625 494.021484375 0.42266109585762024
420.92083740234375 495.63916015625 0.41875407099723816
424.54266357421875 497.24267578125 0.4148470461368561
428.17071533203125 498.83203125 0.410940021276474
431.8049621582031 500.4072265625 0.4070329964160919
435.4453430175781 501.96820068359375 0.40312597155570984
439.091796875 503.5149230957031 0.39921894669532776
442.7442626953125 505.0473937988281 0.3953119218349457
446.4026794433594 506.5655822753906 0.3914048969745636
450.0670166015625 508.0694580078125 0.3874978721141815
453.7371826171875 509.55902099609375 0.38359084725379944
457.41314697265625 511.03424072265625 0.37968382239341736
461.0948486328125 512.4950561523438 0.3757767975330353
464.7822265625 513.9414672851562 0.3718697726726532
468.4752197265625 515.3734741210938 0.3679627478122711
472.1737976074219 516.7910766601562 0.36405572295188904
475.87786865234375 518.1942138671875 0.36014869809150696
479.58740234375 519.5828247070312 0.3562416732311249
483.3023376464844 520.9569702148438 0.3523346483707428
487.0226135253906 522.3165893554688 0.3484276235103607
490.7481689453125 523.6616821289062 0.34452059864997864
494.47894287109375 524.9921875 0.34061357378959656
498.21490478515625 526.30810546875 0.3367065489292145
501.9559631347656 527.6094360351562 0.3327995240688324
505.70208740234375 528.8961181640625 0.3288924992084503
509.4532165527344 530.1681518554688 0.32498547434806824
513.2092895507812 531.425537109375 0.32107844948768616
516.97021484375 532.668212890625 0.3171714246273041
520.7359619140625 533.8961791992188 0.313264399766922
524.5064697265625 535.1094360351562 0.3093573749065399
528.28173828125 536.3079833984375 0.30545035004615784
532.0616455078125 537.4917602539062 0.30154332518577576
535.8461303710938 538.6607666015625 0.2976363003253937
539.6350708007812 539.8148803710938 0.2937176525592804
539.6350708007812 539.8148803710938 -0.10628235340118408
539.6350708007812 539.8148803710938 -0.5062823295593262
539.6350708007812 539.8148803710938 -0.9062823057174683
539.6350708007812 539.8148803710938 -1.3062822818756104
540.6631469726562 535.9896850585938 -1.3101892471313477
541.67626953125 532.1605224609375 -1.314096212387085
542.6744384765625 528.3274536132812 -1.3180031776428223
543.6575927734375 524.490478515625 -1.3219101428985596
544.6257934570312 520.6497192382812 -1.3258171081542969
545.5789794921875 516.80517578125 -1.3297240734100342
546.51708984375 512.9569702148438 -1.3336310386657715
547.440185546875 509.1051025390625 -1.3375380039215088
548.3482055664062 505.2496643066406 -1.341444969177246
548.3482055664062 505.2496643066406 -1.7414449453353882
547.6679077148438 501.34759521484375 -1.7453519105911255
546.972412109375 497.4482116699219 -1.7492588758468628
546.2616577148438 493.55157470703125 -1.7531658411026
545.5357055664062 489.6577453613281 -1.7570728063583374
544.7945556640625 485.76678466796875 -1.7609797716140747
544.0382080078125 481.8787536621094 -1.764886736869812
543.2666625976562 477.99371337890625 -1.7687937021255493
542.4799194335938 474.1116943359375 -1.7727006673812866
542.4799194335938 474.1116943359375 -2.1727006435394287
540.2308349609375 470.85125732421875 -2.176607608795166
537.968994140625 467.5996398925781 -2.1805145740509033
535.6944580078125 464.35687255859375 -2.1844215393066406
533.4072875976562 461.1230163574219 -2.188328504562378
531.1074829101562 457.89813232421875 -2.1922354698181152
528.7951049804688 454.6822509765625 -2.1961424350738525
526.47021484375 451.4754333496094 -2.20004940032959
526.47021484375 451.4754333496094 -2.6000494956970215
523.072021484375 449.4403381347656 -2.6039493083953857
519.6363525390625 447.3918762207031 -2.6039493083953857
516.20068359375 445.3434143066406 -2.6039493083953857
512.7650146484375 443.2949523925781 -2.6039493083953857
509.329345703125 441.2464904785156 -2.6039493083953857
505.8936767578125 439.1980285644531 -2.6039493083953857
502.4580078125 437.1495666503906 -2.6039493083953857
499.0223388671875 435.1011047363281 -2.6039493083953857
495.586669921875 433.0526428222656 -2.6039493083953857
492.1510009765625 431.0041809082031 -2.6039493083953857
488.71533203125 428.9557189941406 -2.6039493083953857
485.2796630859375 426.9072570800781 -2.6039493083953857
481.843994140625 424.8587951660156 -2.6039493083953857
478.4083251953125 422.8103332519531 -2.6039493083953857
474.97265625 420.7618713378906 -2.6039493083953857
471.5369873046875 418.7134094238281 -2.6039493083953857
468.101318359375 416.6649475097656 -2.6039493083953857
464.6656494140625 414.6164855957031 -2.6039493083953857
461.22998046875 412.5680236816406 -2.6039493083953857
457.7943115234375 410.5195617675781 -2.6039493083953857
454.358642578125 408.4710998535156 -2.6039493083953857
450.9229736328125 406.4226379394531 -2.6039493083953857
447.4873046875 404.3741760253906 -2.6039493083953857
444.0516357421875 402.3257141113281 -2.6039493083953857
440.615966796875 400.2772521972656 -2.6039493083953857
437.1802978515625 398.2287902832031 -2.6039493083953857
433.74462890625 396.1803283691406 -2.6039493083953857
430.3089599609375 394.1318664550781 -2.6039493083953857
426.873291015625 392.0834045410156 -2.6039493083953857
423.4376220703125 390.0349426269531 -2.6039493083953857
420.001953125 387.9864807128906 -2.6039493083953857
416.5662841796875 385.9380187988281 -2.6039493083953857
413.130615234375 383.8895568847656 -2.6039493083953857
409.6949462890625 381.8410949707031 -2.6039493083953857
406.25927734375 379.7926330566406 -2.6039493083953857
402.8236083984375 377.7441711425781 -2.6039493083953857
399.387939453125 375.6957092285156 -2.6039493083953857
395.9522705078125 373.6472473144531 -2.6039493083953857
392.5166015625 371.5987854003906 -2.6039493083953857
389.0809326171875 369.5503234863281 -2.6039493083953857
385.645263671875 367.5018615722656 -2.6039493083953857
382.2095947265625 365.4533996582031 -2.6039493083953857
378.77392578125 363.4049377441406 -2.6039493083953857
375.3382568359375 361.3564758300781 -2.6039493083953857
371.902587890625 359.3080139160156 -2.6039493083953857
368.4669189453125 357.2595520019531 -2.6039493083953857
365.03125 355.2110900878906 -2.6039493083953857
361.5955810546875 353.1626281738281 -2.6039493083953857
358.159912109375 351.1141662597656 -2.6039493083953857
354.7242431640625 349.0657043457031 -2.6039493083953857
351.28857421875 347.0172424316406 -2.6039493083953857
347.8529052734375 344.9687805175781 -2.6039493083953857
344.417236328125 342.9203186035156 -2.6039493083953857
340.9815673828125 340.8718566894531 -2.6039493083953857
337.5458984375 338.8233947753906 -2.6039493083953857
334.1102294921875 336.7749328613281 -2.6039493083953857
330.674560546875 334.7264709472656 -2.6039493083953857
327.2388916015625 332.6780090332031 -2.6039493083953857
323.80322265625 330.6295471191406 -2.6039493083953857
320.3675537109375 328.5810852050781 -2.6039493083953857
316.931884765625 326.5326232910156 -2.6039493083953857
313.4962158203125 324.4841613769531 -2.6039493083953857
310.060546875 322.4356994628906 -2.6039493083953857
306.6248779296875 320.3872375488281 -2.6039493083953857
303.189208984375 318.3387756347656 -2.6039493083953857
299.78314208984375 316.3169860839844 -2.607856273651123
296.3395080566406 314.281982421875 -2.607856273651123
292.90667724609375 312.25665283203125 -2.609279155731201
289.46014404296875 310.2265319824219 -2.609279155731201
286.01361083984375 308.1964111328125 -2.609279155731201
282.56707763671875 306.1662902832031 -2.609279155731201
279.1502685546875 304.1626892089844 -2.6131861209869385
275.6958312988281 302.14605712890625 -2.6131861209869385
272.271240234375 300.1557922363281 -2.6170921325683594
268.8089294433594 298.1526794433594 -2.6170921325683594
265.34661865234375 296.1495666503906 -2.6170921325683594
261.8843078613281 294.1464538574219 -2.6170921325683594
258.4219970703125 292.1433410644531 -2.6170921325683594
254.95970153808594 290.1402282714844 -2.6170921325683594
251.52735900878906 288.1633605957031 -2.6209990978240967
248.08731079101562 286.1999206542969 -2.624906063079834
248.08731079101562 286.1999206542969 -3.0249061584472656
244.61375427246094 285.882568359375 -3.076066732406616
240.62234497070312 285.62066650390625 -3.076066732406616
236.6309356689453 285.3587646484375 -3.076066732406616
232.6395263671875 285.09686279296875 -3.076066732406616
228.6481170654297 284.8349609375 -3.076066732406616
228.6481170654297 284.8349609375 2.8071184158325195
224.90924072265625 286.14251708984375 2.8032114505767822
221.17515563964844 287.4647216796875 2.7993385791778564
217.44656372070312 288.80133056640625 2.795431613922119
213.683837890625 290.1584777832031 2.795431613922119
209.9604949951172 291.5096435546875 2.791524648666382
206.20309448242188 292.8815002441406 2.791524648666382
202.4850616455078 294.2472229003906 2.7876176834106445
198.73304748535156 295.63372802734375 2.7876176834106445
195.0305633544922 297.0122985839844 2.7826988697052
195.0305633544922 297.0122985839844 2.3826987743377686
195.0305633544922 297.0122985839844 1.9826987981796265
195.0305633544922 297.0122985839844 1.5826988220214844
195.0305633544922 297.0122985839844 1.1826988458633423
195.0305633544922 297.0122985839844 0.7826988697052002
195.0305633544922 297.0122985839844 0.3826988637447357
195.0305633544922 297.0122985839844 -0.01730114221572876
195.0305633544922 297.0122985839844 -0.41730114817619324
195.0305633544922 297.0122985839844 -0.8173011541366577
197.73495483398438 294.1182861328125 -0.8212081789970398
200.42800903320312 291.2137451171875 -0.8251152038574219
203.1096954345703 288.2987060546875 -0.829022228717804
205.77996826171875 285.3731994628906 -0.832929253578186
208.4387969970703 282.4372863769531 -0.8368362784385681
211.0861358642578 279.4909973144531 -0.8407433032989502
213.72193908691406 276.5343933105469 -0.8446503281593323
216.34617614746094 273.5675354003906 -0.8485573530197144
218.95880126953125 270.5904235839844 -0.8524643778800964
221.5570068359375 267.60528564453125 -0.8567156195640564
221.5570068359375 267.60528564453125 -1.2567156553268433
222.77334594726562 263.83575439453125 -1.2606226205825806
223.97494506835938 260.0614929199219 -1.2645295858383179
225.1617889404297 256.2825622558594 -1.2684365510940552
226.3338623046875 252.4990234375 -1.2723435163497925
227.49114990234375 248.7109375 -1.2762504816055298
228.6336212158203 244.91835021972656 -1.280157446861267
229.76126098632812 241.12132263183594 -1.2840644121170044
230.8740692138672 237.31993103027344 -1.2879713773727417
231.97201538085938 233.51422119140625 -1.291878342628479
233.05508422851562 229.70423889160156 -1.2957853078842163
234.12326049804688 225.8900604248047 -1.2996922731399536
235.176513671875 222.0717315673828 -1.303599238395691
236.21484375 218.24932861328125 -1.3075062036514282
237.2382354736328 214.4228973388672 -1.3114131689071655
238.24667358398438 210.59249877929688 -1.3153201341629028
239.24014282226562 206.7581787109375 -1.3192270994186401
239.24014282226562 206.7581787109375 -1.7192270755767822
239.24014282226562 206.7581787109375 -2.119227170944214
237.16851806640625 203.38218688964844 -2.123134136199951
235.08372497558594 200.01431274414062 -2.1270411014556885
232.98577880859375 196.6546173095703 -2.130948066711426
230.87472534179688 193.30313110351562 -2.134855031967163
228.75059509277344 189.95993041992188 -2.1387619972229004
226.61341857910156 186.6250457763672 -2.1426689624786377
226.61341857910156 186.6250457763672 -2.5426690578460693
223.3375701904297 184.39845275878906 -2.5465760231018066
220.05303955078125 182.18467712402344 -2.550482988357544
216.7598876953125 179.98374938964844 -2.5543899536132812
213.45816040039062 177.7957000732422 -2.5582969188690186
210.1479034423828 175.62057495117188 -2.562203884124756
206.8291778564453 173.45840454101562 -2.566110849380493
203.5020294189453 171.3092041015625 -2.5700178146362305
200.16650390625 169.1730194091797 -2.5739247798919678
196.82266235351562 167.0498809814453 -2.577831745147705
193.47055053710938 164.93983459472656 -2.5817387104034424
193.47055053710938 164.93983459472656 -2.5856616497039795
193.47055053710938 164.93983459472656 -2.985661745071411
193.47055053710938 164.93983459472656 2.8975234031677246
193.47055053710938 164.93983459472656 2.497523307800293
193.47055053710938 164.93983459472656 2.0975232124328613
193.47055053710938 164.93983459472656 1.6975232362747192
193.47055053710938 164.93983459472656 1.2975232601165771
193.47055053710938 164.93983459472656 0.8975232839584351
195.94642639160156 168.03160095214844 0.893616259098053
198.43435668945312 171.11366271972656 0.8897092342376709
200.93431091308594 174.1859893798828 0.8858022093772888
203.44625854492188 177.24851989746094 0.8818951845169067
205.9701385498047 180.30120849609375 0.8779881596565247
208.5059356689453 183.34402465820312 0.8740811347961426
208.5059356689453 183.34402465820312 0.4740811288356781
212.03355407714844 185.1453857421875 0.470174103975296
215.56817626953125 186.93295288085938 0.46626707911491394
219.10975646972656 188.70669555664062 0.46236005425453186
222.65823364257812 190.46658325195312 0.4584530293941498
226.21356201171875 192.2126007080078 0.4545460045337677
229.77569580078125 193.9447021484375 0.4506389796733856
233.3445587158203 195.66287231445312 0.44673195481300354
236.92010498046875 197.36709594726562 0.44282492995262146
240.50228881835938 199.0573272705078 0.4389179050922394
244.09104919433594 200.73355102539062 0.4350108802318573
247.6863250732422 202.395751953125 0.4311038553714752
251.28807067871094 204.04388427734375 0.42719683051109314
254.89622497558594 205.6779327392578 0.42328980565071106
258.5107421875 207.29786682128906 0.419382780790329
262.1315612792969 208.90367126464844 0.4154757559299469
265.7586364746094 210.4953155517578 0.4115687310695648
269.39190673828125 212.07278442382812 0.40766170620918274
273.03131103515625 213.63604736328125 0.40375468134880066
276.6767883300781 215.18507385253906 0.3998476564884186
280.3282775878906 216.7198486328125 0.3959406316280365
283.9857482910156 218.24034118652344 0.3920336067676544
287.6491394042969 219.7465362548828 0.38812658190727234
291.318359375 221.2384033203125 0.38421955704689026
294.993408203125 222.71592712402344 0.3803125321865082
298.6741943359375 224.1790771484375 0.3764055073261261
302.36065673828125 225.62783813476562 0.372498482465744
306.0527648925781 227.0621795654297 0.36859145760536194
309.75042724609375 228.48208618164062 0.36468443274497986
313.45361328125 229.88754272460938 0.3607774078845978
317.1622619628906 231.2785186767578 0.3568703830242157
320.8763122558594 232.6549835205078 0.3529633581638336
324.5957336425781 234.01693725585938 0.34905633330345154
328.3204345703125 235.36434936523438 0.34514930844306946
332.0503845214844 236.6971893310547 0.3412422835826874
335.7854919433594 238.0154571533203 0.3373352587223053
339.5257263183594 239.31912231445312 0.3334282338619232
343.2710266113281 240.608154296875 0.32952120900154114
347.0213317871094 241.88255310058594 0.32561418414115906
350.776611328125 243.1422882080078 0.321707159280777
354.5367736816406 244.38734436035156 0.3178001344203949
358.3017578125 245.61769104003906 0.3138931095600128
362.071533203125 246.83331298828125 0.30998608469963074
365.8460388183594 248.03421020507812 0.30607905983924866
369.62518310546875 249.22035217285156 0.3021720349788666
373.408935546875 250.39170837402344 0.2982650101184845
377.1972351074219 251.54827880859375 0.2943579852581024
380.9900207519531 252.69003295898438 0.29045096039772034
384.7872619628906 253.8169708251953 0.28654393553733826
388.5888671875 254.92906188964844 0.2826369106769562
392.394775390625 256.0262756347656 0.2787298858165741
396.2049560546875 257.1086120605469 0.274822860956192
400.01934814453125 258.1760559082031 0.27091583609580994
403.8378601074219 259.2286071777344 0.26700881123542786
407.66046142578125 260.2662353515625 0.2631017863750458
411.4870910644531 261.2889099121094 0.2591947615146637
415.31768798828125 262.296630859375 0.2552877366542816
419.1521911621094 263.28936767578125 0.25138071179389954
422.99053955078125 264.2671203613281 0.24747370183467865
426.8326721191406 265.2298583984375 0.24356669187545776
430.6785583496094 266.1775817871094 0.23965968191623688
434.5281066894531 267.11029052734375 0.235752671957016
438.3812561035156 268.0279235839844 0.2318456619977951
442.23797607421875 268.9305114746094 0.22793865203857422
446.09820556640625 269.8180236816406 0.22403164207935333
449.96185302734375 270.6904602050781 0.22012463212013245
453.8288879394531 271.54779052734375 0.21621762216091156
457.6992492675781 272.3899841308594 0.21231061220169067
461.5728759765625 273.2170715332031 0.2084036022424698
465.44970703125 274.0290222167969 0.2044965922832489
469.32965087890625 274.8258056640625 0.20058958232402802
473.21270751953125 275.607421875 0.19668257236480713
477.0987854003906 276.3738708496094 0.19277556240558624
480.9878234863281 277.1251220703125 0.18886855244636536
484.8797607421875 277.8611755371094 0.18496154248714447
488.7745361328125 278.58203125 0.18105453252792358
492.672119140625 279.28765869140625 0.1771475225687027
496.5724182128906 279.9780578613281 0.1732405126094818
500.4753723144531 280.6531982421875 0.16933350265026093
500.4753723144531 280.6531982421875 -0.23066650331020355
500.4753723144531 280.6531982421875 -0.6306664943695068
503.6697998046875 278.3112487792969 -0.6345735192298889
506.85504150390625 275.95684814453125 -0.638480544090271
510.03106689453125 273.59002685546875 -0.6423875689506531
513.1978149414062 271.2108154296875 -0.6462945938110352
516.355224609375 268.8192443847656 -0.6502016186714172
519.5032958984375 266.41534423828125 -0.6541086435317993
522.6419067382812 263.9991760253906 -0.6580156683921814
525.7710571289062 261.5707702636719 -0.6619226932525635
528.8907470703125 259.1301574707031 -0.6658297181129456
532.0008544921875 256.6773681640625 -0.6697367429733276
535.1013793945312 254.2124481201172 -0.6736437678337097
535.1013793945312 254.2124481201172 -1.0736438035964966
536.983642578125 250.72732543945312 -1.0775507688522339
538.852294921875 247.23487854003906 -1.0814577341079712
540.707275390625 243.7351531982422 -1.0853646993637085
542.548583984375 240.22821044921875 -1.0892716646194458
544.3761596679688 236.714111328125 -1.093178629875183
546.1900024414062 233.19288635253906 -1.0970855951309204
547.9900512695312 229.66461181640625 -1.1009925603866577
547.9900512695312 229.66461181640625 -1.5009925365447998
548.2586059570312 225.71279907226562 -1.504899501800537
548.51171875 221.7599639892578 -1.5088064670562744
548.7493896484375 217.80616760253906 -1.5127134323120117
548.9716186523438 213.85147094726562 -1.516620397567749
549.1783447265625 209.8959503173828 -1.5205273628234863
549.36962890625 205.9396514892578 -1.5244343280792236
549.5454711914062 201.98263549804688 -1.528341293334961
549.7058715820312 198.02496337890625 -1.5322482585906982
549.8507690429688 194.06668090820312 -1.5361552238464355
549.980224609375 190.1078643798828 -1.5400621891021729
550.0941772460938 186.14857482910156 -1.5439691543579102
550.1926879882812 182.18887329101562 -1.5478761196136475
550.2757568359375 178.22882080078125 -1.5517830848693848
550.3433227539062 174.26846313476562 -1.555690050125122
550.3954467773438 170.30787658691406 -1.5595970153808594
550.4320678710938 166.3471221923828 -1.5635039806365967
550.4531860351562 162.38624572753906 -1.567410945892334
550.4588623046875 158.42532348632812 -1.5713179111480713
550.4490356445312 154.4644012451172 -1.5752248764038086
550.4237670898438 150.50355529785156 -1.579131841659546
550.3829956054688 146.54283142089844 -1.5830388069152832
550.3267822265625 142.58230590820312 -1.5869457721710205
550.2550659179688 138.6220245361328 -1.5908527374267578
550.1679077148438 134.6620635986328 -1.5947597026824951
550.0652465820312 130.7024688720703 -1.5986666679382324
549.9471435546875 126.74330139160156 -1.6025736331939697
549.8135375976562 122.78462982177734 -1.606480598449707
549.6644897460938 118.82650756835938 -1.6103875637054443
549.5 114.8689956665039 -1.6142945289611816
549.3200073242188 110.91215515136719 -1.618201494216919
549.1245727539062 106.9560546875 -1.6221084594726562
548.9136962890625 103.00074768066406 -1.6260154247283936
548.6873779296875 99.04629516601562 -1.6299223899841309
548.4456176757812 95.0927505493164 -1.6338293552398682
548.1884155273438 91.14018249511719 -1.6377363204956055
547.915771484375 87.18865203857422 -1.6416432857513428
547.627685546875 83.23821258544922 -1.64555025100708
547.3241577148438 79.28893280029297 -1.6494572162628174
547.3241577148438 79.28893280029297 -2.049457311630249
545.492919921875 75.7767333984375 -2.0533645153045654
543.64794921875 72.27171325683594 -2.0572714805603027
543.64794921875 72.27171325683594 -2.4572715759277344
540.573974609375 69.7738265991211 -2.4611785411834717
537.490234375 67.2879638671875 -2.465085506439209
534.3967895507812 64.81417083740234 -2.4689924716949463
531.293701171875 62.352481842041016 -2.4728994369506836
528.1810302734375 59.90293884277344 -2.476806402206421
525.058837890625 57.465572357177734 -2.480713367462158
525.058837890625 57.465572357177734 -2.88071346282959
521.2299194335938 56.45140838623047 -2.884620428085327
517.3970947265625 55.45220947265625 -2.8885273933410645
513.5604248046875 54.467994689941406 -2.8924343585968018
509.71990966796875 53.498775482177734 -2.896341323852539
505.8756408691406 52.54457092285156 -2.9002482891082764
502.0276794433594 51.60539245605469 -2.9041552543640137
498.1760559082031 50.68125534057617 -2.908062219619751
494.32086181640625 49.77217102050781 -2.9119691848754883
490.462158203125 48.87815856933594 -2.9158761501312256
486.5999755859375 47.99922561645508 -2.919783115386963
482.7344055175781 47.13539123535156 -2.9236900806427
478.865478515625 46.28666687011719 -2.9275970458984375
474.9932556152344 45.45306396484375 -2.931504011154175
471.1177978515625 44.63459396362305 -2.935410976409912
467.23919677734375 43.83127212524414 -2.9393179416656494
463.35748291015625 43.04310989379883 -2.9432249069213867
459.47271728515625 42.270118713378906 -2.947131872177124
455.5849609375 41.51231384277344 -2.9510388374328613
451.69427490234375 40.76970291137695 -2.9549458026885986
447.76373291015625 40.027442932128906 -2.9549458026885986
443.83319091796875 39.28518295288086 -2.9549458026885986
439.90264892578125 38.54292297363281 -2.9549458026885986
435.97210693359375 37.800662994384766 -2.9549458026885986
432.04156494140625 37.05840301513672 -2.9549458026885986
428.14801025390625 36.330997467041016 -2.958852767944336
424.25164794921875 35.618812561035156 -2.9627597332000732
420.3525085449219 34.921852111816406 -2.9666666984558105
416.45068359375 34.24013137817383 -2.970573663711548
412.5462341308594 33.57366180419922 -2.974480628967285
412.5462341308594 33.57366180419922 2.9087045192718506
408.6542053222656 34.4968147277832 2.9087045192718506
404.7621765136719 35.41996765136719 2.9087045192718506
400.8701477050781 36.34312057495117 2.9087045192718506
396.9781188964844 37.266273498535156 2.9087045192718506
393.0860900878906 38.18942642211914 2.9087045192718506
389.1940612792969 39.112579345703125 2.9087045192718506
385.3020324707031 40.03573226928711 2.9087045192718506
381.4100036621094 40.958885192871094 2.9087045192718506
377.5179748535156 41.88203811645508 2.9087045192718506
373.6259460449219 42.80519104003906 2.9087045192718506
369.7339172363281 43.72834396362305 2.9087045192718506
365.8418884277344 44.65149688720703 2.9087045192718506
361.9498596191406 45.574649810791016 2.9087045192718506
358.0578308105469 46.497802734375 2.9087045192718506
354.1658020019531 47.420955657958984 2.9087045192718506
350.2737731933594 48.34410858154297 2.9087045192718506
346.3817443847656 49.26726150512695 2.9087045192718506
342.4897155761719 50.19041442871094 2.9087045192718506
338.5976867675781 51.11356735229492 2.9087045192718506
334.7056579589844 52.036720275878906 2.9087045192718506
330.8136291503906 52.95987319946289 2.9087045192718506
326.9216003417969 53.883026123046875 2.9087045192718506
323.0295715332031 54.80617904663086 2.9087045192718506
319.1375427246094 55.729331970214844 2.9087045192718506
315.2455139160156 56.65248489379883 2.9087045192718506
311.3534851074219 57.57563781738281 2.9087045192718506
307.4614562988281 58.4987907409668 2.9087045192718506
303.5694274902344 59.42194366455078 2.9087045192718506
299.6773986816406 60.345096588134766 2.9087045192718506
295.7853698730469 61.26824951171875 2.9087045192718506
291.8933410644531 62.191402435302734 2.9087045192718506
288.0013122558594 63.11455535888672 2.9087045192718506
284.1092834472656 64.03771209716797 2.9087045192718506
280.2172546386719 64.96086883544922 2.9087045192718506
276.3252258300781 65.88402557373047 2.9087045192718506
272.4331970214844 66.80718231201172 2.9087045192718506
268.5411682128906 67.73033905029297 2.9087045192718506
264.6491394042969 68.65349578857422 2.9087045192718506
260.7571105957031 69.57665252685547 2.9087045192718506
256.8650817871094 70.49980926513672 2.9087045192718506
252.9730682373047 71.42296600341797 2.9087045192718506
249.0810546875 72.34612274169922 2.9087045192718506
245.1890411376953 73.26927947998047 2.9087045192718506
241.29702758789062 74.19243621826172 2.9087045192718506
237.40501403808594 75.11559295654297 2.9087045192718506
233.51300048828125 76.03874969482422 2.9087045192718506
229.62098693847656 76.96190643310547 2.9087045192718506
225.72897338867188 77.88506317138672 2.9087045192718506
221.8369598388672 78.80821990966797 2.9087045192718506
217.9449462890625 79.73137664794922 2.9087045192718506
214.0529327392578 80.65453338623047 2.9087045192718506
210.16091918945312 81.57769012451172 2.9087045192718506
206.26890563964844 82.50084686279297 2.9087045192718506
202.37689208984375 83.42400360107422 2.9087045192718506
198.48487854003906 84.34716033935547 2.9087045192718506
194.59286499023438 85.27031707763672 2.9087045192718506
190.7008514404297 86.19347381591797 2.9087045192718506
186.808837890625 87.11663055419922 2.9087045192718506
182.9168243408203 88.03978729248047 2.9087045192718506
179.02481079101562 88.96294403076172 2.9087045192718506
175.13279724121094 89.88610076904297 2.9087045192718506
171.24078369140625 90.80925750732422 2.9087045192718506
167.34877014160156 91.73241424560547 2.9087045192718506
163.45675659179688 92.65557098388672 2.9087045192718506
159.5647430419922 93.57872772216797 2.9087045192718506
155.6727294921875 94.50188446044922 2.9087045192718506
151.7807159423828 95.42504119873047 2.9087045192718506
147.88870239257812 96.34819793701172 2.9087045192718506
143.99668884277344 97.27135467529297 2.9087045192718506
140.10467529296875 98.19451141357422 2.9087045192718506
136.21266174316406 99.11766815185547 2.9087045192718506
132.32064819335938 100.04082489013672 2.9087045192718506
128.4286346435547 100.96398162841797 2.9087045192718506
124.53662109375 101.88713836669922 2.9087045192718506
120.64460754394531 102.81029510498047 2.9087045192718506
116.75259399414062 103.73345184326172 2.9087045192718506
112.86058044433594 104.65660858154297 2.9087045192718506
108.96856689453125 105.57976531982422 2.9087045192718506
105.07655334472656 106.50292205810547 2.9087045192718506
101.18453979492188 107.42607879638672 2.9087045192718506
97.29252624511719 108.34923553466797 2.9087045192718506
93.4005126953125 109.27239227294922 2.9087045192718506
89.50849914550781 110.19554901123047 2.9087045192718506
85.61648559570312 111.11870574951172 2.9087045192718506
81.72447204589844 112.04186248779297 2.9087045192718506
77.83245849609375 112.96501922607422 2.9087045192718506
73.94044494628906 113.88817596435547 2.9087045192718506
70.04843139648438 114.81133270263672 2.9087045192718506
66.15641784667969 115.73448944091797 2.9087045192718506
62.264400482177734 116.65764617919922 2.9087045192718506
58.37238311767578 117.58080291748047 2.9087045192718506
58.37238311767578 117.58080291748047 2.9087045192718506
58.37238311767578 117.58080291748047 2.9087045192718506
58.37238311767578 117.58080291748047 2.9087045192718506
58.37238311767578 117.58080291748047 2.9087045192718506
58.37238311767578 117.58080291748047 2.9087045192718506
58.37238311767578 117.58080291748047 2.9087045192718506
58.37238311767578 117.58080291748047 2.9087045192718506
58.37238311767578 117.58080291748047 2.9087045192718506
58.37238311767578 117.58080291748047 2.9087045192718506
58.37238311767578 117.58080291748047 2.9087045192718506
