-392.80534292279424
-395.61961925039265
-398.442609061028
-401.2740675154425
-404.1137853368754
-406.9615277459106
-409.81712581593496
-412.680323892179
-415.5509628532706
-418.428826789886
-421.3137041940589
-424.20544930309933
-427.10385846797175
-430.0087333441987
-432.91993895214654
-435.8372847629643
-438.7606136665526
-441.68974183043645
-444.6245192747081
-447.5647994095281
-450.5104087054651
-453.46123735610803
-456.4171182023699
-459.3778860507089
-462.3434111430709
-465.313565511377
-468.2882540525616
-471.2673214947681
-474.25062049917335
-477.23806104121184
-480.2295010732264
-483.22479542692645
-486.2238639643664
-488.25033847838415
-488.25033847838415
-489.59910324977875
-490.96163354895504
-492.33780195973793
-493.72742153618213
-493.72742153618213
-493.5782385429473
-493.44530939427744
-493.32869502939064
-493.2283914262319
-493.1443925176379
-493.0767530583372
-493.0767530583372
-491.48593979439994
-489.90776622523674
-488.3423415615212
-486.78983379732955
-485.2504111020605
-483.7241840386981
-482.2113214384383
-480.7119921850989
-479.2263418086976
-477.7545057781527
-476.2966533315523
-474.8529307975024
-473.42347366734225
-472.0084287724133
-470.60795970027647
-469.22221334857755
-467.8513588063252
-466.4955368969093
-465.15489472176034
-463.8296007964056
-462.5197889031872
-461.2255988423916
-459.9472042316413
-458.6847511547167
-457.4383986868906
-457.4383986868906
-457.4383986868906
-453.8766205897737
-450.3146865113832
-446.75266170126775
-443.19058386758996
-439.6284792593509
-436.06644370998606
-432.5045181249502
-432.5045181249502
-428.5487535967324
-424.59232117391167
-420.6352441944124
-416.67757369131596
-412.71936177398663
-408.7606616810229
-404.80150120733407
-400.84193603330925
-396.8820156844557
-392.9217985104558
-388.96131768998214
-385.0006345449483
-381.03981199545467
-377.07891464501836
-373.1179747904506
-369.1570681467571
-369.1570681467571
-365.52467030283395
-361.9054637670693
-358.29989772570116
-354.70843766038644
-351.13156599947274
-347.5698098109853
-344.02369470785
-340.4937511608901
-336.9805434834201
-333.4846562569178
-330.0066816483941
-326.54727506775345
-326.54727506775345
-326.54727506775345
-326.54727506775345
-326.54727506775345
-326.54727506775345
-326.54727506775345
-326.54727506775345
-330.4889792990385
-334.43206820512495
-338.3366461371128
-342.2399395676872
-346.1419316808501
-350.04261949892566
-353.94194531099095
-357.839940082037
-361.7365529273022
-365.63178060221276
-369.5256266433341
-373.41806738582443
-377.3090722202804
-381.1986375766535
-385.0867467687922
-388.9733890728251
-392.8585478131139
-396.7422120632455
-400.6243651636567
-400.6243651636567
-403.8936466743718
-407.20319949976687
-410.5251227785521
-413.8221480014473
-417.1591119205412
-420.4706537429644
-423.8219388866546
-427.1473063745303
-430.5121943544594
-433.85069564475555
-437.2285076766386
-440.5794888099484
-443.93234862683556
-447.28697780882794
-450.6432794035107
-454.00116775614407
-457.36058251243384
-460.7214161017498
-464.08359594266443
-467.4843487742116
-470.8945195735286
-474.3139052038019
-477.7423078027937
-481.17953463292525
-484.6253979354972
-488.0797147889683
-491.5423069712144
-495.01300082568304
-498.4916271313621
-501.97802097647616
-505.4720216358243
-508.9734724516752
-512.4822207181302
-515.9981175688703
-519.5210178681997
-523.0507801053011
-526.5872662916177
-530.1303418612778
-533.6798755744802
-537.2357394237573
-540.7978085430368
-544.3659611194221
-547.9400783076143
-551.5200441468994
-555.1057454806269
-558.6585595218002
-562.2100375743867
-565.760139113495
-569.3088322145867
-572.8561005157395
-576.4018888214456
-579.946204657989
-583.4889895987757
-587.0302518572713
-590.5699368897203
-594.1080301520511
-597.6445204358847
-601.1793735883774
-604.7125328073428
-608.2440328361645
-611.7737715590686
-615.301804157962
-618.8280746241124
-622.3525724347215
-625.8752420278215
-629.3960730804073
-632.9150551848019
-636.4321540743198
-639.9473388166042
-643.4606200476317
-646.9719875370615
-650.481386827554
-653.9887638350837
-657.4941526216888
-660.997499127843
-664.4988359715447
-667.9980670482418
-671.4951824439314
-674.9902151530625
-678.4827670083441
-678.4827670083441
-678.4827670083441
-678.4827670083441
-678.4827670083441
-676.5137264240674
-674.5486987954631
-672.5878054382042
-670.6310387072538
-668.6785198561776
-666.730286089822
-664.7864176463324
-662.8470366510129
-660.9121374555924
-660.9121374555924
-657.7854295460598
-654.6581985377862
-651.5304780648055
-648.4023477550202
-645.2738422915638
-642.1449766151923
-639.0158062749449
-635.8863470467835
-635.8863470467835
-632.0571923034628
-628.225690220342
-624.3919110793239
-620.555805651102
-616.7173977968341
-612.8767312238747
-609.0338496793356
-609.0338496793356
-605.1200110640588
-601.1721546267534
-597.2249919887464
-593.2785369978606
-589.3328038703294
-585.3878072030412
-581.4435619862726
-577.5000836169311
-573.5573879123335
-569.6154911245429
-565.6744099552923
-561.7341615715217
-557.7947636215596
-553.8562342519772
-549.918592125152
-545.9818564375707
-542.0460469389122
-538.1111839519463
-534.1772883932898
-530.2443817950635
-526.3124863274943
-522.3816248225115
-518.4518207983883
-514.5230984854808
-510.59548285312303
-506.6689996377384
-502.7436753722297
-498.81953741671725
-494.8966139906964
-490.97493420668985
-487.05452810547723
-483.13542669298573
-479.2176619789345
-475.3012670173284
-471.3862759489057
-467.4727240456458
-463.5606477574577
-459.6500847611687
-455.7410740119482
-451.8336557973046
-447.9278717938065
-444.0237651266866
-440.12138043249814
-436.2207639250053
-432.32196346450087
-428.425028630758
-424.5300107998362
-420.6369632249772
-416.74594112184366
-412.85700175836934
-408.9702045495096
-405.08561115720204
-401.2032855958668
-397.3232943438026
-393.44570646085845
-389.5705937127885
-385.6980307027295
-381.8280950102695
-377.96086733861443
-374.0964316703952
-370.234875432699
-366.37628967195496
-362.5207692393485
-358.668412987495
-354.8193239791572
-351.0132905404623
-347.1754405457292
-343.3659702629155
-339.53848253923707
-335.7150169712744
-331.89571256573817
-328.1203038454692
-324.31455848505755
-320.5530672769519
-316.76190189459163
-312.97593533821464
-309.19535858016417
-305.4203717696919
-301.65118477157
-297.9274020109427
-294.2152175656446
-294.2152175656446
-291.76062913107376
-289.0469400443873
-286.363409824614
-283.71089426214934
-283.71089426214934
-282.49800226409275
-281.350584331216
-280.2692952048672
-279.25499803619215
-278.2917723241485
-277.3990378179947
-276.5597941640517
-275.79100751806243
-275.0931654261245
-275.0931654261245
-275.0931654261245
-275.0931654261245
-275.0931654261245
-275.0931654261245
-275.0931654261245
-275.0931654261245
-275.0931654261245
-275.0931654261245
-273.9780507739739
-272.9009464200518
-271.8623142150689
-270.86262394077954
-269.9023086399803
-268.98182363672953
-268.10157802309936
-267.26196776151716
-266.4634083515399
-266.4634083515399
-264.24834738917866
-262.06145946607484
-259.9034801795503
-257.77518766915955
-255.67734837275518
-253.61073288462774
-251.5761683554
-249.5744518594429
-247.6064251898659
-245.6729209451527
-243.77479328390825
-241.91289632609718
-240.08811487612795
-238.30132143660816
-236.55340657956705
-234.84526718821323
-233.17780518014942
-233.17780518014942
-233.17780518014942
-229.44750945754546
-225.71975907183904
-221.99474599384055
-218.2727655697912
-218.2727655697912
-214.31724189347136
-210.36278764132936
-206.40952063530972
-202.4575764522841
-198.50709064319312
-194.55822099733888
-190.6111244494163
-186.6659703382675
-182.72296315703352
-178.78229174776374
-174.84418073438576
-170.9088760880686
-170.9088760880686
-170.9088760880686
-170.9088760880686
-170.9088760880686
-170.9088760880686
-170.9088760880686
-170.9088760880686
-174.77428128625576
-178.6471092026135
-182.52682475000515
-186.41294671020296
-190.305031707674
-194.2026588959441
-194.2026588959441
-198.0642347906907
-201.9262795213448
-205.78872303959534
-209.65147880851603
-213.51446716017537
-217.37762958309287
-221.240882538213
-225.10417699878917
-228.96745768700106
-232.83064824105676
-236.69372042929595
-240.5566029157557
-244.41925083185896
-248.28163069126634
-252.143677304071
-256.00535166901483
-259.86663789424506
-263.7274633936549
-267.58781514156146
-271.44764782534634
-275.3069262322553
-279.1656073063173
-283.0236578536873
-286.881036774386
-290.7377289631612
-294.59370397292076
-298.44893202296015
-302.3033753558488
-306.15700549906984
-310.00981983073785
-313.86175720887474
-317.71280773436564
-321.56294522331825
-325.41214388662235
-329.2603783030988
-333.10761509619056
-336.9538552730407
-340.7990489174472
-344.6431895118183
-348.4862534824052
-352.3282174939084
-356.16905843382546
-360.00874534918466
-363.84725563555065
-367.6845668697816
-371.5206828539076
-375.35555552191744
-379.1891890659655
-383.0215539615763
-386.8526103409078
-390.68234736439297
-394.51075165288376
-398.33783613815444
-402.16354576967814
-405.98785198723203
-409.81076811803916
-413.6322545956748
-417.4523096417211
-421.2708786891202
-425.08797538224377
-428.9035867982846
-432.7176851348905
-436.5302427789093
-440.34124697808284
-444.1506848994625
-447.95852908349394
-451.76476672698396
-455.5693705270018
-459.37235463616696
-463.17367931847684
-466.9733443964545
-470.771310076263
-474.5675763875093
-478.3621305789828
-482.15493266609616
-485.94598288167646
-489.7352683795857
-493.52277621644964
-493.52277621644964
-493.52277621644964
-495.33290744274433
-497.1542911581928
-498.986804152627
-500.8302688459965
-502.6845501162043
-504.5495142074708
-506.4250008532414
-508.3108630395043
-510.20692997343997
-512.1131126270296
-514.0292100999362
-514.0292100999362
-514.4571133854413
-514.8997185808531
-515.3570614182744
-515.8290684646242
-516.3156641605976
-516.816823106625
-517.3324664019925
-517.3324664019925
-516.2917712147444
-515.264451464071
-514.2506070910916
-513.2503372894048
-512.2637449956794
-511.29092305990474
-510.33196822232725
-509.38691765271903
-508.455924713151
-507.539083383867
-506.63642760146547
-505.7481081397781
-504.8741566205135
-504.0147183808849
-503.1698263469671
-502.3396273072866
-501.524147865882
-500.72352952411643
-499.9377994764438
-499.16703992894367
-498.4113891107665
-497.67086958373056
-496.9456172036449
-496.23565128297827
-495.5411051549521
-494.8619926388549
-494.1984477581964
-493.55054146953887
-492.9182816031176
-492.3017973666771
-491.7011540174556
-491.1163552633926
-490.5475245408115
-489.99472341074147
-489.4580098382521
-488.9374418144855
-488.4330748344644
-487.94496250889574
-487.9446832769758
-485.9772320470756
-484.0206820410892
-484.0206820410892
-480.8826165418
-477.74730960382686
-474.61481618955713
-471.4852546564442
-468.3586845663175
-465.23528976194393
-462.115134401291
-462.115134401291
-458.29094152784205
-454.4650214414817
-450.63742269195336
-446.8081328576497
-442.977200490265
-439.1446130899868
-435.3103886484223
-431.4745452268753
-427.63710079559553
-423.7980734119876
-419.9574809056749
-416.1153414329724
-412.2716729230667
-408.4264630794042
-404.57982008638584
-400.73161065658775
-396.8819441988861
-393.0308084973133
-389.1782519810847
-385.2880669815412
-381.40015407006894
-377.51458344539736
-373.6314281831914
-369.7507643825102
-365.90865088776775
-362.0652961627215
-358.2207523487382
-354.37501062322696
-350.52809308540236
-350.52809308540236
-346.5798322970333
-342.6327717219849
-338.6869533221479
-334.74242102441485
-330.7992208361944
-326.8574009691059
-322.91701197153327
-318.9781068707799
-315.04074132564017
-311.1049737902787
-307.1708656904003
-303.2384816127874
-299.30788950939217
-295.37916091729136
-291.4523711959444
-287.52759978334757
-283.60493047284297
-279.6844517125294
-275.7662569294314
-271.8504448808186
-267.93712003533165
-264.02639298686654
-260.1183809045062
-256.2132080221609
-252.31100617200852
-248.41191536630126
-244.5160844326532
-240.62367170853582
-236.7348458014091
-232.8497864217091
-228.9686852968174
-225.09174717516711
-221.21919093081542
-217.35125078015693
-213.48817762398843
-209.6302405298994
-205.7777283719844
-201.93095164719995
-198.0902444903642
-194.25596691288433
-190.42850729385515
-186.60828515628918
-182.7957542659974
-178.99140609615245
-175.19577370695757
-171.4094360972583
-167.63302309354071
-163.86722085175518
-160.11277805901418
-156.37051293569138
-152.64132115409052
-148.92618480797813
-145.22618258823985
-141.5425013440994
-137.8764492371154
-134.2294707269019
-130.60316366349034
-126.99929880160576
-123.41984209674521
-119.86698019125357
-116.34314954931428
-112.85106975051991
-109.39378149839318
-105.97468993631708
-102.59761387857797
-99.26684154316527
-95.9871932928183
-92.76409171877187
-89.60363909174366
-86.5127016943585
-83.49899975646142
-80.5712005377908
-77.73901042443963
-75.01325961015321
-72.40596993900591
-69.93039280724145
-67.60099987012634
-65.4334052193941
-63.44419471999718
-61.65063794180299
-60.070262722020075
-58.720284044379646
-57.61689893522224
-56.77448650115187
-56.20478255385581
-55.91612322292942
-55.912861494796665
-56.19504706546369
-56.758422623800236
-57.59473719614522
-57.59473719614522
-57.59473719614522
-57.59473719614522
-57.59473719614522
-57.59473719614522
-57.59473719614522
-57.59473719614522
-57.59473719614522
-57.59473719614522
-57.59473719614522
