-392.80534292279424
-395.61961925039265
-398.442609061028
-401.2740675154425
-404.1137853368754
-406.9615277459106
-409.81712581593496
-412.680323892179
-415.5509628532706
-418.428826789886
-421.3137041940589
-424.20544930309933
-427.10385846797175
-430.0087333441987
-432.91993895214654
-435.8372847629643
-438.7606136665526
-441.68974183043645
-444.6245192747081
-447.5647994095281
-450.5104087054651
-453.46123735610803
-456.4171182023699
-459.3778860507089
-462.3434111430709
-465.313565511377
-468.2882540525616
-471.2673214947681
-474.25062049917335
-477.23806104121184
-480.2295010732264
-483.22479542692645
-486.2238639643664
-488.25033847838415
-488.25033847838415
-489.59910324977875
-490.96163354895504
-492.33780195973793
-493.72742153618213
-493.72742153618213
-493.5782385429473
-493.44530939427744
-493.32869502939064
-493.2283914262319
-493.1443925176379
-493.0767530583372
-493.0767530583372
-491.48593979439994
-489.90776622523674
-488.3423415615212
-486.78983379732955
-485.2504111020605
-483.7241840386981
-482.2113214384383
-480.7119921850989
-479.2263418086976
-477.7545057781527
-476.2966533315523
-474.8529307975024
-473.42347366734225
-472.0084287724133
-470.60795970027647
-469.22221334857755
-467.8513588063252
-466.4955368969093
-465.15489472176034
-463.8296007964056
-462.5197889031872
-461.2255988423916
-459.9472042316413
-458.6847511547167
-457.4383986868906
-457.4383986868906
-457.4383986868906
-453.8766205897737
-450.3146865113832
-446.75266170126775
-443.19058386758996
-439.6284792593509
-436.06644370998606
-432.5045181249502
-432.5045181249502
-428.5487535967324
-424.59232117391167
-420.6352441944124
-416.67757369131596
-412.71936177398663
-408.7606616810229
-404.80150120733407
-400.84193603330925
-396.8820156844557
-392.9217985104558
-388.96131768998214
-385.0006345449483
-381.03981199545467
-377.07891464501836
-373.1179747904506
-369.1570681467571
-369.1570681467571
-365.52467030283395
-361.9054637670693
-358.29989772570116
-354.70843766038644
-351.13156599947274
-347.5698098109853
-344.02369470785
-340.4937511608901
-336.9805434834201
-333.4846562569178
-330.0066816483941
-326.54727506775345
-326.54727506775345
-326.54727506775345
-326.54727506775345
-326.54727506775345
-326.54727506775345
-326.54727506775345
-326.54727506775345
-330.4889792990385
-334.43206820512495
-338.3366461371128
-342.2399395676872
-346.1419316808501
-350.04261949892566
-353.94194531099095
-357.839940082037
-361.7365529273022
-365.63178060221276
-369.5256266433341
-373.41806738582443
-377.3090722202804
-381.1986375766535
-385.0867467687922
-388.9733890728251
-392.8585478131139
-396.7422120632455
-400.6243651636567
-400.6243651636567
-403.8936466743718
-407.2030606643821
-410.52493018153586
-413.82191687522476
-417.15886942225575
-420.4704003078966
-423.8216749515072
-427.14703235528646
-430.5118844398164
-433.85037654689893
-437.22817981201746
-440.5791525575081
-443.93197845013935
-447.28657424922574
-450.6428524385308
-454.00070828107727
-457.3600910561823
-460.7208931887127
-464.0830252867095
-467.48374760699
-470.8938883863703
-474.31324447894457
-477.7416180135439
-481.1788162438191
-484.6246514024594
-488.0789405594712
-491.5415054844347
-495.01217251265797
-498.49077241514374
-501.9771402722837
-505.47111535119546
-508.97254098661483
-512.4812644652576
-515.9971369135642
-519.5200131887412
-523.0497517730149
-526.5862146710103
-530.1292673101744
-533.6787784441589
-537.234620059081
-540.796667282583
-544.3647982956104
-547.9388942468318
-551.5188391696234
-555.1045199015457
-558.6573136046355
-562.2087716846991
-565.7588341485772
-569.3075079312296
-572.8547376637632
-576.4005073013899
-579.944804829307
-583.4875718196807
-587.028796588751
-590.5684643134974
-594.1065636430419
-597.6430171637436
-601.1778337688146
-604.7110023361523
-608.2424864371368
-611.7722550227583
-615.3002722738676
-618.8265277406161
-622.35099032596
-625.8736249094777
-629.3944418716168
-632.913410230512
-636.4304748868402
-639.9456465072167
-643.4589149588846
-646.9702700104847
-650.4796572039284
-653.9870013078713
-657.4923574061388
-660.9957139792928
-664.497018688571
-667.9962178463911
-671.4933449502257
-674.988346053427
-678.4809959783606
-678.4809959783606
-678.4809959783606
-678.4809959783606
-678.4809959783606
-676.5119341642927
-674.5468849944305
-672.5859697857177
-670.6292249097474
-668.6767280404648
-666.7285163835086
-664.7846701775316
-662.8452459851311
-660.9103691864493
-660.9103691864493
-657.7836523577964
-654.6564370561866
-651.5287323853323
-648.4006179745013
-645.2720826543592
-642.1431869172039
-639.0140324699
-635.8846091157261
-635.8846091157261
-632.0554610536068
-628.2239656377762
-624.3901466518774
-620.5540477997926
-616.7156465070367
-612.875006138783
-609.0320843417351
-609.0320843417351
-605.1189294800648
-601.1711057783378
-597.2239765297577
-593.2775555951032
-589.3318804712973
-585.3869424569849
-581.4427565554555
-577.4993381769744
-573.556703152572
-569.614867748393
-565.6738486806316
-561.7336631310825
-557.7943287633339
-553.855863739637
-549.9182867384825
-545.9816169729195
-542.0458742096531
-538.1110787889594
-534.1772516454588
-530.2444143297893
-526.3125890312277
-522.3817986013049
-518.4520665784657
-514.5234172138299
-510.5958754981079
-506.6694671897342
-502.74421884428097
-498.82015784522065
-494.8973124361081
-490.97571175426
-487.055385866011
-483.1363658036342
-479.21868360401453
-475.3023723491747
-471.38746620875463
-467.4740004845547
-463.5620116572588
-459.651537435461
-455.7426168071282
-451.8352900936381
-447.92959900654336
-444.0255867072198
-440.12329786956997
-436.22277874596256
-432.32407723660174
-428.42724296253243
-424.5323273425026
-420.63938367391864
-416.7484672181457
-412.85963529042294
-408.9729473546821
-405.0884651235795
-401.20625266407154
-397.3263765088891
-393.44890577429186
-389.57391228451
-385.70147070331217
-381.83165867317
-377.9645569625251
-374.10024962170087
-370.23882414804547
-366.3803716609327
-362.5249870872991
-358.672769358446
-354.8238216188916
-351.0179321298596
-347.1802298310262
-343.37054448077413
-339.5431400367796
-335.71975999542195
-331.9005434359307
-328.12522472970653
-324.3195728465373
-320.5581976542286
-316.76715463993446
-312.98131340092147
-309.2008650081441
-305.4260097135415
-301.6569673538691
-297.9333087626092
-294.2212525281571
-294.2212525281571
-291.76743827462616
-289.05422717367753
-286.37118288352406
-283.7191612400336
-283.7191612400336
-282.5069560307606
-281.3602072223232
-280.2796090507495
-279.26600599234274
-278.30347102475906
-277.41142736978827
-276.5728872602293
-275.80479511925404
-275.107516167075
-275.107516167075
-275.107516167075
-275.107516167075
-275.107516167075
-275.107516167075
-275.107516167075
-275.107516167075
-275.107516167075
-275.107516167075
-273.99187580162334
-272.91421262446465
-271.8750406606675
-270.8747783427457
-269.9138848170359
-268.99281563641125
-268.11197115588186
-267.2717897841696
-266.4726535367667
-266.4726535367667
-264.25708974515317
-262.0696661314312
-259.9111560730684
-257.78232326243426
-255.68393412981902
-253.61676950796738
-251.58164663806272
-249.5793626302164
-247.61075953274982
-245.67668004160112
-243.77795726789478
-241.91546675300717
-240.09007241028178
-238.30266756688926
-236.55413252220424
-234.8453643358733
-233.17725556145774
-233.17725556145774
-233.17725556145774
-229.44670288060337
-225.7187105843694
-221.99344894425303
-218.27118237991647
-218.27118237991647
-214.3156980451602
-210.36128649458678
-206.40806580917456
-202.4561718464427
-198.5057404585736
-194.55692975902397
-190.609897034435
-186.6648214177451
-182.72188901514883
-178.78130797069676
-174.84330593986348
-170.90810551509122
-170.90810551509122
-170.90810551509122
-170.90810551509122
-170.90810551509122
-170.90810551509122
-170.90810551509122
-170.90810551509122
-174.7737164726483
-178.64673887909143
-182.526638414052
-186.4129345653213
-190.3051846095525
-194.2029683047789
-194.2029683047789
-198.06436291591137
-201.92623149541893
-205.78848230153778
-209.65106192741928
-213.51387644486104
-217.37685977354687
-221.23995926911348
-225.10309486521876
-228.96620863288936
-232.82925744242624
-236.69217011441305
-240.55489661357888
-244.41739196112516
-248.27962256843563
-252.1415231500612
-256.00305461327576
-259.86417638754654
-263.7248739260032
-267.58509156822464
-271.4447681920362
-275.3038931748251
-279.1624233994267
-283.02034176856466
-286.8775999148966
-290.73417384719903
-294.5900330678298
-298.44512258686865
-302.2994548706302
-306.1529762951664
-310.0056503594738
-313.857475060603
-317.70839822425353
-321.55841042855724
-325.4074858524701
-329.255599044357
-333.1027422070664
-336.9488651478962
-340.79393525996653
-344.637962488582
-348.48091497312123
-352.3227693552893
-356.163494416155
-360.00307538519564
-363.84148151806755
-367.67869037232543
-371.5147057309295
-375.3494716008191
-379.18300013547764
-383.01524345431255
-386.84619047050415
-390.67583548478655
-394.50414942195704
-398.3311034489903
-402.15668430934545
-405.9809051244719
-409.80371099965123
-413.62510009611435
-417.44503294202923
-421.26352299819297
-425.08051565066387
-428.8960096289539
-432.70999212772415
-436.52245026625405
-440.3333564104058
-444.1426831093447
-447.95043218148203
-451.75656166143045
-455.5611001616549
-459.3639935198661
-463.1652145742363
-466.96479177268566
-470.7626568130166
-474.55883809099055
-478.353281526995
-482.1459873460994
-485.9369566893875
-489.72612164651275
-493.5135103670951
-493.5135103670951
-493.5135103670951
-495.3233587049371
-497.14447574766757
-498.9766973063209
-500.8198731515225
-502.673868177416
-504.53854864359636
-506.4137667120308
-508.29935036294955
-510.1951534534081
-512.1010745549393
-514.0169011301906
-514.0169011301906
-514.4444622938696
-514.8867830791928
-515.3437859181938
-515.8154540229781
-516.3017691505524
-516.8026490125656
-517.3180147515361
-517.3180147515361
-516.2770205484487
-515.2494063984323
-514.2352672288818
-513.2347022843502
-512.2478145531118
-511.27469693740403
-510.31544623035455
-509.37009965522964
-508.4388106282126
-507.52167318425114
-506.6187213152168
-505.73010585080186
-504.8558584691028
-503.9961280850802
-503.1509439330679
-502.32045285811165
-501.5046815212515
-500.70377148142387
-499.9177499910452
-499.1467592920284
-498.3908178041578
-497.6500681827014
-496.9245261293788
-496.2143313823215
-495.5194968037271
-494.84015906304126
-494.17632906482123
-493.52813725945055
-492.8955934790637
-492.27882517134395
-491.6778993558018
-491.09287969921536
-490.52376882474283
-489.97068774834025
-489.4336957134162
-488.91285013394554
-488.40820656670564
-487.91981868426546
-487.919183930647
-485.951946620014
-483.9956130651886
-483.9956130651886
-480.8576927844734
-477.7225334062847
-474.5901899207667
-471.46071968114575
-468.33430434117304
-465.2110057137428
-462.09101009440957
-462.09101009440957
-458.2668959862648
-454.4410556249661
-450.61350704860115
-446.78429886996423
-442.95341861579317
-439.1208843054576
-435.2867139349593
-431.4509560786522
-427.6135981995241
-423.7746278548032
-419.9340935072181
-416.0920132164247
-412.248404917175
-408.40328666799275
-404.55676600355974
-400.7086186881067
-396.8590154455937
-393.00794391159496
-389.1554525218081
-385.26533432125103
-381.3774897057698
-377.49198892331594
-373.6089051008881
-369.7283143911014
-365.8862748458741
-362.04299523439494
-358.1985277122187
-354.35286375017967
-350.5060249160852
-350.5060249160852
-346.55772038490693
-342.61061495530527
-338.664750553527
-334.72017106931884
-330.7769224713638
-326.835052930894
-322.89461295415737
-318.9556555244805
-315.01823625474157
-311.0824135511463
-307.14824878928715
-303.21580650356333
-299.28515459114914
-295.3563645318158
-291.42951162504943
-287.5046752460557
-283.5819391224099
-279.6613916332993
-275.7431261335124
-271.82724130456796
-267.9138415356374
-264.0030373372144
-260.0949457908164
-256.18969103838265
-252.2874048154552
-248.38822703271165
-244.49230641096173
-240.59980117533436
-236.71087981508242
-232.82572191622538
-228.94451907515446
-225.06747590235503
-221.19481112657618
-217.32675881112152
-213.46356969547338
-209.60551267722468
-205.75287645131795
-201.90597132591589
-198.06513123690644
-194.23070075114293
-190.40308327286488
-186.58269809522378
-182.7699987424625
-178.96547643412256
-175.16966396443092
-171.38314005373232
-167.60653423744918
-163.8405323680549
-160.0858828171694
-156.34340347838074
-152.61398968705797
-148.8986231915713
-145.19838233133333
-141.51445360129472
-137.8481448103541
-134.20090007293592
-130.5743169090397
-126.97016576851806
-123.39041234007607
-119.83724305394152
-116.31309423805789
-112.8206854386182
-109.36305746272072
-105.94361573731328
-102.56617959416765
-99.23503806991275
-95.95501273032812
-92.73152785630273
-89.57068801900256
-86.47936256111713
-83.46527570734565
-80.53709984830421
-77.70455429937778
-74.97847057794552
-72.37088037328549
-69.89504693649343
-67.5654558998791
-65.39773742352298
-63.40849528042182
-61.615018232506905
-60.03485366277414
-58.685235121646386
-57.58237553895111
-56.740665387254126
-56.17184551820908
-55.884249424219874
-55.88221920207676
-56.16578581879862
-56.73066679311136
-57.56858168647688
-57.56858168647688
-57.56858168647688
-57.56858168647688
-57.56858168647688
-57.56858168647688
-57.56858168647688
-57.56858168647688
-57.56858168647688
-57.56858168647688
-57.56858168647688
