-387.3205320447132
-384.59511265733806
-381.82440815152717
-379.0090969271761
-376.1498404561197
-373.24734581373355
-370.302336697689
-367.3155551883941
-364.28779348457437
-361.2198049725112
-358.11239687869625
-354.9664322125413
-351.78274031775055
-348.562210467857
-345.3057331053971
-342.0142322455792
-338.6886979938063
-335.3300982907107
-331.9394415358795
-328.51780974567725
-325.0662401225242
-321.5858789326677
-318.0778633097621
-314.54338533632153
-310.9836644160273
-307.3999810210178
-307.3999810210178
-307.3999810210178
-307.3999810210178
-307.3999810210178
-307.3999810210178
-303.6922298607455
-299.97185694030156
-296.24063461003425
-292.5003733504336
-288.7530172735836
-285.000529101294
-281.2449849675398
-277.48852078880384
-273.7333674120785
-269.98185722394095
-266.2364301260512
-262.4995790684715
-258.77397857346114
-255.06233949294852
-251.3675672591831
-247.6926182091685
-244.04062703804442
-240.41485405055053
-236.81869122203923
-233.25570041338747
-229.72958948741118
-226.24421768238977
-226.24421768238977
-226.24421768238977
-226.24421768238977
-226.24421768238977
-226.24421768238977
-226.24421768238977
-226.24421768238977
-226.24421768238977
-226.24421768238977
-226.24421768238977
