-392.80534292279424
-395.61961925039265
-398.442609061028
-401.2740675154425
-404.1137853368754
-406.9615277459106
-409.81712581593496
-412.680323892179
-415.5509628532706
-418.428826789886
-421.3137041940589
-424.20544930309933
-427.10385846797175
-430.0087333441987
-432.91993895214654
-435.8372847629643
-438.7606136665526
-441.68974183043645
-444.6245192747081
-447.5647994095281
-450.5104087054651
-453.46123735610803
-456.4171182023699
-459.3778860507089
-462.3434111430709
-465.313565511377
-468.2882540525616
-471.2673214947681
-474.25062049917335
-477.23806104121184
-480.2295010732264
-483.22479542692645
-486.2238639643664
-488.25033847838415
-488.25033847838415
-489.59910324977875
-490.96163354895504
-492.33780195973793
-493.72742153618213
-493.72742153618213
-493.5782385429473
-493.44530939427744
-493.32869502939064
-493.2283914262319
-493.1443925176379
-493.0767530583372
-493.0767530583372
-491.48593979439994
-489.90776622523674
-488.3423415615212
-486.78983379732955
-485.2504111020605
-483.7241840386981
-482.2113214384383
-480.7119921850989
-479.2263418086976
-477.7545057781527
-476.2966533315523
-474.8529307975024
-473.42347366734225
-472.0084287724133
-470.60795970027647
-469.22221334857755
-467.8513588063252
-466.4955368969093
-465.15489472176034
-463.8296007964056
-462.5197889031872
-461.2255988423916
-459.9472042316413
-458.6847511547167
-457.4383986868906
-457.4383986868906
-457.4383986868906
-453.8766205897737
-450.3146865113832
-446.75266170126775
-443.19058386758996
-439.6284792593509
-436.06644370998606
-432.5045181249502
-432.5045181249502
-428.5487535967324
-424.59232117391167
-420.6352441944124
-416.67757369131596
-412.71936177398663
-408.7606616810229
-404.80150120733407
-400.84193603330925
-396.8820156844557
-392.9217985104558
-388.96131768998214
-385.0006345449483
-381.03981199545467
-377.07891464501836
-373.1179747904506
-369.1570681467571
-369.1570681467571
-365.52467030283395
-361.9054637670693
-358.29989772570116
-354.70843766038644
-351.13156599947274
-347.5698098109853
-344.02369470785
-340.4937511608901
-336.9805434834201
-333.4846562569178
-330.0066816483941
-326.54727506775345
-326.54727506775345
-326.54727506775345
-326.54727506775345
-326.54727506775345
-326.54727506775345
-326.54727506775345
-326.54727506775345
-330.4889792990385
-334.43206820512495
-338.3366461371128
-342.2399395676872
-346.1419316808501
-350.04261949892566
-353.94194531099095
-357.839940082037
-361.7365529273022
-365.63178060221276
-369.5256266433341
-373.41806738582443
-377.3090722202804
-381.1986375766535
-385.0867467687922
-388.9733890728251
-392.8585478131139
-396.7422120632455
-400.6243651636567
-400.6243651636567
-403.8936466743718
-407.1998723411759
-410.5210030613936
-413.81724843896376
-417.1534450828242
-420.46425832731285
-423.8148006747949
-427.1394634372069
-430.50363240110073
-433.8414102624311
-437.21852633393075
-440.56880640637155
-443.9209762026638
-447.27492630813936
-450.6305433384861
-453.987774098733
-457.3464997303686
-460.7066546899855
-464.06816631369946
-467.4682618732007
-470.87778508811544
-474.2965326438449
-477.7243065034523
-481.16091375773783
-484.6061664794458
-488.05988158152644
-491.5218806793744
-494.99198995695974
-498.47004003676983
-501.9558658534764
-505.4493065312422
-508.9502052645822
-512.4584092026917
-515.9737693371559
-519.496140392956
-523.025380722685
-526.5613522038884
-530.1039201394492
-533.6529531609301
-537.2083231347951
-540.7699050714281
-544.33757703687
-547.9112200671982
-551.4907180854699
-555.0759578211571
-558.6283153722235
-562.1793443140351
-565.7289846286418
-569.2772432255215
-572.824064708222
-576.369433009693
-579.9132930730702
-583.4556526428273
-586.9964766927956
-590.5357503817199
-594.0734192810729
-597.6094920591925
-601.1439116466855
-604.6766670806271
-608.2077245663991
-611.7370732082801
-615.2647020475423
-618.7905753729541
-622.3146375685246
-625.8369233318281
-629.3573771277257
-632.8759438151951
-636.3926578387662
-639.9074850168108
-643.4203942404989
-646.9313518609648
-650.4403478909987
-653.947372239987
-657.4523496186963
-660.9552911692514
-664.4562295044395
-667.9550685084114
-671.4518416615405
-674.946495280495
-678.4386307923867
-678.4386307923867
-678.4386307923867
-678.4386307923867
-678.4386307923867
-676.4688465938508
-674.5030709414958
-672.5414252155159
-670.5839458642906
-668.6307106214854
-666.6817985941843
-664.7372478115232
-662.7971148970474
-660.861525307881
-660.861525307881
-657.7342971340032
-654.6065398419056
-651.4783326282037
-648.3496641729715
-645.2206145709852
-642.0912188255417
-638.9615122636638
-635.8315768611751
-635.8315768611751
-632.0021995768539
-628.1704703772865
-624.336459566149
-620.5001179165066
-616.661535626476
-612.8206434570507
-608.9775317354004
-608.9775317354004
-605.0665554077312
-601.1190312635778
-597.1722052452867
-593.2260912870801
-589.2807036938738
-585.3360571535966
-581.3921667500015
-577.4490479759892
-573.5067167474698
-569.5651894177878
-565.6244827927359
-561.6846141461871
-557.7456012363735
-553.8074623228439
-549.8702161841321
-545.933882136172
-541.9984800514951
-538.0640303792493
-534.1305541660803
-530.1980730779187
-526.266609422718
-522.3361861741927
-518.4068269966067
-514.4785562706672
-510.55139912058036
-506.62538144232946
-502.7005299332407
-498.7768721229042
-494.85443640552154
-490.93325207375847
-487.0133493541816
-483.09475944436764
-479.1775145517748
-475.261647934475
-471.34719394384956
-467.4341880693588
-463.52266698550136
-459.6126686010895
-455.70423211097074
-451.79739805033813
-447.892208351779
-443.98870640522244
-440.08693712095544
-436.18694699589116
-432.2887841832825
-428.3924985660888
-424.49814183421796
-420.6057675658797
-416.7154313133046
-412.82719069309826
-408.9411054815223
-405.05723771501107
-401.1756517962575
-397.2964146062241
-393.4195956224614
-389.5452670441433
-385.6735039242603
-381.8043843094413
-377.937989387913
-374.0744036461417
-370.2137150347438
-366.3560151442965
-362.5013993917281
-358.64996721801873
-354.801822298001
-350.99675133879
-347.15989097083076
-343.3396849261431
-339.5118575923461
-335.6880455711868
-331.8683876568788
-328.0926397332019
-324.2865298704455
-320.52468796938416
-316.7331687798286
-312.9468401281319
-309.1658927185932
-305.39052642185504
-301.62095081307217
-297.8967686310105
-294.1841685024208
-294.1841685024208
-291.7302345745143
-289.01612179134975
-286.3321628311856
-283.67921357356795
-281.05815213530553
-281.05815213530553
-279.8858195387779
-278.77955482453405
-277.74037807973895
-276.752106905316
-275.8347067850076
-274.9706935138259
-274.177530629028
-273.4401475925077
-272.7781893305787
-272.7781893305787
-272.7781893305787
-272.7781893305787
-272.7781893305787
-272.7781893305787
-272.7781893305787
-272.7781893305787
-272.7781893305787
-272.7781893305787
-271.62782077613986
-270.51567484160086
-269.4422351974398
-268.40796848789853
-267.413364876933
-266.4588857635256
-265.5449803077211
-264.6720590494605
-263.8405606572159
-263.05087148561563
-263.05087148561563
-260.8427215349762
-258.66337347532595
-256.5136001424599
-254.39420081755298
-252.30596602010817
-250.24970201436983
-248.22622753738943
-246.23640773462964
-244.28107729639382
-242.36110447319854
-240.47735769713896
-238.63073755042294
-236.82213307167436
-235.05245233312687
-233.32260877404582
-231.63351501450686
-231.63351501450686
-231.63351501450686
-227.89525307575212
-224.15941218920344
-220.426191421236
-216.69577980787346
-212.9683881156554
-209.2442339817882
-209.2442339817882
-205.28902274988437
-201.33491222705953
-197.38203799860094
-193.43054487943104
-189.48057299151677
-185.53228872047643
-181.58587092210092
-177.64148820859984
-173.69934876480016
-169.75968735726548
-169.75968735726548
-169.75968735726548
-169.75968735726548
-169.75968735726548
-169.75968735726548
-169.75968735726548
-169.75968735726548
-169.75968735726548
-173.61962156658203
-177.48733056740676
-181.3622756416592
-185.24393133170685
-189.13183345601513
-193.02554208717436
-193.02554208717436
-196.89179444846147
-200.75843358199975
-204.62539367057363
-208.49260169329085
-212.3599816849143
-216.22746887210985
-220.09499246206738
-223.9624969835893
-227.82991801159588
-231.69721524947397
-235.5643294942631
-239.4312252230272
-243.29784764124324
-247.16413166305387
-251.03006303170613
-254.89557696598888
-258.7606592082582
-262.62525441363783
-266.48933538783353
-270.3528493210533
-274.21579605812366
-278.0781001708484
-281.93975469486287
-285.80072857599134
-289.660982835146
-293.52051312192106
-297.3792568441483
-301.23721105980525
-305.0943143643373
-308.9505650527521
-312.8059366250665
-316.6603946203149
-320.5139390110069
-324.3665108246461
-328.21811921295557
-332.0687058321919
-335.9182640579862
-339.76677025074946
-343.6142010219668
-347.4605332172751
-351.3057698134171
-355.14985422768893
-358.9927900209541
-362.8345290178648
-366.6750672843705
-370.5143909926572
-374.35247061510495
-378.1892847115048
-382.0248197487037
-385.8590729630544
-389.6919893373508
-393.5235556626672
-397.35376980080315
-401.18261877527533
-405.01006307232626
-408.8360858231845
-412.66068931059266
-416.48383059799926
-420.30551189942804
-424.1257054311638
-427.9444103068716
-431.76158717968116
-435.57720862381694
-439.39128877629753
-443.20378812713915
-447.01470627374346
-450.82403057529746
-454.6317070360114
-458.43774991230686
-462.24213230186257
-466.0448415784543
-469.84586501934103
-473.6451758205539
-477.44276125763895
-481.23860850776725
-485.03269085777856
-488.82499547940625
-492.6155230688661
-492.6155230688661
-492.6155230688661
-494.43485299676945
-496.265439847532
-498.107132379748
-499.9597924936965
-501.8232434769091
-503.6973786079689
-505.5819935116739
-507.47698334827265
-509.38218884514754
-511.29750816199623
-513.2227339602206
-513.2227339602206
-513.6610169948768
-514.1140428489389
-514.5818462252154
-515.0642952498926
-515.5614273057769
-516.0731013540471
-516.5993470715991
-516.5993470715991
-515.5690325332924
-514.5521641852525
-513.5488462038891
-512.5591141805236
-511.5831284469965
-510.6209813936477
-509.67276921974184
-508.7385325996151
-507.81842001479777
-506.9125248285818
-506.02088027380836
-505.1436365222731
-504.2808244449997
-503.4325922445397
-502.59896830009825
-501.78009868967905
-500.9760091712872
-500.1868435433506
-499.4126248143797
-498.65349158274347
-497.9094669814435
-497.18062960004767
-496.4671168725569
-495.76894209577347
-495.08624242342455
-494.4190897152893
-493.76749491956275
-493.13158833872643
-492.51137671725314
-491.9069881528823
-491.3184875291263
-490.74593732767704
-490.18939972072025
-489.648872873883
-489.1244760346174
-488.6162647083105
-488.12429312931255
-487.64867461625374
-487.64867461625374
-485.69187875540314
-483.74605171129986
-483.74605171129986
-480.6155880360052
-477.4879354631179
-474.36314992366806
-471.2413509868863
-468.1226602367802
-465.00714061134414
-465.00714061134414
-461.1849331547997
-457.3609668131569
-453.53532073065
-449.7079825362526
-445.8789702588044
-442.0483019433932
-438.2159957761786
-434.382069627603
-430.54651116562775
-426.7093689072574
-422.87066083624126
-419.0303745383455
-415.18855861913875
-411.34520055308735
-407.5003184498712
-403.653960925541
-399.80611545624834
-395.9568003542612
-392.1060336113164
-388.2176922606604
-384.33164243909073
-380.44795436643824
-376.56670111578916
-372.6879587574448
-368.84773099873695
-365.0062617479948
-361.1635727172239
-357.31968555102003
-353.4746220722376
-353.4746220722376
-349.5251116887964
-345.5767627252058
-341.62961545043777
-337.68371200371496
-333.7390965035637
-329.79581516452765
-325.8539164221733
-321.91345106707695
-317.97447238854744
-314.0370363289146
-310.1012016492909
-306.1670301078048
-302.23458665140544
-298.30393962244534
-294.37516098137473
-290.44832654701634
-286.5235162560437
-282.60081444345775
-278.68031014604725
-274.7620974310353
-270.84627575235277
-266.93295033725315
-263.02223260628483
-259.1142406299814
-255.20909962601715
-251.30694250101007
-247.40791044164854
-243.51215356037724
-239.61983160150973
-235.73111471435453
-231.84618430075932
-227.9652339454073
-224.08847050650309
-220.2161150706725
-216.34840433063422
-212.4855919179455
-208.62794991501954
-204.77577052836182
-200.92936794291882
-197.08908038020155
-193.25527238603974
-189.42833737750917
-185.60870048284
-181.7968217130485
-177.99319950975496
-174.19837472028573
-170.41293505885895
-166.63752012160057
-162.8728270335324
-159.11961681775514
-155.3787215910842
-151.6510527066866
-147.93760998315804
-144.23949218132972
-140.55790891530415
-136.8941942131738
-133.24982197594682
-129.62642362066865
-126.02580823571306
-122.44998562254126
-118.90119264823443
-115.38192338534103
-111.89496356737874
-108.44342993517624
-105.03081508387002
-101.66103843151947
-98.33850390098384
-95.06816481193324
-91.85559628378748
-88.70707510287752
-85.6296664403238
-82.63131593270697
-79.72094434699521
-76.90854022212837
-74.2052433951734
-71.62340910827457
-69.1766384985695
-66.87975696986663
-64.74871788268274
-62.80040636230158
-61.05231861121521
-59.52209819097962
-58.22692448536209
-57.182770951639405
-56.40358010895593
-55.90043292518689
-55.68081312315208
-55.748071676100224
-56.10117679574991
-56.734791590773675
-57.639666138391334
-57.639666138391334
-57.639666138391334
-57.639666138391334
-57.639666138391334
-57.639666138391334
-57.639666138391334
-57.639666138391334
-57.639666138391334
-57.639666138391334
-57.639666138391334
