-392.80534292279424
-395.61961925039265
-398.442609061028
-401.2740675154425
-404.1137853368754
-406.9615277459106
-409.81712581593496
-412.680323892179
-415.5509628532706
-418.428826789886
-421.3137041940589
-424.20544930309933
-427.10385846797175
-430.0087333441987
-432.91993895214654
-435.8372847629643
-438.7606136665526
-441.68974183043645
-444.6245192747081
-447.5647994095281
-450.5104087054651
-453.46123735610803
-456.4171182023699
-459.3778860507089
-462.3434111430709
-465.313565511377
-468.2882540525616
-471.2673214947681
-474.25062049917335
-477.23806104121184
-480.2295010732264
-483.22479542692645
-486.2238639643664
-488.25033847838415
-488.25033847838415
-489.59910324977875
-490.96163354895504
-492.33780195973793
-493.72742153618213
-493.72742153618213
-493.5782385429473
-493.44530939427744
-493.32869502939064
-493.2283914262319
-493.1443925176379
-493.0767530583372
-493.0767530583372
-491.48593979439994
-489.90776622523674
-488.3423415615212
-486.78983379732955
-485.2504111020605
-483.7241840386981
-482.2113214384383
-480.7119921850989
-479.2263418086976
-477.7545057781527
-476.2966533315523
-474.8529307975024
-473.42347366734225
-472.0084287724133
-470.60795970027647
-469.22221334857755
-467.8513588063252
-466.4955368969093
-465.15489472176034
-463.8296007964056
-462.5197889031872
-461.2255988423916
-459.9472042316413
-458.6847511547167
-457.4383986868906
-457.4383986868906
-457.4383986868906
-453.8766205897737
-450.3146865113832
-446.75266170126775
-443.19058386758996
-439.6284792593509
-436.06644370998606
-432.5045181249502
-432.5045181249502
-428.5487535967324
-424.59232117391167
-420.6352441944124
-416.67757369131596
-412.71936177398663
-408.7606616810229
-404.80150120733407
-400.84193603330925
-396.8820156844557
-392.9217985104558
-388.96131768998214
-385.0006345449483
-381.03981199545467
-377.07891464501836
-373.1179747904506
-369.1570681467571
-369.1570681467571
-365.52467030283395
-361.9054637670693
-358.29989772570116
-354.70843766038644
-351.13156599947274
-347.5698098109853
-344.02369470785
-340.4937511608901
-336.9805434834201
-333.4846562569178
-330.0066816483941
-326.54727506775345
-326.54727506775345
-326.54727506775345
-326.54727506775345
-326.54727506775345
-326.54727506775345
-326.54727506775345
-326.54727506775345
-330.4889792990385
-334.43206820512495
-338.3366461371128
-342.2399395676872
-346.1419316808501
-350.04261949892566
-353.94194531099095
-357.839940082037
-361.7365529273022
-365.63178060221276
-369.5256266433341
-373.41806738582443
-377.3090722202804
-381.1986375766535
-385.0867467687922
-388.9733890728251
-392.8585478131139
-396.7422120632455
-400.6243651636567
-400.6243651636567
-403.8936466743718
-407.2032896205616
-410.5252324317304
-413.8222694274194
-417.1592597205323
-420.47082776080356
-423.8221236412907
-427.1475014467562
-430.51239931952534
-433.850910101839
-437.22874705462465
-440.5797370072732
-443.93262134119345
-447.2872586793791
-450.6435680428255
-454.00148023681294
-457.3609021182912
-460.72175914750824
-464.08394548143684
-467.48472134116884
-470.89491504468776
-474.3143234566689
-477.74274871636896
-481.1799980877075
-484.62588381348456
-488.0802229736586
-491.54283734760276
-495.01355328025903
-498.4922015521047
-501.97861725284764
-505.4726396587633
-508.9741121135881
-512.4828819128822
-515.998800191775
-519.5217218160083
-523.0515052761905
-526.5880125851784
-530.1311091785009
-533.6806638177437
-537.2365484968125
-540.7986383509934
-544.3668115687341
-547.9409493060645
-551.5209356035842
-555.1066573059406
-558.6594916471221
-562.21096632259
-565.7610685270764
-569.3097815734349
-572.8570500943717
-576.4028580463445
-579.9471701551225
-583.4899745761755
-587.0312363059375
-590.5709405224765
-594.1090328212791
-597.645521891169
-601.1803735806534
-604.7135539288587
-608.2450494678844
-611.7748291499963
-615.3028571566236
-618.8291477326129
-622.3536202094639
-625.8763093083544
-629.3971802098928
-632.9161572109366
-636.4332747775521
-639.9484987351791
-643.4618189521252
-646.9731809527829
-650.482574763413
-653.9899691602672
-657.4953523034251
-660.9986931749702
-664.4999817312462
-667.9992505996523
-671.496403558181
-674.991430577568
-678.4840194187219
-678.4840194187219
-678.4840194187219
-678.4840194187219
-678.4840194187219
-676.5149672171568
-674.5499278974212
-672.5890227749844
-670.6322882190756
-668.6798019025009
-666.7316010284462
-664.7878074312271
-662.8484149259505
-660.9135492366423
-660.9135492366423
-657.7868332707961
-654.6595941508428
-651.531911060191
-648.4037726774532
-645.2752389417753
-642.1463651634833
-639.0172328197852
-635.8878118328387
-635.8878118328387
-632.0586339194809
-628.2271551807283
-624.393353091114
-620.5572713540101
-616.7188873945781
-612.8782645777015
-609.0353605494926
-609.0353605494926
-605.1199487720987
-601.1719734255423
-597.2246905697722
-593.278114026925
-589.3322579868808
-585.387137019487
-581.442766087268
-577.499160558646
-573.5563362216949
-569.614309298452
-565.6730964598165
-561.7327148410593
-557.7931820579762
-553.8545162237136
-549.9167359663013
-545.9798604469247
-542.0439093789741
-538.1089030479104
-534.1748623319847
-530.2418087238595
-526.3097643531714
-522.3787520100883
-518.4487951699082
-514.5199180187557
-510.59214548043184
-506.66550324447735
-502.7400177955144
-498.8157164439333
-494.8926273579961
-490.9707795974339
-487.0502031486172
-483.13092896138636
-479.2129889876324
-475.2964162217246
-471.3812447428882
-467.4675097596411
-463.5552476564053
-459.64449604241753
-455.73529380306985
-451.82768115382044
-447.92169969682436
-444.01739248044265
-440.1148040617998
-436.2139805725706
-432.3149697881896
-428.41782120068865
-424.52258609538404
-420.6293176316482
-416.73807092801684
-412.8489031519029
-408.9618736142031
-405.07704386910797
-401.19447781944433
-397.3142418279059
-393.4364048345506
-389.5610384809738
-385.6882172415937
-381.8180185625194
-377.9505230085066
-374.085814418543
-370.2239800706475
-366.36511085651074
-362.5093014666538
-358.65665058683186
-354.80726110646884
-351.0009646624924
-347.162800348861
-343.3551175179812
-339.5275494240912
-335.70400182118397
-331.8846136660647
-328.10911993908417
-324.3032855455608
-320.54170398044744
-316.75046695657085
-312.96442689785766
-309.18377471915505
-305.4087105101096
-301.6394440737029
-297.91555712937344
-294.20326444787923
-294.20326444787923
-291.74847410994334
-289.0345706577944
-286.35082300143546
-283.6980869520835
-283.6980869520835
-282.4849361261142
-281.3372404200073
-280.2556821190228
-279.241115537501
-278.27760762647097
-277.38459631601233
-276.54510631775315
-275.77604527617734
-275.0777623716234
-275.0777623716234
-275.0777623716234
-275.0777623716234
-275.0777623716234
-275.0777623716234
-275.0777623716234
-275.0777623716234
-275.0777623716234
-275.0777623716234
-273.9630923709169
-272.88643863175537
-271.84825464186696
-270.8490179719171
-269.889170167871
-268.9691493556607
-268.0893729307388
-267.25024586379493
-266.4521746885515
-266.4521746885515
-264.23753119833935
-262.05106834294435
-259.89351201538256
-257.7656499000555
-255.66823704186675
-253.60207735842857
-251.5679765260779
-249.5667316503457
-247.59917385693873
-245.66615697780068
-243.7685246294278
-241.90713091503974
-240.08286060441168
-238.29658615306707
-236.54919806777016
-234.84159314893597
-233.17466365182264
-233.17466365182264
-233.17466365182264
-229.4445595739157
-225.71702669263158
-221.99223573878683
-218.270482277867
-218.270482277867
-214.31492483531372
-210.36043295344422
-206.40712146141115
-202.4551191958691
-198.50458281657902
-194.55565775245856
-190.6085006404582
-186.6632899059143
-182.72019890546179
-178.77944698568695
-174.84125142099933
-170.90584325040402
-170.90584325040402
-170.90584325040402
-170.90584325040402
-170.90584325040402
-170.90584325040402
-170.90584325040402
-170.90584325040402
-174.77107218375892
-178.64373452401486
-182.52330630555022
-186.40929382594103
-190.30124143886863
-194.19873956211012
-194.19873956211012
-198.06047345291498
-201.92267283716265
-205.78525818049317
-209.6481528864358
-213.5112870180046
-217.37458301518905
-221.23797657155362
-225.10139978947606
-228.96480703334927
-232.82814345580343
-236.69133810836485
-240.55434116619855
-244.41711705592937
-248.2796139268588
-252.1417759148251
-256.0035731694606
-259.8649807125979
-263.72592602388124
-267.58639614281236
-271.44634581755344
-275.3057310231143
-279.1645265341296
-283.02268150990614
-286.88018876942436
-290.7369920130883
-294.5930769955871
-298.4484139763909
-302.30296523770505
-306.15670234322437
-310.00961418891876
-313.8616482584677
-317.7128031303527
-321.563044131716
-325.41234550163506
-329.26068184581817
-333.1080198147379
-336.95436044174835
-340.7996456073474
-344.64388530489276
-348.4870477210261
-352.3291095408036
-356.1700395886076
-360.0098231317963
-363.848429465874
-367.6858361848311
-371.52204710865465
-375.35701418554277
-379.19073375053114
-383.0231842372859
-386.8543442065662
-390.68417384596194
-394.5126965946916
-398.3398728298891
-402.16567377611625
-405.99007088580396
-409.8130774973938
-413.6346389153513
-417.4547686448744
-421.27342713197845
-425.09061289345493
-428.9062981434582
-432.7204700930428
-436.5331158773291
-440.3442078801231
-444.1537332754381
-447.9616646125837
-451.7679890948253
-455.5727063280528
-459.3757767058526
-463.17718736229097
-466.97693812865936
-470.77498921541104
-474.5713406604752
-478.36597971763064
-482.1588664060961
-485.95000096643366
-489.7393705570124
-493.52694847381537
-493.52694847381537
-493.52694847381537
-495.3373331531168
-497.1589687527872
-498.9917045406434
-500.8353902715726
-502.6899185335404
-504.55512804730137
-506.43085854578635
-508.3169630130272
-510.21327065861846
-512.1196924551676
-514.0360158522184
-514.0360158522184
-514.4641882273182
-514.9070617580924
-515.3646721547739
-515.8368888584749
-516.3237503225018
-516.8251741907882
-517.3410764751275
-517.3410764751275
-516.3006380135229
-515.2735752598292
-514.2599881313636
-513.2599757975091
-512.2736411693297
-511.30107707275795
-510.3423216668071
-509.39752907766206
-508.46679421780806
-507.55015210945527
-506.64775440507276
-505.75969304304476
-504.88599961648754
-504.0268194366646
-503.18218539943774
-502.352244265654
-501.5370226095333
-500.73660210991864
-499.95112942698603
-499.180627038472
-498.4252331451975
-497.6849702769019
-496.9599742604708
-496.250264375855
-495.55597392680784
-494.87711670070087
-494.2138266896005
-493.56617481830966
-492.93416888516145
-492.31793806582976
-491.71754758579567
-491.13300112025735
-490.56442271176473
-490.01187255082266
-489.4754097862745
-488.95509128195647
-488.45097307756606
-487.96310875099135
-487.9630377907427
-485.99562020159743
-484.0391022131736
-484.0391022131736
-480.9010677175084
-477.7657293751452
-474.6332034896448
-471.5036082288984
-468.37706420139114
-465.2536331273382
-462.1334402045622
-462.1334402045622
-458.3092462289319
-454.48332399739604
-450.6557221344749
-446.8264281266229
-442.9954905672284
-439.16289695641706
-435.32866528568445
-431.4928135228038
-427.6553598163837
-423.8163220278669
-419.97571819979936
-416.1335662577595
-412.2898843790444
-408.4446904963863
-404.59806210945897
-400.7498660428923
-396.90018136409225
-393.049056832056
-389.1964799057665
-385.30630483033053
-381.41840160154266
-377.5328404071043
-373.6496943110548
-369.76903940019326
-365.9269335447995
-362.0835853142066
-358.2390164051342
-354.39327888166065
-350.54636439259366
-350.54636439259366
-346.5981105244345
-342.65105693227576
-338.705245577859
-334.7607203878082
-330.81752736913046
-326.87571473289495
-322.9353330267702
-318.9964352771603
-315.0590771417553
-311.12331707338825
-307.18921649617863
-303.2568399950422
-299.32625551975167
-295.3975346048561
-291.4707526069008
-287.5459889605377
-283.6233274552866
-279.7028565348917
-275.78466962143165
-271.8688654665714
-267.9555485326133
-264.04482940629833
-260.1368252486433
-256.231660284477
-252.32946633576233
-248.43038340327072
-244.53456030172106
-240.64215535410773
-236.75333715164285
-232.86828538653117
-228.98719176569873
-225.11026101462664
-221.23771198161555
-217.3697789461528
-213.5067127213043
-209.64878234021535
-205.7962766381637
-201.94950606834223
-198.1088047162023
-194.27453253742894
-190.4470778481778
-186.62686010031467
-182.81433297915717
-179.00998786672508
-175.2143577198945
-171.42802142025798
-167.65160866109485
-163.88580544684322
-160.13136029206578
-156.38909122037063
-152.65989367937675
-148.94474950592587
-145.24473709668996
-141.56104296348394
-137.89497488034615
-134.24797686115213
-130.62164624246915
-127.01775318667963
-123.43826296497757
-119.88536142811111
-116.36148412342416
-112.86934956746293
-109.41199723009163
-105.99283082214664
-102.61566749393586
-99.28479353092797
-96.00502705302037
-92.78178805208776
-89.62117579318564
-86.53005309534265
-83.51613621649254
-80.58808789206903
-77.75560940142603
-75.02952524435703
-72.42185101969757
-69.94583142378191
-67.61593113851313
-65.44775730008912
-63.45788925904937
-61.66359107719371
-60.08238678328399
-58.73149002312217
-57.627099708516006
-56.78360065206836
-56.21273847564354
-55.92286305767793
-55.91834439541007
-56.199251320624924
-56.7613463528925
-57.59639756361911
-57.59639756361911
-57.59639756361911
-57.59639756361911
-57.59639756361911
-57.59639756361911
-57.59639756361911
-57.59639756361911
-57.59639756361911
-57.59639756361911
-57.59639756361911
