-392.80534292279424
-395.61961925039265
-398.442609061028
-401.2740675154425
-404.1137853368754
-406.9615277459106
-409.81712581593496
-412.680323892179
-415.5509628532706
-418.428826789886
-421.3137041940589
-424.20544930309933
-427.10385846797175
-430.0087333441987
-432.91993895214654
-435.8372847629643
-438.7606136665526
-441.68974183043645
-444.6245192747081
-447.5647994095281
-450.5104087054651
-453.46123735610803
-456.4171182023699
-459.3778860507089
-462.3434111430709
-465.313565511377
-468.2882540525616
-471.2673214947681
-474.25062049917335
-477.23806104121184
-480.2295010732264
-483.22479542692645
-486.2238639643664
-488.25033847838415
-488.25033847838415
-489.59910324977875
-490.96163354895504
-492.33780195973793
-493.72742153618213
-493.72742153618213
-493.5782385429473
-493.44530939427744
-493.32869502939064
-493.2283914262319
-493.1443925176379
-493.0767530583372
-493.0767530583372
-491.48593979439994
-489.90776622523674
-488.3423415615212
-486.78983379732955
-485.2504111020605
-483.7241840386981
-482.2113214384383
-480.7119921850989
-479.2263418086976
-477.7545057781527
-476.2966533315523
-474.8529307975024
-473.42347366734225
-472.0084287724133
-470.60795970027647
-469.22221334857755
-467.8513588063252
-466.4955368969093
-465.15489472176034
-463.8296007964056
-462.5197889031872
-461.2255988423916
-459.9472042316413
-458.6847511547167
-457.4383986868906
-457.4383986868906
-457.4383986868906
-453.8766205897737
-450.3146865113832
-446.75266170126775
-443.19058386758996
-439.6284792593509
-436.06644370998606
-432.5045181249502
-432.5045181249502
-428.5487535967324
-424.59232117391167
-420.6352441944124
-416.67757369131596
-412.71936177398663
-408.7606616810229
-404.80150120733407
-400.84193603330925
-396.8820156844557
-392.9217985104558
-388.96131768998214
-385.0006345449483
-381.03981199545467
-377.07891464501836
-373.1179747904506
-369.1570681467571
-369.1570681467571
-365.52467030283395
-361.9054637670693
-358.29989772570116
-354.70843766038644
-351.13156599947274
-347.5698098109853
-344.02369470785
-340.4937511608901
-336.9805434834201
-333.4846562569178
-330.0066816483941
-326.54727506775345
-326.54727506775345
-326.54727506775345
-326.54727506775345
-326.54727506775345
-326.54727506775345
-326.54727506775345
-326.54727506775345
-330.4889792990385
-334.43206820512495
-338.3366461371128
-342.2399395676872
-346.1419316808501
-350.04261949892566
-353.94194531099095
-357.839940082037
-361.7365529273022
-365.63178060221276
-369.5256266433341
-373.41806738582443
-377.3090722202804
-381.1986375766535
-385.0867467687922
-388.9733890728251
-392.8585478131139
-396.7422120632455
-400.6243651636567
-400.6243651636567
-403.8936466743718
-407.2032896205616
-410.5252324317304
-413.8222694274194
-417.1592597205323
-420.47082776080356
-423.8221236412907
-427.1475014467562
-430.51239931952534
-433.850910101839
-437.22874705462465
-440.5797370072732
-443.93262134119345
-447.2872586793791
-450.6435680428255
-454.00148023681294
-457.3609021182912
-460.72175914750824
-464.0839622875652
-467.48474673798245
-470.8949486529005
-474.3143649047041
-477.74279764019536
-481.18005413067715
-484.62594662617363
-488.0802922137107
-491.5429126795752
-495.01363437547104
-498.49228808848926
-501.97870891480557
-505.47273613702015
-508.97421310505405
-512.4829871205143
-515.9989093244425
-519.5218345883608
-523.0516214085287
-526.5881318033273
-530.1312312136862
-533.6807884064706
-537.2366753807469
-540.7987672768467
-544.3669422881487
-547.9410815755041
-551.5210691842249
-555.1067919635651
-558.6596228688139
-562.2111176865127
-565.7612164246035
-569.3099064797051
-572.8571714911283
-576.4029759482685
-579.9473078376128
-583.4901319329407
-587.0313900900951
-590.5710907478287
-594.1092025216469
-597.6456879996535
-601.1805361104604
-604.713712892976
-608.2451845716861
-611.7749606464206
-615.3030303790322
-618.8293172533967
-622.353786041028
-625.8764714630292
-629.3973179966365
-632.9163360028851
-636.4334497447998
-639.9486698896939
-643.4619863057292
-646.973323495433
-650.4826923814671
-653.9900828874759
-657.495462151581
-660.9988429245899
-664.5001275060398
-667.9993924109993
-671.4965414173336
-674.9915644956511
-678.4841494068265
-678.4841494068265
-678.4841494068265
-678.4841494068265
-678.4841494068265
-676.5151333402956
-674.5501305626952
-672.589218591365
-670.6324771566286
-668.6799839314103
-666.7317761187561
-664.7879755530233
-662.8486209295187
-660.9137689920124
-660.9137689920124
-657.7870933748256
-654.6598948814847
-651.5322071452752
-648.40410979312
-645.2756173654836
-642.1467851726143
-639.0176485350014
-635.8882232276432
-635.8882232276432
-632.0590898716379
-628.2275895796793
-624.3937857833013
-620.5576826111334
-616.7192969893264
-612.8786528555416
-609.0357472095807
-609.0357472095807
-605.0849365564577
-601.1347761052456
-597.1852787584825
-593.2364577601079
-589.2883034375752
-585.340853064603
-581.3941209798605
-577.4481219113783
-573.5028709897601
-569.5583837619307
-565.6146762054482
-561.6717647434053
-557.7296662599493
-553.7883981164499
-549.8479781683468
-545.9084247827101
-541.9697568565491
-538.0319938359056
-534.0951557357724
-530.1592631608769
-526.2243373273749
-522.2904000855001
-518.3574739432187
-514.4255820909409
-510.4947484273449
-506.5649975863699
-502.63635496544185
-498.7088467549963
-494.78249996936734
-490.85734247911745
-486.9334030448847
-483.0107113528319
-479.08929805178406
-475.1691947921494
-471.250434266722
-467.3330502534723
-463.41707766043845
-459.5025525728373
-455.58951230252376
-451.6779954399325
-447.76804190864925
-443.85969302276374
-439.95299154717
-436.0479817609896
-432.1447095243055
-428.24322234840616
-424.3435694697546
-420.44580192791125
-416.54997264765524
-412.65613652556556
-408.76435052134383
-404.89720934419717
-401.0117981870163
-397.12866228330586
-393.24786903421324
-389.3694884865139
-385.4935934614572
-381.6600346525534
-377.7933152466448
-373.95934920397605
-370.10143957270924
-366.2465785641116
-362.39486346448103
-358.5463956594146
-354.7012808472375
-350.8993090687561
-347.06569434337814
-343.275246408461
-339.45392978103797
-335.63677669569756
-331.82393083901104
-328.05510156061814
-324.2561845067986
-320.50167515225894
-316.7177797799021
-312.9392595018483
-309.17988465028293
-305.4145244966092
-301.65519456692454
-297.90213351065455
-294.2347588454771
-294.2347588454771
-291.77959403087726
-289.0815195509829
-286.41389347143655
-283.7775744760496
-283.7775744760496
-282.574862816783
-281.4402708091129
-280.3696834701791
-279.36658870998343
-278.41474397653946
-277.53333690122025
-276.7056030131514
-275.9479186313589
-275.2607271852435
-275.2607271852435
-275.2607271852435
-275.2607271852435
-275.2607271852435
-275.2607271852435
-275.2607271852435
-275.2607271852435
-275.2607271852435
-275.2607271852435
-274.1352357725292
-273.04764908940086
-271.9984320728884
-270.98805779555283
-270.01696280985567
-269.0855973565425
-268.1943829075373
-267.34375313452324
-266.53408479377225
-266.53408479377225
-264.30955059178655
-262.1130576889325
-259.9453406577057
-257.8071535991799
-255.69926304804451
-253.62247280297538
-251.57757827858975
-249.56539758175475
-247.5867522654434
-245.64249711703044
-243.73347702710382
-241.8605477026531
-240.02460716596644
-238.22651920772716
-236.467177050426
-234.74748061581803
-233.06834482888135
-233.06834482888135
-233.06834482888135
-229.33368326202796
-225.60149277604003
-221.87194203509944
-218.14541116309815
-218.14541116309815
-214.19064021944752
-210.2370180008003
-206.2846793052969
-202.33374355633666
-198.38437336708984
-194.43672060412968
-190.49096089781128
-186.5472707740146
-182.60584110247817
-178.66689061716943
-174.7306531982708
-170.79736344252453
-170.79736344252453
-170.79736344252453
-170.79736344252453
-170.79736344252453
-170.79736344252453
-170.79736344252453
-170.79736344252453
-174.66654901003565
-178.5429254139929
-182.42599267768506
-186.31527046632075
-190.21030570459706
-194.1107099620539
-194.1107099620539
-197.96880999280975
-201.82746967376625
-205.68659318436488
-209.54609002896035
-213.40589601358914
-217.26592987549998
-221.12612633905377
-224.98641197276092
-228.8467381339989
-232.70703782616576
-236.56724689416365
-240.42732518268966
-244.28721352805496
-248.1468549887176
-252.00622826447514
-255.86525589444386
-259.72392014909803
-263.58217136351294
-267.43996138773525
-271.29727716662256
-275.1540573509862
-279.01027356027873
-282.8659003486423
-286.7208955250165
-290.5752178970011
-294.4288609918694
-298.28176892825996
-302.13392814123836
-305.98528404716706
-309.83582457700277
-313.68554702918004
-317.53439010460755
-321.38233519142454
-325.2293644035387
-329.0754345677361
-332.92053721585705
-336.76464714500634
-340.60773947525865
-344.4497814500625
-348.2907746909597
-352.1306695538403
-355.9694423584157
-359.80708756257
-363.6435901693967
-367.47891931005046
-371.3130523727789
-375.14595902545915
-378.9776249590743
-382.80802022794774
-386.63713075071166
-390.4649532107488
-394.29144752019016
-398.1166107572413
-401.94041400731624
-405.7628438353864
-409.5838602893145
-413.40346114954014
-417.2216330556225
-421.0383742180905
-424.85362994790717
-428.6673871170782
-432.47963253361377
-436.29036497729123
-440.0995446499615
-443.9071705927808
-447.7132298345068
-451.517682439477
-455.32052771897094
-459.12175265817694
-462.921329915949
-466.7192465043117
-470.5154752366327
-474.31000314554746
-478.1028171744568
-481.8938902601705
-485.68320936019603
-489.4707613406052
-493.2565465112349
-493.2565465112349
-493.2565465112349
-495.06151762698755
-496.8778041225279
-498.7052547058049
-500.54366474253135
-502.39296740346015
-504.25297334356134
-506.1235217765435
-508.00452109217304
-509.8957563766728
-511.797113917238
-513.7084550334379
-513.7084550334379
-514.1309739108635
-514.5682427429736
-515.0202407393011
-515.4869514348893
-515.9682943369362
-516.4641924345078
-516.9746768390453
-516.9746768390453
-515.9289500050379
-514.8966060355822
-513.8777500297779
-512.8724766937064
-511.8808848877596
-510.9030185946032
-509.93902859822055
-508.9890112227338
-508.05300303622056
-507.13115708445935
-506.22356683790304
-505.3302655485721
-504.45140356776693
-503.58701177660924
-502.7372385386744
-501.90211223381516
-501.08171936114724
-500.2762050155849
-499.4855906697472
-498.71002219292075
-497.9495211532954
-497.2042277401052
-496.47415812389966
-495.7594524956681
-495.0601241912008
-494.3763103333917
-493.70802130384976
-493.0553900813684
-492.41848653053165
-491.7973788659476
-491.1920721319334
-490.6026926669533
-490.029302935197
-489.47196499750805
-488.9307378642624
-488.4056794001178
-487.89684561112534
-487.4042906174846
-487.4042906174846
-485.4326577527795
-483.47196730370285
-483.47196730370285
-480.3309772453576
-477.19269815434217
-474.05724588832345
-470.9247387299329
-467.7952359581304
-464.66886029507737
-461.5457368092339
-461.5457368092339
-457.7202757788571
-453.8931011220057
-450.06423080690183
-446.2336828416885
-442.40147509287567
-438.567625615548
-434.7321522306857
-430.8950423915327
-427.05634446683194
-423.2160459023882
-419.37419503493203
-415.53077930387366
-411.68584701394207
-407.83938575298447
-403.99141333088005
-400.141947703417
-396.2910068376999
-392.4386391934756
-388.54862886424047
-384.6608747150398
-380.7754458533293
-376.8924141941143
-373.0118546016169
-369.133845039454
-365.2944095112556
-361.45373250673464
-357.61186673271374
-353.7688341023976
-353.7688341023976
-349.8179565218207
-345.8682082358515
-341.9196283802634
-337.97225790789355
-334.0261396945831
-330.0813186525614
-326.13784185188564
-322.1957586506075
-318.2551208344002
-314.3159827664511
-310.37840154850414
-306.4424371940221
-302.5081528145366
-298.5756148203618
-294.64489313696623
-290.7160614384328
-286.7891973995851
-282.86438296852594
-278.9417046615203
-275.02125388236436
-271.1031272686174
-267.1874270673371
-263.27426154325497
-259.3637454226631
-255.45600037666165
-251.55115554783902
-247.6493481249414
-243.75072397063133
-239.85543830805375
-235.96365647263016
-232.07555473630015
-228.19132121233847
-224.31115684991465
-220.43527652874565
-216.5639103625217
-212.69730477591003
-208.8357241963037
-204.97945262021048
-201.12879541874617
-197.28408134195422
-193.44566474726182
-189.6139280810074
-185.78928464617417
-181.97218169432665
-178.16310388539256
-174.36257716548457
-170.57117312057795
-166.78951387272232
-163.0182775957841
-159.25820473972902
-155.51010506643937
-151.77486561633583
-148.0534597439953
-144.3469573829151
-140.6565367250012
-136.98349752968915
-133.3292763112788
-129.69546369145124
-126.08382424728397
-122.49631923338626
-118.93513260960194
-115.40270086192851
-111.90174716160668
-108.43532046174244
-105.00684017572209
-101.62014710659861
-98.27956128550879
-94.98994730604736
-91.75678757545657
-88.58626359293808
-85.48534484211774
-82.46188405816534
-79.52471638614661
-76.68375815255826
-73.95009849034192
-71.33607378662447
-68.85531086327637
-66.52272017209127
-64.35441568640435
-62.36753475816509
-60.579930831188406
-59.00971700864569
-57.67465160360798
-56.59137944937293
-55.774573710576156
-55.23605680566194
-54.984006079116945
-55.02235847186724
-55.3505103258605
-55.963364150059626
-56.85171286309708
-58.00289974441594
-58.00289974441594
-58.00289974441594
-58.00289974441594
-58.00289974441594
-58.00289974441594
-58.00289974441594
-58.00289974441594
-58.00289974441594
-58.00289974441594
-58.00289974441594
