-392.80534292279424
-395.61961925039265
-398.442609061028
-401.2740675154425
-404.1137853368754
-406.9615277459106
-409.81712581593496
-412.680323892179
-415.5509628532706
-418.428826789886
-421.3137041940589
-424.20544930309933
-427.10385846797175
-430.0087333441987
-432.91993895214654
-435.8372847629643
-438.7606136665526
-441.68974183043645
-444.6245192747081
-447.5647994095281
-450.5104087054651
-453.46123735610803
-456.4171182023699
-459.3778860507089
-462.3434111430709
-465.313565511377
-468.2882540525616
-471.2673214947681
-474.25062049917335
-477.23806104121184
-480.2295010732264
-483.22479542692645
-486.2238639643664
-488.25033847838415
-488.25033847838415
-489.59910324977875
-490.96163354895504
-492.33780195973793
-493.72742153618213
-493.72742153618213
-493.5782385429473
-493.44530939427744
-493.32869502939064
-493.2283914262319
-493.1443925176379
-493.0767530583372
-493.0767530583372
-491.48593979439994
-489.90776622523674
-488.3423415615212
-486.78983379732955
-485.2504111020605
-483.7241840386981
-482.2113214384383
-480.7119921850989
-479.2263418086976
-477.7545057781527
-476.2966533315523
-474.8529307975024
-473.42347366734225
-472.0084287724133
-470.60795970027647
-469.22221334857755
-467.8513588063252
-466.4955368969093
-465.15489472176034
-463.8296007964056
-462.5197889031872
-461.2255988423916
-459.9472042316413
-458.6847511547167
-457.4383986868906
-457.4383986868906
-457.4383986868906
-453.8766205897737
-450.3146865113832
-446.75266170126775
-443.19058386758996
-439.6284792593509
-436.06644370998606
-432.5045181249502
-432.5045181249502
-428.5487535967324
-424.59232117391167
-420.6352441944124
-416.67757369131596
-412.71936177398663
-408.7606616810229
-404.80150120733407
-400.84193603330925
-396.8820156844557
-392.9217985104558
-388.96131768998214
-385.0006345449483
-381.03981199545467
-377.07891464501836
-373.1179747904506
-369.1570681467571
-369.1570681467571
-365.52467030283395
-361.9054637670693
-358.29989772570116
-354.70843766038644
-351.13156599947274
-347.5698098109853
-344.02369470785
-340.4937511608901
-336.9805434834201
-333.4846562569178
-330.0066816483941
-326.54727506775345
-326.54727506775345
-324.11909879319376
-324.11909879319376
-324.11909879319376
-324.11909879319376
-324.11909879319376
-324.11909879319376
-324.11909879319376
-328.0141541785131
-331.9079848325238
-335.80057295369875
-339.69190852526594
-343.5819463361193
-347.47071038059573
-351.3581489165878
-355.24425837989804
-359.12904183396824
-363.01247499823177
-366.8945268322871
-370.77519350918726
-374.6544576293789
-378.532308396611
-382.40872846025593
-386.28370684003374
-390.1572262367356
-394.02925546342476
-397.8997903453025
-401.76882656044893
-401.76882656044893
-405.0021089243929
-408.2393593162518
-411.48042165762695
-414.7251995376652
-417.97351005273003
-421.2252301621245
-424.48025189618636
-427.7384437692485
-430.99969286756266
-434.2638584840182
-437.53083378146687
-440.8005253376747
-444.07279014518673
-447.3475560171139
-450.62469503347586
-453.9041140162402
-457.185731689827
-460.46941757789847
-463.75509464074685
-467.0795105912431
-470.41444582256577
-473.7596781897311
-477.1149911015299
-480.48017337313485
-483.85501908219567
-487.2393274283958
-490.6329025964408
-494.0355536224402
-497.4470942636441
-500.8673428714874
-504.29612226789413
-507.7332596247905
-511.1785863467722
-514.6319379568697
-518.093153985354
-521.5620778615231
-525.0385568084088
-528.5224417403421
-532.0135871633161
-535.5118510780828
-539.0170948859226
-542.5291832970222
-546.0479842414013
-549.5733687823226
-553.1052110321266
-556.6433880704282
-560.1877798646152
-563.6999868867595
-567.2109708384729
-570.7207346993517
-574.2292388102555
-577.7364438447815
-581.2423307870207
-584.7468641049779
-588.2500253563778
-591.7517562754748
-595.2520619575856
-598.7508819741827
-602.2482448845043
-605.7440704575205
-609.2383443610929
-612.731050395787
-616.2221746194544
-619.7116583423622
-623.1994879680614
-626.6856498767107
-630.1700860626989
-633.6527832221244
-637.1337491083182
-640.6129493760909
-644.0903479653851
-647.5659319690769
-651.0396884255885
-654.5115394176146
-657.9815150090552
-661.4494732191746
-661.4494732191746
-661.4494732191746
-661.4494732191746
-660.9245889036221
-660.4077018823308
-659.898873656821
-659.3980792403603
-658.9053354199092
-658.4207023775917
-658.4207023775917
-656.449248900232
-654.4823563794183
-652.5201078356534
-650.5625617376946
-650.5625617376946
-647.4200671994607
-644.277137776073
-641.1337875457031
-637.990071281134
-634.8460500969514
-631.7017797109733
-631.7017797109733
-627.8664544170924
-624.0288455340944
-620.1889306660419
-616.3467536767258
-612.5023117918334
-608.6556291559805
-608.6556291559805
-604.7471242729969
-600.8418848443392
-596.9002137133219
-592.9593235255277
-589.0192066950189
-585.0799026233711
-581.1414278385977
-577.2037993162907
-573.267034494749
-569.3311512907169
-565.3961681157635
-561.4621038933354
-557.5289780765112
-553.5968106664934
-549.6656222318749
-545.7354339287135
-541.8062675214588
-537.8781454047694
-533.9510906262672
-530.0251269102744
-526.1002786825825
-522.1765710963062
-518.2540300588765
-514.3326822602315
-510.4125552022677
-506.4936772296155
-502.57607756180977
-498.6597863269273
-494.7448345967703
-490.8312544236774
-486.91907887904966
-483.0083420936847
-479.09907930001697
-475.1913268763691
-471.28512239332446
-467.3805046623401
-463.47751378672393
-459.5761912151111
-455.6765797975798
-451.77872384455884
-447.88266918868663
-443.98846324979337
-440.09615510318883
-436.24560501910827
-432.36095247366995
-428.5178593484157
-424.6413077884998
-420.767067310709
-416.89520234626184
-413.0655426753568
-409.2026802044642
-405.3822281034733
-401.528932348924
-397.7140610679093
-393.8705172364823
-390.0301196573841
-386.1929621919415
-382.39881269494776
-378.5729643153895
-374.7507528663693
-370.9718983538825
-367.16204003018487
-363.35626881618435
-359.55471449413614
-355.75751224668284
-351.96493228699006
-348.1769078375804
-344.3936765533126
-340.654814659424
-336.88685975483673
-333.12431598380994
-329.36736878941906
-325.6162118909727
-321.87104773273126
-318.13208796077646
-314.399553929992
-310.6736772432618
-306.9547100604636
-303.24289638804544
-299.5775930355186
-295.9272795724363
-295.9272795724363
-293.1615797880327
-290.4246353872017
-287.71726698803593
-285.040317347638
-282.39465152782435
-279.7811570079412
-277.20074373851327
-274.65434412906944
-274.65295962482236
-273.57405339178234
-272.56344333980155
-271.62189090118665
-270.75012299878176
-269.9488473415156
-269.21869023969026
-269.21869023969026
-269.21869023969026
-269.21869023969026
-269.21869023969026
-269.21869023969026
-269.21869023969026
-269.21869023969026
-269.21869023969026
-269.21869023969026
-268.1352853817381
-267.09125182749995
-266.08708306728835
-265.12323464934116
-264.2001838362704
-263.31835219713093
-262.4781890351405
-261.6800947665953
-260.9244875868065
-260.2117351372306
-260.2117351372306
-258.0711623791721
-255.96081765298018
-253.88148158794468
-251.83395085355755
-249.81905500062285
-247.83761664453746
-245.89047004833984
-243.97848150751835
-242.10249651263075
-240.2633921078238
-238.4620543909028
-236.6993670595163
-234.9762305021264
-233.29355223805447
-231.65223199819465
-230.05318348277953
-230.05318348277953
-230.05318348277953
-226.34930523201896
-222.64869159409804
-218.95155939632096
-215.25814172343098
-215.25814172343098
-211.29915495358605
-207.34076575178833
-203.38306589454157
-199.42617509653758
-195.470198819926
-191.51525988452727
-187.56148042720818
-183.60900420466686
-179.6579737023127
-175.70989201989548
-171.76272859502825
-171.76272859502825
-171.76272859502825
-171.76272859502825
-171.76272859502825
-171.76272859502825
-171.76272859502825
-171.76272859502825
-175.5987513511788
-179.44390392320815
-183.29755130423692
-187.15911562016004
-187.60432911475672
-191.52885421578162
-195.45278237094274
-199.37609349954133
-203.2987604008965
-207.22077585022066
-211.142113820134
-215.06274657643593
-218.98266817204825
-222.90184198893584
-226.8202532416726
-230.73787550395616
-234.65470399229972
-238.57071532271974
-242.48588380597525
-246.40019323815434
-250.31364234334637
-254.22618452385294
-258.1378160909748
-262.04853639281737
-265.9582962920308
-269.8670954058231
-273.774909137961
-277.68172205339266
-281.58753415440697
-285.4923210769838
-289.3960585085697
-293.298722183697
-297.20032154768757
-301.10080769509466
-305.00018119583115
-308.8984179741805
-312.79552770165947
-316.69146147376733
-320.5862201771888
-324.4797886296065
-328.37214283732595
-332.26329260217904
-336.15318022100763
-340.0418241949055
-343.92919195022273
-347.8152682063583
-351.70003758916965
-355.583501415192
-359.46561897276507
-363.3463916058976
-367.2257954042805
-371.1038064756074
-374.98041771926586
-378.85563064504385
-382.72941245501045
-386.60174799761876
-390.47262997136954
-394.3420343779017
-398.2099536814788
-402.0763731222073
-405.941275754911
-409.8046468821909
-413.6664529312268
-417.5266956009254
-421.38535083631496
-425.2424106644818
-429.09789290842934
-432.9517314057779
-436.8039179428867
-440.65445437360785
-444.5033323754046
-448.35052771636583
-452.19600567948106
-456.03976806264996
-459.8818168341233
-463.72211706074773
-467.56064437113326
-471.3974161798745
-475.23238174878077
-479.06555836910354
-482.89689516350677
-486.7264093048299
-490.5540762938263
-494.3798716811824
-498.2037860742616
-502.02580991221066
-505.84591857262535
-505.84591857262535
-505.84591857262535
-507.7584804470264
-509.68116812852804
-511.6138288692651
-513.5563251046094
-515.5085187295431
-517.4702331451324
-519.4413743546754
-521.4218087836356
-523.4113766620868
-525.4099461648022
-525.4099461648022
-525.931161598586
-526.466320109819
-527.015391825069
-527.5783028394598
-527.5783028394598
-526.5832342081382
-525.6010887377024
-524.6319631264195
-523.6759648054167
-522.733177186911
-521.8036947626844
-520.8876166261073
-519.9850300185078
-519.0959695298192
-518.220525783903
-517.3588461838526
-516.5109620764631
-515.6769612168847
-514.8569303392578
-514.0508968522186
-513.2590033462227
-512.4813289797189
-511.71790194824433
-510.9688577053268
-510.23422157521645
-509.514067993316
-508.80847809507253
-508.1175832408523
-507.441402659158
-506.7800059619334
-506.1334651244489
-505.5017910059044
-504.8851121930084
-504.28349925356486
-503.6970150946732
-503.125664205246
-502.56956944373053
-502.0287319634254
-501.50326920071575
-500.99324184769483
-500.49864586673385
-500.0195962469611
-499.5560844309061
-499.1082231186277
-498.6760002142916
-498.25946333867705
-497.85871977783836
-497.47375198751223
-497.10466292248003
-496.7514320216994
-496.41415851953326
-496.09281754149225
-496.09281754149225
-494.2721900967407
-492.46341112378667
-492.46341112378667
-489.43005761845114
-486.4000598006891
-483.37348165065845
-480.35045037279116
-477.33103443425887
-474.31542676366837
-471.3037004702598
-468.29599217398174
-468.29599217398174
-464.52220209869415
-460.74678305609126
-456.96981830052374
-453.19133024772765
-449.41128025354107
-445.6297214116911
-441.84667642957197
-438.06216805518085
-434.2762192406689
-430.48882258091794
-426.7000317120462
-422.9098395176239
-419.1182695564503
-419.1182695564503
-415.18109533109515
-411.24611329518
-407.31348008115157
-403.383295420506
-399.45569410647227
-395.5308154481164
-391.6088342496847
-387.68986940269747
-383.7740755402581
-379.86161301951205
-375.9526480811883
-372.0473226331015
-368.14584609056493
-364.24840417917966
-360.3551897919049
-356.46637284411815
-352.5423637888298
-348.62008181143307
-344.69958586837026
-340.78093760165433
-336.86420149181805
-332.9494450213107
-329.03673884917214
-325.12615699789336
-321.21777705345056
-317.3116803795957
-313.40795234758497
-309.50668258263903
-305.6079652285519
-301.71189923200257
-297.8185886482732
-293.92814297024637
-290.04067748273997
-286.1563136444432
-282.27517949994836
-278.3974101246277
-274.52314810538877
-270.6525440606595
-266.78575720330764
-262.92295595059437
-259.064318585704
-255.21003397588623
-251.36030235280165
-247.5153361612805
-243.67536098340446
-239.84061654560145
-236.011357817324
-232.18785621087216
-228.3704008930345
-224.55930022047832
-220.75488331223275
-216.95750177420706
-213.16753159248614
-209.38537521418027
-205.61146383690166
-201.8462599305346
-198.09024492316433
-194.34396758738046
-190.60800208701002
-186.88296685281324
-183.16952873753056
-179.46840762167483
-175.78038152393881
-172.10629227676313
-168.44705183504695
-164.8036492942272
-161.17715870302942
-157.56874776610906
-153.97968754251036
-150.4113632572679
-146.8652863553595
-143.34310793925513
-139.84663374296647
-136.37784080599434
-132.93889601874284
-129.5321767151713
-126.1602934863813
-122.82611537731147
-119.53279760343038
-116.28381187953866
-113.0829793809859
-109.9345062491131
-106.84302139542551
-103.81361613816213
-100.85188490341301
-97.96396582199043
-95.1565795343875
-92.437063864597
-89.81340123412657
-87.29424061161374
-84.8888793973652
-82.6072590356835
-80.45990705999236
-78.45784882013207
-76.61247573031946
-74.93536436316883
-74.93536436316883
-74.93536436316883
-74.93536436316883
-74.93536436316883
-74.93536436316883
-74.93536436316883
-74.93536436316883
-74.93536436316883
-74.93536436316883
-74.93536436316883
