62.75924301147461 452.7259826660156 0.773271918296814
65.55133819580078 455.4183044433594 0.7611456513404846
68.3758773803711 458.0765686035156 0.7490193843841553
71.23243713378906 460.7004089355469 0.7368931174278259
74.12060546875 463.2893981933594 0.7247668504714966
77.03995513916016 465.8431701660156 0.7126405835151672
79.99005889892578 468.3613586425781 0.7005143165588379
82.9704818725586 470.8435974121094 0.6883880496025085
85.98078155517578 473.2895202636719 0.6762617826461792
89.02052307128906 475.6987609863281 0.6641355156898499
92.0892562866211 478.0709533691406 0.6520092487335205
95.18653106689453 480.40576171875 0.6398829817771912
98.3118896484375 482.7028503417969 0.6277567148208618
101.4648666381836 484.96185302734375 0.6156304478645325
104.64500427246094 487.1824645996094 0.6035041809082031
107.85183715820312 489.3643493652344 0.5913779139518738
111.08489227294922 491.5072021484375 0.5792516469955444
114.34369659423828 493.6106872558594 0.5671253800392151
117.62776947021484 495.67449951171875 0.5549991130828857
120.9366226196289 497.6983337402344 0.5428728461265564
124.269775390625 499.681884765625 0.530746579170227
127.6267318725586 501.6248779296875 0.5186203122138977
131.0070037841797 503.52703857421875 0.5064940452575684
134.41009521484375 505.3880615234375 0.4943677484989166
137.8354949951172 507.2076721191406 0.4822414517402649
141.28271484375 508.9856262207031 0.47011515498161316
144.75123596191406 510.7216491699219 0.4579888582229614
148.2405548095703 512.4154663085938 0.4458625614643097
151.75015258789062 514.0668334960938 0.43373626470565796
155.27952575683594 515.675537109375 0.4216099679470062
158.82814025878906 517.2413330078125 0.4094836711883545
162.39547729492188 518.7639770507812 0.39735737442970276
165.98101806640625 520.2432861328125 0.385231077671051
169.58424377441406 521.678955078125 0.3731047809123993
173.20460510253906 523.0708618164062 0.36097848415374756
176.84158325195312 524.4187622070312 0.3488521873950958
176.84158325195312 524.4187622070312 -0.05114781856536865
180.7139434814453 524.1969604492188 -0.06327410787343979
184.58334350585938 523.92822265625 -0.07540039718151093
188.44918823242188 523.6126098632812 -0.08752668648958206
192.31092834472656 523.2501220703125 -0.0996529757976532
196.16798400878906 522.8408203125 -0.11177926510572433
200.01979064941406 522.3848266601562 -0.12390555441379547
203.86245727539062 521.8819580078125 -0.13635927438735962
203.86245727539062 521.8819580078125 -0.5363593101501465
207.18441772460938 519.8796997070312 -0.5484855771064758
210.4818572998047 517.8373413085938 -0.5606118440628052
213.75428771972656 515.755126953125 -0.5727381110191345
217.00123596191406 513.6333618164062 -0.5848643779754639
220.2222137451172 511.472412109375 -0.5969906449317932
223.416748046875 509.2725524902344 -0.6091169118881226
226.58438110351562 507.03411865234375 -0.6212431788444519
229.72463989257812 504.7574462890625 -0.6333694458007812
232.83705139160156 502.44287109375 -0.6454957127571106
235.92117309570312 500.0907287597656 -0.6576219797134399
238.97654724121094 497.70135498046875 -0.6697482466697693
242.00271606445312 495.2751159667969 -0.6818745136260986
244.99923706054688 492.8123474121094 -0.694000780582428
247.96568298339844 490.31341552734375 -0.7061270475387573
250.901611328125 487.7787170410156 -0.7182533144950867
253.80657958984375 485.2085876464844 -0.730379581451416
256.68017578125 482.6034240722656 -0.7425058484077454
259.52197265625 479.9635925292969 -0.7546321153640747
262.33154296875 477.2895202636719 -0.766758382320404
265.1084899902344 474.5815734863281 -0.7788846492767334
267.8523864746094 471.84014892578125 -0.7910109162330627
270.5628356933594 469.0656433105469 -0.8031371831893921
273.23944091796875 466.25848388671875 -0.8152634501457214
273.23944091796875 466.25848388671875 -1.2152634859085083
273.23944091796875 466.25848388671875 -1.6152634620666504
273.04351806640625 462.3847351074219 -1.6273897886276245
272.8006591796875 458.5136413574219 -1.6395161151885986
272.5108642578125 454.6457824707031 -1.6516424417495728
272.1741943359375 450.7817077636719 -1.6637687683105469
271.7906799316406 446.9219970703125 -1.675895094871521
271.36041259765625 443.0672302246094 -1.6880214214324951
270.8834228515625 439.21795654296875 -1.7001477479934692
270.35980224609375 435.374755859375 -1.7122740745544434
269.78961181640625 431.5381774902344 -1.7244004011154175
269.1729431152344 427.70880126953125 -1.7365267276763916
268.5098876953125 423.8871765136719 -1.7486530542373657
268.5098876953125 423.8871765136719 -2.148653030395508
266.3715515136719 420.651123046875 -2.1607792377471924
264.19415283203125 417.4412536621094 -2.172905445098877
261.97796630859375 414.2580261230469 -2.1850316524505615
259.7233581542969 411.1018981933594 -2.197157859802246
257.4306335449219 407.97332763671875 -2.2092840671539307
255.1001434326172 404.872802734375 -2.2214102745056152
252.73223876953125 401.8007507324219 -2.2335364818573
250.32725524902344 398.7576599121094 -2.2456626892089844
247.8855438232422 395.74395751953125 -2.257788896560669
245.407470703125 392.76007080078125 -2.2699151039123535
242.89340209960938 389.80645751953125 -2.282041311264038
240.3437042236328 386.883544921875 -2.2941675186157227
237.7587432861328 383.99176025390625 -2.3062937259674072
235.13890075683594 381.13153076171875 -2.318419933319092
232.4845733642578 378.30328369140625 -2.3305461406707764
229.796142578125 375.5074462890625 -2.342672348022461
227.07400512695312 372.7444152832031 -2.3547985553741455
224.31857299804688 370.01458740234375 -2.36692476272583
221.53024291992188 367.318359375 -2.3790509700775146
218.7094268798828 364.6561584472656 -2.391177177429199
215.85653686523438 362.0283508300781 -2.403303384780884
212.97198486328125 359.4353332519531 -2.4154295921325684
210.0561981201172 356.8774719238281 -2.427555799484253
207.109619140625 354.35516357421875 -2.4396820068359375
204.13265991210938 351.8687744140625 -2.451808214187622
201.1257781982422 349.4186706542969 -2.4639344215393066
198.0894012451172 347.00518798828125 -2.476060628890991
195.02398681640625 344.62872314453125 -2.488186836242676
195.02398681640625 344.62872314453125 -2.8881869316101074
191.1517333984375 343.62591552734375 -2.8881869316101074
191.1517333984375 343.62591552734375 -2.8881869316101074
191.1517333984375 343.62591552734375 2.9949982166290283
191.1517333984375 343.62591552734375 2.5949981212615967
191.1517333984375 343.62591552734375 2.194998025894165
191.1517333984375 343.62591552734375 1.794998049736023
191.1517333984375 343.62591552734375 1.3949980735778809
191.1517333984375 343.62591552734375 0.9949980974197388
193.3297576904297 346.98095703125 0.9949980974197388
195.46142578125 350.2214050292969 0.9828718304634094
197.63223266601562 353.4357604980469 0.9707455635070801
199.8418426513672 356.6235656738281 0.9586192965507507
202.08995056152344 359.7843322753906 0.9464930295944214
204.376220703125 362.9176025390625 0.934366762638092
206.7003173828125 366.0229187011719 0.9222404956817627
209.06190490722656 369.0998229980469 0.9101142287254333
211.4606170654297 372.1478576660156 0.897987961769104
213.8961181640625 375.1665954589844 0.8858616948127747
216.3680419921875 378.15557861328125 0.8737354278564453
218.87603759765625 381.1143493652344 0.861609160900116
221.4197235107422 384.0425109863281 0.8494828939437866
223.9987335205078 386.9396057128906 0.8373566269874573
226.61268615722656 389.8052062988281 0.8252303600311279
229.2611846923828 392.638916015625 0.8131040930747986
231.94384765625 395.4403076171875 0.8009778261184692
234.66029357910156 398.2089538574219 0.7888515591621399
237.4101104736328 400.9444580078125 0.7767252922058105
240.19288635253906 403.64642333984375 0.7645990252494812
243.0082244873047 406.3144226074219 0.7524727582931519
245.855712890625 408.9480895996094 0.7403464913368225
245.855712890625 408.9480895996094 0.34034693241119385
249.6262664794922 410.2833557128906 0.34034693241119385
253.39682006835938 411.6186218261719 0.34034693241119385
257.1673889160156 412.9538879394531 0.34034693241119385
260.9379577636719 414.2891540527344 0.34034693241119385
264.7085266113281 415.6244201660156 0.34034693241119385
268.4790954589844 416.9596862792969 0.34034693241119385
272.2496643066406 418.2949523925781 0.34034693241119385
276.0202331542969 419.6302185058594 0.34034693241119385
279.7908020019531 420.9654846191406 0.34034693241119385
283.5613708496094 422.3007507324219 0.34034693241119385
287.3319396972656 423.6360168457031 0.34034693241119385
291.1025085449219 424.9712829589844 0.34034693241119385
294.8730773925781 426.3065490722656 0.34034693241119385
298.6436462402344 427.6418151855469 0.34034693241119385
302.4142150878906 428.9770812988281 0.34034693241119385
306.1847839355469 430.3123474121094 0.34034693241119385
309.9553527832031 431.6476135253906 0.34034693241119385
313.7259216308594 432.9828796386719 0.34034693241119385
317.4964904785156 434.3181457519531 0.34034693241119385
321.2670593261719 435.6534118652344 0.34034693241119385
325.0376281738281 436.9886779785156 0.34034693241119385
328.8081970214844 438.3239440917969 0.34034693241119385
332.5787658691406 439.6592102050781 0.34034693241119385
336.3493347167969 440.9944763183594 0.34034693241119385
340.1199035644531 442.3297424316406 0.34034693241119385
343.8904724121094 443.6650085449219 0.34034693241119385
347.6610412597656 445.0002746582031 0.34034693241119385
351.4316101074219 446.3355407714844 0.34034693241119385
355.2021789550781 447.6708068847656 0.34034693241119385
358.9727478027344 449.0060729980469 0.34034693241119385
362.7433166503906 450.3413391113281 0.34034693241119385
366.5138854980469 451.6766052246094 0.34034693241119385
370.2844543457031 453.0118713378906 0.34034693241119385
374.0550231933594 454.3471374511719 0.34034693241119385
377.8255920410156 455.6824035644531 0.34034693241119385
381.5961608886719 457.0176696777344 0.34034693241119385
385.3667297363281 458.3529357910156 0.34034693241119385
389.1372985839844 459.6882019042969 0.34034693241119385
392.9078674316406 461.0234680175781 0.34034693241119385
396.6784362792969 462.3587341308594 0.34034693241119385
400.4490051269531 463.6940002441406 0.34034693241119385
404.2195739746094 465.0292663574219 0.34034693241119385
407.9901428222656 466.3645324707031 0.34034693241119385
411.7607116699219 467.6997985839844 0.34034693241119385
415.5312805175781 469.0350646972656 0.34034693241119385
419.3018493652344 470.3703308105469 0.34034693241119385
423.0724182128906 471.7055969238281 0.34034693241119385
426.8429870605469 473.0408630371094 0.34034693241119385
430.6135559082031 474.3761291503906 0.34034693241119385
434.3841247558594 475.7113952636719 0.34034693241119385
438.1546936035156 477.0466613769531 0.34034693241119385
441.9252624511719 478.3819274902344 0.34034693241119385
445.6958312988281 479.7171936035156 0.34034693241119385
449.3598327636719 480.9897766113281 0.3282206356525421
453.03900146484375 482.21783447265625 0.3160943388938904
456.7327880859375 483.40118408203125 0.30396804213523865
460.4406433105469 484.5396423339844 0.2918417453765869
464.16204833984375 485.633056640625 0.2797154486179352
467.89642333984375 486.6812744140625 0.26758915185928345
471.64324951171875 487.68414306640625 0.2554628551006317
475.4019470214844 488.6415100097656 0.24333655834197998
479.1719970703125 489.55322265625 0.23121026158332825
482.95281982421875 490.4191589355469 0.2190839648246765
486.7438659667969 491.2391662597656 0.20695766806602478
490.5445861816406 492.0131530761719 0.19483137130737305
494.3544006347656 492.7409973144531 0.1827050745487213
498.1727600097656 493.4225769042969 0.17057877779006958
498.1727600097656 493.4225769042969 -0.22942116856575012
501.9444274902344 492.5176086425781 -0.24154746532440186
501.9444274902344 492.5176086425781 -0.641547441482544
505.0378112792969 490.1776428222656 -0.6536737084388733
508.10260009765625 487.80035400390625 -0.6657999753952026
511.1383361816406 485.3860778808594 -0.677926242351532
514.1445922851562 482.9351501464844 -0.6900525093078613
517.120849609375 480.4479675292969 -0.7021787762641907
520.0667724609375 477.92486572265625 -0.71430504322052
522.9818725585938 475.3662414550781 -0.7264313101768494
525.86572265625 472.7724304199219 -0.7385575771331787
528.7178955078125 470.14385986328125 -0.7506838440895081
531.5380249023438 467.48089599609375 -0.7628101110458374
534.3256225585938 464.783935546875 -0.7749363780021667
537.080322265625 462.0533752441406 -0.7870626449584961
537.0803833007812 462.05328369140625 -1.1870505809783936
537.0803833007812 462.05328369140625 -1.5870505571365356
537.0803833007812 462.05328369140625 -1.9870505332946777
537.0803833007812 462.05328369140625 -2.3870506286621094
534.2383422851562 459.4137268066406 -2.399176836013794
531.364501953125 456.8088073730469 -2.4113030433654785
528.4592895507812 454.23895263671875 -2.423429250717163
525.5231323242188 451.7044982910156 -2.4355554580688477
522.5564575195312 449.2058410644531 -2.4476816654205322
519.4814453125 446.64764404296875 -2.4476816654205322
516.4846801757812 444.1851501464844 -2.459807872772217
513.37890625 441.6644287109375 -2.459807872772217
510.3525085449219 439.2384338378906 -2.4719340801239014
507.29693603515625 436.8493347167969 -2.484060287475586
504.2126159667969 434.4974670410156 -2.4961864948272705
501.1000061035156 432.18316650390625 -2.508312702178955
497.9595642089844 429.9067687988281 -2.5204389095306396
494.791748046875 427.66864013671875 -2.532565116882324
491.5970153808594 425.4690856933594 -2.544691324234009
488.3758544921875 423.30841064453125 -2.5568175315856934
485.12872314453125 421.18695068359375 -2.568943738937378
481.8561096191406 419.10504150390625 -2.5810699462890625
478.5584716796875 417.0629577636719 -2.593196153640747
475.236328125 415.0610046386719 -2.6053223609924316
471.7978515625 413.01727294921875 -2.6053223609924316
468.359375 410.9735412597656 -2.6053223609924316
465.0132141113281 409.01202392578125 -2.617448568344116
461.5502014160156 407.0101318359375 -2.617448568344116
458.18048095703125 405.0893249511719 -2.6295735836029053
454.6934509277344 403.12957763671875 -2.6295735836029053
451.2064208984375 401.1698303222656 -2.6295735836029053
447.7193908691406 399.2100830078125 -2.6295735836029053
444.23236083984375 397.2503356933594 -2.6295735836029053
440.7453308105469 395.29058837890625 -2.6295735836029053
437.25830078125 393.3308410644531 -2.6295735836029053
433.7712707519531 391.37109375 -2.6295735836029053
430.28424072265625 389.4113464355469 -2.6295735836029053
426.7972106933594 387.45159912109375 -2.6295735836029053
423.3101806640625 385.4918518066406 -2.6295735836029053
419.91741943359375 383.612060546875 -2.64169979095459
416.4068908691406 381.6947326660156 -2.64169979095459
412.8963623046875 379.77740478515625 -2.64169979095459
409.3858337402344 377.8600769042969 -2.64169979095459
405.8854064941406 375.9512023925781 -2.6429903507232666
402.3724060058594 374.0384216308594 -2.6429903507232666
398.8594055175781 372.1256408691406 -2.6429903507232666
395.3464050292969 370.2128601074219 -2.6429903507232666
391.9287414550781 368.3787536621094 -2.655116558074951
388.3927917480469 366.5086975097656 -2.655116558074951
384.8568420410156 364.6386413574219 -2.655116558074951
381.3208923339844 362.7685852050781 -2.655116558074951
377.7849426269531 360.8985290527344 -2.655116558074951
374.2489929199219 359.0284729003906 -2.655116558074951
370.7130432128906 357.1584167480469 -2.655116558074951
367.1770935058594 355.2883605957031 -2.655116558074951
363.6411437988281 353.4183044433594 -2.655116558074951
360.1051940917969 351.5482482910156 -2.655116558074951
356.5692443847656 349.6781921386719 -2.655116558074951
353.0332946777344 347.8081359863281 -2.655116558074951
349.4973449707031 345.9380798339844 -2.655116558074951
345.9613952636719 344.0680236816406 -2.655116558074951
342.4254455566406 342.1979675292969 -2.655116558074951
338.8894958496094 340.3279113769531 -2.655116558074951
335.3535461425781 338.4578552246094 -2.655116558074951
331.8175964355469 336.5877990722656 -2.655116558074951
328.2816467285156 334.7177429199219 -2.655116558074951
324.7456970214844 332.8476867675781 -2.655116558074951
321.2097473144531 330.9776306152344 -2.655116558074951
317.6737976074219 329.1075744628906 -2.655116558074951
314.1378479003906 327.2375183105469 -2.655116558074951
310.6018981933594 325.3674621582031 -2.655116558074951
307.0659484863281 323.4974060058594 -2.655116558074951
303.5299987792969 321.6273498535156 -2.655116558074951
299.9940490722656 319.7572937011719 -2.655116558074951
296.4580993652344 317.8872375488281 -2.655116558074951
292.9221496582031 316.0171813964844 -2.655116558074951
289.3861999511719 314.1471252441406 -2.655116558074951
285.8502502441406 312.2770690917969 -2.655116558074951
282.3143005371094 310.4070129394531 -2.655116558074951
278.7783508300781 308.5369567871094 -2.655116558074951
275.2424011230469 306.6669006347656 -2.655116558074951
271.7064514160156 304.7968444824219 -2.655116558074951
268.1705017089844 302.9267883300781 -2.655116558074951
264.6345520019531 301.0567321777344 -2.655116558074951
261.0986022949219 299.1866760253906 -2.655116558074951
257.5626525878906 297.3166198730469 -2.655116558074951
254.02670288085938 295.4465637207031 -2.655116558074951
250.49075317382812 293.5765075683594 -2.655116558074951
247.05108642578125 291.7839660644531 -2.6672427654266357
247.05108642578125 291.7839660644531 -3.0672428607940674
243.0621337890625 291.4868469238281 -3.0672428607940674
239.07318115234375 291.1897277832031 -3.0672428607940674
235.084228515625 290.8926086425781 -3.0672428607940674
231.09527587890625 290.5954895019531 -3.0672428607940674
227.1063232421875 290.2983703613281 -3.0672428607940674
223.11737060546875 290.0012512207031 -3.0672428607940674
219.12841796875 289.7041320800781 -3.0672428607940674
219.12841796875 289.7041320800781 2.8159422874450684
215.46115112304688 290.96728515625 2.803816080093384
211.80946350097656 292.2748107910156 2.791689872741699
208.1739044189453 293.62652587890625 2.7795636653900146
204.5550079345703 295.022216796875 2.76743745803833
200.9533233642578 296.4617004394531 2.755308151245117
197.35760498046875 297.9471435546875 2.7443573474884033
197.35733032226562 297.94732666015625 2.3443901538848877
197.35733032226562 297.94732666015625 1.9443901777267456
197.35733032226562 297.94732666015625 1.5443902015686035
197.35733032226562 297.94732666015625 1.1443902254104614
197.35733032226562 297.94732666015625 0.7443902492523193
197.35733032226562 297.94732666015625 0.34439024329185486
197.35733032226562 297.94732666015625 -0.05560976266860962
197.35733032226562 297.94732666015625 -0.4556097686290741
197.35733032226562 297.94732666015625 -0.8556097745895386
199.88302612304688 295.0036315917969 -0.8677360415458679
202.3728485107422 292.029541015625 -0.8798623085021973
204.826416015625 289.0254821777344 -0.8919885754585266
207.24337768554688 285.99188232421875 -0.904114842414856
209.62338256835938 282.92919921875 -0.9162411093711853
211.966064453125 279.837890625 -0.9283673763275146
214.27108764648438 276.7183837890625 -0.940493643283844
216.53811645507812 273.5711669921875 -0.9526199102401733
218.76681518554688 270.3966979980469 -0.9647461771965027
218.76681518554688 270.3966979980469 -1.3647462129592896
219.537353515625 266.59527587890625 -1.3768725395202637
220.26173400878906 262.7847900390625 -1.3889988660812378
220.93984985351562 258.9658203125 -1.401125192642212
221.5716094970703 255.13890075683594 -1.413251519203186
222.15692138671875 251.3046112060547 -1.4253778457641602
222.69569396972656 247.4635009765625 -1.4375041723251343
223.18785095214844 243.6161346435547 -1.4496304988861084
223.63331604003906 239.76309204101562 -1.4617568254470825
224.0320281982422 235.90492248535156 -1.4738826751708984
224.40110778808594 231.983642578125 -1.4800209999084473
224.7292938232422 228.11883544921875 -1.4921473264694214
225.01058959960938 224.25033569335938 -1.5042736530303955
225.2449493408203 220.3787078857422 -1.5163999795913696
225.43234252929688 216.5045166015625 -1.5285263061523438
225.43234252929688 216.5045166015625 -1.9285262823104858
224.03175354003906 212.7577362060547 -1.9285262823104858
222.63116455078125 209.01095581054688 -1.9285262823104858
221.3838653564453 206.02777099609375 -2.00510311126709
219.70074462890625 202.3991241455078 -2.00510311126709
218.0176239013672 198.77047729492188 -2.00510311126709
216.33450317382812 195.14183044433594 -2.00510311126709
216.33450317382812 195.14183044433594 -2.4051032066345215
213.44528198242188 192.5540008544922 -2.417229413986206
210.52490234375 190.00140380859375 -2.4293556213378906
207.5737762451172 187.48440551757812 -2.441481828689575
204.59234619140625 185.0033721923828 -2.4536080360412598
204.59234619140625 185.0033721923828 -2.8536081314086914
204.59234619140625 185.0033721923828 3.0295770168304443
204.59234619140625 185.0033721923828 2.6295769214630127
204.59234619140625 185.0033721923828 2.229576826095581
204.59234619140625 185.0033721923828 1.829576849937439
204.59234619140625 185.0033721923828 1.4295768737792969
204.59234619140625 185.0033721923828 1.0295768976211548
206.61070251464844 188.31556701660156 1.0174505710601807
208.66908264160156 191.60304260253906 1.0053242444992065
210.7671661376953 194.8653106689453 0.9931979775428772
212.9046630859375 198.10189819335938 0.9810717105865479
212.9046630859375 198.10189819335938 0.5810717344284058
216.15963745117188 200.2113037109375 0.5689454674720764
219.43994140625 202.2810821533203 0.5568192005157471
222.74510192871094 204.31092834472656 0.5446929335594177
226.0746307373047 206.30055236816406 0.5325666666030884
229.4280548095703 208.24966430664062 0.520440399646759
232.8048553466797 210.157958984375 0.5083141326904297
236.20455932617188 212.02517700195312 0.49618783593177795
239.62664794921875 213.8510284423828 0.4840615391731262
243.07061767578125 215.63525390625 0.4719352424144745
246.53598022460938 217.37757873535156 0.45980894565582275
246.53598022460938 217.37757873535156 0.059808939695358276
250.40908813476562 217.5859375 0.04768265038728714
254.28443908691406 217.747314453125 0.035556361079216
258.1614685058594 217.8616943359375 0.023430069908499718
262.03961181640625 217.92904663085938 0.011303778737783432
265.91827392578125 217.94937133789062 -0.0008225124329328537
269.7969055175781 217.92266845703125 -0.01294880360364914
273.6749267578125 217.84893798828125 -0.025075094774365425
277.5517578125 217.72817993164062 -0.03720138594508171
281.4268493652344 217.5604248046875 -0.049327678978443146
285.29962158203125 217.34568786621094 -0.06145396828651428
289.16949462890625 217.08399963378906 -0.07358025759458542
293.0359191894531 216.77540588378906 -0.08570654690265656
296.8983154296875 216.41995239257812 -0.09783283621072769
300.756103515625 216.0177001953125 -0.10995912551879883
304.6087341308594 215.56869506835938 -0.12208541482686996
308.4556579589844 215.072998046875 -0.1342117041349411
312.2962646484375 214.53070068359375 -0.14633800089359283
316.1300354003906 213.94186401367188 -0.15846429765224457
319.95635986328125 213.30657958984375 -0.1705905944108963
323.77471923828125 212.6249542236328 -0.18271689116954803
327.58453369140625 211.89707946777344 -0.19484318792819977
331.3852233886719 211.123046875 -0.2069694846868515
335.17626953125 210.30299377441406 -0.21909578144550323
338.95709228515625 209.43702697753906 -0.23122207820415497
342.72711181640625 208.52528381347656 -0.2433483749628067
346.4858093261719 207.56788635253906 -0.25547465682029724
350.2326354980469 206.5649871826172 -0.267600953578949
353.9670104980469 205.5167236328125 -0.2797272503376007
357.6883850097656 204.42324829101562 -0.29185354709625244
361.396240234375 203.28472900390625 -0.3039798438549042
365.09002685546875 202.10133361816406 -0.3161061406135559
368.7691955566406 200.87322998046875 -0.32823243737220764
372.4331970214844 199.60061645507812 -0.3403587341308594
376.08148193359375 198.28366088867188 -0.3524850308895111
379.7135314941406 196.9225616455078 -0.36461132764816284
383.3288269042969 195.51751708984375 -0.3767376244068146
386.92681884765625 194.06874084472656 -0.3888639211654663
390.5069580078125 192.57644653320312 -0.40099021792411804
394.0687561035156 191.0408477783203 -0.4131165146827698
397.6116638183594 189.46217346191406 -0.4252428114414215
401.1351623535156 187.8406524658203 -0.43736910820007324
404.63873291015625 186.176513671875 -0.449495404958725
408.12188720703125 184.4700164794922 -0.4616217017173767
411.5840759277344 182.72140502929688 -0.47374799847602844
415.0248107910156 180.93093872070312 -0.4858742952346802
418.4435729980469 179.09889221191406 -0.4980005919933319
421.8398742675781 177.22552490234375 -0.5101268887519836
425.2132263183594 175.3111114501953 -0.522253155708313
428.5631103515625 173.35592651367188 -0.5343794226646423
431.8890380859375 171.3602752685547 -0.5465056896209717
435.1905212402344 169.32443237304688 -0.558631956577301
438.4670715332031 167.2487030029297 -0.5707582235336304
441.71820068359375 165.13339233398438 -0.5828844904899597
444.9434509277344 162.97882080078125 -0.5950107574462891
448.142333984375 160.78529357910156 -0.6071370244026184
451.31439208984375 158.5531463623047 -0.6192632913589478
454.4591369628906 156.28269958496094 -0.6313895583152771
457.5761413574219 153.9742889404297 -0.6435158252716064
460.6649169921875 151.6282501220703 -0.6556420922279358
463.7250061035156 149.2449188232422 -0.6677683591842651
466.7559814453125 146.8246612548828 -0.6798946261405945
469.75738525390625 144.36782836914062 -0.6920208930969238
472.728759765625 141.87478637695312 -0.7041471600532532
475.6697082519531 139.34588623046875 -0.7162734270095825
478.57977294921875 136.78150939941406 -0.7283996939659119
481.4585266113281 134.18203735351562 -0.7405259609222412
484.3055419921875 131.5478515625 -0.7526522278785706
487.1203918457031 128.87933349609375 -0.7647784948348999
489.9026794433594 126.1768798828125 -0.7769047617912292
492.6520080566406 123.44088745117188 -0.7890310287475586
495.3679504394531 120.67176055908203 -0.8011572957038879
498.05010986328125 117.86990356445312 -0.8132835626602173
500.6980895996094 115.03572845458984 -0.8254098296165466
503.3115234375 112.1696548461914 -0.837536096572876
505.8900146484375 109.2720947265625 -0.8496623635292053
508.43316650390625 106.3434829711914 -0.8617886304855347
510.94061279296875 103.38424682617188 -0.873914897441864
513.4119873046875 100.39482879638672 -0.8860411643981934
515.846923828125 97.37565612792969 -0.8981674313545227
518.2451171875 94.32717895507812 -0.910293698310852
520.6061401367188 91.24984741210938 -0.9224199652671814
522.9296875 88.14411163330078 -0.9345462322235107
525.2153930664062 85.01042938232422 -0.9466724991798401
527.4629516601562 81.8492660522461 -0.9587987661361694
529.6719970703125 78.66107940673828 -0.9709250330924988
531.8422241210938 75.44634246826172 -0.9830513000488281
533.9733276367188 72.20552062988281 -0.9951775670051575
536.06494140625 68.93909454345703 -1.0073038339614868
538.1168212890625 65.64755249023438 -1.019430160522461
540.1286010742188 62.33136749267578 -1.031556487083435
542.1000366210938 58.991031646728516 -1.0436828136444092
544.0308227539062 55.627037048339844 -1.0558091402053833
545.920654296875 52.23987579345703 -1.0679354667663574
547.769287109375 48.830047607421875 -1.0800617933273315
549.5764770507812 45.39805221557617 -1.0921881198883057
551.3419189453125 41.94439697265625 -1.1043144464492798
553.0653076171875 38.46958923339844 -1.116440773010254
553.22412109375 37.92327880859375 -1.4592678546905518
553.22412109375 37.92327880859375 -1.8592678308486938
553.22412109375 37.92327880859375 -2.259267807006836
553.22412109375 37.92327880859375 -2.6592679023742676
553.22412109375 37.92327880859375 -3.059267997741699
553.22412109375 37.92327880859375 2.8239171504974365
549.546875 39.15715026855469 2.811790943145752
545.8848876953125 40.43552017211914 2.7996647357940674
542.2386474609375 41.758201599121094 2.787538528442383
538.6087036132812 43.125 2.7754123210906982
534.99560546875 44.53571319580078 2.7632861137390137
531.39990234375 45.990135192871094 2.751159906387329
527.8220825195312 47.4880485534668 2.7390336990356445
524.2626953125 49.02923583984375 2.72690749168396
520.7222900390625 50.61347198486328 2.7147812843322754
517.2013549804688 52.24052047729492 2.702655076980591
513.7003784179688 53.9101448059082 2.6905288696289062
510.21990966796875 55.622100830078125 2.6784026622772217
506.7604675292969 57.37613296508789 2.666276454925537
503.3225402832031 59.1719856262207 2.6541502475738525
499.9066467285156 61.009395599365234 2.642024040222168
496.5132751464844 62.888092041015625 2.6298978328704834
493.1429443359375 64.80779266357422 2.617771625518799
489.796142578125 66.76822662353516 2.6056454181671143
486.4733581542969 68.76909637451172 2.5935192108154297
483.1750793457031 70.81011199951172 2.581393003463745
479.90179443359375 72.8909683227539 2.5692667961120605
476.6539611816406 75.01136779785156 2.557140588760376
473.4320983886719 77.17098999023438 2.5450143814086914
470.2366638183594 79.36952209472656 2.532888174057007
467.068115234375 81.60664367675781 2.5207619667053223
463.9269104003906 83.88201904296875 2.5086357593536377
460.81353759765625 86.19532012939453 2.496509552001953
457.72845458984375 88.54620361328125 2.4843833446502686
454.6720886230469 90.934326171875 2.472257137298584
451.6449279785156 93.35932922363281 2.4601309299468994
448.6473693847656 95.82086181640625 2.448004722595215
445.6799011230469 98.31856536865234 2.4358785152435303
442.742919921875 100.85206604003906 2.4237523078918457
439.8368835449219 103.42098999023438 2.411626100540161
436.96221923828125 106.02496337890625 2.3994998931884766
434.11932373046875 108.66360473632812 2.387373685836792
431.30865478515625 111.3365249633789 2.3752474784851074
428.5306091308594 114.0433349609375 2.363121271133423
425.78558349609375 116.78363037109375 2.3509950637817383
423.073974609375 119.5570068359375 2.3388688564300537
420.3962097167969 122.3630599975586 2.326742649078369
417.7526550292969 125.20137786865234 2.3146164417266846
415.1437072753906 128.07154846191406 2.302490234375
412.56976318359375 130.97314453125 2.2903640270233154
410.03118896484375 133.90573120117188 2.278237819671631
407.52838134765625 136.86888122558594 2.2661116123199463
405.0616760253906 139.86216735839844 2.2539854049682617
402.6314392089844 142.88514709472656 2.241859197616577
400.238037109375 145.9373779296875 2.2297329902648926
397.8818359375 149.01840209960938 2.217606782913208
395.56317138671875 152.12777709960938 2.2054805755615234
393.2823791503906 155.26502990722656 2.193354368209839
391.039794921875 158.42971801757812 2.1812281608581543
388.83575439453125 161.62135314941406 2.1691019535064697
386.6705627441406 164.83949279785156 2.156975746154785
384.5445556640625 168.08364868164062 2.1448495388031006
382.4580383300781 171.3533477783203 2.132723331451416
380.41131591796875 174.64810180664062 2.1205971240997314
378.40472412109375 177.96743774414062 2.108470916748047
376.4385070800781 181.31085205078125 2.0963447093963623
374.5129699707031 184.67787170410156 2.0842185020446777
372.62841796875 188.0679931640625 2.072092294692993
370.7851257324219 191.480712890625 2.0599660873413086
368.98333740234375 194.91552734375 2.047839879989624
367.22332763671875 198.3719482421875 2.0357136726379395
365.50537109375 201.84945678710938 2.023587465286255
365.50537109375 201.84945678710938 1.6235874891281128
365.3241882324219 205.72393798828125 1.6114611625671387
365.19000244140625 209.60032653808594 1.5993348360061646
365.10284423828125 213.47805786132812 1.5872085094451904
365.0627136230469 217.3565673828125 1.5750821828842163
365.0696105957031 221.2352752685547 1.5629558563232422
365.12353515625 225.11361694335938 1.550829529762268
365.2244873046875 228.9910125732422 1.538703203201294
365.3724365234375 232.8668975830078 1.5265768766403198
365.5673828125 236.74070739746094 1.5144505500793457
365.5673828125 236.74070739746094 1.1144505739212036
367.2976989746094 240.2120819091797 1.1023242473602295
369.0699768066406 243.66221618652344 1.0901979207992554
370.88397216796875 247.09060668945312 1.0780715942382812
372.7394104003906 250.4967498779297 1.0659452676773071
374.6360168457031 253.88014221191406 1.053818941116333
376.573486328125 257.24029541015625 1.0416926145553589
378.55157470703125 260.5766906738281 1.0295662879943848
378.55157470703125 260.5766906738281 0.6295663118362427
381.7004699707031 262.8414001464844 0.6174400448799133
384.8765869140625 265.0677490234375 0.605313777923584
388.0794677734375 267.25543212890625 0.5931875109672546
391.30865478515625 269.40411376953125 0.5810612440109253
394.56365966796875 271.51348876953125 0.568934977054596
397.843994140625 273.583251953125 0.5568087100982666
401.149169921875 275.6130676269531 0.5446824431419373
404.4787292480469 277.6026611328125 0.5325561761856079
407.8321533203125 279.5517272949219 0.5204299092292786
411.208984375 281.4599914550781 0.5083036422729492
414.60870361328125 283.3271789550781 0.4961773455142975
418.03082275390625 285.1529846191406 0.48405104875564575
421.4748229980469 286.9371643066406 0.471924751996994
424.940185546875 288.679443359375 0.4597984552383423
428.4264221191406 290.37957763671875 0.44767215847969055
431.93304443359375 292.0373229980469 0.4355458617210388
435.4595031738281 293.6524353027344 0.4234195649623871
439.0052795410156 295.2246398925781 0.41129326820373535
442.5698547363281 296.7537536621094 0.3991669714450836
446.1527099609375 298.2395324707031 0.3870406746864319
449.7533264160156 299.6817321777344 0.37491437792778015
453.37115478515625 301.0801696777344 0.3627880811691284
457.00567626953125 302.43463134765625 0.3506617844104767
460.6563720703125 303.74493408203125 0.33853548765182495
464.32269287109375 305.0108642578125 0.3264091908931732
468.00408935546875 306.23223876953125 0.3142828941345215
471.70001220703125 307.4089050292969 0.30215659737586975
475.4099426269531 308.5406494140625 0.290030300617218
479.1333312988281 309.6273193359375 0.2779040038585663
482.8695983886719 310.66876220703125 0.26577770709991455
486.61822509765625 311.6648254394531 0.2536514103412628
490.378662109375 312.6153564453125 0.24152511358261108
494.1503601074219 313.5202331542969 0.22939881682395935
497.9327392578125 314.3793029785156 0.21727252006530762
501.7252502441406 315.19244384765625 0.20514622330665588
501.7252502441406 315.19244384765625 -0.1948537826538086
501.7252502441406 315.19244384765625 -0.5948537588119507
504.9244689941406 312.9994201660156 -0.60698002576828
508.09686279296875 310.76776123046875 -0.6191062927246094
511.2419738769531 308.497802734375 -0.6312325596809387
514.3593139648438 306.18988037109375 -0.6433588266372681
517.4484252929688 303.8443298339844 -0.6554850935935974
520.5089111328125 301.46148681640625 -0.6676113605499268
523.540283203125 299.0417175292969 -0.6797376275062561
526.5420532226562 296.5853576660156 -0.6918638944625854
529.5138549804688 294.0927734375 -0.7039901614189148
532.4552001953125 291.5643310546875 -0.7161164283752441
535.3656616210938 289.00042724609375 -0.7282426953315735
538.2448120117188 286.4013977050781 -0.7403691411018372
538.2448120117188 286.4013977050781 -1.140369176864624
539.8418579101562 282.8667297363281 -1.1524955034255981
541.3959350585938 279.3129577636719 -1.1646218299865723
542.9067993164062 275.7406005859375 -1.1767481565475464
544.3742065429688 272.1501770019531 -1.1888744831085205
545.7979736328125 268.542236328125 -1.2010008096694946
547.1778564453125 264.91729736328125 -1.2131271362304688
548.5137329101562 261.27587890625 -1.2252534627914429
549.8053588867188 257.6185302734375 -1.237379789352417
551.052490234375 253.94578552246094 -1.2495061159133911
551.052490234375 253.94578552246094 -1.6495060920715332
550.7240600585938 250.08099365234375 -1.6616324186325073
550.3488159179688 246.22047424316406 -1.6737587451934814
549.9267578125 242.3647918701172 -1.6858850717544556
549.4580078125 238.51451110839844 -1.6980113983154297
548.9425659179688 234.67019653320312 -1.7101377248764038
548.3805541992188 230.83241271972656 -1.722264051437378
547.7720336914062 227.00172424316406 -1.734390377998352
547.1171264648438 223.17869567871094 -1.7465167045593262
546.4158935546875 219.3638916015625 -1.7586430311203003
545.66845703125 215.55787658691406 -1.7707693576812744
544.8749389648438 211.76119995117188 -1.7828956842422485
544.0354614257812 207.97442626953125 -1.7950220108032227
543.1500854492188 204.19810485839844 -1.8071483373641968
542.218994140625 200.43280029296875 -1.819274663925171
541.2423095703125 196.67906188964844 -1.831400990486145
540.22021484375 192.93743896484375 -1.8435273170471191
539.15283203125 189.20849609375 -1.8556536436080933
538.040283203125 185.49276733398438 -1.8677799701690674
536.8827514648438 181.79080200195312 -1.8799062967300415
535.680419921875 178.1031494140625 -1.8920326232910156
534.4334716796875 174.4303436279297 -1.9041589498519897
533.14208984375 170.77291870117188 -1.9162852764129639
531.8064575195312 167.1314239501953 -1.928411602973938
530.4267578125 163.5063934326172 -1.940537929534912
529.003173828125 159.8983612060547 -1.9526642560958862
527.5359497070312 156.307861328125 -1.9647905826568604
526.0253295898438 152.73541259765625 -1.9769169092178345
524.4714965820312 149.18154907226562 -1.9890432357788086
522.8746337890625 145.64678955078125 -2.001169443130493
521.2350463867188 142.13165283203125 -2.0132956504821777
519.552978515625 138.63665771484375 -2.0254218578338623
517.82861328125 135.1623077392578 -2.037548065185547
516.062255859375 131.70912170410156 -2.0496742725372314
514.254150390625 128.27761840820312 -2.061800479888916
512.4046020507812 124.8682861328125 -2.0739266872406006
510.5138244628906 121.48163604736328 -2.086052894592285
508.5821228027344 118.1181640625 -2.0981791019439697
506.6097717285156 114.77835845947266 -2.1103053092956543
504.5970764160156 111.46271514892578 -2.122431516647339
502.5443420410156 108.17172241210938 -2.1345577239990234
500.45184326171875 104.9058609008789 -2.146683931350708
498.31988525390625 101.66561126708984 -2.1588101387023926
496.1488037109375 98.45145416259766 -2.170936346054077
493.93890380859375 95.26386260986328 -2.1830625534057617
491.6905212402344 92.10330200195312 -2.1951887607574463
489.4039611816406 88.9702377319336 -2.207314968109131
487.07958984375 85.86512756347656 -2.2194411754608154
484.7177429199219 82.7884292602539 -2.2315673828125
482.3187561035156 79.7406005859375 -2.2436935901641846
479.88299560546875 76.72208404541016 -2.255819797515869
477.4107971191406 73.73332977294922 -2.2679460048675537
474.9025573730469 70.77477264404297 -2.2800722122192383
472.3586120605469 67.84684753417969 -2.292198419570923
469.77935791015625 64.94998168945312 -2.3043246269226074
467.1651611328125 62.0846061706543 -2.316450834274292
464.51641845703125 59.25114059448242 -2.3285770416259766
464.51641845703125 59.25114059448242 -2.728577136993408
460.9544677734375 57.71589660644531 -2.7407033443450928
457.3741760253906 56.22395706176758 -2.7528295516967773
453.77606201171875 54.775543212890625 -2.764955759048462
450.0564270019531 53.30436325073242 -2.764955759048462
446.3367919921875 51.83318328857422 -2.764955759048462
442.6171569824219 50.362003326416016 -2.764955759048462
438.89752197265625 48.89082336425781 -2.764955759048462
435.1778869628906 47.41964340209961 -2.764955759048462
431.5624694824219 46.01496505737305 -2.7770819664001465
427.9302673339844 44.654232025146484 -2.789208173751831
427.9302673339844 44.654232025146484 3.0939769744873047
423.934814453125 44.84462356567383 3.0939769744873047
419.9393615722656 45.03501510620117 3.0939769744873047
415.94390869140625 45.225406646728516 3.0939769744873047
411.9484558105469 45.41579818725586 3.0939769744873047
407.9530029296875 45.6061897277832 3.0939769744873047
403.9575500488281 45.79658126831055 3.0939769744873047
399.96209716796875 45.98697280883789 3.0939769744873047
395.9666442871094 46.177364349365234 3.0939769744873047
391.97119140625 46.36775588989258 3.0939769744873047
387.9757385253906 46.55814743041992 3.0939769744873047
383.98028564453125 46.748538970947266 3.0939769744873047
379.9848327636719 46.93893051147461 3.0939769744873047
375.9893798828125 47.12932205200195 3.0939769744873047
371.9939270019531 47.3197135925293 3.0939769744873047
367.99847412109375 47.51010513305664 3.0939769744873047
364.0030212402344 47.700496673583984 3.0939769744873047
360.007568359375 47.89088821411133 3.0939769744873047
356.0121154785156 48.08127975463867 3.0939769744873047
352.01666259765625 48.271671295166016 3.0939769744873047
348.0212097167969 48.46206283569336 3.0939769744873047
344.1480712890625 48.670166015625 3.08185076713562
340.2777404785156 48.92522048950195 3.0697245597839355
336.4107360839844 49.22718048095703 3.0576045513153076
332.5477294921875 49.575992584228516 3.045478343963623
328.6892395019531 49.97161865234375 3.0333521366119385
324.71270751953125 50.40373992919922 3.033346176147461
320.85931396484375 50.84614944458008 3.0212199687957764
317.0115661621094 51.33525085449219 3.009093761444092
313.1700134277344 51.870975494384766 2.9969675540924072
309.33526611328125 52.453243255615234 2.9848413467407227
305.5078430175781 53.081966400146484 2.972715139389038
301.67926025390625 53.756900787353516 2.9614806175231934
297.74395751953125 54.47346115112305 2.9614806175231934
293.9322814941406 55.1914176940918 2.949354410171509
290.12957763671875 55.95553970336914 2.937228202819824
286.33642578125 56.765716552734375 2.9251019954681396
282.4913024902344 57.623573303222656 2.9190688133239746
278.7134704589844 58.50249481201172 2.90694260597229
274.8230895996094 59.4325065612793 2.90694260597229
270.9327087402344 60.362518310546875 2.90694260597229
267.0423278808594 61.29253005981445 2.90694260597229
263.2554626464844 62.218162536621094 2.8967783451080322
259.3747253417969 63.18766784667969 2.8967783451080322
255.617431640625 64.15057373046875 2.8846521377563477
251.87208557128906 65.15897369384766 2.872525930404663
248.01600646972656 66.22229766845703 2.872525930404663
244.28317260742188 67.27603912353516 2.8603997230529785
240.44027709960938 68.38604736328125 2.8603997230529785
236.59738159179688 69.49605560302734 2.8603997230529785
232.75448608398438 70.60606384277344 2.8603997230529785
228.91159057617188 71.71607208251953 2.8603997230529785
225.06869506835938 72.82608032226562 2.8603997230529785
221.22579956054688 73.93608856201172 2.8603997230529785
217.38290405273438 75.04609680175781 2.8603997230529785
213.66302490234375 76.14502716064453 2.848283529281616
209.8338623046875 77.301513671875 2.848283529281616
206.00469970703125 78.45800018310547 2.848283529281616
202.175537109375 79.61448669433594 2.848283529281616
198.34637451171875 80.7709732055664 2.848283529281616
194.5172119140625 81.92745971679688 2.848283529281616
190.68804931640625 83.08394622802734 2.848283529281616
186.85888671875 84.24043273925781 2.848283529281616
183.02972412109375 85.39691925048828 2.848283529281616
179.2005615234375 86.55340576171875 2.848283529281616
175.37139892578125 87.70989227294922 2.848283529281616
171.542236328125 88.86637878417969 2.848283529281616
167.71307373046875 90.02286529541016 2.848283529281616
163.8839111328125 91.17935180664062 2.848283529281616
160.05474853515625 92.3358383178711 2.848283529281616
156.2255859375 93.49232482910156 2.848283529281616
152.39642333984375 94.64881134033203 2.848283529281616
148.5672607421875 95.8052978515625 2.848283529281616
144.73809814453125 96.96178436279297 2.848283529281616
140.908935546875 98.11827087402344 2.848283529281616
137.07977294921875 99.2747573852539 2.848283529281616
133.2506103515625 100.43124389648438 2.848283529281616
129.42144775390625 101.58773040771484 2.848283529281616
125.59227752685547 102.74421691894531 2.848283529281616
121.76310729980469 103.90070343017578 2.848283529281616
117.9339370727539 105.05718994140625 2.848283529281616
114.10476684570312 106.21367645263672 2.848283529281616
110.27559661865234 107.37016296386719 2.848283529281616
106.44642639160156 108.52664947509766 2.848283529281616
102.61725616455078 109.68313598632812 2.848283529281616
98.7880859375 110.8396224975586 2.848283529281616
94.95891571044922 111.99610900878906 2.848283529281616
91.12974548339844 113.15259552001953 2.848283529281616
87.30057525634766 114.30908203125 2.848283529281616
83.47140502929688 115.46556854248047 2.848283529281616
79.6422348022461 116.62205505371094 2.848283529281616
75.81306457519531 117.7785415649414 2.848283529281616
75.81306457519531 117.7785415649414 2.848283529281616
75.81306457519531 117.7785415649414 2.848283529281616
75.81306457519531 117.7785415649414 2.848283529281616
75.81306457519531 117.7785415649414 2.848283529281616
75.81306457519531 117.7785415649414 2.848283529281616
75.81306457519531 117.7785415649414 2.848283529281616
75.81306457519531 117.7785415649414 2.848283529281616
75.81306457519531 117.7785415649414 2.848283529281616
75.81306457519531 117.7785415649414 2.848283529281616
75.81306457519531 117.7785415649414 2.848283529281616
