-387.7087927096798
-385.2499995555618
-382.63987526070093
-379.8959217226863
-377.03699803475234
-374.0830920203051
-370.9002722407963
-366.9884405348312
-363.0911395559664
-359.18195955293504
-355.27478889912027
-351.3696634337963
-347.46665216594363
-343.5658273361178
-339.66726463788854
-335.7710428967078
-331.8772752317908
-327.9860178780385
-324.09736126159083
-320.21140033425667
-316.3282348870098
-312.4479995798764
-308.5707735491858
-304.696672162109
-300.8258160916609
-296.9583324645767
-293.09438573273377
-289.23408592138713
-285.3775812540889
-281.525028284551
-277.67659138501216
-273.83244472294996
-269.99280176651007
-266.15782598897385
-262.32772254650365
-258.50270828099485
-254.68301252951522
-250.86890900110717
-247.06062526997886
-243.25843469208124
-239.46262805658668
-235.6735141235956
-231.89145113222824
-228.11675867376678
-224.3498090891703
-220.59099903596598
-216.8407524408309
-213.09952174768898
-209.36782020498464
-205.6461356012189
-205.6461356012189
-205.6461356012189
-205.6461356012189
-205.6461356012189
-205.6461356012189
-205.6461356012189
-205.6461356012189
-205.6461356012189
-205.6461356012189
-205.6461356012189
