-387.7087927096798
-385.2499995555618
-382.63987526070093
-379.8959217226863
-377.03699803475234
-374.0830920203051
-370.9002722407963
-366.9884405348312
-363.0983999296232
-359.18856136991997
-355.2806871321061
-351.37487331402303
-347.4711580565744
-343.5696132487692
-339.6703137233812
-335.7733378984479
-331.8787680235946
-327.9867202963273
-324.09725442203927
-320.21046448538004
-316.3264493345974
-312.4453129128238
-308.5671942666377
-304.69217722345263
-300.8203821516217
-296.95193502857086
-293.0869686487939
-289.2256535153699
-285.36810610506416
-281.51448153933103
-277.6649437609286
-273.8196650202705
-269.9788578945158
-266.142684750603
-262.3113491674955
-258.4850663044011
-254.66406440707433
-250.8485850823229
-247.03891449924197
-243.2352944248671
-239.43801350458583
-235.64737821052924
-231.8637150644342
-228.08740148348053
-224.31877694628028
-220.55823622717116
-216.80620030185776
-213.06311846370124
-209.32950169030053
-205.60583429149494
-205.60583429149494
-205.60583429149494
-205.60583429149494
-205.60583429149494
-205.60583429149494
-205.60583429149494
-205.60583429149494
-205.60583429149494
-205.60583429149494
-205.60583429149494
