57.89798355102539 447.7030944824219 0.8739416003227234
56.00730895996094 445.22930908203125 0.9624850153923035
54.34279251098633 442.5980529785156 1.0510284900665283
52.91747283935547 439.82989501953125 1.1395719051361084
51.74251937866211 436.9465637207031 1.2281153202056885
50.8271369934082 433.9706115722656 1.3166587352752686
50.117279052734375 430.7685852050781 1.3886103630065918
49.39269256591797 426.8351135253906 1.388645052909851
48.674949645996094 422.9184875488281 1.3904591798782349
47.95763397216797 418.9836730957031 1.3904937505722046
47.240455627441406 415.048828125 1.3905283212661743
46.523414611816406 411.1139831542969 1.390562891960144
45.8065071105957 407.1791076660156 1.3905974626541138
45.08973693847656 403.24420166015625 1.3906320333480835
44.373104095458984 399.30926513671875 1.3906666040420532
43.6566047668457 395.3742980957031 1.390701174736023
42.940242767333984 391.4393310546875 1.3907357454299927
42.22401428222656 387.50433349609375 1.3907703161239624
41.5079231262207 383.5693054199219 1.3908048868179321
40.791969299316406 379.6342468261719 1.3908394575119019
40.076148986816406 375.69915771484375 1.3908740282058716
39.36046600341797 371.7640686035156 1.3909085988998413
38.644920349121094 367.8289489746094 1.390943169593811
37.929508209228516 363.893798828125 1.3909777402877808
37.2142333984375 359.9586181640625 1.3910123109817505
36.49909591674805 356.0234069824219 1.3910468816757202
35.78409194946289 352.08819580078125 1.39108145236969
35.0692253112793 348.1529541015625 1.3911160230636597
34.354496002197266 344.2176818847656 1.3911505937576294
33.63990020751953 340.2823791503906 1.3911851644515991
32.92544174194336 336.3470458984375 1.3912197351455688
32.21112060546875 332.41168212890625 1.3912543058395386
31.49693489074707 328.476318359375 1.3912888765335083
30.78288459777832 324.5409240722656 1.391323447227478
30.068971633911133 320.6054992675781 1.3913580179214478
29.355194091796875 316.6700439453125 1.3913925886154175
28.641551971435547 312.73455810546875 1.3914271593093872
27.92804718017578 308.799072265625 1.391461730003357
27.214677810668945 304.8635559082031 1.3914963006973267
26.50144386291504 300.9280090332031 1.3915308713912964
25.788347244262695 296.992431640625 1.3915654420852661
25.07538604736328 293.05682373046875 1.3916000127792358
24.362560272216797 289.1212158203125 1.3916345834732056
23.649871826171875 285.1855773925781 1.3916691541671753
22.937318801879883 281.2499084472656 1.391703724861145
22.22490119934082 277.314208984375 1.3917382955551147
21.51262092590332 273.37847900390625 1.3917728662490845
20.80047607421875 269.4427490234375 1.3918074369430542
20.08846664428711 265.5069885253906 1.391842007637024
19.37659454345703 261.5711975097656 1.3918765783309937
19.37659454345703 261.5711975097656 1.3919111490249634
19.37659454345703 261.5711975097656 1.391945719718933
19.37659454345703 261.5711975097656 1.3919802904129028
19.37659454345703 261.5711975097656 1.3920148611068726
19.37659454345703 261.5711975097656 1.3920494318008423
19.37659454345703 261.5711975097656 1.392084002494812
19.37659454345703 261.5711975097656 1.3921185731887817
19.37659454345703 261.5711975097656 1.3921531438827515
19.37659454345703 261.5711975097656 1.3921877145767212
19.37659454345703 261.5711975097656 1.392222285270691
