-387.7087927096798
-385.2499995555618
-382.63987526070093
-379.8959217226863
-377.03699803475234
-374.0830920203051
-370.9002722407963
-366.9884405348312
-363.1021051344946
-359.19193588495267
-355.28372331414585
-351.37753304593775
-347.47343334072775
-343.5715261469292
-339.6718558466628
-335.77450041375647
-331.87954160049856
-327.9870651977478
-324.09719112931907
-320.20998285341267
-316.3255390971016
-312.4439629574841
-308.56536286960755
-304.68985298069083
-300.8175831173573
-296.9486486207831
-293.08318212235463
-289.2213226040031
-285.36321674191487
-281.50904984748564
-277.6589541799128
-273.8131017216671
-269.9716742613489
-266.1348636803653
-262.30290316938004
-258.4759767918538
-254.65431200492682
-250.83814958438606
-247.02774457494152
-243.22339833692013
-239.42536827130897
-235.6339598201087
-231.84949841601394
-228.07233019710165
-224.30285371389076
-220.541432297128
-216.78848556190744
-213.04446136232374
-209.30983919218286
-205.58516171006593
-205.58516171006593
-205.58516171006593
-205.58516171006593
-205.58516171006593
-205.58516171006593
-205.58516171006593
-205.58516171006593
-205.58516171006593
-205.58516171006593
-205.58516171006593
