-387.7087927096798
-385.2499995555618
-382.63987526070093
-379.8959217226863
-377.03699803475234
-374.0830920203051
-370.9002722407963
-366.9884405348312
-363.1021054913444
-359.191936651943
-355.2837245463071
-351.3775346539337
-347.47343551999853
-343.57152895797844
-339.6718591767834
-335.77450449279047
-331.87954649517235
-327.9870707707255
-324.0971976476579
-320.2099903909404
-316.32554749051354
-312.44397251422396
-308.5653736716395
-304.6898955508045
-300.8176270986017
-296.94869410426577
-293.083228888239
-289.2213710514904
-285.3632973675339
-281.50913199560824
-277.65903830161403
-273.8131879304577
-269.9717626754169
-266.13495442282397
-262.30299615145714
-258.4760723559327
-254.65441029030364
-250.83825049323147
-247.02784849301696
-243.22350542251445
-239.425478418096
-235.63407346275187
-231.84961573520675
-228.0724510788793
-224.3029786483262
-220.54156149143435
-216.788618895712
-213.0445993888343
-209.30998215013113
-205.5853094743619
-205.5853094743619
-205.5853094743619
-205.5853094743619
-205.5853094743619
-205.5853094743619
-205.5853094743619
-205.5853094743619
-205.5853094743619
-205.5853094743619
-205.5853094743619
