-387.8950039619606
-385.5913205990896
-383.1174642552286
-380.50465549954686
-377.7865107615302
-373.8798620758431
-369.97513174831647
-366.07241242989215
-362.1717688352553
-358.2732378462182
-354.376920494743
-350.48289030251095
-346.5912239100905
-342.7019711666421
-338.8152464259208
-334.9311372059573
-331.0497049216058
-327.1710760976191
-323.2953510995896
-319.4226050198277
-315.552978802215
-311.6865880645361
-307.8235546073229
-303.96397537430533
-300.10801516788365
-296.25581494453854
-292.40749222086976
-288.56323371074996
-284.7232036675403
-280.8875444009336
-277.05646907232904
-273.2301701190718
-269.40885046260513
-265.592694285992
-261.7819586763539
-257.9768836523247
-254.17769250602748
-250.38468433717355
-246.5981442707874
-242.81834398861568
-239.0456344462069
-235.28035657211004
-231.5228722080574
-227.77353646879365
-224.032789676861
-220.30106920450604
-216.57881080024526
-212.8665419913374
-209.16479452782247
-205.47410628805295
-205.47410628805295
-205.47410628805295
-205.47410628805295
-205.47410628805295
-205.47410628805295
-205.47410628805295
-205.47410628805295
-205.47410628805295
-205.47410628805295
-205.47410628805295
