-387.7087927096798
-385.2499995555618
-382.63987526070093
-379.8959217226863
-377.03699803475234
-374.0830920203051
-370.9002722407963
-366.9884405348312
-363.0784877935619
-359.1704754472861
-355.26449833951074
-351.3605928785659
-347.45882907094375
-343.55928023035824
-339.66202267547663
-335.7671363760149
-331.8747356800129
-327.9848775187626
-324.0976536315406
-320.21316037877307
-316.3314983372954
-312.4528036750705
-308.5771571452435
-304.70467501311583
-300.8354796869883
-296.969700151775
-293.10747148463105
-289.24896687584186
-285.39430562163176
-281.5436458052174
-277.6971544838297
-273.8550071766457
-270.01741989832243
-266.18455863851125
-262.35663078583997
-258.5338557371138
-254.71646551979725
-250.90470641425276
-247.09886953528508
-243.29920111015556
-239.50599525859795
-235.71956425553262
-231.94023989679562
-228.16840602799147
-224.4044089588123
-220.64864972714662
-216.90155689533498
-213.16358780934942
-209.43523131247366
-205.71703991236942
-205.71703991236942
-205.71703991236942
-205.71703991236942
-205.71703991236942
-205.71703991236942
-205.71703991236942
-205.71703991236942
-205.71703991236942
-205.71703991236942
-205.71703991236942
