57.82837677001953 447.6478271484375 0.8651779294013977
55.85111618041992 445.13006591796875 0.9449576735496521
54.0807991027832 442.4627380371094 1.0247374773025513
52.5286865234375 439.6628112792969 1.1045172214508057
51.20465087890625 436.7480773925781 1.18429696559906
50.11711502075195 433.73712158203125 1.2640767097473145
49.27299880981445 430.6490478515625 1.3438564538955688
48.67767333984375 427.5035400390625 1.4236361980438232
48.09128952026367 423.5471496582031 1.423675537109375
47.505062103271484 419.5907287597656 1.4237148761749268
46.91899108886719 415.6343078613281 1.4237542152404785
46.33307647705078 411.6778564453125 1.4237935543060303
45.747314453125 407.72137451171875 1.423832893371582
45.16170883178711 403.7648620605469 1.4238722324371338
44.57625961303711 399.808349609375 1.4239115715026855
43.990966796875 395.851806640625 1.4239509105682373
43.40583038330078 391.8952331542969 1.423990249633789
42.82084655761719 387.9386291503906 1.4240295886993408
42.236019134521484 383.9820251464844 1.4240689277648926
41.65134811401367 380.025390625 1.4241082668304443
41.06683349609375 376.0687255859375 1.424147605895996
40.48247528076172 372.1120300292969 1.4241869449615479
39.89826965332031 368.15533447265625 1.4242262840270996
39.3142204284668 364.1986083984375 1.4242656230926514
38.73032760620117 360.2418518066406 1.4243049621582031
38.14659118652344 356.2850646972656 1.4243443012237549
37.563011169433594 352.3282470703125 1.4243836402893066
36.97958755493164 348.3714294433594 1.4244229793548584
36.39631652832031 344.4145812988281 1.4244623184204102
35.813201904296875 340.45770263671875 1.424501657485962
35.23024368286133 336.50079345703125 1.4245409965515137
34.64744186401367 332.54388427734375 1.4245803356170654
34.064796447753906 328.5869445800781 1.4246196746826172
33.482303619384766 324.6299743652344 1.424659013748169
32.899967193603516 320.6729736328125 1.4246983528137207
32.317787170410156 316.7159729003906 1.4247376918792725
31.735763549804688 312.7589416503906 1.4247770309448242
31.153894424438477 308.8018798828125 1.424816370010376
30.572181701660156 304.84478759765625 1.4248557090759277
29.990623474121094 300.8876953125 1.4248950481414795
29.409221649169922 296.9305725097656 1.4249343872070312
28.82797622680664 292.9734191894531 1.424973726272583
28.246885299682617 289.0162353515625 1.4250130653381348
27.665950775146484 285.0590515136719 1.4250524044036865
27.08517074584961 281.1018371582031 1.4250917434692383
26.504547119140625 277.14459228515625 1.42513108253479
25.92407989501953 273.18731689453125 1.4251704216003418
25.343767166137695 269.23004150390625 1.4252097606658936
25.343767166137695 269.23004150390625 1.4252490997314453
25.343767166137695 269.23004150390625 1.425288438796997
25.343767166137695 269.23004150390625 1.4253277778625488
25.343767166137695 269.23004150390625 1.4253671169281006
25.343767166137695 269.23004150390625 1.4254064559936523
25.343767166137695 269.23004150390625 1.425445795059204
25.343767166137695 269.23004150390625 1.4254851341247559
25.343767166137695 269.23004150390625 1.4255244731903076
25.343767166137695 269.23004150390625 1.4255638122558594
25.343767166137695 269.23004150390625 1.4256031513214111
