57.89798355102539 447.7030944824219 0.8739416003227234
56.00730895996094 445.22930908203125 0.9624850153923035
54.34279251098633 442.5980529785156 1.0510284900665283
52.91747283935547 439.82989501953125 1.1395719051361084
51.74251937866211 436.9465637207031 1.2281153202056885
50.8271369934082 433.9706115722656 1.3166587352752686
50.117279052734375 430.7685852050781 1.3886103630065918
49.39269256591797 426.8351135253906 1.388645052909851
48.67774963378906 422.925537109375 1.3912042379379272
47.9633674621582 418.9902038574219 1.391238808631897
47.24911880493164 415.0548400878906 1.3912733793258667
46.53500747680664 411.11944580078125 1.3913079500198364
45.8210334777832 407.18402099609375 1.3913425207138062
45.10719299316406 403.24859619140625 1.3913770914077759
44.393489837646484 399.3131408691406 1.3914116621017456
43.67992401123047 395.3776550292969 1.3914462327957153
42.96649169921875 391.442138671875 1.391480803489685
42.253196716308594 387.506591796875 1.3915153741836548
41.5400390625 383.571044921875 1.3915499448776245
40.8270149230957 379.6354675292969 1.3915845155715942
40.11412811279297 375.6998596191406 1.391619086265564
39.4013786315918 371.76422119140625 1.3916536569595337
38.68876266479492 367.82855224609375 1.3916882276535034
37.97628402709961 363.89288330078125 1.3917227983474731
37.26394271850586 359.9571838378906 1.3917573690414429
36.551734924316406 356.0214538574219 1.3917919397354126
35.839664459228516 352.085693359375 1.3918265104293823
35.12773132324219 348.14990234375 1.391861081123352
34.415931701660156 344.2140808105469 1.3918956518173218
33.70426940917969 340.27825927734375 1.3919302225112915
32.99274444580078 336.3424072265625 1.3919647932052612
32.28135299682617 332.4065246582031 1.391999363899231
31.570098876953125 328.4706115722656 1.3920339345932007
30.85898208618164 324.53466796875 1.3920685052871704
30.148000717163086 320.5987243652344 1.3921030759811401
29.43715476989746 316.6627502441406 1.3921376466751099
28.7264461517334 312.72674560546875 1.3921722173690796
28.015872955322266 308.79071044921875 1.3922067880630493
27.305435180664062 304.8546447753906 1.392241358757019
26.595134735107422 300.9185791015625 1.3922759294509888
25.88496971130371 296.98248291015625 1.3923105001449585
25.17494010925293 293.0463562011719 1.3923450708389282
24.46504783630371 289.1101989746094 1.392379641532898
23.755290985107422 285.17401123046875 1.3924142122268677
23.045669555664062 281.2378234863281 1.3924487829208374
22.336185455322266 277.3016052246094 1.3924833536148071
21.6268367767334 273.3653564453125 1.3925179243087769
20.91762351989746 269.4290771484375 1.3925524950027466
20.208547592163086 265.4927673339844 1.3925870656967163
19.49960708618164 261.55645751953125 1.392621636390686
19.49960708618164 261.55645751953125 1.3926562070846558
19.49960708618164 261.55645751953125 1.3926907777786255
19.49960708618164 261.55645751953125 1.3927253484725952
19.49960708618164 261.55645751953125 1.392759919166565
19.49960708618164 261.55645751953125 1.3927944898605347
19.49960708618164 261.55645751953125 1.3928290605545044
19.49960708618164 261.55645751953125 1.3928636312484741
19.49960708618164 261.55645751953125 1.3928982019424438
19.49960708618164 261.55645751953125 1.3929327726364136
19.49960708618164 261.55645751953125 1.3929673433303833
