57.89798355102539 447.7030944824219 0.8739416003227234
56.00730895996094 445.22930908203125 0.9624850153923035
54.34279251098633 442.5980529785156 1.0510284900665283
52.91747283935547 439.82989501953125 1.1395719051361084
51.74251937866211 436.9465637207031 1.2281153202056885
50.8271369934082 433.9706115722656 1.3166587352752686
50.117279052734375 430.7685852050781 1.3886103630065918
49.39269256591797 426.8351135253906 1.388645052909851
48.675865173339844 422.9207763671875 1.3907029628753662
47.959510803222656 418.9858093261719 1.390737533569336
47.243289947509766 415.0508117675781 1.3907721042633057
46.52720642089844 411.11578369140625 1.3908066749572754
45.81126022338867 407.18072509765625 1.3908412456512451
45.0954475402832 403.2456359863281 1.3908758163452148
44.3797721862793 399.310546875 1.3909103870391846
43.66423416137695 395.37542724609375 1.3909449577331543
42.948829650878906 391.4402770996094 1.390979528427124
42.23356246948242 387.5050964355469 1.3910140991210938
41.5184326171875 383.56988525390625 1.3910486698150635
40.803436279296875 379.6346435546875 1.3910832405090332
40.08857727050781 375.69940185546875 1.391117811203003
39.37385559082031 371.7641296386719 1.3911523818969727
38.65926742553711 367.8288269042969 1.3911869525909424
37.94481658935547 363.89349365234375 1.391221523284912
37.23050308227539 359.9581298828125 1.3912560939788818
36.51632308959961 356.02276611328125 1.3912906646728516
35.80228042602539 352.0873718261719 1.3913252353668213
35.088375091552734 348.1519470214844 1.391359806060791
34.374603271484375 344.21649169921875 1.3913943767547607
33.66096878051758 340.281005859375 1.3914289474487305
32.947471618652344 336.34552001953125 1.3914635181427002
32.234107971191406 332.4100036621094 1.39149808883667
31.52088165283203 328.4744567871094 1.3915326595306396
30.807790756225586 324.53887939453125 1.3915672302246094
30.094837188720703 320.603271484375 1.391601800918579
29.38201904296875 316.66766357421875 1.3916363716125488
28.669336318969727 312.7320251464844 1.3916709423065186
27.956790924072266 308.7963562011719 1.3917055130004883
27.244380950927734 304.86065673828125 1.391740083694458
26.532106399536133 300.9249267578125 1.3917746543884277
25.819969177246094 296.98919677734375 1.3918092250823975
25.107967376708984 293.0534362792969 1.3918437957763672
24.396100997924805 289.1176452636719 1.391878366470337
23.684371948242188 285.18182373046875 1.3919129371643066
22.9727783203125 281.2459716796875 1.3919475078582764
22.261320114135742 277.3100891113281 1.391982078552246
21.549999237060547 273.37420654296875 1.3920166492462158
20.83881378173828 269.43829345703125 1.3920512199401855
20.127763748168945 265.5023498535156 1.3920857906341553
19.416851043701172 261.5663757324219 1.392120361328125
19.416851043701172 261.5663757324219 1.3921549320220947
19.416851043701172 261.5663757324219 1.3921895027160645
19.416851043701172 261.5663757324219 1.3922240734100342
19.416851043701172 261.5663757324219 1.392258644104004
19.416851043701172 261.5663757324219 1.3922932147979736
19.416851043701172 261.5663757324219 1.3923277854919434
19.416851043701172 261.5663757324219 1.392362356185913
19.416851043701172 261.5663757324219 1.3923969268798828
19.416851043701172 261.5663757324219 1.3924314975738525
19.416851043701172 261.5663757324219 1.3924660682678223
