-387.7087927096798
-385.2499995555618
-382.63987526070093
-379.8959217226863
-377.03699803475234
-374.0830920203051
-370.9002722407963
-366.9884405348312
-363.0999663239429
-359.1899820467106
-355.28195878631817
-351.37599280259565
-347.4721220015769
-343.57041799517026
-339.6709558205739
-335.77381361846403
-331.87910379278014
-327.9868818303546
-324.0972373762668
-320.2102645651965
-316.3260623326905
-312.44473399379274
-308.5664186565078
-304.69120024889594
-300.81919841632174
-296.9505392074699
-293.0853555296199
-289.2238170581744
-285.36604034899034
-281.51218064654313
-277.6624009495042
-273.81687359274133
-269.9758110833017
-266.13937531735985
-262.30776935680336
-258.48120847122857
-254.65992036456265
-250.8441763175955
-247.0342020521264
-243.23026899631205
-239.43266511167366
-235.64169696951038
-231.8577205262394
-228.08105207066646
-224.31206134540327
-220.5511422892658
-216.7987149659349
-213.0552587238304
-209.32122353586885
-205.59712268928686
-205.59712268928686
-205.59712268928686
-205.59712268928686
-205.59712268928686
-205.59712268928686
-205.59712268928686
-205.59712268928686
-205.59712268928686
-205.59712268928686
-205.59712268928686
