-387.89970717697514
-385.600120749249
-383.130118907104
-380.52129140451837
-377.8076008241904
-373.8977750935078
-369.98980051010943
-366.08376748571953
-362.179738642688
-358.2777487177828
-354.37789618022947
-350.4802522033039
-346.5848908756184
-342.6918593812933
-338.8012692961878
-334.9132052409989
-331.02772560055143
-327.1449537385025
-323.2649867196873
-319.38792664838496
-315.5138496881503
-311.6428985999303
-307.7751910129031
-303.91081973435774
-300.04994523095996
-296.19270391812194
-292.3392389735984
-288.4896712698627
-284.6441899177236
-280.8029627759004
-276.9661665020787
-273.1339567247302
-269.30656093575016
-265.48418677327396
-261.6670235976809
-257.85533414491664
-254.04936463511805
-250.24937542451647
-246.45561248324447
-242.66839912723037
-238.8880467158826
-235.11488551009762
-231.34923678176045
-227.59150469763333
-223.84208751766315
-220.10137999452976
-216.36986477039554
-212.6480252989557
-208.93637818147496
-205.23544601884635
-205.23544601884635
-205.23544601884635
-205.23544601884635
-205.23544601884635
-205.23544601884635
-205.23544601884635
-205.23544601884635
-205.23544601884635
-205.23544601884635
-205.23544601884635
