-387.7087927096798
-385.2499995555618
-382.63987526070093
-379.8959217226863
-377.03699803475234
-374.0830920203051
-370.9002722407963
-366.9884405348312
-363.07936130003725
-359.17127475769416
-355.2651910413907
-351.36117727027454
-347.459333755413
-343.55970308396735
-339.6623618311381
-335.76738974211713
-331.874870419823
-327.9849220622552
-324.09760566329413
-320.2130172720318
-316.3312578280797
-312.45243274133844
-308.57665286969313
-304.70406533674566
-300.8347617448138
-296.96887066781204
-293.1065276636404
-289.24787478052576
-285.3930923084502
-281.5423081460475
-277.69568850881376
-273.85340950468515
-270.01565629267213
-266.18262486548457
-262.35455295676303
-258.5316294409019
-254.71408615861856
-250.90216919329205
-247.09613920792123
-243.29630298478966
-239.50292362975475
-235.71631342846936
-231.93680421421863
-228.16474885889696
-224.40055394375185
-220.6445903810777
-216.89728576615317
-213.15909742195436
-209.43051383189595
-205.7120572150934
-205.7120572150934
-205.7120572150934
-205.7120572150934
-205.7120572150934
-205.7120572150934
-205.7120572150934
-205.7120572150934
-205.7120572150934
-205.7120572150934
-205.7120572150934
