57.89798355102539 447.7030944824219 0.8739416003227234
56.00730895996094 445.22930908203125 0.9624850153923035
54.34279251098633 442.5980529785156 1.0510284900665283
52.91747283935547 439.82989501953125 1.1395719051361084
51.74251937866211 436.9465637207031 1.2281153202056885
50.8271369934082 433.9706115722656 1.3166587352752686
50.117279052734375 430.7685852050781 1.3886103630065918
49.39269256591797 426.8351135253906 1.388645052909851
48.67334747314453 422.9144287109375 1.3900333642959595
47.9543571472168 418.97991943359375 1.3900679349899292
47.235504150390625 415.04541015625 1.390102505683899
46.51678466796875 411.1108703613281 1.3901370763778687
45.79820251464844 407.1763000488281 1.3901716470718384
45.07975769042969 403.24169921875 1.390206217765808
44.361446380615234 399.30706787109375 1.3902407884597778
43.643272399902344 395.3724060058594 1.3902753591537476
42.925235748291016 391.437744140625 1.3903099298477173
42.207332611083984 387.5030517578125 1.390344500541687
41.489566802978516 383.5683288574219 1.3903790712356567
40.77193832397461 379.6335754394531 1.3904136419296265
40.054443359375 375.69879150390625 1.3904482126235962
39.33708572387695 371.7640075683594 1.390482783317566
38.61986541748047 367.8291931152344 1.3905173540115356
37.90277862548828 363.89434814453125 1.3905519247055054
37.185829162597656 359.95947265625 1.390586495399475
36.469017028808594 356.0245666503906 1.3906210660934448
35.75233840942383 352.08966064453125 1.3906556367874146
35.035797119140625 348.15472412109375 1.3906902074813843
34.319393157958984 344.2197570800781 1.390724778175354
33.60312271118164 340.2847595214844 1.3907593488693237
32.88698959350586 336.3497314453125 1.3907939195632935
32.170989990234375 332.4146728515625 1.3908284902572632
31.455127716064453 328.4796142578125 1.390863060951233
30.739402770996094 324.5445251464844 1.3908976316452026
30.023813247680664 320.6094055175781 1.3909322023391724
29.308359146118164 316.67425537109375 1.390966773033142
28.593042373657227 312.73907470703125 1.3910013437271118
27.87786102294922 308.80389404296875 1.3910359144210815
27.16281509399414 304.8686828613281 1.3910704851150513
26.447906494140625 300.9334411621094 1.391105055809021
25.73313331604004 296.9981689453125 1.3911396265029907
25.018495559692383 293.0628662109375 1.3911741971969604
24.30399513244629 289.1275634765625 1.3912087678909302
23.589630126953125 285.1922302246094 1.3912433385849
22.87540054321289 281.2568664550781 1.3912779092788696
22.16130828857422 277.32147216796875 1.3913124799728394
21.447351455688477 273.38604736328125 1.391347050666809
20.733530044555664 269.4505920410156 1.3913816213607788
20.019845962524414 265.51513671875 1.3914161920547485
19.306297302246094 261.57965087890625 1.3914507627487183
19.306297302246094 261.57965087890625 1.391485333442688
19.306297302246094 261.57965087890625 1.3915199041366577
19.306297302246094 261.57965087890625 1.3915544748306274
19.306297302246094 261.57965087890625 1.3915890455245972
19.306297302246094 261.57965087890625 1.391623616218567
19.306297302246094 261.57965087890625 1.3916581869125366
19.306297302246094 261.57965087890625 1.3916927576065063
19.306297302246094 261.57965087890625 1.391727328300476
19.306297302246094 261.57965087890625 1.3917618989944458
19.306297302246094 261.57965087890625 1.3917964696884155
