-390.254688093118
-390.3667201566628
-390.3222233967171
-390.1267402142646
-389.8044526609155
-389.3953357945347
-388.9502982752492
-384.9816632865014
-381.0136844031757
-377.04638233953443
-373.07977868732553
-369.1138959625378
-365.1487576551622
-361.1843882821897
-357.2208134440889
-353.2580598850357
-349.29615555718374
-345.33512968929614
-341.3750128600855
-337.41583707664057
-333.4576358583537
-329.5004443268031
-325.54429930208397
-321.5892394061326
-317.63530517363904
-313.68253917120194
-309.7309861254446
-305.78069306088304
-301.83170944841675
-297.8840873654027
-293.9378816683725
-289.9931501795643
-286.0499538885654
-282.10835717050173
-278.168428022366
-274.2302383192542
-270.2938640924755
-266.3593858317257
-262.4268888137657
-258.4964634603283
-254.5682057283019
-250.64221753560022
-250.22703247972262
-246.82586348034417
-243.44290129650219
-240.07891558846055
-236.73471532125464
-233.41115092465367
-230.1091165585125
-226.82955223875018
-223.57344701399222
-220.34184088819484
-217.1358277154474
-213.95655798488633
-210.8052416976421
-207.683151326862
-204.59162484888017
-204.59162484888017
-204.59162484888017
-204.59162484888017
-204.59162484888017
-204.59162484888017
-204.59162484888017
-204.59162484888017
-204.59162484888017
-204.59162484888017
-204.59162484888017
