-391.2882327785316
-392.2529665206487
-392.8593294561614
-393.0855728912259
-392.92359404154126
-392.3792034620282
-391.47190634386516
-390.23445958788517
-387.50925038463214
-384.80632099732196
-382.12614420810337
-379.4692021195319
-376.8359861917912
-374.22699726645766
-371.64274557567046
-369.08375073551997
-366.5505417224208
-364.0436568311891
-361.56364361350376
-359.1110587953881
-356.68646817231564
-355.31524851433915
-352.34789538256854
-349.4011349059116
-346.4754925039392
-343.5715076624517
-340.68973419865125
-338.28502821402475
-335.2390035851861
-332.2132129640815
-329.2082142704716
-327.5685106197086
-324.1265746643506
-320.6975890220696
-317.2819735698585
-313.88016478760375
-310.49261648015863
-307.1198005293524
-303.7622076766237
-300.4203483368862
-297.0947534441303
-293.7859753291396
-290.4945886295505
-288.72741982804746
-285.07102098666775
-281.4239703635058
-277.78663615605467
-274.1594050941748
-270.54268354410556
-266.93689868554867
-263.3424997668063
-259.7599594432532
-256.1897752047285
-252.63247089773867
-249.08859834866564
-245.55873909447334
-242.04350622768428
-238.543546362657
-235.0595417304173
-231.59221240947016
-228.14231870012884
-224.71066364992075
-221.29809573754383
-217.90551172262045
-214.53385966809455
-211.1841421414992
-207.85741960043393
-204.55481396637776
-201.27751238935417
-198.0267712038766
-198.0267712038766
-198.0267712038766
-198.0267712038766
-198.0267712038766
-198.0267712038766
-198.0267712038766
-198.0267712038766
-198.0267712038766
-198.0267712038766
-198.0267712038766
