59.964664459228516 449.9764709472656 0.38967156410217285
59.92298889160156 449.9683837890625 -0.006055057048797607
59.881412506103516 449.97698974609375 -0.40178167819976807
59.84636306762695 450.0009460449219 -0.7975082993507385
59.82325744628906 450.03656005859375 -1.193234920501709
59.815670013427734 450.0783386230469 -1.5889616012573242
59.72930908203125 446.1564636230469 -1.5966652631759644
59.612735748291016 442.2353820800781 -1.6043689250946045
59.46596145629883 438.3153076171875 -1.6120725870132446
59.28899002075195 434.396484375 -1.6197762489318848
59.08183670043945 430.4791259765625 -1.627479910850525
58.844512939453125 426.5634765625 -1.635183572769165
58.577030181884766 422.6497802734375 -1.6428872346878052
58.2794075012207 418.73828125 -1.6505908966064453
57.95166015625 414.82916259765625 -1.6582945585250854
57.59381103515625 410.92266845703125 -1.66599440574646
57.20589065551758 407.0190734863281 -1.6736980676651
56.78791046142578 403.11859130859375 -1.6814017295837402
56.33989334106445 399.221435546875 -1.6891053915023804
55.86186981201172 395.3278503417969 -1.6968090534210205
55.35386657714844 391.43804931640625 -1.7045127153396606
54.81591033935547 387.5522766113281 -1.7122163772583008
54.24803924560547 383.6707763671875 -1.719920039176941
53.6502799987793 379.79376220703125 -1.727623701095581
53.022674560546875 375.9214782714844 -1.7353273630142212
52.365257263183594 372.05413818359375 -1.7430310249328613
51.67806625366211 368.1919860839844 -1.7507346868515015
50.961143493652344 364.3352355957031 -1.7584383487701416
50.21453094482422 360.484130859375 -1.7661420106887817
49.438270568847656 356.6388854980469 -1.7738456726074219
48.63241195678711 352.79974365234375 -1.781549334526062
47.797000885009766 348.9669189453125 -1.7892529964447021
46.932090759277344 345.140625 -1.7969566583633423
46.03772735595703 341.32110595703125 -1.8046603202819824
45.11396789550781 337.50860595703125 -1.8123639822006226
44.160865783691406 333.7033386230469 -1.8200676441192627
43.1784782409668 329.905517578125 -1.8277713060379028
42.16686248779297 326.1153869628906 -1.835474967956543
41.12607955932617 322.3331604003906 -1.843178629875183
40.056190490722656 318.5590515136719 -1.8508822917938232
38.95726013183594 314.7933044433594 -1.8585859537124634
37.82935333251953 311.0361328125 -1.8662896156311035
36.67253494262695 307.2877502441406 -1.8739932775497437
35.486873626708984 303.54840087890625 -1.8816969394683838
34.27244186401367 299.81829833984375 -1.889400601387024
33.02931213378906 296.09765625 -1.897104263305664
31.757556915283203 292.38671875 -1.9048079252243042
30.457250595092773 288.6856689453125 -1.9125115871429443
29.12847328186035 284.9947509765625 -1.9202152490615845
27.77130126953125 281.3141784667969 -1.9279189109802246
26.38581657409668 277.6441650390625 -1.9356225728988647
24.97209930419922 273.9849548339844 -1.9433262348175049
23.530235290527344 270.33673095703125 -1.951029896736145
22.06031036376953 266.69970703125 -1.9587335586547852
20.562410354614258 263.0741271972656 -1.9664372205734253
20.562410354614258 263.0741271972656 -1.974141001701355
20.562410354614258 263.0741271972656 -1.9818446636199951
20.562410354614258 263.0741271972656 -1.9895483255386353
20.562410354614258 263.0741271972656 -1.9972519874572754
18.92600440979004 259.5089111328125 -2.004955768585205
18.92600440979004 259.5089111328125 -2.0126595497131348
18.92600440979004 259.5089111328125 -2.0203633308410645
18.92600440979004 259.5089111328125 -2.028067111968994
18.92600440979004 259.5089111328125 -2.035770893096924
18.92600440979004 259.5089111328125 -2.0434746742248535
18.92600440979004 259.5089111328125 -2.051178455352783
18.92600440979004 259.5089111328125 -2.058882236480713
18.92600440979004 259.5089111328125 -2.0665860176086426
18.92600440979004 259.5089111328125 -2.0742897987365723
18.92600440979004 259.5089111328125 -2.081993579864502
