-389.976472548132
-389.96839139315426
-389.97700777663624
-390.0009763067793
-390.0366001034663
-390.07838217524994
-386.15655849853255
-382.2355782596695
-378.315684547513
-374.39715950785495
-370.48026372291724
-366.56529773006827
-362.65257199622306
-358.74240740780976
-354.8350748247268
-350.9309176780211
-347.03032203301564
-343.1336258963811
-339.2411807479119
-335.3533827715225
-331.47061271015787
-327.59329770139317
-323.7218814455674
-319.8567949733461
-315.9985181983106
-312.14752033960286
-308.3043218439684
-304.4694345119629
-300.6434238478264
-296.8268493888318
-293.0203268389386
-289.2244689374453
-285.43991710570964
-281.66737424535665
-277.907575161295
-274.1612586528675
-270.4291996316322
-266.71224188615395
-263.0112391485542
-259.32708816741837
-255.6607613426934
-252.01324876107088
-248.3855914637792
-244.7789144008637
-241.1943686454119
-237.63316538463175
-234.09660963539193
-230.58601263599274
-227.10281620647987
-223.64850684118716
-220.224648717942
-216.83291890867773
-213.47501991487164
-210.15277522911296
-206.86813339412393
-206.86813339412393
-206.86813339412393
-206.86813339412393
-206.86813339412393
-203.69309938028107
-203.69309938028107
-203.69309938028107
-203.69309938028107
-203.69309938028107
-203.69309938028107
-203.69309938028107
-203.69309938028107
-203.69309938028107
-203.69309938028107
-203.69309938028107
