-389.99893188818317
-389.9985656900335
-389.99899295823246
-390.0001221343018
-390.0017701036172
-390.0036927174952
-386.0808573168415
-382.1595724108501
-378.24010290108697
-374.3226918368262
-370.4076524005685
-366.49524630863283
-362.5857758411027
-358.60553392986327
-354.69973350390137
-350.72346096301874
-346.8218349498796
-342.9241934447955
-339.03092170579293
-335.14235755298006
-331.2588530913328
-327.3808364997293
-323.508690934457
-319.64284683474426
-315.7837523195512
-311.9318742542277
-308.0876688151884
-304.25164364332994
-300.4243282755364
-296.60624525801336
-292.7979722499913
-289.00011307585913
-285.2132990750211
-281.4381603858955
-277.6753886448343
-273.9257081001979
-270.1898470257801
-266.4686014275483
-262.76277507952716
-259.0732436795506
-255.40092628330075
-251.74675774684817
-248.11175229433059
-244.49694522587836
-240.90345661389375
-237.33243453982087
-233.78511833520895
-230.2628118377529
-226.76682654092784
-223.29863719021773
-219.85970323485682
-216.45165486374168
-213.07611624023073
-209.73486023129826
-206.42972201360382
-206.42972201360382
-206.42972201360382
-206.42972201360382
-206.42972201360382
-206.42972201360382
-206.42972201360382
-206.42972201360382
-206.42972201360382
-206.42972201360382
-206.42972201360382
