59.99000549316406 449.9933776855469 0.386605829000473
59.97821807861328 449.99114990234375 -0.012186527252197266
59.966487884521484 449.9936828613281 -0.41097888350486755
59.95665740966797 450.00054931640625 -0.8097712397575378
59.95026779174805 450.0107116699219 -1.2085635662078857
59.94832229614258 450.0225524902344 -1.6073559522628784
59.78974151611328 446.1034240722656 -1.6151186227798462
59.600746154785156 442.1856689453125 -1.622881293296814
59.381343841552734 438.26947021484375 -1.6306439638137817
59.13154602050781 434.3551025390625 -1.6384066343307495
58.85137176513672 430.44281005859375 -1.6461693048477173
58.540836334228516 426.5328063964844 -1.653931975364685
58.19995880126953 422.6253356933594 -1.6616946458816528
57.83686447143555 418.641845703125 -1.6616946458816528
57.46566390991211 414.73712158203125 -1.6694573163986206
57.071659088134766 410.756591796875 -1.6694585084915161
56.6701545715332 406.8548583984375 -1.6772211790084839
56.238372802734375 402.95635986328125 -1.6849838495254517
55.776344299316406 399.06134033203125 -1.6927465200424194
55.28409194946289 395.1700134277344 -1.7005091905593872
54.76165008544922 391.2826232910156 -1.708271861076355
54.20904541015625 387.3994140625 -1.7160345315933228
53.62631607055664 383.5206298828125 -1.7237972021102905
53.013492584228516 379.646484375 -1.7315598726272583
52.3706169128418 375.7771911621094 -1.739322543144226
51.697723388671875 371.91302490234375 -1.7470852136611938
50.99485397338867 368.05419921875 -1.7548478841781616
50.26205062866211 364.200927734375 -1.7626105546951294
49.499359130859375 360.35345458984375 -1.7703732252120972
48.706825256347656 356.51202392578125 -1.778135895729065
47.88449478149414 352.6768798828125 -1.7858985662460327
47.03241729736328 348.8482360839844 -1.7936612367630005
46.1506462097168 345.02630615234375 -1.8014239072799683
45.239234924316406 341.2113342285156 -1.809186577796936
44.29823684692383 337.403564453125 -1.8169492483139038
43.32770919799805 333.60321044921875 -1.8247119188308716
42.32770919799805 329.8105163574219 -1.8324745893478394
41.29829788208008 326.02569580078125 -1.8402372598648071
40.23953628540039 322.24896240234375 -1.847999930381775
39.1514892578125 318.4805603027344 -1.8557626008987427
38.03422164916992 314.7207336425781 -1.8635252714157104
36.88780212402344 310.9696960449219 -1.8712879419326782
35.71229934692383 307.2276611328125 -1.879050612449646
34.50778579711914 303.494873046875 -1.8868132829666138
33.274330139160156 299.77154541015625 -1.8945759534835815
32.01200866699219 296.0578918457031 -1.9023386240005493
30.72089958190918 292.3541564941406 -1.910101294517517
29.401079177856445 288.6605529785156 -1.9178639650344849
28.05262565612793 284.977294921875 -1.9256266355514526
26.675621032714844 281.30462646484375 -1.9333893060684204
25.27014923095703 277.64276123046875 -1.9411519765853882
23.836294174194336 273.9919128417969 -1.948914647102356
22.374141693115234 270.352294921875 -1.9566773176193237
20.88378143310547 266.7241516113281 -1.9644399881362915
19.36530113220215 263.107666015625 -1.9722026586532593
17.81879425048828 259.5030822753906 -1.979965329170227
17.81879425048828 259.5030822753906 -1.9877279996871948
17.81879425048828 259.5030822753906 -1.9954906702041626
17.81879425048828 259.5030822753906 -2.003253221511841
17.81879425048828 259.5030822753906 -2.0110158920288086
17.81879425048828 259.5030822753906 -2.0187785625457764
17.81879425048828 259.5030822753906 -2.026541233062744
17.81879425048828 259.5030822753906 -2.034303903579712
17.81879425048828 259.5030822753906 -2.0420665740966797
17.81879425048828 259.5030822753906 -2.0498292446136475
17.81879425048828 259.5030822753906 -2.0575919151306152
