59.993690490722656 449.9958190917969 0.3861604332923889
59.98625183105469 449.9944152832031 -0.013077318668365479
59.978851318359375 449.9960021972656 -0.4123150706291199
59.972652435302734 450.0003662109375 -0.8115528225898743
59.968631744384766 450.00677490234375 -1.2107906341552734
59.96742248535156 450.0142517089844 -1.6100283861160278
59.7984504699707 446.09503173828125 -1.6177375316619873
59.59926986694336 442.1772155761719 -1.6254466772079468
59.36989212036133 438.26104736328125 -1.6331558227539062
59.11033248901367 434.3467712402344 -1.6408649682998657
58.82060623168945 430.4346008300781 -1.6485741138458252
58.500728607177734 426.5247802734375 -1.6562832593917847
58.150718688964844 422.6175537109375 -1.6639924049377441
57.778472900390625 418.6349182128906 -1.6639924049377441
57.398353576660156 414.7304992675781 -1.6717015504837036
56.995418548583984 410.7508544921875 -1.6717015504837036
56.585208892822266 406.8494873046875 -1.679410696029663
56.144935607910156 402.9513854980469 -1.6871198415756226
55.674625396728516 399.0567932128906 -1.694828987121582
55.1743049621582 395.16595458984375 -1.7025381326675415
54.644004821777344 391.2790832519531 -1.710247278213501
54.08375930786133 387.39642333984375 -1.7179564237594604
53.493595123291016 383.5181884765625 -1.72566556930542
52.87355422973633 379.6446228027344 -1.7333747148513794
52.22366714477539 375.77593994140625 -1.7410838603973389
51.543975830078125 371.9123840332031 -1.7487930059432983
50.83452224731445 368.05419921875 -1.7565021514892578
50.09534454345703 364.20159912109375 -1.7642112970352173
49.32648849487305 360.35479736328125 -1.7719204425811768
48.52800369262695 356.5140380859375 -1.7796295881271362
47.69993209838867 352.6795654296875 -1.7873387336730957
46.842323303222656 348.8515930175781 -1.7950478792190552
45.955230712890625 345.03033447265625 -1.8027570247650146
45.0387077331543 341.2160339355469 -1.8104661703109741
44.09280776977539 337.4089050292969 -1.8181753158569336
43.117584228515625 333.60919189453125 -1.825884461402893
42.11309814453125 329.8171081542969 -1.8335936069488525
41.079410552978516 326.0328674316406 -1.841302752494812
40.016578674316406 322.2567138671875 -1.8490118980407715
38.92466735839844 318.4888610839844 -1.856721043586731
37.803741455078125 314.72955322265625 -1.8644301891326904
36.65386962890625 310.9789733886719 -1.87213933467865
35.47511672973633 307.2373962402344 -1.8798484802246094
34.267555236816406 303.5050048828125 -1.8875576257705688
33.03125762939453 299.78204345703125 -1.8952667713165283
31.76629638671875 296.0687255859375 -1.9029759168624878
30.472745895385742 292.3652648925781 -1.9106850624084473
29.15068244934082 288.671875 -1.9183942079544067
27.800186157226562 284.9888000488281 -1.9261033535003662
26.421337127685547 281.31622314453125 -1.9338124990463257
25.014217376708984 277.6543884277344 -1.9415216445922852
23.57891082763672 274.0035095214844 -1.9492307901382446
22.115501403808594 270.3638000488281 -1.956939935684204
20.62407684326172 266.7355041503906 -1.9646490812301636
19.104724884033203 263.1188049316406 -1.972358226776123
17.557537078857422 259.513916015625 -1.9800673723220825
17.557537078857422 259.513916015625 -1.987776517868042
17.557537078857422 259.513916015625 -1.9954856634140015
17.557537078857422 259.513916015625 -2.003194808959961
17.557537078857422 259.513916015625 -2.01090407371521
17.557537078857422 259.513916015625 -2.018613338470459
17.557537078857422 259.513916015625 -2.026322603225708
17.557537078857422 259.513916015625 -2.034031867980957
17.557537078857422 259.513916015625 -2.041741132736206
17.557537078857422 259.513916015625 -2.049450397491455
17.557537078857422 259.513916015625 -2.057159662246704
