-389.9747332879999
-389.96604268820926
-389.97524048281696
-390.00091985745416
-390.0391086356257
-390.0839125176437
-386.1619035231382
-382.24064313292126
-378.32043364270453
-374.4015247694757
-370.4842056537906
-366.56874427725285
-362.6554489791424
-358.7446079639004
-354.83658133699026
-350.93003063202406
-347.0285104595071
-343.1308022137494
-339.23725451618725
-335.34826067381465
-331.4642287898113
-327.5855522777277
-323.7126411247985
-319.8459838160596
-315.9860263141152
-312.13323404886995
-308.2881235972668
-304.4512028480193
-300.62303303178686
-296.80419983492453
-292.9952840824286
-289.1968938492048
-285.40969620100344
-281.63435850806246
-277.8716103527529
-274.1221851089812
-270.3868827550061
-266.6665105670927
-262.9619162298697
-259.27402094699363
-255.60376024732457
-251.95214798357355
-248.32021794454036
-244.70905790671802
-241.119811670169
-237.55371370236406
-234.0120306127712
-230.49609582384838
-227.00731356020236
-223.54716171863404
-220.11722668672394
-216.71914701786835
-213.35464697258212
-210.02554193185273
-206.73374176353508
-206.73374176353508
-206.73374176353508
-206.73374176353508
-206.73374176353508
-206.73374176353508
-206.73374176353508
-206.73374176353508
-206.73374176353508
-206.73374176353508
-203.64240761833557
-203.64240761833557
-203.64240761833557
-203.64240761833557
-203.64240761833557
-203.64240761833557
-203.64240761833557
-203.64240761833557
-203.64240761833557
-203.64240761833557
-203.64240761833557
