-387.89934343614567
-386.02466455915834
-384.3938089653274
-383.02254905297286
-381.92431550599497
-381.10994278115635
-380.5875581890286
-380.36243654168584
-380.436796614888
-380.8099058590903
-381.4780403687588
-382.4344802511627
-383.6697522397485
-385.1716886728544
-386.9256617807573
-386.9256617807573
-386.9256617807573
-386.9256617807573
-386.9256617807573
-386.9256617807573
-383.3959566511366
-379.87557340496755
-376.43152988848374
-379.24218645048074
-375.56697011610487
-371.8984564798442
-368.3002323902647
-364.7065241652517
-367.624893711378
-363.82564812302513
-360.03075114598727
-356.2403418978946
-352.5293044268681
-348.8138864877656
-345.0941377208923
-341.3739060088699
-344.38354042554835
-340.4830079130522
-336.6633094067666
-332.83974284722507
-329.01239325492867
-329.02523770544633
-325.096184226735
-321.1688823711302
-317.2433971910817
-313.3197969682668
-309.398153414356
-305.4785418867759
-301.56104162077685
-297.6457359792427
-293.7327127218249
-289.8220642951449
-285.9138881459871
-282.0082870596054
-278.10536952549035
-274.2052501331916
-270.30805000107324
-266.4138972411897
-262.6076121277866
-258.81132886570083
-255.02570797724428
-251.25141444845616
-247.48914940561644
-243.7396830477855
-240.00379664820338
-236.28231621226016
-232.57611454763344
-228.8861457047617
-225.21338750874835
-221.56262632320747
-217.9280072875989
-214.31394263152373
-217.13284675248798
-213.68088898432345
-210.25862655206012
-206.86773754747765
-206.86773754747765
-206.86773754747765
-206.86773754747765
-206.86773754747765
-206.86773754747765
-206.86773754747765
-206.86773754747765
-206.86773754747765
-203.6298810037688
-203.6298810037688
-203.6298810037688
-203.6298810037688
-203.6298810037688
-203.6298810037688
-203.6298810037688
-203.6298810037688
-203.6298810037688
-203.6298810037688
-203.6298810037688
