57.698734283447266 447.89251708984375 0.6975452303886414
55.221431732177734 445.9950866699219 0.6096922755241394
52.58720016479492 444.32232666015625 0.5218393206596375
49.81636047363281 442.88714599609375 0.4339863359928131
46.93028259277344 441.70062255859375 0.34613335132598877
43.951229095458984 440.7718811035156 0.25828036665916443
40.90217590332031 440.10809326171875 0.1704273819923401
37.806644439697266 439.71441650390625 0.08257440477609634
34.688507080078125 439.5938415527344 -0.0052785724401474
31.57181739807129 439.747314453125 -0.09313154965639114
28.480613708496094 440.1736755371094 -0.1809845268726349
25.438739776611328 440.8695983886719 -0.26883751153945923
22.46965789794922 441.8297424316406 -0.35669049620628357
19.596267700195312 443.04669189453125 -0.4445434808731079
16.840734481811523 444.51104736328125 -0.5323964357376099
16.840734481811523 444.51104736328125 -0.6202493906021118
16.840734481811523 444.51104736328125 -0.7081023454666138
16.840734481811523 444.51104736328125 -0.7959553003311157
16.840734481811523 444.51104736328125 -0.8838082551956177
16.840734481811523 444.51104736328125 -0.9716612100601196
19.09644889831543 441.207763671875 -0.9716612100601196
21.352163314819336 437.90447998046875 -0.9716612100601196
23.549245834350586 434.6625671386719 -0.9787089824676514
21.923112869262695 437.3258361816406 -1.0665619373321533
23.855661392211914 433.82366943359375 -1.0665619373321533
25.788209915161133 430.3215026855469 -1.0665619373321533
27.67353630065918 426.87933349609375 -1.0728577375411987
29.53186798095703 423.43206787109375 -1.0799055099487305
28.18311309814453 426.2459716796875 -1.1677592992782593
29.751968383789062 422.56646728515625 -1.1677592992782593
31.320823669433594 418.886962890625 -1.1677592992782593
32.889678955078125 415.20745849609375 -1.1677592992782593
34.412986755371094 411.599609375 -1.174807071685791
35.910831451416016 407.9811096191406 -1.1818548440933228
37.38313674926758 404.3521423339844 -1.1889026165008545
38.82754898071289 400.71649169921875 -1.1963520050048828
37.81485366821289 403.6680603027344 -1.2842049598693848
38.94559097290039 399.8312072753906 -1.2842049598693848
40.03941345214844 396.07080078125 -1.2912527322769165
41.10670471191406 392.3027648925781 -1.2983005046844482
42.14741516113281 388.5273132324219 -1.30534827709198
41.4618034362793 391.571533203125 -1.393201231956482
42.14007568359375 387.7144470214844 -1.4002490043640137
42.79114532470703 383.8526916503906 -1.4072967767715454
43.414981842041016 379.9864196777344 -1.4143445491790771
44.01155471801758 376.1158752441406 -1.4213923215866089
43.68302917480469 379.218994140625 -1.5092463493347168
43.91014862060547 375.309326171875 -1.5162941217422485
44.10970687866211 371.3981628417969 -1.5233418941497803
44.28169631958008 367.4856872558594 -1.530389666557312
44.42610549926758 363.57208251953125 -1.5374374389648438
44.542930603027344 359.6575622558594 -1.5444852113723755
44.632164001464844 355.7423095703125 -1.5515329837799072
44.76490783691406 358.3240661621094 -1.692800521850586
44.27459716796875 354.4386291503906 -1.6998482942581177
43.75691604614258 350.5567321777344 -1.7068960666656494
43.21188735961914 346.6785888671875 -1.7139438390731812
42.63954162597656 342.80438232421875 -1.720991611480713
42.0399055480957 338.9342956542969 -1.7280393838882446
41.41300964355469 335.06854248046875 -1.7350871562957764
40.75888442993164 331.2073059082031 -1.742134928703308
40.07756042480469 327.35076904296875 -1.7491827011108398
39.369075775146484 323.4991149902344 -1.7562304735183716
38.633460998535156 319.6525573730469 -1.7632782459259033
37.870758056640625 315.811279296875 -1.770326018333435
37.08100128173828 311.9754638671875 -1.7773737907409668
36.26422882080078 308.14532470703125 -1.7844215631484985
35.42048263549805 304.321044921875 -1.7914693355560303
34.5498046875 300.5028076171875 -1.798517107963562
33.65224075317383 296.6907958984375 -1.8055648803710938
32.72783279418945 292.88519287109375 -1.8126126527786255
33.607398986816406 295.8791198730469 -1.900465726852417
32.3265380859375 292.1782531738281 -1.9075134992599487
31.019624710083008 288.4864807128906 -1.9145612716674805
29.686725616455078 284.80401611328125 -1.9216090440750122
28.327905654907227 281.13104248046875 -1.928656816482544
26.943233489990234 277.4677429199219 -1.9357045888900757
25.532777786254883 273.8143005371094 -1.9427523612976074
24.096609115600586 270.1708679199219 -1.9498001337051392
24.096609115600586 270.1708679199219 -1.956847906112671
24.096609115600586 270.1708679199219 -1.9638956785202026
24.096609115600586 270.1708679199219 -1.9709434509277344
24.096609115600586 270.1708679199219 -1.9779912233352661
24.096609115600586 270.1708679199219 -1.9850389957427979
24.096609115600586 270.1708679199219 -1.9920867681503296
22.482513427734375 266.6026916503906 -1.9991345405578613
20.843311309814453 263.0459899902344 -2.0061821937561035
19.17908477783203 259.50091552734375 -2.0132298469543457
19.17908477783203 259.50091552734375 -2.020277500152588
19.17908477783203 259.50091552734375 -2.02732515335083
19.17908477783203 259.50091552734375 -2.0343728065490723
19.17908477783203 259.50091552734375 -2.0414204597473145
19.17908477783203 259.50091552734375 -2.0484681129455566
19.17908477783203 259.50091552734375 -2.055515766143799
19.17908477783203 259.50091552734375 -2.062563419342041
19.17908477783203 259.50091552734375 -2.069611072540283
19.17908477783203 259.50091552734375 -2.0766587257385254
19.17908477783203 259.50091552734375 -2.0837063789367676
