-389.9747332879999
-389.96604268820926
-389.97524048281696
-390.00091985745416
-390.0391086356257
-390.0839125176437
-386.1619035231382
-382.24064313292126
-378.32043364270453
-374.4015247694757
-370.4842056537906
-366.56874427725285
-362.6554489791424
-358.7446079639004
-354.83658133699026
-350.9303665475178
-347.0288474317609
-343.1311405792452
-339.2375946572958
-335.3486029747829
-331.4645737707714
-327.58590047089046
-323.71302363000893
-319.84637076328704
-315.9864184070066
-312.1336625623489
-308.2885893590294
-304.4517066418158
-300.62357592378623
-296.8047828636408
-292.99590836322994
-289.1975604191285
-285.41040648459415
-281.63511368515344
-277.87241185086924
-274.1230344486818
-270.38778155395016
-266.6674605442082
-262.9629496504725
-259.2751092935718
-255.60493598424912
-251.95338284731994
-248.32151422482445
-244.7104176441484
-241.1212377705676
-237.55520842724073
-234.0135967418843
-230.49773652404463
-227.00903167876766
-223.54899068976295
-220.11917010999713
-216.72120808286363
-213.35682929361522
-210.0278492770767
-206.7361780555518
-206.7361780555518
-206.7361780555518
-206.7361780555518
-206.7361780555518
-206.7361780555518
-206.7361780555518
-206.7361780555518
-206.7361780555518
-206.7361780555518
-203.64498080495093
-203.64498080495093
-203.64498080495093
-203.64498080495093
-203.64498080495093
-203.64498080495093
-203.64498080495093
-203.64498080495093
-203.64498080495093
-203.64498080495093
-203.64498080495093
