59.96208953857422 449.9747314453125 0.3899831771850586
59.91737747192383 449.9660339355469 -0.005431830883026123
59.872764587402344 449.9752197265625 -0.40084683895111084
59.83513259887695 450.0008850097656 -0.7962618470191956
59.8102912902832 450.0390625 -1.1916768550872803
59.80207443237305 450.0838623046875 -1.5870919227600098
59.7230339050293 446.16180419921875 -1.5947999954223633
59.613765716552734 442.2404479980469 -1.6025080680847168
59.474273681640625 438.320068359375 -1.6102161407470703
59.304569244384766 434.40087890625 -1.6179242134094238
59.10466003417969 430.4831237792969 -1.6256322860717773
58.87455749511719 426.5670166015625 -1.6333403587341309
58.61427688598633 422.6528015136719 -1.6410484313964844
58.32383346557617 418.7406921386719 -1.648756504058838
58.00324630737305 414.8309631347656 -1.6564645767211914
57.6526985168457 410.92218017578125 -1.6640136241912842
57.272499084472656 407.0177917480469 -1.6717216968536377
56.86221694946289 403.116455078125 -1.6794297695159912
56.421875 399.2183837890625 -1.6871378421783447
55.951499938964844 395.3238220214844 -1.6948459148406982
55.45111846923828 391.4330139160156 -1.7025539875030518
54.92076110839844 387.5461730957031 -1.7102620601654053
54.36045837402344 383.66351318359375 -1.7179701328277588
53.77024459838867 379.7853088378906 -1.7256782054901123
53.1501579284668 375.9117736816406 -1.7333862781524658
52.5002326965332 372.0431213378906 -1.7410943508148193
51.82050704956055 368.1795959472656 -1.7488024234771729
51.111019134521484 364.3214111328125 -1.7565104961395264
50.3718147277832 360.46881103515625 -1.7642185688018799
49.602935791015625 356.6220397949219 -1.7719266414642334
48.80442810058594 352.78131103515625 -1.779634714126587
47.976341247558594 348.94683837890625 -1.7873427867889404
47.11872100830078 345.1188659667969 -1.795050859451294
46.23162078857422 341.297607421875 -1.8027589321136475
45.315093994140625 337.4833068847656 -1.810467004776001
44.36919403076172 333.6761779785156 -1.8181750774383545
43.393978118896484 329.87646484375 -1.825883150100708
42.389503479003906 326.0843811035156 -1.8335912227630615
41.35582733154297 322.3001403808594 -1.841299295425415
40.29301452636719 318.52398681640625 -1.8490073680877686
39.20112609863281 314.7561340332031 -1.856715440750122
38.08022689819336 310.996826171875 -1.8644235134124756
36.93038558959961 307.24627685546875 -1.872131586074829
35.75166702270508 303.50469970703125 -1.8798396587371826
34.54414367675781 299.7723083496094 -1.8875477313995361
33.30788803100586 296.0493469238281 -1.8952558040618896
32.042972564697266 292.33599853515625 -1.9029638767242432
30.74947166442871 288.6325378417969 -1.9106719493865967
29.42746353149414 284.93914794921875 -1.9183800220489502
28.077024459838867 281.25604248046875 -1.9260880947113037
26.6982364654541 277.5834655761719 -1.9337961673736572
25.291181564331055 273.921630859375 -1.9415042400360107
23.85594367980957 270.270751953125 -1.9492123126983643
22.392606735229492 266.63104248046875 -1.9569203853607178
20.90125846862793 263.0027160644531 -1.9646284580230713
20.90125846862793 263.0027160644531 -1.9723365306854248
20.90125846862793 263.0027160644531 -1.9800446033477783
20.90125846862793 263.0027160644531 -1.9877526760101318
20.90125846862793 263.0027160644531 -1.9954607486724854
20.90125846862793 263.0027160644531 -2.003168821334839
20.90125846862793 263.0027160644531 -2.0108768939971924
20.90125846862793 263.0027160644531 -2.018584966659546
20.90125846862793 263.0027160644531 -2.0262930393218994
20.90125846862793 263.0027160644531 -2.034001111984253
19.13494110107422 259.5 -2.0417091846466064
19.13494110107422 259.5 -2.04941725730896
19.13494110107422 259.5 -2.0571253299713135
19.13494110107422 259.5 -2.064833402633667
19.13494110107422 259.5 -2.0725414752960205
19.13494110107422 259.5 -2.080249547958374
19.13494110107422 259.5 -2.0879576206207275
19.13494110107422 259.5 -2.095665693283081
19.13494110107422 259.5 -2.1033737659454346
19.13494110107422 259.5 -2.111081838607788
19.13494110107422 259.5 -2.1187899112701416
