-389.9747332879999
-389.96604268820926
-389.97524048281696
-390.00091985745416
-390.0391086356257
-390.0839125176437
-386.1619035231382
-382.24064313292126
-378.32043364270453
-374.4015247694757
-370.4842056537906
-366.56874427725285
-362.6554489791424
-358.7446079639004
-354.83658133699026
-350.93021386097627
-347.02869427889965
-343.13098681160216
-339.237440106165
-335.34844749637136
-331.4644171133811
-327.5857423999933
-323.7128638869619
-319.84620906423555
-315.9862544417284
-312.13346548427836
-308.2883588053772
-304.45147283655535
-300.6233383386287
-296.80451053972047
-292.99560081314166
-289.1972476121739
-285.41008785354654
-281.6347886233552
-277.87207991200563
-274.1226949734513
-270.38743360604707
-266.6671033416926
-262.9625521916948
-259.2747008966427
-255.60448529802937
-251.9528889096923
-248.32097637453077
-244.70983485726583
-241.1206389134512
-237.55456237361446
-234.01290229732678
-230.49699219304568
-227.00826661417491
-223.54817324100762
-220.1182985454487
-216.7202811669371
-213.35584545336897
-210.02680687418908
-206.73507538630494
-206.73507538630494
-206.73507538630494
-206.73507538630494
-206.73507538630494
-206.73507538630494
-206.73507538630494
-206.73507538630494
-206.73507538630494
-206.73507538630494
-203.64381466138346
-203.64381466138346
-203.64381466138346
-203.64381466138346
-203.64381466138346
-203.64381466138346
-203.64381466138346
-203.64381466138346
-203.64381466138346
-203.64381466138346
-203.64381466138346
