59.965240478515625 449.97686767578125 0.3896017074584961
59.92424392700195 449.9689025878906 -0.006194770336151123
59.88335037231445 449.97735595703125 -0.40199124813079834
59.848880767822266 450.0009460449219 -0.7977877259254456
59.82616424560547 450.0359802246094 -1.1935842037200928
59.8187141418457 450.0770568847656 -1.5893807411193848
59.73069763183594 446.1551818847656 -1.5970890522003174
59.61245346069336 442.2341003417969 -1.60479736328125
59.4639892578125 438.3140563964844 -1.6125056743621826
59.28531265258789 434.395263671875 -1.6202139854431152
59.07643508911133 430.47796630859375 -1.6279222965240479
58.83736801147461 426.5623779296875 -1.6356306076049805
58.56812286376953 422.6487731933594 -1.643338918685913
58.26871871948242 418.7373352050781 -1.6510472297668457
57.93917465209961 414.8283386230469 -1.6587555408477783
57.57951736450195 410.9219055175781 -1.6664562225341797
57.189781188964844 407.0184326171875 -1.6741645336151123
56.76996612548828 403.11810302734375 -1.681872844696045
56.320098876953125 399.22113037109375 -1.6895811557769775
55.840206146240234 395.3277282714844 -1.6972894668579102
55.330318450927734 391.4381408691406 -1.7049977779388428
54.790462493896484 387.5526123046875 -1.7127060890197754
54.220672607421875 383.6713562011719 -1.720414400100708
53.6209831237793 379.7945861816406 -1.7281227111816406
52.99142837524414 375.9225769042969 -1.7358310222625732
52.33204650878906 372.0555114746094 -1.7435393333435059
51.64287567138672 368.19366455078125 -1.7512476444244385
50.92395782470703 364.3372497558594 -1.758955955505371
50.17533493041992 360.4864807128906 -1.7666642665863037
49.39704895019531 356.6416015625 -1.7743725776672363
48.589149475097656 352.8028259277344 -1.782080888748169
47.751686096191406 348.97039794921875 -1.7897891998291016
46.88470458984375 345.14453125 -1.7974975109100342
45.988258361816406 341.3254699707031 -1.8052058219909668
45.062400817871094 337.513427734375 -1.8129141330718994
44.10718536376953 333.7086486816406 -1.820622444152832
43.1226692199707 329.9113464355469 -1.8283307552337646
42.10891342163086 326.1217346191406 -1.8360390663146973
41.065975189208984 322.3400573730469 -1.8437473773956299
39.993919372558594 318.5665283203125 -1.8514556884765625
38.89280700683594 314.8013610839844 -1.8591639995574951
37.7627067565918 311.0447998046875 -1.8668723106384277
36.60368347167969 307.29705810546875 -1.8745806217193604
35.41580581665039 303.558349609375 -1.882288932800293
34.19914245605469 299.82891845703125 -1.8899972438812256
32.95376968383789 296.1089782714844 -1.8977055549621582
31.679759979248047 292.39874267578125 -1.9054138660430908
30.377187728881836 288.6984558105469 -1.9131221771240234
29.046131134033203 285.00830078125 -1.920830488204956
27.686670303344727 281.3285217285156 -1.9285387992858887
26.298885345458984 277.6593322753906 -1.9362471103668213
24.882858276367188 274.0009460449219 -1.943955421447754
23.438674926757812 270.35357666015625 -1.9516637325286865
21.966419219970703 266.71746826171875 -1.9593720436096191
20.46617889404297 263.0928039550781 -1.9670803546905518
20.46617889404297 263.0928039550781 -1.9747886657714844
20.46617889404297 263.0928039550781 -1.982496976852417
18.882526397705078 259.5038146972656 -1.9902052879333496
18.882526397705078 259.5038146972656 -1.9979135990142822
18.882526397705078 259.5038146972656 -2.005621910095215
18.882526397705078 259.5038146972656 -2.0133302211761475
18.882526397705078 259.5038146972656 -2.02103853225708
18.882526397705078 259.5038146972656 -2.0287468433380127
18.882526397705078 259.5038146972656 -2.0364551544189453
18.882526397705078 259.5038146972656 -2.044163465499878
18.882526397705078 259.5038146972656 -2.0518717765808105
18.882526397705078 259.5038146972656 -2.059580087661743
18.882526397705078 259.5038146972656 -2.067288398742676
