57.91638946533203 448.1554260253906 0.6638485193252563
55.62449645996094 446.57708740234375 0.5422988533973694
53.158138275146484 445.2882995605469 0.4207491874694824
50.5537109375 444.3080749511719 0.29919952154159546
47.84964370727539 443.6508483886719 0.1776498705148697
45.085838317871094 443.32635498046875 0.05610021948814392
42.303077697753906 443.33935546875 -0.06544943153858185
39.54242706298828 443.6896667480469 -0.18699908256530762
36.84462356567383 444.37213134765625 -0.3085487484931946
34.249473571777344 445.3766784667969 -0.43009841442108154
31.795270919799805 446.6884765625 -0.5516480803489685
29.518232345581055 448.2881774902344 -0.6731977462768555
27.45195770263672 450.15216064453125 -0.7947474122047424
25.626935958862305 452.2529296875 -0.9162970781326294
24.070098876953125 454.5594787597656 -1.0378466844558716
26.086637496948242 451.1343688964844 -1.039528250694275
28.097414016723633 447.70587158203125 -1.0412098169326782
26.840076446533203 450.18841552734375 -1.1627594232559204
28.427309036254883 446.5168151855469 -1.1627594232559204
30.014541625976562 442.84521484375 -1.1627594232559204
31.601774215698242 439.1736145019531 -1.1627594232559204
33.175872802734375 435.5239562988281 -1.1644409894943237
34.743831634521484 431.8716735839844 -1.166122555732727
36.30564880371094 428.21673583984375 -1.1678041219711304
35.37181091308594 430.8381652832031 -1.2893537282943726
36.4827766418457 426.99554443359375 -1.2893537282943726
37.59374237060547 423.1529235839844 -1.2893537282943726
38.704708099365234 419.310302734375 -1.2893537282943726
39.805419921875 415.4911193847656 -1.2910352945327759
40.89970779418945 411.67010498046875 -1.2927168607711792
41.98756790161133 407.84722900390625 -1.2943984270095825
43.069000244140625 404.0225524902344 -1.2960799932479858
44.14399719238281 400.196044921875 -1.2977615594863892
43.55774688720703 402.9163818359375 -1.4193111658096313
44.161373138427734 398.9621887207031 -1.4193111658096313
44.76499938964844 395.00799560546875 -1.4193111658096313
45.36862564086914 391.0538024902344 -1.4193111658096313
45.965118408203125 387.1241760253906 -1.4209927320480347
46.55500411987305 383.19354248046875 -1.422674298286438
46.3122444152832 385.9657287597656 -1.5442239046096802
46.41450500488281 381.9924011230469 -1.5459054708480835
46.51008605957031 378.0189208984375 -1.5475870370864868
46.59898376464844 374.0452880859375 -1.5492686033248901
46.68120193481445 370.0715026855469 -1.5509501695632935
46.756736755371094 366.09759521484375 -1.5526317358016968
46.82558822631836 362.1235656738281 -1.5543133020401
46.88775634765625 358.1494140625 -1.5559948682785034
47.01564407348633 360.92926025390625 -1.6775444746017456
46.58884048461914 356.97760009765625 -1.679226040840149
46.1553955078125 353.02667236328125 -1.6809076070785522
45.71530532836914 349.07647705078125 -1.6825891733169556
45.26857376098633 345.12701416015625 -1.6842707395553589
44.81520080566406 341.1783142089844 -1.6859523057937622
44.35519027709961 337.2303771972656 -1.6876338720321655
44.84684753417969 339.96923828125 -1.809199571609497
43.90498352050781 336.1078186035156 -1.8108811378479004
42.95663070678711 332.24798583984375 -1.8125627040863037
42.00178909301758 328.3897399902344 -1.814244270324707
41.04045867919922 324.5331115722656 -1.8159258365631104
40.0726432800293 320.6781005859375 -1.8176074028015137
39.09834671020508 316.8247375488281 -1.819288969039917
38.11757278442383 312.9730224609375 -1.8209705352783203
37.13032531738281 309.1229553222656 -1.8226521015167236
36.13660430908203 305.2745361328125 -1.824333667755127
35.13641357421875 301.42779541015625 -1.8260152339935303
34.129756927490234 297.582763671875 -1.8276968002319336
33.116634368896484 293.7394104003906 -1.829378366470337
32.098228454589844 289.9125671386719 -1.8324028253555298
32.979888916015625 292.552001953125 -1.9539532661437988
31.49087142944336 288.8668212890625 -1.9556348323822021
29.99565887451172 285.18414306640625 -1.9573163986206055
28.49425506591797 281.5039978027344 -1.9589979648590088
26.986665725708008 277.8263854980469 -1.960679531097412
25.4728946685791 274.15130615234375 -1.9623610973358154
23.952945709228516 270.478759765625 -1.9640426635742188
22.426822662353516 266.80877685546875 -1.965724229812622
20.89453125 263.1413879394531 -1.9674057960510254
20.89453125 263.1413879394531 -1.9690873622894287
20.89453125 263.1413879394531 -1.970768928527832
20.89453125 263.1413879394531 -1.9724504947662354
20.89453125 263.1413879394531 -1.9741320610046387
20.89453125 263.1413879394531 -1.975813627243042
20.89453125 263.1413879394531 -1.9774951934814453
20.89453125 263.1413879394531 -1.9791767597198486
20.89453125 263.1413879394531 -1.980858325958252
20.89453125 263.1413879394531 -1.9825398921966553
19.30078887939453 259.5002746582031 -1.9842214584350586
19.30078887939453 259.5002746582031 -1.985903024673462
19.30078887939453 259.5002746582031 -1.9875845909118652
19.30078887939453 259.5002746582031 -1.9892661571502686
19.30078887939453 259.5002746582031 -1.9909477233886719
19.30078887939453 259.5002746582031 -1.9926292896270752
19.30078887939453 259.5002746582031 -1.9943108558654785
19.30078887939453 259.5002746582031 -1.9959924221038818
19.30078887939453 259.5002746582031 -1.9976739883422852
19.30078887939453 259.5002746582031 -1.9993555545806885
19.30078887939453 259.5002746582031 -2.001037120819092
