59.993690490722656 449.9958190917969 0.3861604332923889
59.98625183105469 449.9944152832031 -0.013077318668365479
59.978851318359375 449.9960021972656 -0.4123150706291199
59.972652435302734 450.0003662109375 -0.8115528225898743
59.968631744384766 450.00677490234375 -1.2107906341552734
59.96742248535156 450.0142517089844 -1.6100283861160278
59.7984504699707 446.09503173828125 -1.6177375316619873
59.59926986694336 442.1772155761719 -1.6254466772079468
59.36989212036133 438.26104736328125 -1.6331558227539062
59.11033248901367 434.3467712402344 -1.6408649682998657
58.82060623168945 430.4346008300781 -1.6485741138458252
58.500728607177734 426.5247802734375 -1.6562832593917847
58.150718688964844 422.6175537109375 -1.6639924049377441
57.778472900390625 418.6349182128906 -1.6639924049377441
57.398353576660156 414.7304992675781 -1.6717015504837036
56.995418548583984 410.7508544921875 -1.6717016696929932
56.585208892822266 406.8494873046875 -1.6794108152389526
56.144935607910156 402.9513854980469 -1.687119960784912
55.674625396728516 399.0567932128906 -1.6948291063308716
55.1743049621582 395.16595458984375 -1.702538251876831
54.644004821777344 391.2790832519531 -1.7102473974227905
54.08375549316406 387.39642333984375 -1.71795654296875
53.49359130859375 383.5181884765625 -1.7256656885147095
52.8735466003418 379.6446228027344 -1.733374834060669
52.22365951538086 375.77593994140625 -1.7410839796066284
51.543968200683594 371.9123840332031 -1.748793125152588
50.83451461791992 368.05419921875 -1.7565022706985474
50.0953369140625 364.20159912109375 -1.7642114162445068
49.326480865478516 360.35479736328125 -1.7719205617904663
48.527992248535156 356.5140380859375 -1.7796297073364258
47.699920654296875 352.6795654296875 -1.7873388528823853
46.84231185913086 348.8515930175781 -1.7950479984283447
45.95521926879883 345.03033447265625 -1.8027571439743042
45.0386962890625 341.2160339355469 -1.8104662895202637
44.092796325683594 337.4089050292969 -1.8181754350662231
43.11757278442383 333.60919189453125 -1.8258845806121826
42.11308670043945 329.8171081542969 -1.833593726158142
41.07939529418945 326.0328674316406 -1.8413028717041016
40.016563415527344 322.2567138671875 -1.849012017250061
38.924652099609375 318.4888610839844 -1.8567211627960205
37.80372619628906 314.72955322265625 -1.86443030834198
36.65385437011719 310.9789733886719 -1.8721394538879395
35.475101470947266 307.2373962402344 -1.879848599433899
34.267539978027344 303.5050048828125 -1.8875577449798584
33.03124237060547 299.78204345703125 -1.8952668905258179
31.766279220581055 296.0687255859375 -1.9029760360717773
30.472728729248047 292.3652648925781 -1.9106851816177368
29.150665283203125 288.671875 -1.9183943271636963
27.800168991088867 284.9888000488281 -1.9261034727096558
26.42131996154785 281.31622314453125 -1.9338126182556152
25.01420021057129 277.6543884277344 -1.9415217638015747
23.57889175415039 274.0035095214844 -1.9492309093475342
22.115482330322266 270.3638000488281 -1.9569400548934937
20.62405776977539 266.7355041503906 -1.9646492004394531
19.104705810546875 263.1188049316406 -1.9723583459854126
17.557518005371094 259.513916015625 -1.980067491531372
17.557518005371094 259.513916015625 -1.9877766370773315
17.557518005371094 259.513916015625 -1.995485782623291
17.557518005371094 259.513916015625 -2.00319504737854
17.557518005371094 259.513916015625 -2.010904312133789
17.557518005371094 259.513916015625 -2.018613576889038
17.557518005371094 259.513916015625 -2.026322841644287
17.557518005371094 259.513916015625 -2.034032106399536
17.557518005371094 259.513916015625 -2.041741371154785
17.557518005371094 259.513916015625 -2.049450635910034
17.557518005371094 259.513916015625 -2.057159900665283
