-389.9750079093047
-389.96640872383256
-389.97551472615737
-390.0009496770747
-390.0387720155919
-390.0831180477749
-386.1611094025725
-382.2398803519266
-378.31970294640513
-374.400827188733
-370.4835425171718
-366.56814774101235
-362.65492100533373
-358.7441813511251
-354.83622821130757
-350.93137249496573
-347.0300287345674
-343.13250227187484
-339.2391728750794
-335.35043441592757
-331.46666528787836
-327.5882595209471
-323.71565840807085
-319.84932062425236
-315.98969292114776
-312.13727215144627
-308.29257577192317
-304.4560819731728
-300.6283834201599
-296.81003639781363
-293.00162263371794
-289.2037817513566
-285.4171515901087
-281.64243081746355
-277.8803200778336
-274.1315842849117
-270.3969942296594
-266.67735853407083
-262.97355699470984
-259.2864812859688
-255.61709911448614
-251.96639545500324
-248.3354060721317
-244.72521973618447
-241.13701266462488
-237.571990730812
-234.0314223915756
-230.51667324274143
-227.0291491154816
-223.57033029881595
-220.14177468760337
-216.74512258764904
-213.38210061784704
-210.05455594802896
-206.76437073118842
-206.76437073118842
-206.76437073118842
-206.76437073118842
-206.76437073118842
-206.76437073118842
-206.76437073118842
-206.76437073118842
-206.76437073118842
-203.6562146377214
-203.6562146377214
-203.6562146377214
-203.6562146377214
-203.6562146377214
-203.6562146377214
-203.6562146377214
-203.6562146377214
-203.6562146377214
-203.6562146377214
-203.6562146377214
