59.96208953857422 449.9747314453125 0.3899831771850586
59.91737747192383 449.9660339355469 -0.005431830883026123
59.872764587402344 449.9752197265625 -0.40084683895111084
59.83513259887695 450.0008850097656 -0.7962618470191956
59.8102912902832 450.0390625 -1.1916768550872803
59.80207443237305 450.0838623046875 -1.5870919227600098
59.7230339050293 446.16180419921875 -1.5948001146316528
59.613765716552734 442.2404479980469 -1.602508306503296
59.474273681640625 438.320068359375 -1.610216498374939
59.304569244384766 434.40087890625 -1.617924690246582
59.10466003417969 430.4831237792969 -1.625632882118225
58.87455749511719 426.5670166015625 -1.6333410739898682
58.61427688598633 422.6528015136719 -1.6410492658615112
58.323829650878906 418.7406921386719 -1.6487574577331543
58.003238677978516 414.8309631347656 -1.6564656496047974
57.65269088745117 410.9221496582031 -1.6640115976333618
57.272499084472656 407.01776123046875 -1.6717197895050049
56.86222457885742 403.1164245605469 -1.679427981376648
56.4218864440918 399.2183532714844 -1.687136173248291
55.951515197753906 395.32379150390625 -1.694844365119934
55.45113754272461 391.4329833984375 -1.7025525569915771
54.92078399658203 387.546142578125 -1.7102607488632202
54.36048889160156 383.6634826660156 -1.7179689407348633
53.77028274536133 379.7852783203125 -1.7256771326065063
53.15019989013672 375.9117431640625 -1.7333853244781494
52.50027847290039 372.0430908203125 -1.7410935163497925
51.820552825927734 368.1795654296875 -1.7488017082214355
51.11106872558594 364.3213806152344 -1.7565099000930786
50.371864318847656 360.4687805175781 -1.7642180919647217
49.602989196777344 356.62200927734375 -1.7719262838363647
48.80448532104492 352.7812805175781 -1.7796344757080078
47.97639846801758 348.9468078613281 -1.7873426675796509
47.118778228759766 345.11883544921875 -1.795050859451294
46.2316780090332 341.2975769042969 -1.802759051322937
45.31515121459961 337.4832763671875 -1.81046724319458
44.3692512512207 333.6761474609375 -1.8181754350662231
43.3940315246582 329.8764343261719 -1.8258836269378662
42.38955307006836 326.0843505859375 -1.8335918188095093
41.355873107910156 322.30010986328125 -1.8413000106811523
40.29305648803711 318.5239562988281 -1.8490082025527954
39.20116424560547 314.756103515625 -1.8567163944244385
38.08026123046875 310.9967956542969 -1.8644245862960815
36.93041229248047 307.2462463378906 -1.8721327781677246
35.75168991088867 303.5046691894531 -1.8798409700393677
34.54416275024414 299.77227783203125 -1.8875491619110107
33.307899475097656 296.04931640625 -1.8952573537826538
32.04297637939453 292.33599853515625 -1.9029655456542969
30.749469757080078 288.6325378417969 -1.91067373752594
29.427453994750977 284.93914794921875 -1.918381929397583
28.077009201049805 281.25604248046875 -1.926090121269226
26.698213577270508 277.5834655761719 -1.9337983131408691
25.29115104675293 273.921630859375 -1.9415065050125122
23.85590362548828 270.270751953125 -1.9492146968841553
22.39255714416504 266.63104248046875 -1.9569228887557983
20.901199340820312 263.0027160644531 -1.9646310806274414
20.901199340820312 263.0027160644531 -1.9723392724990845
20.901199340820312 263.0027160644531 -1.9800474643707275
20.901199340820312 263.0027160644531 -1.9877556562423706
20.901199340820312 263.0027160644531 -1.9954638481140137
20.901199340820312 263.0027160644531 -2.003171920776367
20.901199340820312 263.0027160644531 -2.0108799934387207
20.901199340820312 263.0027160644531 -2.018588066101074
20.901199340820312 263.0027160644531 -2.0262961387634277
20.901199340820312 263.0027160644531 -2.0340042114257812
19.134870529174805 259.5 -2.0417122840881348
19.134870529174805 259.5 -2.0494203567504883
19.134870529174805 259.5 -2.057128429412842
19.134870529174805 259.5 -2.0648365020751953
19.134870529174805 259.5 -2.072544574737549
19.134870529174805 259.5 -2.0802526473999023
19.134870529174805 259.5 -2.087960720062256
19.134870529174805 259.5 -2.0956687927246094
19.134870529174805 259.5 -2.103376865386963
19.134870529174805 259.5 -2.1110849380493164
19.134870529174805 259.5 -2.11879301071167
