57.698734283447266 447.89251708984375 0.6975452303886414
55.221431732177734 445.9950866699219 0.6096922755241394
52.58720016479492 444.32232666015625 0.5218393206596375
49.81636047363281 442.88714599609375 0.4339863359928131
46.93028259277344 441.70062255859375 0.34613335132598877
43.951229095458984 440.7718811035156 0.25828036665916443
40.90217590332031 440.10809326171875 0.1704273819923401
37.806644439697266 439.71441650390625 0.08257440477609634
34.688507080078125 439.5938415527344 -0.0052785724401474
31.57181739807129 439.747314453125 -0.09313154965639114
28.480613708496094 440.1736755371094 -0.1809845268726349
25.438739776611328 440.8695983886719 -0.26883751153945923
22.46965789794922 441.8297424316406 -0.35669049620628357
19.596267700195312 443.04669189453125 -0.4445434808731079
16.840734481811523 444.51104736328125 -0.5323964357376099
16.840734481811523 444.51104736328125 -0.6202493906021118
16.840734481811523 444.51104736328125 -0.7081023454666138
16.840734481811523 444.51104736328125 -0.7959553003311157
16.840734481811523 444.51104736328125 -0.8838082551956177
16.840734481811523 444.51104736328125 -0.9716612100601196
19.09644889831543 441.207763671875 -0.9716612100601196
21.352163314819336 437.90447998046875 -0.9716612100601196
23.549245834350586 434.6625671386719 -0.9787089824676514
21.923112869262695 437.3258361816406 -1.0665619373321533
23.855661392211914 433.82366943359375 -1.0665619373321533
25.788209915161133 430.3215026855469 -1.0665619373321533
27.673534393310547 426.87933349609375 -1.0728566646575928
29.531869888305664 423.43206787109375 -1.0799044370651245
28.1831111907959 426.2459716796875 -1.1677582263946533
29.751970291137695 422.56646728515625 -1.1677582263946533
31.320829391479492 418.886962890625 -1.1677582263946533
32.88969039916992 415.20745849609375 -1.1677582263946533
34.413002014160156 411.599609375 -1.174805998802185
35.910850524902344 407.9811096191406 -1.1818537712097168
37.38315963745117 404.3521423339844 -1.1889015436172485
38.82757568359375 400.71649169921875 -1.1963510513305664
37.81488037109375 403.6680603027344 -1.2842040061950684
38.945621490478516 399.8312072753906 -1.2842040061950684
40.03944778442383 396.07080078125 -1.2912517786026
41.10674285888672 392.3027648925781 -1.2982995510101318
42.147457122802734 388.5273132324219 -1.3053473234176636
42.1466064453125 388.5401306152344 -1.7040536403656006
41.61515426635742 384.5755920410156 -1.7040536403656006
41.083702087402344 380.6110534667969 -1.7040536403656006
40.552249908447266 376.6465148925781 -1.7040536403656006
40.02079772949219 372.6819763183594 -1.7040536403656006
39.48934555053711 368.7174377441406 -1.7040536403656006
38.95789337158203 364.7528991699219 -1.7040536403656006
38.42644119262695 360.7883605957031 -1.7040536403656006
37.894989013671875 356.8238220214844 -1.7040536403656006
37.3635368347168 352.8592834472656 -1.7040536403656006
36.83208465576172 348.8947448730469 -1.7040536403656006
36.30063247680664 344.9302062988281 -1.7040536403656006
35.76918029785156 340.9656677246094 -1.7040536403656006
35.237728118896484 337.0011291503906 -1.7040536403656006
34.706275939941406 333.0365905761719 -1.7040536403656006
34.17482376098633 329.0720520019531 -1.7040536403656006
33.64337158203125 325.1075134277344 -1.7040536403656006
33.109371185302734 321.2278137207031 -1.7111014127731323
32.548038482666016 317.35198974609375 -1.718149185180664
31.95940399169922 313.480224609375 -1.7251969575881958
31.34349822998047 309.6127014160156 -1.7322447299957275
30.700349807739258 305.7496032714844 -1.7392925024032593
30.029991149902344 301.8911437988281 -1.746340274810791
29.332456588745117 298.0375061035156 -1.7533880472183228
28.607778549194336 294.1888732910156 -1.7604358196258545
27.855995178222656 290.345458984375 -1.7674835920333862
27.0771427154541 286.5074157714844 -1.774531364440918
26.27126121520996 282.6749572753906 -1.7815791368484497
25.43848991394043 278.8517761230469 -1.7889565229415894
24.577409744262695 275.0313415527344 -1.796004295349121
23.68942642211914 271.2170715332031 -1.8030520677566528
24.540328979492188 274.2192687988281 -1.8909050226211548
23.294906616210938 270.5063171386719 -1.8979527950286865
22.023347854614258 266.8022155761719 -1.9050005674362183
20.72571563720703 263.107177734375 -1.91204833984375
20.72571563720703 263.107177734375 -1.9190961122512817
20.72571563720703 263.107177734375 -1.9261438846588135
20.72571563720703 263.107177734375 -1.9331916570663452
20.72571563720703 263.107177734375 -1.940239429473877
20.72571563720703 263.107177734375 -1.9472872018814087
20.72571563720703 263.107177734375 -1.9543349742889404
20.72571563720703 263.107177734375 -1.9613827466964722
20.72571563720703 263.107177734375 -1.968430519104004
19.196474075317383 259.5018310546875 -1.9754782915115356
19.196474075317383 259.5018310546875 -1.9825260639190674
19.196474075317383 259.5018310546875 -1.9895738363265991
19.196474075317383 259.5018310546875 -1.9966216087341309
19.196474075317383 259.5018310546875 -2.003669261932373
19.196474075317383 259.5018310546875 -2.0107169151306152
19.196474075317383 259.5018310546875 -2.0177645683288574
19.196474075317383 259.5018310546875 -2.0248122215270996
19.196474075317383 259.5018310546875 -2.031859874725342
19.196474075317383 259.5018310546875 -2.038907527923584
19.196474075317383 259.5018310546875 -2.045955181121826
