-389.99893188818317
-389.9985656900335
-389.99899295823246
-390.0001221343018
-390.0017701036172
-390.0036927174952
-386.0808573168415
-382.1595724108501
-378.24010290108697
-374.3226918368262
-370.4076524005685
-366.49524630863283
-362.5857758411027
-358.60553392986327
-354.69973350390137
-350.72346096301874
-346.8218349498796
-342.9241934447955
-339.03092170579293
-335.14235755298006
-331.2588530913328
-327.3808364997293
-323.508690934457
-319.64284674983736
-315.7837522259114
-311.9318741512961
-308.0876687023862
-304.25164339678577
-300.42432800681127
-296.6062448197253
-292.79797177450456
-289.0001123895176
-285.2132983334587
-281.4381595861459
-277.67538756856936
-273.9257067120038
-270.1898455359503
-266.46859956483826
-262.7627730860188
-259.0732415487902
-255.40092400859524
-251.74675532125622
-248.11174971065398
-244.49694208390716
-240.9034532738817
-237.33243099260199
-233.78511457128536
-230.26280759788222
-226.7668220495301
-223.2986321564351
-219.85969761482647
-216.45164861109632
-213.0761093059991
-209.73485256381102
-206.42971355840004
-206.42971355840004
-206.42971355840004
-206.42971355840004
-206.42971355840004
-206.42971355840004
-206.42971355840004
-206.42971355840004
-206.42971355840004
-206.42971355840004
-206.42971355840004
