59.96208953857422 449.9747314453125 0.3899831771850586
59.91737747192383 449.9660339355469 -0.005431830883026123
59.872764587402344 449.9752197265625 -0.40084683895111084
59.83513259887695 450.0008850097656 -0.7962618470191956
59.8102912902832 450.0390625 -1.1916768550872803
59.80207443237305 450.0838623046875 -1.5870919227600098
59.7230339050293 446.16180419921875 -1.5948001146316528
59.613765716552734 442.2404479980469 -1.602508306503296
59.474273681640625 438.320068359375 -1.610216498374939
59.304569244384766 434.40087890625 -1.617924690246582
59.10466003417969 430.4831237792969 -1.625632882118225
58.87455749511719 426.5670166015625 -1.6333410739898682
58.61427688598633 422.6528015136719 -1.6410492658615112
58.323829650878906 418.7406921386719 -1.6487574577331543
58.003238677978516 414.8309631347656 -1.6564656496047974
57.65263748168945 410.92266845703125 -1.6640615463256836
57.27225112915039 407.0182800292969 -1.6717697381973267
56.861778259277344 403.116943359375 -1.6794779300689697
56.42124557495117 399.2189025878906 -1.6871861219406128
55.950679779052734 395.3243713378906 -1.6948943138122559
55.450111389160156 391.4335632324219 -1.702602505683899
54.91956329345703 387.5467529296875 -1.710310697555542
54.359073638916016 383.66412353515625 -1.718018889427185
53.768672943115234 379.78594970703125 -1.7257270812988281
53.14839553833008 375.9124450683594 -1.7334352731704712
52.4982795715332 372.0438232421875 -1.7411434650421143
51.818363189697266 368.1803283691406 -1.7488516569137573
51.10868453979492 364.32220458984375 -1.7565598487854004
50.36928939819336 360.46966552734375 -1.7642680406570435
49.6002197265625 356.6229248046875 -1.7719762325286865
48.80152130126953 352.7822265625 -1.7796844244003296
47.973243713378906 348.94781494140625 -1.7873926162719727
47.11543273925781 345.119873046875 -1.7951008081436157
46.22814178466797 341.2986755371094 -1.8028090000152588
45.311424255371094 337.48443603515625 -1.8105171918869019
44.365333557128906 333.6773681640625 -1.818225383758545
43.38992691040039 329.8777160644531 -1.825933575630188
42.385257720947266 326.085693359375 -1.833641767501831
41.35139083862305 322.301513671875 -1.8413499593734741
40.28838348388672 318.5254211425781 -1.8490581512451172
39.19630432128906 314.75762939453125 -1.8567663431167603
38.07521438598633 310.9983825683594 -1.8644745349884033
36.92517852783203 307.24786376953125 -1.8721827268600464
35.74626922607422 303.50634765625 -1.8798909187316895
34.53855514526367 299.7740173339844 -1.8875991106033325
33.30210876464844 296.0511169433594 -1.8953073024749756
32.03700256347656 292.3378601074219 -1.9030154943466187
30.743309020996094 288.63446044921875 -1.9107236862182617
29.42110824584961 284.9411315917969 -1.9184318780899048
28.070478439331055 281.25811767578125 -1.9261400699615479
26.691499710083008 277.5856018066406 -1.933848261833191
25.28425407409668 273.923828125 -1.941556453704834
23.848825454711914 270.27301025390625 -1.949264645576477
22.385297775268555 266.63336181640625 -1.9569728374481201
20.89375877380371 263.005126953125 -1.9646810293197632
20.89375877380371 263.005126953125 -1.9723892211914062
20.89375877380371 263.005126953125 -1.9800974130630493
20.89375877380371 263.005126953125 -1.9878056049346924
20.89375877380371 263.005126953125 -1.9955137968063354
20.89375877380371 263.005126953125 -2.0032219886779785
20.89375877380371 263.005126953125 -2.010930061340332
20.89375877380371 263.005126953125 -2.0186381340026855
20.89375877380371 263.005126953125 -2.026346206665039
20.89375877380371 263.005126953125 -2.0340542793273926
19.127254486083984 259.50250244140625 -2.041762351989746
19.127254486083984 259.50250244140625 -2.0494704246520996
19.127254486083984 259.50250244140625 -2.057178497314453
19.127254486083984 259.50250244140625 -2.0648865699768066
19.127254486083984 259.50250244140625 -2.07259464263916
19.127254486083984 259.50250244140625 -2.0803027153015137
19.127254486083984 259.50250244140625 -2.088010787963867
19.127254486083984 259.50250244140625 -2.0957188606262207
19.127254486083984 259.50250244140625 -2.103426933288574
19.127254486083984 259.50250244140625 -2.1111350059509277
19.127254486083984 259.50250244140625 -2.1188430786132812
