59.96208953857422 449.9747314453125 0.3899831771850586
59.91737747192383 449.9660339355469 -0.005431830883026123
59.872764587402344 449.9752197265625 -0.40084683895111084
59.83513259887695 450.0008850097656 -0.7962618470191956
59.8102912902832 450.0390625 -1.1916768550872803
59.80207443237305 450.0838623046875 -1.5870919227600098
59.72303771972656 446.16180419921875 -1.5947999954223633
59.61376953125 442.2404479980469 -1.6025080680847168
59.474281311035156 438.320068359375 -1.6102161407470703
59.3045768737793 434.40087890625 -1.6179242134094238
59.10466766357422 430.4831237792969 -1.6256322860717773
58.874568939208984 426.5670166015625 -1.6333403587341309
58.614288330078125 422.6528015136719 -1.6410484313964844
58.32384490966797 418.7406921386719 -1.648756504058838
58.003257751464844 414.8309326171875 -1.6564645767211914
57.6527099609375 410.92218017578125 -1.664014458656311
57.27250671386719 407.0177917480469 -1.6717225313186646
56.862220764160156 403.116455078125 -1.679430603981018
56.421875 399.2183837890625 -1.6871386766433716
55.95149612426758 395.3238220214844 -1.694846749305725
55.45111083984375 391.4330139160156 -1.7025548219680786
54.92074966430664 387.5461730957031 -1.7102628946304321
54.360443115234375 383.66351318359375 -1.7179709672927856
53.770225524902344 379.7853088378906 -1.7256790399551392
53.1501350402832 375.9117736816406 -1.7333871126174927
52.500205993652344 372.0431213378906 -1.7410951852798462
51.82047653198242 368.1795959472656 -1.7488032579421997
51.110984802246094 364.3214111328125 -1.7565113306045532
50.37177658081055 360.46881103515625 -1.7642194032669067
49.6028938293457 356.6220397949219 -1.7719274759292603
48.80438232421875 352.78131103515625 -1.7796355485916138
47.97629165649414 348.94683837890625 -1.7873436212539673
47.11866760253906 345.1188659667969 -1.7950516939163208
46.231563568115234 341.297607421875 -1.8027597665786743
45.315032958984375 337.4833068847656 -1.8104678392410278
44.3691291809082 333.6761779785156 -1.8181759119033813
43.3939094543457 329.87646484375 -1.8258839845657349
42.38943099975586 326.0843811035156 -1.8335920572280884
41.355751037597656 322.3001403808594 -1.841300129890442
40.29293441772461 318.52398681640625 -1.8490082025527954
39.20104217529297 314.7561340332031 -1.856716275215149
38.08013916015625 310.996826171875 -1.8644243478775024
36.930294036865234 307.24627685546875 -1.872132420539856
35.75157165527344 303.50469970703125 -1.8798404932022095
34.544044494628906 299.7723083496094 -1.887548565864563
33.30778503417969 296.0493469238281 -1.8952566385269165
32.04286575317383 292.33599853515625 -1.90296471118927
30.749361038208008 288.6325378417969 -1.9106727838516235
29.427349090576172 284.93914794921875 -1.918380856513977
28.076906204223633 281.25604248046875 -1.9260889291763306
26.6981143951416 277.5834655761719 -1.933797001838684
25.29105567932129 273.921630859375 -1.9415050745010376
23.85581398010254 270.270751953125 -1.9492131471633911
22.392473220825195 266.63104248046875 -1.9569212198257446
20.901121139526367 263.0027160644531 -1.9646292924880981
20.901121139526367 263.0027160644531 -1.9723373651504517
20.901121139526367 263.0027160644531 -1.9800454378128052
20.901121139526367 263.0027160644531 -1.9877535104751587
20.901121139526367 263.0027160644531 -1.9954615831375122
20.901121139526367 263.0027160644531 -2.003169536590576
20.901121139526367 263.0027160644531 -2.0108776092529297
20.901121139526367 263.0027160644531 -2.018585681915283
20.901121139526367 263.0027160644531 -2.0262937545776367
20.901121139526367 263.0027160644531 -2.0340018272399902
19.134801864624023 259.5 -2.0417098999023438
19.134801864624023 259.5 -2.0494179725646973
19.134801864624023 259.5 -2.057126045227051
19.134801864624023 259.5 -2.0648341178894043
19.134801864624023 259.5 -2.072542190551758
19.134801864624023 259.5 -2.0802502632141113
19.134801864624023 259.5 -2.087958335876465
19.134801864624023 259.5 -2.0956664085388184
19.134801864624023 259.5 -2.103374481201172
19.134801864624023 259.5 -2.1110825538635254
19.134801864624023 259.5 -2.118790626525879
