-389.9747332879999
-389.96604268820926
-389.97524048281696
-390.00091985745416
-390.0391086356257
-390.0839125176437
-386.1619035231382
-382.24064313292126
-378.32043364270453
-374.4015247694757
-370.4842056537906
-366.56874427725285
-362.6554489791424
-358.744607946077
-354.8365812940577
-350.9300305809925
-347.0285104295251
-343.1308022486332
-339.23725463689453
-335.34826085802695
-331.4642290515682
-327.5855526326107
-323.71264159000106
-319.8459844104611
-315.98602705835884
-312.1332349654446
-308.2881247105931
-304.4512040731633
-300.6230343757119
-296.8042013048439
-292.9952856858161
-289.19689543520496
-285.4096979226756
-281.6343601864798
-277.87161196554086
-274.12218663161536
-270.3868841607031
-266.6665118266958
-262.96191731172917
-259.2740218168412
-255.60376055773287
-251.9521476516953
-248.32021723574786
-244.70905639471474
-241.1198092537792
-237.55370984469823
-234.01199484492196
-230.4960587756599
-227.00727484375864
-223.54712116361776
-220.11718411211098
-216.7191019260108
-213.35459944753993
-210.0254914155355
-206.7336879885104
-206.7336879885104
-206.7336879885104
-206.7336879885104
-206.7336879885104
-206.7336879885104
-206.7336879885104
-206.7336879885104
-206.7336879885104
-206.7336879885104
-203.6423497807729
-203.6423497807729
-203.6423497807729
-203.6423497807729
-203.6423497807729
-203.6423497807729
-203.6423497807729
-203.6423497807729
-203.6423497807729
-203.6423497807729
-203.6423497807729
