-389.98187351106134
-389.97568201443056
-389.9824020788761
-390.00096401988117
-390.0285271655372
-390.06078626558326
-386.13835670953097
-382.21693478669494
-378.2967688708587
-374.3781464083647
-370.46133330536367
-366.54663545798604
-362.63433816134625
-358.724737183571
-354.818169807485
-350.9146490013587
-347.01511500873744
-343.11963710405155
-339.228572159941
-335.34232188802264
-331.4612723992973
-327.58585628436106
-323.716461811333
-319.8535558832335
-315.99762396024613
-312.14911024569807
-308.3085710758834
-304.4764933098188
-300.6534479198219
-296.83996925855905
-293.03670922203435
-289.2442553273531
-285.46328501992406
-281.6944758789817
-277.93853769815246
-274.196214535827
-270.4683169396309
-266.7556635763688
-263.0591132146076
-259.3795675223845
-255.71797326005887
-252.07532551477505
-248.45270025295562
-244.85116598747763
-241.27190870145662
-237.7161136246741
-234.18508930782696
-230.68018091481792
-227.20280353941092
-223.75441624233065
-220.3366160425481
-216.95102192461164
-213.5993984049624
-210.28354036968113
-207.00539660053457
-207.00539660053457
-207.00539660053457
-203.80127825665878
-203.80127825665878
-203.80127825665878
-203.80127825665878
-203.80127825665878
-203.80127825665878
-203.80127825665878
-203.80127825665878
-203.80127825665878
-203.80127825665878
-203.80127825665878
