-389.9747332879999
-389.96604268820926
-389.97524048281696
-390.00091985745416
-390.0391086356257
-390.0839125176437
-386.1619035231382
-382.24064313292126
-378.32043364270453
-374.4015247694757
-370.4842056537906
-366.56874427725285
-362.6554489791424
-358.744607946077
-354.8365812940577
-350.9300305809925
-347.0285104295251
-343.1308022137494
-339.23725455642295
-335.34826071986765
-331.4642288945139
-327.58555245516897
-323.7126413906283
-319.8459841875602
-315.9860267275834
-312.1332345071567
-308.28812410332347
-304.45120340490223
-300.62303364266114
-296.80420050306896
-292.99528481124037
-289.19689448360424
-285.4096968896717
-281.63435906753443
-277.8716107559496
-274.12218532650024
-270.3868825207235
-266.6665098113315
-262.9619151480111
-259.2740192073
-255.60375776406013
-251.95214466479368
-248.3202136917888
-244.70905261471066
-241.11980522646766
-237.5537055584086
-234.0119902875628
-230.49605369266246
-227.00726919250548
-223.54711517140345
-220.1171777636811
-216.71909520560234
-213.35459201575605
-210.02548356029652
-206.73367969172804
-206.73367969172804
-206.73367969172804
-206.73367969172804
-206.73367969172804
-206.73367969172804
-206.73367969172804
-206.73367969172804
-206.73367969172804
-206.73367969172804
-203.64234097754002
-203.64234097754002
-203.64234097754002
-203.64234097754002
-203.64234097754002
-203.64234097754002
-203.64234097754002
-203.64234097754002
-203.64234097754002
-203.64234097754002
-203.64234097754002
