59.99580764770508 449.9972229003906 0.3859046399593353
59.99086380004883 449.99627685546875 -0.013588905334472656
59.98594665527344 449.9973449707031 -0.41308245062828064
59.98183059692383 450.000244140625 -0.8125759959220886
59.979164123535156 450.0045166015625 -1.2120695114135742
59.97836685180664 450.0094909667969 -1.6115630865097046
59.80337905883789 446.09051513671875 -1.6192727088928223
59.598182678222656 442.1730041503906 -1.6269822120666504
59.36279296875 438.2572021484375 -1.6346917152404785
59.09722137451172 434.34332275390625 -1.6424012184143066
58.801483154296875 430.4316101074219 -1.6501107215881348
58.4755973815918 426.52227783203125 -1.657820224761963
58.11958312988281 422.6156005859375 -1.665529727935791
57.741214752197266 418.633544921875 -1.665529727935791
57.3550910949707 414.7297058105469 -1.6732392311096191
56.94603729248047 410.75067138671875 -1.6732392311096191
56.52983093261719 406.8499450683594 -1.6809487342834473
56.08356475830078 402.9525451660156 -1.6886582374572754
55.607261657714844 399.0586853027344 -1.6963677406311035
55.100955963134766 395.1686096191406 -1.7040772438049316
54.564674377441406 391.2825622558594 -1.7117867469787598
53.99844741821289 387.4007568359375 -1.719496250152588
53.402313232421875 383.5234375 -1.727205753326416
52.77630615234375 379.65081787109375 -1.7349152565002441
52.120460510253906 375.78314208984375 -1.7426247596740723
51.434818267822266 371.920654296875 -1.7503342628479004
50.719417572021484 368.0635681152344 -1.7580437660217285
49.974300384521484 364.21209716796875 -1.7657532691955566
49.19951248168945 360.3664855957031 -1.7734627723693848
48.395103454589844 356.5269775390625 -1.781172275543213
47.56111526489258 352.69378662109375 -1.788881778717041
46.697601318359375 348.86712646484375 -1.7965912818908691
45.80461120605469 345.0472412109375 -1.8043007850646973
44.882198333740234 341.2343444824219 -1.8120102882385254
43.930416107177734 337.4286804199219 -1.8197197914123535
42.94932556152344 333.6304626464844 -1.8274292945861816
41.93898010253906 329.8399353027344 -1.8351387977600098
40.899444580078125 326.05731201171875 -1.842848300933838
39.83077621459961 322.2828063964844 -1.850557804107666
38.73303985595703 318.51666259765625 -1.8582673072814941
37.606300354003906 314.7590637207031 -1.8659768104553223
36.450626373291016 311.0102844238281 -1.8736863136291504
35.26608657836914 307.2705078125 -1.8813958168029785
34.05274963378906 303.53997802734375 -1.8891053199768066
32.81068801879883 299.81890869140625 -1.8968148231506348
31.53997802734375 296.1075439453125 -1.904524326324463
30.240692138671875 292.40606689453125 -1.912233829498291
28.91290855407715 288.7147216796875 -1.9199433326721191
27.55670738220215 285.0337219238281 -1.9276528358459473
26.17216682434082 281.36328125 -1.9353623390197754
24.759370803833008 277.7036437988281 -1.9430718421936035
23.318403244018555 274.05499267578125 -1.9507813453674316
21.849349975585938 270.4175720214844 -1.9584908485412598
20.352296829223633 266.7915954589844 -1.966200351715088
18.827335357666016 263.17724609375 -1.973909854888916
17.274553298950195 259.57476806640625 -1.9816193580627441
17.274553298950195 259.57476806640625 -1.9893288612365723
17.274553298950195 259.57476806640625 -1.9970383644104004
17.274553298950195 259.57476806640625 -2.0047478675842285
17.274553298950195 259.57476806640625 -2.0124573707580566
17.274553298950195 259.57476806640625 -2.0201668739318848
17.274553298950195 259.57476806640625 -2.027876377105713
17.274553298950195 259.57476806640625 -2.035585880279541
17.274553298950195 259.57476806640625 -2.043295383453369
17.274553298950195 259.57476806640625 -2.0510048866271973
17.274553298950195 259.57476806640625 -2.0587143898010254
