59.96208953857422 449.9747314453125 0.3899831771850586
59.91737747192383 449.9660339355469 -0.005431830883026123
59.872764587402344 449.9752197265625 -0.40084683895111084
59.83513259887695 450.0008850097656 -0.7962618470191956
59.8102912902832 450.0390625 -1.1916768550872803
59.80207443237305 450.0838623046875 -1.5870919227600098
59.7230339050293 446.16180419921875 -1.5948001146316528
59.613765716552734 442.2404479980469 -1.602508306503296
59.474273681640625 438.320068359375 -1.610216498374939
59.304569244384766 434.40087890625 -1.617924690246582
59.10466003417969 430.4831237792969 -1.625632882118225
58.87455749511719 426.5670166015625 -1.6333410739898682
58.61427688598633 422.6528015136719 -1.6410492658615112
58.323829650878906 418.7406921386719 -1.6487574577331543
58.003238677978516 414.8309631347656 -1.6564656496047974
57.65265655517578 410.9225158691406 -1.6640456914901733
57.27233123779297 407.01812744140625 -1.6717538833618164
56.86192321777344 403.1167907714844 -1.6794620752334595
56.42145538330078 399.2187194824219 -1.6871702671051025
55.95095443725586 395.32415771484375 -1.6948784589767456
55.45044708251953 391.433349609375 -1.7025866508483887
54.91996383666992 387.5465087890625 -1.7102948427200317
54.359535217285156 383.66387939453125 -1.7180030345916748
53.769195556640625 379.7856750488281 -1.7257112264633179
53.14897918701172 375.9121398925781 -1.733419418334961
52.498924255371094 372.04351806640625 -1.741127610206604
51.819068908691406 368.1800231933594 -1.748835802078247
51.10945510864258 364.3218688964844 -1.7565439939498901
50.370121002197266 360.46929931640625 -1.7642521858215332
49.601112365722656 356.62255859375 -1.7719603776931763
48.80247497558594 352.7818603515625 -1.7796685695648193
47.97425842285156 348.9474182128906 -1.7873767614364624
47.11650848388672 345.1194763183594 -1.7950849533081055
46.229278564453125 341.2982482910156 -1.8027931451797485
45.3126220703125 337.4839782714844 -1.8105013370513916
44.36659240722656 333.6768798828125 -1.8182095289230347
43.39124298095703 329.877197265625 -1.8259177207946777
42.386634826660156 326.08514404296875 -1.8336259126663208
41.35282897949219 322.30096435546875 -1.8413341045379639
40.28988265991211 318.52484130859375 -1.849042296409607
39.19786071777344 314.7570495605469 -1.85675048828125
38.07682800292969 310.9977722167969 -1.864458680152893
36.92685317993164 307.24725341796875 -1.8721668720245361
35.74800491333008 303.5057067871094 -1.8798750638961792
34.540348052978516 299.7733459472656 -1.8875832557678223
33.303958892822266 296.0504150390625 -1.8952914476394653
32.038909912109375 292.3371276855469 -1.9029996395111084
30.745275497436523 288.6336975097656 -1.9107078313827515
29.423133850097656 284.9403381347656 -1.9184160232543945
28.07256317138672 281.2572937011719 -1.9261242151260376
26.693641662597656 277.58477783203125 -1.9338324069976807
25.286453247070312 273.9230041503906 -1.9415405988693237
23.85108184814453 270.2721862792969 -1.9492487907409668
22.387611389160156 266.6325378417969 -1.9569569826126099
20.896129608154297 263.0042724609375 -1.964665174484253
20.896129608154297 263.0042724609375 -1.972373366355896
20.896129608154297 263.0042724609375 -1.980081558227539
20.896129608154297 263.0042724609375 -1.9877897500991821
20.896129608154297 263.0042724609375 -1.9954979419708252
20.896129608154297 263.0042724609375 -2.0032060146331787
20.896129608154297 263.0042724609375 -2.0109140872955322
20.896129608154297 263.0042724609375 -2.0186221599578857
20.896129608154297 263.0042724609375 -2.0263302326202393
20.896129608154297 263.0042724609375 -2.0340383052825928
19.129682540893555 259.5016174316406 -2.0417463779449463
19.129682540893555 259.5016174316406 -2.0494544506073
19.129682540893555 259.5016174316406 -2.0571625232696533
19.129682540893555 259.5016174316406 -2.064870595932007
19.129682540893555 259.5016174316406 -2.0725786685943604
19.129682540893555 259.5016174316406 -2.080286741256714
19.129682540893555 259.5016174316406 -2.0879948139190674
19.129682540893555 259.5016174316406 -2.095702886581421
19.129682540893555 259.5016174316406 -2.1034109592437744
19.129682540893555 259.5016174316406 -2.111119031906128
19.129682540893555 259.5016174316406 -2.1188271045684814
