59.96247100830078 449.9750061035156 0.389937162399292
59.918209075927734 449.9664001464844 -0.005523860454559326
59.87404251098633 449.9754943847656 -0.40098488330841064
59.8367919921875 450.00091552734375 -0.796445906162262
59.81220626831055 450.0387268066406 -1.1919069290161133
59.804080963134766 450.08306884765625 -1.5873680114746094
59.723960876464844 446.1610107421875 -1.5950762033462524
59.613609313964844 442.23968505859375 -1.6027843952178955
59.4730339050293 438.3193359375 -1.6104925870895386
59.30224609375 434.4001770019531 -1.6182007789611816
59.101253509521484 430.4824523925781 -1.6259089708328247
58.87006759643555 426.56640625 -1.6336171627044678
58.60870361328125 422.6522521972656 -1.6413253545761108
58.317176818847656 418.740234375 -1.649033546447754
57.995506286621094 414.83056640625 -1.656741738319397
57.643714904785156 410.9234619140625 -1.664445161819458
57.2618293762207 407.01922607421875 -1.672153353691101
56.84986114501953 403.1180419921875 -1.6798615455627441
56.407833099365234 399.22015380859375 -1.6875697374343872
55.93577575683594 395.3258056640625 -1.6952779293060303
55.433712005615234 391.4352111816406 -1.7029861211776733
54.901676177978516 387.548583984375 -1.7106943130493164
54.33969497680664 383.6661682128906 -1.7184025049209595
53.747806549072266 379.7882080078125 -1.7261106967926025
53.12604522705078 375.9149169921875 -1.7338188886642456
52.47444534301758 372.0465393066406 -1.7415270805358887
51.79304504394531 368.1833190917969 -1.7492352724075317
51.081886291503906 364.325439453125 -1.7569434642791748
50.34101486206055 360.4731750488281 -1.7646516561508179
49.57046890258789 356.6267395019531 -1.772359848022461
48.77029800415039 352.7863464355469 -1.780068039894104
47.940547943115234 348.9522399902344 -1.787776231765747
47.081268310546875 345.1246337890625 -1.7954844236373901
46.19251251220703 341.30377197265625 -1.8031926155090332
45.274330139160156 337.4898681640625 -1.8109008073806763
44.326778411865234 333.68316650390625 -1.8186089992523193
43.349910736083984 329.8838806152344 -1.8263171911239624
42.343788146972656 326.09222412109375 -1.8340253829956055
41.308467864990234 322.3084411621094 -1.8417335748672485
40.244014739990234 318.5327453613281 -1.8494417667388916
39.150489807128906 314.765380859375 -1.8571499586105347
38.027957916259766 311.0065612792969 -1.8648581504821777
36.87648391723633 307.2565002441406 -1.8725663423538208
35.69614028930664 303.5154113769531 -1.8802745342254639
34.486995697021484 299.7835388183594 -1.887982726097107
33.24911880493164 296.06109619140625 -1.89569091796875
31.982585906982422 292.3482971191406 -1.903399109840393
30.68747329711914 288.6453857421875 -1.9111073017120361
29.36385726928711 284.95257568359375 -1.9188154935836792
28.01181411743164 281.27008056640625 -1.9265236854553223
26.631425857543945 277.5981140136719 -1.9342318773269653
25.222774505615234 273.9368896484375 -1.9419400691986084
23.78594398498535 270.28662109375 -1.9496482610702515
22.321020126342773 266.6475524902344 -1.9573564529418945
20.828088760375977 263.0198669433594 -1.9650646448135376
20.828088760375977 263.0198669433594 -1.9727728366851807
20.828088760375977 263.0198669433594 -1.9804810285568237
20.828088760375977 263.0198669433594 -1.9881892204284668
20.828088760375977 263.0198669433594 -1.9958974123001099
20.828088760375977 263.0198669433594 -2.003605604171753
20.828088760375977 263.0198669433594 -2.0113139152526855
20.828088760375977 263.0198669433594 -2.019022226333618
20.828088760375977 263.0198669433594 -2.026730537414551
19.087284088134766 259.50439453125 -2.0344388484954834
19.087284088134766 259.50439453125 -2.042147159576416
19.087284088134766 259.50439453125 -2.0498554706573486
19.087284088134766 259.50439453125 -2.0575637817382812
19.087284088134766 259.50439453125 -2.065272092819214
19.087284088134766 259.50439453125 -2.0729804039001465
19.087284088134766 259.50439453125 -2.080688714981079
19.087284088134766 259.50439453125 -2.0883970260620117
19.087284088134766 259.50439453125 -2.0961053371429443
19.087284088134766 259.50439453125 -2.103813648223877
19.087284088134766 259.50439453125 -2.1115219593048096
