-387.89934343614567
-386.02466455915834
-384.3938089653274
-383.02254905297286
-381.92431550599497
-381.10994278115635
-380.5875581890286
-380.36243654168584
-380.436796614888
-380.8099058590903
-381.4780403687588
-382.4344802511627
-383.6697522397485
-385.1716886728544
-386.9256617807573
-386.9256617807573
-386.9256617807573
-386.9256617807573
-386.9256617807573
-386.9256617807573
-383.3959566511366
-379.87557340496755
-376.43152988848374
-379.24218645048074
-375.56697011610487
-371.8984564798442
-368.3007544455461
-364.7069712927934
-367.6253883848281
-363.8260387890159
-360.0310361061244
-356.2405194033131
-352.5294029918544
-348.81390447914714
-345.0940735082862
-341.37369469364586
-344.383384289155
-340.4827990564338
-336.66304658335804
-332.83942504576646
-329.01201948120394
-332.08936310817063
-328.20075307741513
-324.30958839389183
-320.41593294821234
-316.5199446766956
-319.63574309391845
-315.71957971482396
-311.8033284952193
-307.8871729366213
-303.97130406154713
-300.05595099018035
-296.1413210952852
-298.7132274646075
-294.85861765405974
-291.01071533017296
-287.1700060332977
-283.33696724899556
-279.51209915095563
-275.6959578994306
-271.8890948686209
-268.0920894662483
-264.3055512366935
-260.5301513469738
-256.76656463259235
-253.01550164208598
-249.2777416674548
-245.55404373202103
-241.8452711471086
-238.15233316072982
-234.47612819225333
-237.35066399529657
-233.82114731109377
-230.31646298989546
-226.837909280062
-223.38691545729102
-219.96495425586355
-216.57357660819252
-213.21438534657463
-213.21438534657463
-213.21438534657463
-213.21438534657463
-213.21438534657463
-213.21438534657463
-213.21438534657463
-209.98027812169988
-206.78578178718308
-203.6328989635722
-203.6328989635722
-203.6328989635722
-203.6328989635722
-203.6328989635722
-203.6328989635722
-203.6328989635722
-203.6328989635722
-203.6328989635722
-203.6328989635722
-203.6328989635722
