57.91638946533203 448.1554260253906 0.6638485193252563
55.62449645996094 446.57708740234375 0.5422988533973694
53.158138275146484 445.2882995605469 0.4207491874694824
50.5537109375 444.3080749511719 0.29919952154159546
47.84964370727539 443.6508483886719 0.1776498705148697
45.085838317871094 443.32635498046875 0.05610021948814392
42.303077697753906 443.33935546875 -0.06544943153858185
39.54242706298828 443.6896667480469 -0.18699908256530762
36.84462356567383 444.37213134765625 -0.3085487484931946
34.249473571777344 445.3766784667969 -0.43009841442108154
31.795270919799805 446.6884765625 -0.5516480803489685
29.518232345581055 448.2881774902344 -0.6731977462768555
27.45195770263672 450.15216064453125 -0.7947474122047424
25.626935958862305 452.2529296875 -0.9162970781326294
24.070098876953125 454.5594787597656 -1.0378466844558716
26.086637496948242 451.1343688964844 -1.039528250694275
28.097414016723633 447.70587158203125 -1.0412098169326782
26.840076446533203 450.18841552734375 -1.1627594232559204
28.427309036254883 446.5168151855469 -1.1627594232559204
30.014541625976562 442.84521484375 -1.1627594232559204
31.601774215698242 439.1736145019531 -1.1627594232559204
33.175872802734375 435.5239562988281 -1.1644409894943237
34.743831634521484 431.8716735839844 -1.166122555732727
36.30564880371094 428.21673583984375 -1.1678041219711304
35.37181091308594 430.8381652832031 -1.2893537282943726
36.4827766418457 426.99554443359375 -1.2893537282943726
37.59374237060547 423.1529235839844 -1.2893537282943726
38.704708099365234 419.310302734375 -1.2893537282943726
39.805419921875 415.4911193847656 -1.2910352945327759
40.89970779418945 411.67010498046875 -1.2927168607711792
41.98756790161133 407.84722900390625 -1.2943984270095825
43.069000244140625 404.0225524902344 -1.2960799932479858
44.14399719238281 400.196044921875 -1.2977615594863892
43.55774688720703 402.9163818359375 -1.4193111658096313
44.161373138427734 398.9621887207031 -1.4193111658096313
44.76499938964844 395.00799560546875 -1.4193111658096313
45.36862564086914 391.0538024902344 -1.4193111658096313
45.965118408203125 387.1241760253906 -1.4209927320480347
46.55500411987305 383.19354248046875 -1.422674298286438
46.3122444152832 385.9657287597656 -1.5442239046096802
46.41450500488281 381.9924011230469 -1.5459054708480835
46.51008605957031 378.0189208984375 -1.5475870370864868
46.59898376464844 374.0452880859375 -1.5492686033248901
46.68120193481445 370.0715026855469 -1.5509501695632935
46.756736755371094 366.09759521484375 -1.5526317358016968
46.82558822631836 362.1235656738281 -1.5543133020401
46.88775634765625 358.1494140625 -1.5559948682785034
47.01564407348633 360.92926025390625 -1.6775444746017456
46.58884048461914 356.97760009765625 -1.679226040840149
46.1553955078125 353.02667236328125 -1.6809076070785522
45.71530532836914 349.07647705078125 -1.6825891733169556
45.26857376098633 345.12701416015625 -1.6842707395553589
44.81520080566406 341.1783142089844 -1.6859523057937622
44.35519027709961 337.2303771972656 -1.6876338720321655
44.84684753417969 339.96923828125 -1.809199571609497
43.90498352050781 336.1078186035156 -1.8108811378479004
42.95663070678711 332.24798583984375 -1.8125627040863037
42.00178909301758 328.3897399902344 -1.814244270324707
41.04045867919922 324.5331115722656 -1.8159258365631104
40.0726432800293 320.6781005859375 -1.8176074028015137
39.09834671020508 316.8247375488281 -1.819288969039917
38.11757278442383 312.9730224609375 -1.8209705352783203
37.13032531738281 309.1229553222656 -1.8226521015167236
36.13660430908203 305.2745361328125 -1.824333667755127
35.13641357421875 301.42779541015625 -1.8260152339935303
34.129756927490234 297.582763671875 -1.8276968002319336
33.116634368896484 293.7394104003906 -1.829378366470337
32.09846496582031 289.916259765625 -1.8327646255493164
32.9810791015625 292.55535888671875 -1.954315185546875
31.4907283782959 288.8707275390625 -1.9559967517852783
29.994182586669922 285.1885986328125 -1.9576783180236816
28.49144744873047 281.5090026855469 -1.959359884262085
26.982526779174805 277.8319396972656 -1.9610414505004883
25.467426300048828 274.15740966796875 -1.9627230167388916
23.946147918701172 270.4854431152344 -1.964404582977295
22.418697357177734 266.8160400390625 -1.9660861492156982
20.88507843017578 263.1492004394531 -1.9677677154541016
20.88507843017578 263.1492004394531 -1.9694492816925049
20.88507843017578 263.1492004394531 -1.9711308479309082
20.88507843017578 263.1492004394531 -1.9728124141693115
20.88507843017578 263.1492004394531 -1.9744939804077148
20.88507843017578 263.1492004394531 -1.9761755466461182
20.88507843017578 263.1492004394531 -1.9778571128845215
19.30840492248535 259.50067138671875 -1.9795386791229248
19.30840492248535 259.50067138671875 -1.9812202453613281
19.30840492248535 259.50067138671875 -1.9829018115997314
19.30840492248535 259.50067138671875 -1.9845833778381348
19.30840492248535 259.50067138671875 -1.986264944076538
19.30840492248535 259.50067138671875 -1.9879465103149414
19.30840492248535 259.50067138671875 -1.9896280765533447
19.30840492248535 259.50067138671875 -1.991309642791748
19.30840492248535 259.50067138671875 -1.9929912090301514
19.30840492248535 259.50067138671875 -1.9946727752685547
19.30840492248535 259.50067138671875 -1.996354341506958
