59.96208953857422 449.9747314453125 0.3899831771850586
59.91737747192383 449.9660339355469 -0.005431830883026123
59.872764587402344 449.9752197265625 -0.40084683895111084
59.83513259887695 450.0008850097656 -0.7962618470191956
59.8102912902832 450.0390625 -1.1916768550872803
59.80207443237305 450.0838623046875 -1.5870919227600098
59.7230339050293 446.16180419921875 -1.5948001146316528
59.613765716552734 442.2404479980469 -1.602508306503296
59.474273681640625 438.320068359375 -1.610216498374939
59.304569244384766 434.40087890625 -1.617924690246582
59.10466003417969 430.4831237792969 -1.625632882118225
58.87455749511719 426.5670166015625 -1.6333410739898682
58.61427688598633 422.6528015136719 -1.6410492658615112
58.323829650878906 418.7406921386719 -1.6487574577331543
58.003238677978516 414.8309631347656 -1.6564656496047974
57.65269088745117 410.92218017578125 -1.6640124320983887
57.27249526977539 407.0177917480469 -1.6717206239700317
56.86221694946289 403.116455078125 -1.6794288158416748
56.421878814697266 399.2183837890625 -1.6871370077133179
55.95150375366211 395.3238220214844 -1.694845199584961
55.45112609863281 391.4330139160156 -1.702553391456604
54.920772552490234 387.5461730957031 -1.710261583328247
54.3604736328125 383.66351318359375 -1.7179697751998901
53.770263671875 379.7853088378906 -1.7256779670715332
53.150177001953125 375.9117736816406 -1.7333861589431763
52.50025177001953 372.0431213378906 -1.7410943508148193
51.820526123046875 368.1795959472656 -1.7488025426864624
51.11103820800781 364.3214111328125 -1.7565107345581055
50.37183380126953 360.46881103515625 -1.7642189264297485
49.60295486450195 356.6220397949219 -1.7719271183013916
48.804447174072266 352.78131103515625 -1.7796353101730347
47.976356506347656 348.94683837890625 -1.7873435020446777
47.118736267089844 345.1188659667969 -1.7950516939163208
46.231632232666016 341.297607421875 -1.8027598857879639
45.315101623535156 337.4833068847656 -1.810468077659607
44.369197845458984 333.6761779785156 -1.81817626953125
43.39397430419922 329.87646484375 -1.825884461402893
42.38949203491211 326.0843811035156 -1.8335926532745361
41.355812072753906 322.3001403808594 -1.8413008451461792
40.292991638183594 318.52398681640625 -1.8490090370178223
39.20109558105469 314.7561340332031 -1.8567172288894653
38.0801887512207 310.996826171875 -1.8644254207611084
36.93033981323242 307.24627685546875 -1.8721336126327515
35.75161361694336 303.50469970703125 -1.8798418045043945
34.54408264160156 299.7723083496094 -1.8875499963760376
33.30781555175781 296.0493469238281 -1.8952581882476807
32.04288864135742 292.3360290527344 -1.9029663801193237
30.749378204345703 288.632568359375 -1.9106745719909668
29.427358627319336 284.9391784667969 -1.9183827638626099
28.0769100189209 281.2560729980469 -1.926090955734253
26.69811248779297 277.58349609375 -1.933799147605896
25.291046142578125 273.9216613769531 -1.941507339477539
23.855796813964844 270.2707824707031 -1.9492155313491821
22.39244842529297 266.6310729980469 -1.9569237232208252
20.90108871459961 263.00274658203125 -1.9646319150924683
20.90108871459961 263.00274658203125 -1.9723401069641113
20.90108871459961 263.00274658203125 -1.9800482988357544
20.90108871459961 263.00274658203125 -1.9877564907073975
20.90108871459961 263.00274658203125 -1.9954646825790405
20.90108871459961 263.00274658203125 -2.0031728744506836
20.90108871459961 263.00274658203125 -2.010880947113037
20.90108871459961 263.00274658203125 -2.0185890197753906
20.90108871459961 263.00274658203125 -2.026297092437744
20.90108871459961 263.00274658203125 -2.0340051651000977
19.13475799560547 259.5000305175781 -2.041713237762451
19.13475799560547 259.5000305175781 -2.0494213104248047
19.13475799560547 259.5000305175781 -2.057129383087158
19.13475799560547 259.5000305175781 -2.0648374557495117
19.13475799560547 259.5000305175781 -2.0725455284118652
19.13475799560547 259.5000305175781 -2.0802536010742188
19.13475799560547 259.5000305175781 -2.0879616737365723
19.13475799560547 259.5000305175781 -2.095669746398926
19.13475799560547 259.5000305175781 -2.1033778190612793
19.13475799560547 259.5000305175781 -2.111085891723633
19.13475799560547 259.5000305175781 -2.1187939643859863
