62.503692626953125 452.3689880371094 0.7301247715950012
65.13443756103516 454.5960388183594 0.6748513579368591
67.88420104980469 456.6743469238281 0.619577944278717
70.74458312988281 458.59759521484375 0.564304530620575
73.70684814453125 460.35986328125 0.5090311169624329
76.7619400024414 461.955810546875 0.45375731587409973
79.84058380126953 463.3401184082031 0.39136752486228943
79.84058380126953 463.3401184082031 -0.008632481098175049
83.28514099121094 463.2151184082031 -0.06390589475631714
83.28514099121094 463.2151184082031 -0.4639059007167816
83.28514099121094 463.2151184082031 -0.8639059066772461
85.45047760009766 460.5333557128906 -0.9191793203353882
87.46435546875 457.7360534667969 -0.9744527339935303
89.32052612304688 454.8318786621094 -1.0297398567199707
89.32052612304688 454.8318786621094 -1.4297398328781128
89.71062469482422 451.4071960449219 -1.4850132465362549
89.91093444824219 447.9661865234375 -1.540286660194397
89.92083740234375 444.5193786621094 -1.595560073852539
89.74030303955078 441.0772705078125 -1.6508334875106812
89.36988830566406 437.650390625 -1.7061069011688232
88.81072235107422 434.2492370605469 -1.7613803148269653
88.06450653076172 430.8841552734375 -1.8166537284851074
88.06450653076172 430.8841552734375 -2.216653823852539
85.9146499633789 428.18994140625 -2.2719273567199707
83.61923217773438 425.6186218261719 -2.3272008895874023
81.18526458740234 423.17803955078125 -2.382474422454834
81.18526458740234 423.17803955078125 -2.7824745178222656
81.18526458740234 423.17803955078125 3.10071063041687
81.18526458740234 423.17803955078125 2.7007105350494385
81.18526458740234 423.17803955078125 2.300710439682007
81.18526458740234 423.17803955078125 1.9007104635238647
80.15916442871094 426.4685974121094 1.8454370498657227
79.31641387939453 429.8108215332031 1.7901636362075806
78.65959167480469 433.1944885253906 1.7348902225494385
78.19070434570312 436.6092834472656 1.6796168088912964
77.91118621826172 440.0447692871094 1.6243433952331543
77.82188415527344 443.4904479980469 1.5690699815750122
77.92308044433594 446.935791015625 1.5137965679168701
78.21446228027344 450.3702697753906 1.458523154258728
78.69513702392578 453.7834167480469 1.403249740600586
79.36363983154297 457.164794921875 1.3479763269424438
80.21792602539062 460.50408935546875 1.2927029132843018
81.25538635253906 463.79107666015625 1.2374294996261597
82.47285461425781 467.0157165527344 1.1821560859680176
83.86660766601562 470.1681823730469 1.1268826723098755
85.43238830566406 473.23883056640625 1.0716092586517334
87.16542053222656 476.2182922363281 1.0163358449935913
89.06040954589844 479.09747314453125 0.9610624313354492
91.11156463623047 481.8675537109375 0.9057890176773071
93.3126220703125 484.52008056640625 0.850515604019165
95.65685272216797 487.0469665527344 0.795242190361023
98.1371078491211 489.44049072265625 0.7399687767028809
100.74580383300781 491.6933288574219 0.6846953630447388
103.4749755859375 493.7986145019531 0.6294219493865967
106.3162841796875 495.7499084472656 0.5741485357284546
109.26105499267578 497.541259765625 0.5188751220703125
112.30029296875 499.1672058105469 0.4636017084121704
115.42471313476562 500.62274169921875 0.4083282947540283
118.62477111816406 501.9034423828125 0.35305488109588623
121.89070129394531 503.0054016113281 0.29778146743774414
125.21251678466797 503.9252624511719 0.24250805377960205
128.580078125 504.6601867675781 0.18723464012145996
131.98309326171875 505.20794677734375 0.13196122646331787
135.4111785888672 505.56689453125 0.07668781280517578
138.85386657714844 505.73590087890625 0.02141439914703369
142.30062866210938 505.7144470214844 -0.0338590145111084
145.74093627929688 505.50262451171875 -0.08913242816925049
149.16429138183594 505.1010437011719 -0.14440584182739258
152.5602264404297 504.5109558105469 -0.19967925548553467
155.9183807373047 503.7341613769531 -0.25495266914367676
159.22850036621094 502.7730407714844 -0.31022608280181885
162.48046875 501.6305236816406 -0.36549949645996094
165.66433715820312 500.3100891113281 -0.420772910118103
168.77040100097656 498.8157653808594 -0.4760463237762451
168.77041625976562 498.8157653808594 -0.8760451674461365
170.90304565429688 496.10791015625 -0.9313185811042786
172.8828125 493.286376953125 -0.9865919947624207
174.7036895751953 490.3597717285156 -1.041865348815918
176.360107421875 487.3370361328125 -1.09713876247406
176.360107421875 487.3370361328125 -1.4971375465393066
176.360107421875 487.3370361328125 -1.8971375226974487
176.360107421875 487.3370361328125 -2.297137498855591
173.7120361328125 484.361083984375 -2.298783540725708
171.05906677246094 481.3894958496094 -2.300429582595825
168.40121459960938 478.4222717285156 -2.3020756244659424
165.7384796142578 475.4594421386719 -2.3037216663360596
163.0708770751953 472.5009765625 -2.3053677082061768
163.0708770751953 472.5009765625 -2.7053678035736084
159.90777587890625 471.1315002441406 -2.760641098022461
156.67385864257812 469.9388732910156 -2.8159146308898926
153.3789825439453 468.9267272949219 -2.871188163757324
150.03323364257812 468.09814453125 -2.926461696624756
146.64682006835938 467.4556579589844 -2.9817352294921875
143.23007202148438 467.0012512207031 -3.037008762359619
139.79344177246094 466.7362976074219 -3.092282295227051
136.34742736816406 466.6615905761719 3.135629415512085
132.9025421142578 466.7773742675781 3.0803561210632324
129.4693145751953 467.08331298828125 3.025082588195801
126.05823516845703 467.57843017578125 2.969809055328369
122.67971801757812 468.2612609863281 2.9145355224609375
119.34408569335938 469.12969970703125 2.859261989593506
116.0615234375 470.18109130859375 2.803988456726074
112.84205627441406 471.4122009277344 2.7487149238586426
109.69551849365234 472.8193054199219 2.693441390991211
106.63152313232422 474.3981018066406 2.6381678581237793
103.659423828125 476.14373779296875 2.5828943252563477
100.7883071899414 478.0509033203125 2.527620792388916
98.02693939208984 480.11376953125 2.4723472595214844
95.38375091552734 482.3260498046875 2.4170737266540527
92.86681365966797 484.68096923828125 2.361800193786621
90.48381805419922 487.1713562011719 2.3065266609191895
88.24205017089844 489.7895812988281 2.251253128051758
86.14834594726562 492.52764892578125 2.195979595184326
86.14834594726562 492.52764892578125 1.795979619026184
85.47185516357422 495.9074401855469 1.740706205368042
84.98311614990234 499.3194274902344 1.6854327917099
84.98311614990234 499.3194274902344 1.2854328155517578
84.98311614990234 499.3194274902344 0.8854328393936157
87.23770904541016 501.9266052246094 0.8301594257354736
89.63288879394531 504.4052429199219 0.7748860120773315
92.16134643554688 506.747802734375 0.7196125984191895
94.81536102294922 508.94708251953125 0.6643391847610474
97.58682250976562 510.99639892578125 0.6090657711029053
97.58682250976562 510.99639892578125 0.2090657651424408
100.9770736694336 511.6183166503906 0.1537923514842987
104.3965072631836 512.052001953125 0.09851893782615662
104.3965072631836 512.052001953125 -0.30148106813430786
107.65833282470703 510.9379577636719 -0.35675448179244995
110.8536376953125 509.6454162597656 -0.41202789545059204
113.97265625 508.1783142089844 -0.46730130910873413
117.005859375 506.5411376953125 -0.5225747227668762
119.94398498535156 504.7388916015625 -0.5778481364250183
122.7780532836914 502.777099609375 -0.6331215500831604
125.49942016601562 500.6617126464844 -0.6883949637413025
125.49942016601562 500.6617126464844 -1.0883949995040894
125.49942016601562 500.6617126464844 -1.4883949756622314
125.82449340820312 496.6897888183594 -1.4898747205734253
126.14322662353516 492.7190246582031 -1.4915207624435425
126.4554214477539 488.74774169921875 -1.4931668043136597
126.7610855102539 484.77593994140625 -1.4948128461837769
127.06021118164062 480.80364990234375 -1.496458888053894
127.35279846191406 476.83087158203125 -1.4981049299240112
127.63883972167969 472.85760498046875 -1.4997509717941284
127.91834259033203 468.8838806152344 -1.5013970136642456
128.19129943847656 464.9096984863281 -1.5030430555343628
128.4577178955078 460.9350891113281 -1.50468909740448
128.71759033203125 456.96002197265625 -1.5063351392745972
128.97091674804688 452.98455810546875 -1.5079811811447144
129.21771240234375 449.0086669921875 -1.5096272230148315
129.4579620361328 445.0323791503906 -1.5112732648849487
129.69166564941406 441.0556945800781 -1.512919306755066
129.9188232421875 437.0786437988281 -1.514565348625183
130.13943481445312 433.1012268066406 -1.5162113904953003
130.35350036621094 429.1234436035156 -1.5178574323654175
130.56100463867188 425.14532470703125 -1.5195034742355347
130.761962890625 421.1668701171875 -1.5211495161056519
130.9563751220703 417.1880798339844 -1.522795557975769
131.1442413330078 413.208984375 -1.5244415998458862
131.3255615234375 409.2295837402344 -1.5260876417160034
131.5003204345703 405.2498779296875 -1.5277336835861206
131.6685333251953 401.2698974609375 -1.5293797254562378
131.8302001953125 397.2896423339844 -1.531025767326355
131.9853057861328 393.3091125488281 -1.5326718091964722
132.1338653564453 389.3283386230469 -1.5343178510665894
132.27586364746094 385.3473205566406 -1.5359638929367065
132.4151611328125 381.3497619628906 -1.5359638929367065
132.55445861816406 377.3522033691406 -1.5359638929367065
132.69375610351562 373.3546447753906 -1.5359638929367065
132.8330535888672 369.3570861816406 -1.5359638929367065
132.97235107421875 365.3595275878906 -1.5359638929367065
133.1116485595703 361.3619689941406 -1.5359638929367065
133.25094604492188 357.3644104003906 -1.5359638929367065
133.39022827148438 353.3669128417969 -1.5359708070755005
133.52565002441406 349.38568115234375 -1.5376168489456177
133.65452575683594 345.40423583984375 -1.5392628908157349
133.77684020996094 341.4225769042969 -1.540908932685852
133.89260864257812 337.44073486328125 -1.5425549745559692
134.00181579589844 333.45867919921875 -1.5442010164260864
134.10446166992188 329.4764709472656 -1.5458470582962036
134.2005615234375 325.49407958984375 -1.5474931001663208
134.29010009765625 321.51153564453125 -1.549139142036438
134.3730926513672 317.52886962890625 -1.5507851839065552
134.44952392578125 313.5460510253906 -1.5524312257766724
134.51939392089844 309.5631103515625 -1.5540772676467896
134.5827178955078 305.580078125 -1.5557233095169067
134.6394805908203 301.5969543457031 -1.557369351387024
134.68968200683594 297.6137390136719 -1.5590153932571411
134.73333740234375 293.63043212890625 -1.5606614351272583
134.7704315185547 289.6470642089844 -1.5623074769973755
134.80096435546875 285.66363525390625 -1.5639535188674927
134.824951171875 281.68017578125 -1.5655995607376099
134.84237670898438 277.6966857910156 -1.567245602607727
134.85324096679688 273.7131652832031 -1.5688916444778442
134.8575439453125 269.7296142578125 -1.5705376863479614
134.8553009033203 265.7460632324219 -1.5721837282180786
134.84649658203125 261.7625427246094 -1.5738297700881958
134.8311309814453 257.7790222167969 -1.575475811958313
134.8092041015625 253.79554748535156 -1.5771218538284302
134.78073120117188 249.81210327148438 -1.5787678956985474
134.74569702148438 245.82872009277344 -1.5804139375686646
134.7041015625 241.84539794921875 -1.5820599794387817
134.6559600830078 237.86215209960938 -1.583706021308899
134.60125732421875 233.8789825439453 -1.5853520631790161
134.5399932861328 229.8959197998047 -1.5869981050491333
134.47218322753906 225.9129638671875 -1.5886441469192505
134.39781188964844 221.93011474609375 -1.5902901887893677
134.31687927246094 217.94740295410156 -1.5919362306594849
134.22940063476562 213.96482849121094 -1.593582272529602
134.13536071777344 209.98240661621094 -1.5952283143997192
133.8927764892578 208.15968322753906 -1.8109912872314453
133.8927764892578 208.15968322753906 -2.210991382598877
133.8927764892578 208.15968322753906 -2.6109914779663086
130.45530700683594 206.14663696289062 -2.612637519836426
127.0145263671875 204.13925170898438 -2.614283561706543
123.57044219970703 202.1375274658203 -2.61592960357666
120.1230697631836 200.1414794921875 -2.6175756454467773
116.67241668701172 198.15110778808594 -2.6192216873168945
113.21849060058594 196.16641235351562 -2.6208677291870117
109.76130676269531 194.18740844726562 -2.622513771057129
106.30086517333984 192.21409606933594 -2.624159812927246
102.8371810913086 190.24649047851562 -2.6258058547973633
99.3702621459961 188.2845916748047 -2.6274518966674805
95.9001235961914 186.32839965820312 -2.6290979385375977
92.42676544189453 184.37791442871094 -2.630743980407715
88.95020294189453 182.4331512451172 -2.632390022277832
85.47044372558594 180.49411010742188 -2.634036064147949
81.98749542236328 178.56080627441406 -2.6356821060180664
78.50137329101562 176.63323974609375 -2.6373281478881836
75.0120849609375 174.71141052246094 -2.638974189758301
71.51963806152344 172.7953338623047 -2.640620231628418
68.02404022216797 170.88499450683594 -2.642266273498535
64.52529907226562 168.9804229736328 -2.6439123153686523
61.02342987060547 167.08160400390625 -2.6455583572387695
57.51844024658203 165.1885528564453 -2.6472043991088867
54.010337829589844 163.30128479003906 -2.648850440979004
50.4991340637207 161.41978454589844 -2.650496482849121
46.984840393066406 159.5440673828125 -2.6521425247192383
43.46746063232422 157.67413330078125 -2.6537885665893555
39.9470100402832 155.80999755859375 -2.6554346084594727
39.9470100402832 155.80999755859375 -2.65708065032959
39.9470100402832 155.80999755859375 -2.658726692199707
39.9470100402832 155.80999755859375 -2.660372734069824
39.9470100402832 155.80999755859375 -2.6620187759399414
39.9470100402832 155.80999755859375 -2.6636648178100586
39.9470100402832 155.80999755859375 -2.665310859680176
39.9470100402832 155.80999755859375 -2.666956901550293
39.9470100402832 155.80999755859375 -2.66860294342041
39.9470100402832 155.80999755859375 -2.6702489852905273
39.9470100402832 155.80999755859375 -2.6718950271606445
