-392.37697594282406
-394.62944175543765
-396.75269140062466
-398.74238422531835
-400.5944305811533
-402.30515316739445
-403.82780969507104
-403.82780969507104
-403.8869018721972
-403.8869018721972
-403.8869018721972
-401.3411215521057
-398.6831562138744
-395.9189788808793
-395.9189788808793
-392.53311894278465
-389.1174166938557
-385.6816693646322
-382.23594226515075
-378.7906472099631
-375.356464414997
-371.94435320665525
-371.94435320665525
-369.10070647639947
-366.380611220381
-363.79525735493576
-363.79525735493576
-363.79525735493576
-363.79525735493576
-363.79525735493576
-363.79525735493576
-367.0224573824054
-370.3147321532586
-373.6604559782126
-377.0481142800793
-380.46637227397383
-383.90410732867525
-387.350436347042
-390.7947396690716
-394.2267100103274
-397.6363078348444
-401.0138345370985
-404.34988219010177
-407.63543322344174
-410.8617750710736
-414.0205371032905
-417.1037244605158
-420.10366101091313
-423.0130864582643
-425.8250356635184
-428.5329358827002
-431.1305495905632
-433.6119812967794
-435.97171225298456
-438.20454818561984
-440.305658913805
-442.27055772833785
-444.0950498820118
-445.7753705207353
-447.30798382728597
-448.68978396512483
-449.91796108186566
-450.9900177540936
-451.90379755704924
-452.65747127008154
-453.2495409534495
-453.6788566050102
-453.94456593829125
-454.04611038992516
-453.983317625838
-453.756316396863
-453.3655502425928
-452.8117802040925
-452.0960990988113
-452.09610276993
-449.9891431006488
-447.75020783121147
-445.38425151018333
-442.8964957822877
-442.8964957822877
-442.8964957822877
-442.8964957822877
-439.332929559636
-435.77960842055643
-432.23678904059676
-428.7047615539338
-425.1837688656953
-425.1837688656953
-423.0971837922837
-421.18433563426896
-419.4534654956795
-417.91214436944983
-416.56721099825023
-415.4247198100459
-414.4898297843742
-413.7667995340975
-413.2589674220339
-412.9686692524827
-412.89726883326455
-413.0450846807292
-413.4114411670672
-413.99463699259013
-414.7919886273026
-415.7998435114708
-417.0135745679875
-418.427730761679
-420.03598368295195
-421.8312281001963
-423.80565515558163
-425.95076917315794
-428.25752621124286
-430.71632001837804
-433.31711982243013
-433.31711982243013
-436.65081284540156
-440.029014079374
-440.029014079374
-440.029014079374
-442.76501374595824
-445.3919521608527
-447.9037954678088
-450.2948732494822
-452.559856980046
-452.559856980046
-453.47345923624096
-454.2268897578788
-454.2268897578788
-453.44943339937004
-452.51204129147237
-451.41658022041725
-450.1652898228209
-448.7606497267306
-447.2055766051517
-445.5032312188199
-445.5032312188199
-445.5032312188199
-441.6231978643245
-437.7452425838492
-433.8676862406603
-429.9905409426694
-426.11384729752325
-422.2376164112525
-418.36186255434177
-414.48662971679545
-410.611931319171
-406.73781423863306
-402.8642936159239
-398.9913867993928
-395.11911481456923
-391.2475244988271
-387.37663632581894
-383.5065019345487
-379.63714413415124
-375.76858701169164
-371.90088306631117
-368.0340619152711
-364.1681518425296
-360.30321261362866
-356.43927567712655
-352.5763711227885
-348.71456684285096
-344.8538997290606
-340.99440548917653
-337.1361581496256
-333.2791976978416
-329.40852056759405
-325.54096978637756
-321.6766581194375
-317.8157037196775
-313.9582304468037
-310.10436820891914
-306.25425332838654
-302.40808444122376
-298.5807703792353
-294.7557534183204
-290.9331203598926
-287.11300033752445
-283.29546126164786
-279.4806691817537
-275.6687121353671
-271.859735666934
-268.0539006120263
-264.2513084696179
-260.45216098275694
-256.6565852533756
-252.8647676215688
-249.0768796241952
-245.29310838594714
-241.51367266808907
-237.7387792345499
-233.96868228326284
-230.20361204668237
-226.4438193536026
-222.68957218871023
-218.94119099478667
-215.1990058017172
-211.4633161023177
-207.73451647881942
-204.01297555313906
-200.29912150868017
-196.59338977863035
-192.89626891120662
-189.20825783163676
-185.52992863180253
-181.86187464494012
-178.20472430290195
-174.55919160998434
-170.92602625816576
-167.30602763936753
-165.38600331664514
-165.38600331664514
-165.38600331664514
-162.0208705804208
-158.68799805405453
-155.3894756814585
-152.12755535451197
-148.9046455890536
-145.72334086522707
-142.58642902228755
-139.49692255721308
-136.45804420097275
-133.4732719588782
-130.5463169671221
-127.68116031038393
-124.88207287601459
-122.15360018721107
-119.50057936269944
-116.9281651560137
-114.44179456240303
-112.04719724697001
-109.75039802145425
-107.55766266012007
-105.47549736456617
-103.51057519650163
-101.66969414190862
-99.95970762476892
-98.38745576343739
-96.9596383337318
-96.9596383337318
-96.9596383337318
-96.9596383337318
-96.9596383337318
-96.9596383337318
-96.9596383337318
-96.9596383337318
-96.9596383337318
-96.9596383337318
-96.9596383337318
