62.503692626953125 452.3689880371094 0.7301247715950012
65.13443756103516 454.5960388183594 0.6748513579368591
67.88420104980469 456.6743469238281 0.619577944278717
70.74458312988281 458.59759521484375 0.564304530620575
73.70684814453125 460.35986328125 0.5090311169624329
76.7619400024414 461.955810546875 0.4537573456764221
79.84295654296875 463.3417053222656 0.3916481137275696
79.84295654296875 463.3417053222656 -0.008351892232894897
83.28755187988281 463.2176818847656 -0.06362530589103699
83.28755187988281 463.2176818847656 -0.46362531185150146
83.28755187988281 463.2176818847656 -0.8636252880096436
85.45364379882812 460.5364990234375 -0.9188987016677856
87.46830749511719 457.73974609375 -0.9741721153259277
89.32528686523438 454.8360900878906 -1.029460072517395
89.32528686523438 454.8360900878906 -1.429460048675537
89.71634674072266 451.4115295410156 -1.4847334623336792
89.91761779785156 447.9705810546875 -1.5400068759918213
89.92848205566406 444.5237731933594 -1.5952802896499634
89.74890899658203 441.0816345214844 -1.6505537033081055
89.37944793701172 437.6546630859375 -1.7058271169662476
88.82122802734375 434.2533264160156 -1.7611005306243896
88.07595825195312 430.8880310058594 -1.8163739442825317
88.07595825195312 430.8880310058594 -2.216373920440674
85.9268569946289 428.1932373046875 -2.2716474533081055
83.63215637207031 425.62127685546875 -2.326920986175537
81.1988754272461 423.1800231933594 -2.3821945190429688
81.1988754272461 423.1800231933594 -2.7821946144104004
81.1988754272461 423.1800231933594 3.1009905338287354
81.1988754272461 423.1800231933594 2.7009904384613037
81.1988754272461 423.1800231933594 2.300990343093872
81.1988754272461 423.1800231933594 1.90099036693573
80.1718521118164 426.47027587890625 1.845716953277588
79.32817077636719 429.812255859375 1.7904435396194458
78.67040252685547 433.19573974609375 1.7351701259613037
78.2005615234375 436.6103820800781 1.6798967123031616
77.92008209228516 440.0457763671875 1.6246232986450195
77.82981872558594 443.4914245605469 1.5693498849868774
77.93004608154297 446.9367980957031 1.5140764713287354
78.22046661376953 450.3713684082031 1.4588030576705933
78.70018768310547 453.7846374511719 1.4035296440124512
79.36774444580078 457.16619873046875 1.348256230354309
80.2210922241211 460.5057067871094 1.292982816696167
81.25762939453125 463.7929992675781 1.237709403038025
82.47418975830078 467.01800537109375 1.1824359893798828
83.86705780029297 470.1708679199219 1.1271625757217407
85.4319839477539 473.2419738769531 1.0718891620635986
87.1641845703125 476.221923828125 1.0166157484054565
89.05836486816406 479.10162353515625 0.9613423347473145
91.1087417602539 481.8722839355469 0.9060689210891724
93.30905151367188 484.52545166015625 0.8507955074310303
95.65258026123047 487.0530090332031 0.7955220937728882
98.13216400146484 489.4472351074219 0.7402486801147461
100.74022674560547 491.7008056640625 0.684975266456604
103.46881103515625 493.8068542480469 0.6297018527984619
106.30957794189453 495.7589416503906 0.5744284391403198
109.25384521484375 497.5511169433594 0.5191550254821777
112.2926254272461 499.1778869628906 0.46388161182403564
115.41664123535156 500.6343078613281 0.40860819816589355
118.61634063720703 501.9159240722656 0.35333478450775146
121.8819580078125 503.018798828125 0.2980613708496094
125.20352172851562 503.9395751953125 0.24278795719146729
128.5708770751953 504.6754455566406 0.1875145435333252
131.97373962402344 505.22418212890625 0.1322411298751831
135.4017333984375 505.5840759277344 0.07696771621704102
138.8443603515625 505.7540283203125 0.021694302558898926
142.29112243652344 505.7335510253906 -0.033579111099243164
145.7314910888672 505.5226745605469 -0.08885252475738525
149.1549530029297 505.1220703125 -0.14412593841552734
152.55105590820312 504.5329284667969 -0.19939935207366943
155.909423828125 503.757080078125 -0.2546727657318115
159.2198028564453 502.796875 -0.3099461793899536
162.47207641601562 501.6552734375 -0.3652195930480957
165.6563262939453 500.3357238769531 -0.4204930067062378
168.7628173828125 498.84228515625 -0.4757664203643799
168.76287841796875 498.8422546386719 -0.8757591247558594
170.8962860107422 496.135009765625 -0.9310325384140015
172.87686157226562 493.31402587890625 -0.9863059520721436
174.69857788085938 490.387939453125 -1.0415793657302856
176.35585021972656 487.3656921386719 -1.0968527793884277
176.35586547851562 487.3656311035156 -1.4968454837799072
176.35586547851562 487.3656311035156 -1.8968454599380493
176.35586547851562 487.3656311035156 -2.2968454360961914
173.7086639404297 484.388916015625 -2.2984914779663086
171.0565643310547 481.41656494140625 -2.300137519836426
168.3995819091797 478.4485778808594 -2.301783561706543
165.7377166748047 475.4849548339844 -2.30342960357666
163.0709686279297 472.5257263183594 -2.3050756454467773
163.0709686279297 472.5257263183594 -2.705075740814209
159.9082794189453 471.15533447265625 -2.7603492736816406
156.67471313476562 469.9617614746094 -2.8156228065490723
153.38014221191406 468.9486389160156 -2.870896339416504
150.03463745117188 468.11907958984375 -2.9261698722839355
146.64840698242188 467.4756164550781 -2.981443405151367
143.23179626464844 467.02020263671875 -3.036716938018799
139.7952423095703 466.7542419433594 -3.0919904708862305
136.3492431640625 466.67852783203125 3.1359212398529053
132.90432739257812 466.7933044433594 3.0806479454040527
129.47100830078125 467.0982360839844 3.025374412536621
126.05978393554688 467.5923767089844 2.9701008796691895
122.68106842041016 468.2742004394531 2.914827346801758
119.34518432617188 469.14166259765625 2.859553813934326
116.06231689453125 470.19207763671875 2.8042802810668945
112.84249114990234 471.4222412109375 2.749006748199463
109.69554138183594 472.82843017578125 2.6937332153320312
106.63108825683594 474.40631103515625 2.6384596824645996
103.65848541259766 476.1510925292969 2.583186149597168
100.78681182861328 478.05743408203125 2.5279126167297363
98.02484130859375 480.1195068359375 2.4726390838623047
95.3810043334961 482.3310241699219 2.417365550994873
92.8633804321289 484.6852111816406 2.3620920181274414
90.47966003417969 487.1748962402344 2.3068184852600098
88.23712158203125 489.7924499511719 2.251544952392578
86.14261627197266 492.5299072265625 2.1962714195251465
86.14261627197266 492.5299072265625 1.7962714433670044
85.46514129638672 495.90948486328125 1.7409980297088623
84.97541046142578 499.32135009765625 1.6857246160507202
84.97541046142578 499.32135009765625 1.2857246398925781
84.97541046142578 499.32135009765625 0.885724663734436
87.22924041748047 501.92919921875 0.830451250076294
89.62370300292969 504.4085388183594 0.7751778364181519
92.15147399902344 506.7518310546875 0.7199044227600098
94.80484008789062 508.9518737792969 0.6646310091018677
97.57569885253906 511.0019836425781 0.6093575954437256
97.57569885253906 511.0019836425781 0.2093575894832611
100.96577453613281 511.6249084472656 0.15408417582511902
104.38508605957031 512.0595703125 0.09881076216697693
104.38508605957031 512.0595703125 -0.30118924379348755
107.6472396850586 510.94647216796875 -0.35646265745162964
110.8429183959961 509.6548767089844 -0.41173607110977173
113.96236419677734 508.1886901855469 -0.4670094847679138
116.99604034423828 506.5523986816406 -0.5222828984260559
119.9346923828125 504.7510070800781 -0.577556312084198
122.76933288574219 502.7900390625 -0.6328297257423401
125.4913101196289 500.67547607421875 -0.6881031394004822
125.4913101196289 500.67547607421875 -1.088103175163269
125.4913101196289 500.67547607421875 -1.4881031513214111
125.81758117675781 496.7035217285156 -1.48957097530365
126.13751983642578 492.73284912109375 -1.491217017173767
126.450927734375 488.76165771484375 -1.4928630590438843
126.75779724121094 484.7899475097656 -1.4945091009140015
127.0581283569336 480.8177490234375 -1.4961551427841187
127.35192108154297 476.8450622558594 -1.4978011846542358
127.63917541503906 472.87188720703125 -1.499447226524353
127.91988372802734 468.89825439453125 -1.5010932683944702
128.1940460205078 464.9241638183594 -1.5027393102645874
128.461669921875 460.9496154785156 -1.5043853521347046
128.72274780273438 456.9746398925781 -1.5060313940048218
128.977294921875 452.9992370605469 -1.507677435874939
129.2252960205078 449.0234375 -1.5093234777450562
129.4667510986328 445.0472106933594 -1.5109695196151733
129.70166015625 441.07061767578125 -1.5126155614852905
129.93002319335938 437.0936279296875 -1.5142616033554077
130.15184020996094 433.11627197265625 -1.515907645225525
130.3671112060547 429.1385498046875 -1.517553687095642
130.57583618164062 425.1604919433594 -1.5191997289657593
130.77801513671875 421.1820983886719 -1.5208457708358765
130.9736328125 417.203369140625 -1.5224918127059937
131.16270446777344 413.2243347167969 -1.5241378545761108
131.34523010253906 409.2449645996094 -1.525783896446228
131.52120971679688 405.26531982421875 -1.5274299383163452
131.6906280517578 401.285400390625 -1.5290759801864624
131.85350036621094 397.3052062988281 -1.5307220220565796
132.0098114013672 393.3247375488281 -1.5323680639266968
132.15957641601562 389.3440246582031 -1.534014105796814
132.30279541015625 385.3630676269531 -1.5356601476669312
132.4433135986328 381.36553955078125 -1.5356601476669312
132.58383178710938 377.3680114746094 -1.5356601476669312
132.72434997558594 373.3704833984375 -1.5356601476669312
132.8648681640625 369.3729553222656 -1.5356601476669312
133.00538635253906 365.37542724609375 -1.5356601476669312
133.14590454101562 361.3778991699219 -1.5356601476669312
133.2864227294922 357.38037109375 -1.5356601476669312
133.4269256591797 353.3829040527344 -1.535667061805725
133.5635528564453 349.4017028808594 -1.5373131036758423
133.69363403320312 345.4202880859375 -1.5389591455459595
133.81715393066406 341.43865966796875 -1.5406051874160767
133.9341278076172 337.45684814453125 -1.5422512292861938
134.04454040527344 333.474853515625 -1.543897271156311
134.14840698242188 329.49267578125 -1.5455433130264282
134.24571228027344 325.51031494140625 -1.5471893548965454
134.3364715576172 321.5278015136719 -1.5488353967666626
134.42066955566406 317.545166015625 -1.5504814386367798
134.49830627441406 313.5623779296875 -1.552127480506897
134.56939697265625 309.5794677734375 -1.5537735223770142
134.63392639160156 305.5964660644531 -1.5554195642471313
134.69189453125 301.61334228515625 -1.5570656061172485
134.74331665039062 297.630126953125 -1.5587116479873657
134.78817749023438 293.6468505859375 -1.560357689857483
134.82647705078125 289.6634826660156 -1.5620037317276
134.8582305908203 285.6800842285156 -1.5636497735977173
134.8834228515625 281.6966247558594 -1.5652958154678345
134.9020538330078 277.713134765625 -1.5669418573379517
134.91412353515625 273.7296142578125 -1.5685878992080688
134.91964721679688 269.74609375 -1.570233941078186
134.91860961914062 265.7625427246094 -1.5718799829483032
134.9110107421875 261.7790222167969 -1.5735260248184204
134.8968505859375 257.7955017089844 -1.5751720666885376
134.8761444091797 253.81201171875 -1.5768181085586548
134.848876953125 249.8285675048828 -1.578464150428772
134.81504821777344 245.8451690673828 -1.5801101922988892
134.77467346191406 241.86183166503906 -1.5817562341690063
134.7277374267578 237.87857055664062 -1.5834022760391235
134.6742401123047 233.8953857421875 -1.5850483179092407
134.61419677734375 229.91229248046875 -1.586694359779358
134.54759216308594 225.92930603027344 -1.588340401649475
134.47442626953125 221.94644165039062 -1.5899864435195923
134.39471435546875 217.9636993408203 -1.5916324853897095
134.30844116210938 213.98109436035156 -1.5932785272598267
134.21560668945312 209.99864196777344 -1.5949245691299438
134.09947204589844 206.1158447265625 -1.6064692735671997
134.09947204589844 206.1158447265625 -2.006469249725342
134.09947204589844 206.1158447265625 -2.4064693450927734
131.14248657226562 203.4466094970703 -2.4081153869628906
128.18112182617188 200.78224182128906 -2.409761428833008
125.21537017822266 198.12274169921875 -2.411407470703125
122.24524688720703 195.4681396484375 -2.413053512573242
119.27075958251953 192.81842041015625 -2.4146995544433594
116.29190826416016 190.17359924316406 -2.4163455963134766
113.30870819091797 187.53369140625 -2.4179916381835938
110.3211669921875 184.89869689941406 -2.419637680053711
107.32929229736328 182.2686309814453 -2.421283721923828
104.33309173583984 179.64349365234375 -2.4229297637939453
101.33258056640625 177.02328491210938 -2.4245758056640625
98.3277587890625 174.40802001953125 -2.4262218475341797
95.31863403320312 171.79769897460938 -2.427867889404297
92.30521392822266 169.1923370361328 -2.429513931274414
89.28751373291016 166.59193420410156 -2.4311599731445312
86.26553344726562 163.9965057373047 -2.4328060150146484
83.23928833007812 161.4060516357422 -2.4344520568847656
80.20878601074219 158.82058715820312 -2.436098098754883
80.20878601074219 158.82058715820312 -2.437744140625
80.20878601074219 158.82058715820312 -2.439390182495117
80.20878601074219 158.82058715820312 -2.4410362243652344
80.20878601074219 158.82058715820312 -2.4426822662353516
80.20878601074219 158.82058715820312 -2.4443283081054688
80.20878601074219 158.82058715820312 -2.445974349975586
80.20878601074219 158.82058715820312 -2.447620391845703
80.20878601074219 158.82058715820312 -2.4492664337158203
80.20878601074219 158.82058715820312 -2.4509124755859375
80.20878601074219 158.82058715820312 -2.4525585174560547
