-392.8386125732418
-395.6972972357272
-398.57562226388694
-401.4731651747935
-404.3895128671445
-407.32426142745646
-410.2770159867068
-413.2473601013655
-416.23494750769794
-419.23940920769
-422.26038501021907
-425.2975230062273
-428.3504794109317
-431.4189191055772
-434.50251346716027
-437.6009421296311
-440.7138922164894
-443.8410581828588
-446.9821416584314
-450.13685225030434
-453.3049045937952
-456.48599067755345
-459.6798695596822
-462.8862775512064
-466.10495390719996
-469.3356484734973
-472.57811367330845
-475.8321088806279
-479.0973991625587
-482.3737551428865
-485.66095286809895
-488.958773675889
-488.95893317999827
-491.1343692982802
-493.33264556813407
-495.55345803275975
-497.79650507103344
-497.79650507103344
-498.601230891064
-499.4366970948513
-500.3027496803568
-500.3027496803568
-499.61057532015326
-498.94950922508633
-498.3196751989486
-497.7211918082531
-497.1541722744377
-496.61872437006025
-496.1149503191993
-495.64294670226917
-495.20280436545033
-494.7946083349289
-494.4184377361306
-494.074365718125
-493.76245938336604
-493.4827797229241
-493.4370742844486
-491.71959291436133
-490.02874355501797
-488.36480282789586
-486.7280467046514
-485.1187220720879
-483.5371315489956
-481.98354815724815
-480.4582435838881
-478.961487999843
-477.49355616096733
-476.05470857877845
-474.64520975288485
-473.2653219064863
-471.91530478857726
-470.5954154735223
-469.3059081582651
-468.0470339574502
-466.81904069675085
-465.622172704714
-464.456670603446
-463.3227710984784
-462.22069156474174
-461.150675005402
-460.1129451128519
-459.1077208216404
-458.13521609978307
-457.1956397415479
-456.289195162132
-455.4160801946542
-454.5764868898917
-453.7706013191938
-452.9986033810085
-452.26066661145796
-451.5569579993991
-450.88763780640124
-450.25285939207146
-450.2467622917235
-450.2487279076428
-450.2524800129588
-448.9370305551334
-447.4950504585274
-451.45894066733456
-449.9805223007407
-453.93413122545434
-457.8885458344327
-461.84374543230257
-465.79971002256576
-469.75642027850773
-473.713857515539
-477.67200366488885
-481.6308412485744
-485.5903712695933
-489.5505593900979
-493.5113897673066
-497.4728470604636
-501.4349164112056
-505.3975834248384
-509.36083415247447
-513.3246550739863
-517.2890330817326
-521.2539554650161
-525.2194098952366
-529.1853844117015
-533.1518674080628
-537.118822670077
-541.0862641778274
-545.0541813131872
-549.0225637637337
-552.9914265259299
-556.960752343331
-560.9305142527775
-564.900703060539
-568.8713098285644
-572.8423258656885
-572.8423258656885
-576.6876745518795
-580.5351130540944
-584.3846000958947
-588.236095459621
-592.0895599533527
-595.9449553790705
-595.9449553790705
-599.0883438694574
-602.2418927903757
-605.4054433652029
-608.5788396203895
-611.7619283382876
-614.9545590103862
-618.1565837909806
-621.3678574512934
-624.5882373340731
-627.8175833086841
-631.0557577267059
-634.3026253780569
-637.5580534476549
-640.8219114726244
-644.0940713000639
-647.3744070453773
-650.6627950511804
-653.9591138467857
-657.2632441082724
-660.5750686191434
-663.8944722315737
-667.2213418282512
-667.4545392738842
-669.776490572398
-672.1142260447278
-674.4675815648897
-676.8363942005042
-679.2205022293947
-681.6197451550414
-684.0339433157159
-686.4629589033173
-686.4629589033173
-687.4824913896857
-688.5237523506216
-688.5237523506216
-688.0013782465697
-687.5018803550462
-687.0253085721183
-686.5717106390636
-686.1411321189183
-685.7336163739949
-685.3492045443905
-685.3492045443905
-683.4640203848599
-681.5970968938171
-679.7485845295738
-677.9186338995816
-676.1073957212913
-674.3150207819893
-672.5416598976146
-670.7874638705609
-669.0525834464698
-667.3371692700234
-665.6413718397442
-663.9653414618126
-662.309228202916
-662.309228202916
-659.3789964855729
-656.4600583731541
-656.4600583731541
-652.7108973519254
-648.964731339058
-645.2216125017394
-641.4815941818308
-637.7447309277676
-634.0110785274555
-630.2806940421967
-626.5536358416798
-622.8299636400714
-622.8299636400714
-618.8480061356078
-614.8662206178108
-610.8845429673285
-606.9029951053054
-602.9215798064138
-598.9403472470304
-594.9592532608588
-590.9783483367456
-586.9975886650974
-583.0170208078887
-579.0366528180817
-575.0564650633521
-571.0765046689837
-567.0967330653941
-563.1171977971073
-559.1379036785274
-555.1588557516134
-551.1800592940712
-547.2015198279005
-543.2063848503634
-539.2113221792786
-535.2163334338165
-531.2214202818243
-527.2265844416673
-523.2318276841561
-519.2371518345601
-515.2425587747168
-511.24805044523805
-507.25362884782163
-503.25929604767197
-499.2650541760367
-495.27090543286624
-491.2768520896025
-487.28289649210456
-483.2890410637186
-479.29528830850205
-475.30164081460873
-471.3081012578463
-467.31467240541576
-466.99913926127095
-463.37420933291145
-459.7569033343478
-456.1474228187718
-452.545978340259
-448.9527197783802
-445.3678889900093
-441.791690892052
-438.2243367021518
-434.6660441554086
-431.1170377287952
-427.5775488735058
-424.0478386889288
-420.5281306879979
-417.0187009630655
-413.519811057721
-410.03173076456056
-406.554738409285
-403.0891211442712
-399.63521840891343
-396.19329277368564
-392.76368125227964
-389.34670909144756
-385.9427338229597
-382.55208027073616
-379.1751281259665
-375.8122246509108
-372.46379399981583
-369.1301863417753
-365.8118508037242
-362.5091837789718
-359.22264034161776
-355.95266707917403
-352.6997019024243
-354.00316141269195
-350.28634200631853
-346.57693209552366
-342.8751723368036
-339.18131353300487
-335.49563664249297
-331.81841396965325
-333.24344573493397
-329.30247517440154
-325.3631493549894
-321.4255090752855
-317.4896606119685
-313.55564688092574
-315.0337897623274
-311.06778426048083
-307.1018613186623
-303.1359997703683
-299.17021212480194
-295.20451551013105
-296.64804885635044
-292.9014095808006
-289.15966279934213
-285.42303527364544
-286.7346435821798
-283.4662108799197
-280.213896327873
-276.97829135679336
-278.0600026656769
-275.51143166846276
-272.99767907930817
-270.51971553009764
-268.0785334624802
-265.67513609833816
-263.31056880713857
-260.9858870080895
-258.7021659291851
-256.46049980980695
-254.26200096776628
-252.10779872261148
-249.9990381673121
-247.93686701933913
-245.92246908206977
-243.95702777487156
-242.04173572206338
-242.57525669250776
-242.75703129207565
-242.5763907824252
-242.04394232859363
-243.95651629628708
-245.91928259440675
-247.93102785562436
-249.9905905248929
-252.09679863905956
-254.24849296068598
-256.44452853811686
-258.68377609957224
-258.40867747696757
-261.6959326739376
-265.0027878675397
-268.3285105989185
-271.6724156981055
-275.03383997355536
-278.41214886979867
-281.806735147234
-285.21701761769464
-288.64243993471587
-292.0824694372198
-295.5365890283813
-299.00431735412616
-302.4851863780678
-305.9787476277275
-309.4845712816415
-313.00224529996757
-316.5313745968185
-320.07158025256257
-323.6224987643543
-327.1837750745135
-330.7550808211008
-334.336094607468
-337.92650780489595
-341.52602396960725
-345.1343582884829
-348.751237052078
-352.3763971535896
-356.00957992543505
-359.6505478786468
-363.2990669450207
-366.9549118894855
-370.6178659205506
-374.2877203197723
-377.96427408926706
-381.64733361634643
-385.33670716011454
-389.03222024411735
-392.73369955437937
-396.4409779750401
-400.1538943262672
-403.8722931146468
-407.5960242954089
-411.32494304588243
-415.0589047829389
-418.7977793561129
-422.5414363511518
-426.28974977104696
-430.04259785760013
-433.7998629211974
-437.56143117837763
-441.3271925968021
-445.0970363541757
-448.87086396290084
-452.64857578033616
-456.43007536178806
-460.2152693372998
-464.00406729389164
-467.7963816629841
-471.5921276127512
-475.3912523601386
-475.3912523601386
-478.4136640322648
-481.45033453694157
-481.45033453694157
-483.2563832920502
-485.08869247337327
-486.9469656387385
-488.8309066847723
-490.74021999625455
-492.67461058991256
-494.6337842526586
-496.61744767428695
-496.61744767428695
-497.12164298473806
-497.6574791172964
-498.22485398375505
-498.82365996522304
-499.4537840113754
-500.11510774388483
-500.8075075638225
-501.5308547628087
-502.2850146495685
-503.0698497503855
-503.8852167291556
-504.73096761785416
-505.60694994301355
-506.5130068545656
-507.4489772568114
-508.41469594128483
-509.40999372127436
-510.2428317141344
-511.12134616208954
-512.0296023035063
-512.9674421571796
-513.9347037680216
-514.9312213360353
-515.9568253466273
-517.011342702045
-518.0945968578144
-518.1252959871325
-518.0379702333819
-517.8442291413805
-514.9206660511463
-512.0116588711817
-512.0116588711817
-508.26880613151235
-504.529900141475
-500.7950292996736
-497.06428456471855
-493.33775954460486
-489.61555058966985
-485.8977568892875
-482.1844805724641
-478.4758268125081
-474.77190393595305
-471.0728235359229
-467.378700590136
-463.68965358375385
-460.00580463728886
-456.3272796397974
-452.65423884838873
-448.9867856367433
-445.3250580536201
-441.669198506699
-441.35325544628336
-437.3588286201728
-433.3645044979473
-429.3702859458922
-425.37617593787184
-421.3821775604203
-417.3882940181242
-413.39452863931666
-409.4008848821039
-405.4073663407472
-401.4139767524247
-397.4207200044
-393.42760014162633
-389.45121869829507
-385.47474635076924
-381.4981800680779
-377.5215168234421
-373.54475359449043
-369.56788736348796
-365.5909456884721
-361.61389499007083
-357.63676267634776
-353.65954574594343
-349.6822413654756
-345.70484638605905
-341.72735798955057
-337.74980360627404
-333.7721496991847
-329.7944238748905
-325.81659278255967
-321.8386838780629
-317.86069422587286
-313.8826512923114
-309.90452176656055
-305.92630274446856
-301.9313719410331
-297.93657748787024
-293.94192494415285
-289.9474201752092
-285.9530693738776
-281.9588790836725
-277.96485622394334
-273.97100811722936
-269.97734251903705
-265.98386765029375
-261.99059223276237
-257.99752552773674
-254.00467737837786
-250.0120582560959
-246.01967931143682
-242.02755242999086
-238.0356902939111
-234.04410644970872
-230.05281538308424
-226.06183260166088
-222.07117472660937
-218.08085959429874
-214.090906369274
-210.10133567006014
-206.11216970952094
-202.12343245177308
-198.13514978797585
-194.14736488105672
-190.16009293956446
-186.17336692201843
-182.18722266709125
-178.201699214646
-174.2168391706069
-170.2326891227949
-166.24930011621177
-162.26672819790704
-158.28503504358116
-154.30428868055827
-150.3245643248285
-146.34594535366196
-142.36852444004472
-138.39240488113967
-134.41770216048943
-130.4445457932139
-126.47308151563637
-122.5034738964361
-118.5359094667092
-114.5706004927793
-110.60778955038964
-106.64775510502604
-102.6908183647935
-98.73735175551091
-94.78778948115131
-90.84264078903531
-86.90250677684408
-82.96810188526815
-79.04028165789975
-75.12007898323253
-71.20875196283912
-67.30784793420655
-63.419290273027215
-59.54549782901958
-55.689551914593
-51.85543386147301
-48.04836935054233
-44.27533761928587
-40.54584063906489
-36.87309063160047
-33.27588285973912
-29.78160330195501
-26.431105882010236
-23.286536213617847
-23.286536213617847
-19.526698304153733
-15.884613426976905
-12.46394329120069
-9.506771845824545
-7.576770552487018
-7.512396794344887
-7.512396794344887
-7.976099213050189
-10.139043444560782
-13.190232580909889
-16.648250939958743
-20.30630945402167
-24.073389720793326
-27.905374507072306
-31.778793319362826
-35.68015607897182
-39.601203717228536
-43.53661790878703
-47.48282665413498
-51.43734557931798
-51.43734557931798
-54.8970776701224
-58.42583081801276
-62.01182331147003
-62.01182331147003
-62.01182331147003
-62.01182331147003
-62.01182331147003
-62.01182331147003
-62.01182331147003
-62.01182331147003
-62.01182331147003
-62.01182331147003
-62.01182331147003
