-392.37697594282406
-394.62944175543765
-396.75269140062466
-398.74238422531835
-400.5944305811533
-402.30515316739445
-403.8295112750423
-403.8295112750423
-403.8896000853232
-403.8896000853232
-403.8896000853232
-401.3444593271343
-398.6871123316717
-395.92361698390914
-395.92361698390914
-392.53795577147974
-389.12239156672825
-385.6867202653136
-382.2410362010509
-378.7957187081667
-375.3614464998462
-371.94917794662314
-371.94917794662314
-369.10494701443093
-366.3842203264454
-363.7981879643011
-363.7981879643011
-363.7981879643011
-363.7981879643011
-363.7981879643011
-363.7981879643011
-367.02502192681993
-370.31700307893
-373.66247349064764
-377.04991755770334
-380.4680295067281
-383.90568522394256
-387.3520004763641
-390.79635448212224
-394.22840804784
-397.6381507588627
-401.0158522300315
-404.35216465969563
-407.6380084113303
-410.86467034563157
-414.0238094376206
-417.1073995969809
-420.1077949986351
-423.0177038457148
-425.830191531789
-428.53865520346767
-431.13685724238877
-433.6189014402901
-435.9792705225746
-438.2127705092869
-440.3145707409978
-442.28015450759693
-444.10538995855404
-445.7864503754477
-447.31983282881095
-448.7024021223817
-449.9313470562575
-451.00420347023396
-451.9187870844296
-452.67326729445045
-453.26617714271094
-453.6963104455485
-453.9628433299809
-454.0652182682458
-454.0032639734062
-453.77708380727813
-453.3871491343382
-452.8341959350828
-452.11934451669555
-452.1193295780604
-450.01303647143175
-447.77475464991306
-445.4094096385912
-442.92224904323956
-442.92219416028433
-442.92219416028433
-442.92219416028433
-439.3581822295276
-435.80440760510004
-432.2611267377609
-428.728599956895
-425.2071253499753
-425.2071253499753
-423.11980970143185
-421.2061799535398
-419.4744810245065
-417.93231397706637
-416.5865149498209
-415.4431095395319
-414.5072906887887
-413.7833151920862
-413.27452557895685
-412.98328636522166
-412.9109354387333
-413.05779145635165
-413.4232104948653
-414.00546364934695
-414.8018676837875
-415.80880172819053
-417.0216409465862
-418.4349353983836
-420.04235763836317
-421.8368032552578
-423.81046405682577
-425.9548454587898
-428.26090371834573
-430.7190326306338
-433.3192322421916
-433.3192322421916
-436.65266793530094
-440.030703223473
-440.030703223473
-440.030703223473
-442.7672624029904
-445.3947834834564
-447.907262534362
-450.29896942307715
-452.5646057678362
-452.5646057678362
-453.47905421678115
-454.2333001615333
-454.2333001615333
-453.4567015827884
-452.52017689733333
-451.4255628117904
-450.17506970427513
-448.7712397756412
-447.2169583590177
-445.5154171456076
-445.5154171456076
-445.5154171456076
-441.63718089556795
-437.75930469944853
-433.88183018690256
-430.0047671662393
-426.1281574201829
-422.2520132947174
-418.3763780162534
-414.50123410664077
-410.6266288896303
-406.75260551916836
-402.879180414075
-399.00637095163296
-395.1341955142983
-391.2627035720265
-387.39191562936287
-383.5218833574077
-379.65262959854635
-375.7841784743616
-371.9165554516618
-368.04981736081055
-364.1840224600212
-360.31917067674266
-356.45532039926786
-352.592537713287
-348.7308576284896
-344.87031390734995
-341.0109486224372
-337.15283271729874
-333.2960062346822
-329.425435949818
-325.55799478363343
-321.69379559206186
-317.83295662248213
-313.9756018330473
-310.12186123447384
-306.2718712561089
-302.42583064503435
-298.5986482058679
-294.7737625145668
-290.9512680389538
-287.1312863285197
-283.31392265322876
-279.49928035473266
-275.68750646734753
-271.87871719468177
-268.0730399422712
-264.2706434171013
-260.47166672933685
-256.6762620123422
-252.88462455844342
-249.09692169913166
-245.3133360791727
-241.53409586056725
-237.75940341737495
-233.98950826295328
-230.22465051537012
-226.4650764179556
-222.7110541828083
-218.9628992741485
-215.2209523175149
-211.48550794027454
-207.75696100139595
-204.03568041601736
-200.32209467271608
-196.61663952697504
-192.91978389017507
-189.23206692990135
-185.5540272239126
-181.8862663242419
-178.22943932152205
-174.58422673537456
-170.95138600651723
-167.33174379986056
-164.32505736395862
-164.32505736395862
-164.32505736395862
-160.71517423610482
-157.1262133008527
-153.55966625980582
-150.0171456235945
-146.50038649959987
-143.0113042242108
-139.55199549177448
-136.12473293684593
-132.73200201645452
-129.37653718820033
-126.0613316386012
-122.78963400451039
-119.56505088451934
-116.39148289895417
-113.27323795456513
-110.2150287730781
-107.2219939236076
-104.29974610996985
-101.45441947732171
-98.69266940891904
-98.69266940891904
-98.69266940891904
-98.69266940891904
-98.69266940891904
-98.69266940891904
-98.69266940891904
-98.69266940891904
-98.69266940891904
-98.69266940891904
-98.69266940891904
