62.503692626953125 452.3689880371094 0.7301247715950012
65.13443756103516 454.5960388183594 0.6748513579368591
67.88420104980469 456.6743469238281 0.619577944278717
70.74458312988281 458.59759521484375 0.564304530620575
73.70684814453125 460.35986328125 0.5090311169624329
76.7619400024414 461.955810546875 0.45375731587409973
79.84058380126953 463.3401184082031 0.39136752486228943
79.84058380126953 463.3401184082031 -0.008632481098175049
83.28514099121094 463.2151184082031 -0.06390589475631714
83.28514099121094 463.2151184082031 -0.4639059007167816
83.28514099121094 463.2151184082031 -0.8639059066772461
85.45047760009766 460.5333557128906 -0.9191793203353882
87.46435546875 457.7360534667969 -0.9744527339935303
89.32060241699219 454.831787109375 -1.029728889465332
89.32060241699219 454.831787109375 -1.4297288656234741
89.71073913574219 451.4071044921875 -1.4850022792816162
89.91108703613281 447.9660949707031 -1.5402756929397583
89.92102813720703 444.519287109375 -1.5955491065979004
89.74053192138672 441.0771789550781 -1.6508225202560425
89.37015533447266 437.6502990722656 -1.7060959339141846
88.81102752685547 434.2491149902344 -1.7613693475723267
88.06484985351562 430.884033203125 -1.8166427612304688
88.06484985351562 430.884033203125 -2.2166428565979004
85.91502380371094 428.1898193359375 -2.271916389465332
83.61963653564453 425.61846923828125 -2.3271899223327637
81.18569946289062 423.1778564453125 -2.3824634552001953
81.18569946289062 423.1778564453125 -2.782463550567627
81.18569946289062 423.1778564453125 3.100721597671509
81.18569946289062 423.1778564453125 2.700721502304077
81.18569946289062 423.1778564453125 2.3007214069366455
81.18569946289062 423.1778564453125 1.9007214307785034
80.15956115722656 426.4683837890625 1.8454480171203613
79.3167724609375 429.8105773925781 1.7901746034622192
78.659912109375 433.1942443847656 1.7349011898040771
78.19098663330078 436.6090393066406 1.679627776145935
77.91143035888672 440.0445251464844 1.624354362487793
77.82209777832031 443.4902038574219 1.5690809488296509
77.92325592041016 446.935546875 1.5138075351715088
78.214599609375 450.3700256347656 1.4585341215133667
78.69523620605469 453.7831726074219 1.4032607078552246
79.36370086669922 457.16455078125 1.3479872941970825
80.21794891357422 460.50384521484375 1.2927138805389404
81.25537109375 463.79083251953125 1.2374404668807983
82.4728012084961 467.0155029296875 1.1821670532226562
83.86651611328125 470.1679992675781 1.1268936395645142
85.43226623535156 473.2386779785156 1.071620225906372
87.16526794433594 476.2181701660156 1.01634681224823
89.06021881103516 479.09735107421875 0.9610733985900879
91.11134338378906 481.8674621582031 0.9057999849319458
93.31237030029297 484.52001953125 0.8505265712738037
95.65657806396484 487.04693603515625 0.7952531576156616
98.13680267333984 489.44049072265625 0.7399797439575195
100.74547576904297 491.693359375 0.6847063302993774
103.47462463378906 493.7986755371094 0.6294329166412354
106.31591033935547 495.75 0.5741595029830933
109.26065826416016 497.5413818359375 0.5188860893249512
112.29988098144531 499.1673583984375 0.4636126756668091
115.42428588867188 500.6229248046875 0.408339262008667
118.62433624267578 501.9036865234375 0.3530658483505249
121.89025115966797 503.00567626953125 0.2977924346923828
125.2120590209961 503.9255676269531 0.24251902103424072
128.57962036132812 504.6605529785156 0.18724560737609863
131.98263549804688 505.2083740234375 0.13197219371795654
135.4107208251953 505.5673522949219 0.07669878005981445
138.8533935546875 505.73638916015625 0.021425366401672363
142.30015563964844 505.7149658203125 -0.03384804725646973
145.74046325683594 505.503173828125 -0.08912146091461182
149.163818359375 505.1016540527344 -0.1443948745727539
152.5597686767578 504.5115966796875 -0.199668288230896
155.91793823242188 503.7348327636719 -0.2549417018890381
159.22805786132812 502.77374267578125 -0.3102151155471802
162.4800262451172 501.6312561035156 -0.36548852920532227
165.66390991210938 500.31085205078125 -0.42076194286346436
168.76998901367188 498.8165588378906 -0.47603535652160645
168.77000427246094 498.8165588378906 -0.8760342001914978
170.9026641845703 496.1087341308594 -0.9313076138496399
172.88246154785156 493.2872009277344 -0.986581027507782
174.703369140625 490.3606262207031 -1.0418543815612793
176.3598175048828 487.3379211425781 -1.0971277952194214
176.3598175048828 487.3379211425781 -1.497126579284668
176.3598175048828 487.3379211425781 -1.89712655544281
176.3598175048828 487.3379211425781 -2.297126531600952
173.71177673339844 484.3619384765625 -2.2987725734710693
171.058837890625 481.39031982421875 -2.3004186153411865
168.40101623535156 478.4230651855469 -2.3020646572113037
165.73831176757812 475.460205078125 -2.303710699081421
163.07073974609375 472.501708984375 -2.305356740951538
163.07073974609375 472.501708984375 -2.7053568363189697
159.90765380859375 471.1322021484375 -2.7606301307678223
156.6737518310547 469.9395446777344 -2.815903663635254
153.37889099121094 468.9273681640625 -2.8711771965026855
150.03314208984375 468.0987548828125 -2.926450729370117
146.646728515625 467.45623779296875 -2.981724262237549
143.22999572753906 467.0018005371094 -3.0369977951049805
139.79336547851562 466.73681640625 -3.092271327972412
136.34735107421875 466.6620788574219 3.1356403827667236
132.9024658203125 466.77783203125 3.080367088317871
129.46923828125 467.0837097167969 3.0250935554504395
126.05815124511719 467.57879638671875 2.969820022583008
122.67962646484375 468.2615661621094 2.914546489715576
119.34398651123047 469.12994384765625 2.8592729568481445
116.06140899658203 470.1812744140625 2.803999423980713
112.84192657470703 471.412353515625 2.7487258911132812
109.69537353515625 472.8194274902344 2.6934523582458496
106.63136291503906 474.3981628417969 2.638178825378418
103.65924835205078 476.1437683105469 2.5829052925109863
100.7881088256836 478.0509033203125 2.5276317596435547
98.02671813964844 480.1137390136719 2.472358226776123
95.38350677490234 482.32598876953125 2.4170846939086914
92.86654663085938 484.6808776855469 2.3618111610412598
90.48352813720703 487.1712341308594 2.306537628173828
88.24172973632812 489.7894287109375 2.2512640953063965
86.14799499511719 492.5274658203125 2.195990562438965
86.14799499511719 492.5274658203125 1.7959905862808228
85.47146606445312 495.9072570800781 1.7407171726226807
84.9826889038086 499.3192443847656 1.6854437589645386
84.9826889038086 499.3192443847656 1.2854437828063965
84.9826889038086 499.3192443847656 0.8854438066482544
87.23725128173828 501.92645263671875 0.8301703929901123
89.63240814208984 504.4051208496094 0.7748969793319702
92.16084289550781 506.7476806640625 0.7196235656738281
94.81482696533203 508.9469909667969 0.664350152015686
97.58626556396484 510.996337890625 0.609076738357544
97.58626556396484 510.996337890625 0.20907673239707947
100.97650909423828 511.6183166503906 0.15380331873893738
104.39594268798828 512.0520629882812 0.09852990508079529
104.39594268798828 512.0520629882812 -0.3014701008796692
107.65778350830078 510.93804931640625 -0.3567435145378113
110.85309600830078 509.6455383300781 -0.41201692819595337
113.97212982177734 508.178466796875 -0.46729034185409546
117.0053482055664 506.5413513183594 -0.5225637555122375
119.94348907470703 504.7391357421875 -0.5778371691703796
122.77758026123047 502.7773742675781 -0.6331105828285217
125.49897003173828 500.6620178222656 -0.6883839964866638
125.49897003173828 500.6620178222656 -1.0883840322494507
125.49897003173828 500.6620178222656 -1.4883840084075928
125.82408905029297 496.6900939941406 -1.489863395690918
126.14286804199219 492.7193298339844 -1.4915094375610352
126.45510864257812 488.748046875 -1.4931554794311523
126.76081848144531 484.7762451171875 -1.4948015213012695
127.05998992919922 480.803955078125 -1.4964475631713867
127.35261535644531 476.8311767578125 -1.498093605041504
127.63870239257812 472.85791015625 -1.499739646911621
127.91825103759766 468.8841857910156 -1.5013856887817383
128.19125366210938 464.9100036621094 -1.5030317306518555
128.4577178955078 460.9353942871094 -1.5046777725219727
128.71763610839844 456.9603576660156 -1.5063238143920898
128.97100830078125 452.9848937988281 -1.507969856262207
129.2178497314453 449.0090026855469 -1.5096158981323242
129.45814514160156 445.03271484375 -1.5112619400024414
129.69189453125 441.0560302734375 -1.5129079818725586
129.91909790039062 437.0789794921875 -1.5145540237426758
130.13975524902344 433.1015625 -1.516200065612793
130.35386657714844 429.123779296875 -1.5178461074829102
130.56141662597656 425.1456604003906 -1.5194921493530273
130.76242065429688 421.1672058105469 -1.5211381912231445
130.95687866210938 417.18841552734375 -1.5227842330932617
131.14479064941406 413.2093200683594 -1.524430274963379
131.32615661621094 409.22991943359375 -1.526076316833496
131.50096130371094 405.2502136230469 -1.5277223587036133
131.66921997070312 401.2702331542969 -1.5293684005737305
131.8309326171875 397.28997802734375 -1.5310144424438477
131.986083984375 393.3094482421875 -1.5326604843139648
132.1346893310547 389.32867431640625 -1.534306526184082
132.2767333984375 385.34765625 -1.5359525680541992
132.41607666015625 381.35009765625 -1.5359525680541992
132.555419921875 377.3525390625 -1.5359525680541992
132.69476318359375 373.35498046875 -1.5359525680541992
132.8341064453125 369.357421875 -1.5359525680541992
132.97344970703125 365.35986328125 -1.5359525680541992
133.11279296875 361.3623046875 -1.5359525680541992
133.25213623046875 357.36474609375 -1.5359525680541992
133.39146423339844 353.36724853515625 -1.5359594821929932
133.5269317626953 349.3860168457031 -1.5376055240631104
133.65585327148438 345.4045715332031 -1.5392515659332275
133.77821350097656 341.42291259765625 -1.5408976078033447
133.89402770996094 337.4410705566406 -1.542543649673462
134.00328063964844 333.4590148925781 -1.544189691543579
134.10597229003906 329.476806640625 -1.5458357334136963
134.20211791992188 325.4944152832031 -1.5474817752838135
134.2917022705078 321.5118713378906 -1.5491278171539307
134.37474060058594 317.5292053222656 -1.5507738590240479
134.4512176513672 313.54638671875 -1.552419900894165
134.52113342285156 309.5634765625 -1.5540659427642822
134.58450317382812 305.5804443359375 -1.5557119846343994
134.6413116455078 301.5973205566406 -1.5573580265045166
134.69155883789062 297.6141052246094 -1.5590040683746338
134.73526000976562 293.63079833984375 -1.560650110244751
134.77239990234375 289.6474304199219 -1.5622961521148682
134.802978515625 285.66400146484375 -1.5639421939849854
134.82701110839844 281.6805419921875 -1.5655882358551025
134.844482421875 277.6970520019531 -1.5672342777252197
134.8553924560547 273.7135314941406 -1.568880319595337
134.8597412109375 269.72998046875 -1.570526361465454
134.8575439453125 265.7464294433594 -1.5721724033355713
134.84878540039062 261.7629089355469 -1.5738184452056885
134.83346557617188 257.7793884277344 -1.5754644870758057
134.81158447265625 253.79591369628906 -1.5771105289459229
134.7831573486328 249.81246948242188 -1.57875657081604
134.7481689453125 245.82908630371094 -1.5804026126861572
134.7066192626953 241.84576416015625 -1.5820486545562744
134.6585235595703 237.86251831054688 -1.5836946964263916
134.60386657714844 233.8793487548828 -1.5853407382965088
134.5426483154297 229.8962860107422 -1.586986780166626
134.47488403320312 225.913330078125 -1.5886328220367432
134.4005584716797 221.93048095703125 -1.5902788639068604
134.31967163085938 217.94776916503906 -1.5919249057769775
134.23223876953125 213.96519470214844 -1.5935709476470947
134.13824462890625 209.98275756835938 -1.595216989517212
133.88955688476562 207.96237182617188 -1.7913273572921753
133.88955688476562 207.96237182617188 -2.1913273334503174
133.88955688476562 207.96237182617188 -2.591327428817749
130.49232482910156 205.8821258544922 -2.592973470687866
127.09168243408203 203.80746459960938 -2.5946195125579834
123.68762969970703 201.7384033203125 -2.5962655544281006
120.2801742553711 199.67495727539062 -2.5979115962982178
116.86932373046875 197.61712646484375 -2.599557638168335
113.45509338378906 195.56491088867188 -2.601203680038452
110.03749084472656 193.518310546875 -2.6028497219085693
106.61652374267578 191.4773406982422 -2.6044957637786865
103.19219970703125 189.44200134277344 -2.6061418056488037
99.76453399658203 187.4123077392578 -2.607787847518921
96.33352661132812 185.3882598876953 -2.609433889389038
92.8991928100586 183.36985778808594 -2.6110799312591553
89.46154022216797 181.35711669921875 -2.6127259731292725
86.02058410644531 179.35003662109375 -2.6143720149993896
82.57632446289062 177.34861755371094 -2.616018056869507
79.12877655029297 175.35287475585938 -2.617664098739624
75.67794799804688 173.36280822753906 -2.619310140609741
72.22384643554688 171.37841796875 -2.6209561824798584
68.76648712158203 169.39971923828125 -2.6226022243499756
65.30587768554688 167.4267120361328 -2.6242482662200928
61.84202194213867 165.45941162109375 -2.62589430809021
58.37493133544922 163.49781799316406 -2.627540349960327
54.90461730957031 161.54193115234375 -2.6291863918304443
51.431087493896484 159.5917510986328 -2.6308324337005615
47.95435333251953 157.6472930908203 -2.6324784755706787
44.474422454833984 155.70855712890625 -2.634124517440796
44.474422454833984 155.70855712890625 -2.635770559310913
44.474422454833984 155.70855712890625 -2.6374166011810303
44.474422454833984 155.70855712890625 -2.6390626430511475
44.474422454833984 155.70855712890625 -2.6407086849212646
44.474422454833984 155.70855712890625 -2.642354726791382
44.474422454833984 155.70855712890625 -2.644000768661499
44.474422454833984 155.70855712890625 -2.645646810531616
44.474422454833984 155.70855712890625 -2.6472928524017334
44.474422454833984 155.70855712890625 -2.6489388942718506
44.474422454833984 155.70855712890625 -2.6505849361419678
