62.82820129394531 452.8280944824219 0.7853584885597229
65.6565170288086 455.65606689453125 0.7853187918663025
68.48494720458984 458.48394775390625 0.7852790951728821
71.31348419189453 461.31170654296875 0.7852393984794617
74.14213562011719 464.13934326171875 0.7851997017860413
76.97090148925781 466.96685791015625 0.7851600050926208
79.79977416992188 469.7942810058594 0.7851203083992004
82.6287612915039 472.62158203125 0.78508061170578
85.4578628540039 475.4487609863281 0.7850409150123596
88.28707885742188 478.2758483886719 0.7850012183189392
91.11640167236328 481.1028137207031 0.7849615216255188
93.94583892822266 483.9296569824219 0.7849218249320984
96.775390625 486.75640869140625 0.784882128238678
99.60504913330078 489.5830383300781 0.7848424315452576
102.43482208251953 492.4095458984375 0.7848027348518372
105.26470947265625 495.2359619140625 0.7847630381584167
108.09471130371094 498.062255859375 0.7847233414649963
110.92481994628906 500.888427734375 0.7846836447715759
113.75504302978516 503.7145080566406 0.7846439480781555
116.58538055419922 506.54046630859375 0.7846042513847351
119.41582489013672 509.3663024902344 0.7845645546913147
122.24638366699219 512.1920166015625 0.7845248579978943
125.07727813720703 515.0179443359375 0.7845246195793152
127.90817260742188 517.8438720703125 0.7845243811607361
130.73907470703125 520.6697998046875 0.784524142742157
133.56997680664062 523.4957275390625 0.7845239043235779
136.40087890625 526.3216552734375 0.7845236659049988
139.23178100585938 529.1475830078125 0.7845234274864197
142.06268310546875 531.9735107421875 0.7845231890678406
144.89358520507812 534.7994384765625 0.7845229506492615
147.7244873046875 537.6253662109375 0.7845227122306824
150.55538940429688 540.4512939453125 0.7845224738121033
150.55538940429688 540.4512939453125 0.3845224678516388
154.2633056640625 541.9517822265625 0.3845222294330597
157.97122192382812 543.4522705078125 0.3845219910144806
161.67913818359375 544.9527587890625 0.3845217525959015
161.67913818359375 544.9527587890625 -0.015478253364562988
165.67864990234375 544.890869140625 -0.01547847967594862
169.67816162109375 544.8289794921875 -0.015478705987334251
173.67727661132812 544.7669677734375 -0.015518414787948132
177.67678833007812 544.7048950195312 -0.015518641099333763
181.67593383789062 544.6427612304688 -0.015556514263153076
181.67593383789062 544.6427612304688 -0.41555652022361755
185.3354949951172 543.0279541015625 -0.41555675864219666
188.99505615234375 541.4131469726562 -0.41555699706077576
192.6546173095703 539.79833984375 -0.41555723547935486
196.31417846679688 538.1835327148438 -0.41555747389793396
199.97373962402344 536.5687255859375 -0.41555771231651306
203.63330078125 534.9539184570312 -0.41555795073509216
207.29286193847656 533.339111328125 -0.41555818915367126
210.95242309570312 531.7243041992188 -0.41555842757225037
214.6119842529297 530.1094970703125 -0.41555866599082947
218.27154541015625 528.4946899414062 -0.41555890440940857
221.9311065673828 526.8798828125 -0.41555914282798767
225.59066772460938 525.2650756835938 -0.4155593812465668
225.59066772460938 525.2650756835938 -0.8155593872070312
228.33250427246094 522.3526611328125 -0.8155596256256104
231.0743408203125 519.4402465820312 -0.8155598640441895
233.81617736816406 516.52783203125 -0.8155601024627686
236.55801391601562 513.6154174804688 -0.8155603408813477
239.2998504638672 510.7029724121094 -0.8155605792999268
242.04168701171875 507.79052734375 -0.8155608177185059
244.7835235595703 504.8780822753906 -0.815561056137085
247.52536010742188 501.96563720703125 -0.8155612945556641
250.26719665527344 499.0531921386719 -0.8155615329742432
253.009033203125 496.1407470703125 -0.8155617713928223
255.75086975097656 493.2283020019531 -0.8155620098114014
258.4927062988281 490.31585693359375 -0.8155622482299805
261.2345275878906 487.4034118652344 -0.8155624866485596
263.9763488769531 484.490966796875 -0.8155627250671387
266.7181701660156 481.5785217285156 -0.8155629634857178
269.4599914550781 478.66607666015625 -0.8155632019042969
272.2018127441406 475.7536315917969 -0.815563440322876
274.9436340332031 472.8411865234375 -0.8155636787414551
277.6854553222656 469.9287414550781 -0.8155639171600342
280.4272766113281 467.01629638671875 -0.8155641555786133
283.1687927246094 464.1040954589844 -0.8156038522720337
285.9101867675781 461.1917724609375 -0.8156435489654541
288.6514587402344 458.2793273925781 -0.8156832456588745
291.3926086425781 455.3667907714844 -0.8157229423522949
294.1336364746094 452.4541320800781 -0.8157626390457153
296.87457275390625 449.5413818359375 -0.8158023357391357
299.6153869628906 446.6285095214844 -0.8158420324325562
302.3560791015625 443.7155456542969 -0.8158817291259766
305.0966491699219 440.8024597167969 -0.815921425819397
307.83709716796875 437.8892517089844 -0.8159611225128174
310.57745361328125 434.9759521484375 -0.8160008192062378
313.31768798828125 432.0625305175781 -0.8160405158996582
316.05780029296875 429.1490173339844 -0.8160802125930786
318.79779052734375 426.2353820800781 -0.816119909286499
321.53765869140625 423.3216552734375 -0.8161596059799194
324.2774353027344 420.4078063964844 -0.8161993026733398
323.04974365234375 421.4343566894531 -0.57661372423172
323.05120849609375 421.43377685546875 -0.17677229642868042
323.05279541015625 421.4338073730469 0.22306913137435913
321.5456237792969 420.89581298828125 0.462654709815979
320.20916748046875 420.0155334472656 0.7022402882575989
319.1197814941406 418.84326171875 0.9418258666992188
321.46649169921875 422.0635986328125 0.9402931332588196
323.818115234375 425.28033447265625 0.9387603998184204
326.1746826171875 428.49346923828125 0.9372276663780212
328.5361633300781 431.7029724121094 0.9356949329376221
330.9025573730469 434.9088439941406 0.9341621994972229
333.27386474609375 438.111083984375 0.9326294660568237
332.48095703125 436.72100830078125 1.1722149848937988
334.0334167480469 440.407470703125 1.1722147464752197
335.58587646484375 444.09393310546875 1.1722145080566406
337.1383361816406 447.7803955078125 1.1722142696380615
338.6907958984375 451.4668273925781 1.1722140312194824
340.2431640625 455.15289306640625 1.172174334526062
341.7956848144531 458.8388977050781 1.1721346378326416
343.3483581542969 462.52484130859375 1.1720949411392212
344.9011535644531 466.210693359375 1.1720552444458008
346.4541015625 469.896484375 1.1720155477523804
348.0072021484375 473.58221435546875 1.17197585105896
349.5604553222656 477.26788330078125 1.1719361543655396
351.1138610839844 480.9534912109375 1.1718964576721191
352.6673889160156 484.6390380859375 1.1718567609786987
354.2210693359375 488.32452392578125 1.1718170642852783
355.77490234375 492.00994873046875 1.171777367591858
357.3288879394531 495.6953125 1.1717376708984375
358.8830261230469 499.380615234375 1.171697974205017
360.4372863769531 503.06585693359375 1.1716582775115967
361.99169921875 506.75103759765625 1.1716185808181763
363.5462646484375 510.4361572265625 1.1715788841247559
365.1009826660156 514.1212158203125 1.1715391874313354
366.65582275390625 517.8062133789062 1.171499490737915
368.2108154296875 521.4911499023438 1.1714597940444946
369.7659606933594 525.176025390625 1.1714200973510742
369.7659606933594 525.176025390625 0.7714201211929321
372.6336364746094 527.9646606445312 0.771419882774353
375.5013122558594 530.7532958984375 0.7714196443557739
378.3689880371094 533.5419311523438 0.7714194059371948
381.2366638183594 536.33056640625 0.7714191675186157
384.1043395996094 539.1192016601562 0.7714189291000366
386.9720153808594 541.9078369140625 0.7714186906814575
386.9720153808594 541.9078369140625 0.37141868472099304
390.69927978515625 543.3595581054688 0.37141844630241394
394.4265441894531 544.811279296875 0.37141820788383484
398.15380859375 546.2630004882812 0.37141796946525574
401.8810729980469 547.7147216796875 0.37141773104667664
405.60833740234375 549.1664428710938 0.37141749262809753
409.3356018066406 550.6181640625 0.37141725420951843
413.0628662109375 552.0698852539062 0.37141701579093933
416.7901306152344 553.5216064453125 0.37141677737236023
420.51739501953125 554.9733276367188 0.37141653895378113
424.2446594238281 556.425048828125 0.371416300535202
427.971923828125 557.8767700195312 0.3714160621166229
431.6991882324219 559.3284912109375 0.3714158236980438
435.42645263671875 560.7802124023438 0.3714155852794647
439.1537170410156 562.23193359375 0.3714153468608856
442.8809814453125 563.6836547851562 0.3714151084423065
446.6082458496094 565.1353759765625 0.3714148700237274
446.6214294433594 565.1376953125 -0.02723798155784607
450.61993408203125 565.0287475585938 -0.027238208800554276
454.6184387207031 564.9197998046875 -0.02723843604326248
458.616943359375 564.8108520507812 -0.027238663285970688
462.6154479980469 564.701904296875 -0.027238890528678894
466.61395263671875 564.5929565429688 -0.0272391177713871
470.6124572753906 564.4840087890625 -0.027239345014095306
474.6109619140625 564.3750610351562 -0.027239572256803513
478.6094665527344 564.26611328125 -0.02723979949951172
482.60797119140625 564.1571655273438 -0.027240026742219925
486.6064758300781 564.0482177734375 -0.02724025398492813
490.60498046875 563.9392700195312 -0.027240481227636337
494.6034851074219 563.830322265625 -0.027240708470344543
498.60198974609375 563.7213745117188 -0.02724093571305275
502.6004943847656 563.6124267578125 -0.027241162955760956
506.5989990234375 563.5034790039062 -0.027241390198469162
510.5975036621094 563.39453125 -0.027241617441177368
514.5960083007812 563.2855834960938 -0.027241844683885574
518.5945434570312 563.1766357421875 -0.02724207192659378
522.5930786132812 563.0676879882812 -0.027242310345172882
522.5930786132812 563.0676879882812 -0.42724230885505676
522.5930786132812 563.0676879882812 -0.8272423148155212
525.3007202148438 560.1234130859375 -0.8272425532341003
528.0083618164062 557.1791381835938 -0.8272427916526794
530.7160034179688 554.23486328125 -0.8272430300712585
533.4236450195312 551.2905883789062 -0.8272432684898376
536.1312866210938 548.3463134765625 -0.8272435069084167
538.8389282226562 545.4020385742188 -0.8272437453269958
541.5465698242188 542.457763671875 -0.827243983745575
541.9089965820312 541.90087890625 -1.16049063205719
543.5045776367188 538.23291015625 -1.160490870475769
545.1001586914062 534.56494140625 -1.1604911088943481
546.6957397460938 530.89697265625 -1.1604913473129272
548.2913208007812 527.22900390625 -1.1604915857315063
549.8869018554688 523.56103515625 -1.1604918241500854
551.4824829101562 519.89306640625 -1.1604920625686646
553.0780639648438 516.22509765625 -1.1604923009872437
554.6736450195312 512.55712890625 -1.1604925394058228
556.2691650390625 508.8891296386719 -1.1604927778244019
557.8646850585938 505.22113037109375 -1.160493016242981
559.460205078125 501.5531311035156 -1.16049325466156
561.0557250976562 497.8851318359375 -1.1604934930801392
561.0557250976562 497.8851318359375 -1.5604934692382812
561.096923828125 493.8853454589844 -1.5604937076568604
561.1381225585938 489.88555908203125 -1.5604939460754395
561.1381225585938 489.88555908203125 -1.9604939222335815
559.6184692382812 486.1854553222656 -1.9604941606521606
558.0988159179688 482.4853515625 -1.9604943990707397
556.5791625976562 478.7852478027344 -1.9604946374893188
555.0595092773438 475.08514404296875 -1.960494875907898
553.5398559570312 471.3850402832031 -1.960495114326477
553.5398559570312 471.3850402832031 -2.360495090484619
550.6992797851562 468.5688171386719 -2.3604953289031982
547.8587036132812 465.7525939941406 -2.3604955673217773
545.02685546875 462.9493408203125 -2.3620283603668213
542.1907348632812 460.1504211425781 -2.3635611534118652
539.350341796875 457.3558349609375 -2.365093946456909
536.5056762695312 454.56561279296875 -2.366626739501953
533.65673828125 451.7797546386719 -2.368159532546997
530.8035278320312 448.9982604980469 -2.369692325592041
527.946044921875 446.2211608886719 -2.371225118637085
525.0842895507812 443.44842529296875 -2.372757911682129
522.212646484375 440.67193603515625 -2.3733201026916504
519.336181640625 437.8923645019531 -2.3733203411102295
516.4686279296875 435.1256408691406 -2.3748531341552734
513.5879516601562 432.3504638671875 -2.3748533725738525
510.7072448730469 429.5753173828125 -2.3748536109924316
507.8265380859375 426.8001708984375 -2.3748538494110107
504.9458312988281 424.0250244140625 -2.37485408782959
502.06512451171875 421.2498779296875 -2.374854326248169
499.1844177246094 418.4747314453125 -2.374854564666748
496.3037109375 415.6995849609375 -2.374854803085327
493.4230041503906 412.9244384765625 -2.3748550415039062
490.54229736328125 410.1492919921875 -2.3748552799224854
487.6615905761719 407.3741455078125 -2.3748555183410645
484.7808837890625 404.5989990234375 -2.3748555183410645
484.7629699707031 404.5875549316406 -2.772714853286743
481.0452575683594 403.1536560058594 -2.774247646331787
477.3253479003906 401.7254638671875 -2.775780439376831
473.6032409667969 400.302978515625 -2.777313232421875
469.87896728515625 398.8861999511719 -2.778846025466919
466.15252685546875 397.4751281738281 -2.780378818511963
462.4239196777344 396.06976318359375 -2.781911611557007
458.69317626953125 394.67010498046875 -2.783444404602051
454.9602966308594 393.27618408203125 -2.7849771976470947
451.22528076171875 391.8879699707031 -2.7865099906921387
447.4881286621094 390.5054931640625 -2.7880427837371826
443.7488708496094 389.1287536621094 -2.7895755767822266
440.00750732421875 387.75775146484375 -2.7911083698272705
436.2640380859375 386.3924865722656 -2.7926411628723145
432.51849365234375 385.032958984375 -2.7941739559173584
428.7708435058594 383.6791687011719 -2.7957067489624023
425.0211486816406 382.33111572265625 -2.7972395420074463
421.2693786621094 380.98883056640625 -2.7987723350524902
417.51556396484375 379.65228271484375 -2.800305128097534
413.75970458984375 378.3215026855469 -2.801837921142578
410.0018005371094 376.9964599609375 -2.803370714187622
406.24188232421875 375.67718505859375 -2.804903507232666
402.4799499511719 374.3636779785156 -2.80643630027771
398.71600341796875 373.0559387207031 -2.807969093322754
394.9500427246094 371.75396728515625 -2.809501886367798
391.1820983886719 370.457763671875 -2.811034679412842
387.41217041015625 369.1673583984375 -2.8125674724578857
383.6402587890625 367.8827209472656 -2.8141002655029297
379.86639404296875 366.6038818359375 -2.8156330585479736
376.090576171875 365.330810546875 -2.8171658515930176
372.31280517578125 364.06353759765625 -2.8186986446380615
368.5331115722656 362.80206298828125 -2.8202314376831055
364.75146484375 361.54638671875 -2.8217642307281494
360.9678955078125 360.2964782714844 -2.8232970237731934
357.18243408203125 359.0523986816406 -2.8248298168182373
353.3950500488281 357.8141174316406 -2.8263626098632812
349.60577392578125 356.5816345214844 -2.827895402908325
345.81463623046875 355.3549499511719 -2.829428195953369
342.0216064453125 354.13409423828125 -2.830960988998413
338.2267150878906 352.9190368652344 -2.832493782043457
334.4299621582031 351.7098083496094 -2.834026575088501
330.6313781738281 350.50640869140625 -2.835559368133545
326.8309326171875 349.308837890625 -2.837092161178589
323.0286560058594 348.1170959472656 -2.838624954223633
319.2245788574219 346.9311828613281 -2.8401577472686768
315.4186706542969 345.7510986328125 -2.8416905403137207
311.6109619140625 344.57684326171875 -2.8432233333587646
307.80145263671875 343.4084167480469 -2.8447561264038086
303.99017333984375 342.245849609375 -2.8462889194488525
300.1905822753906 341.09600830078125 -2.849177837371826
301.6568603515625 341.7371520996094 -2.6095921993255615
298.2213439941406 339.7185363769531 -2.6111249923706055
294.7827453613281 337.7051696777344 -2.6126577854156494
291.341064453125 335.69708251953125 -2.6141905784606934
287.89630126953125 333.69427490234375 -2.6157233715057373
284.448486328125 331.6967468261719 -2.6172561645507812
280.99761962890625 329.70452880859375 -2.618788957595825
277.543701171875 327.71759033203125 -2.620321750640869
274.08673095703125 325.7359619140625 -2.621854543685913
270.6267395019531 323.7596130371094 -2.623387336730957
271.9122619628906 324.7127380371094 -2.3838016986846924
269.015869140625 321.9762268066406 -2.3853344917297363
266.11529541015625 319.2441711425781 -2.3868672847747803
263.2105407714844 316.51654052734375 -2.388400077819824
260.3016052246094 313.7933654785156 -2.389932870864868
257.38848876953125 311.0746765136719 -2.391465663909912
254.47122192382812 308.3604431152344 -2.392998456954956
255.50511169433594 309.5819396972656 -2.1534128189086914
253.31016540527344 306.2563171386719 -2.1549456119537354
251.11012268066406 302.93408203125 -2.1564784049987793
248.9049835205078 299.6152038574219 -2.1580111980438232
246.69476318359375 296.2997131347656 -2.159543991088867
247.41802978515625 297.7272644042969 -1.919958472251892
246.05197143554688 293.98406982421875 -1.9214911460876465
244.68017578125 290.24298095703125 -1.9230239391326904
243.30264282226562 286.5039978027344 -1.9245567321777344
241.9193878173828 282.76715087890625 -1.9260895252227783
242.29278564453125 284.32330322265625 -1.6865040063858032
241.82972717285156 280.3656311035156 -1.6880366802215576
241.360595703125 276.40869140625 -1.6895694732666016
240.88540649414062 272.45245361328125 -1.6911022663116455
240.88623046875 274.0527648925781 -1.4515167474746704
241.36221313476562 270.0811767578125 -1.4515169858932495
241.83819580078125 266.1095886230469 -1.4515172243118286
242.31417846679688 262.13800048828125 -1.4515174627304077
242.7900390625 258.16680908203125 -1.4515571594238281
243.2657470703125 254.1956024169922 -1.4515968561172485
243.7412872314453 250.224365234375 -1.451636552810669
244.2166748046875 246.25311279296875 -1.4516762495040894
244.69190979003906 242.28184509277344 -1.4517159461975098
245.16697692871094 238.31056213378906 -1.4517556428909302
245.6418914794922 234.33924865722656 -1.4517953395843506
246.1166534423828 230.367919921875 -1.451835036277771
246.59124755859375 226.39657592773438 -1.4518747329711914
247.06568908691406 222.4252166748047 -1.4519144296646118
247.53997802734375 218.45382690429688 -1.4519541263580322
248.01409912109375 214.482421875 -1.4519938230514526
248.48806762695312 210.51100158691406 -1.452033519744873
248.96188354492188 206.53956604003906 -1.4520732164382935
249.43553161621094 202.568115234375 -1.4521129131317139
249.90902709960938 198.5966339111328 -1.4521526098251343
250.37969970703125 194.6684112548828 -1.4509369134902954
250.8578643798828 190.69749450683594 -1.4509766101837158
250.47813415527344 192.25169372558594 -1.2113522291183472
249.740234375 193.67172241210938 -0.9717666506767273
248.68643188476562 194.87608337402344 -0.7321810722351074
247.37693786621094 195.7959747314453 -0.49259549379348755
245.8865509033203 196.37884521484375 -0.2530099153518677
244.30809020996094 196.58975219726562 -0.012643024325370789
248.307373046875 196.5391082763672 -0.012682733125984669
252.30665588378906 196.48831176757812 -0.012722441926598549
256.3059387207031 196.43734741210938 -0.012762150727212429
260.3052062988281 196.38623046875 -0.01280185952782631
264.3044738769531 196.33494567871094 -0.01284156832844019
268.3037414550781 196.28350830078125 -0.01288127712905407
272.3030090332031 196.23190307617188 -0.01292098592966795
276.3022766113281 196.18014526367188 -0.01296069473028183
280.3015441894531 196.12823486328125 -0.01300040353089571
284.3008117675781 196.07615661621094 -0.01304011233150959
288.3000793457031 196.02392578125 -0.01307982113212347
292.2993469238281 195.97152709960938 -0.01311952993273735
296.2986145019531 195.91897583007812 -0.01315923873335123
300.2978820800781 195.86627197265625 -0.01319894753396511
304.2971496582031 195.8134002685547 -0.013238656334578991
308.29638671875 195.7603759765625 -0.013278365135192871
312.2956237792969 195.70718383789062 -0.013318073935806751
316.29486083984375 195.65383911132812 -0.013357782736420631
320.2940979003906 195.600341796875 -0.013397491537034512
324.2933349609375 195.5466766357422 -0.013437200337648392
328.2925720214844 195.49285888671875 -0.013476909138262272
332.29180908203125 195.43887329101562 -0.013516617938876152
336.2910461425781 195.38473510742188 -0.013556326739490032
340.290283203125 195.3304443359375 -0.013596035540103912
344.2895202636719 195.27598571777344 -0.013635744340717793
348.28875732421875 195.22137451171875 -0.013675453141331673
352.2879943847656 195.16659545898438 -0.013715161941945553
356.2872314453125 195.11166381835938 -0.013754870742559433
360.2864685058594 195.05657958984375 -0.013794579543173313
364.2856750488281 195.00132751464844 -0.013834288343787193
368.2848815917969 194.9459228515625 -0.013873997144401073
372.2840881347656 194.89035034179688 -0.013913705945014954
376.2832946777344 194.83462524414062 -0.013953414745628834
380.2825012207031 194.7787322998047 -0.013993123546242714
384.2817077636719 194.72268676757812 -0.014032832346856594
388.2809143066406 194.66648864746094 -0.014072541147470474
392.2801208496094 194.61012268066406 -0.014112249948084354
396.2793273925781 194.55360412597656 -0.014151958748698235
400.2785339355469 194.49691772460938 -0.014191667549312115
404.2777404785156 194.44007873535156 -0.014231376349925995
408.2769470214844 194.38308715820312 -0.014271085150539875
412.2761535644531 194.325927734375 -0.014310793951153755
416.2753601074219 194.26861572265625 -0.014350502751767635
420.2745361328125 194.2111358642578 -0.014390211552381516
424.2737121582031 194.15350341796875 -0.014429920352995396
428.27288818359375 194.09571838378906 -0.014469629153609276
432.2720642089844 194.0377655029297 -0.014509337954223156
436.271240234375 193.9796600341797 -0.014549046754837036
440.2704162597656 193.92138671875 -0.014588755555450916
444.26959228515625 193.8629608154297 -0.014628464356064796
448.2687683105469 193.80438232421875 -0.014668173156678677
452.2679443359375 193.74563598632812 -0.014707881957292557
456.2671203613281 193.68673706054688 -0.014747590757906437
460.26629638671875 193.62767028808594 -0.014787299558520317
464.2654724121094 193.56845092773438 -0.014827008359134197
468.2646484375 193.5090789794922 -0.014866717159748077
472.2637939453125 193.4495391845703 -0.014906425960361958
476.262939453125 193.3898468017578 -0.014946134760975838
480.2620849609375 193.32998657226562 -0.014985843561589718
484.26123046875 193.2699737548828 -0.015025552362203598
488.2603759765625 193.2097930908203 -0.015065261162817478
492.259521484375 193.1494598388672 -0.015104969963431358
496.2586669921875 193.08897399902344 -0.015144678764045238
500.2578125 193.0283203125 -0.015184387564659119
504.2569580078125 192.96751403808594 -0.015224096365272999
508.256103515625 192.9065399169922 -0.015263805165886879
512.2552490234375 192.8454132080078 -0.015303513966500759
516.25439453125 192.7841339111328 -0.01534322276711464
516.25439453125 192.7841339111328 -0.4153432250022888
519.9139404296875 191.1702117919922 -0.41538292169570923
523.5733642578125 189.55613708496094 -0.41542261838912964
523.5733642578125 189.55613708496094 -0.8154226541519165
526.3156127929688 186.64407348632812 -0.8154228925704956
529.057861328125 183.7320098876953 -0.8154231309890747
531.8001098632812 180.8199462890625 -0.8154233694076538
534.5423583984375 177.9078826904297 -0.8154236078262329
537.2846069335938 174.99581909179688 -0.815423846244812
540.02685546875 172.08375549316406 -0.8154240846633911
542.7691040039062 169.17169189453125 -0.8154243230819702
542.7691040039062 169.17169189453125 -1.2154242992401123
544.160888671875 165.421630859375 -1.2154245376586914
545.5526733398438 161.67156982421875 -1.2154247760772705
546.9443969726562 157.9215087890625 -1.2154250144958496
548.3361206054688 154.17144775390625 -1.2154252529144287
549.7278442382812 150.42138671875 -1.2154254913330078
551.1195678710938 146.67132568359375 -1.215425729751587
552.5112915039062 142.9212646484375 -1.215425968170166
553.9030151367188 139.1711883544922 -1.2154262065887451
555.2947387695312 135.42111206054688 -1.2154264450073242
556.6864624023438 131.67103576660156 -1.2154266834259033
558.0781860351562 127.92096710205078 -1.2154269218444824
559.4699096679688 124.1708984375 -1.2154271602630615
560.8616333007812 120.42082977294922 -1.2154273986816406
562.2533569335938 116.67076110839844 -1.2154276371002197
563.6450805664062 112.92069244384766 -1.2154278755187988
565.0368041992188 109.17062377929688 -1.215428113937378
566.4285278320312 105.4205551147461 -1.215428352355957
566.4285278320312 105.4205551147461 -1.6154283285140991
566.2500610351562 101.4245376586914 -1.6154285669326782
566.0715942382812 97.42852020263672 -1.6154288053512573
565.8931274414062 93.43250274658203 -1.6154290437698364
565.7146606445312 89.43648529052734 -1.6154292821884155
565.5361938476562 85.44046783447266 -1.6154295206069946
565.3577270507812 81.44445037841797 -1.6154297590255737
565.1792602539062 77.44843292236328 -1.6154299974441528
565.1792602539062 77.44843292236328 -2.015429973602295
563.4588623046875 73.83775329589844 -2.015469789505005
561.73828125 70.22714233398438 -2.015509605407715
561.73828125 70.22714233398438 -2.4155097007751465
558.7471313476562 67.57135772705078 -2.4155099391937256
555.7559814453125 64.91558074951172 -2.4155101776123047
552.7648315429688 62.25979995727539 -2.415510416030884
549.773681640625 59.60401916503906 -2.415510654449463
546.7825317382812 56.9482421875 -2.415510892868042
543.7913818359375 54.29246520996094 -2.415511131286621
540.8002319335938 51.636688232421875 -2.4155113697052
540.8002319335938 51.636688232421875 -2.815511465072632
537.010986328125 50.3553581237793 -2.815511703491211
533.2217407226562 49.07402801513672 -2.81551194190979
529.4324951171875 47.79269790649414 -2.815512180328369
525.6432495117188 46.51136779785156 -2.8155124187469482
521.85400390625 45.230037689208984 -2.8155126571655273
518.0647583007812 43.94871139526367 -2.8155128955841064
514.2755126953125 42.66738510131836 -2.8155131340026855
510.4862976074219 41.38605880737305 -2.8155133724212646
506.69708251953125 40.104732513427734 -2.8155136108398438
502.9078674316406 38.82341003417969 -2.815513849258423
499.11865234375 37.54208755493164 -2.815514087677002
495.3294372558594 36.260765075683594 -2.815514326095581
491.54022216796875 34.97944259643555 -2.81551456451416
487.7510070800781 33.698123931884766 -2.8155148029327393
483.9617919921875 32.416805267333984 -2.8155150413513184
480.1725769042969 31.135488510131836 -2.8155152797698975
476.38336181640625 29.854171752929688 -2.8155155181884766
476.3622741699219 29.85147476196289 3.069810390472412
472.3725891113281 30.138357162475586 3.069810152053833
468.3829040527344 30.425241470336914 3.069809913635254
464.3932189941406 30.712125778198242 3.069809675216675
460.4035339355469 30.999011993408203 3.0698094367980957
456.4138488769531 31.285898208618164 3.0698091983795166
452.4241638183594 31.572786331176758 3.0698089599609375
448.4344787597656 31.85967445373535 3.0698087215423584
444.4447937011719 32.14656448364258 3.0698084831237793
440.4706115722656 32.435401916503906 3.0682756900787354
436.49688720703125 32.73032760620117 3.0667428970336914
432.52362060546875 33.03134536743164 3.0652101039886475
428.5508117675781 33.33845138549805 3.0636773109436035
424.5784912109375 33.651649475097656 3.0621445178985596
420.60662841796875 33.9709358215332 3.0606117248535156
416.6352844238281 34.29631042480469 3.0590789318084717
412.6644287109375 34.627769470214844 3.0575461387634277
408.694091796875 34.96531677246094 3.056013345718384
404.7242736816406 35.3089485168457 3.05448055267334
400.7549743652344 35.65866470336914 3.052947759628296
396.7862243652344 36.01446533203125 3.051414966583252
392.8180236816406 36.376346588134766 3.049882173538208
388.85040283203125 36.74431228637695 3.048349380493164
384.8833312988281 37.11835861206055 3.04681658744812
380.9168395996094 37.49848556518555 3.045283794403076
376.950927734375 37.88468933105469 3.0437510013580322
372.9856262207031 38.276973724365234 3.0422182083129883
369.02093505859375 38.67533493041992 3.0406854152679443
365.0568542480469 39.07977294921875 3.0391526222229004
361.0933837890625 39.49028778076172 3.0376198291778564
357.13055419921875 39.90687561035156 3.0360870361328125
353.1683654785156 40.32953643798828 3.0345542430877686
349.20684814453125 40.758270263671875 3.0330214500427246
345.2459716796875 41.193077087402344 3.0314886569976807
341.2857666015625 41.63395309448242 3.0299558639526367
337.3262634277344 42.08089828491211 3.0284230709075928
333.367431640625 42.533912658691406 3.026890277862549
329.4093017578125 42.99299621582031 3.025357484817505
325.4518737792969 43.45814514160156 3.023824691772461
321.49517822265625 43.929359436035156 3.022291898727417
317.5392150878906 44.406639099121094 3.020759105682373
313.583984375 44.88998031616211 3.019226312637329
309.6294860839844 45.3793830871582 3.017693519592285
305.6757507324219 45.874847412109375 3.016160726547241
301.7227783203125 46.376373291015625 3.0146279335021973
297.77056884765625 46.88395690917969 3.0130951404571533
293.81915283203125 47.39759826660156 3.0115623474121094
289.8685302734375 47.917293548583984 3.0100295543670654
285.918701171875 48.44304275512695 3.0084967613220215
281.9696960449219 48.97484588623047 3.0069639682769775
278.0215148925781 49.51270294189453 3.0054311752319336
274.07415771484375 50.056610107421875 3.0038983821868896
270.12762451171875 50.6065673828125 3.002366781234741
266.16632080078125 51.16167449951172 3.002366542816162
262.20501708984375 51.71678161621094 3.002366304397583
258.24371337890625 52.271888732910156 3.002366065979004
254.2824249267578 52.82699966430664 3.002365827560425
250.32113647460938 53.382110595703125 3.0023655891418457
246.35986328125 53.93722152709961 3.002364158630371
242.39857482910156 54.492340087890625 3.002363920211792
238.43728637695312 55.04745864868164 3.002363681793213
234.4763946533203 55.60260009765625 3.002323865890503
230.51553344726562 56.15789794921875 3.002284288406372
226.5546875 56.713356018066406 3.002244472503662
222.5938720703125 57.26897048950195 3.002204656600952
218.63307189941406 57.82474136352539 3.002164840698242
214.6722869873047 58.380672454833984 3.0021250247955322
210.71153259277344 58.93675994873047 3.0020852088928223
206.75079345703125 59.493003845214844 3.0020453929901123
202.7900848388672 60.049407958984375 3.0020055770874023
198.8293914794922 60.6059684753418 3.0019657611846924
194.8687286376953 61.16268539428711 3.0019259452819824
190.9080810546875 61.71956253051758 3.0018861293792725
192.50807189941406 61.68769454956055 -3.0417134761810303
188.52801513671875 61.288841247558594 -3.0417137145996094
184.54795837402344 60.889991760253906 -3.0417139530181885
180.56790161132812 60.49114227294922 -3.0417141914367676
176.5878448486328 60.09229278564453 -3.0417144298553467
172.6077880859375 59.693443298339844 -3.041714668273926
168.6277313232422 59.29459762573242 -3.041714906692505
164.64767456054688 58.895751953125 -3.041715145111084
160.66761779785156 58.49690628051758 -3.041715383529663
156.68756103515625 58.098060607910156 -3.041715621948242
152.70750427246094 57.69921875 -3.0417158603668213
148.72744750976562 57.300376892089844 -3.0417160987854004
144.7473907470703 56.90153503417969 -3.0417163372039795
140.767333984375 56.50269317626953 -3.0417165756225586
136.7872772216797 56.10385513305664 -3.0417168140411377
132.80722045898438 55.70501708984375 -3.041717052459717
128.8271484375 55.30617904663086 -3.041717290878296
124.84708404541016 54.90734100341797 -3.041717529296875
120.86701965332031 54.508506774902344 -3.041717767715454
116.88695526123047 54.10967254638672 -3.041718006134033
112.90689086914062 53.710838317871094 -3.0417182445526123
108.92682647705078 53.31200408935547 -3.0417184829711914
104.94676208496094 52.91317367553711 -3.0417187213897705
100.9666976928711 52.51434326171875 -3.0417189598083496
96.98663330078125 52.11551284790039 -3.0417191982269287
93.0065689086914 51.71668243408203 -3.041719436645508
89.02650451660156 51.31785583496094 -3.041719675064087
85.04644012451172 50.919029235839844 -3.041719913482666
81.06637573242188 50.52020263671875 -3.041720151901245
77.08631134033203 50.121376037597656 -3.041720390319824
73.10662841796875 49.72267150878906 -3.041759967803955
69.1269302368164 49.32412338256836 -3.041799783706665
65.147216796875 48.92573165893555 -3.041839599609375
61.16748809814453 48.52750015258789 -3.041879415512085
57.187744140625 48.129425048828125 -3.041919231414795
53.207984924316406 47.731510162353516 -3.041959047317505
49.22821044921875 47.3337516784668 -3.041998863220215
45.24843215942383 46.9361572265625 -3.0420401096343994
41.26862335205078 46.53872299194336 -3.0420799255371094
41.26862335205078 46.53872299194336 2.8411052227020264
37.44794845581055 47.72265625 2.8410956859588623
33.62728500366211 48.9066276550293 2.8410861492156982
29.806537628173828 50.09064483642578 2.8410861492156982
25.98588752746582 51.27465057373047 2.841076612472534
22.165151596069336 52.458702087402344 2.841076612472534
18.344512939453125 53.64274597167969 2.84106707572937
18.344512939453125 53.64274597167969 2.841057538986206
18.344512939453125 53.64274597167969 2.841048002243042
18.344512939453125 53.64274597167969 2.841038465499878
18.344512939453125 53.64274597167969 2.841028928756714
18.344512939453125 53.64274597167969 2.84101939201355
18.344512939453125 53.64274597167969 2.8410098552703857
18.344512939453125 53.64274597167969 2.8410003185272217
18.344512939453125 53.64274597167969 2.8409907817840576
18.344512939453125 53.64274597167969 2.8409812450408936
18.344512939453125 53.64274597167969 2.8409717082977295
