-391.502857616566
-392.6990874069589
-393.55813466838896
-394.0581986336918
-394.1866678108201
-393.9402836933492
-393.3252906284444
-392.3572103464594
-391.06062714508965
-388.5776300459047
-386.1201042975804
-383.6885393325659
-381.28343183154806
-378.905285612419
-376.55461150079697
-374.23192718113273
-371.9377570274284
-369.67263191259553
-368.2146087459391
-365.46995005329194
-362.7486331432372
-360.0511872774739
-357.37815298343406
-354.7300821146742
-353.0630739237214
-349.9836459597942
-346.9230040781733
-343.88164988322376
-340.86009966357483
-337.85888475425133
-336.0020908957394
-332.62602030864025
-329.2639273118172
-325.91624447643267
-322.5834204369847
-319.2659205277154
-315.9642274409827
-312.67884190767853
-309.41028339966255
-306.15909085404337
-302.92582341898776
-300.9481978072907
-297.3872479740494
-293.83759623872237
-290.2996570455625
-286.77386388902517
-283.26067032074917
-279.76055101269776
-276.2740028792892
-272.801546261402
-269.3437261751743
-265.90111362852895
-262.4743070083347
-259.06393354106297
-256.99592848900085
-253.30158021962365
-249.61665362936432
-245.9415722118049
-242.2767839897906
-238.6227632150497
-234.98001220074974
-231.34906329802186
-227.7304810283607
-224.1248643847304
-220.5328493151708
-216.95511140369726
-213.39236876430783
-209.84538516494186
-206.31497339924715
-202.80199892498626
-199.30738378880247
-195.83211085782813
-192.37722837918517
-188.94385488872206
-185.53318449024843
-182.14649252594313
-178.7851416573625
-175.45058837436733
-173.42293295983777
-171.24099485851815
-168.95864343188353
-166.63698930012748
-164.34075729347828
-162.13665162509108
-158.46989507056784
-154.81964193431872
-151.18708759407258
-147.57353903460512
-145.57802910607174
-142.35243749363434
-139.1670633111938
-136.02472780065006
-132.9284832085149
-129.88162585711763
-126.88771349014257
-123.9505826792319
-121.07436586900657
-118.26350750311524
-115.52277851399303
-114.11651034747331
-112.04752122773058
-110.08503997124487
-108.23486023671171
-106.50283493057142
-104.89481712093627
-103.41659152292186
-102.07379721750914
-100.87184288681144
-99.81581650500014
-98.9103925469661
-98.15973856468229
-97.56742688231252
-97.13635413088554
-96.86867290978539
-96.86867290978539
-96.86867290978539
-96.86867290978539
-96.86867290978539
-96.86867290978539
-96.86867290978539
-96.86867290978539
-96.86867290978539
-96.86867290978539
-96.86867290978539
