61.77356719970703 451.49884033203125 0.6178773641586304
63.772220611572266 452.68096923828125 0.45035654306411743
65.94000244140625 453.5133056640625 0.2828357219696045
68.21621704101562 453.9725341796875 0.11531491577625275
70.5371322631836 454.0458068847656 -0.052205890417099
72.83777618408203 453.7310485839844 -0.21972669661045074
75.0537338256836 453.037109375 -0.3872475028038025
77.12296295166016 451.9833984375 -0.5547683238983154
78.9875259399414 450.5993957519531 -0.7222891449928284
81.98870086669922 447.9549865722656 -0.7222891449928284
84.98987579345703 445.3105773925781 -0.7222891449928284
87.99105072021484 442.6661682128906 -0.7222891449928284
90.99222564697266 440.0217590332031 -0.7222891449928284
93.99340057373047 437.3773498535156 -0.7222891449928284
96.99457550048828 434.7329406738281 -0.7222891449928284
99.9957504272461 432.0885314941406 -0.7222891449928284
102.9969253540039 429.4441223144531 -0.7222891449928284
105.99810028076172 426.7997131347656 -0.7222891449928284
107.60579681396484 425.12420654296875 -0.8898099660873413
110.12403869628906 422.0163879394531 -0.8898099660873413
112.64228057861328 418.9085693359375 -0.8898099660873413
115.1605224609375 415.8007507324219 -0.8898099660873413
117.67876434326172 412.69293212890625 -0.8898099660873413
120.19700622558594 409.5851135253906 -0.8898099660873413
121.50282287597656 407.66497802734375 -1.0573307275772095
123.46762084960938 404.1807861328125 -1.0573307275772095
125.43241882324219 400.69659423828125 -1.0573307275772095
127.397216796875 397.21240234375 -1.0573307275772095
129.3620147705078 393.72821044921875 -1.0573307275772095
131.32681274414062 390.2440185546875 -1.0573307275772095
132.34173583984375 388.055419921875 -1.2158297300338745
133.7319793701172 384.3047790527344 -1.2158297300338745
135.12222290039062 380.55413818359375 -1.2158297300338745
136.51246643066406 376.8034973144531 -1.2158297300338745
137.9027099609375 373.0528564453125 -1.2158297300338745
139.29295349121094 369.3022155761719 -1.2158297300338745
140.68319702148438 365.55157470703125 -1.2158297300338745
142.0734405517578 361.8009338378906 -1.2158297300338745
143.46368408203125 358.05029296875 -1.2158297300338745
144.8539276123047 354.2996520996094 -1.2158297300338745
145.4759979248047 352.06243896484375 -1.3833504915237427
146.22140502929688 348.13250732421875 -1.3833504915237427
146.96681213378906 344.20257568359375 -1.3833504915237427
147.71221923828125 340.27264404296875 -1.3833504915237427
148.45762634277344 336.34271240234375 -1.3833504915237427
149.20303344726562 332.41278076171875 -1.3833504915237427
149.9484405517578 328.48284912109375 -1.3833504915237427
150.69384765625 324.55291748046875 -1.3833504915237427
151.4392547607422 320.62298583984375 -1.3833504915237427
152.18466186523438 316.69305419921875 -1.3833504915237427
152.93006896972656 312.76312255859375 -1.3833504915237427
153.67547607421875 308.83319091796875 -1.3833504915237427
154.42088317871094 304.90325927734375 -1.3833504915237427
155.16629028320312 300.97332763671875 -1.3833504915237427
155.40663146972656 298.6637268066406 -1.5508712530136108
155.486328125 294.6645202636719 -1.5508712530136108
155.56602478027344 290.6653137207031 -1.5508712530136108
155.64572143554688 286.6661071777344 -1.5508712530136108
155.7254180908203 282.6669006347656 -1.5508712530136108
155.80511474609375 278.6676940917969 -1.5508712530136108
155.8848114013672 274.6684875488281 -1.5508712530136108
155.96450805664062 270.6692810058594 -1.5508712530136108
156.04420471191406 266.6700744628906 -1.5508712530136108
156.1239013671875 262.6708679199219 -1.5508712530136108
156.20359802246094 258.6716613769531 -1.5508712530136108
156.28329467773438 254.67245483398438 -1.5508712530136108
156.3629913330078 250.67324829101562 -1.5508712530136108
156.44268798828125 246.67404174804688 -1.5508712530136108
156.5223846435547 242.67483520507812 -1.5508712530136108
156.60208129882812 238.67562866210938 -1.5508712530136108
156.68177795410156 234.67642211914062 -1.5508712530136108
156.761474609375 230.67721557617188 -1.5508712530136108
156.84117126464844 226.67800903320312 -1.5508712530136108
156.92086791992188 222.67880249023438 -1.5508712530136108
157.0005645751953 218.67959594726562 -1.5508712530136108
157.08026123046875 214.68038940429688 -1.5508712530136108
157.1599578857422 210.68118286132812 -1.5508712530136108
157.23965454101562 206.68197631835938 -1.5508712530136108
157.10841369628906 204.10284423828125 -1.6924090385437012
156.63487243652344 201.82957458496094 -1.8599298000335693
155.78890991210938 199.66708374023438 -2.0274505615234375
154.59422302246094 197.67591857910156 -2.1949713230133057
153.08425903320312 195.9118194580078 -2.362492084503174
151.30128479003906 194.4241943359375 -2.530012845993042
148.0263214111328 192.12754821777344 -2.530012845993042
144.75135803222656 189.83090209960938 -2.530012845993042
142.58157348632812 188.53607177734375 -2.6771087646484375
139.00535583496094 186.74423217773438 -2.6771087646484375
135.42913818359375 184.952392578125 -2.6771087646484375
131.85292053222656 183.16055297851562 -2.6771087646484375
128.27670288085938 181.36871337890625 -2.6771087646484375
124.70049285888672 179.57687377929688 -2.6771087646484375
121.12428283691406 177.7850341796875 -2.6771087646484375
117.5480728149414 175.99319458007812 -2.6771087646484375
113.97186279296875 174.20135498046875 -2.6771087646484375
111.81605529785156 173.33848571777344 -2.8446295261383057
107.99113464355469 172.1680145263672 -2.8446295261383057
104.16621398925781 170.99754333496094 -2.8446295261383057
100.34129333496094 169.8270721435547 -2.8446295261383057
96.51637268066406 168.65660095214844 -2.8446295261383057
92.69145202636719 167.4861297607422 -2.8446295261383057
88.86653137207031 166.31565856933594 -2.8446295261383057
85.04161071777344 165.1451873779297 -2.8446295261383057
81.21669006347656 163.97471618652344 -2.8446295261383057
77.39176940917969 162.8042449951172 -2.8446295261383057
73.56684875488281 161.63377380371094 -2.8446295261383057
69.74192810058594 160.4633026123047 -2.8446295261383057
65.91700744628906 159.29283142089844 -2.8446295261383057
62.09209060668945 158.1223602294922 -2.8446295261383057
58.267173767089844 156.95188903808594 -2.8446295261383057
54.442256927490234 155.7814178466797 -2.8446295261383057
50.617340087890625 154.61094665527344 -2.8446295261383057
50.617340087890625 154.61094665527344 -2.8446295261383057
50.617340087890625 154.61094665527344 -2.8446295261383057
50.617340087890625 154.61094665527344 -2.8446295261383057
50.617340087890625 154.61094665527344 -2.8446295261383057
50.617340087890625 154.61094665527344 -2.8446295261383057
50.617340087890625 154.61094665527344 -2.8446295261383057
50.617340087890625 154.61094665527344 -2.8446295261383057
50.617340087890625 154.61094665527344 -2.8446295261383057
50.617340087890625 154.61094665527344 -2.8446295261383057
50.617340087890625 154.61094665527344 -2.8446295261383057
