-391.502857616566
-392.6990874069589
-393.55813466838896
-394.0581986336918
-394.1866678108201
-393.9402836933492
-393.3252906284444
-392.3572103464594
-391.06062714508965
-388.5776300459047
-386.1201042975804
-383.6885393325659
-381.28343183154806
-378.905285612419
-376.55461150079697
-374.23192718113273
-371.9377570274284
-369.67263191259553
-368.2146087459391
-365.46995005329194
-362.7486331432372
-360.0511872774739
-357.37815298343406
-354.7300821146742
-353.0630739237214
-349.9836459597942
-346.9230040781733
-343.88164988322376
-340.86009966357483
-337.85888475425133
-335.98552196222784
-332.6144848627844
-329.2575284166508
-325.9150877203281
-322.58761398209026
-319.2755751568985
-315.97945660292544
-312.6997617597319
-309.437012848023
-306.1917515907693
-304.2077913773045
-300.6372033749249
-297.07755822551945
-293.5292540430687
-289.99270712662127
-286.46835291856394
-282.95664701651026
-279.4580662415734
-275.97310976585345
-272.50230030202414
-269.04618535793406
-265.605338559148
-262.18036104232897
-258.77188292230454
-256.70485342791375
-253.0119148713738
-249.32847947189867
-245.65494507336538
-241.9917625799828
-238.33940930629757
-234.69839082260953
-231.06924294528977
-227.45253388396398
-223.84886655844758
-220.25888109928061
-216.68324384489037
-213.12269147521485
-209.57799282986085
-206.04996611017674
-202.53948254075047
-199.0474703185226
-195.57491886995507
-192.12288343722636
-188.6924900146713
-185.28494065654064
-181.90151917649544
-178.54359725790866
-175.21264099182406
-173.17187513715373
-170.99283141883254
-168.71205875205158
-166.39058646307464
-164.0930617485228
-161.88618749249147
-158.21327477400496
-154.55660070624205
-150.91734566416127
-148.9033906449369
-145.6396807701236
-142.41352992556523
-139.22754906507453
-136.08455956958213
-132.98760960930937
-129.93999110251062
-126.94525705048821
-124.00723893902341
-121.13006378565599
-118.3181702779656
-116.11481262307403
-113.64464048393171
-111.26348128033295
-108.97715462018904
-106.79175154572029
-104.71359116127087
-103.17898738087369
-101.5649468012621
-100.08483071810151
-98.74466162950786
-97.55020756326584
-96.50687949037636
-95.61962445192583
-95.61962445192583
-95.61962445192583
-95.61962445192583
-95.61962445192583
-95.61962445192583
-95.61962445192583
-95.61962445192583
-95.61962445192583
-95.61962445192583
-95.61962445192583
