-390.0
-390.0
-390.0
-390.0
-387.26630298804656
-384.55477999092403
-381.8659034505643
-379.2001550903858
-379.2001550903858
-379.2001550903858
-379.5188655479451
-379.87942954416474
-379.87942954416474
-381.7975685860421
-383.74781540192697
-385.72968298202534
-387.74268645739863
-389.78634343587737
-391.86017431878355
-391.86017431878355
-395.119329342219
-395.1211060491939
-395.1211060491939
-395.1211060491939
-395.1211060491939
-395.1211060491939
-395.1211060491939
-394.2928912358641
-393.5035955108569
-392.7534535151076
-392.04269000116807
-392.04269000116807
-389.8864509067921
-387.7594852161793
-385.66227726680484
-383.59531513718844
-383.59531513718844
-380.375784172873
-377.17119252207203
-377.17119252207203
-377.17119252207203
-377.17119252207203
-377.17119252207203
-374.8758065835295
-374.8758065835295
-374.8758065835295
-375.66419109777945
-376.49342436298787
-377.36323709115
-378.27334935358164
-378.27334935358164
-380.6586977629646
-383.0709615057925
-385.5096353274531
-387.9742212139829
-387.9742892628636
-391.4837814405299
-391.4837814405299
-391.4837814405299
-391.4837814405299
-391.4837814405299
-391.4837814405299
-391.4837814405299
-390.2013019972407
-388.95573147851445
-387.7474255748317
-386.5767337154581
-385.4439986309215
-385.4439986309215
-382.93475551437797
-380.4510190986931
-377.9932921861536
-375.5620854057751
-373.1579171115864
-373.1579171115864
-373.1579171115864
-373.1579171115864
-373.1579171115864
-373.1579171115864
-371.25304440785374
-369.38166562935777
-369.38166562935777
-369.38166562935777
-370.65153016742227
-371.96010713947476
-373.3069592705123
-374.6916738135647
-376.11383258191137
-376.11383258191137
-378.9048806078993
-381.7174375348101
-384.55103142290454
-384.55103228826664
-384.55103228826664
-384.55103228826664
-384.55103228826664
-384.55103228826664
-384.55103228826664
-384.55103228826664
-382.8306323654415
-381.1444472450415
-379.4929330029542
-377.8765442279969
-376.2957335677006
-374.7509512594553
-373.2426446475958
-373.2426446475958
-370.4356292343738
-367.6507024290296
-364.8883699906162
-364.8883699906162
-364.8883699906162
-364.8883699906162
-364.8883699906162
-364.8883699906162
-363.41154530278106
-361.9728995509923
-361.9728995509923
-361.9728995509923
-363.68473938525153
-365.43234581723027
-367.21520819901923
-369.0328155479051
-370.88465703663064
-372.77022246223464
-372.77022246223464
-372.77022246223464
-372.77022246223464
-372.77022246223464
-372.77022246223464
-372.77022246223464
-372.77022246223464
-372.17758957942596
-372.17758957942596
-370.1252571454518
-368.1049493846287
-366.11719645295454
-364.16253144484887
-362.2414899907351
-360.3546098300022
-360.3546098300022
-357.26446475348405
-357.26446475348405
-357.26446475348405
-357.26446475348405
-357.26446475348405
-354.8187087567344
-354.8187087567344
-354.8187087567344
-355.4249338172865
-356.07506390182095
-356.76885898966367
-356.76885898966367
-358.97606785142193
-361.21408594004816
-363.48234416418904
-365.78027995346764
-368.1073375154779
-368.1073375154779
-371.5326547184664
-371.5326547184664
-371.5326547184664
-371.5326547184664
-371.5326547184664
-373.5040646031879
-373.5040646031879
-373.5040646031879
-372.4186118257025
-371.37307191723073
-370.36778289731745
-369.4030733809409
-369.4030733809409
-367.0337002748388
-364.6928073523212
-362.38094653902004
-360.09867700039746
-360.0986767458281
-356.73359402928446
-356.73359402928446
-356.73359402928446
-356.73359402928446
-356.73359402928446
-354.6764667971583
-354.6764667971583
-354.6764667971583
-355.74374703182417
-356.85267411930505
-358.0028610518147
-359.1939114709499
-360.4254202683904
-360.4254202683904
-363.0701641426519
-365.7395311035652
-365.7395311035652
-369.3690568413169
-369.3690568413169
-369.3690568413169
-369.3690568413169
-369.3690568413169
-370.95347909558853
-370.95347909558853
-370.95347909558853
-369.4595280161959
-368.0029918398073
-366.5843165445274
-365.2039433550208
-363.86230818809224
-363.86230818809224
-361.18659236903846
-358.53553462737415
-355.909685973989
-355.909685973989
-355.909685973989
-355.909685973989
-355.909685973989
-355.909685973989
-354.26196809378234
-354.26196809378234
-354.26196809378234
-355.7671299943755
-357.3107324245906
-358.89227938445185
-360.5112714913989
-362.167206573884
-363.8595802467255
-363.8595802467255
-363.8595802467255
-367.6473784268484
-371.4396258134926
-371.4396258134926
-371.4396258134926
-371.4396258134926
-371.4396258134926
-371.4396258134926
-371.0329153766972
-371.0329153766972
-369.14431050241996
-367.289558277758
-365.46917410859965
-363.6836740734468
-361.9335744465938
-361.9335744465938
-358.94381311971546
-355.9738887811668
-353.02430208540034
-353.02430208540034
-353.02430208540034
-353.02430208540034
-353.02430208540034
-350.41120356094734
-350.41120356094734
-349.2209592843754
-349.2209592843754
-349.6561699398068
-350.13653898040616
-350.13653898040616
-352.16203043868677
-354.2211109114525
-356.31319808156485
-358.43771400064105
-360.59408548674526
-360.59408548674526
-360.59408548674526
-360.59408548674526
-360.59408548674526
-360.59408548674526
-360.59408548674526
-360.59408548674526
-359.6937167382836
-358.83568000357695
-358.0202796433586
-358.0202796433586
-355.7776131865997
-353.565975961966
-351.38595386762404
-349.2381389500884
-347.12312905296477
-347.12312905296477
-343.8720692604628
-343.8720692604628
-343.8720692604628
-343.8720692604628
-343.8720692604628
-341.642466621677
-339.4453564224159
-339.4453564224159
-339.4453564224159
-340.35395338196986
-341.3070130316786
-342.3041639862884
-342.3041639862884
-344.76359534975916
-347.2516848194992
-347.2516848194992
-347.2516848194992
-347.2516848194992
-347.2516848194992
-347.2516848194992
-349.06635272872086
-350.91723333565847
-352.8037567031343
-354.7253541586871
-356.6814588248705
-358.6715061210464
-360.6949342368313
-362.75118457746555
-364.83970218147465
-366.9599361110828
-366.9599361110828
-366.9599361110828
-366.9599361110828
-366.9599361110828
-366.9599361110828
-366.9599361110828
-366.9599361110828
-363.8228891748837
-360.7029176487694
-357.60046846861894
-357.60046846861894
-355.7562372326245
-353.94760289763684
-353.94760289763684
-353.94760289763684
-355.2859674619097
-356.66417232560747
-358.081757470385
-359.53825709158156
-361.0332002168613
-361.0332002168613
-361.0332002168613
-364.7470228046563
-368.4668367510711
-372.1924624173203
-372.19255586832696
-372.19255586832696
-372.19255586832696
-372.19255586832696
-372.19255586832696
-372.19255586832696
-370.4391229261911
-368.7207464775122
-367.03791889888157
-365.39113135705725
-363.7808732977019
-362.2076319159593
-362.2076319159593
-359.35136697865
-356.5170981499478
-353.70535419989403
-353.70535419989403
-353.70535419989403
-353.70535419989403
-353.70535419989403
-350.9438912749441
-350.9438912749441
-349.56282449321316
-349.56282449321316
-349.56282449321316
-351.3313365368974
-353.13630210746817
-354.9771651355562
-356.8533700799524
-358.7643624656267
-360.709589395015
-362.68850003257285
-362.68850003257285
-362.68850003257285
-362.68850003257285
-362.68850003257285
-362.68850003257285
-362.68850003257285
-362.68850003257285
-361.990912694116
-361.33626131930043
-361.33626131930043
-359.23110584808535
-357.1583416746506
-355.1185359863018
-353.11225995233
-351.1400882988855
-351.1400882988855
-347.98914810473264
-344.8558146309129
-344.8558146309129
-344.8558146309129
-344.8558146309129
-344.8558146309129
-342.4653535149495
-342.4653535149495
-342.4653535149495
-343.14170726151565
-343.86326385987917
-344.629739384434
-344.629739384434
-346.8991262344943
-349.19958527945323
-351.5305064989984
-353.8912879721064
-356.2813361217285
-356.2813361217285
-359.7464526806655
-359.7464526806655
-359.7464526806655
-359.7464526806655
-359.7464526806655
-361.6500752387897
-361.6500752387897
-361.6500752387897
-360.49155812727645
-359.3738304162891
-358.29727384024943
-357.26226058858856
-357.26226058858856
-354.83556970722486
-352.4375691411236
-350.0688484838787
-347.7300060961443
-347.7300060961443
-347.7300060961443
-347.7300060961443
-347.7300060961443
-347.7300060961443
-345.7538989950659
-345.7538989950659
-345.7538989950659
-346.91239227317965
-348.1129946970931
-349.35527212727715
-350.6387816131253
-350.6387816131253
-353.3249386241633
-353.3249386241633
-356.96419329248306
-360.61109027299574
-364.2654000293539
-367.926901686942
-367.926901686942
-367.926901686942
-367.926901686942
-367.926901686942
-369.44021007674996
-369.44021007674996
-369.44021007674996
-367.87515642926235
-366.3470929601376
-364.856484427811
-363.4037917302014
-361.98947134542755
-361.98947134542755
-359.2565072315752
-356.54747037208176
-353.86291030064336
-353.86291030064336
-353.86291030064336
-353.86291030064336
-353.86291030064336
-353.86291030064336
-352.2874815956921
-352.2874815956921
-352.2874815956921
-353.8657375221137
-355.48199769781803
-357.1357461449654
-358.82646453952987
-360.553632800286
-362.3167296567412
-362.3167296567412
-362.3167296567412
-366.1288449977391
-366.1288449977391
-366.1288449977391
-366.1288449977391
-366.1288449977391
-366.1288449977391
-366.1288449977391
-364.14685575829503
-362.19819715407806
-360.2834100099727
-358.4030372065806
-356.55762321555676
-354.7477136093904
-354.7477136093904
-351.7141527050027
-348.70008632215234
-345.7060245182111
-345.7060245182111
-345.7060245182111
-345.7060245182111
-345.7060245182111
-343.14402643424097
-340.6097330756053
-340.6097330756053
-340.6097330756053
-341.1052286361129
-341.64684070854446
-341.64684070854446
-343.7260347415845
-345.83899443716257
-347.98510472221926
-350.1637560697158
-352.3743448979513
-352.3987678687142
-352.3987678687142
-352.3987678687142
-352.3987678687142
-352.3987678687142
-354.52186563206413
-356.67718569709456
-358.86414748769323
-361.08217607221604
-363.33070248980295
-365.60916404834467
-367.9170045951043
-370.2536747610311
-370.2536747610311
-370.2536747610311
-370.2536747610311
-368.10460476196334
-368.10460476196334
-368.10460476196334
-368.10460476196334
-368.10460476196334
-368.10460476196334
-365.93125313231474
-365.93125313231474
-365.93125313231474
-366.8645184896513
-367.83891567896353
-368.85411872809823
-369.90979166691824
-369.90979166691824
-372.4140780567583
-374.94431188816026
-377.4999714149991
-380.0805437509037
-380.0805437509037
-380.0805437509037
-380.0805437509037
-380.0805437509037
-380.0805437509037
-381.788305093207
-381.788305093207
-381.788305093207
-380.41962635047236
-379.0882144801618
-377.79446348684917
-376.5387615681951
-375.32149062335725
-375.32149062335725
-372.74441493938224
-370.1926207231668
-367.66663437398154
-367.66663437398154
-367.66663437398154
-367.66663437398154
-367.66663437398154
-367.66663437398154
-365.9000544993536
-365.9000544993536
-365.9000544993536
-367.2813536132921
-368.70087527778986
-370.1581797534922
-371.65282258506124
-373.1843551405678
-374.7523251390629
-374.7523251390629
-377.65327876437374
-377.65327876437374
-377.65327876437374
-377.65327876437374
-377.65327876437374
-377.65327876437374
-377.65327876437374
-377.65327876437374
-375.84632306179316
-374.0734128460393
-372.33503445032204
-370.63167377004794
-368.96381579455397
-367.3319441205644
-367.3319441205644
-364.4306521101554
-361.55033285819775
-358.69149160345984
-358.69149160345984
-358.69149160345984
-358.69149160345984
-358.69149160345984
-355.9791239067834
-355.9791239067834
-354.6612823379353
-354.6612823379353
-354.96182388077995
-354.96182388077995
-356.8294996844428
-358.7320549802624
-360.6689377929662
-362.63959808614857
-364.64348822444714
-364.64348822444714
-364.64348822444714
-364.64348822444714
-364.64348822444714
-364.64348822444714
-364.64348822444714
-364.64348822444714
-363.9175875011183
-363.2342872778304
-363.2342872778304
-361.1042026244879
-359.00604853120603
-356.94038807762246
-354.90778862981637
-352.9088214387659
-352.9088214387659
-349.7387253045967
-349.7387253045967
-349.7387253045967
-349.7387253045967
-349.7387253045967
-347.39672274315205
-347.39672274315205
-347.39672274315205
-348.13180644372267
-348.9112012657228
-349.73461096300275
-350.6017254207815
-350.6017254207815
-352.9540774931936
-355.3358858912881
-357.7465622717494
-360.1855270057304
-360.1855270057304
-363.6804811005941
-363.6804811005941
-363.6804811005941
-363.6804811005941
-363.6804811005941
-365.53096098983247
-365.53096098983247
-365.53096098983247
-364.31459350438973
-363.1382142250861
-362.002212994752
-360.9069710989365
-360.9069710989365
-358.43035541874224
-355.9814568183227
-353.5608512356495
-351.1691237417535
-348.8068683780712
-348.8068683780712
-348.8068683780712
-348.8068683780712
-348.8068683780712
-348.8068683780712
-346.8560936167427
-344.9406734986396
-344.9406734986396
-344.9406734986396
-346.16568097133865
-347.43242386187285
-348.7404473792099
-350.0892888185767
-350.0892888185767
-350.0892888185767
-350.0892888185767
-350.0892888185767
-350.0892888185767
-350.0892888185767
-351.63783447068676
-353.2248903997725
-354.8499398979635
-356.5124634205728
-358.2119391977074
-359.94784382507237
-361.7196528332615
-363.5268412349652
-365.3688840496518
-367.2452568053998
-369.1554360176754
-369.1554360176754
-369.1554360176754
-369.1554360176754
-369.1554360176754
-369.1554360176754
-369.1554360176754
-365.36910798870264
-361.58738125572495
-357.81040171316755
-354.03832129411666
-350.2712982749609
-350.2712982749609
-347.34125645943675
-344.432743232323
-341.54630851552
-338.68251682581024
-338.68251682581024
-337.16772466783345
-337.16772466783345
-337.16772466783345
-338.80787685388356
-340.4871221191998
-342.20488495931744
-343.96058829646563
-345.75365415669575
-347.58350431859026
-349.4495591974914
-349.4495591974914
-349.4495591974914
-349.4495591974914
-349.4495591974914
-349.4495591974914
-351.88843884426933
-354.3556862929381
-356.85071314341997
-359.372940802089
-359.37294020326937
-359.37294020326937
-359.37294020326937
-357.4253565049648
-355.5121105479279
-353.63375965957414
-351.79086279616644
-351.79086279616644
-348.733273766168
-345.69492542396875
-345.69492542396875
-345.69492542396875
-345.69492542396875
-345.69492542396875
-343.1854952630937
-343.1854952630937
-343.1822049758621
-343.6923611439947
-344.2482424657641
-344.8496278208734
-344.8496278208734
-346.9796635343136
-349.14253258160625
-351.337628587563
-353.5643513117361
-355.8221069978186
-355.8221069978186
-355.8221069978186
-355.8221069978186
-355.8221069978186
-355.8221069978186
-355.8221069978186
-355.8221069978186
-354.8039594594832
-353.82810441790957
-352.89489272572445
-352.89489272572445
-350.553329293277
-348.24196771475835
-345.9614133247217
-343.7122793470973
-341.4951865998424
-341.4951865998424
-338.17465415326836
-338.17465415326836
-338.17465415326836
-338.17465415326836
-338.17465415326836
-336.048155474763
-336.048155474763
-336.048155474763
-337.03883828183837
-338.07394781874416
-339.1530773089488
-340.27580794630074
-340.27580794630074
-340.27580794630074
-340.27580794630074
-340.27580794630074
-340.27580794630074
-343.29484459002055
-343.29484459002055
-345.086113257006
-346.91425577817137
-348.7786923250508
-350.67884401026674
-352.6141334537458
-354.5839853192044
-356.58782682099235
-358.62508820151004
-360.69520317952424
-362.79760936981137
-362.79760936981137
-363.44891916372626
-364.1430053514293
-364.87962382095395
-365.6585175287598
-365.6585175287598
-365.6585175287598
-365.6585175287598
-365.6585175287598
-361.7182928673939
-357.7793945730071
-353.8418669401736
-349.90575624150824
-345.9711108383623
-342.037981298968
-338.1064205246188
-334.1764838845214
-330.2482293600187
-326.3217176989412
-322.3970125809198
-318.4741807945667
-314.55329242752043
-310.63442107044466
-306.71764403617493
-302.803042595327
-298.8907022298074
-294.98071290581294
-291.0731693680649
-287.1681714572021
-283.2658244524569
-279.3662394419582
-275.4695337232545
-271.5758312369258
-267.68526303646496
-263.7979677979532
-259.9140923734471
-256.0337923924299
-252.1572329161733
-248.2845891504081
-244.41604722232725
-240.55180502864894
-236.69207316226215
-232.8370759258767
-228.98705244211857
-225.1422578706648
-221.30296474432188
-217.46946443743894
-217.46946443743894
-213.49314791851774
-209.51773277678546
-209.51773277678546
-209.51773277678546
-209.51773277678546
-209.51773277678546
-209.51773277678546
-209.51773277678546
-209.51773277678546
-209.51773277678546
-209.51773277678546
-209.51773277678546
