61.77356719970703 451.49884033203125 0.6178773641586304
63.772220611572266 452.68096923828125 0.45035654306411743
65.94000244140625 453.5133056640625 0.2828357219696045
68.21621704101562 453.9725341796875 0.11531491577625275
70.5371322631836 454.0458068847656 -0.052205890417099
72.83777618408203 453.7310485839844 -0.21972669661045074
75.0537338256836 453.037109375 -0.3872475028038025
77.12296295166016 451.9833984375 -0.5547683238983154
78.9875259399414 450.5993957519531 -0.7222891449928284
81.98870086669922 447.9549865722656 -0.7222891449928284
84.98987579345703 445.3105773925781 -0.7222891449928284
87.99105072021484 442.6661682128906 -0.7222891449928284
90.99222564697266 440.0217590332031 -0.7222891449928284
93.99340057373047 437.3773498535156 -0.7222891449928284
96.99457550048828 434.7329406738281 -0.7222891449928284
99.9957504272461 432.0885314941406 -0.7222891449928284
102.9969253540039 429.4441223144531 -0.7222891449928284
105.99810028076172 426.7997131347656 -0.7222891449928284
107.60579681396484 425.12420654296875 -0.8898099660873413
110.12403869628906 422.0163879394531 -0.8898099660873413
112.64228057861328 418.9085693359375 -0.8898099660873413
115.1605224609375 415.8007507324219 -0.8898099660873413
117.67876434326172 412.69293212890625 -0.8898099660873413
120.19700622558594 409.5851135253906 -0.8898099660873413
121.50282287597656 407.66497802734375 -1.0573307275772095
123.46762084960938 404.1807861328125 -1.0573307275772095
125.43241882324219 400.69659423828125 -1.0573307275772095
127.397216796875 397.21240234375 -1.0573307275772095
129.3620147705078 393.72821044921875 -1.0573307275772095
131.32681274414062 390.2440185546875 -1.0573307275772095
132.35134887695312 388.0399169921875 -1.214022159576416
133.7483673095703 384.29180908203125 -1.214022159576416
135.1453857421875 380.543701171875 -1.214022159576416
136.5424041748047 376.79559326171875 -1.214022159576416
137.93942260742188 373.0474853515625 -1.214022159576416
139.33644104003906 369.29937744140625 -1.214022159576416
140.73345947265625 365.55126953125 -1.214022159576416
142.13047790527344 361.80316162109375 -1.214022159576416
143.52749633789062 358.0550537109375 -1.214022159576416
144.9245147705078 354.30694580078125 -1.214022159576416
145.55062866210938 352.07086181640625 -1.3815429210662842
146.30313110351562 348.14227294921875 -1.3815429210662842
147.05563354492188 344.21368408203125 -1.3815429210662842
147.80813598632812 340.28509521484375 -1.3815429210662842
148.56063842773438 336.35650634765625 -1.3815429210662842
149.31314086914062 332.42791748046875 -1.3815429210662842
150.06564331054688 328.49932861328125 -1.3815429210662842
150.81814575195312 324.57073974609375 -1.3815429210662842
151.57064819335938 320.64215087890625 -1.3815429210662842
152.32315063476562 316.71356201171875 -1.3815429210662842
153.07565307617188 312.78497314453125 -1.3815429210662842
153.82815551757812 308.85638427734375 -1.3815429210662842
154.58065795898438 304.92779541015625 -1.3815429210662842
154.82516479492188 302.6186218261719 -1.5490636825561523
154.91209411621094 298.61956787109375 -1.5490636825561523
154.9990234375 294.6205139160156 -1.5490636825561523
155.08595275878906 290.6214599609375 -1.5490636825561523
155.17288208007812 286.6224060058594 -1.5490636825561523
155.2598114013672 282.62335205078125 -1.5490636825561523
155.34674072265625 278.6242980957031 -1.5490636825561523
155.4336700439453 274.625244140625 -1.5490636825561523
155.52059936523438 270.6261901855469 -1.5490636825561523
155.60752868652344 266.62713623046875 -1.5490636825561523
155.6944580078125 262.6280822753906 -1.5490636825561523
155.78138732910156 258.6290283203125 -1.5490636825561523
155.86831665039062 254.62997436523438 -1.5490636825561523
155.9552459716797 250.63092041015625 -1.5490636825561523
156.04217529296875 246.63186645507812 -1.5490636825561523
156.1291046142578 242.6328125 -1.5490636825561523
156.21603393554688 238.63375854492188 -1.5490636825561523
156.30296325683594 234.63470458984375 -1.5490636825561523
156.389892578125 230.63565063476562 -1.5490636825561523
156.47682189941406 226.6365966796875 -1.5490636825561523
156.56375122070312 222.63754272460938 -1.5490636825561523
156.6506805419922 218.63848876953125 -1.5490636825561523
156.73760986328125 214.63943481445312 -1.5490636825561523
156.8245391845703 210.640380859375 -1.5490636825561523
156.91146850585938 206.64132690429688 -1.5490636825561523
156.80914306640625 203.79913330078125 -1.664501667022705
156.3992156982422 201.51353454589844 -1.8320224285125732
155.61392211914062 199.32827758789062 -1.9995431900024414
154.4752655029297 197.30455017089844 -2.1670639514923096
153.01510620117188 195.49900817871094 -2.3345847129821777
151.2743377685547 193.9622039794922 -2.502105474472046
148.06472778320312 191.5750732421875 -2.502105474472046
146.0920867919922 190.35003662109375 -2.669626235961914
142.52938842773438 188.53147888183594 -2.669626235961914
138.96669006347656 186.71292114257812 -2.669626235961914
135.40399169921875 184.8943634033203 -2.669626235961914
131.84129333496094 183.0758056640625 -2.669626235961914
128.27859497070312 181.2572479248047 -2.669626235961914
124.71588897705078 179.43869018554688 -2.669626235961914
121.15318298339844 177.62013244628906 -2.669626235961914
117.5904769897461 175.80157470703125 -2.669626235961914
115.44119262695312 174.922607421875 -2.8371469974517822
111.62513732910156 173.7235565185547 -2.8371469974517822
107.80908203125 172.52450561523438 -2.8371469974517822
103.99302673339844 171.32545471191406 -2.8371469974517822
100.17697143554688 170.12640380859375 -2.8371469974517822
96.36091613769531 168.92735290527344 -2.8371469974517822
92.54486083984375 167.72830200195312 -2.8371469974517822
88.72880554199219 166.5292510986328 -2.8371469974517822
84.91275024414062 165.3302001953125 -2.8371469974517822
81.09669494628906 164.1311492919922 -2.8371469974517822
77.2806396484375 162.93209838867188 -2.8371469974517822
73.46458435058594 161.73304748535156 -2.8371469974517822
69.64852905273438 160.53399658203125 -2.8371469974517822
65.83247375488281 159.33494567871094 -2.8371469974517822
62.016422271728516 158.13589477539062 -2.8371469974517822
58.20037078857422 156.9368438720703 -2.8371469974517822
54.38431930541992 155.73779296875 -2.8371469974517822
50.568267822265625 154.5387420654297 -2.8371469974517822
50.568267822265625 154.5387420654297 -2.8371469974517822
50.568267822265625 154.5387420654297 -2.8371469974517822
50.568267822265625 154.5387420654297 -2.8371469974517822
50.568267822265625 154.5387420654297 -2.8371469974517822
50.568267822265625 154.5387420654297 -2.8371469974517822
50.568267822265625 154.5387420654297 -2.8371469974517822
50.568267822265625 154.5387420654297 -2.8371469974517822
50.568267822265625 154.5387420654297 -2.8371469974517822
50.568267822265625 154.5387420654297 -2.8371469974517822
50.568267822265625 154.5387420654297 -2.8371469974517822
