-391.502857616566
-392.6990874069589
-393.55813466838896
-394.0581986336918
-394.1866678108201
-393.9402836933492
-393.3252906284444
-392.3572103464594
-391.06062714508965
-388.5776300459047
-386.1201042975804
-383.6885393325659
-381.28343183154806
-378.905285612419
-376.55461150079697
-374.23192718113273
-371.9377570274284
-369.67263191259553
-368.2146087459391
-365.46995005329194
-362.7486331432372
-360.0511872774739
-357.37815298343406
-354.7300821146742
-353.0630739237214
-349.9836459597942
-346.9230040781733
-343.88164988322376
-340.86009966357483
-337.85888475425133
-335.923956907744
-332.57179543449547
-329.23410114887315
-325.9113185314427
-322.6039083478609
-319.3123482775777
-316.037133562785
-312.7787776775091
-309.5378130166106
-306.3147916043073
-304.34240320182204
-300.78929485374425
-297.24754254894754
-293.71755709352396
-290.1997678831085
-286.69462386772454
-283.20259456919786
-279.7241711536889
-276.25986756192896
-272.81022169976364
-269.3757966916057
-265.95718219936043
-262.55499580932326
-260.491089166626
-256.8026553221598
-253.1236851902523
-249.45459748531587
-245.79583476396223
-242.14786504644252
-238.51118356226465
-234.8863146300344
-231.2738136823358
-227.67426944727217
-224.08830629912723
-220.51658679146763
-216.95981438688446
-213.41873639844482
-209.89414715877967
-206.38689143353818
-202.8978680966652
-199.4280340855555
-195.9784086545563
-192.55007794545318
-189.14419989339612
-185.76200948609196
-182.40482439287044
-179.07405097825298
-175.7711907117177
-173.3499377539772
-171.2275948756783
-168.98044572853215
-166.66767919870313
-164.35264281121147
-162.10143993848814
-158.32686499206847
-156.21453023109086
-152.74632898308127
-149.30473041423164
-145.89161721667386
-142.50903609209482
-139.15921351269157
-135.8445692669715
-132.5677462495444
-129.33161927593196
-127.59675362853602
-124.89276244633832
-122.25985722478046
-119.70272874074315
-117.22633598959835
-114.8359021966671
-112.53690514364082
-110.33506064486103
-108.23629796843358
-106.24672602263067
-104.37258924331799
-102.62021234820575
-100.99593349059818
-99.50602586323026
-98.15660847217775
-96.95354760212219
-95.90235138266203
-95.00806076865379
-95.00806076865379
-95.00806076865379
-95.00806076865379
-95.00806076865379
-95.00806076865379
-95.00806076865379
-95.00806076865379
-95.00806076865379
-95.00806076865379
-95.00806076865379
