-390.00454717931797
-390.0060732838457
-390.0043341724227
-389.99960440246406
-389.99264675177807
-389.9845291932204
-385.9875674610883
-381.9906692388272
-377.9938365410928
-373.99707146862806
-370.00037621290903
-366.0037530610947
-362.0072044013044
-358.0107327282483
-354.01434064923853
-350.01803089061195
-346.0218063045971
-342.02566987666177
-338.0296247333816
-334.0336741508718
-330.0378215638311
-326.0420705752496
-322.0464249668382
-318.0508887102425
-314.055465979112
-310.06016116210054
-306.06497887688283
-302.0699239852822
-298.07500160961166
-294.08021715034533
-290.0855763052465
-286.0910850900952
-282.0967498611738
-282.0887837531699
-278.4973196950105
-274.91713674242396
-271.34868142555246
-267.7924225729787
-264.24885260490566
-260.71848890690336
-257.20187528899265
-253.69958353500604
-250.21221504731145
-246.74040259210503
-243.2848121505567
-239.8461448811191
-236.42513919827442
-233.02257297287235
-229.6392656130689
-226.27608122416166
-222.93393053427064
-219.61377383760893
-216.31662386736647
-213.04354881102776
-209.7956754679649
-206.57419254728882
-206.57419254728882
-206.57419254728882
-206.57419254728882
-206.57419254728882
-206.57419254728882
-206.57419254728882
-206.57419254728882
-206.57419254728882
-206.57419254728882
-206.57419254728882
