61.77356719970703 451.49884033203125 0.6178773641586304
63.772220611572266 452.68096923828125 0.45035654306411743
65.94000244140625 453.5133056640625 0.2828357219696045
68.21621704101562 453.9725341796875 0.11531491577625275
70.5371322631836 454.0458068847656 -0.052205890417099
72.83777618408203 453.7310485839844 -0.21972669661045074
75.0537338256836 453.037109375 -0.3872475028038025
77.12296295166016 451.9833984375 -0.5547683238983154
78.9875259399414 450.5993957519531 -0.7222891449928284
81.98870086669922 447.9549865722656 -0.7222891449928284
84.98987579345703 445.3105773925781 -0.7222891449928284
87.99105072021484 442.6661682128906 -0.7222891449928284
90.99222564697266 440.0217590332031 -0.7222891449928284
93.99340057373047 437.3773498535156 -0.7222891449928284
96.99457550048828 434.7329406738281 -0.7222891449928284
99.9957504272461 432.0885314941406 -0.7222891449928284
102.9969253540039 429.4441223144531 -0.7222891449928284
105.99810028076172 426.7997131347656 -0.7222891449928284
107.60579681396484 425.12420654296875 -0.8898099660873413
110.12403869628906 422.0163879394531 -0.8898099660873413
112.64228057861328 418.9085693359375 -0.8898099660873413
115.1605224609375 415.8007507324219 -0.8898099660873413
117.67876434326172 412.69293212890625 -0.8898099660873413
120.19700622558594 409.5851135253906 -0.8898099660873413
121.50282287597656 407.66497802734375 -1.0573307275772095
123.46762084960938 404.1807861328125 -1.0573307275772095
125.43241882324219 400.69659423828125 -1.0573307275772095
127.397216796875 397.21240234375 -1.0573307275772095
129.3620147705078 393.72821044921875 -1.0573307275772095
131.32681274414062 390.2440185546875 -1.0573307275772095
132.3513641357422 388.0398864746094 -1.2140204906463623
133.74838256835938 384.2917785644531 -1.2140204906463623
135.14540100097656 380.5436706542969 -1.2140204906463623
136.54241943359375 376.7955627441406 -1.2140204906463623
137.93943786621094 373.0474548339844 -1.2140204906463623
139.33645629882812 369.2993469238281 -1.2140204906463623
140.7334747314453 365.5512390136719 -1.2140204906463623
142.1304931640625 361.8031311035156 -1.2140204906463623
143.5275115966797 358.0550231933594 -1.2140204906463623
144.92453002929688 354.3069152832031 -1.2140204906463623
145.55064392089844 352.0708312988281 -1.3815412521362305
146.3031463623047 348.1422424316406 -1.3815412521362305
147.05564880371094 344.2136535644531 -1.3815412521362305
147.8081512451172 340.2850646972656 -1.3815412521362305
148.56065368652344 336.3564758300781 -1.3815412521362305
149.3131561279297 332.4278869628906 -1.3815412521362305
150.06565856933594 328.4992980957031 -1.3815412521362305
150.8181610107422 324.5707092285156 -1.3815412521362305
151.57066345214844 320.6421203613281 -1.3815412521362305
152.3231658935547 316.7135314941406 -1.3815412521362305
153.07566833496094 312.7849426269531 -1.3815412521362305
153.8281707763672 308.8563537597656 -1.3815412521362305
154.58067321777344 304.9277648925781 -1.3815412521362305
154.82518005371094 302.61859130859375 -1.5490620136260986
154.912109375 298.6195373535156 -1.5490620136260986
154.99903869628906 294.6204833984375 -1.5490620136260986
155.08596801757812 290.6214294433594 -1.5490620136260986
155.1728973388672 286.62237548828125 -1.5490620136260986
155.25982666015625 282.6233215332031 -1.5490620136260986
155.3467559814453 278.624267578125 -1.5490620136260986
155.43368530273438 274.6252136230469 -1.5490620136260986
155.52061462402344 270.62615966796875 -1.5490620136260986
155.6075439453125 266.6271057128906 -1.5490620136260986
155.69447326660156 262.6280517578125 -1.5490620136260986
155.78140258789062 258.6289978027344 -1.5490620136260986
155.8683319091797 254.62994384765625 -1.5490620136260986
155.95526123046875 250.63088989257812 -1.5490620136260986
156.0421905517578 246.6318359375 -1.5490620136260986
156.12911987304688 242.63278198242188 -1.5490620136260986
156.21604919433594 238.63372802734375 -1.5490620136260986
156.302978515625 234.63467407226562 -1.5490620136260986
156.38990783691406 230.6356201171875 -1.5490620136260986
156.47683715820312 226.63656616210938 -1.5490620136260986
156.5637664794922 222.63751220703125 -1.5490620136260986
156.65069580078125 218.63845825195312 -1.5490620136260986
156.7376251220703 214.639404296875 -1.5490620136260986
156.82455444335938 210.64035034179688 -1.5490620136260986
156.91148376464844 206.64129638671875 -1.5490620136260986
156.8091583251953 203.79913330078125 -1.664503812789917
156.39923095703125 201.51353454589844 -1.8320245742797852
155.6139373779297 199.32827758789062 -1.9995453357696533
154.4752655029297 197.30455017089844 -2.1670660972595215
153.01510620117188 195.49900817871094 -2.3345868587493896
151.2743377685547 193.9622039794922 -2.502107620239258
148.06472778320312 191.5750732421875 -2.502107620239258
146.0920867919922 190.35003662109375 -2.669628381729126
142.5293731689453 188.531494140625 -2.669628381729126
138.96665954589844 186.71295166015625 -2.669628381729126
135.40394592285156 184.8944091796875 -2.669628381729126
131.8412322998047 183.07586669921875 -2.669628381729126
128.2785186767578 181.25732421875 -2.669628381729126
124.71581268310547 179.43878173828125 -2.669628381729126
121.15310668945312 177.6202392578125 -2.669628381729126
117.59040069580078 175.80169677734375 -2.669628381729126
115.44110870361328 174.9227294921875 -2.837149143218994
111.62505340576172 173.7236785888672 -2.837149143218994
107.80899810791016 172.52462768554688 -2.837149143218994
103.9929428100586 171.32557678222656 -2.837149143218994
100.17688751220703 170.12652587890625 -2.837149143218994
96.36083221435547 168.92747497558594 -2.837149143218994
92.5447769165039 167.72842407226562 -2.837149143218994
88.72872161865234 166.5293731689453 -2.837149143218994
84.91266632080078 165.330322265625 -2.837149143218994
81.09661102294922 164.1312713623047 -2.837149143218994
77.28055572509766 162.93222045898438 -2.837149143218994
73.4645004272461 161.73316955566406 -2.837149143218994
69.64844512939453 160.53411865234375 -2.837149143218994
65.83238983154297 159.33506774902344 -2.837149143218994
62.016334533691406 158.13601684570312 -2.837149143218994
58.200279235839844 156.9369659423828 -2.837149143218994
54.38422393798828 155.7379150390625 -2.837149143218994
50.56816864013672 154.5388641357422 -2.837149143218994
50.56816864013672 154.5388641357422 -2.837149143218994
50.56816864013672 154.5388641357422 -2.837149143218994
50.56816864013672 154.5388641357422 -2.837149143218994
50.56816864013672 154.5388641357422 -2.837149143218994
50.56816864013672 154.5388641357422 -2.837149143218994
50.56816864013672 154.5388641357422 -2.837149143218994
50.56816864013672 154.5388641357422 -2.837149143218994
50.56816864013672 154.5388641357422 -2.837149143218994
50.56816864013672 154.5388641357422 -2.837149143218994
50.56816864013672 154.5388641357422 -2.837149143218994
