61.77356719970703 451.49884033203125 0.6178773641586304
63.772220611572266 452.68096923828125 0.45035654306411743
65.94000244140625 453.5133056640625 0.2828357219696045
68.21621704101562 453.9725341796875 0.11531491577625275
70.5371322631836 454.0458068847656 -0.052205890417099
72.83777618408203 453.7310485839844 -0.21972669661045074
75.0537338256836 453.037109375 -0.3872475028038025
77.12296295166016 451.9833984375 -0.5547683238983154
78.9875259399414 450.5993957519531 -0.7222891449928284
81.98870086669922 447.9549865722656 -0.7222891449928284
84.98987579345703 445.3105773925781 -0.7222891449928284
87.99105072021484 442.6661682128906 -0.7222891449928284
90.99222564697266 440.0217590332031 -0.7222891449928284
93.99340057373047 437.3773498535156 -0.7222891449928284
96.99457550048828 434.7329406738281 -0.7222891449928284
99.9957504272461 432.0885314941406 -0.7222891449928284
102.9969253540039 429.4441223144531 -0.7222891449928284
105.99810028076172 426.7997131347656 -0.7222891449928284
107.60579681396484 425.12420654296875 -0.8898099660873413
110.12403869628906 422.0163879394531 -0.8898099660873413
112.64228057861328 418.9085693359375 -0.8898099660873413
115.1605224609375 415.8007507324219 -0.8898099660873413
117.67876434326172 412.69293212890625 -0.8898099660873413
120.19700622558594 409.5851135253906 -0.8898099660873413
121.50282287597656 407.66497802734375 -1.0573307275772095
123.46762084960938 404.1807861328125 -1.0573307275772095
125.43241882324219 400.69659423828125 -1.0573307275772095
127.397216796875 397.21240234375 -1.0573307275772095
129.3620147705078 393.72821044921875 -1.0573307275772095
131.32681274414062 390.2440185546875 -1.0573307275772095
133.29161071777344 386.75982666015625 -1.0573307275772095
134.2589874267578 384.64886474609375 -1.2248514890670776
135.61532592773438 380.8858337402344 -1.2248514890670776
136.97166442871094 377.122802734375 -1.2248514890670776
138.3280029296875 373.3597717285156 -1.2248514890670776
139.68434143066406 369.59674072265625 -1.2248514890670776
141.04067993164062 365.8337097167969 -1.2248514890670776
142.3970184326172 362.0706787109375 -1.2248514890670776
143.75335693359375 358.3076477050781 -1.2248514890670776
145.1096954345703 354.54461669921875 -1.2248514890670776
145.71156311035156 352.3019104003906 -1.3923722505569458
146.42147827148438 348.36541748046875 -1.3923722505569458
147.1313934326172 344.4289245605469 -1.3923722505569458
147.84130859375 340.492431640625 -1.3923722505569458
148.5512237548828 336.5559387207031 -1.3923722505569458
149.26113891601562 332.61944580078125 -1.3923722505569458
149.97105407714844 328.6829528808594 -1.3923722505569458
150.68096923828125 324.7464599609375 -1.3923722505569458
151.39088439941406 320.8099670410156 -1.3923722505569458
152.10079956054688 316.87347412109375 -1.3923722505569458
152.8107147216797 312.9369812011719 -1.3923722505569458
153.5206298828125 309.00048828125 -1.3923722505569458
154.2305450439453 305.0639953613281 -1.3923722505569458
154.94046020507812 301.12750244140625 -1.3923722505569458
155.15994262695312 298.8158264160156 -1.559893012046814
155.20355224609375 294.8160705566406 -1.559893012046814
155.24716186523438 290.8163146972656 -1.559893012046814
155.290771484375 286.8165588378906 -1.559893012046814
155.33438110351562 282.8168029785156 -1.559893012046814
155.37799072265625 278.8170471191406 -1.559893012046814
155.42160034179688 274.8172912597656 -1.559893012046814
155.4652099609375 270.8175354003906 -1.559893012046814
155.50881958007812 266.8177795410156 -1.559893012046814
155.55242919921875 262.8180236816406 -1.559893012046814
155.59603881835938 258.8182678222656 -1.559893012046814
155.6396484375 254.81851196289062 -1.559893012046814
155.68325805664062 250.81875610351562 -1.559893012046814
155.72686767578125 246.81900024414062 -1.559893012046814
155.77047729492188 242.81924438476562 -1.559893012046814
155.8140869140625 238.81948852539062 -1.559893012046814
155.85769653320312 234.81973266601562 -1.559893012046814
155.90130615234375 230.81997680664062 -1.559893012046814
155.94491577148438 226.82022094726562 -1.559893012046814
155.988525390625 222.82046508789062 -1.559893012046814
156.03213500976562 218.82070922851562 -1.559893012046814
156.07574462890625 214.82095336914062 -1.559893012046814
156.11935424804688 210.82119750976562 -1.559893012046814
156.1629638671875 206.82144165039062 -1.559893012046814
156.20657348632812 202.82168579101562 -1.559893012046814
156.03753662109375 200.50576782226562 -1.7274137735366821
155.48472595214844 198.25045776367188 -1.8949345350265503
154.5635986328125 196.118896484375 -2.062455415725708
153.29995727539062 194.17076110839844 -2.229976177215576
151.7291717529297 192.46058654785156 -2.3974969387054443
149.89523315429688 191.03627014160156 -2.5650177001953125
146.54190063476562 188.85565185546875 -2.5650177001953125
143.18856811523438 186.67503356933594 -2.5650177001953125
141.14280700683594 185.57644653320312 -2.7325384616851807
137.4728240966797 183.9854736328125 -2.7325384616851807
133.80284118652344 182.39450073242188 -2.7325384616851807
130.1328582763672 180.80352783203125 -2.7325384616851807
126.4628677368164 179.21255493164062 -2.7325384616851807
122.79287719726562 177.62158203125 -2.7325384616851807
119.12288665771484 176.03060913085938 -2.7325384616851807
115.45289611816406 174.43963623046875 -2.7325384616851807
111.78290557861328 172.84866333007812 -2.7325384616851807
108.1129150390625 171.2576904296875 -2.7325384616851807
104.44292449951172 169.66671752929688 -2.7325384616851807
102.24263000488281 168.9246063232422 -2.900059223175049
98.3587417602539 167.96783447265625 -2.900059223175049
94.474853515625 167.0110626220703 -2.900059223175049
90.5909652709961 166.05429077148438 -2.900059223175049
86.70707702636719 165.09751892089844 -2.900059223175049
82.82318878173828 164.1407470703125 -2.900059223175049
78.93930053710938 163.18397521972656 -2.900059223175049
75.05541229248047 162.22720336914062 -2.900059223175049
71.17152404785156 161.2704315185547 -2.900059223175049
67.28763580322266 160.31365966796875 -2.900059223175049
63.40374755859375 159.3568878173828 -2.900059223175049
59.519859313964844 158.40011596679688 -2.900059223175049
55.63597106933594 157.44334411621094 -2.900059223175049
51.75208282470703 156.486572265625 -2.900059223175049
47.868194580078125 155.52980041503906 -2.900059223175049
43.98430633544922 154.57302856445312 -2.900059223175049
43.98430633544922 154.57302856445312 -2.900059223175049
43.98430633544922 154.57302856445312 -2.900059223175049
43.98430633544922 154.57302856445312 -2.900059223175049
43.98430633544922 154.57302856445312 -2.900059223175049
43.98430633544922 154.57302856445312 -2.900059223175049
43.98430633544922 154.57302856445312 -2.900059223175049
43.98430633544922 154.57302856445312 -2.900059223175049
43.98430633544922 154.57302856445312 -2.900059223175049
43.98430633544922 154.57302856445312 -2.900059223175049
43.98430633544922 154.57302856445312 -2.900059223175049
