-391.502857616566
-392.6990874069589
-393.55813466838896
-394.0581986336918
-394.1866678108201
-393.9402836933492
-393.3252906284444
-392.3572103464594
-391.06062714508965
-388.5776300459047
-386.1201042975804
-383.6885393325659
-381.28343183154806
-378.905285612419
-376.55461150079697
-374.23192718113273
-371.9377570274284
-369.67263191259553
-368.2146087459391
-365.46995005329194
-362.7486331432372
-360.0511872774739
-357.37815298343406
-354.7300821146742
-353.0630739237214
-349.9836459597942
-346.9230040781733
-343.88164988322376
-340.86009966357483
-337.85888475425133
-335.9239303928456
-332.571769060372
-329.234074919544
-325.911292451067
-322.6038824207428
-319.3123225081714
-316.03710795570026
-312.77875223751687
-309.5377877486486
-306.314766513486
-304.3423782040038
-300.78926999739826
-297.2475178384002
-293.7175325332755
-290.1997434778413
-286.69459962231144
-283.2025704887112
-279.7241472434099
-276.25984382735703
-272.8101981466271
-269.3757733258721
-265.9571590272477
-262.5549728373113
-260.49106629745506
-256.8026326049206
-253.12366263021622
-249.45457508800732
-245.79581253517338
-242.14784299224917
-238.51116168904312
-234.88629294447952
-231.27379219147997
-227.67424815850592
-224.08828522022088
-220.5165659305945
-216.95979375264548
-213.41871599989477
-209.894127005455
-206.38687153548662
-202.89784846447705
-199.42801473039682
-195.97838958820412
-192.55005918033237
-189.14418144261836
-185.76199136349672
-182.40480661306756
-179.0740335566672
-175.7711736646348
-173.34998424832503
-171.22763270822426
-168.98047483835276
-166.6676996114702
-164.35266722403514
-162.10146862155204
-158.32689863928772
-156.21456890181614
-152.74638683086283
-149.30480830106768
-145.8917160533292
-142.50915684047658
-139.15935718812997
-135.84474057494901
-132.56794608791571
-129.33184858067065
-127.59699727440427
-124.8930246529096
-122.26013882677934
-119.70303058159199
-117.22665891500469
-114.836247046894
-112.5372727443615
-110.33545179653485
-108.23671343419127
-106.24716651472703
-104.37305540830036
-102.6207047510553
-100.99645259822498
-99.50657202783573
-98.15718191512701
-96.95414839908052
-95.90297945082644
-95.00871585693316
-95.00871585693316
-95.00871585693316
-95.00871585693316
-95.00871585693316
-95.00871585693316
-95.00871585693316
-95.00871585693316
-95.00871585693316
-95.00871585693316
-95.00871585693316
