-387.91843069460936
-385.6352704968303
-383.1807333410728
-380.587856883043
-377.8922349062287
-373.9698795239936
-370.04918618916076
-366.1302082956744
-362.2130015243952
-358.29762396545846
-354.3841362484762
-350.4726016811697
-346.5630863970672
-342.655659512955
-338.7503932968331
-334.84736334718843
-330.94664878447225
-327.04833245574804
-323.1525011535607
-319.25924585017503
-315.3686619484359
-311.4808495506186
-307.59591374676484
-303.71396492414243
-299.8351190996197
-295.95949827692124
-292.08723083091917
-288.2184519213269
-284.3533039383958
-280.4919369834739
-276.63450938757506
-272.78118827142663
-268.9321501508188
-265.0875815914761
-261.24767991811206
-257.41265419400185
-253.58272543798398
-249.75812812932023
-245.9391109960323
-242.1259380841429
-238.3188899216436
-234.51826478676136
-230.7243800911671
-226.9375738899663
-223.1582065316561
-219.38666246273357
-215.62335220332764
-211.86871451210993
-208.12321876085417
-208.12321876085417
-208.12321876085417
-208.12321876085417
-208.12321876085417
-208.12321876085417
-208.12321876085417
-208.12321876085417
-208.12321876085417
-208.12321876085417
-208.12321876085417
