60.01023864746094 450.0068054199219 0.3866351842880249
60.02231216430664 450.00909423828125 -0.012127816677093506
60.03432846069336 450.0065002441406 -0.4108908176422119
60.04439926147461 449.99945068359375 -0.8096538186073303
60.05094528198242 449.9890441894531 -1.2084168195724487
60.052940368652344 449.9769287109375 -1.607179880142212
60.050071716308594 449.9649658203125 -2.0059428215026855
59.19606018066406 447.6777038574219 -1.8503402471542358
59.190399169921875 447.66680908203125 -2.249103307723999
59.180946350097656 447.6589660644531 -2.6478662490844727
59.169185638427734 447.6553955078125 -3.0466291904449463
59.15696334838867 447.65667724609375 2.8377931118011475
59.14619827270508 447.66259765625 2.439030170440674
59.138580322265625 447.6722412109375 2.0402672290802
59.13530349731445 447.68408203125 1.6415042877197266
59.136878967285156 447.6962585449219 1.242741346359253
59.143062591552734 447.7068786621094 0.8439783453941345
59.15288543701172 447.7142639160156 0.4452153444290161
59.16480255126953 447.7172546386719 0.046452343463897705
59.17694854736328 447.71539306640625 -0.3523106575012207
59.18741226196289 447.7089538574219 -0.7510736584663391
59.194557189941406 447.6989440917969 -1.1498366594314575
59.19725799560547 447.68695068359375 -1.5485997200012207
59.195091247558594 447.67486572265625 -1.9473626613616943
57.729000091552734 443.9815673828125 -1.9499987363815308
57.00423049926758 441.650146484375 -1.7943933010101318
56.99918746948242 441.6389465332031 -2.1931562423706055
56.99018859863281 441.6305847167969 -2.591919183731079
56.97864532470703 441.6263732910156 -2.9906821250915527
56.96636962890625 441.6269836425781 2.893740177154541
56.955291748046875 441.6322937011719 2.4949772357940674
56.9471435546875 441.6414794921875 2.0962142944335938
56.943206787109375 441.6531066894531 1.6974513530731201
56.94409942626953 441.6653747558594 1.2986884117126465
56.94968032836914 441.67633056640625 0.8999254107475281
56.959075927734375 441.68426513671875 0.5011624097824097
56.97080993652344 441.68792724609375 0.10239940881729126
56.98303985595703 441.6867370605469 -0.29636359214782715
56.99385070800781 441.6808776855469 -0.6951265931129456
57.00154113769531 441.6712951660156 -1.093889594078064
57.00490951538086 441.65948486328125 -1.4926526546478271
57.003421783447266 441.64727783203125 -1.8914155960083008
56.41639709472656 439.27740478515625 -1.735810399055481
56.412017822265625 439.26593017578125 -2.134573459625244
55.24058151245117 437.0626220703125 -1.984344720840454
54.436180114746094 434.7574462890625 -1.8287392854690552
53.99874496459961 432.35546875 -1.6731338500976562
53.995094299316406 432.34375 -2.07189679145813
52.992210388183594 430.1177673339844 -1.916291356086731
52.3464241027832 427.76324462890625 -1.760685920715332
52.07333755493164 425.33709716796875 -1.605080485343933
52.070491790771484 425.32513427734375 -2.0038435459136963
51.22129821777344 423.0361022949219 -1.8482381105422974
50.73711395263672 420.64312744140625 -1.6926326751708984
50.629642486572266 418.2040100097656 -1.5370272397994995
50.62761688232422 418.19189453125 -1.9357903003692627
49.93604278564453 415.85040283203125 -1.7801848649978638
49.61570358276367 413.4300231933594 -1.6245794296264648
49.57469940185547 410.2490539550781 -1.5427924394607544
49.57260513305664 410.2369384765625 -1.9415555000305176
48.86754608154297 407.89947509765625 -1.7859500646591187
48.533260345458984 405.4809875488281 -1.6303446292877197
48.57782745361328 403.0399169921875 -1.4747391939163208
48.576560974121094 403.0276794433594 -1.873502254486084
48.032081604003906 400.6476745605469 -1.717896819114685
47.86302947998047 398.2120666503906 -1.5622913837432861
48.073486328125 395.7796630859375 -1.4066859483718872
48.07305145263672 395.76739501953125 -1.8054490089416504
47.691673278808594 393.35589599609375 -1.6498435735702515
47.68863296508789 390.9144287109375 -1.4942381381988525
48.06400680541992 388.5019836425781 -1.3386327028274536
48.06441116333008 388.4897155761719 -1.7373957633972168
47.847900390625 386.057861328125 -1.5817903280258179
48.01089096069336 383.621826171875 -1.426184892654419
48.01021957397461 383.60955810546875 -1.8249478340148926
47.58189392089844 381.2059326171875 -1.6693423986434937
47.531253814697266 378.7649841308594 -1.5137369632720947
47.529510498046875 378.7528076171875 -1.9124999046325684
46.89265441894531 376.3958435058594 -1.7568944692611694
46.62876892089844 373.9686584472656 -1.6012890338897705
46.744232177734375 371.5299072265625 -1.4456835985183716
46.74332046508789 371.51763916015625 -1.8444466590881348
46.268211364746094 369.1228332519531 -1.6888412237167358
46.169986724853516 366.6833190917969 -1.533235788345337
46.168006896972656 366.67120361328125 -1.9319987297058105
45.48531723022461 364.3271179199219 -1.7763932943344116
45.17416000366211 361.9055480957031 -1.6207878589630127
45.24205017089844 359.4649963378906 -1.4651824235916138
45.24089813232422 359.4527587890625 -1.863945484161377
44.71918869018555 357.0676574707031 -1.708340048789978
44.57341766357422 354.6305236816406 -1.552734613418579
44.57120132446289 354.6184387207031 -1.9514975547790527
43.84293746948242 352.2881164550781 -1.7958921194076538
43.484622955322266 349.8730773925781 -1.6402866840362549
43.50491714477539 347.4316711425781 -1.484681248664856
43.5035285949707 347.4194641113281 -1.8834443092346191
42.9354133605957 345.0450134277344 -1.7278388738632202
42.74215316772461 342.6112060546875 -1.5722334384918213
42.73970031738281 342.5991516113281 -1.970996379852295
41.96613693237305 340.283447265625 -1.815390944480896
41.5608024597168 337.8758544921875 -1.659785509109497
41.53349304199219 335.4345397949219 -1.5041800737380981
41.53186798095703 335.42236328125 -1.9029431343078613
40.917564392089844 333.0594177246094 -1.7473376989364624
40.67688751220703 330.62982177734375 -1.5917322635650635
40.67420196533203 330.6178283691406 -1.990495204925537
39.85563659667969 328.3176574707031 -1.8348897695541382
39.403438568115234 325.9184265136719 -1.6792843341827393
39.32853317260742 323.47808837890625 -1.5236788988113403
39.32666778564453 323.4659423828125 -1.9224419593811035
38.666412353515625 321.1154479980469 -1.7668365240097046
38.37841033935547 318.6910095214844 -1.6112310886383057
38.375492095947266 318.6790771484375 -2.0099940299987793
37.51223373413086 316.3952941894531 -1.8543885946273804
37.01333999633789 314.0053405761719 -1.6987831592559814
36.890869140625 311.5669250488281 -1.5431780815124512
36.88876724243164 311.5548095703125 -1.9419410228729248
36.182804107666016 309.2176208496094 -1.7863355875015259
35.84758377075195 306.79925537109375 -1.630730152130127
35.84443283081055 306.7873840332031 -2.0294930934906006
34.93680953979492 304.5208740234375 -1.8738876581192017
34.39141082763672 302.1410827636719 -1.7182822227478027
34.22141647338867 299.7055358886719 -1.562677264213562
34.21908187866211 299.6934814453125 -1.9614403247833252
33.46768569946289 297.3705139160156 -1.8058348894119263
33.08537673950195 294.9591369628906 -1.6502294540405273
33.081993103027344 294.94732666015625 -2.048992395401001
32.13035202026367 292.6989440917969 -1.893386960029602
31.538658142089844 290.33026123046875 -1.7377815246582031
31.534255981445312 290.31878662109375 -2.1365444660186768
30.389659881591797 288.1622314453125 -1.9809390306472778
29.59311294555664 285.8543395996094 -1.825333595275879
29.16260528564453 283.4468078613281 -1.6701515913009644
29.15898895263672 283.43505859375 -2.0689146518707275
28.16274642944336 281.2060852050781 -1.9133092164993286
27.523983001708984 278.8496398925781 -1.7577037811279297
27.51935386657715 278.8382568359375 -2.1564667224884033
26.3320255279541 276.7049255371094 -2.000861406326294
25.489660263061523 274.4133605957031 -1.845255970954895
25.012615203857422 272.0189514160156 -1.689650535583496
25.008769989013672 272.0072937011719 -2.0884134769439697
23.969257354736328 269.79815673828125 -1.9328080415725708
23.969257354736328 269.79815673828125 -1.7772026062011719
23.964406967163086 269.786865234375 -2.1759655475616455
23.964406967163086 269.786865234375 -2.020360231399536
23.964406967163086 269.786865234375 -1.8647547960281372
23.964406967163086 269.786865234375 -1.7091493606567383
23.96033477783203 269.7752685546875 -2.107912302017212
23.96033477783203 269.7752685546875 -1.952306866645813
23.96033477783203 269.7752685546875 -1.796701431274414
23.955265045166016 269.7640686035156 -2.1954643726348877
23.955265045166016 269.7640686035156 -2.0398590564727783
23.955265045166016 269.7640686035156 -1.8842536211013794
23.955265045166016 269.7640686035156 -1.7286481857299805
23.95096778869629 269.7525634765625 -2.127411127090454
23.95096778869629 269.7525634765625 -1.9718056917190552
23.95096778869629 269.7525634765625 -1.8162002563476562
23.95096778869629 269.7525634765625 -1.6605948209762573
23.947463989257812 269.74078369140625 -2.0593578815460205
23.947463989257812 269.74078369140625 -1.9037524461746216
23.947463989257812 269.74078369140625 -1.7481470108032227
23.942943572998047 269.7293701171875 -2.1469099521636963
23.942943572998047 269.7293701171875 -1.9913045167922974
23.942943572998047 269.7293701171875 -1.8356990814208984
23.942943572998047 269.7293701171875 -1.6800936460494995
23.939210891723633 269.7176513671875 -2.0788567066192627
23.939210891723633 269.7176513671875 -1.9232512712478638
23.939210891723633 269.7176513671875 -1.7676458358764648
23.93446922302246 269.7063293457031 -2.1664087772369385
23.93446922302246 269.7063293457031 -2.010803461074829
23.93446922302246 269.7063293457031 -1.8551980257034302
23.93446922302246 269.7063293457031 -1.6995925903320312
23.93050765991211 269.6947021484375 -2.098355531692505
23.93050765991211 269.6947021484375 -1.942750096321106
23.93050765991211 269.6947021484375 -1.787144660949707
23.92554473876953 269.6834716796875 -2.1859076023101807
23.92554473876953 269.6834716796875 -2.0303022861480713
23.92554473876953 269.6834716796875 -1.8746968507766724
23.92554473876953 269.6834716796875 -1.7190914154052734
23.921358108520508 269.6719055175781 -2.117854356765747
23.921358108520508 269.6719055175781 -1.9622489213943481
23.921358108520508 269.6719055175781 -1.8066434860229492
23.921358108520508 269.6719055175781 -1.6510380506515503
23.917966842651367 269.66009521484375 -2.0498011112213135
23.917966842651367 269.66009521484375 -1.8941956758499146
23.917966842651367 269.66009521484375 -1.7385902404785156
23.913555145263672 269.64862060546875 -2.1373531818389893
23.913555145263672 269.64862060546875 -1.9817477464675903
23.913555145263672 269.64862060546875 -1.8261423110961914
23.913555145263672 269.64862060546875 -1.6705368757247925
23.90993309020996 269.6368713378906 -2.0692999362945557
23.90993309020996 269.6368713378906 -1.9136945009231567
23.90993309020996 269.6368713378906 -1.7580890655517578
23.905298233032227 269.62548828125 -2.1568520069122314
23.905298233032227 269.62548828125 -2.001246690750122
23.905298233032227 269.62548828125 -1.8456412553787231
23.905298233032227 269.62548828125 -1.6900358200073242
23.90144920349121 269.61383056640625 -2.088798761367798
23.90144920349121 269.61383056640625 -1.933193325996399
23.90144920349121 269.61383056640625 -1.777587890625
23.896595001220703 269.6025390625 -2.1763508319854736
23.896595001220703 269.6025390625 -2.0207455158233643
23.896595001220703 269.6025390625 -1.8651400804519653
23.896595001220703 269.6025390625 -1.7095346450805664
23.892518997192383 269.5909423828125 -2.10829758644104
23.892518997192383 269.5909423828125 -1.9526921510696411
23.892518997192383 269.5909423828125 -1.7970867156982422
23.892518997192383 269.5909423828125 -1.6414812803268433
23.889240264892578 269.5791015625 -2.0402443408966064
23.889240264892578 269.5791015625 -1.8846389055252075
23.889240264892578 269.5791015625 -1.7290334701538086
23.884939193725586 269.5675964355469 -2.1277964115142822
23.884939193725586 269.5675964355469 -1.9721909761428833
23.884939193725586 269.5675964355469 -1.8165855407714844
23.884939193725586 269.5675964355469 -1.6609801054000854
23.88142967224121 269.5558166503906 -2.0597431659698486
23.88142967224121 269.5558166503906 -1.9041377305984497
23.88142967224121 269.5558166503906 -1.7485322952270508
23.87690544128418 269.5444030761719 -2.1472952365875244
23.87690544128418 269.5444030761719 -1.9916898012161255
23.87690544128418 269.5444030761719 -1.8360843658447266
23.87690544128418 269.5444030761719 -1.6804789304733276
23.873167037963867 269.5326843261719 -2.079241991043091
23.873167037963867 269.5326843261719 -1.923636555671692
23.873167037963867 269.5326843261719 -1.768031120300293
23.868419647216797 269.5213623046875 -2.1667940616607666
23.868419647216797 269.5213623046875 -2.0111887454986572
23.868419647216797 269.5213623046875 -1.8555833101272583
23.868419647216797 269.5213623046875 -1.6999778747558594
23.86445426940918 269.5097351074219 -2.098740816116333
23.86445426940918 269.5097351074219 -1.943135380744934
23.86445426940918 269.5097351074219 -1.7875299453735352
23.859487533569336 269.4985046386719 -2.186292886734009
23.859487533569336 269.4985046386719 -2.0306875705718994
23.859487533569336 269.4985046386719 -1.8750821352005005
23.859487533569336 269.4985046386719 -1.7194766998291016
23.855297088623047 269.4869384765625 -2.118239641189575
23.855297088623047 269.4869384765625 -1.9626342058181763
23.855297088623047 269.4869384765625 -1.8070287704467773
23.855297088623047 269.4869384765625 -1.6514233350753784
23.851900100708008 269.4751281738281 -2.0501863956451416
23.851900100708008 269.4751281738281 -1.8945809602737427
23.851900100708008 269.4751281738281 -1.7389755249023438
23.847484588623047 269.4636535644531 -2.1377384662628174
23.847484588623047 269.4636535644531 -1.9821330308914185
23.847484588623047 269.4636535644531 -1.8265275955200195
23.847484588623047 269.4636535644531 -1.6709221601486206
23.84385871887207 269.451904296875 -2.069685220718384
23.84385871887207 269.451904296875 -1.9140797853469849
23.84385871887207 269.451904296875 -1.758474349975586
23.83922004699707 269.4405212402344 -2.1572372913360596
23.83922004699707 269.4405212402344 -2.00163197517395
23.83922004699707 269.4405212402344 -1.8460265398025513
23.83922004699707 269.4405212402344 -1.6904211044311523
23.835365295410156 269.4288635253906 -2.089184045791626
23.835365295410156 269.4288635253906 -1.933578610420227
23.835365295410156 269.4288635253906 -1.7779731750488281
23.83050537109375 269.4175720214844 -2.1767361164093018
23.83050537109375 269.4175720214844 -2.0211308002471924
23.83050537109375 269.4175720214844 -1.8655253648757935
23.83050537109375 269.4175720214844 -1.7099199295043945
23.826425552368164 269.4059753417969 -2.108682870864868
23.826425552368164 269.4059753417969 -1.9530774354934692
23.826425552368164 269.4059753417969 -1.7974720001220703
23.826425552368164 269.4059753417969 -1.6418665647506714
23.823143005371094 269.3941345214844 -2.0406296253204346
23.823143005371094 269.3941345214844 -1.8850241899490356
23.823143005371094 269.3941345214844 -1.7294187545776367
23.818836212158203 269.38262939453125 -2.1281816959381104
23.818836212158203 269.38262939453125 -1.9725762605667114
23.818836212158203 269.38262939453125 -1.8169708251953125
23.818836212158203 269.38262939453125 -1.6613653898239136
23.815322875976562 269.370849609375 -2.0601284503936768
23.815322875976562 269.370849609375 -1.9045230150222778
23.815322875976562 269.370849609375 -1.748917579650879
23.810792922973633 269.35943603515625 -2.1476805210113525
23.810792922973633 269.35943603515625 -1.9920750856399536
23.810792922973633 269.35943603515625 -1.8364696502685547
23.810792922973633 269.35943603515625 -1.6808642148971558
23.807050704956055 269.34771728515625 -2.079627275466919
23.807050704956055 269.34771728515625 -1.92402184009552
23.807050704956055 269.34771728515625 -1.768416404724121
23.80229949951172 269.3363952636719 -2.1671793460845947
23.80229949951172 269.3363952636719 -2.0115740299224854
23.80229949951172 269.3363952636719 -1.8559685945510864
23.80229949951172 269.3363952636719 -1.7003631591796875
23.798330307006836 269.32476806640625 -2.099126100540161
23.798330307006836 269.32476806640625 -1.9435206651687622
23.798330307006836 269.32476806640625 -1.7879152297973633
23.793359756469727 269.31353759765625 -2.186678171157837
23.793359756469727 269.31353759765625 -2.0310728549957275
23.793359756469727 269.31353759765625 -1.8754674196243286
23.793359756469727 269.31353759765625 -1.7198619842529297
23.78916358947754 269.302001953125 -2.1186249256134033
23.78916358947754 269.302001953125 -1.9630194902420044
23.78916358947754 269.302001953125 -1.8074140548706055
23.78916358947754 269.302001953125 -1.6518086194992065
23.785762786865234 269.2901916503906 -2.0505716800689697
23.785762786865234 269.2901916503906 -1.8949662446975708
23.785762786865234 269.2901916503906 -1.7393608093261719
23.781343460083008 269.2787170410156 -2.1381237506866455
23.781343460083008 269.2787170410156 -1.9825183153152466
23.781343460083008 269.2787170410156 -1.8269128799438477
23.781343460083008 269.2787170410156 -1.6713074445724487
23.777713775634766 269.2669677734375 -2.070070505142212
23.777713775634766 269.2669677734375 -1.914465069770813
23.777713775634766 269.2669677734375 -1.758859634399414
23.7730712890625 269.2555847167969 -2.1576225757598877
23.7730712890625 269.2555847167969 -2.0020172595977783
23.7730712890625 269.2555847167969 -1.8464118242263794
23.7730712890625 269.2555847167969 -1.6908063888549805
23.76921272277832 269.2439270019531 -2.089569330215454
23.76921272277832 269.2439270019531 -1.9339638948440552
23.76921272277832 269.2439270019531 -1.7783584594726562
23.76434898376465 269.2326354980469 -2.17712140083313
23.76434898376465 269.2326354980469 -2.0215160846710205
23.76434898376465 269.2326354980469 -1.8659106492996216
23.76434898376465 269.2326354980469 -1.7103052139282227
23.760263442993164 269.2210388183594 -2.1090681552886963
23.760263442993164 269.2210388183594 -1.9534627199172974
23.760263442993164 269.2210388183594 -1.7978572845458984
23.760263442993164 269.2210388183594 -1.6422518491744995
23.756975173950195 269.2091979980469 -2.0410149097442627
23.756975173950195 269.2091979980469 -1.8854094743728638
23.756975173950195 269.2091979980469 -1.7298040390014648
23.75266456604004 269.19769287109375 -2.1285669803619385
23.75266456604004 269.19769287109375 -1.9729615449905396
23.75266456604004 269.19769287109375 -1.8173561096191406
23.75266456604004 269.19769287109375 -1.6617506742477417
23.749147415161133 269.1859130859375 -2.060513734817505
23.749147415161133 269.1859130859375 -1.904908299446106
23.749147415161133 269.1859130859375 -1.749302864074707
23.744613647460938 269.17449951171875 -2.1480658054351807
23.744613647460938 269.17449951171875 -1.9924603700637817
23.744613647460938 269.17449951171875 -1.8368549346923828
23.744613647460938 269.17449951171875 -1.6812494993209839
23.740867614746094 269.1628112792969 -2.080012559890747
23.740867614746094 269.1628112792969 -1.9244071245193481
23.740867614746094 269.1628112792969 -1.7688016891479492
23.736112594604492 269.1514892578125 -2.167564630508423
23.736112594604492 269.1514892578125 -2.0119593143463135
23.736112594604492 269.1514892578125 -1.8563538789749146
23.736112594604492 269.1514892578125 -1.7007484436035156
23.73213768005371 269.1398620605469 -2.0995113849639893
23.73213768005371 269.1398620605469 -1.9439059495925903
23.73213768005371 269.1398620605469 -1.7883005142211914
23.727161407470703 269.1286315917969 -2.187063455581665
22.47512435913086 267.0326232910156 -2.0314581394195557
21.563051223754883 264.7679138183594 -1.8758527040481567
21.563051223754883 264.7679138183594 -1.7202472686767578
21.55885124206543 264.7563781738281 -2.1190102100372314
20.45224380493164 262.580078125 -1.9634047746658325
20.45224380493164 262.580078125 -1.8077993392944336
20.45224380493164 262.580078125 -1.6521939039230347
20.44883918762207 262.5682678222656 -2.050956964492798
19.492782592773438 260.32177734375 -1.895351529121399
19.492782592773438 260.32177734375 -1.7397462129592896
19.492782592773438 260.32177734375 -1.5841408967971802
19.490188598632812 260.30975341796875 -1.9829039573669434
19.490188598632812 260.30975341796875 -1.8272985219955444
19.490188598632812 260.30975341796875 -1.6716930866241455
19.486553192138672 260.2980041503906 -2.07045578956604
19.486553192138672 260.2980041503906 -1.9148503541946411
19.486553192138672 260.2980041503906 -1.7592449188232422
19.486553192138672 260.2980041503906 -1.6036396026611328
19.48372459411621 260.2860412597656 -2.0024025440216064
19.48372459411621 260.2860412597656 -1.8467971086502075
19.48372459411621 260.2860412597656 -1.6911916732788086
19.48372459411621 260.2860412597656 -1.5355863571166992
19.48171615600586 260.27392578125 -1.9343492984771729
19.48171615600586 260.27392578125 -1.7787439823150635
19.48171615600586 260.27392578125 -1.623138666152954
19.478654861450195 260.26202392578125 -2.0219016075134277
19.478654861450195 260.26202392578125 -1.8662961721420288
19.478654861450195 260.26202392578125 -1.7106907367706299
19.478654861450195 260.26202392578125 -1.5550854206085205
19.476409912109375 260.24993896484375 -1.9538483619689941
19.476409912109375 260.24993896484375 -1.7982429265975952
19.476409912109375 260.24993896484375 -1.6426376104354858
19.47311782836914 260.23809814453125 -2.041400671005249
19.47311782836914 260.23809814453125 -1.88579523563385
19.47311782836914 260.23809814453125 -1.7301898002624512
19.47311782836914 260.23809814453125 -1.5745844841003418
19.470638275146484 260.22607421875 -1.9733474254608154
19.470638275146484 260.22607421875 -1.8177419900894165
19.470638275146484 260.22607421875 -1.6621365547180176
19.46711540222168 260.21429443359375 -2.060899496078491
19.46711540222168 260.21429443359375 -1.9052940607070923
19.46711540222168 260.21429443359375 -1.7496886253356934
19.46711540222168 260.21429443359375 -1.594083309173584
19.464401245117188 260.2023010253906 -1.9928462505340576
19.464401245117188 260.2023010253906 -1.8372408151626587
19.464401245117188 260.2023010253906 -1.6816353797912598
19.460344314575195 260.18963623046875 -2.0802977085113525
19.460344314575195 260.18963623046875 -1.9246922731399536
19.460344314575195 260.18963623046875 -1.7690868377685547
19.460344314575195 260.18963623046875 -1.6134815216064453
19.457399368286133 260.1777038574219 -2.012244462966919
19.457399368286133 260.1777038574219 -1.85663902759552
19.457399368286133 260.1777038574219 -1.701033592224121
19.457399368286133 260.1777038574219 -1.5454282760620117
19.455272674560547 260.16558837890625 -1.9441912174224854
19.455272674560547 260.16558837890625 -1.7885857820510864
19.455272674560547 260.16558837890625 -1.632980465888977
19.45209503173828 260.1537170410156 -2.0317435264587402
19.45209503173828 260.1537170410156 -1.8761380910873413
19.45209503173828 260.1537170410156 -1.7205326557159424
19.45209503173828 260.1537170410156 -1.564927339553833
19.449731826782227 260.14166259765625 -1.9636902809143066
19.449731826782227 260.14166259765625 -1.8080848455429077
19.449731826782227 260.14166259765625 -1.6524795293807983
19.44632339477539 260.1298522949219 -2.0512425899505615
19.44632339477539 260.1298522949219 -1.8956371545791626
19.44632339477539 260.1298522949219 -1.7400317192077637
19.44632339477539 260.1298522949219 -1.5844264030456543
19.4437255859375 260.1178283691406 -1.983189344406128
19.4437255859375 260.1178283691406 -1.827583909034729
19.4437255859375 260.1178283691406 -1.67197847366333
19.440086364746094 260.1060791015625 -2.0707411766052246
19.440086364746094 260.1060791015625 -1.9151357412338257
19.440086364746094 260.1060791015625 -1.7595303058624268
19.440086364746094 260.1060791015625 -1.6039249897003174
19.437253952026367 260.0941162109375 -2.002687931060791
19.437253952026367 260.0941162109375 -1.847082495689392
19.437253952026367 260.0941162109375 -1.6914770603179932
19.437253952026367 260.0941162109375 -1.5358717441558838
19.43524169921875 260.0820007324219 -1.9346346855163574
19.43524169921875 260.0820007324219 -1.779029369354248
19.43524169921875 260.0820007324219 -1.6234240531921387
19.432178497314453 260.0700988769531 -2.0221869945526123
19.432178497314453 260.0700988769531 -1.8665815591812134
19.432178497314453 260.0700988769531 -1.7109761238098145
19.432178497314453 260.0700988769531 -1.555370807647705
19.429931640625 260.0580139160156 -1.9541337490081787
19.429931640625 260.0580139160156 -1.7985283136367798
19.429931640625 260.0580139160156 -1.6429229974746704
19.4266357421875 260.0461730957031 -2.0416860580444336
19.4266357421875 260.0461730957031 -1.8860806226730347
19.4266357421875 260.0461730957031 -1.7304751873016357
19.4266357421875 260.0461730957031 -1.5748698711395264
19.424152374267578 260.0341491699219 -1.9736328125
19.424152374267578 260.0341491699219 -1.818027377128601
19.424152374267578 260.0341491699219 -1.6624219417572021
19.42062759399414 260.0223693847656 -2.061184883117676
19.42062759399414 260.0223693847656 -1.9055794477462769
19.42062759399414 260.0223693847656 -1.749974012374878
19.42062759399414 260.0223693847656 -1.5943686962127686
19.417909622192383 260.0103759765625 -1.9931316375732422
19.417909622192383 260.0103759765625 -1.8375262022018433
19.417909622192383 260.0103759765625 -1.6819207668304443
19.413833618164062 259.9976806640625 -2.080577850341797
19.413833618164062 259.9976806640625 -1.924972414970398
19.413833618164062 259.9976806640625 -1.769366979598999
19.413833618164062 259.9976806640625 -1.6137616634368896
19.410884857177734 259.9857482910156 -2.0125246047973633
19.410884857177734 259.9857482910156 -1.8569191694259644
19.410884857177734 259.9857482910156 -1.7013137340545654
19.410884857177734 259.9857482910156 -1.545708417892456
19.408754348754883 259.9736328125 -1.9444713592529297
19.408754348754883 259.9736328125 -1.7888659238815308
19.408754348754883 259.9736328125 -1.6332606077194214
19.40557289123535 259.9617614746094 -2.0320236682891846
19.40557289123535 259.9617614746094 -1.8764182329177856
19.40557289123535 259.9617614746094 -1.7208127975463867
19.40557289123535 259.9617614746094 -1.5652074813842773
19.40320587158203 259.94970703125 -1.963970422744751
19.40320587158203 259.94970703125 -1.808364987373352
19.40320587158203 259.94970703125 -1.6527596712112427
19.39979362487793 259.9378967285156 -2.051522731781006
19.39979362487793 259.9378967285156 -1.895917296409607
19.39979362487793 259.9378967285156 -1.740311861038208
19.39979362487793 259.9378967285156 -1.5847065448760986
19.397192001342773 259.9258728027344 -1.9834694862365723
19.397192001342773 259.9258728027344 -1.8278640508651733
19.397192001342773 259.9258728027344 -1.6722586154937744
19.3935489654541 259.91412353515625 -2.071021318435669
19.3935489654541 259.91412353515625 -1.91541588306427
19.3935489654541 259.91412353515625 -1.759810447692871
19.3935489654541 259.91412353515625 -1.6042051315307617
19.390714645385742 259.90216064453125 -2.0029680728912354
19.390714645385742 259.90216064453125 -1.8473626375198364
19.390714645385742 259.90216064453125 -1.6917572021484375
19.390714645385742 259.90216064453125 -1.5361518859863281
19.38869857788086 259.8900451660156 -1.9349148273468018
19.38869857788086 259.8900451660156 -1.7793095111846924
19.38869857788086 259.8900451660156 -1.623704195022583
19.385631561279297 259.8781433105469 -2.0224671363830566
19.385631561279297 259.8781433105469 -1.8668617010116577
19.385631561279297 259.8781433105469 -1.7112562656402588
19.385631561279297 259.8781433105469 -1.5556509494781494
19.383380889892578 259.8660583496094 -1.954413890838623
19.383380889892578 259.8660583496094 -1.7988084554672241
19.383380889892578 259.8660583496094 -1.6432031393051147
19.380081176757812 259.8542175292969 -2.041966199874878
19.380081176757812 259.8542175292969 -1.886360764503479
19.380081176757812 259.8542175292969 -1.73075532913208
19.380081176757812 259.8542175292969 -1.5751500129699707
19.377593994140625 259.8421936035156 -1.9739129543304443
19.377593994140625 259.8421936035156 -1.8183075189590454
19.377593994140625 259.8421936035156 -1.6627020835876465
19.374065399169922 259.8304138183594 -2.06146502494812
19.374065399169922 259.8304138183594 -1.9058595895767212
19.374065399169922 259.8304138183594 -1.7502541542053223
19.374065399169922 259.8304138183594 -1.594648838043213
19.37134552001953 259.81842041015625 -1.9934117794036865
19.37134552001953 259.81842041015625 -1.8378063440322876
19.37134552001953 259.81842041015625 -1.6822009086608887
19.36725616455078 259.8056945800781 -2.080854654312134
19.36725616455078 259.8056945800781 -1.9252492189407349
19.36725616455078 259.8056945800781 -1.769643783569336
19.36725616455078 259.8056945800781 -1.6140384674072266
19.364303588867188 259.79376220703125 -2.0128014087677
19.364303588867188 259.79376220703125 -1.8571959733963013
19.364303588867188 259.79376220703125 -1.7015905380249023
19.364303588867188 259.79376220703125 -1.545985221862793
19.36216926574707 259.7816467285156 -1.9447481632232666
19.36216926574707 259.7816467285156 -1.7891427278518677
19.36216926574707 259.7816467285156 -1.6335374116897583
19.358985900878906 259.769775390625 -2.0323004722595215
19.358985900878906 259.769775390625 -1.8766950368881226
19.358985900878906 259.769775390625 -1.7210896015167236
19.358985900878906 259.769775390625 -1.5654842853546143
19.356616973876953 259.7577209472656 -1.964247226715088
19.356616973876953 259.7577209472656 -1.808641791343689
19.356616973876953 259.7577209472656 -1.6530364751815796
19.35320281982422 259.74591064453125 -2.0517995357513428
19.35320281982422 259.74591064453125 -1.8961941003799438
19.35320281982422 259.74591064453125 -1.740588665008545
19.35320281982422 259.74591064453125 -1.5849833488464355
19.35059928894043 259.73388671875 -1.9837462902069092
19.35059928894043 259.73388671875 -1.8281408548355103
19.35059928894043 259.73388671875 -1.6725354194641113
19.346954345703125 259.7221374511719 -2.071298122406006
19.346954345703125 259.7221374511719 -1.915692687034607
19.346954345703125 259.7221374511719 -1.760087251663208
19.346954345703125 259.7221374511719 -1.6044819355010986
19.3441162109375 259.7101745605469 -2.0032448768615723
19.3441162109375 259.7101745605469 -1.8476394414901733
19.3441162109375 259.7101745605469 -1.6920340061187744
19.3441162109375 259.7101745605469 -1.536428689956665
19.342098236083984 259.69805908203125 -1.9351916313171387
19.342098236083984 259.69805908203125 -1.7795863151550293
19.342098236083984 259.69805908203125 -1.62398099899292
19.339027404785156 259.6861572265625 -2.0227439403533936
19.339027404785156 259.6861572265625 -1.8671385049819946
19.339027404785156 259.6861572265625 -1.7115330696105957
19.339027404785156 259.6861572265625 -1.5559277534484863
19.336772918701172 259.674072265625 -1.95469069480896
19.336772918701172 259.674072265625 -1.799085259437561
19.336772918701172 259.674072265625 -1.6434799432754517
19.333471298217773 259.6622314453125 -2.042243003845215
19.333471298217773 259.6622314453125 -1.886637568473816
19.333471298217773 259.6622314453125 -1.731032133102417
19.333471298217773 259.6622314453125 -1.5754268169403076
19.330982208251953 259.65020751953125 -1.9741897583007812
19.330982208251953 259.65020751953125 -1.8185843229293823
19.330982208251953 259.65020751953125 -1.6629788875579834
19.327449798583984 259.638427734375 -2.061741828918457
19.327449798583984 259.638427734375 -1.906136393547058
19.327449798583984 259.638427734375 -1.7505309581756592
19.327449798583984 259.638427734375 -1.5949256420135498
19.324726104736328 259.6264343261719 -1.9936885833740234
19.324726104736328 259.6264343261719 -1.8380831480026245
19.324726104736328 259.6264343261719 -1.6824777126312256
19.320629119873047 259.6136779785156 -2.081130027770996
19.320629119873047 259.6136779785156 -1.9255245923995972
19.320629119873047 259.6136779785156 -1.7699191570281982
19.320629119873047 259.6136779785156 -1.6143138408660889
19.317672729492188 259.60174560546875 -2.0130767822265625
19.317672729492188 259.60174560546875 -1.8574713468551636
19.317672729492188 259.60174560546875 -1.7018659114837646
19.317672729492188 259.60174560546875 -1.5462605953216553
19.315534591674805 259.5896301269531 -1.945023536682129
19.315534591674805 259.5896301269531 -1.78941810131073
19.315534591674805 259.5896301269531 -1.6338127851486206
19.312347412109375 259.5777587890625 -2.032575845718384
19.312347412109375 259.5777587890625 -1.8769704103469849
19.312347412109375 259.5777587890625 -1.721364974975586
19.312347412109375 259.5777587890625 -1.5657596588134766
19.309974670410156 259.5657043457031 -1.9645226001739502
19.309974670410156 259.5657043457031 -1.8089171648025513
19.309974670410156 259.5657043457031 -1.653311848640442
19.306556701660156 259.55389404296875 -2.052074909210205
19.306556701660156 259.55389404296875 -1.8964694738388062
19.306556701660156 259.55389404296875 -1.7408640384674072
19.306556701660156 259.55389404296875 -1.5852587223052979
19.3039493560791 259.5419006347656 -1.9840216636657715
19.3039493560791 259.5419006347656 -1.8284162282943726
19.3039493560791 259.5419006347656 -1.6728107929229736
19.30030059814453 259.5301513671875 -2.0715737342834473
19.30030059814453 259.5301513671875 -1.9159682989120483
19.30030059814453 259.5301513671875 -1.7603628635406494
19.30030059814453 259.5301513671875 -1.60475754737854
19.29745864868164 259.5181884765625 -2.0035204887390137
19.29745864868164 259.5181884765625 -1.8479150533676147
19.29745864868164 259.5181884765625 -1.6923096179962158
19.29745864868164 259.5181884765625 -1.5367043018341064
19.29543685913086 259.5060729980469 -1.93546724319458
19.29543685913086 259.5060729980469 -1.7798619270324707
19.29543685913086 259.5060729980469 -1.6242566108703613
19.29543685913086 259.5060729980469 -2.023019552230835
19.29543685913086 259.5060729980469 -1.867414116859436
19.29543685913086 259.5060729980469 -1.711808681488037
19.29543685913086 259.5060729980469 -1.5562033653259277
19.29543685913086 259.5060729980469 -1.9549663066864014
19.29543685913086 259.5060729980469 -1.7993608713150024
19.29543685913086 259.5060729980469 -1.643755555152893
19.29543685913086 259.5060729980469 -2.0425186157226562
