-390.00814838643106
-390.0108956923991
-390.00781467079196
-389.9993932805678
-389.98694326109757
-389.9724172792025
-389.9580734760827
-387.4688117173053
-387.4558887100614
-387.4467299966486
-387.4427659718746
-387.4446323758733
-387.45201840204544
-387.4637592220204
-387.4780505326001
-387.49260195557747
-387.5051561277834
-387.5137631936232
-387.5170547603915
-387.5145176291112
-387.50655385698593
-387.4943884456919
-387.47994675680457
-387.46548804082215
-383.77787706359334
-381.46267828543324
-381.4483004355115
-381.4385048026026
-381.4337698587793
-381.4348098029009
-381.4414525371293
-381.45267315522256
-381.46671905413194
-381.48138677007154
-381.4943588069879
-381.50363049638764
-381.5077220131583
-381.5060114516671
-381.49876226946463
-381.4870897647587
-381.4728365836717
-381.45823535052267
-379.10024871725705
-379.08660112133737
-376.907317651664
-374.6226784888003
-372.23312432241147
-372.2191952042662
-370.0224976080939
-367.6889355781408
-365.2728273018081
-365.2586293631272
-362.9995039152325
-360.6253686210623
-358.19186005776595
-358.1774399063677
-355.8638941229412
-353.458103710974
-351.01694519838765
-351.0023522105541
-348.64301491943365
-346.2151744094357
-343.77670244440844
-343.7620197773948
-341.3662353884466
-338.9266027897281
-336.50175804678713
-336.48704215388767
-334.06493525138353
-331.62447862010197
-331.6098071883973
-329.22423990575965
-326.78713995686525
-324.35688373880487
-324.34214761703623
-321.92706889700156
-319.48566702329754
-319.4710397335247
-317.0971739008395
-314.6638058062128
-310.97271323833155
-310.95821359373616
-308.6221133848375
-306.2048659796931
-303.7636292797145
-303.7489736144647
-301.37159896673114
-298.9370314003758
-298.92258952493654
-296.6048907562001
-294.1970291019155
-291.7556957242299
-291.74109475299707
-289.3787669686569
-286.9497755035667
-286.93539902043887
-284.6386143532204
-282.2423220008937
-282.2283059000401
-280.01758730592195
-277.6751037610945
-275.2548460078994
-275.24058796723585
-272.9706407204425
-270.5902394928854
-270.5763921807679
-268.399770820242
-266.0806828901774
-263.67219385992286
-263.6580703533175
-261.41902628673216
-259.0580671780898
-259.04437759760526
-256.9064297983901
-254.61487122881294
-252.22169909633908
-252.20772974352587
-250.00427552304444
-247.66696029245418
-247.65348260943045
-245.55947528339624
-243.3003104234525
-240.92672572177062
-240.91293525361604
-238.7505667658344
-236.4418190095745
-236.42858170817448
-234.38463782531
-232.1635130797479
-229.81450348720318
-229.80092100109403
-227.6860051496933
-225.41168986749466
-225.39872732174595
-223.412018128928
-221.2355928735887
-221.22312437709297
-219.3865549607034
-217.33161264395676
-215.10246270223715
-215.08984589073802
-213.17452716271669
-211.0553962724214
-208.77831896235605
-208.7653263311256
-206.77472481484955
-204.59573151542497
-204.59573151542497
-204.5823939300621
-204.5823939300621
-204.5823939300621
-204.5823939300621
-204.5686509544259
-204.5686509544259
-204.5686509544259
-204.5554279241548
-204.5554279241548
-204.5554279241548
-204.5554279241548
-204.54179984563814
-204.54179984563814
-204.54179984563814
-204.5286906556279
-204.5286906556279
-204.5286906556279
-204.5286906556279
-204.51517751883097
-204.51517751883097
-204.51517751883097
-204.50221288159872
-204.50221288159872
-204.50221288159872
-204.50221288159872
-204.48881435232477
-204.48881435232477
-204.48881435232477
-204.47224845177158
-204.47224845177158
-204.47224845177158
-204.47224845177158
-204.45896350076177
-204.45896350076177
-204.45896350076177
-204.45896350076177
-204.44527290075195
-204.44527290075195
-204.44527290075195
-204.4321022095107
-204.4321022095107
-204.4321022095107
-204.4321022095107
-204.41849668939827
-204.41849668939827
-204.41849668939827
-204.4054399237384
-204.4054399237384
-204.4054399237384
-204.4054399237384
-204.39194943208932
-204.39194943208932
-204.39194943208932
-204.375085647216
-204.375085647216
-204.375085647216
-204.375085647216
-204.36170877175906
-204.36170877175906
-204.36170877175906
-204.36170877175906
-204.34795555235172
-204.34795555235172
-204.34795555235172
-204.33469297544517
-204.33469297544517
-204.33469297544517
-204.33469297544517
-204.3210248774319
-204.3210248774319
-204.3210248774319
-204.30790654587133
-204.30790654587133
-204.30790654587133
-204.30790654587133
-204.29435389667742
-204.29435389667742
-204.29435389667742
-204.2813495747532
-204.2813495747532
-204.2813495747532
-204.2813495747532
-204.26791165762066
-204.26791165762066
-204.26791165762066
-204.25093993540588
-204.25093993540588
-204.25093993540588
-204.25093993540588
-204.23761534141534
-204.23761534141534
-204.23761534141534
-204.23761534141534
-204.22388462527664
-204.22388462527664
-204.22388462527664
-204.21067479641414
-204.21067479641414
-204.21067479641414
-204.21067479641414
-204.19705918854675
-204.19705918854675
-204.19705918854675
-204.18399330675174
-204.18399330675174
-204.18399330675174
-204.18399330675174
-204.17049285201756
-204.17049285201756
-204.17049285201756
-204.1575418295078
-204.1575418295078
-204.1575418295078
-204.1575418295078
-204.144156574981
-204.144156574981
-204.144156574981
-204.12710660973565
-204.12710660973565
-204.12710660973565
-204.12710660973565
-204.1138347679145
-204.1138347679145
-204.1138347679145
-204.1138347679145
-204.1001565415586
-204.1001565415586
-204.1001565415586
-204.08699916919804
-204.08699916919804
-204.08699916919804
-204.08699916919804
-204.0734361376836
-204.0734361376836
-204.0734361376836
-204.06042279685326
-204.06042279685326
-204.06042279685326
-204.06042279685326
-204.04697500581653
-204.04697500581653
-204.04697500581653
-204.02968162842734
-204.02968162842734
-204.02968162842734
-204.02968162842734
-204.0163472860662
-204.0163472860662
-204.0163472860662
-204.0163472860662
-204.00260595762455
-204.00260595762455
-204.00260595762455
-203.98938650622117
-203.98938650622117
-203.98938650622117
-203.98938650622117
-203.97576079597192
-203.97576079597192
-203.97576079597192
-203.96265551588255
-203.96265551588255
-203.96265551588255
-203.96265551588255
-203.94911518977028
-203.94911518977028
-203.94911518977028
-203.9361540245135
-203.9361540245135
-203.9361540245135
-203.9361540245135
-203.92272864236753
-203.92272864236753
-203.92272864236753
-203.90544146487986
-203.90544146487986
-203.90544146487986
-203.90544146487986
-203.89212961962815
-203.89212961962815
-203.89212961962815
-203.89212961962815
-203.8784408053687
-203.8784408053687
-203.8784408053687
-203.86527383240505
-203.86527383240505
-203.86527383240505
-203.86527383240505
-203.85167082834386
-203.85167082834386
-203.85167082834386
-203.83861811262653
-203.83861811262653
-203.83861811262653
-203.83861811262653
-203.82513047604576
-203.82513047604576
-203.82513047604576
-203.8122219598676
-203.8122219598676
-203.8122219598676
-203.8122219598676
-203.79884935430732
-203.79884935430732
-203.79884935430732
-203.79884935430732
-203.78509918895801
-203.78509918895801
-203.78509918895801
-203.7718412140428
-203.7718412140428
-203.7718412140428
-203.7718412140428
-203.75817651500645
-203.75817651500645
-203.75817651500645
-203.74506310960993
-203.74506310960993
-203.74506310960993
-203.74506310960993
-203.7315138148926
-203.7315138148926
-203.7315138148926
-203.71851474889857
-203.71851474889857
-203.71851474889857
-203.71851474889857
-203.70508090477648
-203.70508090477648
-203.70508090477648
-203.6877253911943
-203.6877253911943
-203.6877253911943
-203.6877253911943
-203.6877253911943
-203.6877253911943
-203.6877253911943
-203.6877253911943
-203.6877253911943
-203.6877253911943
-203.6877253911943
