-390.0019836539868
-390.00265508346723
-390.0018922180052
-389.9998476262566
-389.99682645346104
-389.9932864362641
-389.9898073995879
-387.0527093418316
-383.88449492559386
-380.1299568479098
-377.0439290673018
-377.0406492986509
-377.03820656423494
-377.0369624886652
-377.03712473711965
-377.0386564876361
-377.04133836448915
-377.0447388779471
-377.0483066296692
-377.05149277063816
-377.05378134279573
-377.05484154486993
-377.0544658280788
-377.0527520380547
-377.0499498534543
-377.0464904996422
-377.0429554763808
-373.9852740283492
-370.8650591179239
-370.86169160784624
-370.8591359459294
-370.85775253237904
-370.85774694486196
-370.85914094971395
-370.8617128336137
-370.86505974302884
-370.86862910020716
-370.8718717743962
-370.8743031087901
-370.87550225844427
-370.87529431262897
-370.8737185298321
-370.8710268619319
-370.8676218746351
-370.86405558120623
-367.7672325915159
-364.6188889799254
-364.6154922240792
-361.7957120718347
-358.86937294407676
-355.85311106397046
-352.76449859115064
-349.6220001399916
-346.44489066853515
-343.25316246202004
-343.2496420425048
-340.23768557954446
-337.1525530568421
-334.0125397192373
-330.8368409975405
-327.64540236418844
-324.45881754623247
-324.4552589138282
-321.3709258622747
-318.2315441198197
-315.05622549690713
-311.86486395249955
-307.8698675334138
-307.866354290406
-304.8600936592011
-301.7796700732175
-298.64316958537273
-295.4695525679574
-292.2786065918707
-292.2750991204601
-289.2753084976026
-286.20015977118624
-283.0675424576827
-279.8962855145406
-279.89283378355555
-277.0000331967191
-274.0128664099717
-270.9479453710615
-267.82291073002557
-264.65632025402954
-264.6528833845474
-261.7772072837165
-258.80481336929137
-255.75202142061514
-252.63614969901298
-252.63281692755467
-249.89929050374047
-247.05061181992508
-244.10161015509922
-241.06819871948122
-237.96722766224886
-237.96083145495868
-235.2621081741643
-232.4448748017508
-229.52349794236096
-226.51329415813981
-223.4306951076392
-223.42743200127575
-220.77054872441818
-217.99149085183706
-215.10396034223658
-212.12271031102136
-209.0434031304493
-209.04018640731874
-206.43753096112707
-203.70833134706473
-203.70833134706473
-203.70833134706473
-203.70833134706473
-203.70513905137682
-203.70513905137682
-203.70513905137682
-203.70513905137682
-203.70513905137682
-203.70513905137682
-203.7019441136223
-203.7019441136223
-203.7019441136223
-203.7019441136223
-203.7019441136223
-203.7019441136223
-203.69874653349416
-203.69874653349416
-203.69874653349416
-203.69874653349416
-203.69874653349416
-203.69874653349416
-203.69554631068803
-203.69554631068803
-203.69554631068803
-203.69554631068803
-203.69554631068803
-203.69554631068803
-203.69231353682906
-203.69231353682906
-203.69231353682906
-203.69231353682906
-203.69231353682906
-203.69231353682906
-203.68907811978278
-203.68907811978278
-203.68907811978278
-203.68907811978278
-203.68907811978278
-203.68907811978278
-203.6858400592511
-203.6858400592511
-203.6858400592511
-203.6858400592511
-203.6858400592511
-203.6858400592511
-203.68259935493842
-203.68259935493842
-203.68259935493842
-203.68259935493842
-203.68259935493842
-203.6792758890807
-203.6792758890807
-203.6792758890807
-203.6792758890807
-203.6792758890807
-203.6792758890807
-203.6759497850159
-203.6759497850159
-203.6759497850159
-203.6759497850159
-203.6759497850159
-203.6759497850159
-203.67262104238443
-203.67262104238443
-203.67262104238443
-203.67262104238443
-203.67262104238443
-203.67262104238443
-203.6692896608292
-203.6692896608292
-203.6692896608292
-203.6692896608292
-203.6692896608292
-203.6692896608292
-203.66615133435099
-203.66615133435099
-203.66615133435099
-203.66615133435099
-203.66615133435099
-203.66615133435099
-203.66301036634175
-203.66301036634175
-203.66301036634175
-203.66301036634175
-203.66301036634175
-203.66301036634175
-203.659866756473
-203.659866756473
-203.659866756473
-203.659866756473
-203.659866756473
-203.659866756473
-203.65672050441864
-203.65672050441864
-203.65672050441864
-203.65672050441864
-203.65672050441864
-203.65672050441864
-203.65357160985516
-203.65357160985516
-203.65357160985516
-203.65357160985516
-203.65357160985516
-203.65357160985516
-203.65039016505045
-203.65039016505045
-203.65039016505045
-203.65039016505045
-203.65039016505045
-203.65039016505045
-203.64720607719525
-203.64720607719525
-203.64720607719525
-203.64720607719525
-203.64720607719525
-203.64720607719525
-203.6440193459723
-203.6440193459723
-203.6440193459723
-203.6440193459723
-203.6440193459723
-203.6440193459723
-203.64082997106698
-203.64082997106698
-203.64082997106698
-203.64082997106698
-203.64082997106698
-203.64082997106698
-203.63763795216713
-203.63763795216713
-203.63763795216713
-203.63763795216713
-203.63763795216713
-203.63763795216713
-203.63444366853832
-203.63444366853832
-203.63444366853832
-203.63444366853832
-203.63444366853832
-203.63444366853832
-203.6312467403272
-203.6312467403272
-203.6312467403272
-203.6312467403272
-203.6312467403272
-203.6312467403272
-203.6280471672288
-203.6280471672288
-203.6280471672288
-203.6280471672288
-203.6280471672288
-203.6280471672288
-203.62481504191229
-203.62481504191229
-203.62481504191229
-203.62481504191229
-203.62481504191229
-203.62481504191229
-203.62158027119838
-203.62158027119838
-203.62158027119838
-203.62158027119838
-203.62158027119838
-203.62158027119838
-203.61834285478835
-203.61834285478835
-203.61834285478835
-203.61834285478835
-203.61834285478835
-203.61834285478835
-203.6151027923861
-203.6151027923861
-203.6151027923861
-203.6151027923861
-203.6151027923861
-203.61178003032413
-203.61178003032413
-203.61178003032413
-203.61178003032413
-203.61178003032413
-203.61178003032413
-203.60845462785386
-203.60845462785386
-203.60845462785386
-203.60845462785386
-203.60845462785386
-203.60845462785386
-203.6051265846152
-203.6051265846152
-203.6051265846152
-203.6051265846152
-203.6051265846152
-203.6051265846152
-203.6017955205209
-203.6017955205209
-203.6017955205209
-203.6017955205209
-203.6017955205209
-203.6017955205209
-203.59865749036445
-203.59865749036445
-203.59865749036445
-203.59865749036445
-203.59865749036445
-203.59865749036445
-203.5955168164384
-203.5955168164384
-203.5955168164384
-203.5955168164384
-203.5955168164384
-203.5955168164384
-203.59237349841402
-203.59237349841402
-203.59237349841402
-203.59237349841402
-203.59237349841402
-203.59237349841402
-203.5892275359651
-203.5892275359651
-203.5892275359651
-203.5892275359651
-203.5892275359651
-203.5892275359651
-203.58607892876793
-203.58607892876793
-203.58607892876793
-203.58607892876793
-203.58607892876793
-203.58607892876793
-203.58289777013601
-203.58289777013601
-203.58289777013601
-203.58289777013601
-203.58289777013601
-203.58289777013601
-203.57971396621417
-203.57971396621417
-203.57971396621417
-203.57971396621417
-203.57971396621417
-203.57971396621417
-203.57971396621417
-203.57971396621417
-203.57971396621417
-203.57971396621417
-203.57971396621417
