-390.0068055543168
-390.00909487651336
-390.0065017549401
-389.9994532108978
-389.98904751701036
-389.97693230433293
-389.96496903493045
-387.02010249965656
-383.79933737975153
-380.03820520548305
-376.951721823117
-376.9404850068885
-376.9320696305641
-376.92780317728176
-376.9283370817685
-376.93358873315447
-376.9427449839311
-376.9543567324859
-376.9666161718488
-376.97760209035795
-376.9855542751007
-376.98926862288397
-376.98812492237914
-376.9823277234414
-376.9727807725181
-376.9609928037057
-376.9488008588773
-373.87801098295205
-370.7481520680199
-370.73658887738645
-367.964811348994
-365.0798728018518
-362.0980647598894
-359.03663544477706
-355.9137174176709
-352.7482477198407
-349.56000049521856
-349.5479913986193
-346.57134599445084
-343.51414467901077
-340.3944246756353
-337.23102513424567
-334.04359428603044
-330.852491334137
-327.67849076783614
-327.66620763773085
-324.5450197732811
-321.3807112678855
-318.19292729391447
-315.0019943562459
-314.9898157593304
-311.9321449357251
-308.8122215689747
-305.6487731276596
-302.461336441086
-299.08159467112534
-299.06943636268926
-296.03180389874626
-292.92712621743897
-289.7737547348545
-286.59093202932814
-286.578996995469
-283.6355155236711
-280.6059795397138
-277.5076230808596
-274.3586419466753
-270.3904823594896
-270.378810090186
-267.55977375049014
-264.6357783322327
-261.62269642379226
-258.5373538233845
-255.39758046232708
-255.386013009737
-252.59027299953942
-249.68693066202806
-246.6913965253432
-243.62015199949488
-240.49065672046652
-240.47914593928894
-237.71086235452395
-234.8320201522528
-231.85756697133567
-228.8035443930381
-228.7925235793805
-226.19349925953352
-223.46632422455835
-220.6243432690919
-217.68193065856693
-214.6545109541047
-214.64363236216795
-212.0978135694571
-209.41996656319583
-206.62270700774815
-203.7197094887951
-203.7197094887951
-203.70791587766308
-203.70791587766308
-203.70791587766308
-203.70791587766308
-203.70791587766308
-203.70791587766308
-203.69611030428297
-203.69611030428297
-203.69611030428297
-203.69611030428297
-203.69611030428297
-203.69611030428297
-203.68535564853397
-203.68535564853397
-203.68535564853397
-203.68535564853397
-203.68535564853397
-203.68535564853397
-203.67456022169117
-203.67456022169117
-203.67456022169117
-203.67456022169117
-203.67456022169117
-203.67456022169117
-203.66372401962343
-203.66372401962343
-203.66372401962343
-203.66372401962343
-203.66372401962343
-203.66372401962343
-203.65287694151058
-203.65287694151058
-203.65287694151058
-203.65287694151058
-203.65287694151058
-203.65287694151058
-203.64198907966852
-203.64198907966852
-203.64198907966852
-203.64198907966852
-203.64198907966852
-203.64198907966852
-203.63109033300748
-203.63109033300748
-203.63109033300748
-203.63109033300748
-203.63109033300748
-203.63109033300748
-203.62015079426098
-203.62015079426098
-203.62015079426098
-203.62015079426098
-203.62015079426098
-203.62015079426098
-203.60919998109756
-203.60919998109756
-203.60919998109756
-203.60919998109756
-203.60919998109756
-203.60919998109756
-203.60919998109756
-203.60919998109756
-203.60919998109756
-203.60919998109756
-203.60919998109756
