60.00298309326172 450.0019836425781 0.38575848937034607
60.006500244140625 450.0026550292969 -0.013881206512451172
60.0099983215332 450.00189208984375 -0.4135209023952484
60.01292419433594 449.99981689453125 -0.8131605982780457
60.01482009887695 449.99676513671875 -1.2128002643585205
60.015384674072266 449.99322509765625 -1.6124399900436401
60.014530181884766 449.98974609375 -2.0120797157287598
58.768672943115234 447.0506896972656 -1.9313867092132568
57.68806457519531 443.87750244140625 -1.8666585683822632
56.55540084838867 440.11431884765625 -1.8596547842025757
55.770240783691406 437.0201721191406 -1.778961420059204
55.768821716308594 437.0168762207031 -2.178601026535034
55.7662353515625 437.014404296875 -2.5782406330108643
55.76288986206055 437.01312255859375 -2.9778802394866943
55.75931167602539 437.01324462890625 2.905665397644043
55.756065368652344 437.0147705078125 2.506025791168213
55.753665924072266 437.0174255371094 2.106386184692383
55.75248718261719 437.02081298828125 1.7067464590072632
55.752716064453125 437.0243835449219 1.3071067333221436
55.75431442260742 437.027587890625 0.9074670076370239
55.75703430175781 437.0299072265625 0.5078272819519043
55.76044464111328 437.031005859375 0.10818758606910706
55.764007568359375 437.0306701660156 -0.2914521098136902
55.76716232299805 437.02899169921875 -0.691091775894165
55.769412994384766 437.0262145996094 -1.0907315015792847
55.77040481567383 437.02276611328125 -1.4903712272644043
55.76997756958008 437.01922607421875 -1.890010952949524
54.891273498535156 433.9503479003906 -1.8093163967132568
54.26279830932617 430.82061767578125 -1.7286224365234375
54.26153564453125 430.8172302246094 -2.1282598972320557
54.25907516479492 430.81463623046875 -2.5278995037078857
54.25579833984375 430.8132019042969 -2.927539110183716
54.252220153808594 430.8131408691406 2.9560065269470215
54.248905181884766 430.8144836425781 2.5563669204711914
54.24637222290039 430.8170166015625 2.1567273139953613
54.245025634765625 430.8203430175781 1.7570875883102417
54.24507522583008 430.82391357421875 1.357447862625122
54.24651336669922 430.8271789550781 0.9578081369400024
54.24911117553711 430.82965087890625 0.5581684112548828
54.252464294433594 430.8309020996094 0.15852871537208557
54.256038665771484 430.83074951171875 -0.24111098051071167
54.25927734375 430.8292236328125 -0.6407506465911865
54.26166534423828 430.8265686035156 -1.0403903722763062
54.2628288269043 430.82318115234375 -1.4400300979614258
54.26258087158203 430.8196105957031 -1.8396698236465454
53.53941345214844 427.7104187011719 -1.7589752674102783
53.06919479370117 424.5529479980469 -1.6782907247543335
53.068111419677734 424.5495300292969 -2.077930450439453
51.63156509399414 421.6988525390625 -1.9972360134124756
50.42947769165039 418.74163818359375 -1.916541576385498
49.46967315673828 415.6971740722656 -1.8358471393585205
48.758399963378906 412.5852355957031 -1.755152702331543
48.3002815246582 409.42608642578125 -1.6744582653045654
48.098304748535156 406.24029541015625 -1.593763828277588
48.15378189086914 403.048583984375 -1.5130693912506104
48.15327453613281 403.0450439453125 -1.91270911693573
47.20514678955078 399.9969177246094 -1.832014560699463
46.505802154541016 396.88226318359375 -1.7513201236724854
46.05979537963867 393.72137451171875 -1.6706256866455078
45.87002944946289 390.5348205566406 -1.5899312496185303
45.93773651123047 387.3433532714844 -1.5092368125915527
46.26247787475586 384.167724609375 -1.4285423755645752
46.262271881103516 384.1641540527344 -1.8281819820404053
45.57487106323242 381.0468444824219 -1.7474875450134277
45.14098358154297 377.88427734375 -1.6667931079864502
44.96343231201172 374.697021484375 -1.5860986709594727
45.043373107910156 371.5058288574219 -1.5054042339324951
45.305335998535156 367.51873779296875 -1.504972219467163
45.30485916137695 367.51519775390625 -1.9046119451522827
44.38144302368164 364.45947265625 -1.8239173889160156
43.70734405517578 361.3392639160156 -1.743222951889038
43.28694534301758 358.17486572265625 -1.6625285148620605
43.12298583984375 354.98687744140625 -1.581834077835083
43.21653366088867 351.7960510253906 -1.5011396408081055
43.216068267822266 351.7925109863281 -1.900779366493225
42.30436706542969 348.7332763671875 -1.820084810256958
41.64223098754883 345.6105041503906 -1.7393903732299805
41.23396301269531 342.44451904296875 -1.658695936203003
41.08222579956055 339.2559509277344 -1.5780014991760254
41.08148956298828 339.25244140625 -1.9776405096054077
39.93757629394531 336.2722473144531 -1.8969459533691406
39.03761291503906 333.20953369140625 -1.816251516342163
38.387451171875 330.0842590332031 -1.7355570793151855
37.99132537841797 326.916748046875 -1.654862642288208
37.851810455322266 323.72760009765625 -1.5741682052612305
37.85108947753906 323.7240905761719 -1.97380793094635
36.71860885620117 320.7395324707031 -1.893113374710083
35.830387115478516 317.67340087890625 -1.8124189376831055
35.19220733642578 314.545654296875 -1.731724500656128
34.808223724365234 311.37664794921875 -1.6510300636291504
34.80723571777344 311.3731994628906 -2.0506696701049805
33.44892501831055 308.4844055175781 -1.969975233078003
32.3278923034668 305.49554443359375 -1.8892807960510254
31.45142936706543 302.426025390625 -1.8085863590240479
30.825241088867188 299.2958679199219 -1.7278919219970703
30.453405380249023 296.1253967285156 -1.6471974849700928
30.451669692993164 296.1192626953125 -2.046556234359741
29.105253219604492 293.22491455078125 -1.9658617973327637
27.996522903442383 290.2314453125 -1.8851673603057861
27.132694244384766 287.1583557128906 -1.8044729232788086
26.51938819885254 284.025634765625 -1.723778486251831
26.16059684753418 280.8536682128906 -1.6430840492248535
26.159635543823242 280.8502197265625 -2.0427236557006836
24.824321746826172 277.95074462890625 -1.962029218673706
23.72707176208496 274.95306396484375 -1.8813347816467285
22.87502670288086 271.8766784667969 -1.800640344619751
22.273731231689453 268.74163818359375 -1.7199459075927734
21.921184539794922 265.5467834472656 -1.641453504562378
21.920228958129883 265.5433349609375 -2.041093111038208
20.589645385742188 262.64166259765625 -1.9603986740112305
19.497285842895508 259.6421813964844 -1.879704236984253
19.497285842895508 259.6421813964844 -1.7990097999572754
19.497285842895508 259.6421813964844 -1.7183153629302979
19.497285842895508 259.6421813964844 -1.6376209259033203
19.4963436126709 259.63873291015625 -2.0372605323791504
19.4963436126709 259.63873291015625 -1.9565660953521729
19.4963436126709 259.63873291015625 -1.8758716583251953
19.4963436126709 259.63873291015625 -1.7951772212982178
19.4963436126709 259.63873291015625 -1.7144827842712402
19.4963436126709 259.63873291015625 -1.6337883472442627
19.495412826538086 259.6352844238281 -2.0334279537200928
19.495412826538086 259.6352844238281 -1.9527335166931152
19.495412826538086 259.6352844238281 -1.8720390796661377
19.495412826538086 259.6352844238281 -1.7913446426391602
19.495412826538086 259.6352844238281 -1.7106502056121826
19.495412826538086 259.6352844238281 -1.629955768585205
19.494495391845703 259.6318359375 -2.029595375061035
19.494495391845703 259.6318359375 -1.9489009380340576
19.494495391845703 259.6318359375 -1.86820650100708
19.494495391845703 259.6318359375 -1.7875120639801025
19.494495391845703 259.6318359375 -1.706817626953125
19.494495391845703 259.6318359375 -1.6261231899261475
19.49359130859375 259.6283874511719 -2.0257627964019775
19.49359130859375 259.6283874511719 -1.945068359375
19.49359130859375 259.6283874511719 -1.8643739223480225
19.49359130859375 259.6283874511719 -1.783679485321045
19.49359130859375 259.6283874511719 -1.7029850482940674
19.49359130859375 259.6283874511719 -1.6222906112670898
19.492700576782227 259.6249084472656 -2.02193021774292
19.492700576782227 259.6249084472656 -1.9412357807159424
19.492700576782227 259.6249084472656 -1.8605413436889648
19.492700576782227 259.6249084472656 -1.7798469066619873
19.492700576782227 259.6249084472656 -1.6991524696350098
19.492700576782227 259.6249084472656 -1.6184580326080322
19.491823196411133 259.6214294433594 -2.0180976390838623
19.491823196411133 259.6214294433594 -1.9374032020568848
19.491823196411133 259.6214294433594 -1.8567087650299072
19.491823196411133 259.6214294433594 -1.7760143280029297
19.491823196411133 259.6214294433594 -1.6953198909759521
19.491823196411133 259.6214294433594 -1.6146254539489746
19.49095916748047 259.6179504394531 -2.0142650604248047
19.49095916748047 259.6179504394531 -1.9335706233978271
19.49095916748047 259.6179504394531 -1.8528761863708496
19.49095916748047 259.6179504394531 -1.772181749343872
19.49095916748047 259.6179504394531 -1.6914873123168945
19.49095916748047 259.6179504394531 -1.610792875289917
19.490108489990234 259.6144714355469 -2.010432481765747
19.490108489990234 259.6144714355469 -1.9297380447387695
19.490108489990234 259.6144714355469 -1.849043607711792
19.490108489990234 259.6144714355469 -1.7683491706848145
19.490108489990234 259.6144714355469 -1.687654733657837
19.48880958557129 259.6105041503906 -2.0872344970703125
19.48880958557129 259.6105041503906 -2.006540060043335
19.48880958557129 259.6105041503906 -1.9258456230163574
19.48880958557129 259.6105041503906 -1.8451511859893799
19.48880958557129 259.6105041503906 -1.7644567489624023
19.48880958557129 259.6105041503906 -1.6837623119354248
19.487525939941406 259.6065368652344 -2.0833420753479004
19.487525939941406 259.6065368652344 -2.002647638320923
19.487525939941406 259.6065368652344 -1.9219532012939453
19.487525939941406 259.6065368652344 -1.8412587642669678
19.487525939941406 259.6065368652344 -1.7605643272399902
19.487525939941406 259.6065368652344 -1.6798698902130127
19.486257553100586 259.6025695800781 -2.0794496536254883
19.486257553100586 259.6025695800781 -1.9987552165985107
19.486257553100586 259.6025695800781 -1.9180607795715332
19.486257553100586 259.6025695800781 -1.8373663425445557
19.486257553100586 259.6025695800781 -1.7566719055175781
19.486257553100586 259.6025695800781 -1.6759774684906006
19.485004425048828 259.59857177734375 -2.075556993484497
19.485004425048828 259.59857177734375 -1.9948625564575195
19.485004425048828 259.59857177734375 -1.914168119430542
19.485004425048828 259.59857177734375 -1.8334736824035645
19.485004425048828 259.59857177734375 -1.752779245376587
19.485004425048828 259.59857177734375 -1.6720848083496094
19.48394203186035 259.59515380859375 -2.0717244148254395
19.48394203186035 259.59515380859375 -1.991029977798462
19.48394203186035 259.59515380859375 -1.9103355407714844
19.48394203186035 259.59515380859375 -1.8296411037445068
19.48394203186035 259.59515380859375 -1.7489466667175293
19.48394203186035 259.59515380859375 -1.6682522296905518
19.482892990112305 259.59173583984375 -2.067891836166382
19.482892990112305 259.59173583984375 -1.9871973991394043
19.482892990112305 259.59173583984375 -1.9065029621124268
19.482892990112305 259.59173583984375 -1.8258085250854492
19.482892990112305 259.59173583984375 -1.7451140880584717
19.482892990112305 259.59173583984375 -1.6644196510314941
19.481857299804688 259.58831787109375 -2.064059257507324
19.481857299804688 259.58831787109375 -1.9833648204803467
19.481857299804688 259.58831787109375 -1.9026703834533691
19.481857299804688 259.58831787109375 -1.8219759464263916
19.481857299804688 259.58831787109375 -1.741281509399414
19.481857299804688 259.58831787109375 -1.6605870723724365
19.4808349609375 259.58489990234375 -2.0602266788482666
19.4808349609375 259.58489990234375 -1.979532241821289
19.4808349609375 259.58489990234375 -1.8988378047943115
19.4808349609375 259.58489990234375 -1.818143367767334
19.4808349609375 259.58489990234375 -1.7374489307403564
19.4808349609375 259.58489990234375 -1.656754493713379
19.479825973510742 259.5814514160156 -2.056394100189209
19.479825973510742 259.5814514160156 -1.9756996631622314
19.479825973510742 259.5814514160156 -1.895005226135254
19.479825973510742 259.5814514160156 -1.8143107891082764
19.479825973510742 259.5814514160156 -1.7336163520812988
19.479825973510742 259.5814514160156 -1.6529219150543213
19.478830337524414 259.5780029296875 -2.0525615215301514
19.478830337524414 259.5780029296875 -1.9718670845031738
19.478830337524414 259.5780029296875 -1.8911726474761963
19.478830337524414 259.5780029296875 -1.8104782104492188
19.478830337524414 259.5780029296875 -1.7297837734222412
19.478830337524414 259.5780029296875 -1.6490893363952637
19.477848052978516 259.5745544433594 -2.0487289428710938
19.477848052978516 259.5745544433594 -1.9680345058441162
19.477848052978516 259.5745544433594 -1.8873400688171387
19.477848052978516 259.5745544433594 -1.8066456317901611
19.477848052978516 259.5745544433594 -1.7259511947631836
19.477848052978516 259.5745544433594 -1.645256757736206
19.476879119873047 259.57110595703125 -2.044896364212036
19.476879119873047 259.57110595703125 -1.9642019271850586
19.476879119873047 259.57110595703125 -1.883507490158081
19.476879119873047 259.57110595703125 -1.8028130531311035
19.476879119873047 259.57110595703125 -1.722118616104126
19.476879119873047 259.57110595703125 -1.6414241790771484
19.475923538208008 259.5676574707031 -2.0410637855529785
19.475923538208008 259.5676574707031 -1.960369348526001
19.475923538208008 259.5676574707031 -1.8796749114990234
19.475923538208008 259.5676574707031 -1.798980474472046
19.475923538208008 259.5676574707031 -1.7182860374450684
19.475923538208008 259.5676574707031 -1.6375916004180908
19.4749813079834 259.564208984375 -2.037231206893921
19.4749813079834 259.564208984375 -1.9565367698669434
19.4749813079834 259.564208984375 -1.8758423328399658
19.4749813079834 259.564208984375 -1.7951478958129883
19.4749813079834 259.564208984375 -1.7144534587860107
19.4749813079834 259.564208984375 -1.6337590217590332
19.47405242919922 259.5607604980469 -2.0333986282348633
19.47405242919922 259.5607604980469 -1.9527041912078857
19.47405242919922 259.5607604980469 -1.8720097541809082
19.47405242919922 259.5607604980469 -1.7913153171539307
19.47405242919922 259.5607604980469 -1.7106208801269531
19.47405242919922 259.5607604980469 -1.6299264430999756
19.473134994506836 259.55731201171875 -2.0295660495758057
19.473134994506836 259.55731201171875 -1.9488716125488281
19.473134994506836 259.55731201171875 -1.8681771755218506
19.473134994506836 259.55731201171875 -1.787482738494873
19.473134994506836 259.55731201171875 -1.7067883014678955
19.473134994506836 259.55731201171875 -1.626093864440918
19.472230911254883 259.5538635253906 -2.025733470916748
19.472230911254883 259.5538635253906 -1.9450390338897705
19.472230911254883 259.5538635253906 -1.864344596862793
19.472230911254883 259.5538635253906 -1.7836501598358154
19.472230911254883 259.5538635253906 -1.702955722808838
19.472230911254883 259.5538635253906 -1.6222612857818604
19.47134017944336 259.5503845214844 -2.0219008922576904
19.47134017944336 259.5503845214844 -1.941206455230713
19.47134017944336 259.5503845214844 -1.8605120182037354
19.47134017944336 259.5503845214844 -1.7798175811767578
19.47134017944336 259.5503845214844 -1.6991231441497803
19.47134017944336 259.5503845214844 -1.6184287071228027
19.470462799072266 259.5469055175781 -2.018068313598633
19.470462799072266 259.5469055175781 -1.9373738765716553
19.470462799072266 259.5469055175781 -1.8566794395446777
19.470462799072266 259.5469055175781 -1.7759850025177002
19.470462799072266 259.5469055175781 -1.6952905654907227
19.470462799072266 259.5469055175781 -1.6145961284637451
19.4695987701416 259.5434265136719 -2.014235734939575
19.4695987701416 259.5434265136719 -1.9335412979125977
19.4695987701416 259.5434265136719 -1.8528468608856201
19.4695987701416 259.5434265136719 -1.7721524238586426
19.4695987701416 259.5434265136719 -1.691457986831665
19.4695987701416 259.5434265136719 -1.6107635498046875
19.468748092651367 259.5399475097656 -2.0104031562805176
19.468748092651367 259.5399475097656 -1.92970871925354
19.468748092651367 259.5399475097656 -1.8490142822265625
19.468748092651367 259.5399475097656 -1.768319845199585
19.468748092651367 259.5399475097656 -1.6876254081726074
19.467445373535156 259.5359802246094 -2.0872044563293457
19.467445373535156 259.5359802246094 -2.006510019302368
19.467445373535156 259.5359802246094 -1.9258155822753906
19.467445373535156 259.5359802246094 -1.845121145248413
19.467445373535156 259.5359802246094 -1.7644267082214355
19.467445373535156 259.5359802246094 -1.683732271194458
19.466157913208008 259.5320129394531 -2.0833113193511963
19.466157913208008 259.5320129394531 -2.0026168823242188
19.466157913208008 259.5320129394531 -1.9219224452972412
19.466157913208008 259.5320129394531 -1.8412280082702637
19.466157913208008 259.5320129394531 -1.7605335712432861
19.466157913208008 259.5320129394531 -1.6798391342163086
19.464885711669922 259.52801513671875 -2.0794179439544678
19.464885711669922 259.52801513671875 -1.9987235069274902
19.464885711669922 259.52801513671875 -1.9180290699005127
19.464885711669922 259.52801513671875 -1.8373346328735352
19.464885711669922 259.52801513671875 -1.7566401958465576
19.464885711669922 259.52801513671875 -1.67594575881958
19.4636287689209 259.5240173339844 -2.0755245685577393
19.4636287689209 259.5240173339844 -1.9948301315307617
19.4636287689209 259.5240173339844 -1.9141356945037842
19.4636287689209 259.5240173339844 -1.8334412574768066
19.4636287689209 259.5240173339844 -1.752746820449829
19.4636287689209 259.5240173339844 -1.6720523834228516
19.462568283081055 259.5205993652344 -2.0716919898986816
19.462568283081055 259.5205993652344 -1.990997552871704
19.462568283081055 259.5205993652344 -1.9103031158447266
19.462568283081055 259.5205993652344 -1.829608678817749
19.462568283081055 259.5205993652344 -1.7489142417907715
19.462568283081055 259.5205993652344 -1.668219804763794
19.461519241333008 259.5171813964844 -2.067859411239624
19.461519241333008 259.5171813964844 -1.9871649742126465
19.461519241333008 259.5171813964844 -1.906470537185669
19.461519241333008 259.5171813964844 -1.8257761001586914
19.461519241333008 259.5171813964844 -1.7450816631317139
19.461519241333008 259.5171813964844 -1.6643872261047363
19.46048355102539 259.5137634277344 -2.0640268325805664
19.46048355102539 259.5137634277344 -1.9833323955535889
19.46048355102539 259.5137634277344 -1.9026379585266113
19.46048355102539 259.5137634277344 -1.8219435214996338
19.46048355102539 259.5137634277344 -1.7412490844726562
19.46048355102539 259.5137634277344 -1.6605546474456787
19.459461212158203 259.5103454589844 -2.060194253921509
19.459461212158203 259.5103454589844 -1.9794998168945312
19.459461212158203 259.5103454589844 -1.8988053798675537
19.459461212158203 259.5103454589844 -1.8181109428405762
19.459461212158203 259.5103454589844 -1.7374165058135986
19.459461212158203 259.5103454589844 -1.656722068786621
19.458452224731445 259.50689697265625 -2.056361675262451
19.458452224731445 259.50689697265625 -1.9756672382354736
19.458452224731445 259.50689697265625 -1.894972801208496
19.458452224731445 259.50689697265625 -1.8142783641815186
19.458452224731445 259.50689697265625 -1.733583927154541
19.458452224731445 259.50689697265625 -1.6528894901275635
19.457456588745117 259.5034484863281 -2.0525290966033936
19.457456588745117 259.5034484863281 -1.971834659576416
19.457456588745117 259.5034484863281 -1.8911402225494385
19.457456588745117 259.5034484863281 -1.810445785522461
19.457456588745117 259.5034484863281 -1.7297513484954834
19.457456588745117 259.5034484863281 -1.6490569114685059
19.45647430419922 259.5 -2.048696517944336
19.45647430419922 259.5 -1.9680020809173584
19.45647430419922 259.5 -1.8873076438903809
19.45647430419922 259.5 -1.8066132068634033
19.45647430419922 259.5 -1.7259187698364258
19.45647430419922 259.5 -1.6452243328094482
19.45647430419922 259.5 -2.0448639392852783
19.45647430419922 259.5 -1.9641695022583008
19.45647430419922 259.5 -1.8834750652313232
19.45647430419922 259.5 -1.8027806282043457
19.45647430419922 259.5 -1.7220861911773682
