-390.0
-390.0
-390.0
-390.0
-390.0
-390.0
-386.4800840023974
-382.9756643427753
-379.4950896465054
-376.0468771607557
-372.16048082769714
-368.2765172735307
-364.39506428876297
-360.5162029626052
-356.64001785667443
-352.7665971895807
-348.89603303318717
-345.02842152139567
-341.1638630723792
-337.3024626252591
-333.44432989231007
-329.58957962786263
-325.7383319151782
-321.89071247267526
-318.0468529810071
-314.20689143261995
-310.37097250556513
-306.53924796349065
-302.711877083914
-298.8890271170606
-295.07087377776116
-291.2576017731246
-287.449405368953
-283.6464889981356
-279.84906791455705
-276.05736889638604
-272.2716310029682
-268.49210638994526
-264.7190609811161
-260.95277601585167
-257.19354848960694
-253.44169244544892
-249.6975401664831
-245.96144346505315
-242.23377507745244
-238.51493017372368
-234.80532799304177
-231.1054136161781
-227.41565988764003
-223.736569501273
-220.0686772644084
-216.41255255704533
-212.76880200406882
-209.13807238013496
-205.52105376859004
-205.52105376859004
-205.52105376859004
-205.52105376859004
-205.52105376859004
-205.52105376859004
-205.52105376859004
-205.52105376859004
-205.52105376859004
-205.52105376859004
-205.52105376859004
