60.00289535522461 450.0019226074219 0.3857479691505432
60.006309509277344 450.0025634765625 -0.013902246952056885
60.00970458984375 450.0018310546875 -0.413552463054657
60.01254653930664 449.99981689453125 -0.8132026791572571
60.01438522338867 449.9968566894531 -1.212852954864502
60.014930725097656 449.9934387207031 -1.612503170967102
60.01409912109375 449.99005126953125 -2.012153387069702
58.76802444458008 447.05108642578125 -1.9314603805541992
57.68744659423828 443.87847900390625 -1.8666776418685913
56.554779052734375 440.1154479980469 -1.8596590757369995
55.76960754394531 437.0213317871094 -1.778965711593628
55.76823043823242 437.01812744140625 -2.1786160469055176
55.76572036743164 437.0157165527344 -2.578266143798828
55.762474060058594 437.0144958496094 -2.9779162406921387
55.759002685546875 437.0146179199219 2.905618906021118
55.75585174560547 437.0160827636719 2.5059685707092285
55.75352096557617 437.0186462402344 2.106318473815918
55.752376556396484 437.02191162109375 1.7066682577133179
55.75259780883789 437.025390625 1.3070180416107178
55.754150390625 437.02850341796875 0.9073678255081177
55.75679016113281 437.03076171875 0.5077176094055176
55.760101318359375 437.0318298339844 0.10806739330291748
55.7635612487793 437.0315246582031 -0.2915828227996826
55.766624450683594 437.0298767089844 -0.6912330389022827
55.7688102722168 437.02716064453125 -1.0908832550048828
55.769771575927734 437.0238342285156 -1.490533471107483
55.76935577392578 437.0203857421875 -1.890183687210083
54.89012145996094 433.95166015625 -1.8094892501831055
54.261104583740234 430.8220520019531 -1.7287952899932861
54.25988006591797 430.81878662109375 -2.1284432411193848
54.25749206542969 430.8162536621094 -2.5280933380126953
54.254310607910156 430.8148498535156 -2.927743434906006
54.25083541870117 430.8147888183594 2.955791711807251
54.247615814208984 430.81610107421875 2.5561413764953613
54.24515914916992 430.81854248046875 2.156491279602051
54.24385070800781 430.8217468261719 1.7568410634994507
54.243900299072266 430.8252258300781 1.3571908473968506
54.245296478271484 430.8283996582031 0.9575406312942505
54.24782180786133 430.8307800292969 0.5578904151916504
54.251075744628906 430.8320007324219 0.1582401990890503
54.254547119140625 430.83184814453125 -0.2414100170135498
54.2576904296875 430.8303527832031 -0.6410602331161499
54.260005950927734 430.8277587890625 -1.04071044921875
54.261131286621094 430.824462890625 -1.44036066532135
54.26089096069336 430.82098388671875 -1.8400108814239502
53.53666305541992 427.7120361328125 -1.7593164443969727
53.065364837646484 424.5547180175781 -1.6786317825317383
53.06431198120117 424.5513916015625 -2.078281879425049
51.62676239013672 421.7012023925781 -1.9975874423980713
50.42363739013672 418.7444152832031 -1.9168930053710938
49.462764739990234 415.7002868652344 -1.8361985683441162
48.750396728515625 412.5885925292969 -1.7555041313171387
48.291168212890625 409.4295959472656 -1.6748096942901611
48.088069915771484 406.2438659667969 -1.5941152572631836
48.142425537109375 403.0521545410156 -1.513420820236206
48.14193344116211 403.0487060546875 -1.9130710363388062
47.19269943237305 400.00091552734375 -1.832376480102539
46.49222946166992 396.88653564453125 -1.7516820430755615
46.04507827758789 393.725830078125 -1.670987606048584
45.85416030883789 390.53936767578125 -1.5902931690216064
45.92071533203125 387.3478698730469 -1.509598731994629
46.24430847167969 384.172119140625 -1.4289042949676514
46.24410629272461 384.16864013671875 -1.8285545110702515
45.5555419921875 381.0516052246094 -1.7478599548339844
45.12047576904297 377.8891906738281 -1.6671655178070068
44.94173812866211 374.7019958496094 -1.5864710807800293
45.02048873901367 371.5107727050781 -1.5057766437530518
45.281246185302734 367.5257263183594 -1.5051345825195312
45.28078079223633 367.52227783203125 -1.9047847986221313
44.356834411621094 364.46673583984375 -1.8240902423858643
43.682193756103516 361.3466491699219 -1.7433958053588867
43.26124954223633 358.1823425292969 -1.6627013683319092
43.09674072265625 354.994384765625 -1.5820069313049316
43.18973922729492 351.8035583496094 -1.501312494277954
43.18928909301758 351.80010986328125 -1.9009627103805542
42.27702713012695 348.7410583496094 -1.820268154144287
41.61431884765625 345.618408203125 -1.7395737171173096
41.20547103881836 342.4525146484375 -1.658879280090332
41.05314636230469 339.26397705078125 -1.5781848430633545
41.05242919921875 339.26055908203125 -1.9778342247009277
39.90793991088867 336.28057861328125 -1.8971397876739502
39.007381439208984 333.2180480957031 -1.8164453506469727
38.35661315917969 330.0928955078125 -1.7357509136199951
37.95987319946289 326.9254455566406 -1.6550564765930176
37.819740295410156 323.736328125 -1.57436203956604
37.81903839111328 323.73291015625 -1.9740122556686401
36.68594741821289 320.74859619140625 -1.893317699432373
35.79710006713867 317.6826477050781 -1.8126232624053955
35.15828323364258 314.5550231933594 -1.731928825378418
34.773651123046875 311.3860778808594 -1.6512343883514404
34.77268981933594 311.38275146484375 -2.05088472366333
33.41375732421875 308.4942626953125 -1.9701902866363525
32.29207992553711 305.5056457519531 -1.889495849609375
31.41495704650879 302.43634033203125 -1.8088014125823975
30.788097381591797 299.3063049316406 -1.72810697555542
30.415578842163086 296.13592529296875 -1.6474125385284424
30.41363525390625 296.1290588378906 -2.0466952323913574
29.066816329956055 293.2348937988281 -1.9660007953643799
27.957670211791992 290.2415771484375 -1.8853063583374023
27.093414306640625 287.1686096191406 -1.8046119213104248
26.479673385620117 284.0359802246094 -1.7239174842834473
26.120441436767578 280.86407470703125 -1.6432230472564697
26.1195068359375 280.8607177734375 -2.0428733825683594
24.78376007080078 277.96142578125 -1.9621789455413818
23.68606185913086 274.9638977050781 -1.8814845085144043
22.833555221557617 271.88763427734375 -1.8007900714874268
22.23179054260254 268.752685546875 -1.7200956344604492
21.879749298095703 265.5614318847656 -1.6412386894226074
21.878822326660156 265.5580749511719 -2.040888786315918
20.548831939697266 262.6561584472656 -1.9601943492889404
19.45708465576172 259.6564636230469 -1.879499912261963
19.45708465576172 259.6564636230469 -1.7988054752349854
19.45708465576172 259.6564636230469 -1.7181110382080078
19.45708465576172 259.6564636230469 -1.6374166011810303
19.45616912841797 259.6531066894531 -2.03706693649292
19.45616912841797 259.6531066894531 -1.9563724994659424
19.45616912841797 259.6531066894531 -1.8756780624389648
19.45616912841797 259.6531066894531 -1.7949836254119873
19.45616912841797 259.6531066894531 -1.7142891883850098
19.45616912841797 259.6531066894531 -1.6335947513580322
19.45526695251465 259.6497497558594 -2.033245086669922
19.45526695251465 259.6497497558594 -1.9525506496429443
19.45526695251465 259.6497497558594 -1.8718562126159668
19.45526695251465 259.6497497558594 -1.7911617755889893
19.45526695251465 259.6497497558594 -1.7104673385620117
19.45526695251465 259.6497497558594 -1.6297729015350342
19.454378128051758 259.6463928222656 -2.029423236846924
19.454378128051758 259.6463928222656 -1.9487287998199463
19.454378128051758 259.6463928222656 -1.8680343627929688
19.454378128051758 259.6463928222656 -1.7873399257659912
19.454378128051758 259.6463928222656 -1.7066454887390137
19.454378128051758 259.6463928222656 -1.6259510517120361
19.453502655029297 259.6430358886719 -2.025601387023926
19.453502655029297 259.6430358886719 -1.9449069499969482
19.453502655029297 259.6430358886719 -1.8642125129699707
19.453502655029297 259.6430358886719 -1.7835180759429932
19.453502655029297 259.6430358886719 -1.7028236389160156
19.453502655029297 259.6430358886719 -1.622129201889038
19.452638626098633 259.6396789550781 -2.0217795372009277
19.452638626098633 259.6396789550781 -1.9410851001739502
19.452638626098633 259.6396789550781 -1.8603906631469727
19.452638626098633 259.6396789550781 -1.7796962261199951
19.452638626098633 259.6396789550781 -1.6990017890930176
19.452638626098633 259.6396789550781 -1.61830735206604
19.4517879486084 259.6363220214844 -2.0179576873779297
19.4517879486084 259.6363220214844 -1.9372632503509521
19.4517879486084 259.6363220214844 -1.8565688133239746
19.4517879486084 259.6363220214844 -1.775874376296997
19.4517879486084 259.6363220214844 -1.6951799392700195
19.4517879486084 259.6363220214844 -1.614485502243042
19.450950622558594 259.6329650878906 -2.0141358375549316
19.450950622558594 259.6329650878906 -1.933441400527954
19.450950622558594 259.6329650878906 -1.8527469635009766
19.450950622558594 259.6329650878906 -1.772052526473999
19.450950622558594 259.6329650878906 -1.6913580894470215
19.450950622558594 259.6329650878906 -1.610663652420044
19.45012664794922 259.62957763671875 -2.0103139877319336
19.45012664794922 259.62957763671875 -1.929619550704956
19.45012664794922 259.62957763671875 -1.8489251136779785
19.45012664794922 259.62957763671875 -1.768230676651001
19.45012664794922 259.62957763671875 -1.6875362396240234
19.4489688873291 259.62603759765625 -2.0871615409851074
19.4489688873291 259.62603759765625 -2.00646710395813
19.4489688873291 259.62603759765625 -1.9257726669311523
19.4489688873291 259.62603759765625 -1.8450782299041748
19.4489688873291 259.62603759765625 -1.7643837928771973
19.4489688873291 259.62603759765625 -1.6836893558502197
19.447824478149414 259.62249755859375 -2.0833146572113037
19.447824478149414 259.62249755859375 -2.002620220184326
19.447824478149414 259.62249755859375 -1.9219257831573486
19.447824478149414 259.62249755859375 -1.841231346130371
19.447824478149414 259.62249755859375 -1.7605369091033936
19.447824478149414 259.62249755859375 -1.679842472076416
19.446693420410156 259.61895751953125 -2.0794677734375
19.446693420410156 259.61895751953125 -1.9987733364105225
19.446693420410156 259.61895751953125 -1.918078899383545
19.446693420410156 259.61895751953125 -1.8373844623565674
19.446693420410156 259.61895751953125 -1.7566900253295898
19.446693420410156 259.61895751953125 -1.6759955883026123
19.445575714111328 259.61541748046875 -2.0756208896636963
19.445575714111328 259.61541748046875 -1.9949264526367188
19.445575714111328 259.61541748046875 -1.9142320156097412
19.445575714111328 259.61541748046875 -1.8335375785827637
19.445575714111328 259.61541748046875 -1.7528431415557861
19.445575714111328 259.61541748046875 -1.6721487045288086
19.44454574584961 259.6120910644531 -2.071798801422119
19.44454574584961 259.6120910644531 -1.9911043643951416
19.44454574584961 259.6120910644531 -1.910409927368164
19.44454574584961 259.6120910644531 -1.8297154903411865
19.44454574584961 259.6120910644531 -1.749021053314209
19.44454574584961 259.6120910644531 -1.6683266162872314
19.443527221679688 259.6087646484375 -2.067976951599121
19.443527221679688 259.6087646484375 -1.9872825145721436
19.443527221679688 259.6087646484375 -1.906588077545166
19.443527221679688 259.6087646484375 -1.8258936405181885
19.443527221679688 259.6087646484375 -1.745199203491211
19.443527221679688 259.6087646484375 -1.6645047664642334
19.442522048950195 259.6054382324219 -2.064155101776123
19.442522048950195 259.6054382324219 -1.9834606647491455
19.442522048950195 259.6054382324219 -1.902766227722168
19.442522048950195 259.6054382324219 -1.8220717906951904
19.442522048950195 259.6054382324219 -1.741377353668213
19.442522048950195 259.6054382324219 -1.6606829166412354
19.441530227661133 259.60211181640625 -2.060333251953125
19.441530227661133 259.60211181640625 -1.9796388149261475
19.441530227661133 259.60211181640625 -1.89894437789917
19.441530227661133 259.60211181640625 -1.8182499408721924
19.441530227661133 259.60211181640625 -1.7375555038452148
19.441530227661133 259.60211181640625 -1.6568610668182373
19.440549850463867 259.5987854003906 -2.056511402130127
19.440549850463867 259.5987854003906 -1.9758169651031494
19.440549850463867 259.5987854003906 -1.8951225280761719
19.440549850463867 259.5987854003906 -1.8144280910491943
19.440549850463867 259.5987854003906 -1.7337336540222168
19.440549850463867 259.5987854003906 -1.6530392169952393
19.43958282470703 259.595458984375 -2.052689552307129
19.43958282470703 259.595458984375 -1.9719951152801514
19.43958282470703 259.595458984375 -1.8913006782531738
19.43958282470703 259.595458984375 -1.8106062412261963
19.43958282470703 259.595458984375 -1.7299118041992188
19.43958282470703 259.595458984375 -1.6492173671722412
19.438629150390625 259.5921325683594 -2.048867702484131
19.438629150390625 259.5921325683594 -1.9681732654571533
19.438629150390625 259.5921325683594 -1.8874788284301758
19.438629150390625 259.5921325683594 -1.8067843914031982
19.438629150390625 259.5921325683594 -1.7260899543762207
19.438629150390625 259.5921325683594 -1.6453955173492432
19.437686920166016 259.5887756347656 -2.045045852661133
19.437686920166016 259.5887756347656 -1.9643514156341553
19.437686920166016 259.5887756347656 -1.8836569786071777
19.437686920166016 259.5887756347656 -1.8029625415802002
19.437686920166016 259.5887756347656 -1.7222681045532227
19.437686920166016 259.5887756347656 -1.6415736675262451
19.436758041381836 259.5854187011719 -2.0412240028381348
19.436758041381836 259.5854187011719 -1.9605295658111572
19.436758041381836 259.5854187011719 -1.8798351287841797
19.436758041381836 259.5854187011719 -1.7991406917572021
19.436758041381836 259.5854187011719 -1.7184462547302246
19.436758041381836 259.5854187011719 -1.637751817703247
19.435842514038086 259.5820617675781 -2.0374021530151367
19.435842514038086 259.5820617675781 -1.9567077159881592
19.435842514038086 259.5820617675781 -1.8760132789611816
19.435842514038086 259.5820617675781 -1.795318841934204
19.435842514038086 259.5820617675781 -1.7146244049072266
19.435842514038086 259.5820617675781 -1.633929967880249
19.434938430786133 259.5787048339844 -2.0335803031921387
19.434938430786133 259.5787048339844 -1.9528858661651611
19.434938430786133 259.5787048339844 -1.8721914291381836
19.434938430786133 259.5787048339844 -1.791496992111206
19.434938430786133 259.5787048339844 -1.7108025550842285
19.434938430786133 259.5787048339844 -1.630108118057251
19.43404769897461 259.5753479003906 -2.0297584533691406
19.43404769897461 259.5753479003906 -1.949064016342163
19.43404769897461 259.5753479003906 -1.8683695793151855
19.43404769897461 259.5753479003906 -1.787675142288208
19.43404769897461 259.5753479003906 -1.7069807052612305
19.43404769897461 259.5753479003906 -1.626286268234253
19.433170318603516 259.5719909667969 -2.0259366035461426
19.433170318603516 259.5719909667969 -1.945242166519165
19.433170318603516 259.5719909667969 -1.8645477294921875
19.433170318603516 259.5719909667969 -1.78385329246521
19.433170318603516 259.5719909667969 -1.7031588554382324
19.433170318603516 259.5719909667969 -1.6224644184112549
19.43230628967285 259.5686340332031 -2.0221147537231445
19.43230628967285 259.5686340332031 -1.941420316696167
19.43230628967285 259.5686340332031 -1.8607258796691895
19.43230628967285 259.5686340332031 -1.780031442642212
19.43230628967285 259.5686340332031 -1.6993370056152344
19.43230628967285 259.5686340332031 -1.6186425685882568
19.431453704833984 259.5652770996094 -2.0182929039001465
19.431453704833984 259.5652770996094 -1.937598466873169
19.431453704833984 259.5652770996094 -1.8569040298461914
19.431453704833984 259.5652770996094 -1.7762095928192139
19.431453704833984 259.5652770996094 -1.6955151557922363
19.431453704833984 259.5652770996094 -1.6148207187652588
19.430614471435547 259.5619201660156 -2.0144710540771484
19.430614471435547 259.5619201660156 -1.933776617050171
19.430614471435547 259.5619201660156 -1.8530821800231934
19.430614471435547 259.5619201660156 -1.7723877429962158
19.430614471435547 259.5619201660156 -1.6916933059692383
19.430614471435547 259.5619201660156 -1.6109988689422607
19.42978858947754 259.55853271484375 -2.0106492042541504
19.42978858947754 259.55853271484375 -1.9299547672271729
19.42978858947754 259.55853271484375 -1.8492603302001953
19.42978858947754 259.55853271484375 -1.7685658931732178
19.42978858947754 259.55853271484375 -1.6878714561462402
19.428627014160156 259.55499267578125 -2.087496519088745
19.428627014160156 259.55499267578125 -2.0068020820617676
19.428627014160156 259.55499267578125 -1.92610764503479
19.428627014160156 259.55499267578125 -1.8454132080078125
19.428627014160156 259.55499267578125 -1.764718770980835
19.428627014160156 259.55499267578125 -1.6840243339538574
19.427480697631836 259.55145263671875 -2.0836493968963623
19.427480697631836 259.55145263671875 -2.0029549598693848
19.427480697631836 259.55145263671875 -1.9222605228424072
19.427480697631836 259.55145263671875 -1.8415660858154297
19.427480697631836 259.55145263671875 -1.7608716487884521
19.427480697631836 259.55145263671875 -1.6801772117614746
19.426347732543945 259.54791259765625 -2.0798022747039795
19.426347732543945 259.54791259765625 -1.999107837677002
19.426347732543945 259.54791259765625 -1.9184134006500244
19.426347732543945 259.54791259765625 -1.8377189636230469
19.426347732543945 259.54791259765625 -1.7570245265960693
19.426347732543945 259.54791259765625 -1.6763300895690918
19.425228118896484 259.54437255859375 -2.0759551525115967
19.425228118896484 259.54437255859375 -1.9952607154846191
19.425228118896484 259.54437255859375 -1.9145662784576416
19.425228118896484 259.54437255859375 -1.833871841430664
19.425228118896484 259.54437255859375 -1.7531774044036865
19.425228118896484 259.54437255859375 -1.672482967376709
19.424196243286133 259.5410461425781 -2.0721330642700195
19.424196243286133 259.5410461425781 -1.991438627243042
19.424196243286133 259.5410461425781 -1.9107441902160645
19.424196243286133 259.5410461425781 -1.830049753189087
19.424196243286133 259.5410461425781 -1.7493553161621094
19.424196243286133 259.5410461425781 -1.6686608791351318
19.42317771911621 259.5377197265625 -2.0683112144470215
19.42317771911621 259.5377197265625 -1.987616777420044
19.42317771911621 259.5377197265625 -1.9069223403930664
19.42317771911621 259.5377197265625 -1.8262279033660889
19.42317771911621 259.5377197265625 -1.7455334663391113
19.42317771911621 259.5377197265625 -1.6648390293121338
19.422170639038086 259.5343933105469 -2.0644893646240234
19.422170639038086 259.5343933105469 -1.983794927597046
19.422170639038086 259.5343933105469 -1.9031004905700684
19.422170639038086 259.5343933105469 -1.8224060535430908
19.422170639038086 259.5343933105469 -1.7417116165161133
19.422170639038086 259.5343933105469 -1.6610171794891357
19.42117691040039 259.53106689453125 -2.0606675148010254
19.42117691040039 259.53106689453125 -1.9799730777740479
19.42117691040039 259.53106689453125 -1.8992786407470703
19.42117691040039 259.53106689453125 -1.8185842037200928
19.42117691040039 259.53106689453125 -1.7378897666931152
19.42117691040039 259.53106689453125 -1.6571953296661377
19.420196533203125 259.5277404785156 -2.0568456649780273
19.420196533203125 259.5277404785156 -1.9761512279510498
19.420196533203125 259.5277404785156 -1.8954567909240723
19.420196533203125 259.5277404785156 -1.8147623538970947
19.420196533203125 259.5277404785156 -1.7340679168701172
19.420196533203125 259.5277404785156 -1.6533734798431396
19.419227600097656 259.5244140625 -2.0530238151550293
19.419227600097656 259.5244140625 -1.9723293781280518
19.419227600097656 259.5244140625 -1.8916349411010742
19.419227600097656 259.5244140625 -1.8109405040740967
19.419227600097656 259.5244140625 -1.7302460670471191
19.419227600097656 259.5244140625 -1.6495516300201416
19.418272018432617 259.5210876464844 -2.0492019653320312
19.418272018432617 259.5210876464844 -1.9685075283050537
19.418272018432617 259.5210876464844 -1.8878130912780762
19.418272018432617 259.5210876464844 -1.8071186542510986
19.418272018432617 259.5210876464844 -1.726424217224121
19.418272018432617 259.5210876464844 -1.6457297801971436
19.417329788208008 259.5177307128906 -2.045380115509033
19.417329788208008 259.5177307128906 -1.9646856784820557
19.417329788208008 259.5177307128906 -1.8839912414550781
19.417329788208008 259.5177307128906 -1.8032968044281006
19.417329788208008 259.5177307128906 -1.722602367401123
19.417329788208008 259.5177307128906 -1.6419079303741455
19.416399002075195 259.5143737792969 -2.041558265686035
19.416399002075195 259.5143737792969 -1.9608638286590576
19.416399002075195 259.5143737792969 -1.88016939163208
19.416399002075195 259.5143737792969 -1.7994749546051025
19.416399002075195 259.5143737792969 -1.718780517578125
19.416399002075195 259.5143737792969 -1.6380860805511475
19.415481567382812 259.5110168457031 -2.037736415863037
19.415481567382812 259.5110168457031 -1.9570419788360596
19.415481567382812 259.5110168457031 -1.876347541809082
19.415481567382812 259.5110168457031 -1.7956531047821045
19.415481567382812 259.5110168457031 -1.714958667755127
19.415481567382812 259.5110168457031 -1.6342642307281494
19.41457748413086 259.5076599121094 -2.033914566040039
19.41457748413086 259.5076599121094 -1.9532201290130615
19.41457748413086 259.5076599121094 -1.872525691986084
19.41457748413086 259.5076599121094 -1.7918312549591064
19.41457748413086 259.5076599121094 -1.711136817932129
19.41457748413086 259.5076599121094 -1.6304423809051514
19.413686752319336 259.5043029785156 -2.030092716217041
19.413686752319336 259.5043029785156 -1.9493982791900635
19.413686752319336 259.5043029785156 -1.868703842163086
19.413686752319336 259.5043029785156 -1.7880094051361084
19.413686752319336 259.5043029785156 -1.7073149681091309
19.413686752319336 259.5043029785156 -1.6266205310821533
19.41280746459961 259.5009460449219 -2.026270866394043
19.41280746459961 259.5009460449219 -1.9455764293670654
19.41280746459961 259.5009460449219 -1.864881992340088
19.41280746459961 259.5009460449219 -1.7841875553131104
19.41280746459961 259.5009460449219 -1.7034931182861328
19.41280746459961 259.5009460449219 -1.6227986812591553
19.41280746459961 259.5009460449219 -2.022449016571045
19.41280746459961 259.5009460449219 -1.9417545795440674
19.41280746459961 259.5009460449219 -1.8610601425170898
19.41280746459961 259.5009460449219 -1.7803657054901123
19.41280746459961 259.5009460449219 -1.6996712684631348
