-390.00198365395767
-390.00265508334013
-390.00189221761434
-389.999847625625
-389.99682645259196
-389.9932864353619
-389.9898073987358
-387.0487196744203
-383.88201370494556
-380.13330128053013
-377.04277406126687
-377.03952482039955
-377.03708206489137
-377.03583797437386
-377.0360002095814
-377.03753194389947
-377.0402137974007
-377.04361427729623
-377.0471820267928
-377.05036815424637
-377.052656746656
-377.05368644767145
-377.05331074426283
-377.0515969710667
-377.0487948108557
-377.04533544914494
-377.04180042976907
-373.98007496397446
-370.8559331448839
-370.8525657288496
-370.85001013324796
-370.8486267481325
-370.84862119641645
-370.85001522943566
-370.85258712010517
-370.8559340045635
-370.85950329966096
-370.8627459343982
-370.86514668504276
-370.86634574543024
-370.8661377641447
-370.86456195537244
-370.8618703434864
-370.85846538591863
-370.8548991596579
-367.7546531748725
-364.60273535348193
-364.59933873992185
-361.77906031450533
-358.8521548353443
-355.8350401628011
-352.74509379555457
-349.60051724301053
-346.4203148133163
-343.22426106848076
-343.220741517791
-340.2107473464424
-337.12646290122086
-333.98599285012176
-330.8082098821126
-327.61275788881284
-324.4199807440419
-324.416423695407
-321.3352676132366
-318.1971043074476
-315.020698074278
-311.82564477763185
-308.04977540286967
-308.0462608675108
-305.02444715948377
-301.9311777274165
-298.78443776757985
-295.6030909224601
-292.4067991417655
-292.40329012737317
-289.38976784734115
-286.30313954223857
-283.1611866474949
-279.9826010514674
-279.97914783334596
-277.0725576729221
-274.07347560814395
-270.99848508116816
-267.8650480298547
-264.6916337118637
-264.6881952489215
-261.80125578002594
-258.819066469074
-255.75784831993207
-252.63475848308263
-252.63142433058425
-249.88826152603426
-247.0311122876236
-244.07472678920305
-241.03478548993021
-237.92805237004535
-237.92206325420716
-235.21745254432355
-232.39509914110442
-229.46918814233175
-226.45487771942027
-223.36837170526033
-223.3651087973812
-220.70657451650803
-217.92620913409905
-215.0375180655265
-212.05507586941954
-208.97035303606862
-208.9671386846584
-206.36859232648308
-203.64337172247366
-203.64337172247366
-203.64337172247366
-203.64337172247366
-203.64018377759916
-203.64018377759916
-203.64018377759916
-203.64018377759916
-203.64018377759916
-203.64018377759916
-203.63699470739235
-203.63699470739235
-203.63699470739235
-203.63699470739235
-203.63699470739235
-203.63699470739235
-203.63380489119416
-203.63380489119416
-203.63380489119416
-203.63380489119416
-203.63380489119416
-203.63380489119416
-203.6306139494266
-203.6306139494266
-203.6306139494266
-203.6306139494266
-203.6306139494266
-203.6306139494266
-203.6274218819567
-203.6274218819567
-203.6274218819567
-203.6274218819567
-203.6274218819567
-203.6274218819567
-203.62422906817113
-203.62422906817113
-203.62422906817113
-203.62422906817113
-203.62422906817113
-203.62422906817113
-203.62103512844837
-203.62103512844837
-203.62103512844837
-203.62103512844837
-203.62103512844837
-203.62103512844837
-203.6178400626568
-203.6178400626568
-203.6178400626568
-203.6178400626568
-203.6178400626568
-203.6178400626568
-203.61464387066528
-203.61464387066528
-203.61464387066528
-203.61464387066528
-203.61464387066528
-203.61464387066528
-203.61144693192045
-203.61144693192045
-203.61144693192045
-203.61144693192045
-203.61144693192045
-203.61144693192045
-203.60824886674374
-203.60824886674374
-203.60824886674374
-203.60824886674374
-203.60824886674374
-203.60824886674374
-203.60504967500512
-203.60504967500512
-203.60504967500512
-203.60504967500512
-203.60504967500512
-203.60504967500512
-203.6018497361959
-203.6018497361959
-203.6018497361959
-203.6018497361959
-203.6018497361959
-203.6018497361959
-203.59864867059503
-203.59864867059503
-203.59864867059503
-203.59864867059503
-203.59864867059503
-203.59864867059503
-203.5954464780737
-203.5954464780737
-203.5954464780737
-203.5954464780737
-203.5954464780737
-203.5954464780737
-203.59224315850366
-203.59224315850366
-203.59224315850366
-203.59224315850366
-203.59224315850366
-203.59224315850366
-203.5890390914351
-203.5890390914351
-203.5890390914351
-203.5890390914351
-203.5890390914351
-203.5890390914351
-203.58580399030177
-203.58580399030177
-203.58580399030177
-203.58580399030177
-203.58580399030177
-203.58580399030177
-203.5825677618579
-203.5825677618579
-203.5825677618579
-203.5825677618579
-203.5825677618579
-203.5825677618579
-203.57933078569684
-203.57933078569684
-203.57933078569684
-203.57933078569684
-203.57933078569684
-203.57933078569684
-203.57609268199965
-203.57609268199965
-203.57609268199965
-203.57609268199965
-203.57609268199965
-203.57609268199965
-203.57609268199965
-203.57609268199965
-203.57609268199965
-203.57609268199965
-203.57609268199965
