-390.00152588568983
-390.0020447099461
-390.00146491995025
-389.99987805706843
-389.9975282436322
-389.99481219216676
-389.99212662577565
-387.0557770871591
-383.891939700657
-380.1387586525792
-377.0527725554733
-377.05025205388665
-377.04835198606617
-377.047404520452
-377.04752709497114
-377.0487148591406
-377.0507802444474
-377.05338430250885
-377.0561286901168
-377.0585865338322
-377.0603633310264
-377.06115763047853
-377.06088257108746
-377.059543041674
-377.0573874886864
-377.0547241006541
-377.05198141922915
-373.99552753430766
-370.8762177364505
-370.87363919717814
-370.8716547447033
-370.8705954874351
-370.87060784719745
-370.87168501387885
-370.873668189056
-370.87624742171835
-370.878993019847
-370.8815083628378
-370.8833689917638
-370.8843052711264
-370.88414040422236
-370.88291165396043
-370.88080819097024
-370.87817021263925
-370.8754270364648
-367.7806991699721
-364.6338277515585
-364.63121981266437
-361.8157077226164
-358.8930109634222
-355.8797516830975
-352.7935157805438
-349.65268807180223
-346.47652260619026
-343.28498918505187
-343.2822581895637
-340.27358143465517
-337.19101731277294
-334.05283903205816
-330.8781871571313
-327.68698193250094
-324.4997903180587
-324.4970534289545
-321.4154696400253
-318.27807120307745
-315.10391214886994
-311.91282656996657
-307.9655009256687
-307.9627750600598
-304.9552131212545
-301.8737756395792
-298.73655598525147
-295.5625241687423
-292.3714786329021
-292.36875721978583
-289.3676851531034
-286.2915265644898
-283.15817924956406
-279.9864518412205
-279.9837804914272
-277.0894203950784
-274.1009117495994
-271.03493440807733
-267.9091079291309
-264.7420316845741
-264.739371740268
-261.86208566497874
-258.8883432493794
-255.83444206211124
-252.71774130916205
-252.71517554436485
-249.9797595576337
-247.12939771890558
-244.17898705398443
-241.14438911841665
-238.04252610771246
-238.03674200791394
-235.3360581899101
-232.5170811371329
-229.5941559515293
-226.58266972146055
-223.49903686763037
-223.49652444464732
-220.8375978970351
-218.05669499018765
-215.16752692260363
-212.18488826507857
-209.10746939531387
-209.10499262456779
-206.49957655060643
-203.76783536621537
-203.76783536621537
-203.76783536621537
-203.76783536621537
-203.7653770926105
-203.7653770926105
-203.7653770926105
-203.7653770926105
-203.7653770926105
-203.7653770926105
-203.76291693012544
-203.76291693012544
-203.76291693012544
-203.76291693012544
-203.76291693012544
-203.76291693012544
-203.76045487859164
-203.76045487859164
-203.76045487859164
-203.76045487859164
-203.76045487859164
-203.76045487859164
-203.7579610297744
-203.7579610297744
-203.7579610297744
-203.7579610297744
-203.7579610297744
-203.7579610297744
-203.75546491233695
-203.75546491233695
-203.75546491233695
-203.75546491233695
-203.75546491233695
-203.75546491233695
-203.75296690540154
-203.75296690540154
-203.75296690540154
-203.75296690540154
-203.75296690540154
-203.75296690540154
-203.75046700880415
-203.75046700880415
-203.75046700880415
-203.75046700880415
-203.75046700880415
-203.7478994574986
-203.7478994574986
-203.7478994574986
-203.7478994574986
-203.7478994574986
-203.7478994574986
-203.7453296405761
-203.7453296405761
-203.7453296405761
-203.7453296405761
-203.7453296405761
-203.7453296405761
-203.74275793716862
-203.74275793716862
-203.74275793716862
-203.74275793716862
-203.74275793716862
-203.74275793716862
-203.74018434707767
-203.74018434707767
-203.74018434707767
-203.74018434707767
-203.74018434707767
-203.74018434707767
-203.73760849070842
-203.73760849070842
-203.73760849070842
-203.73760849070842
-203.73760849070842
-203.73760849070842
-203.73519919056378
-203.73519919056378
-203.73519919056378
-203.73519919056378
-203.73519919056378
-203.73519919056378
-203.73275809424575
-203.73275809424575
-203.73275809424575
-203.73275809424575
-203.73275809424575
-203.73275809424575
-203.73031472988436
-203.73031472988436
-203.73031472988436
-203.73031472988436
-203.73031472988436
-203.73031472988436
-203.72786947670969
-203.72786947670969
-203.72786947670969
-203.72786947670969
-203.72786947670969
-203.72786947670969
-203.72542233454305
-203.72542233454305
-203.72542233454305
-203.72542233454305
-203.72542233454305
-203.72542233454305
-203.7229733032071
-203.7229733032071
-203.7229733032071
-203.7229733032071
-203.7229733032071
-203.7229733032071
-203.72052238252581
-203.72052238252581
-203.72052238252581
-203.72052238252581
-203.72052238252581
-203.72052238252581
-203.71806919283142
-203.71806919283142
-203.71806919283142
-203.71806919283142
-203.71806919283142
-203.71806919283142
-203.71561411342037
-203.71561411342037
-203.71561411342037
-203.71561411342037
-203.71561411342037
-203.71561411342037
-203.7131571441206
-203.7131571441206
-203.7131571441206
-203.7131571441206
-203.7131571441206
-203.7131571441206
-203.71069828476143
-203.71069828476143
-203.71069828476143
-203.71069828476143
-203.71069828476143
-203.71069828476143
-203.70823715563517
-203.70823715563517
-203.70823715563517
-203.70823715563517
-203.70823715563517
-203.70823715563517
-203.7057442288366
-203.7057442288366
-203.7057442288366
-203.7057442288366
-203.7057442288366
-203.7057442288366
-203.7032494115241
-203.7032494115241
-203.7032494115241
-203.7032494115241
-203.7032494115241
-203.7032494115241
-203.70075270353144
-203.70075270353144
-203.70075270353144
-203.70075270353144
-203.70075270353144
-203.70075270353144
-203.6982537251113
-203.6982537251113
-203.6982537251113
-203.6982537251113
-203.6982537251113
-203.6982537251113
-203.69575285566086
-203.69575285566086
-203.69575285566086
-203.69575285566086
-203.69575285566086
-203.69318475030167
-203.69318475030167
-203.69318475030167
-203.69318475030167
-203.69318475030167
-203.69318475030167
-203.69061437770978
-203.69061437770978
-203.69061437770978
-203.69061437770978
-203.69061437770978
-203.69061437770978
-203.68804211727917
-203.68804211727917
-203.68804211727917
-203.68804211727917
-203.68804211727917
-203.68804211727917
-203.68546758916554
-203.68546758916554
-203.68546758916554
-203.68546758916554
-203.68546758916554
-203.68546758916554
-203.68305922440558
-203.68305922440558
-203.68305922440558
-203.68305922440558
-203.68305922440558
-203.68305922440558
-203.68064896995097
-203.68064896995097
-203.68064896995097
-203.68064896995097
-203.68064896995097
-203.68064896995097
-203.67820691880044
-203.67820691880044
-203.67820691880044
-203.67820691880044
-203.67820691880044
-203.67820691880044
-203.6757629776718
-203.6757629776718
-203.6757629776718
-203.6757629776718
-203.6757629776718
-203.6757629776718
-203.67331714638559
-203.67331714638559
-203.67331714638559
-203.67331714638559
-203.67331714638559
-203.67331714638559
-203.67086904504512
-203.67086904504512
-203.67086904504512
-203.67086904504512
-203.67086904504512
-203.67086904504512
-203.66841905316846
-203.66841905316846
-203.66841905316846
-203.66841905316846
-203.66841905316846
-203.66841905316846
-203.66596717058022
-203.66596717058022
-203.66596717058022
-203.66596717058022
-203.66596717058022
-203.66596717058022
-203.66351339710624
-203.66351339710624
-203.66351339710624
-203.66351339710624
-203.66351339710624
-203.66351339710624
-203.66105735280897
-203.66105735280897
-203.66105735280897
-203.66105735280897
-203.66105735280897
-203.66105735280897
-203.65859941725884
-203.65859941725884
-203.65859941725884
-203.65859941725884
-203.65859941725884
-203.65859941725884
-203.65613959028585
-203.65613959028585
-203.65613959028585
-203.65613959028585
-203.65613959028585
-203.65613959028585
-203.6536778717212
-203.6536778717212
-203.6536778717212
-203.6536778717212
-203.6536778717212
-203.6536778717212
-203.6511839751805
-203.6511839751805
-203.6511839751805
-203.6511839751805
-203.6511839751805
-203.6511839751805
-203.64868818676413
-203.64868818676413
-203.64868818676413
-203.64868818676413
-203.64868818676413
-203.64868818676413
-203.64619050630665
-203.64619050630665
-203.64619050630665
-203.64619050630665
-203.64619050630665
-203.64619050630665
-203.64369093364385
-203.64369093364385
-203.64369093364385
-203.64369093364385
-203.64369093364385
-203.64112416279144
-203.64112416279144
-203.64112416279144
-203.64112416279144
-203.64112416279144
-203.64112416279144
-203.63855512329826
-203.63855512329826
-203.63855512329826
-203.63855512329826
-203.63855512329826
-203.63855512329826
-203.63598419480678
-203.63598419480678
-203.63598419480678
-203.63598419480678
-203.63598419480678
-203.63598419480678
-203.63341099722228
-203.63341099722228
-203.63341099722228
-203.63341099722228
-203.63341099722228
-203.63341099722228
-203.63083591021692
-203.63083591021692
-203.63083591021692
-203.63083591021692
-203.63083591021692
-203.63083591021692
-203.62842697220927
-203.62842697220927
-203.62842697220927
-203.62842697220927
-203.62842697220927
-203.62842697220927
-203.62598623714678
-203.62598623714678
-203.62598623714678
-203.62598623714678
-203.62598623714678
-203.62598623714678
-203.62354323098702
-203.62354323098702
-203.62354323098702
-203.62354323098702
-203.62354323098702
-203.62354323098702
-203.62109833347108
-203.62109833347108
-203.62109833347108
-203.62109833347108
-203.62109833347108
-203.62109833347108
-203.61865154442012
-203.61865154442012
-203.61865154442012
-203.61865154442012
-203.61865154442012
-203.61865154442012
-203.61620286365664
-203.61620286365664
-203.61620286365664
-203.61620286365664
-203.61620286365664
-203.61620286365664
-203.61375191101178
-203.61375191101178
-203.61375191101178
-203.61375191101178
-203.61375191101178
-203.61375191101178
-203.61129906628
-203.61129906628
-203.61129906628
-203.61129906628
-203.61129906628
-203.61129906628
-203.6088443292878
-203.6088443292878
-203.6088443292878
-203.6088443292878
-203.6088443292878
-203.6088443292878
-203.606387699863
-203.606387699863
-203.606387699863
-203.606387699863
-203.606387699863
-203.606387699863
-203.60392917783477
-203.60392917783477
-203.60392917783477
-203.60392917783477
-203.60392917783477
-203.60392917783477
-203.60146838298394
-203.60146838298394
-203.60146838298394
-203.60146838298394
-203.60146838298394
-203.60146838298394
-203.59897578957862
-203.59897578957862
-203.59897578957862
-203.59897578957862
-203.59897578957862
-203.59897578957862
-203.59648130311487
-203.59648130311487
-203.59648130311487
-203.59648130311487
-203.59648130311487
-203.59648130311487
-203.59398492342646
-203.59398492342646
-203.59398492342646
-203.59398492342646
-203.59398492342646
-203.59398492342646
-203.59148627025445
-203.59148627025445
-203.59148627025445
-203.59148627025445
-203.59148627025445
-203.59148627025445
-203.58898572350722
-203.58898572350722
-203.58898572350722
-203.58898572350722
-203.58898572350722
-203.5864180180765
-203.5864180180765
-203.5864180180765
-203.5864180180765
-203.5864180180765
-203.5864180180765
-203.5864180180765
-203.5864180180765
-203.5864180180765
-203.5864180180765
-203.5864180180765
