60.00298309326172 450.0019836425781 0.3857583999633789
60.006500244140625 450.0026550292969 -0.013881385326385498
60.0099983215332 450.00189208984375 -0.4135211706161499
60.01292419433594 449.9998474121094 -0.8131609559059143
60.01482009887695 449.996826171875 -1.2128007411956787
60.015384674072266 449.9932861328125 -1.612440586090088
60.014530181884766 449.98980712890625 -2.012080430984497
58.768672943115234 447.0507507324219 -1.9313874244689941
57.688045501708984 443.8775329589844 -1.866662621498108
56.55536651611328 440.1143493652344 -1.8596582412719727
55.77019500732422 437.02020263671875 -1.778964877128601
55.768775939941406 437.01690673828125 -2.1786046028137207
55.76618957519531 437.0144348144531 -2.57824444770813
55.76284408569336 437.0131530761719 -2.977884292602539
55.75926971435547 437.0132751464844 2.905661106109619
55.75602722167969 437.0147705078125 2.50602126121521
55.75362777709961 437.0174255371094 2.106381416320801
55.75244903564453 437.02081298828125 1.7067415714263916
55.75267791748047 437.0243835449219 1.3071017265319824
55.754276275634766 437.027587890625 0.907461941242218
55.756996154785156 437.0299072265625 0.5078221559524536
55.760406494140625 437.031005859375 0.10818237066268921
55.76396942138672 437.0306701660156 -0.2914574146270752
55.76712417602539 437.02899169921875 -0.6910971999168396
55.76937484741211 437.0262145996094 -1.090736985206604
55.770362854003906 437.02276611328125 -1.4903767108917236
55.769935607910156 437.01922607421875 -1.8900165557861328
54.89121627807617 433.95037841796875 -1.8093221187591553
54.262725830078125 430.8206787109375 -1.728628158569336
54.2614631652832 430.8172912597656 -2.128265380859375
54.25900650024414 430.814697265625 -2.527905225753784
54.25572967529297 430.8132629394531 -2.9275450706481934
54.25215148925781 430.8132019042969 2.956000328063965
54.248836517333984 430.8145446777344 2.5563604831695557
54.246307373046875 430.81707763671875 2.1567206382751465
54.24496078491211 430.8204040527344 1.7570807933807373
54.24501037597656 430.823974609375 1.3574409484863281
54.2464485168457 430.8272399902344 0.9578011631965637
54.249046325683594 430.8297119140625 0.5581613779067993
54.25239562988281 430.8309631347656 0.1585215926170349
54.2559700012207 430.830810546875 -0.2411181926727295
54.25920486450195 430.82928466796875 -0.6407579779624939
54.261592864990234 430.8266296386719 -1.0403977632522583
54.262752532958984 430.8232421875 -1.440037488937378
54.26250457763672 430.8196716308594 -1.839677333831787
53.53931427001953 427.7104797363281 -1.7589828968048096
53.069068908691406 424.5530090332031 -1.6782983541488647
53.06798553466797 424.5495910644531 -2.0779380798339844
51.63141632080078 421.69891357421875 -1.9972436428070068
50.42930603027344 418.7417297363281 -1.9165492057800293
49.469478607177734 415.697265625 -1.8358547687530518
48.7581787109375 412.5853271484375 -1.7551603317260742
48.3000373840332 409.4261779785156 -1.6744658946990967
48.09803771972656 406.2403869628906 -1.5937714576721191
48.15349197387695 403.0486755371094 -1.5130770206451416
48.152984619140625 403.0451354980469 -1.9127168655395508
47.204830169677734 399.99700927734375 -1.8320224285125732
46.505462646484375 396.88238525390625 -1.7513279914855957
46.05943298339844 393.72149658203125 -1.6706335544586182
45.8696403503418 390.5349426269531 -1.5899391174316406
45.93732452392578 387.3434753417969 -1.509244680404663
46.26204299926758 384.1678466796875 -1.4285502433776855
46.261837005615234 384.1642761230469 -1.8281900882720947
45.57440948486328 381.0469970703125 -1.7474956512451172
45.14049530029297 377.8844299316406 -1.6668012142181396
44.96291732788086 374.6971740722656 -1.586106777191162
45.04283142089844 371.5059814453125 -1.5054123401641846
45.30476760864258 367.5189514160156 -1.5049762725830078
45.304290771484375 367.5154113769531 -1.904616117477417
44.380859375 364.459716796875 -1.8239216804504395
43.70674514770508 361.3395080566406 -1.743227243423462
43.28633499145508 358.17510986328125 -1.6625328063964844
43.12236404418945 354.98712158203125 -1.5818383693695068
43.21590042114258 351.7962951660156 -1.5011439323425293
43.21543502807617 351.7927551269531 -1.9007837772369385
42.3037223815918 348.7335205078125 -1.820089340209961
41.641571044921875 345.6107482910156 -1.7393949031829834
41.23329162597656 342.44476318359375 -1.6587004661560059
41.081539154052734 339.2561950683594 -1.5780060291290283
41.08080291748047 339.252685546875 -1.977644920349121
39.9368782043457 336.2724914550781 -1.8969504833221436
39.03689956665039 333.2098083496094 -1.816256046295166
38.386722564697266 330.08453369140625 -1.7355616092681885
37.99058151245117 326.9170227050781 -1.654867172241211
37.851051330566406 323.7278747558594 -1.5741727352142334
37.8503303527832 323.724365234375 -1.9738125801086426
36.71783447265625 320.73980712890625 -1.893118143081665
35.82959747314453 317.6736755371094 -1.8124237060546875
35.191402435302734 314.5459289550781 -1.73172926902771
34.807403564453125 311.3769226074219 -1.6510348320007324
34.80641555786133 311.37347412109375 -2.0506746768951416
33.448089599609375 308.4847106933594 -1.969980239868164
32.32704162597656 305.495849609375 -1.8892858028411865
31.450563430786133 302.42633056640625 -1.808591365814209
30.824359893798828 299.2961730957031 -1.7278969287872314
30.45250701904297 296.1257019042969 -1.647202491760254
30.450611114501953 296.1190185546875 -2.0465023517608643
29.104351043701172 293.224609375 -1.9658079147338867
27.99578094482422 290.2310791015625 -1.8851134777069092
27.132116317749023 287.157958984375 -1.8044190406799316
26.518978118896484 284.02520751953125 -1.723724603652954
26.160356521606445 280.8532409667969 -1.6430301666259766
26.159395217895508 280.84979248046875 -2.0426700115203857
24.824237823486328 277.9502258300781 -1.9619755744934082
23.727149963378906 274.9524841308594 -1.8812811374664307
22.87527084350586 271.8760681152344 -1.8005867004394531
22.27414321899414 268.7409973144531 -1.7198922634124756
21.921754837036133 265.54608154296875 -1.641404628753662
21.920799255371094 265.5426330566406 -2.0410444736480713
20.590356826782227 262.6408996582031 -1.9603500366210938
19.49814224243164 259.6413879394531 -1.8796555995941162
19.49814224243164 259.6413879394531 -1.7989611625671387
19.49814224243164 259.6413879394531 -1.7182667255401611
19.49814224243164 259.6413879394531 -1.6375722885131836
19.49720001220703 259.637939453125 -2.0372121334075928
19.49720001220703 259.637939453125 -1.9565176963806152
19.49720001220703 259.637939453125 -1.8758232593536377
19.49720001220703 259.637939453125 -1.7951288223266602
19.49720001220703 259.637939453125 -1.7144343852996826
19.49720001220703 259.637939453125 -1.633739948272705
19.49627113342285 259.6344909667969 -2.0333797931671143
19.49627113342285 259.6344909667969 -1.9526853561401367
19.49627113342285 259.6344909667969 -1.8719909191131592
19.49627113342285 259.6344909667969 -1.7912964820861816
19.49627113342285 259.6344909667969 -1.710602045059204
19.49627113342285 259.6344909667969 -1.6299076080322266
19.4953556060791 259.63104248046875 -2.0295474529266357
19.4953556060791 259.63104248046875 -1.9488530158996582
19.4953556060791 259.63104248046875 -1.8681585788726807
19.4953556060791 259.63104248046875 -1.7874641418457031
19.4953556060791 259.63104248046875 -1.7067697048187256
19.4953556060791 259.63104248046875 -1.626075267791748
19.49445343017578 259.6275939941406 -2.0257151126861572
19.49445343017578 259.6275939941406 -1.9450206756591797
19.49445343017578 259.6275939941406 -1.8643262386322021
19.49445343017578 259.6275939941406 -1.7836318016052246
19.49445343017578 259.6275939941406 -1.702937364578247
19.49445343017578 259.6275939941406 -1.6222429275512695
19.49356460571289 259.6241149902344 -2.0218827724456787
19.49356460571289 259.6241149902344 -1.9411883354187012
19.49356460571289 259.6241149902344 -1.8604938983917236
19.49356460571289 259.6241149902344 -1.779799461364746
19.49356460571289 259.6241149902344 -1.6991050243377686
19.49356460571289 259.6241149902344 -1.618410587310791
19.49268913269043 259.6206359863281 -2.0180504322052
19.49268913269043 259.6206359863281 -1.9373559951782227
19.49268913269043 259.6206359863281 -1.8566615581512451
19.49268913269043 259.6206359863281 -1.7759671211242676
19.49268913269043 259.6206359863281 -1.69527268409729
19.49268913269043 259.6206359863281 -1.6145782470703125
19.4918270111084 259.6171569824219 -2.0142180919647217
19.4918270111084 259.6171569824219 -1.9335236549377441
19.4918270111084 259.6171569824219 -1.8528292179107666
19.4918270111084 259.6171569824219 -1.772134780883789
19.4918270111084 259.6171569824219 -1.6914403438568115
19.4918270111084 259.6171569824219 -1.610745906829834
19.490978240966797 259.6136779785156 -2.010385751724243
19.490978240966797 259.6136779785156 -1.9296913146972656
19.490978240966797 259.6136779785156 -1.848996877670288
19.490978240966797 259.6136779785156 -1.7683024406433105
19.490978240966797 259.6136779785156 -1.687608003616333
19.48979377746582 259.61004638671875 -2.0872247219085693
19.48979377746582 259.61004638671875 -2.006530284881592
19.48979377746582 259.61004638671875 -1.9258358478546143
19.48979377746582 259.61004638671875 -1.8451414108276367
19.48979377746582 259.61004638671875 -1.7644469738006592
19.48979377746582 259.61004638671875 -1.6837525367736816
19.488622665405273 259.6064147949219 -2.083369255065918
19.488622665405273 259.6064147949219 -2.0026748180389404
19.488622665405273 259.6064147949219 -1.921980381011963
19.488622665405273 259.6064147949219 -1.8412859439849854
19.488622665405273 259.6064147949219 -1.7605915069580078
19.488622665405273 259.6064147949219 -1.6798970699310303
19.487464904785156 259.602783203125 -2.0795137882232666
19.487464904785156 259.602783203125 -1.998819351196289
19.487464904785156 259.602783203125 -1.9181249141693115
19.487464904785156 259.602783203125 -1.837430477142334
19.487464904785156 259.602783203125 -1.7567360401153564
19.487464904785156 259.602783203125 -1.676041603088379
19.48632049560547 259.5991516113281 -2.0756583213806152
19.48632049560547 259.5991516113281 -1.9949638843536377
19.48632049560547 259.5991516113281 -1.9142694473266602
19.48632049560547 259.5991516113281 -1.8335750102996826
19.48632049560547 259.5991516113281 -1.752880573272705
19.48632049560547 259.5991516113281 -1.6721861362457275
19.485258102416992 259.5957336425781 -2.0718259811401367
19.485258102416992 259.5957336425781 -1.9911315441131592
19.485258102416992 259.5957336425781 -1.9104371070861816
19.485258102416992 259.5957336425781 -1.829742670059204
19.485258102416992 259.5957336425781 -1.7490482330322266
19.485258102416992 259.5957336425781 -1.668353796005249
19.484209060668945 259.5923156738281 -2.067993640899658
19.484209060668945 259.5923156738281 -1.9872992038726807
19.484209060668945 259.5923156738281 -1.9066047668457031
19.484209060668945 259.5923156738281 -1.8259103298187256
19.484209060668945 259.5923156738281 -1.745215892791748
19.484209060668945 259.5923156738281 -1.6645214557647705
19.483173370361328 259.5888977050781 -2.0641613006591797
19.483173370361328 259.5888977050781 -1.9834668636322021
19.483173370361328 259.5888977050781 -1.9027724266052246
19.483173370361328 259.5888977050781 -1.822077989578247
19.483173370361328 259.5888977050781 -1.7413835525512695
19.483173370361328 259.5888977050781 -1.660689115524292
19.48215103149414 259.5854797363281 -2.060328960418701
19.48215103149414 259.5854797363281 -1.9796345233917236
19.48215103149414 259.5854797363281 -1.898940086364746
19.48215103149414 259.5854797363281 -1.8182456493377686
19.48215103149414 259.5854797363281 -1.737551212310791
19.48215103149414 259.5854797363281 -1.6568567752838135
19.481142044067383 259.5820617675781 -2.0564966201782227
19.481142044067383 259.5820617675781 -1.9758021831512451
19.481142044067383 259.5820617675781 -1.8951077461242676
19.481142044067383 259.5820617675781 -1.81441330909729
19.481142044067383 259.5820617675781 -1.7337188720703125
19.481142044067383 259.5820617675781 -1.653024435043335
19.480146408081055 259.57861328125 -2.052664279937744
19.480146408081055 259.57861328125 -1.9719698429107666
19.480146408081055 259.57861328125 -1.891275405883789
19.480146408081055 259.57861328125 -1.8105809688568115
19.480146408081055 259.57861328125 -1.729886531829834
19.480146408081055 259.57861328125 -1.6491920948028564
19.479164123535156 259.5751647949219 -2.0488319396972656
19.479164123535156 259.5751647949219 -1.968137502670288
19.479164123535156 259.5751647949219 -1.8874430656433105
19.479164123535156 259.5751647949219 -1.806748628616333
19.479164123535156 259.5751647949219 -1.7260541915893555
19.479164123535156 259.5751647949219 -1.645359754562378
19.478195190429688 259.57171630859375 -2.044999599456787
19.478195190429688 259.57171630859375 -1.9643051624298096
19.478195190429688 259.57171630859375 -1.883610725402832
19.478195190429688 259.57171630859375 -1.8029162883758545
19.478195190429688 259.57171630859375 -1.722221851348877
19.478195190429688 259.57171630859375 -1.6415274143218994
19.47723960876465 259.5682678222656 -2.0411672592163086
19.47723960876465 259.5682678222656 -1.960472822189331
19.47723960876465 259.5682678222656 -1.8797783851623535
19.47723960876465 259.5682678222656 -1.799083948135376
19.47723960876465 259.5682678222656 -1.7183895111083984
19.47723960876465 259.5682678222656 -1.637695074081421
19.47629737854004 259.5648193359375 -2.03733491897583
19.47629737854004 259.5648193359375 -1.9566404819488525
19.47629737854004 259.5648193359375 -1.875946044921875
19.47629737854004 259.5648193359375 -1.7952516078948975
19.47629737854004 259.5648193359375 -1.71455717086792
19.47629737854004 259.5648193359375 -1.6338627338409424
19.475366592407227 259.5613708496094 -2.0335025787353516
19.475366592407227 259.5613708496094 -1.952808141708374
19.475366592407227 259.5613708496094 -1.8721137046813965
19.475366592407227 259.5613708496094 -1.791419267654419
19.475366592407227 259.5613708496094 -1.7107248306274414
19.475366592407227 259.5613708496094 -1.6300303936004639
19.474449157714844 259.55792236328125 -2.029670238494873
19.474449157714844 259.55792236328125 -1.9489758014678955
19.474449157714844 259.55792236328125 -1.868281364440918
19.474449157714844 259.55792236328125 -1.7875869274139404
19.474449157714844 259.55792236328125 -1.706892490386963
19.474449157714844 259.55792236328125 -1.6261980533599854
19.47354507446289 259.5544738769531 -2.0258378982543945
19.47354507446289 259.5544738769531 -1.945143461227417
19.47354507446289 259.5544738769531 -1.8644490242004395
19.47354507446289 259.5544738769531 -1.783754587173462
19.47354507446289 259.5544738769531 -1.7030601501464844
19.47354507446289 259.5544738769531 -1.6223657131195068
19.472654342651367 259.5509948730469 -2.022005558013916
19.472654342651367 259.5509948730469 -1.9413111209869385
19.472654342651367 259.5509948730469 -1.860616683959961
19.472654342651367 259.5509948730469 -1.7799222469329834
19.472654342651367 259.5509948730469 -1.6992278099060059
19.472654342651367 259.5509948730469 -1.6185333728790283
19.471776962280273 259.5475158691406 -2.0181732177734375
19.471776962280273 259.5475158691406 -1.93747878074646
19.471776962280273 259.5475158691406 -1.8567843437194824
19.471776962280273 259.5475158691406 -1.7760899066925049
19.471776962280273 259.5475158691406 -1.6953954696655273
19.471776962280273 259.5475158691406 -1.6147010326385498
19.47091293334961 259.5440368652344 -2.014340877532959
19.47091293334961 259.5440368652344 -1.9336464405059814
19.47091293334961 259.5440368652344 -1.852952003479004
19.47091293334961 259.5440368652344 -1.7722575664520264
19.47091293334961 259.5440368652344 -1.6915631294250488
19.47091293334961 259.5440368652344 -1.6108686923980713
19.470062255859375 259.5405578613281 -2.0105085372924805
19.470062255859375 259.5405578613281 -1.929814100265503
19.470062255859375 259.5405578613281 -1.8491196632385254
19.470062255859375 259.5405578613281 -1.7684252262115479
19.470062255859375 259.5405578613281 -1.6877307891845703
19.468875885009766 259.53692626953125 -2.0873472690582275
19.468875885009766 259.53692626953125 -2.00665283203125
19.468875885009766 259.53692626953125 -1.9259583950042725
19.468875885009766 259.53692626953125 -1.845263957977295
19.468875885009766 259.53692626953125 -1.7645695209503174
19.468875885009766 259.53692626953125 -1.6838750839233398
19.467702865600586 259.5332946777344 -2.083491563796997
19.467702865600586 259.5332946777344 -2.0027971267700195
19.467702865600586 259.5332946777344 -1.922102689743042
19.467702865600586 259.5332946777344 -1.8414082527160645
19.467702865600586 259.5332946777344 -1.760713815689087
19.467702865600586 259.5332946777344 -1.6800193786621094
19.466543197631836 259.5296630859375 -2.0796358585357666
19.466543197631836 259.5296630859375 -1.998941421508789
19.466543197631836 259.5296630859375 -1.9182469844818115
19.466543197631836 259.5296630859375 -1.837552547454834
19.466543197631836 259.5296630859375 -1.7568581104278564
19.466543197631836 259.5296630859375 -1.676163673400879
19.46539878845215 259.5260314941406 -2.075780153274536
19.46539878845215 259.5260314941406 -1.9950857162475586
19.46539878845215 259.5260314941406 -1.914391279220581
19.46539878845215 259.5260314941406 -1.8336968421936035
19.46539878845215 259.5260314941406 -1.753002405166626
19.46539878845215 259.5260314941406 -1.6723079681396484
19.464336395263672 259.5226135253906 -2.0719478130340576
19.464336395263672 259.5226135253906 -1.99125337600708
19.464336395263672 259.5226135253906 -1.9105589389801025
19.464336395263672 259.5226135253906 -1.829864501953125
19.464336395263672 259.5226135253906 -1.7491700649261475
19.464336395263672 259.5226135253906 -1.66847562789917
19.463287353515625 259.5191955566406 -2.068115472793579
19.463287353515625 259.5191955566406 -1.9874210357666016
19.463287353515625 259.5191955566406 -1.906726598739624
19.463287353515625 259.5191955566406 -1.8260321617126465
19.463287353515625 259.5191955566406 -1.745337724685669
19.463287353515625 259.5191955566406 -1.6646432876586914
19.462251663208008 259.5157775878906 -2.0642831325531006
19.462251663208008 259.5157775878906 -1.983588695526123
19.462251663208008 259.5157775878906 -1.9028942584991455
19.462251663208008 259.5157775878906 -1.822199821472168
19.462251663208008 259.5157775878906 -1.7415053844451904
19.462251663208008 259.5157775878906 -1.660810947418213
19.46122932434082 259.5123596191406 -2.060450792312622
19.46122932434082 259.5123596191406 -1.9797563552856445
19.46122932434082 259.5123596191406 -1.899061918258667
19.46122932434082 259.5123596191406 -1.8183674812316895
19.46122932434082 259.5123596191406 -1.737673044204712
19.46122932434082 259.5123596191406 -1.6569786071777344
19.460220336914062 259.5089416503906 -2.0566184520721436
19.460220336914062 259.5089416503906 -1.975924015045166
19.460220336914062 259.5089416503906 -1.8952295780181885
19.460220336914062 259.5089416503906 -1.814535140991211
19.460220336914062 259.5089416503906 -1.7338407039642334
19.460220336914062 259.5089416503906 -1.6531462669372559
19.459224700927734 259.5054931640625 -2.052786111831665
19.459224700927734 259.5054931640625 -1.9720916748046875
19.459224700927734 259.5054931640625 -1.89139723777771
19.459224700927734 259.5054931640625 -1.8107028007507324
19.459224700927734 259.5054931640625 -1.7300083637237549
19.459224700927734 259.5054931640625 -1.6493139266967773
19.458242416381836 259.5020446777344 -2.0489537715911865
19.458242416381836 259.5020446777344 -1.968259334564209
19.458242416381836 259.5020446777344 -1.8875648975372314
19.458242416381836 259.5020446777344 -1.806870460510254
19.458242416381836 259.5020446777344 -1.7261760234832764
19.458242416381836 259.5020446777344 -1.6454815864562988
19.458242416381836 259.5020446777344 -2.045121431350708
19.458242416381836 259.5020446777344 -1.9644269943237305
19.458242416381836 259.5020446777344 -1.883732557296753
19.458242416381836 259.5020446777344 -1.8030381202697754
19.458242416381836 259.5020446777344 -1.7223436832427979
