60.00230026245117 450.00152587890625 0.38567614555358887
60.00501251220703 450.0020446777344 -0.014045894145965576
60.00770950317383 450.00146484375 -0.41376793384552
60.00996780395508 449.9998779296875 -0.8134899735450745
60.01142883300781 449.9975280761719 -1.213212013244629
60.011863708496094 449.99481201171875 -1.6129341125488281
60.01120376586914 449.99212646484375 -2.0126562118530273
58.76365280151367 447.0538024902344 -1.9319632053375244
57.68321228027344 443.88494873046875 -1.8668205738067627
56.55055618286133 440.12310791015625 -1.8596868515014648
55.765296936035156 437.02899169921875 -1.7789934873580933
55.76420211791992 437.0264587402344 -2.178715467453003
55.76220703125 437.0245361328125 -2.578437566757202
55.75962448120117 437.0235595703125 -2.9781596660614014
55.756866455078125 437.0236511230469 2.905303478240967
55.754364013671875 437.0248107910156 2.5055813789367676
55.75251388549805 437.02685546875 2.1058592796325684
55.75160598754883 437.0294494628906 1.7061371803283691
55.75178527832031 437.0321960449219 1.30641508102417
55.753021240234375 437.03466796875 0.9066930413246155
55.75511932373047 437.0364685058594 0.506971001625061
55.75775146484375 437.03729248046875 0.10724896192550659
55.760501861572266 437.03704833984375 -0.29247307777404785
55.762935638427734 437.0357360839844 -0.6921951174736023
55.76466751098633 437.0335998535156 -1.0919171571731567
55.76542663574219 437.03094482421875 -1.4916391372680664
55.76509475708008 437.0281982421875 -1.8913612365722656
54.88224792480469 433.96051025390625 -1.810666799545288
54.24954605102539 430.8316345214844 -1.7299728393554688
54.24856948852539 430.82904052734375 -2.129692792892456
54.24666976928711 430.8270263671875 -2.5294148921966553
54.244140625 430.825927734375 -2.9291369915008545
54.24137878417969 430.8258972167969 2.9543261528015137
54.23882293701172 430.8269348144531 2.5546040534973145
54.236873626708984 430.8288879394531 2.1548819541931152
54.23583984375 430.8314514160156 1.755159854888916
54.23588180541992 430.8341979980469 1.3554377555847168
54.236995697021484 430.83673095703125 0.9557157158851624
54.23900604248047 430.838623046875 0.5559936761856079
54.24159240722656 430.839599609375 0.15627163648605347
54.24435043334961 430.8394775390625 -0.24345040321350098
54.24684524536133 430.8382873535156 -0.6431724429130554
54.24868392944336 430.8362121582031 -1.0428944826126099
54.24957275390625 430.8335876464844 -1.4426164627075195
54.24937438964844 430.8308410644531 -1.8423385620117188
53.517913818359375 427.72357177734375 -1.7616441249847412
53.03927230834961 424.5673828125 -1.6809587478637695
53.038429260253906 424.56475830078125 -2.0806808471679688
51.59404754638672 421.7180480957031 -1.9999864101409912
50.38383102416992 418.76416015625 -1.9192919731140137
49.41565704345703 415.7223205566406 -1.8385975360870361
48.69582748413086 412.61236572265625 -1.7579030990600586
48.22902297973633 409.4544982910156 -1.677208662033081
48.01828384399414 406.269287109375 -1.5965142250061035
48.06498336791992 403.07745361328125 -1.515819787979126
48.06458282470703 403.07470703125 -1.9155418872833252
47.10782241821289 400.0292663574219 -1.8348474502563477
46.399658203125 396.9166259765625 -1.7541530132293701
45.944698333740234 393.75701904296875 -1.6734585762023926
45.745906829833984 390.5710144042969 -1.592764139175415
45.80457305908203 387.3793640136719 -1.5120697021484375
46.12031936645508 384.20281982421875 -1.43137526512146
46.12015151977539 384.2000732421875 -1.8310972452163696
45.42366409301758 381.08477783203125 -1.7504026889801025
44.980560302734375 377.9234924316406 -1.669708251953125
44.79371643066406 374.7367858886719 -1.5890138149261475
44.86435317993164 371.5453796386719 -1.50831937789917
45.12111282348633 367.6058654785156 -1.5031068325042725
45.120750427246094 367.6031188964844 -1.9028289318084717
44.202781677246094 364.5457763671875 -1.8221344947814941
43.534244537353516 361.42437744140625 -1.7414400577545166
43.11949157714844 358.2592468261719 -1.660745620727539
42.96121597290039 355.07098388671875 -1.5800511837005615
43.06045150756836 351.8803405761719 -1.499356746673584
43.060096740722656 351.8775939941406 -1.8990788459777832
42.153602600097656 348.81683349609375 -1.8183844089508057
41.49677658081055 345.6929626464844 -1.7376899719238281
41.093894958496094 342.52630615234375 -1.6569955348968506
40.94757843017578 339.33746337890625 -1.576301097869873
40.94701385498047 339.3347473144531 -1.9760221242904663
39.807926177978516 336.35272216796875 -1.8953275680541992
38.91291809082031 333.28857421875 -1.8146331310272217
38.26781463623047 330.1622619628906 -1.7339386940002441
37.87681579589844 326.9941101074219 -1.6532442569732666
37.742462158203125 323.80474853515625 -1.572549819946289
37.74190902709961 323.8020324707031 -1.9722719192504883
36.614013671875 320.81573486328125 -1.8915774822235107
35.73050308227539 317.7482604980469 -1.8108830451965332
35.097129821777344 314.6195373535156 -1.7301886081695557
34.718013763427734 311.449951171875 -1.6494941711425781
34.717254638671875 311.4472961425781 -2.0492162704467773
33.36314392089844 308.5565490722656 -1.9685218334197998
32.246456146240234 305.5660400390625 -1.8878273963928223
31.374454498291016 302.4952697753906 -1.8071329593658447
30.752817153930664 299.36419677734375 -1.7264385223388672
30.385589599609375 296.1932067871094 -1.6457440853118896
30.38389015197754 296.1871643066406 -2.0451130867004395
29.04165267944336 293.2908935546875 -1.964418649673462
27.937244415283203 290.29583740234375 -1.8837242126464844
27.077850341796875 287.22149658203125 -1.8030297756195068
26.469066619873047 284.087890625 -1.7223353385925293
26.114852905273438 280.9154052734375 -1.6416409015655518
26.11411476135254 280.9127502441406 -2.041363000869751
24.782747268676758 278.0114440917969 -1.9606685638427734
23.689577102661133 275.01226806640625 -1.879974126815796
22.841718673706055 271.9347229003906 -1.7992796897888184
22.24468994140625 268.7988586425781 -1.7185852527618408
21.897369384765625 265.6067199707031 -1.6397655010223389
21.896635055541992 265.60406494140625 -2.039487600326538
20.570711135864258 262.7002868652344 -1.9587931632995605
19.48316764831543 259.6990661621094 -1.878098726272583
19.48316764831543 259.6990661621094 -1.7974042892456055
19.48316764831543 259.6990661621094 -1.716709852218628
19.48316764831543 259.6990661621094 -1.6360154151916504
19.482444763183594 259.6964111328125 -2.0357375144958496
19.482444763183594 259.6964111328125 -1.955043077468872
19.482444763183594 259.6964111328125 -1.8743486404418945
19.482444763183594 259.6964111328125 -1.793654203414917
19.482444763183594 259.6964111328125 -1.7129597663879395
19.482444763183594 259.6964111328125 -1.632265329360962
19.481731414794922 259.6937561035156 -2.031987428665161
19.481731414794922 259.6937561035156 -1.9512929916381836
19.481731414794922 259.6937561035156 -1.870598554611206
19.481731414794922 259.6937561035156 -1.7899041175842285
19.481731414794922 259.6937561035156 -1.709209680557251
19.481731414794922 259.6937561035156 -1.6285152435302734
19.481027603149414 259.69110107421875 -2.0282373428344727
19.481027603149414 259.69110107421875 -1.9475429058074951
19.481027603149414 259.69110107421875 -1.8668484687805176
19.481027603149414 259.69110107421875 -1.78615403175354
19.481027603149414 259.69110107421875 -1.7054595947265625
19.481027603149414 259.69110107421875 -1.624765157699585
19.48033332824707 259.68841552734375 -2.024487257003784
19.48033332824707 259.68841552734375 -1.9437928199768066
19.48033332824707 259.68841552734375 -1.863098382949829
19.48033332824707 259.68841552734375 -1.7824039459228516
19.48033332824707 259.68841552734375 -1.701709508895874
19.48033332824707 259.68841552734375 -1.6210150718688965
19.479650497436523 259.68572998046875 -2.0207371711730957
19.479650497436523 259.68572998046875 -1.9400427341461182
19.479650497436523 259.68572998046875 -1.8593482971191406
19.479650497436523 259.68572998046875 -1.778653860092163
19.479650497436523 259.68572998046875 -1.6979594230651855
19.479650497436523 259.68572998046875 -1.617264986038208
19.47897720336914 259.68304443359375 -2.0169870853424072
19.47897720336914 259.68304443359375 -1.9362926483154297
19.47897720336914 259.68304443359375 -1.8555982112884521
19.47897720336914 259.68304443359375 -1.7749037742614746
19.47897720336914 259.68304443359375 -1.694209337234497
19.47897720336914 259.68304443359375 -1.6135149002075195
19.478313446044922 259.68035888671875 -2.0132369995117188
19.478313446044922 259.68035888671875 -1.9325425624847412
19.478313446044922 259.68035888671875 -1.8518481254577637
19.478313446044922 259.68035888671875 -1.7711536884307861
19.478313446044922 259.68035888671875 -1.6904592514038086
19.477388381958008 259.67755126953125 -2.090162754058838
19.477388381958008 259.67755126953125 -2.0094683170318604
19.477388381958008 259.67755126953125 -1.9287738800048828
19.477388381958008 259.67755126953125 -1.8480794429779053
19.477388381958008 259.67755126953125 -1.7673850059509277
19.477388381958008 259.67755126953125 -1.6866905689239502
19.47647476196289 259.67474365234375 -2.0863940715789795
19.47647476196289 259.67474365234375 -2.005699634552002
19.47647476196289 259.67474365234375 -1.9250051975250244
19.47647476196289 259.67474365234375 -1.8443107604980469
19.47647476196289 259.67474365234375 -1.7636163234710693
19.47647476196289 259.67474365234375 -1.6829218864440918
19.475570678710938 259.67193603515625 -2.082625389099121
19.475570678710938 259.67193603515625 -2.0019309520721436
19.475570678710938 259.67193603515625 -1.921236515045166
19.475570678710938 259.67193603515625 -1.8405420780181885
19.475570678710938 259.67193603515625 -1.759847640991211
19.475570678710938 259.67193603515625 -1.6791532039642334
19.47467613220215 259.66912841796875 -2.0788567066192627
19.47467613220215 259.66912841796875 -1.9981622695922852
19.47467613220215 259.66912841796875 -1.9174678325653076
19.47467613220215 259.66912841796875 -1.83677339553833
19.47467613220215 259.66912841796875 -1.7560789585113525
19.47467613220215 259.66912841796875 -1.675384521484375
19.473793029785156 259.66632080078125 -2.0750880241394043
19.473793029785156 259.66632080078125 -1.9943935871124268
19.473793029785156 259.66632080078125 -1.9136991500854492
19.473793029785156 259.66632080078125 -1.8330047130584717
19.473793029785156 259.66632080078125 -1.7523102760314941
19.473793029785156 259.66632080078125 -1.6716158390045166
19.47297477722168 259.6636962890625 -2.071337938308716
19.47297477722168 259.6636962890625 -1.9906435012817383
19.47297477722168 259.6636962890625 -1.9099490642547607
19.47297477722168 259.6636962890625 -1.8292546272277832
19.47297477722168 259.6636962890625 -1.7485601902008057
19.47297477722168 259.6636962890625 -1.6678657531738281
19.472166061401367 259.6610412597656 -2.0675878524780273
19.472166061401367 259.6610412597656 -1.9868934154510498
19.472166061401367 259.6610412597656 -1.9061989784240723
19.472166061401367 259.6610412597656 -1.8255045413970947
19.472166061401367 259.6610412597656 -1.7448101043701172
19.472166061401367 259.6610412597656 -1.6641156673431396
19.47136878967285 259.65838623046875 -2.063837766647339
19.47136878967285 259.65838623046875 -1.9831433296203613
19.47136878967285 259.65838623046875 -1.9024488925933838
19.47136878967285 259.65838623046875 -1.8217544555664062
19.47136878967285 259.65838623046875 -1.7410600185394287
19.47136878967285 259.65838623046875 -1.6603655815124512
19.4705810546875 259.6557312011719 -2.0600876808166504
19.4705810546875 259.6557312011719 -1.9793932437896729
19.4705810546875 259.6557312011719 -1.8986988067626953
19.4705810546875 259.6557312011719 -1.8180043697357178
19.4705810546875 259.6557312011719 -1.7373099327087402
19.4705810546875 259.6557312011719 -1.6566154956817627
19.469802856445312 259.653076171875 -2.056337594985962
19.469802856445312 259.653076171875 -1.9756431579589844
19.469802856445312 259.653076171875 -1.8949487209320068
19.469802856445312 259.653076171875 -1.8142542839050293
19.469802856445312 259.653076171875 -1.7335598468780518
19.469802856445312 259.653076171875 -1.6528654098510742
19.46903419494629 259.6504211425781 -2.0525875091552734
19.46903419494629 259.6504211425781 -1.971893072128296
19.46903419494629 259.6504211425781 -1.8911986351013184
19.46903419494629 259.6504211425781 -1.8105041980743408
19.46903419494629 259.6504211425781 -1.7298097610473633
19.46903419494629 259.6504211425781 -1.6491153240203857
19.46827507019043 259.64776611328125 -2.048837423324585
19.46827507019043 259.64776611328125 -1.9681429862976074
19.46827507019043 259.64776611328125 -1.8874485492706299
19.46827507019043 259.64776611328125 -1.8067541122436523
19.46827507019043 259.64776611328125 -1.7260596752166748
19.46827507019043 259.64776611328125 -1.6453652381896973
19.467527389526367 259.6451110839844 -2.0450873374938965
19.467527389526367 259.6451110839844 -1.964392900466919
19.467527389526367 259.6451110839844 -1.8836984634399414
19.467527389526367 259.6451110839844 -1.8030040264129639
19.467527389526367 259.6451110839844 -1.7223095893859863
19.467527389526367 259.6451110839844 -1.6416151523590088
19.46678924560547 259.6424560546875 -2.041337251663208
19.46678924560547 259.6424560546875 -1.9606428146362305
19.46678924560547 259.6424560546875 -1.879948377609253
19.46678924560547 259.6424560546875 -1.7992539405822754
19.46678924560547 259.6424560546875 -1.7185595035552979
19.46678924560547 259.6424560546875 -1.6378650665283203
19.466060638427734 259.6398010253906 -2.0375871658325195
19.466060638427734 259.6398010253906 -1.956892728805542
19.466060638427734 259.6398010253906 -1.8761982917785645
19.466060638427734 259.6398010253906 -1.795503854751587
19.466060638427734 259.6398010253906 -1.7148094177246094
19.466060638427734 259.6398010253906 -1.6341149806976318
19.465341567993164 259.63714599609375 -2.033837080001831
19.465341567993164 259.63714599609375 -1.9531426429748535
19.465341567993164 259.63714599609375 -1.872448205947876
19.465341567993164 259.63714599609375 -1.7917537689208984
19.465341567993164 259.63714599609375 -1.711059331893921
19.465341567993164 259.63714599609375 -1.6303648948669434
19.46463394165039 259.6344909667969 -2.0300869941711426
19.46463394165039 259.6344909667969 -1.949392557144165
19.46463394165039 259.6344909667969 -1.8686981201171875
19.46463394165039 259.6344909667969 -1.78800368309021
19.46463394165039 259.6344909667969 -1.7073092460632324
19.46463394165039 259.6344909667969 -1.6266148090362549
19.46393585205078 259.6318054199219 -2.026336908340454
19.46393585205078 259.6318054199219 -1.9456424713134766
19.46393585205078 259.6318054199219 -1.864948034286499
19.46393585205078 259.6318054199219 -1.7842535972595215
19.46393585205078 259.6318054199219 -1.703559160232544
19.46393585205078 259.6318054199219 -1.6228647232055664
19.463247299194336 259.6291198730469 -2.0225868225097656
19.463247299194336 259.6291198730469 -1.941892385482788
19.463247299194336 259.6291198730469 -1.8611979484558105
19.463247299194336 259.6291198730469 -1.780503511428833
19.463247299194336 259.6291198730469 -1.6998090744018555
19.463247299194336 259.6291198730469 -1.619114637374878
19.462568283081055 259.6264343261719 -2.018836736679077
19.462568283081055 259.6264343261719 -1.9381422996520996
19.462568283081055 259.6264343261719 -1.857447862625122
19.462568283081055 259.6264343261719 -1.7767534255981445
19.462568283081055 259.6264343261719 -1.696058988571167
19.462568283081055 259.6264343261719 -1.6153645515441895
19.46190071105957 259.6237487792969 -2.0150866508483887
19.46190071105957 259.6237487792969 -1.9343922138214111
19.46190071105957 259.6237487792969 -1.8536977767944336
19.46190071105957 259.6237487792969 -1.773003339767456
19.46190071105957 259.6237487792969 -1.6923089027404785
19.46190071105957 259.6237487792969 -1.611614465713501
19.46124267578125 259.6210632324219 -2.0113365650177
19.46124267578125 259.6210632324219 -1.9306421279907227
19.46124267578125 259.6210632324219 -1.8499476909637451
19.46124267578125 259.6210632324219 -1.7692532539367676
19.46124267578125 259.6210632324219 -1.68855881690979
19.4603214263916 259.6182556152344 -2.0882620811462402
19.4603214263916 259.6182556152344 -2.0075676441192627
19.4603214263916 259.6182556152344 -1.9268732070922852
19.4603214263916 259.6182556152344 -1.8461787700653076
19.4603214263916 259.6182556152344 -1.76548433303833
19.4603214263916 259.6182556152344 -1.6847898960113525
19.45941162109375 259.6154479980469 -2.0844931602478027
19.45941162109375 259.6154479980469 -2.003798723220825
19.45941162109375 259.6154479980469 -1.9231042861938477
19.45941162109375 259.6154479980469 -1.8424098491668701
19.45941162109375 259.6154479980469 -1.7617154121398926
19.45941162109375 259.6154479980469 -1.681020975112915
19.458511352539062 259.6126403808594 -2.0807242393493652
19.458511352539062 259.6126403808594 -2.0000298023223877
19.458511352539062 259.6126403808594 -1.9193353652954102
19.458511352539062 259.6126403808594 -1.8386409282684326
19.458511352539062 259.6126403808594 -1.757946491241455
19.458511352539062 259.6126403808594 -1.6772520542144775
19.457622528076172 259.6098327636719 -2.0769553184509277
19.457622528076172 259.6098327636719 -1.9962608814239502
19.457622528076172 259.6098327636719 -1.9155664443969727
19.457622528076172 259.6098327636719 -1.8348720073699951
19.457622528076172 259.6098327636719 -1.7541775703430176
19.457622528076172 259.6098327636719 -1.67348313331604
19.45680046081543 259.6072082519531 -2.07320499420166
19.45680046081543 259.6072082519531 -1.9925105571746826
19.45680046081543 259.6072082519531 -1.911816120147705
19.45680046081543 259.6072082519531 -1.8311216831207275
19.45680046081543 259.6072082519531 -1.75042724609375
19.45680046081543 259.6072082519531 -1.6697328090667725
19.45598793029785 259.6045837402344 -2.0694549083709717
19.45598793029785 259.6045837402344 -1.9887604713439941
19.45598793029785 259.6045837402344 -1.9080660343170166
19.45598793029785 259.6045837402344 -1.827371597290039
19.45598793029785 259.6045837402344 -1.7466771602630615
19.45598793029785 259.6045837402344 -1.665982723236084
19.455184936523438 259.6019287109375 -2.065704822540283
19.455184936523438 259.6019287109375 -1.9850103855133057
19.455184936523438 259.6019287109375 -1.9043159484863281
19.455184936523438 259.6019287109375 -1.8236215114593506
19.455184936523438 259.6019287109375 -1.742927074432373
19.455184936523438 259.6019287109375 -1.6622326374053955
19.454391479492188 259.5992736816406 -2.0619547367095947
19.454391479492188 259.5992736816406 -1.9812602996826172
19.454391479492188 259.5992736816406 -1.9005658626556396
19.454391479492188 259.5992736816406 -1.819871425628662
19.454391479492188 259.5992736816406 -1.7391769886016846
19.454391479492188 259.5992736816406 -1.658482551574707
19.4536075592041 259.59661865234375 -2.0582046508789062
19.4536075592041 259.59661865234375 -1.9775102138519287
19.4536075592041 259.59661865234375 -1.8968157768249512
19.4536075592041 259.59661865234375 -1.8161213397979736
19.4536075592041 259.59661865234375 -1.735426902770996
19.4536075592041 259.59661865234375 -1.6547324657440186
19.452835083007812 259.5939636230469 -2.0544545650482178
19.452835083007812 259.5939636230469 -1.9737601280212402
19.452835083007812 259.5939636230469 -1.8930656909942627
19.452835083007812 259.5939636230469 -1.8123712539672852
19.452835083007812 259.5939636230469 -1.7316768169403076
19.452835083007812 259.5939636230469 -1.65098237991333
19.452072143554688 259.59130859375 -2.0507044792175293
19.452072143554688 259.59130859375 -1.9700100421905518
19.452072143554688 259.59130859375 -1.8893156051635742
19.452072143554688 259.59130859375 -1.8086211681365967
19.452072143554688 259.59130859375 -1.7279267311096191
19.452072143554688 259.59130859375 -1.6472322940826416
19.451318740844727 259.5886535644531 -2.046954393386841
19.451318740844727 259.5886535644531 -1.9662599563598633
19.451318740844727 259.5886535644531 -1.8855655193328857
19.451318740844727 259.5886535644531 -1.8048710823059082
19.451318740844727 259.5886535644531 -1.7241766452789307
19.451318740844727 259.5886535644531 -1.6434822082519531
19.45057487487793 259.58599853515625 -2.0432043075561523
19.45057487487793 259.58599853515625 -1.9625098705291748
19.45057487487793 259.58599853515625 -1.8818154335021973
19.45057487487793 259.58599853515625 -1.8011209964752197
19.45057487487793 259.58599853515625 -1.7204265594482422
19.45057487487793 259.58599853515625 -1.6397321224212646
19.44984245300293 259.5833435058594 -2.039454221725464
19.44984245300293 259.5833435058594 -1.9587597846984863
19.44984245300293 259.5833435058594 -1.8780653476715088
19.44984245300293 259.5833435058594 -1.7973709106445312
19.44984245300293 259.5833435058594 -1.7166764736175537
19.44984245300293 259.5833435058594 -1.6359820365905762
19.449119567871094 259.5806884765625 -2.0357041358947754
19.449119567871094 259.5806884765625 -1.9550096988677979
19.449119567871094 259.5806884765625 -1.8743152618408203
19.449119567871094 259.5806884765625 -1.7936208248138428
19.449119567871094 259.5806884765625 -1.7129263877868652
19.449119567871094 259.5806884765625 -1.6322319507598877
19.448406219482422 259.5780334472656 -2.031954050064087
19.448406219482422 259.5780334472656 -1.9512596130371094
19.448406219482422 259.5780334472656 -1.8705651760101318
19.448406219482422 259.5780334472656 -1.7898707389831543
19.448406219482422 259.5780334472656 -1.7091763019561768
19.448406219482422 259.5780334472656 -1.6284818649291992
19.447702407836914 259.57537841796875 -2.0282039642333984
19.447702407836914 259.57537841796875 -1.947509527206421
19.447702407836914 259.57537841796875 -1.8668150901794434
19.447702407836914 259.57537841796875 -1.7861206531524658
19.447702407836914 259.57537841796875 -1.7054262161254883
19.447702407836914 259.57537841796875 -1.6247317790985107
19.447010040283203 259.57269287109375 -2.02445387840271
19.447010040283203 259.57269287109375 -1.9437594413757324
19.447010040283203 259.57269287109375 -1.8630650043487549
19.447010040283203 259.57269287109375 -1.7823705673217773
19.447010040283203 259.57269287109375 -1.7016761302947998
19.447010040283203 259.57269287109375 -1.6209816932678223
19.446327209472656 259.57000732421875 -2.0207037925720215
19.446327209472656 259.57000732421875 -1.940009355545044
19.446327209472656 259.57000732421875 -1.8593149185180664
19.446327209472656 259.57000732421875 -1.7786204814910889
19.446327209472656 259.57000732421875 -1.6979260444641113
19.446327209472656 259.57000732421875 -1.6172316074371338
19.445653915405273 259.56732177734375 -2.016953706741333
19.445653915405273 259.56732177734375 -1.9362592697143555
19.445653915405273 259.56732177734375 -1.855564832687378
19.445653915405273 259.56732177734375 -1.7748703956604004
19.445653915405273 259.56732177734375 -1.6941759586334229
19.445653915405273 259.56732177734375 -1.6134815216064453
19.444990158081055 259.56463623046875 -2.0132036209106445
19.444990158081055 259.56463623046875 -1.932509183883667
19.444990158081055 259.56463623046875 -1.8518147468566895
19.444990158081055 259.56463623046875 -1.771120309829712
19.444990158081055 259.56463623046875 -1.6904258728027344
19.444063186645508 259.56182861328125 -2.0901288986206055
19.444063186645508 259.56182861328125 -2.009434461593628
19.444063186645508 259.56182861328125 -1.9287400245666504
19.444063186645508 259.56182861328125 -1.8480455875396729
19.444063186645508 259.56182861328125 -1.7673511505126953
19.444063186645508 259.56182861328125 -1.6866567134857178
19.443147659301758 259.55902099609375 -2.086359739303589
19.443147659301758 259.55902099609375 -2.0056653022766113
19.443147659301758 259.55902099609375 -1.9249708652496338
19.443147659301758 259.55902099609375 -1.8442764282226562
19.443147659301758 259.55902099609375 -1.7635819911956787
19.443147659301758 259.55902099609375 -1.6828875541687012
19.442241668701172 259.55621337890625 -2.0825905799865723
19.442241668701172 259.55621337890625 -2.0018961429595947
19.442241668701172 259.55621337890625 -1.9212017059326172
19.442241668701172 259.55621337890625 -1.8405072689056396
19.442241668701172 259.55621337890625 -1.759812831878662
19.442241668701172 259.55621337890625 -1.6791183948516846
19.441347122192383 259.55340576171875 -2.0788214206695557
19.441347122192383 259.55340576171875 -1.9981269836425781
19.441347122192383 259.55340576171875 -1.9174325466156006
19.441347122192383 259.55340576171875 -1.836738109588623
19.441347122192383 259.55340576171875 -1.7560436725616455
19.441347122192383 259.55340576171875 -1.675349235534668
19.440462112426758 259.55059814453125 -2.075052261352539
19.440462112426758 259.55059814453125 -1.9943578243255615
19.440462112426758 259.55059814453125 -1.913663387298584
19.440462112426758 259.55059814453125 -1.8329689502716064
19.440462112426758 259.55059814453125 -1.752274513244629
19.440462112426758 259.55059814453125 -1.6715800762176514
19.43964385986328 259.5479736328125 -2.0713021755218506
19.43964385986328 259.5479736328125 -1.990607738494873
19.43964385986328 259.5479736328125 -1.9099133014678955
19.43964385986328 259.5479736328125 -1.829218864440918
19.43964385986328 259.5479736328125 -1.7485244274139404
19.43964385986328 259.5479736328125 -1.667829990386963
19.43883514404297 259.5453186035156 -2.067552089691162
19.43883514404297 259.5453186035156 -1.9868576526641846
19.43883514404297 259.5453186035156 -1.906163215637207
19.43883514404297 259.5453186035156 -1.8254687786102295
19.43883514404297 259.5453186035156 -1.744774341583252
19.43883514404297 259.5453186035156 -1.6640799045562744
19.438037872314453 259.54266357421875 -2.0638020038604736
19.438037872314453 259.54266357421875 -1.983107566833496
19.438037872314453 259.54266357421875 -1.9024131298065186
19.438037872314453 259.54266357421875 -1.821718692779541
19.438037872314453 259.54266357421875 -1.7410242557525635
19.438037872314453 259.54266357421875 -1.660329818725586
19.4372501373291 259.5400085449219 -2.060051918029785
19.4372501373291 259.5400085449219 -1.9793574810028076
19.4372501373291 259.5400085449219 -1.89866304397583
19.4372501373291 259.5400085449219 -1.8179686069488525
19.4372501373291 259.5400085449219 -1.737274169921875
19.4372501373291 259.5400085449219 -1.6565797328948975
19.436471939086914 259.537353515625 -2.0563018321990967
19.436471939086914 259.537353515625 -1.9756073951721191
19.436471939086914 259.537353515625 -1.8949129581451416
19.436471939086914 259.537353515625 -1.814218521118164
19.436471939086914 259.537353515625 -1.7335240840911865
19.436471939086914 259.537353515625 -1.652829647064209
19.43570327758789 259.5346984863281 -2.052551746368408
19.43570327758789 259.5346984863281 -1.9718573093414307
19.43570327758789 259.5346984863281 -1.8911628723144531
19.43570327758789 259.5346984863281 -1.8104684352874756
19.43570327758789 259.5346984863281 -1.729773998260498
19.43570327758789 259.5346984863281 -1.6490795612335205
19.434946060180664 259.53204345703125 -2.0488016605377197
19.434946060180664 259.53204345703125 -1.9681072235107422
19.434946060180664 259.53204345703125 -1.8874127864837646
19.434946060180664 259.53204345703125 -1.806718349456787
19.434946060180664 259.53204345703125 -1.7260239124298096
19.434946060180664 259.53204345703125 -1.645329475402832
19.4341983795166 259.5293884277344 -2.0450515747070312
19.4341983795166 259.5293884277344 -1.9643571376800537
19.4341983795166 259.5293884277344 -1.8836627006530762
19.4341983795166 259.5293884277344 -1.8029682636260986
19.4341983795166 259.5293884277344 -1.722273826599121
19.4341983795166 259.5293884277344 -1.6415793895721436
19.433460235595703 259.5267333984375 -2.0413014888763428
19.433460235595703 259.5267333984375 -1.9606070518493652
19.433460235595703 259.5267333984375 -1.8799126148223877
19.433460235595703 259.5267333984375 -1.7992181777954102
19.433460235595703 259.5267333984375 -1.7185237407684326
19.433460235595703 259.5267333984375 -1.637829303741455
19.43273162841797 259.5240783691406 -2.0375514030456543
19.43273162841797 259.5240783691406 -1.9568569660186768
19.43273162841797 259.5240783691406 -1.8761625289916992
19.43273162841797 259.5240783691406 -1.7954680919647217
19.43273162841797 259.5240783691406 -1.7147736549377441
19.43273162841797 259.5240783691406 -1.6340792179107666
19.4320125579834 259.52142333984375 -2.033801317214966
19.4320125579834 259.52142333984375 -1.9531068801879883
19.4320125579834 259.52142333984375 -1.8724124431610107
19.4320125579834 259.52142333984375 -1.7917180061340332
19.4320125579834 259.52142333984375 -1.7110235691070557
19.4320125579834 259.52142333984375 -1.6303291320800781
19.431304931640625 259.5187683105469 -2.0300512313842773
19.431304931640625 259.5187683105469 -1.9493567943572998
19.431304931640625 259.5187683105469 -1.8686623573303223
19.431304931640625 259.5187683105469 -1.7879679203033447
19.431304931640625 259.5187683105469 -1.7072734832763672
19.431304931640625 259.5187683105469 -1.6265790462493896
19.430606842041016 259.5160827636719 -2.026301145553589
19.430606842041016 259.5160827636719 -1.9456067085266113
19.430606842041016 259.5160827636719 -1.8649122714996338
19.430606842041016 259.5160827636719 -1.7842178344726562
19.430606842041016 259.5160827636719 -1.7035233974456787
19.430606842041016 259.5160827636719 -1.6228289604187012
19.42991828918457 259.5133972167969 -2.0225510597229004
19.42991828918457 259.5133972167969 -1.9418566226959229
19.42991828918457 259.5133972167969 -1.8611621856689453
19.42991828918457 259.5133972167969 -1.7804677486419678
19.42991828918457 259.5133972167969 -1.6997733116149902
19.42991828918457 259.5133972167969 -1.6190788745880127
19.42923927307129 259.5107116699219 -2.018800973892212
19.42923927307129 259.5107116699219 -1.9381065368652344
19.42923927307129 259.5107116699219 -1.8574120998382568
19.42923927307129 259.5107116699219 -1.7767176628112793
19.42923927307129 259.5107116699219 -1.6960232257843018
19.42923927307129 259.5107116699219 -1.6153287887573242
19.428571701049805 259.5080261230469 -2.0150508880615234
19.428571701049805 259.5080261230469 -1.934356451034546
19.428571701049805 259.5080261230469 -1.8536620140075684
19.428571701049805 259.5080261230469 -1.7729675769805908
19.428571701049805 259.5080261230469 -1.6922731399536133
19.428571701049805 259.5080261230469 -1.6115787029266357
19.427913665771484 259.5053405761719 -2.011300802230835
19.427913665771484 259.5053405761719 -1.9306063652038574
19.427913665771484 259.5053405761719 -1.8499119281768799
19.427913665771484 259.5053405761719 -1.7692174911499023
19.427913665771484 259.5053405761719 -1.6885230541229248
19.426992416381836 259.5025329589844 -2.088226079940796
19.426992416381836 259.5025329589844 -2.0075316429138184
19.426992416381836 259.5025329589844 -1.9268372058868408
19.426992416381836 259.5025329589844 -1.8461427688598633
19.426992416381836 259.5025329589844 -1.7654483318328857
19.426992416381836 259.5025329589844 -1.6847538948059082
19.426992416381836 259.5025329589844 -2.0844566822052
19.426992416381836 259.5025329589844 -2.0037622451782227
19.426992416381836 259.5025329589844 -1.9230678081512451
19.426992416381836 259.5025329589844 -1.8423733711242676
19.426992416381836 259.5025329589844 -1.76167893409729
