-390.0068055543168
-390.00909487651336
-390.0065017549401
-389.9994532108978
-389.98904751701036
-389.97693230433293
-389.96496903493045
-387.67853743455544
-387.66765446365025
-387.6598313199889
-387.6562857981564
-387.6575939205603
-387.66353787657295
-387.67319826030337
-387.68504634619933
-387.6972193189526
-387.70782569305663
-387.71518934266766
-387.7181542039618
-387.7162666620161
-387.7098053957992
-387.69978074279913
-387.68778175881283
-387.67570131642157
-383.98828306387884
-381.66190397581784
-381.6507439882914
-381.64245329359795
-381.6383332100269
-381.6390409239613
-381.6444390318782
-381.6536896211819
-381.66534795610863
-381.6776084810938
-381.68851929909516
-381.69637864691657
-381.69994733803674
-381.6986603283247
-381.69271583876883
-381.68307312383234
-381.6712367380024
-381.65904176058444
-379.2943342449844
-379.2829015500281
-377.0926584102095
-374.79874551659736
-372.403826739243
-372.392168360905
-370.18410394226396
-367.84287586413194
-365.42307883415884
-365.411180501089
-363.14222719820157
-360.76206345546484
-358.326549933166
-358.3144915757533
-355.99268592280276
-353.5825432717792
-350.40417618657017
-350.39212838924703
-348.07754352079553
-345.6712294594657
-343.2300258947144
-343.2178372746296
-340.857843175482
-338.42976831439057
-335.991404459208
-335.97915956179986
-333.58304558540453
-331.1433660627289
-328.7187569802638
-328.706482321527
-326.2842356884362
-323.84382827278904
-323.8315934739553
-321.445890480916
-319.0087533899039
-318.9966543276874
-316.6672264317314
-314.2532550471776
-311.81179977215174
-311.79958155874533
-309.4276782332797
-306.99499584903924
-306.98298187166796
-304.67305545018786
-302.26935918575
-299.8284194582147
-299.8162534525453
-297.460411331352
-295.0341080748128
-295.02215554563855
-292.73433978690025
-290.34317397860667
-287.90459067930107
-287.892483262172
-285.5553532980795
-283.1376468521474
-283.12576434612265
-280.86301114287784
-278.48697369121766
-276.0528891195862
-276.04084859980713
-273.72538237590015
-271.3187850323909
-271.3070133647607
-269.0727795364864
-266.714881291473
-264.28774583131684
-264.2757829626252
-261.985494150136
-259.5930113595087
-259.5813635384091
-257.37957672302707
-255.04332882736028
-252.6261065440356
-252.6142341546309
-250.35311334615645
-247.97824836351512
-247.96674039720912
-245.80199622710614
-243.49148609625405
-241.0877004417974
-241.0759647632951
-238.84874833018458
-236.49565109659193
-236.48430265042887
-234.3619334703305
-232.0820484631433
-232.07120039578973
-230.0755877967764
-227.8919952440571
-225.56467111714602
-225.5535266211018
-223.48544213588545
-221.2461447374494
-221.23556456464314
-219.30471325781954
-217.17286375305255
-214.88637196067168
-214.8754959509732
-212.86963378168727
-212.86963378168727
-212.85932629343273
-212.85932629343273
-212.85932629343273
-212.85932629343273
-212.84858647996046
-212.84858647996046
-212.84858647996046
-212.8384067668818
-212.8384067668818
-212.8384067668818
-212.8384067668818
-212.82779566673378
-212.82779566673378
-212.82779566673378
-212.82779566673378
-212.81677963988443
-212.81677963988443
-212.81677963988443
-212.8062969179536
-212.8062969179536
-212.8062969179536
-212.8062969179536
-212.79538013331205
-212.79538013331205
-212.79538013331205
-212.78502550196905
-212.78502550196905
-212.78502550196905
-212.78502550196905
-212.77423807123262
-212.77423807123262
-212.77423807123262
-212.76401156690204
-212.76401156690204
-212.76401156690204
-212.76401156690204
-212.75332280391257
-212.75332280391257
-212.75332280391257
-212.75332280391257
-212.74225871289735
-212.74225871289735
-212.74225871289735
-212.73169868176603
-212.73169868176603
-212.73169868176603
-212.73169868176603
-212.72073418896528
-212.72073418896528
-212.72073418896528
-212.71030260144624
-212.71030260144624
-212.71030260144624
-212.71030260144624
-212.6994671698314
-212.6994671698314
-212.6994671698314
-212.68916341448315
-212.68916341448315
-212.68916341448315
-212.68916341448315
-212.67842700491167
-212.67842700491167
-212.67842700491167
-212.67842700491167
-212.66731479094605
-212.66731479094605
-212.66731479094605
-212.65670714278713
-212.65670714278713
-212.65670714278713
-212.65670714278713
-212.64569455912664
-212.64569455912664
-212.64569455912664
-212.63521538317002
-212.63521538317002
-212.63521538317002
-212.63521538317002
-212.62430214064912
-212.62430214064912
-212.62430214064912
-212.61395147262033
-212.61395147262033
-212.61395147262033
-212.61395147262033
-212.60316735653234
-212.60316735653234
-212.60316735653234
-212.5929445846589
-212.5929445846589
-212.5929445846589
-212.5929445846589
-212.58225923353714
-212.58225923353714
-212.58225923353714
-212.58225923353714
-212.57119854244345
-212.57119854244345
-212.57119854244345
-212.56064201808172
-212.56064201808172
-212.56064201808172
-212.56064201808172
-212.54968070060272
-212.54968070060272
-212.54968070060272
-212.53925271391768
-212.53925271391768
-212.53925271391768
-212.53925271391768
-212.52842087789838
-212.52842087789838
-212.52842087789838
-212.51812114049022
-212.51812114049022
-212.51812114049022
-212.51812114049022
-212.50738810019664
-212.50738810019664
-212.50738810019664
-212.50738810019664
-212.496278918035
-212.496278918035
-212.496278918035
-212.48567505883838
-212.48567505883838
-212.48567505883838
-212.48567505883838
-212.4746656067997
-212.4746656067997
-212.4746656067997
-212.4641903140917
-212.4641903140917
-212.4641903140917
-212.4641903140917
-212.45328030223334
-212.45328030223334
-212.45328030223334
-212.4429332868272
-212.4429332868272
-212.4429332868272
-212.4429332868272
-212.4321524972511
-212.4321524972511
-212.4321524972511
-212.42193347055732
-212.42193347055732
-212.42193347055732
-212.42193347055732
-212.41128193939124
-212.41128193939124
-212.41128193939124
-212.41128193939124
-212.4002243360078
-212.4002243360078
-212.4002243360078
-212.38967133052859
-212.38967133052859
-212.38967133052859
-212.38967133052859
-212.3787131998138
-212.3787131998138
-212.3787131998138
-212.36828882626497
-212.36828882626497
-212.36828882626497
-212.36828882626497
-212.35746027377039
-212.35746027377039
-212.35746027377039
-212.34716424296545
-212.34716424296545
-212.34716424296545
-212.34716424296545
-212.33643490921358
-212.33643490921358
-212.33643490921358
-212.33643490921358
-212.32532909553595
-212.32532909553595
-212.32532909553595
-212.31472871341376
-212.31472871341376
-212.31472871341376
-212.31472871341376
-212.30372240430717
-212.30372240430717
-212.30372240430717
-212.2932506829878
-212.2932506829878
-212.2932506829878
-212.2932506829878
-212.28237398236843
-212.28237398236843
-212.28237398236843
-212.27203063171572
-212.27203063171572
-212.27203063171572
-212.27203063171572
-212.2612535060583
-212.2612535060583
-212.2612535060583
-212.2510385628706
-210.40585400273986
-208.34418053008042
-208.34418053008042
-208.33361783613648
-206.40424674215322
-206.40424674215322
-206.40424674215322
-206.3933076679564
-204.37624407018362
-204.37624407018362
-204.37624407018362
-204.36497286507242
-204.36497286507242
-204.36497286507242
-204.35417744416998
-204.35417744416998
-204.35417744416998
-204.35417744416998
-204.3430128393774
-204.3430128393774
-204.3430128393774
-204.3430128393774
-204.33153616976531
-204.33153616976531
-204.33153616976531
-204.3204777761829
-204.3204777761829
-204.3204777761829
-204.3204777761829
-204.30907813661887
-204.30907813661887
-204.30907813661887
-204.2981256083672
-204.2981256083672
-204.2981256083672
-204.2981256083672
-204.28683256361973
-204.28683256361973
-204.28683256361973
-204.27598593412438
-204.27598593412438
-204.27598593412438
-204.27598593412438
-204.26476960620982
-204.26476960620982
-204.26476960620982
-204.25274274964838
-204.25274274964838
-204.25274274964838
-204.25274274964838
-204.24163234508984
-204.24163234508984
-204.24163234508984
-204.24163234508984
-204.23018016950218
-204.23018016950218
-204.23018016950218
-204.21917603781364
-204.21917603781364
-204.21917603781364
-204.21917603781364
-204.20783086582816
-204.20783086582816
-204.20783086582816
-204.1969326612619
-204.1969326612619
-204.1969326612619
-204.1969326612619
-204.1856642367194
-204.1856642367194
-204.1856642367194
-204.17487199359377
-204.17487199359377
-204.17487199359377
-204.17487199359377
-204.16370988094062
-204.16370988094062
-204.16370988094062
-204.16370988094062
-204.15223538621927
-204.15223538621927
-204.15223538621927
-204.14117957431498
-204.14117957431498
-204.14117957431498
-204.14117957431498
-204.12978220315068
-204.12978220315068
-204.12978220315068
-204.11883234541173
-204.11883234541173
-204.11883234541173
-204.11883234541173
-204.10754165938107
-204.10754165938107
-204.10754165938107
-204.09669778929648
-204.09669778929648
-204.09669778929648
-204.09669778929648
-204.085483912971
-204.085483912971
-204.085483912971
-204.0734053170349
-204.0734053170349
-204.0734053170349
-204.0734053170349
-204.06229745396752
-204.06229745396752
-204.06229745396752
-204.06229745396752
-204.0508478848354
-204.0508478848354
-204.0508478848354
-204.03984638438487
-204.03984638438487
-204.03984638438487
-204.03984638438487
-204.02850353065344
-204.02850353065344
-204.02850353065344
-204.01760804631834
-204.01760804631834
-204.01760804631834
-204.01760804631834
-204.0063420330051
-204.0063420330051
-204.0063420330051
-203.9955525991683
-203.9955525991683
-203.9955525991683
-203.9955525991683
-203.98439336723698
-203.98439336723698
-203.98439336723698
-203.98439336723698
-203.97292143530663
-203.97292143530663
-203.97292143530663
-203.9618685940644
-203.9618685940644
-203.9618685940644
-203.9618685940644
-203.95047387960696
-203.95047387960696
-203.95047387960696
-203.9395270817764
-203.9395270817764
-203.9395270817764
-203.9395270817764
-203.92823914317512
-203.92823914317512
-203.92823914317512
-203.91739842232062
-203.91739842232062
-203.91739842232062
-203.91739842232062
-203.9061873867264
-203.9061873867264
-203.9061873867264
-203.8940555722315
-203.8940555722315
-203.8940555722315
-203.8940555722315
-203.88295063999442
-203.88295063999442
-203.88295063999442
-203.88295063999442
-203.8715033071091
-203.8715033071091
-203.8715033071091
-203.8605048275494
-203.8605048275494
-203.8605048275494
-203.8605048275494
-203.8491643007463
-203.8491643007463
-203.8491643007463
-203.83827192666308
-203.83827192666308
-203.83827192666308
-203.83827192666308
-203.82700871392473
-203.82700871392473
-203.82700871392473
-203.81622247982767
-203.81622247982767
-203.81622247982767
-203.81622247982767
-203.80506575894964
-203.80506575894964
-203.80506575894964
-203.80506575894964
-203.79359601924048
-203.79359601924048
-203.79359601924048
-203.78254577903417
-203.78254577903417
-203.78254577903417
-203.78254577903417
-203.77115335078193
-203.77115335078193
-203.77115335078193
-203.76020924326215
-203.76020924326215
-203.76020924326215
-203.76020924326215
-203.74892368163108
-203.74892368163108
-203.74892368163108
-203.73808574042596
-203.73808574042596
-203.73808574042596
-203.73808574042596
-203.72687717514594
-203.72687717514594
-203.72687717514594
-203.71472017537093
-203.71472017537093
-203.71472017537093
-203.71472017537093
-203.70361780320775
-203.70361780320775
-203.70361780320775
-203.70361780320775
-203.69217271446237
-203.69217271446237
-203.69217271446237
-203.68117688509355
-203.68117688509355
-203.68117688509355
-203.68117688509355
-203.66983907432999
-203.66983907432999
-203.66983907432999
-203.65894943989784
-203.65894943989784
-203.65894943989784
-203.65894943989784
-203.64768865637376
-203.64768865637376
-203.64768865637376
-203.63690487018678
-203.63690487018678
-203.63690487018678
-203.63690487018678
-203.6257506686705
-203.6257506686705
-203.6257506686705
-203.6257506686705
-203.61428351012228
-203.61428351012228
-203.61428351012228
-203.61428351012228
-203.61428351012228
-203.61428351012228
-203.61428351012228
-203.61428351012228
-203.61428351012228
-203.61428351012228
-203.61428351012228
