60.00297927856445 450.0019836425781 0.3857579231262207
60.006492614746094 450.0026550292969 -0.013882339000701904
60.00998306274414 450.00189208984375 -0.4135226011276245
60.01290512084961 449.9998474121094 -0.8131628632545471
60.01479721069336 449.996826171875 -1.2128031253814697
60.01536178588867 449.9932861328125 -1.612443447113037
60.01450729370117 449.98980712890625 -2.0120837688446045
58.7661247253418 447.0467529296875 -1.931857943534851
57.684532165527344 443.8750305175781 -1.8670239448547363
56.55336380004883 440.11767578125 -1.85941743850708
55.767066955566406 437.0190124511719 -1.779191255569458
55.765647888183594 437.0157470703125 -2.1788315773010254
55.763065338134766 437.0132751464844 -2.5784718990325928
55.75972366333008 437.0119934082031 -2.97811222076416
55.75615310668945 437.0121154785156 2.90543270111084
55.75291442871094 437.01361083984375 2.5057923793792725
55.750518798828125 437.0162658691406 2.106152057647705
55.74934387207031 437.0196533203125 1.7065117359161377
55.74957275390625 437.0232238769531 1.3068714141845703
55.75117111206055 437.02642822265625 0.9072311520576477
55.75388717651367 437.02874755859375 0.5075908899307251
55.757293701171875 437.0298156738281 0.10795062780380249
55.7608528137207 437.02947998046875 -0.2916896343231201
55.76400375366211 437.0278015136719 -0.6913298964500427
55.76625061035156 437.0250244140625 -1.0909701585769653
55.76723861694336 437.0215759277344 -1.4906103610992432
55.76681137084961 437.0180358886719 -1.8902506828308105
54.8853645324707 433.9450988769531 -1.810023307800293
54.253021240234375 430.8114013671875 -1.7297965288162231
54.25175094604492 430.8080139160156 -2.1294329166412354
54.24929428100586 430.805419921875 -2.5290732383728027
54.24602127075195 430.8039855957031 -2.92871356010437
54.24244689941406 430.8039245605469 2.95483136177063
54.2391357421875 430.8052673339844 2.5551910400390625
54.236610412597656 430.80780029296875 2.155550718307495
54.235267639160156 430.8111267089844 1.7559103965759277
54.235321044921875 430.814697265625 1.3562700748443604
54.236759185791016 430.8179626464844 0.9566298127174377
54.239356994628906 430.8204040527344 0.5569895505905151
54.242706298828125 430.8216552734375 0.15734928846359253
54.24627685546875 430.8215026855469 -0.24229097366333008
54.249507904052734 430.8199768066406 -0.6419312357902527
54.251888275146484 430.81732177734375 -1.0415714979171753
54.25304412841797 430.8139343261719 -1.4412117004394531
54.25279235839844 430.81036376953125 -1.8408520221710205
53.5241584777832 427.6976318359375 -1.760624647140503
53.04730224609375 424.53643798828125 -1.680405616760254
53.04621505737305 424.53302001953125 -2.0800459384918213
51.600860595703125 421.6815490722656 -1.9998185634613037
50.388675689697266 418.7234191894531 -1.9195911884307861
49.417457580566406 415.6776428222656 -1.8393638134002686
48.693458557128906 412.5638427734375 -1.759136438369751
48.22133255004883 409.40203857421875 -1.6789090633392334
48.00411605834961 406.2125549316406 -1.5986816883087158
48.043209075927734 403.01593017578125 -1.5184543132781982
48.04268264770508 403.01239013671875 -1.9180946350097656
47.076026916503906 399.9651794433594 -1.837867259979248
46.356685638427734 396.85028076171875 -1.7576398849487305
45.88928985595703 393.6877746582031 -1.677412509918213
45.67684555053711 390.49798583984375 -1.5971851348876953
45.72072219848633 387.3014221191406 -1.5169577598571777
46.020633697509766 384.11865234375 -1.4367303848266602
46.0203971862793 384.1150817871094 -1.836370587348938
45.305721282958984 380.9991149902344 -1.7561432123184204
44.84305953979492 377.8359069824219 -1.6759158372879028
44.63539123535156 374.6457824707031 -1.5956884622573853
44.684051513671875 371.44927978515625 -1.5154610872268677
44.935028076171875 367.68115234375 -1.4931180477142334
44.934593200683594 367.6776123046875 -1.8927583694458008
44.04544448852539 364.60687255859375 -1.8125309944152832
43.40524673461914 361.4747619628906 -1.7323036193847656
43.01811981201172 358.3014221191406 -1.652076244354248
42.88655471801758 355.1072692871094 -1.5718488693237305
43.01139831542969 351.912841796875 -1.491621494293213
43.01096725463867 351.9093017578125 -1.8912618160247803
42.12641525268555 348.8372497558594 -1.8110344409942627
41.49090576171875 345.7041931152344 -1.7308070659637451
41.10852813720703 342.5302734375 -1.6505796909332275
40.98174285888672 339.3359069824219 -1.57035231590271
40.98103332519531 339.3323974609375 -1.9699926376342773
39.85760498046875 336.33941650390625 -1.8897652626037598
38.9776496887207 333.26605224609375 -1.8095378875732422
38.34682846069336 330.1320495605469 -1.7293105125427246
37.969200134277344 326.9575500488281 -1.649083137512207
37.84719467163086 323.76300048828125 -1.5688557624816895
37.846492767333984 323.7594909667969 -1.9684960842132568
36.727542877197266 320.76483154296875 -1.8882687091827393
35.85218811035156 317.6901550292969 -1.8080413341522217
35.22605895996094 314.5552062988281 -1.727813959121704
34.85318374633789 311.3801574707031 -1.6475865840911865
34.85220718383789 311.376708984375 -2.047226905822754
33.501197814941406 308.4793395996094 -1.9669995307922363
32.3867301940918 305.4830322265625 -1.8867721557617188
31.51597785949707 302.40704345703125 -1.8065447807312012
30.894540786743164 299.2711486816406 -1.7263174057006836
30.526416778564453 296.0955505371094 -1.646090030670166
30.524581909179688 296.08905029296875 -2.045409917831421
29.1788387298584 293.1892395019531 -1.9651825428009033
28.0698184967041 290.1908874511719 -1.8849551677703857
27.20465660095215 287.1133117675781 -1.8047277927398682
26.588918685913086 283.9762878417969 -1.7245004177093506
26.226566314697266 280.8000183105469 -1.644273042678833
26.225601196289062 280.79656982421875 -2.0439133644104004
24.884199142456055 277.8947448730469 -1.9636859893798828
23.779666900634766 274.8947448730469 -1.8834586143493652
22.919111251831055 271.8158874511719 -1.8032312393188477
22.308069229125977 268.6779479980469 -1.72300386428833
21.94326400756836 265.47528076171875 -1.6454236507415771
21.94229507446289 265.4718322753906 -2.0450639724731445
20.59755516052246 262.5715637207031 -1.964836597442627
19.489572525024414 259.5728454589844 -1.8846092224121094
19.489572525024414 259.5728454589844 -1.8043818473815918
19.489572525024414 259.5728454589844 -1.7241545915603638
19.489572525024414 259.5728454589844 -1.6439273357391357
19.488609313964844 259.56939697265625 -2.043567657470703
19.488609313964844 259.56939697265625 -1.9633402824401855
19.488609313964844 259.56939697265625 -1.883112907409668
19.488609313964844 259.56939697265625 -1.8028855323791504
19.488609313964844 259.56939697265625 -1.7226582765579224
19.488609313964844 259.56939697265625 -1.6424310207366943
19.487651824951172 259.5659484863281 -2.0420713424682617
19.487651824951172 259.5659484863281 -1.9618439674377441
19.487651824951172 259.5659484863281 -1.8816165924072266
19.487651824951172 259.5659484863281 -1.801389217376709
19.487651824951172 259.5659484863281 -1.721161961555481
19.487651824951172 259.5659484863281 -1.640934705734253
19.486698150634766 259.5625 -2.0405750274658203
19.486698150634766 259.5625 -1.9603476524353027
19.486698150634766 259.5625 -1.8801202774047852
19.486698150634766 259.5625 -1.7998929023742676
19.486698150634766 259.5625 -1.7196656465530396
19.486698150634766 259.5625 -1.6394383907318115
19.485750198364258 259.5590515136719 -2.039078712463379
19.485750198364258 259.5590515136719 -1.9588513374328613
19.485750198364258 259.5590515136719 -1.8786239624023438
19.485750198364258 259.5590515136719 -1.7983965873718262
19.485750198364258 259.5590515136719 -1.7181693315505981
19.485750198364258 259.5590515136719 -1.6379420757293701
19.48480796813965 259.55560302734375 -2.0375823974609375
19.48480796813965 259.55560302734375 -1.95735502243042
19.48480796813965 259.55560302734375 -1.8771276473999023
19.48480796813965 259.55560302734375 -1.7969002723693848
19.48480796813965 259.55560302734375 -1.7166730165481567
19.48480796813965 259.55560302734375 -1.6364457607269287
19.483869552612305 259.5521545410156 -2.036086082458496
19.483869552612305 259.5521545410156 -1.9558587074279785
19.483869552612305 259.5521545410156 -1.875631332397461
19.483869552612305 259.5521545410156 -1.7954039573669434
19.483869552612305 259.5521545410156 -1.7151767015457153
19.483869552612305 259.5521545410156 -1.6349494457244873
19.48293685913086 259.5487060546875 -2.0345897674560547
19.48293685913086 259.5487060546875 -1.954362392425537
19.48293685913086 259.5487060546875 -1.8741350173950195
19.48293685913086 259.5487060546875 -1.793907642364502
19.48293685913086 259.5487060546875 -1.713680386543274
19.48293685913086 259.5487060546875 -1.633453130722046
19.482009887695312 259.5452575683594 -2.0330934524536133
19.482009887695312 259.5452575683594 -1.9528660774230957
19.482009887695312 259.5452575683594 -1.8726387023925781
19.482009887695312 259.5452575683594 -1.7924113273620605
19.482009887695312 259.5452575683594 -1.7121840715408325
19.482009887695312 259.5452575683594 -1.6319568157196045
19.481088638305664 259.54180908203125 -2.031597137451172
19.481088638305664 259.54180908203125 -1.9513697624206543
19.481088638305664 259.54180908203125 -1.8711423873901367
19.481088638305664 259.54180908203125 -1.7909150123596191
19.481088638305664 259.54180908203125 -1.7106877565383911
19.481088638305664 259.54180908203125 -1.630460500717163
19.48017120361328 259.5383605957031 -2.0301008224487305
19.48017120361328 259.5383605957031 -1.949873447418213
19.48017120361328 259.5383605957031 -1.8696460723876953
19.48017120361328 259.5383605957031 -1.7894186973571777
19.48017120361328 259.5383605957031 -1.7091914415359497
19.48017120361328 259.5383605957031 -1.6289641857147217
19.479259490966797 259.534912109375 -2.028604507446289
19.479259490966797 259.534912109375 -1.9483771324157715
19.479259490966797 259.534912109375 -1.868149757385254
19.479259490966797 259.534912109375 -1.7879223823547363
19.479259490966797 259.534912109375 -1.7076951265335083
19.479259490966797 259.534912109375 -1.6274678707122803
19.47835350036621 259.5314636230469 -2.0271081924438477
19.47835350036621 259.5314636230469 -1.94688081741333
19.47835350036621 259.5314636230469 -1.8666534423828125
19.47835350036621 259.5314636230469 -1.786426067352295
19.47835350036621 259.5314636230469 -1.706198811531067
19.47835350036621 259.5314636230469 -1.6259715557098389
19.47745132446289 259.52801513671875 -2.0256118774414062
19.47745132446289 259.52801513671875 -1.9453845024108887
19.47745132446289 259.52801513671875 -1.865157127380371
19.47745132446289 259.52801513671875 -1.7849297523498535
19.47745132446289 259.52801513671875 -1.7047024965286255
19.47745132446289 259.52801513671875 -1.6244752407073975
19.47655487060547 259.5245666503906 -2.024115562438965
19.47655487060547 259.5245666503906 -1.9438881874084473
19.47655487060547 259.5245666503906 -1.8636608123779297
19.47655487060547 259.5245666503906 -1.783433437347412
19.47655487060547 259.5245666503906 -1.703206181526184
19.47655487060547 259.5245666503906 -1.622978925704956
19.475664138793945 259.5211181640625 -2.0226192474365234
19.475664138793945 259.5211181640625 -1.9423918724060059
19.475664138793945 259.5211181640625 -1.8621644973754883
19.475664138793945 259.5211181640625 -1.7819371223449707
19.475664138793945 259.5211181640625 -1.7017098665237427
19.475664138793945 259.5211181640625 -1.6214826107025146
19.47477912902832 259.5176696777344 -2.021122932434082
19.47477912902832 259.5176696777344 -1.9408955574035645
19.47477912902832 259.5176696777344 -1.8606681823730469
19.47477912902832 259.5176696777344 -1.7804408073425293
19.47477912902832 259.5176696777344 -1.7002135515213013
19.47477912902832 259.5176696777344 -1.6199862957000732
19.47389793395996 259.51422119140625 -2.0196266174316406
19.47389793395996 259.51422119140625 -1.939399242401123
19.47389793395996 259.51422119140625 -1.8591718673706055
19.47389793395996 259.51422119140625 -1.778944492340088
19.47389793395996 259.51422119140625 -1.6987172365188599
19.47389793395996 259.51422119140625 -1.6184899806976318
19.4730224609375 259.5107421875 -2.018130302429199
19.4730224609375 259.5107421875 -1.9379029273986816
19.4730224609375 259.5107421875 -1.857675552368164
19.4730224609375 259.5107421875 -1.7774481773376465
19.4730224609375 259.5107421875 -1.6972209215164185
19.4730224609375 259.5107421875 -1.6169936656951904
19.472152709960938 259.50726318359375 -2.016633987426758
19.472152709960938 259.50726318359375 -1.9364066123962402
19.472152709960938 259.50726318359375 -1.8561792373657227
19.472152709960938 259.50726318359375 -1.775951862335205
19.472152709960938 259.50726318359375 -1.695724606513977
19.472152709960938 259.50726318359375 -1.615497350692749
19.47128677368164 259.5037841796875 -2.0151376724243164
19.47128677368164 259.5037841796875 -1.9349102973937988
19.47128677368164 259.5037841796875 -1.8546829223632812
19.47128677368164 259.5037841796875 -1.7744555473327637
19.47128677368164 259.5037841796875 -1.6942282915115356
19.47128677368164 259.5037841796875 -1.6140010356903076
19.470426559448242 259.50030517578125 -2.013641357421875
19.470426559448242 259.50030517578125 -1.9334139823913574
19.470426559448242 259.50030517578125 -1.8531866073608398
19.470426559448242 259.50030517578125 -1.7729592323303223
19.470426559448242 259.50030517578125 -1.6927319765090942
19.470426559448242 259.50030517578125 -1.6125047206878662
19.470426559448242 259.50030517578125 -2.0121450424194336
19.470426559448242 259.50030517578125 -1.931917667388916
19.470426559448242 259.50030517578125 -1.8516902923583984
19.470426559448242 259.50030517578125 -1.7714629173278809
19.470426559448242 259.50030517578125 -1.6912356615066528
