-390.00198365395767
-390.00265508327664
-390.0018922175167
-389.99984762549883
-389.99682645244724
-389.99328643521164
-389.98980739859394
-387.05270946319007
-383.8845561204629
-380.13001808796713
-377.0439903125905
-377.04074105966697
-377.0382982825402
-377.03705412135764
-377.0372163269687
-377.03874803457046
-377.04142986845466
-377.0448303818979
-377.0483981336234
-377.0515842746134
-377.0538728897332
-377.05490261906016
-377.05452694509586
-377.05281319783876
-377.05001105597734
-377.0465517021285
-377.04301667888524
-373.9853356310253
-370.8651212080215
-370.86178415308086
-370.85922843253786
-370.85784496043067
-370.8578392552045
-370.85923320132673
-370.8618050263411
-370.86512142199433
-370.86869077916094
-370.87193351236544
-370.87433439168495
-370.87553360001147
-370.8753257127682
-370.87374998852886
-370.87105837927015
-370.8676533917812
-370.8640870984048
-367.7672650478076
-364.6189225375468
-364.6155257096771
-361.79577776725495
-358.8694405703335
-355.853180877609
-352.76460116005234
-349.6221049180326
-346.4449976316804
-343.25327133897883
-343.2497509203803
-340.2378283653083
-337.1526993065225
-334.0127197186076
-330.8370239147396
-327.6455877217524
-324.45900472481014
-324.45544609330034
-321.37111750985275
-318.2317398266071
-315.0564247040906
-311.86506594714365
-307.87013317269026
-307.86661993195315
-304.8603644634922
-301.7799760591061
-298.64350999753225
-295.46989607260343
-292.27895221264293
-292.2754447440335
-289.27569104752683
-286.20057846188035
-283.0679966357524
-279.89674371329846
-279.8932919869846
-277.0005305645244
-274.01337200301197
-270.9484582970325
-267.82342994843015
-264.65684457204566
-264.65340770830994
-261.77777296164766
-258.8054194802478
-255.75263651572604
-252.63677294152072
-252.63344017861488
-249.8999280726714
-247.05126326512294
-244.10230456168227
-241.06890456235587
-237.96797383424266
-237.9617522294419
-235.26308398958633
-232.44593592859025
-229.52458394996748
-226.51443471581806
-223.4318588397629
-223.42859545869172
-220.77180505117877
-217.99281002368937
-215.10534187586285
-212.12412332083875
-209.04507372171827
-209.04185666974698
-206.43925756639598
-203.71008249990356
-203.71008249990356
-203.71008249990356
-203.71008249990356
-203.70689022390016
-203.70689022390016
-203.70689022390016
-203.70689022390016
-203.70689022390016
-203.70689022390016
-203.70369530567055
-203.70369530567055
-203.70369530567055
-203.70369530567055
-203.70369530567055
-203.70369530567055
-203.7004977449078
-203.7004977449078
-203.7004977449078
-203.7004977449078
-203.7004977449078
-203.7004977449078
-203.69729754130742
-203.69729754130742
-203.69729754130742
-203.69729754130742
-203.69729754130742
-203.69729754130742
-203.69409469456747
-203.69409469456747
-203.69409469456747
-203.69409469456747
-203.69409469456747
-203.69409469456747
-203.69085929643592
-203.69085929643592
-203.69085929643592
-203.69085929643592
-203.69085929643592
-203.69085929643592
-203.68762125465975
-203.68762125465975
-203.68762125465975
-203.68762125465975
-203.68762125465975
-203.68762125465975
-203.68438056894334
-203.68438056894334
-203.68438056894334
-203.68438056894334
-203.68438056894334
-203.68108627511447
-203.68108627511447
-203.68108627511447
-203.68108627511447
-203.68108627511447
-203.68108627511447
-203.67778934273974
-203.67778934273974
-203.67778934273974
-203.67778934273974
-203.67778934273974
-203.67778934273974
-203.67448977146145
-203.67448977146145
-203.67448977146145
-203.67448977146145
-203.67448977146145
-203.67448977146145
-203.671157273854
-203.671157273854
-203.671157273854
-203.671157273854
-203.671157273854
-203.671157273854
-203.66801858863963
-203.66801858863963
-203.66801858863963
-203.66801858863963
-203.66801858863963
-203.66801858863963
-203.66487726170595
-203.66487726170595
-203.66487726170595
-203.66487726170595
-203.66487726170595
-203.66487726170595
-203.6617332927248
-203.6617332927248
-203.6617332927248
-203.6617332927248
-203.6617332927248
-203.6617332927248
-203.6585866813705
-203.6585866813705
-203.6585866813705
-203.6585866813705
-203.6585866813705
-203.6585866813705
-203.6554374273199
-203.6554374273199
-203.6554374273199
-203.6554374273199
-203.6554374273199
-203.6554374273199
-203.65228553025227
-203.65228553025227
-203.65228553025227
-203.65228553025227
-203.65228553025227
-203.65228553025227
-203.64910108256007
-203.64910108256007
-203.64910108256007
-203.64910108256007
-203.64910108256007
-203.64910108256007
-203.64591437086753
-203.64591437086753
-203.64591437086753
-203.64591437086753
-203.64591437086753
-203.64591437086753
-203.6427250153369
-203.6427250153369
-203.6427250153369
-203.6427250153369
-203.6427250153369
-203.6427250153369
-203.63953301565596
-203.63953301565596
-203.63953301565596
-203.63953301565596
-203.63953301565596
-203.63953301565596
-203.63633837151505
-203.63633837151505
-203.63633837151505
-203.63633837151505
-203.63633837151505
-203.63633837151505
-203.63314108260704
-203.63314108260704
-203.63314108260704
-203.63314108260704
-203.63314108260704
-203.63314108260704
-203.6299411486272
-203.6299411486272
-203.6299411486272
-203.6299411486272
-203.6299411486272
-203.6299411486272
-203.6267385692734
-203.6267385692734
-203.6267385692734
-203.6267385692734
-203.6267385692734
-203.6267385692734
-203.6235034373361
-203.6235034373361
-203.6235034373361
-203.6235034373361
-203.6235034373361
-203.6235034373361
-203.6202656595196
-203.6202656595196
-203.6202656595196
-203.6202656595196
-203.6202656595196
-203.6202656595196
-203.61702523552805
-203.61702523552805
-203.61702523552805
-203.61702523552805
-203.61702523552805
-203.61373164316504
-203.61373164316504
-203.61373164316504
-203.61373164316504
-203.61373164316504
-203.61373164316504
-203.6104350303418
-203.6104350303418
-203.6104350303418
-203.6104350303418
-203.6104350303418
-203.6104350303418
-203.60713577638356
-203.60713577638356
-203.60713577638356
-203.60713577638356
-203.60713577638356
-203.60713577638356
-203.603803974338
-203.603803974338
-203.603803974338
-203.603803974338
-203.603803974338
-203.603803974338
-203.6006655844987
-203.6006655844987
-203.6006655844987
-203.6006655844987
-203.6006655844987
-203.6006655844987
-203.59752455070628
-203.59752455070628
-203.59752455070628
-203.59752455070628
-203.59752455070628
-203.59752455070628
-203.5943808726324
-203.5943808726324
-203.5943808726324
-203.5943808726324
-203.5943808726324
-203.5943808726324
-203.59123454995117
-203.59123454995117
-203.59123454995117
-203.59123454995117
-203.59123454995117
-203.59123454995117
-203.5880859621683
-203.5880859621683
-203.5880859621683
-203.5880859621683
-203.5880859621683
-203.5880859621683
-203.58493472916422
-203.58493472916422
-203.58493472916422
-203.58493472916422
-203.58493472916422
-203.58493472916422
-203.58175094437473
-203.58175094437473
-203.58175094437473
-203.58175094437473
-203.58175094437473
-203.58175094437473
-203.57856451382665
-203.57856451382665
-203.57856451382665
-203.57856451382665
-203.57856451382665
-203.57856451382665
-203.57856451382665
-203.57856451382665
-203.57856451382665
-203.57856451382665
-203.57856451382665
