-390.00198365395767
-390.00265508334013
-390.00189221761434
-389.999847625625
-389.99682645259196
-389.9932864353619
-389.9898073987358
-387.0487196744203
-383.88201370494556
-380.13330128053013
-377.04277406126687
-377.03952482039955
-377.03708206489137
-377.03583797437386
-377.0360002095814
-377.03753194389947
-377.0402137974007
-377.04361427729623
-377.0471820267928
-377.05036815424637
-377.052656746656
-377.05368644767145
-377.05331074426283
-377.0515969710667
-377.0487948108557
-377.04533544914494
-377.04180042976907
-373.98007496397446
-370.8559331448839
-370.8525657879777
-370.8500101924018
-370.84862680732016
-370.8486212556409
-370.850015288694
-370.85258717938905
-370.8559340638607
-370.859503358957
-370.86274599367897
-370.8651467442964
-370.86634580464926
-370.866137823327
-370.8645620145217
-370.8618704026116
-370.85846544503255
-370.854899218775
-367.754653242046
-364.60273535348193
-364.59933873992185
-361.77906031450533
-358.8521548353443
-355.8350401628011
-352.74509367328204
-349.60051711448654
-346.4203146812205
-343.2242608026979
-343.22074125199373
-340.2107469117025
-337.12646243808484
-333.9859923666155
-330.8082093866123
-327.6127572237453
-324.4199800865352
-324.41642303788194
-321.3352667410283
-318.1971033989042
-315.02069714399994
-311.8256438407983
-308.04974417558543
-308.04622964019944
-305.0244164841498
-301.93114767529437
-298.7844083834043
-295.6030622228293
-292.4067711136737
-292.4032620993764
-289.38974045091527
-286.30311303433064
-283.1611610334497
-279.9825763049868
-279.97912308715536
-277.07253416901904
-274.0734838009233
-270.9984945299372
-267.8650586970912
-264.69164552455686
-264.68820706214245
-261.8012693440686
-258.8191121576629
-255.7578956914024
-252.63480745473484
-252.63147330318876
-249.88831250200732
-247.03119596626132
-244.0748127826378
-241.0348737163283
-237.92814270559012
-237.92183182708314
-235.21715148563075
-232.39475710609403
-229.46880366425802
-226.45444923944407
-223.36792860693183
-223.3646656985827
-220.70605634216946
-217.92564461036318
-215.03690560603843
-212.05441474901895
-208.96961555027647
-208.9664011953654
-206.36780765052023
-203.64256843355486
-203.64256843355486
-203.64256843355486
-203.64256843355486
-203.63938048401914
-203.63938048401914
-203.63938048401914
-203.63938048401914
-203.63938048401914
-203.63938048401914
-203.636191409167
-203.636191409167
-203.636191409167
-203.636191409167
-203.636191409167
-203.636191409167
-203.63300158833414
-203.63300158833414
-203.63300158833414
-203.63300158833414
-203.63300158833414
-203.63300158833414
-203.62981064194776
-203.62981064194776
-203.62981064194776
-203.62981064194776
-203.62981064194776
-203.62981064194776
-203.62661856987506
-203.62661856987506
-203.62661856987506
-203.62661856987506
-203.62661856987506
-203.62661856987506
-203.62342575149728
-203.62342575149728
-203.62342575149728
-203.62342575149728
-203.62342575149728
-203.62342575149728
-203.62023180719825
-203.62023180719825
-203.62023180719825
-203.62023180719825
-203.62023180719825
-203.62023180719825
-203.61703673684633
-203.61703673684633
-203.61703673684633
-203.61703673684633
-203.61703673684633
-203.61703673684633
-203.6138405403104
-203.6138405403104
-203.6138405403104
-203.6138405403104
-203.6138405403104
-203.6138405403104
-203.6106435970318
-203.6106435970318
-203.6106435970318
-203.6106435970318
-203.6106435970318
-203.6106435970318
-203.60744552733723
-203.60744552733723
-203.60744552733723
-203.60744552733723
-203.60744552733723
-203.60744552733723
-203.60424633109668
-203.60424633109668
-203.60424633109668
-203.60424633109668
-203.60424633109668
-203.60424633109668
-203.60104638779617
-203.60104638779617
-203.60104638779617
-203.60104638779617
-203.60104638779617
-203.60104638779617
-203.5978453177199
-203.5978453177199
-203.5978453177199
-203.5978453177199
-203.5978453177199
-203.5978453177199
-203.59464312073916
-203.59464312073916
-203.59464312073916
-203.59464312073916
-203.59464312073916
-203.59464312073916
-203.59143979672564
-203.59143979672564
-203.59143979672564
-203.59143979672564
-203.59143979672564
-203.59143979672564
-203.5882357252242
-203.5882357252242
-203.5882357252242
-203.5882357252242
-203.5882357252242
-203.5882357252242
-203.58500061965657
-203.58500061965657
-203.58500061965657
-203.58500061965657
-203.58500061965657
-203.58500061965657
-203.5817643867943
-203.5817643867943
-203.5817643867943
-203.5817643867943
-203.5817643867943
-203.5817643867943
-203.5785274062255
-203.5785274062255
-203.5785274062255
-203.5785274062255
-203.5785274062255
-203.5785274062255
-203.57528929813645
-203.57528929813645
-203.57528929813645
-203.57528929813645
-203.57528929813645
-203.57528929813645
-203.57528929813645
-203.57528929813645
-203.57528929813645
-203.57528929813645
-203.57528929813645
