60.00297927856445 450.0019836425781 0.3857579231262207
60.006492614746094 450.0026550292969 -0.013882339000701904
60.00998306274414 450.00189208984375 -0.4135226011276245
60.01290512084961 449.9998474121094 -0.8131628632545471
60.01479721069336 449.996826171875 -1.2128031253814697
60.01536178588867 449.9932861328125 -1.612443447113037
60.01450729370117 449.98980712890625 -2.0120837688446045
58.768638610839844 447.0507507324219 -1.9313907623291016
57.68802261352539 443.8775939941406 -1.866661548614502
56.55534362792969 440.1144104003906 -1.8596583604812622
55.770172119140625 437.020263671875 -1.7789649963378906
55.76875305175781 437.0169982910156 -2.178605318069458
55.766170501708984 437.0145263671875 -2.5782456398010254
55.7628288269043 437.01324462890625 -2.9778859615325928
55.75925827026367 437.01336669921875 2.9056589603424072
55.756019592285156 437.0148620605469 2.50601863861084
55.753623962402344 437.01751708984375 2.1063783168792725
55.752445220947266 437.0209045410156 1.706737995147705
55.7526741027832 437.02447509765625 1.3070976734161377
55.7542724609375 437.0276794433594 0.9074574112892151
55.756988525390625 437.0299987792969 0.5078171491622925
55.76039505004883 437.03106689453125 0.10817688703536987
55.763954162597656 437.0307312011719 -0.29146337509155273
55.76710510253906 437.029052734375 -0.6911036372184753
55.769351959228516 437.0262756347656 -1.090743899345398
55.77033996582031 437.0228271484375 -1.4903841018676758
55.76991271972656 437.019287109375 -1.8900244235992432
54.89116668701172 433.950439453125 -1.8093299865722656
54.26264953613281 430.82073974609375 -1.7286360263824463
54.26138687133789 430.8173522949219 -2.1282730102539062
54.25893020629883 430.81475830078125 -2.5279133319854736
54.25565719604492 430.8133239746094 -2.927553653717041
54.25208282470703 430.8132629394531 2.955991268157959
54.24877166748047 430.8146057128906 2.5563509464263916
54.24624252319336 430.817138671875 2.156710624694824
54.244895935058594 430.8204345703125 1.7570703029632568
54.24494552612305 430.8240051269531 1.3574299812316895
54.24637985229492 430.8272705078125 0.9577897191047668
54.24897384643555 430.8297119140625 0.5581494569778442
54.2523193359375 430.8309631347656 0.15850919485092163
54.255889892578125 430.830810546875 -0.24113106727600098
54.25912094116211 430.82928466796875 -0.6407713294029236
54.261505126953125 430.8266296386719 -1.0404115915298462
54.262664794921875 430.8232421875 -1.440051794052124
54.26241683959961 430.8196716308594 -1.8396921157836914
53.539180755615234 427.7104797363281 -1.7589976787567139
53.06888961791992 424.5530090332031 -1.678313136100769
53.06781005859375 424.5495910644531 -2.077953338623047
51.63119888305664 421.6989440917969 -1.9972589015960693
50.42904281616211 418.74176025390625 -1.9165644645690918
49.46916961669922 415.6972961425781 -1.8358700275421143
48.7578239440918 412.58538818359375 -1.7551755905151367
48.29963302612305 409.4262390136719 -1.6744811534881592
48.09758377075195 406.2404479980469 -1.5937867164611816
48.15298843383789 403.0487365722656 -1.513092279434204
48.15248107910156 403.0451965332031 -1.9127326011657715
47.204280853271484 399.9970703125 -1.832038164138794
46.50486373901367 396.8824462890625 -1.7513437271118164
46.05878448486328 393.7215881347656 -1.6706492900848389
45.86894226074219 390.5350341796875 -1.5899548530578613
45.93657684326172 387.34356689453125 -1.5092604160308838
46.26124572753906 384.1679382324219 -1.4285659790039062
46.26103973388672 384.16436767578125 -1.828206181526184
45.57356262207031 381.0470886230469 -1.747511625289917
45.13959884643555 377.884521484375 -1.6668171882629395
44.961971282958984 374.697265625 -1.586122751235962
45.04183578491211 371.5060729980469 -1.5054283142089844
45.30371856689453 367.51910400390625 -1.5049843788146973
45.30324172973633 367.51556396484375 -1.9046247005462646
44.37978744506836 364.4598693847656 -1.823930263519287
43.70564651489258 361.3396911621094 -1.7432358264923096
43.28520965576172 358.1753234863281 -1.662541389465332
43.121212005615234 354.9873352050781 -1.5818469524383545
43.214717864990234 351.7965087890625 -1.501152515411377
43.21425247192383 351.79296875 -1.9007928371429443
42.302513122558594 348.7337646484375 -1.8200984001159668
41.64033508300781 345.61102294921875 -1.7394039630889893
41.232025146484375 342.445068359375 -1.6587095260620117
41.08024215698242 339.2565002441406 -1.5780150890350342
41.079505920410156 339.25299072265625 -1.9776543378829956
39.93555450439453 336.2728271484375 -1.8969597816467285
39.035545349121094 333.21014404296875 -1.816265344619751
38.38534164428711 330.0848693847656 -1.7355709075927734
37.98917007446289 326.9173583984375 -1.654876470565796
37.849609375 323.72821044921875 -1.5741820335388184
37.8488883972168 323.7247009277344 -1.9738223552703857
36.71636199951172 320.74017333984375 -1.8931279182434082
35.82809829711914 317.674072265625 -1.8124334812164307
35.18987274169922 314.54632568359375 -1.7317390441894531
34.805843353271484 311.3773193359375 -1.6510446071624756
34.80485534667969 311.3738708496094 -2.050684928894043
33.446502685546875 308.485107421875 -1.9699904918670654
32.32542419433594 305.4962463378906 -1.889296054840088
31.44891357421875 302.4267578125 -1.8086016178131104
30.822677612304688 299.2966003417969 -1.7279071807861328
30.45079231262207 296.12615966796875 -1.6472127437591553
30.448585510253906 296.1183776855469 -2.0463976860046387
29.102628707885742 293.22381591796875 -1.9657032489776611
27.994373321533203 290.2301940917969 -1.8850088119506836
27.131031036376953 287.156982421875 -1.804314374923706
26.518220901489258 284.024169921875 -1.7236199378967285
26.159931182861328 280.8521423339844 -1.642925500869751
26.158971786499023 280.84869384765625 -2.0425658226013184
24.824115753173828 277.9490051269531 -1.9618713855743408
23.727338790893555 274.9511413574219 -1.8811769485473633
22.87578010559082 271.8746337890625 -1.8004825115203857
22.274978637695312 268.739501953125 -1.7197880744934082
21.922897338867188 265.54443359375 -1.641310453414917
21.92194366455078 265.5409851074219 -2.0409507751464844
20.591773986816406 262.6391296386719 -1.9602563381195068
19.499839782714844 259.6394958496094 -1.8795619010925293
19.499839782714844 259.6394958496094 -1.7988674640655518
19.499839782714844 259.6394958496094 -1.7181730270385742
19.499839782714844 259.6394958496094 -1.6374785900115967
19.498899459838867 259.63604736328125 -2.037118911743164
19.498899459838867 259.63604736328125 -1.9564244747161865
19.498899459838867 259.63604736328125 -1.875730037689209
19.498899459838867 259.63604736328125 -1.7950356006622314
19.498899459838867 259.63604736328125 -1.714341163635254
19.498899459838867 259.63604736328125 -1.6336467266082764
19.49797248840332 259.6325988769531 -2.0332870483398438
19.49797248840332 259.6325988769531 -1.9525926113128662
19.49797248840332 259.6325988769531 -1.8718981742858887
19.49797248840332 259.6325988769531 -1.7912037372589111
19.49797248840332 259.6325988769531 -1.7105093002319336
19.49797248840332 259.6325988769531 -1.629814863204956
19.49705696105957 259.629150390625 -2.0294551849365234
19.49705696105957 259.629150390625 -1.948760747909546
19.49705696105957 259.629150390625 -1.8680663108825684
19.49705696105957 259.629150390625 -1.7873718738555908
19.49705696105957 259.629150390625 -1.7066774368286133
19.49705696105957 259.629150390625 -1.6259829998016357
19.49615478515625 259.6257019042969 -2.025623321533203
19.49615478515625 259.6257019042969 -1.9449288845062256
19.49615478515625 259.6257019042969 -1.864234447479248
19.49615478515625 259.6257019042969 -1.7835400104522705
19.49615478515625 259.6257019042969 -1.702845573425293
19.49615478515625 259.6257019042969 -1.6221511363983154
19.49526596069336 259.62225341796875 -2.021791458129883
19.49526596069336 259.62225341796875 -1.9410970211029053
19.49526596069336 259.62225341796875 -1.8604025840759277
19.49526596069336 259.62225341796875 -1.7797081470489502
19.49526596069336 259.62225341796875 -1.6990137100219727
19.49526596069336 259.62225341796875 -1.6183192729949951
19.4943904876709 259.6187744140625 -2.0179595947265625
19.4943904876709 259.6187744140625 -1.937265157699585
19.4943904876709 259.6187744140625 -1.8565707206726074
19.4943904876709 259.6187744140625 -1.7758762836456299
19.4943904876709 259.6187744140625 -1.6951818466186523
19.4943904876709 259.6187744140625 -1.6144874095916748
19.493528366088867 259.61529541015625 -2.014127731323242
19.493528366088867 259.61529541015625 -1.9334332942962646
19.493528366088867 259.61529541015625 -1.852738857269287
19.493528366088867 259.61529541015625 -1.7720444202423096
19.493528366088867 259.61529541015625 -1.691349983215332
19.493528366088867 259.61529541015625 -1.6106555461883545
19.492679595947266 259.61181640625 -2.010295867919922
19.492679595947266 259.61181640625 -1.9296014308929443
19.492679595947266 259.61181640625 -1.8489069938659668
19.492679595947266 259.61181640625 -1.7682125568389893
19.492679595947266 259.61181640625 -1.6875181198120117
19.491479873657227 259.608154296875 -2.087130308151245
19.491479873657227 259.608154296875 -2.0064358711242676
19.491479873657227 259.608154296875 -1.92574143409729
19.491479873657227 259.608154296875 -1.8450469970703125
19.491479873657227 259.608154296875 -1.764352560043335
19.491479873657227 259.608154296875 -1.6836581230163574
19.49029541015625 259.6044921875 -2.083270311355591
19.49029541015625 259.6044921875 -2.0025758743286133
19.49029541015625 259.6044921875 -1.9218814373016357
19.49029541015625 259.6044921875 -1.8411870002746582
19.49029541015625 259.6044921875 -1.7604925632476807
19.49029541015625 259.6044921875 -1.6797981262207031
19.489124298095703 259.600830078125 -2.0794103145599365
19.489124298095703 259.600830078125 -1.998715877532959
19.489124298095703 259.600830078125 -1.9180214405059814
19.489124298095703 259.600830078125 -1.837327003479004
19.489124298095703 259.600830078125 -1.7566325664520264
19.489124298095703 259.600830078125 -1.6759381294250488
19.487966537475586 259.59716796875 -2.0755503177642822
19.487966537475586 259.59716796875 -1.9948558807373047
19.487966537475586 259.59716796875 -1.9141614437103271
19.487966537475586 259.59716796875 -1.8334670066833496
19.487966537475586 259.59716796875 -1.752772569656372
19.487966537475586 259.59716796875 -1.6720781326293945
19.486906051635742 259.59375 -2.071718454360962
19.486906051635742 259.59375 -1.9910240173339844
19.486906051635742 259.59375 -1.9103295803070068
19.486906051635742 259.59375 -1.8296351432800293
19.486906051635742 259.59375 -1.7489407062530518
19.486906051635742 259.59375 -1.6682462692260742
19.485858917236328 259.59033203125 -2.0678865909576416
19.485858917236328 259.59033203125 -1.987192153930664
19.485858917236328 259.59033203125 -1.9064977169036865
19.485858917236328 259.59033203125 -1.825803279876709
19.485858917236328 259.59033203125 -1.7451088428497314
19.485858917236328 259.59033203125 -1.664414405822754
19.484825134277344 259.5869140625 -2.0640547275543213
19.484825134277344 259.5869140625 -1.9833602905273438
19.484825134277344 259.5869140625 -1.9026658535003662
19.484825134277344 259.5869140625 -1.8219714164733887
19.484825134277344 259.5869140625 -1.7412769794464111
19.484825134277344 259.5869140625 -1.6605825424194336
19.48380470275879 259.58349609375 -2.060222864151001
19.48380470275879 259.58349609375 -1.9795284271240234
19.48380470275879 259.58349609375 -1.898833990097046
19.48380470275879 259.58349609375 -1.8181395530700684
19.48380470275879 259.58349609375 -1.7374451160430908
19.48380470275879 259.58349609375 -1.6567506790161133
19.482797622680664 259.580078125 -2.0563910007476807
19.482797622680664 259.580078125 -1.9756965637207031
19.482797622680664 259.580078125 -1.8950021266937256
19.482797622680664 259.580078125 -1.814307689666748
19.482797622680664 259.580078125 -1.7336132526397705
19.482797622680664 259.580078125 -1.652918815612793
19.48180389404297 259.57666015625 -2.0525591373443604
19.48180389404297 259.57666015625 -1.9718647003173828
19.48180389404297 259.57666015625 -1.8911702632904053
19.48180389404297 259.57666015625 -1.8104758262634277
19.48180389404297 259.57666015625 -1.7297813892364502
19.48180389404297 259.57666015625 -1.6490869522094727
19.480823516845703 259.5732116699219 -2.04872727394104
19.480823516845703 259.5732116699219 -1.9680328369140625
19.480823516845703 259.5732116699219 -1.887338399887085
19.480823516845703 259.5732116699219 -1.8066439628601074
19.480823516845703 259.5732116699219 -1.7259495258331299
19.480823516845703 259.5732116699219 -1.6452550888061523
19.479856491088867 259.56976318359375 -2.0448954105377197
19.479856491088867 259.56976318359375 -1.9642009735107422
19.479856491088867 259.56976318359375 -1.8835065364837646
19.479856491088867 259.56976318359375 -1.802812099456787
19.479856491088867 259.56976318359375 -1.7221176624298096
19.479856491088867 259.56976318359375 -1.641423225402832
19.478900909423828 259.5663146972656 -2.0410635471343994
19.478900909423828 259.5663146972656 -1.9603691101074219
19.478900909423828 259.5663146972656 -1.8796746730804443
19.478900909423828 259.5663146972656 -1.7989802360534668
19.478900909423828 259.5663146972656 -1.7182857990264893
19.478900909423828 259.5663146972656 -1.6375913619995117
19.47795867919922 259.5628662109375 -2.037231683731079
19.47795867919922 259.5628662109375 -1.9565372467041016
19.47795867919922 259.5628662109375 -1.875842809677124
19.47795867919922 259.5628662109375 -1.7951483726501465
19.47795867919922 259.5628662109375 -1.714453935623169
19.47795867919922 259.5628662109375 -1.6337594985961914
19.47702980041504 259.5594177246094 -2.033399820327759
19.47702980041504 259.5594177246094 -1.9527053833007812
19.47702980041504 259.5594177246094 -1.8720109462738037
19.47702980041504 259.5594177246094 -1.7913165092468262
19.47702980041504 259.5594177246094 -1.7106220722198486
19.47702980041504 259.5594177246094 -1.629927635192871
19.47611427307129 259.55596923828125 -2.0295679569244385
19.47611427307129 259.55596923828125 -1.948873519897461
19.47611427307129 259.55596923828125 -1.8681790828704834
19.47611427307129 259.55596923828125 -1.7874846458435059
19.47611427307129 259.55596923828125 -1.7067902088165283
19.47611427307129 259.55596923828125 -1.6260957717895508
19.47521209716797 259.5525207519531 -2.025736093521118
19.47521209716797 259.5525207519531 -1.9450416564941406
19.47521209716797 259.5525207519531 -1.864347219467163
19.47521209716797 259.5525207519531 -1.7836527824401855
19.47521209716797 259.5525207519531 -1.702958345413208
19.47521209716797 259.5525207519531 -1.6222639083862305
19.474323272705078 259.549072265625 -2.021904230117798
19.474323272705078 259.549072265625 -1.9412097930908203
19.474323272705078 259.549072265625 -1.8605153560638428
19.474323272705078 259.549072265625 -1.7798209190368652
19.474323272705078 259.549072265625 -1.6991264820098877
19.474323272705078 259.549072265625 -1.6184320449829102
19.473447799682617 259.54559326171875 -2.0180723667144775
19.473447799682617 259.54559326171875 -1.9373779296875
19.473447799682617 259.54559326171875 -1.8566834926605225
19.473447799682617 259.54559326171875 -1.775989055633545
19.473447799682617 259.54559326171875 -1.6952946186065674
19.473447799682617 259.54559326171875 -1.6146001815795898
19.472585678100586 259.5421142578125 -2.0142405033111572
19.472585678100586 259.5421142578125 -1.9335460662841797
19.472585678100586 259.5421142578125 -1.8528516292572021
19.472585678100586 259.5421142578125 -1.7721571922302246
19.472585678100586 259.5421142578125 -1.691462755203247
19.472585678100586 259.5421142578125 -1.6107683181762695
19.471736907958984 259.53863525390625 -2.010408639907837
19.471736907958984 259.53863525390625 -1.9297142028808594
19.471736907958984 259.53863525390625 -1.8490197658538818
19.471736907958984 259.53863525390625 -1.7683253288269043
19.471736907958984 259.53863525390625 -1.6876308917999268
19.470535278320312 259.53497314453125 -2.087242603302002
19.470535278320312 259.53497314453125 -2.0065481662750244
19.470535278320312 259.53497314453125 -1.9258537292480469
19.470535278320312 259.53497314453125 -1.8451592922210693
19.470535278320312 259.53497314453125 -1.7644648551940918
19.470535278320312 259.53497314453125 -1.6837704181671143
19.469348907470703 259.53131103515625 -2.0833821296691895
19.469348907470703 259.53131103515625 -2.002687692642212
19.469348907470703 259.53131103515625 -1.9219932556152344
19.469348907470703 259.53131103515625 -1.8412988185882568
19.469348907470703 259.53131103515625 -1.7606043815612793
19.469348907470703 259.53131103515625 -1.6799099445343018
19.468175888061523 259.52764892578125 -2.079521656036377
19.468175888061523 259.52764892578125 -1.9988272190093994
19.468175888061523 259.52764892578125 -1.9181327819824219
19.468175888061523 259.52764892578125 -1.8374383449554443
19.468175888061523 259.52764892578125 -1.7567439079284668
19.468175888061523 259.52764892578125 -1.6760494709014893
19.467018127441406 259.5239562988281 -2.0756611824035645
19.467018127441406 259.5239562988281 -1.994966745376587
19.467018127441406 259.5239562988281 -1.9142723083496094
19.467018127441406 259.5239562988281 -1.8335778713226318
19.467018127441406 259.5239562988281 -1.7528834342956543
19.467018127441406 259.5239562988281 -1.6721889972686768
19.465957641601562 259.5205383300781 -2.071829319000244
19.465957641601562 259.5205383300781 -1.9911348819732666
19.465957641601562 259.5205383300781 -1.910440444946289
19.465957641601562 259.5205383300781 -1.8297460079193115
19.465957641601562 259.5205383300781 -1.749051570892334
19.465957641601562 259.5205383300781 -1.6683571338653564
19.46491050720215 259.5171203613281 -2.067997455596924
19.46491050720215 259.5171203613281 -1.9873030185699463
19.46491050720215 259.5171203613281 -1.9066085815429688
19.46491050720215 259.5171203613281 -1.8259141445159912
19.46491050720215 259.5171203613281 -1.7452197074890137
19.46491050720215 259.5171203613281 -1.6645252704620361
19.463876724243164 259.5137023925781 -2.0641655921936035
19.463876724243164 259.5137023925781 -1.983471155166626
19.463876724243164 259.5137023925781 -1.9027767181396484
19.463876724243164 259.5137023925781 -1.822082281112671
19.463876724243164 259.5137023925781 -1.7413878440856934
19.463876724243164 259.5137023925781 -1.6606934070587158
19.46285629272461 259.5102844238281 -2.060333728790283
19.46285629272461 259.5102844238281 -1.9796392917633057
19.46285629272461 259.5102844238281 -1.8989448547363281
19.46285629272461 259.5102844238281 -1.8182504177093506
19.46285629272461 259.5102844238281 -1.737555980682373
19.46285629272461 259.5102844238281 -1.6568615436553955
19.461849212646484 259.5068664550781 -2.056501865386963
19.461849212646484 259.5068664550781 -1.9758074283599854
19.461849212646484 259.5068664550781 -1.8951129913330078
19.461849212646484 259.5068664550781 -1.8144185543060303
19.461849212646484 259.5068664550781 -1.7337241172790527
19.461849212646484 259.5068664550781 -1.6530296802520752
19.46085548400879 259.5034484863281 -2.0526700019836426
19.46085548400879 259.5034484863281 -1.971975564956665
19.46085548400879 259.5034484863281 -1.8912811279296875
19.46085548400879 259.5034484863281 -1.81058669090271
19.46085548400879 259.5034484863281 -1.7298922538757324
19.46085548400879 259.5034484863281 -1.6491978168487549
19.45987319946289 259.5 -2.0488381385803223
19.45987319946289 259.5 -1.9681437015533447
19.45987319946289 259.5 -1.8874492645263672
19.45987319946289 259.5 -1.8067548274993896
19.45987319946289 259.5 -1.726060390472412
19.45987319946289 259.5 -1.6453659534454346
19.45987319946289 259.5 -2.045006275177002
19.45987319946289 259.5 -1.9643118381500244
19.45987319946289 259.5 -1.8836174011230469
19.45987319946289 259.5 -1.8029229640960693
19.45987319946289 259.5 -1.7222285270690918
