60.00297927856445 450.0019836425781 0.3857579231262207
60.006492614746094 450.0026550292969 -0.013882339000701904
60.00998306274414 450.00189208984375 -0.4135226011276245
60.01290512084961 449.9998474121094 -0.8131628632545471
60.01479721069336 449.996826171875 -1.2128031253814697
60.01536178588867 449.9932861328125 -1.612443447113037
60.01450729370117 449.98980712890625 -2.0120837688446045
58.7661247253418 447.0467529296875 -1.931857943534851
57.684532165527344 443.8750305175781 -1.8670239448547363
56.55336380004883 440.11767578125 -1.85941743850708
55.767066955566406 437.0190124511719 -1.779191255569458
55.765647888183594 437.0157470703125 -2.1788315773010254
55.763065338134766 437.0132751464844 -2.5784718990325928
55.75972366333008 437.0119934082031 -2.97811222076416
55.75615310668945 437.0121154785156 2.90543270111084
55.75291442871094 437.01361083984375 2.5057923793792725
55.750518798828125 437.0162658691406 2.106152057647705
55.74934387207031 437.0196533203125 1.7065117359161377
55.74957275390625 437.0232238769531 1.3068714141845703
55.75117111206055 437.02642822265625 0.9072311520576477
55.75388717651367 437.02874755859375 0.5075908899307251
55.757293701171875 437.0298156738281 0.10795062780380249
55.7608528137207 437.02947998046875 -0.2916896343231201
55.76400375366211 437.0278015136719 -0.6913298964500427
55.76625061035156 437.0250244140625 -1.0909701585769653
55.76723861694336 437.0215759277344 -1.4906103610992432
55.76681137084961 437.0180358886719 -1.8902506828308105
54.8853645324707 433.9450988769531 -1.810023307800293
54.253021240234375 430.8114013671875 -1.7297965288162231
54.25175094604492 430.8080139160156 -2.1294329166412354
54.24929428100586 430.805419921875 -2.5290732383728027
54.24602127075195 430.8039855957031 -2.92871356010437
54.24244689941406 430.8039245605469 2.95483136177063
54.2391357421875 430.8052673339844 2.5551910400390625
54.236610412597656 430.80780029296875 2.155550718307495
54.235267639160156 430.8111267089844 1.7559103965759277
54.235321044921875 430.814697265625 1.3562700748443604
54.236759185791016 430.8179626464844 0.9566298127174377
54.239356994628906 430.8204040527344 0.5569895505905151
54.242706298828125 430.8216552734375 0.15734928846359253
54.24627685546875 430.8215026855469 -0.24229097366333008
54.249507904052734 430.8199768066406 -0.6419312357902527
54.251888275146484 430.81732177734375 -1.0415714979171753
54.25304412841797 430.8139343261719 -1.4412117004394531
54.25279235839844 430.81036376953125 -1.8408520221710205
53.5241584777832 427.6976318359375 -1.760624647140503
53.04730224609375 424.53643798828125 -1.680405616760254
53.04621505737305 424.53302001953125 -2.0800459384918213
51.600860595703125 421.6815490722656 -1.9998185634613037
50.388675689697266 418.7234191894531 -1.9195911884307861
49.417457580566406 415.6776428222656 -1.8393638134002686
48.693458557128906 412.5638427734375 -1.759136438369751
48.22133255004883 409.40203857421875 -1.6789090633392334
48.00411605834961 406.2125549316406 -1.5986816883087158
48.043209075927734 403.01593017578125 -1.5184543132781982
48.04268264770508 403.01239013671875 -1.9180946350097656
47.076026916503906 399.9651794433594 -1.837867259979248
46.356685638427734 396.85028076171875 -1.7576398849487305
45.88928985595703 393.6877746582031 -1.677412509918213
45.67684555053711 390.49798583984375 -1.5971851348876953
45.72072219848633 387.3014221191406 -1.5169577598571777
46.020633697509766 384.11865234375 -1.4367303848266602
46.0203971862793 384.1150817871094 -1.836370587348938
45.305721282958984 380.9991149902344 -1.7561432123184204
44.84305953979492 377.8359069824219 -1.6759158372879028
44.63539123535156 374.6457824707031 -1.5956884622573853
44.684051513671875 371.44927978515625 -1.5154610872268677
44.935028076171875 367.68115234375 -1.4931180477142334
44.934593200683594 367.6776123046875 -1.8927583694458008
44.04544448852539 364.60687255859375 -1.8125309944152832
43.40524673461914 361.4747619628906 -1.7323036193847656
43.01811981201172 358.3014221191406 -1.652076244354248
42.88655471801758 355.1072692871094 -1.5718488693237305
43.01139831542969 351.912841796875 -1.491621494293213
43.01096725463867 351.9093017578125 -1.8912618160247803
42.12641525268555 348.8372497558594 -1.8110344409942627
41.49090576171875 345.7041931152344 -1.7308070659637451
41.10852813720703 342.5302734375 -1.6505796909332275
40.98174285888672 339.3359069824219 -1.57035231590271
40.98103332519531 339.3323974609375 -1.9699926376342773
39.85760498046875 336.33941650390625 -1.8897652626037598
38.9776496887207 333.26605224609375 -1.8095378875732422
38.34682846069336 330.1320495605469 -1.7293105125427246
37.969200134277344 326.9575500488281 -1.649083137512207
37.84719467163086 323.76300048828125 -1.5688557624816895
37.846492767333984 323.7594909667969 -1.9684960842132568
36.727542877197266 320.76483154296875 -1.8882687091827393
35.85218811035156 317.6901550292969 -1.8080413341522217
35.22605895996094 314.5552062988281 -1.727813959121704
34.85318374633789 311.3801574707031 -1.6475865840911865
34.85220718383789 311.376708984375 -2.047226905822754
33.501197814941406 308.4793395996094 -1.9669995307922363
32.3867301940918 305.4830322265625 -1.8867721557617188
31.51597785949707 302.40704345703125 -1.8065447807312012
30.894540786743164 299.2711486816406 -1.7263174057006836
30.526416778564453 296.0955505371094 -1.646090030670166
30.524560928344727 296.0889587402344 -2.0454015731811523
29.17884063720703 293.1891174316406 -1.9651741981506348
28.06984519958496 290.1907653808594 -1.8849468231201172
27.204710006713867 287.1131896972656 -1.8047194480895996
26.588998794555664 283.9761657714844 -1.724492073059082
26.226673126220703 280.7998962402344 -1.6442646980285645
26.2257080078125 280.79644775390625 -2.043905019760132
24.88433074951172 277.89459228515625 -1.9636776447296143
23.77982521057129 274.89459228515625 -1.8834502696990967
22.919296264648438 271.8157043457031 -1.803222894668579
22.30828094482422 268.6777648925781 -1.7229955196380615
21.94349479675293 265.4750671386719 -1.6454179286956787
21.94252586364746 265.47161865234375 -2.045058250427246
20.597801208496094 262.5713195800781 -1.9648308753967285
19.489835739135742 259.5726013183594 -1.884603500366211
19.489835739135742 259.5726013183594 -1.8043761253356934
19.489835739135742 259.5726013183594 -1.7241488695144653
19.489835739135742 259.5726013183594 -1.6439216136932373
19.488872528076172 259.56915283203125 -2.0435619354248047
19.488872528076172 259.56915283203125 -1.963334560394287
19.488872528076172 259.56915283203125 -1.8831071853637695
19.488872528076172 259.56915283203125 -1.802879810333252
19.488872528076172 259.56915283203125 -1.722652554512024
19.488872528076172 259.56915283203125 -1.642425298690796
19.4879150390625 259.5657043457031 -2.0420656204223633
19.4879150390625 259.5657043457031 -1.9618382453918457
19.4879150390625 259.5657043457031 -1.8816108703613281
19.4879150390625 259.5657043457031 -1.8013834953308105
19.4879150390625 259.5657043457031 -1.7211562395095825
19.4879150390625 259.5657043457031 -1.6409289836883545
19.486961364746094 259.562255859375 -2.040569305419922
19.486961364746094 259.562255859375 -1.9603419303894043
19.486961364746094 259.562255859375 -1.8801145553588867
19.486961364746094 259.562255859375 -1.7998871803283691
19.486961364746094 259.562255859375 -1.7196599245071411
19.486961364746094 259.562255859375 -1.639432668685913
19.486013412475586 259.5588073730469 -2.0390729904174805
19.486013412475586 259.5588073730469 -1.958845615386963
19.486013412475586 259.5588073730469 -1.8786182403564453
19.486013412475586 259.5588073730469 -1.7983908653259277
19.486013412475586 259.5588073730469 -1.7181636095046997
19.486013412475586 259.5588073730469 -1.6379363536834717
19.485071182250977 259.55535888671875 -2.037576675415039
19.485071182250977 259.55535888671875 -1.9573493003845215
19.485071182250977 259.55535888671875 -1.877121925354004
19.485071182250977 259.55535888671875 -1.7968945503234863
19.485071182250977 259.55535888671875 -1.7166672945022583
19.485071182250977 259.55535888671875 -1.6364400386810303
19.484132766723633 259.5519104003906 -2.0360803604125977
19.484132766723633 259.5519104003906 -1.95585298538208
19.484132766723633 259.5519104003906 -1.8756256103515625
19.484132766723633 259.5519104003906 -1.795398235321045
19.484132766723633 259.5519104003906 -1.715170979499817
19.484132766723633 259.5519104003906 -1.6349437236785889
19.483200073242188 259.5484619140625 -2.0345840454101562
19.483200073242188 259.5484619140625 -1.9543566703796387
19.483200073242188 259.5484619140625 -1.874129295349121
19.483200073242188 259.5484619140625 -1.7939019203186035
19.483200073242188 259.5484619140625 -1.7136746644973755
19.483200073242188 259.5484619140625 -1.6334474086761475
19.48227310180664 259.5450134277344 -2.033087730407715
19.48227310180664 259.5450134277344 -1.9528603553771973
19.48227310180664 259.5450134277344 -1.8726329803466797
19.48227310180664 259.5450134277344 -1.792405605316162
19.48227310180664 259.5450134277344 -1.712178349494934
19.48227310180664 259.5450134277344 -1.631951093673706
19.481351852416992 259.54156494140625 -2.0315914154052734
19.481351852416992 259.54156494140625 -1.9513640403747559
19.481351852416992 259.54156494140625 -1.8711366653442383
19.481351852416992 259.54156494140625 -1.7909092903137207
19.481351852416992 259.54156494140625 -1.7106820344924927
19.481351852416992 259.54156494140625 -1.6304547786712646
19.48043441772461 259.5381164550781 -2.030095100402832
19.48043441772461 259.5381164550781 -1.9498677253723145
19.48043441772461 259.5381164550781 -1.8696403503417969
19.48043441772461 259.5381164550781 -1.7894129753112793
19.48043441772461 259.5381164550781 -1.7091857194900513
19.48043441772461 259.5381164550781 -1.6289584636688232
19.479522705078125 259.53466796875 -2.0285987854003906
19.479522705078125 259.53466796875 -1.948371410369873
19.479522705078125 259.53466796875 -1.8681440353393555
19.479522705078125 259.53466796875 -1.787916660308838
19.479522705078125 259.53466796875 -1.7076894044876099
19.479522705078125 259.53466796875 -1.6274621486663818
19.47861671447754 259.5312194824219 -2.027102470397949
19.47861671447754 259.5312194824219 -1.9468750953674316
19.47861671447754 259.5312194824219 -1.866647720336914
19.47861671447754 259.5312194824219 -1.7864203453063965
19.47861671447754 259.5312194824219 -1.7061930894851685
19.47861671447754 259.5312194824219 -1.6259658336639404
19.47771453857422 259.52777099609375 -2.025606155395508
19.47771453857422 259.52777099609375 -1.9453787803649902
19.47771453857422 259.52777099609375 -1.8651514053344727
19.47771453857422 259.52777099609375 -1.784924030303955
19.47771453857422 259.52777099609375 -1.704696774482727
19.47771453857422 259.52777099609375 -1.624469518661499
19.476818084716797 259.5243225097656 -2.0241098403930664
19.476818084716797 259.5243225097656 -1.9438824653625488
19.476818084716797 259.5243225097656 -1.8636550903320312
19.476818084716797 259.5243225097656 -1.7834277153015137
19.476818084716797 259.5243225097656 -1.7032004594802856
19.476818084716797 259.5243225097656 -1.6229732036590576
19.475927352905273 259.5208740234375 -2.022613525390625
19.475927352905273 259.5208740234375 -1.9423861503601074
19.475927352905273 259.5208740234375 -1.8621587753295898
19.475927352905273 259.5208740234375 -1.7819314002990723
19.475927352905273 259.5208740234375 -1.7017041444778442
19.475927352905273 259.5208740234375 -1.6214768886566162
19.47504234313965 259.5174255371094 -2.0211172103881836
19.47504234313965 259.5174255371094 -1.940889835357666
19.47504234313965 259.5174255371094 -1.8606624603271484
19.47504234313965 259.5174255371094 -1.7804350852966309
19.47504234313965 259.5174255371094 -1.7002078294754028
19.47504234313965 259.5174255371094 -1.6199805736541748
19.47416114807129 259.51397705078125 -2.019620895385742
19.47416114807129 259.51397705078125 -1.9393935203552246
19.47416114807129 259.51397705078125 -1.859166145324707
19.47416114807129 259.51397705078125 -1.7789387702941895
19.47416114807129 259.51397705078125 -1.6987115144729614
19.47416114807129 259.51397705078125 -1.6184842586517334
19.473285675048828 259.510498046875 -2.018124580383301
19.473285675048828 259.510498046875 -1.9378972053527832
19.473285675048828 259.510498046875 -1.8576698303222656
19.473285675048828 259.510498046875 -1.777442455291748
19.473285675048828 259.510498046875 -1.69721519947052
19.473285675048828 259.510498046875 -1.616987943649292
19.472415924072266 259.50701904296875 -2.0166282653808594
19.472415924072266 259.50701904296875 -1.9364008903503418
19.472415924072266 259.50701904296875 -1.8561735153198242
19.472415924072266 259.50701904296875 -1.7759461402893066
19.472415924072266 259.50701904296875 -1.6957188844680786
19.472415924072266 259.50701904296875 -1.6154916286468506
19.47154998779297 259.5035400390625 -2.015131950378418
19.47154998779297 259.5035400390625 -1.9349045753479004
19.47154998779297 259.5035400390625 -1.8546772003173828
19.47154998779297 259.5035400390625 -1.7744498252868652
19.47154998779297 259.5035400390625 -1.6942225694656372
19.47154998779297 259.5035400390625 -1.6139953136444092
19.47068977355957 259.50006103515625 -2.0136356353759766
19.47068977355957 259.50006103515625 -1.933408260345459
19.47068977355957 259.50006103515625 -1.8531808853149414
19.47068977355957 259.50006103515625 -1.7729535102844238
19.47068977355957 259.50006103515625 -1.6927262544631958
19.47068977355957 259.50006103515625 -1.6124989986419678
19.47068977355957 259.50006103515625 -2.012139320373535
19.47068977355957 259.50006103515625 -1.9319119453430176
19.47068977355957 259.50006103515625 -1.8516845703125
19.47068977355957 259.50006103515625 -1.7714571952819824
19.47068977355957 259.50006103515625 -1.6912299394607544
