-392.2659781438427
-394.37656425337633
-396.3242843207307
-398.1023544501121
-399.70463687765346
-401.1256610112557
-402.3606480980865
-403.40545086704253
-404.2566168446787
-404.9113078669768
-405.3674048206874
-405.62340552825253
-405.6784499800841
-405.56809155363084
-405.33524343810274
-404.9801272453891
-404.5031081520321
-403.90463326109676
-403.1852688234019
-402.34570187751007
-401.38677665918414
-400.3094090578492
-399.11465229572974
-397.8036857075739
-396.2869292232446
-394.8045158762843
-394.8045158762843
-392.01630504416744
-389.24893625723956
-389.24893625723956
-385.5848221767404
-381.9272928880646
-378.2765357455725
-374.63275224613915
-370.9961144937855
-367.36686888740155
-363.74523277670824
-360.13143558900083
-356.52571954981374
-352.9283282176659
-349.3395227699528
-345.7595662834327
-345.7595662834327
-341.7688348852711
-337.77829658075865
-333.7879241056436
-329.7977283191341
-325.8077411808722
-321.8179449367808
-317.8283765244629
-313.8390103832457
-309.8498885332632
-305.86098625770876
-301.87234649803315
-297.8839498718285
-293.8958316335628
-289.9079778861189
-285.9204250204861
-281.9331604539884
-277.94619714618466
-273.9595735226344
-269.9732793411709
-265.98735464968894
-262.00179106392994
-258.0166350549931
-254.03187132727084
-250.04755310731008
-246.06366752135452
-242.0802704452916
-238.0973564853217
-234.11497536221273
-230.13312968959644
-226.15187747544283
-222.17121598139786
-218.19121220439055
-214.21187050987118
-210.23325830436448
-206.25538800409493
-202.2783187281254
-198.30210113409782
-194.32678494183727
-190.35242663951118
-186.967494107832
-183.6580813562411
-180.3521514128003
-177.0660446906019
-173.81692091860117
-169.92412881114566
-166.036472306261
-162.1543208839874
-158.27807972665815
-154.4081940568154
-150.54515411002686
-146.68950298676606
-142.84183672413528
-139.0028185316168
-135.17320013232907
-131.35378786364583
-127.54549876553087
-123.74935992433926
-119.96652493872944
-116.19829331532382
-112.44613339037653
-108.71170950715985
-108.71170950715985
-105.88444775838606
-103.13502473917035
-100.4698481465026
-97.89579836850893
-95.42024949648865
-95.42024949648865
-94.50617527630978
-94.50617527630978
-94.50617527630978
-94.50617527630978
-94.50617527630978
-94.50617527630978
-94.50617527630978
-94.50617527630978
-94.50617527630978
-94.50617527630978
-94.50617527630978
