-391.69972277443924
-393.119662603329
-394.234686473758
-395.0252497842161
-395.4776011884175
-395.58387297288476
-395.34228151322617
-394.75698255488936
-393.83810554035074
-392.6017137357401
-391.0695334480432
-388.4991906214066
-385.952417696399
-383.4296851929241
-380.9315014662964
-378.45832119279567
-376.0106691373549
-373.5890164778061
-371.1939017189957
-371.1939017189957
-367.75525864825676
-364.3275438529964
-360.91107005921475
-357.5061598743685
-354.11317611928393
-350.7324353825889
-347.36429419139057
-344.0091542898625
-340.66736781653077
-337.33936332908337
-334.02552225433413
-330.7262692111477
-327.44207692759414
-324.17337110620645
-324.17337110620645
-320.270388641727
-316.36956829963054
-312.46886434953336
-308.5707031530513
-304.6751823098476
-300.78240440790114
-296.8945960476209
-293.00955559807164
-289.12736388252443
-285.248137335403
-281.37199872977493
-277.4990776069944
-273.6295107411466
-269.76344264156114
-265.901026097011
-262.0424227656006
-258.1878331822054
-254.33740928111615
-250.49134338945365
-246.6498396161763
-242.813114747638
-238.98139922407648
-235.15497188357807
-231.33406014659576
-227.5189422155441
-223.70991484568782
-219.9072948741741
-216.11144977354883
-212.32271275001798
-208.54147162538854
-204.76815642811053
-201.00319875316134
-197.2470919155208
-193.5003366483442
-189.76350158048797
-189.76350158048797
-185.76805106966546
-181.7727307011617
-177.7775407050984
-173.78250215345608
-169.78762564385056
-165.7929228100365
-165.7929228100365
-162.18406281658756
-158.59427098842198
-155.02485435450006
-151.47727076562765
-151.47199676281994
-148.97158103987405
-146.53830774249556
-144.17557636487064
-141.88691094010372
-139.67595231555936
-137.54644776880767
-135.50225146017098
-133.5472670008518
-131.68546777469294
-129.92086001123636
-128.25745543167363
-126.69924033017226
-125.25015574552965
-123.91401472263709
-122.6945073459336
-121.5951427422823
-120.61920635864576
-119.76973017869948
-119.06500370085159
-118.49127618895209
-118.05037001647158
-117.74377765637934
-117.57254985834768
-117.5372782193893
-117.5372782193893
-117.5372782193893
-117.5372782193893
-117.5372782193893
-117.5372782193893
-117.5372782193893
-117.5372782193893
-117.5372782193893
-117.5372782193893
-117.5372782193893
