62.40420913696289 452.23828125 0.7139520645141602
64.96206665039062 454.2992248535156 0.642505943775177
67.6605224609375 456.1723327636719 0.5710598230361938
70.48580169677734 457.8480224609375 0.4996137320995331
73.42349243164062 459.3177490234375 0.4281676411628723
76.45861053466797 460.57403564453125 0.35672155022621155
79.5756607055664 461.6104431152344 0.2852754592895508
82.75874328613281 462.42169189453125 0.21382936835289001
85.99162292480469 463.003662109375 0.14238327741622925
89.25779724121094 463.3533630371094 0.07093717902898788
92.54060363769531 463.4690246582031 -0.000508919358253479
95.82328796386719 463.35003662109375 -0.07195501774549484
99.3586196899414 463.015380859375 -0.11681178212165833
102.8753890991211 462.52252197265625 -0.1616685390472412
106.36651611328125 461.8724670410156 -0.2065252959728241
109.82498168945312 461.0664978027344 -0.251382052898407
113.24382781982422 460.10626220703125 -0.29623880982398987
116.61618041992188 458.9936828613281 -0.34109556674957275
119.93524932861328 457.73101806640625 -0.38595232367515564
123.1943588256836 456.3207702636719 -0.4308090806007385
126.38694763183594 454.76580810546875 -0.4756658375263214
129.50660705566406 453.0692443847656 -0.5205225944519043
132.5470428466797 451.2344970703125 -0.5653793811798096
135.5021514892578 449.2652587890625 -0.6102361679077148
138.7793426513672 446.973388671875 -0.6103275418281555
142.05633544921875 444.68121337890625 -0.6104189157485962
145.33311462402344 442.38873291015625 -0.6105102896690369
145.33311462402344 442.38873291015625 -1.0105103254318237
147.45819091796875 439.0010070800781 -1.0106016397476196
147.45819091796875 439.0010070800781 -1.4106016159057617
148.0959014892578 435.0531005859375 -1.4106929302215576
148.73326110839844 431.1051330566406 -1.4107842445373535
149.37025451660156 427.1571044921875 -1.4108755588531494
150.0068817138672 423.2090148925781 -1.4109668731689453
150.64315795898438 419.2608642578125 -1.4110581874847412
151.27906799316406 415.3126525878906 -1.411149501800537
151.9146270751953 411.3643798828125 -1.411240816116333
152.54981994628906 407.4160461425781 -1.411332130432129
153.1846466064453 403.4676818847656 -1.4114234447479248
153.81912231445312 399.5192565917969 -1.4115147590637207
154.45323181152344 395.5707702636719 -1.4116060733795166
155.08697509765625 391.6222229003906 -1.4116973876953125
155.72036743164062 387.6736145019531 -1.4117887020111084
156.3533935546875 383.7249450683594 -1.4118800163269043
156.98606872558594 379.7762145996094 -1.4119713306427002
156.98606872558594 379.7762145996094 -1.8119713068008423
156.03073120117188 375.8929138183594 -1.8120626211166382
155.07504272460938 372.00970458984375 -1.812153935432434
154.11900329589844 368.1265869140625 -1.81224524974823
153.16259765625 364.2435607910156 -1.8123365640640259
152.20584106445312 360.360595703125 -1.8124278783798218
151.2487335205078 356.47772216796875 -1.8125191926956177
150.29127502441406 352.5949401855469 -1.8126105070114136
149.33346557617188 348.7122497558594 -1.8127018213272095
148.3752899169922 344.82965087890625 -1.8127931356430054
147.41676330566406 340.9471435546875 -1.8128844499588013
146.4578857421875 337.0647277832031 -1.8129757642745972
145.4986572265625 333.182373046875 -1.813067078590393
144.5390625 329.30010986328125 -1.813158392906189
143.57911682128906 325.4179382324219 -1.8132497072219849
142.6188201904297 321.5358581542969 -1.8133410215377808
141.65817260742188 317.65386962890625 -1.8134323358535767
140.69715881347656 313.77197265625 -1.8135236501693726
139.7357940673828 309.8901672363281 -1.8136149644851685
138.77407836914062 306.0084533691406 -1.8137062788009644
137.81201171875 302.1268005371094 -1.8137975931167603
136.84959411621094 298.2452392578125 -1.8138889074325562
135.88681030273438 294.36376953125 -1.813980221748352
134.92367553710938 290.4823913574219 -1.814071536064148
133.96018981933594 286.6011047363281 -1.8141628503799438
132.99635314941406 282.71990966796875 -1.8142541646957397
132.0321502685547 278.83880615234375 -1.8143454790115356
131.06759643554688 274.9577941894531 -1.8144367933273315
130.10269165039062 271.0768737792969 -1.8145281076431274
129.13743591308594 267.1960144042969 -1.8146194219589233
128.17181396484375 263.31524658203125 -1.8147107362747192
127.20584869384766 259.4345703125 -1.8148020505905151
126.2395248413086 255.55398559570312 -1.814893364906311
125.2728500366211 251.67349243164062 -1.814984679222107
124.30581665039062 247.7930908203125 -1.8150759935379028
123.33843231201172 243.91278076171875 -1.8151673078536987
122.43032836914062 240.75576782226562 -1.8865947723388672
121.29927062988281 237.6717987060547 -1.9580408334732056
119.9509506225586 234.6764373779297 -2.029486894607544
118.39224243164062 231.78497314453125 -2.100933074951172
116.631103515625 229.01214599609375 -2.1723792552948
114.36767578125 225.71524047851562 -2.1724705696105957
112.10395050048828 222.4185333251953 -2.1725618839263916
109.83992004394531 219.12203979492188 -2.1726531982421875
107.57559204101562 215.8257598876953 -2.1727445125579834
105.31095886230469 212.52967834472656 -2.1728358268737793
103.04602813720703 209.2338104248047 -2.172927141189575
100.78079223632812 205.93814086914062 -2.173018455505371
98.5152587890625 202.64268493652344 -2.173109769821167
96.24942779541016 199.34742736816406 -2.173201084136963
93.98329162597656 196.05238342285156 -2.173292398452759
91.71685791015625 192.75753784179688 -2.1733837127685547
89.45011901855469 189.46290588378906 -2.1734750270843506
87.1830825805664 186.16848754882812 -2.1735663414001465
84.91574096679688 182.874267578125 -2.1736576557159424
82.64810180664062 179.58026123046875 -2.1737489700317383
80.38016510009766 176.2864532470703 -2.173840284347534
78.11192321777344 172.99285888671875 -2.17393159866333
75.8433837890625 169.699462890625 -2.174022912979126
73.57453918457031 166.40628051757812 -2.174114227294922
71.3053970336914 163.11331176757812 -2.1742055416107178
71.3053970336914 163.11331176757812 -2.5742056369781494
67.9328384399414 160.9642333984375 -2.5742969512939453
64.5600814819336 158.81546020507812 -2.574388265609741
61.187129974365234 156.6669921875 -2.574479579925537
57.81398010253906 154.5188446044922 -2.574570894241333
57.81398010253906 154.5188446044922 -2.9745709896087646
57.81398010253906 154.5188446044922 -2.9746623039245605
57.81398010253906 154.5188446044922 -2.9747536182403564
57.81398010253906 154.5188446044922 -2.9748449325561523
57.81398010253906 154.5188446044922 -2.9749362468719482
57.81398010253906 154.5188446044922 -2.975027561187744
57.81398010253906 154.5188446044922 -2.97511887550354
57.81398010253906 154.5188446044922 -2.975210189819336
57.81398010253906 154.5188446044922 -2.975301504135132
57.81398010253906 154.5188446044922 -2.9753928184509277
