-392.2659781438427
-394.37656425337633
-396.3242843207307
-398.1023544501121
-399.70463687765346
-401.1256610112557
-402.3606480980865
-403.40545086704253
-404.2566168446787
-404.9113078669768
-405.3674048206874
-405.62340552825253
-405.6784499800841
-405.56809155363084
-405.33524343810274
-404.9801272453891
-404.5031081520321
-403.90463326109676
-403.1852688234019
-402.34570187751007
-401.38677665918414
-400.3094090578492
-399.11465229572974
-397.80367698255543
-396.2868871293908
-394.80447327995125
-394.80447327995125
-392.01622896695403
-389.2488563222854
-389.2488563222854
-385.58473846151827
-381.92720526288593
-378.2764440772827
-374.6326231116124
-370.9959810058599
-367.366727109085
-363.745086284119
-360.13128422870295
-356.52556316416667
-352.9281666447097
-349.33935584325286
-345.75939383196
-345.75939383196
-341.76865376230637
-337.7781067367588
-333.787729747083
-329.79755444578706
-325.8075627141294
-321.8177868351608
-317.82820943787397
-313.8388385705496
-309.8497076253812
-305.86080053612227
-301.87215156304217
-297.883745653905
-293.89562244968937
-289.90775928709706
-285.9202013483007
-281.9329316594939
-277.94598791646723
-273.95935903923953
-269.9730842313289
-265.98715414244157
-262.0016142440186
-258.01644815855616
-254.0317079301085
-250.04737942217105
-246.06348803100028
-242.0800850694159
-238.0971604970704
-234.11477329335773
-230.1329167581742
-226.15165353501348
-222.17098561513788
-218.19097053860057
-214.21161976927428
-210.23299833720458
-206.2551331189498
-202.27806873555906
-198.3018558333714
-194.3265441200729
-190.35219007064256
-186.96877581972936
-183.6593561542842
-180.35345610947658
-177.0674182672553
-173.81840460752878
-169.9257794437392
-166.03829768827376
-162.15632936551083
-158.280280251648
-154.41059621811598
-150.54777039818288
-146.69234224278614
-142.84491088075666
-139.00614046088512
-135.17678374105236
-131.3576481994774
-127.54965213676586
-123.7538240340714
-119.97131903547432
-116.20343836214751
-112.45165225472817
-108.71762717371762
-108.71762717371762
-105.89117514174863
-103.14260063063674
-100.47831201607445
-97.90518942937975
-95.4306081849234
-95.4306081849234
-94.517744201021
-94.517744201021
-94.517744201021
-94.517744201021
-94.517744201021
-94.517744201021
-94.517744201021
-94.517744201021
-94.517744201021
-94.517744201021
-94.517744201021
