60.009857177734375 450.00653076171875 0.38658928871154785
60.021484375 450.00872802734375 -0.012219607830047607
60.03305435180664 450.0062561035156 -0.41102850437164307
60.04275131225586 449.9994812011719 -0.8098374009132385
60.04905319213867 449.9894714355469 -1.208646297454834
60.05097198486328 449.977783203125 -1.6074552536010742
60.0482063293457 449.9662780761719 -2.0062642097473145
58.36086654663086 446.339599609375 -2.0062642097473145
56.673526763916016 442.7129211425781 -2.0062642097473145
54.98618698120117 439.08624267578125 -2.0062642097473145
53.29884719848633 435.4595642089844 -2.0062642097473145
51.611507415771484 431.8328857421875 -2.0062642097473145
49.92416763305664 428.2062072753906 -2.0062642097473145
48.2368278503418 424.57952880859375 -2.0062642097473145
46.54949188232422 420.9528503417969 -2.0062644481658936
44.862152099609375 417.326171875 -2.0062646865844727
43.17481231689453 413.6994934082031 -2.0062649250030518
41.48747253417969 410.07281494140625 -2.006265163421631
39.800132751464844 406.4461364746094 -2.00626540184021
38.112789154052734 402.8194580078125 -2.006265640258789
36.425445556640625 399.1927795410156 -2.006265878677368
34.738101959228516 395.56610107421875 -2.0062661170959473
33.050758361816406 391.9394226074219 -2.0062663555145264
31.363412857055664 388.312744140625 -2.0062665939331055
29.676067352294922 384.6860656738281 -2.0062668323516846
27.988719940185547 381.05938720703125 -2.0062670707702637
27.988710403442383 381.05938720703125 -2.4062652587890625
27.98869514465332 381.05938720703125 -2.8062634468078613
27.976972579956055 381.0577697753906 3.078112840652466
27.976972579956055 381.0577697753906 2.678112745285034
27.976972579956055 381.0577697753906 2.2781126499176025
27.976972579956055 381.0577697753906 1.8781126737594604
27.976972579956055 381.0577697753906 1.4781126976013184
27.977001190185547 381.057861328125 1.0781224966049194
27.98455238342285 381.0669860839844 0.679313600063324
27.99504852294922 381.07244873046875 0.2805047035217285
28.0068416595459 381.0733947753906 -0.11830419301986694
28.018081665039062 381.0697021484375 -0.5171130895614624
28.02700424194336 381.0619201660156 -0.9159219861030579
28.032209396362305 381.0513000488281 -1.3147310018539429
29.04531478881836 377.1817321777344 -1.3147310018539429
30.058420181274414 373.3121643066406 -1.3147310018539429
31.07152557373047 369.4425964355469 -1.3147310018539429
32.08462905883789 365.5730285644531 -1.3147310018539429
33.09773254394531 361.7034606933594 -1.3147310018539429
34.110836029052734 357.8338928222656 -1.3147310018539429
34.111507415771484 357.82208251953125 -1.7135398387908936
33.5424690246582 353.8627624511719 -1.7135398387908936
32.97343063354492 349.9034423828125 -1.7135398387908936
32.40439224243164 345.9441223144531 -1.7135398387908936
31.835355758666992 341.98480224609375 -1.7135398387908936
31.266319274902344 338.0254821777344 -1.7135398387908936
30.697282791137695 334.066162109375 -1.7135398387908936
30.128246307373047 330.1068420410156 -1.7135398387908936
29.5592098236084 326.14752197265625 -1.7135398387908936
28.99017333984375 322.1882019042969 -1.7135398387908936
28.4211368560791 318.2288818359375 -1.7135398387908936
27.852100372314453 314.2695617675781 -1.7135398387908936
27.283063888549805 310.31024169921875 -1.7135398387908936
26.714027404785156 306.3509216308594 -1.7135398387908936
26.144990921020508 302.3916015625 -1.7135398387908936
25.57595443725586 298.4322814941406 -1.7135398387908936
25.00691795349121 294.47296142578125 -1.7135398387908936
24.437881469726562 290.5136413574219 -1.7135398387908936
23.868844985961914 286.5543212890625 -1.7135398387908936
23.299808502197266 282.5950012207031 -1.7135398387908936
22.730772018432617 278.63568115234375 -1.7135398387908936
22.16173553466797 274.6763610839844 -1.7135398387908936
21.59269905090332 270.717041015625 -1.7135398387908936
21.023662567138672 266.7577209472656 -1.7135398387908936
21.019332885742188 266.7455749511719 -2.112240791320801
18.957836151123047 263.3177185058594 -2.112240791320801
16.896339416503906 259.8898620605469 -2.112240791320801
16.896339416503906 259.8898620605469 -2.112240791320801
16.896339416503906 259.8898620605469 -2.112240791320801
16.896339416503906 259.8898620605469 -2.112240791320801
16.896339416503906 259.8898620605469 -2.112240791320801
16.896339416503906 259.8898620605469 -2.112240791320801
16.896339416503906 259.8898620605469 -2.112240791320801
16.896339416503906 259.8898620605469 -2.112240791320801
16.896339416503906 259.8898620605469 -2.112240791320801
16.896339416503906 259.8898620605469 -2.112240791320801
16.896339416503906 259.8898620605469 -2.112240791320801
