62.388832092285156 452.2184753417969 0.7114810347557068
64.93497467041016 454.2544860839844 0.6375638842582703
67.62452697753906 456.0968933105469 0.5636467337608337
70.44279479980469 457.73565673828125 0.4897295832633972
73.3743896484375 459.16180419921875 0.4158124327659607
76.4032974243164 460.3675537109375 0.34189528226852417
79.51298522949219 461.3463439941406 0.26797813177108765
82.68646240234375 462.0928039550781 0.19406099617481232
85.90640258789062 462.6028747558594 0.12014386057853699
89.15521240234375 462.8737487792969 0.04622672498226166
92.4151611328125 462.9039611816406 -0.027690410614013672
95.6684341430664 462.693359375 -0.101607546210289
99.17520904541016 462.2531433105469 -0.14814633131027222
102.65770721435547 461.6502685546875 -0.19468477368354797
106.10839080810547 460.88604736328125 -0.24122321605682373
109.51978302001953 459.9621276855469 -0.2877616584300995
112.8844985961914 458.8804931640625 -0.33430010080337524
116.19525146484375 457.64349365234375 -0.380838543176651
119.44486999511719 456.2538146972656 -0.42737698554992676
122.6263198852539 454.7144470214844 -0.4739154279232025
125.73271179199219 453.02874755859375 -0.5204538702964783
128.75732421875 451.20037841796875 -0.5669923424720764
131.693603515625 449.2332763671875 -0.6135308146476746
134.96319580078125 446.9306335449219 -0.6136260628700256
138.23257446289062 444.627685546875 -0.6137213110923767
141.50172424316406 442.3244323730469 -0.6138165593147278
144.77066040039062 440.0208740234375 -0.6139118075370789
144.77066040039062 440.0208740234375 -1.0139118432998657
146.88417053222656 436.6259460449219 -1.0140070915222168
146.88417053222656 436.6259460449219 -1.4140070676803589
147.5084228515625 432.6759338378906 -1.41410231590271
148.13229370117188 428.7258605957031 -1.414197564125061
148.75579833984375 424.7757263183594 -1.414292812347412
149.37892150878906 420.8255310058594 -1.4143880605697632
150.0016632080078 416.8752746582031 -1.4144833087921143
150.62403869628906 412.9249572753906 -1.4145785570144653
151.24603271484375 408.9745788574219 -1.4146738052368164
151.86766052246094 405.0241394042969 -1.4147690534591675
152.48890686035156 401.0736389160156 -1.4148643016815186
153.10977172851562 397.1230773925781 -1.4149595499038696
153.7302703857422 393.1724548339844 -1.4150547981262207
154.3503875732422 389.2217712402344 -1.4151500463485718
154.97012329101562 385.2710266113281 -1.4152452945709229
155.58949279785156 381.3202209472656 -1.415340542793274
156.20848083496094 377.3693542480469 -1.415435791015625
156.82708740234375 373.41845703125 -1.415531039237976
157.44532775878906 369.4674987792969 -1.4156262874603271
157.44532775878906 369.4674987792969 -1.8156262636184692
156.47581481933594 365.5877685546875 -1.8157215118408203
155.50592041015625 361.7081298828125 -1.8158167600631714
154.53565979003906 357.8285827636719 -1.8159120082855225
153.56503295898438 353.9491271972656 -1.8160072565078735
152.5940399169922 350.06976318359375 -1.8161025047302246
151.6226806640625 346.19049072265625 -1.8161977529525757
150.65093994140625 342.3113098144531 -1.8162930011749268
149.6788330078125 338.4322204589844 -1.8163882493972778
148.70635986328125 334.55322265625 -1.816483497619629
147.7335205078125 330.67431640625 -1.81657874584198
146.7602996826172 326.7955017089844 -1.816673994064331
145.78671264648438 322.9167785644531 -1.8167692422866821
144.81275939941406 319.03814697265625 -1.8168644905090332
143.83843994140625 315.15960693359375 -1.8169597387313843
142.86375427246094 311.2811584472656 -1.8170549869537354
141.88868713378906 307.4028015136719 -1.8171502351760864
140.9132537841797 303.5245361328125 -1.8172454833984375
139.9374542236328 299.6463623046875 -1.8173407316207886
138.96128845214844 295.7682800292969 -1.8174359798431396
137.98475646972656 291.8902893066406 -1.8175312280654907
137.00784301757812 288.01239013671875 -1.8176264762878418
136.0305633544922 284.13458251953125 -1.8177217245101929
135.05291748046875 280.2568664550781 -1.817816972732544
134.0749053955078 276.3792419433594 -1.817912220954895
133.09652709960938 272.501708984375 -1.818007469177246
132.11776733398438 268.6242980957031 -1.8181027173995972
131.13864135742188 264.7469787597656 -1.8181979656219482
130.15914916992188 260.8697509765625 -1.8182932138442993
129.17929077148438 256.99261474609375 -1.8183884620666504
128.19906616210938 253.11557006835938 -1.8184837102890015
127.21846771240234 249.23861694335938 -1.8185789585113525
126.23749542236328 245.36175537109375 -1.8186742067337036
125.25615692138672 241.4849853515625 -1.8187694549560547
124.27444458007812 237.60830688476562 -1.8188647031784058
123.29236602783203 233.73171997070312 -1.8189599514007568
122.3753890991211 230.60325622558594 -1.8928771018981934
121.22987365722656 227.55105590820312 -1.9667942523956299
119.8620834350586 224.59178161621094 -2.0407114028930664
118.05110168457031 221.0262908935547 -2.040806531906128
116.23978424072266 217.46096801757812 -2.0409016609191895
114.4281234741211 213.8958282470703 -2.040996789932251
112.61612701416016 210.3308563232422 -2.0410919189453125
110.80378723144531 206.76605224609375 -2.041187047958374
108.9911117553711 203.201416015625 -2.0412821769714355
107.17809295654297 199.636962890625 -2.041377305984497
105.36473846435547 196.0726776123047 -2.0414724349975586
103.5510482788086 192.50856018066406 -2.04156756401062
101.73701477050781 188.9446258544922 -2.0416626930236816
99.92264556884766 185.380859375 -2.041757822036743
98.1079330444336 181.8172607421875 -2.0418529510498047
96.29288482666016 178.25384521484375 -2.041948080062866
94.47749328613281 174.6905975341797 -2.0420432090759277
92.6617660522461 171.1275177001953 -2.0421383380889893
92.38286590576172 170.7592010498047 -2.3956968784332275
89.44551849365234 168.04547119140625 -2.395792007446289
86.5079116821289 165.33201599121094 -2.3958871364593506
86.5079116821289 165.33201599121094 -2.7958872318267822
82.74539947509766 163.97708129882812 -2.7959823608398438
78.98275756835938 162.62249755859375 -2.7960774898529053
75.21998596191406 161.26828002929688 -2.796172618865967
71.45708465576172 159.91441345214844 -2.7962677478790283
67.69405364990234 158.56089782714844 -2.79636287689209
63.93089294433594 157.20774841308594 -2.7964580059051514
60.167606353759766 155.85494995117188 -2.796553134918213
56.40419006347656 154.5025177001953 -2.7966482639312744
56.40419006347656 154.5025177001953 -2.796743392944336
56.40419006347656 154.5025177001953 -2.7968385219573975
56.40419006347656 154.5025177001953 -2.796933650970459
56.40419006347656 154.5025177001953 -2.7970287799835205
56.40419006347656 154.5025177001953 -2.797123908996582
56.40419006347656 154.5025177001953 -2.7972190380096436
56.40419006347656 154.5025177001953 -2.797314167022705
56.40419006347656 154.5025177001953 -2.7974092960357666
56.40419006347656 154.5025177001953 -2.797504425048828
56.40419006347656 154.5025177001953 -2.7975995540618896
