-390.0
-390.0
-390.0
-390.0
-390.0
-390.0
-386.0038849581904
-382.0078510660576
-378.0119008971465
-374.01603713492887
-370.0202625787328
-366.02458015006005
-362.02899289932094
-358.03350401301964
-354.03811682142475
-350.042834806765
-346.047661611991
-342.05260105015043
-338.10277865458545
-334.15223126660794
-330.2009951386134
-326.2491388199619
-322.29673275091824
-318.3438494495223
-314.39053296058717
-310.4368602240637
-306.4829105379331
-302.5287353048706
-298.5744192025629
-294.61118612205894
-294.61118612205894
-290.96909839645997
-287.3281519108955
-283.6884522090996
-280.050140614668
-276.41333333180705
-272.7781830305274
-269.14481778988716
-265.51340310519487
-261.8840809012113
-258.257031363485
-254.6324428083442
-251.01048152537962
-247.3913237273142
-243.7751854687112
-240.16229379203656
-236.55285728729504
-232.94712656780928
-229.34380970767108
-225.73063483634823
-225.73063483634823
-223.07897875020657
-220.45277186680119
-217.85295811586252
-215.2805776471386
-212.71462924845582
-210.42370900798906
-210.42370900798906
-210.42370900798906
-210.42370900798906
-210.42370900798906
-210.42370900798906
-210.42370900798906
-210.42370900798906
-213.73962388301115
-217.08648380754465
-220.4628266592046
-223.86723531956804
-227.29836510452898
-230.75499935720126
-234.23589560869473
-237.7399324937735
-241.26604684765414
-244.81319972223775
-248.38040385752632
-251.96675097734766
-255.57134912711734
-259.1933800929678
-262.8320361718833
-266.4865793640113
-270.15627772420584
-273.8404647808502
-277.538476151135
-281.2496784597653
-284.9734980895555
-288.70935866039724
-292.45671013446486
-296.21505726528454
-299.98392826354865
-303.7628128132239
-307.55131252725454
-311.3489577753351
-315.1553582694461
-318.9701112232988
-322.79286105228016
-326.6232376001262
-330.46091632080584
-334.3055259513527
-338.15680030387233
-342.01439460622726
-345.87803725356895
-349.747437749785
-353.62234715143944
-353.62234715143944
-353.62234715143944
-353.62234715143944
-353.62234715143944
-352.7451756796822
-351.911286333647
-351.12098749053666
-351.12098749053666
-348.9003350106379
-346.7116088445783
-344.5554174113522
-342.432375295154
-340.3431028475618
-338.2882257548814
-336.26837456965825
-334.2841842054588
-332.3362933941357
-330.4253441049153
-328.5811175209463
-326.7904663444313
-325.02969902172356
-325.02969902172356
-322.02974817499233
-319.09163517878005
-316.18793429765674
-316.18793429765674
-312.4371793765073
-308.69268277667345
-304.9546750334477
-301.22339771577356
-297.4991040657066
-293.827793923066
-290.17079936442093
-286.52872580867034
-282.9021778191015
-279.28468051861614
-279.28468051861614
-275.28590940495724
-271.2871748515401
-267.3343605119464
-263.38212986505346
-259.43063452524854
-255.4799724844819
-251.5302478118378
-247.5816007381293
-243.63418041792175
-239.6881399307169
-235.743612890675
-231.80077147388496
-227.85976802226003
-223.92082457964722
-219.98408604033008
-216.04979655104216
-212.11815675754877
-208.18941178257518
-204.26379163355566
-200.34159039853355
-196.4230903202416
-192.50859519257725
-188.5984346003926
-184.69297906462833
-184.69297906462833
-180.85088862254247
-177.009388393221
-173.16858860479311
-169.3286085293073
-165.48960898722265
-161.65172878380247
-157.81513798703702
-153.980019040689
-150.14655392576793
-146.31496115416937
-142.48547806159573
-138.65832931970624
-138.65832931970624
-135.5397704245041
-132.45440705565605
-129.40467275961362
-126.3929985896529
-126.3929985896529
-124.68727102533508
-123.06840388917892
-121.53990649778592
-120.1052642319798
-118.76791147111055
-117.53119995172703
-116.3983506657706
-115.37246373381953
-114.45642322371756
-113.65290590394967
-112.9643300365922
-112.96433168481167
-112.96433168481167
-112.96433168481167
-112.96433168481167
-112.96433168481167
-112.96433168481167
-116.09738714600934
-119.28992058077013
-122.53693006711634
-122.53693006711634
-124.7387719157844
-127.04013740065935
-129.43566648819177
-131.92019047862388
-134.48872245694656
-137.1364856145276
-139.85893714982905
-142.65172697858944
-145.51075930230192
-148.4321601862572
-151.41224242377407
-154.447561109043
-157.53485937255158
-160.6710756255165
-163.85333569641924
-167.078956737515
-170.34539454440755
-173.65029357228843
-176.9914159304857
-180.36669353428005
-183.7741759944961
-187.2120359755887
-190.71430294366917
-194.2357953888735
-197.77548635587092
-201.3324159844819
-204.90365706035826
-204.90365706035826
-204.90365706035826
-205.94566217708424
-205.94566217708424
-205.94566217708424
-205.94566217708424
-202.8263162432206
-199.74201558142985
-199.74201558142985
-195.9545011196952
-192.17908977651135
-188.4165835676868
-184.66784602815378
-180.9338223101665
-177.2155337084883
-173.5140625459535
-169.83058490839252
-169.83058490839252
-169.83058490839252
-166.22595844956206
-162.62996413616392
-159.04326590514128
-155.46658789873845
-151.9007035255424
-148.346469071475
-148.346469071475
-145.78207549014073
-143.26686349039613
-140.8035184249702
-138.39487721027768
-136.04389201464508
-133.75365023490528
-131.5273704794463
-129.36841283777517
-127.28024588229192
-125.26644873044927
-123.3307178128187
-121.47682041277339
-119.70859247728755
-118.02993113273102
-116.44473899184732
-114.95690984640618
-113.5703104625074
-112.28872767432827
-111.11581504208095
-110.05507817578784
-109.10980252436245
-108.28302398794403
-107.57751271353361
-106.9988395864228
-106.6821060772493
-106.6821060772493
-106.6821060772493
-106.6821060772493
-106.6821060772493
-106.6821060772493
-106.6821060772493
-106.6821060772493
-106.6821060772493
-106.6821060772493
-106.6821060772493
