-392.24543476235675
-394.32995414933396
-396.245557433209
-397.9849489947267
-399.54158161469365
-400.90970320684164
-402.08428774457207
-403.06103176051346
-403.8364178124325
-404.4076613663263
-404.77269514465144
-404.93022017634365
-404.92395164922317
-404.7895059445661
-404.5270071546563
-404.1367367833732
-403.61913238059884
-402.974735282637
-402.20422186563604
-401.308439850403
-400.288354015213
-399.1450833750034
-397.8798489086617
-396.4940680938841
-394.8829463977016
-393.3055487153457
-393.3055487153457
-390.4442456362424
-387.60285447927504
-387.60285447927504
-383.89806539207643
-380.1990958954211
-376.5061211536161
-372.81931582143187
-369.1388648218671
-365.46498977875507
-361.7978643778747
-358.13769222107504
-354.48469273004486
-350.83908608794025
-347.2011052512153
-343.5709967167396
-339.94900860358126
-336.3354033459638
-332.730458551996
-329.13448368022483
-325.5477458280956
-325.5477458280956
-321.5561350880717
-317.5646652170063
-313.5733716547174
-309.58225644314757
-305.59133113594277
-301.6006030865073
-297.61008004360355
-293.61976553389974
-289.62967279709704
-285.63978188459146
-281.6501314872634
-277.66072708029463
-273.67158410289574
-269.6827139608017
-265.6941239997483
-261.7058317621271
-257.71785087025387
-253.73019580331643
-249.74284819289983
-245.75585820381258
-241.7692433220428
-237.78302220618104
-233.79720989779057
-229.8118325580398
-225.82691300180642
-221.8424756822842
-217.85854186418857
-213.87511583785303
-209.89225680018734
-205.9099974274094
-201.92837043220413
-197.9474138564967
-193.9671714265952
-189.9876852103263
-186.00900622012063
-182.73179379127447
-179.4472514712665
-176.17221611104262
-172.19908109281454
-168.22720942670762
-164.25670779444272
-160.28766323850752
-156.32020185013408
-152.354446935422
-148.39052047177086
-144.42858822771692
-140.46881854577333
-136.5113870482072
-132.55651587674157
-128.60442625678277
-124.65539820573986
-120.70973175488757
-116.7677525914086
-116.7677525914086
-113.42625714011447
-110.12880948392055
-107.09501766230433
-107.09501766230433
-105.18274236200074
-103.39017962288999
-101.72365969279132
-100.1894712969637
-98.79378046010842
-97.54253194246417
-96.44134796639572
-95.49541997530443
-95.49541997530443
-95.49541997530443
-95.49541997530443
-95.49541997530443
-95.49541997530443
-95.49541997530443
-95.49541997530443
-95.49541997530443
-95.49541997530443
-95.49541997530443
