61.952842712402344 451.6948547363281 0.6441895961761475
64.12478637695312 453.0980224609375 0.5029810070991516
66.47258758544922 454.1815490722656 0.36177241802215576
68.94951629638672 454.9238586425781 0.2205638438463211
71.50626373291016 455.3101806640625 0.07935526967048645
74.09192657470703 455.3327941894531 -0.061853304505348206
76.65504455566406 454.9913024902344 -0.20306187868118286
79.14458465576172 454.29248046875 -0.3442704677581787
81.51099395751953 453.2502136230469 -0.48547905683517456
83.70716094970703 451.8852844238281 -0.6266876459121704
85.68936920166016 450.224853515625 -0.7678962349891663
88.56490325927734 447.4476318359375 -0.7681249976158142
91.4397964477539 444.66973876953125 -0.7683537602424622
94.31405639648438 441.89117431640625 -0.7685825228691101
97.18768310546875 439.1119689941406 -0.7688112854957581
100.0606689453125 436.33209228515625 -0.769040048122406
102.93302154541016 433.55157470703125 -0.769268810749054
105.80474090576172 430.7703857421875 -0.7694975733757019
108.67581939697266 427.9885559082031 -0.7697263360023499
108.67581939697266 427.9885559082031 -1.1697262525558472
110.23612213134766 424.30792236328125 -1.1699550151824951
111.79557800292969 420.6269226074219 -1.170183777809143
113.35419464111328 416.945556640625 -1.170412540435791
114.91197204589844 413.2638244628906 -1.170641303062439
116.46890258789062 409.5817565917969 -1.170870065689087
118.02499389648438 405.8993225097656 -1.1710988283157349
119.58023834228516 402.2165222167969 -1.1713275909423828
121.1346435546875 398.53338623046875 -1.1715563535690308
122.68820190429688 394.8498840332031 -1.1717851161956787
124.24092102050781 391.1660461425781 -1.1720138788223267
125.79280090332031 387.4818420410156 -1.1722426414489746
127.34383392333984 383.7972717285156 -1.1724714040756226
128.89402770996094 380.11236572265625 -1.1727001667022705
130.44337463378906 376.4270935058594 -1.1729289293289185
130.44337463378906 376.4270935058594 -1.5729289054870605
130.43438720703125 372.42938232421875 -1.5731576681137085
130.42449951171875 368.431640625 -1.5733835697174072
130.41415405273438 364.431640625 -1.5733835697174072
130.40380859375 360.431640625 -1.5733835697174072
130.39346313476562 356.431640625 -1.5733835697174072
130.38311767578125 352.431640625 -1.5733835697174072
130.372314453125 348.4339294433594 -1.5736123323440552
130.360595703125 344.4362487792969 -1.5738410949707031
130.34796142578125 340.4385681152344 -1.574069857597351
130.33441162109375 336.4408874511719 -1.574298620223999
130.3199462890625 332.4432067871094 -1.574527382850647
130.30458068847656 328.4455261230469 -1.574756145477295
130.28829956054688 324.4478454589844 -1.5749849081039429
130.27110290527344 320.4501647949219 -1.5752136707305908
130.25299072265625 316.4524841308594 -1.5754424333572388
130.2339630126953 312.4548034667969 -1.5756711959838867
130.21401977539062 308.4571533203125 -1.5758999586105347
130.1931610107422 304.4595031738281 -1.5761287212371826
130.17138671875 300.46185302734375 -1.5763574838638306
130.14869689941406 296.4642028808594 -1.5765862464904785
130.12509155273438 292.466552734375 -1.5768150091171265
130.10057067871094 288.4689025878906 -1.5770437717437744
130.07513427734375 284.4712829589844 -1.5772725343704224
130.0487823486328 280.4736633300781 -1.5775012969970703
130.02151489257812 276.4760437011719 -1.5777300596237183
129.9933319091797 272.4784240722656 -1.5779588222503662
129.96424865722656 268.4808044433594 -1.5781875848770142
129.9342498779297 264.48321533203125 -1.578416347503662
129.90333557128906 260.4856262207031 -1.57864511013031
129.8715057373047 256.488037109375 -1.578873872756958
129.83876037597656 252.49046325683594 -1.579102635383606
129.8050994873047 248.49288940429688 -1.579331398010254
129.77052307128906 244.49533081054688 -1.5795601606369019
129.7350311279297 240.49777221679688 -1.5797889232635498
129.69862365722656 236.50022888183594 -1.5800176858901978
129.69862365722656 236.50022888183594 -1.9800176620483398
128.10752868652344 232.83277893066406 -1.9802464246749878
126.5156021118164 229.1656951904297 -1.9804751873016357
124.92283630371094 225.4989776611328 -1.9807039499282837
123.32923126220703 221.83262634277344 -1.9809327125549316
121.73478698730469 218.16664123535156 -1.9811614751815796
120.1395034790039 214.5010223388672 -1.9813902378082275
120.1395034790039 214.5010223388672 -2.38139009475708
117.24205780029297 211.7466583251953 -2.3816189765930176
114.34398651123047 208.99295043945312 -2.381847858428955
111.44528198242188 206.2399139404297 -2.3820767402648926
108.54595184326172 203.48753356933594 -2.38230562210083
108.54006958007812 203.48385620117188 -2.781606912612915
104.7984390258789 202.0760498046875 -2.7818357944488525
101.05648803710938 200.66909790039062 -2.78206467628479
97.31421661376953 199.26300048828125 -2.7822935581207275
93.57162475585938 197.85775756835938 -2.782522439956665
89.8287124633789 196.453369140625 -2.7827513217926025
86.08547973632812 195.04983520507812 -2.78298020362854
82.3419189453125 193.6471710205078 -2.7832090854644775
78.59803771972656 192.245361328125 -2.783437967300415
74.85383605957031 190.8444061279297 -2.7836668491363525
71.10931396484375 189.44430541992188 -2.78389573097229
67.36447143554688 188.04505920410156 -2.7841246128082275
63.61931228637695 186.64666748046875 -2.784353494644165
59.87383270263672 185.2491455078125 -2.7845823764801025
56.12803268432617 183.85247802734375 -2.78481125831604
52.38191223144531 182.4566650390625 -2.7850401401519775
48.635475158691406 181.06170654296875 -2.785269021987915
44.88871765136719 179.6676025390625 -2.7854979038238525
41.14164352416992 178.2743682861328 -2.78572678565979
37.43134307861328 176.90476989746094 -2.7902252674102783
33.67573165893555 175.52804565429688 -2.7902252674102783
29.920120239257812 174.1513214111328 -2.7902252674102783
26.164508819580078 172.77459716796875 -2.7902252674102783
22.408897399902344 171.3978729248047 -2.7902252674102783
18.65328598022461 170.02114868164062 -2.7902252674102783
18.65328598022461 170.02114868164062 -2.7902252674102783
18.65328598022461 170.02114868164062 -2.7902252674102783
18.65328598022461 170.02114868164062 -2.7902252674102783
18.65328598022461 170.02114868164062 -2.7902252674102783
18.65328598022461 170.02114868164062 -2.7902252674102783
18.65328598022461 170.02114868164062 -2.7902252674102783
18.65328598022461 170.02114868164062 -2.7902252674102783
18.65328598022461 170.02114868164062 -2.7902252674102783
18.65328598022461 170.02114868164062 -2.7902252674102783
18.65328598022461 170.02114868164062 -2.7902252674102783
