-392.2456799739122
-394.33050735832586
-396.2464502422181
-397.9862736596081
-399.5434303471398
-400.91213774587266
-402.087400908287
-403.0649169346845
-403.8411691544366
-404.4133446795396
-404.77940826474946
-404.9380323142553
-404.93304302437
-404.7998903686484
-404.53875650740343
-404.1499242251469
-403.633805075954
-402.9909401376388
-402.22200950881825
-401.3278627001387
-400.3094674880326
-399.16791469630715
-397.9044572339442
-396.52048578624283
-394.9115019937821
-393.3362540340416
-391.79524444248983
-391.79524444248983
-388.96176838460553
-388.96176838460553
-385.26124457276876
-381.56660109876236
-377.8780105052546
-374.1956555213034
-370.5197480618297
-366.85045526191095
-363.18797389135284
-359.5325121790552
-355.8842904983794
-352.2435298978267
-348.61046421463794
-344.98534083849574
-341.36840868196873
-337.7599309751482
-334.1602153234618
-334.1602153234618
-330.16686339461467
-326.1736327227041
-322.1805322228087
-318.18753742745344
-314.1946824829727
-310.2019681110526
-306.209404261355
-302.21699670679845
-298.22475153051874
-294.2326751468829
-290.24076977906486
-286.24901797009886
-282.25745641167646
-278.2660930901506
-274.2749318616357
-270.2839862475183
-266.293265736799
-262.30278039688864
-258.31253626517844
-254.32252027205882
-250.3327735780685
-246.34330905397653
-242.35414041870254
-238.36527757592035
-234.37674085907574
-230.38854698433158
-226.4007138459494
-222.4132268502734
-218.4261403330372
-214.43947640178217
-210.45325640245986
-206.46750836644262
-202.482259926154
-198.49753846006803
-194.51336428063803
-191.23294234390056
-187.94870396513315
-184.67762743843267
-181.43758793336977
-178.24724021210767
-174.4055885374458
-170.57128421024947
-166.7448215674149
-162.92676584538546
-159.11770951999546
-155.31832763626656
-151.52934971368308
-147.75155883160406
-143.98585301826157
-140.2331904048892
-136.49466031460395
-132.77144310689064
-129.06487780836227
-125.3764425253937
-121.7077684687076
-118.06071519099349
-114.4373340163489
-110.83996110512595
-107.27119859039635
-103.73401433653017
-103.73401433653017
-101.27863455424821
-98.92432317339416
-96.67846453512108
-94.54878767045072
-94.54878767045072
-94.54878767045072
-94.54878767045072
-94.54878767045072
-94.54878767045072
-94.54878767045072
-94.54878767045072
-94.54878767045072
-94.54878767045072
-94.54878767045072
