-392.2659781438427
-394.37656425337633
-396.3242843207307
-398.1023544501121
-399.70463687765346
-401.1256610112557
-402.3606480980865
-403.40545086704253
-404.2566168446787
-404.9113078669768
-405.3674048206874
-405.62340552825253
-405.6784499800841
-405.56809155363084
-405.33524343810274
-404.9801272453891
-404.5031081520321
-403.90463326109676
-403.1852688234019
-402.34570187751007
-401.38677665918414
-400.3094090578492
-399.11465229572974
-397.8036586577973
-396.2869023684503
-394.8044892203054
-394.8044892203054
-392.016281840826
-389.2489167302204
-389.2489167302204
-385.58480633084014
-381.92727732202235
-378.2765240595659
-374.63274091630046
-370.99610352725773
-367.36685829152646
-363.74522255902747
-360.1314296884029
-356.52571411425754
-352.92832733141336
-349.3395224419197
-345.75957074892074
-345.75957074892074
-341.76883944549587
-337.77827192565906
-333.7878995562633
-329.797703877909
-325.80772113189136
-321.817925013444
-317.8283567297761
-313.838990720327
-309.8498690053542
-305.86097121453446
-301.8723316106593
-297.88393514425496
-293.89582145913556
-289.90796789499666
-285.9204196372007
-281.93315527985624
-277.9461921869773
-273.95957325279187
-269.9732793157265
-265.9873593789632
-262.00179607020414
-258.016640346517
-254.03188147211685
-250.04756357494122
-246.06368292163296
-242.08028621015478
-238.09737262657617
-234.11499655740812
-230.13315130984842
-226.15189953525172
-222.1712384960308
-218.1912351899491
-214.2118939833491
-210.233284692323
-206.2554173541365
-202.2783510905755
-198.30213410902155
-194.32682102286566
-190.3524658858879
-186.96667505391378
-183.65726845392444
-180.35132655279327
-177.0651741419642
-173.81598410931048
-169.92309123187832
-166.03532962886638
-162.15306847948816
-158.27672719658412
-154.4067361440733
-150.5435851680716
-146.68781480647698
-142.84002287381136
-139.00087207374165
-135.17110078619655
-131.35152732053598
-127.54306802343136
-123.74674921456976
-119.9637385316505
-116.19531972589098
-112.44296008985216
-108.7083228063966
-108.7083228063966
-105.88060296795865
-103.13071566474113
-100.465053234649
-97.89048070708137
-95.41438748548765
-95.41438748548765
-95.41438748548765
-95.41438748548765
-95.41438748548765
-94.50067305366835
-94.50067305366835
-94.50067305366835
-94.50067305366835
-94.50067305366835
-94.50067305366835
-94.50067305366835
-94.50067305366835
-94.50067305366835
-94.50067305366835
-94.50067305366835
