-392.2458333305503
-394.3308458093054
-396.24706608469677
-397.98719811585715
-399.5447246909163
-400.91386345582976
-402.0895892306212
-403.06763007563757
-403.84447048549566
-404.41729809753065
-404.7840489794999
-404.9434579177852
-404.93935188172895
-404.8071755574994
-404.5470567896723
-404.15924913454546
-403.6441955282933
-403.0024391266845
-402.2346611966928
-401.34171358006313
-400.3245352379262
-399.1842196842926
-397.922048558392
-396.5393864348152
-394.93194490619464
-393.3582500382218
-391.81873157875367
-391.81873157875367
-388.9865625325002
-388.9865625325002
-385.28676784951466
-381.59286682980934
-377.90503235451894
-374.22344750184885
-370.54829495510154
-366.8797718750904
-363.21807541561054
-359.56341420161937
-355.91600901524913
-352.27608132435597
-348.6438653987244
-345.01963840932257
-341.403620306796
-337.79607914205616
-334.19728516572536
-334.19728516572536
-330.20404955872107
-326.2109424435843
-322.21796394533635
-318.2250941386525
-314.2323672758414
-310.23978867929804
-306.24735944887294
-302.2550899614157
-298.2629864309799
-294.2710554098873
-290.27927013360465
-286.28767157167584
-282.2962674382082
-278.305065890868
-274.31407096398436
-270.3232963734001
-266.3327518112378
-262.3424475602514
-258.3523654775434
-254.362541577594
-250.37299284694976
-246.38373243086642
-242.39477434059236
-238.40612878708384
-234.4178164403546
-230.42985437182972
-226.44223188365274
-222.4549927445272
-218.46816274313295
-214.48176445501144
-210.49582216516765
-206.51035958207535
-202.52539290690603
-198.54096460297188
-194.5571100937587
-191.27655917263084
-187.99205227306658
-184.72047117076175
-181.47965656265902
-178.28825264731228
-174.44536168100097
-170.6097454602152
-166.78192338834697
-162.96242729653315
-159.1518741209191
-155.35090455966647
-151.56025713228428
-147.78071079119985
-144.01315281230688
-140.2585360468393
-136.51794175208067
-132.7925563240234
-129.08367933665784
-125.39279303681002
-121.72151684460005
-118.07169733612359
-114.44537153971085
-110.84485985697725
-107.27274710582525
-103.73198209801626
-103.73198209801626
-101.27035337339181
-98.90951271019921
-96.65682979259459
-96.65682979259459
-96.65682979259459
-96.65682979259459
-96.65682979259459
-96.65682979259459
-96.65682979259459
-96.65682979259459
-94.52221887782426
-94.52221887782426
-94.52221887782426
-94.52221887782426
-94.52221887782426
-94.52221887782426
-94.52221887782426
-94.52221887782426
-94.52221887782426
-94.52221887782426
-94.52221887782426
