62.40403747558594 452.2380676269531 0.7139242887496948
64.96176147460938 454.2987365722656 0.6424503922462463
67.66011810302734 456.1715087890625 0.5709764957427979
70.48532104492188 457.8468017578125 0.49950259923934937
73.4229507446289 459.3160400390625 0.4280287027359009
76.45800018310547 460.5717468261719 0.3565548062324524
79.5749740600586 461.6075134277344 0.2850809097290039
82.7579574584961 462.41802978515625 0.2136070281267166
85.9906997680664 462.9991760253906 0.14213314652442932
89.2566909790039 463.3479919433594 0.07065926492214203
92.53925323486328 463.4626770019531 -0.0008146166801452637
95.82162475585938 463.3426513671875 -0.07228849828243256
99.35665130615234 463.00677490234375 -0.11716413497924805
102.87305450439453 462.5126647949219 -0.16203975677490234
106.3637466430664 461.8612976074219 -0.20691537857055664
109.82170867919922 461.0539855957031 -0.25179100036621094
113.2399673461914 460.0923767089844 -0.29666662216186523
116.61164855957031 458.9783935546875 -0.34154224395751953
119.92996215820312 457.7142639160156 -0.38641786575317383
123.18822479248047 456.30255126953125 -0.4312934875488281
126.37987518310547 454.74609375 -0.4761691093444824
129.4984893798828 453.04803466796875 -0.5210447311401367
132.5377960205078 451.2117614746094 -0.565920352935791
135.49166870117188 449.2409973144531 -0.6107959747314453
138.767578125 446.9472961425781 -0.610887348651886
142.0432891845703 444.6532897949219 -0.6109787225723267
142.0432891845703 444.6532897949219 -1.0109786987304688
144.16677856445312 441.2645568847656 -1.0110701322555542
146.2899169921875 437.87567138671875 -1.0111678838729858
146.2899169921875 437.87567138671875 -1.411167860031128
146.92539978027344 433.9273986816406 -1.4112592935562134
147.56051635742188 429.97906494140625 -1.4113507270812988
148.19528198242188 426.0306701660156 -1.4114421606063843
148.82968139648438 422.08221435546875 -1.4115335941314697
149.46371459960938 418.1336975097656 -1.4116250276565552
150.09738159179688 414.1851501464844 -1.4117164611816406
150.73069763183594 410.2365417480469 -1.411807894706726
151.3636474609375 406.2878723144531 -1.4118993282318115
151.99624633789062 402.3391418457031 -1.411990761756897
152.62847900390625 398.3903503417969 -1.4120821952819824
153.26034545898438 394.4414978027344 -1.4121736288070679
153.89186096191406 390.4925842285156 -1.4122650623321533
154.52301025390625 386.5436096191406 -1.4123564958572388
155.15379333496094 382.5945739746094 -1.4124479293823242
155.7842254638672 378.6454772949219 -1.4125393629074097
156.41429138183594 374.69635009765625 -1.4126307964324951
157.0439910888672 370.7471618652344 -1.4127222299575806
157.0439910888672 370.7471618652344 -1.8127222061157227
156.0857391357422 366.8645935058594 -1.812813639640808
155.12713623046875 362.9820861816406 -1.8129050731658936
154.16818237304688 359.09967041015625 -1.812996506690979
153.2088623046875 355.21734619140625 -1.8130879402160645
152.2491912841797 351.3351135253906 -1.81317937374115
151.28916931152344 347.4529724121094 -1.8132708072662354
150.32879638671875 343.5709228515625 -1.8133622407913208
149.36805725097656 339.68896484375 -1.8134536743164062
148.40696716308594 335.8070983886719 -1.8135451078414917
147.44552612304688 331.92529296875 -1.8136365413665771
146.48373413085938 328.0435791015625 -1.8137279748916626
145.52157592773438 324.1619567871094 -1.813819408416748
144.55906677246094 320.2804260253906 -1.8139108419418335
143.59620666503906 316.39898681640625 -1.814002275466919
142.6329803466797 312.51763916015625 -1.8140937089920044
141.66940307617188 308.6363830566406 -1.8141851425170898
140.70547485351562 304.7552185058594 -1.8142765760421753
139.74119567871094 300.8741455078125 -1.8143680095672607
138.77655029296875 296.9931335449219 -1.8144594430923462
137.81155395507812 293.1122131347656 -1.8145508766174316
136.84620666503906 289.23138427734375 -1.814642310142517
135.88050842285156 285.35064697265625 -1.8147337436676025
134.91444396972656 281.4700012207031 -1.814825177192688
133.94802856445312 277.5894470214844 -1.8149166107177734
132.98126220703125 273.708984375 -1.8150080442428589
132.01414489746094 269.82861328125 -1.8150994777679443
131.04666137695312 265.9483337402344 -1.8151909112930298
130.07882690429688 262.068115234375 -1.8152823448181152
129.1106414794922 258.18798828125 -1.8153737783432007
128.14210510253906 254.30795288085938 -1.8154652118682861
127.17321014404297 250.42800903320312 -1.8155566453933716
126.2039566040039 246.54815673828125 -1.815648078918457
125.2343521118164 242.66839599609375 -1.8157395124435425
124.26438903808594 238.78872680664062 -1.815830945968628
123.29407501220703 234.90914916992188 -1.8159223794937134
122.3836441040039 231.75328063964844 -1.887396216392517
121.25016784667969 228.6704864501953 -1.9588700532913208
119.8994369506836 225.676513671875 -2.030344009399414
118.1255111694336 222.0924072265625 -2.03043532371521
116.35125732421875 218.50845336914062 -2.030526638031006
114.57667541503906 214.92466735839844 -2.0306179523468018
112.80176544189453 211.34103393554688 -2.0307092666625977
111.02652740478516 207.757568359375 -2.0308005809783936
109.25096130371094 204.1742706298828 -2.0308918952941895
107.47506713867188 200.59112548828125 -2.0309832096099854
105.69884490966797 197.00814819335938 -2.0310745239257812
103.92229461669922 193.4253387451172 -2.031165838241577
102.14542388916016 189.84268188476562 -2.031257152557373
100.36822509765625 186.26019287109375 -2.031348466873169
98.5906982421875 182.6778564453125 -2.031439781188965
96.8128433227539 179.09568786621094 -2.0315310955047607
95.03466033935547 175.51368713378906 -2.0316224098205566
93.25614929199219 171.9318389892578 -2.0317137241363525
93.25614929199219 171.9318389892578 -2.431713819503784
90.22296142578125 169.3256072998047 -2.43180513381958
87.18953704833984 166.7196502685547 -2.431896448135376
84.30529022216797 164.30050659179688 -2.455442428588867
84.30529022216797 164.30050659179688 -2.855442523956299
80.46876525878906 163.17189025878906 -2.8555338382720947
76.63213348388672 162.0436248779297 -2.8556251525878906
72.79540252685547 160.91571044921875 -2.8557164669036865
68.95856475830078 159.78814697265625 -2.8558077812194824
65.12162780761719 158.6609344482422 -2.8558990955352783
61.28458786010742 157.53407287597656 -2.855990409851074
57.447444915771484 156.40756225585938 -2.85608172416687
53.610198974609375 155.28140258789062 -2.856173038482666
53.610198974609375 155.28140258789062 -2.856264352798462
53.610198974609375 155.28140258789062 -2.856355667114258
53.610198974609375 155.28140258789062 -2.8564469814300537
53.610198974609375 155.28140258789062 -2.8565382957458496
53.610198974609375 155.28140258789062 -2.8566296100616455
53.610198974609375 155.28140258789062 -2.8567209243774414
53.610198974609375 155.28140258789062 -2.8568122386932373
53.610198974609375 155.28140258789062 -2.856903553009033
53.610198974609375 155.28140258789062 -2.856994867324829
53.610198974609375 155.28140258789062 -2.857086181640625
