-392.22574994282166
-394.28537098444855
-396.1702693311273
-397.87272412702873
-399.3858037412493
-400.70343925510673
-401.820413157457
-402.7322914403436
-403.4355170987404
-403.9273249802615
-404.2058196106572
-404.2699331869007
-404.1562671875409
-403.9091707486205
-403.5289415562011
-403.01602014448446
-402.37099549865206
-401.5946393208437
-400.68788131271367
-399.65181686225975
-398.48765325362075
-397.196839847778
-395.7809242162964
-394.12538552662846
-392.50326835842947
-390.9149856160718
-389.3609543250197
-389.3609543250197
-386.51776842821835
-386.51776842821835
-382.8120929101463
-379.11223491190225
-375.41836292699674
-371.73065542998563
-368.0493014770999
-364.3744899544244
-360.7064208519845
-357.04530593092375
-353.39135744694573
-349.7448000489922
-346.10587152309927
-342.4748109665483
-338.8518713541127
-335.23732037036314
-331.6314280088408
-328.03450901097796
-324.44683622855956
-324.44683622855956
-320.45513207827327
-316.46358513231604
-312.47220617355725
-308.4810017239948
-304.4899786486947
-300.49914417853404
-296.50850126973364
-292.5180625996985
-288.5278366513941
-284.53783238466843
-280.54805927009556
-276.5585225925572
-272.5692376612724
-268.58021571155007
-264.59146865709346
-260.60300434706005
-256.614840973852
-252.62699281544252
-248.63947506635998
-244.65230391218637
-240.6654917289404
-236.67906178220386
-232.69303375403243
-228.70742869841436
-224.7222691625574
-220.73760317889193
-216.75343276436433
-212.76978580854754
-208.7866923277913
-204.80418467127132
-200.82229519773168
-196.84106160019397
-192.86052726141907
-188.88073646128265
-184.9017346740705
-181.64849923753897
-178.3885381144161
-175.13977289192084
-171.17071243213084
-167.20312616153862
-163.2371192065327
-159.27282691217275
-155.31036529975614
-151.34987588508966
-147.39153503728085
-143.43550282630125
-139.48197859224467
-135.53119421556775
-131.58338358506944
-127.63882060936656
-123.69781882155976
-119.76074468245558
-115.8279807976237
-115.42633654500274
-112.0229091559707
-108.66028401972154
-108.66028401972154
-106.49100593105317
-104.43018361808902
-102.48437558836868
-100.6602366505426
-98.96451128276732
-97.40388993584904
-95.98497863429499
-94.71413099423548
-94.71413099423548
-94.71413099423548
-94.71413099423548
-94.71413099423548
-94.71413099423548
-94.71413099423548
-94.71413099423548
-94.71413099423548
-94.71413099423548
-94.71413099423548
