62.40433883666992 452.23846435546875 0.7139730453491211
64.96229553222656 454.29962158203125 0.6425479054450989
67.66082000732422 456.1730041503906 0.5711227655410767
70.48616027832031 457.8490295410156 0.49969759583473206
73.42390441894531 459.31915283203125 0.42827242612838745
76.45906829833984 460.57586669921875 0.35684725642204285
79.57617950439453 461.6127624511719 0.28542208671569824
82.75933837890625 462.424560546875 0.21399691700935364
85.99231719970703 463.00714111328125 0.14257174730300903
89.25862884521484 463.3575134277344 0.07114658504724503
92.54161834716797 463.473876953125 -0.00027857720851898193
95.82453918457031 463.3556823730469 -0.07170373946428299
99.36009979248047 463.02191162109375 -0.11654628813266754
102.87714385986328 462.5299987792969 -0.1613888442516327
106.36859893798828 461.88092041015625 -0.20623140037059784
109.82744598388672 461.0759582519531 -0.251073956489563
113.24673461914062 460.11676025390625 -0.29591649770736694
116.61958312988281 459.0052490234375 -0.3407590389251709
119.93921661376953 457.74365234375 -0.38560158014297485
123.19895935058594 456.33453369140625 -0.4304441213607788
126.39225769042969 454.78070068359375 -0.47528666257858276
129.5126953125 453.08526611328125 -0.5201292037963867
132.55398559570312 451.2516784667969 -0.5649717450141907
135.51002502441406 449.2835998535156 -0.6098142862319946
138.78819274902344 446.99310302734375 -0.6099056005477905
142.06614685058594 444.7023010253906 -0.6099969148635864
145.34385681152344 442.4112243652344 -0.6100913882255554
145.34385681152344 442.4112243652344 -1.0100914239883423
147.47035217285156 439.0243835449219 -1.0101827383041382
147.47035217285156 439.0243835449219 -1.4101827144622803
148.10972595214844 435.0767517089844 -1.4102740287780762
148.7487335205078 431.1290588378906 -1.410365343093872
149.3873748779297 427.1813049316406 -1.410456657409668
150.02566528320312 423.2334899902344 -1.4105479717254639
150.66358947753906 419.2856140136719 -1.4106392860412598
151.30116271972656 415.3376770019531 -1.4107306003570557
151.93836975097656 411.3896789550781 -1.4108219146728516
152.57521057128906 407.4416198730469 -1.4109132289886475
153.21170043945312 403.4934997558594 -1.4110045433044434
153.8478240966797 399.5453186035156 -1.4110958576202393
154.48358154296875 395.5970764160156 -1.4111871719360352
155.11898803710938 391.6488037109375 -1.411278486251831
155.7540283203125 387.7004699707031 -1.411369800567627
156.3887176513672 383.7520751953125 -1.4114611148834229
157.02304077148438 379.8036193847656 -1.4115524291992188
157.02304077148438 379.8036193847656 -1.8115524053573608
156.0693359375 375.919921875 -1.8116437196731567
155.1152801513672 372.03631591796875 -1.8117350339889526
154.16085815429688 368.1528015136719 -1.8118263483047485
153.20608520507812 364.26934814453125 -1.8119176626205444
152.25096130371094 360.385986328125 -1.8120089769363403
151.2954864501953 356.5027160644531 -1.8121002912521362
150.3396453857422 352.6195373535156 -1.8121916055679321
149.38345336914062 348.7364501953125 -1.812282919883728
148.42691040039062 344.85345458984375 -1.812374234199524
147.4700164794922 340.9705505371094 -1.8124655485153198
146.51275634765625 337.08770751953125 -1.8125568628311157
145.55514526367188 333.2049560546875 -1.8126481771469116
144.59718322753906 329.3222961425781 -1.8127394914627075
143.6388702392578 325.4397277832031 -1.8128308057785034
142.68019104003906 321.5572509765625 -1.8129221200942993
141.72116088867188 317.67486572265625 -1.8130134344100952
140.76177978515625 313.7925720214844 -1.8131047487258911
139.8020477294922 309.9103698730469 -1.813196063041687
138.8419647216797 306.0282287597656 -1.813287377357483
137.8815155029297 302.14617919921875 -1.8133786916732788
136.92071533203125 298.26422119140625 -1.8134700059890747
135.95956420898438 294.3823547363281 -1.8135613203048706
134.99806213378906 290.5005798339844 -1.8136526346206665
134.03619384765625 286.618896484375 -1.8137439489364624
133.073974609375 282.7373046875 -1.8138352632522583
132.1114044189453 278.8558044433594 -1.8139265775680542
131.1484832763672 274.974365234375 -1.81401789188385
130.18519592285156 271.093017578125 -1.814109206199646
129.2215576171875 267.2117614746094 -1.814200520515442
128.257568359375 263.3305969238281 -1.8142918348312378
127.29322814941406 259.44952392578125 -1.8143831491470337
126.32852935791016 255.56854248046875 -1.8144744634628296
125.36347961425781 251.68763732910156 -1.8145657777786255
124.3980712890625 247.80682373046875 -1.8146570920944214
123.43231201171875 243.9261016845703 -1.8147484064102173
122.52552032470703 240.76858520507812 -1.886163592338562
121.395751953125 237.6839141845703 -1.957588791847229
120.0487289428711 234.68772888183594 -2.0290138721466064
118.49131774902344 231.79531860351562 -2.1004390716552734
116.7314682006836 229.02142333984375 -2.1718642711639404
114.46974182128906 225.72335815429688 -2.1719555854797363
112.20771026611328 222.4254913330078 -2.1720468997955322
109.94538116455078 219.12783813476562 -2.172138214111328
107.68274688720703 215.83038330078125 -2.172229528427124
105.41981506347656 212.53314208984375 -2.17232084274292
103.15657806396484 209.23609924316406 -2.172412157058716
100.8930435180664 205.93927001953125 -2.1725034713745117
98.62921142578125 202.64263916015625 -2.1725947856903076
96.36507415771484 199.34622192382812 -2.1726861000061035
94.10063934326172 196.0500030517578 -2.1727774143218994
91.83589935302734 192.75399780273438 -2.1728687286376953
89.57086181640625 189.4582061767578 -2.172960042953491
87.3055191040039 186.16261291503906 -2.173051357269287
85.03987884521484 182.8672332763672 -2.173142671585083
82.77393341064453 179.57205200195312 -2.173233985900879
80.5076904296875 176.27708435058594 -2.173325300216675
78.24114990234375 172.98231506347656 -2.1734166145324707
75.97430419921875 169.68775939941406 -2.1735079288482666
73.70716094970703 166.39340209960938 -2.1735992431640625
71.43971252441406 163.09925842285156 -2.1736905574798584
71.43971252441406 163.09925842285156 -2.57369065284729
68.0682601928711 160.9484405517578 -2.573781967163086
64.69660949707031 158.79794311523438 -2.573873281478882
61.324764251708984 156.6477508544922 -2.5739645957946777
61.324764251708984 156.6477508544922 -2.5740559101104736
61.324764251708984 156.6477508544922 -2.5741472244262695
61.324764251708984 156.6477508544922 -2.5742385387420654
61.324764251708984 156.6477508544922 -2.5743298530578613
61.324764251708984 156.6477508544922 -2.5744211673736572
61.324764251708984 156.6477508544922 -2.574512481689453
61.324764251708984 156.6477508544922 -2.574603796005249
57.95134735107422 154.50001525878906 -2.574695110321045
57.95134735107422 154.50001525878906 -2.9746952056884766
57.95134735107422 154.50001525878906 -2.9747865200042725
57.95134735107422 154.50001525878906 -2.9748778343200684
57.95134735107422 154.50001525878906 -2.9749691486358643
57.95134735107422 154.50001525878906 -2.97506046295166
57.95134735107422 154.50001525878906 -2.975151777267456
57.95134735107422 154.50001525878906 -2.975243091583252
57.95134735107422 154.50001525878906 -2.975334405899048
57.95134735107422 154.50001525878906 -2.9754257202148438
57.95134735107422 154.50001525878906 -2.9755170345306396
