62.404212951660156 452.2383117675781 0.7139529585838318
64.96207427978516 454.2992858886719 0.6425077319145203
67.66053009033203 456.1723937988281 0.5710625052452087
70.48580932617188 457.8481140136719 0.4996172785758972
73.42350769042969 459.31787109375 0.4281720519065857
76.45862579345703 460.57415771484375 0.35672682523727417
79.57568359375 461.610595703125 0.28528159856796265
82.75877380371094 462.421875 0.21383635699748993
85.99165344238281 463.0038757324219 0.1423911154270172
89.2578353881836 463.3536071777344 0.0709458738565445
92.5406494140625 463.46929931640625 -0.0004993677139282227
95.8233413696289 463.350341796875 -0.07194460928440094
99.35862731933594 463.0157165527344 -0.11680634319782257
102.87540435791016 462.5228576660156 -0.1616625189781189
106.36653900146484 461.872802734375 -0.20651869475841522
109.82501220703125 461.0668640136719 -0.25137487053871155
113.2438735961914 460.1066589355469 -0.29623106122016907
116.6162338256836 458.9941101074219 -0.3410872519016266
119.93531799316406 457.7314453125 -0.3859434425830841
123.19444274902344 456.32122802734375 -0.4307996332645416
126.38705444335938 454.76629638671875 -0.47565582394599915
129.50672912597656 453.06976318359375 -0.5205119848251343
132.5471954345703 451.23504638671875 -0.5653681755065918
135.50233459472656 449.2658386230469 -0.6102243661880493
138.77955627441406 446.9739990234375 -0.61031574010849
142.0565643310547 444.6818542480469 -0.6104071140289307
145.33297729492188 442.38958740234375 -0.6105400323867798
145.33297729492188 442.38958740234375 -1.0105400085449219
147.45794677734375 439.0018005371094 -1.0106313228607178
147.45794677734375 439.0018005371094 -1.4106312990188599
148.09555053710938 435.0538635253906 -1.4107226133346558
148.7327880859375 431.1058654785156 -1.4108139276504517
149.36965942382812 427.1578063964844 -1.4109052419662476
150.0061798095703 423.2096862792969 -1.4109965562820435
150.642333984375 419.26153564453125 -1.4110878705978394
151.27813720703125 415.3133239746094 -1.4111791849136353
151.91357421875 411.36505126953125 -1.4112704992294312
152.54864501953125 407.4167175292969 -1.411361813545227
153.18336486816406 403.46832275390625 -1.411453127861023
153.81771850585938 399.5198669433594 -1.4115444421768188
154.4517059326172 395.57135009765625 -1.4116357564926147
155.08534240722656 391.6227722167969 -1.4117270708084106
155.71861267089844 387.67413330078125 -1.4118183851242065
156.3515167236328 383.7254333496094 -1.4119096994400024
156.98406982421875 379.7767028808594 -1.4120010137557983
156.98406982421875 379.7767028808594 -1.8120009899139404
156.02862548828125 375.8934326171875 -1.8120923042297363
155.07281494140625 372.01025390625 -1.8121836185455322
154.1166534423828 368.1271667480469 -1.8122749328613281
153.16014099121094 364.244140625 -1.812366247177124
152.20327758789062 360.3612060546875 -1.81245756149292
151.2460479736328 356.4783630371094 -1.8125488758087158
150.28846740722656 352.5956115722656 -1.8126401901245117
149.33053588867188 348.71295166015625 -1.8127315044403076
148.37225341796875 344.83038330078125 -1.8128228187561035
147.4136199951172 340.9479064941406 -1.8129141330718994
146.45462036132812 337.0655212402344 -1.8130054473876953
145.49526977539062 333.1831970214844 -1.8130967617034912
144.5355682373047 329.30096435546875 -1.813188076019287
143.5755157470703 325.4188232421875 -1.813279390335083
142.61509704589844 321.5367736816406 -1.813370704650879
141.65432739257812 317.6548156738281 -1.8134620189666748
140.69320678710938 313.77294921875 -1.8135533332824707
139.7317352294922 309.89117431640625 -1.8136446475982666
138.7698974609375 306.0094909667969 -1.8137359619140625
137.80770874023438 302.12786865234375 -1.8138272762298584
136.8451690673828 298.246337890625 -1.8139185905456543
135.8822784423828 294.3648986816406 -1.8140099048614502
134.91903686523438 290.4835510253906 -1.814101219177246
133.95542907714844 286.602294921875 -1.814192533493042
132.99147033691406 282.72113037109375 -1.814283847808838
132.02716064453125 278.8400573730469 -1.8143751621246338
131.0625 274.9590759277344 -1.8144664764404297
130.09747314453125 271.0781555175781 -1.8145577907562256
129.13209533691406 267.19732666015625 -1.8146491050720215
128.16636657714844 263.31658935546875 -1.8147404193878174
127.20027923583984 259.4359436035156 -1.8148317337036133
126.23384094238281 255.55538940429688 -1.8149230480194092
125.26705169677734 251.6749267578125 -1.815014362335205
124.2999038696289 247.7945556640625 -1.815105676651001
123.33240509033203 243.9142608642578 -1.8151969909667969
122.42422485351562 240.7574462890625 -1.8866411447525024
121.29302215576172 237.67352294921875 -1.958086371421814
119.9445571899414 234.67820739746094 -2.029531717300415
118.3857192993164 231.78680419921875 -2.1009769439697266
116.62445068359375 229.01405334472656 -2.172422170639038
114.36088562011719 225.7172393798828 -2.172513484954834
112.09701538085938 222.42063903808594 -2.17260479927063
109.83284759521484 219.12423706054688 -2.172696113586426
107.56837463378906 215.8280487060547 -2.1727874279022217
105.30360412597656 212.5320587158203 -2.1728787422180176
103.03852844238281 209.2362823486328 -2.1729700565338135
100.77315521240234 205.9407196044922 -2.1730613708496094
98.50747680664062 202.64535522460938 -2.1731526851654053
96.24150085449219 199.35020446777344 -2.173243999481201
93.97522735595703 196.0552520751953 -2.173335313796997
91.70864868164062 192.76051330566406 -2.173426628112793
89.4417724609375 189.46597290039062 -2.173517942428589
87.17459106445312 186.17164611816406 -2.1736092567443848
84.90711212158203 182.87753295898438 -2.1737005710601807
82.63932800292969 179.5836181640625 -2.1737918853759766
80.37124633789062 176.2899169921875 -2.1738831996917725
78.10286712646484 172.9964141845703 -2.1739745140075684
75.83418273925781 169.703125 -2.1740658283233643
73.56520080566406 166.4100341796875 -2.17415714263916
71.29591369628906 163.11715698242188 -2.174248456954956
71.29591369628906 163.11715698242188 -2.5742485523223877
67.92326354980469 160.96823120117188 -2.5743398666381836
64.5504150390625 158.81961059570312 -2.5744311809539795
61.1773681640625 156.67129516601562 -2.5745224952697754
57.80412673950195 154.52328491210938 -2.5746138095855713
57.80412673950195 154.52328491210938 -2.974613904953003
57.80412673950195 154.52328491210938 -2.974705219268799
57.80412673950195 154.52328491210938 -2.9747965335845947
57.80412673950195 154.52328491210938 -2.9748878479003906
57.80412673950195 154.52328491210938 -2.9749791622161865
57.80412673950195 154.52328491210938 -2.9750704765319824
57.80412673950195 154.52328491210938 -2.9751617908477783
57.80412673950195 154.52328491210938 -2.975253105163574
57.80412673950195 154.52328491210938 -2.97534441947937
57.80412673950195 154.52328491210938 -2.975435733795166
