-392.2456799739122
-394.33050735832586
-396.2464502422181
-397.9862736596081
-399.5434303471398
-400.91213774587266
-402.087400908287
-403.0649169346845
-403.8411691544366
-404.4133446795396
-404.77940826474946
-404.9380323142553
-404.93304302437
-404.7998903686484
-404.53875650740343
-404.1499242251469
-403.633805075954
-402.9909401376388
-402.22200950881825
-401.3278627001387
-400.3094674880326
-399.16791469630715
-397.9044572339442
-396.52048578624283
-394.9115019937821
-393.3362540340416
-391.7951819253789
-391.7951819253789
-388.9617992593053
-388.9617992593053
-385.2613421667423
-381.5667701297337
-377.87825229378745
-374.19596775259
-370.52010614462813
-366.8508864496754
-363.18848338256595
-359.5331014787724
-355.8849571570664
-352.2442794298574
-348.61129824977087
-344.986256845475
-341.3694125141008
-337.76102439888706
-334.1613709502791
-334.1613709502791
-330.16803598192996
-326.17479776996976
-322.18169001440714
-318.18871297043245
-314.1958760491427
-310.2031844705102
-306.2106437278477
-302.2182596058371
-298.2260336781944
-294.2339477313068
-290.2420377008324
-286.2503107479653
-282.2587698698161
-278.2674276133505
-274.27629244691934
-270.2853733400578
-266.29464609435223
-262.3041544937274
-258.31390924984817
-254.32392174748296
-250.33419941365213
-246.34475979703328
-242.35561664270608
-238.36678461644615
-234.3782793828862
-230.39008393335897
-226.40224994350592
-222.4147966290094
-218.4277446085819
-214.44111118302789
-210.45492498935008
-206.46919724204355
-202.48397009552278
-198.49927098716012
-194.51513472101803
-191.23471935205032
-187.95047714277445
-184.67938532246367
-181.43928417450314
-178.24886364787554
-174.4071099968067
-170.57269891402788
-166.74612441647034
-162.92795139162746
-159.11877193726738
-155.3192606852791
-151.5301320103023
-147.75219785690933
-143.9863410565839
-140.2335191547091
-136.49482083188337
-132.77142574541887
-129.06467215018827
-125.37602235315818
-121.70713650753149
-118.05985823162426
-114.43623773250062
-110.83860994438571
-107.26957565984674
-103.73210127608826
-103.73210127608826
-101.27620008150036
-98.92136088754445
-96.67495232076305
-94.54470414883252
-94.54470414883252
-94.54470414883252
-94.54470414883252
-94.54470414883252
-94.54470414883252
-94.54470414883252
-94.54470414883252
-94.54470414883252
-94.54470414883252
-94.54470414883252
