env_name: fastsim_FITgym_name: FastsimSimpleNavigation-v0
env_params: {'still_limit': 10, 'reward_kind': 'continuous'}
nb_input: 5
nb_output: 2
nb_layers: 2
nb_neurons_per_layer: 10
episode_nb_step: 1000
episode_reward_kind: final
episode_bd: robot_pos
episode_bd_slice: (0, 2, None)
episode_bd_kind: final
episode_log: {'collision': 'cumul', 'dist_obj': 'final', 'exit_reached': 'final', 'robot_pos': 'final'}
dim_grid: [100, 100]
grid_min_v: [0, 0]
grid_max_v: [600, 600]
goal: [60, 60]
watch_max: dist_obj
min_value: -30
max_value: 30
min_strategy: 0.5
max_strategy: 3
nb_gen: 50
mu: 100
lambda: 200
nov_k: 15
nov_add_strategy: random
nov_lambda: 6
selection: FIT
