-390.0
-390.0
-390.5685875782675
-391.06868384702267
-391.0793177139736
-391.0839434180545
-391.0839434180545
-391.0830296000395
-391.081596469131
-387.48047394850727
-383.8872492615752
-380.30214627269856
-376.72539685209256
-373.15724120919253
-369.59792824106535
-366.0477158965252
-366.045992567923
-362.05940456742934
-358.07311580803145
-354.0871363962368
-350.1014768980094
-346.1161483651298
-342.13116236338743
-338.14653100275547
-334.1622669697123
-330.1783835618891
-326.19489472524174
-322.21181509396274
-318.2291600333719
-314.24694568604747
-310.26518902148666
-306.283907889613
-302.3031210784829
-298.32284837657966
-294.34311064012434
-290.3639298658808
-289.78675783085026
-289.7713503168842
-289.37214259599097
-289.3714718690251
-289.37149689389173
-290.2305188442607
-291.14196691982795
-291.1603443629891
-293.54215347427777
-295.9588581515939
-295.9588581515939
-295.9588581515939
-296.53651197643705
-297.0703303959988
-297.49890929814177
-297.50652788099586
-297.50765987783797
-297.50765987783797
-297.50644904579127
-294.3042706866478
-291.1218303159519
-287.9597823484501
-284.8188059720956
-281.6996060382767
-278.60291396612666
-275.52948865822015
-272.4801174244648
-269.4556169104415
-266.4568340258319
-263.4846470717618
-260.53996608111095
-260.53841774421795
-256.7828813731116
-253.03483765106031
-249.2946245251258
-245.56259980370083
-241.83914257370682
-238.12465473449595
-234.41956265905839
-230.72431899413976
-227.03940461197257
-223.36533072751575
-219.70264119639089
-216.05191501010054
-212.4137690066193
-208.7888608160579
-208.7888608160579
-208.7888608160579
-208.7888608160579
-208.7888608160579
-208.7888608160579
-208.7888608160579
-208.7888608160579
-208.7888608160579
-208.7888608160579
-208.7888608160579
