60.0 450.0 1.1853982210159302
60.0 450.0 1.5853981971740723
59.903221130371094 453.7785949707031 1.607407569885254
59.72330856323242 457.55413818359375 1.6294169425964355
59.460350036621094 461.3247985839844 1.6514263153076172
59.114471435546875 465.0887756347656 1.6734356880187988
58.68584060668945 468.84423828125 1.6954450607299805
58.17466354370117 472.58935546875 1.717454433441162
57.58119201660156 476.3222961425781 1.7394638061523438
56.90570831298828 480.0412902832031 1.7614731788635254
56.14854431152344 483.7445068359375 1.783482551574707
55.31006622314453 487.43017578125 1.8054919242858887
54.39067840576172 491.09649658203125 1.8275012969970703
53.39082336425781 494.74169921875 1.849510669708252
52.31098937988281 498.364013671875 1.8715200424194336
51.15169906616211 501.961669921875 1.8935294151306152
49.91351318359375 505.532958984375 1.9155387878417969
48.5970344543457 509.07611083984375 1.9375481605529785
47.20289611816406 512.5894165039062 1.9595575332641602
45.73177719116211 516.0712280273438 1.9815669059753418
44.18438720703125 519.5198364257812 2.0035762786865234
42.56147766113281 522.9335327148438 2.025585651397705
40.863834381103516 526.3106689453125 2.0475950241088867
39.09227752685547 529.649658203125 2.0696043968200684
37.2476692199707 532.9488525390625 2.09161376953125
35.33089828491211 536.2066040039062 2.1136231422424316
33.3428955078125 539.42138671875 2.1356325149536133
31.284626007080078 542.5916748046875 2.157641887664795
29.157085418701172 545.7158813476562 2.1796512603759766
29.131418228149414 545.740478515625 2.5760741233825684
29.098278045654297 545.7532348632812 2.9724998474121094
25.365581512451172 546.3482666015625 2.994509220123291
25.365581512451172 546.3482666015625 -2.8886759281158447
25.203311920166016 546.2711181640625 -2.506753921508789
25.081491470336914 546.1390380859375 -2.1248319149017334
25.017677307128906 545.9710693359375 -1.7429099082946777
25.02106285095215 545.7914428710938 -1.360987901687622
25.091161727905273 545.6259765625 -0.9790658950805664
25.091161727905273 545.6259765625 -0.5790659189224243
25.091161727905273 545.6259765625 -0.17906591296195984
28.817737579345703 544.9937133789062 -0.1570565402507782
32.55732345581055 544.443603515625 -0.13504716753959656
36.30811309814453 543.9759521484375 -0.11303779482841492
40.06828308105469 543.5909423828125 -0.09102842211723328
43.83601760864258 543.288818359375 -0.06901904940605164
47.60948944091797 543.0696411132812 -0.047009676694869995
51.386871337890625 542.93359375 -0.025000303983688354
55.16633224487305 542.8806762695312 -0.002990931272506714
58.946041107177734 542.9109497070312 0.019018441438674927
62.72416687011719 543.0244140625 0.04102781414985657
66.4988784790039 543.2210083007812 0.06303718686103821
70.26834869384766 543.5006103515625 0.08504655957221985
74.03075408935547 543.8630981445312 0.10705593228340149
77.78427124023438 544.3082885742188 0.12906530499458313
81.52708435058594 544.8359985351562 0.15107467770576477
85.25737762451172 545.4459228515625 0.1730840504169464
88.97334289550781 546.1378173828125 0.19509342312812805
92.67317962646484 546.9113159179688 0.2171027958393097
96.35509490966797 547.7660522460938 0.23911216855049133
100.0173110961914 548.7015991210938 0.261121541261673
103.65805053710938 549.717529296875 0.2831309139728546
107.27555084228516 550.8133544921875 0.30514028668403625
107.30665588378906 550.8305053710938 0.701565682888031
107.3287353515625 550.8583374023438 1.0979914665222168
107.33836364746094 550.8925170898438 1.4944171905517578
107.33836364746094 550.8925170898438 1.8944171667099
107.24993133544922 551.0489501953125 2.276339054107666
107.10957336425781 551.1611328125 2.6582610607147217
106.93751525878906 551.2129516601562 3.0401830673217773
102.95806884765625 551.617919921875 3.0401830673217773
98.97862243652344 552.0228881835938 3.0401830673217773
94.99917602539062 552.4278564453125 3.0401830673217773
91.01972961425781 552.8328247070312 3.0401830673217773
90.84076690673828 552.8167724609375 -2.8610801696777344
86.99711608886719 551.7093505859375 -2.8610801696777344
83.15345764160156 550.6019287109375 -2.8610801696777344
79.30979919433594 549.4945068359375 -2.8610801696777344
79.30979919433594 549.4945068359375 -2.4610800743103027
76.20079803466797 546.9777221679688 -2.4610800743103027
73.091796875 544.4609375 -2.4610800743103027
69.98279571533203 541.9441528320312 -2.4610800743103027
66.87379455566406 539.4273681640625 -2.4610800743103027
63.764793395996094 536.9105834960938 -2.4610800743103027
60.655792236328125 534.393798828125 -2.4610800743103027
60.540130615234375 534.2562866210938 -2.079158067703247
58.593143463134766 530.7620849609375 -2.079158067703247
56.646156311035156 527.2678833007812 -2.079158067703247
54.69916915893555 523.773681640625 -2.079158067703247
52.75218200683594 520.2794799804688 -2.079158067703247
50.80519485473633 516.7852783203125 -2.079158067703247
48.85820770263672 513.2910766601562 -2.079158067703247
48.802127838134766 513.120361328125 -1.6972360610961914
48.29771423339844 509.15228271484375 -1.6972360610961914
47.79330062866211 505.1842041015625 -1.6972360610961914
47.28888702392578 501.21612548828125 -1.6972360610961914
46.78447341918945 497.248046875 -1.6972360610961914
46.280059814453125 493.27996826171875 -1.6972360610961914
45.7756462097168 489.3118896484375 -1.6972360610961914
45.27123260498047 485.34381103515625 -1.6972360610961914
44.76681900024414 481.375732421875 -1.6972360610961914
44.26240539550781 477.40765380859375 -1.6972360610961914
43.757991790771484 473.4395751953125 -1.6972360610961914
43.253578186035156 469.47149658203125 -1.6972360610961914
42.74916458129883 465.50341796875 -1.6972360610961914
42.2447509765625 461.53533935546875 -1.6972360610961914
41.74033737182617 457.5672607421875 -1.6972360610961914
41.235923767089844 453.59918212890625 -1.6972360610961914
40.731510162353516 449.631103515625 -1.6972360610961914
40.22709655761719 445.66302490234375 -1.6972360610961914
39.72268295288086 441.6949462890625 -1.6972360610961914
39.21826934814453 437.72686767578125 -1.6972360610961914
38.7138557434082 433.7587890625 -1.6972360610961914
38.209442138671875 429.79071044921875 -1.6972360610961914
38.22102737426758 429.61138916015625 -1.3153140544891357
39.231876373291016 425.7412109375 -1.3153140544891357
40.24272537231445 421.87103271484375 -1.3153140544891357
41.25357437133789 418.0008544921875 -1.3153140544891357
42.26442337036133 414.13067626953125 -1.3153140544891357
43.275272369384766 410.260498046875 -1.3153140544891357
44.2861213684082 406.39031982421875 -1.3153140544891357
45.29697036743164 402.5201416015625 -1.3153140544891357
46.30781936645508 398.64996337890625 -1.3153140544891357
47.318668365478516 394.77978515625 -1.3153140544891357
48.32951736450195 390.90960693359375 -1.3153140544891357
49.34036636352539 387.0394287109375 -1.3153140544891357
49.34036636352539 387.0394287109375 -0.9153140783309937
49.34036636352539 387.0394287109375 -0.5153141021728516
52.820919036865234 385.0682067871094 -0.5153141021728516
56.30147171020508 383.09698486328125 -0.5153141021728516
59.78202438354492 381.1257629394531 -0.5153141021728516
63.262577056884766 379.154541015625 -0.5153141021728516
66.74312591552734 377.1833190917969 -0.5153141021728516
70.22367858886719 375.21209716796875 -0.5153141021728516
73.70423126220703 373.2408752441406 -0.5153141021728516
77.18478393554688 371.2696533203125 -0.5153141021728516
80.66533660888672 369.2984313964844 -0.5153141021728516
80.8356704711914 369.24114990234375 -0.13339388370513916
81.01505279541016 369.2514953613281 0.2485281229019165
81.01505279541016 369.2514953613281 0.6485280990600586
84.20294952392578 371.66754150390625 0.6485280990600586
87.3908462524414 374.0835876464844 0.6485280990600586
90.57874298095703 376.4996337890625 0.6485280990600586
93.76663970947266 378.9156799316406 0.6485280990600586
96.95453643798828 381.33172607421875 0.6485280990600586
100.1424331665039 383.7477722167969 0.6485280990600586
103.33032989501953 386.163818359375 0.6485280990600586
106.51822662353516 388.5798645019531 0.6485280990600586
109.70612335205078 390.99591064453125 0.6485280990600586
112.8940200805664 393.4119567871094 0.6485280990600586
113.01402282714844 393.5456848144531 1.0304501056671143
115.0717544555664 396.9757995605469 1.0304501056671143
117.12948608398438 400.4059143066406 1.0304501056671143
119.18721771240234 403.8360290527344 1.0304501056671143
121.24494934082031 407.2661437988281 1.0304501056671143
123.30268096923828 410.6962585449219 1.0304501056671143
125.36041259765625 414.1263732910156 1.0304501056671143
127.41814422607422 417.5564880371094 1.0304501056671143
127.73319244384766 418.339111328125 1.3457341194152832
128.6258544921875 422.23822021484375 1.3457341194152832
129.51852416992188 426.1373291015625 1.3457341194152832
130.41119384765625 430.03643798828125 1.3457341194152832
131.30386352539062 433.935546875 1.3457341194152832
132.196533203125 437.83465576171875 1.3457341194152832
132.196533203125 437.83465576171875 1.7457340955734253
132.196533203125 437.83465576171875 2.1457340717315674
132.196533203125 437.83465576171875 2.545734167098999
132.196533203125 437.83465576171875 2.9457342624664307
132.196533203125 437.83465576171875 -2.937450885772705
132.196533203125 437.83465576171875 -2.5374507904052734
132.196533203125 437.83465576171875 -2.137450695037842
132.196533203125 437.83465576171875 -1.7374507188796997
131.61058044433594 434.10052490234375 -1.715441346168518
131.10694885253906 430.3544006347656 -1.6934319734573364
130.68588256835938 426.59808349609375 -1.6714226007461548
130.3475799560547 422.83343505859375 -1.6494132280349731
130.0922088623047 419.062255859375 -1.6274038553237915
129.91989135742188 415.2863464355469 -1.6053944826126099
129.83071899414062 411.507568359375 -1.5833851099014282
129.82473754882812 407.7277526855469 -1.5613757371902466
129.9019317626953 403.9486999511719 -1.539366364479065
130.06228637695312 400.1722717285156 -1.5173569917678833
130.3057098388672 396.4002990722656 -1.4953476190567017
130.632080078125 392.63458251953125 -1.47333824634552
131.04124450683594 388.876953125 -1.4513288736343384
131.51797485351562 384.90545654296875 -1.4513288736343384
131.9947052001953 380.9339599609375 -1.4513288736343384
132.471435546875 376.96246337890625 -1.4513288736343384
132.9481658935547 372.990966796875 -1.4513288736343384
133.42489624023438 369.01947021484375 -1.4513288736343384
133.90162658691406 365.0479736328125 -1.4513288736343384
133.9127197265625 365.0142517089844 -1.0549031496047974
133.93597412109375 364.9874267578125 -0.6584774255752563
133.96778869628906 364.9716491699219 -0.26205170154571533
134.0032196044922 364.9693908691406 0.13437402248382568
134.0032196044922 364.9693908691406 0.5343739986419678
134.13766479492188 365.0885925292969 0.9162960052490234
134.21800231933594 365.24932861328125 1.298218011856079
134.23265075683594 365.42840576171875 1.6801400184631348
133.796142578125 369.4045104980469 1.6801400184631348
133.35963439941406 373.380615234375 1.6801400184631348
132.92312622070312 377.3567199707031 1.6801400184631348
132.4866180419922 381.33282470703125 1.6801400184631348
132.05010986328125 385.3089294433594 1.6801400184631348
131.6136016845703 389.2850341796875 1.6801400184631348
131.17709350585938 393.2611389160156 1.6801400184631348
130.74058532714844 397.23724365234375 1.6801400184631348
130.3040771484375 401.2133483886719 1.6801400184631348
129.86756896972656 405.189453125 1.6801400184631348
129.43106079101562 409.1655578613281 1.6801400184631348
128.9945526123047 413.14166259765625 1.6801400184631348
128.9945526123047 413.14166259765625 2.0801401138305664
128.9945526123047 413.14166259765625 2.480140209197998
128.9945526123047 413.14166259765625 2.8801403045654297
128.9945526123047 413.14166259765625 -3.003044843673706
128.9945526123047 413.14166259765625 -2.6030447483062744
128.9945526123047 413.14166259765625 -2.2030446529388428
128.9945526123047 413.14166259765625 -1.8030446767807007
128.16510009765625 409.4539794921875 -1.781035304069519
127.41699981689453 405.7489318847656 -1.7590259313583374
126.75061798095703 402.0283203125 -1.7370165586471558
126.1662826538086 398.2939453125 -1.7150071859359741
125.66427612304688 394.547607421875 -1.6929978132247925
125.24483489990234 390.7911071777344 -1.6709884405136108
124.90816497802734 387.02630615234375 -1.6489790678024292
124.65443420410156 383.2550048828125 -1.6269696950912476
124.4837646484375 379.4790344238281 -1.604960322380066
124.39623260498047 375.7002258300781 -1.5829509496688843
124.34761810302734 371.7005310058594 -1.5829509496688843
124.29900360107422 367.7008361816406 -1.5829509496688843
124.2503890991211 363.7011413574219 -1.5829509496688843
124.20177459716797 359.7014465332031 -1.5829509496688843
124.15316009521484 355.7017517089844 -1.5829509496688843
124.10454559326172 351.7020568847656 -1.5829509496688843
124.0559310913086 347.7023620605469 -1.5829509496688843
124.00731658935547 343.7026672363281 -1.5829509496688843
123.95870208740234 339.7029724121094 -1.5829509496688843
123.91008758544922 335.7032775878906 -1.5829509496688843
123.9057388305664 331.9234619140625 -1.5609415769577026
123.98458099365234 328.1444396972656 -1.538932204246521
124.14656829833984 324.3680725097656 -1.5169228315353394
124.3916244506836 320.59619140625 -1.4949134588241577
124.71963500976562 316.83062744140625 -1.472904086112976
125.13043212890625 313.07318115234375 -1.4508947134017944
125.62382507324219 309.32568359375 -1.4288853406906128
126.19956970214844 305.5899658203125 -1.4068759679794312
126.85739135742188 301.8678283691406 -1.3848665952682495
127.59696960449219 298.16107177734375 -1.3628572225570679
128.41793823242188 294.4714660644531 -1.3408478498458862
129.3193817138672 290.81048583984375 -1.317889928817749
129.33486938476562 290.7785339355469 -0.921464204788208
129.3614959716797 290.7550354003906 -0.525038480758667
129.39512634277344 290.7436218261719 -0.12861275672912598
132.88499450683594 290.37908935546875 -0.07953329384326935
132.88499450683594 290.37908935546875 0.32046669721603394
133.04168701171875 290.467041015625 0.7023887038230896
133.15431213378906 290.6070556640625 1.08431077003479
133.20664978027344 290.7789611816406 1.4662327766418457
133.6241455078125 294.7571105957031 1.4662327766418457
134.04164123535156 298.7352600097656 1.4662327766418457
134.45913696289062 302.7134094238281 1.4662327766418457
134.8766326904297 306.6915588378906 1.4662327766418457
135.29412841796875 310.6697082519531 1.4662327766418457
135.7116241455078 314.6478576660156 1.4662327766418457
136.12911987304688 318.6260070800781 1.4662327766418457
136.1092529296875 318.86346435546875 1.8422644138336182
135.05569458007812 322.4934997558594 1.8642737865447998
133.92250061035156 326.0994567871094 1.8862831592559814
132.71022033691406 329.67962646484375 1.908292531967163
132.6920928955078 329.7101745605469 2.304718255996704
132.66358947753906 329.7313537597656 2.701143980026245
132.62911987304688 329.7398681640625 3.097569704055786
132.62911987304688 329.7398681640625 -2.7856154441833496
132.47564697265625 329.64642333984375 -2.403693437576294
132.36805725097656 329.50250244140625 -2.0217714309692383
130.6246795654297 325.90240478515625 -2.0217714309692383
128.8813018798828 322.30230712890625 -2.0217714309692383
127.13793182373047 318.70220947265625 -2.0217714309692383
125.39456176757812 315.10211181640625 -2.0217714309692383
123.65119171142578 311.50201416015625 -2.0217714309692383
121.90782165527344 307.90191650390625 -2.0217714309692383
120.1644515991211 304.30181884765625 -2.0217714309692383
118.42108154296875 300.70172119140625 -2.0217714309692383
116.6777114868164 297.10162353515625 -2.0217714309692383
114.93434143066406 293.50152587890625 -2.0217714309692383
113.19097137451172 289.90142822265625 -2.0217714309692383
111.44760131835938 286.30133056640625 -2.0217714309692383
109.70423126220703 282.70123291015625 -2.0217714309692383
107.96086120605469 279.10113525390625 -2.0217714309692383
106.21749114990234 275.50103759765625 -2.0217714309692383
104.47412109375 271.90093994140625 -2.0217714309692383
102.73075103759766 268.30084228515625 -2.0217714309692383
100.98738098144531 264.70074462890625 -2.0217714309692383
99.24401092529297 261.10064697265625 -2.0217714309692383
97.50064086914062 257.50054931640625 -2.0217714309692383
95.75727081298828 253.90045166015625 -2.0217714309692383
94.01390075683594 250.30035400390625 -2.0217714309692383
92.2705307006836 246.70025634765625 -2.0217714309692383
90.52716064453125 243.10015869140625 -2.0217714309692383
88.7837905883789 239.50006103515625 -2.0217714309692383
88.7837905883789 239.50006103515625 -1.6217714548110962
88.7837905883789 239.50006103515625 -1.221771478652954
90.11543273925781 235.9625701904297 -1.1997621059417725
91.52460479736328 232.4552459716797 -1.1777527332305908
93.0106201171875 228.9797821044922 -1.1557433605194092
94.57276153564453 225.53785705566406 -1.1337339878082275
96.21027374267578 222.1311492919922 -1.111724615097046
97.92236328125 218.7613067626953 -1.0897152423858643
99.70819854736328 215.42996215820312 -1.0677058696746826
101.5669174194336 212.1387176513672 -1.045696496963501
103.49761962890625 208.88917541503906 -1.0236871242523193
103.49761962890625 208.88917541503906 -0.6236871480941772
106.74454498291016 206.55303955078125 -0.6236871480941772
109.99147033691406 204.21690368652344 -0.6236871480941772
113.23839569091797 201.88076782226562 -0.6236871480941772
116.48532104492188 199.5446319580078 -0.6236871480941772
119.72221374511719 197.21926879882812 -0.622244656085968
122.81765747070312 195.05007934570312 -0.6002357602119446
125.96009063720703 192.9495391845703 -0.5782263875007629
129.1479949951172 190.91867065429688 -0.5562170147895813
132.37982177734375 188.9584503173828 -0.5342076420783997
135.65399169921875 187.06982421875 -0.512198269367218
138.96893310546875 185.25372314453125 -0.4901888966560364
142.3230438232422 183.51101684570312 -0.46817952394485474
145.71469116210938 181.84254455566406 -0.4461701512336731
149.14224243164062 180.24911499023438 -0.42416077852249146
152.60403442382812 178.73150634765625 -0.4021514058113098
152.64735412597656 178.7225341796875 -0.0066047608852386475
152.64735412597656 178.7225341796875 0.39339524507522583
152.79722595214844 178.8216552734375 0.7753172516822815
152.89935302734375 178.96949768066406 1.1572391986846924
152.93902587890625 179.14474487304688 1.539161205291748
152.9105224609375 179.32215881347656 1.9210832118988037
152.8179473876953 179.47616577148438 2.3030052185058594
152.8179473876953 179.47616577148438 2.703005313873291
149.37841796875 181.04356384277344 2.7250146865844727
145.9052276611328 182.53488159179688 2.7470240592956543
142.40005493164062 183.94940185546875 2.769033432006836
138.86459350585938 185.28643798828125 2.7910428047180176
135.30056762695312 186.54534912109375 2.813052177429199
131.70970153808594 187.7255096435547 2.835061550140381
128.09373474121094 188.82635498046875 2.8570709228515625
124.45441436767578 189.8473663330078 2.879080295562744
120.79350280761719 190.78802490234375 2.901089668273926
117.11277770996094 191.64788818359375 2.9230990409851074
113.41401672363281 192.42654418945312 2.945108413696289
109.69902038574219 193.1236114501953 2.9671177864074707
105.9695816040039 193.73875427246094 2.9891271591186523
102.22750854492188 194.27166748046875 3.011136531829834
98.474609375 194.72210693359375 3.0331459045410156
94.71270751953125 195.08984375 3.0551552772521973
90.9436264038086 195.37469482421875 3.077164649963379
87.169189453125 195.57652282714844 3.0991740226745605
87.169189453125 195.57652282714844 -2.784011125564575
83.64321899414062 194.21466064453125 -2.7620017528533936
80.14807891845703 192.77552795410156 -2.739992380142212
76.68545532226562 191.25982666015625 -2.7179830074310303
73.25702667236328 189.6682891845703 -2.6959736347198486
69.86445617675781 188.00167846679688 -2.673964262008667
66.50938415527344 186.2608184814453 -2.6519548892974854
63.19343566894531 184.446533203125 -2.6299455165863037
59.91822052001953 182.55972290039062 -2.607936143875122
56.68532180786133 180.60128784179688 -2.5859267711639404
53.496307373046875 178.57217407226562 -2.563917398452759
50.352718353271484 176.47337341308594 -2.541908025741577
47.256080627441406 174.30589294433594 -2.5198986530303955
44.20789337158203 172.07078552246094 -2.497889280319214
41.20963668823242 169.76913452148438 -2.4758799076080322
38.26275634765625 167.40206909179688 -2.4538705348968506
35.36868667602539 164.97071838378906 -2.431861162185669
32.52882385253906 162.47625732421875 -2.4098517894744873
29.74454689025879 159.91990661621094 -2.3878424167633057
27.017202377319336 157.3029022216797 -2.365833044052124
24.348114013671875 154.6265106201172 -2.3438236713409424
21.738571166992188 151.89202880859375 -2.3218142986297607
21.738571166992188 151.89202880859375 -2.299804925918579
21.738571166992188 151.89202880859375 -2.2777955532073975
21.738571166992188 151.89202880859375 -2.255786180496216
21.738571166992188 151.89202880859375 -2.233776807785034
21.738571166992188 151.89202880859375 -2.2117674350738525
21.738571166992188 151.89202880859375 -2.189758062362671
21.738571166992188 151.89202880859375 -2.1677486896514893
21.738571166992188 151.89202880859375 -2.1457393169403076
21.738571166992188 151.89202880859375 -2.123729944229126
21.738571166992188 151.89202880859375 -2.1017205715179443
