60.0 450.0 1.1853982210159302
60.0 450.0 1.5853981971740723
59.903221130371094 453.7785949707031 1.607407569885254
59.72330856323242 457.55413818359375 1.6294169425964355
59.460350036621094 461.3247985839844 1.6514263153076172
59.114471435546875 465.0887756347656 1.6734356880187988
58.68584060668945 468.84423828125 1.6954450607299805
58.17466354370117 472.58935546875 1.717454433441162
57.58119201660156 476.3222961425781 1.7394638061523438
56.90570831298828 480.0412902832031 1.7614731788635254
56.14854431152344 483.7445068359375 1.783482551574707
55.31006622314453 487.43017578125 1.8054919242858887
54.39067840576172 491.09649658203125 1.8275012969970703
53.39082336425781 494.74169921875 1.849510669708252
52.31098937988281 498.364013671875 1.8715200424194336
51.15169906616211 501.961669921875 1.8935294151306152
49.91351318359375 505.532958984375 1.9155387878417969
48.5970344543457 509.07611083984375 1.9375481605529785
47.20289611816406 512.5894165039062 1.9595575332641602
45.73177719116211 516.0712280273438 1.9815669059753418
44.18438720703125 519.5198364257812 2.0035762786865234
42.56147766113281 522.9335327148438 2.025585651397705
40.863834381103516 526.3106689453125 2.0475950241088867
39.09227752685547 529.649658203125 2.0696043968200684
37.2476692199707 532.9488525390625 2.09161376953125
35.33089828491211 536.2066040039062 2.1136231422424316
33.3428955078125 539.42138671875 2.1356325149536133
31.284626007080078 542.5916748046875 2.157641887664795
29.157085418701172 545.7158813476562 2.1796512603759766
29.131391525268555 545.740478515625 2.5760703086853027
29.098251342773438 545.7532348632812 2.9724960327148438
25.365558624267578 546.3483276367188 2.9945054054260254
25.365558624267578 546.3483276367188 -2.8886797428131104
25.20328712463379 546.2711791992188 -2.5067577362060547
25.081466674804688 546.1390991210938 -2.124835729598999
25.01765251159668 545.9711303710938 -1.7429137229919434
25.021038055419922 545.79150390625 -1.3609917163848877
25.091136932373047 545.6260375976562 -0.979069709777832
25.091136932373047 545.6260375976562 -0.5790697336196899
25.091136932373047 545.6260375976562 -0.17906972765922546
28.817710876464844 544.9937744140625 -0.15706035494804382
32.55729675292969 544.4436645507812 -0.13505098223686218
36.308082580566406 543.9760131835938 -0.11304160952568054
40.06825256347656 543.5910034179688 -0.0910322368144989
43.83598327636719 543.288818359375 -0.06902286410331726
47.60945510864258 543.0696411132812 -0.04701349139213562
51.38683319091797 542.93359375 -0.02500411868095398
55.16629409790039 542.8806762695312 -0.002994745969772339
58.94600296020508 542.9109497070312 0.019014626741409302
62.72412872314453 543.0244140625 0.04102399945259094
66.49884033203125 543.2210083007812 0.06303337216377258
70.26831817626953 543.5006103515625 0.08504274487495422
74.03072357177734 543.8630981445312 0.10705211758613586
77.78424072265625 544.3082885742188 0.1290614902973175
81.52705383300781 544.8359985351562 0.15107086300849915
85.2573471069336 545.4459228515625 0.1730802357196808
88.97331237792969 546.1378173828125 0.19508960843086243
92.67314910888672 546.9113159179688 0.21709898114204407
96.35507202148438 547.7660522460938 0.2391083538532257
100.01728820800781 548.7015991210938 0.26111772656440735
103.65802764892578 549.717529296875 0.283127099275589
107.27552795410156 550.8133544921875 0.30513647198677063
107.306640625 550.8305053710938 0.701561450958252
107.32872009277344 550.8583374023438 1.097987174987793
107.33834838867188 550.8925170898438 1.494412899017334
107.33834838867188 550.8925170898438 1.894412875175476
107.24991607666016 551.0489501953125 2.276334762573242
107.10955810546875 551.1611328125 2.658256769180298
106.9375 551.2129516601562 3.0401787757873535
102.95805358886719 551.617919921875 3.0401787757873535
98.97860717773438 552.0228881835938 3.0401787757873535
94.99916076660156 552.4278564453125 3.0401787757873535
91.01971435546875 552.8328247070312 3.0401787757873535
90.84075164794922 552.8167724609375 -2.861084461212158
86.9970932006836 551.7094116210938 -2.861084461212158
83.15343475341797 550.60205078125 -2.861084461212158
79.30977630615234 549.4946899414062 -2.861084461212158
79.30977630615234 549.4946899414062 -2.4610843658447266
76.20076751708984 546.9779663085938 -2.4610843658447266
73.09175872802734 544.4612426757812 -2.4610843658447266
69.98274993896484 541.9445190429688 -2.4610843658447266
66.87374114990234 539.4277954101562 -2.4610843658447266
63.76472854614258 536.9110717773438 -2.4610843658447266
60.65571594238281 534.3943481445312 -2.4610843658447266
60.54005432128906 534.2568359375 -2.079162359237671
58.59305191040039 530.7626953125 -2.079162359237671
56.64604949951172 527.2685546875 -2.079162359237671
54.69904708862305 523.7744140625 -2.079162359237671
52.752044677734375 520.2802734375 -2.079162359237671
50.8050422668457 516.7861328125 -2.079162359237671
48.85803985595703 513.2919921875 -2.079162359237671
48.80195999145508 513.1212768554688 -1.6972403526306152
48.29753112792969 509.1531982421875 -1.6972403526306152
47.7931022644043 505.18511962890625 -1.6972403526306152
47.288673400878906 501.217041015625 -1.6972403526306152
46.784244537353516 497.24896240234375 -1.6972403526306152
46.279815673828125 493.2808837890625 -1.6972403526306152
45.775386810302734 489.31280517578125 -1.6972403526306152
45.270957946777344 485.3447265625 -1.6972403526306152
44.76652908325195 481.37664794921875 -1.6972403526306152
44.26210021972656 477.4085693359375 -1.6972403526306152
43.75767135620117 473.44049072265625 -1.6972403526306152
43.25324249267578 469.472412109375 -1.6972403526306152
42.74881362915039 465.50433349609375 -1.6972403526306152
42.244384765625 461.5362548828125 -1.6972403526306152
41.73995590209961 457.56817626953125 -1.6972403526306152
41.23552703857422 453.60009765625 -1.6972403526306152
40.73109817504883 449.63201904296875 -1.6972403526306152
40.22666931152344 445.6639404296875 -1.6972403526306152
39.72224044799805 441.69586181640625 -1.6972403526306152
39.217811584472656 437.727783203125 -1.6972403526306152
38.713382720947266 433.75970458984375 -1.6972403526306152
38.208953857421875 429.7916259765625 -1.6972403526306152
38.22053909301758 429.6123046875 -1.3153183460235596
39.23136901855469 425.74212646484375 -1.3153183460235596
40.2421989440918 421.8719482421875 -1.3153183460235596
41.253028869628906 418.00177001953125 -1.3153183460235596
42.263858795166016 414.131591796875 -1.3153183460235596
43.274688720703125 410.26141357421875 -1.3153183460235596
44.285518646240234 406.3912353515625 -1.3153183460235596
45.296348571777344 402.52105712890625 -1.3153183460235596
46.30717849731445 398.65087890625 -1.3153183460235596
47.31800842285156 394.78070068359375 -1.3153183460235596
48.32883834838867 390.9105224609375 -1.3153183460235596
49.33966827392578 387.04034423828125 -1.3153183460235596
49.33966827392578 387.04034423828125 -0.9153183698654175
49.33966827392578 387.04034423828125 -0.5153183937072754
52.820213317871094 385.069091796875 -0.5153183937072754
56.300758361816406 383.09783935546875 -0.5153183937072754
59.78130340576172 381.1265869140625 -0.5153183937072754
63.26184844970703 379.15533447265625 -0.5153183937072754
66.74239349365234 377.18408203125 -0.5153183937072754
70.22293853759766 375.21282958984375 -0.5153183937072754
73.70348358154297 373.2415771484375 -0.5153183937072754
77.18402862548828 371.27032470703125 -0.5153183937072754
80.6645736694336 369.299072265625 -0.5153183937072754
80.83490753173828 369.2417907714844 -0.13339820504188538
81.01428985595703 369.25213623046875 0.2485238015651703
81.01428985595703 369.25213623046875 0.6485238075256348
84.20219421386719 371.6681823730469 0.6485238075256348
87.39009857177734 374.084228515625 0.6485238075256348
90.5780029296875 376.5002746582031 0.6485238075256348
93.76590728759766 378.91632080078125 0.6485238075256348
96.95381164550781 381.3323669433594 0.6485238075256348
100.14171600341797 383.7484130859375 0.6485238075256348
103.32962036132812 386.1644592285156 0.6485238075256348
106.51752471923828 388.58050537109375 0.6485238075256348
109.70542907714844 390.9965515136719 0.6485238075256348
112.8933334350586 393.41259765625 0.6485238075256348
113.01333618164062 393.54632568359375 1.0304458141326904
115.07108306884766 396.9764404296875 1.0304458141326904
117.12882995605469 400.40655517578125 1.0304458141326904
119.18657684326172 403.836669921875 1.0304458141326904
121.24432373046875 407.26678466796875 1.0304458141326904
123.30207061767578 410.6968994140625 1.0304458141326904
125.35981750488281 414.12701416015625 1.0304458141326904
127.41756439208984 417.55712890625 1.0304458141326904
127.73698425292969 418.3493957519531 1.3446694612503052
128.63380432128906 422.24755859375 1.3446694612503052
129.53062438964844 426.1457214355469 1.3446694612503052
130.4274444580078 430.04388427734375 1.3446694612503052
131.3242645263672 433.9420471191406 1.3446694612503052
132.22108459472656 437.8402099609375 1.3446694612503052
132.22108459472656 437.8402099609375 1.7446694374084473
132.22108459472656 437.8402099609375 2.144669532775879
132.22108459472656 437.8402099609375 2.5446696281433105
132.22108459472656 437.8402099609375 2.944669723510742
132.22108459472656 437.8402099609375 -2.9385154247283936
132.22108459472656 437.8402099609375 -2.538515329360962
132.22108459472656 437.8402099609375 -2.1385152339935303
132.22108459472656 437.8402099609375 -1.7385152578353882
131.6311492919922 434.106689453125 -1.7165058851242065
131.12351989746094 430.3611145019531 -1.694496512413025
130.69845581054688 426.6052551269531 -1.6724871397018433
130.35614013671875 422.8409423828125 -1.6504777669906616
130.0967559814453 419.07000732421875 -1.62846839427948
129.92042541503906 415.2942810058594 -1.6064590215682983
129.8272247314453 411.5155944824219 -1.5844496488571167
129.8172149658203 407.73577880859375 -1.562440276145935
129.89039611816406 403.9566650390625 -1.5404309034347534
130.04672241210938 400.1800842285156 -1.5184215307235718
130.2861328125 396.4078369140625 -1.4964121580123901
130.60848999023438 392.64178466796875 -1.4744027853012085
131.01365661621094 388.88372802734375 -1.4523934125900269
131.4861602783203 384.9117431640625 -1.4523934125900269
131.9586639404297 380.93975830078125 -1.4523934125900269
132.43116760253906 376.9677734375 -1.4523934125900269
132.90367126464844 372.99578857421875 -1.4523934125900269
133.3761749267578 369.0238037109375 -1.4523934125900269
133.8486785888672 365.05181884765625 -1.4523934125900269
133.8597412109375 365.01806640625 -1.0559676885604858
133.88296508789062 364.9912109375 -0.6595419645309448
133.91476440429688 364.97540283203125 -0.2631162405014038
133.9501953125 364.9731140136719 0.1333094835281372
133.9501953125 364.9731140136719 0.5333094596862793
134.08477783203125 365.0921630859375 0.915231466293335
134.165283203125 365.2528076171875 1.2971534729003906
134.1801300048828 365.431884765625 1.6790754795074463
133.74786376953125 369.408447265625 1.6790754795074463
133.3155975341797 373.385009765625 1.6790754795074463
132.88333129882812 377.361572265625 1.6790754795074463
132.45106506347656 381.338134765625 1.6790754795074463
132.018798828125 385.314697265625 1.6790754795074463
131.58653259277344 389.291259765625 1.6790754795074463
131.15426635742188 393.267822265625 1.6790754795074463
130.7220001220703 397.244384765625 1.6790754795074463
130.28973388671875 401.220947265625 1.6790754795074463
129.8574676513672 405.197509765625 1.6790754795074463
129.42520141601562 409.174072265625 1.6790754795074463
128.99293518066406 413.150634765625 1.6790754795074463
128.99293518066406 413.150634765625 2.079075574874878
128.99293518066406 413.150634765625 2.4790756702423096
128.99293518066406 413.150634765625 2.879075765609741
128.99293518066406 413.150634765625 -3.0041093826293945
128.99293518066406 413.150634765625 -2.604109287261963
128.99293518066406 413.150634765625 -2.2041091918945312
128.99293518066406 413.150634765625 -1.8041092157363892
128.1595458984375 409.4638366699219 -1.7820998430252075
127.40750122070312 405.75958251953125 -1.7600904703140259
126.7371597290039 402.0396728515625 -1.7380810976028442
126.14884948730469 398.305908203125 -1.7160717248916626
125.64285278320312 394.5600891113281 -1.694062352180481
125.21941375732422 390.8040466308594 -1.6720529794692993
124.87873840332031 387.03961181640625 -1.6500436067581177
124.6209945678711 383.2685852050781 -1.628034234046936
124.44630432128906 379.4927978515625 -1.6060248613357544
124.35475158691406 375.7140808105469 -1.5840154886245728
124.3018798828125 371.71441650390625 -1.5840154886245728
124.24900817871094 367.7147521972656 -1.5840154886245728
124.19613647460938 363.715087890625 -1.5840154886245728
124.14326477050781 359.7154235839844 -1.5840154886245728
124.09039306640625 355.71575927734375 -1.5840154886245728
124.03752136230469 351.7160949707031 -1.5840154886245728
123.98464965820312 347.7164306640625 -1.5840154886245728
123.93177795410156 343.7167663574219 -1.5840154886245728
123.87890625 339.71710205078125 -1.5840154886245728
123.82603454589844 335.7174377441406 -1.5840154886245728
123.81766510009766 331.9376220703125 -1.5620061159133911
123.8924789428711 328.1585388183594 -1.5399967432022095
124.05044555664062 324.38201904296875 -1.5179873704910278
124.29148864746094 320.6098937988281 -1.4959779977798462
124.61548614501953 316.8439636230469 -1.4739686250686646
125.02228546142578 313.0860900878906 -1.451959252357483
125.51168823242188 309.33807373046875 -1.4299498796463013
126.08345794677734 305.60174560546875 -1.4079405069351196
126.73731231689453 301.87890625 -1.385931134223938
127.47293853759766 298.1713562011719 -1.3639217615127563
128.28997802734375 294.48089599609375 -1.3419123888015747
129.18801879882812 290.8097839355469 -1.3198565244674683
129.20343017578125 290.7778015136719 -0.923430860042572
129.23001098632812 290.7542419433594 -0.527005136013031
129.26361083984375 290.7427673339844 -0.13057941198349
132.77308654785156 290.36553955078125 -0.08358108997344971
132.77308654785156 290.36553955078125 0.31641891598701477
132.9301300048828 290.4528503417969 0.698340892791748
133.04331970214844 290.5924072265625 1.0802628993988037
133.09634399414062 290.76409912109375 1.4621849060058594
133.52993774414062 294.74053955078125 1.4621849060058594
133.96353149414062 298.71697998046875 1.4621849060058594
134.39712524414062 302.69342041015625 1.4621849060058594
134.83071899414062 306.66986083984375 1.4621849060058594
135.26431274414062 310.64630126953125 1.4621849060058594
135.69790649414062 314.62274169921875 1.4621849060058594
136.13150024414062 318.59918212890625 1.4621849060058594
136.11077880859375 318.8642883300781 1.835439682006836
135.08201599121094 322.5014343261719 1.8574490547180176
133.9734649658203 326.11505126953125 1.8794584274291992
132.78565979003906 329.7033996582031 1.9014678001403809
132.7677459716797 329.73406982421875 2.297893524169922
132.7393798828125 329.75543212890625 2.694319248199463
132.70497131347656 329.7641906738281 3.090744972229004
132.70497131347656 329.7641906738281 -2.792440176010132
132.55087280273438 329.6717834472656 -2.410518169403076
132.4423065185547 329.5285949707031 -2.0285961627960205
130.67440795898438 325.94049072265625 -2.0285961627960205
128.90650939941406 322.3523864746094 -2.0285961627960205
127.13861083984375 318.7642822265625 -2.0285961627960205
125.37071228027344 315.1761779785156 -2.0285961627960205
123.60281372070312 311.58807373046875 -2.0285961627960205
121.83491516113281 307.9999694824219 -2.0285961627960205
120.0670166015625 304.411865234375 -2.0285961627960205
118.29911804199219 300.8237609863281 -2.0285961627960205
116.53121948242188 297.23565673828125 -2.0285961627960205
114.76332092285156 293.6475524902344 -2.0285961627960205
112.99542236328125 290.0594482421875 -2.0285961627960205
111.22752380371094 286.4713439941406 -2.0285961627960205
109.45962524414062 282.88323974609375 -2.0285961627960205
107.69172668457031 279.2951354980469 -2.0285961627960205
105.923828125 275.70703125 -2.0285961627960205
104.15592956542969 272.1189270019531 -2.0285961627960205
102.38803100585938 268.53082275390625 -2.0285961627960205
100.62013244628906 264.9427185058594 -2.0285961627960205
98.85223388671875 261.3546142578125 -2.0285961627960205
97.08433532714844 257.7665100097656 -2.0285961627960205
95.31643676757812 254.17840576171875 -2.0285961627960205
93.54853820800781 250.59030151367188 -2.0285961627960205
91.7806396484375 247.002197265625 -2.0285961627960205
90.01274108886719 243.41409301757812 -2.0285961627960205
88.24484252929688 239.82598876953125 -2.0285961627960205
88.24484252929688 239.82598876953125 -1.6285961866378784
88.24484252929688 239.82598876953125 -1.2285962104797363
89.55230712890625 236.2794952392578 -1.2065868377685547
90.93750762939453 232.76263427734375 -1.184577465057373
92.39977264404297 229.277099609375 -1.1625680923461914
93.93839263916016 225.82460021972656 -1.1405587196350098
95.55261993408203 222.40679931640625 -1.1185493469238281
97.2416763305664 219.0253448486328 -1.0965399742126465
99.0047378540039 215.681884765625 -1.0745306015014648
100.84095764160156 212.37803649902344 -1.0525212287902832
102.74935913085938 209.11561584472656 -1.0304882526397705
102.74935913085938 209.11561584472656 -0.6304882764816284
105.98031616210938 206.75746154785156 -0.6304882764816284
109.21127319335938 204.39930725097656 -0.6304882764816284
112.44223022460938 202.04115295410156 -0.6304882764816284
115.67318725585938 199.68299865722656 -0.6304882764816284
118.90414428710938 197.32484436035156 -0.6304882764816284
122.0012435913086 195.10968017578125 -0.6112691164016724
125.12030792236328 192.974609375 -0.5892598032951355
128.2855987548828 190.90869140625 -0.5672504305839539
131.49559020996094 188.91293334960938 -0.5452410578727722
134.7487335205078 186.98831176757812 -0.5232316851615906
138.04344177246094 185.1357421875 -0.5012223124504089
141.3781280517578 183.3561248779297 -0.4792129397392273
144.75115966796875 181.65032958984375 -0.45720356702804565
148.16091918945312 180.01918029785156 -0.435194194316864
151.6057586669922 178.46347045898438 -0.4131848216056824
155.08377075195312 176.98410034179688 -0.39114969968795776
155.11862182617188 176.977294921875 0.005276024341583252
155.11862182617188 176.977294921875 0.40527603030204773
155.26730346679688 177.07818603515625 0.7871980667114258
155.36766052246094 177.22723388671875 1.1691200733184814
155.40524291992188 177.40293884277344 1.551042079925537
155.3746337890625 177.5800018310547 1.9329640865325928
155.28024291992188 177.73289489746094 2.3148860931396484
155.28024291992188 177.73289489746094 2.71488618850708
151.82232666015625 179.25930786132812 2.7368955612182617
148.3316650390625 180.70925903320312 2.7589049339294434
144.8099365234375 182.08203125 2.780914306640625
141.25885009765625 183.37696838378906 2.8029236793518066
137.68011474609375 184.59344482421875 2.8249330520629883
134.0754852294922 185.73086547851562 2.84694242477417
130.44668579101562 186.78868103027344 2.8689517974853516
126.79549407958984 187.76637268066406 2.890961170196533
123.12366485595703 188.66348266601562 2.912970542907715
119.4329833984375 189.4795684814453 2.9349799156188965
115.72523498535156 190.2142333984375 2.956989288330078
112.0022201538086 190.8671112060547 2.9789986610412598
108.26573944091797 191.43789672851562 3.0010080337524414
104.5176010131836 191.9263153076172 3.023017406463623
100.7596206665039 192.33212280273438 3.0450267791748047
96.99361419677734 192.65513610839844 3.0670361518859863
93.2214126586914 192.8951873779297 3.089045524597168
89.4448471069336 193.0521697998047 3.1110548973083496
85.66574096679688 193.12599182128906 3.1330642700195312
81.88592529296875 193.11663818359375 -3.1281116008758545
78.10723114013672 193.0240936279297 -3.106102228164673
74.33148956298828 192.84841918945312 -3.084092855453491
70.5605239868164 192.58969116210938 -3.0620834827423096
70.5605239868164 192.58969116210938 -2.662083387374878
67.22637176513672 190.80909729003906 -2.6400740146636963
63.932212829589844 188.95555114746094 -2.6180646419525146
60.67964172363281 187.0299530029297 -2.596055269241333
57.470237731933594 185.0332489013672 -2.5740458965301514
54.3055534362793 182.96640014648438 -2.5520365238189697
51.1871223449707 180.8303985595703 -2.530027151107788
48.116455078125 178.62628173828125 -2.5080177783966064
45.09503936767578 176.35511779785156 -2.486008405685425
42.12433624267578 174.0180206298828 -2.463999032974243
39.205787658691406 171.61610412597656 -2.4419896602630615
36.34080505371094 169.15054321289062 -2.41998028755188
33.53078079223633 166.62252807617188 -2.3979709148406982
30.777070999145508 164.0332794189453 -2.3759615421295166
28.081010818481445 161.38406372070312 -2.353952169418335
25.443906784057617 158.6761474609375 -2.3319427967071533
22.867033004760742 155.91085815429688 -2.30993390083313
20.351642608642578 153.0895233154297 -2.2879245281219482
20.351642608642578 153.0895233154297 -2.2659151554107666
20.351642608642578 153.0895233154297 -2.243905782699585
20.351642608642578 153.0895233154297 -2.2218964099884033
20.351642608642578 153.0895233154297 -2.1998870372772217
20.351642608642578 153.0895233154297 -2.17787766456604
20.351642608642578 153.0895233154297 -2.1558682918548584
20.351642608642578 153.0895233154297 -2.1338589191436768
20.351642608642578 153.0895233154297 -2.111849546432495
20.351642608642578 153.0895233154297 -2.0898401737213135
20.351642608642578 153.0895233154297 -2.067830801010132
