60.000030517578125 450.00006103515625 1.1853926181793213
60.00004196166992 450.0001220703125 1.585387110710144
59.90330505371094 453.7787170410156 1.6073964834213257
59.72343444824219 457.55426025390625 1.6294058561325073
59.46051788330078 461.3249206542969 1.651415228843689
59.114681243896484 465.0888977050781 1.6734246015548706
58.686092376708984 468.8443603515625 1.6954339742660522
58.174957275390625 472.5894775390625 1.7174433469772339
57.58152770996094 476.3224182128906 1.7394527196884155
56.90608596801758 480.0414123535156 1.7614620923995972
56.148963928222656 483.74462890625 1.7834714651107788
55.310523986816406 487.4302978515625 1.8054808378219604
54.39117431640625 491.09661865234375 1.827490210533142
53.391361236572266 494.7418212890625 1.8494995832443237
52.31156921386719 498.3641357421875 1.8715089559555054
51.152320861816406 501.9618225097656 1.893518328666687
49.91417694091797 505.5331115722656 1.9155277013778687
48.59773635864258 509.0762939453125 1.9375370740890503
47.203636169433594 512.5896606445312 1.959546446800232
45.7325553894043 516.0714721679688 1.9815558195114136
44.185203552246094 519.5200805664062 2.0035653114318848
42.56233215332031 522.9337768554688 2.0255746841430664
40.86472702026367 526.3109130859375 2.047584056854248
39.09320831298828 529.64990234375 2.0695934295654297
37.248634338378906 532.9490966796875 2.0916028022766113
35.33190155029297 536.2069091796875 2.113612174987793
33.343936920166016 539.4217529296875 2.1356215476989746
31.285701751708984 542.592041015625 2.1576309204101562
29.15819549560547 545.7162475585938 2.179640293121338
29.13250160217285 545.7408447265625 2.576059579849243
29.099361419677734 545.7536010742188 2.972485303878784
25.366674423217773 546.3486938476562 2.994494676589966
25.366674423217773 546.3486938476562 -2.88869047164917
25.209468841552734 546.2738647460938 -2.506206750869751
25.091543197631836 546.1458129882812 -2.123723030090332
25.029939651489258 545.9829711914062 -1.741239309310913
25.033559799194336 545.8088989257812 -1.3587555885314941
25.101882934570312 545.6487426757812 -0.9762718677520752
25.101882934570312 545.6487426757812 -0.5762718915939331
25.1019344329834 545.6487426757812 -0.17627742886543274
28.830259323120117 545.02685546875 -0.1542680561542511
32.57136535644531 544.4871826171875 -0.13225868344306946
36.32344436645508 544.0299682617188 -0.11024931073188782
40.08467483520508 543.6554565429688 -0.08823993802070618
43.85323715209961 543.3638305664062 -0.06623056530952454
47.62730407714844 543.1552124023438 -0.044221192598342896
51.40504837036133 543.0296630859375 -0.022211819887161255
55.18463897705078 542.9873046875 -0.00020244717597961426
58.96424865722656 543.0281372070312 0.021806925535202026
62.742042541503906 543.1521606445312 0.04381629824638367
66.51619720458984 543.3592529296875 0.06582567095756531
70.28487396240234 543.6493530273438 0.08783504366874695
74.04625701904297 544.0223388671875 0.10984441637992859
77.79852294921875 544.47802734375 0.13185378909111023
81.53984832763672 545.0161743164062 0.15386316180229187
85.26842498779297 545.6365356445312 0.1758725345134735
88.9824447631836 546.3388061523438 0.19788190722465515
92.68010711669922 547.1226196289062 0.2198912799358368
96.35962677001953 547.9876098632812 0.24190065264701843
100.01921844482422 548.9334106445312 0.2639100253582001
103.65711212158203 549.95947265625 0.2859193980693817
107.27143096923828 551.0653686523438 0.30793941020965576
107.302490234375 551.0825805664062 0.7043651342391968
107.32449340820312 551.1104736328125 1.1007908582687378
107.33402252197266 551.1446533203125 1.4972165822982788
107.33402252197266 551.1446533203125 1.897216558456421
107.24787139892578 551.2959594726562 2.27970027923584
107.11148071289062 551.4041748046875 2.662184000015259
106.94456481933594 551.4536743164062 3.0446677207946777
102.96334075927734 551.8407592773438 3.0446677207946777
98.98211669921875 552.2278442382812 3.0446677207946777
95.00089263916016 552.6149291992188 3.0446677207946777
91.01966857910156 553.0020141601562 3.0446677207946777
90.84634399414062 552.985595703125 -2.8560338020324707
87.0083236694336 551.8588256835938 -2.8560338020324707
83.17030334472656 550.7320556640625 -2.8560338020324707
79.33228302001953 549.6052856445312 -2.8560338020324707
79.33228302001953 549.6052856445312 -2.456033706665039
76.23602294921875 547.0728759765625 -2.456033706665039
73.13976287841797 544.5404663085938 -2.456033706665039
70.04350280761719 542.008056640625 -2.456033706665039
66.9472427368164 539.4756469726562 -2.456033706665039
63.850982666015625 536.9432373046875 -2.456033706665039
60.754722595214844 534.4108276367188 -2.456033706665039
60.643367767333984 534.2769775390625 -2.07354998588562
58.716007232666016 530.7719116210938 -2.07354998588562
56.78864669799805 527.266845703125 -2.07354998588562
54.86128616333008 523.7617797851562 -2.07354998588562
52.93392562866211 520.2567138671875 -2.07354998588562
51.00656509399414 516.7516479492188 -2.07354998588562
49.07920455932617 513.24658203125 -2.07354998588562
49.02584457397461 513.0808715820312 -1.6910662651062012
48.54592514038086 509.1097717285156 -1.6910662651062012
48.06600570678711 505.138671875 -1.6910662651062012
47.58608627319336 501.1675720214844 -1.6910662651062012
47.10616683959961 497.19647216796875 -1.6910662651062012
46.62624740600586 493.2253723144531 -1.6910662651062012
46.14632797241211 489.2542724609375 -1.6910662651062012
45.66640853881836 485.2831726074219 -1.6910662651062012
45.18648910522461 481.31207275390625 -1.6910662651062012
44.70656967163086 477.3409729003906 -1.6910662651062012
44.22665023803711 473.369873046875 -1.6910662651062012
43.74673080444336 469.3987731933594 -1.6910662651062012
43.26681137084961 465.42767333984375 -1.6910662651062012
42.78689193725586 461.4565734863281 -1.6910662651062012
42.30697250366211 457.4854736328125 -1.6910662651062012
41.82705307006836 453.5143737792969 -1.6910662651062012
41.34713363647461 449.54327392578125 -1.6910662651062012
40.86721420288086 445.5721740722656 -1.6910662651062012
40.38729476928711 441.60107421875 -1.6910662651062012
39.90737533569336 437.6299743652344 -1.6910662651062012
39.42745590209961 433.65887451171875 -1.6910662651062012
38.94753646850586 429.6877746582031 -1.6910662651062012
38.95991134643555 429.5136413574219 -1.308631420135498
39.99660110473633 425.65032958984375 -1.308631420135498
41.03329086303711 421.7870178222656 -1.308631420135498
42.06998062133789 417.9237060546875 -1.308631420135498
43.10667037963867 414.0603942871094 -1.308631420135498
44.14336013793945 410.19708251953125 -1.308631420135498
45.180049896240234 406.3337707519531 -1.308631420135498
46.216739654541016 402.470458984375 -1.308631420135498
47.2534294128418 398.6071472167969 -1.308631420135498
48.29011917114258 394.74383544921875 -1.308631420135498
49.32680892944336 390.8805236816406 -1.308631420135498
49.32680892944336 390.8805236816406 -0.908631443977356
49.32680892944336 390.8805236816406 -0.5086314678192139
52.820457458496094 388.9325866699219 -0.5086314678192139
56.31410598754883 386.9846496582031 -0.5086314678192139
59.80775451660156 385.0367126464844 -0.5086314678192139
63.3014030456543 383.0887756347656 -0.5086314678192139
66.79505157470703 381.1408386230469 -0.5086314678192139
70.2886962890625 379.1929016113281 -0.5086314678192139
73.78234100341797 377.2449645996094 -0.5086314678192139
77.27598571777344 375.2970275878906 -0.5086314678192139
80.7696304321289 373.3490905761719 -0.5086314678192139
84.26327514648438 371.4011535644531 -0.5086314678192139
84.42868041992188 371.3468322753906 -0.12614774703979492
84.60240936279297 371.358154296875 0.256335973739624
84.60240936279297 371.358154296875 0.6563359498977661
87.7713394165039 373.7990417480469 0.6563359498977661
90.94026947021484 376.23992919921875 0.6563359498977661
94.10919952392578 378.6808166503906 0.6563359498977661
97.27812957763672 381.1217041015625 0.6563359498977661
100.44705963134766 383.5625915527344 0.6563359498977661
103.6159896850586 386.00347900390625 0.6563359498977661
106.78491973876953 388.4443664550781 0.6563359498977661
109.95384979248047 390.88525390625 0.6563359498977661
113.1227798461914 393.3261413574219 0.6563359498977661
113.23799896240234 393.4566650390625 1.038819670677185
115.26695251464844 396.9039001464844 1.038819670677185
117.29590606689453 400.35113525390625 1.038819670677185
119.32485961914062 403.7983703613281 1.038819670677185
121.35381317138672 407.24560546875 1.038819670677185
123.38276672363281 410.6928405761719 1.038819670677185
125.4117202758789 414.14007568359375 1.038819670677185
127.440673828125 417.5873107910156 1.038819670677185
129.46961975097656 421.0345458984375 1.038819670677185
129.52780151367188 421.1986389160156 1.421303391456604
130.12355041503906 425.1540222167969 1.421303391456604
130.71929931640625 429.1094055175781 1.421303391456604
131.31504821777344 433.0647888183594 1.421303391456604
131.31504821777344 433.0648498535156 1.8212978839874268
131.3150177001953 433.0649108886719 2.22129225730896
131.31497192382812 433.06494140625 2.621286630630493
131.31492614746094 433.0649719238281 3.0212810039520264
131.3148651123047 433.0649719238281 -2.861909866333008
131.3148193359375 433.06494140625 -2.4619154930114746
131.31478881835938 433.0649108886719 -2.0619211196899414
131.3147735595703 433.0648498535156 -1.6619266271591187
131.01223754882812 429.2971496582031 -1.639917254447937
130.79269409179688 425.5237121582031 -1.6179078817367554
130.65625 421.746337890625 -1.5958985090255737
130.60296630859375 417.9668884277344 -1.573889136314392
130.63287353515625 414.1871643066406 -1.5518797636032104
130.74595642089844 410.4090270996094 -1.5298703908920288
130.94215393066406 406.63427734375 -1.5078610181808472
131.22137451171875 402.8647766113281 -1.4858516454696655
131.58349609375 399.1023254394531 -1.4638422727584839
132.0283203125 395.3487548828125 -1.4418329000473022
132.55564880371094 391.60589599609375 -1.4198236465454102
133.15724182128906 387.6513977050781 -1.4198236465454102
133.7588348388672 383.6968994140625 -1.4198236465454102
134.3604278564453 379.7424011230469 -1.4198236465454102
134.96202087402344 375.78790283203125 -1.4198236465454102
135.56361389160156 371.8334045410156 -1.4198236465454102
136.1652069091797 367.87890625 -1.4198236465454102
136.17735290527344 367.8455505371094 -1.0233979225158691
136.20144653320312 367.8194580078125 -0.6269721984863281
136.23373413085938 367.8046875 -0.2305464744567871
136.5966339111328 367.7869567871094 0.13291889429092407
140.5613555908203 368.31707763671875 0.13291889429092407
144.5260772705078 368.8471984863281 0.13291889429092407
144.5260772705078 368.8471984863281 0.5329189300537109
144.65647888183594 368.9625244140625 0.9154026508331299
144.7344207763672 369.1181945800781 1.2978863716125488
144.74862670898438 369.2917175292969 1.6803700923919678
144.69703674316406 369.4580078125 2.0628538131713867
142.80728149414062 372.98345947265625 2.0628538131713867
140.9175262451172 376.5089111328125 2.0628538131713867
139.02777099609375 380.03436279296875 2.0628538131713867
139.02774047851562 380.0343933105469 2.46284818649292
139.02769470214844 380.034423828125 2.862842559814453
139.0276336669922 380.034423828125 -3.020348310470581
135.2808074951172 379.5360107421875 -2.9983389377593994
135.24734497070312 379.52410888671875 -2.6019132137298584
135.24729919433594 379.5240783691406 -2.201918840408325
135.24729919433594 379.5240783691406 -1.801918864250183
134.4219970703125 375.83544921875 -1.7799094915390015
133.67807006835938 372.1295471191406 -1.7579001188278198
132.93402099609375 368.1993713378906 -1.7579001188278198
132.18997192382812 364.2691955566406 -1.7579001188278198
131.4459228515625 360.3390197753906 -1.7579001188278198
130.70187377929688 356.4088439941406 -1.7579001188278198
129.95782470703125 352.4786682128906 -1.7579001188278198
129.21377563476562 348.5484924316406 -1.7579001188278198
128.4697265625 344.6183166503906 -1.7579001188278198
127.72566986083984 340.6881408691406 -1.7579001188278198
126.98161315917969 336.7579650878906 -1.7579001188278198
126.23755645751953 332.8277893066406 -1.7579001188278198
125.49349975585938 328.8976135253906 -1.7579001188278198
124.74944305419922 324.9674377441406 -1.7579001188278198
124.00538635253906 321.0372619628906 -1.7579001188278198
123.2613296508789 317.1070861816406 -1.7579001188278198
122.58635711669922 313.3522033691406 -1.7394108772277832
121.99308013916016 309.6192321777344 -1.7174015045166016
121.48210144042969 305.87408447265625 -1.69539213180542
121.05367279052734 302.1186218261719 -1.6733827590942383
120.70799255371094 298.3546447753906 -1.6513733863830566
120.44523620605469 294.5839538574219 -1.629364013671875
120.2655258178711 290.80841064453125 -1.6073546409606934
120.1689453125 287.0298156738281 -1.5853452682495117
120.15554809570312 283.25 -1.56333589553833
120.225341796875 279.4708251953125 -1.5413265228271484
120.37828826904297 275.694091796875 -1.5193171501159668
120.61431121826172 271.921630859375 -1.4973077774047852
120.93330383300781 268.1552734375 -1.4752984046936035
121.3351058959961 264.3968505859375 -1.4532890319824219
121.81952667236328 260.648193359375 -1.4312796592712402
122.3863296508789 256.9111022949219 -1.4092702865600586
123.03523254394531 253.18739318847656 -1.387260913848877
123.76593017578125 249.47886657714844 -1.3652515411376953
124.57807159423828 245.78732299804688 -1.3432421684265137
125.47125244140625 242.11453247070312 -1.321232795715332
126.44503784179688 238.46249389648438 -1.299203634262085
126.46111297607422 238.4308319091797 -0.9027782678604126
126.48816680908203 238.4078369140625 -0.5063525438308716
126.52200317382812 238.39706420898438 -0.10992681980133057
130.2809600830078 238.0244598388672 -0.08767308294773102
130.2809600830078 238.0244598388672 0.31232690811157227
130.43344116210938 238.1084747314453 0.6948106288909912
130.54354858398438 238.2433319091797 1.0772943496704102
130.59536743164062 238.40953063964844 1.459778070449829
131.0385284423828 242.38490295410156 1.459778070449829
131.481689453125 246.3602752685547 1.459778070449829
131.9248504638672 250.3356475830078 1.459778070449829
132.36801147460938 254.31101989746094 1.459778070449829
132.81117248535156 258.2864074707031 1.459778070449829
133.25433349609375 262.26177978515625 1.459778070449829
133.69749450683594 266.2371520996094 1.459778070449829
134.14065551757812 270.2125244140625 1.459778070449829
134.5838165283203 274.1878967285156 1.459778070449829
135.0269775390625 278.16326904296875 1.459778070449829
135.4701385498047 282.1386413574219 1.459778070449829
135.91329956054688 286.114013671875 1.459778070449829
136.35646057128906 290.0893859863281 1.459778070449829
136.79962158203125 294.06475830078125 1.459778070449829
137.24278259277344 298.0401306152344 1.459778070449829
137.68594360351562 302.0155029296875 1.459778070449829
138.1291046142578 305.9908752441406 1.459778070449829
138.572265625 309.96624755859375 1.459778070449829
139.0154266357422 313.9416198730469 1.459778070449829
139.00148010253906 314.1151428222656 1.842261791229248
137.94793701171875 317.74517822265625 1.8642711639404297
136.81475830078125 321.35113525390625 1.8862805366516113
135.6024932861328 324.9313049316406 1.908289909362793
134.31173706054688 328.4839172363281 1.9302992820739746
133.0669708251953 331.4328918457031 2.0101218223571777
133.04583740234375 331.46142578125 2.4065475463867188
133.01531982421875 331.4795837402344 2.8029732704162598
132.98016357421875 331.48455810546875 -3.0837862491607666
132.98016357421875 331.48455810546875 -2.683786153793335
132.84146118164062 331.37933349609375 -2.301302433013916
132.75205993652344 331.2299499511719 -1.918818712234497
131.38790893554688 327.4697570800781 -1.918818712234497
130.0237579345703 323.7095642089844 -1.918818712234497
128.65960693359375 319.9493713378906 -1.918818712234497
127.29544830322266 316.1891784667969 -1.918818712234497
125.93128967285156 312.4289855957031 -1.918818712234497
124.56713104248047 308.6687927246094 -1.918818712234497
123.20297241210938 304.9085998535156 -1.918818712234497
121.83881378173828 301.1484069824219 -1.918818712234497
120.47465515136719 297.3882141113281 -1.918818712234497
119.1104965209961 293.6280212402344 -1.918818712234497
117.746337890625 289.8678283691406 -1.918818712234497
116.3821792602539 286.1076354980469 -1.918818712234497
115.01802062988281 282.3474426269531 -1.918818712234497
113.65386199951172 278.5872497558594 -1.918818712234497
113.65386199951172 278.5872497558594 -1.518818736076355
113.89176940917969 274.8149108886719 -1.4968093633651733
114.21263885498047 271.0487365722656 -1.4747999906539917
114.6163101196289 267.29052734375 -1.45279061794281
115.10259246826172 263.5421142578125 -1.4307812452316284
115.67125701904297 259.8052978515625 -1.4087718725204468
116.322021484375 256.0819091796875 -1.3867624998092651
117.0545654296875 252.37374877929688 -1.3647531270980835
117.86854553222656 248.68260192871094 -1.3427437543869019
118.76355743408203 245.01026916503906 -1.3207343816757202
119.73917388916016 241.3585205078125 -1.2987250089645386
120.794921875 237.7291259765625 -1.276715636253357
121.93029022216797 234.12384033203125 -1.2547062635421753
123.14472198486328 230.54441833496094 -1.2326968908309937
124.43763732910156 226.99258422851562 -1.210687518119812
125.80840301513672 223.47006225585938 -1.1886781454086304
127.25636291503906 219.9785614013672 -1.1666687726974487
128.7808074951172 216.519775390625 -1.144659399986267
130.38101196289062 213.0953826904297 -1.1226500272750854
132.05618286132812 209.70703125 -1.1006406545639038
133.80551147460938 206.3563690185547 -1.0786312818527222
135.62815856933594 203.04501342773438 -1.0566219091415405
137.5232391357422 199.7745819091797 -1.0346125364303589
139.48983764648438 196.54664611816406 -1.0126031637191772
141.52700805664062 193.36276245117188 -0.9905937910079956
143.6337432861328 190.2244873046875 -0.968584418296814
145.8090362548828 187.13333129882812 -0.9465750455856323
148.0518341064453 184.09080505371094 -0.9245656728744507
150.36105346679688 181.09837341308594 -0.902556300163269
152.73556518554688 178.15748596191406 -0.8805469274520874
155.17413330078125 175.2697296142578 -0.8585189580917358
155.17413330078125 175.2697296142578 -0.8365094065666199
155.35000610351562 175.13668823242188 -0.45869407057762146
155.3843231201172 175.12754821777344 -0.062268346548080444
155.3843231201172 175.12754821777344 0.33773165941238403
155.5346221923828 175.2154083251953 0.720215380191803
155.64126586914062 175.35301208496094 1.1026990413665771
155.68885803222656 175.52047729492188 1.485182762145996
155.67050170898438 175.693603515625 1.867666482925415
155.58885192871094 175.8473663330078 2.250150203704834
155.58880615234375 175.84739685058594 2.650144577026367
155.58876037597656 175.847412109375 3.0501389503479004
155.55345153808594 175.8436279296875 -2.836620569229126
155.5223388671875 175.82650756835938 -2.440194845199585
155.50025939941406 175.7987060546875 -2.043769121170044
155.49063110351562 175.7645263671875 -1.647343397140503
155.49493408203125 175.72927856445312 -1.250917673110962
155.51251220703125 175.69842529296875 -0.8544919490814209
155.51251220703125 175.69842529296875 -0.8180556893348694
155.54141235351562 175.67779541015625 -0.42162996530532837
155.57603454589844 175.669921875 -0.025204241275787354
155.57603454589844 175.669921875 0.3747957646846771
155.7229766845703 175.76329040527344 0.7572795152664185
155.824462890625 175.90475463867188 1.1397632360458374
155.86581420898438 176.07386779785156 1.5222469568252563
155.84104919433594 176.24620056152344 1.9047306776046753
155.75376892089844 176.39683532714844 2.2872142791748047
155.75372314453125 176.39686584472656 2.687208652496338
152.33937072753906 178.0183868408203 2.7092180252075195
148.89016723632812 179.5643768310547 2.731227397918701
145.40777587890625 181.03408813476562 2.753236770629883
141.8938751220703 182.4268035888672 2.7752461433410645
138.3501739501953 183.74185180664062 2.797255516052246
134.7783966064453 184.9785919189453 2.8192648887634277
131.18026733398438 186.1364288330078 2.8412742614746094
127.55752563476562 187.2147979736328 2.863283634185791
123.91193389892578 188.2131805419922 2.8852930068969727
120.24524688720703 189.13108825683594 2.9073023796081543
116.55924987792969 189.96807861328125 2.929311752319336
112.85572814941406 190.72373962402344 2.9513211250305176
109.136474609375 191.39772033691406 2.973330497741699
105.40328216552734 191.98968505859375 2.995339870452881
101.65796661376953 192.4993438720703 3.0173492431640625
97.90234375 192.92645263671875 3.039358615875244
94.13822937011719 193.27081298828125 3.061367988586426
90.3674545288086 193.53224182128906 3.0833773612976074
86.59183502197266 193.7106170654297 3.105386734008789
82.81320190429688 193.8058624267578 3.1273961067199707
79.03339385986328 193.81793212890625 -3.133779764175415
79.02835083007812 193.81686401367188 -2.7342982292175293
75.57440948486328 192.28147888183594 -2.7122888565063477
72.15509796142578 190.67044067382812 -2.690279483795166
68.7720718383789 188.9845428466797 -2.6682701110839844
65.42696380615234 187.224609375 -2.6462607383728027
62.12139892578125 185.3914794921875 -2.624251365661621
58.85697937011719 183.48605346679688 -2.6022419929504395
55.635284423828125 181.50924682617188 -2.580232620239258
52.4578742980957 179.46200561523438 -2.558223247528076
49.32628631591797 177.3453369140625 -2.5362138748168945
46.242042541503906 175.16026306152344 -2.514204502105713
43.206634521484375 172.9078369140625 -2.4921951293945312
40.22153091430664 170.5891571044922 -2.4701857566833496
37.288177490234375 168.20535278320312 -2.448176383972168
34.407997131347656 165.757568359375 -2.4261670112609863
31.58238410949707 163.24697875976562 -2.4041576385498047
28.812707901000977 160.67481994628906 -2.382148265838623
26.100309371948242 158.04232788085938 -2.3601388931274414
23.446502685546875 155.3507843017578 -2.3381295204162598
20.85257339477539 152.6014862060547 -2.316120147705078
20.85257339477539 152.6014862060547 -2.2941107749938965
20.85257339477539 152.6014862060547 -2.272101402282715
20.85257339477539 152.6014862060547 -2.250092029571533
20.85257339477539 152.6014862060547 -2.2280826568603516
20.85257339477539 152.6014862060547 -2.20607328414917
20.85257339477539 152.6014862060547 -2.1840639114379883
20.85257339477539 152.6014862060547 -2.1620545387268066
20.85257339477539 152.6014862060547 -2.140045166015625
20.85257339477539 152.6014862060547 -2.1180357933044434
20.85257339477539 152.6014862060547 -2.0960264205932617
