60.0 450.0 1.1853982210159302
60.0 450.0 1.5853981971740723
59.87039566040039 453.56201171875 1.628932237625122
59.58589553833008 457.1150207519531 1.6724662780761719
59.147037506103516 460.65228271484375 1.7160003185272217
58.554649353027344 464.1670837402344 1.7595343589782715
57.80986022949219 467.65277099609375 1.8030683994293213
56.91407775878906 471.1027526855469 1.846602439880371
55.86899948120117 474.5104675292969 1.890136480331421
54.676605224609375 477.8694763183594 1.9336705207824707
53.33915710449219 481.1734313964844 1.9772045612335205
51.859188079833984 484.4160461425781 2.0207386016845703
50.95412063598633 485.8428955078125 2.2513949871063232
50.94101333618164 485.8537292480469 2.6496827602386475
50.92472839355469 485.858642578125 3.0479705333709717
50.92472839355469 485.858642578125 -2.835214614868164
50.850284576416016 485.8177795410156 -2.4437618255615234
50.79706573486328 485.7515869140625 -2.052309036254883
48.944583892822266 482.2063903808594 -2.052309036254883
47.09210205078125 478.66119384765625 -2.052309036254883
47.06816101074219 478.5797119140625 -1.6608562469482422
46.70840835571289 474.5959167480469 -1.6608562469482422
46.348655700683594 470.61212158203125 -1.6608562469482422
45.9889030456543 466.6283264160156 -1.6608562469482422
45.629150390625 462.64453125 -1.6608562469482422
45.2693977355957 458.6607360839844 -1.6608562469482422
44.909645080566406 454.67694091796875 -1.6608562469482422
44.54989242553711 450.6931457519531 -1.6608562469482422
44.19013977050781 446.7093505859375 -1.6608562469482422
43.830387115478516 442.7255554199219 -1.6608562469482422
43.47063446044922 438.74176025390625 -1.6608562469482422
43.11088180541992 434.7579650878906 -1.6608562469482422
42.751129150390625 430.774169921875 -1.6608562469482422
42.39137649536133 426.7903747558594 -1.6608562469482422
42.03162384033203 422.80657958984375 -1.6608562469482422
41.671871185302734 418.8227844238281 -1.6608562469482422
41.31211853027344 414.8389892578125 -1.6608562469482422
40.95236587524414 410.8551940917969 -1.6608562469482422
40.592613220214844 406.87139892578125 -1.6608562469482422
40.23286056518555 402.8876037597656 -1.6608562469482422
39.87310791015625 398.90380859375 -1.6608562469482422
39.51335525512695 394.9200134277344 -1.6608562469482422
39.153602600097656 390.93621826171875 -1.6608562469482422
38.79384994506836 386.9524230957031 -1.6608562469482422
38.43409729003906 382.9686279296875 -1.6608562469482422
38.074344635009766 378.9848327636719 -1.6608562469482422
37.71459197998047 375.00103759765625 -1.6608562469482422
37.35483932495117 371.0172424316406 -1.6608562469482422
36.995086669921875 367.033447265625 -1.6608562469482422
36.63533401489258 363.0496520996094 -1.6608562469482422
36.27558135986328 359.06585693359375 -1.6608562469482422
35.915828704833984 355.0820617675781 -1.6608562469482422
35.55607604980469 351.0982666015625 -1.6608562469482422
35.19632339477539 347.1144714355469 -1.6608562469482422
34.836570739746094 343.13067626953125 -1.6608562469482422
34.4768180847168 339.1468811035156 -1.6608562469482422
34.1170654296875 335.1630859375 -1.6608562469482422
33.7573127746582 331.1792907714844 -1.6608562469482422
33.397560119628906 327.19549560546875 -1.6608562469482422
33.03780746459961 323.2117004394531 -1.6608562469482422
32.67805480957031 319.2279052734375 -1.6608562469482422
32.318302154541016 315.2441101074219 -1.6608562469482422
31.95854949951172 311.26031494140625 -1.6608562469482422
31.715316772460938 307.7042541503906 -1.6173222064971924
31.6270751953125 304.1409606933594 -1.5737881660461426
31.693992614746094 300.57720947265625 -1.5302541255950928
31.915943145751953 297.0197448730469 -1.486720085144043
32.29280471801758 293.4796142578125 -1.4427632093429565
32.29827117919922 293.4635009765625 -1.0444753170013428
32.30955505371094 293.4507751464844 -0.646187424659729
32.30955505371094 293.4507751464844 -0.24618741869926453
32.39437484741211 293.4465026855469 0.1452653706073761
32.47441101074219 293.47491455078125 0.5367181301116943
32.537559509277344 293.5317077636719 0.928170919418335
32.57426452636719 293.6083068847656 1.3196237087249756
33.568424224853516 297.4827880859375 1.3196237087249756
34.562583923339844 301.3572692871094 1.3196237087249756
35.55674362182617 305.23175048828125 1.3196237087249756
36.5509033203125 309.1062316894531 1.3196237087249756
37.54506301879883 312.980712890625 1.3196237087249756
38.35559844970703 316.45172119140625 1.3631577491760254
39.014305114746094 319.9547119140625 1.4066917896270752
39.51993942260742 323.4830322265625 1.450225830078125
39.87154006958008 327.030029296875 1.4937598705291748
40.06843948364258 330.5889587402344 1.5372939109802246
40.110267639160156 334.153076171875 1.5808279514312744
40.10673522949219 334.1697082519531 1.9791158437728882
40.09702682495117 334.1836853027344 2.377403736114502
40.08266067504883 334.1927795410156 2.775691509246826
40.065887451171875 334.19561767578125 -3.109205961227417
40.065887451171875 334.19561767578125 -2.7092058658599854
39.997169494628906 334.1457214355469 -2.3177530765533447
37.27953338623047 331.210693359375 -2.3177530765533447
34.56189727783203 328.2756652832031 -2.3177530765533447
34.517417907714844 328.20330810546875 -1.926300287246704
33.12516784667969 324.45343017578125 -1.926300287246704
31.7329158782959 320.70355224609375 -1.926300287246704
30.34066390991211 316.95367431640625 -1.926300287246704
28.94841194152832 313.20379638671875 -1.926300287246704
27.55615997314453 309.45391845703125 -1.926300287246704
26.163908004760742 305.70404052734375 -1.926300287246704
24.771656036376953 301.95416259765625 -1.926300287246704
23.379404067993164 298.20428466796875 -1.926300287246704
21.987152099609375 294.45440673828125 -1.926300287246704
20.594900131225586 290.70452880859375 -1.926300287246704
19.202648162841797 286.95465087890625 -1.926300287246704
17.810396194458008 283.20477294921875 -1.926300287246704
17.810396194458008 283.20477294921875 -1.926300287246704
17.810396194458008 283.20477294921875 -1.926300287246704
17.810396194458008 283.20477294921875 -1.926300287246704
17.810396194458008 283.20477294921875 -1.926300287246704
17.810396194458008 283.20477294921875 -1.926300287246704
17.810396194458008 283.20477294921875 -1.926300287246704
17.810396194458008 283.20477294921875 -1.926300287246704
17.810396194458008 283.20477294921875 -1.926300287246704
17.810396194458008 283.20477294921875 -1.926300287246704
17.810396194458008 283.20477294921875 -1.926300287246704
