60.0 450.0 1.1853982210159302
60.0 450.0 1.5853981971740723
59.834564208984375 453.2789306640625 1.6570180654525757
59.43491744995117 456.5376281738281 1.728637933731079
58.80310821533203 459.7593688964844 1.8002578020095825
57.94237518310547 462.9276428222656 1.871877670288086
56.85713195800781 466.02618408203125 1.9434975385665894
55.552940368652344 469.03912353515625 2.0151174068450928
54.03649139404297 471.9510192871094 2.0867371559143066
54.03023147583008 471.9582214355469 2.485776662826538
54.02166748046875 471.9624328613281 2.8848161697387695
54.012142181396484 471.9629821777344 -2.9993295669555664
50.05255126953125 471.3958435058594 -2.9993295669555664
46.092960357666016 470.8287048339844 -2.9993295669555664
42.13336944580078 470.2615661621094 -2.9993295669555664
38.17377853393555 469.6944274902344 -2.9993295669555664
34.21418762207031 469.1272888183594 -2.9993295669555664
30.254596710205078 468.5601501464844 -2.9993295669555664
26.295005798339844 467.9930114746094 -2.9993295669555664
22.33541488647461 467.4258728027344 -2.9993295669555664
18.376270294189453 466.85870361328125 -2.9992856979370117
18.376270294189453 466.85870361328125 -2.59928560256958
18.3408203125 466.82635498046875 -2.2041170597076416
18.320560455322266 466.7828369140625 -1.8089485168457031
18.318613052368164 466.73486328125 -1.4137799739837646
18.33527946472168 466.6898498535156 -1.0186114311218262
20.433473587036133 463.2843322753906 -1.0186114311218262
22.531667709350586 459.8788146972656 -1.0186114311218262
24.62986183166504 456.4732971191406 -1.0186114311218262
26.728055953979492 453.0677795410156 -1.0186114311218262
28.826250076293945 449.6622619628906 -1.0186114311218262
28.826250076293945 449.6622619628906 -0.6186114549636841
28.826250076293945 449.6622619628906 -0.2186114490032196
28.826250076293945 449.6622619628906 0.18138855695724487
28.826250076293945 449.6622619628906 0.5813885927200317
28.826250076293945 449.6622619628906 0.9813885688781738
28.826250076293945 449.6622619628906 1.381388545036316
28.826152801513672 449.67181396484375 1.7804279327392578
28.822357177734375 449.6805725097656 2.1794674396514893
28.815458297729492 449.6871643066406 2.5785069465637207
28.80653953552246 449.6905517578125 2.977546453475952
25.550397872924805 450.11041259765625 3.049166202545166
25.550397872924805 450.11041259765625 -2.8340189456939697
25.508392333984375 450.0871887207031 -2.4388504028320312
25.478567123413086 450.0495910644531 -2.0436818599700928
25.465518951416016 450.0033874511719 -1.6485133171081543
25.47125816345215 449.9557189941406 -1.2533447742462158
26.719844818115234 446.15557861328125 -1.2533447742462158
27.96843147277832 442.3554382324219 -1.2533447742462158
29.217018127441406 438.5552978515625 -1.2533447742462158
30.465604782104492 434.7551574707031 -1.2533447742462158
31.714191436767578 430.95501708984375 -1.2533447742462158
32.96277618408203 427.1548767089844 -1.2533447742462158
34.211360931396484 423.354736328125 -1.2533447742462158
35.45994567871094 419.5545959472656 -1.2533447742462158
36.70853042602539 415.75445556640625 -1.2533447742462158
37.957115173339844 411.9543151855469 -1.2533447742462158
39.2056999206543 408.1541748046875 -1.2533447742462158
40.45428466796875 404.3540344238281 -1.2533447742462158
41.7028694152832 400.55389404296875 -1.2533447742462158
42.951454162597656 396.7537536621094 -1.2533447742462158
44.20003890991211 392.95361328125 -1.2533447742462158
44.20003890991211 392.95361328125 -0.8533447980880737
44.20003890991211 392.95361328125 -0.45334479212760925
47.79598617553711 391.20172119140625 -0.45334479212760925
51.39193344116211 389.4498291015625 -0.45334479212760925
54.98788070678711 387.69793701171875 -0.45334479212760925
58.58382797241211 385.946044921875 -0.45334479212760925
62.17977523803711 384.19415283203125 -0.45334479212760925
65.77572631835938 382.4422607421875 -0.45334479212760925
69.37167358398438 380.69036865234375 -0.45334479212760925
72.96762084960938 378.9384765625 -0.45334479212760925
76.56356811523438 377.18658447265625 -0.45334479212760925
80.15951538085938 375.4346923828125 -0.45334479212760925
83.75546264648438 373.68280029296875 -0.45334479212760925
87.35140991210938 371.930908203125 -0.45334479212760925
87.3978500366211 371.91876220703125 -0.05817630887031555
87.44538879394531 371.9254455566406 0.33699217438697815
87.44538879394531 371.9254455566406 0.7369921803474426
90.40736389160156 374.61370849609375 0.7369921803474426
93.36933898925781 377.3019714355469 0.7369921803474426
96.33131408691406 379.990234375 0.7369921803474426
99.29328918457031 382.6784973144531 0.7369921803474426
102.25526428222656 385.36676025390625 0.7369921803474426
105.21723937988281 388.0550231933594 0.7369921803474426
108.17921447753906 390.7432861328125 0.7369921803474426
111.14118957519531 393.4315490722656 0.7369921803474426
114.10316467285156 396.11981201171875 0.7369921803474426
114.13168334960938 396.1584167480469 1.1321606636047363
115.83050537109375 399.7797546386719 1.1321606636047363
117.52932739257812 403.4010925292969 1.1321606636047363
119.2281494140625 407.0224304199219 1.1321606636047363
120.92697143554688 410.6437683105469 1.1321606636047363
122.62579345703125 414.2651062011719 1.1321606636047363
124.32461547851562 417.8864440917969 1.1321606636047363
126.0234375 421.5077819824219 1.1321606636047363
127.72225952148438 425.1291198730469 1.1321606636047363
129.42108154296875 428.7504577636719 1.1321606636047363
131.11990356445312 432.3717956542969 1.1321606636047363
131.13136291503906 432.41839599609375 1.5273292064666748
131.13136291503906 432.41839599609375 1.927329182624817
131.13136291503906 432.41839599609375 2.327329158782959
131.13136291503906 432.41839599609375 2.7273292541503906
131.13136291503906 432.41839599609375 3.1273293495178223
131.13136291503906 432.41839599609375 -2.7558557987213135
128.13568115234375 431.0750427246094 -2.6842360496520996
125.24380493164062 429.520751953125 -2.6126163005828857
122.4705581665039 427.7635192871094 -2.540996551513672
119.83016967773438 425.8123474121094 -2.469376802444458
117.33617401123047 423.67724609375 -2.397757053375244
117.33617401123047 423.67724609375 -1.997757077217102
117.33617401123047 423.67724609375 -1.59775710105896
117.36522674560547 420.394287109375 -1.5261372327804565
117.6291275024414 417.121826171875 -1.4545173645019531
118.12652587890625 413.8766174316406 -1.3828974962234497
118.85487365722656 410.6753234863281 -1.3112776279449463
119.81043243408203 407.53436279296875 -1.2396577596664429
120.9883041381836 404.4698181152344 -1.1680378913879395
122.55613708496094 400.7898864746094 -1.1680378913879395
124.12397003173828 397.1099548339844 -1.1680378913879395
125.69180297851562 393.4300231933594 -1.1680378913879395
127.25963592529297 389.7500915527344 -1.1680378913879395
128.8274688720703 386.0701599121094 -1.1680378913879395
130.39529418945312 382.3902282714844 -1.1680378913879395
130.40069580078125 382.3823547363281 -0.7689984440803528
130.4087371826172 382.377197265625 -0.3699589967727661
130.4181365966797 382.3755798339844 0.029080450534820557
130.4181365966797 382.3755798339844 0.42908045649528503
130.45701599121094 382.4037170410156 0.8242489099502563
130.4820556640625 382.4446716308594 1.2194173336029053
131.85882568359375 386.20025634765625 1.2194173336029053
132.91429138183594 389.3910827636719 1.2832731008529663
132.91860961914062 389.43890380859375 1.6784415245056152
132.48886108398438 393.4157409667969 1.6784415245056152
132.05911254882812 397.392578125 1.6784415245056152
131.62936401367188 401.3694152832031 1.6784415245056152
131.19961547851562 405.34625244140625 1.6784415245056152
130.76986694335938 409.3230895996094 1.6784415245056152
130.34011840820312 413.2999267578125 1.6784415245056152
130.34011840820312 413.2999267578125 2.078441619873047
130.34011840820312 413.2999267578125 2.4784417152404785
130.34011840820312 413.2999267578125 2.87844181060791
130.34011840820312 413.2999267578125 -3.0047433376312256
130.34011840820312 413.2999267578125 -2.604743242263794
130.34011840820312 413.2999267578125 -2.2047431468963623
130.34011840820312 413.2999267578125 -1.8047431707382202
129.69386291503906 410.0810546875 -1.7331233024597168
129.27960205078125 406.8241882324219 -1.6615034341812134
129.09945678710938 403.5460205078125 -1.58988356590271
129.15435791015625 400.26336669921875 -1.5182636976242065
129.4440155029297 396.9930725097656 -1.4466438293457031
129.44754028320312 396.9825744628906 -1.0477595329284668
129.453857421875 396.97540283203125 -0.6487200856208801
129.4624481201172 396.97125244140625 -0.24968063831329346
129.47198486328125 396.97076416015625 0.1493588089942932
133.4274444580078 397.56597900390625 0.1493588089942932
137.38290405273438 398.16119384765625 0.1493588089942932
141.33836364746094 398.75640869140625 0.1493588089942932
145.2938232421875 399.35162353515625 0.1493588089942932
149.24928283691406 399.94683837890625 0.1493588089942932
153.20474243164062 400.54205322265625 0.1493588089942932
157.1602020263672 401.13726806640625 0.1493588089942932
157.1602020263672 401.13726806640625 0.1493588089942932
157.20533752441406 401.1535949707031 0.5445272922515869
157.24072265625 401.18603515625 0.9396957755088806
157.26087951660156 401.2295837402344 1.3348642587661743
157.26272583007812 401.2775573730469 1.7300326824188232
157.24595642089844 401.3225402832031 2.1252012252807617
155.1402130126953 404.723388671875 2.1252012252807617
153.0344696044922 408.1242370605469 2.1252012252807617
153.0344696044922 408.1242370605469 2.5252013206481934
153.0344696044922 408.1242370605469 2.925201416015625
153.0344696044922 408.1242370605469 -2.9579837322235107
149.830078125 407.4096374511719 -2.886363983154297
146.68504333496094 406.4675598144531 -2.814744234085083
146.68504333496094 406.4675598144531 -2.4147441387176514
146.68504333496094 406.4675598144531 -2.0147440433502197
145.38197326660156 403.4541320800781 -1.9431241750717163
144.29788208007812 400.3551940917969 -1.871504306793213
144.29685974121094 400.3451843261719 -1.4725160598754883
144.73577880859375 397.091552734375 -1.4008961915969849
145.40638732910156 393.877685546875 -1.3292763233184814
145.41046142578125 393.8690490722656 -0.9302368760108948
145.41757202148438 393.8626708984375 -0.5311974287033081
145.4265899658203 393.85955810546875 -0.13215798139572144
148.6944580078125 393.5437316894531 -0.060537755489349365
148.6944580078125 393.5437316894531 0.3394622504711151
148.73570251464844 393.56829833984375 0.7346307039260864
148.76431274414062 393.6068420410156 1.1297991275787354
148.77587890625 393.6534423828125 1.5249676704406738
148.76861572265625 393.7008972167969 1.9201362133026123
148.74365234375 393.7419128417969 2.3153045177459717
148.74365234375 393.7419128417969 2.7153046131134033
148.74365234375 393.7419128417969 3.115304708480835
145.46070861816406 393.7106628417969 -3.0962607860565186
142.18841552734375 393.4445495605469 -3.0246410369873047
138.94354248046875 392.9449768066406 -2.953021287918091
135.74273681640625 392.2144775390625 -2.881401538848877
132.6024169921875 391.2568054199219 -2.809781789779663
129.53868103027344 390.0768737792969 -2.738162040710449
126.56723022460938 388.68072509765625 -2.6665422916412354
126.56723022460938 388.68072509765625 -2.2665421962738037
126.56723022460938 388.68072509765625 -1.8665422201156616
125.7234115600586 385.5079040527344 -1.7949223518371582
125.10880279541016 382.2828369140625 -1.7233024835586548
124.72654724121094 379.0220642089844 -1.6516826152801514
124.57860565185547 375.7423095703125 -1.580062747001648
124.54154205322266 371.74249267578125 -1.580062747001648
124.50447845458984 367.74267578125 -1.580062747001648
124.46741485595703 363.74285888671875 -1.580062747001648
124.43035125732422 359.7430419921875 -1.580062747001648
124.3932876586914 355.74322509765625 -1.580062747001648
124.3562240600586 351.743408203125 -1.580062747001648
124.31916046142578 347.74359130859375 -1.580062747001648
124.28209686279297 343.7437744140625 -1.580062747001648
124.24503326416016 339.74395751953125 -1.580062747001648
124.20796966552734 335.744140625 -1.580062747001648
124.29510498046875 332.4621887207031 -1.5084428787231445
124.61686706542969 329.19488525390625 -1.4368230104446411
125.1716079711914 325.958984375 -1.3652031421661377
125.956298828125 322.7734680175781 -1.2933486700057983
125.96067810058594 322.7649841308594 -0.8943092226982117
125.96800994873047 322.7588806152344 -0.495269775390625
125.97713470458984 322.756103515625 -0.09623032808303833
125.97713470458984 322.756103515625 0.30376967787742615
126.01922607421875 322.7791748046875 0.6989381313323975
126.0491943359375 322.8166809082031 1.094106674194336
126.06241607666016 322.8628234863281 1.4892752170562744
126.21244049072266 326.1424865722656 1.5608950853347778
126.12738800048828 329.42449951171875 1.6325149536132812
125.80770111083984 332.6919860839844 1.7041348218917847
125.80458068847656 332.70098876953125 2.1031742095947266
125.79820251464844 332.7080993652344 2.502213716506958
125.78956604003906 332.712158203125 2.9012532234191895
125.780029296875 332.7125549316406 -2.9828925132751465
125.73504638671875 332.69580078125 -2.587723970413208
125.6999740600586 332.66302490234375 -2.1925554275512695
125.68022155761719 332.6192626953125 -1.797386884689331
124.7815933227539 328.72149658203125 -1.797386884689331
123.88296508789062 324.82373046875 -1.797386884689331
122.98433685302734 320.92596435546875 -1.797386884689331
122.08570861816406 317.0281982421875 -1.797386884689331
121.18708038330078 313.13043212890625 -1.797386884689331
120.2884521484375 309.232666015625 -1.797386884689331
119.38982391357422 305.33489990234375 -1.797386884689331
118.49119567871094 301.4371337890625 -1.797386884689331
118.49119567871094 301.4371337890625 -1.397386908531189
119.17308044433594 298.2256164550781 -1.3257670402526855
120.0830307006836 295.0711364746094 -1.2541471719741821
121.21637725830078 291.9898681640625 -1.1825273036956787
122.56731414794922 288.9975891113281 -1.1109074354171753
122.57315826416016 288.99005126953125 -0.7118679881095886
122.58147430419922 288.9853820800781 -0.31282854080200195
122.59095764160156 288.98431396484375 0.08621090650558472
122.59095764160156 288.98431396484375 0.4862109124660492
122.62816619873047 289.0146484375 0.8813793659210205
122.65083312988281 289.05694580078125 1.276547908782959
123.8109130859375 292.8850402832031 1.276547908782959
124.97099304199219 296.713134765625 1.276547908782959
126.13107299804688 300.5412292480469 1.276547908782959
127.29115295410156 304.36932373046875 1.276547908782959
128.45123291015625 308.1974182128906 1.276547908782959
129.61131286621094 312.0255126953125 1.276547908782959
130.77139282226562 315.8536071777344 1.276547908782959
131.9314727783203 319.68170166015625 1.276547908782959
133.091552734375 323.5097961425781 1.276547908782959
133.09619140625 323.5575866699219 1.6717164516448975
132.64869689941406 326.81005859375 1.7433363199234009
131.9696044921875 330.02215576171875 1.8149561882019043
131.06239318847656 333.17742919921875 1.8865760564804077
131.0576934814453 333.18572998046875 2.2856154441833496
131.05014038085938 333.1915588378906 2.684654951095581
131.04090881347656 333.1940002441406 3.0836944580078125
131.04090881347656 333.1940002441406 -2.7994906902313232
130.99972534179688 333.1693420410156 -2.4043221473693848
130.97122192382812 333.1307373046875 -2.0091536045074463
130.95977783203125 333.0841064453125 -1.6139850616455078
130.935546875 329.80108642578125 -1.5423651933670044
130.9382781982422 329.7892761230469 -1.143585443496704
130.94387817382812 329.78155517578125 -0.7445459961891174
130.95204162597656 329.776611328125 -0.34550654888153076
130.96148681640625 329.7752380371094 0.05353289842605591
130.96148681640625 329.7752380371094 0.4535329043865204
130.99966430664062 329.8043212890625 0.8487013578414917
131.02369689941406 329.8458557128906 1.2438697814941406
132.3082275390625 333.6340026855469 1.2438697814941406
132.31442260742188 333.6816101074219 1.639038324356079
132.0416717529297 337.67230224609375 1.639038324356079
131.7689208984375 341.6629943847656 1.639038324356079
131.4961700439453 345.6536865234375 1.639038324356079
131.22341918945312 349.6443786621094 1.639038324356079
130.95066833496094 353.63507080078125 1.639038324356079
130.67791748046875 357.6257629394531 1.639038324356079
130.40516662597656 361.616455078125 1.639038324356079
130.13241577148438 365.6071472167969 1.639038324356079
129.8596649169922 369.59783935546875 1.639038324356079
129.5869140625 373.5885314941406 1.639038324356079
129.3141632080078 377.5792236328125 1.639038324356079
129.04141235351562 381.5699157714844 1.639038324356079
128.76866149902344 385.56060791015625 1.639038324356079
128.49591064453125 389.5513000488281 1.639038324356079
128.22315979003906 393.5419921875 1.639038324356079
127.95040130615234 397.5326843261719 1.639038324356079
127.67764282226562 401.52337646484375 1.639038324356079
127.4048843383789 405.5140686035156 1.639038324356079
127.13212585449219 409.5047607421875 1.639038324356079
126.85936737060547 413.4954528808594 1.639038324356079
126.85936737060547 413.4954528808594 2.0390384197235107
126.85936737060547 413.4954528808594 2.4390385150909424
126.85936737060547 413.4954528808594 2.839038610458374
126.85936737060547 413.4954528808594 -3.0441465377807617
126.85936737060547 413.4954528808594 -2.64414644241333
124.0321044921875 411.8265075683594 -2.572526693344116
121.3315200805664 409.95953369140625 -2.5009069442749023
121.3315200805664 409.95953369140625 -2.1009068489074707
121.3315200805664 409.95953369140625 -1.7009068727493286
121.02237701416016 406.6910095214844 -1.6292870044708252
120.94792175292969 403.40875244140625 -1.5576671361923218
121.10852813720703 400.12957763671875 -1.4860472679138184
121.50337982177734 396.87030029296875 -1.414427399635315
122.13044738769531 393.64764404296875 -1.3428075313568115
122.98651123046875 390.4781188964844 -1.271187663078308
124.16709899902344 386.65631103515625 -1.271187663078308
125.34768676757812 382.8345031738281 -1.271187663078308
126.52827453613281 379.0126953125 -1.271187663078308
127.7088623046875 375.1908874511719 -1.271187663078308
128.8894500732422 371.36907958984375 -1.271187663078308
128.89401245117188 371.3606872558594 -0.8721482157707214
128.90147399902344 371.354736328125 -0.47310876846313477
128.91065979003906 371.3521728515625 -0.0740693211555481
128.91065979003906 371.3521728515625 0.3259306848049164
128.9522247314453 371.37615966796875 0.7210991382598877
128.98135375976562 371.414306640625 1.1162676811218262
128.99354553222656 371.4607238769531 1.5114362239837646
129.23085021972656 375.45367431640625 1.5114362239837646
129.46815490722656 379.4466247558594 1.5114362239837646
129.70545959472656 383.4395751953125 1.5114362239837646
129.94276428222656 387.4325256347656 1.5114362239837646
130.18006896972656 391.42547607421875 1.5114362239837646
130.41737365722656 395.4184265136719 1.5114362239837646
130.65467834472656 399.411376953125 1.5114362239837646
130.89198303222656 403.4043273925781 1.5114362239837646
131.12928771972656 407.39727783203125 1.5114362239837646
131.36659240722656 411.3902282714844 1.5114362239837646
131.60389709472656 415.3831787109375 1.5114362239837646
131.84120178222656 419.3761291503906 1.5114362239837646
132.07850646972656 423.36907958984375 1.5114362239837646
132.31581115722656 427.3620300292969 1.5114362239837646
132.31581115722656 427.3620300292969 1.9114362001419067
132.31581115722656 427.3620300292969 2.311436176300049
132.31581115722656 427.3620300292969 2.7114362716674805
132.31581115722656 427.3620300292969 3.111436367034912
132.31581115722656 427.3620300292969 -2.7717487812042236
129.2991485595703 426.06646728515625 -2.7001290321350098
126.3829345703125 424.558349609375 -2.628509283065796
123.58211517333984 422.8454284667969 -2.556889533996582
120.91104888916016 420.93646240234375 -2.485269784927368
120.91104888916016 420.93646240234375 -2.0852696895599365
120.91104888916016 420.93646240234375 -1.6852697134017944
120.6530532836914 417.66351318359375 -1.613649845123291
120.62992858886719 414.3804931640625 -1.5420299768447876
120.84178924560547 411.104248046875 -1.4704101085662842
121.28755187988281 407.8515625 -1.3987902402877808
121.96493530273438 404.63909912109375 -1.3271703720092773
122.8704605102539 401.48333740234375 -1.255550503730774
123.99948120117188 398.4004821777344 -1.1839306354522705
125.50862884521484 394.69610595703125 -1.1839306354522705
127.01777648925781 390.9917297363281 -1.1839306354522705
128.5269317626953 387.287353515625 -1.1839306354522705
130.0360870361328 383.5829772949219 -1.1839306354522705
131.5452423095703 379.87860107421875 -1.1839306354522705
131.55052185058594 379.87066650390625 -0.7848911881446838
131.5584716796875 379.8653869628906 -0.38585174083709717
131.56784057617188 379.8636169433594 0.013187706470489502
131.56784057617188 379.8636169433594 0.413187712430954
131.60716247558594 379.8911437988281 0.8083561658859253
131.6328582763672 379.93170166015625 1.2035245895385742
131.64096069335938 379.97900390625 1.5986931324005127
131.52938842773438 383.9774475097656 1.5986931324005127
131.41781616210938 387.97589111328125 1.5986931324005127
131.30624389648438 391.9743347167969 1.5986931324005127
131.19467163085938 395.9727783203125 1.5986931324005127
131.08309936523438 399.9712219238281 1.5986931324005127
130.97152709960938 403.96966552734375 1.5986931324005127
130.85995483398438 407.9681091308594 1.5986931324005127
130.74838256835938 411.966552734375 1.5986931324005127
130.63681030273438 415.9649963378906 1.5986931324005127
130.52523803710938 419.96343994140625 1.5986931324005127
130.52523803710938 419.96343994140625 1.9986931085586548
130.52523803710938 419.96343994140625 2.398693084716797
130.52523803710938 419.96343994140625 2.7986931800842285
130.52523803710938 419.96343994140625 -3.0844919681549072
130.52523803710938 419.96343994140625 -2.6844918727874756
127.6329574584961 418.409912109375 -2.6128721237182617
124.85926055908203 416.65338134765625 -2.541252374649048
122.21836853027344 414.702880859375 -2.469632625579834
122.21836853027344 414.702880859375 -2.0696325302124023
122.21836853027344 414.702880859375 -1.6696325540542603
122.01158142089844 411.4263000488281 -1.5980126857757568
122.039794921875 408.143310546875 -1.5263928174972534
122.30286407470703 404.8707580566406 -1.45477294921875
122.7994384765625 401.62542724609375 -1.3831530809402466
123.52696990966797 398.4239501953125 -1.3115332126617432
124.48172760009766 395.2827453613281 -1.2399133443832397
125.78124237060547 391.4997253417969 -1.2399133443832397
127.08075714111328 387.7167053222656 -1.2399133443832397
128.38026428222656 383.9336853027344 -1.2399133443832397
129.67977905273438 380.1506652832031 -1.2399133443832397
130.9792938232422 376.3676452636719 -1.2399133443832397
130.98411560058594 376.3594055175781 -0.8408738970756531
130.99176025390625 376.35369873046875 -0.4418344497680664
131.0010223388672 376.3514099121094 -0.042795002460479736
131.0010223388672 376.3514099121094 0.35720500349998474
131.0418243408203 376.376708984375 0.752373456954956
131.0697479248047 376.4157409667969 1.1475419998168945
131.0804901123047 376.4625244140625 1.542710542678833
131.1928253173828 380.4609375 1.542710542678833
131.30516052246094 384.4593505859375 1.542710542678833
131.41749572753906 388.457763671875 1.542710542678833
131.5298309326172 392.4561767578125 1.542710542678833
131.6421661376953 396.45458984375 1.542710542678833
131.75450134277344 400.4530029296875 1.542710542678833
131.86683654785156 404.451416015625 1.542710542678833
131.9791717529297 408.4498291015625 1.542710542678833
132.0915069580078 412.4482421875 1.542710542678833
132.20384216308594 416.4466552734375 1.542710542678833
132.31617736816406 420.445068359375 1.542710542678833
132.4285125732422 424.4434814453125 1.542710542678833
132.5408477783203 428.44189453125 1.542710542678833
132.5408477783203 428.44189453125 1.942710518836975
132.5408477783203 428.44189453125 2.342710494995117
132.5408477783203 428.44189453125 2.742710590362549
132.5408477783203 428.44189453125 -3.140474557876587
132.5408477783203 428.44189453125 -2.7404744625091553
129.56617736816406 427.0526123046875 -2.6688547134399414
126.69854736328125 425.45404052734375 -2.5972349643707275
123.9526596069336 423.65435791015625 -2.5256152153015137
123.9526596069336 423.65435791015625 -2.125615119934082
123.9526596069336 423.65435791015625 -1.72561514377594
123.5628662109375 420.39447021484375 -1.6539952754974365
123.40734100341797 417.11505126953125 -1.582375407218933
123.48688507080078 413.8329162597656 -1.5107555389404297
123.80109405517578 410.56488037109375 -1.4391356706619263
124.34835052490234 407.32769775390625 -1.3675158023834229
125.1258544921875 404.13800048828125 -1.2958959341049194
126.1296157836914 401.0121154785156 -1.224276065826416
127.48812103271484 397.2498779296875 -1.224276065826416
128.8466339111328 393.4876403808594 -1.224276065826416
130.20513916015625 389.72540283203125 -1.224276065826416
131.5636444091797 385.9631652832031 -1.224276065826416
131.568603515625 385.95501708984375 -0.8252366185188293
131.5763397216797 385.9494323730469 -0.4261971712112427
131.58563232421875 385.9472961425781 -0.027157723903656006
131.58563232421875 385.9472961425781 0.37284228205680847
131.62603759765625 385.97320556640625 0.7680107355117798
131.65335083007812 386.0126953125 1.1631791591644287
131.66336059570312 386.05963134765625 1.5583477020263672
131.71315002441406 390.059326171875 1.5583477020263672
131.762939453125 394.05902099609375 1.5583477020263672
131.81272888183594 398.0587158203125 1.5583477020263672
131.86251831054688 402.05841064453125 1.5583477020263672
131.9123077392578 406.05810546875 1.5583477020263672
131.96209716796875 410.05780029296875 1.5583477020263672
132.0118865966797 414.0574951171875 1.5583477020263672
132.06167602539062 418.05718994140625 1.5583477020263672
132.11146545410156 422.056884765625 1.5583477020263672
132.1612548828125 426.05657958984375 1.5583477020263672
132.1612548828125 426.05657958984375 1.9583476781845093
132.1612548828125 426.05657958984375 2.3583476543426514
132.1612548828125 426.05657958984375 2.758347749710083
132.1612548828125 426.05657958984375 -3.1248373985290527
132.1612548828125 426.05657958984375 -2.724837303161621
129.2086639404297 424.6209716796875 -2.6532175540924072
126.36637878417969 422.9777526855469 -2.5815978050231934
123.64896392822266 421.1353454589844 -2.5099780559539795
123.64896392822266 421.1353454589844 -2.109977960586548
123.64896392822266 421.1353454589844 -1.7099779844284058
123.31018829345703 417.8697814941406 -1.6383581161499023
123.20596313476562 414.5883483886719 -1.566738247871399
123.33682250976562 411.307861328125 -1.4951183795928955
123.70208740234375 408.0451354980469 -1.423498511314392
124.29989624023438 404.8169250488281 -1.3518786430358887
125.1271743774414 401.6397705078125 -1.2802587747573853
126.1796875 398.52996826171875 -1.2086389064788818
127.59685516357422 394.7894287109375 -1.2086389064788818
129.01402282714844 391.04888916015625 -1.2086389064788818
130.4311981201172 387.308349609375 -1.2086389064788818
131.84837341308594 383.56781005859375 -1.2086389064788818
131.85345458984375 383.5597229003906 -0.8095994591712952
131.8612823486328 383.55426025390625 -0.4105600118637085
131.87060546875 383.5522766113281 -0.011520564556121826
131.87060546875 383.5522766113281 0.38847944140434265
131.9105987548828 383.5788269042969 0.783647894859314
131.93728637695312 383.61871337890625 1.178816318511963
131.94656372070312 383.6658020019531 1.5739848613739014
131.93380737304688 387.665771484375 1.5739848613739014
131.92105102539062 391.6657409667969 1.5739848613739014
131.90829467773438 395.66571044921875 1.5739848613739014
131.89553833007812 399.6656799316406 1.5739848613739014
131.88278198242188 403.6656494140625 1.5739848613739014
131.87002563476562 407.6656188964844 1.5739848613739014
131.85726928710938 411.66558837890625 1.5739848613739014
131.84451293945312 415.6655578613281 1.5739848613739014
131.83175659179688 419.66552734375 1.5739848613739014
131.81900024414062 423.6654968261719 1.5739848613739014
131.81900024414062 423.6654968261719 1.9739848375320435
131.81900024414062 423.6654968261719 2.3739848136901855
131.81900024414062 423.6654968261719 2.773984909057617
131.81900024414062 423.6654968261719 -3.1092002391815186
131.81900024414062 423.6654968261719 -2.709200143814087
128.88922119140625 422.18389892578125 -2.637580394744873
126.0729751586914 420.4964294433594 -2.565960645675659
123.38470458984375 418.61175537109375 -2.4943408966064453
123.38470458984375 418.61175537109375 -2.0943408012390137
123.38470458984375 418.61175537109375 -1.6943408250808716
123.09703063964844 415.3412780761719 -1.6227209568023682
123.04412841796875 412.05859375 -1.5511010885238647
123.22626495361328 408.7805480957031 -1.4794812202453613
123.64250946044922 405.5239562988281 -1.407861351966858
124.29071807861328 402.30548095703125 -1.3362414836883545
125.1675796508789 399.1416320800781 -1.264621615409851
126.37322998046875 395.3276672363281 -1.264621615409851
127.5788803100586 391.5137023925781 -1.264621615409851
128.78453063964844 387.6997375488281 -1.264621615409851
129.9901885986328 383.8857727050781 -1.264621615409851
131.1958465576172 380.0718078613281 -1.264621615409851
132.40150451660156 376.2578430175781 -1.264621615409851
132.4061279296875 376.2494812011719 -0.8655821681022644
132.41363525390625 376.24359130859375 -0.46654272079467773
132.42283630371094 376.2410888671875 -0.06750327348709106
132.42283630371094 376.2410888671875 0.3324967324733734
132.46424865722656 376.2653503417969 0.7276651859283447
132.49313354492188 376.3036804199219 1.1228337287902832
132.50502014160156 376.3501892089844 1.5180022716522217
132.71609497070312 380.3446044921875 1.5180022716522217
132.9271697998047 384.3390197753906 1.5180022716522217
133.13824462890625 388.33343505859375 1.5180022716522217
133.3493194580078 392.3278503417969 1.5180022716522217
133.56039428710938 396.322265625 1.5180022716522217
133.77146911621094 400.3166809082031 1.5180022716522217
133.9825439453125 404.31109619140625 1.5180022716522217
134.19361877441406 408.3055114746094 1.5180022716522217
134.40469360351562 412.2999267578125 1.5180022716522217
134.6157684326172 416.2943420410156 1.5180022716522217
134.82684326171875 420.28875732421875 1.5180022716522217
135.0379180908203 424.2831726074219 1.5180022716522217
135.24899291992188 428.277587890625 1.5180022716522217
135.46006774902344 432.2720031738281 1.5180022716522217
135.46006774902344 432.2720031738281 1.9180022478103638
135.46006774902344 432.2720031738281 2.318002223968506
135.46006774902344 432.2720031738281 2.7180023193359375
135.46006774902344 432.2720031738281 3.118002414703369
135.46006774902344 432.2720031738281 -2.7651827335357666
132.4519805908203 430.9566345214844 -2.6935629844665527
129.5457305908203 429.4294128417969 -2.621943235397339
126.75621795654297 427.6981201171875 -2.550323486328125
124.09774780273438 425.77166748046875 -2.478703737258911
124.09774780273438 425.77166748046875 -2.0787036418914795
124.09774780273438 425.77166748046875 -1.6787036657333374
123.86125183105469 422.4971008300781 -1.607083797454834
123.85968780517578 419.2139892578125 -1.5354639291763306
124.09305572509766 415.939208984375 -1.4638440608978271
124.56016540527344 412.68951416015625 -1.3922241926193237
125.25862121582031 409.4815673828125 -1.3206043243408203
125.99413299560547 407.40008544921875 -1.1416605710983276
127.4661865234375 404.46551513671875 -1.0700407028198242
129.14447021484375 401.643798828125 -0.9984208345413208
129.151123046875 401.636962890625 -0.5993813872337341
129.159912109375 401.63323974609375 -0.20034193992614746
129.16944885253906 401.63323974609375 0.1986975073814392
133.0907440185547 402.4228210449219 0.1986975073814392
137.0120391845703 403.21240234375 0.1986975073814392
140.93333435058594 404.0019836425781 0.1986975073814392
144.8546142578125 404.79156494140625 0.19869878888130188
144.89889526367188 404.8100891113281 0.593867301940918
144.93263244628906 404.84423828125 0.9890357851982117
144.95062255859375 404.88873291015625 1.3842042684555054
144.95008850097656 404.9367370605469 1.7793726921081543
144.121826171875 408.85003662109375 1.7793726921081543
143.29356384277344 412.7633361816406 1.7793726921081543
142.46530151367188 416.6766357421875 1.7793726921081543
141.6370391845703 420.5899353027344 1.7793726921081543
141.6370391845703 420.5899353027344 2.179372787475586
141.6370391845703 420.5899353027344 2.5793728828430176
141.6370391845703 420.5899353027344 2.979372978210449
141.6370391845703 420.5899353027344 -2.9038121700286865
138.47604370117188 419.702880859375 -2.8321924209594727
135.38662719726562 418.5918884277344 -2.760572671890259
132.3846435546875 417.2626647949219 -2.688952922821045
129.48545837402344 415.7220458984375 -2.617333173751831
129.48545837402344 415.7220458984375 -2.2173330783843994
129.48545837402344 415.7220458984375 -1.8173331022262573
128.79873657226562 412.5115661621094 -1.745713233947754
128.343505859375 409.26019287109375 -1.6740933656692505
128.12210083007812 405.98455810546875 -1.602473497390747
128.1356658935547 402.70147705078125 -1.5308536291122437
128.38412475585938 399.42779541015625 -1.4592337608337402
128.8665771484375 396.2068176269531 -1.385000228881836
129.58819580078125 393.0039978027344 -1.3133803606033325
130.6065216064453 389.13580322265625 -1.3133803606033325
131.62484741210938 385.2676086425781 -1.3133803606033325
132.64317321777344 381.3994140625 -1.3133803606033325
133.6614990234375 377.5312194824219 -1.3133803606033325
133.66571044921875 377.52264404296875 -0.9143409132957458
133.67291259765625 377.5163879394531 -0.5153014659881592
133.68197631835938 377.513427734375 -0.11626201868057251
133.68197631835938 377.513427734375 0.28373798727989197
133.72451782226562 377.53564453125 0.6789064407348633
133.75523376464844 377.5725402832031 1.0740749835968018
133.76937866210938 377.618408203125 1.4692435264587402
134.17489624023438 381.5978088378906 1.4692435264587402
134.58041381835938 385.57720947265625 1.4692435264587402
134.98593139648438 389.5566101074219 1.4692435264587402
135.39144897460938 393.5360107421875 1.4692435264587402
135.79696655273438 397.5154113769531 1.4692435264587402
136.20248413085938 401.49481201171875 1.4692435264587402
136.60800170898438 405.4742126464844 1.4692435264587402
136.6033935546875 405.5220031738281 1.8644120693206787
136.6033935546875 405.5220031738281 2.2644121646881104
136.6033935546875 405.5220031738281 2.664412260055542
136.6033935546875 405.5220031738281 3.0644123554229736
136.6033935546875 405.5220031738281 -2.818772792816162
133.5291748046875 404.3696594238281 -2.7471530437469482
130.5452880859375 403.0002746582031 -2.6755332946777344
127.66704559326172 401.4208984375 -2.6039135456085205
127.66704559326172 401.4208984375 -2.203913450241089
127.66704559326172 401.4208984375 -1.8039134740829468
127.0234603881836 398.2015075683594 -1.7322936058044434
126.61190032958984 394.9443054199219 -1.66067373752594
126.43447875976562 391.666015625 -1.5890538692474365
126.49210357666016 388.3834228515625 -1.517434000968933
126.78447723388672 385.1133728027344 -1.4458141326904297
127.2831039428711 381.1445617675781 -1.4458141326904297
127.78173065185547 377.1757507324219 -1.4458141326904297
128.28036499023438 373.2069396972656 -1.4458141326904297
128.77899169921875 369.2381286621094 -1.4458141326904297
129.27761840820312 365.2693176269531 -1.4458141326904297
129.7762451171875 361.3005065917969 -1.4458141326904297
130.30186462402344 358.05975341796875 -1.3741942644119263
130.3055419921875 358.05096435546875 -0.9751548171043396
130.31234741210938 358.0442810058594 -0.5761153697967529
130.3212127685547 358.040771484375 -0.17707592248916626
133.5716094970703 357.5785217285156 -0.10545607656240463
133.5716094970703 357.5785217285156 0.29454392194747925
133.61390686035156 357.6011962890625 0.689712405204773
133.64422607421875 357.638427734375 1.0848808288574219
133.6578826904297 357.6844482421875 1.4800493717193604
134.02037048339844 361.6679992675781 1.4800493717193604
134.3828582763672 365.65155029296875 1.4800493717193604
134.74534606933594 369.6351013183594 1.4800493717193604
135.1078338623047 373.61865234375 1.4800493717193604
135.47032165527344 377.6022033691406 1.4800493717193604
135.8328094482422 381.58575439453125 1.4800493717193604
136.19529724121094 385.5693054199219 1.4800493717193604
136.5577850341797 389.5528564453125 1.4800493717193604
136.55267333984375 389.6005859375 1.8752179145812988
135.3537139892578 393.4166564941406 1.8752179145812988
134.15475463867188 397.23272705078125 1.8752179145812988
134.15475463867188 397.23272705078125 2.2752180099487305
134.15475463867188 397.23272705078125 2.675218105316162
134.15475463867188 397.23272705078125 3.0752182006835938
134.15475463867188 397.23272705078125 -2.807966947555542
131.09315490722656 396.0472412109375 -2.736347198486328
128.12423706054688 394.64569091796875 -2.6647274494171143
128.12423706054688 394.64569091796875 -2.2647273540496826
128.12423706054688 394.64569091796875 -1.8647273778915405
127.28617858886719 391.4713439941406 -1.793107509613037
126.67742156982422 388.24517822265625 -1.7214876413345337
126.30108642578125 384.9837341308594 -1.6498677730560303
126.15909576416016 381.7037048339844 -1.5782479047775269
126.25218963623047 378.42193603515625 -1.5066280364990234
126.5086898803711 374.43017578125 -1.5066280364990234
126.76519012451172 370.43841552734375 -1.5066280364990234
127.02169036865234 366.4466552734375 -1.5066280364990234
127.27819061279297 362.45489501953125 -1.5066280364990234
127.5346908569336 358.463134765625 -1.5066280364990234
127.79119110107422 354.47137451171875 -1.5066280364990234
128.11888122558594 351.2045593261719 -1.4350186586380005
128.6793975830078 347.9761047363281 -1.3627649545669556
128.6831817626953 347.96734619140625 -0.9637255072593689
128.6900634765625 347.96075439453125 -0.5646860599517822
128.698974609375 347.95733642578125 -0.16564661264419556
131.95443725585938 347.5322570800781 -0.09402676671743393
131.95443725585938 347.5322570800781 0.30597323179244995
131.99647521972656 347.555419921875 0.7011417150497437
132.0263671875 347.5929870605469 1.0963101387023926
132.03948974609375 347.63916015625 1.491478681564331
132.35643005371094 351.6265869140625 1.491478681564331
132.67337036132812 355.614013671875 1.491478681564331
132.9903106689453 359.6014404296875 1.491478681564331
133.3072509765625 363.5888671875 1.491478681564331
133.6241912841797 367.5762939453125 1.491478681564331
133.94113159179688 371.563720703125 1.491478681564331
134.25807189941406 375.5511474609375 1.491478681564331
134.57501220703125 379.53857421875 1.491478681564331
134.89195251464844 383.5260009765625 1.491478681564331
135.20889282226562 387.513427734375 1.491478681564331
135.5258331298828 391.5008544921875 1.491478681564331
135.8427734375 395.48828125 1.491478681564331
136.1597137451172 399.4757080078125 1.491478681564331
136.47665405273438 403.463134765625 1.491478681564331
136.46987915039062 403.52032470703125 1.8856819868087769
136.46987915039062 403.52032470703125 2.285681962966919
136.46987915039062 403.52032470703125 2.6856820583343506
136.46987915039062 403.52032470703125 3.0856821537017822
136.46987915039062 403.52032470703125 -2.7975029945373535
133.4208526611328 402.3028564453125 -2.7258832454681396
130.46676635742188 400.8703308105469 -2.654263496398926
130.46676635742188 400.8703308105469 -2.254263401031494
130.46676635742188 400.8703308105469 -1.854263424873352
129.66197204589844 397.6874084472656 -1.7826435565948486
129.08700561523438 394.4550476074219 -1.7110236883163452
128.74481201171875 391.1898193359375 -1.6394038200378418
128.6371612548828 387.9084777832031 -1.5677839517593384
128.76458740234375 384.6278381347656 -1.496164083480835
129.06283569335938 380.63897705078125 -1.496164083480835
129.361083984375 376.6501159667969 -1.496164083480835
129.65933227539062 372.6612548828125 -1.496164083480835
129.95758056640625 368.6723937988281 -1.496164083480835
130.25582885742188 364.68353271484375 -1.496164083480835
130.5540771484375 360.6946716308594 -1.496164083480835
130.85232543945312 356.705810546875 -1.496164083480835
131.2141876220703 353.4427185058594 -1.4245442152023315
131.21742248535156 353.4337463378906 -1.0255048274993896
131.22389221191406 353.4267272949219 -0.626465380191803
131.23257446289062 353.42279052734375 -0.2274259328842163
131.2421112060547 353.4225158691406 0.17161351442337036
135.183349609375 354.1055908203125 0.17161351442337036
139.1245880126953 354.7886657714844 0.17161351442337036
143.06582641601562 355.47174072265625 0.17161351442337036
147.00706481933594 356.1548156738281 0.17161351442337036
150.94830322265625 356.837890625 0.17161351442337036
154.88954162597656 357.5209655761719 0.17161351442337036
154.88954162597656 357.5209655761719 0.5716135501861572
154.9240264892578 357.5543518066406 0.9667820334434509
154.94300842285156 357.59844970703125 1.3619505167007446
154.94354248046875 357.6464538574219 1.7571189403533936
154.92556762695312 357.6909484863281 2.152287483215332
152.72848510742188 361.0335388183594 2.152287483215332
150.53140258789062 364.3761291503906 2.152287483215332
148.33432006835938 367.7187194824219 2.152287483215332
148.33432006835938 367.7187194824219 2.5522875785827637
148.33432006835938 367.7187194824219 2.9522876739501953
148.3247833251953 367.7186279296875 -2.9318580627441406
148.3247833251953 367.7186279296875 -2.531857967376709
148.3247833251953 367.7186279296875 -2.1318578720092773
146.6785430908203 364.8780822753906 -2.0602381229400635
145.23977661132812 361.9270324707031 -1.98861825466156
143.61669921875 358.2711181640625 -1.98861825466156
141.99362182617188 354.6152038574219 -1.98861825466156
140.37054443359375 350.95928955078125 -1.98861825466156
138.74746704101562 347.3033752441406 -1.98861825466156
137.1243896484375 343.6474609375 -1.98861825466156
135.50131225585938 339.9915466308594 -1.98861825466156
133.87823486328125 336.33563232421875 -1.98861825466156
132.25515747070312 332.6797180175781 -1.98861825466156
130.632080078125 329.0238037109375 -1.98861825466156
129.00900268554688 325.3678894042969 -1.98861825466156
127.38591766357422 321.71197509765625 -1.98861825466156
125.76283264160156 318.0560607910156 -1.98861825466156
124.1397476196289 314.400146484375 -1.98861825466156
122.51666259765625 310.7442321777344 -1.98861825466156
120.8935775756836 307.08831787109375 -1.98861825466156
119.27049255371094 303.4324035644531 -1.98861825466156
117.64740753173828 299.7764892578125 -1.98861825466156
116.02432250976562 296.1205749511719 -1.98861825466156
114.40123748779297 292.46466064453125 -1.98861825466156
112.77815246582031 288.8087463378906 -1.98861825466156
111.15506744384766 285.15283203125 -1.98861825466156
109.531982421875 281.4969177246094 -1.98861825466156
107.90889739990234 277.84100341796875 -1.98861825466156
106.28581237792969 274.1850891113281 -1.98861825466156
104.66272735595703 270.5291748046875 -1.98861825466156
103.03964233398438 266.8732604980469 -1.98861825466156
101.41655731201172 263.21734619140625 -1.98861825466156
99.79347229003906 259.5614318847656 -1.98861825466156
98.1703872680664 255.90553283691406 -1.98861825466156
96.54730224609375 252.2496337890625 -1.98861825466156
94.9242172241211 248.59373474121094 -1.98861825466156
93.30113220214844 244.93783569335938 -1.98861825466156
93.30113220214844 244.93783569335938 -1.588618278503418
93.30113220214844 244.93783569335938 -1.1886183023452759
94.63381958007812 241.93739318847656 -1.1169984340667725
96.17779541015625 239.04000854492188 -1.045378565788269
97.9251480102539 236.26052856445312 -0.9737586975097656
99.86691284179688 233.6132049560547 -0.9021388292312622
101.9931411743164 231.1116180419922 -0.8305189609527588
104.29293060302734 228.7686004638672 -0.7588990926742554
106.75448608398438 226.59616088867188 -0.687279224395752
109.36518859863281 224.60543823242188 -0.6156593561172485
112.11164855957031 222.806640625 -0.5440394878387451
114.97978973388672 221.208984375 -0.4724196493625641
117.95490264892578 219.82066345214844 -0.40079981088638306
121.02173614501953 218.64878845214844 -0.329179972410202
124.16456604003906 217.6993865966797 -0.257560133934021
127.36727905273438 216.97731018066406 -0.18594029545783997
130.61187744140625 216.4867706298828 -0.11415757238864899
130.61187744140625 216.4867706298828 0.2858424186706543
130.6543731689453 216.5090789794922 0.681010901927948
130.6850128173828 216.54603576660156 1.0761793851852417
130.69906616210938 216.59193420410156 1.4713478088378906
131.09620666503906 220.57217407226562 1.4713478088378906
131.49334716796875 224.5524139404297 1.4713478088378906
131.89048767089844 228.53265380859375 1.4713478088378906
132.28762817382812 232.5128936767578 1.4713478088378906
132.6847686767578 236.49313354492188 1.4713478088378906
133.0819091796875 240.47337341308594 1.4713478088378906
133.4790496826172 244.45361328125 1.4713478088378906
133.87619018554688 248.43385314941406 1.4713478088378906
134.27333068847656 252.41409301757812 1.4713478088378906
134.67047119140625 256.3943176269531 1.4713478088378906
135.06761169433594 260.3745422363281 1.4713478088378906
135.46475219726562 264.3547668457031 1.4713478088378906
135.8618927001953 268.3349914550781 1.4713478088378906
136.259033203125 272.3152160644531 1.4713478088378906
136.6561737060547 276.2954406738281 1.4713478088378906
137.05331420898438 280.2756652832031 1.4713478088378906
137.45045471191406 284.2558898925781 1.4713478088378906
137.84759521484375 288.2361145019531 1.4713478088378906
138.24473571777344 292.2163391113281 1.4713478088378906
138.64187622070312 296.1965637207031 1.4713478088378906
139.0390167236328 300.1767883300781 1.4713478088378906
139.4361572265625 304.1570129394531 1.4713478088378906
139.8332977294922 308.1372375488281 1.4713478088378906
140.23043823242188 312.1174621582031 1.4713478088378906
140.22573852539062 312.16522216796875 1.866516351699829
139.13807678222656 315.3851013183594 1.9266040325164795
137.8849639892578 318.4196472167969 1.998223900794983
136.4179229736328 321.35675048828125 2.0698437690734863
136.4117889404297 321.3640441894531 2.4688832759857178
136.40328979492188 321.3683776855469 2.867922782897949
136.40328979492188 321.3683776855469 -3.0152623653411865
136.3577880859375 321.35308837890625 -2.620093822479248
136.32167053222656 321.32147216796875 -2.2249252796173096
133.88780212402344 318.14715576171875 -2.2249252796173096
131.4539337158203 314.97283935546875 -2.2249252796173096
129.0200653076172 311.79852294921875 -2.2249252796173096
126.58618927001953 308.62420654296875 -2.2249252796173096
124.15231323242188 305.44989013671875 -2.2249252796173096
121.71843719482422 302.27557373046875 -2.2249252796173096
119.28456115722656 299.10125732421875 -2.2249252796173096
116.8506851196289 295.92694091796875 -2.2249252796173096
114.41680908203125 292.75262451171875 -2.2249252796173096
111.9829330444336 289.57830810546875 -2.2249252796173096
109.54905700683594 286.40399169921875 -2.2249252796173096
107.11518096923828 283.22967529296875 -2.2249252796173096
104.68130493164062 280.05535888671875 -2.2249252796173096
102.24742889404297 276.88104248046875 -2.2249252796173096
99.81355285644531 273.70672607421875 -2.2249252796173096
97.37967681884766 270.53240966796875 -2.2249252796173096
94.94580078125 267.35809326171875 -2.2249252796173096
92.51192474365234 264.18377685546875 -2.2249252796173096
90.07804870605469 261.00946044921875 -2.2249252796173096
87.64417266845703 257.83514404296875 -2.2249252796173096
85.21029663085938 254.66082763671875 -2.2249252796173096
82.77642059326172 251.48651123046875 -2.2249252796173096
80.34254455566406 248.31219482421875 -2.2249252796173096
77.9086685180664 245.13787841796875 -2.2249252796173096
75.47479248046875 241.96356201171875 -2.2249252796173096
73.0409164428711 238.78924560546875 -2.2249252796173096
70.60704040527344 235.61492919921875 -2.2249252796173096
68.17316436767578 232.44061279296875 -2.2249252796173096
65.73928833007812 229.26629638671875 -2.2249252796173096
63.305416107177734 226.09197998046875 -2.2249252796173096
60.871543884277344 222.91766357421875 -2.2249252796173096
58.43767166137695 219.74334716796875 -2.2249252796173096
56.00379943847656 216.56903076171875 -2.2249252796173096
53.56992721557617 213.39471435546875 -2.2249252796173096
51.13605499267578 210.22039794921875 -2.2249252796173096
48.70218276977539 207.04608154296875 -2.2249252796173096
46.268310546875 203.87176513671875 -2.2249252796173096
43.83443832397461 200.69744873046875 -2.2249252796173096
41.40056610107422 197.52313232421875 -2.2249252796173096
38.96669387817383 194.34881591796875 -2.2249252796173096
36.53282165527344 191.17449951171875 -2.2249252796173096
34.09894943237305 188.00018310546875 -2.2249252796173096
31.665077209472656 184.82586669921875 -2.2249252796173096
29.231204986572266 181.65155029296875 -2.2249252796173096
26.797332763671875 178.47723388671875 -2.2249252796173096
24.363460540771484 175.30291748046875 -2.2249252796173096
21.929588317871094 172.12860107421875 -2.2249252796173096
21.90842628479004 172.08551025390625 -1.829756736755371
20.884122848510742 168.21888732910156 -1.829756736755371
19.859819412231445 164.35226440429688 -1.829756736755371
18.83551597595215 160.4856414794922 -1.829756736755371
17.81121253967285 156.6190185546875 -1.829756736755371
16.786909103393555 152.7523956298828 -1.829756736755371
16.786909103393555 152.7523956298828 -1.429756760597229
16.786909103393555 152.7523956298828 -1.029756784439087
16.81922721862793 152.71690368652344 -0.6345883011817932
16.862716674804688 152.69659423828125 -0.2394198179244995
16.910675048828125 152.694580078125 0.1557486653327942
16.955711364746094 152.71119689941406 0.5509171485900879
16.990882873535156 152.74386596679688 0.9460856318473816
18.814472198486328 155.47393798828125 1.0177054405212402
20.438026428222656 158.32749938964844 1.0893253087997437
20.44068145751953 158.336669921875 1.4883646965026855
20.43956756591797 158.3461456298828 1.887404203414917
20.434858322143555 158.3544464111328 2.2864437103271484
20.427295684814453 158.36026000976562 2.68548321723938
20.418066024780273 158.36268615722656 3.0845227241516113
20.418066024780273 158.36268615722656 -2.7986624240875244
16.650972366333008 157.0177001953125 -2.7986624240875244
16.650972366333008 157.0177001953125 -2.7986624240875244
16.534236907958984 156.94834899902344 -2.412325620651245
16.534236907958984 156.94834899902344 -2.412325620651245
16.534236907958984 156.94834899902344 -2.412325620651245
16.534236907958984 156.94834899902344 -2.412325620651245
16.534236907958984 156.94834899902344 -2.412325620651245
16.534236907958984 156.94834899902344 -2.412325620651245
16.534236907958984 156.94834899902344 -2.412325620651245
16.534236907958984 156.94834899902344 -2.412325620651245
16.534236907958984 156.94834899902344 -2.412325620651245
16.534236907958984 156.94834899902344 -2.412325620651245
16.534236907958984 156.94834899902344 -2.412325620651245
