60.0 450.0 1.1853982210159302
60.0 450.0 1.5853981971740723
59.893280029296875 450.5685729980469 1.9272644519805908
59.60212326049805 451.0684814453125 2.2691307067871094
59.58882522583008 451.0791015625 2.6674184799194336
59.57245635986328 451.0837097167969 3.065706253051758
59.57245635986328 451.0837097167969 -2.817478895187378
59.57089614868164 451.0827941894531 -2.4176602363586426
59.56980895996094 451.08135986328125 -2.0178415775299072
57.84059524536133 447.4744567871094 -2.0178415775299072
56.11138153076172 443.8675537109375 -2.0178415775299072
54.38216781616211 440.2606506347656 -2.0178415775299072
52.6529541015625 436.65374755859375 -2.0178415775299072
50.92374038696289 433.0468444824219 -2.0178415775299072
49.19452667236328 429.43994140625 -2.0178415775299072
47.46531295776367 425.8330383300781 -2.0178415775299072
47.46487045288086 425.831298828125 -1.6180229187011719
47.27603530883789 421.83575439453125 -1.6180229187011719
47.08720016479492 417.8402099609375 -1.6180229187011719
46.89836502075195 413.84466552734375 -1.6180229187011719
46.709529876708984 409.84912109375 -1.6180229187011719
46.520694732666016 405.85357666015625 -1.6180229187011719
46.33185958862305 401.8580322265625 -1.6180229187011719
46.14302444458008 397.86248779296875 -1.6180229187011719
45.95418930053711 393.866943359375 -1.6180229187011719
45.76535415649414 389.87139892578125 -1.6180229187011719
45.57651901245117 385.8758544921875 -1.6180229187011719
45.3876838684082 381.88031005859375 -1.6180229187011719
45.198848724365234 377.884765625 -1.6180229187011719
45.010013580322266 373.88922119140625 -1.6180229187011719
44.8211784362793 369.8936767578125 -1.6180229187011719
44.63234329223633 365.89813232421875 -1.6180229187011719
44.44350814819336 361.902587890625 -1.6180229187011719
44.25467300415039 357.90704345703125 -1.6180229187011719
44.06583786010742 353.9114990234375 -1.6180229187011719
43.87700271606445 349.91595458984375 -1.6180229187011719
43.948387145996094 349.34185791015625 -1.2761566638946533
43.95644760131836 349.3268737792969 -0.8778687715530396
44.39632034301758 348.9511413574219 -0.5360025763511658
44.39802169799805 348.9505615234375 -0.13618385791778564
44.399818420410156 348.95068359375 0.2636348605155945
48.26161575317383 349.9930419921875 0.2636348605155945
52.1234130859375 351.035400390625 0.2636348605155945
52.162513732910156 351.0548400878906 0.6592394709587097
55.32434844970703 353.5049133300781 0.6592394709587097
58.486183166503906 355.9549865722656 0.6592394709587097
58.486183166503906 355.9549865722656 1.0592395067214966
58.486183166503906 355.9549865722656 1.4592394828796387
58.45185470581055 356.532470703125 1.8011057376861572
58.22591018676758 357.0650329589844 2.142971992492676
57.83449935913086 357.49102783203125 2.4848382472991943
57.81924057006836 357.49853515625 2.8831260204315186
57.80226135253906 357.4995422363281 -3.0017714500427246
57.80226135253906 357.4995422363281 -2.601771354675293
57.80093002319336 357.4983215332031 -2.2019526958465576
55.440616607666016 354.2689514160156 -2.2019526958465576
53.08030319213867 351.0395812988281 -2.2019526958465576
50.71998977661133 347.8102111816406 -2.2019526958465576
48.359676361083984 344.5808410644531 -2.2019526958465576
45.99936294555664 341.3514709472656 -2.2019526958465576
43.6390495300293 338.1221008300781 -2.2019526958465576
41.27873611450195 334.8927307128906 -2.2019526958465576
38.91842269897461 331.6633605957031 -2.2019526958465576
36.558109283447266 328.4339904785156 -2.2019526958465576
34.19779586791992 325.2046203613281 -2.2019526958465576
31.837480545043945 321.9752502441406 -2.2019526958465576
29.47716522216797 318.7458801269531 -2.2019526958465576
29.476411819458008 318.7442321777344 -1.8021340370178223
28.55929183959961 314.8507995605469 -1.8021340370178223
27.64217185974121 310.9573669433594 -1.8021340370178223
26.725051879882812 307.0639343261719 -1.8021340370178223
25.807931900024414 303.1705017089844 -1.8021340370178223
24.890811920166016 299.2770690917969 -1.8021340370178223
23.973691940307617 295.3836364746094 -1.8021340370178223
23.05657196044922 291.4902038574219 -1.8021340370178223
22.13945198059082 287.5967712402344 -1.8021340370178223
21.222332000732422 283.7033386230469 -1.8021340370178223
20.305212020874023 279.8099060058594 -1.8021340370178223
19.388092041015625 275.9164733886719 -1.8021340370178223
18.470972061157227 272.0230407714844 -1.8021340370178223
17.553852081298828 268.1296081542969 -1.8021340370178223
16.63673210144043 264.2361755371094 -1.8021340370178223
16.63673210144043 264.2361755371094 -1.8021340370178223
16.63673210144043 264.2361755371094 -1.8021340370178223
16.63673210144043 264.2361755371094 -1.8021340370178223
16.63673210144043 264.2361755371094 -1.8021340370178223
16.63673210144043 264.2361755371094 -1.8021340370178223
16.63673210144043 264.2361755371094 -1.8021340370178223
16.63673210144043 264.2361755371094 -1.8021340370178223
16.63673210144043 264.2361755371094 -1.8021340370178223
16.63673210144043 264.2361755371094 -1.8021340370178223
16.63673210144043 264.2361755371094 -1.8021340370178223
