-390.0
-390.0
-393.7786068633626
-397.5542344700294
-401.32516140974593
-405.08974352124983
-408.84635034531806
-412.593393184255
-416.3293226491368
-420.0526873903111
-423.7620096050992
-427.4559049156083
-431.1329885940635
-434.79193444153094
-438.43144203721533
-442.0502348258036
-445.64711909499687
-449.2208598788295
-452.7703013660556
-456.29436465563765
-459.7919243275091
-463.2618673851847
-466.7031527714578
-470.1148097106984
-473.49581378713344
-476.8451470617715
-480.16191775612174
-483.44523712034487
-486.6941573238781
-486.7203339267372
-486.7351674681176
-487.5799835149533
-487.5799835149533
-487.51458536820144
-487.39155477280417
-487.2285954148812
-487.04918955503507
-486.8791196113
-486.8791196113
-486.8791196113
-485.99516085593103
-485.2203273615983
-484.5555574834483
-484.00158382248213
-483.559052637672
-483.22852126920145
-483.0103959696635
-482.90486871356745
-482.9120999278303
-483.03209568073396
-483.26470778330685
-483.6096344868478
-484.0664819526053
-484.6347053191405
-485.31367127076817
-486.1025381502192
-487.0004418066516
-488.00631578050246
-489.1190171987043
-490.3372679483347
-491.6597216356349
-493.08490596570965
-493.1049616968645
-493.13478395162235
-493.16972997434647
-493.16972997434647
-493.31696307462397
-493.41520938308213
-493.450395465373
-493.49120919876077
-493.5644378539051
-493.67006700598296
-493.8080758628865
-493.78084529579104
-492.449985803684
-491.14809759546966
-489.87541165262326
-489.87541165262326
-487.2473750962612
-484.6381018879501
-482.0478967197164
-479.47706861667376
-476.92593090000975
-474.39480131518286
-474.2571434276122
-470.76479775023165
-467.2805914904929
-463.8047080838915
-460.33733606134246
-456.878669208263
-453.4289067286778
-453.2596249823751
-449.30562345566915
-445.35244367953214
-441.4001077327612
-437.44863848727965
-433.4980596438411
-429.54839576966737
-425.5996723381416
-421.6519157706878
-417.7051534809788
-413.7594139216218
-409.8147266334861
-405.8711222978459
-401.928632791527
-397.98729124525863
-394.0471321054496
-390.1081911996209
-386.1705058057508
-382.23411472580244
-378.2990583637309
-374.3653788082869
-370.43311992096204
-370.253427659764
-366.3313242187586
-362.4109237138986
-358.4922820141046
-354.57545743244316
-350.66051085971924
-346.7475059068186
-342.8365090564687
-338.92758982514243
-335.02082093589473
-331.1162785029885
-327.214042229247
-327.214042229247
-327.214042229247
-325.1483719449415
-323.11901551111157
-321.12666138344116
-319.1720024965566
-317.2557355888621
-315.37856047990863
-313.5411792998013
-311.7442956703815
-309.98861383817916
-309.9428633335677
-309.9652950593963
-309.9652950593963
-312.6064652378203
-315.2762599721505
-317.97395824483175
-320.6988558882951
-323.45026548227384
-326.22751622044683
-329.02995374963484
-331.8569399845788
-334.7078529011327
-337.5820863105161
-337.7329791271999
-341.44684153618795
-345.1670986910398
-348.89354603000004
-352.62598730500827
-356.3642341805955
-360.108105854699
-363.85742870009165
-364.6951994083163
-368.6921382437458
-372.6891426558754
-376.68621055720894
-380.68333994789003
-384.6805289111524
-384.6805289111524
-384.6805289111524
-384.6805289111524
-384.6805289111524
-384.6805289111524
-384.6805289111524
-384.6805289111524
-384.6805289111524
-380.9026603247457
-377.12850623856764
-373.359993492466
-369.5991557406281
-365.8480905498029
-362.10895046338004
-358.38394841011814
-354.67536617194435
-350.9855479850242
-347.31690575956577
-343.67189760429187
-340.05310727266163
-336.4631420931109
-332.6829000072703
-328.90785605432956
-325.13819129439935
-321.3740950186573
-317.6157652051582
-313.86340900395686
-313.8332076214278
-313.81257348822254
-313.80469838659593
-313.81082144813456
-313.81082144813456
-313.95824926712424
-314.1333566986725
-314.3108778248429
-318.0759887981084
-321.8467666259748
-325.62301443866687
-329.4045441148059
-333.1911758160339
-336.98273754999457
-340.7790647597577
-344.5799999379114
-348.3853922636771
-352.19509726151864
-356.0089764798273
-359.8268971883664
-359.8268971883664
-359.8268971883664
-359.8268971883664
-359.8268971883664
-359.8268971883664
-359.8268971883664
-359.8268971883664
-356.0487281779603
-352.26901669732416
-348.48957845694395
-344.71228265560154
-340.9390522479012
-337.1718985891334
-333.4128947623834
-329.66414897503444
-325.92786628285035
-322.2063234541835
-318.27756630468696
-314.35060644409873
-310.42551208088025
-306.5023548841781
-302.5812102037771
-298.6621573068538
-294.745279633027
-290.83066506935694
-286.9184062471132
-283.0086008623206
-279.3255532100211
-275.66510625514934
-272.0299828497603
-268.42300992713547
-264.84709305437775
-261.3053130011004
-257.8008074205407
-254.3368649226
-250.9168669977748
-247.54432401007284
-244.22287297897802
-240.95671458932375
-240.93050537359932
-240.91557566089733
-240.91424296524804
-241.58684554052948
-241.58684554052948
-241.71743853761924
-241.88465189765782
-242.06434051400407
-245.98734246552016
-249.91278583153814
-253.84055734845288
-257.77055059088485
-261.70266546778697
-265.6368077620696
-269.57288870945985
-269.82136761844583
-273.02804278791945
-276.2051665542024
-279.3522436964911
-279.37718818424565
-279.39042673074727
-279.3899272049709
-279.3899272049709
-279.2606308308915
-279.09416203247525
-275.17124949049486
-271.25058843536976
-267.3322779271745
-263.4164228588517
-259.50313438684753
-255.59253039998387
-251.6847360305322
-247.77988421192353
-243.87811628806173
-239.97958267981062
-236.0844436149115
-232.19286992836828
-228.30504394122687
-224.42116042669082
-220.54142767367546
-216.66606865923217
-212.7953223427967
-208.92944509696565
-205.06871229151648
-201.21342004970523
-197.36388719854764
-193.52045743788048
-189.6835017565723
-185.85342112839402
-182.03064952486534
-182.03064952486534
-182.03064952486534
-178.7394732521295
-175.5108463336841
-172.3498816928748
-169.26196422398607
-166.25269095078355
-163.32789951547548
-160.49367220933325
-157.7562988548502
-155.12245032506178
-155.12245032506178
-153.79187883089492
-152.5546110213434
-151.4129342013469
-150.3690257104193
-149.42493464208502
-148.64568831591805
-148.04283634773603
-147.61707088321407
-147.37013370256622
-147.3030366830434
-147.41606667033804
-147.70873646795133
-148.17986155375212
-148.82751402354359
-149.64909061072106
-150.64134994234124
-150.65797144928933
-150.65797144928933
-150.8299292438721
-151.00891828665058
-151.16916385280348
-151.28767403613807
-151.34748288670693
-151.34748288670693
-150.4123838785174
-149.48588866365208
-148.56859701715817
-147.66113078787757
-146.76412460675
-145.87821824086092
-145.00403296139743
-144.14221671705863
-143.29340679830847
-142.45826183199893
-141.63742061212494
-140.8315457527413
-140.04127237302936
-139.26726121219832
-138.5101754278558
-137.77065122010748
-137.04932804941993
-136.34684578235454
-135.66386212743964
-135.00098510634228
-134.3588367299174
-133.7380361450881
-133.13651500622382
-133.13651500622382
-131.12062110494796
-129.11239085388831
-127.11317904890906
-125.12441682558891
-123.14760004517882
-121.1842784247265
-119.23610556069916
-117.30481269697333
-115.39218335387656
-113.50013297523172
-111.63063714792503
-109.78576745321499
-107.9677094935407
-106.17874979276135
-104.42126572866428
-102.69775627084283
-101.01080054229924
-101.01080054229924
-101.01080054229924
-101.01080054229924
-101.01080054229924
-101.01080054229924
-101.01080054229924
-101.01080054229924
-101.01080054229924
-101.01080054229924
-101.01080054229924
