-390.0
-390.0
-393.7786068633626
-397.5542344700294
-401.32516140974593
-405.08974352124983
-408.84635034531806
-412.593393184255
-416.3293226491368
-420.0526873903111
-423.7620096050992
-427.4559049156083
-431.1329885940635
-434.79193444153094
-438.43144203721533
-442.0502348258036
-445.64711909499687
-449.2208598788295
-452.7703013660556
-456.29436465563765
-459.7919243275091
-463.2618673851847
-466.7031527714578
-470.1148097106984
-473.49581378713344
-476.8451470617715
-480.16191775612174
-483.44523712034487
-486.6941573238781
-486.72033259609844
-486.7351661360908
-487.57998216010003
-487.57998216010003
-487.51458387067936
-487.39155326966005
-487.22859390848635
-487.0491880482312
-486.8791181069905
-486.8791181069905
-486.8791181069905
-485.9951593873862
-485.2203260671073
-484.5555563643513
-484.0015828799207
-483.55905174507063
-483.22852058450906
-483.0103954254671
-482.9048684080983
-482.912099861224
-483.03209585284316
-483.26470819370167
-483.60963497282535
-484.0664826160225
-484.63470615904987
-485.31367228601965
-486.1025393394643
-487.000443168348
-488.00631731291975
-489.1190183328546
-490.3372691936316
-491.6597229905735
-493.08490742867764
-493.10496242880004
-493.13478468385523
-493.16973070667643
-493.16973070667643
-493.3169638053677
-493.41521011151013
-493.45039619108877
-493.49120986289415
-493.5644384564266
-493.6700675468755
-493.8080763421449
-493.7808457723107
-492.44998622194277
-491.1480979551305
-489.8754119533567
-489.8754119533567
-487.2473146022011
-484.6379804804748
-482.0477142855066
-479.4768250480112
-476.9256261251983
-474.3944351889629
-474.25677728641915
-470.76443132432047
-467.2802246866281
-463.8043408069017
-460.3369682140765
-456.87830069154614
-453.42853744126666
-453.259255678926
-449.3052535934456
-445.35207321473035
-441.39973662042246
-437.4482666812496
-433.497687096728
-429.5480224327978
-425.59929816151447
-421.6515407029264
-417.7047774692806
-413.759036911706
-409.8143485695387
-405.8707431224625
-401.92825244565245
-397.98690966812455
-394.0467492345083
-390.10780697047653
-386.17012015208707
-382.23372757930684
-378.2986696540154
-374.3649884628042
-370.4327278649187
-370.2530356048952
-366.3309322122992
-362.4105318438581
-358.4918903714387
-354.57506611118436
-350.66011995711386
-346.7471155234716
-342.8361192964967
-338.92720079633506
-335.0204327498852
-331.11589127543397
-327.2136560800196
-327.2136560800196
-327.2136560800196
-325.14802260378906
-323.1187031936029
-321.12638629726143
-319.1717648408472
-317.25553563462074
-315.3783984923015
-313.54105553483345
-311.74421037413964
-309.98856724605815
-309.9428171204603
-309.96524923512084
-309.96524923512084
-312.6064253491157
-315.2762257683623
-317.97392948001885
-320.6988323212514
-323.45024687653853
-326.22750234430396
-329.02994437610306
-331.856934891392
-334.707851870713
-337.5820891299393
-337.73298212055977
-341.4468447025469
-345.16710184468036
-348.89354899114807
-352.6259898996006
-356.36423624005783
-360.1081072157335
-363.8574292044737
-364.68439012470293
-368.6815066158381
-372.67868360650675
-376.6759205425954
-380.67321553574396
-384.67056677605666
-384.67056677605666
-384.67056677605666
-384.67056677605666
-384.67056677605666
-384.67056677605666
-384.67056677605666
-384.67056677605666
-384.67056677605666
-380.89284694914744
-377.11890354545807
-373.3507232571399
-369.59031552927274
-365.83978093219173
-362.101272177881
-358.37700534070143
-354.66926543566564
-350.98040001734637
-347.31279450614375
-343.6689671678624
-340.0514784267609
-336.46293921880476
-332.68427389433947
-328.9108431808738
-325.1428293285976
-321.3804228669825
-317.6238230627831
-313.87323840744773
-313.8430771312576
-313.8224848867836
-313.81464908244703
-313.8208079045303
-313.8208079045303
-313.9683694841773
-314.1435332250971
-314.320999075044
-318.0843697047971
-321.85344774557336
-325.6280350110802
-329.4079421156878
-333.1929880067371
-336.98299952530726
-340.7778109935257
-344.577263826642
-348.381206168217
-352.1894925468936
-356.0019835533299
-359.8185455359724
-359.8185455359724
-359.8185455359724
-359.8185455359724
-359.8185455359724
-359.8185455359724
-359.8185455359724
-359.8185455359724
-356.04023863011946
-352.2604806736458
-348.4810933339513
-344.7039460519759
-340.9309964836557
-337.16422945893777
-333.40569020924437
-329.6575205711751
-325.9219578197436
-322.201254210511
-318.27347769034185
-314.3475223221055
-310.42345720266144
-306.5013549332572
-302.58129184213675
-298.66334822414035
-294.74760859880746
-290.8341619886519
-286.9231022194465
-283.01452824454856
-279.33271720801906
-275.6736571985749
-272.04007664424904
-268.4348063636052
-264.86075766571844
-261.32101715252276
-257.81872644190014
-254.3571819468
-250.93976907614237
-247.57000397274598
-244.25152720467045
-240.9963921951906
-240.97024729499446
-240.95540689517654
-240.95416090667354
-241.63454621901826
-241.63454621901826
-241.76576464749286
-241.93329687559415
-242.11296851587161
-246.03187149118176
-249.95334351951558
-253.8772655535785
-257.803525721789
-261.7320188006307
-265.6626457324551
-269.59531318427594
-269.84186597999695
-273.03888184184854
-276.2062616133013
-279.3434853484122
-279.3683089370716
-279.3813817676394
-279.38070366837667
-279.38070366837667
-279.25082493308213
-279.0840602171547
-275.1575237862314
-271.23313393709964
-267.31098329610234
-263.3911739406223
-259.4738119784169
-255.55900995485192
-251.64688734275848
-247.73757107712882
-243.8311961394471
-239.9279061970349
-236.02785430345813
-232.13120366679988
-228.23812849347013
-224.34881491621002
-220.46346201607994
-216.58228294951732
-212.70550619303594
-208.83337691984994
-204.96615852467494
-201.10413431522943
-197.24759438353715
-193.39688269137218
-189.55235443703086
-185.71439363640232
-181.8834160336913
-181.8834160336913
-181.8834160336913
-178.60567671322292
-175.3915272383475
-172.2461199595771
-169.17486384627804
-166.18340923630342
-163.27762569035153
-160.4635948919432
-157.74764525274963
-155.1362676515196
-155.1362676515196
-153.8374471757942
-152.63243038825829
-151.52345527616384
-150.51264475574345
-149.60198863601215
-148.8758378539822
-148.32487456307945
-147.95129709674404
-147.75663501085
-147.74169858499428
-147.90655658531074
-148.25051671556574
-148.77216886117554
-149.46940121740326
-150.33944245265707
-151.37431317542212
-151.39145810687884
-151.39145810687884
-151.56427577437535
-151.74297855233564
-151.90184697836906
-152.01807716405435
-152.0750384760893
-152.0750384760893
-151.07828212753034
-150.08930796655824
-149.10874452972814
-148.13724246522506
-147.17544794402113
-146.2240257117887
-145.28365583298145
-144.35500289484168
-143.43875563586582
-142.53560684979618
-141.6462387012495
-140.7713463193721
-139.9116339585543
-139.0677975759906
-138.24054351996247
-137.4305824969302
-136.63859980921583
-135.8653151916228
-135.11142085767
-134.3776086547056
-133.6645733511974
-132.97299079879585
-132.30353551368876
-132.30351712217475
-130.251171424972
-128.20638621813936
-126.1705426007018
-124.14510054553608
-122.13157346750246
-120.13154785341283
-118.14671891847289
-116.17884924211216
-114.22978942958775
-112.30148331247975
-110.39598632720124
-108.5154417132711
-106.66211526304733
-104.83835248907165
-103.04664301966747
-101.28957909378619
-99.5698579801154
-99.5698579801154
-99.5698579801154
-99.5698579801154
-99.5698579801154
-99.5698579801154
-99.5698579801154
-99.5698579801154
-99.5698579801154
-99.5698579801154
-99.5698579801154
