60.0 450.0 1.1853982210159302
60.0 450.0 1.5853981971740723
59.87039566040039 453.56201171875 1.628932237625122
59.58589553833008 457.1150207519531 1.6724662780761719
59.147037506103516 460.65228271484375 1.7160003185272217
58.554649353027344 464.1670837402344 1.7595343589782715
57.80986022949219 467.65277099609375 1.8030683994293213
56.91407775878906 471.1027526855469 1.846602439880371
55.86899948120117 474.5104675292969 1.890136480331421
54.676605224609375 477.8694763183594 1.9336705207824707
53.33915710449219 481.1734313964844 1.9772045612335205
51.859188079833984 484.4160461425781 2.0207386016845703
50.95412063598633 485.8428955078125 2.2513949871063232
50.94101333618164 485.8537292480469 2.6496827602386475
50.92472839355469 485.858642578125 3.0479705333709717
50.92472839355469 485.858642578125 -2.835214614868164
50.850284576416016 485.8177795410156 -2.4437618255615234
50.79706573486328 485.7515869140625 -2.052309036254883
48.944583892822266 482.2063903808594 -2.052309036254883
47.09210205078125 478.66119384765625 -2.052309036254883
47.06816101074219 478.5797119140625 -1.6608562469482422
46.70840835571289 474.5959167480469 -1.6608562469482422
46.348655700683594 470.61212158203125 -1.6608562469482422
45.9889030456543 466.6283264160156 -1.6608562469482422
45.629150390625 462.64453125 -1.6608562469482422
45.2693977355957 458.6607360839844 -1.6608562469482422
44.909645080566406 454.67694091796875 -1.6608562469482422
44.54989242553711 450.6931457519531 -1.6608562469482422
44.19013977050781 446.7093505859375 -1.6608562469482422
43.830387115478516 442.7255554199219 -1.6608562469482422
43.47063446044922 438.74176025390625 -1.6608562469482422
43.11088180541992 434.7579650878906 -1.6608562469482422
42.751129150390625 430.774169921875 -1.6608562469482422
42.39137649536133 426.7903747558594 -1.6608562469482422
42.03162384033203 422.80657958984375 -1.6608562469482422
41.671871185302734 418.8227844238281 -1.6608562469482422
41.31211853027344 414.8389892578125 -1.6608562469482422
40.95236587524414 410.8551940917969 -1.6608562469482422
40.592613220214844 406.87139892578125 -1.6608562469482422
40.23286056518555 402.8876037597656 -1.6608562469482422
39.87310791015625 398.90380859375 -1.6608562469482422
39.51335525512695 394.9200134277344 -1.6608562469482422
39.153602600097656 390.93621826171875 -1.6608562469482422
38.79384994506836 386.9524230957031 -1.6608567237854004
38.4340934753418 382.9686584472656 -1.6608589887619019
38.07432556152344 378.9848937988281 -1.6608612537384033
37.71455001831055 375.0011291503906 -1.6608635187149048
37.354766845703125 371.0173645019531 -1.6608657836914062
36.994972229003906 367.0335998535156 -1.6608680486679077
36.635169982910156 363.0498352050781 -1.6608703136444092
36.275360107421875 359.0660705566406 -1.6608725786209106
35.9155387878418 355.0823059082031 -1.660874843597412
35.55570983886719 351.0985412597656 -1.6608771085739136
35.19586944580078 347.1147766113281 -1.660879373550415
34.836021423339844 343.1310119628906 -1.6608816385269165
34.476165771484375 339.1472473144531 -1.660883903503418
34.11629867553711 335.1634826660156 -1.6608861684799194
33.75642395019531 331.1797180175781 -1.660888433456421
33.396541595458984 327.1959533691406 -1.6608906984329224
33.03664779663086 323.2121887207031 -1.6608929634094238
32.6767463684082 319.2284240722656 -1.6608952283859253
32.316837310791016 315.2446594238281 -1.6608974933624268
31.956918716430664 311.2608947753906 -1.6608997583389282
31.713531494140625 307.704833984375 -1.6173657178878784
31.62513542175293 304.14154052734375 -1.5738316774368286
31.691898345947266 300.5777893066406 -1.5302976369857788
31.913692474365234 297.02032470703125 -1.486763596534729
32.290382385253906 293.47991943359375 -1.442832350730896
32.29584884643555 293.46380615234375 -1.0445444583892822
32.307132720947266 293.4510803222656 -0.6462565660476685
32.307132720947266 293.4510803222656 -0.24625656008720398
32.39195251464844 293.44677734375 0.14519622921943665
32.47199249267578 293.47515869140625 0.5366489887237549
32.5351448059082 293.5319519042969 0.9281017780303955
32.57185363769531 293.6085510253906 1.3195545673370361
33.566280364990234 297.4829406738281 1.3195523023605347
34.56071472167969 301.3573303222656 1.3195500373840332
35.55516052246094 305.2317199707031 1.3195477724075317
36.54961395263672 309.1061096191406 1.3195455074310303
37.36042022705078 312.5770568847656 1.36307954788208
38.01940155029297 316.0799865722656 1.4066135883331299
38.52531051635742 319.6082763671875 1.4501476287841797
38.87718963623047 323.1552429199219 1.4936816692352295
39.07436752319336 326.71417236328125 1.5372157096862793
39.071563720703125 326.73095703125 1.935503602027893
39.06247329711914 326.7453308105469 2.333791494369507
39.048519134521484 326.75506591796875 2.732079267501831
39.03188705444336 326.75860595703125 3.1303670406341553
39.03188705444336 326.75860595703125 -2.7528181076049805
38.9610595703125 326.71173095703125 -2.36136531829834
36.118045806884766 323.8979797363281 -2.36136531829834
33.27503204345703 321.084228515625 -2.36136531829834
33.227439880371094 321.0138854980469 -1.9699125289916992
31.67302894592285 317.3282775878906 -1.9699147939682007
30.118608474731445 313.6426696777344 -1.9699170589447021
28.564180374145508 309.95709228515625 -1.9699193239212036
27.009742736816406 306.2715148925781 -1.969921588897705
25.455297470092773 302.5859375 -1.9699238538742065
23.90084457397461 298.9003601074219 -1.969926118850708
22.34638214111328 295.21478271484375 -1.9699283838272095
20.791906356811523 291.5291748046875 -1.9699283838272095
19.237430572509766 287.84356689453125 -1.9699283838272095
17.682954788208008 284.157958984375 -1.9699283838272095
17.66579818725586 284.07476806640625 -1.5784755945205688
17.63507652282715 280.0749206542969 -1.5784778594970703
17.604347229003906 276.0750732421875 -1.5784801244735718
17.5736083984375 272.0752258300781 -1.5784823894500732
17.54286003112793 268.07537841796875 -1.5784846544265747
17.549589157104492 264.2645263671875 -1.5595762729644775
17.667146682739258 260.70208740234375 -1.5160422325134277
17.667146682739258 260.70208740234375 -1.472508192062378
17.68406105041504 260.646484375 -1.0783565044403076
17.694908142089844 260.6333923339844 -0.6800686120986938
17.694908142089844 260.6333923339844 -0.6365321278572083
17.694908142089844 260.6333923339844 -0.23653212189674377
17.77976417541504 260.6299133300781 0.15492066740989685
17.85952377319336 260.6590881347656 0.5463734865188599
17.922119140625 260.71649169921875 0.9378262758255005
20.288288116455078 263.94158935546875 0.9378262758255005
20.324249267578125 264.0185241699219 1.3292790651321411
21.28095245361328 267.90240478515625 1.3292768001556396
22.2376651763916 271.7862854003906 1.3292745351791382
23.194385528564453 275.670166015625 1.3292722702026367
24.15111541748047 279.5540466308594 1.3292700052261353
25.10785484313965 283.43792724609375 1.3292677402496338
26.06460189819336 287.3218078613281 1.3292655944824219
26.841632843017578 290.8004455566406 1.3727996349334717
27.466535568237305 294.30963134765625 1.4163336753845215
27.938125610351562 297.8426818847656 1.4598677158355713
27.936626434326172 297.859619140625 1.858155608177185
27.928674697875977 297.8746643066406 2.256443500518799
27.91551399230957 297.88543701171875 2.654731273651123
27.89920425415039 297.8902587890625 3.0530190467834473
27.89920425415039 297.8902587890625 -2.8301661014556885
27.824966430664062 297.8489990234375 -2.438713312149048
27.77208137512207 297.78253173828125 -2.0472605228424072
25.937528610229492 294.2280578613281 -2.047262668609619
24.102968215942383 290.673583984375 -2.047264814376831
22.268400192260742 287.119140625 -2.047266960144043
20.43381690979004 283.5646667480469 -2.047266960144043
18.599233627319336 280.01019287109375 -2.047266960144043
16.764650344848633 276.4557189941406 -2.047266960144043
16.74103355407715 276.37384033203125 -1.6558446884155273
16.74103355407715 276.37384033203125 -1.6558469533920288
16.74103355407715 276.37384033203125 -1.6558492183685303
16.74103355407715 276.37384033203125 -1.6558514833450317
16.74103355407715 276.37384033203125 -1.6558537483215332
16.74103355407715 276.37384033203125 -1.6558560132980347
16.74103355407715 276.37384033203125 -1.6558582782745361
16.74103355407715 276.37384033203125 -1.6558605432510376
16.74103355407715 276.37384033203125 -1.655862808227539
16.74103355407715 276.37384033203125 -1.6558650732040405
16.74103355407715 276.37384033203125 -1.655867338180542
