-390.0
-390.0
-393.5620330588233
-397.1152366622683
-400.65319066448365
-404.16966810682163
-407.65865428444914
-411.1143346828382
-414.53105173996624
-417.9033832963243
-421.22609860070133
-424.4941142607498
-425.93896227974494
-425.95007213738563
-425.95533100691904
-425.95533100691904
-425.91606997808094
-425.85103940102215
-422.35110785191205
-418.8601306682366
-418.7794260535057
-414.8089205798157
-410.83898742850016
-406.86964335245483
-402.9009057622327
-398.9327927585
-394.9653231664272
-390.9985165721468
-387.032393361426
-383.0669747607107
-379.10228288071215
-375.13834076272065
-371.175172427847
-367.2128029294075
-363.2512584086901
-359.2905661543553
-355.33075466575156
-351.3718537204467
-347.41389444630545
-343.4569093984709
-339.5009326416429
-335.54599983807947
-331.5921483417884
-327.6394172994207
-323.68784775842363
-319.737482783067
-315.78836757901456
-311.84054962717835
-307.89407882766716
-303.9490076547214
-300.0053913236181
-296.0632879706292
-292.12275884723067
-288.183868529885
-284.24668514685953
-280.31128062370396
-276.37773094918316
-272.44611646366405
-268.5165221721763
-264.58903808461986
-260.66375958587554
-256.740787838896
-252.8202302242168
-249.31390019307696
-245.78411574031568
-242.23671020665793
-238.67776123693818
-235.11788308074492
-235.10123791229722
-235.08727136495048
-235.08727136495048
-235.07305280737356
-235.09188368316794
-235.1409027981383
-235.2126952607714
-238.9491637043905
-242.69403283638303
-246.44691970060362
-250.20746352100056
-253.97532417437438
-257.3634889033506
-260.8004057438182
-264.27777271756594
-267.78758642898373
-271.3220442513683
-274.8736266502986
-274.8904707446051
-274.90511386184795
-274.91522467519553
-274.91927105190814
-274.91927105190814
-274.87449828902476
-272.1607241973396
-269.47899668294895
-269.4111661917654
-265.8154873874093
-262.23152022301826
-258.6597513375565
-255.1006931107792
-251.55488504351368
-248.02289542091245
-244.50532308469772
-241.0027993210743
-237.51598987120352
-234.04559707130434
-230.59236212956208
-227.1570675470629
-227.1570675470629
-227.1570675470629
-227.1570675470629
-227.1570675470629
-227.1570675470629
-227.1570675470629
-227.1570675470629
-227.1570675470629
-227.1570675470629
-227.1570675470629
