60.0 450.0 1.1853982210159302
60.0 450.0 1.5853981971740723
59.903221130371094 453.7785949707031 1.607407569885254
59.72330856323242 457.55413818359375 1.6294169425964355
59.460350036621094 461.3247985839844 1.6514263153076172
59.114471435546875 465.0887756347656 1.6734356880187988
58.68584060668945 468.84423828125 1.6954450607299805
58.17466354370117 472.58935546875 1.717454433441162
57.58119201660156 476.3222961425781 1.7394638061523438
56.90570831298828 480.0412902832031 1.7614731788635254
56.14854431152344 483.7445068359375 1.783482551574707
55.31006622314453 487.43017578125 1.8054919242858887
54.39067840576172 491.09649658203125 1.8275012969970703
53.39082336425781 494.74169921875 1.849510669708252
52.31098937988281 498.364013671875 1.8715200424194336
51.15169906616211 501.961669921875 1.8935294151306152
49.91351318359375 505.532958984375 1.9155387878417969
48.5970344543457 509.07611083984375 1.9375481605529785
47.20289611816406 512.5894165039062 1.9595575332641602
45.73177719116211 516.0712280273438 1.9815669059753418
44.18438720703125 519.5198364257812 2.0035762786865234
42.56147766113281 522.9335327148438 2.025585651397705
40.863834381103516 526.3106689453125 2.0475950241088867
39.09227752685547 529.649658203125 2.0696043968200684
37.2476692199707 532.9488525390625 2.09161376953125
35.33089828491211 536.2066040039062 2.1136231422424316
33.3428955078125 539.42138671875 2.1356325149536133
31.284626007080078 542.5916748046875 2.157641887664795
29.157085418701172 545.7158813476562 2.1796512603759766
29.131397247314453 545.740478515625 2.576071262359619
29.098257064819336 545.7532348632812 2.97249698638916
25.365562438964844 546.3483276367188 2.994506359100342
25.365562438964844 546.3483276367188 -2.888678789138794
25.203290939331055 546.2711791992188 -2.5067567825317383
25.081470489501953 546.1390991210938 -2.1248347759246826
25.017656326293945 545.9711303710938 -1.742912769317627
25.021041870117188 545.79150390625 -1.3609907627105713
25.091140747070312 545.6260375976562 -0.9790687561035156
25.091140747070312 545.6260375976562 -0.5790687799453735
25.091140747070312 545.6260375976562 -0.17906877398490906
28.81771469116211 544.9937744140625 -0.15705940127372742
32.55730056762695 544.4436645507812 -0.13505002856254578
36.30808639526367 543.9760131835938 -0.11304065585136414
40.06825637817383 543.5910034179688 -0.0910312831401825
43.83599090576172 543.288818359375 -0.06902191042900085
47.60946273803711 543.0696411132812 -0.047012537717819214
51.3868408203125 542.93359375 -0.025003165006637573
55.16630172729492 542.8806762695312 -0.0029937922954559326
58.94601058959961 542.9109497070312 0.019015580415725708
62.72413635253906 543.0244140625 0.04102495312690735
66.49884796142578 543.2210083007812 0.06303432583808899
70.26832580566406 543.5006103515625 0.08504369854927063
74.03073120117188 543.8630981445312 0.10705307126045227
77.78424835205078 544.3082885742188 0.1290624439716339
81.52706146240234 544.8359985351562 0.15107181668281555
85.25735473632812 545.4459228515625 0.1730811893939972
88.97332000732422 546.1378173828125 0.19509056210517883
92.67315673828125 546.9113159179688 0.21709993481636047
96.3550796508789 547.7660522460938 0.23910930752754211
100.01729583740234 548.7015991210938 0.26111868023872375
103.65803527832031 549.717529296875 0.2831280529499054
107.2755355834961 550.8133544921875 0.30513742566108704
107.30664825439453 550.8305053710938 0.7015625238418579
107.32872772216797 550.8583374023438 1.097988247871399
107.3383560180664 550.8925170898438 1.49441397190094
107.3383560180664 550.8925170898438 1.894413948059082
107.24992370605469 551.0489501953125 2.2763359546661377
107.10956573486328 551.1611328125 2.6582579612731934
106.93750762939453 551.2129516601562 3.040179967880249
102.95806121826172 551.617919921875 3.040179967880249
98.9786148071289 552.0228881835938 3.040179967880249
94.9991683959961 552.4278564453125 3.040179967880249
91.01972198486328 552.8328247070312 3.040179967880249
90.84075927734375 552.8167724609375 -2.8610832691192627
86.99710083007812 551.7094116210938 -2.8610832691192627
83.1534423828125 550.60205078125 -2.8610832691192627
79.30978393554688 549.4946899414062 -2.8610832691192627
79.30978393554688 549.4946899414062 -2.461083173751831
76.20077514648438 546.9779052734375 -2.461083173751831
73.09176635742188 544.4611206054688 -2.461083173751831
69.98275756835938 541.9443359375 -2.461083173751831
66.87374877929688 539.4275512695312 -2.461083173751831
63.764739990234375 536.9107666015625 -2.461083173751831
60.655731201171875 534.3939819335938 -2.461083173751831
60.540069580078125 534.2564697265625 -2.0791611671447754
58.59307098388672 530.7623291015625 -2.0791611671447754
56.64607238769531 527.2681884765625 -2.0791611671447754
54.699073791503906 523.7740478515625 -2.0791611671447754
52.7520751953125 520.2799072265625 -2.0791611671447754
50.805076599121094 516.7857666015625 -2.0791611671447754
48.85807800292969 513.2916259765625 -2.0791611671447754
48.801998138427734 513.1209106445312 -1.6972391605377197
48.29757308959961 509.15283203125 -1.6972391605377197
47.793148040771484 505.18475341796875 -1.6972391605377197
47.28872299194336 501.2166748046875 -1.6972391605377197
46.784297943115234 497.24859619140625 -1.6972391605377197
46.27987289428711 493.280517578125 -1.6972391605377197
45.775447845458984 489.31243896484375 -1.6972391605377197
45.27102279663086 485.3443603515625 -1.6972391605377197
44.766597747802734 481.37628173828125 -1.6972391605377197
44.26217269897461 477.408203125 -1.6972391605377197
43.757747650146484 473.44012451171875 -1.6972391605377197
43.25332260131836 469.4720458984375 -1.6972391605377197
42.748897552490234 465.50396728515625 -1.6972391605377197
42.24447250366211 461.535888671875 -1.6972391605377197
41.740047454833984 457.56781005859375 -1.6972391605377197
41.23562240600586 453.5997314453125 -1.6972391605377197
40.731197357177734 449.63165283203125 -1.6972391605377197
40.22677230834961 445.66357421875 -1.6972391605377197
39.722347259521484 441.69549560546875 -1.6972391605377197
39.21792221069336 437.7274169921875 -1.6972391605377197
38.713497161865234 433.75933837890625 -1.6972391605377197
38.20907211303711 429.791259765625 -1.6972391605377197
38.22065734863281 429.6119384765625 -1.315317153930664
39.23149490356445 425.74176025390625 -1.315317153930664
40.242332458496094 421.87158203125 -1.315317153930664
41.253170013427734 418.00140380859375 -1.315317153930664
42.264007568359375 414.1312255859375 -1.315317153930664
43.274845123291016 410.26104736328125 -1.315317153930664
44.285682678222656 406.390869140625 -1.315317153930664
45.2965202331543 402.52069091796875 -1.315317153930664
46.30735778808594 398.6505126953125 -1.315317153930664
47.31819534301758 394.78033447265625 -1.315317153930664
48.32903289794922 390.91015625 -1.315317153930664
49.33987045288086 387.03997802734375 -1.315317153930664
49.33987045288086 387.03997802734375 -0.915317177772522
49.33987045288086 387.03997802734375 -0.5153172016143799
52.82041549682617 385.0687255859375 -0.5153172016143799
56.300960540771484 383.09747314453125 -0.5153172016143799
59.7815055847168 381.126220703125 -0.5153172016143799
63.26205062866211 379.15496826171875 -0.5153172016143799
66.74259948730469 377.1837158203125 -0.5153172016143799
70.22314453125 375.21246337890625 -0.5153172016143799
73.70368957519531 373.2412109375 -0.5153172016143799
77.18423461914062 371.26995849609375 -0.5153172016143799
80.66477966308594 369.2987060546875 -0.5153172016143799
80.83511352539062 369.2414245605469 -0.13339701294898987
81.01449584960938 369.25177001953125 0.2485249936580658
81.01449584960938 369.25177001953125 0.6485249996185303
84.20240020751953 371.6678161621094 0.6485249996185303
87.39030456542969 374.0838623046875 0.6485249996185303
90.57820892333984 376.4999084472656 0.6485249996185303
93.76611328125 378.91595458984375 0.6485249996185303
96.95401763916016 381.3320007324219 0.6485249996185303
100.14192199707031 383.748046875 0.6485249996185303
103.32982635498047 386.1640930175781 0.6485249996185303
106.51773071289062 388.58013916015625 0.6485249996185303
109.70563507080078 390.9961853027344 0.6485249996185303
112.89353942871094 393.4122314453125 0.6485249996185303
113.01354217529297 393.54595947265625 1.030447006225586
115.07128143310547 396.97607421875 1.030447006225586
117.12902069091797 400.40618896484375 1.030447006225586
119.18675994873047 403.8363037109375 1.030447006225586
121.24449920654297 407.26641845703125 1.030447006225586
123.30223846435547 410.696533203125 1.030447006225586
125.35997772216797 414.12664794921875 1.030447006225586
127.41771697998047 417.5567626953125 1.030447006225586
127.73641204833984 418.3474426269531 1.3448472023010254
128.63253784179688 422.2457580566406 1.3448472023010254
129.52867126464844 426.1440734863281 1.3448472023010254
130.4248046875 430.0423889160156 1.3448472023010254
131.32093811035156 433.9407043457031 1.3448472023010254
132.21707153320312 437.8390197753906 1.3448472023010254
132.21707153320312 437.8390197753906 1.7448471784591675
132.21707153320312 437.8390197753906 2.1448471546173096
132.21707153320312 437.8390197753906 2.544847249984741
132.21707153320312 437.8390197753906 2.944847345352173
132.21707153320312 437.8390197753906 -2.938337802886963
132.21707153320312 437.8390197753906 -2.5383377075195312
132.21707153320312 437.8390197753906 -2.1383376121520996
132.21707153320312 437.8390197753906 -1.7383376359939575
131.6278076171875 434.10540771484375 -1.7163282632827759
131.120849609375 430.3597412109375 -1.6943188905715942
130.69644165039062 426.60382080078125 -1.6723095178604126
130.35479736328125 422.8394470214844 -1.650300145149231
130.09608459472656 419.0684814453125 -1.6282907724380493
129.92042541503906 415.292724609375 -1.6062813997268677
129.82789611816406 411.5140380859375 -1.584272027015686
129.8185577392578 407.7342224121094 -1.5622626543045044
129.8924102783203 403.9551086425781 -1.5402532815933228
130.04940795898438 400.17852783203125 -1.5182439088821411
130.2894744873047 396.4063415527344 -1.4962345361709595
130.6125030517578 392.6403503417969 -1.4742251634597778
131.01834106445312 388.88238525390625 -1.4522157907485962
131.49154663085938 384.91046142578125 -1.4522157907485962
131.96475219726562 380.93853759765625 -1.4522157907485962
132.43795776367188 376.96661376953125 -1.4522157907485962
132.91116333007812 372.99468994140625 -1.4522157907485962
133.38436889648438 369.02276611328125 -1.4522157907485962
133.85757446289062 365.05084228515625 -1.4522157907485962
133.86863708496094 365.01708984375 -1.0557900667190552
133.89187622070312 364.990234375 -0.6593643426895142
133.92367553710938 364.97442626953125 -0.26293861865997314
133.9591064453125 364.9721374511719 0.13348710536956787
133.9591064453125 364.9721374511719 0.53348708152771
134.09365844726562 365.0912170410156 0.9154090881347656
134.17413330078125 365.2518615722656 1.2973310947418213
134.18893432617188 365.4309387207031 1.679253101348877
133.75595092773438 369.4074401855469 1.679253101348877
133.32296752929688 373.3839416503906 1.679253101348877
132.88998413085938 377.3604431152344 1.679253101348877
132.45700073242188 381.3369445800781 1.679253101348877
132.02401733398438 385.3134460449219 1.679253101348877
131.59103393554688 389.2899475097656 1.679253101348877
131.15805053710938 393.2664489746094 1.679253101348877
130.72506713867188 397.2429504394531 1.679253101348877
130.29208374023438 401.2194519042969 1.679253101348877
129.85910034179688 405.1959533691406 1.679253101348877
129.42611694335938 409.1724548339844 1.679253101348877
128.99313354492188 413.1489562988281 1.679253101348877
128.99313354492188 413.1489562988281 2.0792531967163086
128.99313354492188 413.1489562988281 2.4792532920837402
128.99313354492188 413.1489562988281 2.879253387451172
128.99313354492188 413.1489562988281 -3.003931760787964
128.99313354492188 413.1489562988281 -2.6039316654205322
128.99313354492188 413.1489562988281 -2.2039315700531006
128.99313354492188 413.1489562988281 -1.8039315938949585
128.160400390625 409.4620056152344 -1.7819222211837769
127.40901184082031 405.7575988769531 -1.7599128484725952
126.73933410644531 402.0375671386719 -1.7379034757614136
126.15168762207031 398.3037109375 -1.715894103050232
125.64635467529297 394.55780029296875 -1.6938847303390503
125.22358703613281 390.80169677734375 -1.6718753576278687
124.88358306884766 387.0372009277344 -1.649865984916687
124.62651062011719 383.26611328125 -1.6278566122055054
124.4524917602539 379.49029541015625 -1.6058472394943237
124.36161041259766 375.7115478515625 -1.583837866783142
124.3094482421875 371.7118835449219 -1.583837866783142
124.25728607177734 367.71221923828125 -1.583837866783142
124.20512390136719 363.7125549316406 -1.583837866783142
124.15296173095703 359.712890625 -1.583837866783142
124.10079956054688 355.7132263183594 -1.583837866783142
124.04863739013672 351.71356201171875 -1.583837866783142
123.99647521972656 347.7138977050781 -1.583837866783142
123.9443130493164 343.7142333984375 -1.583837866783142
123.89215087890625 339.7145690917969 -1.583837866783142
123.8399887084961 335.71490478515625 -1.583837866783142
123.83229064941406 331.9350891113281 -1.5618284940719604
123.90777587890625 328.156005859375 -1.5398191213607788
124.06641387939453 324.3795166015625 -1.5178097486495972
124.3081283569336 320.607421875 -1.4958003759384155
124.63279724121094 316.841552734375 -1.4737910032272339
125.0402603149414 313.083740234375 -1.4517816305160522
125.53032684326172 309.3358154296875 -1.4297722578048706
126.1027603149414 305.5995788574219 -1.407762885093689
126.75727844238281 301.8768615722656 -1.3857535123825073
127.49356842041016 298.16943359375 -1.3637441396713257
128.31126403808594 294.4791259765625 -1.341734766960144
129.20994567871094 290.8085021972656 -1.3196473121643066
129.22537231445312 290.7765197753906 -0.9232215881347656
129.251953125 290.7529602050781 -0.5267958641052246
129.2855682373047 290.74151611328125 -0.1303701400756836
132.78451538085938 290.3680725097656 -0.08228645473718643
132.78451538085938 290.3680725097656 0.31771355867385864
132.9414520263672 290.4555969238281 0.6996355652809143
133.05445861816406 290.59527587890625 1.0815575122833252
133.10726928710938 290.76702880859375 1.4634795188903809
133.53570556640625 294.7440185546875 1.4634795188903809
133.96414184570312 298.72100830078125 1.4634795188903809
134.392578125 302.697998046875 1.4634795188903809
134.82101440429688 306.67498779296875 1.4634795188903809
135.24945068359375 310.6519775390625 1.4634795188903809
135.67788696289062 314.62896728515625 1.4634795188903809
136.1063232421875 318.60595703125 1.4634795188903809
136.08255004882812 318.9134521484375 1.8324639797210693
135.0646209716797 322.55364990234375 1.854473352432251
133.96682739257812 326.1705627441406 1.8764827251434326
132.78970336914062 329.7624206542969 1.8984920978546143
132.77188110351562 329.7931213378906 2.2949178218841553
132.7435760498047 329.8145751953125 2.6913435459136963
132.7091827392578 329.82342529296875 3.0877692699432373
132.7091827392578 329.82342529296875 -2.7954158782958984
132.5548095703125 329.7314758300781 -2.4134938716888428
132.44581604003906 329.588623046875 -2.031571865081787
130.66725158691406 326.00579833984375 -2.031571865081787
128.88868713378906 322.4229736328125 -2.031571865081787
127.11011505126953 318.84014892578125 -2.031571865081787
125.33154296875 315.25732421875 -2.031571865081787
123.55297088623047 311.67449951171875 -2.031571865081787
121.77439880371094 308.0916748046875 -2.031571865081787
119.9958267211914 304.50885009765625 -2.031571865081787
118.21725463867188 300.926025390625 -2.031571865081787
116.43868255615234 297.34320068359375 -2.031571865081787
114.66011047363281 293.7603759765625 -2.031571865081787
112.88153839111328 290.17755126953125 -2.031571865081787
111.10296630859375 286.5947265625 -2.031571865081787
109.32439422607422 283.01190185546875 -2.031571865081787
107.54582214355469 279.4290771484375 -2.031571865081787
105.76725006103516 275.84625244140625 -2.031571865081787
103.98867797851562 272.263427734375 -2.031571865081787
102.2101058959961 268.68060302734375 -2.031571865081787
100.43153381347656 265.0977783203125 -2.031571865081787
98.65296173095703 261.51495361328125 -2.031571865081787
96.8743896484375 257.93212890625 -2.031571865081787
95.09581756591797 254.34930419921875 -2.031571865081787
93.31724548339844 250.7664794921875 -2.031571865081787
91.5386734008789 247.18365478515625 -2.031571865081787
89.76010131835938 243.600830078125 -2.031571865081787
87.98152923583984 240.01800537109375 -2.031571865081787
87.98152923583984 240.01800537109375 -1.631571888923645
87.98152923583984 240.01800537109375 -1.231571912765503
89.27843475341797 236.46763610839844 -1.2095625400543213
90.65316772460938 232.94667053222656 -1.1875531673431396
92.10505676269531 229.45680236816406 -1.165543794631958
93.63339233398438 225.99974060058594 -1.1435344219207764
95.23744201660156 222.5771484375 -1.1215250492095947
96.91642761230469 219.19068908691406 -1.099515676498413
98.6695327758789 215.8419952392578 -1.0775063037872314
100.49591064453125 212.53269958496094 -1.0554969310760498
100.49591064453125 212.53269958496094 -0.6554969549179077
103.54451751708984 210.2321014404297 -0.6374281644821167
106.759033203125 207.85157775878906 -0.6374281644821167
109.97354888916016 205.47105407714844 -0.6374281644821167
113.18806457519531 203.0905303955078 -0.6374281644821167
116.25021362304688 200.87460327148438 -0.6154187917709351
119.36038970947266 198.7266082763672 -0.5934094190597534
122.51708221435547 196.64756774902344 -0.5714000463485718
125.71876525878906 194.6385040283203 -0.5493906736373901
128.96389770507812 192.7003936767578 -0.5273813009262085
132.25088500976562 190.83416748046875 -0.5053719282150269
135.57815551757812 189.04074096679688 -0.4833625555038452
138.944091796875 187.3209686279297 -0.4613531827926636
142.34706115722656 185.67568969726562 -0.43934381008148193
145.78541564941406 184.10569763183594 -0.4173344373703003
149.25747680664062 182.61175537109375 -0.39532506465911865
152.76158142089844 181.194580078125 -0.373315691947937
152.7965545654297 181.1884002685547 0.023110032081604004
152.7965545654297 181.1884002685547 0.4231100380420685
152.9434051513672 181.29193115234375 0.8050320148468018
153.0410919189453 181.44273376464844 1.1869540214538574
153.07553100585938 181.61907958984375 1.568876028060913
153.04176330566406 181.79556274414062 1.9507980346679688
152.9446563720703 181.94674682617188 2.3327200412750244
152.9446563720703 181.94674682617188 2.732720136642456
149.46006774902344 183.4112548828125 2.7547295093536377
145.944091796875 184.79872131347656 2.7767388820648193
142.3984375 186.1084747314453 2.798748254776001
138.82481384277344 187.33987426757812 2.8207576274871826
135.22496032714844 188.49234008789062 2.8427670001983643
131.60061645507812 189.56529235839844 2.864776372909546
127.95353698730469 190.5582275390625 2.8867857456207275
124.28548431396484 191.4706573486328 2.908795118331909
120.5982437133789 192.30213928222656 2.930804491043091
116.89359283447266 193.05227661132812 2.9528138637542725
113.17333221435547 193.720703125 2.974823236465454
109.43926239013672 194.3070831298828 2.9968326091766357
105.69319152832031 194.8111572265625 3.0188419818878174
101.93693542480469 195.232666015625 3.040851354598999
98.17231750488281 195.57139587402344 3.0628607273101807
94.40115356445312 195.8271942138672 3.0848701000213623
90.62527465820312 195.99993896484375 3.106879472732544
86.84650421142578 196.08953857421875 3.1288888454437256
83.06668090820312 196.09596252441406 -3.13228702545166
83.06668090820312 196.09596252441406 -2.7322869300842285
79.61583709716797 194.55361938476562 -2.710277557373047
76.19977569580078 192.9357147216797 -2.6882681846618652
72.82014465332031 191.24302673339844 -2.6662588119506836
69.47858428955078 189.4763641357422 -2.644249439239502
66.17671203613281 187.6365966796875 -2.6222400665283203
62.91613006591797 185.724609375 -2.6002306938171387
59.69841766357422 183.74131774902344 -2.578221321105957
56.52513122558594 181.6876983642578 -2.5562119483947754
53.39780807495117 179.5647430419922 -2.5342025756835938
50.317962646484375 177.37347412109375 -2.512193202972412
47.28709030151367 175.11495971679688 -2.4901838302612305
44.30665588378906 172.790283203125 -2.468174457550049
41.37810516357422 170.40057373046875 -2.446165084838867
38.50285339355469 167.94699096679688 -2.4241557121276855
35.68229675292969 165.43072509765625 -2.402146339416504
32.91780090332031 162.85299682617188 -2.3801369667053223
30.210702896118164 160.21505737304688 -2.3581275939941406
27.562314987182617 157.51817321777344 -2.336118221282959
24.973920822143555 154.76365661621094 -2.3141088485717773
22.446773529052734 151.95285034179688 -2.2920994758605957
22.446773529052734 151.95285034179688 -2.270090103149414
22.446773529052734 151.95285034179688 -2.2480807304382324
22.446773529052734 151.95285034179688 -2.226071357727051
22.446773529052734 151.95285034179688 -2.204061985015869
22.446773529052734 151.95285034179688 -2.1820526123046875
22.446773529052734 151.95285034179688 -2.160043239593506
22.446773529052734 151.95285034179688 -2.138033866882324
22.446773529052734 151.95285034179688 -2.1160013675689697
22.446773529052734 151.95285034179688 -2.0939688682556152
22.446773529052734 151.95285034179688 -2.0719363689422607
