-390.0
-390.0
-393.7786068633626
-397.5542344700294
-401.32516140974593
-405.08974352124983
-408.84635034531806
-412.593393184255
-416.3293226491368
-420.0526873903111
-423.7620096050992
-427.4559049156083
-431.1329885940635
-434.79193444153094
-438.43144203721533
-442.0502348258036
-445.64711909499687
-449.2208598788295
-452.7703013660556
-456.29436465563765
-459.7919243275091
-463.2618673851847
-466.7031527714578
-470.1148097106984
-473.49581378713344
-476.8451470617715
-480.16191775612174
-483.44523712034487
-486.6941573238781
-486.72033380577005
-486.73516734702423
-487.5799835149533
-487.5799835149533
-487.51653723297306
-487.3972442285141
-487.2392384699113
-487.0653552632899
-486.90071036218546
-486.90071036218546
-486.90071036218546
-486.02713829649844
-485.2628013079864
-484.6085699164077
-484.06523084843207
-483.6334231504779
-483.3136358822163
-483.10620653488627
-483.0114417244542
-483.0294331750699
-483.16017938106546
-483.4034636026897
-483.7590376246674
-484.22650044457396
-484.805300153234
-485.49473526496143
-486.2940187309747
-487.20221910284687
-488.21826391574615
-489.3410040460138
-490.5692179498393
-491.90143204158085
-493.3362207852719
-493.35633039227105
-493.38620492294945
-493.4211410514599
-493.4211410514599
-493.5634953252219
-493.6581792604123
-493.6915534974481
-493.7144669419258
-493.7697841376533
-493.85749419595516
-493.97757986192005
-493.9503401406409
-492.6003930495864
-491.2793053704342
-489.9873105326328
-489.9873105326328
-487.3438549475971
-484.71899222487036
-482.11302605087417
-479.52626450330683
-476.9590200788328
-474.41160954334634
-474.27759571795525
-470.77384817271786
-467.27806969405566
-463.79044048035837
-460.3111457647267
-456.8403759737252
-453.37832689124247
-453.21395344871087
-449.25600703675144
-445.29881192917776
-441.34238833518486
-437.38675719117197
-433.43194019355525
-429.47795983336124
-425.52483943271653
-421.5726031833524
-417.62127618725765
-413.67088449961693
-409.721455174187
-405.7730163112716
-401.82559710846937
-397.8792279143819
-393.9339402854844
-389.98976704637624
-386.0467423536459
-382.1049017636047
-378.16428230416204
-374.2249225511393
-370.28686270934145
-370.1122768342034
-366.19718516870273
-362.28394864747565
-358.37262804206307
-354.4632867759163
-350.5559910688142
-346.6508100906936
-342.7478161256059
-338.8470847465751
-334.9486950021983
-331.05272961590447
-331.05272961590447
-331.05272961590447
-329.01111363261384
-327.00568195309114
-325.0371043337076
-323.1060543937218
-321.21320895367586
-319.35924720673177
-317.5448502518591
-315.77070009960295
-314.0374788718757
-312.34586791873323
-312.30460628787154
-312.3295312727829
-312.3295312727829
-315.026466434785
-317.75086611461916
-320.5020299338026
-323.279274590375
-326.08193369238285
-328.90935756579137
-331.7609130398171
-334.63598321247247
-337.53396719891276
-337.6810112095265
-341.4081628640622
-345.1414245979388
-348.88059910084246
-352.62549827914927
-356.37594166338056
-360.1317560400521
-363.8927751037514
-367.65883912822574
-367.8309707626482
-371.82768324869437
-375.82446542258356
-379.821315084383
-379.821315084383
-379.821315084383
-379.821315084383
-379.821315084383
-379.821315084383
-379.821315084383
-379.821315084383
-379.821315084383
-376.06405712890427
-372.31739511130127
-368.5834977927305
-364.8645935708212
-361.16294583543976
-357.48094213573745
-353.8210064529356
-350.18563421127936
-346.5773644325528
-342.9988317727897
-339.452753739773
-335.721386871917
-331.99627593026406
-328.2776338811358
-324.56568307247505
-320.86065573186113
-317.162794494767
-317.13333261696954
-317.1137933285723
-317.1072203647131
-317.1680581115319
-318.6809262399432
-320.2366132804676
-321.834498298158
-323.47395594946744
-323.47395594946744
-323.6222358975433
-323.7938629212029
-323.9639952595819
-324.1080657417581
-326.94408826296427
-329.80423794476525
-332.6878925172101
-335.5944460710685
-338.52330877642817
-338.52330877642817
-338.52330877642817
-338.52330877642817
-337.1205405787292
-335.6770746797753
-334.19309951264154
-332.66877456269174
-332.64816414089194
-332.64816414089194
-332.64816414089194
-328.87463131720716
-325.10706132149085
-321.347536311264
-317.59817619909666
-313.6371123391184
-309.67704981211523
-305.71802752983996
-301.76008643560345
-297.8032696378532
-293.8476225543693
-289.89319306806857
-285.9400316955148
-281.9881917693536
-278.0377296360219
-274.3129236600495
-270.6050035607688
-266.91650700319457
-263.25004298970515
-259.6083914642254
-255.9944122629128
-252.41105390959925
-248.8614157812078
-245.34872899481272
-241.8763530242901
-238.44775406235442
-235.06656725888018
-231.73650927057068
-228.4614724675138
-225.34863687107008
-225.32332434504136
-225.30959723844953
-225.30960624573038
-225.30960624573038
-225.43325366272103
-225.5937259719537
-229.51001446542202
-229.68409938684596
-233.62105832486463
-237.56012392488083
-241.50119310320463
-245.44416934616635
-249.38896219856946
-253.3354867988713
-257.2836634562217
-261.23341726505674
-265.18467775344004
-265.348443060726
-268.5812633756822
-271.78509898220943
-274.95942801364913
-278.1037295810061
-278.12862748469405
-278.14182528169357
-278.14127519844294
-278.14127519844294
-278.01582156870603
-277.8543886687017
-277.6803065551013
-273.9773786617044
-270.2945359960438
-266.63440135658357
-262.99976403817453
-259.3934629890736
-255.81851331927626
-252.27798499218946
-248.77513713462795
-245.31329202325992
-245.2845068412753
-245.26597206961023
-245.26057724490443
-245.26916955674844
-247.00878316619355
-248.80054757214228
-248.80054757214228
-248.95268453586772
-249.125419196492
-249.2937707093546
-252.90398866214235
-256.5257698891642
-260.1586314587898
-263.80211560385
-267.45578819853245
-271.1192373366451
-274.79207200424196
-278.4739208400664
-282.1644309777
-285.8632669637243
-289.57010974659033
-293.28465573126374
-297.0066158950571
-300.7357149603896
-304.47169062051404
-308.21429281453834
-311.9632830483301
-315.71843375814103
-319.479527714014
-323.2463574602502
-327.0187247904083
-330.7964402544931
-334.5793226961563
-338.3671988178929
-342.1599027723601
-345.9572757780778
-349.7591672320704
-353.5654298947211
-353.5654298947211
-353.5654298947211
-353.5654298947211
-353.5654298947211
-353.5654298947211
-353.5654298947211
-353.5654298947211
-349.786356275939
-346.00653771303575
-342.22781284991186
-338.45207465093074
-334.6812722547878
-330.91744719396576
-327.16270392581515
-323.4192147215019
-319.68919321420753
-315.750697014997
-311.813766513222
-307.8784617719596
-303.94484593947965
-300.0129854480972
-296.0829502284563
-292.1548139406452
-288.22865422369046
-284.30455296513725
-280.60687687788396
-276.92990695586815
-273.27629701087824
-269.64883249963907
-266.0503475111087
-262.4838200838048
-258.95233926551896
-255.45909025842545
-252.0074059363831
-248.6007200285155
-245.2425913647793
-241.9366820181011
-238.6868128586238
-238.6608214610903
-238.64617184883815
-238.6451635592232
-239.35387694802847
-239.35387694802847
-239.47864073230986
-239.63973699775107
-239.81383250749033
-243.74682828429542
-247.681970617653
-251.61915879579007
-255.55829826250036
-259.4993001574689
-263.4420808968722
-267.3865617902275
-267.5709944427427
-270.7877827319418
-273.97526415279964
-277.1329134883133
-277.15796176293173
-277.17138214263514
-277.17104911765534
-277.17104911765534
-277.04636355258236
-276.8853560221946
-272.9655853101071
-269.048176153987
-265.13323323157704
-261.2208674279649
-257.31119629692085
-253.40434456345102
-249.50044467186316
-245.59963738415462
-241.70207243411173
-237.80790924316733
-233.91731770481204
-230.03047904520608
-226.1475867686091
-222.26884769735437
-218.39448311736132
-214.52473004163102
-210.6598426058357
-206.8000936120239
-202.9457762386637
-199.09720593778115
-195.25472254287288
-191.41869261465263
-187.5895120555971
-183.76760902878593
-179.95344722178007
-179.95344722178007
-179.95344722178007
-176.6486923216128
-173.4056842860976
-170.2295702732836
-167.1257333330446
-164.09984026363657
-164.09984026363657
-162.32321981232113
-160.69126912432642
-159.20890090574738
-157.8810550960497
-156.7123051776276
-155.70680457869892
-154.86824254936838
-154.19974106205595
-153.70383708449555
-153.38244434998535
-153.2368321476302
-153.26755864799523
-153.47450288343674
-153.85686985586472
-154.41315492030856
-155.14122654197908
-155.1555544356648
-155.1555544356648
-155.31812013687835
-155.492192853386
-155.6526164864739
-155.77627244465617
-158.06625979492347
-160.42329583637678
-162.84448133336093
-165.32699793661425
-167.86812468426345
-170.46524049074003
-173.11582549956688
-175.81746145790922
-178.5678312599628
-178.5678312599628
-178.5678312599628
-178.5678312599628
-178.5678312599628
-175.75937861453306
-172.93158052806825
-170.08488247477396
-167.21974068798482
-164.3366067386603
-161.43595151146715
-158.5182550563447
-155.58401774602243
-152.63375044193597
-149.66796572456158
-146.68721500522273
-143.69204034603166
-140.68302606055497
-137.66078152627972
-134.62590694084057
-131.57907618002037
-128.52094738849567
-125.45222609779755
-125.41985172760383
-125.38435997207687
-125.38435997207687
-125.25855411018033
-125.18693054322392
-125.17995282046007
-125.84697736982973
-125.91076688058959
-128.10363016801796
-130.38235676359406
-130.38235676359406
-133.80467759421805
-137.25824043037713
-140.74074539763126
-144.25009633690223
-147.78438077285892
-151.34185190064315
-154.920912410501
-158.52009997654903
-162.13807424579565
-162.3070115369596
-166.30161088424916
-170.29646344311692
-174.29155180234255
-178.28686011033912
-182.28237390443914
-186.27807996211214
-190.27396617089656
-194.27002141435796
-198.26623811233787
-202.26260422316471
-206.25911106200863
-210.25575060406456
-214.25251542304545
-218.24939863642513
-222.24639385658256
-222.41845972105455
-226.18815349825704
-229.96562835535067
-233.75050705922953
-237.54243570292448
-241.34108198266736
-245.14613362055417
-248.95729691917865
-252.7742954359818
-256.59686876629144
-260.42477142512627
-264.25777181882194
-268.0956512984188
-271.93820328753657
-275.7852324781718
-279.6365540884818
-279.7923665285684
-282.77694628254415
-285.72938282748026
-285.75201622963044
-285.7623546763993
-285.75877611470514
-285.75877611470514
-285.6234500482931
-285.4570354470411
-281.48024201361704
-277.5041156747158
-273.5286855218264
-269.55398235737647
-265.58003882196033
-261.60688953305026
-257.6345712364156
-253.66312297162213
-249.6925862531593
-245.72300526893488
-241.75442709810525
-237.7869019504642
-233.82048342990987
-229.8552288248504
-225.89119942880114
-221.92846089488157
-217.96708362844618
-214.0071432226962
-214.0071432226962
-210.36468058049607
-206.75083413948323
-203.16895976857288
-199.622537785643
-196.11526459837614
-192.65103653180384
-189.23391746827008
-185.86821545609797
-182.5584505342175
-179.30938103042183
-176.12596877438293
-173.01342295761015
-169.97717963442167
-167.02291339014766
-164.1565245508429
-161.38412096234558
-158.71198754783086
-156.14661542968327
-153.69462218619512
-151.36273607619094
-149.15774553870807
-147.08644378085634
-145.15557761061373
-143.37177243015464
-143.37177243015464
-143.20282063534196
-143.21668248995547
-143.41332047771297
-143.7918943658351
-144.35079255740183
-145.08765915826734
-145.9994508144586
-145.9994508144586
-145.9994508144586
-145.9994508144586
-145.9994508144586
-145.9994508144586
-145.9994508144586
-145.9994508144586
-145.9994508144586
-145.9994508144586
-145.9994508144586
