-390.0
-390.0
-393.62004431785385
-397.23306060963733
-400.8341505364722
-404.4185730503151
-407.98173618470025
-411.5191580226153
-415.02651898675776
-418.4996223015005
-421.9344459552169
-425.32704209315085
-428.67364971339964
-430.2659012430275
-430.2794468177358
-430.2862782381516
-430.2862782381516
-430.2437070325631
-430.17031738406257
-430.07713252807173
-426.12362835509373
-422.17099996363237
-418.2192721849608
-414.2684707920519
-410.31862254435134
-406.36975523511137
-402.42189774145817
-398.4750800773753
-394.5293334498039
-390.5846903180721
-386.64118445688604
-382.69885102313157
-378.7577266267557
-374.8178494060189
-370.8792591074349
-366.9419971707359
-363.00610681923615
-359.0716331559914
-355.13862326618994
-351.20712632624713
-347.2771937201147
-343.3488791633627
-339.42223883564054
-335.4973315221771
-331.5742187650397
-327.6529650249376
-323.7336378544271
-319.8163080834553
-315.9010500182669
-311.9879416547976
-308.0770649077808
-304.1685058569188
-300.2623550115959
-296.35870759576255
-292.4576638547767
-288.55932938617354
-284.6638154965338
-280.77123958684393
-276.8817255689927
-272.995404316327
-269.1124141515001
-265.2329013751952
-261.357020839696
-257.4849365717156
-253.61682244938189
-249.752862938834
-245.8932538964998
-242.03820344382586
-238.18793292201636
-234.34267793522565
-230.50268949165132
-226.6682352531077
-222.9233719965619
-219.08971260470508
-215.26210715682842
-211.78192340073892
-208.27025338106847
-208.2498158768089
-208.2312331148495
-208.2312331148495
-208.2312331148495
-208.2312331148495
-208.2312331148495
-208.2312331148495
-208.2312331148495
-208.20945877779798
-208.22614023415935
-208.2787505687851
-208.35935706194005
-212.00867515633487
-215.67043131755705
-219.3440026185702
-223.02880522848844
-226.72429154247277
-230.42994754610962
-234.14529039390675
-237.54173749300628
-240.98888281099434
-244.47975319868794
-244.499645982908
-244.51836900581284
-244.53299543066043
-244.5412385858514
-245.3188586953348
-245.3188586953348
-245.2811702613063
-245.21148331892584
-241.91180532129152
-238.63355040747172
-235.37761369823275
-232.144934263929
-232.05525820613016
-228.17672520719142
-224.30245914292254
-220.43268499695458
-216.56764356313857
-212.70759283141388
-208.85280951880523
-205.34895400347577
-205.34895400347577
-205.34895400347577
-205.34895400347577
-205.34895400347577
-205.329182603061
-205.31179090039814
-205.31179090039814
-205.31179090039814
-205.31179090039814
-205.31179090039814
-205.31179090039814
-205.31179090039814
-205.31179090039814
-205.31179090039814
-205.31179090039814
-205.31179090039814
