60.0 450.0 1.1853982210159302
60.0 450.0 1.5853981971740723
59.87039566040039 453.56201171875 1.628932237625122
59.58589553833008 457.1150207519531 1.6724662780761719
59.147037506103516 460.65228271484375 1.7160003185272217
58.554649353027344 464.1670837402344 1.7595343589782715
57.80986022949219 467.65277099609375 1.8030683994293213
56.91407775878906 471.1027526855469 1.846602439880371
55.86899948120117 474.5104675292969 1.890136480331421
55.86056900024414 474.5252380371094 2.288424253463745
55.847068786621094 474.53558349609375 2.6867120265960693
55.83061218261719 474.5398864746094 3.0849997997283936
55.83061218261719 474.5398864746094 -2.798185348510742
55.75773239135742 474.49627685546875 -2.4067325592041016
55.707000732421875 474.42816162109375 -2.015279769897461
53.98703384399414 470.81683349609375 -2.015279769897461
52.267066955566406 467.20550537109375 -2.015279769897461
50.54710006713867 463.59417724609375 -2.015279769897461
48.82713317871094 459.98284912109375 -2.015279769897461
47.1071662902832 456.37152099609375 -2.015279769897461
47.08625411987305 456.2891845703125 -1.6238282918930054
46.87422561645508 452.2947998046875 -1.6238282918930054
46.66219711303711 448.3004150390625 -1.6238282918930054
46.45016860961914 444.3060302734375 -1.6238282918930054
46.23814010620117 440.3116455078125 -1.6238282918930054
46.0261116027832 436.3172607421875 -1.6238282918930054
45.814083099365234 432.3228759765625 -1.6238282918930054
45.602054595947266 428.3284912109375 -1.6238282918930054
45.3900260925293 424.3341064453125 -1.6238282918930054
45.17799758911133 420.3397216796875 -1.6238282918930054
44.96596908569336 416.3453369140625 -1.6238282918930054
44.75394058227539 412.3509521484375 -1.6238282918930054
44.54191207885742 408.3565673828125 -1.6238282918930054
44.32988357543945 404.3621826171875 -1.6238282918930054
44.117855072021484 400.3677978515625 -1.6238282918930054
43.905826568603516 396.3734130859375 -1.623828411102295
43.69379806518555 392.3790283203125 -1.6238285303115845
43.48176956176758 388.3846435546875 -1.623828649520874
43.26974105834961 384.3902587890625 -1.6238287687301636
43.057708740234375 380.3958740234375 -1.6238288879394531
42.84567642211914 376.4014892578125 -1.6238290071487427
42.633644104003906 372.4071044921875 -1.6238291263580322
42.42161178588867 368.4127197265625 -1.6238292455673218
42.20957946777344 364.4183349609375 -1.6238293647766113
41.9975471496582 360.4239501953125 -1.6238294839859009
41.78551483154297 356.4295654296875 -1.6238296031951904
41.573482513427734 352.4351806640625 -1.62382972240448
41.361446380615234 348.4407958984375 -1.6238298416137695
41.149410247802734 344.4464111328125 -1.623829960823059
40.937374114990234 340.4520263671875 -1.6238300800323486
40.82594680786133 336.889404296875 -1.5802960395812988
40.86967086791992 333.3252868652344 -1.536761999130249
41.06846618652344 329.7664489746094 -1.4932279586791992
41.42195510864258 326.2196350097656 -1.4496939182281494
41.427310943603516 326.2034912109375 -1.0514060258865356
41.438507080078125 326.190673828125 -0.6531181335449219
41.438507080078125 326.190673828125 -0.2531181275844574
41.52329635620117 326.185791015625 0.13833466172218323
41.6035270690918 326.213623046875 0.5297874212265015
41.66706466674805 326.2699890136719 0.9212402105331421
44.086395263671875 329.45538330078125 0.9212402105331421
46.5057258605957 332.6407775878906 0.9212402105331421
48.92505645751953 335.826171875 0.9212402105331421
51.34438705444336 339.0115661621094 0.9212402105331421
53.76371765136719 342.19696044921875 0.9212402105331421
56.183048248291016 345.3823547363281 0.9212402105331421
56.183048248291016 345.3823547363281 1.3212401866912842
56.183048248291016 345.3823547363281 1.7212401628494263
55.5722541809082 348.8940124511719 1.764774203300476
54.809207916259766 352.3757629394531 1.8083082437515259
53.896541595458984 355.80694580078125 1.8532294034957886
53.88866424560547 355.822021484375 2.2515172958374023
53.87555694580078 355.8328552246094 2.6498050689697266
53.85927200317383 355.8377685546875 3.048092842102051
53.85927200317383 355.8377685546875 -2.835092306137085
53.78483200073242 355.796875 -2.4436395168304443
50.72019577026367 353.22625732421875 -2.4436395168304443
47.65555953979492 350.6556396484375 -2.4436395168304443
47.60234832763672 350.5894470214844 -2.0521867275238037
45.750301361083984 347.0440368652344 -2.0521867275238037
43.89825439453125 343.4986267089844 -2.0521867275238037
42.046207427978516 339.9532165527344 -2.0521867275238037
40.19416046142578 336.4078063964844 -2.0521867275238037
38.34211349487305 332.8623962402344 -2.0521867275238037
36.49006652832031 329.3169860839844 -2.0521867275238037
34.63801956176758 325.7715759277344 -2.0521867275238037
32.785972595214844 322.2261657714844 -2.0521867275238037
30.933923721313477 318.6807556152344 -2.0521867275238037
29.08187484741211 315.1353454589844 -2.0521867275238037
27.229825973510742 311.5899353027344 -2.0521867275238037
25.377777099609375 308.0445251464844 -2.0521867275238037
23.525728225708008 304.4991149902344 -2.0521867275238037
21.67367935180664 300.9537048339844 -2.0521867275238037
21.649747848510742 300.8722229003906 -1.660733938217163
21.290481567382812 296.8883972167969 -1.6607340574264526
20.931215286254883 292.9045715332031 -1.6607341766357422
20.571949005126953 288.9207458496094 -1.6607342958450317
20.21268081665039 284.9369201660156 -1.6607344150543213
19.853412628173828 280.9530944824219 -1.6607345342636108
19.494144439697266 276.9692687988281 -1.6607346534729004
19.134876251220703 272.9854431152344 -1.66073477268219
18.775606155395508 269.0016174316406 -1.6607348918914795
18.416336059570312 265.0177917480469 -1.660735011100769
18.062881469726562 261.0537109375 -1.6587159633636475
18.062881469726562 261.0537109375 -1.6151819229125977
18.062881469726562 261.0537109375 -1.5716478824615479
18.062881469726562 261.0537109375 -1.528113842010498
18.062881469726562 261.0537109375 -1.4845798015594482
18.067668914794922 261.0373840332031 -1.0862919092178345
18.078411102294922 261.0242004394531 -0.6880040168762207
18.093427658081055 261.0162048339844 -0.2897161543369293
18.177980422973633 261.00823974609375 0.1017366349697113
18.259178161621094 261.03314208984375 0.49318942427635193
18.324737548828125 261.0871276855469 0.8846422433853149
18.36473846435547 261.16204833984375 1.2760950326919556
19.526554107666016 264.9895935058594 1.276094913482666
20.688369750976562 268.817138671875 1.2760947942733765
21.850187301635742 272.6446838378906 1.276094675064087
23.012004852294922 276.47222900390625 1.2760945558547974
24.1738224029541 280.2997741699219 1.2760944366455078
25.33563995361328 284.1273193359375 1.2760943174362183
26.497459411621094 287.9548645019531 1.2760941982269287
27.659278869628906 291.78240966796875 1.2760940790176392
28.82109832763672 295.6099548339844 1.2760939598083496
29.98291778564453 299.4375 1.27609384059906
31.144739151000977 303.2650451660156 1.2760937213897705
32.30656051635742 307.09259033203125 1.276093602180481
33.4683837890625 310.9201354980469 1.2760934829711914
34.63020706176758 314.7476806640625 1.2760933637619019
35.59101867675781 318.18011474609375 1.3196274042129517
36.40154266357422 321.651123046875 1.3631614446640015
36.40168762207031 321.6681213378906 1.7614493370056152
36.395225524902344 321.6838684082031 2.1597371101379395
36.3831672668457 321.69586181640625 2.5580248832702637
36.367401123046875 321.7022399902344 2.956312656402588
33.058326721191406 322.2115478515625 3.021449565887451
33.058326721191406 322.2115478515625 -2.8617355823516846
32.98282241821289 322.17266845703125 -2.470282793045044
32.9278678894043 322.10791015625 -2.0788300037384033
30.982027053833008 318.61309814453125 -2.0788300037384033
29.03618621826172 315.1182861328125 -2.0788300037384033
27.09034538269043 311.62347412109375 -2.0788300037384033
25.14450454711914 308.128662109375 -2.0788300037384033
23.19866371154785 304.63385009765625 -2.0788300037384033
23.172569274902344 304.55303955078125 -1.6873772144317627
22.70730209350586 300.5802001953125 -1.6873773336410522
22.242033004760742 296.60736083984375 -1.6873774528503418
21.776763916015625 292.634521484375 -1.6873775720596313
21.311494827270508 288.66168212890625 -1.687377691268921
20.84622573852539 284.6888427734375 -1.6873778104782104
20.38095474243164 280.71600341796875 -1.6873779296875
19.91568374633789 276.7431640625 -1.6873780488967896
19.45041275024414 272.77032470703125 -1.687378168106079
18.98514175415039 268.7974853515625 -1.6873782873153687
18.519868850708008 264.82464599609375 -1.6873784065246582
18.054595947265625 260.851806640625 -1.6873785257339478
18.054595947265625 260.851806640625 -1.643844485282898
18.054595947265625 260.851806640625 -1.6003104448318481
18.054595947265625 260.851806640625 -1.5567764043807983
18.054595947265625 260.851806640625 -1.5132423639297485
18.054595947265625 260.851806640625 -1.4697083234786987
18.05962562561035 260.8355712890625 -1.071420431137085
18.07056427001953 260.8225402832031 -0.6731325387954712
18.07056427001953 260.8225402832031 -0.6295984983444214
18.07056427001953 260.8225402832031 -0.2295984923839569
18.15544319152832 260.8196716308594 0.16185429692268372
18.23499870300293 260.8493957519531 0.553307056427002
18.297195434570312 260.9072265625 0.9447598457336426
20.640945434570312 264.1486511230469 0.9447598457336426
20.676372528076172 264.225830078125 1.3362126350402832
21.606124877929688 268.11627197265625 1.3362125158309937
22.535877227783203 272.0067138671875 1.336212396621704
23.46562957763672 275.89715576171875 1.3362122774124146
24.395383834838867 279.78759765625 1.336212158203125
25.325138092041016 283.67803955078125 1.3362120389938354
26.254892349243164 287.5684814453125 1.336211919784546
27.184646606445312 291.45892333984375 1.3362118005752563
27.937496185302734 294.9429016113281 1.3797458410263062
28.538009643554688 298.4563293457031 1.423279881477356
28.537132263183594 298.47332763671875 1.8215677738189697
28.529735565185547 298.4886474609375 2.219855546951294
28.516977310180664 298.4999084472656 2.618143320083618
28.5008544921875 298.5053405761719 3.0164310932159424
24.95551300048828 298.87322998046875 3.059965133666992
24.95551300048828 298.87322998046875 -2.8232200145721436
24.881563186645508 298.83148193359375 -2.431767225265503
24.82914161682129 298.7646789550781 -2.0403144359588623
23.019315719604492 295.1975402832031 -2.0403144359588623
21.209489822387695 291.6304016113281 -2.0403144359588623
19.3996639251709 288.0632629394531 -2.0403144359588623
19.37670135498047 287.98150634765625 -1.6488616466522217
19.06475830078125 283.9936828613281 -1.6488617658615112
18.7528133392334 280.005859375 -1.6488618850708008
18.440868377685547 276.0180358886719 -1.6488620042800903
18.128923416137695 272.03021240234375 -1.6488621234893799
17.816978454589844 268.0423889160156 -1.6488622426986694
17.50503158569336 264.0545654296875 -1.648862361907959
17.193084716796875 260.0667419433594 -1.6488624811172485
17.193084716796875 260.0667419433594 -1.6053284406661987
17.193084716796875 260.0667419433594 -1.561794400215149
17.193084716796875 260.0667419433594 -1.5182603597640991
17.193084716796875 260.0667419433594 -1.4747263193130493
17.193084716796875 260.0667419433594 -1.4311909675598145
17.1987361907959 260.0506896972656 -1.0329030752182007
17.210166931152344 260.0380859375 -0.6346151828765869
17.210166931152344 260.0380859375 -0.6346151828765869
17.932031631469727 259.66650390625 -0.31614813208580017
18.01634407043457 259.65631103515625 0.07530465722084045
18.09817123413086 259.6790466308594 0.4667574465274811
18.16513442993164 259.7312927246094 0.8582102060317993
18.207101821899414 259.80511474609375 1.24966299533844
19.46967124938965 263.6006164550781 1.2496628761291504
20.732240676879883 267.3961181640625 1.2496627569198608
21.994810104370117 271.1916198730469 1.2496626377105713
23.25737953186035 274.98712158203125 1.2496625185012817
24.51995086669922 278.7826232910156 1.2496623992919922
25.782522201538086 282.578125 1.2496622800827026
27.045093536376953 286.3736267089844 1.249662160873413
28.30766487121582 290.16912841796875 1.2496620416641235
29.570236206054688 293.9646301269531 1.249661922454834
30.832809448242188 297.7601318359375 1.2496618032455444
32.09538269042969 301.5556335449219 1.2496616840362549
33.35795593261719 305.35113525390625 1.2496615648269653
34.62052917480469 309.1466369628906 1.2496614456176758
35.88310241699219 312.942138671875 1.2496613264083862
37.14567565917969 316.7376403808594 1.2496612071990967
38.40825271606445 320.53314208984375 1.2496610879898071
39.45944595336914 323.9389953613281 1.293195128440857
40.361419677734375 327.3873596191406 1.3367291688919067
41.112464904785156 330.8717041015625 1.3802632093429565
41.711158752441406 334.38543701171875 1.4237972497940063
42.156368255615234 337.9219055175781 1.4673312902450562
42.44724655151367 341.4743957519531 1.510865330696106
42.44480514526367 341.4918212890625 1.9090940952301025
42.43609619140625 341.5064392089844 2.3073818683624268
42.42240524291992 341.51654052734375 2.705669641494751
42.4058723449707 341.5205383300781 3.103957414627075
42.4058723449707 341.5205383300781 -2.7792277336120605
42.333831787109375 341.4755554199219 -2.38777494430542
42.284400939941406 341.406494140625 -1.9963221549987793
40.633201599121094 337.7632141113281 -1.9963222742080688
38.98200225830078 334.11993408203125 -1.9963223934173584
37.33080291748047 330.4766540527344 -1.996322512626648
35.679603576660156 326.8333740234375 -1.9963226318359375
34.028404235839844 323.1900939941406 -1.996322751045227
32.37720489501953 319.54681396484375 -1.9963228702545166
30.726003646850586 315.9035339355469 -1.9963229894638062
29.07480239868164 312.26025390625 -1.9963231086730957
27.423601150512695 308.6169738769531 -1.9963232278823853
25.772397994995117 304.97369384765625 -1.9963232278823853
24.12119483947754 301.3304138183594 -1.9963233470916748
22.46999168395996 297.6871337890625 -1.9963233470916748
20.818788528442383 294.0438537597656 -1.9963233470916748
19.167585372924805 290.40057373046875 -1.9963233470916748
17.51873016357422 286.76055908203125 -1.9959287643432617
17.499418258666992 286.6778564453125 -1.604475975036621
17.36472511291504 282.68011474609375 -1.6044760942459106
17.230031967163086 278.682373046875 -1.6044762134552002
17.095338821411133 274.68463134765625 -1.6044763326644897
16.960643768310547 270.6868896484375 -1.6044764518737793
16.82594871520996 266.68914794921875 -1.6044765710830688
16.691253662109375 262.69140625 -1.6044766902923584
16.691253662109375 262.69140625 -1.5609426498413086
16.691253662109375 262.69140625 -1.5174086093902588
16.691253662109375 262.69140625 -1.473874568939209
16.691253662109375 262.69140625 -1.4303405284881592
16.691253662109375 262.69140625 -1.3868064880371094
16.691253662109375 262.69140625 -1.3432724475860596
16.691253662109375 262.69140625 -1.2997384071350098
16.698986053466797 262.6761779785156 -0.9014565348625183
18.97088623046875 259.9296875 -0.8579224348068237
18.984338760375977 259.9192810058594 -0.45963484048843384
18.984338760375977 259.9192810058594 -0.45963484048843384
18.984338760375977 259.9192810058594 -0.45963484048843384
18.984338760375977 259.9192810058594 -0.45963484048843384
18.984338760375977 259.9192810058594 -0.45963484048843384
18.984338760375977 259.9192810058594 -0.45963484048843384
18.984338760375977 259.9192810058594 -0.45963484048843384
18.984338760375977 259.9192810058594 -0.45963484048843384
18.984338760375977 259.9192810058594 -0.45963484048843384
18.984338760375977 259.9192810058594 -0.45963484048843384
18.984338760375977 259.9192810058594 -0.45963484048843384
