-392.83861260070745
-395.6972973447963
-398.57562242630917
-401.47316538979356
-404.3895131339564
-407.324261745324
-410.2770163548833
-413.2473909909103
-416.23500842860443
-419.2395000371072
-422.2605056244355
-425.29767328082255
-428.3506592209188
-431.41912762526795
-434.50275048143925
-437.6012074251642
-440.7141855817944
-443.8413794083695
-446.9824905365546
-450.1372276166848
-453.3053061631269
-456.4864484011485
-459.6803831154639
-462.8868455006061
-466.1055758558366
-469.33632403122084
-469.3366177553436
-471.4150996667289
-473.51824824155216
-475.6457362763744
-477.7972386423243
-477.79733531083576
-478.4961022527087
-479.2272384193599
-479.9905958934709
-480.78602119904076
-481.6133554478651
-482.4724344894853
-483.3630890642993
-483.3630775775784
-482.6969187868161
-482.0630313437851
-481.46154271290135
-480.89257446509777
-480.8925027378648
-478.8531121722138
-476.8385545710853
-474.8491459977249
-472.88520385501073
-470.94704674317796
-469.0349943108154
-467.14936709908096
-465.2904863790971
-463.4586739825043
-461.65425212516493
-459.8775432240294
-458.1288697071954
-456.40855381720814
-454.7169174076746
-453.05428173328215
-451.4209672333376
-449.8172933089651
-448.2435780941257
-446.7001382206472
-445.1872885774768
-443.7053420643993
-442.25460934048516
-440.8353985675655
-439.44801514905396
-438.09276146446615
-436.76993660001335
-435.4798360756757
-434.2227515691856
-432.9989706373811
-432.9785325100339
-433.0254910260083
-434.81067304802616
-436.6252016647534
-438.46871253858325
-440.34084166228104
-442.24122558915343
-442.3544177202117
-445.44841163065644
-448.55673423080316
-451.6790897032688
-454.8151890365857
-457.96474988085964
-461.127496404555
-461.2863887428549
-461.2865659699832
-461.444036343935
-461.4442135894099
-461.60019574200373
-461.6003730064327
-461.7548348603024
-461.75501214428056
-461.9078707015494
-461.9080480056669
-462.0592880492491
-462.0594653740896
-462.2090548845559
-462.20923223069065
-462.35708828231844
-462.3572401956793
-462.5033307979897
-462.5034827374628
-462.64776729307425
-462.6479192593046
-462.7903403542691
-462.7904923478924
-462.93101801775805
-462.9311700393958
-463.0697597399168
-463.06991179018775
-463.20649126914947
-463.2066433486562
-463.34119751221664
-466.26022031963925
-466.42506287710216
-466.42524919989205
-466.5888800808378
-466.5890833931093
-466.7514445855339
-466.7516225565059
-466.91269842029413
-466.91287640759873
-467.07258364544066
-467.0727616496838
-467.23106769627674
-467.2312457180525
-467.3880843393147
-467.3882623792179
-467.54360106958904
-467.5437791282027
-467.69757706814875
-467.697755146053
-467.8499375245132
-467.85011562227453
-468.0006416711426
-471.73244383246646
-475.46860720986535
-479.2090297964089
-482.9536126307889
-486.70225968885
-490.4548777795198
-494.21137644494064
-497.9716678646188
-501.7356667634121
-505.50329032318814
-509.27445809799
-513.0490919325572
-516.8271158840545
-520.608456146869
-524.3930409803424
-528.1808006393115
-531.9716673073344
-535.76557503249
-539.562459665637
-543.3622588010304
-547.1649117191927
-550.9703593319464
-554.7785441295152
-558.5894101296077
-562.4029028283992
-566.2189691533346
-570.037557417674
-573.8586172767116
-577.6820996855961
-581.5079568586889
-585.3361422303964
-589.1666104174158
-592.9993171823382
-596.8342193985529
-596.8346481965455
-599.9318467279799
-603.0396703870721
-606.1579557460308
-609.2865421781606
-612.4252718137833
-615.5739894963945
-618.732542739092
-621.9007816812996
-625.0785590458169
-628.2657300962168
-631.4621525946143
-634.6676867598269
-634.6696434422339
-636.7073422985318
-638.7635894892848
-640.8382064672951
-642.9310154050837
-645.0418392337143
-647.1705016800613
-649.3168273025425
-651.4806415253379
-653.6617494348077
-655.8599992965171
-658.0752193263537
-660.3072387281364
-660.3073249487785
-660.3073248527334
-659.5446751783268
-658.41437378208
-658.4142891684792
-655.8954492746204
-653.3913871734173
-650.9022944703004
-648.4283220450113
-645.9696436231541
-643.5264345030814
-641.098871543993
-638.6871331527057
-636.2913992690544
-633.9118513498772
-633.9117094312139
-633.911496547746
-629.948799018517
-625.9865759923022
-622.0248365366822
-618.0635899506066
-614.102845771783
-610.14261378435
-606.1829040268458
-602.2237268004867
-598.2650926777692
-594.3070125114103
-590.3494974436423
-586.3925589158766
-582.4362086787567
-578.480458802615
-574.5277248252837
-574.5275295561975
-570.6525531919928
-566.7793137965659
-562.907847224966
-559.0381903088182
-555.1703808891867
-551.3044578507454
-547.4404611573183
-543.5784318888523
-539.7184122798882
-535.8604457595993
-532.0045769934719
-528.1508519267036
-524.2993178294017
-520.4500233436661
-516.6030185326472
-512.7583549316735
-508.9160856015486
-505.0762651841233
-501.23894996025234
-497.4041979102541
-493.5720687769958
-489.74262413173426
-485.915927442849
-482.0920441476135
-478.27104172715525
-474.45298978476825
-470.6379601277461
-466.8260268529164
-463.01726643606617
-459.21175782545873
-455.4095825396538
-451.6108247698555
-447.81557148702404
-444.0239125540021
-440.2359408429208
-436.45175235816447
-432.67144636519157
-428.89512552552344
-425.1228960382345
-421.3548677882931
-417.59115450212516
-413.83187391079355
-410.0771479212095
-406.32710279581573
-406.1517499235237
-402.15299822682016
-398.15427178009264
-394.1555713518277
-390.1568977420115
-386.15825178376014
-382.1596343450524
-382.1594409451324
-378.4379764202189
-374.7222515131426
-371.0124386724015
-367.3087170333979
-363.6112727299772
-359.9202992225108
-356.2359976434783
-352.5585771615571
-348.888255365287
-345.2252586674396
-341.5698227312861
-337.922192920025
-334.28262477070166
-334.10991997238517
-330.114621634873
-326.1194388695328
-322.124375976554
-322.124184549248
-321.95234189613575
-321.95215047438535
-321.7811383733605
-321.7809469575498
-321.6108527628232
-317.6327873994491
-317.63257656651723
-317.46351265585105
-317.46332533284544
-317.29529200559426
-313.335796343237
-309.377342476112
-305.4199612432972
-301.46370498158547
-301.2860757006051
-301.28588030166594
-301.10814942190643
-301.10795402299397
-300.93017834783126
-300.9299829489258
-300.75221502629773
-300.75200998184107
-300.57430246043333
-300.5740974161499
-300.39651704661827
-300.39631200261374
-300.21890198958766
-300.2186969459678
-300.0415338881314
-296.06512229206936
-295.8952985001367
-295.895108476089
-295.7243829054544
-295.72419289096695
-295.5526209154365
-295.55243090993446
-295.38005403800554
-295.37985437205793
-295.2067378114569
-295.20653815171573
-295.0327375247175
-295.03253787071765
-294.85808527909927
-294.85788563037295
-294.68285621668707
-294.682646898165
-294.50709654724494
-294.50688723192246
-294.33085799824784
-294.33064868577327
-294.15420631810207
-294.15399700812065
-293.97718375670115
-293.9769980420826
-293.79987984905387
-293.7996844562076
-293.6223370414076
-293.6221416486637
-293.4445978828944
-293.44440249022693
-293.2667050253795
-293.2664763622942
-293.08870122331274
-289.1754606902231
-289.011800059423
-289.0116200112634
-288.8467477115093
-288.846567679388
-288.68056200155735
-288.68038198478587
-288.51328395466385
-288.51309422819924
-288.3449490202391
-288.34475930537553
-288.17560810259926
-288.17541839875435
-288.00531625249414
-288.0051265590779
-287.8341383253271
-287.8339486417445
-287.66212952368005
-287.66193011441146
-287.48934512706603
-287.4891457246747
-287.31582673890915
-287.3156273429085
-287.14161606166857
-287.14141667157105
-286.96680187594353
-286.9666024912542
-286.7914260693675
-286.7912169472048
-286.6155111436024
-286.4626457202138
-286.46248534846353
-286.30804884766707
-286.3078885047072
-286.1519253780266
-286.1517553086561
-285.994319790916
-285.994149745207
-285.8352961206355
-285.83512609781695
-285.67487548354717
-285.6747054828402
-285.5131220359815
-285.51294228938133
-285.3500804591225
-285.34990073011664
-285.1858052513549
-285.18562553925136
-285.02036074574755
-285.02018104984813
-284.85377814143067
-284.85359846103313
-284.68613556566095
-284.68594611935407
-284.5174311531937
-284.5172417186185
-284.3477627339248
-284.3475733104768
-284.17716181179503
-284.17697239886587
-284.00568338753203
-284.0054841952047
-283.83339232907645
-283.83319314418833
-283.6603437975878
-283.66014461963573
-283.4865892239491
-283.3399163960611
-283.33974284048816
-283.1913338167446
-283.191150501961
-283.0410493564451
-283.04086608003473
-282.88912671920576
-282.88896685417103
-282.7356198467239
-282.7354600117449
-282.58057290173605
-282.5804032781862
-282.424006718517
-282.42383711976373
-282.26597536003567
-282.2658057852955
-282.1065095915457
-282.10634004003055
-281.94569675891387
-281.9455272298226
-281.7835579143565
-281.78337857278245
-281.62016083120517
-281.6199815074963
-281.4555463401477
-281.4553670335921
-281.289755362471
-281.2895760723555
-281.1228558510923
-281.12266673162196
-280.9548790208927
-277.5071488726816
-274.07442690649225
-270.65728416519096
-267.2563182379585
-263.8721658904498
-263.7430150558011
-261.4328837857774
-259.1639009816291
-256.9371567779332
-254.75375877086756
-252.61483091118617
-250.52151224662052
-248.47495550663595
-246.4763255230823
-244.52679748105479
-242.627554995235
-240.77978800812042
-238.9846905078852
-237.24345806514577
-237.1992326560519
-237.2225564660394
-238.52189720982022
-239.88090688432462
-241.29858988224422
-242.7738935567405
-244.30578624548536
-245.8932103172741
-247.53509741858986
-249.23037117235833
-249.3360083474943
-252.29582829129347
-255.2840080821511
-258.29956346566985
-261.34154680301657
-264.40904594775276
-267.50118311397847
-270.6171137428775
-273.75602537376716
-276.91713652486305
-280.09969558817176
-283.30297974220673
-286.52629388558705
-289.76896959401336
-293.0303641026174
-296.3098593152423
-299.6068608418284
-302.92079706474533
-306.2511182346219
-309.59729559597577
-312.95882054273125
-316.3352038035331
-319.7259746566081
-323.13068017380067
-326.5488844932991
-329.9801681204839
-333.42412725625815
-336.880373152165
-340.34853149155254
-343.8282417960173
-347.3191568563339
-350.82094218706305
-354.3332755040267
-357.85584622383374
-361.38835498464766
-364.93051318739174
-368.4820425566033
-372.0426747201583
-375.6121508071092
-379.19022106289265
-382.7766444811884
-386.37118845172796
-389.97362842337577
-393.5837475818272
-397.20133654129063
-400.8261930495432
-404.4581217057726
-408.09693369064087
-411.7424465080263
-415.394483737924
-419.0528748000039
-422.7174547273497
-426.38806394991883
-430.06454808728535
-433.74675775024735
-437.4345483508961
-441.1277799207651
-444.8263169366931
-448.5300281540508
-452.23878644699823
-455.952468655455
-459.6709554384783
-463.3941612765626
-467.1219439380108
-470.85419471782893
-470.8614009926315
-470.8614987737737
-472.4527402224978
-472.4527734712785
-472.52188396559905
-472.62483912987943
-472.76161685265777
-472.932187788253
-473.1365153881879
-473.37455594024067
-473.64625861502645
-473.9515655199953
-474.29041176071206
-474.29039747260583
-473.08178646778947
-471.90398631944214
-470.75722828714765
-469.64173976426684
-468.55774407943517
-468.5576782527914
-468.5575528157851
-465.052210192712
-461.5549108535535
-461.5547266810325
-457.5785878458034
-453.6028689669861
-449.6276116987714
-445.6527970642676
-441.67843701370924
-437.70454392997186
-433.7311306482623
-429.75821047689016
-425.78579721919067
-421.8139051966735
-417.84254927347746
-413.87174488221876
-409.90150805132447
-405.9318554339526
-401.9628043386061
-397.9943727615572
-394.02657942120845
-390.05944379452495
-386.09298615568525
-382.1272276171091
-382.11837453999726
-378.26212630955644
-374.4088942404781
-370.5587724228664
-366.71185882068147
-362.86825546871773
-359.02806863224646
-355.1914092131343
-351.35839272577067
-347.52913970755753
-347.3523265372395
-347.18137994423824
-347.04099654962926
-347.04084128903634
-346.8985633547024
-346.89840813061613
-346.75429521445994
-346.7541400260489
-346.60822118445554
-346.6080661933923
-346.4603701708683
-346.4602152115958
-346.31080161306375
-346.3106466847694
-346.1595751315949
-346.15938987841304
-346.00668918933354
-346.006503963294
-345.8522031484592
-345.85201810096896
-345.6962072230283
-345.6960221992159
-345.5387303337913
-345.5385454813818
-345.3798015913454
-345.3796167593505
-345.2194805114881
-345.2192956992095
-345.05782665767924
-345.0576420077539
-344.8948997846085
-344.89471515139525
-344.7307290395242
-344.730544562602
-344.56537413532544
-344.5651896723333
-344.39886432776115
-344.3986798780906
-344.2312898189896
-344.2311055180882
-344.0626799851362
-344.0624956950613
-343.89309477582594
-343.7560392473442
-343.75588445346466
-343.61686291172794
-343.61670815886606
-343.47574927657064
-343.47559469006825
-343.33275778852493
-343.3326032389177
-343.1879171351996
-343.18776274320084
-343.0412866556975
-343.04113229663506
-342.89292546712073
-342.8927711401769
-342.7428624344863
-342.7426777397243
-342.59109592512027
-342.5909112586048
-342.43771553555706
-342.43753100742384
-342.28278083042994
-342.28259632700025
-342.1263204484888
-342.1261359690132
-341.9683938031131
-341.9682094520799
-341.8090603445755
-341.8088760141974
-341.64834894582134
-341.6481647371531
-341.48631914286796
-341.4861349517687
-341.322999902063
-341.3228157278629
-341.1584506600322
-341.1582665990843
-340.99273110482807
-340.99254705796795
-340.82590078659894
-340.82571684739
-340.6579889895942
-340.6578050618948
-340.4890858087299
-340.4889019835802
-340.31919013609325
-340.3190063201177
-340.1483922011313
-340.14820843846616
-339.9767519691206
-336.39444098844484
-336.39425754994005
-336.22222169913726
-336.22203829114494
-336.0492335820196
-336.0490502031209
-335.8755365951556
-332.211666993738
-332.2114838411287
-332.0374639927561
-328.35304692762617
-328.35286396454995
-328.17839986556544
-328.1782168920241
-328.00316433050983
-328.0029813602894
-327.8274004426648
-324.07133107610883
-324.0711482271721
-323.8952054957207
-320.1207537564737
-320.12054048082763
-319.9442704718309
-319.9440571507506
-319.76741355941135
-319.76720019213224
-319.59021289508405
-315.75478029618205
-311.9234816683935
-311.92326838972593
-311.7461017456935
-311.7458883921759
-311.568506719871
-311.56829329101623
-311.3907267414183
-307.5066742819169
-307.5064608033128
-307.328787963547
-303.43096337091595
-303.43074981999064
-303.2529825389864
-299.34213986794316
-295.433684594342
-295.4334709575538
-295.25568616673314
-295.255472409243
-295.0777092024726
-291.1432594677797
-291.1430455787397
-290.9653225514532
-290.96510853247236
-290.7874911121359
-286.8310686347603
-286.83085446250095
-286.65338186530056
-282.68808038732857
-282.68786605030834
-282.510590276548
-278.5373041442554
-278.5370897839108
-278.36006475025476
-274.3798757679677
-274.3796612320801
-274.2029427553951
-270.2165776724962
-266.2306218030132
-266.23043754881917
-266.05402576132536
-266.0538413443071
-265.87784542334265
-261.8826331764168
-257.8875693208372
-253.89266086152767
-249.897915251058
-249.89773057917978
-249.72215604663694
-245.7244594806932
-241.72683921070129
-241.72665432917717
-241.551546004635
-237.55211878979355
-237.55193372251094
-237.3774062137198
-233.37741276388834
-229.3774193744893
-229.37723413377446
-229.20336051220255
-229.20302088648154
-229.02983287387866
-225.03263351557806
-221.03553502946986
-217.03854298870374
-213.04166338451893
-209.04490266618274
-205.0482677855944
-201.05176624720238
-197.05540616398847
-193.05918107377943
-189.06311574887505
-185.06722053847616
-181.0715067048698
-177.0759865263405
-173.08067341431283
-169.0855820470734
-165.09072852287446
-161.09613053577533
-157.10180757825793
-153.10778117549307
-149.11407515717505
-145.1207159741396
-141.12773306860856
-137.1351593089542
-133.14303150247983
-129.15139100303455
-125.16028443454962
-121.16976455711342
-117.17989130941159
-113.19073307084378
-109.20236819920518
-105.2148869166566
-101.22839363945853
-97.2430098780153
-93.25887787667551
-89.27616522268332
-85.29507073852102
-81.31583209363991
-77.33873574893148
-73.36413010985238
-69.39244315974126
-65.42420645258738
-61.4600882979671
-57.500940501937244
-53.54786555028148
-49.60231539701546
-45.66624050509579
-41.74232135811073
-37.83434027743318
-33.9478019533474
-30.091016135535757
-26.277086749575737
-22.527790956741953
-18.881670585699776
-15.412126530540032
-12.269875535234734
-9.775790938701984
-8.519529607139134
-9.033197746436349
-11.073162099198003
-13.986820824390275
-17.33918611762587
-20.92041046966651
-24.630869935237456
-28.419991447279266
-32.26007083260961
-36.13486456798308
-40.03429424291
-43.95180320156663
-43.95180320156663
-43.95180320156663
-43.95180320156663
-43.95180320156663
-43.95180320156663
-43.95180320156663
-43.95180320156663
-43.95180320156663
-43.95180320156663
-43.95180320156663
