-392.83861260070745
-395.6972973447963
-398.57562242630917
-401.47316538979356
-404.3895131339564
-407.324261745324
-410.2770163548833
-413.2473909909103
-416.23500842860443
-419.2395000371072
-422.2605056244355
-425.29767328082255
-428.3506592209188
-431.41912762526795
-434.50275048143925
-437.6012074251642
-440.7141855817944
-443.8413794083695
-446.9824905365546
-450.1372276166848
-453.3053061631269
-456.4864484011485
-459.6803831154639
-462.8868455006061
-466.1055758558366
-469.33632403122084
-472.57884245426635
-475.8328905033011
-479.0982332497959
-482.3746413219317
-482.3746440060538
-484.51875239102685
-486.6862907705423
-488.8769474993295
-488.87695049482124
-489.62064118685305
-490.395831767939
-491.2023731035373
-492.04011102526897
-492.9088864699091
-493.80853562113197
-493.8085393282346
-493.15077339869015
-492.5246156495345
-491.9301867790499
-491.36760193868497
-490.83697062490194
-490.33839657550936
-490.3384009924273
-488.3599933473818
-486.4064335676774
-484.47802223540356
-482.57506083671296
-480.69785162128034
-478.8466974558767
-477.0219016720444
-475.22376790787257
-473.4525999438863
-471.7087015330796
-469.9923762251368
-468.3039271849056
-466.6436570052017
-465.0118675140448
-463.4088595764425
-461.8349328908617
-460.2903857805446
-458.77551497985013
-457.2906154158196
-455.83597998519116
-454.4119060286554
-453.01867522098905
-451.6565729890498
-450.32588179705397
-449.0268809049454
-447.75984612401584
-446.5250495701547
-445.3227594151284
-445.30098425506765
-445.3534554432797
-447.14439877877425
-448.9638362675374
-450.8114229095877
-452.6868140429326
-454.5896655488162
-454.7149469163887
-457.80548197956153
-460.9100085330682
-464.02824575171854
-467.15991908438747
-470.3047601252782
-470.4799189430192
-470.4799189430192
-470.65330410156696
-470.65330410156696
-470.8248330884593
-470.8248330884593
-470.99443216274966
-470.99443216274966
-471.16204438705324
-471.16204438705324
-471.32758737866493
-471.32758737866493
-471.491029767147
-471.491029767147
-471.65229792311646
-471.65229792311646
-471.8113350316629
-471.8113350316629
-471.9680674922464
-475.55683631220927
-479.152118094346
-482.75376732391
-486.3616425425287
-489.97560621730355
-493.5955246145074
-497.2212676777175
-500.85270891022543
-504.4897252615702
-508.1321970180468
-511.78000769704624
-515.4330439450882
-519.0911954394129
-522.7543547930014
-526.4224174629009
-530.0952816617322
-533.7728482722652
-537.4550207649484
-541.1417051182846
-544.8328097419491
-548.5282454025482
-552.2279251519236
-555.9317642579059
-559.6396801374311
-563.3515922919305
-567.0674222449124
-570.7870934816546
-574.5105313909305
-578.2376870802065
-581.9684656119668
-585.7027977564477
-589.4406159731585
-593.1818543617173
-596.9264486143145
-600.674335969744
-604.4254551689487
-608.1797464120223
-611.9371513166165
-615.6976128777035
-619.461075428644
-623.2274846035152
-626.9967873006531
-630.7689316473655
-634.543866965776
-634.543866965776
-637.5141239723007
-640.4955873920086
-643.4881014574183
-646.4915127131104
-649.5056699883946
-652.5304243698032
-655.5656291734429
-658.6111399172376
-658.6111399172376
-660.4231078908991
-662.2542783598445
-664.1044924799229
-665.9735704860263
-667.8613746324327
-669.7677465749339
-671.6925282183308
-673.6355617563012
-673.6355617563012
-673.6355617563012
-672.5020367226815
-671.3904292786453
-670.3008484666822
-669.2334018716683
-669.2334018716683
-666.7654956718369
-664.312506151321
-661.8745991593432
-659.4519212356643
-657.0446620201163
-654.6529916035686
-652.2770814619565
-649.9171044404098
-649.9171044404098
-646.4941439316644
-643.0778441911256
-639.6683119390204
-636.2656559693971
-632.8699871942572
-632.8699871942572
-628.9204707464244
-624.9715963593966
-621.0233762811064
-617.0758230708935
-613.1289496093952
-609.1827691088149
-605.2372951235828
-601.2925415614282
-597.3485226948807
-593.4052531732211
-589.4627480349006
-589.4627480349006
-585.5684931533448
-581.6756734529599
-577.7843179423302
-573.8944564057632
-570.0061194289959
-566.1193384259122
-562.2341456663193
-558.3505743048295
-554.4686584109
-550.5884330000833
-546.709934066544
-542.8331986169011
-538.9582647054599
-535.0851714708965
-531.2139591744652
-527.3446692398015
-523.4773442943969
-519.6120282128262
-515.7487661618133
-511.88760464722344
-508.02859156307835
-504.17177624269254
-500.31720951203715
-496.4649437454424
-492.61503292375517
-488.7675326950769
-484.92250043821156
-481.079995328963
-477.2400784094273
-473.4028126604353
-469.5682630773076
-465.7364967490969
-461.90758294149816
-458.0815931836227
-454.258601358839
-450.4386837998982
-446.6219193885745
-442.80838966006223
-438.9981789123894
-435.1913743211192
-431.3880660596307
-427.5883474252843
-423.7923149717991
-420.0000686481861
-416.21171194460516
-412.4273520455336
-408.6470999906589
-404.87107084393443
-401.0993838712624
-397.332162727298
-393.5695356518988
-389.81163567677663
-386.0586008429424
-382.31057442957314
-378.5677051949672
-374.8301476302974
-371.0980622269147
-367.371615758002
-363.6509815754285
-359.936339922706
-356.22787826500667
-352.52579163725966
-348.83028301140706
-345.1415636839667
-341.4598536851184
-337.78538221060546
-334.11838807782
-333.92647344073816
-329.9287030476852
-325.93098756415026
-321.93332903570564
-317.9357296107761
-313.9381915471837
-309.94071721919795
-305.9433091251392
-301.94596989558437
-297.9487023022332
-297.75420107066833
-293.99033271196976
-293.99033271196976
-293.79538233204175
-293.79538233204175
-293.59993270802505
-289.79093187149635
-285.98714618709795
-285.8150770683277
-285.8150770683277
-285.64119706467267
-285.64119706467267
-285.46555947396024
-285.46555947396024
-285.2882176780759
-285.2882176780759
-285.10924851447487
-285.10924851447487
-284.92870552711986
-284.92870552711986
-284.74667553352776
-284.74667553352776
-284.5632220898902
-284.5632220898902
-284.3783990411424
-284.3783990411424
-284.19229351068003
-284.19229351068003
-284.0049693858021
-284.0049693858021
-283.81650417977585
-280.27891200940525
-276.7539141497488
-273.24199802541443
-269.7436745881505
-266.2594796122739
-266.1098909376047
-263.6351915267778
-261.1983047716181
-258.8002988163704
-256.4422643929573
-254.12531419400452
-251.85058210987896
-249.61922231999188
-247.43240822871093
-245.2913312364517
-243.19719933689854
-241.1512355318565
-239.15467605597843
-237.2087684045603
-235.31476915877153
-235.25749707608983
-235.27434064937083
-236.39665255917515
-237.58101625374584
-238.82649596171825
-240.13216560595134
-240.23179879824082
-242.891833409034
-245.58820927383994
-248.31974256274285
-251.08528585540088
-253.88372774621826
-256.71399235357114
-259.57503874692753
-262.46586030452505
-265.38548401313517
-268.3329697203524
-271.30740934881806
-274.30792608081293
-277.333673520747
-280.3838348422282
-283.4576219256091
-286.55427449119503
-289.67305923263694
-292.81326895443186
-295.97422171691255
-299.1552599916133
-302.35574982945747
-305.57508004381367
-308.8126614101158
-312.06792588342137
-315.34032583500687
-318.62933330884965
-321.93443929862764
-325.2551530456782
-328.59100135819193
-331.94152795177206
-335.30629281136504
-338.6848715744633
-342.076854935388
-345.4818480703846
-348.8994700831976
-352.32935347074044
-355.7711436084296
-359.2244982547205
-362.689087074353
-366.1645911797937
-369.65070269034976
-373.1471243084144
-376.6535689123033
-380.16975916513553
-383.69542713921555
-387.23031395537595
-390.77416943674643
-394.32675177642335
-397.8878272185227
-401.45716975211064
-405.0345608175171
-408.61978902455155
-412.21264988215125
-415.81294553900926
-419.4204845347389
-423.03508156115043
-426.65655723322624
-430.2847378693966
-433.91945528073234
-437.5605465686841
-441.2078527664381
-444.86122220187434
-448.5205067129138
-452.185562697397
-455.8562509484796
-459.5324062585595
-463.2139582061128
-466.9007496235749
-470.59265736731055
-474.2895619596607
-477.9913474600098
-477.9913465541119
-477.9913456482141
-479.50343895556085
-481.0440408896941
-482.6128784340714
-484.20967713895544
-484.2096764655911
-484.28394063947275
-484.3912256399419
-484.5315095325781
-484.7047636656332
-484.910952699236
-484.91095233985567
-483.5754264511162
-482.26937949037983
-480.9930515913064
-479.7466799495566
-478.53049860607945
-478.53049851715593
-478.5304984578737
-474.96013573515484
-471.39667259761865
-467.8402667043425
-464.2910802279194
-460.7492800035181
-460.74928004825796
-456.7639352339138
-452.7788494093771
-448.7940599883653
-444.80954360149053
-440.825307652427
-436.8413598144208
-432.8577080426458
-428.87436058724387
-424.8913260070944
-420.90861318436026
-416.92623133986257
-412.94419004933894
-408.96249926064525
-404.98116931196535
-401.0002109510979
-397.0196353558953
-393.03945415593563
-389.0596794555154
-385.0803238580565
-381.1014004920315
-377.1229230385162
-373.14490576049167
-369.1673635340245
-365.19031188146784
-361.21376700683714
-357.237745833528
-353.2622660445575
-349.28734612553023
-345.31300541054185
-341.33926413126085
-337.3661434694435
-333.3936656131673
-329.4218538170903
-325.45073246707744
-321.4803271495641
-317.5106647260672
-313.54177341329205
-309.5736828693292
-305.6064242864875
-301.6400304913623
-297.67453605280406
-293.70997739851987
-293.70997739851987
-289.8524493858286
-286.01168215277
-285.81554440399884
-281.8393368825132
-277.8638121958302
-273.8890000781863
-273.8890000781863
-273.6931148829091
-269.71073088533956
-265.7288763011588
-265.7288763011588
-265.5331005164705
-261.54485873581024
-257.55698160006756
-253.5694863135111
-249.5823911781758
-245.5957156826881
-241.6094805998417
-237.6237080939453
-233.63842183910054
-229.65364714972893
-225.6694111248501
-221.68574280782863
-221.68574251971532
-217.87833534083745
-214.0779520739772
-210.28497353923908
-206.49980776631642
-202.722892386552
-198.95469727184175
-195.19572744916215
-191.44652632315308
-187.70767924331875
-183.97981745707946
-180.26362249517976
-176.55983104190437
-176.3669955441194
-172.367263192931
-168.36754378115023
-164.36783825337798
-160.36814764844794
-156.36847311147747
-152.36881590781624
-148.36917743925056
-144.36955926290116
-140.36996311335105
-136.37039092866684
-132.37084488113683
-128.37132741375405
-124.37184128373747
-120.37238961472772
-116.37297595974387
-112.37360437758113
-108.37427952612099
-104.37500677708805
-100.37579235823362
-96.37664353090935
-92.37756881375152
-88.37857826707506
-84.37968385810834
-80.3808999352072
-76.38224385096291
-72.38373679174637
-68.38540489812397
-64.3872884290182
-60.38942102925167
-56.391855671721686
-52.39466149139409
-48.397930455141164
-44.40178762988049
-40.406407535968306
-36.41204125068966
-32.4190635115593
-28.428059426146675
-24.439995895088824
-20.45659279579108
-16.481229660407177
-12.521566446366844
-8.599318244366563
-4.80696110972745
-2.065290784240891
-4.174205411396611
-7.910914579845958
-11.821216605862958
-15.776557561010106
-19.749895918435225
-23.732193808879273
-27.719590023220317
-31.710161352611358
-35.70284314787693
-39.6969986089022
-39.6969986089022
-39.6969986089022
-39.6969986089022
-39.6969986089022
-39.6969986089022
-39.6969986089022
-39.6969986089022
-39.6969986089022
-39.6969986089022
-39.6969986089022
