62.828426361083984 452.82843017578125 0.7853981852531433
65.65685272216797 455.6568603515625 0.7853981852531433
68.48528289794922 458.48529052734375 0.7853981852531433
71.31371307373047 461.313720703125 0.7853981852531433
74.14214324951172 464.14215087890625 0.7853981852531433
76.97057342529297 466.9705810546875 0.7853981852531433
79.79900360107422 469.79901123046875 0.7853981852531433
82.62743377685547 472.62744140625 0.7853981852531433
85.45586395263672 475.45587158203125 0.7853981852531433
88.28429412841797 478.2843017578125 0.7853981852531433
91.11272430419922 481.11273193359375 0.7853981852531433
93.94115447998047 483.941162109375 0.7853981852531433
96.76958465576172 486.76959228515625 0.7853981852531433
99.59801483154297 489.5980224609375 0.7853981852531433
102.42644500732422 492.42645263671875 0.7853981852531433
105.25487518310547 495.2548828125 0.7853981852531433
108.08330535888672 498.08331298828125 0.7853981852531433
110.91173553466797 500.9117431640625 0.7853981852531433
113.74016571044922 503.74017333984375 0.7853981852531433
116.56859588623047 506.568603515625 0.7853981852531433
119.39702606201172 509.39703369140625 0.7853981852531433
122.22545623779297 512.2254638671875 0.7853981852531433
125.05388641357422 515.0538940429688 0.7853981852531433
127.88231658935547 517.88232421875 0.7853981852531433
127.88231658935547 517.88232421875 0.3853985667228699
131.5889129638672 519.3860473632812 0.3853985667228699
135.29550170898438 520.8897705078125 0.3853985667228699
139.00209045410156 522.3934936523438 0.3853985667228699
142.70867919921875 523.897216796875 0.3853985667228699
146.41526794433594 525.4009399414062 0.3853985667228699
146.41526794433594 525.4009399414062 -0.01460111141204834
150.4148406982422 525.342529296875 -0.01460111141204834
154.41441345214844 525.2841186523438 -0.01460111141204834
158.4139862060547 525.2257080078125 -0.01460111141204834
162.41355895996094 525.1672973632812 -0.01460111141204834
166.4131317138672 525.10888671875 -0.01460111141204834
170.41270446777344 525.0504760742188 -0.01460111141204834
174.4122772216797 524.9920654296875 -0.01460111141204834
174.4122772216797 524.9920654296875 -0.41460078954696655
178.07337951660156 523.3807373046875 -0.41460078954696655
181.73448181152344 521.7694091796875 -0.41460078954696655
181.73448181152344 521.7694091796875 -0.8146004676818848
184.47911071777344 518.859619140625 -0.8146004676818848
187.22373962402344 515.9498291015625 -0.8146004676818848
189.96836853027344 513.0400390625 -0.8146004676818848
192.71299743652344 510.1302185058594 -0.8146004676818848
195.45762634277344 507.22039794921875 -0.8146004676818848
198.20225524902344 504.3105773925781 -0.8146004676818848
200.94688415527344 501.4007568359375 -0.8146004676818848
203.69151306152344 498.4909362792969 -0.8146004676818848
206.43614196777344 495.58111572265625 -0.8146004676818848
209.18077087402344 492.6712951660156 -0.8146004676818848
211.92539978027344 489.761474609375 -0.8146004676818848
214.67002868652344 486.8516540527344 -0.8146004676818848
217.41465759277344 483.94183349609375 -0.8146004676818848
220.15928649902344 481.0320129394531 -0.8146004676818848
222.90391540527344 478.1221923828125 -0.8146004676818848
225.64854431152344 475.2123718261719 -0.8146004676818848
228.39317321777344 472.30255126953125 -0.8146004676818848
231.13780212402344 469.3927307128906 -0.8146004676818848
233.88243103027344 466.48291015625 -0.8146004676818848
236.62705993652344 463.5730895996094 -0.8146004676818848
239.37168884277344 460.66326904296875 -0.8146004676818848
242.11631774902344 457.7534484863281 -0.8146004676818848
244.86094665527344 454.8436279296875 -0.8146004676818848
247.60557556152344 451.9338073730469 -0.8146004676818848
250.35020446777344 449.02398681640625 -0.8146004676818848
253.09483337402344 446.1141662597656 -0.8146004676818848
255.83946228027344 443.204345703125 -0.8146004676818848
258.5841064453125 440.2945251464844 -0.8146004676818848
261.3287353515625 437.38470458984375 -0.8146004676818848
264.0733642578125 434.4748840332031 -0.8146004676818848
264.4007568359375 434.233642578125 -0.4554876387119293
264.79205322265625 434.1228332519531 -0.09637480974197388
268.77349853515625 433.7379455566406 -0.09637480974197388
272.75494384765625 433.3530578613281 -0.09637480974197388
276.73638916015625 432.9681701660156 -0.09637480974197388
280.71783447265625 432.5832824707031 -0.09637480974197388
281.12310791015625 432.6170654296875 0.26273801922798157
284.98583984375 433.6559753417969 0.26273801922798157
288.84857177734375 434.69488525390625 0.26273801922798157
292.7113037109375 435.7337951660156 0.26273801922798157
296.57403564453125 436.772705078125 0.26273801922798157
300.436767578125 437.8116149902344 0.26273801922798157
304.29949951171875 438.85052490234375 0.26273801922798157
308.1622314453125 439.8894348144531 0.26273801922798157
308.52978515625 440.0635070800781 0.621850848197937
308.52978515625 440.0635070800781 0.2218511700630188
308.9041442871094 440.222412109375 0.5809639692306519
308.9041442871094 440.222412109375 0.18096429109573364
309.28466796875 440.3658752441406 0.5400770902633667
309.28466796875 440.3658752441406 0.1400774121284485
309.6707458496094 440.49365234375 0.49919024109840393
309.6707458496094 440.49365234375 0.09919056296348572
310.0617370605469 440.6055603027344 0.45830339193344116
310.0617370605469 440.6055603027344 0.05830371379852295
310.45697021484375 440.7013854980469 0.4174165427684784
310.45697021484375 440.7013854980469 0.01741686463356018
310.85577392578125 440.7809753417969 0.3765296936035156
314.5755615234375 442.25177001953125 0.3765296936035156
314.92095947265625 442.4664306640625 0.7356425523757935
314.92095947265625 442.4664306640625 0.33564287424087524
315.27484130859375 442.66680908203125 0.6947556734085083
315.27484130859375 442.66680908203125 0.2947559952735901
315.6366271972656 442.8525390625 0.6538687944412231
315.6366271972656 442.8525390625 0.25386911630630493
316.0057067871094 443.0233459472656 0.612981915473938
316.0057067871094 443.0233459472656 0.21298223733901978
316.3814392089844 443.1789245605469 0.5720950365066528
316.3814392089844 443.1789245605469 0.17209535837173462
316.76324462890625 443.3190002441406 0.5312081575393677
316.76324462890625 443.3190002441406 0.13120847940444946
317.15045166015625 443.443359375 0.4903213083744049
317.46923828125 443.69586181640625 0.8494341373443604
317.46923828125 443.69586181640625 0.44943445920944214
317.798095703125 443.93511962890625 0.8085472583770752
317.798095703125 443.93511962890625 0.408547580242157
318.1364440917969 444.1607360839844 0.76766037940979
318.1364440917969 444.1607360839844 0.3676607012748718
318.4837341308594 444.3723449707031 0.7267735004425049
318.4837341308594 444.3723449707031 0.32677382230758667
318.8393859863281 444.569580078125 0.6858866214752197
318.8393859863281 444.569580078125 0.2858869433403015
319.2027893066406 444.7521057128906 0.6449997425079346
319.2027893066406 444.7521057128906 0.24500006437301636
319.5733642578125 444.91961669921875 0.6041128635406494
322.8653869628906 447.1917419433594 0.6041128635406494
326.15740966796875 449.4638671875 0.6041128635406494
329.4494323730469 451.7359924316406 0.6041128635406494
332.741455078125 454.00811767578125 0.6041128635406494
336.0334777832031 456.2802429199219 0.6041128635406494
339.32550048828125 458.5523681640625 0.6041128635406494
342.6175231933594 460.8244934082031 0.6041128635406494
345.9095458984375 463.09661865234375 0.6041128635406494
349.2015686035156 465.3687438964844 0.6041128635406494
352.49359130859375 467.640869140625 0.6041128635406494
355.7856140136719 469.9129943847656 0.6041128635406494
359.07763671875 472.18511962890625 0.6041128635406494
362.3696594238281 474.4572448730469 0.6041128635406494
365.66168212890625 476.7293701171875 0.6041128635406494
368.9537048339844 479.0014953613281 0.6041128635406494
372.2457275390625 481.27362060546875 0.6041128635406494
375.5377502441406 483.5457458496094 0.6041128635406494
378.82977294921875 485.81787109375 0.6041128635406494
382.1217956542969 488.0899963378906 0.6041128635406494
385.413818359375 490.36212158203125 0.6041128635406494
388.7058410644531 492.6342468261719 0.6041128635406494
391.99786376953125 494.9063720703125 0.6041128635406494
395.2898864746094 497.1784973144531 0.6041128635406494
398.5819091796875 499.45062255859375 0.6041128635406494
401.8739318847656 501.7227478027344 0.6041128635406494
405.16595458984375 503.994873046875 0.6041128635406494
408.4579772949219 506.2669982910156 0.6041128635406494
411.75 508.53912353515625 0.6041128635406494
415.0420227050781 510.8112487792969 0.6041128635406494
418.33404541015625 513.0833740234375 0.6041128635406494
421.6260681152344 515.3555297851562 0.6041128635406494
424.9180908203125 517.627685546875 0.6041128635406494
428.2101135253906 519.8998413085938 0.6041128635406494
428.2101135253906 519.8998413085938 0.2041131854057312
432.1270751953125 520.7106323242188 0.2041131854057312
436.0440368652344 521.5214233398438 0.2041131854057312
439.96099853515625 522.3322143554688 0.2041131854057312
443.8779602050781 523.1430053710938 0.2041131854057312
447.794921875 523.9537963867188 0.2041131854057312
451.7118835449219 524.7645874023438 0.2041131854057312
455.62884521484375 525.5753784179688 0.2041131854057312
459.5458068847656 526.3861694335938 0.2041131854057312
463.4627685546875 527.1969604492188 0.2041131854057312
467.3797302246094 528.0077514648438 0.2041131854057312
471.29669189453125 528.8185424804688 0.2041131854057312
471.2967224121094 528.8185424804688 -0.19588524103164673
475.22021484375 528.0399780273438 -0.19588524103164673
479.1437072753906 527.2614135742188 -0.19588524103164673
483.06719970703125 526.4828491210938 -0.19588524103164673
486.9906921386719 525.7042846679688 -0.19588524103164673
490.9141845703125 524.9257202148438 -0.19588524103164673
494.8376770019531 524.1471557617188 -0.19588524103164673
498.76116943359375 523.3685913085938 -0.19588524103164673
502.6846618652344 522.5900268554688 -0.19588524103164673
506.608154296875 521.8114624023438 -0.19588524103164673
510.5316467285156 521.0328979492188 -0.19588524103164673
514.4551391601562 520.2543334960938 -0.19588524103164673
518.378662109375 519.4757690429688 -0.19588524103164673
522.3021850585938 518.6972045898438 -0.19588524103164673
526.2257080078125 517.9186401367188 -0.19588524103164673
526.2257080078125 517.9186401367188 -0.5958849191665649
526.2257080078125 517.9186401367188 -0.9958845973014832
526.2257080078125 517.9186401367188 -1.3958842754364014
526.9218139648438 513.9796752929688 -1.3958842754364014
527.617919921875 510.04071044921875 -1.3958842754364014
528.3140258789062 506.10174560546875 -1.3958842754364014
529.0101318359375 502.16278076171875 -1.3958842754364014
529.6830444335938 498.2837829589844 -1.40218985080719
529.6830444335938 498.2837829589844 -1.802189588546753
528.7656860351562 494.390380859375 -1.802189588546753
527.8483276367188 490.4969787597656 -1.802189588546753
526.9309692382812 486.60357666015625 -1.802189588546753
526.0136108398438 482.7101745605469 -1.802189588546753
526.0136108398438 482.7101745605469 -2.2021892070770264
523.6525268554688 479.4813537597656 -2.2021892070770264
521.2914428710938 476.2525329589844 -2.2021892070770264
518.9303588867188 473.0237121582031 -2.2021892070770264
516.5692749023438 469.7948913574219 -2.2021892070770264
514.2081909179688 466.5660705566406 -2.2021892070770264
511.84710693359375 463.3372497558594 -2.2021892070770264
509.48602294921875 460.1084289550781 -2.2021892070770264
507.12493896484375 456.8796081542969 -2.2021892070770264
504.76385498046875 453.6507873535156 -2.2021892070770264
502.40277099609375 450.4219665527344 -2.2021892070770264
500.04168701171875 447.1931457519531 -2.2021892070770264
497.68060302734375 443.9643249511719 -2.2021892070770264
497.68060302734375 443.9643249511719 -2.6021888256073
494.24853515625 441.9098205566406 -2.6021888256073
490.81646728515625 439.8553161621094 -2.6021888256073
487.3843994140625 437.8008117675781 -2.6021888256073
483.95233154296875 435.7463073730469 -2.6021888256073
480.520263671875 433.6918029785156 -2.6021888256073
477.08819580078125 431.6372985839844 -2.6021888256073
473.6561279296875 429.5827941894531 -2.6021888256073
470.22406005859375 427.5282897949219 -2.6021888256073
466.7919921875 425.4737854003906 -2.6021888256073
463.35992431640625 423.4192810058594 -2.6021888256073
459.9278564453125 421.3647766113281 -2.6021888256073
456.49578857421875 419.3102722167969 -2.6021888256073
453.063720703125 417.2557678222656 -2.6021888256073
449.63165283203125 415.2012634277344 -2.6021888256073
446.1995849609375 413.1467590332031 -2.6021888256073
442.76751708984375 411.0922546386719 -2.6021888256073
439.33544921875 409.0377502441406 -2.6021888256073
435.90338134765625 406.9832458496094 -2.6021888256073
432.4713134765625 404.9287414550781 -2.6021888256073
429.03924560546875 402.8742370605469 -2.6021888256073
425.607177734375 400.8197326660156 -2.6021888256073
422.17510986328125 398.7652282714844 -2.6021888256073
418.7430419921875 396.7107238769531 -2.6021888256073
415.31097412109375 394.6562194824219 -2.6021888256073
411.87890625 392.6017150878906 -2.6021888256073
408.44683837890625 390.5472106933594 -2.6021888256073
405.0147705078125 388.4927062988281 -2.6021888256073
401.58270263671875 386.4382019042969 -2.6021888256073
398.150634765625 384.3836975097656 -2.6021888256073
394.71856689453125 382.3291931152344 -2.6021888256073
391.2864990234375 380.2746887207031 -2.6021888256073
387.85443115234375 378.2201843261719 -2.6021888256073
384.42236328125 376.1656799316406 -2.6021888256073
380.99029541015625 374.1111755371094 -2.6021888256073
377.5582275390625 372.0566711425781 -2.6021888256073
374.12615966796875 370.0021667480469 -2.6021888256073
370.694091796875 367.9476623535156 -2.6021888256073
367.26202392578125 365.8931579589844 -2.6021888256073
363.8299560546875 363.8386535644531 -2.6021888256073
360.39788818359375 361.7841491699219 -2.6021888256073
356.9658203125 359.7296447753906 -2.6021888256073
353.53375244140625 357.6751403808594 -2.6021888256073
350.1016845703125 355.6206359863281 -2.6021888256073
346.66961669921875 353.5661315917969 -2.6021888256073
343.237548828125 351.5116271972656 -2.6021888256073
339.80548095703125 349.4571228027344 -2.6021888256073
336.3734130859375 347.4026184082031 -2.6021888256073
332.94134521484375 345.3481140136719 -2.6021888256073
329.50927734375 343.2936096191406 -2.6021888256073
326.07720947265625 341.2391052246094 -2.6021888256073
322.6451416015625 339.1846008300781 -2.6021888256073
319.21307373046875 337.1300964355469 -2.6021888256073
315.781005859375 335.0755920410156 -2.6021888256073
312.34893798828125 333.0210876464844 -2.6021888256073
308.9168701171875 330.9665832519531 -2.6021888256073
305.48480224609375 328.9120788574219 -2.6021888256073
302.052734375 326.8575744628906 -2.6021888256073
298.62066650390625 324.8030700683594 -2.6021888256073
295.1885986328125 322.7485656738281 -2.6021888256073
291.75653076171875 320.6940612792969 -2.6021888256073
288.324462890625 318.6395568847656 -2.6021888256073
284.89239501953125 316.5850524902344 -2.6021888256073
281.4603271484375 314.5305480957031 -2.6021888256073
278.02825927734375 312.4760437011719 -2.6021888256073
274.59619140625 310.4215393066406 -2.6021888256073
271.16412353515625 308.3670349121094 -2.6021888256073
267.7320556640625 306.3125305175781 -2.6021888256073
264.29998779296875 304.2580261230469 -2.6021888256073
263.99395751953125 303.99017333984375 -2.2430760860443115
263.99395751953125 303.99017333984375 -2.643075704574585
263.67724609375 303.7350769042969 -2.2839629650115967
263.67724609375 303.7350769042969 -2.68396258354187
263.3503723144531 303.4931335449219 -2.324849843978882
263.3503723144531 303.4931335449219 -2.7248494625091553
263.0138854980469 303.2647399902344 -2.365736722946167
263.0138854980469 303.2647399902344 -2.7657363414764404
262.6683349609375 303.05029296875 -2.406623601913452
262.6683349609375 303.05029296875 -2.8066232204437256
262.3143005371094 302.85015869140625 -2.4475104808807373
262.3143005371094 302.85015869140625 -2.8475100994110107
261.952392578125 302.6646728515625 -2.4883973598480225
261.67877197265625 302.36383056640625 -2.129284620285034
261.67877197265625 302.36383056640625 -2.5292842388153076
261.39306640625 302.07440185546875 -2.1701714992523193
261.39306640625 302.07440185546875 -2.5701711177825928
261.09576416015625 301.7969055175781 -2.2110583782196045
261.09576416015625 301.7969055175781 -2.611057996749878
260.7873840332031 301.53179931640625 -2.2519452571868896
260.7873840332031 301.53179931640625 -2.651944875717163
260.4684143066406 301.2795104980469 -2.292832136154175
260.4684143066406 301.2795104980469 -2.6928317546844482
260.139404296875 301.04046630859375 -2.33371901512146
260.139404296875 301.04046630859375 -2.7337186336517334
259.8009033203125 300.8150634765625 -2.374605894088745
259.8009033203125 300.8150634765625 -2.7746055126190186
259.4534606933594 300.60369873046875 -2.4154927730560303
259.4534606933594 300.60369873046875 -2.8154923915863037
259.0976867675781 300.4067077636719 -2.4563796520233154
258.82269287109375 300.084716796875 -2.0989491939544678
258.82269287109375 300.084716796875 -2.498948812484741
258.5458984375 299.7867736816406 -2.139836072921753
258.5458984375 299.7867736816406 -2.5398356914520264
258.2571716308594 299.5003967285156 -2.180722951889038
258.2571716308594 299.5003967285156 -2.5807225704193115
257.95697021484375 299.2260437011719 -2.2216098308563232
257.95697021484375 299.2260437011719 -2.6216094493865967
257.64581298828125 298.9642028808594 -2.2624967098236084
257.64581298828125 298.9642028808594 -2.662496328353882
257.32421875 298.7153015136719 -2.3033835887908936
257.32421875 298.7153015136719 -2.703383207321167
256.9927062988281 298.479736328125 -2.3442704677581787
256.9927062988281 298.479736328125 -2.744270086288452
256.65185546875 298.2579345703125 -2.385157346725464
256.65185546875 298.2579345703125 -2.7851569652557373
256.3022155761719 298.05023193359375 -2.426044225692749
253.2832794189453 295.4261169433594 -2.426044225692749
250.26434326171875 292.802001953125 -2.426044225692749
250.00999450683594 292.48468017578125 -2.0669314861297607
250.00999450683594 292.48468017578125 -2.466931104660034
249.74288940429688 292.1780090332031 -2.107818365097046
249.74288940429688 292.1780090332031 -2.5078179836273193
249.46347045898438 291.8825378417969 -2.148705244064331
249.46347045898438 291.8825378417969 -2.5487048625946045
249.17221069335938 291.5987243652344 -2.189592123031616
248.999267578125 291.23065185546875 -1.8304800987243652
248.999267578125 291.23065185546875 -2.2304797172546387
248.81143188476562 290.8699645996094 -1.8713668584823608
248.81143188476562 290.8699645996094 -2.271366596221924
248.6090087890625 290.5172424316406 -1.912253737449646
248.6090087890625 290.5172424316406 -2.312253475189209
248.392333984375 290.173095703125 -1.9531406164169312
248.392333984375 290.173095703125 -2.353140354156494
248.16177368164062 289.8381042480469 -1.9940274953842163
248.16177368164062 289.8381042480469 -2.3940272331237793
247.91770935058594 289.5128173828125 -2.034914493560791
247.91770935058594 289.5128173828125 -2.4349141120910645
247.66055297851562 289.19775390625 -2.075801372528076
247.66055297851562 289.19775390625 -2.4758009910583496
247.39073181152344 288.8934631347656 -2.1166882514953613
247.24505615234375 288.5137634277344 -1.7575753927230835
247.24505615234375 288.5137634277344 -2.1575751304626465
247.083984375 288.1403503417969 -1.7984622716903687
247.083984375 288.1403503417969 -2.1984620094299316
246.9077911376953 287.7738342285156 -1.8393491506576538
246.9077911376953 287.7738342285156 -2.239348888397217
246.7167510986328 287.4148254394531 -1.880236029624939
246.7167510986328 287.4148254394531 -2.280235767364502
246.51119995117188 287.06390380859375 -1.9211229085922241
246.51119995117188 287.06390380859375 -2.321122646331787
246.29147338867188 286.7216796875 -1.9620097875595093
246.29147338867188 286.7216796875 -2.3620095252990723
246.05795288085938 286.38873291015625 -2.002896785736084
246.05795288085938 286.38873291015625 -2.4028964042663574
245.81101989746094 286.06561279296875 -2.043783664703369
245.69338989257812 285.67633056640625 -1.6846708059310913
245.69338989257812 285.67633056640625 -2.0846705436706543
245.55995178222656 285.29217529296875 -1.7255576848983765
245.55995178222656 285.29217529296875 -2.1255574226379395
245.41091918945312 284.9137878417969 -1.7664445638656616
245.41091918945312 284.9137878417969 -2.1664443016052246
245.24655151367188 284.54180908203125 -1.8073314428329468
245.24655151367188 284.54180908203125 -2.2073311805725098
245.06710815429688 284.1768493652344 -1.848218321800232
245.06710815429688 284.1768493652344 -2.248218059539795
244.87289428710938 283.8195495605469 -1.889105200767517
244.87289428710938 283.8195495605469 -2.28910493850708
244.66424560546875 283.4704895019531 -1.9299920797348022
244.66424560546875 283.4704895019531 -2.3299918174743652
244.44149780273438 283.1302490234375 -1.9708789587020874
244.3525390625 282.7334289550781 -1.6117660999298096
244.3525390625 282.7334289550781 -2.011765718460083
244.2474365234375 282.340576171875 -1.6526528596878052
244.2474365234375 282.340576171875 -2.052652597427368
244.12635803222656 281.95233154296875 -1.6935397386550903
244.12635803222656 281.95233154296875 -2.0935394763946533
243.98951721191406 281.5693664550781 -1.7344266176223755
243.98951721191406 281.5693664550781 -2.1344263553619385
243.83712768554688 281.19232177734375 -1.7753134965896606
243.83712768554688 281.19232177734375 -2.1753132343292236
243.66946411132812 280.8218078613281 -1.8162003755569458
243.66946411132812 280.8218078613281 -2.216200113296509
243.48678588867188 280.4584655761719 -1.857087254524231
243.48678588867188 280.4584655761719 -2.257086992263794
243.28941345214844 280.1029052734375 -1.8979741334915161
243.12881469726562 279.1882019042969 -1.5912096500396729
243.12881469726562 279.1882019042969 -1.9912092685699463
243.0318145751953 278.79327392578125 -1.6320964097976685
243.0318145751953 278.79327392578125 -2.0320961475372314
242.9187469482422 278.4026184082031 -1.6729832887649536
242.9187469482422 278.4026184082031 -2.0729830265045166
242.78981018066406 278.0169372558594 -1.7138701677322388
242.78981018066406 278.0169372558594 -2.1138699054718018
242.6452178955078 277.6368408203125 -1.754757046699524
242.6452178955078 277.6368408203125 -2.154756784439087
242.48519897460938 277.2629699707031 -1.795643925666809
242.48519897460938 277.2629699707031 -2.195643663406372
242.31002807617188 276.89593505859375 -1.8365308046340942
241.25955200195312 273.0363464355469 -1.8365308046340942
240.20907592773438 269.1767578125 -1.8365308046340942
240.174072265625 268.7715759277344 -1.4774181842803955
240.174072265625 268.7715759277344 -1.877417802810669
240.12254333496094 268.3681640625 -1.5183049440383911
240.33241271972656 264.3736877441406 -1.5183049440383911
240.5422821044922 260.37921142578125 -1.5183049440383911
240.7521514892578 256.3847351074219 -1.5183049440383911
240.96202087402344 252.39024353027344 -1.5183049440383911
241.17189025878906 248.395751953125 -1.5183049440383911
241.3817596435547 244.40126037597656 -1.5183049440383911
241.5916290283203 240.40676879882812 -1.5183049440383911
241.80149841308594 236.4122772216797 -1.5183049440383911
242.01136779785156 232.41778564453125 -1.5183049440383911
242.2212371826172 228.4232940673828 -1.5183049440383911
242.4311065673828 224.42880249023438 -1.5183049440383911
242.64097595214844 220.43431091308594 -1.5183049440383911
242.85084533691406 216.4398193359375 -1.5183049440383911
243.0607147216797 212.44532775878906 -1.5183049440383911
243.2705841064453 208.45083618164062 -1.5183049440383911
243.48045349121094 204.4563446044922 -1.5183049440383911
243.57398986816406 204.06053161621094 -1.1591956615447998
243.80064392089844 203.72286987304688 -0.800082802772522
246.5872344970703 200.85321044921875 -0.800082802772522
249.3738250732422 197.98355102539062 -0.800082802772522
249.70468139648438 197.74708557128906 -0.44096997380256653
253.32203674316406 196.03982543945312 -0.44096997380256653
256.93939208984375 194.3325653076172 -0.44096997380256653
260.5567321777344 192.62530517578125 -0.44096997380256653
264.174072265625 190.9180450439453 -0.44096997380256653
267.7914123535156 189.21078491210938 -0.44096997380256653
271.40875244140625 187.50352478027344 -0.44096997380256653
275.0260925292969 185.7962646484375 -0.44096997380256653
278.6434326171875 184.08900451660156 -0.44096997380256653
282.2607727050781 182.38174438476562 -0.44096997380256653
285.87811279296875 180.6744842529297 -0.44096997380256653
289.4954528808594 178.96722412109375 -0.44096997380256653
293.11279296875 177.2599639892578 -0.44096997380256653
296.7301330566406 175.55270385742188 -0.44096997380256653
300.34747314453125 173.84544372558594 -0.44096997380256653
303.9648132324219 172.13818359375 -0.44096997380256653
307.5821533203125 170.43092346191406 -0.44096997380256653
307.97723388671875 170.32518005371094 -0.08208844065666199
311.9637756347656 169.9971923828125 -0.08208844065666199
315.9503173828125 169.66920471191406 -0.08208844065666199
319.9368591308594 169.34121704101562 -0.08208844065666199
323.92340087890625 169.0132293701172 -0.08208844065666199
327.9099426269531 168.68524169921875 -0.08208844065666199
331.896484375 168.3572540283203 -0.08208844065666199
335.8830261230469 168.02926635742188 -0.08208844065666199
339.86956787109375 167.70127868652344 -0.08208844065666199
343.8561096191406 167.373291015625 -0.08208844065666199
347.8426513671875 167.04530334472656 -0.08208844065666199
351.8291931152344 166.71731567382812 -0.08208844065666199
355.81573486328125 166.3893280029297 -0.08208844065666199
359.8022766113281 166.06134033203125 -0.08208844065666199
363.788818359375 165.7333526611328 -0.08208844065666199
367.7753601074219 165.40536499023438 -0.08208844065666199
371.76190185546875 165.07737731933594 -0.08208844065666199
375.7484436035156 164.7493896484375 -0.08208844065666199
379.7349853515625 164.42140197753906 -0.08208844065666199
383.7215270996094 164.09341430664062 -0.08208844065666199
387.70806884765625 163.7654266357422 -0.08208844065666199
391.6946105957031 163.43743896484375 -0.08208844065666199
395.68115234375 163.1094512939453 -0.08208844065666199
399.6676940917969 162.78146362304688 -0.08208844065666199
403.65423583984375 162.45347595214844 -0.08208844065666199
407.6407775878906 162.12548828125 -0.08208844065666199
411.6273193359375 161.79750061035156 -0.08208844065666199
415.6138610839844 161.46951293945312 -0.08208844065666199
419.60040283203125 161.1415252685547 -0.08208844065666199
423.5869445800781 160.81353759765625 -0.08208844065666199
427.573486328125 160.4855499267578 -0.08208844065666199
431.5600280761719 160.15756225585938 -0.08208844065666199
435.54656982421875 159.82957458496094 -0.08208844065666199
439.5331115722656 159.5015869140625 -0.08208844065666199
443.5196533203125 159.17359924316406 -0.08208844065666199
447.5061950683594 158.84561157226562 -0.08208844065666199
451.49273681640625 158.5176239013672 -0.08208844065666199
455.4792785644531 158.18963623046875 -0.08208844065666199
459.4658203125 157.8616485595703 -0.08208844065666199
463.4523620605469 157.53366088867188 -0.08208844065666199
467.43890380859375 157.20567321777344 -0.08208844065666199
471.4254455566406 156.877685546875 -0.08208844065666199
475.4119873046875 156.54969787597656 -0.08208844065666199
479.3985290527344 156.22171020507812 -0.08208844065666199
483.38507080078125 155.8937225341797 -0.08208844065666199
487.3716125488281 155.56573486328125 -0.08208844065666199
491.358154296875 155.2377471923828 -0.08208844065666199
495.3446960449219 154.90975952148438 -0.08208844065666199
499.33123779296875 154.58177185058594 -0.08208844065666199
503.3177795410156 154.2537841796875 -0.08208844065666199
507.3043212890625 153.92579650878906 -0.08208844065666199
511.2908630371094 153.59780883789062 -0.08208844065666199
515.2774047851562 153.2698211669922 -0.08208844065666199
519.263916015625 152.94183349609375 -0.08208844065666199
523.2504272460938 152.6138458251953 -0.08208844065666199
527.2369384765625 152.28585815429688 -0.08208844065666199
531.2234497070312 151.95787048339844 -0.08208844065666199
535.2099609375 151.6298828125 -0.08208844065666199
539.1964721679688 151.30189514160156 -0.08208844065666199
543.1829833984375 150.97390747070312 -0.08208844065666199
547.1694946289062 150.6459197998047 -0.08208844065666199
551.156005859375 150.31793212890625 -0.08208844065666199
555.1425170898438 149.9899444580078 -0.08208844065666199
559.1290283203125 149.66195678710938 -0.08208844065666199
563.1155395507812 149.33396911621094 -0.08208844065666199
567.10205078125 149.0059814453125 -0.08208844065666199
571.0885620117188 148.67799377441406 -0.08208844065666199
575.0750732421875 148.35000610351562 -0.08208844065666199
575.0750732421875 148.35000610351562 -0.4820881187915802
575.0750732421875 148.35000610351562 -0.8820878267288208
575.0750732421875 148.35000610351562 -1.2820875644683838
575.0750732421875 148.35000610351562 -1.6820871829986572
575.0750732421875 148.35000610351562 -2.0820868015289307
575.0750732421875 148.35000610351562 -2.482086420059204
571.9138793945312 145.8990936279297 -2.482086420059204
568.752685546875 143.44818115234375 -2.482086420059204
565.5914916992188 140.9972686767578 -2.482086420059204
562.4302978515625 138.54635620117188 -2.482086420059204
559.2691040039062 136.09544372558594 -2.482086420059204
556.10791015625 133.64453125 -2.482086420059204
552.9467163085938 131.19361877441406 -2.482086420059204
549.7855224609375 128.74270629882812 -2.482086420059204
546.6243286132812 126.29180145263672 -2.482086420059204
543.463134765625 123.84089660644531 -2.482086420059204
540.3019409179688 121.3899917602539 -2.482086420059204
537.1407470703125 118.9390869140625 -2.482086420059204
533.9795532226562 116.4881820678711 -2.482086420059204
530.818359375 114.03727722167969 -2.482086420059204
527.6571655273438 111.58637237548828 -2.482086420059204
524.4959716796875 109.13546752929688 -2.482086420059204
521.3347778320312 106.68456268310547 -2.482086420059204
518.173583984375 104.23365783691406 -2.482086420059204
515.0123901367188 101.78275299072266 -2.482086420059204
511.8511962890625 99.33184814453125 -2.482086420059204
508.69000244140625 96.88094329833984 -2.482086420059204
505.52880859375 94.43003845214844 -2.482086420059204
502.36761474609375 91.97913360595703 -2.482086420059204
499.2064208984375 89.52822875976562 -2.482086420059204
496.04522705078125 87.07732391357422 -2.482086420059204
492.884033203125 84.62641906738281 -2.482086420059204
489.72283935546875 82.1755142211914 -2.482086420059204
486.5616455078125 79.724609375 -2.482086420059204
483.40045166015625 77.2737045288086 -2.482086420059204
480.2392578125 74.82279968261719 -2.482086420059204
477.07806396484375 72.37189483642578 -2.482086420059204
473.9168701171875 69.92098999023438 -2.482086420059204
470.75567626953125 67.47008514404297 -2.482086420059204
467.594482421875 65.01918029785156 -2.482086420059204
464.43328857421875 62.568275451660156 -2.482086420059204
464.43328857421875 62.568275451660156 -2.8820860385894775
464.43328857421875 62.568275451660156 3.0010995864868164
460.4726867675781 63.12840270996094 3.0010995864868164
456.5120849609375 63.68852996826172 3.0010995864868164
452.5514831542969 64.2486572265625 3.0010995864868164
448.59088134765625 64.80878448486328 3.0010995864868164
444.6302795410156 65.36891174316406 3.0010995864868164
440.669677734375 65.92903900146484 3.0010995864868164
436.7090759277344 66.48916625976562 3.0010995864868164
432.74847412109375 67.0492935180664 3.0010995864868164
428.7878723144531 67.60942077636719 3.0010995864868164
424.8272705078125 68.16954803466797 3.0010995864868164
420.8666687011719 68.72967529296875 3.0010995864868164
416.90606689453125 69.28980255126953 3.0010995864868164
412.9454650878906 69.84992980957031 3.0010995864868164
408.98486328125 70.4100570678711 3.0010995864868164
408.5784912109375 70.39417266845703 -2.9229729175567627
408.20361328125 70.23648834228516 -2.5638601779937744
407.9080810546875 69.95712280273438 -2.204747438430786
407.9080810546875 69.95712280273438 -2.6047470569610596
407.60137939453125 69.69007110595703 -2.2456343173980713
407.60137939453125 69.69007110595703 -2.6456339359283447
407.2840270996094 69.43577575683594 -2.2865211963653564
407.2840270996094 69.43577575683594 -2.68652081489563
406.95654296875 69.19466400146484 -2.3274080753326416
406.95654296875 69.19466400146484 -2.727407693862915
406.6194763183594 68.9671401977539 -2.3682949542999268
406.6194763183594 68.9671401977539 -2.7682945728302
406.27337646484375 68.75358581542969 -2.409181833267212
406.27337646484375 68.75358581542969 -2.8091814517974854
405.9188537597656 68.55435943603516 -2.450068712234497
405.9188537597656 68.55435943603516 -2.8500683307647705
405.55645751953125 68.36978912353516 -2.4909555912017822
405.55645751953125 68.36978912353516 -2.8909552097320557
405.18682861328125 68.20018768310547 -2.5318424701690674
404.900390625 67.9114990234375 -2.172729730606079
404.900390625 67.9114990234375 -2.5727293491363525
404.6023864746094 67.634765625 -2.2136166095733643
404.6023864746094 67.634765625 -2.6136162281036377
404.2933349609375 67.37043762207031 -2.2545034885406494
404.2933349609375 67.37043762207031 -2.654503107070923
403.9737243652344 67.11896514892578 -2.2953903675079346
403.9737243652344 67.11896514892578 -2.695389986038208
403.64410400390625 66.88076782226562 -2.3362772464752197
403.64410400390625 66.88076782226562 -2.736276865005493
403.3050231933594 66.65624237060547 -2.377164125442505
403.3050231933594 66.65624237060547 -2.7771637439727783
402.9570617675781 66.44576263427734 -2.41805100440979
402.9570617675781 66.44576263427734 -2.8180506229400635
402.60076904296875 66.24968719482422 -2.458937883377075
402.60076904296875 66.24968719482422 -2.8589375019073486
402.23675537109375 66.0683364868164 -2.4998247623443604
402.23675537109375 66.0683364868164 -2.899824380874634
401.8656311035156 65.90201568603516 -2.5407116413116455
401.8656311035156 65.90201568603516 -2.940711259841919
401.488037109375 65.75100708007812 -2.5815985202789307
401.488037109375 65.75100708007812 -2.981598138809204
401.1045837402344 65.61555480957031 -2.622485399246216
401.1045837402344 65.61555480957031 -3.0224850177764893
400.7159118652344 65.49589538574219 -2.663372278213501
400.3940734863281 65.24726867675781 -2.3042595386505127
400.3940734863281 65.24726867675781 -2.704259157180786
400.0623474121094 65.01200866699219 -2.345146417617798
400.0623474121094 65.01200866699219 -2.7451460361480713
399.7212829589844 64.7905044555664 -2.386033296585083
399.7212829589844 64.7905044555664 -2.7860329151153564
399.3714599609375 64.58312225341797 -2.426920175552368
399.3714599609375 64.58312225341797 -2.8269197940826416
399.0134582519531 64.39021301269531 -2.4678070545196533
399.0134582519531 64.39021301269531 -2.8678066730499268
398.6478576660156 64.21209716796875 -2.5086939334869385
398.6478576660156 64.21209716796875 -2.908693552017212
398.2752990722656 64.04907989501953 -2.5495808124542236
398.2752990722656 64.04907989501953 -2.949580430984497
397.8963623046875 63.901424407958984 -2.590467691421509
397.8963623046875 63.901424407958984 -2.9904673099517822
397.51171875 63.76938247680664 -2.631354570388794
397.51171875 63.76938247680664 -3.0313541889190674
397.12200927734375 63.65317153930664 -2.672241449356079
397.12200927734375 63.65317153930664 -3.0722410678863525
396.7278747558594 63.5529899597168 -2.7131283283233643
393.0894470214844 61.891090393066406 -2.7131283283233643
393.0894470214844 61.891090393066406 -3.1131279468536377
392.6915283203125 61.80710220336914 -2.7540152072906494
388.98822021484375 60.29531478881836 -2.7540152072906494
388.98822021484375 60.29531478881836 3.1291704177856445
388.58721923828125 60.2276611328125 -2.7949020862579346
384.8251953125 58.86851119995117 -2.7949020862579346
381.06317138671875 57.509361267089844 -2.7949020862579346
381.06317138671875 57.509361267089844 3.0882835388183594
380.65972900390625 57.45815658569336 -2.8357889652252197
376.8453063964844 56.2539176940918 -2.8357889652252197
376.8453063964844 56.2539176940918 3.047396659851074
376.44012451171875 56.21924591064453 -2.876675844192505
372.5796813964844 55.17192840576172 -2.876675844192505
372.5796813964844 55.17192840576172 3.006509780883789
372.17340087890625 55.153846740722656 -2.91756272315979
368.2733459472656 54.26520538330078 -2.91756272315979
364.373291015625 53.376564025878906 -2.91756272315979
364.373291015625 53.376564025878906 2.965622901916504
363.96661376953125 53.37510681152344 -2.958449602127075
360.03350830078125 52.64662170410156 -2.958449602127075
360.03350830078125 52.64662170410156 2.9247360229492188
359.6271057128906 52.66178894042969 -2.9993364810943604
355.6675109863281 52.09468078613281 -2.9993364810943604
351.7079162597656 51.52757263183594 -2.9993364810943604
347.7483215332031 50.96046447753906 -2.9993364810943604
347.7483215332031 50.96046447753906 2.8838491439819336
347.3428955078125 50.99222946166992 -3.0402233600616455
343.3634338378906 50.58744812011719 -3.0402233600616455
339.38397216796875 50.18266677856445 -3.0402233600616455
339.38397216796875 50.18266677856445 2.8429622650146484
338.98016357421875 50.23097610473633 -3.0811102390289307
334.98748779296875 49.989192962646484 -3.0811102390289307
334.98748779296875 49.989192962646484 2.8020753860473633
334.58599853515625 50.05397033691406 -3.121997117996216
330.5867614746094 49.97559356689453 -3.121997117996216
326.5875244140625 49.897216796875 -3.121997117996216
322.5882873535156 49.81884002685547 -3.121997117996216
318.58905029296875 49.74046325683594 -3.121997117996216
318.58905029296875 49.74046325683594 2.7611887454986572
318.1905517578125 49.82159423828125 3.1203014850616455
314.19146728515625 49.90675354003906 3.1203014850616455
310.1923828125 49.991912841796875 3.1203014850616455
306.19329833984375 50.07707214355469 3.1203014850616455
302.1942138671875 50.1622314453125 3.1203014850616455
298.19512939453125 50.24739074707031 3.1203014850616455
298.19512939453125 50.24739074707031 2.720301866531372
297.8002624511719 50.34474563598633 3.0794146060943604
293.8079833984375 50.59329605102539 3.0794146060943604
289.8157043457031 50.84184646606445 3.0794146060943604
285.82342529296875 51.090396881103516 3.0794146060943604
285.82342529296875 51.090396881103516 2.679414987564087
285.4328918457031 51.20380783081055 3.038527727127075
281.4541320800781 51.61533737182617 3.038527727127075
277.4753723144531 52.0268669128418 3.038527727127075
273.4966125488281 52.43839645385742 3.038527727127075
269.5178527832031 52.84992599487305 3.038527727127075
265.5390930175781 53.26145553588867 3.038527727127075
261.5603332519531 53.6729850769043 3.038527727127075
257.5815734863281 54.08451461791992 3.038527727127075
253.60279846191406 54.49604415893555 3.038527727127075
249.6240234375 54.90757369995117 3.038527727127075
245.64524841308594 55.3191032409668 3.038527727127075
241.66647338867188 55.73063278198242 3.038527727127075
237.6876983642578 56.14216232299805 3.038527727127075
233.70892333984375 56.55369186401367 3.038527727127075
229.7301483154297 56.9652214050293 3.038527727127075
225.75137329101562 57.37675094604492 3.038527727127075
221.77259826660156 57.78828048706055 3.038527727127075
217.7938232421875 58.19981002807617 3.038527727127075
213.81504821777344 58.6113395690918 3.038527727127075
209.83627319335938 59.02286911010742 3.038527727127075
205.8574981689453 59.43439865112305 3.038527727127075
201.87872314453125 59.84592819213867 3.038527727127075
197.8999481201172 60.2574577331543 3.038527727127075
193.92117309570312 60.66898727416992 3.038527727127075
189.94239807128906 61.08051681518555 3.038527727127075
185.963623046875 61.49204635620117 3.038527727127075
181.98484802246094 61.9035758972168 3.038527727127075
178.00607299804688 62.31510543823242 3.038527727127075
174.0272979736328 62.72663497924805 3.038527727127075
170.04852294921875 63.13816452026367 3.038527727127075
166.0697479248047 63.5496940612793 3.038527727127075
162.09097290039062 63.96122360229492 3.038527727127075
158.11219787597656 64.37275695800781 3.038527727127075
154.1334228515625 64.78428649902344 3.038527727127075
150.15464782714844 65.19581604003906 3.038527727127075
146.17587280273438 65.60734558105469 3.038527727127075
142.1970977783203 66.01887512207031 3.038527727127075
138.21832275390625 66.43040466308594 3.038527727127075
134.2395477294922 66.84193420410156 3.038527727127075
130.26077270507812 67.25346374511719 3.038527727127075
126.28199768066406 67.66499328613281 3.038527727127075
122.30322265625 68.07652282714844 3.038527727127075
118.32444763183594 68.48805236816406 3.038527727127075
114.34567260742188 68.89958190917969 3.038527727127075
110.36689758300781 69.31111145019531 3.038527727127075
106.38812255859375 69.72264099121094 3.038527727127075
102.40934753417969 70.13417053222656 3.038527727127075
98.43057250976562 70.54570007324219 3.038527727127075
94.45179748535156 70.95722961425781 3.038527727127075
90.4730224609375 71.36875915527344 3.038527727127075
90.06753540039062 71.33768463134766 -2.885544776916504
86.19794464111328 70.32464599609375 -2.885544776916504
82.32835388183594 69.31160736083984 -2.885544776916504
78.4587631225586 68.29856872558594 -2.885544776916504
74.58917236328125 67.28553009033203 -2.885544776916504
70.7195816040039 66.27249145507812 -2.885544776916504
66.84999084472656 65.25945281982422 -2.885544776916504
62.98039627075195 64.24641418457031 -2.885544776916504
59.110801696777344 63.233375549316406 -2.885544776916504
55.241207122802734 62.2203369140625 -2.885544776916504
51.371612548828125 61.207298278808594 -2.885544776916504
47.502017974853516 60.19425964355469 -2.885544776916504
47.13331604003906 60.02265930175781 -2.5264320373535156
43.86659240722656 57.71430206298828 -2.5264320373535156
40.59986877441406 55.40594482421875 -2.5264320373535156
40.31499481201172 55.1157112121582 -2.1673192977905273
38.06791687011719 51.80653381347656 -2.1673192977905273
35.820838928222656 48.49736022949219 -2.1673192977905273
33.573760986328125 45.18818664550781 -2.1673192977905273
31.326683044433594 41.87901306152344 -2.1673192977905273
29.079605102539062 38.56983947753906 -2.1673192977905273
26.83252716064453 35.26066589355469 -2.1673192977905273
24.58544921875 31.95149040222168 -2.1673192977905273
22.33837127685547 28.642314910888672 -2.1673192977905273
20.091293334960938 25.333139419555664 -2.1673192977905273
17.844215393066406 22.023963928222656 -2.1673192977905273
17.844215393066406 22.023963928222656 -2.1673192977905273
17.844215393066406 22.023963928222656 -2.1673192977905273
17.844215393066406 22.023963928222656 -2.1673192977905273
17.844215393066406 22.023963928222656 -2.1673192977905273
17.844215393066406 22.023963928222656 -2.1673192977905273
17.844215393066406 22.023963928222656 -2.1673192977905273
17.844215393066406 22.023963928222656 -2.1673192977905273
17.844215393066406 22.023963928222656 -2.1673192977905273
17.844215393066406 22.023963928222656 -2.1673192977905273
17.844215393066406 22.023963928222656 -2.1673192977905273
