62.828426361083984 452.82843017578125 0.7853981852531433
65.65685272216797 455.6568603515625 0.7853981852531433
68.48528289794922 458.48529052734375 0.7853981852531433
71.31371307373047 461.313720703125 0.7853981852531433
74.14214324951172 464.14215087890625 0.7853981852531433
76.97057342529297 466.9705810546875 0.7853981852531433
79.79900360107422 469.79901123046875 0.7853981852531433
82.62743377685547 472.62744140625 0.7853981852531433
85.45586395263672 475.45587158203125 0.7853981852531433
88.28429412841797 478.2843017578125 0.7853981852531433
91.11272430419922 481.11273193359375 0.7853981852531433
93.94115447998047 483.941162109375 0.7853981852531433
96.76958465576172 486.76959228515625 0.7853981852531433
99.59801483154297 489.5980224609375 0.7853981852531433
102.42644500732422 492.42645263671875 0.7853981852531433
105.25487518310547 495.2548828125 0.7853981852531433
108.08330535888672 498.08331298828125 0.7853981852531433
110.91173553466797 500.9117431640625 0.7853981852531433
113.74016571044922 503.74017333984375 0.7853981852531433
116.56859588623047 506.568603515625 0.7853981852531433
119.39702606201172 509.39703369140625 0.7853981852531433
122.22545623779297 512.2254638671875 0.7853981852531433
125.05388641357422 515.0538940429688 0.7853981852531433
127.88231658935547 517.88232421875 0.7853981852531433
130.7107391357422 520.7107543945312 0.7853981852531433
133.53916931152344 523.5391845703125 0.7853981852531433
136.3675994873047 526.3676147460938 0.7853981852531433
139.19602966308594 529.196044921875 0.7853981852531433
142.0244598388672 532.0244750976562 0.7853981852531433
144.85289001464844 534.8529052734375 0.7853981852531433
144.8529052734375 534.8529052734375 0.38539934158325195
148.5594940185547 536.3566284179688 0.38539934158325195
152.26608276367188 537.8603515625 0.38539934158325195
155.97267150878906 539.3640747070312 0.38539934158325195
155.97268676757812 539.3640747070312 -0.014599502086639404
159.97225952148438 539.3056640625 -0.014599502086639404
163.97183227539062 539.2472534179688 -0.014599502086639404
167.97140502929688 539.1888427734375 -0.014599502086639404
171.97097778320312 539.1304321289062 -0.014599502086639404
175.97055053710938 539.072021484375 -0.014599502086639404
179.97012329101562 539.0136108398438 -0.014599502086639404
179.9701385498047 539.0136108398438 -0.41459834575653076
183.63125610351562 537.40234375 -0.41459834575653076
187.29237365722656 535.7910766601562 -0.41459834575653076
190.9534912109375 534.1798095703125 -0.41459834575653076
194.61460876464844 532.5685424804688 -0.41459834575653076
198.27572631835938 530.957275390625 -0.41459834575653076
201.9368438720703 529.3460083007812 -0.41459834575653076
201.93685913085938 529.3460083007812 -0.8145971894264221
204.68150329589844 526.4362182617188 -0.8145971894264221
207.4261474609375 523.5264282226562 -0.8145971894264221
210.17079162597656 520.6166381835938 -0.8145971894264221
212.91543579101562 517.7068481445312 -0.8145971894264221
215.6600799560547 514.7970581054688 -0.8145971894264221
218.40472412109375 511.88726806640625 -0.8145971894264221
221.1493682861328 508.97747802734375 -0.8145971894264221
223.89401245117188 506.06768798828125 -0.8145971894264221
226.63865661621094 503.15789794921875 -0.8145971894264221
229.38330078125 500.24810791015625 -0.8145971894264221
232.12794494628906 497.33831787109375 -0.8145971894264221
234.87258911132812 494.42852783203125 -0.8145971894264221
237.6172332763672 491.51873779296875 -0.8145971894264221
240.36187744140625 488.60894775390625 -0.8145971894264221
243.1065216064453 485.69915771484375 -0.8145971894264221
245.85116577148438 482.78936767578125 -0.8145971894264221
248.59580993652344 479.87957763671875 -0.8145971894264221
251.3404541015625 476.96978759765625 -0.8145971894264221
254.08509826660156 474.05999755859375 -0.8145971894264221
256.8297424316406 471.15020751953125 -0.8145971894264221
259.57440185546875 468.24041748046875 -0.8145971894264221
262.3190612792969 465.33062744140625 -0.8145971894264221
265.063720703125 462.42083740234375 -0.8145971894264221
267.8083801269531 459.51104736328125 -0.8145971894264221
270.55303955078125 456.60125732421875 -0.8145971894264221
273.2976989746094 453.69146728515625 -0.8145971894264221
276.0423583984375 450.78167724609375 -0.8145971894264221
278.7870178222656 447.87188720703125 -0.8145971894264221
278.9468994140625 447.75665283203125 -0.43442514538764954
279.1378479003906 447.70904541015625 -0.054224997758865356
283.1319580078125 447.49224853515625 -0.054224997758865356
287.1260681152344 447.27545166015625 -0.054224997758865356
291.12017822265625 447.05865478515625 -0.054224997758865356
295.1142883300781 446.84185791015625 -0.054224997758865356
299.1083984375 446.62506103515625 -0.054224997758865356
299.30340576171875 446.6517333984375 0.3259751498699188
303.0927734375 447.93267822265625 0.3259751498699188
306.88214111328125 449.213623046875 0.3259751498699188
310.6715087890625 450.49456787109375 0.3259751498699188
314.46087646484375 451.7755126953125 0.3259751498699188
318.250244140625 453.05645751953125 0.3259751498699188
318.4214172363281 453.153564453125 0.7061753273010254
318.4214172363281 453.153564453125 0.30617648363113403
318.594482421875 453.2472839355469 0.6863766312599182
318.594482421875 453.2472839355469 0.28637778759002686
318.7693786621094 453.3375549316406 0.666577935218811
318.7693786621094 453.3375549316406 0.2665790915489197
318.9460144042969 453.4243469238281 0.6467792391777039
318.9460144042969 453.4243469238281 0.2467803955078125
319.12432861328125 453.50762939453125 0.6269805431365967
319.12432861328125 453.50762939453125 0.22698169946670532
319.30426025390625 453.58734130859375 0.6071818470954895
319.30426025390625 453.58734130859375 0.20718300342559814
319.4857482910156 453.6634826660156 0.5873831510543823
319.4857482910156 453.6634826660156 0.18738430738449097
319.668701171875 453.73602294921875 0.5675844550132751
319.668701171875 453.73602294921875 0.1675856113433838
319.8530578613281 453.804931640625 0.547785758972168
319.8530578613281 453.804931640625 0.1477869153022766
320.0387268066406 453.87017822265625 0.5279870629310608
323.4940185546875 455.8853454589844 0.5279870629310608
326.9493103027344 457.9005126953125 0.5279870629310608
330.40460205078125 459.9156799316406 0.5279870629310608
333.8598937988281 461.93084716796875 0.5279870629310608
337.315185546875 463.9460144042969 0.5279870629310608
340.7704772949219 465.961181640625 0.5279870629310608
344.22576904296875 467.9763488769531 0.5279870629310608
347.6810607910156 469.99151611328125 0.5279870629310608
351.1363525390625 472.0066833496094 0.5279870629310608
354.5916442871094 474.0218505859375 0.5279870629310608
358.04693603515625 476.0370178222656 0.5279870629310608
361.5022277832031 478.05218505859375 0.5279870629310608
364.95751953125 480.0673522949219 0.5279870629310608
368.4128112792969 482.08251953125 0.5279870629310608
371.86810302734375 484.0976867675781 0.5279870629310608
375.3233947753906 486.11285400390625 0.5279870629310608
378.7786865234375 488.1280212402344 0.5279870629310608
382.2339782714844 490.1431884765625 0.5279870629310608
385.68927001953125 492.1583557128906 0.5279870629310608
389.1445617675781 494.17352294921875 0.5279870629310608
392.599853515625 496.1886901855469 0.5279870629310608
396.0551452636719 498.203857421875 0.5279870629310608
399.51043701171875 500.2190246582031 0.5279870629310608
402.9657287597656 502.23419189453125 0.5279870629310608
406.4210205078125 504.2493591308594 0.5279870629310608
409.8763122558594 506.2645263671875 0.5279870629310608
413.33160400390625 508.2796936035156 0.5279870629310608
416.7868957519531 510.29486083984375 0.5279870629310608
420.2421875 512.31005859375 0.5279870629310608
423.6974792480469 514.3252563476562 0.5279870629310608
427.15277099609375 516.3404541015625 0.5279870629310608
430.6080627441406 518.3556518554688 0.5279870629310608
434.0633544921875 520.370849609375 0.5279870629310608
437.5186462402344 522.3860473632812 0.5279870629310608
440.97393798828125 524.4012451171875 0.5279870629310608
444.4292297363281 526.4164428710938 0.5279870629310608
447.884521484375 528.431640625 0.5279870629310608
451.3398132324219 530.4468383789062 0.5279870629310608
454.79510498046875 532.4620361328125 0.5279870629310608
458.2503967285156 534.4772338867188 0.5279870629310608
461.7056884765625 536.492431640625 0.5279870629310608
465.1609802246094 538.5076293945312 0.5279870629310608
468.61627197265625 540.5228271484375 0.5279870629310608
472.0715637207031 542.5380249023438 0.5279870629310608
472.0715637207031 542.5380249023438 0.12798821926116943
476.0388488769531 543.048583984375 0.12798821926116943
480.0061340332031 543.5591430664062 0.12798821926116943
483.9734191894531 544.0697021484375 0.12798821926116943
487.9407043457031 544.5802612304688 0.12798821926116943
491.9079895019531 545.0908203125 0.12798821926116943
495.8752746582031 545.6013793945312 0.12798821926116943
499.8425598144531 546.1119384765625 0.12798821926116943
503.8098449707031 546.6224975585938 0.12798821926116943
503.8098449707031 546.6224975585938 -0.2720106244087219
507.66278076171875 545.5478515625 -0.2720106244087219
511.5157165527344 544.4732055664062 -0.2720106244087219
515.36865234375 543.3985595703125 -0.2720106244087219
519.2215576171875 542.3239135742188 -0.2720106244087219
523.074462890625 541.249267578125 -0.2720106244087219
526.9273681640625 540.1746215820312 -0.2720106244087219
530.7802734375 539.0999755859375 -0.2720106244087219
534.6331787109375 538.0253295898438 -0.2720106244087219
534.6331787109375 538.0253295898438 -0.6720094680786133
534.6331787109375 538.0253295898438 -1.0720083713531494
536.546630859375 534.5126953125 -1.0720083713531494
538.4600830078125 531.0000610351562 -1.0720083713531494
540.37353515625 527.4874267578125 -1.0720083713531494
542.2869873046875 523.9747924804688 -1.0720083713531494
542.2869873046875 523.9747924804688 -1.4720072746276855
542.6815185546875 519.9943237304688 -1.4720072746276855
543.0760498046875 516.0138549804688 -1.4720072746276855
543.4705810546875 512.0333862304688 -1.4720072746276855
543.8651123046875 508.0528869628906 -1.4720072746276855
544.2596435546875 504.0723876953125 -1.4720072746276855
544.6541748046875 500.0918884277344 -1.4720072746276855
545.0487060546875 496.11138916015625 -1.4720072746276855
545.4432373046875 492.1308898925781 -1.4720072746276855
545.4432373046875 492.1308898925781 -1.8720061779022217
544.2565307617188 488.31097412109375 -1.8720061779022217
543.06982421875 484.4910583496094 -1.8720061779022217
541.8831176757812 480.671142578125 -1.8720061779022217
540.6964111328125 476.8512268066406 -1.8720061779022217
539.5097045898438 473.03131103515625 -1.8720061779022217
539.5097045898438 473.03131103515625 -2.272005081176758
536.9291381835938 469.9750671386719 -2.272005081176758
534.3485717773438 466.9188232421875 -2.272005081176758
531.7680053710938 463.8625793457031 -2.272005081176758
529.1874389648438 460.80633544921875 -2.272005081176758
526.6068725585938 457.7500915527344 -2.272005081176758
524.0263061523438 454.69384765625 -2.272005081176758
521.4457397460938 451.6376037597656 -2.272005081176758
518.8651733398438 448.58135986328125 -2.272005081176758
516.2846069335938 445.5251159667969 -2.272005081176758
513.7040405273438 442.4688720703125 -2.272005081176758
511.12347412109375 439.4126281738281 -2.272005081176758
511.12347412109375 439.4126281738281 -2.672003984451294
507.55645751953125 437.6025390625 -2.672003984451294
503.98944091796875 435.7924499511719 -2.672003984451294
500.42242431640625 433.98236083984375 -2.672003984451294
496.85540771484375 432.1722717285156 -2.672003984451294
493.28839111328125 430.3621826171875 -2.672003984451294
489.72137451171875 428.5520935058594 -2.672003984451294
486.15435791015625 426.74200439453125 -2.672003984451294
482.58734130859375 424.9319152832031 -2.672003984451294
479.02032470703125 423.121826171875 -2.672003984451294
475.45330810546875 421.3117370605469 -2.672003984451294
471.88629150390625 419.50164794921875 -2.672003984451294
468.31927490234375 417.6915588378906 -2.672003984451294
464.75225830078125 415.8814697265625 -2.672003984451294
461.18524169921875 414.0713806152344 -2.672003984451294
457.61822509765625 412.26129150390625 -2.672003984451294
454.05120849609375 410.4512023925781 -2.672003984451294
450.48419189453125 408.64111328125 -2.672003984451294
446.91717529296875 406.8310241699219 -2.672003984451294
443.35015869140625 405.02093505859375 -2.672003984451294
439.78314208984375 403.2108459472656 -2.672003984451294
436.21612548828125 401.4007568359375 -2.672003984451294
432.64910888671875 399.5906677246094 -2.672003984451294
429.08209228515625 397.78057861328125 -2.672003984451294
425.51507568359375 395.9704895019531 -2.672003984451294
421.94805908203125 394.160400390625 -2.672003984451294
418.38104248046875 392.3503112792969 -2.672003984451294
414.81402587890625 390.54022216796875 -2.672003984451294
411.24700927734375 388.7301330566406 -2.672003984451294
407.67999267578125 386.9200439453125 -2.672003984451294
404.11297607421875 385.1099548339844 -2.672003984451294
400.54595947265625 383.29986572265625 -2.672003984451294
396.97894287109375 381.4897766113281 -2.672003984451294
393.41192626953125 379.6796875 -2.672003984451294
389.84490966796875 377.8695983886719 -2.672003984451294
386.27789306640625 376.05950927734375 -2.672003984451294
382.71087646484375 374.2494201660156 -2.672003984451294
379.14385986328125 372.4393310546875 -2.672003984451294
375.57684326171875 370.6292419433594 -2.672003984451294
372.00982666015625 368.81915283203125 -2.672003984451294
368.44281005859375 367.0090637207031 -2.672003984451294
364.87579345703125 365.198974609375 -2.672003984451294
361.30877685546875 363.3888854980469 -2.672003984451294
357.74176025390625 361.57879638671875 -2.672003984451294
354.17474365234375 359.7687072753906 -2.672003984451294
350.60772705078125 357.9586181640625 -2.672003984451294
347.04071044921875 356.1485290527344 -2.672003984451294
343.47369384765625 354.33843994140625 -2.672003984451294
339.90667724609375 352.5283508300781 -2.672003984451294
336.33966064453125 350.71826171875 -2.672003984451294
332.77264404296875 348.9081726074219 -2.672003984451294
329.20562744140625 347.09808349609375 -2.672003984451294
325.63861083984375 345.2879943847656 -2.672003984451294
322.07159423828125 343.4779052734375 -2.672003984451294
318.50457763671875 341.6678161621094 -2.672003984451294
314.93756103515625 339.85772705078125 -2.672003984451294
311.37054443359375 338.0476379394531 -2.672003984451294
307.80352783203125 336.237548828125 -2.672003984451294
304.23651123046875 334.4274597167969 -2.672003984451294
300.66949462890625 332.61737060546875 -2.672003984451294
297.10247802734375 330.8072814941406 -2.672003984451294
293.53546142578125 328.9971923828125 -2.672003984451294
289.96844482421875 327.1871032714844 -2.672003984451294
286.40142822265625 325.37701416015625 -2.672003984451294
282.83441162109375 323.5669250488281 -2.672003984451294
279.26739501953125 321.7568359375 -2.672003984451294
275.70037841796875 319.9467468261719 -2.672003984451294
272.13336181640625 318.13665771484375 -2.672003984451294
271.97784423828125 318.01605224609375 -2.2918038368225098
269.3372802734375 315.011474609375 -2.2918038368225098
266.69671630859375 312.00689697265625 -2.2918038368225098
264.05615234375 309.0023193359375 -2.2918038368225098
261.41558837890625 305.99774169921875 -2.2918038368225098
258.7750244140625 302.9931640625 -2.2918038368225098
256.13446044921875 299.98858642578125 -2.2918038368225098
253.493896484375 296.9840087890625 -2.2918038368225098
250.85333251953125 293.97943115234375 -2.2918038368225098
248.2127685546875 290.974853515625 -2.2918038368225098
248.11312866210938 290.8051452636719 -1.9116036891937256
246.77613830566406 287.03521728515625 -1.9116036891937256
246.77613830566406 287.03521728515625 -2.3116025924682617
246.67315673828125 286.86749267578125 -1.9314024448394775
246.67315673828125 286.86749267578125 -2.3314013481140137
246.56686401367188 286.70184326171875 -1.9512012004852295
245.08168029785156 282.98779296875 -1.9512012004852295
243.59649658203125 279.27374267578125 -1.9512012004852295
243.55926513671875 279.0804748535156 -1.5710010528564453
243.55926513671875 279.0804748535156 -1.9709999561309814
243.51821899414062 278.88800048828125 -1.5907998085021973
243.51821899414062 278.88800048828125 -1.9907987117767334
243.47337341308594 278.6963806152344 -1.6105985641479492
243.47337341308594 278.6963806152344 -2.0105974674224854
243.42474365234375 278.50567626953125 -1.6303973197937012
243.42474365234375 278.50567626953125 -2.0303962230682373
243.37234497070312 278.31597900390625 -1.6501960754394531
243.37234497070312 278.31597900390625 -2.0501949787139893
243.31619262695312 278.1273498535156 -1.669994831085205
243.31619262695312 278.1273498535156 -2.069993734359741
243.25631713867188 277.93988037109375 -1.689793586730957
243.25631713867188 277.93988037109375 -2.089792490005493
243.1927490234375 277.7536315917969 -1.709592342376709
243.1927490234375 277.7536315917969 -2.109591245651245
243.12550354003906 277.56866455078125 -1.729391098022461
243.12550354003906 277.56866455078125 -2.129390001296997
243.0546112060547 277.38507080078125 -1.749189853668213
243.0546112060547 277.38507080078125 -2.149188756942749
242.9801025390625 277.2029113769531 -1.7689886093139648
242.9801025390625 277.2029113769531 -2.168987512588501
242.90199279785156 277.02227783203125 -1.7887873649597168
242.0369110107422 273.116943359375 -1.7887873649597168
241.1718292236328 269.21160888671875 -1.7887873649597168
240.30674743652344 265.3062744140625 -1.7887873649597168
239.44166564941406 261.40093994140625 -1.7887873649597168
238.5765838623047 257.49560546875 -1.7887873649597168
238.5710906982422 257.2988586425781 -1.4085872173309326
239.2170867919922 253.3513641357422 -1.4085872173309326
239.8630828857422 249.40386962890625 -1.4085872173309326
240.5090789794922 245.4563751220703 -1.4085872173309326
241.1550750732422 241.50888061523438 -1.4085872173309326
241.8010711669922 237.56138610839844 -1.4085872173309326
242.4470672607422 233.6138916015625 -1.4085872173309326
243.0930633544922 229.66639709472656 -1.4085872173309326
243.7390594482422 225.71890258789062 -1.4085872173309326
244.3850555419922 221.7714080810547 -1.4085872173309326
245.0310516357422 217.82391357421875 -1.4085872173309326
245.6770477294922 213.8764190673828 -1.4085872173309326
246.3230438232422 209.92892456054688 -1.4085872173309326
246.9690399169922 205.98143005371094 -1.4085872173309326
247.6150360107422 202.033935546875 -1.4085872173309326
247.68295288085938 201.84921264648438 -1.0283870697021484
247.81455993652344 201.702880859375 -0.6481869220733643
251.00328063964844 199.2879180908203 -0.6481869220733643
254.19200134277344 196.87295532226562 -0.6481869220733643
257.3807067871094 194.45799255371094 -0.6481869220733643
260.5694274902344 192.04302978515625 -0.6481869220733643
260.7459411621094 191.95599365234375 -0.26798680424690247
264.6031799316406 190.89683532714844 -0.26798680424690247
268.4604187011719 189.83767700195312 -0.26798680424690247
272.3176574707031 188.7785186767578 -0.26798680424690247
276.1748962402344 187.7193603515625 -0.26798680424690247
280.0321350097656 186.6602020263672 -0.26798680424690247
283.8893737792969 185.60104370117188 -0.26798680424690247
287.7466125488281 184.54188537597656 -0.26798680424690247
291.6038513183594 183.48272705078125 -0.26798680424690247
295.4610900878906 182.42356872558594 -0.26798680424690247
299.3183288574219 181.36441040039062 -0.26798680424690247
303.1755676269531 180.3052520751953 -0.26798680424690247
307.0328063964844 179.24609375 -0.26798680424690247
310.8900451660156 178.1869354248047 -0.26798680424690247
314.7472839355469 177.12777709960938 -0.26798680424690247
318.6045227050781 176.06861877441406 -0.26798680424690247
322.4617614746094 175.00946044921875 -0.26798680424690247
326.3190002441406 173.95030212402344 -0.26798680424690247
330.1762390136719 172.89114379882812 -0.26798680424690247
334.0334777832031 171.8319854736328 -0.26798680424690247
337.8907165527344 170.7728271484375 -0.26798680424690247
341.7479553222656 169.7136688232422 -0.26798680424690247
345.6051940917969 168.65451049804688 -0.26798680424690247
349.4624328613281 167.59535217285156 -0.26798680424690247
353.3196716308594 166.53619384765625 -0.26798680424690247
357.1769104003906 165.47703552246094 -0.26798680424690247
361.0341491699219 164.41787719726562 -0.26798680424690247
364.8913879394531 163.3587188720703 -0.26798680424690247
368.7486267089844 162.299560546875 -0.26798680424690247
372.6058654785156 161.2404022216797 -0.26798680424690247
376.4631042480469 160.18124389648438 -0.26798680424690247
380.3203430175781 159.12208557128906 -0.26798680424690247
384.1775817871094 158.06292724609375 -0.26798680424690247
388.0348205566406 157.00376892089844 -0.26798680424690247
391.8920593261719 155.94461059570312 -0.26798680424690247
395.7492980957031 154.8854522705078 -0.26798680424690247
399.6065368652344 153.8262939453125 -0.26798680424690247
403.4637756347656 152.7671356201172 -0.26798680424690247
407.3210144042969 151.70797729492188 -0.26798680424690247
411.1782531738281 150.64881896972656 -0.26798680424690247
415.0354919433594 149.58966064453125 -0.26798680424690247
418.8927307128906 148.53050231933594 -0.26798680424690247
422.7499694824219 147.47134399414062 -0.26798680424690247
426.6072082519531 146.4121856689453 -0.26798680424690247
430.4644470214844 145.35302734375 -0.26798680424690247
434.3216857910156 144.2938690185547 -0.26798680424690247
438.1789245605469 143.23471069335938 -0.26798680424690247
442.0361633300781 142.17555236816406 -0.26798680424690247
445.8934020996094 141.11639404296875 -0.26798680424690247
449.7506408691406 140.05723571777344 -0.26798680424690247
453.6078796386719 138.99807739257812 -0.26798680424690247
457.4651184082031 137.9389190673828 -0.26798680424690247
461.3223571777344 136.8797607421875 -0.26798680424690247
465.1795959472656 135.8206024169922 -0.26798680424690247
469.0368347167969 134.76144409179688 -0.26798680424690247
472.8940734863281 133.70228576660156 -0.26798680424690247
476.7513122558594 132.64312744140625 -0.26798680424690247
480.6085510253906 131.58396911621094 -0.26798680424690247
484.4657897949219 130.52481079101562 -0.26798680424690247
488.3230285644531 129.4656524658203 -0.26798680424690247
492.1802673339844 128.406494140625 -0.26798680424690247
496.0375061035156 127.34732818603516 -0.26798680424690247
499.8947448730469 126.28816223144531 -0.26798680424690247
503.7519836425781 125.22899627685547 -0.26798680424690247
507.6092224121094 124.16983032226562 -0.26798680424690247
511.4664611816406 123.11066436767578 -0.26798680424690247
515.3236694335938 122.05149841308594 -0.26798680424690247
519.180908203125 120.9923324584961 -0.26798680424690247
523.0381469726562 119.93316650390625 -0.26798680424690247
526.8953857421875 118.8740005493164 -0.26798680424690247
530.7526245117188 117.81483459472656 -0.26798680424690247
534.60986328125 116.75566864013672 -0.26798680424690247
534.60986328125 116.75566101074219 -0.6679856777191162
534.60986328125 116.75565338134766 -1.0679845809936523
536.5374145507812 113.250732421875 -1.0679845809936523
538.4649658203125 109.74581146240234 -1.0679845809936523
540.3925170898438 106.24089050292969 -1.0679845809936523
542.320068359375 102.73596954345703 -1.0679845809936523
542.320068359375 102.7359619140625 -1.4679834842681885
542.7305908203125 98.75708770751953 -1.4679834842681885
543.14111328125 94.77821350097656 -1.4679834842681885
543.5516357421875 90.7993392944336 -1.4679834842681885
543.962158203125 86.82046508789062 -1.4679834842681885
544.3726806640625 82.84159088134766 -1.4679834842681885
544.3726806640625 82.84158325195312 -1.8679823875427246
543.2013549804688 79.01692962646484 -1.8679823875427246
542.030029296875 75.19227600097656 -1.8679823875427246
540.8587036132812 71.36762237548828 -1.8679823875427246
539.6873779296875 67.54296875 -1.8679823875427246
538.5160522460938 63.71831130981445 -1.8679823875427246
538.5160522460938 63.718299865722656 -2.2679812908172607
538.5160522460938 63.718292236328125 -2.667980194091797
534.9563598632812 61.89387512207031 -2.667980194091797
531.3966674804688 60.0694580078125 -2.667980194091797
527.8369750976562 58.24504089355469 -2.667980194091797
524.2772827148438 56.420623779296875 -2.667980194091797
520.7175903320312 54.59620666503906 -2.667980194091797
520.7175903320312 54.5962028503418 -3.067979097366333
516.7283935546875 54.3020133972168 -3.067979097366333
512.7391967773438 54.0078239440918 -3.067979097366333
508.7500305175781 53.7136344909668 -3.067979097366333
504.7608642578125 53.4194450378418 -3.067979097366333
500.7716979980469 53.1252555847168 -3.067979097366333
496.78253173828125 52.8310661315918 -3.067979097366333
492.7933654785156 52.5368766784668 -3.067979097366333
488.80419921875 52.2426872253418 -3.067979097366333
484.8150329589844 51.9484977722168 -3.067979097366333
480.82586669921875 51.6543083190918 -3.067979097366333
476.8367004394531 51.3601188659668 -3.067979097366333
472.8475341796875 51.0659294128418 -3.067979097366333
468.8583679199219 50.7717399597168 -3.067979097366333
464.86920166015625 50.4775505065918 -3.067979097366333
460.8800354003906 50.1833610534668 -3.067979097366333
456.890869140625 49.8891716003418 -3.067979097366333
452.9017028808594 49.5949821472168 -3.067979097366333
448.91253662109375 49.3007926940918 -3.067979097366333
444.9233703613281 49.0066032409668 -3.067979097366333
440.9342041015625 48.7124137878418 -3.067979097366333
436.9450378417969 48.4182243347168 -3.067979097366333
432.95587158203125 48.1240348815918 -3.067979097366333
428.9667053222656 47.8298454284668 -3.067979097366333
424.9775390625 47.5356559753418 -3.067979097366333
420.9883728027344 47.2414665222168 -3.067979097366333
416.99920654296875 46.9472770690918 -3.067979097366333
413.0100402832031 46.6530876159668 -3.067979097366333
409.0208740234375 46.3588981628418 -3.067979097366333
405.0317077636719 46.0647087097168 -3.067979097366333
401.04254150390625 45.7705192565918 -3.067979097366333
397.0533752441406 45.4763298034668 -3.067979097366333
393.064208984375 45.1821403503418 -3.067979097366333
389.0750427246094 44.8879508972168 -3.067979097366333
385.08587646484375 44.5937614440918 -3.067979097366333
381.0967102050781 44.2995719909668 -3.067979097366333
377.1075439453125 44.0053825378418 -3.067979097366333
373.1183776855469 43.7111930847168 -3.067979097366333
369.12921142578125 43.4170036315918 -3.067979097366333
365.1400451660156 43.1228141784668 -3.067979097366333
361.15087890625 42.8286247253418 -3.067979097366333
357.1617126464844 42.5344352722168 -3.067979097366333
353.17254638671875 42.2402458190918 -3.067979097366333
353.17254638671875 42.2402458190918 2.8152072429656982
349.38372802734375 43.52273178100586 2.8152072429656982
345.6073913574219 44.79801559448242 2.8166205883026123
345.4123840332031 44.82447814941406 -3.086364507675171
341.4184875488281 44.60367965698242 -3.086364507675171
337.4245910644531 44.38288116455078 -3.086364507675171
333.4306945800781 44.16208267211914 -3.086364507675171
333.4306945800781 44.16208267211914 2.7968218326568604
333.2362365722656 44.19240188598633 -3.106163263320923
329.2387390136719 44.05071258544922 -3.106163263320923
325.2412414550781 43.90902328491211 -3.106163501739502
325.2412414550781 43.90902328491211 2.7770228385925293
325.04718017578125 43.943233489990234 -3.125988483428955
321.04766845703125 43.880821228027344 -3.125988483428955
317.04815673828125 43.81840896606445 -3.125988483428955
313.04864501953125 43.75599670410156 -3.125988483428955
309.04913330078125 43.69358444213867 -3.125988483428955
305.04962158203125 43.63117218017578 -3.125988483428955
301.05010986328125 43.56875991821289 -3.125988483428955
297.05059814453125 43.50634765625 -3.125988483428955
293.05108642578125 43.44393539428711 -3.125988483428955
289.05157470703125 43.38152313232422 -3.125988483428955
285.05206298828125 43.31911087036133 -3.125988483428955
281.05255126953125 43.25669860839844 -3.1259889602661133
281.05255126953125 43.2567024230957 2.757197380065918
277.3444519042969 44.75669860839844 2.757197380065918
273.6363525390625 46.25669479370117 2.757197380065918
269.9282531738281 47.756690979003906 2.757197380065918
266.22015380859375 49.25668716430664 2.757197380065918
262.5120544433594 50.756683349609375 2.757197380065918
258.803955078125 52.25667953491211 2.757197380065918
255.09585571289062 53.756675720214844 2.757197380065918
251.38775634765625 55.25667190551758 2.757197380065918
247.67965698242188 56.75666809082031 2.757197380065918
243.9715576171875 58.25666427612305 2.757197380065918
240.26345825195312 59.75666046142578 2.757197380065918
236.55535888671875 61.256656646728516 2.757197380065918
236.36224365234375 61.294654846191406 3.137397050857544
232.36227416992188 61.31143569946289 3.137397050857544
228.3623046875 61.328216552734375 3.137397050857544
224.36233520507812 61.34499740600586 3.137397050857544
220.36236572265625 61.361778259277344 3.137397050857544
216.36239624023438 61.37855911254883 3.137397050857544
212.3624267578125 61.39533996582031 3.137397050857544
208.36245727539062 61.4121208190918 3.137397050857544
204.36248779296875 61.42890167236328 3.137397050857544
200.36251831054688 61.445682525634766 3.137397050857544
196.362548828125 61.46246337890625 3.137397050857544
192.36257934570312 61.479244232177734 3.137397050857544
188.36260986328125 61.49602508544922 3.137397050857544
184.36264038085938 61.5128059387207 3.137397050857544
180.3626708984375 61.52958679199219 3.137397050857544
176.36270141601562 61.54636764526367 3.137397050857544
172.36273193359375 61.563148498535156 3.137397050857544
168.36276245117188 61.57992935180664 3.137397050857544
164.36279296875 61.596710205078125 3.137397050857544
160.36282348632812 61.61349105834961 3.137397050857544
156.36285400390625 61.630271911621094 3.137397050857544
152.36288452148438 61.64705276489258 3.137397050857544
148.3629150390625 61.66383361816406 3.137397050857544
144.36294555664062 61.68061447143555 3.137397050857544
140.36297607421875 61.69739532470703 3.137397050857544
136.36300659179688 61.714176177978516 3.137397050857544
132.363037109375 61.73095703125 3.137397050857544
128.36306762695312 61.747737884521484 3.137397050857544
124.36310577392578 61.76451873779297 3.137397050857544
120.36314392089844 61.78129959106445 3.137397050857544
116.3631820678711 61.79808044433594 3.137397050857544
112.36322021484375 61.81486129760742 3.137397050857544
108.3632583618164 61.831642150878906 3.137397050857544
104.36329650878906 61.84842300415039 3.137397050857544
100.36333465576172 61.865203857421875 3.137397050857544
96.36337280273438 61.88198471069336 3.137397050857544
92.36341094970703 61.898765563964844 3.137397050857544
88.36344909667969 61.91554641723633 3.137397050857544
84.36348724365234 61.93232727050781 3.137397050857544
80.363525390625 61.9491081237793 3.137397050857544
76.36356353759766 61.96588897705078 3.137397050857544
72.36360168457031 61.982669830322266 3.137397050857544
68.36363983154297 61.99945068359375 3.137397050857544
64.36367797851562 62.016231536865234 3.137397050857544
60.363712310791016 62.03301239013672 3.137397050857544
56.363746643066406 62.0497932434082 3.137397050857544
52.3637809753418 62.06657409667969 3.137397050857544
48.36381530761719 62.08335494995117 3.137397050857544
44.36384963989258 62.100135803222656 3.137397050857544
40.36388397216797 62.11691665649414 3.137397050857544
36.36391830444336 62.133697509765625 3.137397050857544
32.36395263671875 62.15047836303711 3.137397050857544
28.36398696899414 62.167259216308594 3.137397050857544
24.36402130126953 62.18404006958008 3.137397050857544
20.364055633544922 62.20082092285156 3.137397050857544
20.364055633544922 62.20082092285156 3.137397050857544
20.364055633544922 62.20082092285156 3.137397050857544
20.364055633544922 62.20082092285156 3.137397050857544
20.364055633544922 62.20082092285156 3.137397050857544
20.364055633544922 62.20082092285156 3.137397050857544
20.364055633544922 62.20082092285156 3.137397050857544
20.364055633544922 62.20082092285156 3.137397050857544
20.364055633544922 62.20082092285156 3.137397050857544
20.364055633544922 62.20082092285156 3.137397050857544
20.364055633544922 62.20082092285156 3.137397050857544
