-392.4367686176781
-394.76639822653215
-396.9854204684452
-399.09064149863644
-401.0790051383895
-402.9477318377801
-404.6942140631259
-406.31600471047824
-407.810897698215
-409.1768570559225
-410.4120383787402
-411.5147820670233
-412.48363490053816
-413.31731619259716
-414.0147116203083
-414.5749305942161
-414.99724450346196
-415.281082146295
-415.4260640912929
-415.43202895552025
-415.2989784623227
-415.02704494274883
-414.6166237142913
-414.0681669326264
-414.0681669326264
-414.0681669326264
-410.76034842366937
-407.4649442245255
-404.1822579867028
-400.9126021156431
-397.6562980308684
-395.6419733167651
-392.06357291658094
-388.49339684751527
-384.9316739474699
-381.3786410508015
-377.83454331146766
-374.299634540149
-370.7741775559179
-367.25844455304235
-363.7527174835224
-363.7527174835224
-359.7750079400664
-355.79779817851403
-351.8211051484241
-347.844946572197
-343.869340989491
-339.89430780472804
-335.9198673379409
-331.94604087923767
-327.97285074718826
-324.0003203514628
-320.02847426008793
-316.0573382717211
-312.08693949338334
-308.1173064241352
-304.1484690452319
-300.18045891734596
-296.2133092855124
-292.24705519251523
-288.2817336015163
-284.31738352881337
-280.3540461877111
-276.39176514460104
-272.43058648846966
-268.47055901519434
-264.51173442814684
-260.5541675568023
-256.5979165952563
-252.64304336278522
-248.68961358884772
-244.7376972252268
-240.78736878835514
-236.83870773526033
-232.89179887701704
-228.94673283411146
-225.00360653872025
-221.06252378959357
-217.1235958660278
-213.1869422083348
-209.252691173284
-205.3209808742395
-201.39196011716564
-197.4657894453731
-193.54264230786706
-189.6227063684982
-185.7061849758714
-181.79329881722157
-177.88428778331948
-174.43044778098465
-170.9498223070848
-167.44899250360382
-163.9349931755303
-160.4153178374221
-156.89794595677822
-152.90586385955928
-148.91420682622478
-144.92300997975727
-144.92300997975727
-141.36329320118557
-137.82772776270986
-134.3182208348322
-130.8368693782208
-127.3859818096491
-123.96810221576622
-120.58603735426775
-117.242886671588
-117.242886671588
-115.09853060469729
-113.05507069492427
-111.1180735187057
-109.29319972158798
-107.5861549571209
-106.00263186229205
-104.54824329087445
-103.22844752723644
-102.048466782991
-101.013200903819
-100.12713883414256
-99.39427093946759
-98.81800569868427
-98.40109448142526
-98.40109448142526
-98.40109448142526
-98.40109448142526
-98.40109448142526
-98.40109448142526
-98.40109448142526
-98.40109448142526
-98.40109448142526
-98.40109448142526
-98.40109448142526
