-392.83861260070745
-395.6972973447963
-398.57562242630917
-401.47316538979356
-404.3895131339564
-407.324261745324
-410.2770163548833
-413.2473909909103
-416.23500842860443
-419.2395000371072
-422.2605056244355
-425.29767328082255
-428.3506592209188
-431.41912762526795
-434.50275048143925
-437.6012074251642
-440.7141855817944
-443.8413794083695
-446.9824905365546
-450.1372276166848
-453.3053061631269
-456.4864484011485
-459.6803831154639
-462.8868455006061
-466.1055758558366
-469.33632403122084
-472.57884245426635
-472.57884245426635
-474.67406126798704
-476.79363094814596
-478.9372281955439
-478.9372281955439
-479.6266089861971
-480.3483106367718
-481.102187693672
-481.8880891490349
-482.7058585845147
-483.5553343185795
-484.4363495570159
-485.348732546337
-485.348732546337
-484.70434657214764
-484.09215556979444
-483.5122818286709
-483.5122818286709
-481.4632169883825
-479.4387673918802
-477.4392461617472
-475.4649677994777
-473.5162189796989
-471.59334575045875
-469.6966659051383
-467.82649802646296
-465.9831613223969
-464.16697545531554
-462.37826036446154
-460.6173360817044
-458.88452254064487
-457.1801393791239
-455.5045057352171
-453.8579400368175
-452.2407597849316
-450.65328133083716
-449.0958196472763
-447.5686880938801
-446.0721981770492
-444.60665930453865
-443.1723785350225
-441.7696603229405
-440.3988062589554
-439.0601148063775
-437.7538810339385
-436.48039634532444
-435.23994820590303
-435.11588590819326
-435.2534025725957
-436.55651674938974
-437.89229307467906
-438.28998032557445
-440.76565859477836
-443.26360646911985
-445.7834495855118
-448.32481875257815
-450.88734998393045
-453.47068452365966
-454.09695230145996
-457.5184638554428
-457.5184638554428
-458.10188284731254
-461.3548747021628
-464.6195279852334
-465.3590089819417
-465.3590089819417
-466.0664862885227
-466.0664862885227
-466.7373048889804
-466.7373048889804
-467.36703007108235
-468.1309458477842
-468.1309458477842
-468.8672470411223
-468.8672470411223
-469.5710086492368
-473.27920741142333
-476.9921217916994
-480.7096425223322
-484.4316635561597
-488.15808195385534
-491.88879777566024
-495.62371397738895
-499.3627363105257
-503.10577322623664
-506.85273578312865
-510.6035375585968
-514.3580945636061
-518.116325160762
-521.8781499855309
-525.6434918704756
-529.4122757723815
-533.1844287021482
-536.9598796573345
-540.7385595572418
-544.5204011804344
-548.3053391045909
-552.0933096485942
-555.8842508167643
-559.6781022451485
-563.4748051497825
-567.2743022768425
-571.0765378546123
-574.8814335261901
-578.6889604479813
-582.4990670221921
-586.3117029577392
-590.1268192302439
-593.9443680434447
-597.7643027919697
-601.586578025419
-605.4111494137009
-605.4111494137009
-608.4855180874314
-611.5705940650132
-614.6662161231316
-617.7722257243485
-620.8884669768753
-624.0147865944887
-627.1510338566206
-630.2970605686519
-633.452721022437
-636.6178719570854
-639.7923725200218
-639.7923725200218
-641.7845802201462
-643.7954760036791
-645.8248853041838
-647.8726341453419
-649.9385491810666
-652.0224577341328
-654.1241878333441
-656.2435470617619
-658.3804072282411
-660.5345776147906
-662.7058894173032
-662.7058894173032
-662.7058894173032
-661.8302063042058
-660.9775701118257
-660.9775701118257
-658.6881504307783
-656.4151204791419
-654.1586300554156
-651.9188723980519
-649.6960205603496
-647.4902486567643
-645.3017318353332
-645.3017318353332
-641.9918486567886
-638.6898640030514
-635.3959010137743
-632.1100850930716
-632.1100850930716
-628.1974015581139
-624.2858244630498
-620.3753747367806
-616.4660738331344
-612.5579437472228
-608.6510070324039
-604.7452868178806
-600.8408068269576
-596.9375683335612
-593.0356193101072
-589.2386694460199
-589.2386694460199
-585.3089274114968
-581.3801438484641
-577.4523383202352
-573.5255309211062
-569.599742294314
-565.6749936507215
-561.7513067882634
-557.8287041121872
-553.9072086561299
-549.9868441040672
-546.06763481318
-542.1496058376804
-538.2327829536462
-534.3171926849108
-530.4028623300633
-526.489819990612
-522.5780946003694
-518.6677159561226
-514.7587147496507
-510.8511226011609
-506.94497209421377
-503.0402968122164
-499.13713137656384
-495.23551148651524
-491.335473960896
-487.43705678172347
-483.54029913985727
-479.64524148278485
-475.7519255646562
-471.86039449869077
-467.97069281208707
-464.08286650357206
-460.19696310373735
-456.3130317383185
-452.43112319458254
-448.55128999100003
-444.6735864503891
-440.79806877673127
-436.92479513587114
-433.05382574032615
-429.1852229384481
-425.3190513081924
-421.45537775577026
-417.59427161947514
-413.73580477899634
-409.8800517705519
-406.02708990819775
-402.17699941169167
-398.3298635413202
-394.48576874012133
-390.6448047839687
-386.80706494001413
-382.9726461340215
-379.1416491271611
-375.31417870287686
-371.4903438644798
-367.6702580441702
-363.8540393242416
-360.0418106712741
-356.23370018418416
-352.42984135706166
-348.63037335779404
-344.83544132355195
-341.0451966742907
-337.2597974455082
-333.4794086415945
-329.70420261120836
-325.9343594462245
-322.1700674059144
-318.41152336814844
-317.6037504478411
-317.6037504478411
-316.8119178471626
-312.8400348324241
-312.8400348324241
-312.07008540555677
-311.24785204371034
-311.24785204371034
-310.4314513716925
-310.4314513716925
-309.62656003816664
-309.62656003816664
-308.8387512017153
-304.87580894972484
-300.9138473464851
-300.0909706686069
-300.0909706686069
-299.26956127168165
-295.2881011668044
-294.4918781469119
-294.4918781469119
-293.68126417013247
-293.68126417013247
-292.8616882098068
-288.98817985407464
-288.2343864699184
-288.2343864699184
-287.45615375277697
-287.45615375277697
-286.6586416771071
-286.6586416771071
-285.8471469083055
-285.11937656534207
-285.11937656534207
-284.3627515657247
-284.3627515657247
-283.5822273942246
-283.5822273942246
-282.78298278542604
-282.0854389749623
-282.0854389749623
-281.35476592785574
-281.35476592785574
-280.59568422064393
-280.59568422064393
-279.8132097429507
-276.2609212522509
-272.7210313135887
-272.0305772360733
-269.26743535977215
-266.53567979995535
-263.83628547828107
-261.17025583110944
-258.538623022083
-255.942448071397
-253.38282089116106
-250.86086021558265
-248.37771341406506
-245.93455617471534
-243.5325920452259
-241.17305181764416
-238.85719274320203
-236.58629756316765
-234.36167334163167
-234.02427329805013
-233.9407179452331
-234.20952791053665
-234.4020886446838
-235.97585626408176
-237.6065452731882
-239.29299198319498
-241.034013247216
-242.8284474694942
-244.67511946952607
-246.57285556809558
-248.52048597083328
-249.03517099568035
-252.01605832076822
-255.02484401155857
-258.0605522500418
-261.1222440639003
-264.209016150531
-267.3199996977214
-270.4543592076893
-273.61129133021495
-276.7900237097203
-279.98981385036325
-283.20994800251714
-286.44974007338476
-289.70853056395276
-292.98568553400975
-296.28059559653303
-299.5926749423839
-302.9213603959339
-306.26611050197425
-309.62640464402506
-313.00174219396513
-316.3916416927336
-319.795640061716
-323.21329184431136
-326.6441684770802
-330.08785758980014
-333.5439623336915
-337.0121007370325
-340.49190508734597
-343.98302133931924
-347.4851085475991
-350.997838323601
-354.52089431546705
-358.0539717103138
-361.5967767579182
-365.14902631500337
-368.71044740930273
-372.2807768225955
-375.85976069193146
-379.4471541282799
-383.0427208518641
-386.64623284346294
-390.2574700109884
-393.8762198706688
-397.5022772421955
-401.1354439572111
-404.7755285805459
-408.42234614362815
-412.07571788952174
-415.73547102906394
-419.4014385076003
-423.073458781835
-426.7513756063353
-430.43503782924984
-434.12429919681966
-437.8190181662804
-441.5190577267707
-445.2242852278827
-448.9345722155028
-452.64979427461105
-456.3698308787214
-460.0945652456587
-463.8238841993849
-467.55767803759886
-471.2958404048474
-475.0382681708976
-475.0382681708976
-475.0382681708976
-475.0382681708976
-475.10095846170253
-475.19731193203
-475.3273081103185
-475.49091940346466
-475.68811112605977
-475.9188415370638
-476.1830618838296
-476.4807164533663
-476.8117426307193
-476.8092730249499
-475.60157083472996
-474.42452040551325
-473.27835043153726
-472.1632857985147
-471.07954738935535
-470.0273518900012
-470.0273518900012
-470.0273518900012
-466.5379195765381
-466.5379195765381
-462.5636094176446
-458.58974585720944
-454.61634060656723
-450.64340575661237
-446.67095390027936
-442.69899803964586
-438.7275516459862
-434.7566286810482
-430.7862436194944
-426.8164114725817
-422.8471478131598
-418.8784688020744
-414.9103912160683
-410.94293247727904
-406.97611068444104
-403.00994464590764
-399.044453914617
-395.07965882513673
-391.11558053293174
-387.1522410560117
-383.1896633191277
-383.1896633191277
-379.328011806022
-375.46925699791217
-371.6134891311003
-367.76080215486274
-363.91129392031417
-360.0650663806446
-356.22222580351473
-352.382882996456
-351.5665200214306
-350.75830679624363
-350.03925489367185
-350.03925489367185
-349.2899525950702
-349.2899525950702
-348.51534048629975
-348.51534048629975
-347.7205635677594
-344.0750615535969
-340.4375209634581
-340.4375209634581
-339.6293358690607
-335.87359861703914
-332.1235652816308
-328.37943127596253
-328.37943127596253
-327.56238456981515
-323.71937368142665
-319.8802120129462
-316.0450398397676
-316.0450398397676
-315.22298323742757
-311.30974325292175
-307.3987368386918
-303.49005034526783
-303.49005034526783
-302.66728807221006
-298.70294597899215
-294.73956775635173
-290.7771928178054
-286.8158627446104
-282.8556214360906
-282.8556214360906
-282.03663892485594
-278.0437395194717
-274.0510473201561
-270.05857151724945
-266.0663218522038
-262.0743086594793
-258.0825429123168
-258.0825429123168
-257.2723692889103
-253.2730796358432
-249.27381235682535
-245.2745685463013
-241.27534937127254
-237.27615607741092
-233.27698999580085
-229.2778525503869
-225.2787452662142
-221.27966977856227
-217.28062784308725
-213.28162134710453
-209.28265232216464
-205.28372295809837
-201.28483561873557
-197.28599285953476
-193.28718220195523
-189.2884218914593
-185.2897151876869
-181.2910656378217
-177.29247710900657
-173.29395382524476
-169.29550040952742
-165.29712193207217
-161.29882396573194
-157.30061264984894
-153.3024947640946
-149.304477814165
-145.30657013161357
-141.30878099061775
-137.31112074512757
-133.31360099066953
-129.31623475613446
-125.31903673223678
-121.32202354509072
-117.32521408564818
-113.32862990876848
-109.33229571970875
-105.33623997121255
-101.34049560166808
-97.34510095479041
-93.35010093509683
-89.35554847280048
-85.36150639922555
-81.36804987341685
-77.3752695584867
-73.38327583231691
-69.39220444764047
-65.40222425814093
-61.41354794594581
-57.42644720243112
-53.441274674787024
-49.45849646952742
-45.47874163578274
-41.50287992549554
-37.532148580033656
-33.568368228812425
-29.614330106290836
-25.67453569845779
-21.756724307813496
-17.875356093483038
-14.060643367898898
-10.386292021576162
-7.074494016074468
-4.921576430730016
-5.513196552912127
-8.280623804161637
-11.778883547626053
-15.521450878010866
-19.367208104834162
-23.265038897042167
-27.192559509419066
-31.13853944986263
-35.09675182414519
-39.0634783561098
-43.036364821956234
-43.036364821956234
-43.036364821956234
-43.036364821956234
-43.036364821956234
-43.036364821956234
-43.036364821956234
-43.036364821956234
-43.036364821956234
-43.036364821956234
-43.036364821956234
