62.828426361083984 452.82843017578125 0.7853981852531433
65.65685272216797 455.6568603515625 0.7853981852531433
68.48528289794922 458.48529052734375 0.7853981852531433
71.31371307373047 461.313720703125 0.7853981852531433
74.14214324951172 464.14215087890625 0.7853981852531433
76.97057342529297 466.9705810546875 0.7853981852531433
79.79900360107422 469.79901123046875 0.7853981852531433
82.62743377685547 472.62744140625 0.7853981852531433
85.45586395263672 475.45587158203125 0.7853981852531433
88.28429412841797 478.2843017578125 0.7853981852531433
91.11272430419922 481.11273193359375 0.7853981852531433
93.94115447998047 483.941162109375 0.7853981852531433
96.76958465576172 486.76959228515625 0.7853981852531433
99.59801483154297 489.5980224609375 0.7853981852531433
102.42644500732422 492.42645263671875 0.7853981852531433
105.25487518310547 495.2548828125 0.7853981852531433
108.08330535888672 498.08331298828125 0.7853981852531433
110.91173553466797 500.9117431640625 0.7853981852531433
113.74016571044922 503.74017333984375 0.7853981852531433
116.56859588623047 506.568603515625 0.7853981852531433
119.39702606201172 509.39703369140625 0.7853981852531433
122.22545623779297 512.2254638671875 0.7853981852531433
125.05388641357422 515.0538940429688 0.7853981852531433
127.88231658935547 517.88232421875 0.7853981852531433
130.7107391357422 520.7107543945312 0.7853981852531433
133.53916931152344 523.5391845703125 0.7853981852531433
133.53916931152344 523.5391845703125 0.38539910316467285
137.24575805664062 525.0429077148438 0.38539910316467285
140.9523468017578 526.546630859375 0.38539910316467285
144.658935546875 528.0503540039062 0.38539910316467285
148.3655242919922 529.5540771484375 0.38539910316467285
148.36553955078125 529.5540771484375 -0.014600038528442383
152.3651123046875 529.4956665039062 -0.014600038528442383
156.36468505859375 529.437255859375 -0.014600038528442383
160.3642578125 529.3788452148438 -0.014600038528442383
164.36383056640625 529.3204345703125 -0.014600038528442383
168.3634033203125 529.2620239257812 -0.014600038528442383
172.36297607421875 529.20361328125 -0.014600038528442383
176.362548828125 529.1452026367188 -0.014600038528442383
176.36256408691406 529.1452026367188 -0.4145991802215576
180.023681640625 527.533935546875 -0.4145991802215576
183.68479919433594 525.9226684570312 -0.4145991802215576
187.34591674804688 524.3114013671875 -0.4145991802215576
191.0070343017578 522.7001342773438 -0.4145991802215576
191.0070343017578 522.7001342773438 -0.8145983219146729
193.75167846679688 519.7903442382812 -0.8145983219146729
196.49632263183594 516.8805541992188 -0.8145983219146729
199.240966796875 513.9707641601562 -0.8145983219146729
201.98561096191406 511.06097412109375 -0.8145983219146729
204.73025512695312 508.15118408203125 -0.8145983219146729
207.4748992919922 505.24139404296875 -0.8145983219146729
210.21954345703125 502.33160400390625 -0.8145983219146729
212.9641876220703 499.42181396484375 -0.8145983219146729
215.70883178710938 496.51202392578125 -0.8145983219146729
218.45347595214844 493.60223388671875 -0.8145983219146729
221.1981201171875 490.69244384765625 -0.8145983219146729
223.94276428222656 487.78265380859375 -0.8145983219146729
226.68740844726562 484.87286376953125 -0.8145983219146729
229.4320526123047 481.96307373046875 -0.8145983219146729
232.17669677734375 479.05328369140625 -0.8145983219146729
234.9213409423828 476.14349365234375 -0.8145983219146729
237.66598510742188 473.23370361328125 -0.8145983219146729
240.41062927246094 470.32391357421875 -0.8145983219146729
243.1552734375 467.41412353515625 -0.8145983219146729
245.89991760253906 464.50433349609375 -0.8145983219146729
248.64456176757812 461.59454345703125 -0.8145983219146729
251.3892059326172 458.68475341796875 -0.8145983219146729
254.13385009765625 455.77496337890625 -0.8145983219146729
256.87847900390625 452.86517333984375 -0.8145983219146729
259.62310791015625 449.95538330078125 -0.8145983219146729
262.36773681640625 447.04559326171875 -0.8145983219146729
265.11236572265625 444.13580322265625 -0.8145983219146729
265.3332214355469 443.975341796875 -0.4420550763607025
265.5973205566406 443.9062805175781 -0.06951183080673218
269.587646484375 443.6284484863281 -0.06951183080673218
273.5779724121094 443.3506164550781 -0.06951183080673218
277.56829833984375 443.0727844238281 -0.06951183080673218
281.5586242675781 442.7949523925781 -0.06951183080673218
285.5489501953125 442.5171203613281 -0.06951183080673218
289.5392761230469 442.2392883300781 -0.06951183080673218
289.8103942871094 442.2710876464844 0.30303141474723816
293.6281433105469 443.4647521972656 0.30303141474723816
297.4458923339844 444.6584167480469 0.30303141474723816
301.2636413574219 445.8520812988281 0.30303141474723816
305.0813903808594 447.0457458496094 0.30303141474723816
305.0813903808594 447.0457458496094 -0.09696772694587708
305.353271484375 447.0700988769531 0.27557551860809326
305.353271484375 447.0700988769531 -0.12442362308502197
305.625732421875 447.08697509765625 0.24811962246894836
309.50323486328125 448.0693054199219 0.24811962246894836
313.3807373046875 449.0516357421875 0.24811962246894836
313.62835693359375 449.1665344238281 0.6206628680229187
313.62835693359375 449.1665344238281 0.22066372632980347
313.8790588378906 449.2745666503906 0.5932070016860962
313.8790588378906 449.2745666503906 0.19320785999298096
314.13262939453125 449.3757019042969 0.5657510757446289
314.13262939453125 449.3757019042969 0.16575193405151367
314.3888854980469 449.4698181152344 0.5382951498031616
314.3888854980469 449.4698181152344 0.1382960081100464
314.6476135253906 449.556884765625 0.5108392238616943
314.6476135253906 449.556884765625 0.1108400821685791
314.90863037109375 449.6368103027344 0.48338332772254944
314.90863037109375 449.6368103027344 0.0833841860294342
315.1717529296875 449.70953369140625 0.45592743158340454
315.1717529296875 449.70953369140625 0.05592828989028931
315.436767578125 449.7749938964844 0.42847153544425964
315.436767578125 449.7749938964844 0.02847239375114441
315.7034912109375 449.8331604003906 0.40101563930511475
315.7034912109375 449.8331604003906 0.0010164976119995117
315.9717102050781 449.8840026855469 0.37355974316596985
315.9717102050781 449.8840026855469 -0.026439398527145386
316.2412109375 449.9274597167969 0.34610384702682495
316.4764099121094 450.0660095214844 0.7186471223831177
316.4764099121094 450.0660095214844 0.31864798069000244
316.71533203125 450.19805908203125 0.6911911964416504
316.71533203125 450.19805908203125 0.29119205474853516
316.9577941894531 450.3235168457031 0.6637352705001831
316.9577941894531 450.3235168457031 0.26373612880706787
317.20361328125 450.4422607421875 0.6362793445587158
317.20361328125 450.4422607421875 0.23628020286560059
317.45257568359375 450.55419921875 0.6088234186172485
317.45257568359375 450.55419921875 0.2088242769241333
317.70452880859375 450.6592712402344 0.5813674926757812
317.70452880859375 450.6592712402344 0.18136835098266602
317.9592590332031 450.75738525390625 0.553911566734314
317.9592590332031 450.75738525390625 0.15391242504119873
318.2165832519531 450.8484802246094 0.5264556407928467
318.2165832519531 450.8484802246094 0.12645649909973145
318.476318359375 450.9324645996094 0.4989997446537018
318.476318359375 450.9324645996094 0.09900060296058655
318.73828125 451.00927734375 0.4715438485145569
318.9543151855469 451.1761779785156 0.8440871238708496
318.9543151855469 451.1761779785156 0.4440879821777344
319.1748352050781 451.33709716796875 0.8166311979293823
319.1748352050781 451.33709716796875 0.4166320562362671
319.3996887207031 451.49188232421875 0.789175271987915
319.3996887207031 451.49188232421875 0.3891761302947998
319.6286926269531 451.64044189453125 0.7617193460464478
319.6286926269531 451.64044189453125 0.3617202043533325
319.8616943359375 451.78265380859375 0.7342634201049805
319.8616943359375 451.78265380859375 0.33426427841186523
320.0985107421875 451.9184265136719 0.7068074941635132
320.0985107421875 451.9184265136719 0.30680835247039795
320.3389892578125 452.0476379394531 0.6793515682220459
320.3389892578125 452.0476379394531 0.27935242652893066
320.5829162597656 452.1701965332031 0.6518956422805786
320.5829162597656 452.1701965332031 0.2518965005874634
320.8301086425781 452.2860107421875 0.6244397163391113
320.8301086425781 452.2860107421875 0.2244405746459961
321.08038330078125 452.3949890136719 0.596983790397644
321.08038330078125 452.3949890136719 0.1969846487045288
321.33355712890625 452.4970703125 0.5695278644561768
321.33355712890625 452.4970703125 0.16952872276306152
321.5894470214844 452.5921630859375 0.5420719385147095
321.7931823730469 452.77386474609375 0.9146151542663574
321.7931823730469 452.77386474609375 0.5146160125732422
322.0018005371094 452.9499206542969 0.8871592283248901
322.0018005371094 452.9499206542969 0.4871600866317749
322.2151794433594 453.12017822265625 0.8597033023834229
322.2151794433594 453.12017822265625 0.4597041606903076
322.43316650390625 453.2845153808594 0.8322473764419556
322.43316650390625 453.2845153808594 0.43224823474884033
322.65557861328125 453.44281005859375 0.8047914505004883
322.65557861328125 453.44281005859375 0.40479230880737305
322.88226318359375 453.5949401855469 0.777335524559021
322.88226318359375 453.5949401855469 0.37733638286590576
323.113037109375 453.74078369140625 0.7498795986175537
323.113037109375 453.74078369140625 0.3498804569244385
323.34771728515625 453.8802185058594 0.7224236726760864
323.34771728515625 453.8802185058594 0.3224245309829712
323.58612060546875 454.01318359375 0.6949677467346191
326.6584167480469 456.5746154785156 0.6949677467346191
329.730712890625 459.13604736328125 0.6949677467346191
332.8030090332031 461.6974792480469 0.6949677467346191
335.87530517578125 464.2589111328125 0.6949677467346191
338.9476013183594 466.8203430175781 0.6949677467346191
342.0198974609375 469.38177490234375 0.6949677467346191
345.0921936035156 471.9432067871094 0.6949677467346191
348.16448974609375 474.504638671875 0.6949677467346191
351.2367858886719 477.0660705566406 0.6949677467346191
354.30908203125 479.62750244140625 0.6949677467346191
357.3813781738281 482.1889343261719 0.6949677467346191
360.45367431640625 484.7503662109375 0.6949677467346191
363.5259704589844 487.3117980957031 0.6949677467346191
366.5982666015625 489.87322998046875 0.6949677467346191
369.6705627441406 492.4346618652344 0.6949677467346191
372.74285888671875 494.99609375 0.6949677467346191
375.8151550292969 497.5575256347656 0.6949677467346191
378.887451171875 500.11895751953125 0.6949677467346191
381.9597473144531 502.6803894042969 0.6949677467346191
385.03204345703125 505.2418212890625 0.6949677467346191
388.1043395996094 507.8032531738281 0.6949677467346191
391.1766357421875 510.36468505859375 0.6949677467346191
394.2489318847656 512.9261474609375 0.6949677467346191
397.32122802734375 515.4876098632812 0.6949677467346191
400.3935241699219 518.049072265625 0.6949677467346191
403.4658203125 520.6105346679688 0.6949677467346191
406.5381164550781 523.1719970703125 0.6949677467346191
409.61041259765625 525.7334594726562 0.6949677467346191
409.61041259765625 525.7334594726562 0.294968843460083
413.4376525878906 526.8963012695312 0.294968843460083
417.264892578125 528.0591430664062 0.294968843460083
421.0921325683594 529.2219848632812 0.294968843460083
424.91937255859375 530.3848266601562 0.294968843460083
428.7466125488281 531.5476684570312 0.294968843460083
432.5738525390625 532.7105102539062 0.294968843460083
432.5738525390625 532.7105102539062 -0.10503029823303223
436.55181884765625 532.2911376953125 -0.10503029823303223
440.52978515625 531.8717651367188 -0.10503029823303223
444.50775146484375 531.452392578125 -0.10503029823303223
448.4857177734375 531.0330200195312 -0.10503029823303223
452.46368408203125 530.6136474609375 -0.10503029823303223
456.441650390625 530.1942749023438 -0.10503029823303223
460.41961669921875 529.77490234375 -0.10503029823303223
464.3975830078125 529.3555297851562 -0.10503029823303223
468.37554931640625 528.9361572265625 -0.10503029823303223
472.353515625 528.5167846679688 -0.10503029823303223
476.33148193359375 528.097412109375 -0.10503029823303223
480.3094482421875 527.6780395507812 -0.10503029823303223
484.28741455078125 527.2586669921875 -0.10503029823303223
488.265380859375 526.8392944335938 -0.10503029823303223
492.24334716796875 526.419921875 -0.10503029823303223
496.2213134765625 526.0005493164062 -0.10503029823303223
500.19927978515625 525.5811767578125 -0.10503029823303223
504.17724609375 525.1618041992188 -0.10503029823303223
508.15521240234375 524.742431640625 -0.10503029823303223
512.1331787109375 524.3230590820312 -0.10503029823303223
516.1111450195312 523.9036865234375 -0.10503029823303223
520.089111328125 523.4843139648438 -0.10503029823303223
524.0670776367188 523.06494140625 -0.10503029823303223
528.0450439453125 522.6455688476562 -0.10503029823303223
528.0450439453125 522.6455688476562 -0.5050281286239624
528.0450439453125 522.6455688476562 -0.9050272703170776
528.0450439453125 522.6455688476562 -1.3050264120101929
529.0956420898438 518.7860107421875 -1.3050264120101929
530.146240234375 514.9264526367188 -1.3050264120101929
531.1968383789062 511.06689453125 -1.3050264120101929
532.2474365234375 507.20733642578125 -1.3050264120101929
532.2474365234375 507.20733642578125 -1.705025553703308
531.712158203125 503.2433166503906 -1.705025553703308
531.1768798828125 499.279296875 -1.705025553703308
530.6416015625 495.3152770996094 -1.705025553703308
530.1063232421875 491.35125732421875 -1.705025553703308
529.571044921875 487.3872375488281 -1.705025553703308
529.0357666015625 483.4232177734375 -1.705025553703308
528.50048828125 479.4591979980469 -1.705025553703308
528.50048828125 479.4591979980469 -2.105024814605713
526.4638061523438 476.01654052734375 -2.105024814605713
524.4271240234375 472.5738830566406 -2.105024814605713
522.3904418945312 469.1312255859375 -2.105024814605713
520.353759765625 465.6885681152344 -2.105024814605713
518.3170776367188 462.24591064453125 -2.105024814605713
516.2803955078125 458.8032531738281 -2.105024814605713
516.2803955078125 458.8032531738281 -2.505023956298828
513.0638427734375 456.4255065917969 -2.505023956298828
509.8472900390625 454.0477600097656 -2.505023956298828
506.6307373046875 451.6700134277344 -2.505023956298828
503.4141845703125 449.2922668457031 -2.505023956298828
500.1976318359375 446.9145202636719 -2.505023956298828
496.9810791015625 444.5367736816406 -2.505023956298828
493.7645263671875 442.1590270996094 -2.505023956298828
490.5479736328125 439.7812805175781 -2.505023956298828
487.3314208984375 437.4035339355469 -2.505023956298828
484.1148681640625 435.0257873535156 -2.505023956298828
480.8983154296875 432.6480407714844 -2.505023956298828
477.6817626953125 430.2702941894531 -2.505023956298828
474.4652099609375 427.8925476074219 -2.505023956298828
471.2486572265625 425.5148010253906 -2.505023956298828
468.0321044921875 423.1370544433594 -2.505023956298828
464.8155517578125 420.7593078613281 -2.505023956298828
461.5989990234375 418.3815612792969 -2.505023956298828
458.3824462890625 416.0038146972656 -2.505023956298828
455.1658935546875 413.6260681152344 -2.505023956298828
451.9493408203125 411.2483215332031 -2.505023956298828
448.7327880859375 408.8705749511719 -2.505023956298828
445.5162353515625 406.4928283691406 -2.505023956298828
442.2996826171875 404.1150817871094 -2.505023956298828
439.0831298828125 401.7373352050781 -2.505023956298828
435.8665771484375 399.3595886230469 -2.505023956298828
432.6500244140625 396.9818420410156 -2.505023956298828
429.4334716796875 394.6040954589844 -2.505023956298828
426.2169189453125 392.2263488769531 -2.505023956298828
423.0003662109375 389.8486022949219 -2.505023956298828
419.7838134765625 387.4708557128906 -2.505023956298828
416.5672607421875 385.0931091308594 -2.505023956298828
413.3507080078125 382.7153625488281 -2.505023956298828
410.1341552734375 380.3376159667969 -2.505023956298828
406.9176025390625 377.9598693847656 -2.505023956298828
403.7010498046875 375.5821228027344 -2.505023956298828
400.4844970703125 373.2043762207031 -2.505023956298828
397.2679443359375 370.8266296386719 -2.505023956298828
397.0036315917969 370.6985168457031 -2.875481128692627
393.1444396972656 369.6465759277344 -2.875481128692627
389.2852478027344 368.5946350097656 -2.875481128692627
385.4260559082031 367.5426940917969 -2.875481128692627
381.5668640136719 366.4907531738281 -2.875481128692627
377.7076721191406 365.4388122558594 -2.875481128692627
373.8484802246094 364.3868713378906 -2.875481128692627
369.9892883300781 363.3349304199219 -2.875481128692627
366.1300964355469 362.2829895019531 -2.875481128692627
365.88458251953125 362.1636657714844 -2.5029377937316895
362.6730041503906 359.7792053222656 -2.5029377937316895
359.46142578125 357.3947448730469 -2.5029377937316895
356.2498474121094 355.0102844238281 -2.5029377937316895
353.03826904296875 352.6258239746094 -2.5029377937316895
349.8266906738281 350.2413635253906 -2.5029377937316895
346.6151123046875 347.8569030761719 -2.5029377937316895
343.4035339355469 345.4724426269531 -2.5029377937316895
340.19195556640625 343.0879821777344 -2.5029377937316895
336.9803771972656 340.7035217285156 -2.5029377937316895
333.768798828125 338.3190612792969 -2.5029377937316895
330.5572204589844 335.9346008300781 -2.5029377937316895
327.34564208984375 333.5501403808594 -2.5029377937316895
327.3456115722656 333.5501403808594 -2.9029345512390137
323.458984375 332.60455322265625 -2.9029345512390137
319.5723571777344 331.6589660644531 -2.9029345512390137
315.68572998046875 330.71337890625 -2.9029345512390137
311.7991027832031 329.7677917480469 -2.9029345512390137
307.9124755859375 328.82220458984375 -2.9029345512390137
304.0258483886719 327.8766174316406 -2.9029345512390137
303.7771301269531 327.7640686035156 -2.530391216278076
300.50128173828125 325.4686584472656 -2.530391216278076
297.2254333496094 323.1732482910156 -2.530391216278076
293.9495849609375 320.8778381347656 -2.530391216278076
290.6737365722656 318.5824279785156 -2.530391216278076
287.39788818359375 316.2870178222656 -2.530391216278076
284.1220397949219 313.9916076660156 -2.530391216278076
280.84619140625 311.6961975097656 -2.530391216278076
277.5703430175781 309.4007873535156 -2.530391216278076
274.29449462890625 307.1053771972656 -2.530391216278076
271.0186462402344 304.8099670410156 -2.530391216278076
267.7427978515625 302.5145568847656 -2.530391216278076
264.4669494628906 300.2191467285156 -2.530391216278076
261.19110107421875 297.9237365722656 -2.530391216278076
261.00042724609375 297.7283935546875 -2.1578478813171387
261.00042724609375 297.7283935546875 -2.557847023010254
260.804443359375 297.5383605957031 -2.1853036880493164
260.804443359375 297.5383605957031 -2.5853028297424316
260.60333251953125 297.3537902832031 -2.212759494781494
260.60333251953125 297.3537902832031 -2.6127586364746094
260.397216796875 297.1748046875 -2.240215301513672
260.397216796875 297.1748046875 -2.640214443206787
260.186279296875 297.00152587890625 -2.2676711082458496
260.186279296875 297.00152587890625 -2.667670249938965
259.9706726074219 296.8341064453125 -2.2951269149780273
259.9706726074219 296.8341064453125 -2.6951260566711426
259.75054931640625 296.67266845703125 -2.322582721710205
259.75054931640625 296.67266845703125 -2.7225818634033203
259.52606201171875 296.517333984375 -2.350038528442383
259.52606201171875 296.517333984375 -2.750037670135498
259.2973937988281 296.36822509765625 -2.3774943351745605
259.2973937988281 296.36822509765625 -2.777493476867676
259.0647277832031 296.2254638671875 -2.4049501419067383
259.0647277832031 296.2254638671875 -2.8049492835998535
258.8282165527344 296.0891418457031 -2.432405948638916
258.6575622558594 295.8760681152344 -2.0598626136779785
258.6575622558594 295.8760681152344 -2.4598617553710938
258.4811096191406 295.66778564453125 -2.0873184204101562
258.4811096191406 295.66778564453125 -2.4873175621032715
258.29901123046875 295.46441650390625 -2.114774227142334
258.29901123046875 295.46441650390625 -2.514773368835449
258.11138916015625 295.26611328125 -2.1422300338745117
258.11138916015625 295.26611328125 -2.542229175567627
257.91839599609375 295.0730285644531 -2.1696858406066895
257.91839599609375 295.0730285644531 -2.5696849822998047
257.7201843261719 294.88531494140625 -2.197141647338867
257.7201843261719 294.88531494140625 -2.5971407890319824
257.51690673828125 294.703125 -2.224597454071045
257.51690673828125 294.703125 -2.62459659576416
257.3086853027344 294.5265808105469 -2.2520532608032227
257.3086853027344 294.5265808105469 -2.652052402496338
257.095703125 294.3558349609375 -2.2795090675354004
257.095703125 294.3558349609375 -2.6795082092285156
256.87811279296875 294.19097900390625 -2.306964874267578
256.87811279296875 294.19097900390625 -2.7069640159606934
256.65606689453125 294.03216552734375 -2.334420680999756
256.65606689453125 294.03216552734375 -2.734419822692871
256.42974853515625 293.8795166015625 -2.3618764877319336
256.2745361328125 293.65496826171875 -1.9893332719802856
256.2745361328125 293.65496826171875 -2.3893322944641113
256.11322021484375 293.43475341796875 -2.016788959503174
256.11322021484375 293.43475341796875 -2.416788101196289
255.94590759277344 293.21905517578125 -2.0442447662353516
255.94590759277344 293.21905517578125 -2.444243907928467
255.77273559570312 293.0080261230469 -2.0717005729675293
255.77273559570312 293.0080261230469 -2.4716997146606445
255.59384155273438 292.80181884765625 -2.099156379699707
255.59384155273438 292.80181884765625 -2.4991555213928223
255.4093475341797 292.6006164550781 -2.1266121864318848
255.4093475341797 292.6006164550781 -2.526611328125
255.2194061279297 292.404541015625 -2.1540679931640625
255.2194061279297 292.404541015625 -2.5540671348571777
255.02415466308594 292.2137756347656 -2.1815237998962402
255.02415466308594 292.2137756347656 -2.5815229415893555
254.82373046875 292.0284423828125 -2.208979606628418
254.82373046875 292.0284423828125 -2.608978748321533
254.61830139160156 291.8486633300781 -2.2364354133605957
254.61830139160156 291.8486633300781 -2.636434555053711
254.40802001953125 291.6745910644531 -2.2638912200927734
254.40802001953125 291.6745910644531 -2.6638903617858887
254.1930389404297 291.5063781738281 -2.291347026824951
254.1930389404297 291.5063781738281 -2.6913461685180664
253.9735107421875 291.3441162109375 -2.318802833557129
253.82810974121094 291.1130676269531 -1.946259617805481
253.82810974121094 291.1130676269531 -2.3462586402893066
253.67642211914062 290.8861083984375 -1.9737154245376587
253.67642211914062 290.8861083984375 -2.3737144470214844
253.5185546875 290.66339111328125 -2.001171112060547
253.5185546875 290.66339111328125 -2.401170253753662
253.35462951660156 290.4450988769531 -2.0286269187927246
253.35462951660156 290.4450988769531 -2.42862606048584
253.18478393554688 290.23138427734375 -2.0560827255249023
253.18478393554688 290.23138427734375 -2.4560818672180176
253.00912475585938 290.0224304199219 -2.08353853225708
253.00912475585938 290.0224304199219 -2.4835376739501953
252.8278045654297 289.818359375 -2.110994338989258
252.8278045654297 289.818359375 -2.510993480682373
252.6409454345703 289.6193542480469 -2.1384501457214355
252.6409454345703 289.6193542480469 -2.538449287414551
252.44869995117188 289.4255676269531 -2.1659059524536133
252.44869995117188 289.4255676269531 -2.5659050941467285
252.25120544433594 289.23712158203125 -2.193361759185791
252.25120544433594 289.23712158203125 -2.5933609008789062
252.04861450195312 289.0541687011719 -2.2208175659179688
252.04861450195312 289.0541687011719 -2.620816707611084
251.841064453125 288.8768310546875 -2.2482733726501465
251.71229553222656 288.6361389160156 -1.8757301568984985
251.71229553222656 288.6361389160156 -2.275729179382324
251.5769805908203 288.3990478515625 -1.9031859636306763
251.5769805908203 288.3990478515625 -2.303184986114502
251.43519592285156 288.165771484375 -1.930641770362854
251.43519592285156 288.165771484375 -2.3306407928466797
251.2870635986328 287.93646240234375 -1.9580975770950317
251.2870635986328 287.93646240234375 -2.3580965995788574
251.1326904296875 287.7113342285156 -1.9855533838272095
251.1326904296875 287.7113342285156 -2.385552406311035
250.97219848632812 287.4905090332031 -2.0130090713500977
250.97219848632812 287.4905090332031 -2.413008213043213
250.8057098388672 287.274169921875 -2.0404648780822754
250.8057098388672 287.274169921875 -2.4404640197753906
250.6333465576172 287.0625 -2.067920684814453
250.6333465576172 287.0625 -2.4679198265075684
250.45523071289062 286.8556213378906 -2.095376491546631
250.45523071289062 286.8556213378906 -2.495375633239746
250.27149963378906 286.6537170410156 -2.1228322982788086
250.27149963378906 286.6537170410156 -2.522831439971924
250.08230590820312 286.4569396972656 -2.1502881050109863
249.9777069091797 286.2048034667969 -1.7777448892593384
249.9777069091797 286.2048034667969 -2.177743911743164
249.86622619628906 285.95562744140625 -1.8052006959915161
249.86622619628906 285.95562744140625 -2.205199718475342
249.74795532226562 285.7095947265625 -1.8326565027236938
249.74795532226562 285.7095947265625 -2.2326555252075195
249.6229705810547 285.4669189453125 -1.8601123094558716
249.6229705810547 285.4669189453125 -2.2601113319396973
249.49136352539062 285.2277526855469 -1.8875681161880493
249.49136352539062 285.2277526855469 -2.287567138671875
249.35324096679688 284.9922790527344 -1.915023922920227
249.35324096679688 284.9922790527344 -2.3150229454040527
249.20870971679688 284.7607116699219 -1.9424797296524048
249.20870971679688 284.7607116699219 -2.3424787521362305
249.05787658691406 284.5331726074219 -1.9699355363845825
249.05787658691406 284.5331726074219 -2.369934558868408
248.90084838867188 284.30987548828125 -1.9973913431167603
248.90084838867188 284.30987548828125 -2.397390365600586
248.7377471923828 284.0909729003906 -2.0248470306396484
248.7377471923828 284.0909729003906 -2.4248461723327637
248.56871032714844 283.8766174316406 -2.052302837371826
248.56871032714844 283.8766174316406 -2.4523019790649414
248.3938446044922 283.6669921875 -2.079758644104004
248.3938446044922 283.6669921875 -2.479757785797119
248.21328735351562 283.4622497558594 -2.1072144508361816
248.11964416503906 283.2058410644531 -1.7346712350845337
248.11964416503906 283.2058410644531 -2.1346702575683594
248.0189971923828 282.95208740234375 -1.7621270418167114
248.0189971923828 282.95208740234375 -2.162126064300537
247.9114227294922 282.7012023925781 -1.7895828485488892
247.9114227294922 282.7012023925781 -2.189581871032715
247.7969970703125 282.453369140625 -1.817038655281067
247.7969970703125 282.453369140625 -2.2170376777648926
247.67581176757812 282.2087707519531 -1.8444944620132446
247.67581176757812 282.2087707519531 -2.2444934844970703
247.54795837402344 281.96759033203125 -1.8719502687454224
247.54795837402344 281.96759033203125 -2.271949291229248
247.4135284423828 281.7300109863281 -1.8994060754776
247.4135284423828 281.7300109863281 -2.299405097961426
247.2726287841797 281.4961853027344 -1.9268618822097778
247.2726287841797 281.4961853027344 -2.3268609046936035
247.1253662109375 281.2663269042969 -1.9543176889419556
247.1253662109375 281.2663269042969 -2.3543167114257812
246.9718475341797 281.04058837890625 -1.9817734956741333
246.9718475341797 281.04058837890625 -2.381772518157959
246.81219482421875 280.81915283203125 -2.0092291831970215
246.81219482421875 280.81915283203125 -2.4092283248901367
246.64651489257812 280.6022033691406 -2.036684989929199
246.57118225097656 280.3398132324219 -1.6641417741775513
246.57118225097656 280.3398132324219 -2.064140796661377
246.48866271972656 280.07958984375 -1.691597580909729
246.48866271972656 280.07958984375 -2.0915966033935547
246.39903259277344 279.8217468261719 -1.7190533876419067
246.39903259277344 279.8217468261719 -2.1190524101257324
246.3023681640625 279.56646728515625 -1.7465091943740845
246.3023681640625 279.56646728515625 -2.14650821685791
246.19873046875 279.3139343261719 -1.7739650011062622
246.19873046875 279.3139343261719 -2.173964023590088
246.08819580078125 279.0643310546875 -1.80142080783844
246.08819580078125 279.0643310546875 -2.2014198303222656
245.97085571289062 278.81787109375 -1.8288766145706177
245.97085571289062 278.81787109375 -2.2288756370544434
245.84678649902344 278.57470703125 -1.8563324213027954
245.84678649902344 278.57470703125 -2.256331443786621
245.71609497070312 278.3350524902344 -1.8837882280349731
245.71609497070312 278.3350524902344 -2.283787250518799
245.57887268066406 278.09906005859375 -1.9112440347671509
245.57887268066406 278.09906005859375 -2.3112430572509766
245.43521118164062 277.866943359375 -1.9386998414993286
245.43521118164062 277.866943359375 -2.3386988639831543
245.2852325439453 277.63885498046875 -1.9661556482315063
245.22857666015625 277.371826171875 -1.5936124324798584
245.22857666015625 277.371826171875 -1.9936115741729736
245.16461181640625 277.1064453125 -1.6210683584213257
245.16461181640625 277.1064453125 -2.0210676193237305
245.0933837890625 276.8429260253906 -1.6485244035720825
245.0933837890625 276.8429260253906 -2.048523426055908
245.0149383544922 276.5814514160156 -1.6759802103042603
245.0149383544922 276.5814514160156 -2.075979232788086
244.92935180664062 276.3222351074219 -1.703436017036438
244.92935180664062 276.3222351074219 -2.1034350395202637
244.83668518066406 276.0654602050781 -1.7308918237686157
244.83668518066406 276.0654602050781 -2.1308908462524414
244.73699951171875 275.81134033203125 -1.7583476305007935
244.73699951171875 275.81134033203125 -2.158346652984619
244.63037109375 275.5600280761719 -1.7858034372329712
244.63037109375 275.5600280761719 -2.185802459716797
244.5168914794922 275.311767578125 -1.813259243965149
244.5168914794922 275.311767578125 -2.2132582664489746
244.39663696289062 275.06671142578125 -1.8407150506973267
244.3738250732422 274.794677734375 -1.4681718349456787
244.3738250732422 274.794677734375 -1.868170976638794
244.3435516357422 274.52337646484375 -1.495627760887146
244.3435516357422 274.52337646484375 -1.8956269025802612
244.30584716796875 274.2530212402344 -1.5230836868286133
244.30584716796875 274.2530212402344 -1.9230828285217285
244.2607421875 273.9837951660156 -1.5505396127700806
244.2607421875 273.9837951660156 -1.9505387544631958
244.208251953125 273.7159118652344 -1.5779955387115479
244.208251953125 273.7159118652344 -1.977994680404663
244.1484375 273.4495544433594 -1.6054514646530151
244.1484375 273.4495544433594 -2.00545072555542
244.08132934570312 273.1849365234375 -1.632907509803772
244.08132934570312 273.1849365234375 -2.0329065322875977
244.00698852539062 272.9222717285156 -1.6603633165359497
244.00698852539062 272.9222717285156 -2.0603623390197754
243.9254608154297 272.6617431640625 -1.6878191232681274
243.9254608154297 272.6617431640625 -2.087818145751953
243.83680725097656 272.403564453125 -1.7152749300003052
243.83680725097656 272.403564453125 -2.115273952484131
243.74110412597656 272.1479187011719 -1.742730736732483
243.74501037597656 271.8749694824219 -1.370187520980835
243.74501037597656 271.8749694824219 -1.7701866626739502
243.74142456054688 271.6020202636719 -1.3976434469223022
243.74142456054688 271.6020202636719 -1.7976425886154175
243.7303466796875 271.3292541503906 -1.4250993728637695
243.7303466796875 271.3292541503906 -1.8250985145568848
243.7117919921875 271.0569152832031 -1.4525552988052368
243.7117919921875 271.0569152832031 -1.852554440498352
243.68576049804688 270.7851867675781 -1.480011224746704
243.68576049804688 270.7851867675781 -1.8800103664398193
243.65228271484375 270.5142517089844 -1.5074671506881714
243.65228271484375 270.5142517089844 -1.9074662923812866
243.6113739013672 270.2443542480469 -1.5349230766296387
243.6113739013672 270.2443542480469 -1.934922218322754
243.56307983398438 269.9756774902344 -1.562379002571106
243.56307983398438 269.9756774902344 -1.9623781442642212
243.50743103027344 269.70843505859375 -1.5898349285125732
243.50743103027344 269.70843505859375 -1.9898340702056885
243.4444580078125 269.44281005859375 -1.6172908544540405
243.4444580078125 269.44281005859375 -2.0172901153564453
243.3742218017578 269.17901611328125 -1.6447468996047974
243.3742218017578 269.17901611328125 -2.044745922088623
243.29676818847656 268.9172668457031 -1.672202706336975
243.3329315185547 268.4296875 -1.321345567703247
243.3329315185547 268.4296875 -1.7213447093963623
243.34268188476562 268.1568908691406 -1.3488014936447144
243.34268188476562 268.1568908691406 -1.7488006353378296
243.34494018554688 267.8839111328125 -1.3762574195861816
243.34494018554688 267.8839111328125 -1.7762565612792969
243.33970642089844 267.6109924316406 -1.403713345527649
243.33970642089844 267.6109924316406 -1.8037124872207642
243.3269805908203 267.33831787109375 -1.4311692714691162
243.3269805908203 267.33831787109375 -1.8311684131622314
243.30677795410156 267.0660705566406 -1.4586251974105835
243.30677795410156 267.0660705566406 -1.8586243391036987
243.2790985107422 266.79449462890625 -1.4860811233520508
243.2790985107422 266.79449462890625 -1.886080265045166
243.2439727783203 266.5237731933594 -1.513537049293518
243.2439727783203 266.5237731933594 -1.9135361909866333
243.20143127441406 266.2541198730469 -1.5409929752349854
243.20143127441406 266.2541198730469 -1.9409921169281006
243.15150451660156 265.9857482910156 -1.5684489011764526
243.15150451660156 265.9857482910156 -1.9684480428695679
243.09422302246094 265.7188415527344 -1.59590482711792
242.99380493164062 261.7200927734375 -1.59590482711792
242.8933868408203 257.7213439941406 -1.59590482711792
242.79296875 253.7226104736328 -1.59590482711792
242.6925506591797 249.723876953125 -1.59590482711792
242.59213256835938 245.7251434326172 -1.59590482711792
242.49171447753906 241.72640991210938 -1.59590482711792
242.39129638671875 237.72767639160156 -1.59590482711792
242.29087829589844 233.72894287109375 -1.59590482711792
242.19046020507812 229.73020935058594 -1.59590482711792
242.0900421142578 225.73147583007812 -1.59590482711792
241.9896240234375 221.7327423095703 -1.59590482711792
241.8892059326172 217.7340087890625 -1.59590482711792
241.93301391601562 217.46456909179688 -1.223361611366272
243.2949676513672 213.7035675048828 -1.223361611366272
243.433837890625 213.4685516357422 -0.850818395614624
246.07130432128906 210.46127319335938 -0.850818395614624
246.28619384765625 210.2929229736328 -0.4782751500606537
249.8373565673828 208.45193481445312 -0.4782751500606537
253.38851928710938 206.61094665527344 -0.4782751500606537
256.9396667480469 204.76995849609375 -0.4782751500606537
260.4908142089844 202.92897033691406 -0.4782751500606537
264.0419616699219 201.08798217773438 -0.4782751500606537
267.5931091308594 199.2469940185547 -0.4782751500606537
271.1442565917969 197.406005859375 -0.4782751500606537
274.6954040527344 195.5650177001953 -0.4782751500606537
278.2465515136719 193.72402954101562 -0.4782751500606537
281.7976989746094 191.88304138183594 -0.4782751500606537
285.3488464355469 190.04205322265625 -0.4782751500606537
288.8999938964844 188.20106506347656 -0.4782751500606537
289.2811584472656 188.0838623046875 -0.11836862564086914
293.253173828125 187.6114959716797 -0.11836862564086914
297.2251892089844 187.13912963867188 -0.11836862564086914
301.19720458984375 186.66676330566406 -0.11836862564086914
305.1692199707031 186.19439697265625 -0.11836862564086914
309.1412353515625 185.72203063964844 -0.11836862564086914
313.1132507324219 185.24966430664062 -0.11836862564086914
317.08526611328125 184.7772979736328 -0.11836862564086914
321.0572814941406 184.304931640625 -0.11836862564086914
325.029296875 183.8325653076172 -0.11836862564086914
329.0013122558594 183.36019897460938 -0.11836862564086914
332.97332763671875 182.88783264160156 -0.11836862564086914
336.9453430175781 182.41546630859375 -0.11836862564086914
340.9173583984375 181.94309997558594 -0.11836862564086914
344.8893737792969 181.47073364257812 -0.11836862564086914
348.86138916015625 180.9983673095703 -0.11836862564086914
352.8334045410156 180.5260009765625 -0.11836862564086914
356.805419921875 180.0536346435547 -0.11836862564086914
360.7774353027344 179.58126831054688 -0.11836862564086914
364.74945068359375 179.10890197753906 -0.11836862564086914
368.7214660644531 178.63653564453125 -0.11836862564086914
372.6934814453125 178.16416931152344 -0.11836862564086914
376.6654968261719 177.69180297851562 -0.11836862564086914
380.63751220703125 177.2194366455078 -0.11836862564086914
384.6095275878906 176.7470703125 -0.11836862564086914
388.58154296875 176.2747039794922 -0.11836862564086914
392.5535583496094 175.80233764648438 -0.11836862564086914
396.52557373046875 175.32997131347656 -0.11836862564086914
400.4975891113281 174.85760498046875 -0.11836862564086914
404.4696044921875 174.38523864746094 -0.11836862564086914
408.4416198730469 173.91287231445312 -0.11836862564086914
412.41363525390625 173.4405059814453 -0.11836862564086914
416.3856506347656 172.9681396484375 -0.11836862564086914
420.357666015625 172.4957733154297 -0.11836862564086914
424.3296813964844 172.02340698242188 -0.11836862564086914
428.30169677734375 171.55104064941406 -0.11836862564086914
432.2737121582031 171.07867431640625 -0.11836862564086914
436.2457275390625 170.60630798339844 -0.11836862564086914
440.2177429199219 170.13394165039062 -0.11836862564086914
444.18975830078125 169.6615753173828 -0.11836862564086914
448.1617736816406 169.189208984375 -0.11836862564086914
452.1337890625 168.7168426513672 -0.11836862564086914
456.1058044433594 168.24447631835938 -0.11836862564086914
460.07781982421875 167.77210998535156 -0.11836862564086914
464.0498352050781 167.29974365234375 -0.11836862564086914
468.0218505859375 166.82737731933594 -0.11836862564086914
471.9938659667969 166.35501098632812 -0.11836862564086914
475.96588134765625 165.8826446533203 -0.11836862564086914
479.9378967285156 165.4102783203125 -0.11836862564086914
483.909912109375 164.9379119873047 -0.11836862564086914
487.8819274902344 164.46554565429688 -0.11836862564086914
491.85394287109375 163.99317932128906 -0.11836862564086914
495.8259582519531 163.52081298828125 -0.11836862564086914
499.7979736328125 163.04844665527344 -0.11836862564086914
503.7699890136719 162.57608032226562 -0.11836862564086914
507.74200439453125 162.1037139892578 -0.11836862564086914
511.7140197753906 161.63134765625 -0.11836862564086914
515.68603515625 161.1589813232422 -0.11836862564086914
519.6580200195312 160.68661499023438 -0.11836862564086914
523.6300048828125 160.21424865722656 -0.11836862564086914
527.6019897460938 159.74188232421875 -0.11836862564086914
531.573974609375 159.26951599121094 -0.11836862564086914
531.573974609375 159.26951599121094 -0.5183677673339844
531.573974609375 159.26951599121094 -0.9183669090270996
531.573974609375 159.26950073242188 -1.3183660507202148
532.572998046875 155.39627075195312 -1.3183660507202148
533.572021484375 151.52304077148438 -1.3183660507202148
533.572021484375 151.5230255126953 -1.71836519241333
532.98388671875 147.56649780273438 -1.71836519241333
532.395751953125 143.60997009277344 -1.71836519241333
531.8076171875 139.6534423828125 -1.71836519241333
531.219482421875 135.69691467285156 -1.71836519241333
530.63134765625 131.74038696289062 -1.71836519241333
530.043212890625 127.78385925292969 -1.71836519241333
529.455078125 123.82733154296875 -1.71836519241333
528.866943359375 119.87080383300781 -1.71836519241333
528.27880859375 115.91427612304688 -1.71836519241333
527.690673828125 111.95774841308594 -1.71836519241333
527.1025390625 108.001220703125 -1.71836519241333
526.514404296875 104.04469299316406 -1.71836519241333
525.92626953125 100.08816528320312 -1.71836519241333
525.338134765625 96.13163757324219 -1.71836519241333
524.75 92.17510986328125 -1.71836519241333
524.161865234375 88.21858215332031 -1.71836519241333
523.57373046875 84.26205444335938 -1.71836519241333
522.985595703125 80.30552673339844 -1.71836519241333
522.3974609375 76.3489990234375 -1.71836519241333
521.809326171875 72.39247131347656 -1.71836519241333
521.22119140625 68.43594360351562 -1.71836519241333
521.22119140625 68.4359359741211 -2.1183643341064453
521.22119140625 68.43592834472656 -2.5183634757995605
521.22119140625 68.43592834472656 -2.918362617492676
517.3204345703125 67.55040740966797 -2.918362617492676
513.419677734375 66.66488647460938 -2.918362617492676
509.5189208984375 65.77936553955078 -2.918362617492676
505.6181640625 64.89384460449219 -2.918362617492676
501.7174072265625 64.0083236694336 -2.918362617492676
497.816650390625 63.122802734375 -2.918362617492676
493.9158935546875 62.237281799316406 -2.918362617492676
490.01513671875 61.35176086425781 -2.918362617492676
490.01513671875 61.35176086425781 2.9648234844207764
486.07745361328125 62.05516052246094 2.9648234844207764
482.1397705078125 62.75856018066406 2.9648234844207764
478.20208740234375 63.46195983886719 2.9648234844207764
474.264404296875 64.16535949707031 2.9648234844207764
470.32672119140625 64.86875915527344 2.9648234844207764
466.3890380859375 65.57215881347656 2.9648234844207764
462.45135498046875 66.27555847167969 2.9648234844207764
458.513671875 66.97895812988281 2.9648234844207764
454.57598876953125 67.68235778808594 2.9648234844207764
450.6383056640625 68.38575744628906 2.9648234844207764
446.70062255859375 69.08915710449219 2.9648234844207764
442.762939453125 69.79255676269531 2.9648234844207764
438.82525634765625 70.49595642089844 2.9648234844207764
434.8875732421875 71.19935607910156 2.9648234844207764
430.94989013671875 71.90275573730469 2.9648234844207764
427.01220703125 72.60615539550781 2.9648234844207764
423.07452392578125 73.30955505371094 2.9648234844207764
422.8015441894531 73.30696105957031 -2.9458186626434326
418.8779602050781 72.52885437011719 -2.9458186626434326
418.6246643066406 72.42707824707031 -2.573275327682495
418.42578125 72.2400894165039 -2.2007319927215576
418.42578125 72.24008178710938 -2.600731134414673
418.2218322753906 72.05862426757812 -2.2281877994537354
418.2218322753906 72.0586166381836 -2.6281869411468506
418.01300048828125 71.88282775878906 -2.255643606185913
418.01300048828125 71.88282012939453 -2.6556427478790283
417.7994079589844 71.71282958984375 -2.283099412918091
417.7994079589844 71.71282196044922 -2.683098554611206
417.58123779296875 71.54875946044922 -2.3105552196502686
417.58123779296875 71.54875183105469 -2.710554361343384
417.358642578125 71.39073944091797 -2.3380110263824463
417.358642578125 71.39073181152344 -2.7380101680755615
417.13177490234375 71.2388916015625 -2.365466833114624
417.13177490234375 71.23888397216797 -2.7654659748077393
416.9008483886719 71.09332275390625 -2.3929226398468018
416.9008483886719 71.09331512451172 -2.792921781539917
416.666015625 70.95414733886719 -2.4203784465789795
416.4979248046875 70.73905181884766 -2.047835111618042
416.4979248046875 70.73904418945312 -2.4478342533111572
416.3240051269531 70.52864074707031 -2.0752909183502197
416.3240051269531 70.52863311767578 -2.475290060043335
416.1443786621094 70.32308197021484 -2.1027467250823975
416.1443786621094 70.32307434082031 -2.5027458667755127
415.95916748046875 70.1225357055664 -2.130202531814575
415.95916748046875 70.12252807617188 -2.5302016735076904
415.7685241699219 69.9271469116211 -2.157658338546753
415.7685241699219 69.92713928222656 -2.557657480239868
415.5726013183594 69.73706817626953 -2.1851141452789307
415.5726013183594 69.737060546875 -2.585113286972046
415.37152099609375 69.55243682861328 -2.2125699520111084
415.37152099609375 69.55242919921875 -2.6125690937042236
415.1654357910156 69.37339782714844 -2.240025758743286
415.1654357910156 69.3733901977539 -2.6400249004364014
414.95452880859375 69.20008087158203 -2.267481565475464
414.95452880859375 69.2000732421875 -2.667480707168579
414.73895263671875 69.03262329101562 -2.2949373722076416
414.73895263671875 69.0326156616211 -2.694936513900757
414.51885986328125 68.87114715576172 -2.3223931789398193
414.51885986328125 68.87113952636719 -2.7223923206329346
414.2944030761719 68.71577453613281 -2.349848985671997
414.2944030761719 68.71576690673828 -2.7498481273651123
414.0657653808594 68.56661987304688 -2.377304792404175
414.0657653808594 68.56661224365234 -2.77730393409729
413.8331298828125 68.42379760742188 -2.4047605991363525
413.8331298828125 68.42378997802734 -2.8047597408294678
413.5966491699219 68.28741455078125 -2.4322164058685303
413.5966491699219 68.28740692138672 -2.8322155475616455
413.35650634765625 68.15757751464844 -2.459672212600708
413.35650634765625 68.1575698852539 -2.8596713542938232
413.1129150390625 68.03437805175781 -2.4871280193328857
412.93084716796875 67.83097076416016 -2.1145849227905273
412.93084716796875 67.83096313476562 -2.5145840644836426
412.7432861328125 67.63262939453125 -2.142040729522705
412.7432861328125 67.63262176513672 -2.5420398712158203
412.55035400390625 67.43951416015625 -2.169496536254883
412.55035400390625 67.43950653076172 -2.569495677947998
412.3521728515625 67.25177001953125 -2.1969523429870605
412.3521728515625 67.25176239013672 -2.596951484680176
412.14892578125 67.06953430175781 -2.2244081497192383
412.14892578125 67.06952667236328 -2.6244072914123535
411.94073486328125 66.8929443359375 -2.251863956451416
411.94073486328125 66.89293670654297 -2.6518630981445312
411.727783203125 66.72213745117188 -2.2793197631835938
411.727783203125 66.72212982177734 -2.679318904876709
411.5102233886719 66.55724334716797 -2.3067755699157715
411.5102233886719 66.55723571777344 -2.7067747116088867
411.2882080078125 66.39838409423828 -2.334231376647949
411.2882080078125 66.39837646484375 -2.7342305183410645
411.0619201660156 66.24567413330078 -2.361687183380127
411.0619201660156 66.24566650390625 -2.761686325073242
410.83154296875 66.09923553466797 -2.3891429901123047
410.83154296875 66.09922790527344 -2.78914213180542
410.59722900390625 65.95917510986328 -2.4165987968444824
410.59722900390625 65.95916748046875 -2.8165979385375977
410.3591613769531 65.82559967041016 -2.44405460357666
410.3591613769531 65.82559204101562 -2.8440537452697754
410.1175231933594 65.69861602783203 -2.471510410308838
410.1175231933594 65.6986083984375 -2.871509552001953
409.8724670410156 65.57830810546875 -2.4989662170410156
409.8724670410156 65.57830810546875 -2.898965358734131
409.62420654296875 65.46478271484375 -2.5264220237731934
409.62420654296875 65.46478271484375 -2.9264211654663086
409.3729248046875 65.35811614990234 -2.553877830505371
409.3729248046875 65.35811614990234 -2.9538769721984863
409.1188049316406 65.25838470458984 -2.581333637237549
409.1188049316406 65.25838470458984 -2.981332778930664
408.862060546875 65.1656723022461 -2.6087894439697266
408.65667724609375 64.9858627319336 -2.236246109008789
408.65667724609375 64.98585510253906 -2.6362452507019043
408.4464111328125 64.81175231933594 -2.263701915740967
408.4464111328125 64.8117446899414 -2.663701057434082
408.2314453125 64.64347839355469 -2.2911577224731445
408.2314453125 64.64347076416016 -2.6911568641662598
408.011962890625 64.48117065429688 -2.3186135292053223
408.011962890625 64.48116302490234 -2.7186126708984375
407.7880859375 64.324951171875 -2.3460693359375
407.7880859375 64.32494354248047 -2.7460684776306152
407.5600280761719 64.17493438720703 -2.3735251426696777
407.5600280761719 64.1749267578125 -2.773524284362793
407.3279113769531 64.03123474121094 -2.4009809494018555
407.3279113769531 64.0312271118164 -2.8009800910949707
407.0919494628906 63.893959045410156 -2.428436756134033
407.0919494628906 63.89395523071289 -2.8284358978271484
406.852294921875 63.76321792602539 -2.455892562866211
406.852294921875 63.763214111328125 -2.855891704559326
406.6091613769531 63.639102935791016 -2.4833483695983887
406.6091613769531 63.63909912109375 -2.883347511291504
406.3627014160156 63.52170944213867 -2.5108041763305664
406.3627014160156 63.521705627441406 -2.9108033180236816
406.1131286621094 63.411128997802734 -2.538259983062744
406.1131286621094 63.41112518310547 -2.9382591247558594
405.860595703125 63.30744171142578 -2.565715789794922
405.860595703125 63.307437896728516 -2.965714931488037
405.6053161621094 63.210723876953125 -2.5931715965270996
405.6053161621094 63.21072006225586 -2.993170738220215
405.34747314453125 63.12105178833008 -2.6206274032592773
405.34747314453125 63.12104797363281 -3.0206265449523926
405.0872802734375 63.038490295410156 -2.648083209991455
405.0872802734375 63.03848648071289 -3.0480823516845703
404.8249206542969 62.963104248046875 -2.675539016723633
404.8249206542969 62.96310043334961 -3.075538158416748
404.5605773925781 62.89494705200195 -2.7029948234558105
400.9391784667969 61.196266174316406 -2.7029948234558105
397.3177795410156 59.49758529663086 -2.7029948234558105
397.3177795410156 59.497581481933594 -3.102993965148926
397.0516662597656 59.436710357666016 -2.7304506301879883
397.0516662597656 59.436710357666016 -3.1304497718811035
396.78399658203125 59.3831672668457 -2.757906436920166
393.0748291015625 57.88580322265625 -2.757906436920166
393.0748291015625 57.88580322265625 3.125279664993286
392.8057861328125 57.839630126953125 -2.7853622436523438
389.0569152832031 56.44465637207031 -2.7853622436523438
389.0569152832031 56.44465637207031 3.0978238582611084
388.7867126464844 56.405887603759766 -2.8128180503845215
385.0009460449219 55.11435317993164 -2.8128180503845215
385.0009460449219 55.11435317993164 3.0703680515289307
384.7297668457031 55.08301544189453 -2.840273857116699
380.90997314453125 53.895896911621094 -2.840273857116699
380.90997314453125 53.895896911621094 3.042912244796753
380.6380310058594 53.87201690673828 -2.867729663848877
376.787109375 52.79020690917969 -2.867729663848877
376.787109375 52.79020690917969 3.015456438064575
376.5146179199219 52.773799896240234 -2.8951854705810547
372.63543701171875 51.79811477661133 -2.8951854705810547
372.63543701171875 51.79811477661133 2.9880006313323975
372.36260986328125 51.7891960144043 -2.9226412773132324
368.4580993652344 50.920372009277344 -2.9226412773132324
368.4580993652344 50.920372009277344 2.9605448246002197
368.18511962890625 50.9189453125 -2.95009708404541
364.25823974609375 50.15763473510742 -2.95009708404541
364.25823974609375 50.15763473510742 2.933089017868042
363.9853210449219 50.16370391845703 -2.977552890777588
360.0390319824219 49.51048278808594 -2.977552890777588
360.0390319824219 49.51048278808594 2.9056332111358643
359.7663879394531 49.52404022216797 -3.0050086975097656
355.80364990234375 48.979400634765625 -3.0050086975097656
355.80364990234375 48.979400634765625 2.8781774044036865
355.531494140625 49.00043869018555 -3.0324645042419434
351.5552978515625 48.56479263305664 -3.0324645042419434
351.5552978515625 48.56479263305664 2.850721597671509
351.2838134765625 48.59329605102539 -3.059920310974121
347.2971496582031 48.266971588134766 -3.059920310974121
343.31048583984375 47.94064712524414 -3.059920310974121
339.3238220214844 47.614322662353516 -3.059920310974121
339.3238220214844 47.614322662353516 2.823265790939331
339.05322265625 47.6502685546875 -3.087376117706299
339.05322265625 47.6502685546875 2.7958099842071533
338.78369140625 47.693626403808594 -3.1148319244384766
334.7851257324219 47.58659744262695 -3.1148319244384766
330.78656005859375 47.47956848144531 -3.1148319244384766
326.7879943847656 47.37253952026367 -3.1148319244384766
322.7894287109375 47.26551055908203 -3.1148319244384766
322.7894287109375 47.26551055908203 2.7683541774749756
322.5212097167969 47.316253662109375 3.140897512435913
318.5212097167969 47.319034576416016 3.140897512435913
314.5212097167969 47.321815490722656 3.140897512435913
314.5212097167969 47.321815490722656 2.740898370742798
314.2544860839844 47.37990188598633 3.1134417057037354
310.2560729980469 47.49249267578125 3.1134417057037354
306.2576599121094 47.60508346557617 3.1134417057037354
306.257568359375 47.6051025390625 2.713449716567993
305.9925231933594 47.67048645019531 3.0859930515289307
301.99871826171875 47.89276885986328 3.0859930515289307
298.0049133300781 48.11505126953125 3.0859930515289307
294.0111083984375 48.33733367919922 3.0859930515289307
290.0173034667969 48.55961608886719 3.0859930515289307
290.0173034667969 48.55961990356445 2.6859939098358154
289.754150390625 48.63225555419922 3.058537244796753
285.7679443359375 48.96409606933594 3.058537244796753
281.78173828125 49.295936584472656 3.058537244796753
277.7955322265625 49.627777099609375 3.058537244796753
273.809326171875 49.959617614746094 3.058537244796753
269.8231201171875 50.29145812988281 3.058537244796753
265.8369140625 50.62329864501953 3.058537244796753
261.8507080078125 50.95513916015625 3.058537244796753
257.864501953125 51.28697967529297 3.058537244796753
253.8782958984375 51.61882019042969 3.058537244796753
249.89208984375 51.950660705566406 3.058537244796753
245.9058837890625 52.282501220703125 3.058537244796753
241.919677734375 52.614341735839844 3.058537244796753
237.9334716796875 52.94618225097656 3.058537244796753
233.947265625 53.27802276611328 3.058537244796753
229.9610595703125 53.60986328125 3.058537244796753
225.974853515625 53.94170379638672 3.058537244796753
221.9886474609375 54.27354431152344 3.058537244796753
218.00244140625 54.605384826660156 3.058537244796753
214.0162353515625 54.937225341796875 3.058537244796753
210.030029296875 55.269065856933594 3.058537244796753
206.0438232421875 55.60090637207031 3.058537244796753
202.0576171875 55.93274688720703 3.058537244796753
198.0714111328125 56.26458740234375 3.058537244796753
194.085205078125 56.59642791748047 3.058537244796753
190.0989990234375 56.92826843261719 3.058537244796753
186.11279296875 57.260108947753906 3.058537244796753
182.1265869140625 57.591949462890625 3.058537244796753
178.140380859375 57.923789978027344 3.058537244796753
174.1541748046875 58.25563049316406 3.058537244796753
170.16796875 58.58747100830078 3.058537244796753
166.1817626953125 58.9193115234375 3.058537244796753
162.195556640625 59.25115203857422 3.058537244796753
158.2093505859375 59.58299255371094 3.058537244796753
154.22314453125 59.914833068847656 3.058537244796753
150.2369384765625 60.246673583984375 3.058537244796753
146.250732421875 60.578514099121094 3.058537244796753
142.2645263671875 60.91035461425781 3.058537244796753
138.2783203125 61.24219512939453 3.058537244796753
134.2921142578125 61.57403564453125 3.058537244796753
130.305908203125 61.90587615966797 3.058537244796753
126.31969451904297 62.23771667480469 3.058537244796753
122.33348083496094 62.569557189941406 3.058537244796753
118.3472671508789 62.901397705078125 3.058537244796753
114.36105346679688 63.233238220214844 3.058537244796753
110.37483978271484 63.56507873535156 3.058537244796753
106.38862609863281 63.89691925048828 3.058537244796753
102.40241241455078 64.228759765625 3.058537244796753
98.41619873046875 64.56060028076172 3.058537244796753
94.42998504638672 64.89244079589844 3.058537244796753
90.44377136230469 65.22428131103516 3.058537244796753
86.45755767822266 65.55612182617188 3.058537244796753
82.47134399414062 65.8879623413086 3.058537244796753
78.4851303100586 66.21980285644531 3.058537244796753
78.2136001586914 66.1916732788086 -2.852104663848877
74.38004302978516 65.0498275756836 -2.852104663848877
70.5464859008789 63.907981872558594 -2.852104663848877
66.71292877197266 62.766136169433594 -2.852104663848877
62.87936782836914 61.624290466308594 -2.852104663848877
59.045806884765625 60.482444763183594 -2.852104663848877
55.21224594116211 59.340599060058594 -2.852104663848877
