62.828426361083984 452.82843017578125 0.7853981852531433
65.65685272216797 455.6568603515625 0.7853981852531433
68.48528289794922 458.48529052734375 0.7853981852531433
71.31371307373047 461.313720703125 0.7853981852531433
74.14214324951172 464.14215087890625 0.7853981852531433
76.97057342529297 466.9705810546875 0.7853981852531433
79.79900360107422 469.79901123046875 0.7853981852531433
82.62743377685547 472.62744140625 0.7853981852531433
85.45586395263672 475.45587158203125 0.7853981852531433
88.28429412841797 478.2843017578125 0.7853981852531433
91.11272430419922 481.11273193359375 0.7853981852531433
93.94115447998047 483.941162109375 0.7853981852531433
96.76958465576172 486.76959228515625 0.7853981852531433
99.59801483154297 489.5980224609375 0.7853981852531433
102.42644500732422 492.42645263671875 0.7853981852531433
105.25487518310547 495.2548828125 0.7853981852531433
108.08330535888672 498.08331298828125 0.7853981852531433
110.91173553466797 500.9117431640625 0.7853981852531433
113.74016571044922 503.74017333984375 0.7853981852531433
116.56859588623047 506.568603515625 0.7853981852531433
119.39702606201172 509.39703369140625 0.7853981852531433
122.22545623779297 512.2254638671875 0.7853981852531433
125.05388641357422 515.0538940429688 0.7853981852531433
127.88231658935547 517.88232421875 0.7853981852531433
130.7107391357422 520.7107543945312 0.7853981852531433
133.53916931152344 523.5391845703125 0.7853981852531433
136.3675994873047 526.3676147460938 0.7853981852531433
136.3675994873047 526.3676147460938 0.3853982388973236
140.07418823242188 527.871337890625 0.3853982388973236
143.78077697753906 529.3750610351562 0.3853982388973236
147.48736572265625 530.8787841796875 0.3853982388973236
147.48736572265625 530.8787841796875 -0.014601707458496094
151.4869384765625 530.8203735351562 -0.014601707458496094
155.48651123046875 530.761962890625 -0.014601707458496094
159.486083984375 530.7035522460938 -0.014601707458496094
163.48565673828125 530.6451416015625 -0.014601707458496094
167.4852294921875 530.5867309570312 -0.014601707458496094
171.48480224609375 530.5283203125 -0.014601707458496094
175.484375 530.4699096679688 -0.014601707458496094
179.48394775390625 530.4114990234375 -0.014601707458496094
179.48394775390625 530.4114990234375 -0.4146016538143158
183.14505004882812 528.8001708984375 -0.4146016538143158
186.80615234375 527.1888427734375 -0.4146016538143158
190.46725463867188 525.5775146484375 -0.4146016538143158
190.46725463867188 525.5775146484375 -0.8146016001701355
193.21188354492188 522.667724609375 -0.8146016001701355
195.95651245117188 519.7579345703125 -0.8146016001701355
198.70114135742188 516.84814453125 -0.8146016001701355
201.44577026367188 513.9383544921875 -0.8146016001701355
204.19039916992188 511.0285339355469 -0.8146016001701355
206.93502807617188 508.11871337890625 -0.8146016001701355
209.67965698242188 505.2088928222656 -0.8146016001701355
212.42428588867188 502.299072265625 -0.8146016001701355
215.16891479492188 499.3892517089844 -0.8146016001701355
217.91354370117188 496.47943115234375 -0.8146016001701355
220.65817260742188 493.5696105957031 -0.8146016001701355
223.40280151367188 490.6597900390625 -0.8146016001701355
226.14743041992188 487.7499694824219 -0.8146016001701355
228.89205932617188 484.84014892578125 -0.8146016001701355
231.63668823242188 481.9303283691406 -0.8146016001701355
234.38131713867188 479.0205078125 -0.8146016001701355
237.12594604492188 476.1106872558594 -0.8146016001701355
239.87057495117188 473.20086669921875 -0.8146016001701355
242.61520385742188 470.2910461425781 -0.8146016001701355
245.35983276367188 467.3812255859375 -0.8146016001701355
248.10446166992188 464.4714050292969 -0.8146016001701355
250.84909057617188 461.56158447265625 -0.8146016001701355
253.59371948242188 458.6517639160156 -0.8146016001701355
256.3383483886719 455.741943359375 -0.8146016001701355
259.0829772949219 452.8321228027344 -0.8146016001701355
261.8276062011719 449.92230224609375 -0.8146016001701355
264.5722351074219 447.0124816894531 -0.8146016001701355
267.3168640136719 444.1026611328125 -0.8146016001701355
270.0614929199219 441.1928405761719 -0.8146016001701355
270.7137451171875 440.6908874511719 -0.4972515404224396
271.49005126953125 440.4175109863281 -0.17990148067474365
275.4255065917969 439.7017822265625 -0.17990148067474365
279.3609619140625 438.9860534667969 -0.17990148067474365
280.1838073730469 438.9685974121094 0.13744857907295227
284.1460876464844 439.51666259765625 0.13744857907295227
288.1083679199219 440.0647277832031 0.13744857907295227
292.0706481933594 440.61279296875 0.13744857907295227
296.0329284667969 441.1608581542969 0.13744857907295227
299.9952087402344 441.70892333984375 0.13744857907295227
303.9574890136719 442.2569885253906 0.13744857907295227
304.74468994140625 442.4971618652344 0.4547986388206482
308.33807373046875 444.2542724609375 0.4547986388206482
308.33807373046875 444.2542724609375 0.05479869246482849
309.1424255371094 444.42864990234375 0.3721487522125244
312.8686218261719 445.88311767578125 0.3721487522125244
316.5948181152344 447.33758544921875 0.3721487522125244
317.3045959472656 447.7542419433594 0.689498782157898
317.3045959472656 447.7542419433594 0.28949883580207825
318.0463562011719 448.1108703613281 0.6068488955497742
318.0463562011719 448.1108703613281 0.20684894919395447
318.8150329589844 448.4050598144531 0.5241990089416504
318.8150329589844 448.4050598144531 0.12419906258583069
319.6053466796875 448.6347961425781 0.4415491223335266
320.2845153808594 449.09967041015625 0.7588992118835449
320.2845153808594 449.09967041015625 0.3588992655277252
320.999755859375 449.50689697265625 0.6762493252754211
320.999755859375 449.50689697265625 0.27624937891960144
321.74615478515625 449.8536682128906 0.5935994386672974
325.0618896484375 452.091064453125 0.5935994386672974
328.37762451171875 454.3284606933594 0.5935994386672974
331.693359375 456.56585693359375 0.5935994386672974
335.00909423828125 458.8032531738281 0.5935994386672974
338.3248291015625 461.0406494140625 0.5935994386672974
341.64056396484375 463.2780456542969 0.5935994386672974
344.956298828125 465.51544189453125 0.5935994386672974
348.27203369140625 467.7528381347656 0.5935994386672974
351.5877685546875 469.990234375 0.5935994386672974
354.90350341796875 472.2276306152344 0.5935994386672974
358.21923828125 474.46502685546875 0.5935994386672974
361.53497314453125 476.7024230957031 0.5935994386672974
364.8507080078125 478.9398193359375 0.5935994386672974
368.16644287109375 481.1772155761719 0.5935994386672974
371.482177734375 483.41461181640625 0.5935994386672974
374.79791259765625 485.6520080566406 0.5935994386672974
378.1136474609375 487.889404296875 0.5935994386672974
381.42938232421875 490.1268005371094 0.5935994386672974
384.7451171875 492.36419677734375 0.5935994386672974
388.06085205078125 494.6015930175781 0.5935994386672974
391.3765869140625 496.8389892578125 0.5935994386672974
394.69232177734375 499.0763854980469 0.5935994386672974
398.008056640625 501.31378173828125 0.5935994386672974
401.32379150390625 503.5511779785156 0.5935994386672974
404.6395263671875 505.78857421875 0.5935994386672974
407.95526123046875 508.0259704589844 0.5935994386672974
411.27099609375 510.26336669921875 0.5935994386672974
414.58673095703125 512.500732421875 0.5935994386672974
417.9024658203125 514.7380981445312 0.5935994386672974
421.21820068359375 516.9754638671875 0.5935994386672974
424.533935546875 519.2128295898438 0.5935994386672974
427.84967041015625 521.4501953125 0.5935994386672974
431.1654052734375 523.6875610351562 0.5935994386672974
434.48114013671875 525.9249267578125 0.5935994386672974
437.796875 528.1622924804688 0.5935994386672974
441.11260986328125 530.399658203125 0.5935994386672974
441.11260986328125 530.399658203125 0.19359949231147766
445.0378723144531 531.1692504882812 0.19359949231147766
448.963134765625 531.9388427734375 0.19359949231147766
452.8883972167969 532.7084350585938 0.19359949231147766
456.81365966796875 533.47802734375 0.19359949231147766
460.7389221191406 534.2476196289062 0.19359949231147766
464.6641845703125 535.0172119140625 0.19359949231147766
468.5894470214844 535.7868041992188 0.19359949231147766
472.51470947265625 536.556396484375 0.19359949231147766
476.4399719238281 537.3259887695312 0.19359949231147766
480.365234375 538.0955810546875 0.19359949231147766
484.2904968261719 538.8651733398438 0.19359949231147766
484.2904968261719 538.8651733398438 -0.20640045404434204
488.2055969238281 538.04541015625 -0.20640045404434204
492.1206970214844 537.2256469726562 -0.20640045404434204
496.0357971191406 536.4058837890625 -0.20640045404434204
499.9508972167969 535.5861206054688 -0.20640045404434204
503.8659973144531 534.766357421875 -0.20640045404434204
507.7810974121094 533.9465942382812 -0.20640045404434204
511.6961975097656 533.1268310546875 -0.20640045404434204
515.6112670898438 532.3070678710938 -0.20640045404434204
519.5263671875 531.4873046875 -0.20640045404434204
523.4414672851562 530.6675415039062 -0.20640045404434204
527.3565673828125 529.8477783203125 -0.20640045404434204
527.3565673828125 529.8477783203125 -0.6064003705978394
527.3565673828125 529.8477783203125 -1.0064003467559814
529.4962158203125 526.4681396484375 -1.0064003467559814
531.6358642578125 523.0885009765625 -1.0064003467559814
531.6358642578125 523.0885009765625 -1.4064003229141235
532.2904663085938 519.1424560546875 -1.4064003229141235
532.945068359375 515.1964111328125 -1.4064003229141235
533.5996704101562 511.2503356933594 -1.4064003229141235
534.2542724609375 507.30426025390625 -1.4064003229141235
534.9088745117188 503.3581848144531 -1.4064003229141235
535.5634765625 499.412109375 -1.4064003229141235
536.2180786132812 495.4660339355469 -1.4064003229141235
536.2180786132812 495.4660339355469 -1.8064002990722656
535.2843627929688 491.5765380859375 -1.8064002990722656
534.3506469726562 487.6870422363281 -1.8064002990722656
533.4169311523438 483.79754638671875 -1.8064002990722656
532.4832153320312 479.9080505371094 -1.8064002990722656
532.4832153320312 479.9080505371094 -2.206400156021118
530.1085815429688 476.689208984375 -2.206400156021118
527.7339477539062 473.4703674316406 -2.206400156021118
525.3593139648438 470.25152587890625 -2.206400156021118
522.9846801757812 467.0326843261719 -2.206400156021118
520.6100463867188 463.8138427734375 -2.206400156021118
518.2354125976562 460.5950012207031 -2.206400156021118
515.8607788085938 457.37615966796875 -2.206400156021118
513.4861450195312 454.1573181152344 -2.206400156021118
511.1114807128906 450.9384765625 -2.206400156021118
508.73681640625 447.7196350097656 -2.206400156021118
506.41082763671875 444.6031494140625 -2.2175190448760986
506.41082763671875 444.6031494140625 -2.617518901824951
502.9476623535156 442.60150146484375 -2.617518901824951
499.4844970703125 440.599853515625 -2.617518901824951
496.0213317871094 438.59820556640625 -2.617518901824951
492.55816650390625 436.5965576171875 -2.617518901824951
489.0950012207031 434.59490966796875 -2.617518901824951
485.6318359375 432.59326171875 -2.617518901824951
482.1686706542969 430.59161376953125 -2.617518901824951
478.70550537109375 428.5899658203125 -2.617518901824951
475.2423400878906 426.58831787109375 -2.617518901824951
471.7791748046875 424.586669921875 -2.617518901824951
468.3160095214844 422.58502197265625 -2.617518901824951
464.85284423828125 420.5833740234375 -2.617518901824951
461.3896789550781 418.58172607421875 -2.617518901824951
457.926513671875 416.580078125 -2.617518901824951
454.4633483886719 414.57843017578125 -2.617518901824951
451.00018310546875 412.5767822265625 -2.617518901824951
447.5370178222656 410.57513427734375 -2.617518901824951
444.0738525390625 408.573486328125 -2.617518901824951
440.6106872558594 406.57183837890625 -2.617518901824951
437.14752197265625 404.5701904296875 -2.617518901824951
433.6843566894531 402.56854248046875 -2.617518901824951
430.22119140625 400.56689453125 -2.617518901824951
426.7580261230469 398.56524658203125 -2.617518901824951
423.29486083984375 396.5635986328125 -2.617518901824951
419.8316955566406 394.56195068359375 -2.617518901824951
416.3685302734375 392.560302734375 -2.617518901824951
412.9053649902344 390.55865478515625 -2.617518901824951
409.44219970703125 388.5570068359375 -2.617518901824951
405.9790344238281 386.55535888671875 -2.617518901824951
402.515869140625 384.5537109375 -2.617518901824951
399.0527038574219 382.55206298828125 -2.617518901824951
395.58953857421875 380.5504150390625 -2.617518901824951
392.1263732910156 378.54876708984375 -2.617518901824951
388.6632080078125 376.547119140625 -2.617518901824951
385.2000427246094 374.54547119140625 -2.617518901824951
381.73687744140625 372.5438232421875 -2.617518901824951
378.2737121582031 370.54217529296875 -2.617518901824951
374.810546875 368.54052734375 -2.617518901824951
371.3473815917969 366.53887939453125 -2.617518901824951
367.88421630859375 364.5372314453125 -2.617518901824951
364.4210510253906 362.53558349609375 -2.617518901824951
360.9578857421875 360.533935546875 -2.617518901824951
357.4947204589844 358.53228759765625 -2.617518901824951
354.03155517578125 356.5306396484375 -2.617518901824951
350.5683898925781 354.52899169921875 -2.617518901824951
347.105224609375 352.52734375 -2.617518901824951
343.6420593261719 350.52569580078125 -2.617518901824951
340.17889404296875 348.5240478515625 -2.617518901824951
336.7157287597656 346.52239990234375 -2.617518901824951
333.2525634765625 344.520751953125 -2.617518901824951
329.7893981933594 342.51910400390625 -2.617518901824951
326.32623291015625 340.5174560546875 -2.617518901824951
322.8630676269531 338.51580810546875 -2.617518901824951
319.39990234375 336.51416015625 -2.617518901824951
315.9367370605469 334.51251220703125 -2.617518901824951
312.47357177734375 332.5108642578125 -2.617518901824951
309.0104064941406 330.50921630859375 -2.617518901824951
305.5472412109375 328.507568359375 -2.617518901824951
302.0840759277344 326.50592041015625 -2.617518901824951
298.62091064453125 324.5042724609375 -2.617518901824951
295.1577453613281 322.50262451171875 -2.617518901824951
291.694580078125 320.5009765625 -2.617518901824951
288.2314147949219 318.49932861328125 -2.617518901824951
284.76824951171875 316.4976806640625 -2.617518901824951
281.3050842285156 314.49603271484375 -2.617518901824951
277.8419189453125 312.494384765625 -2.617518901824951
274.3787536621094 310.49273681640625 -2.617518901824951
270.91558837890625 308.4910888671875 -2.617518901824951
267.4524230957031 306.48944091796875 -2.617518901824951
263.9892578125 304.48779296875 -2.617518901824951
263.3507080078125 303.968505859375 -2.300168752670288
263.3507080078125 303.968505859375 -2.7001686096191406
262.6714782714844 303.50372314453125 -2.3828184604644775
259.7687683105469 300.7515869140625 -2.3828184604644775
259.7687683105469 300.7515869140625 -2.78281831741333
259.053466796875 300.3444519042969 -2.465468168258667
258.5009460449219 299.73443603515625 -2.148118019104004
258.5009460449219 299.73443603515625 -2.5481178760528564
257.8999328613281 299.172119140625 -2.2307677268981934
257.8999328613281 299.172119140625 -2.630767583847046
257.25457763671875 298.6613464355469 -2.313417434692383
257.25457763671875 298.6613464355469 -2.7134172916412354
256.5692443847656 298.2055969238281 -2.3960671424865723
253.6303253173828 295.4921569824219 -2.3960671424865723
250.69140625 292.7787170410156 -2.3960671424865723
250.18251037597656 292.1318664550781 -2.0787172317504883
250.18251037597656 292.1318664550781 -2.478717088699341
249.6219482421875 291.52923583984375 -2.1613669395446777
247.3946075439453 288.2067565917969 -2.1613669395446777
247.0500946044922 287.45928955078125 -1.8440169095993042
247.0500946044922 287.45928955078125 -2.2440168857574463
246.64505004882812 286.7428283691406 -1.9266668558120728
246.64505004882812 286.7428283691406 -2.326666831970215
246.18223571777344 286.062255859375 -2.0093166828155518
244.4838409423828 282.44073486328125 -2.0093166828155518
244.2565155029297 281.64971923828125 -1.6919666528701782
244.2565155029297 281.64971923828125 -2.0919666290283203
243.96466064453125 280.8801574707031 -1.7746165990829468
243.96466064453125 280.8801574707031 -2.174616575241089
243.6102752685547 280.1373291015625 -1.8572665452957153
243.6102752685547 280.1373291015625 -2.2572665214538574
243.19577026367188 279.4263000488281 -1.9399164915084839
243.0238494873047 278.6214294433594 -1.6225664615631104
243.0238494873047 278.6214294433594 -2.022566318511963
242.7860565185547 277.83349609375 -1.7052162885665894
242.7860565185547 277.83349609375 -2.1052162647247314
242.48402404785156 277.06787109375 -1.787866234779358
242.48402404785156 277.06787109375 -2.1878662109375
242.1198272705078 276.3298034667969 -1.8705161809921265
242.00411987304688 275.51495361328125 -1.553166151046753
242.00411987304688 275.51495361328125 -1.953166127204895
241.82154846191406 274.7124328613281 -1.6358160972595215
241.82154846191406 274.7124328613281 -2.035815954208374
241.57333374023438 273.9277038574219 -1.7184659242630005
241.57333374023438 273.9277038574219 -2.1184659004211426
241.2611846923828 273.1661682128906 -1.801115870475769
240.34803771972656 269.27178955078125 -1.801115870475769
239.4348907470703 265.3774108886719 -1.801115870475769
239.37124633789062 264.5155029296875 -1.4878969192504883
239.7024688720703 260.52923583984375 -1.4878969192504883
240.03369140625 256.54296875 -1.4878969192504883
240.3649139404297 252.55670166015625 -1.4878969192504883
240.69613647460938 248.5704345703125 -1.4878969192504883
241.02735900878906 244.58416748046875 -1.4878969192504883
241.35858154296875 240.597900390625 -1.4878969192504883
241.68980407714844 236.61163330078125 -1.4878969192504883
242.02102661132812 232.6253662109375 -1.4878969192504883
242.3522491455078 228.63909912109375 -1.4878969192504883
242.6834716796875 224.65283203125 -1.4878969192504883
243.0146942138672 220.66656494140625 -1.4878969192504883
243.34591674804688 216.6802978515625 -1.4878969192504883
243.67713928222656 212.69403076171875 -1.4878969192504883
244.00836181640625 208.707763671875 -1.4878969192504883
244.33958435058594 204.72149658203125 -1.4878969192504883
244.53648376464844 203.92236328125 -1.1705468893051147
244.97291564941406 203.22457885742188 -0.8531968593597412
247.6032257080078 200.21102905273438 -0.8531968593597412
248.23561096191406 199.68426513671875 -0.5358468294143677
251.67495727539062 197.64198303222656 -0.5358468294143677
255.1143035888672 195.59970092773438 -0.5358468294143677
258.55364990234375 193.5574188232422 -0.5358468294143677
261.99298095703125 191.51513671875 -0.5358468294143677
265.43231201171875 189.4728546142578 -0.5358468294143677
268.87164306640625 187.43057250976562 -0.5358468294143677
272.31097412109375 185.38829040527344 -0.5358468294143677
275.75030517578125 183.34600830078125 -0.5358468294143677
276.5155029296875 183.0428924560547 -0.21849676966667175
280.42041015625 182.17584228515625 -0.21849676966667175
284.3253173828125 181.3087921142578 -0.21849676966667175
288.230224609375 180.44174194335938 -0.21849676966667175
292.1351318359375 179.57469177246094 -0.21849676966667175
296.0400390625 178.7076416015625 -0.21849676966667175
299.9449462890625 177.84059143066406 -0.21849676966667175
303.849853515625 176.97354125976562 -0.21849676966667175
307.7547607421875 176.1064910888672 -0.21849676966667175
311.65966796875 175.23944091796875 -0.21849676966667175
315.5645751953125 174.3723907470703 -0.21849676966667175
319.469482421875 173.50534057617188 -0.21849676966667175
323.3743896484375 172.63829040527344 -0.21849676966667175
327.279296875 171.771240234375 -0.21849676966667175
331.1842041015625 170.90419006347656 -0.21849676966667175
335.089111328125 170.03713989257812 -0.21849676966667175
338.9940185546875 169.1700897216797 -0.21849676966667175
342.89892578125 168.30303955078125 -0.21849676966667175
346.8038330078125 167.4359893798828 -0.21849676966667175
350.708740234375 166.56893920898438 -0.21849676966667175
354.6136474609375 165.70188903808594 -0.21849676966667175
358.5185546875 164.8348388671875 -0.21849676966667175
362.4234619140625 163.96778869628906 -0.21849676966667175
366.328369140625 163.10073852539062 -0.21849676966667175
370.2332763671875 162.2336883544922 -0.21849676966667175
374.13818359375 161.36663818359375 -0.21849676966667175
378.0430908203125 160.4995880126953 -0.21849676966667175
381.947998046875 159.63253784179688 -0.21849676966667175
385.8529052734375 158.76548767089844 -0.21849676966667175
389.7578125 157.8984375 -0.21849676966667175
393.6627197265625 157.03138732910156 -0.21849676966667175
397.567626953125 156.16433715820312 -0.21849676966667175
401.4725341796875 155.2972869873047 -0.21849676966667175
405.37744140625 154.43023681640625 -0.21849676966667175
409.2823486328125 153.5631866455078 -0.21849676966667175
413.187255859375 152.69613647460938 -0.21849676966667175
417.0921630859375 151.82908630371094 -0.21849676966667175
420.9970703125 150.9620361328125 -0.21849676966667175
424.9019775390625 150.09498596191406 -0.21849676966667175
428.806884765625 149.22793579101562 -0.21849676966667175
432.7117919921875 148.3608856201172 -0.21849676966667175
436.61669921875 147.49383544921875 -0.21849676966667175
440.5216064453125 146.6267852783203 -0.21849676966667175
444.426513671875 145.75973510742188 -0.21849676966667175
448.3314208984375 144.89268493652344 -0.21849676966667175
452.236328125 144.025634765625 -0.21849676966667175
456.1412353515625 143.15858459472656 -0.21849676966667175
460.046142578125 142.29153442382812 -0.21849676966667175
463.9510498046875 141.4244842529297 -0.21849676966667175
467.85595703125 140.55743408203125 -0.21849676966667175
471.7608642578125 139.6903839111328 -0.21849676966667175
475.665771484375 138.82333374023438 -0.21849676966667175
479.5706787109375 137.95628356933594 -0.21849676966667175
483.4755859375 137.0892333984375 -0.21849676966667175
487.3804931640625 136.22218322753906 -0.21849676966667175
491.285400390625 135.35513305664062 -0.21849676966667175
495.1903076171875 134.4880828857422 -0.21849676966667175
499.09521484375 133.62103271484375 -0.21849676966667175
503.0001220703125 132.7539825439453 -0.21849676966667175
506.905029296875 131.88693237304688 -0.21849676966667175
510.8099365234375 131.01988220214844 -0.21849676966667175
514.71484375 130.15283203125 -0.21849676966667175
518.6197509765625 129.28578186035156 -0.21849676966667175
522.524658203125 128.41873168945312 -0.21849676966667175
526.4295654296875 127.55168151855469 -0.21849676966667175
530.33447265625 126.68463134765625 -0.21849676966667175
530.33447265625 126.68463134765625 -0.6184967160224915
530.33447265625 126.68463134765625 -1.0184966325759888
530.33447265625 126.68463134765625 -1.4184966087341309
530.9413452148438 122.7309341430664 -1.4184966087341309
531.5482177734375 118.77723693847656 -1.4184966087341309
532.1550903320312 114.82353973388672 -1.4184966087341309
532.761962890625 110.86984252929688 -1.4184966087341309
533.3688354492188 106.91614532470703 -1.4184966087341309
533.9757080078125 102.96244812011719 -1.4184966087341309
534.5825805664062 99.00875091552734 -1.4184966087341309
535.189453125 95.0550537109375 -1.4184966087341309
535.7963256835938 91.10135650634766 -1.4184966087341309
535.7952880859375 91.07936096191406 -1.8162801265716553
534.8231811523438 87.19927978515625 -1.8162801265716553
533.85107421875 83.31919860839844 -1.8162801265716553
532.8789672851562 79.43911743164062 -1.8162801265716553
531.9068603515625 75.55903625488281 -1.8162801265716553
530.9347534179688 71.678955078125 -1.8162801265716553
529.962646484375 67.79887390136719 -1.8162801265716553
529.962646484375 67.79887390136719 -2.216279983520508
529.962646484375 67.79887390136719 -2.6162798404693604
526.501953125 65.79293823242188 -2.6162798404693604
526.501953125 65.79293823242188 -3.016279697418213
522.5333251953125 65.29299926757812 -3.016279697418213
518.564697265625 64.79306030273438 -3.016279697418213
514.5960693359375 64.29312133789062 -3.016279697418213
510.62744140625 63.79317855834961 -3.016279697418213
506.6588134765625 63.293235778808594 -3.016279697418213
502.690185546875 62.79329299926758 -3.016279697418213
498.7215576171875 62.29335021972656 -3.016279697418213
494.7529296875 61.79340744018555 -3.016279697418213
490.7843017578125 61.29346466064453 -3.016279697418213
486.815673828125 60.793521881103516 -3.016279697418213
482.8470458984375 60.2935791015625 -3.016279697418213
478.87841796875 59.793636322021484 -3.016279697418213
474.9097900390625 59.29369354248047 -3.016279697418213
470.941162109375 58.79375076293945 -3.016279697418213
466.9725341796875 58.29380798339844 -3.016279697418213
463.00390625 57.79386520385742 -3.016279697418213
459.0352783203125 57.293922424316406 -3.016279697418213
455.066650390625 56.79397964477539 -3.016279697418213
451.0980224609375 56.294036865234375 -3.016279697418213
447.12939453125 55.79409408569336 -3.016279697418213
443.1607666015625 55.294151306152344 -3.016279697418213
443.1607666015625 55.294151306152344 2.866905689239502
439.31072998046875 56.37913513183594 2.866905689239502
435.460693359375 57.46411895751953 2.866905689239502
431.61065673828125 58.549102783203125 2.866905689239502
427.7606201171875 59.63408660888672 2.866905689239502
423.91058349609375 60.71907043457031 2.866905689239502
420.060546875 61.804054260253906 2.866905689239502
416.21051025390625 62.8890380859375 2.866905689239502
412.3604736328125 63.974021911621094 2.866905689239502
411.54296875 64.06929016113281 -3.0989294052124023
410.736572265625 63.90469741821289 -2.7815792560577393
410.02178955078125 63.49668502807617 -2.464229106903076
410.02178955078125 63.49668502807617 -2.8642289638519287
409.2757568359375 63.14907455444336 -2.5468788146972656
409.2757568359375 63.14907455444336 -2.946878671646118
408.5035705566406 62.86423873901367 -2.629528522491455
408.5035705566406 62.86423873901367 -3.0295283794403076
407.71051025390625 62.64412307739258 -2.7121782302856445
404.07366943359375 60.97876739501953 -2.7121782302856445
400.43682861328125 59.313411712646484 -2.7121782302856445
400.43682861328125 59.313411712646484 -3.112178087234497
399.6282958984375 59.15951919555664 -2.794827938079834
395.86639404296875 57.80009078979492 -2.794827938079834
392.1044921875 56.4406623840332 -2.794827938079834
388.34259033203125 55.081233978271484 -2.794827938079834
388.34259033203125 55.081233978271484 3.088357448577881
387.5241394042969 54.99461364746094 -2.8774776458740234
383.662841796875 53.95039367675781 -2.8774776458740234
379.8015441894531 52.90617370605469 -2.8774776458740234
375.94024658203125 51.86195373535156 -2.8774776458740234
375.94024658203125 51.86195373535156 3.0057077407836914
375.117431640625 51.843196868896484 -2.960127353668213
371.18310546875 51.12131118774414 -2.960127353668213
367.248779296875 50.3994255065918 -2.960127353668213
363.314453125 49.67753982543945 -2.960127353668213
363.314453125 49.67753982543945 2.923058032989502
362.4928894042969 49.726776123046875 -3.0427770614624023
358.51239013671875 49.332157135009766 -3.0427770614624023
354.5318908691406 48.937538146972656 -3.0427770614624023
350.5513916015625 48.54291915893555 -3.0427770614624023
346.5708923339844 48.14830017089844 -3.0427770614624023
342.59039306640625 47.75368118286133 -3.0427770614624023
342.59039306640625 47.75368118286133 2.8404083251953125
341.77569580078125 47.870574951171875 -3.125426769256592
337.7762145996094 47.80591583251953 -3.125426769256592
333.7767333984375 47.74125671386719 -3.125426769256592
329.7772521972656 47.676597595214844 -3.125426769256592
325.77777099609375 47.6119384765625 -3.125426769256592
321.7782897949219 47.547279357910156 -3.125426769256592
317.77880859375 47.48262023925781 -3.125426769256592
317.77880859375 47.48262023925781 2.757758617401123
316.9765625 47.66637420654297 3.075108766555786
312.98541259765625 47.93211364746094 3.075108766555786
308.9942626953125 48.197853088378906 3.075108766555786
305.00311279296875 48.463592529296875 3.075108766555786
301.011962890625 48.729331970214844 3.075108766555786
297.02081298828125 48.99507141113281 3.075108766555786
293.0296630859375 49.26081085205078 3.075108766555786
289.03851318359375 49.52655029296875 3.075108766555786
285.04736328125 49.79228973388672 3.075108766555786
281.05621337890625 50.05802917480469 3.075108766555786
277.0650634765625 50.323768615722656 3.075108766555786
273.07391357421875 50.589508056640625 3.075108766555786
269.082763671875 50.855247497558594 3.075108766555786
265.09161376953125 51.12098693847656 3.075108766555786
261.1004638671875 51.38672637939453 3.075108766555786
257.10931396484375 51.6524658203125 3.075108766555786
253.11814880371094 51.91820526123047 3.075108766555786
249.12698364257812 52.18394470214844 3.075108766555786
245.1358184814453 52.449684143066406 3.075108766555786
241.1446533203125 52.715423583984375 3.075108766555786
237.1534881591797 52.981163024902344 3.075108766555786
233.16232299804688 53.24690246582031 3.075108766555786
229.17115783691406 53.51264190673828 3.075108766555786
225.17999267578125 53.77838134765625 3.075108766555786
221.18882751464844 54.04412078857422 3.075108766555786
217.19766235351562 54.30986022949219 3.075108766555786
213.2064971923828 54.575599670410156 3.075108766555786
209.21533203125 54.841339111328125 3.075108766555786
205.2241668701172 55.107078552246094 3.075108766555786
201.23300170898438 55.37281799316406 3.075108766555786
197.24183654785156 55.63855743408203 3.075108766555786
193.25067138671875 55.904296875 3.075108766555786
189.25950622558594 56.17003631591797 3.075108766555786
185.26834106445312 56.43577575683594 3.075108766555786
181.2771759033203 56.701515197753906 3.075108766555786
177.2860107421875 56.967254638671875 3.075108766555786
173.2948455810547 57.232994079589844 3.075108766555786
169.30368041992188 57.49873352050781 3.075108766555786
165.31251525878906 57.76447296142578 3.075108766555786
161.32135009765625 58.03021240234375 3.075108766555786
157.33018493652344 58.29595184326172 3.075108766555786
153.33901977539062 58.56169128417969 3.075108766555786
149.3478546142578 58.827430725097656 3.075108766555786
145.356689453125 59.093170166015625 3.075108766555786
141.3655242919922 59.358909606933594 3.075108766555786
137.37435913085938 59.62464904785156 3.075108766555786
133.38319396972656 59.89038848876953 3.075108766555786
129.39202880859375 60.1561279296875 3.075108766555786
125.40086364746094 60.42186737060547 3.075108766555786
121.40969848632812 60.68760681152344 3.075108766555786
117.41853332519531 60.953346252441406 3.075108766555786
113.4273681640625 61.219085693359375 3.075108766555786
109.43620300292969 61.484825134277344 3.075108766555786
105.44503784179688 61.75056457519531 3.075108766555786
101.45387268066406 62.01630401611328 3.075108766555786
97.46270751953125 62.28204345703125 3.075108766555786
93.47154235839844 62.54778289794922 3.075108766555786
89.48037719726562 62.81352233886719 3.075108766555786
85.48921203613281 63.079261779785156 3.075108766555786
81.498046875 63.345001220703125 3.075108766555786
77.50688171386719 63.610740661621094 3.075108766555786
73.51571655273438 63.87648010253906 3.075108766555786
69.52455139160156 64.14221954345703 3.075108766555786
65.53338623046875 64.407958984375 3.075108766555786
61.5422248840332 64.67369842529297 3.075108766555786
57.551063537597656 64.93943786621094 3.075108766555786
53.55990219116211 65.2051773071289 3.075108766555786
49.56874084472656 65.47091674804688 3.075108766555786
45.577579498291016 65.73665618896484 3.075108766555786
41.58641815185547 66.00239562988281 3.075108766555786
37.59525680541992 66.26813507080078 3.075108766555786
33.604095458984375 66.53387451171875 3.075108766555786
29.612932205200195 66.79961395263672 3.075108766555786
25.621768951416016 67.06535339355469 3.075108766555786
21.630605697631836 67.33109283447266 3.075108766555786
17.639442443847656 67.59683227539062 3.075108766555786
17.639442443847656 67.59683227539062 3.075108766555786
17.639442443847656 67.59683227539062 3.075108766555786
17.639442443847656 67.59683227539062 3.075108766555786
17.639442443847656 67.59683227539062 3.075108766555786
17.639442443847656 67.59683227539062 3.075108766555786
17.639442443847656 67.59683227539062 3.075108766555786
17.639442443847656 67.59683227539062 3.075108766555786
17.639442443847656 67.59683227539062 3.075108766555786
17.639442443847656 67.59683227539062 3.075108766555786
17.639442443847656 67.59683227539062 3.075108766555786
