-392.21925589380066
-394.2751387414197
-396.15928361707176
-397.86417626376954
-399.3830715771754
-400.7100383421562
-401.83991873074524
-402.7683848339479
-403.4918791853995
-404.0076534277024
-404.3137520377252
-404.4090348853547
-404.2931132043409
-403.96644693952334
-403.43026392869893
-402.686610539544
-401.7382847352493
-400.5889289589097
-399.24297716712096
-397.70560968143997
-395.98288979062323
-393.76509792163233
-391.57560653888186
-389.41489300245627
-387.2834404278719
-385.18173323431336
-383.11026096325935
-381.06951668099856
-380.9843797571234
-377.815333108071
-377.70054620785777
-373.8497952714564
-370.00221125916676
-366.15789400503667
-362.31694749362975
-358.4794800729424
-354.64560468022154
-350.81543908157784
-346.98910612635655
-343.16673401730395
-339.34845659764767
-335.53441365629766
-331.7247512524696
-327.919622061135
-324.1191857408163
-320.3236093253655
-316.53306764149687
-312.74774375398914
-308.96782944062755
-305.19352569912417
-301.4250432884412
-297.6626033071383
-293.9064378115836
-290.15679047710256
-286.41391730539135
-282.67808738180133
-278.94958368639755
-275.2287039630189
-271.51576165091984
-267.8110868839499
-264.1150275626387
-260.4279505049941
-256.7502426822949
-253.08231254667015
-249.42459145780103
-245.77753521666475
-242.1416257148577
-238.5173727086918
-234.9053157279485
-231.3060261298974
-231.24570037920788
-227.2534147945251
-223.26140505642996
-219.2696862310585
-215.2782745008402
-211.28717329320548
-207.29641534337946
-203.3060208651102
-199.31601168898166
-195.32641142714883
-191.33724565860473
-187.34854213802308
-183.36033103174702
-180.114064360942
-176.8666081797378
-172.87613230224304
-169.0343127713979
-165.0494502157046
-161.0653382845386
-157.08203409275768
-153.09960068701238
-149.11810783444753
-145.13763294035127
-141.15826211996685
-137.18009145546353
-133.20322847637112
-129.22779391108648
-125.25392376897055
-125.13155534333187
-121.64340443145481
-121.54625245880081
-119.12410499129874
-116.788755113656
-114.54551182755775
-112.3998899754664
-110.35758370396142
-108.42443139475931
-106.60637126080695
-104.90938705062221
-103.33944366551252
-101.902412977702
-100.60399073634574
-99.4496061394889
-98.44432638979414
-97.5927592765021
-96.898957455085
-96.36632854054147
-96.36632854054147
-96.36632854054147
-96.36632854054147
-96.36632854054147
-96.36632854054147
-96.36632854054147
-96.36632854054147
-96.36632854054147
-96.36632854054147
-96.36632854054147
