62.828426361083984 452.82843017578125 0.7853981852531433
65.65685272216797 455.6568603515625 0.7853981852531433
68.48528289794922 458.48529052734375 0.7853981852531433
71.31371307373047 461.313720703125 0.7853981852531433
74.14214324951172 464.14215087890625 0.7853981852531433
76.97057342529297 466.9705810546875 0.7853981852531433
79.79900360107422 469.79901123046875 0.7853981852531433
82.62743377685547 472.62744140625 0.7853981852531433
85.45586395263672 475.45587158203125 0.7853981852531433
88.28429412841797 478.2843017578125 0.7853981852531433
91.11272430419922 481.11273193359375 0.7853981852531433
93.94115447998047 483.941162109375 0.7853981852531433
96.76958465576172 486.76959228515625 0.7853981852531433
99.59801483154297 489.5980224609375 0.7853981852531433
102.42644500732422 492.42645263671875 0.7853981852531433
105.25487518310547 495.2548828125 0.7853981852531433
108.08330535888672 498.08331298828125 0.7853981852531433
110.91173553466797 500.9117431640625 0.7853981852531433
113.74016571044922 503.74017333984375 0.7853981852531433
116.56859588623047 506.568603515625 0.7853981852531433
119.39702606201172 509.39703369140625 0.7853981852531433
122.22545623779297 512.2254638671875 0.7853981852531433
125.05388641357422 515.0538940429688 0.7853981852531433
127.88231658935547 517.88232421875 0.7853981852531433
130.7107391357422 520.7107543945312 0.7853981852531433
133.53916931152344 523.5391845703125 0.7853981852531433
136.3675994873047 526.3676147460938 0.7853981852531433
136.3676300048828 526.3676147460938 0.3854016065597534
140.07421875 527.871337890625 0.3854016065597534
143.7808074951172 529.3750610351562 0.3854016065597534
147.48739624023438 530.8787841796875 0.3854016065597534
147.4874267578125 530.8787841796875 -0.014594972133636475
151.48699951171875 530.8204345703125 -0.014594972133636475
155.486572265625 530.7620849609375 -0.014594972133636475
159.48614501953125 530.7037353515625 -0.014594972133636475
163.4857177734375 530.6453857421875 -0.014594972133636475
167.48529052734375 530.5870361328125 -0.014594972133636475
171.48486328125 530.5286865234375 -0.014594972133636475
175.48443603515625 530.4703369140625 -0.014594972133636475
179.4840087890625 530.4119873046875 -0.014594972133636475
179.48403930664062 530.4119873046875 -0.41459155082702637
183.14515686035156 528.8007202148438 -0.41459155082702637
186.8062744140625 527.189453125 -0.41459155082702637
186.80630493164062 527.189453125 -0.8145881295204163
189.5509796142578 524.2796630859375 -0.8145881295204163
192.295654296875 521.369873046875 -0.8145881295204163
195.0403289794922 518.4600830078125 -0.8145881295204163
197.78500366210938 515.55029296875 -0.8145881295204163
200.52967834472656 512.6405029296875 -0.8145881295204163
203.27435302734375 509.7307434082031 -0.8145881295204163
206.01902770996094 506.82098388671875 -0.8145881295204163
208.76370239257812 503.9112243652344 -0.8145881295204163
211.5083770751953 501.00146484375 -0.8145881295204163
214.2530517578125 498.0917053222656 -0.8145881295204163
216.9977264404297 495.18194580078125 -0.8145881295204163
219.74240112304688 492.2721862792969 -0.8145881295204163
222.48707580566406 489.3624267578125 -0.8145881295204163
225.23175048828125 486.4526672363281 -0.8145881295204163
227.97642517089844 483.54290771484375 -0.8145881295204163
230.72109985351562 480.6331481933594 -0.8145881295204163
233.4657745361328 477.723388671875 -0.8145881295204163
236.21044921875 474.8136291503906 -0.8145881295204163
238.9551239013672 471.90386962890625 -0.8145881295204163
241.69979858398438 468.9941101074219 -0.8145881295204163
244.44447326660156 466.0843505859375 -0.8145881295204163
247.18914794921875 463.1745910644531 -0.8145881295204163
249.93382263183594 460.26483154296875 -0.8145881295204163
252.67849731445312 457.3550720214844 -0.8145881295204163
255.4231719970703 454.4453125 -0.8145881295204163
258.1678466796875 451.5355529785156 -0.8145881295204163
260.9125061035156 448.62579345703125 -0.8145881295204163
263.65716552734375 445.7160339355469 -0.8145881295204163
266.4018249511719 442.8062744140625 -0.8145881295204163
269.146484375 439.8965148925781 -0.8145881295204163
269.2287902832031 439.8377990722656 -0.42476320266723633
269.3272399902344 439.81475830078125 -0.034938275814056396
273.3247985839844 439.675048828125 -0.034938275814056396
277.3223571777344 439.53533935546875 -0.034938275814056396
281.3199157714844 439.3956298828125 -0.034938275814056396
285.3174743652344 439.25592041015625 -0.034938275814056396
289.3150329589844 439.1162109375 -0.034938275814056396
293.3125915527344 438.97650146484375 -0.034938275814056396
293.41241455078125 438.99261474609375 0.35488665103912354
297.16314697265625 440.3825378417969 0.35488665103912354
300.91387939453125 441.7724609375 0.35488665103912354
304.66461181640625 443.1623840332031 0.35488665103912354
308.41534423828125 444.55230712890625 0.35488665103912354
312.16607666015625 445.9422302246094 0.35488665103912354
315.91680908203125 447.3321533203125 0.35488665103912354
316.0030212402344 447.3849792480469 0.7447115778923035
316.0030517578125 447.385009765625 0.3447149991989136
316.08978271484375 447.43695068359375 0.7345399260520935
316.0898132324219 447.4369812011719 0.3345433473587036
316.17706298828125 447.488037109375 0.7243682742118835
316.1770935058594 447.4880676269531 0.32437169551849365
316.2648620605469 447.5382385253906 0.7141966223716736
316.264892578125 447.53826904296875 0.3142000436782837
316.3531799316406 447.5875549316406 0.7040249705314636
316.35321044921875 447.58758544921875 0.30402839183807373
316.4419860839844 447.6359558105469 0.6938533186912537
316.4420166015625 447.635986328125 0.29385673999786377
316.5312805175781 447.6834716796875 0.6836816668510437
316.53131103515625 447.6835021972656 0.2836850881576538
316.6210632324219 447.7300720214844 0.6735100150108337
316.62109375 447.7301025390625 0.27351343631744385
316.7113037109375 447.7757568359375 0.6633383631706238
316.7113342285156 447.7757568359375 0.2633417844772339
316.802001953125 447.82049560546875 0.6531667113304138
316.8020324707031 447.82049560546875 0.2531701326370239
316.8931579589844 447.8642883300781 0.6429950594902039
316.8931884765625 447.8642883300781 0.24299848079681396
316.9847412109375 447.90716552734375 0.6328234076499939
316.9847717285156 447.90716552734375 0.232826828956604
317.0767822265625 447.9490966796875 0.6226517558097839
317.0768127441406 447.9490966796875 0.22265517711639404
317.1692199707031 447.9901123046875 0.612480103969574
317.16925048828125 447.9901123046875 0.21248352527618408
317.2620849609375 448.0301818847656 0.602308452129364
317.2621154785156 448.0301818847656 0.20231187343597412
317.3553466796875 448.0693054199219 0.592136800289154
317.3553771972656 448.0693054199219 0.19214022159576416
317.4490051269531 448.10748291015625 0.5819651484489441
317.44903564453125 448.10748291015625 0.1819685697555542
317.5430603027344 448.1446838378906 0.5717934966087341
317.5430908203125 448.1446838378906 0.17179691791534424
317.6374816894531 448.1809387207031 0.5616218447685242
317.63751220703125 448.1809387207031 0.16162526607513428
317.7322692871094 448.2162170410156 0.5514501929283142
317.7322998046875 448.2162170410156 0.15145361423492432
317.827392578125 448.25054931640625 0.5412785410881042
317.8274230957031 448.25054931640625 0.14128196239471436
317.9228820800781 448.2839050292969 0.5311068892478943
317.92291259765625 448.2839050292969 0.1311103105545044
318.0187072753906 448.3162841796875 0.5209352374076843
318.01873779296875 448.3162841796875 0.12093865871429443
318.1148376464844 448.3476867675781 0.5107635855674744
318.1148681640625 448.3476867675781 0.11076700687408447
318.2113037109375 448.37811279296875 0.5005919337272644
318.2113342285156 448.37811279296875 0.10059535503387451
318.3080749511719 448.4075622558594 0.49042028188705444
318.3863525390625 448.4715576171875 0.8802452087402344
318.3863830566406 448.4715881347656 0.4802486300468445
318.4653015136719 448.5347900390625 0.8700735569000244
318.46533203125 448.5348205566406 0.4700769782066345
318.4653625488281 448.5348205566406 0.07008039951324463
318.56292724609375 448.5613098144531 0.45990532636642456
318.64312744140625 448.6228942871094 0.8497302532196045
318.6431579589844 448.6229248046875 0.4497336745262146
318.7239685058594 448.6836853027344 0.8395586013793945
318.7239990234375 448.6837158203125 0.43956202268600464
318.805419921875 448.74365234375 0.8293869495391846
318.8054504394531 448.7436828613281 0.4293903708457947
318.8874816894531 448.80279541015625 0.8192152976989746
318.88751220703125 448.8028259277344 0.4192187190055847
318.97015380859375 448.861083984375 0.8090436458587646
318.9701843261719 448.8611145019531 0.40904706716537476
319.05340576171875 448.9185485839844 0.7988719940185547
319.0534362792969 448.9185791015625 0.3988754153251648
319.1372375488281 448.97515869140625 0.7887003421783447
319.13726806640625 448.9751892089844 0.38870376348495483
319.2216491699219 449.0309143066406 0.7785286903381348
319.2216796875 449.03094482421875 0.3785321116447449
319.3066101074219 449.0857849121094 0.7683570384979248
319.306640625 449.0858154296875 0.3683604598045349
319.3921203613281 449.1398010253906 0.7581853866577148
319.39215087890625 449.13983154296875 0.35818880796432495
319.4781799316406 449.19293212890625 0.7480137348175049
319.47821044921875 449.1929626464844 0.348017156124115
319.5647888183594 449.2452087402344 0.7378420829772949
319.5648193359375 449.2452392578125 0.33784550428390503
319.65191650390625 449.2966003417969 0.727670431137085
319.6519470214844 449.296630859375 0.32767385244369507
319.73956298828125 449.34710693359375 0.717498779296875
319.7395935058594 449.3471374511719 0.3175022006034851
319.8277282714844 449.3966979980469 0.707327127456665
319.8277587890625 449.396728515625 0.30733054876327515
319.9163818359375 449.4454040527344 0.6971554756164551
319.9164123535156 449.4454345703125 0.2971588969230652
320.0055236816406 449.4931945800781 0.6869838237762451
320.00555419921875 449.49322509765625 0.2869872450828552
320.09515380859375 449.54010009765625 0.6768121719360352
320.0951843261719 449.5401306152344 0.27681559324264526
320.18524169921875 449.5860900878906 0.6666405200958252
320.1852722167969 449.58612060546875 0.2666439414024353
320.2757873535156 449.6311340332031 0.6564688682556152
320.27581787109375 449.6311340332031 0.25647228956222534
320.3667907714844 449.67523193359375 0.6462972164154053
320.3668212890625 449.67523193359375 0.24630063772201538
320.458251953125 449.7184143066406 0.6361255645751953
320.4582824707031 449.7184143066406 0.23612898588180542
320.5501403808594 449.7606506347656 0.6259539127349854
320.5501708984375 449.7606506347656 0.22595733404159546
320.6424560546875 449.8019714355469 0.6157822608947754
320.6424865722656 449.8019714355469 0.2157856822013855
320.7351989746094 449.84234619140625 0.6056106090545654
320.7352294921875 449.84234619140625 0.20561403036117554
320.8283386230469 449.88177490234375 0.5954389572143555
320.828369140625 449.88177490234375 0.19544237852096558
320.921875 449.9202575683594 0.5852673053741455
324.2561340332031 452.12994384765625 0.5852673053741455
327.59039306640625 454.3396301269531 0.5852673053741455
330.9246520996094 456.54931640625 0.5852673053741455
334.2589111328125 458.7590026855469 0.5852673053741455
337.5931701660156 460.96868896484375 0.5852673053741455
340.92742919921875 463.1783752441406 0.5852673053741455
344.2616882324219 465.3880615234375 0.5852673053741455
347.595947265625 467.5977478027344 0.5852673053741455
350.9302062988281 469.80743408203125 0.5852673053741455
354.26446533203125 472.0171203613281 0.5852673053741455
357.5987243652344 474.226806640625 0.5852673053741455
360.9329833984375 476.4364929199219 0.5852673053741455
364.2672424316406 478.64617919921875 0.5852673053741455
367.60150146484375 480.8558654785156 0.5852673053741455
370.9357604980469 483.0655517578125 0.5852673053741455
374.27001953125 485.2752380371094 0.5852673053741455
377.6042785644531 487.48492431640625 0.5852673053741455
380.93853759765625 489.6946105957031 0.5852673053741455
384.2727966308594 491.904296875 0.5852673053741455
387.6070556640625 494.1139831542969 0.5852673053741455
390.9413146972656 496.32366943359375 0.5852673053741455
394.27557373046875 498.5333557128906 0.5852673053741455
397.6098327636719 500.7430419921875 0.5852673053741455
400.944091796875 502.9527282714844 0.5852673053741455
404.2783508300781 505.16241455078125 0.5852673053741455
407.61260986328125 507.3721008300781 0.5852673053741455
410.9468688964844 509.581787109375 0.5852673053741455
414.2811279296875 511.7914733886719 0.5852673053741455
417.6153869628906 514.0011596679688 0.5852673053741455
420.94964599609375 516.2108764648438 0.5852673053741455
424.2839050292969 518.4205932617188 0.5852673053741455
427.6181640625 520.6303100585938 0.5852673053741455
430.9524230957031 522.8400268554688 0.5852673053741455
434.28668212890625 525.0497436523438 0.5852673053741455
437.6209411621094 527.2594604492188 0.5852673053741455
440.9552001953125 529.4691772460938 0.5852673053741455
440.9552307128906 529.4691772460938 0.18527072668075562
444.88677978515625 530.2060546875 0.18527072668075562
448.8183288574219 530.9429321289062 0.18527072668075562
452.7498779296875 531.6798095703125 0.18527072668075562
456.6814270019531 532.4166870117188 0.18527072668075562
460.61297607421875 533.153564453125 0.18527072668075562
464.5445251464844 533.8904418945312 0.18527072668075562
468.47607421875 534.6273193359375 0.18527072668075562
472.4076232910156 535.3641967773438 0.18527072668075562
476.33917236328125 536.10107421875 0.18527072668075562
480.2707214355469 536.8379516601562 0.18527072668075562
484.2022705078125 537.5748291015625 0.18527072668075562
484.2023010253906 537.5748291015625 -0.21472585201263428
488.1104431152344 536.7225341796875 -0.21472585201263428
492.0185852050781 535.8702392578125 -0.21472585201263428
495.9267272949219 535.0179443359375 -0.21472585201263428
499.8348693847656 534.1656494140625 -0.21472585201263428
503.7430114746094 533.3133544921875 -0.21472585201263428
507.6511535644531 532.4610595703125 -0.21472585201263428
511.5592956542969 531.6087646484375 -0.21472585201263428
515.4674072265625 530.7564697265625 -0.21472585201263428
519.3755493164062 529.9041748046875 -0.21472585201263428
523.28369140625 529.0518798828125 -0.21472585201263428
527.1918334960938 528.1995849609375 -0.21472585201263428
527.19189453125 528.1995849609375 -0.6147224307060242
527.19189453125 528.1995849609375 -1.014719009399414
529.3033447265625 524.80224609375 -1.014719009399414
529.3033447265625 524.8021850585938 -1.4147155284881592
529.9251098632812 520.850830078125 -1.4147155284881592
530.546875 516.8994750976562 -1.4147155284881592
531.1686401367188 512.9481201171875 -1.4147155284881592
531.7904052734375 508.9967346191406 -1.4147155284881592
532.4121704101562 505.04534912109375 -1.4147155284881592
533.033935546875 501.0939636230469 -1.4147155284881592
533.6557006835938 497.142578125 -1.4147155284881592
533.6557006835938 497.1425476074219 -1.8147120475769043
532.689697265625 493.2609558105469 -1.8147120475769043
531.7236938476562 489.3793640136719 -1.8147120475769043
530.7576904296875 485.4977722167969 -1.8147120475769043
529.7916870117188 481.6161804199219 -1.8147120475769043
528.82568359375 477.7345886230469 -1.8147120475769043
528.82568359375 477.73455810546875 -2.2147085666656494
526.4243774414062 474.5355529785156 -2.2147085666656494
524.0230712890625 471.3365478515625 -2.2147085666656494
521.6217651367188 468.1375427246094 -2.2147085666656494
519.220458984375 464.93853759765625 -2.2147085666656494
516.8191528320312 461.7395324707031 -2.2147085666656494
514.4178466796875 458.54052734375 -2.2147085666656494
512.0165405273438 455.3415222167969 -2.2147085666656494
509.615234375 452.14251708984375 -2.2147085666656494
507.21392822265625 448.9435119628906 -2.2147085666656494
504.8126220703125 445.7445068359375 -2.2147085666656494
502.41131591796875 442.5455017089844 -2.2147085666656494
502.4112854003906 442.54547119140625 -2.6147050857543945
498.9537658691406 440.5340881347656 -2.6147050857543945
495.4962463378906 438.522705078125 -2.6147050857543945
492.0387268066406 436.5113220214844 -2.6147050857543945
488.5812072753906 434.49993896484375 -2.6147050857543945
485.1236877441406 432.4885559082031 -2.6147050857543945
481.6661682128906 430.4771728515625 -2.6147050857543945
478.2086486816406 428.4657897949219 -2.6147050857543945
474.7511291503906 426.45440673828125 -2.6147050857543945
471.2936096191406 424.4430236816406 -2.6147050857543945
467.8360900878906 422.431640625 -2.6147050857543945
464.3785705566406 420.4202575683594 -2.6147050857543945
460.9210510253906 418.40887451171875 -2.6147050857543945
457.4635314941406 416.3974914550781 -2.6147050857543945
454.0060119628906 414.3861083984375 -2.6147050857543945
450.5484924316406 412.3747253417969 -2.6147050857543945
447.0909729003906 410.36334228515625 -2.6147050857543945
443.6334533691406 408.3519592285156 -2.6147050857543945
440.1759338378906 406.340576171875 -2.6147050857543945
436.7184143066406 404.3291931152344 -2.6147050857543945
433.2608947753906 402.31781005859375 -2.6147050857543945
429.8033752441406 400.3064270019531 -2.6147050857543945
426.3458557128906 398.2950439453125 -2.6147050857543945
422.8883361816406 396.2836608886719 -2.6147050857543945
419.4308166503906 394.27227783203125 -2.6147050857543945
415.9732971191406 392.2608947753906 -2.6147050857543945
412.5157775878906 390.24951171875 -2.6147050857543945
409.0582580566406 388.2381286621094 -2.6147050857543945
405.6007385253906 386.22674560546875 -2.6147050857543945
402.1432189941406 384.2153625488281 -2.6147050857543945
398.6856994628906 382.2039794921875 -2.6147050857543945
395.2281799316406 380.1925964355469 -2.6147050857543945
391.7706604003906 378.18121337890625 -2.6147050857543945
388.3131408691406 376.1698303222656 -2.6147050857543945
384.8556213378906 374.158447265625 -2.6147050857543945
381.3981018066406 372.1470642089844 -2.6147050857543945
377.9405822753906 370.13568115234375 -2.6147050857543945
374.4830627441406 368.1242980957031 -2.6147050857543945
371.0255432128906 366.1129150390625 -2.6147050857543945
367.5680236816406 364.1015319824219 -2.6147050857543945
364.1105041503906 362.09014892578125 -2.6147050857543945
360.6529846191406 360.0787658691406 -2.6147050857543945
357.1954650878906 358.0673828125 -2.6147050857543945
353.7379455566406 356.0559997558594 -2.6147050857543945
350.2804260253906 354.04461669921875 -2.6147050857543945
346.8229064941406 352.0332336425781 -2.6147050857543945
343.3653869628906 350.0218505859375 -2.6147050857543945
339.9078674316406 348.0104675292969 -2.6147050857543945
336.4503479003906 345.99908447265625 -2.6147050857543945
332.9928283691406 343.9877014160156 -2.6147050857543945
329.5353088378906 341.976318359375 -2.6147050857543945
326.0777893066406 339.9649353027344 -2.6147050857543945
322.6202697753906 337.95355224609375 -2.6147050857543945
319.1627502441406 335.9421691894531 -2.6147050857543945
315.7052307128906 333.9307861328125 -2.6147050857543945
312.2477111816406 331.9194030761719 -2.6147050857543945
308.7901916503906 329.90802001953125 -2.6147050857543945
305.3326721191406 327.8966369628906 -2.6147050857543945
301.8751525878906 325.88525390625 -2.6147050857543945
298.4176330566406 323.8738708496094 -2.6147050857543945
294.9601135253906 321.86248779296875 -2.6147050857543945
291.5025939941406 319.8511047363281 -2.6147050857543945
288.0450744628906 317.8397216796875 -2.6147050857543945
284.5875549316406 315.8283386230469 -2.6147050857543945
281.1300354003906 313.81695556640625 -2.6147050857543945
277.6725158691406 311.8055725097656 -2.6147050857543945
274.2149963378906 309.794189453125 -2.6147050857543945
270.7574768066406 307.7828063964844 -2.6147050857543945
267.2999572753906 305.77142333984375 -2.6147050857543945
263.8424377441406 303.7600402832031 -2.6147050857543945
263.76654052734375 303.6932373046875 -2.2248802185058594
263.7665100097656 303.6932067871094 -2.6248767375946045
263.68994140625 303.6271667480469 -2.2350518703460693
263.6899108886719 303.62713623046875 -2.6350483894348145
263.6126708984375 303.5618896484375 -2.2452235221862793
263.6126403808594 303.5618591308594 -2.6452200412750244
263.53472900390625 303.4974060058594 -2.2553951740264893
263.5346984863281 303.49737548828125 -2.6553916931152344
263.4561462402344 303.4337158203125 -2.265566825866699
263.45611572265625 303.4336853027344 -2.6655633449554443
263.3769226074219 303.3708190917969 -2.275738477706909
263.37689208984375 303.37078857421875 -2.6757349967956543
263.29705810546875 303.3087463378906 -2.285910129547119
263.2970275878906 303.3087158203125 -2.6859066486358643
263.2165832519531 303.2474670410156 -2.296081781387329
263.216552734375 303.2474365234375 -2.696078300476074
263.1354675292969 303.18701171875 -2.306253433227539
263.13543701171875 303.1869812011719 -2.706249952316284
263.0537414550781 303.12738037109375 -2.316425085067749
263.0537109375 303.1273498535156 -2.716421604156494
262.971435546875 303.068603515625 -2.326596736907959
262.9714050292969 303.0685729980469 -2.726593255996704
262.8885192871094 303.0106506347656 -2.336768388748169
262.88848876953125 303.0106201171875 -2.736764907836914
262.8050231933594 302.95355224609375 -2.346940040588379
262.80499267578125 302.9535217285156 -2.746936559677124
262.720947265625 302.8973083496094 -2.357111692428589
262.7209167480469 302.89727783203125 -2.757108211517334
262.6363220214844 302.8419189453125 -2.367283344268799
262.63629150390625 302.8418884277344 -2.767279863357544
262.5511169433594 302.7873840332031 -2.377454996109009
262.55108642578125 302.787353515625 -2.777451515197754
262.4653625488281 302.7337341308594 -2.3876266479492188
259.5494384765625 299.99560546875 -2.3876266479492188
259.5494079589844 299.9955749511719 -2.787623167037964
259.4631652832031 299.94281005859375 -2.3977982997894287
259.463134765625 299.9427795410156 -2.797794818878174
259.3763427734375 299.8908996582031 -2.4079699516296387
259.3763122558594 299.890869140625 -2.807966470718384
259.28900146484375 299.8398742675781 -2.4181416034698486
256.2908935546875 297.1919860839844 -2.4181416034698486
253.29278564453125 294.5440979003906 -2.4181416034698486
250.294677734375 291.8962097167969 -2.4181416034698486
250.23329162597656 291.81585693359375 -2.0283167362213135
250.2332763671875 291.8158264160156 -2.4283132553100586
250.17108154296875 291.7361145019531 -2.0384883880615234
250.1710662841797 291.736083984375 -2.4384849071502686
250.10806274414062 291.6570129394531 -2.0486600399017334
250.10804748535156 291.656982421875 -2.4486565589904785
250.0442352294922 291.57855224609375 -2.0588316917419434
250.04421997070312 291.5785217285156 -2.4588282108306885
249.9796142578125 291.500732421875 -2.0690033435821533
249.97959899902344 291.5007019042969 -2.4689998626708984
249.91421508789062 291.423583984375 -2.0791749954223633
249.91419982910156 291.4235534667969 -2.4791715145111084
249.8480224609375 291.34710693359375 -2.0893466472625732
249.84800720214844 291.3470764160156 -2.4893431663513184
249.78106689453125 291.27130126953125 -2.099518299102783
249.7810516357422 291.2712707519531 -2.4995148181915283
249.7133331298828 291.1961975097656 -2.109689950942993
249.7133026123047 291.1961669921875 -2.5096864700317383
249.64483642578125 291.12176513671875 -2.119861602783203
249.64480590820312 291.1217346191406 -2.5198581218719482
249.57557678222656 291.04803466796875 -2.130033254623413
249.57553100585938 291.0479736328125 -2.53002667427063
249.50555419921875 290.9749755859375 -2.1402018070220947
247.34902954101562 287.6060791015625 -2.1402018070220947
247.31204223632812 287.5119934082031 -1.7503769397735596
247.31202697753906 287.511962890625 -2.1503734588623047
247.2740936279297 287.4182434082031 -1.7605485916137695
247.27407836914062 287.418212890625 -2.1605451107025146
247.2351837158203 287.32489013671875 -1.7707202434539795
247.23516845703125 287.3248596191406 -2.1707167625427246
247.19532775878906 287.23193359375 -1.7808918952941895
247.1953125 287.2319030761719 -2.1808884143829346
247.15452575683594 287.1393737792969 -1.7910635471343994
247.15451049804688 287.13934326171875 -2.1910600662231445
247.11279296875 287.0472412109375 -1.8012351989746094
247.11277770996094 287.0472106933594 -2.2012317180633545
247.0701141357422 286.9555358886719 -1.8114068508148193
247.07009887695312 286.95550537109375 -2.2114033699035645
247.02651977539062 286.8642883300781 -1.8215785026550293
247.02650451660156 286.8642578125 -2.2215750217437744
246.98199462890625 286.7734680175781 -1.8317501544952393
246.9819793701172 286.7734375 -2.2317466735839844
246.93655395507812 286.68310546875 -1.8419218063354492
246.93653869628906 286.6830749511719 -2.2419183254241943
246.8901824951172 286.5932312011719 -1.8520934581756592
246.89016723632812 286.59320068359375 -2.2520899772644043
246.84291076660156 286.5038146972656 -1.8622651100158691
246.8428955078125 286.5037841796875 -2.2622616291046143
246.7947235107422 286.4148864746094 -1.872436761856079
246.79470825195312 286.41485595703125 -2.272433280944824
246.74563598632812 286.3264465332031 -1.882608413696289
246.74562072753906 286.326416015625 -2.282604932785034
246.69564819335938 286.238525390625 -1.892780065536499
246.6956329345703 286.2384948730469 -2.292776584625244
246.644775390625 286.151123046875 -1.902951717376709
246.64476013183594 286.1510925292969 -2.302948236465454
246.593017578125 286.0642395019531 -1.913123369216919
246.59300231933594 286.064208984375 -2.313119888305664
246.54037475585938 285.9778747558594 -1.923295021057129
246.5403594970703 285.97784423828125 -2.323291540145874
246.4868621826172 285.8920593261719 -1.9334666728973389
246.48684692382812 285.89202880859375 -2.333463191986084
246.43247985839844 285.8067932128906 -1.9436383247375488
246.43246459960938 285.8067626953125 -2.343634843826294
246.37722778320312 285.7220764160156 -1.9538099765777588
246.37721252441406 285.7220458984375 -2.353806495666504
246.3211212158203 285.6379089355469 -1.9639816284179688
246.32110595703125 285.63787841796875 -2.363978147506714
246.26416015625 285.5543212890625 -1.9741532802581787
246.26414489746094 285.5542907714844 -2.374149799346924
246.20635986328125 285.4713134765625 -1.9843249320983887
246.2063446044922 285.4712829589844 -2.384321451187134
246.147705078125 285.388916015625 -1.9944965839385986
246.14768981933594 285.3888854980469 -2.3944931030273438
246.08822631835938 285.30712890625 -2.0046682357788086
246.0882110595703 285.3070983886719 -2.4046647548675537
246.0279083251953 285.2259521484375 -2.0148398876190186
246.02789306640625 285.2259216308594 -2.4148364067077637
245.96678161621094 285.1453857421875 -2.0250115394592285
245.96676635742188 285.1453552246094 -2.4250080585479736
245.9048309326172 285.0654296875 -2.0351831912994385
245.87791442871094 284.96795654296875 -1.6453583240509033
245.87789916992188 284.9679260253906 -2.0453548431396484
245.84999084472656 284.8707580566406 -1.6555299758911133
245.8499755859375 284.8707275390625 -2.0555264949798584
245.82107543945312 284.7738342285156 -1.6657016277313232
245.82106018066406 284.7738037109375 -2.0656981468200684
245.7911834716797 284.6772155761719 -1.6758732795715332
245.79116821289062 284.67718505859375 -2.0758697986602783
245.76031494140625 284.5809020996094 -1.6860449314117432
245.7602996826172 284.58087158203125 -2.0860414505004883
245.7284698486328 284.4848937988281 -1.6962165832519531
245.72845458984375 284.48486328125 -2.0962131023406982
245.69564819335938 284.38922119140625 -1.706388235092163
245.6956329345703 284.3891906738281 -2.106384754180908
245.66184997558594 284.29388427734375 -1.716559886932373
245.66183471679688 284.2938537597656 -2.116556406021118
245.62709045410156 284.19891357421875 -1.726731538772583
245.6270751953125 284.1988830566406 -2.126728057861328
245.5913543701172 284.1042785644531 -1.736903190612793
245.59133911132812 284.104248046875 -2.136899709701538
245.55465698242188 284.0100402832031 -1.747074842453003
245.5546417236328 284.010009765625 -2.147071361541748
245.5170135498047 283.9161682128906 -1.757246494293213
245.51699829101562 283.9161376953125 -2.157243013381958
245.47840881347656 283.82269287109375 -1.7674181461334229
245.4783935546875 283.8226623535156 -2.167414665222168
245.43885803222656 283.7296142578125 -1.7775897979736328
245.4388427734375 283.7295837402344 -2.177586317062378
245.3983612060547 283.6369323730469 -1.7877614498138428
245.39834594726562 283.63690185546875 -2.187757968902588
245.35693359375 283.544677734375 -1.7979331016540527
245.35691833496094 283.5446472167969 -2.197929620742798
245.31455993652344 283.4528503417969 -1.8081047534942627
245.31454467773438 283.45281982421875 -2.208101272583008
245.27125549316406 283.3614501953125 -1.8182764053344727
245.271240234375 283.3614196777344 -2.2182729244232178
245.22703552246094 283.2704772949219 -1.8284480571746826
245.22702026367188 283.27044677734375 -2.2284445762634277
245.181884765625 283.1799621582031 -1.8386197090148926
245.18186950683594 283.179931640625 -2.2386162281036377
245.1358184814453 283.0899353027344 -1.8487913608551025
245.13580322265625 283.08990478515625 -2.2487878799438477
245.08883666992188 283.0003662109375 -1.8589630126953125
245.0888214111328 283.0003356933594 -2.2589595317840576
245.04095458984375 282.9112854003906 -1.8691346645355225
245.0409393310547 282.9112548828125 -2.2691311836242676
244.99215698242188 282.82269287109375 -1.8793063163757324
244.9921417236328 282.8226623535156 -2.2793028354644775
244.9424591064453 282.7345886230469 -1.8894779682159424
244.94244384765625 282.73455810546875 -2.2894744873046875
244.89187622070312 282.6470031738281 -1.8996496200561523
244.89186096191406 282.64697265625 -2.2996461391448975
244.8404083251953 282.5599365234375 -1.9098212718963623
244.84039306640625 282.5599060058594 -2.3098177909851074
244.78805541992188 282.473388671875 -1.9199929237365723
244.7880401611328 282.4733581542969 -2.3199894428253174
244.7348175048828 282.38739013671875 -1.9301645755767822
244.73480224609375 282.3873596191406 -2.3301610946655273
244.6807098388672 282.30194091796875 -1.9403362274169922
244.68069458007812 282.3019104003906 -2.3403327465057373
244.62574768066406 282.217041015625 -1.9505078792572021
244.625732421875 282.2170104980469 -2.3505043983459473
244.56991577148438 282.1326904296875 -1.960679531097412
244.569580078125 282.1322021484375 -2.360618829727173
244.51290893554688 282.0484619140625 -1.9707939624786377
244.5099639892578 282.0441589355469 -2.3702688217163086
244.45249938964844 281.9609680175781 -1.9804439544677734
244.4309539794922 281.8621826171875 -1.5906190872192383
244.4309539794922 281.8621520996094 -1.9906156063079834
244.4084014892578 281.7635803222656 -1.6007907390594482
244.40838623046875 281.7635498046875 -2.0007872581481934
244.3848419189453 281.66522216796875 -1.6109623908996582
244.38482666015625 281.6651916503906 -2.0109589099884033
244.3602752685547 281.5671081542969 -1.6211340427398682
244.36026000976562 281.56707763671875 -2.0211305618286133
244.334716796875 281.46923828125 -1.6313056945800781
244.33470153808594 281.4692077636719 -2.0313022136688232
244.30816650390625 281.37164306640625 -1.641477346420288
244.3081512451172 281.3716125488281 -2.041473865509033
244.28062438964844 281.2743225097656 -1.651648998260498
244.28060913085938 281.2742919921875 -2.051645517349243
244.25209045410156 281.1772766113281 -1.661820650100708
244.2520751953125 281.17724609375 -2.061817169189453
244.22256469726562 281.0805358886719 -1.671992301940918
244.22254943847656 281.08050537109375 -2.071988821029663
244.1920623779297 280.9841003417969 -1.682163953781128
244.19204711914062 280.98406982421875 -2.082160472869873
244.16058349609375 280.8879699707031 -1.692335605621338
244.1605682373047 280.887939453125 -2.092332124710083
244.1281280517578 280.79217529296875 -1.7025072574615479
244.12811279296875 280.7921447753906 -2.102503776550293
244.09469604492188 280.69671630859375 -1.7126789093017578
244.0946807861328 280.6966857910156 -2.112675428390503
244.060302734375 280.6015930175781 -1.7228505611419678
244.06028747558594 280.6015625 -2.122847080230713
244.0249481201172 280.5068359375 -1.7330222129821777
244.02493286132812 280.5068054199219 -2.133018732070923
243.98861694335938 280.4124450683594 -1.7431938648223877
243.9886016845703 280.41241455078125 -2.143190383911133
243.9513397216797 280.31842041015625 -1.7533655166625977
243.95132446289062 280.3183898925781 -2.1533620357513428
243.91310119628906 280.22479248046875 -1.7635371685028076
243.9130859375 280.2247619628906 -2.1635336875915527
243.87391662597656 280.1315612792969 -1.7737088203430176
243.8739013671875 280.13153076171875 -2.1737053394317627
243.8337860107422 280.0387268066406 -1.7838804721832275
243.83377075195312 280.0386962890625 -2.1838769912719727
243.79270935058594 279.9462890625 -1.7940521240234375
243.79269409179688 279.9462585449219 -2.1940486431121826
243.75070190429688 279.8542785644531 -1.8042237758636475
243.7506866455078 279.854248046875 -2.2042202949523926
243.707763671875 279.7626953125 -1.8143954277038574
243.70774841308594 279.7626647949219 -2.2143919467926025
243.6638946533203 279.67156982421875 -1.8245670795440674
243.66387939453125 279.6715393066406 -2.2245635986328125
243.6190948486328 279.5809020996094 -1.8347387313842773
243.61907958984375 279.58087158203125 -2.2347352504730225
243.57337951660156 279.4906921386719 -1.8449103832244873
243.5733642578125 279.49066162109375 -2.2449069023132324
243.52674865722656 279.40093994140625 -1.8550820350646973
243.5267333984375 279.4009094238281 -2.2550785541534424
243.4792022705078 279.3116760253906 -1.8652536869049072
243.47918701171875 279.3116455078125 -2.2652502059936523
243.43075561523438 279.222900390625 -1.8754253387451172
243.4307403564453 279.2228698730469 -2.2754218578338623
243.38140869140625 279.1346130371094 -1.8855969905853271
243.3693084716797 279.0341491699219 -1.495779037475586
243.3693084716797 279.03411865234375 -1.895775556564331
243.35618591308594 278.933837890625 -1.5059535503387451
243.35618591308594 278.9338073730469 -1.9059500694274902
243.34205627441406 278.83367919921875 -1.5161263942718506
243.34205627441406 278.8336486816406 -1.9161229133605957
243.326904296875 278.7336730957031 -1.5262985229492188
243.326904296875 278.733642578125 -1.9262950420379639
243.31072998046875 278.6338195800781 -1.5364704132080078
243.31072998046875 278.6337890625 -1.936466932296753
243.29354858398438 278.5341491699219 -1.5466420650482178
243.29354858398438 278.53411865234375 -1.946638584136963
243.27536010742188 278.4346618652344 -1.5568137168884277
243.27536010742188 278.43463134765625 -1.9568102359771729
243.2561492919922 278.3353576660156 -1.5669853687286377
243.2561492919922 278.3353271484375 -1.9669818878173828
243.23593139648438 278.23626708984375 -1.5771570205688477
243.23593139648438 278.2362365722656 -1.9771535396575928
243.21470642089844 278.13739013671875 -1.5873286724090576
243.21470642089844 278.1373596191406 -1.9873251914978027
243.19248962402344 278.0387268066406 -1.5975003242492676
243.19247436523438 278.0386962890625 -1.9974968433380127
243.16925048828125 277.9402770996094 -1.6076719760894775
243.1692352294922 277.94024658203125 -2.0076684951782227
243.14500427246094 277.8420715332031 -1.6178436279296875
243.14498901367188 277.842041015625 -2.0178401470184326
243.11976623535156 277.744140625 -1.6280152797698975
243.1197509765625 277.7441101074219 -2.0280117988586426
243.09353637695312 277.6464538574219 -1.6381869316101074
243.09352111816406 277.64642333984375 -2.0381834506988525
243.06631469726562 277.5490417480469 -1.6483585834503174
243.06629943847656 277.54901123046875 -2.0483551025390625
243.03810119628906 277.451904296875 -1.6585302352905273
243.0380859375 277.4518737792969 -2.0585267543792725
243.00889587402344 277.3550720214844 -1.6687018871307373
243.00888061523438 277.35504150390625 -2.0686984062194824
242.9787139892578 277.258544921875 -1.6788735389709473
242.97869873046875 277.2585144042969 -2.0788700580596924
242.9475555419922 277.1623229980469 -1.6890451908111572
242.94754028320312 277.16229248046875 -2.0890417098999023
242.91542053222656 277.0664367675781 -1.6992168426513672
242.9154052734375 277.06640625 -2.0992133617401123
242.88230895996094 276.9708557128906 -1.7093884944915771
242.88229370117188 276.9708251953125 -2.1093850135803223
242.8482208251953 276.8756408691406 -1.719560146331787
242.84820556640625 276.8756103515625 -2.1195566654205322
242.81317138671875 276.78076171875 -1.729731798171997
242.8131561279297 276.7807312011719 -2.129728317260742
242.77716064453125 276.6862487792969 -1.739903450012207
242.7771453857422 276.68621826171875 -2.139899969100952
242.7401885986328 276.59210205078125 -1.750075101852417
242.74017333984375 276.5920715332031 -2.150071620941162
242.70225524902344 276.49835205078125 -1.760246753692627
242.70223999023438 276.4983215332031 -2.160243272781372
242.6633758544922 276.40496826171875 -1.770418405532837
242.66336059570312 276.4049377441406 -2.170414924621582
242.62355041503906 276.31201171875 -1.7805900573730469
242.62353515625 276.3119812011719 -2.180586576461792
242.58277893066406 276.2194519042969 -1.7907617092132568
242.582763671875 276.21942138671875 -2.190758228302002
242.54107666015625 276.1273193359375 -1.8009333610534668
242.5410614013672 276.1272888183594 -2.200929880142212
242.49842834472656 276.0356140136719 -1.8111050128936768
242.4984130859375 276.03558349609375 -2.211101531982422
242.45484924316406 275.9443359375 -1.8212766647338867
241.46337890625 272.06915283203125 -1.8212766647338867
240.6779327392578 268.6509704589844 -1.7720398902893066
239.87838745117188 264.731689453125 -1.7720398902893066
239.07884216308594 260.8124084472656 -1.7720398902893066
239.06187438964844 260.2437438964844 -1.429211139678955
239.62632751464844 256.2837829589844 -1.429211139678955
240.19078063964844 252.3238067626953 -1.429211139678955
240.75523376464844 248.36383056640625 -1.429211139678955
241.31968688964844 244.4038543701172 -1.429211139678955
241.88414001464844 240.44387817382812 -1.429211139678955
242.44859313964844 236.48390197753906 -1.429211139678955
243.01304626464844 232.52392578125 -1.429211139678955
243.57749938964844 228.56394958496094 -1.429211139678955
244.14195251464844 224.60397338867188 -1.429211139678955
244.70640563964844 220.6439971923828 -1.429211139678955
245.27085876464844 216.68402099609375 -1.429211139678955
245.83531188964844 212.7240447998047 -1.429211139678955
246.39976501464844 208.76406860351562 -1.429211139678955
246.96421813964844 204.80409240722656 -1.429211139678955
246.99761962890625 204.7086181640625 -1.0393898487091064
249.0246124267578 201.26023864746094 -1.0393898487091064
249.09176635742188 201.1846466064453 -0.6495649218559265
252.27716064453125 198.76528930664062 -0.6495649218559265
255.46255493164062 196.34593200683594 -0.6495649218559265
258.64794921875 193.92657470703125 -0.6495645642280579
261.8333435058594 191.50721740722656 -0.6495645642280579
261.9241943359375 191.4628143310547 -0.25973963737487793
265.7900085449219 190.4355010986328 -0.25973963737487793
269.65582275390625 189.40818786621094 -0.25973963737487793
273.5216369628906 188.38087463378906 -0.25973963737487793
277.387451171875 187.3535614013672 -0.25973963737487793
281.2532653808594 186.3262481689453 -0.25973963737487793
285.11907958984375 185.29893493652344 -0.25973963737487793
288.9848937988281 184.27162170410156 -0.25973963737487793
292.8507080078125 183.2443084716797 -0.25973963737487793
296.7165222167969 182.2169952392578 -0.25973963737487793
300.58233642578125 181.18968200683594 -0.25973963737487793
304.4481506347656 180.16236877441406 -0.25973963737487793
308.31396484375 179.1350555419922 -0.25973963737487793
312.1797790527344 178.1077423095703 -0.25973963737487793
316.04559326171875 177.08042907714844 -0.25973963737487793
319.9114074707031 176.05311584472656 -0.25973963737487793
323.7772216796875 175.0258026123047 -0.25973963737487793
327.6430358886719 173.9984893798828 -0.25973963737487793
331.50885009765625 172.97117614746094 -0.25973963737487793
335.3746643066406 171.94386291503906 -0.25973963737487793
339.240478515625 170.9165496826172 -0.25973963737487793
343.1062927246094 169.8892364501953 -0.25973963737487793
346.97210693359375 168.86192321777344 -0.25973963737487793
350.8379211425781 167.83460998535156 -0.25973963737487793
354.7037353515625 166.8072967529297 -0.25973963737487793
358.5695495605469 165.7799835205078 -0.25973963737487793
362.43536376953125 164.75267028808594 -0.25973963737487793
366.3011779785156 163.72535705566406 -0.25973963737487793
370.1669921875 162.6980438232422 -0.25973963737487793
374.0328063964844 161.6707305908203 -0.25973963737487793
377.89862060546875 160.64341735839844 -0.25973963737487793
381.7644348144531 159.61610412597656 -0.25973963737487793
385.6302490234375 158.5887908935547 -0.25973963737487793
389.4960632324219 157.5614776611328 -0.25973963737487793
393.36187744140625 156.53416442871094 -0.25973963737487793
397.2276916503906 155.50685119628906 -0.25973963737487793
401.093505859375 154.4795379638672 -0.25973963737487793
404.9593200683594 153.4522247314453 -0.25973963737487793
408.82513427734375 152.42491149902344 -0.25973963737487793
412.6909484863281 151.39759826660156 -0.25973963737487793
416.5567626953125 150.3702850341797 -0.25973963737487793
420.4225769042969 149.3429718017578 -0.25973963737487793
424.28839111328125 148.31565856933594 -0.25973963737487793
428.1542053222656 147.28834533691406 -0.25973963737487793
432.02001953125 146.2610321044922 -0.25973963737487793
435.8858337402344 145.2337188720703 -0.25973963737487793
439.75164794921875 144.20640563964844 -0.25973963737487793
443.6174621582031 143.17909240722656 -0.25973963737487793
447.4832763671875 142.1517791748047 -0.25973963737487793
451.3490905761719 141.1244659423828 -0.25973963737487793
455.21490478515625 140.09715270996094 -0.25973963737487793
459.0807189941406 139.06983947753906 -0.25973963737487793
462.946533203125 138.0425262451172 -0.25973963737487793
466.8123474121094 137.0152130126953 -0.25973963737487793
470.67816162109375 135.98789978027344 -0.25973963737487793
474.5439758300781 134.96058654785156 -0.25973963737487793
478.4097900390625 133.9332733154297 -0.25973963737487793
482.2756042480469 132.9059600830078 -0.25973963737487793
486.14141845703125 131.87864685058594 -0.25973963737487793
490.0072326660156 130.85133361816406 -0.25973963737487793
493.873046875 129.8240203857422 -0.25973963737487793
497.7388610839844 128.7967071533203 -0.25973963737487793
501.60467529296875 127.76939392089844 -0.25973963737487793
505.4704895019531 126.74208068847656 -0.25973963737487793
509.3363037109375 125.71476745605469 -0.25973963737487793
513.2021484375 124.68745422363281 -0.25973963737487793
517.0679931640625 123.66014099121094 -0.25973963737487793
520.933837890625 122.63282775878906 -0.25973963737487793
524.7996826171875 121.60551452636719 -0.25973963737487793
524.7997436523438 121.60549926757812 -0.6597362160682678
524.7997436523438 121.60547637939453 -1.0597327947616577
526.7561645507812 118.1165771484375 -1.0597327947616577
528.7125854492188 114.62767791748047 -1.0597327947616577
530.6690063476562 111.13877868652344 -1.0597327947616577
530.6690063476562 111.13874816894531 -1.4597294330596924
531.1123657226562 107.16339111328125 -1.4597294330596924
531.5557250976562 103.18803405761719 -1.4597294330596924
531.9990844726562 99.21267700195312 -1.4597294330596924
532.4424438476562 95.23731994628906 -1.4597294330596924
532.8858032226562 91.261962890625 -1.4597294330596924
533.3291625976562 87.28660583496094 -1.4597294330596924
533.7725219726562 83.31124877929688 -1.4597294330596924
533.7725219726562 83.31121826171875 -1.8597259521484375
532.6328125 79.47702026367188 -1.8597259521484375
531.4931030273438 75.642822265625 -1.8597259521484375
530.3533935546875 71.80862426757812 -1.8597259521484375
530.3533935546875 71.80859375 -2.2597224712371826
530.3533935546875 71.8085708618164 -2.6597189903259277
526.8088989257812 69.9548110961914 -2.6597189903259277
523.264404296875 68.1010513305664 -2.6597189903259277
519.7199096679688 66.2472915649414 -2.6597189903259277
519.7198486328125 66.24728393554688 -3.059715509414673
515.7332763671875 65.9201431274414 -3.059715509414673
511.7466735839844 65.59300231933594 -3.059715509414673
507.76007080078125 65.26586151123047 -3.059715509414673
503.7734680175781 64.938720703125 -3.059715509414673
499.786865234375 64.61157989501953 -3.059715509414673
495.8002624511719 64.28443908691406 -3.059715509414673
491.81365966796875 63.95729446411133 -3.059715509414673
487.8270568847656 63.630149841308594 -3.059715509414673
483.8404541015625 63.30300521850586 -3.059715509414673
479.8538513183594 62.975860595703125 -3.059715509414673
475.86724853515625 62.64871597290039 -3.059715509414673
471.8806457519531 62.321571350097656 -3.059715509414673
467.89404296875 61.99442672729492 -3.059715509414673
463.9074401855469 61.66728210449219 -3.059715509414673
459.92083740234375 61.34013748168945 -3.059715509414673
455.9342346191406 61.01299285888672 -3.059715509414673
451.9476318359375 60.685848236083984 -3.059715509414673
447.9610290527344 60.35870361328125 -3.059715509414673
443.97442626953125 60.031558990478516 -3.059715509414673
439.9878234863281 59.70441436767578 -3.059715509414673
436.001220703125 59.37726974487305 -3.059715509414673
432.0146179199219 59.05012512207031 -3.059715509414673
428.02801513671875 58.72298049926758 -3.059715509414673
424.0414123535156 58.395835876464844 -3.059715509414673
423.94415283203125 58.36820602416992 -2.6698906421661377
420.3809814453125 56.550594329833984 -2.6698906421661377
420.3809509277344 56.55058670043945 -3.069887161254883
420.2834167480469 56.523948669433594 -2.6800622940063477
420.28338623046875 56.52394104003906 -3.0800588130950928
420.1855773925781 56.498294830322266 -2.6902339458465576
416.5861511230469 54.7535400390625 -2.6902339458465576
416.58612060546875 54.75353240966797 -3.0902304649353027
416.4880676269531 54.7288818359375 -2.7004055976867676
416.488037109375 54.72887420654297 -3.1004021167755127
416.3897399902344 54.705223083496094 -2.7105772495269775
416.38970947265625 54.70521545410156 -3.1105737686157227
416.2911682128906 54.68256759643555 -2.7207489013671875
416.2911376953125 54.682559967041016 -3.1207454204559326
416.1923828125 54.66091537475586 -2.7309205532073975
416.1923522949219 54.66090774536133 -3.1309170722961426
416.0933837890625 54.64026641845703 -2.7410922050476074
412.409912109375 53.08074951171875 -2.7410922050476074
412.4098815917969 53.08074188232422 -3.1410887241363525
412.3106994628906 53.06110763549805 -2.7512638568878174
408.611572265625 51.53913879394531 -2.7512638568878174
408.6115417480469 51.53913116455078 3.131924867630005
408.5121765136719 51.5205078125 -2.7614355087280273
408.51214599609375 51.52050018310547 3.121753215789795
408.41259765625 51.50288772583008 -2.7716071605682373
408.4125671386719 51.50288009643555 3.111581563949585
408.3128356933594 51.48628234863281 -2.7817788124084473
408.31280517578125 51.48627853393555 3.101409912109375
408.212890625 51.47069549560547 -2.7919504642486572
408.2128601074219 51.4706916809082 3.091238260269165
408.11279296875 51.45612716674805 -2.802122116088867
404.341064453125 50.124176025390625 -2.802122116088867
404.3410339355469 50.12417221069336 3.081066608428955
404.2408447265625 50.110626220703125 -2.812293767929077
404.2408142089844 50.11062240600586 3.070894956588745
404.1404724121094 50.09809494018555 -2.822465419769287
404.14044189453125 50.09809112548828 3.060723304748535
404.03997802734375 50.086585998535156 -2.832637071609497
404.0399475097656 50.08658218383789 3.050551652908325
403.93939208984375 50.07609939575195 -2.842808723449707
403.9393615722656 50.07609558105469 3.0403800010681152
403.83868408203125 50.06663513183594 -2.852980375289917
400.0041198730469 48.92814636230469 -2.852980375289917
400.00408935546875 48.92814254760742 3.0302083492279053
399.9033203125 48.919708251953125 -2.863152027130127
399.9032897949219 48.91970443725586 3.0200366973876953
399.8024597167969 48.91229248046875 -2.873323678970337
395.9455261230469 47.85204315185547 -2.873323678970337
395.94549560546875 47.8520393371582 3.0098650455474854
391.980224609375 48.377403259277344 3.0098724365234375
391.8793029785156 48.37101745605469 -2.8834879398345947
391.8792724609375 48.37101364135742 2.9997007846832275
391.7783203125 48.36565399169922 -2.8936595916748047
391.7782897949219 48.36565399169922 2.9895291328430176
391.6772766113281 48.361324310302734 -2.9038312435150146
391.67724609375 48.361324310302734 2.9793574810028076
391.5762023925781 48.3580207824707 -2.9140028953552246
387.6793518066406 47.455501556396484 -2.9140028953552246
387.6793212890625 47.455501556396484 2.9691858291625977
387.5782470703125 47.45322799682617 -2.9241745471954346
383.67242431640625 46.590389251708984 -2.9241745471954346
383.6723937988281 46.590389251708984 2.9590141773223877
383.5712585449219 46.589141845703125 -2.934349775314331
383.57122802734375 46.589141845703125 2.948838949203491
383.4700622558594 46.588924407958984 -2.9445271492004395
383.47003173828125 46.588924407958984 2.938661575317383
383.36883544921875 46.58973693847656 -2.9547078609466553
383.3688049316406 46.58973693847656 2.928480863571167
383.2677001953125 46.591575622558594 -2.9648795127868652
379.3299865722656 45.888397216796875 -2.9648795127868652
379.3299560546875 45.888397216796875 2.918309211730957
379.2071533203125 45.89201736450195 -2.9772403240203857
379.2071228027344 45.89201736450195 2.9059484004974365
379.0669250488281 45.89801025390625 -2.9913575649261475
375.1119689941406 45.2993278503418 -2.9913575649261475
375.10986328125 45.299434661865234 2.8920414447784424
375.0089111328125 45.304954528808594 -3.00131893157959
374.9794921875 45.30666732788086 2.884831428527832
374.8785705566406 45.31291580200195 -3.0085289478302
372.3913269042969 45.16911697387695 3.1240310668945312
368.3919372558594 45.23936080932617 3.1240310668945312
364.3925476074219 45.30960464477539 3.1240310668945312
360.3931579589844 45.37984848022461 3.1240310668945312
356.3937683105469 45.45009231567383 3.1240310668945312
352.3943786621094 45.52033615112305 3.1240310668945312
348.3949890136719 45.590579986572266 3.1240310668945312
344.3955993652344 45.660823822021484 3.1240310668945312
340.3962097167969 45.7310676574707 3.1240310668945312
336.3968200683594 45.80131149291992 3.1240310668945312
332.3974304199219 45.87155532836914 3.1240310668945312
328.3980407714844 45.94179916381836 3.1240310668945312
324.3986511230469 46.01204299926758 3.1240310668945312
320.3992614746094 46.0822868347168 3.1240310668945312
316.3998718261719 46.152530670166016 3.1240310668945312
316.39984130859375 46.15253829956055 2.724034547805786
316.3012390136719 46.17486572265625 3.1138594150543213
312.3027648925781 46.28578567504883 3.1138594150543213
308.3042907714844 46.396705627441406 3.1138594150543213
308.30426025390625 46.39671325683594 2.713862895965576
308.20587158203125 46.420040130615234 3.1036877632141113
308.2058410644531 46.420047760009766 2.703691244125366
308.1076965332031 46.444374084472656 3.0935161113739014
308.107666015625 46.44438171386719 2.6935195922851562
308.009765625 46.46970748901367 3.0833444595336914
304.01654052734375 46.70256805419922 3.0833444595336914
300.0233154296875 46.935428619384766 3.0833444595336914
296.03009033203125 47.16828918457031 3.0833444595336914
292.036865234375 47.40114974975586 3.0833444595336914
288.04364013671875 47.634010314941406 3.0833444595336914
288.0436096191406 47.63401794433594 2.6833479404449463
287.94598388671875 47.660335540771484 3.0731728076934814
287.9459533691406 47.660343170166016 2.6731762886047363
287.8486022949219 47.687652587890625 3.0630011558532715
287.84857177734375 47.687660217285156 2.6630046367645264
287.7514953613281 47.71595764160156 3.0528295040130615
283.7672424316406 48.0705451965332 3.0528295040130615
279.7829895019531 48.425132751464844 3.0528295040130615
275.7987365722656 48.779720306396484 3.0528295040130615
271.8144836425781 49.134307861328125 3.0528295040130615
267.8302307128906 49.488895416259766 3.0528295040130615
263.8459777832031 49.843482971191406 3.0528295040130615
259.8617248535156 50.19807052612305 3.0528295040130615
255.87747192382812 50.55265808105469 3.0528295040130615
251.89321899414062 50.90724563598633 3.0528295040130615
247.90896606445312 51.26183319091797 3.0528295040130615
243.92471313476562 51.61642074584961 3.0528295040130615
239.94046020507812 51.97100830078125 3.0528295040130615
235.95620727539062 52.32559585571289 3.0528295040130615
231.97195434570312 52.68018341064453 3.0528295040130615
227.98770141601562 53.03477096557617 3.0528295040130615
224.00344848632812 53.38935852050781 3.0528295040130615
220.01919555664062 53.74394607543945 3.0528295040130615
216.03494262695312 54.098533630371094 3.0528295040130615
212.05068969726562 54.453121185302734 3.0528295040130615
208.06643676757812 54.807708740234375 3.0528295040130615
204.08218383789062 55.162296295166016 3.0528295040130615
200.09793090820312 55.516883850097656 3.0528295040130615
196.11367797851562 55.8714714050293 3.0528295040130615
192.12942504882812 56.22605895996094 3.0528295040130615
188.14517211914062 56.58064651489258 3.0528295040130615
184.16091918945312 56.93523406982422 3.0528295040130615
180.17666625976562 57.28982162475586 3.0528295040130615
176.19241333007812 57.6444091796875 3.0528295040130615
172.20816040039062 57.99899673461914 3.0528295040130615
168.22390747070312 58.35358428955078 3.0528295040130615
164.23965454101562 58.70817184448242 3.0528295040130615
160.25540161132812 59.06275939941406 3.0528295040130615
156.27114868164062 59.4173469543457 3.0528295040130615
152.28689575195312 59.771934509277344 3.0528295040130615
148.30264282226562 60.126522064208984 3.0528295040130615
144.31838989257812 60.481109619140625 3.0528295040130615
140.33413696289062 60.835697174072266 3.0528295040130615
136.34988403320312 61.190284729003906 3.0528295040130615
132.36563110351562 61.54487228393555 3.0528295040130615
128.38137817382812 61.89945983886719 3.0528295040130615
124.39712524414062 62.25404739379883 3.0528295040130615
120.41287231445312 62.60863494873047 3.0528295040130615
116.42861938476562 62.96322250366211 3.0528295040130615
112.44436645507812 63.31781005859375 3.0528295040130615
108.46011352539062 63.67239761352539 3.0528295040130615
104.47586059570312 64.02698516845703 3.0528295040130615
100.49160766601562 64.3815689086914 3.0528295040130615
96.50735473632812 64.73615264892578 3.0528295040130615
92.52310180664062 65.09073638916016 3.0528295040130615
88.53884887695312 65.44532012939453 3.0528295040130615
84.55459594726562 65.7999038696289 3.0528295040130615
80.57034301757812 66.15448760986328 3.0528295040130615
76.58609008789062 66.50907135009766 3.0528295040130615
72.60183715820312 66.86365509033203 3.0528295040130615
68.61758422851562 67.2182388305664 3.0528295040130615
64.63333129882812 67.57282257080078 3.0528295040130615
60.649078369140625 67.92740631103516 3.0528295040130615
56.664825439453125 68.28199005126953 3.0528295040130615
52.680572509765625 68.6365737915039 3.0528295040130615
48.696319580078125 68.99115753173828 3.0528295040130615
44.712066650390625 69.34574127197266 3.0528295040130615
40.727813720703125 69.70032501220703 3.0528295040130615
36.743560791015625 70.0549087524414 3.0528295040130615
32.759307861328125 70.40949249267578 3.0528295040130615
28.775054931640625 70.76407623291016 3.0528295040130615
24.790802001953125 71.11865997314453 3.0528295040130615
20.806549072265625 71.4732437133789 3.0528295040130615
16.822296142578125 71.82782745361328 3.0528295040130615
16.822263717651367 71.82783508300781 2.6528329849243164
16.747272491455078 71.88896179199219 2.2625694274902344
