62.379791259765625 452.2120361328125 0.7123572826385498
64.91465759277344 454.2445068359375 0.6393163800239563
67.5910873413086 456.0865478515625 0.5662754774093628
70.39480590820312 457.7283630371094 0.4932346045970917
73.31086730957031 459.16119384765625 0.42019373178482056
76.32371520996094 460.3774108886719 0.34715285897254944
79.41728210449219 461.3705139160156 0.2741119861602783
82.5750732421875 462.1352233886719 0.2010711133480072
85.7802505493164 462.6674499511719 0.12803024053573608
89.0157241821289 462.96435546875 0.05498936027288437
92.26423645019531 463.02435302734375 -0.018051519989967346
95.50846862792969 462.8471374511719 -0.09109240025281906
98.73111724853516 462.4336242675781 -0.16413328051567078
101.91500091552734 461.7860412597656 -0.2371741533279419
105.04313659667969 460.9078369140625 -0.310215026140213
108.09884643554688 459.8037109375 -0.38325589895248413
111.06583404541016 458.4795227050781 -0.45629677176475525
113.92827606201172 456.9423522949219 -0.5293376445770264
116.67090606689453 455.2004089355469 -0.6023785471916199
119.27910614013672 453.262939453125 -0.6754194498062134
121.73896026611328 451.14031982421875 -0.7484603524208069
124.66990661621094 448.41827392578125 -0.7484603524208069
127.6008529663086 445.69622802734375 -0.7484603524208069
130.53179931640625 442.97418212890625 -0.7484603524208069
133.46275329589844 440.25213623046875 -0.7484603524208069
136.39370727539062 437.53009033203125 -0.7484603524208069
139.3246612548828 434.80804443359375 -0.7484603524208069
142.255615234375 432.08599853515625 -0.7484603524208069
142.33119201660156 431.9820861816406 -1.1355316638946533
144.01779174804688 428.35504150390625 -1.1355316638946533
144.09458923339844 428.0553283691406 -1.50441575050354
144.3599090576172 424.06414794921875 -1.50441575050354
144.62522888183594 420.0729675292969 -1.50441575050354
144.8905487060547 416.081787109375 -1.50441575050354
145.15586853027344 412.0906066894531 -1.50441575050354
145.4211883544922 408.09942626953125 -1.50441575050354
145.68650817871094 404.1082458496094 -1.50441575050354
145.9518280029297 400.1170654296875 -1.50441575050354
146.21714782714844 396.1258850097656 -1.50441575050354
146.4824676513672 392.13470458984375 -1.50441575050354
146.74778747558594 388.1435241699219 -1.50441575050354
147.0131072998047 384.15234375 -1.50441575050354
147.27842712402344 380.1611633300781 -1.50441575050354
147.5437469482422 376.16998291015625 -1.50441575050354
147.80906677246094 372.1788024902344 -1.50441575050354
148.0743865966797 368.1876220703125 -1.50441575050354
148.33970642089844 364.1964416503906 -1.50441575050354
148.6050262451172 360.20526123046875 -1.50441575050354
148.87034606933594 356.2140808105469 -1.50441575050354
149.1356658935547 352.222900390625 -1.50441575050354
149.40098571777344 348.2317199707031 -1.50441575050354
149.6663055419922 344.24053955078125 -1.50441575050354
149.93162536621094 340.2493591308594 -1.50441575050354
150.1969451904297 336.2581787109375 -1.50441575050354
150.46226501464844 332.2669982910156 -1.50441575050354
150.7275848388672 328.27581787109375 -1.50441575050354
150.99290466308594 324.2846374511719 -1.50441575050354
151.2582244873047 320.29345703125 -1.50441575050354
151.52354431152344 316.3022766113281 -1.50441575050354
151.7888641357422 312.31109619140625 -1.50441575050354
152.05418395996094 308.3199157714844 -1.50441575050354
151.9875030517578 307.6560974121094 -1.8373899459838867
150.9337158203125 303.7973937988281 -1.8373899459838867
149.8799285888672 299.9386901855469 -1.8373899459838867
148.82614135742188 296.0799865722656 -1.8373899459838867
147.77235412597656 292.2212829589844 -1.8373899459838867
146.71856689453125 288.3625793457031 -1.8373899459838867
145.66477966308594 284.5038757324219 -1.8373899459838867
144.61099243164062 280.6451721191406 -1.8373899459838867
143.5572052001953 276.7864685058594 -1.8373899459838867
142.50341796875 272.9277648925781 -1.8373899459838867
141.4496307373047 269.0690612792969 -1.8373899459838867
140.39584350585938 265.2103576660156 -1.8373899459838867
139.34205627441406 261.3516540527344 -1.8373899459838867
138.28826904296875 257.4929504394531 -1.8373899459838867
137.23448181152344 253.63426208496094 -1.8373899459838867
136.18069458007812 249.77557373046875 -1.8373899459838867
135.1269073486328 245.91688537597656 -1.8373899459838867
134.0731201171875 242.05819702148438 -1.8373899459838867
133.0193328857422 238.1995086669922 -1.8373899459838867
131.96554565429688 234.3408203125 -1.8373899459838867
130.91175842285156 230.4821319580078 -1.8373899459838867
129.94192504882812 227.38116455078125 -1.9104290008544922
128.74839782714844 224.3592529296875 -1.983469843864441
127.3375244140625 221.4324951171875 -2.0565106868743896
125.71682739257812 218.6165008544922 -2.129551649093628
123.59630584716797 215.22483825683594 -2.129551649093628
121.47578430175781 211.8331756591797 -2.129551649093628
119.35526275634766 208.44151306152344 -2.129551649093628
117.2347412109375 205.0498504638672 -2.129551649093628
115.11421966552734 201.65818786621094 -2.129551649093628
112.99369812011719 198.2665252685547 -2.129551649093628
110.87317657470703 194.87486267089844 -2.129551649093628
108.75265502929688 191.4832000732422 -2.129551649093628
106.63213348388672 188.09153747558594 -2.129551649093628
104.51161193847656 184.6998748779297 -2.129551649093628
102.3910903930664 181.30821228027344 -2.129551649093628
100.27056884765625 177.9165496826172 -2.129551649093628
98.1500473022461 174.52488708496094 -2.129551649093628
96.02952575683594 171.1332244873047 -2.129551649093628
95.94173431396484 171.03941345214844 -2.516623020172119
92.69780731201172 168.69912719726562 -2.516623020172119
92.58110046386719 168.64540100097656 -2.9036943912506104
88.69375610351562 167.7027587890625 -2.9036943912506104
84.80641174316406 166.76011657714844 -2.9036943912506104
80.9190673828125 165.81747436523438 -2.9036943912506104
77.03172302246094 164.8748321533203 -2.9036943912506104
73.14437866210938 163.93218994140625 -2.9036943912506104
69.25703430175781 162.9895477294922 -2.9036943912506104
65.36968994140625 162.04690551757812 -2.9036943912506104
61.48234939575195 161.10426330566406 -2.9036943912506104
57.595008850097656 160.16162109375 -2.9036943912506104
53.70766830444336 159.21897888183594 -2.9036943912506104
49.82032775878906 158.27633666992188 -2.9036943912506104
45.932987213134766 157.3336944580078 -2.9036943912506104
42.04564666748047 156.39105224609375 -2.9036943912506104
38.15830612182617 155.4484100341797 -2.9036943912506104
34.270965576171875 154.50576782226562 -2.9036943912506104
34.270965576171875 154.50576782226562 -2.9036943912506104
34.270965576171875 154.50576782226562 -2.9036943912506104
34.270965576171875 154.50576782226562 -2.9036943912506104
34.270965576171875 154.50576782226562 -2.9036943912506104
34.270965576171875 154.50576782226562 -2.9036943912506104
34.270965576171875 154.50576782226562 -2.9036943912506104
34.270965576171875 154.50576782226562 -2.9036943912506104
34.270965576171875 154.50576782226562 -2.9036943912506104
34.270965576171875 154.50576782226562 -2.9036943912506104
34.270965576171875 154.50576782226562 -2.9036943912506104
