62.828426361083984 452.82843017578125 0.7853981852531433
65.65685272216797 455.6568603515625 0.7853981852531433
68.48528289794922 458.48529052734375 0.7853981852531433
71.31371307373047 461.313720703125 0.7853981852531433
74.14214324951172 464.14215087890625 0.7853981852531433
76.97057342529297 466.9705810546875 0.7853981852531433
79.79900360107422 469.79901123046875 0.7853981852531433
82.62743377685547 472.62744140625 0.7853981852531433
85.45586395263672 475.45587158203125 0.7853981852531433
88.28429412841797 478.2843017578125 0.7853981852531433
91.11272430419922 481.11273193359375 0.7853981852531433
93.94115447998047 483.941162109375 0.7853981852531433
96.76958465576172 486.76959228515625 0.7853981852531433
99.59801483154297 489.5980224609375 0.7853981852531433
102.42644500732422 492.42645263671875 0.7853981852531433
105.25487518310547 495.2548828125 0.7853981852531433
108.08330535888672 498.08331298828125 0.7853981852531433
110.91173553466797 500.9117431640625 0.7853981852531433
113.74016571044922 503.74017333984375 0.7853981852531433
116.56859588623047 506.568603515625 0.7853981852531433
119.39702606201172 509.39703369140625 0.7853981852531433
122.22545623779297 512.2254638671875 0.7853981852531433
122.22545623779297 512.2254638671875 0.385398268699646
125.93205261230469 513.7291870117188 0.385398268699646
129.63864135742188 515.23291015625 0.385398268699646
133.34523010253906 516.7366333007812 0.385398268699646
137.05181884765625 518.2403564453125 0.385398268699646
137.05181884765625 518.2403564453125 -0.014601647853851318
141.0513916015625 518.1819458007812 -0.014601647853851318
145.05096435546875 518.12353515625 -0.014601647853851318
149.050537109375 518.0651245117188 -0.014601647853851318
153.05010986328125 518.0067138671875 -0.014601647853851318
157.0496826171875 517.9483032226562 -0.014601647853851318
161.04925537109375 517.889892578125 -0.014601647853851318
165.048828125 517.8314819335938 -0.014601647853851318
169.04840087890625 517.7730712890625 -0.014601647853851318
169.04840087890625 517.7730712890625 -0.41460156440734863
172.70950317382812 516.1617431640625 -0.41460156440734863
176.37060546875 514.5504150390625 -0.41460156440734863
180.03170776367188 512.9390869140625 -0.41460156440734863
183.69281005859375 511.3277893066406 -0.41460156440734863
183.69281005859375 511.3277893066406 -0.814601480960846
183.82760620117188 511.23095703125 -0.4313008487224579
183.82760620117188 511.23095703125 -0.8313007354736328
183.9607696533203 511.13189697265625 -0.44800010323524475
183.9607696533203 511.13189697265625 -0.8480000495910645
184.09225463867188 511.0306091308594 -0.4646994173526764
184.09225463867188 511.0306091308594 -0.8646993637084961
184.22203063964844 510.9271545410156 -0.48139873147010803
187.76742553710938 509.0750732421875 -0.48139873147010803
187.76742553710938 509.0750732421875 -0.8813986778259277
190.3117218017578 505.9885559082031 -0.8813986778259277
192.85601806640625 502.90203857421875 -0.8813986778259277
195.4003143310547 499.8155212402344 -0.8813986778259277
197.94461059570312 496.72900390625 -0.8813986778259277
200.48890686035156 493.6424865722656 -0.8813986778259277
203.033203125 490.55596923828125 -0.8813986778259277
205.57749938964844 487.4694519042969 -0.8813986778259277
208.12179565429688 484.3829345703125 -0.8813986778259277
210.6660919189453 481.2964172363281 -0.8813986778259277
213.21038818359375 478.20989990234375 -0.8813986778259277
215.7546844482422 475.1233825683594 -0.8813986778259277
218.29898071289062 472.036865234375 -0.8813986778259277
220.84327697753906 468.9503479003906 -0.8813986778259277
223.3875732421875 465.86383056640625 -0.8813986778259277
225.93186950683594 462.7773132324219 -0.8813986778259277
228.47616577148438 459.6907958984375 -0.8813986778259277
231.0204620361328 456.6042785644531 -0.8813986778259277
233.56475830078125 453.51776123046875 -0.8813986778259277
236.1090545654297 450.4312438964844 -0.8813986778259277
238.65335083007812 447.3447265625 -0.8813986778259277
241.19764709472656 444.2582092285156 -0.8813986778259277
243.741943359375 441.17169189453125 -0.8813986778259277
246.28623962402344 438.0851745605469 -0.8813986778259277
248.83053588867188 434.9986572265625 -0.8813986778259277
251.3748321533203 431.9121398925781 -0.8813986778259277
253.91912841796875 428.82562255859375 -0.8813986778259277
256.4634094238281 425.7391052246094 -0.8813986778259277
256.5914306640625 425.63348388671875 -0.4980980455875397
256.7496643066406 425.5834045410156 -0.11479741334915161
260.72332763671875 425.1252136230469 -0.11479741334915161
264.6969909667969 424.6670227050781 -0.11479741334915161
268.670654296875 424.2088317871094 -0.11479741334915161
268.8361511230469 424.2215881347656 0.26850321888923645
272.6928405761719 425.2827453613281 0.26850321888923645
276.5495300292969 426.3439025878906 0.26850321888923645
280.4062194824219 427.4050598144531 0.26850321888923645
284.2629089355469 428.4662170410156 0.26850321888923645
288.1195983886719 429.5273742675781 0.26850321888923645
291.9762878417969 430.5885314941406 0.26850321888923645
295.8329772949219 431.6496887207031 0.26850321888923645
299.6896667480469 432.7108459472656 0.26850321888923645
303.5463562011719 433.7720031738281 0.26850321888923645
307.4030456542969 434.8331604003906 0.26850321888923645
307.5517578125 434.9068603515625 0.6518038511276245
307.5517578125 434.9068603515625 0.2518039345741272
307.7016906738281 434.97808837890625 0.6351045370101929
307.7016906738281 434.97808837890625 0.23510462045669556
307.852783203125 435.0467834472656 0.6184052228927612
307.852783203125 435.0467834472656 0.21840530633926392
308.0050048828125 435.1129455566406 0.6017059087753296
308.0050048828125 435.1129455566406 0.20170599222183228
308.1582946777344 435.17657470703125 0.585006594657898
308.1582946777344 435.17657470703125 0.18500667810440063
308.3126220703125 435.23760986328125 0.5683072805404663
308.3126220703125 435.23760986328125 0.168307363986969
308.46795654296875 435.29608154296875 0.5516079664230347
308.46795654296875 435.29608154296875 0.15160804986953735
308.6242370605469 435.3519287109375 0.534908652305603
308.6242370605469 435.3519287109375 0.1349087357521057
308.78143310546875 435.4051818847656 0.5182093381881714
308.78143310546875 435.4051818847656 0.11820942163467407
308.93951416015625 435.4557800292969 0.5015100240707397
308.93951416015625 435.4557800292969 0.10151010751724243
309.0984191894531 435.5037536621094 0.4848107397556305
312.6374816894531 437.367919921875 0.4848107397556305
312.6374816894531 437.367919921875 0.08481118083000183
312.7971496582031 437.4132080078125 0.4681118130683899
316.3668518066406 439.218017578125 0.4681118130683899
316.49798583984375 439.3197326660156 0.8514124155044556
316.49798583984375 439.3197326660156 0.45141249895095825
316.63079833984375 439.41925048828125 0.8347131013870239
316.63079833984375 439.41925048828125 0.4347131848335266
316.7652587890625 439.51654052734375 0.8180137872695923
316.7652587890625 439.51654052734375 0.41801387071609497
316.9013366699219 439.611572265625 0.8013144731521606
316.9013366699219 439.611572265625 0.40131455659866333
317.0389709472656 439.7043151855469 0.784615159034729
317.0389709472656 439.7043151855469 0.3846152424812317
317.1781311035156 439.79473876953125 0.7679158449172974
317.1781311035156 439.79473876953125 0.36791592836380005
317.31878662109375 439.8828430175781 0.7512165307998657
317.31878662109375 439.8828430175781 0.3512166142463684
317.4609069824219 439.9685974121094 0.7345172166824341
317.4609069824219 439.9685974121094 0.33451730012893677
317.60443115234375 440.05194091796875 0.7178179025650024
317.60443115234375 440.05194091796875 0.3178179860115051
317.74932861328125 440.13287353515625 0.7011185884475708
317.74932861328125 440.13287353515625 0.3011186718940735
317.89556884765625 440.2113952636719 0.6844192743301392
317.89556884765625 440.2113952636719 0.28441935777664185
318.0430908203125 440.2874450683594 0.6677199602127075
318.0430908203125 440.2874450683594 0.2677200436592102
318.1918640136719 440.36102294921875 0.6510206460952759
318.1918640136719 440.36102294921875 0.25102072954177856
318.3418273925781 440.43212890625 0.6343213319778442
318.3418273925781 440.43212890625 0.23432141542434692
318.49298095703125 440.5007019042969 0.6176220178604126
318.49298095703125 440.5007019042969 0.21762210130691528
318.6452331542969 440.5667419433594 0.600922703742981
318.6452331542969 440.5667419433594 0.20092278718948364
318.798583984375 440.6302490234375 0.5842233896255493
318.798583984375 440.6302490234375 0.184223473072052
318.9529724121094 440.691162109375 0.5675240755081177
322.3258972167969 442.8413391113281 0.5675240755081177
325.6988220214844 444.99151611328125 0.5675240755081177
329.0717468261719 447.1416931152344 0.5675240755081177
332.4446716308594 449.2918701171875 0.5675240755081177
335.8175964355469 451.4420471191406 0.5675240755081177
339.1905212402344 453.59222412109375 0.5675240755081177
342.5634460449219 455.7424011230469 0.5675240755081177
345.9363708496094 457.892578125 0.5675240755081177
349.3092956542969 460.0427551269531 0.5675240755081177
352.6822204589844 462.19293212890625 0.5675240755081177
356.0551452636719 464.3431091308594 0.5675240755081177
359.4280700683594 466.4932861328125 0.5675240755081177
362.8009948730469 468.6434631347656 0.5675240755081177
366.1739196777344 470.79364013671875 0.5675240755081177
369.5468444824219 472.9438171386719 0.5675240755081177
372.9197692871094 475.093994140625 0.5675240755081177
376.2926940917969 477.2441711425781 0.5675240755081177
379.6656188964844 479.39434814453125 0.5675240755081177
383.0385437011719 481.5445251464844 0.5675240755081177
386.4114685058594 483.6947021484375 0.5675240755081177
389.7843933105469 485.8448791503906 0.5675240755081177
393.1573181152344 487.99505615234375 0.5675240755081177
396.5302429199219 490.1452331542969 0.5675240755081177
399.9031677246094 492.29541015625 0.5675240755081177
403.2760925292969 494.4455871582031 0.5675240755081177
406.6490173339844 496.59576416015625 0.5675240755081177
410.0219421386719 498.7459411621094 0.5675240755081177
413.3948669433594 500.8961181640625 0.5675240755081177
416.7677917480469 503.0462951660156 0.5675240755081177
420.1407165527344 505.19647216796875 0.5675240755081177
423.5136413574219 507.3466491699219 0.5675240755081177
426.8865661621094 509.496826171875 0.5675240755081177
430.2594909667969 511.6470031738281 0.5675240755081177
433.6324157714844 513.7971801757812 0.5675240755081177
437.0053405761719 515.9473876953125 0.5675240755081177
437.0053405761719 515.9473876953125 0.16752415895462036
440.9493408203125 516.6143798828125 0.16752415895462036
444.8933410644531 517.2813720703125 0.16752415895462036
448.83734130859375 517.9483642578125 0.16752415895462036
452.7813415527344 518.6153564453125 0.16752415895462036
456.725341796875 519.2823486328125 0.16752415895462036
460.6693420410156 519.9493408203125 0.16752415895462036
464.61334228515625 520.6163330078125 0.16752415895462036
468.5573425292969 521.2833251953125 0.16752415895462036
472.5013427734375 521.9503173828125 0.16752415895462036
476.4453430175781 522.6173095703125 0.16752415895462036
480.38934326171875 523.2843017578125 0.16752415895462036
484.3333435058594 523.9512939453125 0.16752415895462036
488.27734375 524.6182861328125 0.16752415895462036
492.2213439941406 525.2852783203125 0.16752415895462036
496.1649475097656 525.9520874023438 0.16748198866844177
496.1649475097656 525.9520874023438 -0.23251792788505554
500.05731201171875 525.0303955078125 -0.23251792788505554
503.9496765136719 524.1087036132812 -0.23251792788505554
507.842041015625 523.18701171875 -0.23251792788505554
511.7344055175781 522.2653198242188 -0.23251792788505554
515.6267700195312 521.3436279296875 -0.23251792788505554
519.5191040039062 520.4219360351562 -0.23251792788505554
519.5191040039062 520.4219360351562 -0.6325178146362305
519.5191040039062 520.4219360351562 -1.032517671585083
519.5191040039062 520.4219360351562 -1.4325175285339355
520.0704345703125 516.4601440429688 -1.4325175285339355
520.6217651367188 512.4983520507812 -1.4325175285339355
521.173095703125 508.5365295410156 -1.4325175285339355
521.7244262695312 504.57470703125 -1.4325175285339355
522.2757568359375 500.6128845214844 -1.4325175285339355
522.8270874023438 496.65106201171875 -1.4325175285339355
523.37841796875 492.6892395019531 -1.4325175285339355
523.9297485351562 488.7274169921875 -1.4325175285339355
523.9297485351562 488.7274169921875 -1.832517385482788
522.894775390625 484.8636474609375 -1.8325175046920776
522.894775390625 484.8636474609375 -2.2325174808502197
520.4368896484375 481.7079162597656 -2.2325174808502197
520.4368896484375 481.7079162597656 -2.6325173377990723
516.944091796875 479.7584228515625 -2.6325173377990723
513.4512939453125 477.8089294433594 -2.6325173377990723
509.9585266113281 475.85943603515625 -2.6325173377990723
506.46575927734375 473.9099426269531 -2.6325173377990723
502.9729919433594 471.96044921875 -2.6325173377990723
499.480224609375 470.0109558105469 -2.6325173377990723
495.9874572753906 468.06146240234375 -2.6325173377990723
492.49468994140625 466.1119689941406 -2.6325173377990723
489.0019226074219 464.1624755859375 -2.6325173377990723
485.5091552734375 462.2129821777344 -2.6325173377990723
485.3822937011719 462.10595703125 -2.2492167949676514
485.3046569824219 461.9592590332031 -1.865916132926941
485.3046569824219 461.9592590332031 -2.265916109085083
485.2245788574219 461.8138732910156 -1.8826154470443726
485.2245788574219 461.8138732910156 -2.2826154232025146
485.14208984375 461.66986083984375 -1.8993147611618042
485.14208984375 461.66986083984375 -2.2993147373199463
485.05718994140625 461.5272521972656 -1.9160140752792358
483.7035827636719 457.76324462890625 -1.9160140752792358
483.7035827636719 457.76324462890625 -2.316014051437378
483.6163330078125 457.6220703125 -1.9327133893966675
483.6163330078125 457.6220703125 -2.3327133655548096
483.5267333984375 457.48236083984375 -1.9494127035140991
483.5267333984375 457.48236083984375 -2.349412679672241
483.434814453125 457.34417724609375 -1.9661120176315308
481.8944091796875 453.6526794433594 -1.9661120176315308
481.8944091796875 453.6526794433594 -2.366111993789673
481.8002014160156 453.51605224609375 -1.9828113317489624
481.8002014160156 453.51605224609375 -2.3828113079071045
481.7037048339844 453.3810119628906 -1.999510645866394
480.0408935546875 449.7430114746094 -1.999510645866394
480.0408935546875 449.7430114746094 -2.399510622024536
477.0926513671875 447.0397033691406 -2.399510622024536
474.1444091796875 444.3363952636719 -2.399510622024536
471.1961669921875 441.6330871582031 -2.399510622024536
468.2479248046875 438.9297790527344 -2.399510622024536
465.2996826171875 436.2264709472656 -2.399510622024536
462.3514404296875 433.5231628417969 -2.399510622024536
459.4031982421875 430.8198547363281 -2.399510622024536
456.4549560546875 428.1165466308594 -2.399510622024536
453.5067138671875 425.4132385253906 -2.399510622024536
450.5584716796875 422.7099304199219 -2.399510622024536
447.6102294921875 420.0066223144531 -2.399510622024536
444.6619873046875 417.3033142089844 -2.399510622024536
441.7137451171875 414.6000061035156 -2.399510622024536
438.7655029296875 411.8966979980469 -2.399510622024536
435.8172607421875 409.1933898925781 -2.399510622024536
432.8690185546875 406.4900817871094 -2.399510622024536
429.9207763671875 403.7867736816406 -2.399510622024536
426.9725341796875 401.0834655761719 -2.399510622024536
424.0242919921875 398.3801574707031 -2.399510622024536
421.0760498046875 395.6768493652344 -2.399510622024536
418.1278076171875 392.9735412597656 -2.399510622024536
415.1795654296875 390.2702331542969 -2.399510622024536
415.1795654296875 390.2702331542969 -2.7995104789733887
411.4113464355469 388.9284362792969 -2.7995104789733887
407.64312744140625 387.5866394042969 -2.7995104789733887
403.8749084472656 386.2448425292969 -2.7995104789733887
400.106689453125 384.9030456542969 -2.7995104789733887
396.3384704589844 383.5612487792969 -2.7995104789733887
392.57025146484375 382.2194519042969 -2.7995104789733887
388.8020324707031 380.8776550292969 -2.7995104789733887
385.0338134765625 379.5358581542969 -2.7995104789733887
381.2655944824219 378.1940612792969 -2.7995104789733887
377.49737548828125 376.8522644042969 -2.7995104789733887
373.7291564941406 375.5104675292969 -2.7995104789733887
369.9609375 374.1686706542969 -2.7995104789733887
366.1927185058594 372.8268737792969 -2.7995104789733887
362.42449951171875 371.4850769042969 -2.7995104789733887
358.6562805175781 370.1432800292969 -2.7995104789733887
358.5133972167969 370.058837890625 -2.4162099361419678
355.5204162597656 367.4051513671875 -2.4162099361419678
352.5274353027344 364.75146484375 -2.4162099361419678
349.5344543457031 362.0977783203125 -2.4162099361419678
346.5414733886719 359.444091796875 -2.4162099361419678
343.5484924316406 356.7904052734375 -2.4162099361419678
340.5555114746094 354.13671875 -2.4162099361419678
337.5625305175781 351.4830322265625 -2.4162099361419678
334.5695495605469 348.829345703125 -2.4162099361419678
331.5765686035156 346.1756591796875 -2.4162099361419678
328.5835876464844 343.52197265625 -2.4162099361419678
325.5906066894531 340.8682861328125 -2.4162099361419678
325.5906066894531 340.8682861328125 -2.8162097930908203
321.8005065917969 339.589599609375 -2.8162097930908203
318.0104064941406 338.3109130859375 -2.8162097930908203
314.2203063964844 337.0322265625 -2.8162097930908203
310.4302062988281 335.7535400390625 -2.8162097930908203
306.6401062011719 334.474853515625 -2.8162097930908203
302.8500061035156 333.1961669921875 -2.8162097930908203
299.0599060058594 331.91748046875 -2.8162097930908203
295.2698059082031 330.6387939453125 -2.8162097930908203
291.4797058105469 329.360107421875 -2.8162097930908203
287.6896057128906 328.0814208984375 -2.8162097930908203
283.8995056152344 326.802734375 -2.8162097930908203
283.7552185058594 326.720703125 -2.4329092502593994
280.7183532714844 324.11737060546875 -2.4329092502593994
277.6814880371094 321.5140380859375 -2.4329092502593994
274.6446228027344 318.91070556640625 -2.4329092502593994
271.6077575683594 316.307373046875 -2.4329092502593994
268.5708923339844 313.70404052734375 -2.4329092502593994
265.5340270996094 311.1007080078125 -2.4329092502593994
262.4971618652344 308.49737548828125 -2.4329092502593994
259.4602966308594 305.89404296875 -2.4329092502593994
259.3571472167969 305.76397705078125 -2.049609899520874
259.3571472167969 305.76397705078125 -2.4496097564697266
259.2518615722656 305.63568115234375 -2.0663094520568848
259.2518615722656 305.63568115234375 -2.4663093090057373
259.1444396972656 305.5091552734375 -2.0830087661743164
259.1444396972656 305.5091552734375 -2.483008623123169
259.0349426269531 305.3844299316406 -2.099708080291748
259.0349426269531 305.3844299316406 -2.4997079372406006
258.9233703613281 305.2615661621094 -2.1164073944091797
258.9233703613281 305.2615661621094 -2.5164072513580322
258.80975341796875 305.14056396484375 -2.1331067085266113
258.80975341796875 305.14056396484375 -2.533106565475464
258.6941223144531 305.021484375 -2.149806022644043
258.6941223144531 305.021484375 -2.5498058795928955
258.5765380859375 304.90435791015625 -2.1665053367614746
258.5765380859375 304.90435791015625 -2.566505193710327
258.4570007324219 304.7892150878906 -2.1832046508789062
258.4570007324219 304.7892150878906 -2.583204507827759
258.3355712890625 304.67608642578125 -2.199903964996338
258.3355712890625 304.67608642578125 -2.5999038219451904
258.2122497558594 304.56500244140625 -2.2166032791137695
258.2122497558594 304.56500244140625 -2.616603136062622
258.08709716796875 304.45599365234375 -2.233302593231201
258.08709716796875 304.45599365234375 -2.6333024501800537
257.96014404296875 304.3490905761719 -2.250001907348633
257.96014404296875 304.3490905761719 -2.6500017642974854
257.8314208984375 304.24432373046875 -2.2667012214660645
257.8314208984375 304.24432373046875 -2.666701078414917
257.7009582519531 304.1416931152344 -2.283400535583496
257.7009582519531 304.1416931152344 -2.6834003925323486
257.5688171386719 304.041259765625 -2.3000998497009277
257.5688171386719 304.041259765625 -2.7000997066497803
257.4350280761719 303.94305419921875 -2.3167991638183594
257.4350280761719 303.94305419921875 -2.716799020767212
257.2995910644531 303.84710693359375 -2.333498477935791
257.2995910644531 303.84710693359375 -2.7334983348846436
257.16259765625 303.75341796875 -2.3501977920532227
257.16259765625 303.75341796875 -2.750197649002075
257.0240478515625 303.66204833984375 -2.3668971061706543
257.0240478515625 303.66204833984375 -2.766896963119507
256.8840026855469 303.572998046875 -2.383596420288086
256.8840026855469 303.572998046875 -2.7835962772369385
256.7424621582031 303.4862976074219 -2.4002957344055176
253.79208374023438 300.7853088378906 -2.4002957344055176
250.84170532226562 298.0843200683594 -2.4002957344055176
247.89132690429688 295.3833312988281 -2.4002957344055176
244.94094848632812 292.6823425292969 -2.4002957344055176
244.84210205078125 292.5489807128906 -2.016997814178467
244.84210205078125 292.5489807128906 -2.4169976711273193
244.74105834960938 292.41729736328125 -2.0336971282958984
244.74105834960938 292.41729736328125 -2.433696985244751
244.63783264160156 292.2873229980469 -2.05039644241333
244.63783264160156 292.2873229980469 -2.4503962993621826
244.53244018554688 292.1590881347656 -2.0670957565307617
244.53244018554688 292.1590881347656 -2.4670956134796143
244.4249267578125 292.03265380859375 -2.0837950706481934
242.46176147460938 288.54754638671875 -2.0837950706481934
240.49859619140625 285.06243896484375 -2.0837950706481934
238.53543090820312 281.57733154296875 -2.0837950706481934
236.572265625 278.09222412109375 -2.0837950706481934
236.51983642578125 277.93475341796875 -1.700494408607483
236.00250244140625 273.9683532714844 -1.700494408607483
235.48516845703125 270.001953125 -1.700494408607483
234.96783447265625 266.0355529785156 -1.700494408607483
234.45050048828125 262.06915283203125 -1.700494408607483
233.93316650390625 258.1027526855469 -1.700494408607483
233.41583251953125 254.1363525390625 -1.700494408607483
232.89849853515625 250.16995239257812 -1.700494408607483
232.38116455078125 246.20355224609375 -1.700494408607483
231.86383056640625 242.23715209960938 -1.700494408607483
231.34649658203125 238.270751953125 -1.700494408607483
230.82916259765625 234.30435180664062 -1.700494408607483
230.31182861328125 230.33795166015625 -1.700494408607483
230.3220977783203 230.17230224609375 -1.3171937465667725
231.32566833496094 226.3002471923828 -1.3171937465667725
232.32923889160156 222.42819213867188 -1.3171937465667725
233.3328094482422 218.55613708496094 -1.3171937465667725
234.3363800048828 214.68408203125 -1.3171937465667725
235.33995056152344 210.81202697753906 -1.3171937465667725
236.34352111816406 206.93997192382812 -1.3171937465667725
237.3470916748047 203.0679168701172 -1.3171937465667725
237.41859436035156 202.9180908203125 -0.9338971376419067
239.7974090576172 199.7023162841797 -0.9338971376419067
242.1762237548828 196.48654174804688 -0.9338971376419067
244.55503845214844 193.27076721191406 -0.9338971376419067
246.93385314941406 190.05499267578125 -0.9338971376419067
247.05616760253906 189.94281005859375 -0.5505964756011963
250.4650115966797 187.8500213623047 -0.5505964756011963
253.8738555908203 185.75723266601562 -0.5505964756011963
257.28271484375 183.66444396972656 -0.5505964756011963
260.6915588378906 181.5716552734375 -0.5505964756011963
264.10040283203125 179.47886657714844 -0.5505964756011963
267.5092468261719 177.38607788085938 -0.5505964756011963
267.6731262207031 177.3245086669922 -0.16821083426475525
271.6166687011719 176.6548309326172 -0.16821083426475525
275.5602111816406 175.9851531982422 -0.16821083426475525
279.5037536621094 175.3154754638672 -0.16821083426475525
283.4472961425781 174.6457977294922 -0.16821083426475525
287.3908386230469 173.9761199951172 -0.16821083426475525
291.3343811035156 173.3064422607422 -0.16821083426475525
295.2779235839844 172.6367645263672 -0.16821083426475525
299.2214660644531 171.9670867919922 -0.16821083426475525
303.1650085449219 171.2974090576172 -0.16821083426475525
307.1085510253906 170.6277313232422 -0.16821083426475525
311.0520935058594 169.9580535888672 -0.16821083426475525
314.9956359863281 169.2883758544922 -0.16821083426475525
318.9391784667969 168.6186981201172 -0.16821083426475525
322.8827209472656 167.9490203857422 -0.16821083426475525
326.8262634277344 167.2793426513672 -0.16821083426475525
330.7698059082031 166.6096649169922 -0.16821083426475525
334.7133483886719 165.9399871826172 -0.16821083426475525
338.6568908691406 165.2703094482422 -0.16821083426475525
342.6004333496094 164.6006317138672 -0.16821083426475525
346.5439758300781 163.9309539794922 -0.16821083426475525
350.4875183105469 163.2612762451172 -0.16821083426475525
354.4310607910156 162.5915985107422 -0.16821083426475525
358.3746032714844 161.9219207763672 -0.16821083426475525
362.3181457519531 161.2522430419922 -0.16821083426475525
366.2616882324219 160.5825653076172 -0.16821083426475525
370.2052307128906 159.9128875732422 -0.16821083426475525
374.1487731933594 159.2432098388672 -0.16821083426475525
378.0923156738281 158.5735321044922 -0.16821083426475525
382.0358581542969 157.9038543701172 -0.16821083426475525
385.9794006347656 157.2341766357422 -0.16821083426475525
389.9229431152344 156.5644989013672 -0.16821083426475525
393.8664855957031 155.8948211669922 -0.16821083426475525
397.8100280761719 155.2251434326172 -0.16821083426475525
401.7535705566406 154.5554656982422 -0.16821083426475525
405.6971130371094 153.8857879638672 -0.16821083426475525
409.6406555175781 153.2161102294922 -0.16821083426475525
413.5841979980469 152.5464324951172 -0.16821083426475525
417.5277404785156 151.8767547607422 -0.16821083426475525
421.4712829589844 151.2070770263672 -0.16821083426475525
425.4148254394531 150.5373992919922 -0.16821083426475525
429.3583679199219 149.8677215576172 -0.16821083426475525
433.3019104003906 149.1980438232422 -0.16821083426475525
437.2454528808594 148.5283660888672 -0.16821083426475525
441.1889953613281 147.8586883544922 -0.16821083426475525
445.1325378417969 147.1890106201172 -0.16821083426475525
449.0760803222656 146.5193328857422 -0.16821083426475525
453.0196228027344 145.8496551513672 -0.16821083426475525
456.9631652832031 145.1799774169922 -0.16821083426475525
460.9067077636719 144.5102996826172 -0.16821083426475525
464.8502502441406 143.8406219482422 -0.16821083426475525
468.7937927246094 143.1709442138672 -0.16821083426475525
472.7373352050781 142.5012664794922 -0.16821083426475525
476.6808776855469 141.8315887451172 -0.16821083426475525
480.6244201660156 141.1619110107422 -0.16821083426475525
484.5679626464844 140.4922332763672 -0.16821083426475525
488.5115051269531 139.8225555419922 -0.16821083426475525
492.4550476074219 139.1528778076172 -0.16821083426475525
496.3985900878906 138.4832000732422 -0.16821083426475525
500.3421325683594 137.8135223388672 -0.16821083426475525
504.2856750488281 137.1438446044922 -0.16821083426475525
508.2292175292969 136.4741668701172 -0.16821083426475525
512.1727905273438 135.8044891357422 -0.16821083426475525
516.1163330078125 135.1348114013672 -0.16821083426475525
520.0598754882812 134.4651336669922 -0.16821083426475525
520.0598754882812 134.4651336669922 -0.5682107210159302
520.0598754882812 134.4651336669922 -0.9682106375694275
520.0598754882812 134.4651336669922 -1.3682105541229248
520.8646850585938 130.54693603515625 -1.3682105541229248
521.6694946289062 126.62873840332031 -1.3682105541229248
522.4743041992188 122.71054077148438 -1.3682105541229248
523.2791137695312 118.79234313964844 -1.3682105541229248
524.0839233398438 114.8741455078125 -1.3682105541229248
524.5171508789062 111.98388671875 -1.475814700126648
524.896484375 108.00191497802734 -1.475814700126648
525.2758178710938 104.01994323730469 -1.475814700126648
525.6551513671875 100.03797149658203 -1.475814700126648
526.0344848632812 96.05599975585938 -1.475814700126648
526.413818359375 92.07402801513672 -1.475814700126648
526.7931518554688 88.09205627441406 -1.475814700126648
527.1724853515625 84.1100845336914 -1.475814700126648
527.1724853515625 84.1100845336914 -1.87581467628479
525.9712524414062 80.29471588134766 -1.87581467628479
525.9712524414062 80.29471588134766 -2.2758145332336426
525.9712524414062 80.29471588134766 -2.675814390182495
525.9712524414062 80.29471588134766 -3.0758142471313477
521.9799194335938 80.03179168701172 -3.0758142471313477
517.9885864257812 79.76886749267578 -3.0758142471313477
513.9972534179688 79.50594329833984 -3.0758142471313477
510.0058898925781 79.2430191040039 -3.0758142471313477
506.0145263671875 78.98009490966797 -3.0758142471313477
502.0231628417969 78.71717071533203 -3.0758142471313477
498.03179931640625 78.4542465209961 -3.0758142471313477
494.0404357910156 78.19132232666016 -3.0758142471313477
490.049072265625 77.92839813232422 -3.0758142471313477
486.0577087402344 77.66547393798828 -3.0758142471313477
482.06634521484375 77.40254974365234 -3.0758142471313477
478.0749816894531 77.1396255493164 -3.0758142471313477
474.0836181640625 76.87670135498047 -3.0758142471313477
470.0922546386719 76.61377716064453 -3.0758142471313477
466.10089111328125 76.3508529663086 -3.0758142471313477
462.1095275878906 76.08792877197266 -3.0758142471313477
458.1181640625 75.82500457763672 -3.0758142471313477
454.1268005371094 75.56208038330078 -3.0758142471313477
450.13543701171875 75.29915618896484 -3.0758142471313477
446.1440734863281 75.0362319946289 -3.0758142471313477
442.1527099609375 74.77330780029297 -3.0758142471313477
438.1613464355469 74.51038360595703 -3.0758142471313477
434.16998291015625 74.2474594116211 -3.0758142471313477
430.1786193847656 73.98453521728516 -3.0758142471313477
426.187255859375 73.72161102294922 -3.0758142471313477
422.1958923339844 73.45868682861328 -3.0758142471313477
418.20452880859375 73.19576263427734 -3.0758142471313477
414.2131652832031 72.9328384399414 -3.0758142471313477
414.05267333984375 72.89057922363281 -2.6925137042999268
413.91961669921875 72.79136657714844 -2.309213161468506
413.91961669921875 72.79136657714844 -2.7092130184173584
413.784912109375 72.69438934326172 -2.3259124755859375
413.784912109375 72.69438934326172 -2.72591233253479
413.64862060546875 72.59967041015625 -2.342611789703369
413.64862060546875 72.59967041015625 -2.7426116466522217
413.5107727050781 72.50724029541016 -2.359311103820801
413.5107727050781 72.50724029541016 -2.7593109607696533
413.37139892578125 72.41712951660156 -2.3760104179382324
413.37139892578125 72.41712951660156 -2.776010274887085
413.23052978515625 72.32935333251953 -2.392709732055664
413.23052978515625 72.32935333251953 -2.7927095890045166
413.0882263183594 72.24394226074219 -2.4094090461730957
410.1133728027344 69.56996154785156 -2.4094090461730957
410.1133728027344 69.56996154785156 -2.8094089031219482
409.96966552734375 69.4869384765625 -2.4261083602905273
409.96966552734375 69.4869384765625 -2.82610821723938
409.8245849609375 69.40632629394531 -2.442807674407959
409.8245849609375 69.40632629394531 -2.8428075313568115
409.67816162109375 69.3281478881836 -2.4595069885253906
409.67816162109375 69.3281478881836 -2.859506845474243
409.53045654296875 69.25242614746094 -2.4762063026428223
409.53045654296875 69.25242614746094 -2.876206159591675
409.38153076171875 69.17918395996094 -2.492905616760254
406.19403076171875 66.76261901855469 -2.492905616760254
406.19403076171875 66.76261901855469 -2.8929054737091064
406.04388427734375 66.6918716430664 -2.5096049308776855
406.04388427734375 66.6918716430664 -2.909604787826538
405.892578125 66.62364196777344 -2.526304244995117
405.892578125 66.62364196777344 -2.9263041019439697
405.74017333984375 66.55795288085938 -2.543003559112549
405.74017333984375 66.55795288085938 -2.9430034160614014
405.586669921875 66.49481201171875 -2.5597028732299805
405.586669921875 66.49481201171875 -2.959702730178833
405.43212890625 66.43424987792969 -2.576402187347412
405.43212890625 66.43424987792969 -2.9764020442962646
405.276611328125 66.37627410888672 -2.5931015014648438
405.276611328125 66.37627410888672 -2.9931013584136963
405.1201477050781 66.3208999633789 -2.6098008155822754
405.1201477050781 66.3208999633789 -3.009800672531128
404.9627685546875 66.26815032958984 -2.626500129699707
401.4817810058594 64.29769134521484 -2.626500129699707
401.4817810058594 64.29769134521484 -3.0264999866485596
401.32354736328125 64.24757385253906 -2.6431994438171387
401.32354736328125 64.24757385253906 -3.043199300765991
401.1645202636719 64.20010375976562 -2.6598987579345703
401.1645202636719 64.20010375976562 -3.059898614883423
401.00469970703125 64.1552963256836 -2.676598072052002
401.00469970703125 64.1552963256836 -3.0765979290008545
400.84417724609375 64.11316680908203 -2.6932973861694336
400.84417724609375 64.11316680908203 -3.093297243118286
400.6829528808594 64.07372283935547 -2.7099967002868652
397.04974365234375 62.40044021606445 -2.7099967002868652
397.04974365234375 62.40044021606445 -3.1099965572357178
396.88787841796875 62.36369323730469 -2.726696014404297
393.22723388671875 60.751312255859375 -2.726696014404297
393.22723388671875 60.751312255859375 -3.1266958713531494
393.0647888183594 60.7172737121582 -2.7433953285217285
393.0647888183594 60.7172737121582 3.1397900581359863
392.90179443359375 60.685951232910156 -2.76009464263916
392.90179443359375 60.685951232910156 3.1230907440185547
392.7383117675781 60.65735626220703 -2.776793956756592
389.00152587890625 59.23031234741211 -2.776793956756592
389.00152587890625 59.23031234741211 3.106391429901123
388.83758544921875 59.20445251464844 -2.7934932708740234
385.0774841308594 57.840003967285156 -2.7934932708740234
385.0774841308594 57.840003967285156 3.0896921157836914
384.9131164550781 57.8168830871582 -2.810192584991455
384.9131164550781 57.8168830871582 3.0729928016662598
384.7484130859375 57.796512603759766 -2.8268918991088867
380.9448547363281 56.55838394165039 -2.8268918991088867
380.9448547363281 56.55838394165039 3.056293487548828
380.7798156738281 56.54076385498047 -2.8435912132263184
380.7798156738281 56.54076385498047 3.0395941734313965
380.614501953125 56.52590560913086 -2.86029052734375
376.771728515625 55.41547775268555 -2.86029052734375
376.771728515625 55.41547775268555 3.022894859313965
372.79986572265625 55.889156341552734 3.022894859313965
372.63433837890625 55.87705993652344 -2.8769898414611816
372.63433837890625 55.87705993652344 3.006195545196533
372.4686279296875 55.86772918701172 -2.8936891555786133
368.5909118652344 54.8862419128418 -2.8936891555786133
368.5909118652344 54.8862419128418 2.9894962310791016
368.4250793457031 54.87968063354492 -2.910388469696045
368.4250793457031 54.87968063354492 2.97279691696167
368.2591552734375 54.87588882446289 -2.9270877838134766
368.2591552734375 54.87588882446289 2.9560976028442383
368.0931701660156 54.8748664855957 -2.943787097930908
364.1711730957031 54.08879470825195 -2.943787097930908
360.2491760253906 53.3027229309082 -2.943787097930908
360.2491760253906 53.3027229309082 2.9393982887268066
360.0832214355469 53.304473876953125 -2.96048641204834
360.0832214355469 53.304473876953125 2.922698974609375
359.91729736328125 53.30899429321289 -2.9771857261657715
359.91729736328125 53.30899429321289 2.9059996604919434
359.7514953613281 53.3162841796875 -2.993885040283203
355.7950439453125 52.72760009765625 -2.993885040283203
355.7950439453125 52.72760009765625 2.8893003463745117
355.6293640136719 52.7376594543457 -3.0105843544006348
351.66363525390625 52.21512222290039 -3.0105843544006348
347.6979064941406 51.69258499145508 -3.0105843544006348
347.6979064941406 51.69258499145508 2.87260103225708
347.5324401855469 51.70541000366211 -3.0272836685180664
347.53216552734375 51.7054328918457 2.8559298515319824
347.3669128417969 51.721012115478516 -3.043954849243164
347.08819580078125 51.74568557739258 2.86737322807312
346.92279052734375 51.75937271118164 -3.0325114727020264
342.9465637207031 51.32391357421875 -3.0325114727020264
342.9465637207031 51.32391357421875 2.8506739139556885
342.7814025878906 51.340362548828125 -3.049210786819458
342.7814025878906 51.340362548828125 2.833974599838257
342.6165466308594 51.35956573486328 -3.0659101009368896
338.62799072265625 51.057125091552734 -3.0659101009368896
334.6394348144531 50.75468444824219 -3.0659101009368896
334.6394348144531 50.75468444824219 2.817275285720825
334.47491455078125 50.77663803100586 -3.0826094150543213
334.47491455078125 50.77663803100586 2.8005759716033936
334.310791015625 50.80133819580078 -3.099308729171753
334.310791015625 50.80133819580078 2.783876657485962
334.1470947265625 50.828773498535156 -3.1160080432891846
330.1484069824219 50.72644805908203 -3.1160080432891846
326.14971923828125 50.624122619628906 -3.1160080432891846
322.1510314941406 50.52179718017578 -3.1160080432891846
322.1510314941406 50.52179718017578 2.7671773433685303
321.9878234863281 50.551963806152344 -3.132707357406616
317.98797607421875 50.516422271728516 -3.132707357406616
317.98797607421875 50.516422271728516 2.7504780292510986
317.8252868652344 50.54930877685547 3.1337785720825195
313.8254089355469 50.58056640625 3.1337785720825195
309.8255310058594 50.61182403564453 3.1337785720825195
309.8255310058594 50.61182403564453 2.733778715133667
309.6634216308594 50.647422790527344 3.117079257965088
309.660400390625 50.64811325073242 2.7173922061920166
309.4989013671875 50.686363220214844 3.1006927490234375
305.50225830078125 50.849918365478516 3.1006927490234375
305.50225830078125 50.849918365478516 2.700692892074585
305.3414001464844 50.89086151123047 3.083993434906006
301.3480224609375 51.121131896972656 3.083993434906006
297.3546447753906 51.351402282714844 3.083993434906006
293.36126708984375 51.58167266845703 3.083993434906006
289.3678894042969 51.81194305419922 3.083993434906006
289.3678894042969 51.81194305419922 2.6839935779571533
287.968994140625 52.29387664794922 2.9356436729431152
284.05352783203125 53.11186218261719 2.9356436729431152
280.1380615234375 53.929847717285156 2.9356436729431152
276.22259521484375 54.747833251953125 2.9356436729431152
272.30712890625 55.565818786621094 2.9356436729431152
268.39166259765625 56.38380432128906 2.9356436729431152
264.4761962890625 57.20178985595703 2.9356436729431152
260.56072998046875 58.019775390625 2.9356436729431152
256.645263671875 58.83776092529297 2.9356436729431152
252.72979736328125 59.65574645996094 2.9356436729431152
248.8143310546875 60.473731994628906 2.9356436729431152
244.89886474609375 61.291717529296875 2.9356436729431152
240.9833984375 62.109703063964844 2.9356436729431152
237.06793212890625 62.92768859863281 2.9356436729431152
233.1524658203125 63.74567413330078 2.9356436729431152
229.23699951171875 64.56365966796875 2.9356436729431152
225.321533203125 65.38164520263672 2.9356436729431152
221.40606689453125 66.19963073730469 2.9356436729431152
217.4906005859375 67.01761627197266 2.9356436729431152
213.57513427734375 67.83560180664062 2.9356436729431152
209.65966796875 68.6535873413086 2.9356436729431152
205.74420166015625 69.47157287597656 2.9356436729431152
201.8287353515625 70.28955841064453 2.9356436729431152
197.91326904296875 71.1075439453125 2.9356436729431152
193.997802734375 71.92552947998047 2.9356436729431152
190.08233642578125 72.74351501464844 2.9356436729431152
186.1668701171875 73.5615005493164 2.9356436729431152
182.25140380859375 74.37948608398438 2.9356436729431152
178.3359375 75.19747161865234 2.9356436729431152
174.42047119140625 76.01545715332031 2.9356436729431152
170.5050048828125 76.83344268798828 2.9356436729431152
166.58953857421875 77.65142822265625 2.9356436729431152
162.674072265625 78.46941375732422 2.9356436729431152
158.75860595703125 79.28739929199219 2.9356436729431152
154.8431396484375 80.10538482666016 2.9356436729431152
150.92767333984375 80.92337036132812 2.9356436729431152
147.01220703125 81.7413558959961 2.9356436729431152
143.09674072265625 82.55934143066406 2.9356436729431152
142.93060302734375 82.56172180175781 -2.9642598628997803
138.9933319091797 81.8561019897461 -2.9642598628997803
135.05606079101562 81.15048217773438 -2.9642598628997803
131.11878967285156 80.44486236572266 -2.9642598628997803
127.1815185546875 79.73924255371094 -2.9642598628997803
123.24424743652344 79.03362274169922 -2.9642598628997803
119.30697631835938 78.3280029296875 -2.9642598628997803
115.36970520019531 77.62238311767578 -2.9642598628997803
111.43243408203125 76.91676330566406 -2.9642598628997803
107.49516296386719 76.21114349365234 -2.9642598628997803
103.55789184570312 75.50552368164062 -2.9642598628997803
99.62062072753906 74.7999038696289 -2.9642598628997803
95.683349609375 74.09428405761719 -2.9642598628997803
91.74607849121094 73.38866424560547 -2.9642598628997803
87.80880737304688 72.68304443359375 -2.9642598628997803
83.87153625488281 71.97742462158203 -2.9642598628997803
79.93426513671875 71.27180480957031 -2.9642598628997803
75.99699401855469 70.5661849975586 -2.9642598628997803
72.05972290039062 69.86056518554688 -2.9642598628997803
68.12245178222656 69.15494537353516 -2.9642598628997803
64.1851806640625 68.44932556152344 -2.9642598628997803
60.24790954589844 67.74370574951172 -2.9642598628997803
56.310638427734375 67.0380859375 -2.9642598628997803
52.37336730957031 66.33246612548828 -2.9642598628997803
52.218544006347656 66.27259826660156 -2.5809614658355713
48.83086395263672 64.14571380615234 -2.5809614658355713
45.44318389892578 62.018829345703125 -2.5809614658355713
42.055503845214844 59.891944885253906 -2.5809614658355713
41.934322357177734 59.778533935546875 -2.1976609230041504
39.587890625 56.5390510559082 -2.1976609230041504
37.241458892822266 53.29956817626953 -2.1976609230041504
34.89502716064453 50.06008529663086 -2.1976609230041504
32.5485954284668 46.82060241699219 -2.1976609230041504
30.20216178894043 43.581119537353516 -2.1976609230041504
27.855728149414062 40.341636657714844 -2.1976609230041504
25.509294509887695 37.10215377807617 -2.1976609230041504
23.162860870361328 33.8626708984375 -2.1976609230041504
20.81642723083496 30.623188018798828 -2.1976609230041504
18.469993591308594 27.383705139160156 -2.1976609230041504
18.469993591308594 27.383705139160156 -2.1976609230041504
18.469993591308594 27.383705139160156 -2.1976609230041504
18.469993591308594 27.383705139160156 -2.1976609230041504
18.469993591308594 27.383705139160156 -2.1976609230041504
18.469993591308594 27.383705139160156 -2.1976609230041504
18.469993591308594 27.383705139160156 -2.1976609230041504
18.469993591308594 27.383705139160156 -2.1976609230041504
18.469993591308594 27.383705139160156 -2.1976609230041504
18.469993591308594 27.383705139160156 -2.1976609230041504
18.469993591308594 27.383705139160156 -2.1976609230041504
