17.573604583740234 407.57354736328125
190.10861206054688 580.1061401367188
190.10777282714844 580.1077880859375
157.40078735351562 455.2419738769531
60.0 450.0
190.10777282714844 580.1077880859375
17.573604583740234 407.57354736328125
17.84804916381836 413.3101501464844
17.573604583740234 407.57354736328125
29.830608367919922 579.2049560546875
17.588991165161133 407.5716857910156
69.78067779541016 443.05267333984375
22.225629806518555 578.394287109375
17.5709228515625 407.5789489746094
190.10777282714844 580.1077880859375
190.10777282714844 580.1077880859375
190.10777282714844 580.1077880859375
190.10777282714844 580.1077880859375
190.10777282714844 580.1077880859375
60.0 450.0
60.0 450.0
60.0 450.0
31.139795303344727 379.3132629394531
97.71075439453125 492.5686340332031
94.94034576416016 479.62420654296875
17.573604583740234 407.57354736328125
59.994625091552734 449.98419189453125
19.615997314453125 478.1878356933594
337.5210876464844 412.9835510253906
60.0 450.0
60.0 450.0
17.573604583740234 407.57354736328125
190.10777282714844 580.1077880859375
17.58368682861328 407.56854248046875
190.23062133789062 580.3828125
17.573604583740234 407.57354736328125
190.10707092285156 580.1077880859375
60.0 450.0
60.0 450.0
190.10777282714844 580.1077880859375
17.573604583740234 407.57354736328125
16.677566528320312 315.346435546875
60.0 450.0
60.0 450.0
17.573604583740234 407.57354736328125
17.764995574951172 417.6149597167969
190.10777282714844 580.1077880859375
59.999019622802734 450.0045166015625
59.99631881713867 450.0052185058594
60.0 450.0
59.999366760253906 450.00146484375
17.573604583740234 407.57354736328125
59.99998474121094 450.0
18.77903175354004 465.1112365722656
190.10777282714844 580.1077880859375
61.926517486572266 318.0140380859375
18.78299331665039 414.3193359375
17.529634475708008 407.6617736816406
326.7267150878906 410.50531005859375
60.0 450.0
58.837860107421875 450.7691345214844
147.14649963378906 578.4971923828125
17.573604583740234 407.57354736328125
63.504783630371094 529.9227294921875
60.0 450.0
84.66471099853516 460.49066162109375
60.0 450.0
60.0 450.0
59.99982833862305 450.0002746582031
273.651123046875 378.2737121582031
17.573604583740234 407.57354736328125
17.573604583740234 407.57354736328125
100.92897033691406 495.89892578125
17.573604583740234 407.57354736328125
17.573604583740234 407.57354736328125
190.10777282714844 580.1077880859375
190.10777282714844 580.1077880859375
60.0 450.0
17.573604583740234 407.57354736328125
185.21522521972656 578.8977661132812
145.36669921875 577.3085327148438
143.7552490234375 580.46923828125
165.324951171875 545.4684448242188
60.00000762939453 450.0
60.00442886352539 450.0039367675781
184.38653564453125 579.7017211914062
190.10733032226562 580.1077880859375
16.865570068359375 421.9798583984375
17.573604583740234 407.57354736328125
190.10777282714844 580.1077880859375
190.10777282714844 580.1077880859375
95.51527404785156 387.1552734375
59.99885559082031 450.000732421875
150.3671417236328 540.47216796875
334.17462158203125 411.8871154785156
60.0 450.0
59.999996185302734 450.0
190.10777282714844 580.1077880859375
57.93849182128906 394.987548828125
17.573604583740234 407.57354736328125
17.5709228515625 407.5789489746094
60.0 450.0
18.97749137878418 574.8644409179688
58.837860107421875 450.7691345214844
147.14649963378906 578.4971923828125
57.93849182128906 394.987548828125
337.5210876464844 412.9835510253906
17.573604583740234 407.57354736328125
95.51527404785156 387.1552734375
60.0 450.0
18.78299331665039 414.3193359375
190.10777282714844 580.1077880859375
60.0 450.0
190.10777282714844 580.1077880859375
60.0 450.0
90.0743179321289 500.2496337890625
60.0 450.0
59.99885559082031 450.000732421875
17.573604583740234 407.57354736328125
17.573604583740234 407.57354736328125
17.573604583740234 407.57354736328125
17.355560302734375 289.1382141113281
60.0 450.0
143.7552490234375 580.46923828125
60.0 450.0
60.0 450.0
60.0 450.0
60.0 450.0
190.10861206054688 580.1061401367188
59.99987030029297 450.0002746582031
190.10777282714844 580.1077880859375
61.926517486572266 318.0140380859375
190.10777282714844 580.1077880859375
60.000308990478516 450.00018310546875
31.139795303344727 379.3132629394531
17.573604583740234 407.57354736328125
60.0 450.0
17.764995574951172 417.6149597167969
60.0 450.0
151.86160278320312 580.3106689453125
60.0 450.0
19.615997314453125 478.1878356933594
59.99982833862305 450.0002746582031
60.0 450.0
68.58712768554688 468.0625915527344
17.5709228515625 407.5789489746094
190.10777282714844 580.1077880859375
60.0 450.0
190.10777282714844 580.1077880859375
57.93849182128906 394.987548828125
184.38653564453125 579.7017211914062
60.0 450.0
17.573604583740234 407.57354736328125
60.0 450.0
60.0 450.0
61.926517486572266 318.0140380859375
60.0 450.0
27.65241241455078 579.4175415039062
190.10777282714844 580.1077880859375
87.42366790771484 441.4465637207031
60.0 450.0
190.10777282714844 580.1077880859375
60.0 450.0
19.615997314453125 478.1878356933594
17.573604583740234 407.57354736328125
17.529634475708008 407.6617736816406
60.0 450.0
60.0 450.0
61.926517486572266 318.0140380859375
190.10777282714844 580.1077880859375
59.99631881713867 450.0052185058594
60.0 450.0
190.10777282714844 580.1077880859375
60.0 450.0
190.10861206054688 580.1061401367188
143.7552490234375 580.46923828125
18.77903175354004 465.1112365722656
79.7669677734375 462.8475341796875
190.10777282714844 580.1077880859375
17.573604583740234 407.57354736328125
69.78067779541016 443.05267333984375
60.17517852783203 453.99609375
190.10777282714844 580.1077880859375
17.573604583740234 407.57354736328125
63.504783630371094 529.9227294921875
17.573692321777344 407.57354736328125
60.0 450.0
31.139795303344727 379.3132629394531
155.0933380126953 576.5126953125
147.14649963378906 578.4971923828125
190.10821533203125 580.10693359375
90.993896484375 376.68524169921875
50.260196685791016 580.27001953125
17.573604583740234 407.57354736328125
17.573604583740234 407.57354736328125
17.573604583740234 407.57354736328125
59.99982833862305 450.0002746582031
63.61249542236328 451.717529296875
184.38653564453125 579.7017211914062
190.10707092285156 580.1077880859375
17.573604583740234 407.57354736328125
190.10777282714844 580.1077880859375
17.573604583740234 407.57354736328125
93.61233520507812 432.3470458984375
157.37161254882812 359.45263671875
334.17462158203125 411.8871154785156
60.0 450.0
60.00000762939453 450.0
17.573604583740234 407.57354736328125
60.0 450.0
17.573604583740234 407.57354736328125
17.764995574951172 417.6149597167969
31.139795303344727 379.3132629394531
157.40078735351562 455.2419738769531
17.573604583740234 407.57354736328125
60.0 450.0
60.0 450.0
190.10777282714844 580.1077880859375
190.14544677734375 580.05419921875
29.828697204589844 579.2052612304688
100.92897033691406 495.89892578125
60.0 450.0
17.573604583740234 407.57354736328125
60.00000762939453 450.0
60.0 450.0
60.0 450.0
190.10777282714844 580.1077880859375
60.0 450.0
334.17462158203125 411.8871154785156
17.573604583740234 407.57354736328125
190.10777282714844 580.1077880859375
328.47503662109375 411.55078125
334.17462158203125 411.8871154785156
17.573604583740234 407.57354736328125
97.9892349243164 488.49212646484375
60.0 450.0
87.96542358398438 451.202392578125
59.99982833862305 450.0002746582031
60.0 450.0
190.10777282714844 580.1077880859375
17.573604583740234 407.57354736328125
18.782817840576172 465.4828796386719
18.77903175354004 465.1112365722656
72.62334442138672 458.85711669921875
162.01242065429688 579.4833984375
326.7267150878906 410.50531005859375
17.433914184570312 270.693603515625
157.40078735351562 455.2419738769531
59.99998474121094 450.0
59.99998474121094 450.0
60.0 450.0
66.8604736328125 464.4535827636719
60.000003814697266 450.0
190.10777282714844 580.1077880859375
190.10777282714844 580.1077880859375
17.764995574951172 417.6149597167969
190.1171112060547 580.0949096679688
186.9952392578125 504.3267517089844
84.66471099853516 460.49066162109375
17.573604583740234 407.57354736328125
60.0 450.0
190.10777282714844 580.1077880859375
190.10777282714844 580.1077880859375
60.0 450.0
190.10777282714844 580.1077880859375
60.0 450.0
60.0 450.0
190.10777282714844 580.1077880859375
326.7267150878906 410.50531005859375
60.0 450.0
59.99982833862305 450.0002746582031
60.03048324584961 449.98858642578125
190.10861206054688 580.1061401367188
57.93849182128906 394.987548828125
185.47901916503906 578.8010864257812
64.3246841430664 451.65093994140625
17.5734806060791 407.5738220214844
60.0 450.0
17.573604583740234 407.57354736328125
95.247802734375 482.22454833984375
190.10800170898438 580.1079711914062
22.22964859008789 578.4398803710938
16.616579055786133 483.1380920410156
190.10777282714844 580.1077880859375
17.57412338256836 407.5733337402344
60.0 450.0
87.3858642578125 433.62945556640625
17.573604583740234 407.57354736328125
60.0 450.0
190.10777282714844 580.1077880859375
31.139785766601562 379.3132629394531
190.10707092285156 580.1077880859375
337.5210876464844 412.9835510253906
334.17462158203125 411.8871154785156
60.0 450.0
17.573604583740234 407.57354736328125
58.73818588256836 451.977783203125
17.573604583740234 407.57354736328125
60.0 450.0
17.573604583740234 407.57354736328125
30.762601852416992 379.2154541015625
16.677566528320312 315.346435546875
17.573604583740234 407.57354736328125
60.0 450.0
17.573604583740234 407.57354736328125
16.521825790405273 282.2625427246094
272.9126892089844 464.27276611328125
60.0 450.0
16.677566528320312 315.346435546875
61.926517486572266 318.0140380859375
17.574831008911133 407.5729675292969
17.588991165161133 407.5716857910156
17.14908218383789 414.551025390625
61.926517486572266 318.0140380859375
17.573604583740234 407.57354736328125
90.993896484375 376.68524169921875
17.764995574951172 417.6149597167969
18.78299331665039 414.3193359375
31.139785766601562 379.3132629394531
17.573604583740234 407.57354736328125
90.08320617675781 376.4137878417969
17.573604583740234 407.57354736328125
17.573604583740234 407.57354736328125
17.5709228515625 407.5789489746094
17.764995574951172 417.6149597167969
17.57695770263672 407.5718994140625
69.78069305419922 443.05230712890625
17.573604583740234 407.57354736328125
60.0 450.0
57.93849182128906 394.987548828125
17.573604583740234 407.57354736328125
190.0912322998047 580.1185913085938
59.65824508666992 449.7414855957031
17.5709228515625 407.5789489746094
17.573604583740234 407.57354736328125
17.573604583740234 407.57354736328125
19.144874572753906 413.3394470214844
17.573604583740234 407.57354736328125
17.573604583740234 407.57354736328125
17.573604583740234 407.57354736328125
17.573604583740234 407.57354736328125
17.573604583740234 407.57354736328125
17.573604583740234 407.57354736328125
34.620208740234375 393.51953125
60.00001525878906 450.0000305175781
17.573604583740234 407.57354736328125
17.573604583740234 407.57354736328125
61.926517486572266 318.0140380859375
17.573604583740234 407.57354736328125
17.573604583740234 407.57354736328125
17.573604583740234 407.57354736328125
17.573604583740234 407.57354736328125
17.573604583740234 407.57354736328125
17.573604583740234 407.57354736328125
17.5734806060791 407.5738220214844
60.0 450.0
17.5734806060791 407.5738220214844
57.93849182128906 394.987548828125
17.573604583740234 407.57354736328125
17.573604583740234 407.57354736328125
31.139795303344727 379.3132629394531
17.573604583740234 407.57354736328125
60.0 450.0
17.573604583740234 407.57354736328125
60.0 450.0
16.677566528320312 315.346435546875
31.139795303344727 379.3132629394531
60.0 450.0
61.926517486572266 318.0140380859375
17.58368682861328 407.56854248046875
60.0 450.0
190.09823608398438 580.1036987304688
250.51414489746094 406.83056640625
61.927425384521484 318.01409912109375
57.93849182128906 394.987548828125
61.926517486572266 318.0140380859375
17.573604583740234 407.57354736328125
17.573604583740234 407.57354736328125
17.573604583740234 407.57354736328125
17.573604583740234 407.57354736328125
17.573604583740234 407.57354736328125
18.00475311279297 407.3609313964844
60.00220489501953 449.9964599609375
17.20433807373047 408.3296203613281
17.573604583740234 407.57354736328125
60.00185012817383 449.99700927734375
17.573604583740234 407.57354736328125
85.29846954345703 454.5697937011719
273.651123046875 378.2737121582031
17.57850456237793 407.5711364746094
17.573604583740234 407.57354736328125
17.573604583740234 407.57354736328125
60.0 450.0
17.573604583740234 407.57354736328125
17.573604583740234 407.57354736328125
60.0 450.0
17.573604583740234 407.57354736328125
17.574350357055664 407.57318115234375
17.573604583740234 407.57354736328125
17.573604583740234 407.57354736328125
17.573604583740234 407.57354736328125
19.051542282104492 367.47454833984375
17.764995574951172 417.6149597167969
17.573604583740234 407.57354736328125
60.0 450.0
60.00019073486328 449.9996337890625
16.865570068359375 421.9798583984375
86.82017517089844 455.85479736328125
17.166717529296875 290.9865417480469
17.573604583740234 407.57354736328125
17.57316780090332 407.574462890625
61.926517486572266 318.0140380859375
17.573604583740234 407.57354736328125
17.573604583740234 407.57354736328125
69.7811050415039 443.0531311035156
17.573604583740234 407.57354736328125
17.573604583740234 407.57354736328125
17.573604583740234 407.57354736328125
17.573604583740234 407.57354736328125
17.573604583740234 407.57354736328125
17.573604583740234 407.57354736328125
60.0 450.0
17.573604583740234 407.57354736328125
60.0 450.0
17.572734832763672 407.5753479003906
60.0 450.0
17.573604583740234 407.57354736328125
17.579391479492188 407.5707092285156
17.573604583740234 407.57354736328125
60.0 450.0
17.573604583740234 407.57354736328125
60.0 450.0
17.573604583740234 407.57354736328125
60.0 450.0
17.529634475708008 407.6617736816406
17.5709228515625 407.5789489746094
89.26313018798828 482.8582458496094
17.573604583740234 407.57354736328125
17.529634475708008 407.6617736816406
16.527019500732422 499.251220703125
87.76216125488281 381.9894714355469
17.573604583740234 407.57354736328125
17.573604583740234 407.57354736328125
18.384319305419922 407.1783142089844
72.89019775390625 420.7108459472656
17.57052230834961 407.5797424316406
17.573604583740234 407.57354736328125
60.0 450.0
60.0 450.0
95.12873840332031 431.5335388183594
136.55360412597656 428.3359680175781
31.139795303344727 379.3132629394531
60.0 450.0
17.573604583740234 407.57354736328125
17.58368682861328 407.56854248046875
17.573604583740234 407.57354736328125
17.573604583740234 407.57354736328125
60.0 450.0
17.573604583740234 407.57354736328125
17.573604583740234 407.57354736328125
16.804996490478516 449.91754150390625
60.0 450.0
17.573604583740234 407.57354736328125
17.573604583740234 407.57354736328125
17.573604583740234 407.57354736328125
87.3858642578125 433.62945556640625
16.970685958862305 408.827392578125
17.573604583740234 407.57354736328125
191.35838317871094 578.6329956054688
17.573604583740234 407.57354736328125
17.573604583740234 407.57354736328125
69.78067779541016 443.05267333984375
17.573604583740234 407.57354736328125
61.926517486572266 318.0140380859375
192.8649444580078 347.9078369140625
273.0099792480469 376.5923156738281
17.573604583740234 407.57354736328125
31.139795303344727 379.3132629394531
60.0 450.0
17.573604583740234 407.57354736328125
16.983707427978516 498.09014892578125
17.573604583740234 407.57354736328125
190.01524353027344 580.1818237304688
17.573570251464844 407.57354736328125
32.1124267578125 379.91363525390625
17.573604583740234 407.57354736328125
60.000022888183594 450.0
17.573604583740234 407.57354736328125
17.573604583740234 407.57354736328125
17.764995574951172 417.6149597167969
60.0 450.0
61.926517486572266 318.0140380859375
57.002235412597656 401.7366638183594
31.187660217285156 379.3418884277344
17.573604583740234 407.57354736328125
17.573604583740234 407.57354736328125
17.573604583740234 407.57354736328125
17.573604583740234 407.57354736328125
60.0 450.0
17.764995574951172 417.6149597167969
31.139785766601562 379.3132629394531
31.139785766601562 379.3132629394531
17.166717529296875 290.9865417480469
60.0 450.0
60.0 450.0
17.573604583740234 407.57354736328125
16.677566528320312 315.346435546875
17.193208694458008 443.446044921875
17.125207901000977 408.49639892578125
17.573604583740234 407.57354736328125
193.324462890625 350.027099609375
190.10777282714844 580.1077880859375
17.588991165161133 407.5716857910156
17.573604583740234 407.57354736328125
17.573604583740234 407.57354736328125
17.573604583740234 407.57354736328125
17.573604583740234 407.57354736328125
17.573604583740234 407.57354736328125
57.89548110961914 402.0543518066406
17.58368682861328 407.56854248046875
17.573604583740234 407.57354736328125
17.573604583740234 407.57354736328125
32.1112174987793 379.9224548339844
17.573701858520508 407.57354736328125
61.926517486572266 318.0140380859375
17.166717529296875 290.9865417480469
59.99999237060547 450.0
17.573604583740234 407.57354736328125
16.80122947692871 433.2315979003906
16.521825790405273 282.2625427246094
42.1885871887207 401.8480224609375
17.56635856628418 407.5881042480469
17.579391479492188 407.5707092285156
17.573604583740234 407.57354736328125
61.927425384521484 318.01409912109375
17.959774017333984 416.9023132324219
17.573604583740234 407.57354736328125
17.573604583740234 407.57354736328125
17.573604583740234 407.57354736328125
17.573604583740234 407.57354736328125
35.59904479980469 377.7437438964844
61.926517486572266 318.0140380859375
16.677566528320312 315.346435546875
60.0 450.0
17.573604583740234 407.57354736328125
33.31975555419922 377.1107177734375
17.573692321777344 407.57354736328125
57.93860626220703 394.9848937988281
17.573604583740234 407.57354736328125
69.52628326416016 327.65142822265625
57.89934539794922 402.04827880859375
60.0 450.0
17.573604583740234 407.57354736328125
17.573604583740234 407.57354736328125
16.677566528320312 315.346435546875
31.139785766601562 379.3132629394531
201.96676635742188 578.3064575195312
17.573604583740234 407.57354736328125
17.57361602783203 407.57354736328125
19.780982971191406 449.33026123046875
17.573604583740234 407.57354736328125
32.128475189208984 379.88818359375
17.573604583740234 407.57354736328125
17.573604583740234 407.57354736328125
16.677566528320312 315.346435546875
61.926517486572266 318.0140380859375
61.926517486572266 318.0140380859375
57.002235412597656 401.7366638183594
16.677566528320312 315.346435546875
31.139795303344727 379.3132629394531
17.573604583740234 407.57354736328125
57.55864715576172 394.9986877441406
57.8414306640625 394.74456787109375
17.573604583740234 407.57354736328125
17.573604583740234 407.57354736328125
17.517284393310547 298.9788513183594
17.573604583740234 407.57354736328125
190.10638427734375 580.109619140625
17.573604583740234 407.57354736328125
17.573604583740234 407.57354736328125
17.721044540405273 407.5218200683594
31.139795303344727 379.3132629394531
17.573604583740234 407.57354736328125
17.573604583740234 407.57354736328125
36.45355987548828 377.2798156738281
17.573604583740234 407.57354736328125
17.573604583740234 407.57354736328125
95.51527404785156 387.1552734375
17.574350357055664 407.57318115234375
17.573604583740234 407.57354736328125
17.573604583740234 407.57354736328125
17.573604583740234 407.57354736328125
17.573604583740234 407.57354736328125
17.573604583740234 407.57354736328125
17.573604583740234 407.57354736328125
17.573604583740234 407.57354736328125
17.573644638061523 407.57354736328125
59.999759674072266 450.0003967285156
60.0 450.0
34.62021255493164 393.51953125
16.677566528320312 315.346435546875
17.573604583740234 407.57354736328125
17.588991165161133 407.5716857910156
61.926517486572266 318.0140380859375
17.573692321777344 407.57354736328125
95.51527404785156 387.1552734375
31.139785766601562 379.3132629394531
17.573604583740234 407.57354736328125
57.93849182128906 394.987548828125
30.762601852416992 379.2154541015625
61.926517486572266 318.0140380859375
17.573604583740234 407.57354736328125
17.573604583740234 407.57354736328125
27.475751876831055 274.14727783203125
17.573604583740234 407.57354736328125
101.90419006347656 496.9608154296875
60.0 450.0
31.090957641601562 379.5609436035156
31.193437576293945 379.3457946777344
17.573604583740234 407.57354736328125
34.620208740234375 393.51953125
61.926517486572266 318.0140380859375
57.93849182128906 394.987548828125
87.76216125488281 381.9894714355469
61.926517486572266 318.0140380859375
57.93849182128906 394.987548828125
17.573692321777344 407.57354736328125
17.573604583740234 407.57354736328125
74.80049896240234 456.6070556640625
16.763668060302734 343.2513122558594
109.6030502319336 496.349365234375
17.574831008911133 407.5729675292969
173.30303955078125 475.0553894042969
17.574831008911133 407.5729675292969
17.573604583740234 407.57354736328125
17.573604583740234 407.57354736328125
17.573604583740234 407.57354736328125
190.10777282714844 580.1077880859375
60.000247955322266 450.00018310546875
17.573604583740234 407.57354736328125
17.573604583740234 407.57354736328125
61.926780700683594 318.0140380859375
17.7672119140625 407.4774475097656
17.573604583740234 407.57354736328125
60.0 450.0
17.573604583740234 407.57354736328125
61.926517486572266 318.0140380859375
57.93849182128906 394.987548828125
17.57695770263672 407.5718994140625
57.93849182128906 394.987548828125
60.10704040527344 480.0069580078125
61.926517486572266 318.0140380859375
17.573604583740234 407.57354736328125
17.573604583740234 407.57354736328125
17.573604583740234 407.57354736328125
17.573604583740234 407.57354736328125
61.926517486572266 318.0140380859375
18.384319305419922 407.1783142089844
17.573604583740234 407.57354736328125
60.0 450.0
61.968971252441406 318.02099609375
16.677566528320312 315.346435546875
17.573604583740234 407.57354736328125
31.139795303344727 379.3132629394531
17.573604583740234 407.57354736328125
17.573604583740234 407.57354736328125
17.573604583740234 407.57354736328125
17.573604583740234 407.57354736328125
17.573604583740234 407.57354736328125
17.573604583740234 407.57354736328125
17.573604583740234 407.57354736328125
95.51527404785156 387.1552734375
17.573604583740234 407.57354736328125
19.070167541503906 367.44439697265625
90.993896484375 376.68524169921875
32.1124267578125 379.91363525390625
17.573604583740234 407.57354736328125
58.32926559448242 394.7411804199219
17.58368682861328 407.56854248046875
17.573604583740234 407.57354736328125
17.573604583740234 407.57354736328125
31.139785766601562 379.3132629394531
17.433914184570312 270.693603515625
17.58368682861328 407.56854248046875
63.50859069824219 529.9277954101562
57.53263473510742 390.4934387207031
17.573604583740234 407.57354736328125
17.573604583740234 407.57354736328125
17.58792495727539 407.5664367675781
17.105098724365234 369.4887390136719
17.573604583740234 407.57354736328125
17.600675582885742 407.56005859375
30.693809509277344 379.0481262207031
16.521825790405273 282.2625427246094
76.17111206054688 409.3890075683594
31.139785766601562 379.3132629394531
31.139795303344727 379.3132629394531
61.926517486572266 318.0140380859375
16.58559799194336 428.0545349121094
31.139795303344727 379.3132629394531
36.178401947021484 376.89324951171875
61.926517486572266 318.0140380859375
61.927425384521484 318.01409912109375
32.1124267578125 379.91363525390625
32.1112174987793 379.9224548339844
74.97484588623047 579.6328125
178.728515625 578.7586669921875
61.926517486572266 318.0140380859375
31.139785766601562 379.3132629394531
60.0 450.0
190.646240234375 343.0887145996094
61.927425384521484 318.01409912109375
60.0 450.0
31.139785766601562 379.3132629394531
61.91280746459961 318.01312255859375
87.72392272949219 381.9577331542969
31.139795303344727 379.3132629394531
61.926517486572266 318.0140380859375
18.044750213623047 310.96661376953125
17.308561325073242 466.9939270019531
87.79120635986328 382.01080322265625
61.926517486572266 318.0140380859375
32.19429016113281 378.5904846191406
60.0 450.0
16.677566528320312 315.346435546875
17.573604583740234 407.57354736328125
16.677566528320312 315.346435546875
31.193437576293945 379.3457946777344
67.84303283691406 434.9674377441406
37.668670654296875 374.79376220703125
17.573604583740234 407.57354736328125
18.492216110229492 480.9188232421875
61.926517486572266 318.0140380859375
69.20625305175781 432.8768005371094
59.985076904296875 450.0275573730469
16.677566528320312 315.346435546875
31.139795303344727 379.3132629394531
61.926517486572266 318.0140380859375
17.68658447265625 407.5173034667969
31.139795303344727 379.3132629394531
61.927425384521484 318.01409912109375
31.139795303344727 379.3132629394531
61.926517486572266 318.0140380859375
61.926517486572266 318.0140380859375
31.139795303344727 379.3132629394531
61.927425384521484 318.01409912109375
61.926517486572266 318.0140380859375
85.8002700805664 493.30596923828125
16.677566528320312 315.346435546875
61.927425384521484 318.01409912109375
60.0 450.0
90.99298095703125 376.6862487792969
61.926780700683594 318.0140380859375
31.139795303344727 379.3132629394531
31.139785766601562 379.3132629394531
18.828855514526367 406.97003173828125
86.55461120605469 374.7206115722656
61.926517486572266 318.0140380859375
191.8970947265625 577.8333740234375
77.76112365722656 456.59857177734375
95.51527404785156 387.1552734375
95.51527404785156 387.1552734375
40.78484344482422 396.7801208496094
17.517284393310547 298.9788513183594
90.993896484375 376.68524169921875
16.677566528320312 315.346435546875
16.677566528320312 315.346435546875
61.926517486572266 318.0140380859375
190.10777282714844 580.1077880859375
61.926517486572266 318.0140380859375
16.521825790405273 282.2625427246094
18.99220085144043 406.8949279785156
61.926517486572266 318.0140380859375
61.926517486572266 318.0140380859375
61.926517486572266 318.0140380859375
32.112701416015625 379.9135437011719
17.105098724365234 369.4887390136719
31.139795303344727 379.3132629394531
311.17669677734375 402.42059326171875
31.187660217285156 379.3418884277344
17.16697883605957 290.9865417480469
31.100793838500977 379.58880615234375
61.926517486572266 318.0140380859375
17.948955535888672 407.3880615234375
17.742897033691406 407.4893493652344
61.927425384521484 318.01409912109375
16.677566528320312 315.346435546875
17.105098724365234 369.4887390136719
69.52628326416016 327.65142822265625
60.0 450.0
17.57564353942871 407.5726013183594
16.611557006835938 403.8184814453125
35.9114875793457 374.80975341796875
16.677566528320312 315.346435546875
69.52628326416016 327.65142822265625
190.10777282714844 580.1077880859375
17.573604583740234 407.57354736328125
17.605998992919922 438.1346435546875
16.677566528320312 315.346435546875
32.3226318359375 381.2859191894531
16.677566528320312 315.346435546875
31.139785766601562 379.3132629394531
61.926517486572266 318.0140380859375
61.926517486572266 318.0140380859375
61.926517486572266 318.0140380859375
16.677566528320312 315.346435546875
190.10072326660156 580.1132202148438
16.946653366088867 402.1925048828125
88.67284393310547 433.514892578125
33.27681350708008 377.0711975097656
61.926517486572266 318.0140380859375
35.59977722167969 377.7477111816406
59.77726364135742 449.7955322265625
16.677566528320312 315.346435546875
31.13888168334961 379.31402587890625
31.139795303344727 379.3132629394531
61.926517486572266 318.0140380859375
31.094545364379883 379.2857971191406
73.43701934814453 330.9998474121094
59.28143310546875 316.3650817871094
79.69580841064453 420.7159729003906
17.573604583740234 407.57354736328125
17.573543548583984 407.57354736328125
17.355560302734375 289.1382141113281
31.139795303344727 379.3132629394531
61.926517486572266 318.0140380859375
61.926517486572266 318.0140380859375
16.677566528320312 315.346435546875
16.677566528320312 315.346435546875
17.573604583740234 407.57354736328125
61.926517486572266 318.0140380859375
31.192502975463867 379.3465576171875
17.355560302734375 289.1382141113281
17.062053680419922 359.68780517578125
31.139795303344727 379.3132629394531
61.926517486572266 318.0140380859375
16.677566528320312 315.346435546875
61.926517486572266 318.0140380859375
16.677566528320312 315.346435546875
60.0 450.0
31.661836624145508 393.392822265625
87.76216125488281 381.9894714355469
61.927425384521484 318.01409912109375
72.57546997070312 336.3898010253906
31.139785766601562 379.3132629394531
60.00001907348633 450.0
61.926517486572266 318.0140380859375
78.73666381835938 341.7139587402344
61.926517486572266 318.0140380859375
18.880624771118164 465.54693603515625
60.0 450.0
193.33856201171875 342.3939208984375
16.677566528320312 315.346435546875
57.67265319824219 447.8375549316406
60.00135040283203 449.9969177246094
19.070167541503906 367.44439697265625
31.139795303344727 379.3132629394531
18.24740982055664 407.24371337890625
18.072792053222656 576.2258911132812
17.517284393310547 298.9788513183594
17.573593139648438 407.57354736328125
17.573604583740234 407.57354736328125
30.20223045349121 387.89239501953125
31.139785766601562 379.3132629394531
17.465667724609375 262.639892578125
17.651531219482422 407.5346374511719
17.573604583740234 407.57354736328125
36.863956451416016 391.3503723144531
61.926517486572266 318.0140380859375
16.677566528320312 315.346435546875
17.576656341552734 407.572021484375
32.77325439453125 376.9864501953125
87.76216125488281 381.9894714355469
61.926517486572266 318.0140380859375
16.677566528320312 315.346435546875
87.76216125488281 381.9894714355469
87.76216125488281 381.9894714355469
157.2636260986328 434.2990417480469
61.927425384521484 318.01409912109375
38.235111236572266 380.2634582519531
60.0 450.0
61.926517486572266 318.0140380859375
16.677566528320312 315.346435546875
31.139795303344727 379.3132629394531
31.139785766601562 379.3132629394531
16.720703125 548.9249877929688
124.65872955322266 459.1407775878906
16.677566528320312 315.346435546875
60.0 450.0
90.08320617675781 376.4137878417969
77.84928894042969 338.0096740722656
17.166717529296875 290.9865417480469
17.166717529296875 290.9865417480469
36.42287063598633 377.3119812011719
61.926517486572266 318.0140380859375
77.04727172851562 521.0430297851562
61.926517486572266 318.0140380859375
61.926517486572266 318.0140380859375
16.785930633544922 377.82501220703125
60.0 450.0
61.926517486572266 318.0140380859375
61.926517486572266 318.0140380859375
61.926517486572266 318.0140380859375
61.926517486572266 318.0140380859375
61.926517486572266 318.0140380859375
61.87321853637695 318.0094909667969
61.927425384521484 318.01409912109375
61.926517486572266 318.0140380859375
61.926517486572266 318.0140380859375
17.573604583740234 407.57354736328125
17.517284393310547 298.9788513183594
61.926517486572266 318.0140380859375
61.926517486572266 318.0140380859375
61.926517486572266 318.0140380859375
61.926517486572266 318.0140380859375
60.19548034667969 466.8992919921875
17.355560302734375 289.1382141113281
61.926517486572266 318.0140380859375
61.86648941040039 318.009033203125
61.926910400390625 318.01409912109375
61.926517486572266 318.0140380859375
61.926517486572266 318.0140380859375
61.926517486572266 318.0140380859375
18.761795043945312 465.34283447265625
60.0 450.0
61.926517486572266 318.0140380859375
61.926517486572266 318.0140380859375
17.166717529296875 290.9865417480469
61.919532775878906 318.0135803222656
17.443281173706055 407.8363342285156
18.104555130004883 274.5915832519531
16.521825790405273 282.2625427246094
17.596660614013672 407.5621032714844
61.926517486572266 318.0140380859375
61.926517486572266 318.0140380859375
150.74246215820312 524.813720703125
61.92729949951172 318.01409912109375
61.926517486572266 318.0140380859375
61.926517486572266 318.0140380859375
17.062053680419922 359.68780517578125
16.677566528320312 315.346435546875
61.927425384521484 318.01409912109375
61.926517486572266 318.0140380859375
60.0 450.0
61.926517486572266 318.0140380859375
61.924835205078125 318.013916015625
60.0 450.0
61.968971252441406 318.02099609375
61.926517486572266 318.0140380859375
191.33749389648438 457.9881286621094
61.926517486572266 318.0140380859375
17.355560302734375 289.1382141113281
17.166717529296875 290.9865417480469
17.168914794921875 290.98583984375
61.92535400390625 318.01397705078125
61.927425384521484 318.01409912109375
61.926517486572266 318.0140380859375
61.927425384521484 318.01409912109375
61.926517486572266 318.0140380859375
60.0 450.0
61.92626190185547 318.0140380859375
61.926517486572266 318.0140380859375
60.001609802246094 449.9953918457031
61.92496871948242 318.0139465332031
61.926517486572266 318.0140380859375
17.166717529296875 290.9865417480469
61.926517486572266 318.0140380859375
17.355560302734375 289.1382141113281
60.0 450.0
61.926517486572266 318.0140380859375
61.926517486572266 318.0140380859375
61.926517486572266 318.0140380859375
61.926517486572266 318.0140380859375
16.521825790405273 282.2625427246094
61.926517486572266 318.0140380859375
61.926517486572266 318.0140380859375
61.926517486572266 318.0140380859375
61.926517486572266 318.0140380859375
78.71009063720703 415.221923828125
17.465667724609375 262.639892578125
61.927425384521484 318.01409912109375
61.926517486572266 318.0140380859375
17.573604583740234 407.57354736328125
61.926517486572266 318.0140380859375
61.926517486572266 318.0140380859375
61.926517486572266 318.0140380859375
61.926517486572266 318.0140380859375
16.677566528320312 315.346435546875
61.927425384521484 318.01409912109375
17.16745376586914 290.9863586425781
61.926517486572266 318.0140380859375
61.926517486572266 318.0140380859375
60.0 450.0
61.926517486572266 318.0140380859375
61.926517486572266 318.0140380859375
16.521825790405273 282.2625427246094
61.926517486572266 318.0140380859375
61.926517486572266 318.0140380859375
61.926517486572266 318.0140380859375
61.926517486572266 318.0140380859375
72.62159729003906 332.3818054199219
61.927425384521484 318.01409912109375
61.927425384521484 318.01409912109375
61.926517486572266 318.0140380859375
61.926517486572266 318.0140380859375
61.926517486572266 318.0140380859375
56.67142105102539 374.07305908203125
59.28143310546875 316.3650817871094
61.926517486572266 318.0140380859375
61.926517486572266 318.0140380859375
61.926517486572266 318.0140380859375
61.926517486572266 318.0140380859375
61.926517486572266 318.0140380859375
16.677566528320312 315.346435546875
17.516849517822266 298.9789123535156
190.10777282714844 580.1077880859375
61.926517486572266 318.0140380859375
61.92703628540039 318.01409912109375
61.927425384521484 318.01409912109375
61.926517486572266 318.0140380859375
61.926517486572266 318.0140380859375
16.89122772216797 270.2941589355469
156.58074951171875 558.3369750976562
61.92729568481445 318.01409912109375
61.926517486572266 318.0140380859375
61.926517486572266 318.0140380859375
60.00000762939453 450.0
16.521825790405273 282.2625427246094
113.80867004394531 577.6226196289062
61.926517486572266 318.0140380859375
61.926517486572266 318.0140380859375
17.517284393310547 298.9788513183594
61.54365921020508 317.9835510253906
18.044750213623047 310.96661376953125
183.64320373535156 465.8419494628906
61.926517486572266 318.0140380859375
61.926517486572266 318.0140380859375
219.68345642089844 348.7655944824219
56.7822380065918 457.2117614746094
55.360321044921875 431.23638916015625
61.927425384521484 318.01409912109375
61.926517486572266 318.0140380859375
17.166717529296875 290.9865417480469
60.0 450.0
19.70477294921875 432.518798828125
61.926780700683594 318.0140380859375
17.365535736083984 565.4861450195312
16.786327362060547 579.8514404296875
61.927425384521484 318.01409912109375
17.518178939819336 298.9782409667969
61.926517486572266 318.0140380859375
54.866859436035156 311.1877136230469
16.677566528320312 315.346435546875
17.433914184570312 270.693603515625
76.11249542236328 413.38970947265625
74.49745178222656 417.04638671875
16.521825790405273 282.2625427246094
31.590068817138672 579.20947265625
61.927425384521484 318.01409912109375
61.926517486572266 318.0140380859375
61.926517486572266 318.0140380859375
61.926517486572266 318.0140380859375
61.92729949951172 318.01409912109375
60.0854606628418 450.0294494628906
61.926517486572266 318.0140380859375
61.926517486572266 318.0140380859375
61.926517486572266 318.0140380859375
61.92716979980469 318.01409912109375
17.465667724609375 262.639892578125
17.517284393310547 298.9788513183594
16.677566528320312 315.346435546875
61.927425384521484 318.01409912109375
16.87226104736328 279.7917785644531
61.926517486572266 318.0140380859375
183.53016662597656 580.0052490234375
61.927425384521484 318.01409912109375
59.28143310546875 316.3650817871094
61.926517486572266 318.0140380859375
61.926517486572266 318.0140380859375
61.926517486572266 318.0140380859375
61.926517486572266 318.0140380859375
61.926517486572266 318.0140380859375
17.935871124267578 444.8201599121094
16.677566528320312 315.346435546875
17.692590713500977 302.9750061035156
17.465667724609375 262.639892578125
61.926387786865234 318.0140380859375
61.926517486572266 318.0140380859375
61.968971252441406 318.02099609375
72.62289428710938 332.3824768066406
61.926517486572266 318.0140380859375
16.677566528320312 315.346435546875
61.926517486572266 318.0140380859375
17.16697883605957 290.9865417480469
60.0 450.0
61.926517486572266 318.0140380859375
61.926517486572266 318.0140380859375
61.926517486572266 318.0140380859375
61.968971252441406 318.02099609375
61.926517486572266 318.0140380859375
61.926517486572266 318.0140380859375
61.926517486572266 318.0140380859375
16.803739547729492 270.86407470703125
60.0 450.0
60.0 450.0
17.166717529296875 290.9865417480469
61.86648941040039 318.009033203125
61.92367172241211 318.01385498046875
17.518178939819336 298.9782409667969
16.521825790405273 282.2625427246094
17.517284393310547 298.9788513183594
17.355560302734375 289.1382141113281
18.104555130004883 274.5915832519531
61.919532775878906 318.0135803222656
61.927425384521484 318.01409912109375
61.926517486572266 318.0140380859375
61.83854293823242 318.0071716308594
17.355558395385742 289.13824462890625
17.465667724609375 262.639892578125
61.926517486572266 318.0140380859375
20.036592483520508 448.2657775878906
190.10777282714844 580.1077880859375
61.926517486572266 318.0140380859375
17.355560302734375 289.1382141113281
61.926517486572266 318.0140380859375
63.89653778076172 395.1000671386719
18.104555130004883 274.5915832519531
61.92496871948242 318.0139465332031
17.433914184570312 270.693603515625
17.517284393310547 298.9788513183594
61.92626190185547 318.0140380859375
61.9218635559082 318.0137023925781
16.521825790405273 282.2625427246094
17.43389320373535 270.693603515625
190.10777282714844 580.1077880859375
190.04849243164062 580.1551513671875
16.87226104736328 279.7917785644531
17.166717529296875 290.9865417480469
61.926517486572266 318.0140380859375
61.926517486572266 318.0140380859375
17.355560302734375 289.1382141113281
157.13067626953125 450.2096252441406
61.926517486572266 318.0140380859375
60.0 450.0
61.927425384521484 318.01409912109375
17.433914184570312 270.693603515625
16.936540603637695 273.5440673828125
61.926387786865234 318.0140380859375
61.926517486572266 318.0140380859375
17.517288208007812 298.9788513183594
17.573604583740234 407.57354736328125
17.518383026123047 298.978271484375
61.926517486572266 318.0140380859375
16.87226104736328 279.7917785644531
17.517284393310547 298.9788513183594
17.166717529296875 290.9865417480469
17.355945587158203 289.135498046875
61.926517486572266 318.0140380859375
16.521825790405273 282.2625427246094
60.0 450.0
17.573604583740234 407.57354736328125
190.10777282714844 580.1077880859375
156.86839294433594 428.8124084472656
17.516849517822266 298.9789123535156
18.623762130737305 263.11102294921875
17.517284393310547 298.9788513183594
61.926517486572266 318.0140380859375
61.926517486572266 318.0140380859375
16.521825790405273 282.2625427246094
61.926517486572266 318.0140380859375
17.573604583740234 407.57354736328125
98.35768127441406 498.134521484375
61.926517486572266 318.0140380859375
61.926517486572266 318.0140380859375
17.573604583740234 407.57354736328125
17.465667724609375 262.639892578125
59.99998474121094 450.0
17.517284393310547 298.9788513183594
61.926517486572266 318.0140380859375
61.926517486572266 318.0140380859375
61.92535400390625 318.01397705078125
17.16596794128418 290.9869689941406
61.926517486572266 318.0140380859375
16.521825790405273 282.2625427246094
61.92496871948242 318.0139465332031
16.720104217529297 265.3537292480469
17.168210983276367 290.98583984375
49.62583541870117 355.6270751953125
17.062053680419922 359.68780517578125
17.16697883605957 290.9865417480469
187.302978515625 577.3148193359375
61.926517486572266 318.0140380859375
17.355560302734375 289.1382141113281
61.89986801147461 318.01226806640625
17.16697883605957 290.9865417480469
17.355560302734375 289.1382141113281
61.926517486572266 318.0140380859375
190.10777282714844 580.1077880859375
61.926517486572266 318.0140380859375
61.926517486572266 318.0140380859375
59.28143310546875 316.3650817871094
190.10777282714844 580.1077880859375
61.926517486572266 318.0140380859375
61.926517486572266 318.0140380859375
60.0 450.0
17.692590713500977 302.9750061035156
61.86648941040039 318.009033203125
61.926517486572266 318.0140380859375
60.0 450.0
190.10777282714844 580.1077880859375
61.86648941040039 318.009033203125
117.6167221069336 578.25732421875
17.519248962402344 298.9781494140625
61.926517486572266 318.0140380859375
59.999149322509766 450.0008239746094
17.573604583740234 407.57354736328125
16.521825790405273 282.2625427246094
17.166717529296875 290.9865417480469
61.926517486572266 318.0140380859375
54.867733001708984 311.1877746582031
18.044750213623047 310.96661376953125
61.875675201416016 318.0096435546875
61.926517486572266 318.0140380859375
67.28103637695312 578.8215942382812
17.166717529296875 290.9865417480469
61.926517486572266 318.0140380859375
19.519084930419922 420.68585205078125
16.521825790405273 282.2625427246094
18.044750213623047 310.96661376953125
61.926517486572266 318.0140380859375
16.85595703125 270.8501892089844
17.573604583740234 407.57354736328125
60.0 450.0
64.62361145019531 442.9124755859375
61.926517486572266 318.0140380859375
61.926517486572266 318.0140380859375
78.71432495117188 341.733154296875
61.926517486572266 318.0140380859375
17.517284393310547 298.9788513183594
17.166711807250977 290.9865417480469
60.0 450.0
61.926517486572266 318.0140380859375
17.518178939819336 298.9782409667969
61.926517486572266 318.0140380859375
61.926517486572266 318.0140380859375
60.00202178955078 449.99859619140625
61.926517486572266 318.0140380859375
61.926517486572266 318.0140380859375
61.926517486572266 318.0140380859375
61.926517486572266 318.0140380859375
66.4443359375 435.3541564941406
17.465919494628906 262.639892578125
61.926517486572266 318.0140380859375
61.0714111328125 313.9451599121094
61.926517486572266 318.0140380859375
17.15082550048828 290.99456787109375
61.9111213684082 318.0130310058594
17.433914184570312 270.693603515625
61.926517486572266 318.0140380859375
56.87410354614258 406.6753234863281
60.00000762939453 450.0
61.92626190185547 318.0140380859375
61.92690658569336 318.0140380859375
17.166717529296875 290.9865417480469
61.924835205078125 318.013916015625
61.926517486572266 318.0140380859375
61.91280746459961 318.01312255859375
61.926517486572266 318.0140380859375
61.87321853637695 318.0094909667969
16.521825790405273 282.2625427246094
17.524593353271484 549.3636474609375
61.926517486572266 318.0140380859375
72.89019775390625 420.7108459472656
61.924835205078125 318.013916015625
17.166717529296875 290.9865417480469
59.999996185302734 449.999755859375
111.83859252929688 494.9720458984375
16.521825790405273 282.2625427246094
58.63189697265625 490.22760009765625
17.433914184570312 270.693603515625
17.573604583740234 407.57354736328125
61.926517486572266 318.0140380859375
61.92496871948242 318.0139465332031
61.917724609375 318.0134582519531
61.927425384521484 318.01409912109375
132.16561889648438 445.960693359375
61.92198944091797 318.0137634277344
16.521825790405273 282.2625427246094
17.573593139648438 407.57354736328125
61.926517486572266 318.0140380859375
61.926517486572266 318.0140380859375
61.926517486572266 318.0140380859375
61.927425384521484 318.01409912109375
115.833251953125 503.69537353515625
61.926517486572266 318.0140380859375
17.516849517822266 298.9789123535156
61.926517486572266 318.0140380859375
18.629087448120117 407.06280517578125
17.16697883605957 290.9865417480469
61.926517486572266 318.0140380859375
17.166711807250977 290.9865417480469
27.475751876831055 274.14727783203125
