-390.0
-390.0
-390.0
-390.0
-390.0
-390.0
-386.00388495992144
-382.0078510730543
-378.01190091305557
-374.01603716351383
-370.0202626238791
-366.0245802157804
-362.028992989761
-358.0335041324636
-354.038116974302
-350.0428349976565
-346.0476618456364
-342.0526013314554
-338.05765744847065
-334.06283438094067
-330.068136515563
-326.0735684538586
-322.0791350254754
-318.0848413024926
-314.0906926148142
-310.0966945667493
-306.10285305488776
-302.10917428739054
-298.11566480482696
-298.11566480482696
-294.53201363507003
-290.9592142914401
-287.3976714893724
-283.8478089490779
-280.31040183358436
-276.7853187959261
-273.2733143642977
-269.7752277936848
-266.29133420403946
-262.82219803641215
-259.36844187259726
-255.93030066526484
-252.50906564958734
-249.10513671673988
-245.71923330779643
-242.3521107102191
-239.00421274985118
-235.67699568277635
-232.37071459359112
-229.08690544377316
-225.82592275784262
-222.58939175307125
-222.58939175307125
-222.58939175307125
-218.699671629478
-214.81400213216892
-210.93260711562854
-207.055726963809
-207.055726963809
-207.055726963809
-207.055726963809
-207.055726963809
-207.055726963809
-207.055726963809
-207.055726963809
-207.055726963809
-207.055726963809
-207.055726963809
